<?xml version="1.0" encoding="UTF-8"?>
<testsuite name="net.corda.cdmsupport.events.AllocationTestGJ" tests="1" skipped="0" failures="1" errors="0" timestamp="2019-10-14T09:42:53" hostname="DELL" time="264.957">
  <properties/>
  <testcase name="allocation" classname="net.corda.cdmsupport.events.AllocationTestGJ" time="264.957">
    <failure message="net.corda.cdmsupport.AllocatedTotalsNotMatch: Allocated quantity not match - originalTrade : 800000.00, allocated: 790000.00" type="net.corda.cdmsupport.AllocatedTotalsNotMatch">net.corda.cdmsupport.AllocatedTotalsNotMatch: Allocated quantity not match - originalTrade : 800000.00, allocated: 790000.00
	at net.corda.cdmsupport.extensions.AllocationValidationKt.validateLineageAndTotals(AllocationValidation.kt:36)
	at net.corda.cdmsupport.transactionbuilding.CdmTransactionBuilder.processAllocationPrimitive(CdmTransactionBuilder.kt:37)
	at net.corda.cdmsupport.transactionbuilding.CdmTransactionBuilder.&lt;init&gt;(CdmTransactionBuilder.kt:27)
	at com.derivhack.AllocationFlow.call(AllocationFlow.kt:42)
	at com.derivhack.AllocationFlow.call(AllocationFlow.kt:18)
	at net.corda.node.services.statemachine.FlowStateMachineImpl.run(FlowStateMachineImpl.kt:269)
	at net.corda.node.services.statemachine.FlowStateMachineImpl.run(FlowStateMachineImpl.kt:45)
	at co.paralleluniverse.fibers.Fiber.run1(Fiber.java:1092)
	at co.paralleluniverse.fibers.Fiber.exec(Fiber.java:788)
	at co.paralleluniverse.fibers.RunnableFiberTask.doExec(RunnableFiberTask.java:100)
	at co.paralleluniverse.fibers.RunnableFiberTask.run(RunnableFiberTask.java:91)
	at java.util.concurrent.Executors$RunnableAdapter.call(Executors.java:511)
	at java.util.concurrent.FutureTask.run(FutureTask.java:266)
	at java.util.concurrent.ScheduledThreadPoolExecutor$ScheduledFutureTask.access$201(ScheduledThreadPoolExecutor.java:180)
	at java.util.concurrent.ScheduledThreadPoolExecutor$ScheduledFutureTask.run(ScheduledThreadPoolExecutor.java:293)
	at java.util.concurrent.ThreadPoolExecutor.runWorker(ThreadPoolExecutor.java:1149)
	at java.util.concurrent.ThreadPoolExecutor$Worker.run(ThreadPoolExecutor.java:624)
	at net.corda.node.utilities.AffinityExecutor$ServiceAffinityExecutor$1$thread$1.run(AffinityExecutor.kt:63)
</failure>
  </testcase>
  <system-out><![CDATA[17:42:59.884 [Test worker] DEBUG net.corda.serialization.internal.amqp.AbstractAMQPSerializationScheme - scanSpec not set, not scanning for Custom Serializers
17:43:02.495 [Test worker] DEBUG net.corda.serialization.internal.amqp.CachingCustomSerializerRegistry - action="Using custom serializer", class=java.security.PublicKey, declaredType=java.security.PublicKey
17:43:02.953 [Test worker] DEBUG net.corda.serialization.internal.amqp.CachingCustomSerializerRegistry - action="Using custom serializer", class=java.time.Instant, declaredType=java.time.Instant
17:43:03.523 [Test worker] DEBUG net.corda.serialization.internal.amqp.CachingCustomSerializerRegistry - action="Using custom serializer", class=java.time.Duration, declaredType=java.time.Duration
17:43:03.581 [Test worker] DEBUG net.corda.serialization.internal.amqp.DefaultLocalSerializerFactory - class=NetworkParameters, type=class net.corda.core.node.NetworkParameters is a composite type
17:43:03.709 [Test worker] DEBUG net.corda.serialization.internal.amqp.DefaultLocalSerializerFactory - class=NotaryInfo, type=class net.corda.core.node.NotaryInfo is a composite type
17:43:03.712 [Test worker] DEBUG net.corda.serialization.internal.amqp.DefaultLocalSerializerFactory - class=Party, type=class net.corda.core.identity.Party is a composite type
17:43:03.713 [Test worker] DEBUG net.corda.serialization.internal.amqp.DefaultLocalSerializerFactory - class=CordaX500Name, type=class net.corda.core.identity.CordaX500Name is a composite type
17:43:03.733 [Test worker] DEBUG net.corda.serialization.internal.amqp.DefaultLocalSerializerFactory - class=String, type=class java.lang.String is a composite type
17:43:03.736 [Test worker] DEBUG net.corda.serialization.internal.amqp.DefaultLocalSerializerFactory - class=SecureHash, type=class net.corda.core.crypto.SecureHash is a composite type
17:43:03.785 [Test worker] DEBUG net.corda.serialization.internal.amqp.CachingCustomSerializerRegistry - action="Using custom serializer", class=net.i2p.crypto.eddsa.EdDSAPublicKey, declaredType=java.security.PublicKey
17:43:03.785 [Test worker] DEBUG net.corda.serialization.internal.amqp.DefaultLocalSerializerFactory - class=byte[], type=class [B is a composite type
17:43:03.912 [Test worker] DEBUG net.corda.serialization.internal.amqp.CachingCustomSerializerRegistry - action="Using custom serializer", class=java.security.cert.X509Certificate, declaredType=java.security.cert.X509Certificate
17:43:04.056 [Test worker] DEBUG net.corda.serialization.internal.amqp.DefaultLocalSerializerFactory - class=SignedDataWithCert, type=class net.corda.core.internal.SignedDataWithCert is a composite type
17:43:04.057 [Test worker] DEBUG net.corda.serialization.internal.amqp.DefaultLocalSerializerFactory - class=SerializedBytes, type=net.corda.core.serialization.SerializedBytes<*> is a composite type
17:43:04.057 [Test worker] DEBUG net.corda.serialization.internal.amqp.DefaultLocalSerializerFactory - class=DigitalSignatureWithCert, type=class net.corda.core.internal.DigitalSignatureWithCert is a composite type
17:43:04.058 [Test worker] DEBUG net.corda.serialization.internal.amqp.CachingCustomSerializerRegistry - action="Using custom serializer", class=sun.security.x509.X509CertImpl, declaredType=java.security.cert.X509Certificate
17:43:10.166 [Test worker] DEBUG net.corda.testing.node.internal.CustomCordapp - Unsigned Jar: D:\Arvinth\BlockChain\DerivHack-2019\GIT\cdm-corda\cdm-support\build\generated-custom-cordapps\20191014-094254.241\custom-cordapp_1_4_74971b5d-bcd5-4e00-bbd1-defbabc3845c.jar
17:43:10.167 [Test worker] DEBUG net.corda.testing.node.internal.CustomCordapp - CustomCordapp(packages=[com.derivhack], name=custom-cordapp, versionId=1, targetPlatformVersion=4, classes=[], signingInfo=null, config={}) packaged into D:\Arvinth\BlockChain\DerivHack-2019\GIT\cdm-corda\cdm-support\build\generated-custom-cordapps\20191014-094254.241\custom-cordapp_1_4_74971b5d-bcd5-4e00-bbd1-defbabc3845c.jar
17:43:11.101 [Test worker] DEBUG net.corda.testing.node.internal.CustomCordapp - Unsigned Jar: D:\Arvinth\BlockChain\DerivHack-2019\GIT\cdm-corda\cdm-support\build\generated-custom-cordapps\20191014-094254.241\custom-cordapp_1_4_7c525df2-1a28-4e99-b6db-03a3164f308d.jar
17:43:11.102 [Test worker] DEBUG net.corda.testing.node.internal.CustomCordapp - CustomCordapp(packages=[net.corda.cdmsupport], name=custom-cordapp, versionId=1, targetPlatformVersion=4, classes=[], signingInfo=null, config={}) packaged into D:\Arvinth\BlockChain\DerivHack-2019\GIT\cdm-corda\cdm-support\build\generated-custom-cordapps\20191014-094254.241\custom-cordapp_1_4_7c525df2-1a28-4e99-b6db-03a3164f308d.jar
17:43:11.586 [Test worker] INFO net.corda.node.internal.cordapp.JarScanningCordappLoader - Looking for CorDapps in [build\mock-network\20191014-094255.202\nodes\0\cordapps]
17:43:11.631 [Test worker] INFO net.corda.node.internal.cordapp.JarScanningCordappLoader - Loading CorDapps from RestrictedURL(url=file:/D:/Arvinth/BlockChain/DerivHack-2019/GIT/cdm-corda/cdm-support/build/mock-network/20191014-094255.202/nodes/0/cordapps/custom-cordapp_1_4_74971b5d-bcd5-4e00-bbd1-defbabc3845c.jar, rootPackageName=null), RestrictedURL(url=file:/D:/Arvinth/BlockChain/DerivHack-2019/GIT/cdm-corda/cdm-support/build/mock-network/20191014-094255.202/nodes/0/cordapps/custom-cordapp_1_4_7c525df2-1a28-4e99-b6db-03a3164f308d.jar, rootPackageName=null)
17:43:11.730 [Test worker] INFO net.corda.node.internal.cordapp.JarScanningCordappLoader - Scanning CorDapp in file:/D:/Arvinth/BlockChain/DerivHack-2019/GIT/cdm-corda/cdm-support/build/mock-network/20191014-094255.202/nodes/0/cordapps/custom-cordapp_1_4_74971b5d-bcd5-4e00-bbd1-defbabc3845c.jar
17:43:12.177 [Test worker] INFO net.corda.node.internal.cordapp.JarScanningCordappLoader - Scanning CorDapp in file:/D:/Arvinth/BlockChain/DerivHack-2019/GIT/cdm-corda/cdm-support/build/mock-network/20191014-094255.202/nodes/0/cordapps/custom-cordapp_1_4_7c525df2-1a28-4e99-b6db-03a3164f308d.jar
2019-10-14 17:43:17,237 Test worker WARN Unable to instantiate org.fusesource.jansi.WindowsAnsiOutputStream
2019-10-14 17:43:17,241 Test worker WARN Unable to instantiate org.fusesource.jansi.WindowsAnsiOutputStream
17:43:18.129 [Test worker] DEBUG net.corda.node.services.persistence.NodePropertiesPersistentStore - Node's flow execution mode property key: NABOB_flowsExecutionMode
17:43:18.517 [Test worker] INFO net.corda.testing.node.internal.InternalMockNetwork$MockNode - Node starting up ...
17:43:18.631 [Test worker] DEBUG net.corda.node.internal.NodeFlowManager - Installed core flow net.corda.core.flows.FinalityFlow
17:43:18.647 [Test worker] DEBUG net.corda.node.internal.NodeFlowManager - Installed core flow net.corda.core.flows.NotaryChangeFlow
17:43:18.652 [Test worker] DEBUG net.corda.node.internal.NodeFlowManager - Installed core flow net.corda.core.flows.ContractUpgradeFlow$Initiate
17:43:18.681 [Test worker] DEBUG net.corda.node.internal.NodeFlowManager - Installed core flow net.corda.confidential.SwapIdentitiesFlow
17:43:18.697 [Test worker] INFO net.corda.node.internal.NodeFlowManager - Registered com.derivhack.AffirmationFlow to initiate com.derivhack.AffirmationFlowInitiated (version 1)
17:43:18.700 [Test worker] INFO net.corda.node.internal.NodeFlowManager - Registered com.derivhack.AllocationFlow to initiate com.derivhack.AllocationFlowInitiated (version 1)
17:43:18.701 [Test worker] INFO net.corda.node.internal.NodeFlowManager - Registered com.derivhack.ConfirmationFlowGJ to initiate com.derivhack.ConfirmationFlowInitiated (version 1)
17:43:18.703 [Test worker] INFO net.corda.node.internal.NodeFlowManager - Registered com.derivhack.ConfirmationFlow to initiate com.derivhack.ConfirmationFlowResponse (version 1)
17:43:18.705 [Test worker] INFO net.corda.node.internal.NodeFlowManager - Registered com.derivhack.ExecutionFlow to initiate com.derivhack.ExecutionFlowInitiated (version 1)
17:43:18.707 [Test worker] INFO net.corda.node.internal.NodeFlowManager - Registered com.derivhack.ObserveryFlow to initiate com.derivhack.ReceiveObservableFlow (version 1)
17:43:18.708 [Test worker] INFO net.corda.node.internal.NodeFlowManager - Registered com.derivhack.SettlementFlow to initiate com.derivhack.SettlementFlowResponse (version 1)
17:43:18.710 [Test worker] INFO net.corda.node.internal.NodeFlowManager - Registered com.derivhack.TransferFlow to initiate com.derivhack.TransferResponder (version 1)
17:43:18.714 [Test worker] INFO net.corda.node.internal.NodeFlowManager - Registered net.corda.cdmsupport.testflow.TestAffirmationFlow to initiate net.corda.cdmsupport.testflow.AffirmationFlowResponder (version 1)
17:43:18.715 [Test worker] INFO net.corda.node.internal.NodeFlowManager - Registered net.corda.cdmsupport.testflow.TestObservableFlow to initiate net.corda.cdmsupport.testflow.ReceiveObservableFlow (version 1)
17:43:18.717 [Test worker] INFO net.corda.node.internal.NodeFlowManager - Registered net.corda.cdmsupport.testflow.TestFlowInitiating to initiate net.corda.cdmsupport.testflow.TestFlowInitiated (version 1)
17:43:19.102 [Test worker] INFO net.corda.testing.node.internal.InternalMockNetwork$MockNode - Loaded network parameters: NetworkParameters {
      minimumPlatformVersion=4
      notaries=[NotaryInfo(identity=O=Notary Service, L=Zurich, C=CH, validating=true)]
      maxMessageSize=10485760
      maxTransactionSize=524288000
      whitelistedContractImplementations {
        
      }
      eventHorizon=PT720H
      packageOwnership {
        
      }
      modifiedTime=2019-10-14T09:42:54.452Z
      epoch=1
  }
17:43:19.125 [Test worker] DEBUG net.corda.node.internal.DataSourceFactory - Applying H2 fix.
17:43:19.222 [Test worker] DEBUG com.zaxxer.hikari.HikariConfig - HikariPool-1 - configuration:
17:43:19.228 [Test worker] DEBUG com.zaxxer.hikari.HikariConfig - allowPoolSuspension.............false
17:43:19.229 [Test worker] DEBUG com.zaxxer.hikari.HikariConfig - autoCommit......................true
17:43:19.230 [Test worker] DEBUG com.zaxxer.hikari.HikariConfig - catalog.........................null
17:43:19.231 [Test worker] DEBUG com.zaxxer.hikari.HikariConfig - connectionInitSql...............null
17:43:19.232 [Test worker] DEBUG com.zaxxer.hikari.HikariConfig - connectionTestQuery.............null
17:43:19.233 [Test worker] DEBUG com.zaxxer.hikari.HikariConfig - connectionTimeout...............30000
17:43:19.233 [Test worker] DEBUG com.zaxxer.hikari.HikariConfig - dataSource......................null
17:43:19.234 [Test worker] DEBUG com.zaxxer.hikari.HikariConfig - dataSourceClassName............."org.h2.jdbcx.JdbcDataSource"
17:43:19.234 [Test worker] DEBUG com.zaxxer.hikari.HikariConfig - dataSourceJNDI..................null
17:43:19.236 [Test worker] DEBUG com.zaxxer.hikari.HikariConfig - dataSourceProperties............{user=sa, url=jdbc:h2:mem:node_0_net_312362915497919618_persistence;LOCK_TIMEOUT=10000;DB_CLOSE_ON_EXIT=FALSE, password=<masked>}
17:43:19.237 [Test worker] DEBUG com.zaxxer.hikari.HikariConfig - driverClassName.................null
17:43:19.238 [Test worker] DEBUG com.zaxxer.hikari.HikariConfig - healthCheckProperties...........{}
17:43:19.239 [Test worker] DEBUG com.zaxxer.hikari.HikariConfig - healthCheckRegistry.............null
17:43:19.240 [Test worker] DEBUG com.zaxxer.hikari.HikariConfig - idleTimeout.....................600000
17:43:19.241 [Test worker] DEBUG com.zaxxer.hikari.HikariConfig - initializationFailFast..........true
17:43:19.244 [Test worker] DEBUG com.zaxxer.hikari.HikariConfig - isolateInternalQueries..........false
17:43:19.245 [Test worker] DEBUG com.zaxxer.hikari.HikariConfig - jdbc4ConnectionTest.............false
17:43:19.247 [Test worker] DEBUG com.zaxxer.hikari.HikariConfig - jdbcUrl.........................null
17:43:19.248 [Test worker] DEBUG com.zaxxer.hikari.HikariConfig - leakDetectionThreshold..........0
17:43:19.248 [Test worker] DEBUG com.zaxxer.hikari.HikariConfig - maxLifetime.....................1800000
17:43:19.249 [Test worker] DEBUG com.zaxxer.hikari.HikariConfig - maximumPoolSize.................10
17:43:19.249 [Test worker] DEBUG com.zaxxer.hikari.HikariConfig - metricRegistry..................null
17:43:19.249 [Test worker] DEBUG com.zaxxer.hikari.HikariConfig - metricsTrackerFactory...........null
17:43:19.250 [Test worker] DEBUG com.zaxxer.hikari.HikariConfig - minimumIdle.....................10
17:43:19.251 [Test worker] DEBUG com.zaxxer.hikari.HikariConfig - password........................<masked>
17:43:19.251 [Test worker] DEBUG com.zaxxer.hikari.HikariConfig - poolName........................"HikariPool-1"
17:43:19.252 [Test worker] DEBUG com.zaxxer.hikari.HikariConfig - readOnly........................false
17:43:19.253 [Test worker] DEBUG com.zaxxer.hikari.HikariConfig - registerMbeans..................false
17:43:19.253 [Test worker] DEBUG com.zaxxer.hikari.HikariConfig - scheduledExecutorService........null
17:43:19.254 [Test worker] DEBUG com.zaxxer.hikari.HikariConfig - threadFactory...................null
17:43:19.254 [Test worker] DEBUG com.zaxxer.hikari.HikariConfig - transactionIsolation............null
17:43:19.254 [Test worker] DEBUG com.zaxxer.hikari.HikariConfig - username........................null
17:43:19.255 [Test worker] DEBUG com.zaxxer.hikari.HikariConfig - validationTimeout...............5000
17:43:19.258 [Test worker] INFO com.zaxxer.hikari.HikariDataSource - HikariPool-1 - Started.
17:43:20.702 [HikariPool-1 housekeeper] DEBUG com.zaxxer.hikari.pool.HikariPool - HikariPool-1 - Pool stats (total=0, active=0, idle=0, waiting=1)
17:43:20.710 [HikariPool-1 connection adder] DEBUG com.zaxxer.hikari.pool.HikariPool - HikariPool-1 - Added connection conn1: url=jdbc:h2:mem:node_0_net_312362915497919618_persistence user=SA
17:43:20.711 [HikariPool-1 connection adder] DEBUG com.zaxxer.hikari.pool.HikariPool - HikariPool-1 - Added connection conn2: url=jdbc:h2:mem:node_0_net_312362915497919618_persistence user=SA
17:43:20.712 [HikariPool-1 connection adder] DEBUG com.zaxxer.hikari.pool.HikariPool - HikariPool-1 - Added connection conn3: url=jdbc:h2:mem:node_0_net_312362915497919618_persistence user=SA
17:43:20.715 [HikariPool-1 connection adder] DEBUG com.zaxxer.hikari.pool.HikariPool - HikariPool-1 - Added connection conn4: url=jdbc:h2:mem:node_0_net_312362915497919618_persistence user=SA
17:43:20.720 [HikariPool-1 connection adder] DEBUG com.zaxxer.hikari.pool.HikariPool - HikariPool-1 - Added connection conn5: url=jdbc:h2:mem:node_0_net_312362915497919618_persistence user=SA
17:43:20.722 [HikariPool-1 connection adder] DEBUG com.zaxxer.hikari.pool.HikariPool - HikariPool-1 - Added connection conn6: url=jdbc:h2:mem:node_0_net_312362915497919618_persistence user=SA
17:43:20.723 [HikariPool-1 connection adder] DEBUG com.zaxxer.hikari.pool.HikariPool - HikariPool-1 - Added connection conn7: url=jdbc:h2:mem:node_0_net_312362915497919618_persistence user=SA
17:43:20.724 [HikariPool-1 connection adder] DEBUG com.zaxxer.hikari.pool.HikariPool - HikariPool-1 - Added connection conn8: url=jdbc:h2:mem:node_0_net_312362915497919618_persistence user=SA
17:43:20.725 [HikariPool-1 connection adder] DEBUG com.zaxxer.hikari.pool.HikariPool - HikariPool-1 - Added connection conn9: url=jdbc:h2:mem:node_0_net_312362915497919618_persistence user=SA
17:43:20.725 [HikariPool-1 connection adder] DEBUG com.zaxxer.hikari.pool.HikariPool - HikariPool-1 - Added connection conn10: url=jdbc:h2:mem:node_0_net_312362915497919618_persistence user=SA
17:43:23.342 [Test worker] DEBUG liquibase - Connected to SA@jdbc:h2:mem:node_0_net_312362915497919618_persistence
17:43:23.342 [Test worker] DEBUG liquibase - Setting auto commit to false from true
17:43:25.325 [Test worker] DEBUG liquibase - Opening jar:file:/C:/Users/user/.gradle/caches/modules-2/files-2.1/net.corda/corda-node/4.1/45583a2ad1dc5cdd2b90b4ff6d3bfe980bbba0cc/corda-node-4.1.jar!/migration/common.changelog-master.xml as migration/common.changelog-master.xml
17:43:26.617 [Test worker] DEBUG liquibase - Resolving XML entity name='null', publicId='null', baseURI='null', systemId='http://www.liquibase.org/xml/ns/dbchangelog/dbchangelog-3.5.xsd'
17:43:26.620 [Test worker] DEBUG LiquibaseSchemaResolver - Found namespace details class liquibase.parser.core.xml.StandardNamespaceDetails for http://www.liquibase.org/xml/ns/dbchangelog/dbchangelog-3.5.xsd
17:43:26.620 [Test worker] DEBUG LiquibaseSchemaResolver - Local path for http://www.liquibase.org/xml/ns/dbchangelog/dbchangelog-3.5.xsd is liquibase/parser/core/xml/dbchangelog-3.5.xsd
17:43:26.624 [Test worker] DEBUG liquibase - Opening jar:file:/C:/Users/user/.gradle/caches/modules-2/files-2.1/org.liquibase/liquibase-core/3.5.5/c65051f327382018bd09c30380f25eac96f210da/liquibase-core-3.5.5.jar!/liquibase/parser/core/xml/dbchangelog-3.5.xsd as liquibase/parser/core/xml/dbchangelog-3.5.xsd
17:43:26.625 [Test worker] DEBUG LiquibaseSchemaResolver - Successfully loaded XSD from liquibase/parser/core/xml/dbchangelog-3.5.xsd
17:43:26.740 [Test worker] DEBUG liquibase - Opening jar:file:/C:/Users/user/.gradle/caches/modules-2/files-2.1/net.corda/corda-node/4.1/45583a2ad1dc5cdd2b90b4ff6d3bfe980bbba0cc/corda-node-4.1.jar!/migration/common.changelog-init.xml as migration/common.changelog-init.xml
17:43:26.740 [Test worker] DEBUG liquibase - Resolving XML entity name='null', publicId='null', baseURI='null', systemId='http://www.liquibase.org/xml/ns/dbchangelog/dbchangelog-3.5.xsd'
17:43:26.740 [Test worker] DEBUG LiquibaseSchemaResolver - Found namespace details class liquibase.parser.core.xml.StandardNamespaceDetails for http://www.liquibase.org/xml/ns/dbchangelog/dbchangelog-3.5.xsd
17:43:26.740 [Test worker] DEBUG LiquibaseSchemaResolver - Local path for http://www.liquibase.org/xml/ns/dbchangelog/dbchangelog-3.5.xsd is liquibase/parser/core/xml/dbchangelog-3.5.xsd
17:43:26.740 [Test worker] DEBUG liquibase - Opening jar:file:/C:/Users/user/.gradle/caches/modules-2/files-2.1/org.liquibase/liquibase-core/3.5.5/c65051f327382018bd09c30380f25eac96f210da/liquibase-core-3.5.5.jar!/liquibase/parser/core/xml/dbchangelog-3.5.xsd as liquibase/parser/core/xml/dbchangelog-3.5.xsd
17:43:26.740 [Test worker] DEBUG LiquibaseSchemaResolver - Successfully loaded XSD from liquibase/parser/core/xml/dbchangelog-3.5.xsd
17:43:26.827 [Test worker] DEBUG liquibase - Opening jar:file:/C:/Users/user/.gradle/caches/modules-2/files-2.1/net.corda/corda-node/4.1/45583a2ad1dc5cdd2b90b4ff6d3bfe980bbba0cc/corda-node-4.1.jar!/migration/vault-schema.changelog-master.xml as migration/vault-schema.changelog-master.xml
17:43:26.834 [Test worker] DEBUG liquibase - Resolving XML entity name='null', publicId='null', baseURI='null', systemId='http://www.liquibase.org/xml/ns/dbchangelog/dbchangelog-3.5.xsd'
17:43:26.834 [Test worker] DEBUG LiquibaseSchemaResolver - Found namespace details class liquibase.parser.core.xml.StandardNamespaceDetails for http://www.liquibase.org/xml/ns/dbchangelog/dbchangelog-3.5.xsd
17:43:26.834 [Test worker] DEBUG LiquibaseSchemaResolver - Local path for http://www.liquibase.org/xml/ns/dbchangelog/dbchangelog-3.5.xsd is liquibase/parser/core/xml/dbchangelog-3.5.xsd
17:43:26.835 [Test worker] DEBUG liquibase - Opening jar:file:/C:/Users/user/.gradle/caches/modules-2/files-2.1/org.liquibase/liquibase-core/3.5.5/c65051f327382018bd09c30380f25eac96f210da/liquibase-core-3.5.5.jar!/liquibase/parser/core/xml/dbchangelog-3.5.xsd as liquibase/parser/core/xml/dbchangelog-3.5.xsd
17:43:26.835 [Test worker] DEBUG LiquibaseSchemaResolver - Successfully loaded XSD from liquibase/parser/core/xml/dbchangelog-3.5.xsd
17:43:26.882 [Test worker] DEBUG liquibase - Opening jar:file:/C:/Users/user/.gradle/caches/modules-2/files-2.1/net.corda/corda-node/4.1/45583a2ad1dc5cdd2b90b4ff6d3bfe980bbba0cc/corda-node-4.1.jar!/migration/vault-schema.changelog-init.xml as migration/vault-schema.changelog-init.xml
17:43:26.890 [Test worker] DEBUG liquibase - Resolving XML entity name='null', publicId='null', baseURI='null', systemId='http://www.liquibase.org/xml/ns/dbchangelog/dbchangelog-3.5.xsd'
17:43:26.890 [Test worker] DEBUG LiquibaseSchemaResolver - Found namespace details class liquibase.parser.core.xml.StandardNamespaceDetails for http://www.liquibase.org/xml/ns/dbchangelog/dbchangelog-3.5.xsd
17:43:26.890 [Test worker] DEBUG LiquibaseSchemaResolver - Local path for http://www.liquibase.org/xml/ns/dbchangelog/dbchangelog-3.5.xsd is liquibase/parser/core/xml/dbchangelog-3.5.xsd
17:43:26.893 [Test worker] DEBUG liquibase - Opening jar:file:/C:/Users/user/.gradle/caches/modules-2/files-2.1/org.liquibase/liquibase-core/3.5.5/c65051f327382018bd09c30380f25eac96f210da/liquibase-core-3.5.5.jar!/liquibase/parser/core/xml/dbchangelog-3.5.xsd as liquibase/parser/core/xml/dbchangelog-3.5.xsd
17:43:26.893 [Test worker] DEBUG LiquibaseSchemaResolver - Successfully loaded XSD from liquibase/parser/core/xml/dbchangelog-3.5.xsd
17:43:27.025 [Test worker] DEBUG liquibase - Opening jar:file:/C:/Users/user/.gradle/caches/modules-2/files-2.1/net.corda/corda-node/4.1/45583a2ad1dc5cdd2b90b4ff6d3bfe980bbba0cc/corda-node-4.1.jar!/migration/vault-schema.changelog-v3.xml as migration/vault-schema.changelog-v3.xml
17:43:27.029 [Test worker] DEBUG liquibase - Resolving XML entity name='null', publicId='null', baseURI='null', systemId='http://www.liquibase.org/xml/ns/dbchangelog/dbchangelog-3.5.xsd'
17:43:27.030 [Test worker] DEBUG LiquibaseSchemaResolver - Found namespace details class liquibase.parser.core.xml.StandardNamespaceDetails for http://www.liquibase.org/xml/ns/dbchangelog/dbchangelog-3.5.xsd
17:43:27.030 [Test worker] DEBUG LiquibaseSchemaResolver - Local path for http://www.liquibase.org/xml/ns/dbchangelog/dbchangelog-3.5.xsd is liquibase/parser/core/xml/dbchangelog-3.5.xsd
17:43:27.030 [Test worker] DEBUG liquibase - Opening jar:file:/C:/Users/user/.gradle/caches/modules-2/files-2.1/org.liquibase/liquibase-core/3.5.5/c65051f327382018bd09c30380f25eac96f210da/liquibase-core-3.5.5.jar!/liquibase/parser/core/xml/dbchangelog-3.5.xsd as liquibase/parser/core/xml/dbchangelog-3.5.xsd
17:43:27.031 [Test worker] DEBUG LiquibaseSchemaResolver - Successfully loaded XSD from liquibase/parser/core/xml/dbchangelog-3.5.xsd
17:43:27.063 [Test worker] DEBUG liquibase - Opening jar:file:/C:/Users/user/.gradle/caches/modules-2/files-2.1/net.corda/corda-node/4.1/45583a2ad1dc5cdd2b90b4ff6d3bfe980bbba0cc/corda-node-4.1.jar!/migration/vault-schema.changelog-v4.xml as migration/vault-schema.changelog-v4.xml
17:43:27.076 [Test worker] DEBUG liquibase - Resolving XML entity name='null', publicId='null', baseURI='null', systemId='http://www.liquibase.org/xml/ns/dbchangelog/dbchangelog-3.5.xsd'
17:43:27.077 [Test worker] DEBUG LiquibaseSchemaResolver - Found namespace details class liquibase.parser.core.xml.StandardNamespaceDetails for http://www.liquibase.org/xml/ns/dbchangelog/dbchangelog-3.5.xsd
17:43:27.078 [Test worker] DEBUG LiquibaseSchemaResolver - Local path for http://www.liquibase.org/xml/ns/dbchangelog/dbchangelog-3.5.xsd is liquibase/parser/core/xml/dbchangelog-3.5.xsd
17:43:27.081 [Test worker] DEBUG liquibase - Opening jar:file:/C:/Users/user/.gradle/caches/modules-2/files-2.1/org.liquibase/liquibase-core/3.5.5/c65051f327382018bd09c30380f25eac96f210da/liquibase-core-3.5.5.jar!/liquibase/parser/core/xml/dbchangelog-3.5.xsd as liquibase/parser/core/xml/dbchangelog-3.5.xsd
17:43:27.083 [Test worker] DEBUG LiquibaseSchemaResolver - Successfully loaded XSD from liquibase/parser/core/xml/dbchangelog-3.5.xsd
17:43:27.115 [Test worker] DEBUG liquibase - Opening jar:file:/C:/Users/user/.gradle/caches/modules-2/files-2.1/net.corda/corda-node/4.1/45583a2ad1dc5cdd2b90b4ff6d3bfe980bbba0cc/corda-node-4.1.jar!/migration/vault-schema.changelog-pkey.xml as migration/vault-schema.changelog-pkey.xml
17:43:27.117 [Test worker] DEBUG liquibase - Resolving XML entity name='null', publicId='null', baseURI='null', systemId='http://www.liquibase.org/xml/ns/dbchangelog/dbchangelog-3.5.xsd'
17:43:27.118 [Test worker] DEBUG LiquibaseSchemaResolver - Found namespace details class liquibase.parser.core.xml.StandardNamespaceDetails for http://www.liquibase.org/xml/ns/dbchangelog/dbchangelog-3.5.xsd
17:43:27.118 [Test worker] DEBUG LiquibaseSchemaResolver - Local path for http://www.liquibase.org/xml/ns/dbchangelog/dbchangelog-3.5.xsd is liquibase/parser/core/xml/dbchangelog-3.5.xsd
17:43:27.123 [Test worker] DEBUG liquibase - Opening jar:file:/C:/Users/user/.gradle/caches/modules-2/files-2.1/org.liquibase/liquibase-core/3.5.5/c65051f327382018bd09c30380f25eac96f210da/liquibase-core-3.5.5.jar!/liquibase/parser/core/xml/dbchangelog-3.5.xsd as liquibase/parser/core/xml/dbchangelog-3.5.xsd
17:43:27.125 [Test worker] DEBUG LiquibaseSchemaResolver - Successfully loaded XSD from liquibase/parser/core/xml/dbchangelog-3.5.xsd
17:43:27.157 [Test worker] DEBUG liquibase - Opening jar:file:/C:/Users/user/.gradle/caches/modules-2/files-2.1/net.corda/corda-node/4.1/45583a2ad1dc5cdd2b90b4ff6d3bfe980bbba0cc/corda-node-4.1.jar!/migration/vault-schema.changelog-v5.xml as migration/vault-schema.changelog-v5.xml
17:43:27.159 [Test worker] DEBUG liquibase - Resolving XML entity name='null', publicId='null', baseURI='null', systemId='http://www.liquibase.org/xml/ns/dbchangelog/dbchangelog-3.5.xsd'
17:43:27.159 [Test worker] DEBUG LiquibaseSchemaResolver - Found namespace details class liquibase.parser.core.xml.StandardNamespaceDetails for http://www.liquibase.org/xml/ns/dbchangelog/dbchangelog-3.5.xsd
17:43:27.159 [Test worker] DEBUG LiquibaseSchemaResolver - Local path for http://www.liquibase.org/xml/ns/dbchangelog/dbchangelog-3.5.xsd is liquibase/parser/core/xml/dbchangelog-3.5.xsd
17:43:27.160 [Test worker] DEBUG liquibase - Opening jar:file:/C:/Users/user/.gradle/caches/modules-2/files-2.1/org.liquibase/liquibase-core/3.5.5/c65051f327382018bd09c30380f25eac96f210da/liquibase-core-3.5.5.jar!/liquibase/parser/core/xml/dbchangelog-3.5.xsd as liquibase/parser/core/xml/dbchangelog-3.5.xsd
17:43:27.162 [Test worker] DEBUG LiquibaseSchemaResolver - Successfully loaded XSD from liquibase/parser/core/xml/dbchangelog-3.5.xsd
17:43:27.231 [Test worker] DEBUG liquibase - Opening jar:file:/C:/Users/user/.gradle/caches/modules-2/files-2.1/net.corda/corda-node/4.1/45583a2ad1dc5cdd2b90b4ff6d3bfe980bbba0cc/corda-node-4.1.jar!/migration/vault-schema.changelog-v6.xml as migration/vault-schema.changelog-v6.xml
17:43:27.234 [Test worker] DEBUG liquibase - Resolving XML entity name='null', publicId='null', baseURI='null', systemId='http://www.liquibase.org/xml/ns/dbchangelog/dbchangelog-3.5.xsd'
17:43:27.235 [Test worker] DEBUG LiquibaseSchemaResolver - Found namespace details class liquibase.parser.core.xml.StandardNamespaceDetails for http://www.liquibase.org/xml/ns/dbchangelog/dbchangelog-3.5.xsd
17:43:27.235 [Test worker] DEBUG LiquibaseSchemaResolver - Local path for http://www.liquibase.org/xml/ns/dbchangelog/dbchangelog-3.5.xsd is liquibase/parser/core/xml/dbchangelog-3.5.xsd
17:43:27.237 [Test worker] DEBUG liquibase - Opening jar:file:/C:/Users/user/.gradle/caches/modules-2/files-2.1/org.liquibase/liquibase-core/3.5.5/c65051f327382018bd09c30380f25eac96f210da/liquibase-core-3.5.5.jar!/liquibase/parser/core/xml/dbchangelog-3.5.xsd as liquibase/parser/core/xml/dbchangelog-3.5.xsd
17:43:27.239 [Test worker] DEBUG LiquibaseSchemaResolver - Successfully loaded XSD from liquibase/parser/core/xml/dbchangelog-3.5.xsd
17:43:27.272 [Test worker] DEBUG liquibase - Opening jar:file:/C:/Users/user/.gradle/caches/modules-2/files-2.1/net.corda/corda-node/4.1/45583a2ad1dc5cdd2b90b4ff6d3bfe980bbba0cc/corda-node-4.1.jar!/migration/vault-schema.changelog-v7.xml as migration/vault-schema.changelog-v7.xml
17:43:27.275 [Test worker] DEBUG liquibase - Resolving XML entity name='null', publicId='null', baseURI='null', systemId='http://www.liquibase.org/xml/ns/dbchangelog/dbchangelog-3.5.xsd'
17:43:27.275 [Test worker] DEBUG LiquibaseSchemaResolver - Found namespace details class liquibase.parser.core.xml.StandardNamespaceDetails for http://www.liquibase.org/xml/ns/dbchangelog/dbchangelog-3.5.xsd
17:43:27.275 [Test worker] DEBUG LiquibaseSchemaResolver - Local path for http://www.liquibase.org/xml/ns/dbchangelog/dbchangelog-3.5.xsd is liquibase/parser/core/xml/dbchangelog-3.5.xsd
17:43:27.278 [Test worker] DEBUG liquibase - Opening jar:file:/C:/Users/user/.gradle/caches/modules-2/files-2.1/org.liquibase/liquibase-core/3.5.5/c65051f327382018bd09c30380f25eac96f210da/liquibase-core-3.5.5.jar!/liquibase/parser/core/xml/dbchangelog-3.5.xsd as liquibase/parser/core/xml/dbchangelog-3.5.xsd
17:43:27.279 [Test worker] DEBUG LiquibaseSchemaResolver - Successfully loaded XSD from liquibase/parser/core/xml/dbchangelog-3.5.xsd
17:43:27.321 [Test worker] DEBUG liquibase - Opening jar:file:/C:/Users/user/.gradle/caches/modules-2/files-2.1/net.corda/corda-node/4.1/45583a2ad1dc5cdd2b90b4ff6d3bfe980bbba0cc/corda-node-4.1.jar!/migration/vault-schema.changelog-v8.xml as migration/vault-schema.changelog-v8.xml
17:43:27.325 [Test worker] DEBUG liquibase - Resolving XML entity name='null', publicId='null', baseURI='null', systemId='http://www.liquibase.org/xml/ns/dbchangelog/dbchangelog-3.5.xsd'
17:43:27.326 [Test worker] DEBUG LiquibaseSchemaResolver - Found namespace details class liquibase.parser.core.xml.StandardNamespaceDetails for http://www.liquibase.org/xml/ns/dbchangelog/dbchangelog-3.5.xsd
17:43:27.328 [Test worker] DEBUG LiquibaseSchemaResolver - Local path for http://www.liquibase.org/xml/ns/dbchangelog/dbchangelog-3.5.xsd is liquibase/parser/core/xml/dbchangelog-3.5.xsd
17:43:27.329 [Test worker] DEBUG liquibase - Opening jar:file:/C:/Users/user/.gradle/caches/modules-2/files-2.1/org.liquibase/liquibase-core/3.5.5/c65051f327382018bd09c30380f25eac96f210da/liquibase-core-3.5.5.jar!/liquibase/parser/core/xml/dbchangelog-3.5.xsd as liquibase/parser/core/xml/dbchangelog-3.5.xsd
17:43:27.330 [Test worker] DEBUG LiquibaseSchemaResolver - Successfully loaded XSD from liquibase/parser/core/xml/dbchangelog-3.5.xsd
17:43:27.348 [Test worker] DEBUG liquibase - Opening jar:file:/C:/Users/user/.gradle/caches/modules-2/files-2.1/net.corda/corda-node/4.1/45583a2ad1dc5cdd2b90b4ff6d3bfe980bbba0cc/corda-node-4.1.jar!/migration/node-info.changelog-master.xml as migration/node-info.changelog-master.xml
17:43:27.350 [Test worker] DEBUG liquibase - Resolving XML entity name='null', publicId='null', baseURI='null', systemId='http://www.liquibase.org/xml/ns/dbchangelog/dbchangelog-3.5.xsd'
17:43:27.351 [Test worker] DEBUG LiquibaseSchemaResolver - Found namespace details class liquibase.parser.core.xml.StandardNamespaceDetails for http://www.liquibase.org/xml/ns/dbchangelog/dbchangelog-3.5.xsd
17:43:27.351 [Test worker] DEBUG LiquibaseSchemaResolver - Local path for http://www.liquibase.org/xml/ns/dbchangelog/dbchangelog-3.5.xsd is liquibase/parser/core/xml/dbchangelog-3.5.xsd
17:43:27.351 [Test worker] DEBUG liquibase - Opening jar:file:/C:/Users/user/.gradle/caches/modules-2/files-2.1/org.liquibase/liquibase-core/3.5.5/c65051f327382018bd09c30380f25eac96f210da/liquibase-core-3.5.5.jar!/liquibase/parser/core/xml/dbchangelog-3.5.xsd as liquibase/parser/core/xml/dbchangelog-3.5.xsd
17:43:27.352 [Test worker] DEBUG LiquibaseSchemaResolver - Successfully loaded XSD from liquibase/parser/core/xml/dbchangelog-3.5.xsd
17:43:27.368 [Test worker] DEBUG liquibase - Opening jar:file:/C:/Users/user/.gradle/caches/modules-2/files-2.1/net.corda/corda-node/4.1/45583a2ad1dc5cdd2b90b4ff6d3bfe980bbba0cc/corda-node-4.1.jar!/migration/node-info.changelog-init.xml as migration/node-info.changelog-init.xml
17:43:27.373 [Test worker] DEBUG liquibase - Resolving XML entity name='null', publicId='null', baseURI='null', systemId='http://www.liquibase.org/xml/ns/dbchangelog/dbchangelog-3.5.xsd'
17:43:27.373 [Test worker] DEBUG LiquibaseSchemaResolver - Found namespace details class liquibase.parser.core.xml.StandardNamespaceDetails for http://www.liquibase.org/xml/ns/dbchangelog/dbchangelog-3.5.xsd
17:43:27.373 [Test worker] DEBUG LiquibaseSchemaResolver - Local path for http://www.liquibase.org/xml/ns/dbchangelog/dbchangelog-3.5.xsd is liquibase/parser/core/xml/dbchangelog-3.5.xsd
17:43:27.374 [Test worker] DEBUG liquibase - Opening jar:file:/C:/Users/user/.gradle/caches/modules-2/files-2.1/org.liquibase/liquibase-core/3.5.5/c65051f327382018bd09c30380f25eac96f210da/liquibase-core-3.5.5.jar!/liquibase/parser/core/xml/dbchangelog-3.5.xsd as liquibase/parser/core/xml/dbchangelog-3.5.xsd
17:43:27.375 [Test worker] DEBUG LiquibaseSchemaResolver - Successfully loaded XSD from liquibase/parser/core/xml/dbchangelog-3.5.xsd
17:43:27.426 [Test worker] DEBUG liquibase - Opening jar:file:/C:/Users/user/.gradle/caches/modules-2/files-2.1/net.corda/corda-node/4.1/45583a2ad1dc5cdd2b90b4ff6d3bfe980bbba0cc/corda-node-4.1.jar!/migration/node-info.changelog-v1.xml as migration/node-info.changelog-v1.xml
17:43:27.432 [Test worker] DEBUG liquibase - Resolving XML entity name='null', publicId='null', baseURI='null', systemId='http://www.liquibase.org/xml/ns/dbchangelog/dbchangelog-3.5.xsd'
17:43:27.433 [Test worker] DEBUG LiquibaseSchemaResolver - Found namespace details class liquibase.parser.core.xml.StandardNamespaceDetails for http://www.liquibase.org/xml/ns/dbchangelog/dbchangelog-3.5.xsd
17:43:27.434 [Test worker] DEBUG LiquibaseSchemaResolver - Local path for http://www.liquibase.org/xml/ns/dbchangelog/dbchangelog-3.5.xsd is liquibase/parser/core/xml/dbchangelog-3.5.xsd
17:43:27.435 [Test worker] DEBUG liquibase - Opening jar:file:/C:/Users/user/.gradle/caches/modules-2/files-2.1/org.liquibase/liquibase-core/3.5.5/c65051f327382018bd09c30380f25eac96f210da/liquibase-core-3.5.5.jar!/liquibase/parser/core/xml/dbchangelog-3.5.xsd as liquibase/parser/core/xml/dbchangelog-3.5.xsd
17:43:27.437 [Test worker] DEBUG LiquibaseSchemaResolver - Successfully loaded XSD from liquibase/parser/core/xml/dbchangelog-3.5.xsd
17:43:27.459 [Test worker] DEBUG liquibase - Opening jar:file:/C:/Users/user/.gradle/caches/modules-2/files-2.1/net.corda/corda-node/4.1/45583a2ad1dc5cdd2b90b4ff6d3bfe980bbba0cc/corda-node-4.1.jar!/migration/node-info.changelog-v2.xml as migration/node-info.changelog-v2.xml
17:43:27.464 [Test worker] DEBUG liquibase - Resolving XML entity name='null', publicId='null', baseURI='null', systemId='http://www.liquibase.org/xml/ns/dbchangelog/dbchangelog-3.5.xsd'
17:43:27.465 [Test worker] DEBUG LiquibaseSchemaResolver - Found namespace details class liquibase.parser.core.xml.StandardNamespaceDetails for http://www.liquibase.org/xml/ns/dbchangelog/dbchangelog-3.5.xsd
17:43:27.467 [Test worker] DEBUG LiquibaseSchemaResolver - Local path for http://www.liquibase.org/xml/ns/dbchangelog/dbchangelog-3.5.xsd is liquibase/parser/core/xml/dbchangelog-3.5.xsd
17:43:27.469 [Test worker] DEBUG liquibase - Opening jar:file:/C:/Users/user/.gradle/caches/modules-2/files-2.1/org.liquibase/liquibase-core/3.5.5/c65051f327382018bd09c30380f25eac96f210da/liquibase-core-3.5.5.jar!/liquibase/parser/core/xml/dbchangelog-3.5.xsd as liquibase/parser/core/xml/dbchangelog-3.5.xsd
17:43:27.472 [Test worker] DEBUG LiquibaseSchemaResolver - Successfully loaded XSD from liquibase/parser/core/xml/dbchangelog-3.5.xsd
17:43:27.498 [Test worker] DEBUG liquibase - Opening jar:file:/C:/Users/user/.gradle/caches/modules-2/files-2.1/net.corda/corda-node/4.1/45583a2ad1dc5cdd2b90b4ff6d3bfe980bbba0cc/corda-node-4.1.jar!/migration/node-info.changelog-v3.xml as migration/node-info.changelog-v3.xml
17:43:27.502 [Test worker] DEBUG liquibase - Resolving XML entity name='null', publicId='null', baseURI='null', systemId='http://www.liquibase.org/xml/ns/dbchangelog/dbchangelog-3.5.xsd'
17:43:27.502 [Test worker] DEBUG LiquibaseSchemaResolver - Found namespace details class liquibase.parser.core.xml.StandardNamespaceDetails for http://www.liquibase.org/xml/ns/dbchangelog/dbchangelog-3.5.xsd
17:43:27.502 [Test worker] DEBUG LiquibaseSchemaResolver - Local path for http://www.liquibase.org/xml/ns/dbchangelog/dbchangelog-3.5.xsd is liquibase/parser/core/xml/dbchangelog-3.5.xsd
17:43:27.503 [Test worker] DEBUG liquibase - Opening jar:file:/C:/Users/user/.gradle/caches/modules-2/files-2.1/org.liquibase/liquibase-core/3.5.5/c65051f327382018bd09c30380f25eac96f210da/liquibase-core-3.5.5.jar!/liquibase/parser/core/xml/dbchangelog-3.5.xsd as liquibase/parser/core/xml/dbchangelog-3.5.xsd
17:43:27.505 [Test worker] DEBUG LiquibaseSchemaResolver - Successfully loaded XSD from liquibase/parser/core/xml/dbchangelog-3.5.xsd
17:43:27.524 [Test worker] DEBUG liquibase - Opening jar:file:/C:/Users/user/.gradle/caches/modules-2/files-2.1/net.corda/corda-node/4.1/45583a2ad1dc5cdd2b90b4ff6d3bfe980bbba0cc/corda-node-4.1.jar!/migration/node-core.changelog-master.xml as migration/node-core.changelog-master.xml
17:43:27.526 [Test worker] DEBUG liquibase - Resolving XML entity name='null', publicId='null', baseURI='null', systemId='http://www.liquibase.org/xml/ns/dbchangelog/dbchangelog-3.5.xsd'
17:43:27.530 [Test worker] DEBUG LiquibaseSchemaResolver - Found namespace details class liquibase.parser.core.xml.StandardNamespaceDetails for http://www.liquibase.org/xml/ns/dbchangelog/dbchangelog-3.5.xsd
17:43:27.531 [Test worker] DEBUG LiquibaseSchemaResolver - Local path for http://www.liquibase.org/xml/ns/dbchangelog/dbchangelog-3.5.xsd is liquibase/parser/core/xml/dbchangelog-3.5.xsd
17:43:27.532 [Test worker] DEBUG liquibase - Opening jar:file:/C:/Users/user/.gradle/caches/modules-2/files-2.1/org.liquibase/liquibase-core/3.5.5/c65051f327382018bd09c30380f25eac96f210da/liquibase-core-3.5.5.jar!/liquibase/parser/core/xml/dbchangelog-3.5.xsd as liquibase/parser/core/xml/dbchangelog-3.5.xsd
17:43:27.533 [Test worker] DEBUG LiquibaseSchemaResolver - Successfully loaded XSD from liquibase/parser/core/xml/dbchangelog-3.5.xsd
17:43:27.553 [Test worker] DEBUG liquibase - Opening jar:file:/C:/Users/user/.gradle/caches/modules-2/files-2.1/net.corda/corda-node/4.1/45583a2ad1dc5cdd2b90b4ff6d3bfe980bbba0cc/corda-node-4.1.jar!/migration/node-core.changelog-init.xml as migration/node-core.changelog-init.xml
17:43:27.556 [Test worker] DEBUG liquibase - Resolving XML entity name='null', publicId='null', baseURI='null', systemId='http://www.liquibase.org/xml/ns/dbchangelog/dbchangelog-3.5.xsd'
17:43:27.557 [Test worker] DEBUG LiquibaseSchemaResolver - Found namespace details class liquibase.parser.core.xml.StandardNamespaceDetails for http://www.liquibase.org/xml/ns/dbchangelog/dbchangelog-3.5.xsd
17:43:27.558 [Test worker] DEBUG LiquibaseSchemaResolver - Local path for http://www.liquibase.org/xml/ns/dbchangelog/dbchangelog-3.5.xsd is liquibase/parser/core/xml/dbchangelog-3.5.xsd
17:43:27.559 [Test worker] DEBUG liquibase - Opening jar:file:/C:/Users/user/.gradle/caches/modules-2/files-2.1/org.liquibase/liquibase-core/3.5.5/c65051f327382018bd09c30380f25eac96f210da/liquibase-core-3.5.5.jar!/liquibase/parser/core/xml/dbchangelog-3.5.xsd as liquibase/parser/core/xml/dbchangelog-3.5.xsd
17:43:27.560 [Test worker] DEBUG LiquibaseSchemaResolver - Successfully loaded XSD from liquibase/parser/core/xml/dbchangelog-3.5.xsd
17:43:27.608 [Test worker] DEBUG liquibase - Opening jar:file:/C:/Users/user/.gradle/caches/modules-2/files-2.1/net.corda/corda-node/4.1/45583a2ad1dc5cdd2b90b4ff6d3bfe980bbba0cc/corda-node-4.1.jar!/migration/node-core.changelog-v3.xml as migration/node-core.changelog-v3.xml
17:43:27.615 [Test worker] DEBUG liquibase - Resolving XML entity name='null', publicId='null', baseURI='null', systemId='http://www.liquibase.org/xml/ns/dbchangelog/dbchangelog-3.5.xsd'
17:43:27.615 [Test worker] DEBUG LiquibaseSchemaResolver - Found namespace details class liquibase.parser.core.xml.StandardNamespaceDetails for http://www.liquibase.org/xml/ns/dbchangelog/dbchangelog-3.5.xsd
17:43:27.615 [Test worker] DEBUG LiquibaseSchemaResolver - Local path for http://www.liquibase.org/xml/ns/dbchangelog/dbchangelog-3.5.xsd is liquibase/parser/core/xml/dbchangelog-3.5.xsd
17:43:27.616 [Test worker] DEBUG liquibase - Opening jar:file:/C:/Users/user/.gradle/caches/modules-2/files-2.1/org.liquibase/liquibase-core/3.5.5/c65051f327382018bd09c30380f25eac96f210da/liquibase-core-3.5.5.jar!/liquibase/parser/core/xml/dbchangelog-3.5.xsd as liquibase/parser/core/xml/dbchangelog-3.5.xsd
17:43:27.616 [Test worker] DEBUG LiquibaseSchemaResolver - Successfully loaded XSD from liquibase/parser/core/xml/dbchangelog-3.5.xsd
17:43:27.654 [Test worker] DEBUG liquibase - Opening jar:file:/C:/Users/user/.gradle/caches/modules-2/files-2.1/net.corda/corda-node/4.1/45583a2ad1dc5cdd2b90b4ff6d3bfe980bbba0cc/corda-node-4.1.jar!/migration/node-core.changelog-v4.xml as migration/node-core.changelog-v4.xml
17:43:27.658 [Test worker] DEBUG liquibase - Resolving XML entity name='null', publicId='null', baseURI='null', systemId='http://www.liquibase.org/xml/ns/dbchangelog/dbchangelog-3.5.xsd'
17:43:27.660 [Test worker] DEBUG LiquibaseSchemaResolver - Found namespace details class liquibase.parser.core.xml.StandardNamespaceDetails for http://www.liquibase.org/xml/ns/dbchangelog/dbchangelog-3.5.xsd
17:43:27.662 [Test worker] DEBUG LiquibaseSchemaResolver - Local path for http://www.liquibase.org/xml/ns/dbchangelog/dbchangelog-3.5.xsd is liquibase/parser/core/xml/dbchangelog-3.5.xsd
17:43:27.664 [Test worker] DEBUG liquibase - Opening jar:file:/C:/Users/user/.gradle/caches/modules-2/files-2.1/org.liquibase/liquibase-core/3.5.5/c65051f327382018bd09c30380f25eac96f210da/liquibase-core-3.5.5.jar!/liquibase/parser/core/xml/dbchangelog-3.5.xsd as liquibase/parser/core/xml/dbchangelog-3.5.xsd
17:43:27.665 [Test worker] DEBUG LiquibaseSchemaResolver - Successfully loaded XSD from liquibase/parser/core/xml/dbchangelog-3.5.xsd
17:43:27.719 [Test worker] DEBUG liquibase - Opening jar:file:/C:/Users/user/.gradle/caches/modules-2/files-2.1/net.corda/corda-node/4.1/45583a2ad1dc5cdd2b90b4ff6d3bfe980bbba0cc/corda-node-4.1.jar!/migration/node-core.changelog-v5.xml as migration/node-core.changelog-v5.xml
17:43:27.723 [Test worker] DEBUG liquibase - Resolving XML entity name='null', publicId='null', baseURI='null', systemId='http://www.liquibase.org/xml/ns/dbchangelog/dbchangelog-3.5.xsd'
17:43:27.723 [Test worker] DEBUG LiquibaseSchemaResolver - Found namespace details class liquibase.parser.core.xml.StandardNamespaceDetails for http://www.liquibase.org/xml/ns/dbchangelog/dbchangelog-3.5.xsd
17:43:27.723 [Test worker] DEBUG LiquibaseSchemaResolver - Local path for http://www.liquibase.org/xml/ns/dbchangelog/dbchangelog-3.5.xsd is liquibase/parser/core/xml/dbchangelog-3.5.xsd
17:43:27.724 [Test worker] DEBUG liquibase - Opening jar:file:/C:/Users/user/.gradle/caches/modules-2/files-2.1/org.liquibase/liquibase-core/3.5.5/c65051f327382018bd09c30380f25eac96f210da/liquibase-core-3.5.5.jar!/liquibase/parser/core/xml/dbchangelog-3.5.xsd as liquibase/parser/core/xml/dbchangelog-3.5.xsd
17:43:27.724 [Test worker] DEBUG LiquibaseSchemaResolver - Successfully loaded XSD from liquibase/parser/core/xml/dbchangelog-3.5.xsd
17:43:27.754 [Test worker] DEBUG liquibase - Opening jar:file:/C:/Users/user/.gradle/caches/modules-2/files-2.1/net.corda/corda-node/4.1/45583a2ad1dc5cdd2b90b4ff6d3bfe980bbba0cc/corda-node-4.1.jar!/migration/node-core.changelog-pkey.xml as migration/node-core.changelog-pkey.xml
17:43:27.758 [Test worker] DEBUG liquibase - Resolving XML entity name='null', publicId='null', baseURI='null', systemId='http://www.liquibase.org/xml/ns/dbchangelog/dbchangelog-3.5.xsd'
17:43:27.760 [Test worker] DEBUG LiquibaseSchemaResolver - Found namespace details class liquibase.parser.core.xml.StandardNamespaceDetails for http://www.liquibase.org/xml/ns/dbchangelog/dbchangelog-3.5.xsd
17:43:27.760 [Test worker] DEBUG LiquibaseSchemaResolver - Local path for http://www.liquibase.org/xml/ns/dbchangelog/dbchangelog-3.5.xsd is liquibase/parser/core/xml/dbchangelog-3.5.xsd
17:43:27.762 [Test worker] DEBUG liquibase - Opening jar:file:/C:/Users/user/.gradle/caches/modules-2/files-2.1/org.liquibase/liquibase-core/3.5.5/c65051f327382018bd09c30380f25eac96f210da/liquibase-core-3.5.5.jar!/liquibase/parser/core/xml/dbchangelog-3.5.xsd as liquibase/parser/core/xml/dbchangelog-3.5.xsd
17:43:27.764 [Test worker] DEBUG LiquibaseSchemaResolver - Successfully loaded XSD from liquibase/parser/core/xml/dbchangelog-3.5.xsd
17:43:27.783 [Test worker] DEBUG liquibase - Opening jar:file:/C:/Users/user/.gradle/caches/modules-2/files-2.1/net.corda/corda-node/4.1/45583a2ad1dc5cdd2b90b4ff6d3bfe980bbba0cc/corda-node-4.1.jar!/migration/node-core.changelog-postgres-blob.xml as migration/node-core.changelog-postgres-blob.xml
17:43:27.807 [Test worker] DEBUG liquibase - Resolving XML entity name='null', publicId='null', baseURI='null', systemId='http://www.liquibase.org/xml/ns/dbchangelog/dbchangelog-3.5.xsd'
17:43:27.808 [Test worker] DEBUG LiquibaseSchemaResolver - Found namespace details class liquibase.parser.core.xml.StandardNamespaceDetails for http://www.liquibase.org/xml/ns/dbchangelog/dbchangelog-3.5.xsd
17:43:27.809 [Test worker] DEBUG LiquibaseSchemaResolver - Local path for http://www.liquibase.org/xml/ns/dbchangelog/dbchangelog-3.5.xsd is liquibase/parser/core/xml/dbchangelog-3.5.xsd
17:43:27.823 [Test worker] DEBUG liquibase - Opening jar:file:/C:/Users/user/.gradle/caches/modules-2/files-2.1/org.liquibase/liquibase-core/3.5.5/c65051f327382018bd09c30380f25eac96f210da/liquibase-core-3.5.5.jar!/liquibase/parser/core/xml/dbchangelog-3.5.xsd as liquibase/parser/core/xml/dbchangelog-3.5.xsd
17:43:27.826 [Test worker] DEBUG LiquibaseSchemaResolver - Successfully loaded XSD from liquibase/parser/core/xml/dbchangelog-3.5.xsd
17:43:27.855 [Test worker] DEBUG liquibase - Opening jar:file:/C:/Users/user/.gradle/caches/modules-2/files-2.1/net.corda/corda-node/4.1/45583a2ad1dc5cdd2b90b4ff6d3bfe980bbba0cc/corda-node-4.1.jar!/migration/node-core.changelog-v8.xml as migration/node-core.changelog-v8.xml
17:43:27.867 [Test worker] DEBUG liquibase - Resolving XML entity name='null', publicId='null', baseURI='null', systemId='http://www.liquibase.org/xml/ns/dbchangelog/dbchangelog-3.5.xsd'
17:43:27.867 [Test worker] DEBUG LiquibaseSchemaResolver - Found namespace details class liquibase.parser.core.xml.StandardNamespaceDetails for http://www.liquibase.org/xml/ns/dbchangelog/dbchangelog-3.5.xsd
17:43:27.867 [Test worker] DEBUG LiquibaseSchemaResolver - Local path for http://www.liquibase.org/xml/ns/dbchangelog/dbchangelog-3.5.xsd is liquibase/parser/core/xml/dbchangelog-3.5.xsd
17:43:27.870 [Test worker] DEBUG liquibase - Opening jar:file:/C:/Users/user/.gradle/caches/modules-2/files-2.1/org.liquibase/liquibase-core/3.5.5/c65051f327382018bd09c30380f25eac96f210da/liquibase-core-3.5.5.jar!/liquibase/parser/core/xml/dbchangelog-3.5.xsd as liquibase/parser/core/xml/dbchangelog-3.5.xsd
17:43:27.871 [Test worker] DEBUG LiquibaseSchemaResolver - Successfully loaded XSD from liquibase/parser/core/xml/dbchangelog-3.5.xsd
17:43:27.930 [Test worker] DEBUG liquibase - Opening jar:file:/C:/Users/user/.gradle/caches/modules-2/files-2.1/net.corda/corda-node/4.1/45583a2ad1dc5cdd2b90b4ff6d3bfe980bbba0cc/corda-node-4.1.jar!/migration/node-core.changelog-tx-mapping.xml as migration/node-core.changelog-tx-mapping.xml
17:43:27.934 [Test worker] DEBUG liquibase - Resolving XML entity name='null', publicId='null', baseURI='null', systemId='http://www.liquibase.org/xml/ns/dbchangelog/dbchangelog-3.5.xsd'
17:43:27.935 [Test worker] DEBUG LiquibaseSchemaResolver - Found namespace details class liquibase.parser.core.xml.StandardNamespaceDetails for http://www.liquibase.org/xml/ns/dbchangelog/dbchangelog-3.5.xsd
17:43:27.955 [Test worker] DEBUG LiquibaseSchemaResolver - Local path for http://www.liquibase.org/xml/ns/dbchangelog/dbchangelog-3.5.xsd is liquibase/parser/core/xml/dbchangelog-3.5.xsd
17:43:27.957 [Test worker] DEBUG liquibase - Opening jar:file:/C:/Users/user/.gradle/caches/modules-2/files-2.1/org.liquibase/liquibase-core/3.5.5/c65051f327382018bd09c30380f25eac96f210da/liquibase-core-3.5.5.jar!/liquibase/parser/core/xml/dbchangelog-3.5.xsd as liquibase/parser/core/xml/dbchangelog-3.5.xsd
17:43:27.958 [Test worker] DEBUG LiquibaseSchemaResolver - Successfully loaded XSD from liquibase/parser/core/xml/dbchangelog-3.5.xsd
17:43:28.001 [Test worker] DEBUG liquibase - Opening jar:file:/C:/Users/user/.gradle/caches/modules-2/files-2.1/net.corda/corda-node/4.1/45583a2ad1dc5cdd2b90b4ff6d3bfe980bbba0cc/corda-node-4.1.jar!/migration/node-core.changelog-v9.xml as migration/node-core.changelog-v9.xml
17:43:28.008 [Test worker] DEBUG liquibase - Resolving XML entity name='null', publicId='null', baseURI='null', systemId='http://www.liquibase.org/xml/ns/dbchangelog/dbchangelog-3.5.xsd'
17:43:28.012 [Test worker] DEBUG LiquibaseSchemaResolver - Found namespace details class liquibase.parser.core.xml.StandardNamespaceDetails for http://www.liquibase.org/xml/ns/dbchangelog/dbchangelog-3.5.xsd
17:43:28.013 [Test worker] DEBUG LiquibaseSchemaResolver - Local path for http://www.liquibase.org/xml/ns/dbchangelog/dbchangelog-3.5.xsd is liquibase/parser/core/xml/dbchangelog-3.5.xsd
17:43:28.016 [Test worker] DEBUG liquibase - Opening jar:file:/C:/Users/user/.gradle/caches/modules-2/files-2.1/org.liquibase/liquibase-core/3.5.5/c65051f327382018bd09c30380f25eac96f210da/liquibase-core-3.5.5.jar!/liquibase/parser/core/xml/dbchangelog-3.5.xsd as liquibase/parser/core/xml/dbchangelog-3.5.xsd
17:43:28.018 [Test worker] DEBUG LiquibaseSchemaResolver - Successfully loaded XSD from liquibase/parser/core/xml/dbchangelog-3.5.xsd
17:43:28.043 [Test worker] DEBUG liquibase - Opening jar:file:/C:/Users/user/.gradle/caches/modules-2/files-2.1/net.corda/corda-node/4.1/45583a2ad1dc5cdd2b90b4ff6d3bfe980bbba0cc/corda-node-4.1.jar!/migration/node-core.changelog-v10.xml as migration/node-core.changelog-v10.xml
17:43:28.054 [Test worker] DEBUG liquibase - Resolving XML entity name='null', publicId='null', baseURI='null', systemId='http://www.liquibase.org/xml/ns/dbchangelog/dbchangelog-3.5.xsd'
17:43:28.055 [Test worker] DEBUG LiquibaseSchemaResolver - Found namespace details class liquibase.parser.core.xml.StandardNamespaceDetails for http://www.liquibase.org/xml/ns/dbchangelog/dbchangelog-3.5.xsd
17:43:28.056 [Test worker] DEBUG LiquibaseSchemaResolver - Local path for http://www.liquibase.org/xml/ns/dbchangelog/dbchangelog-3.5.xsd is liquibase/parser/core/xml/dbchangelog-3.5.xsd
17:43:28.058 [Test worker] DEBUG liquibase - Opening jar:file:/C:/Users/user/.gradle/caches/modules-2/files-2.1/org.liquibase/liquibase-core/3.5.5/c65051f327382018bd09c30380f25eac96f210da/liquibase-core-3.5.5.jar!/liquibase/parser/core/xml/dbchangelog-3.5.xsd as liquibase/parser/core/xml/dbchangelog-3.5.xsd
17:43:28.061 [Test worker] DEBUG LiquibaseSchemaResolver - Successfully loaded XSD from liquibase/parser/core/xml/dbchangelog-3.5.xsd
17:43:28.078 [Test worker] DEBUG liquibase - Opening jar:file:/C:/Users/user/.gradle/caches/modules-2/files-2.1/net.corda/corda-node/4.1/45583a2ad1dc5cdd2b90b4ff6d3bfe980bbba0cc/corda-node-4.1.jar!/migration/node-core.changelog-v11.xml as migration/node-core.changelog-v11.xml
17:43:28.084 [Test worker] DEBUG liquibase - Resolving XML entity name='null', publicId='null', baseURI='null', systemId='http://www.liquibase.org/xml/ns/dbchangelog/dbchangelog-3.5.xsd'
17:43:28.119 [Test worker] DEBUG LiquibaseSchemaResolver - Found namespace details class liquibase.parser.core.xml.StandardNamespaceDetails for http://www.liquibase.org/xml/ns/dbchangelog/dbchangelog-3.5.xsd
17:43:28.120 [Test worker] DEBUG LiquibaseSchemaResolver - Local path for http://www.liquibase.org/xml/ns/dbchangelog/dbchangelog-3.5.xsd is liquibase/parser/core/xml/dbchangelog-3.5.xsd
17:43:28.128 [Test worker] DEBUG liquibase - Opening jar:file:/C:/Users/user/.gradle/caches/modules-2/files-2.1/org.liquibase/liquibase-core/3.5.5/c65051f327382018bd09c30380f25eac96f210da/liquibase-core-3.5.5.jar!/liquibase/parser/core/xml/dbchangelog-3.5.xsd as liquibase/parser/core/xml/dbchangelog-3.5.xsd
17:43:28.130 [Test worker] DEBUG LiquibaseSchemaResolver - Successfully loaded XSD from liquibase/parser/core/xml/dbchangelog-3.5.xsd
17:43:28.233 [Test worker] DEBUG liquibase - Opening jar:file:/C:/Users/user/.gradle/caches/modules-2/files-2.1/net.corda/corda-node/4.1/45583a2ad1dc5cdd2b90b4ff6d3bfe980bbba0cc/corda-node-4.1.jar!/migration/vault-schema.changelog-v9.xml as migration/vault-schema.changelog-v9.xml
17:43:28.241 [Test worker] DEBUG liquibase - Resolving XML entity name='null', publicId='null', baseURI='null', systemId='http://www.liquibase.org/xml/ns/dbchangelog/dbchangelog-3.5.xsd'
17:43:28.242 [Test worker] DEBUG LiquibaseSchemaResolver - Found namespace details class liquibase.parser.core.xml.StandardNamespaceDetails for http://www.liquibase.org/xml/ns/dbchangelog/dbchangelog-3.5.xsd
17:43:28.244 [Test worker] DEBUG LiquibaseSchemaResolver - Local path for http://www.liquibase.org/xml/ns/dbchangelog/dbchangelog-3.5.xsd is liquibase/parser/core/xml/dbchangelog-3.5.xsd
17:43:28.246 [Test worker] DEBUG liquibase - Opening jar:file:/C:/Users/user/.gradle/caches/modules-2/files-2.1/org.liquibase/liquibase-core/3.5.5/c65051f327382018bd09c30380f25eac96f210da/liquibase-core-3.5.5.jar!/liquibase/parser/core/xml/dbchangelog-3.5.xsd as liquibase/parser/core/xml/dbchangelog-3.5.xsd
17:43:28.247 [Test worker] DEBUG LiquibaseSchemaResolver - Successfully loaded XSD from liquibase/parser/core/xml/dbchangelog-3.5.xsd
17:43:28.339 [Test worker] DEBUG liquibase - Opening jar:file:/C:/Users/user/.gradle/caches/modules-2/files-2.1/net.corda/corda-node/4.1/45583a2ad1dc5cdd2b90b4ff6d3bfe980bbba0cc/corda-node-4.1.jar!/migration/node-notary.changelog-master.xml as migration/node-notary.changelog-master.xml
17:43:28.345 [Test worker] DEBUG liquibase - Resolving XML entity name='null', publicId='null', baseURI='null', systemId='http://www.liquibase.org/xml/ns/dbchangelog/dbchangelog-3.5.xsd'
17:43:28.346 [Test worker] DEBUG LiquibaseSchemaResolver - Found namespace details class liquibase.parser.core.xml.StandardNamespaceDetails for http://www.liquibase.org/xml/ns/dbchangelog/dbchangelog-3.5.xsd
17:43:28.349 [Test worker] DEBUG LiquibaseSchemaResolver - Local path for http://www.liquibase.org/xml/ns/dbchangelog/dbchangelog-3.5.xsd is liquibase/parser/core/xml/dbchangelog-3.5.xsd
17:43:28.351 [Test worker] DEBUG liquibase - Opening jar:file:/C:/Users/user/.gradle/caches/modules-2/files-2.1/org.liquibase/liquibase-core/3.5.5/c65051f327382018bd09c30380f25eac96f210da/liquibase-core-3.5.5.jar!/liquibase/parser/core/xml/dbchangelog-3.5.xsd as liquibase/parser/core/xml/dbchangelog-3.5.xsd
17:43:28.352 [Test worker] DEBUG LiquibaseSchemaResolver - Successfully loaded XSD from liquibase/parser/core/xml/dbchangelog-3.5.xsd
17:43:28.362 [Test worker] DEBUG liquibase - Opening jar:file:/C:/Users/user/.gradle/caches/modules-2/files-2.1/net.corda/corda-node/4.1/45583a2ad1dc5cdd2b90b4ff6d3bfe980bbba0cc/corda-node-4.1.jar!/migration/node-notary.changelog-init.xml as migration/node-notary.changelog-init.xml
17:43:28.376 [Test worker] DEBUG liquibase - Resolving XML entity name='null', publicId='null', baseURI='null', systemId='http://www.liquibase.org/xml/ns/dbchangelog/dbchangelog-3.5.xsd'
17:43:28.377 [Test worker] DEBUG LiquibaseSchemaResolver - Found namespace details class liquibase.parser.core.xml.StandardNamespaceDetails for http://www.liquibase.org/xml/ns/dbchangelog/dbchangelog-3.5.xsd
17:43:28.379 [Test worker] DEBUG LiquibaseSchemaResolver - Local path for http://www.liquibase.org/xml/ns/dbchangelog/dbchangelog-3.5.xsd is liquibase/parser/core/xml/dbchangelog-3.5.xsd
17:43:28.379 [Test worker] DEBUG liquibase - Opening jar:file:/C:/Users/user/.gradle/caches/modules-2/files-2.1/org.liquibase/liquibase-core/3.5.5/c65051f327382018bd09c30380f25eac96f210da/liquibase-core-3.5.5.jar!/liquibase/parser/core/xml/dbchangelog-3.5.xsd as liquibase/parser/core/xml/dbchangelog-3.5.xsd
17:43:28.380 [Test worker] DEBUG LiquibaseSchemaResolver - Successfully loaded XSD from liquibase/parser/core/xml/dbchangelog-3.5.xsd
17:43:28.430 [Test worker] DEBUG liquibase - Opening jar:file:/C:/Users/user/.gradle/caches/modules-2/files-2.1/net.corda/corda-node/4.1/45583a2ad1dc5cdd2b90b4ff6d3bfe980bbba0cc/corda-node-4.1.jar!/migration/node-notary.changelog-v1.xml as migration/node-notary.changelog-v1.xml
17:43:28.433 [Test worker] DEBUG liquibase - Resolving XML entity name='null', publicId='null', baseURI='null', systemId='http://www.liquibase.org/xml/ns/dbchangelog/dbchangelog-3.5.xsd'
17:43:28.433 [Test worker] DEBUG LiquibaseSchemaResolver - Found namespace details class liquibase.parser.core.xml.StandardNamespaceDetails for http://www.liquibase.org/xml/ns/dbchangelog/dbchangelog-3.5.xsd
17:43:28.434 [Test worker] DEBUG LiquibaseSchemaResolver - Local path for http://www.liquibase.org/xml/ns/dbchangelog/dbchangelog-3.5.xsd is liquibase/parser/core/xml/dbchangelog-3.5.xsd
17:43:28.434 [Test worker] DEBUG liquibase - Opening jar:file:/C:/Users/user/.gradle/caches/modules-2/files-2.1/org.liquibase/liquibase-core/3.5.5/c65051f327382018bd09c30380f25eac96f210da/liquibase-core-3.5.5.jar!/liquibase/parser/core/xml/dbchangelog-3.5.xsd as liquibase/parser/core/xml/dbchangelog-3.5.xsd
17:43:28.435 [Test worker] DEBUG LiquibaseSchemaResolver - Successfully loaded XSD from liquibase/parser/core/xml/dbchangelog-3.5.xsd
17:43:28.449 [Test worker] DEBUG liquibase - Opening jar:file:/C:/Users/user/.gradle/caches/modules-2/files-2.1/net.corda/corda-node/4.1/45583a2ad1dc5cdd2b90b4ff6d3bfe980bbba0cc/corda-node-4.1.jar!/migration/node-notary.changelog-v2.xml as migration/node-notary.changelog-v2.xml
17:43:28.467 [Test worker] DEBUG liquibase - Resolving XML entity name='null', publicId='null', baseURI='null', systemId='http://www.liquibase.org/xml/ns/dbchangelog/dbchangelog-3.5.xsd'
17:43:28.468 [Test worker] DEBUG LiquibaseSchemaResolver - Found namespace details class liquibase.parser.core.xml.StandardNamespaceDetails for http://www.liquibase.org/xml/ns/dbchangelog/dbchangelog-3.5.xsd
17:43:28.468 [Test worker] DEBUG LiquibaseSchemaResolver - Local path for http://www.liquibase.org/xml/ns/dbchangelog/dbchangelog-3.5.xsd is liquibase/parser/core/xml/dbchangelog-3.5.xsd
17:43:28.469 [Test worker] DEBUG liquibase - Opening jar:file:/C:/Users/user/.gradle/caches/modules-2/files-2.1/org.liquibase/liquibase-core/3.5.5/c65051f327382018bd09c30380f25eac96f210da/liquibase-core-3.5.5.jar!/liquibase/parser/core/xml/dbchangelog-3.5.xsd as liquibase/parser/core/xml/dbchangelog-3.5.xsd
17:43:28.471 [Test worker] DEBUG LiquibaseSchemaResolver - Successfully loaded XSD from liquibase/parser/core/xml/dbchangelog-3.5.xsd
17:43:28.486 [Test worker] DEBUG liquibase - Opening jar:file:/C:/Users/user/.gradle/caches/modules-2/files-2.1/net.corda/corda-node/4.1/45583a2ad1dc5cdd2b90b4ff6d3bfe980bbba0cc/corda-node-4.1.jar!/migration/node-notary.changelog-pkey.xml as migration/node-notary.changelog-pkey.xml
17:43:28.493 [Test worker] DEBUG liquibase - Resolving XML entity name='null', publicId='null', baseURI='null', systemId='http://www.liquibase.org/xml/ns/dbchangelog/dbchangelog-3.5.xsd'
17:43:28.494 [Test worker] DEBUG LiquibaseSchemaResolver - Found namespace details class liquibase.parser.core.xml.StandardNamespaceDetails for http://www.liquibase.org/xml/ns/dbchangelog/dbchangelog-3.5.xsd
17:43:28.495 [Test worker] DEBUG LiquibaseSchemaResolver - Local path for http://www.liquibase.org/xml/ns/dbchangelog/dbchangelog-3.5.xsd is liquibase/parser/core/xml/dbchangelog-3.5.xsd
17:43:28.497 [Test worker] DEBUG liquibase - Opening jar:file:/C:/Users/user/.gradle/caches/modules-2/files-2.1/org.liquibase/liquibase-core/3.5.5/c65051f327382018bd09c30380f25eac96f210da/liquibase-core-3.5.5.jar!/liquibase/parser/core/xml/dbchangelog-3.5.xsd as liquibase/parser/core/xml/dbchangelog-3.5.xsd
17:43:28.499 [Test worker] DEBUG LiquibaseSchemaResolver - Successfully loaded XSD from liquibase/parser/core/xml/dbchangelog-3.5.xsd
17:43:28.513 [Test worker] DEBUG liquibase - Opening jar:file:/C:/Users/user/.gradle/caches/modules-2/files-2.1/net.corda/corda-node/4.1/45583a2ad1dc5cdd2b90b4ff6d3bfe980bbba0cc/corda-node-4.1.jar!/migration/node-notary.changelog-committed-transactions-table.xml as migration/node-notary.changelog-committed-transactions-table.xml
17:43:28.518 [Test worker] DEBUG liquibase - Resolving XML entity name='null', publicId='null', baseURI='null', systemId='http://www.liquibase.org/xml/ns/dbchangelog/dbchangelog-3.5.xsd'
17:43:28.519 [Test worker] DEBUG LiquibaseSchemaResolver - Found namespace details class liquibase.parser.core.xml.StandardNamespaceDetails for http://www.liquibase.org/xml/ns/dbchangelog/dbchangelog-3.5.xsd
17:43:28.519 [Test worker] DEBUG LiquibaseSchemaResolver - Local path for http://www.liquibase.org/xml/ns/dbchangelog/dbchangelog-3.5.xsd is liquibase/parser/core/xml/dbchangelog-3.5.xsd
17:43:28.520 [Test worker] DEBUG liquibase - Opening jar:file:/C:/Users/user/.gradle/caches/modules-2/files-2.1/org.liquibase/liquibase-core/3.5.5/c65051f327382018bd09c30380f25eac96f210da/liquibase-core-3.5.5.jar!/liquibase/parser/core/xml/dbchangelog-3.5.xsd as liquibase/parser/core/xml/dbchangelog-3.5.xsd
17:43:28.521 [Test worker] DEBUG LiquibaseSchemaResolver - Successfully loaded XSD from liquibase/parser/core/xml/dbchangelog-3.5.xsd
17:43:28.709 [Test worker] DEBUG liquibase - Computed checksum for 1571046208705 as 10dead788c2de02aa0a2ec8902156c6f
17:43:28.751 [Test worker] DEBUG liquibase - Create Database Change Log Table
17:43:28.752 [Test worker] INFO liquibase - Creating database history table with name: PUBLIC.DATABASECHANGELOG
17:43:28.763 [Test worker] DEBUG liquibase - Executing EXECUTE database command: CREATE TABLE PUBLIC.DATABASECHANGELOG (ID VARCHAR(255) NOT NULL, AUTHOR VARCHAR(255) NOT NULL, FILENAME VARCHAR(255) NOT NULL, DATEEXECUTED TIMESTAMP NOT NULL, ORDEREXECUTED INT NOT NULL, EXECTYPE VARCHAR(10) NOT NULL, MD5SUM VARCHAR(35), DESCRIPTION VARCHAR(255), COMMENTS VARCHAR(255), TAG VARCHAR(255), LIQUIBASE VARCHAR(20), CONTEXTS VARCHAR(255), LABELS VARCHAR(255), DEPLOYMENT_ID VARCHAR(10))
17:43:28.775 [Test worker] DEBUG liquibase - Executing QUERY database command: select count(*) from PUBLIC.DATABASECHANGELOG
17:43:28.785 [Test worker] INFO liquibase - Reading from PUBLIC.DATABASECHANGELOG
17:43:28.786 [Test worker] DEBUG liquibase - Executing QUERY database command: SELECT * FROM PUBLIC.DATABASECHANGELOG ORDER BY DATEEXECUTED ASC, ORDEREXECUTED ASC
17:43:28.790 [Test worker] DEBUG liquibase - Executing QUERY database command: select count(*) from PUBLIC.DATABASECHANGELOGLOCK
17:43:28.791 [Test worker] DEBUG liquibase - Create Database Lock Table
17:43:28.793 [Test worker] DEBUG liquibase - Executing EXECUTE database command: CREATE TABLE PUBLIC.DATABASECHANGELOGLOCK (ID INT NOT NULL, LOCKED BOOLEAN NOT NULL, LOCKGRANTED TIMESTAMP, LOCKEDBY VARCHAR(255), CONSTRAINT PK_DATABASECHANGELOGLOCK PRIMARY KEY (ID))
17:43:28.835 [Test worker] DEBUG liquibase - Created database lock table with name: PUBLIC.DATABASECHANGELOGLOCK
17:43:28.836 [Test worker] DEBUG liquibase - Executing QUERY database command: select count(*) from PUBLIC.DATABASECHANGELOGLOCK
17:43:28.838 [Test worker] DEBUG liquibase - Initialize Database Lock Table
17:43:28.841 [Test worker] DEBUG liquibase - Executing EXECUTE database command: DELETE FROM PUBLIC.DATABASECHANGELOGLOCK
17:43:28.846 [Test worker] DEBUG liquibase - Executing EXECUTE database command: INSERT INTO PUBLIC.DATABASECHANGELOGLOCK (ID, LOCKED) VALUES (1, FALSE)
17:43:28.861 [Test worker] DEBUG liquibase - master.changelog.json: migration/common.changelog-init.xml::1511451595465-1.1::R3.Corda: Computed checksum for createSequence:[
    sequenceName="hibernate_sequence"
] as 3b59bc60f6cf5c7c76b020ae29954565
17:43:28.865 [Test worker] DEBUG liquibase - master.changelog.json: migration/common.changelog-init.xml::1511451595465-1.1::R3.Corda: Computed checksum for 7:3b59bc60f6cf5c7c76b020ae29954565: as afe897bea20bc08d1681087c94d0967d
17:43:28.868 [Test worker] DEBUG liquibase - master.changelog.json: migration/common.changelog-init.xml::1511451595465-1.3::R3.Corda: Computed checksum for createSequence:[
    minValue="1"
    sequenceName="hibernate_sequence"
] as f473914cdfde3972225cdb465aeff71d
17:43:28.871 [Test worker] DEBUG liquibase - master.changelog.json: migration/common.changelog-init.xml::1511451595465-1.3::R3.Corda: Computed checksum for 7:f473914cdfde3972225cdb465aeff71d: as b775a64dd8351ca0b00329ea3e49f44b
17:43:28.872 [Test worker] INFO liquibase - master.changelog.json: migration/common.changelog-init.xml::1511451595465-1.3::R3.Corda: Skipping changeSet migration/common.changelog-init.xml::1511451595465-1.3::R3.Corda due to validation error(s): minValue is not allowed on h2
17:43:28.884 [Test worker] DEBUG liquibase - master.changelog.json: migration/vault-schema.changelog-init.xml::1511451595465-22::R3.Corda: Computed checksum for createTable:[
    columns=[
        [
            [
                nullable="false"
            ]
            name="output_index"
            type="INT"
        ],
        [
            [
                nullable="false"
            ]
            name="transaction_id"
            type="NVARCHAR(64)"
        ],
        [
            name="issuer_name"
            type="NVARCHAR(255)"
        ],
        [
            name="issuer_ref"
            type="varbinary(512)"
        ],
        [
       ... [truncated in log] as e175aecbeafccf493b3899098eb581f2
17:43:28.903 [Test worker] DEBUG liquibase - master.changelog.json: migration/vault-schema.changelog-init.xml::1511451595465-22::R3.Corda: Computed checksum for 7:e175aecbeafccf493b3899098eb581f2: as 1f8a20296ddeb0fc739bd8e7084b0bab
17:43:28.918 [Test worker] DEBUG liquibase - master.changelog.json: migration/vault-schema.changelog-init.xml::1511451595465-23::R3.Corda: Computed checksum for createTable:[
    columns=[
        [
            [
                nullable="false"
            ]
            name="output_index"
            type="INT"
        ],
        [
            [
                nullable="false"
            ]
            name="transaction_id"
            type="NVARCHAR(64)"
        ],
        [
            name="participants"
            type="NVARCHAR(255)"
        ]
    ]
    tableName="vault_fungible_states_parts"
] as add94f234be5f070e7c2a20110730809
17:43:28.946 [Test worker] DEBUG liquibase - master.changelog.json: migration/vault-schema.changelog-init.xml::1511451595465-23::R3.Corda: Computed checksum for 7:add94f234be5f070e7c2a20110730809: as 1a9f6483c225c03a3a558b5b20306741
17:43:28.955 [Test worker] DEBUG liquibase - master.changelog.json: migration/vault-schema.changelog-init.xml::1511451595465-24::R3.Corda: Computed checksum for createTable:[
    columns=[
        [
            [
                nullable="false"
            ]
            name="output_index"
            type="INT"
        ],
        [
            [
                nullable="false"
            ]
            name="transaction_id"
            type="NVARCHAR(64)"
        ],
        [
            name="external_id"
            type="NVARCHAR(255)"
        ],
        [
            [
                nullable="false"
            ]
            name="uuid"
       ... [truncated in log] as a2b34ccc00e85d4de9b82e22ec7fa971
17:43:28.960 [Test worker] DEBUG liquibase - master.changelog.json: migration/vault-schema.changelog-init.xml::1511451595465-24::R3.Corda: Computed checksum for 7:a2b34ccc00e85d4de9b82e22ec7fa971: as cc33e3b7b7db0e8613421e71352448d1
17:43:28.962 [Test worker] DEBUG liquibase - master.changelog.json: migration/vault-schema.changelog-init.xml::1511451595465-25::R3.Corda: Computed checksum for createTable:[
    columns=[
        [
            [
                nullable="false"
            ]
            name="output_index"
            type="INT"
        ],
        [
            [
                nullable="false"
            ]
            name="transaction_id"
            type="NVARCHAR(64)"
        ],
        [
            name="participants"
            type="NVARCHAR(255)"
        ]
    ]
    tableName="vault_linear_states_parts"
] as ff0db7191732aba7aa4402b9145d55d8
17:43:28.967 [Test worker] DEBUG liquibase - master.changelog.json: migration/vault-schema.changelog-init.xml::1511451595465-25::R3.Corda: Computed checksum for 7:ff0db7191732aba7aa4402b9145d55d8: as cee1c34886b737d7c86f4ba94a43d9a7
17:43:28.970 [Test worker] DEBUG liquibase - master.changelog.json: migration/vault-schema.changelog-init.xml::1511451595465-26::R3.Corda: Computed checksum for createTable:[
    columns=[
        [
            [
                nullable="false"
            ]
            name="output_index"
            type="INT"
        ],
        [
            [
                nullable="false"
            ]
            name="transaction_id"
            type="NVARCHAR(64)"
        ],
        [
            name="consumed_timestamp"
            type="timestamp"
        ],
        [
            name="contract_state_class_name"
            type="NVARCHAR(255)"
        ],
... [truncated in log] as 3590556b2783206eba7b151844f6a2e8
17:43:28.971 [Test worker] DEBUG liquibase - master.changelog.json: migration/vault-schema.changelog-init.xml::1511451595465-26::R3.Corda: Computed checksum for 7:3590556b2783206eba7b151844f6a2e8: as 47ea918c4e5894a573ed08ff7d3cfcf8
17:43:28.979 [Test worker] DEBUG liquibase - master.changelog.json: migration/vault-schema.changelog-init.xml::1511451595465-27::R3.Corda: Computed checksum for createTable:[
    columns=[
        [
            [
                nullable="false"
            ]
            name="seq_no"
            type="INT"
        ],
        [
            name="note"
            type="NVARCHAR(255)"
        ],
        [
            name="transaction_id"
            type="NVARCHAR(64)"
        ]
    ]
    tableName="vault_transaction_notes"
] as b2a3172c8e54fe287195c0f1d9d79d06
17:43:28.979 [Test worker] DEBUG liquibase - master.changelog.json: migration/vault-schema.changelog-init.xml::1511451595465-27::R3.Corda: Computed checksum for 7:b2a3172c8e54fe287195c0f1d9d79d06: as b335f04504c263e99eb1b4b78fb7b976
17:43:28.984 [Test worker] DEBUG liquibase - master.changelog.json: migration/vault-schema.changelog-init.xml::1511451595465-47::R3.Corda: Computed checksum for addPrimaryKey:[
    columnNames="output_index, transaction_id"
    constraintName="vault_fungible_states_pkey"
    tableName="vault_fungible_states"
] as 1c0d1edb717c326aca50814658fa822a
17:43:28.984 [Test worker] DEBUG liquibase - master.changelog.json: migration/vault-schema.changelog-init.xml::1511451595465-47::R3.Corda: Computed checksum for 7:1c0d1edb717c326aca50814658fa822a: as 5ebf8c6ceacd418805fef0a8d5926d22
17:43:28.985 [Test worker] DEBUG liquibase - master.changelog.json: migration/vault-schema.changelog-init.xml::1511451595465-48::R3.Corda: Computed checksum for addPrimaryKey:[
    columnNames="output_index, transaction_id"
    constraintName="vault_linear_states_pkey"
    tableName="vault_linear_states"
] as 4e3aaffa0ad01595c6c23745084763b1
17:43:29.002 [Test worker] DEBUG liquibase - master.changelog.json: migration/vault-schema.changelog-init.xml::1511451595465-48::R3.Corda: Computed checksum for 7:4e3aaffa0ad01595c6c23745084763b1: as 6852e525af1e0e841b85cbc65c3ef3eb
17:43:29.007 [Test worker] DEBUG liquibase - master.changelog.json: migration/vault-schema.changelog-init.xml::1511451595465-49::R3.Corda: Computed checksum for addPrimaryKey:[
    columnNames="output_index, transaction_id"
    constraintName="vault_states_pkey"
    tableName="vault_states"
] as 4bd501a6f3a2480ca4be1186a9ae2951
17:43:29.011 [Test worker] DEBUG liquibase - master.changelog.json: migration/vault-schema.changelog-init.xml::1511451595465-49::R3.Corda: Computed checksum for 7:4bd501a6f3a2480ca4be1186a9ae2951: as e88ace88ae32b7c6a212f749bed7f25f
17:43:29.013 [Test worker] DEBUG liquibase - master.changelog.json: migration/vault-schema.changelog-init.xml::1511451595465-50::R3.Corda: Computed checksum for addPrimaryKey:[
    columnNames="seq_no"
    constraintName="vault_transaction_notes_pkey"
    tableName="vault_transaction_notes"
] as 39e3946cfbca51e6913a1c4f38ddf0c7
17:43:29.014 [Test worker] DEBUG liquibase - master.changelog.json: migration/vault-schema.changelog-init.xml::1511451595465-50::R3.Corda: Computed checksum for 7:39e3946cfbca51e6913a1c4f38ddf0c7: as aef52cbfcee4e86a30a1175aacdae9b5
17:43:29.023 [Test worker] DEBUG liquibase - master.changelog.json: migration/vault-schema.changelog-init.xml::1511451595465-53::R3.Corda: Computed checksum for createIndex:[
    columns=[
        [
            name="external_id"
        ]
    ]
    indexName="external_id_index"
    tableName="vault_linear_states"
] as f98aafeaa30935a36db499f2104a93bf
17:43:29.027 [Test worker] DEBUG liquibase - master.changelog.json: migration/vault-schema.changelog-init.xml::1511451595465-53::R3.Corda: Computed checksum for 7:f98aafeaa30935a36db499f2104a93bf: as 7b0c95c0892fe1aba26a294d843d3c0a
17:43:29.034 [Test worker] DEBUG liquibase - master.changelog.json: migration/vault-schema.changelog-init.xml::1511451595465-55::R3.Corda: Computed checksum for createIndex:[
    columns=[
        [
            name="lock_id"
        ],
        [
            name="state_status"
        ]
    ]
    indexName="lock_id_idx"
    tableName="vault_states"
] as e42dab0002a4e906bfd484f143741150
17:43:29.038 [Test worker] DEBUG liquibase - master.changelog.json: migration/vault-schema.changelog-init.xml::1511451595465-55::R3.Corda: Computed checksum for 7:e42dab0002a4e906bfd484f143741150: as daf1bfa84381a1c8e100c14229a6d860
17:43:29.039 [Test worker] DEBUG liquibase - master.changelog.json: migration/vault-schema.changelog-init.xml::1511451595465-58::R3.Corda: Computed checksum for createIndex:[
    columns=[
        [
            name="state_status"
        ]
    ]
    indexName="state_status_idx"
    tableName="vault_states"
] as 2ff9d748b5e8cc68d2b31c3435578cef
17:43:29.042 [Test worker] DEBUG liquibase - master.changelog.json: migration/vault-schema.changelog-init.xml::1511451595465-58::R3.Corda: Computed checksum for 7:2ff9d748b5e8cc68d2b31c3435578cef: as 775d3c8a27b7fad84f9894db6bdf3e87
17:43:29.045 [Test worker] DEBUG liquibase - master.changelog.json: migration/vault-schema.changelog-init.xml::1511451595465-59::R3.Corda: Computed checksum for createIndex:[
    columns=[
        [
            name="transaction_id"
        ]
    ]
    indexName="transaction_id_index"
    tableName="vault_transaction_notes"
] as fd9eea380cef475dc54fd99e4e233920
17:43:29.046 [Test worker] DEBUG liquibase - master.changelog.json: migration/vault-schema.changelog-init.xml::1511451595465-59::R3.Corda: Computed checksum for 7:fd9eea380cef475dc54fd99e4e233920: as 1be2b24f3e4fedc8252c24080b713783
17:43:29.062 [Test worker] DEBUG liquibase - master.changelog.json: migration/vault-schema.changelog-init.xml::1511451595465-60::R3.Corda: Computed checksum for createIndex:[
    columns=[
        [
            name="uuid"
        ]
    ]
    indexName="uuid_index"
    tableName="vault_linear_states"
] as 0c3a5a186849036cd224f1c228d6dde9
17:43:29.063 [Test worker] DEBUG liquibase - master.changelog.json: migration/vault-schema.changelog-init.xml::1511451595465-60::R3.Corda: Computed checksum for 7:0c3a5a186849036cd224f1c228d6dde9: as f372f17dd75374bfecfde0e44d7ce36c
17:43:29.066 [Test worker] DEBUG liquibase - master.changelog.json: migration/vault-schema.changelog-init.xml::1511451595465-64::R3.Corda: Computed checksum for addForeignKeyConstraint:[
    baseColumnNames="output_index,transaction_id"
    baseTableName="vault_fungible_states_parts"
    constraintName="FK__fung_st_parts__fung_st"
    referencedColumnNames="output_index,transaction_id"
    referencedTableName="vault_fungible_states"
] as 0eece996759bc05f893e13edcc7012b3
17:43:29.067 [Test worker] DEBUG liquibase - master.changelog.json: migration/vault-schema.changelog-init.xml::1511451595465-64::R3.Corda: Computed checksum for 7:0eece996759bc05f893e13edcc7012b3: as 3771038da08dbe5dbbbdffac7300198d
17:43:29.069 [Test worker] DEBUG liquibase - master.changelog.json: migration/vault-schema.changelog-init.xml::1511451595465-65::R3.Corda: Computed checksum for addForeignKeyConstraint:[
    baseColumnNames="output_index,transaction_id"
    baseTableName="vault_linear_states_parts"
    constraintName="FK__lin_stat_parts__lin_stat"
    referencedColumnNames="output_index,transaction_id"
    referencedTableName="vault_linear_states"
] as c3bfc19faabd85d1ada74a704975075a
17:43:29.069 [Test worker] DEBUG liquibase - master.changelog.json: migration/vault-schema.changelog-init.xml::1511451595465-65::R3.Corda: Computed checksum for 7:c3bfc19faabd85d1ada74a704975075a: as 4cccc80aadefc753d80d33d233d426b1
17:43:29.070 [Test worker] DEBUG liquibase - master.changelog.json: migration/vault-schema.changelog-v3.xml::clean_vault::R3.Corda: Computed checksum for delete:[
    tableName="vault_fungible_states_parts"
] as b70b29b3a6bedbc5661cba016468c920
17:43:29.070 [Test worker] DEBUG liquibase - master.changelog.json: migration/vault-schema.changelog-v3.xml::clean_vault::R3.Corda: Computed checksum for delete:[
    tableName="vault_fungible_states"
] as a274055ce2143aac7ca36e5fad03b134
17:43:29.071 [Test worker] DEBUG liquibase - master.changelog.json: migration/vault-schema.changelog-v3.xml::clean_vault::R3.Corda: Computed checksum for delete:[
    tableName="vault_linear_states_parts"
] as ea0a011664469f485e1c20d3a801a95c
17:43:29.071 [Test worker] DEBUG liquibase - master.changelog.json: migration/vault-schema.changelog-v3.xml::clean_vault::R3.Corda: Computed checksum for delete:[
    tableName="vault_linear_states"
] as 3448fb16d803304ec5b23fe901463752
17:43:29.072 [Test worker] DEBUG liquibase - master.changelog.json: migration/vault-schema.changelog-v3.xml::clean_vault::R3.Corda: Computed checksum for delete:[
    tableName="vault_states"
] as 9554b12247631c9ef0b25ddf1faaa6d3
17:43:29.072 [Test worker] DEBUG liquibase - master.changelog.json: migration/vault-schema.changelog-v3.xml::clean_vault::R3.Corda: Computed checksum for delete:[
    tableName="vault_transaction_notes"
] as 0250e47826dc021ed9e01d035ea6f1b6
17:43:29.073 [Test worker] DEBUG liquibase - master.changelog.json: migration/vault-schema.changelog-v3.xml::clean_vault::R3.Corda: Computed checksum for 7:b70b29b3a6bedbc5661cba016468c920:7:a274055ce2143aac7ca36e5fad03b134:7:ea0a011664469f485e1c20d3a801a95c:7:3448fb16d803304ec5b23fe901463752:7:9554b12247631c9ef0b25ddf1faaa6d3:7:0250e47826dc021ed9e01d035ea6f1b6: as c16f94cc9c0418c23dfcedd33e85d2d3
17:43:29.075 [Test worker] DEBUG liquibase - master.changelog.json: migration/vault-schema.changelog-v4.xml::nullability::R3.Corda: Computed checksum for addNotNullConstraint:[
    columnDataType="BIGINT"
    columnName="quantity"
    tableName="vault_fungible_states"
] as d78eae5ca9adbacacf85e33e2a7f7415
17:43:29.080 [Test worker] DEBUG liquibase - master.changelog.json: migration/vault-schema.changelog-v4.xml::nullability::R3.Corda: Computed checksum for addNotNullConstraint:[
    columnDataType="NVARCHAR(255)"
    columnName="contract_state_class_name"
    tableName="vault_states"
] as 2078d56a1b5edbecbcc69079c33eb871
17:43:29.085 [Test worker] DEBUG liquibase - master.changelog.json: migration/vault-schema.changelog-v4.xml::nullability::R3.Corda: Computed checksum for addNotNullConstraint:[
    columnDataType="NVARCHAR(255)"
    columnName="notary_name"
    tableName="vault_states"
] as 2258242147cd14905eb100408de09558
17:43:29.086 [Test worker] DEBUG liquibase - master.changelog.json: migration/vault-schema.changelog-v4.xml::nullability::R3.Corda: Computed checksum for addNotNullConstraint:[
    columnDataType="timestamp"
    columnName="recorded_timestamp"
    tableName="vault_states"
] as ae7f591a2aca843f8ab716280bfd3947
17:43:29.094 [Test worker] DEBUG liquibase - master.changelog.json: migration/vault-schema.changelog-v4.xml::nullability::R3.Corda: Computed checksum for dropIndex:[
    indexName="state_status_idx"
    tableName="vault_states"
] as 6583c319aa2e4b6d1f195c77bc111ac5
17:43:29.096 [Test worker] DEBUG liquibase - master.changelog.json: migration/vault-schema.changelog-v4.xml::nullability::R3.Corda: Computed checksum for dropIndex:[
    indexName="lock_id_idx"
    tableName="vault_states"
] as e22a84c8f8873eb942f692a00ddda6c5
17:43:29.097 [Test worker] DEBUG liquibase - master.changelog.json: migration/vault-schema.changelog-v4.xml::nullability::R3.Corda: Computed checksum for addNotNullConstraint:[
    columnDataType="INT"
    columnName="state_status"
    tableName="vault_states"
] as f062ec40c033aa8c2a8ec93fcfc05443
17:43:29.098 [Test worker] DEBUG liquibase - master.changelog.json: migration/vault-schema.changelog-v4.xml::nullability::R3.Corda: Computed checksum for createIndex:[
    columns=[
        [
            name="state_status"
        ]
    ]
    indexName="state_status_idx"
    tableName="vault_states"
] as 2ff9d748b5e8cc68d2b31c3435578cef
17:43:29.099 [Test worker] DEBUG liquibase - master.changelog.json: migration/vault-schema.changelog-v4.xml::nullability::R3.Corda: Computed checksum for createIndex:[
    columns=[
        [
            name="lock_id"
        ],
        [
            name="state_status"
        ]
    ]
    indexName="lock_id_idx"
    tableName="vault_states"
] as e42dab0002a4e906bfd484f143741150
17:43:29.100 [Test worker] DEBUG liquibase - master.changelog.json: migration/vault-schema.changelog-v4.xml::nullability::R3.Corda: Computed checksum for dropIndex:[
    indexName="transaction_id_index"
    tableName="vault_transaction_notes"
] as 7677600c3adca898205158cdae636f0d
17:43:29.102 [Test worker] DEBUG liquibase - master.changelog.json: migration/vault-schema.changelog-v4.xml::nullability::R3.Corda: Computed checksum for addNotNullConstraint:[
    columnDataType="NVARCHAR(255)"
    columnName="note"
    tableName="vault_transaction_notes"
] as 4155de3b6c359ed6d735b6ae5c880ed2
17:43:29.104 [Test worker] DEBUG liquibase - master.changelog.json: migration/vault-schema.changelog-v4.xml::nullability::R3.Corda: Computed checksum for addNotNullConstraint:[
    columnDataType="NVARCHAR(64)"
    columnName="transaction_id"
    tableName="vault_transaction_notes"
] as f6eaec7b45db4b379b8485512bd873c1
17:43:29.105 [Test worker] DEBUG liquibase - master.changelog.json: migration/vault-schema.changelog-v4.xml::nullability::R3.Corda: Computed checksum for createIndex:[
    columns=[
        [
            name="transaction_id"
        ]
    ]
    indexName="transaction_id_index"
    tableName="vault_transaction_notes"
] as fd9eea380cef475dc54fd99e4e233920
17:43:29.112 [Test worker] DEBUG liquibase - master.changelog.json: migration/vault-schema.changelog-v4.xml::nullability::R3.Corda: Computed checksum for 7:d78eae5ca9adbacacf85e33e2a7f7415:7:2078d56a1b5edbecbcc69079c33eb871:7:2258242147cd14905eb100408de09558:7:ae7f591a2aca843f8ab716280bfd3947:7:6583c319aa2e4b6d1f195c77bc111ac5:7:e22a84c8f8873eb942f692a00ddda6c5:7:f062ec40c033aa8c2a8ec93fcfc05443:7:2ff9d748b5e8cc68d2b31c3435578cef:7:e42dab0002a4e906bfd484f143741150:7:7677600c3adca898205158cdae636f0d:7:4155de3b6c359ed6d735b6ae5c880ed2:7:f6eaec7b45db4b379b8485512bd873c1:7:fd9eea380cef475dc54fd99e4e233920: as 59450415a9a86b5b55d9f9347b383e6a
17:43:29.120 [Test worker] DEBUG liquibase - master.changelog.json: migration/vault-schema.changelog-pkey.xml::non-clustered_pk-11::R3.Corda: Computed checksum for dropForeignKeyConstraint:[
    baseTableName="vault_fungible_states_parts"
    constraintName="FK__fung_st_parts__fung_st"
] as 366e0c21ef7697fbe3f3045b1680d699
17:43:29.121 [Test worker] DEBUG liquibase - master.changelog.json: migration/vault-schema.changelog-pkey.xml::non-clustered_pk-11::R3.Corda: Computed checksum for dropPrimaryKey:[
    constraintName="vault_fungible_states_pkey"
    tableName="vault_fungible_states"
] as f27f6f6e80b50caaa06aa6c747243425
17:43:29.122 [Test worker] DEBUG liquibase - master.changelog.json: migration/vault-schema.changelog-pkey.xml::non-clustered_pk-11::R3.Corda: Computed checksum for addPrimaryKey:[
    clustered="false"
    columnNames="output_index, transaction_id"
    constraintName="vault_fungible_states_pkey"
    tableName="vault_fungible_states"
] as 0729afe4c34a21623a8f5744790f34c4
17:43:29.123 [Test worker] DEBUG liquibase - master.changelog.json: migration/vault-schema.changelog-pkey.xml::non-clustered_pk-11::R3.Corda: Computed checksum for addForeignKeyConstraint:[
    baseColumnNames="output_index,transaction_id"
    baseTableName="vault_fungible_states_parts"
    constraintName="FK__fung_st_parts__fung_st"
    referencedColumnNames="output_index,transaction_id"
    referencedTableName="vault_fungible_states"
] as 0eece996759bc05f893e13edcc7012b3
17:43:29.126 [Test worker] DEBUG liquibase - master.changelog.json: migration/vault-schema.changelog-pkey.xml::non-clustered_pk-11::R3.Corda: Computed checksum for 7:366e0c21ef7697fbe3f3045b1680d699:7:f27f6f6e80b50caaa06aa6c747243425:7:0729afe4c34a21623a8f5744790f34c4:7:0eece996759bc05f893e13edcc7012b3: as c88a8494afc1f2507131e709b3ec4f1e
17:43:29.128 [Test worker] INFO liquibase - master.changelog.json: migration/vault-schema.changelog-pkey.xml::non-clustered_pk-11::R3.Corda: Skipping changeSet migration/vault-schema.changelog-pkey.xml::non-clustered_pk-11::R3.Corda due to validation error(s): clustered is not allowed on h2
17:43:29.134 [Test worker] DEBUG liquibase - master.changelog.json: migration/vault-schema.changelog-pkey.xml::non-clustered_pk-12::R3.Corda: Computed checksum for dropForeignKeyConstraint:[
    baseTableName="vault_linear_states_parts"
    constraintName="FK__lin_stat_parts__lin_stat"
] as c9ce07b51242a8f54da9e570853dc34f
17:43:29.138 [Test worker] DEBUG liquibase - master.changelog.json: migration/vault-schema.changelog-pkey.xml::non-clustered_pk-12::R3.Corda: Computed checksum for dropPrimaryKey:[
    constraintName="vault_linear_states_pkey"
    tableName="vault_linear_states"
] as d986066259edad3f263694f099f02f7f
17:43:29.139 [Test worker] DEBUG liquibase - master.changelog.json: migration/vault-schema.changelog-pkey.xml::non-clustered_pk-12::R3.Corda: Computed checksum for addPrimaryKey:[
    clustered="false"
    columnNames="output_index, transaction_id"
    constraintName="vault_linear_states_pkey"
    tableName="vault_linear_states"
] as c26064d58e4f1b2610b6d01e5c0b9b5b
17:43:29.142 [Test worker] DEBUG liquibase - master.changelog.json: migration/vault-schema.changelog-pkey.xml::non-clustered_pk-12::R3.Corda: Computed checksum for addForeignKeyConstraint:[
    baseColumnNames="output_index,transaction_id"
    baseTableName="vault_linear_states_parts"
    constraintName="FK__lin_stat_parts__lin_stat"
    referencedColumnNames="output_index,transaction_id"
    referencedTableName="vault_linear_states"
] as c3bfc19faabd85d1ada74a704975075a
17:43:29.145 [Test worker] DEBUG liquibase - master.changelog.json: migration/vault-schema.changelog-pkey.xml::non-clustered_pk-12::R3.Corda: Computed checksum for 7:c9ce07b51242a8f54da9e570853dc34f:7:d986066259edad3f263694f099f02f7f:7:c26064d58e4f1b2610b6d01e5c0b9b5b:7:c3bfc19faabd85d1ada74a704975075a: as 5569de8454d891688bbb7510f634782f
17:43:29.145 [Test worker] INFO liquibase - master.changelog.json: migration/vault-schema.changelog-pkey.xml::non-clustered_pk-12::R3.Corda: Skipping changeSet migration/vault-schema.changelog-pkey.xml::non-clustered_pk-12::R3.Corda due to validation error(s): clustered is not allowed on h2
17:43:29.146 [Test worker] DEBUG liquibase - master.changelog.json: migration/vault-schema.changelog-pkey.xml::non-clustered_pk-13::R3.Corda: Computed checksum for dropPrimaryKey:[
    constraintName="vault_states_pkey"
    tableName="vault_states"
] as de17bd04796a6e54cb5606dceff73aec
17:43:29.146 [Test worker] DEBUG liquibase - master.changelog.json: migration/vault-schema.changelog-pkey.xml::non-clustered_pk-13::R3.Corda: Computed checksum for addPrimaryKey:[
    clustered="false"
    columnNames="output_index, transaction_id"
    constraintName="vault_states_pkey"
    tableName="vault_states"
] as 70c1298ee3ac2d16aba8b2ac6ed5b568
17:43:29.147 [Test worker] DEBUG liquibase - master.changelog.json: migration/vault-schema.changelog-pkey.xml::non-clustered_pk-13::R3.Corda: Computed checksum for 7:de17bd04796a6e54cb5606dceff73aec:7:70c1298ee3ac2d16aba8b2ac6ed5b568: as c786c529ecdaa33f87d3fc9ed88111f4
17:43:29.148 [Test worker] INFO liquibase - master.changelog.json: migration/vault-schema.changelog-pkey.xml::non-clustered_pk-13::R3.Corda: Skipping changeSet migration/vault-schema.changelog-pkey.xml::non-clustered_pk-13::R3.Corda due to validation error(s): clustered is not allowed on h2
17:43:29.148 [Test worker] DEBUG liquibase - master.changelog.json: migration/vault-schema.changelog-v5.xml::add_relevancy_status_column::R3.Corda: Computed checksum for addColumn:[
    columns=[
        [
            name="relevancy_status"
            type="INT"
        ]
    ]
    tableName="vault_states"
] as f4c3dbd35bfa9d2a1021acafdac959d6
17:43:29.149 [Test worker] DEBUG liquibase - master.changelog.json: migration/vault-schema.changelog-v5.xml::add_relevancy_status_column::R3.Corda: Computed checksum for update:[
    columns=[
        [
            name="relevancy_status"
            valueNumeric="0"
        ]
    ]
    tableName="vault_states"
] as c3f226e53f5bf04fd8506465c55d3a42
17:43:29.152 [Test worker] DEBUG liquibase - master.changelog.json: migration/vault-schema.changelog-v5.xml::add_relevancy_status_column::R3.Corda: Computed checksum for addNotNullConstraint:[
    columnDataType="INT"
    columnName="relevancy_status"
    tableName="vault_states"
] as a4104ab76f534885eeb63a0690843f78
17:43:29.153 [Test worker] DEBUG liquibase - master.changelog.json: migration/vault-schema.changelog-v5.xml::add_relevancy_status_column::R3.Corda: Computed checksum for 7:f4c3dbd35bfa9d2a1021acafdac959d6:7:c3f226e53f5bf04fd8506465c55d3a42:7:a4104ab76f534885eeb63a0690843f78: as bd7c3258179f34f231f6ae51e3313fc4
17:43:29.165 [Test worker] DEBUG liquibase - master.changelog.json: migration/vault-schema.changelog-v6.xml::add_is_constraint_information_columns::R3.Corda: Computed checksum for addColumn:[
    columns=[
        [
            [
                nullable="false"
            ]
            defaultValue="0"
            name="constraint_type"
            type="INT"
        ]
    ]
    tableName="vault_states"
] as ec4183b38221d9efb81468b6b58469ad
17:43:29.166 [Test worker] DEBUG liquibase - master.changelog.json: migration/vault-schema.changelog-v6.xml::add_is_constraint_information_columns::R3.Corda: Computed checksum for addColumn:[
    columns=[
        [
            [
                nullable="true"
            ]
            name="constraint_data"
            type="varbinary(563)"
        ]
    ]
    tableName="vault_states"
] as a62d1e80b99c304b04f3ac1ec994ed59
17:43:29.168 [Test worker] DEBUG liquibase - master.changelog.json: migration/vault-schema.changelog-v6.xml::add_is_constraint_information_columns::R3.Corda: Computed checksum for 7:ec4183b38221d9efb81468b6b58469ad:7:a62d1e80b99c304b04f3ac1ec994ed59: as 7d7cf7015d299a7fefb6e81aa563e208
17:43:29.168 [Test worker] DEBUG liquibase - master.changelog.json: migration/vault-schema.changelog-v7.xml::make_issuer_ref_nullable::R3.Corda: Computed checksum for dropNotNullConstraint:[
    columnDataType="varbinary(512)"
    columnName="issuer_ref"
    tableName="vault_fungible_states"
] as b549f88798da86b579f7e3421c6019ed
17:43:29.169 [Test worker] DEBUG liquibase - master.changelog.json: migration/vault-schema.changelog-v7.xml::make_issuer_ref_nullable::R3.Corda: Computed checksum for 7:b549f88798da86b579f7e3421c6019ed: as 016e083b176a76fc50d74e3fe07ca1cb
17:43:29.170 [Test worker] DEBUG liquibase - master.changelog.json: migration/vault-schema.changelog-v8.xml::create-external-id-to-state-party-view::R3.Corda: Computed checksum for createTable:[
    columns=[
        [
            name="output_index"
            type="INT"
        ],
        [
            name="transaction_id"
            type="NVARCHAR(64)"
        ],
        [
            [
                nullable="false"
            ]
            name="public_key_hash"
            type="NVARCHAR(255)"
        ],
        [
            name="x500_name"
            type="NVARCHAR(255)"
        ]
    ]
    tableName="state_party"
] as 3b063e299ebe197af7a457ea726b2800
17:43:29.173 [Test worker] DEBUG liquibase - master.changelog.json: migration/vault-schema.changelog-v8.xml::create-external-id-to-state-party-view::R3.Corda: Computed checksum for createIndex:[
    columns=[
        [
            name="public_key_hash"
        ]
    ]
    indexName="state_pk_hash_idx"
    tableName="state_party"
] as 450b82f224c850f2465386ef7a707b92
17:43:29.202 [Test worker] DEBUG liquibase - master.changelog.json: migration/vault-schema.changelog-v8.xml::create-external-id-to-state-party-view::R3.Corda: Computed checksum for createTable:[
    columns=[
        [
            [
                nullable="false"
            ]
            name="id"
            type="BIGINT"
        ],
        [
            [
                nullable="false"
            ]
            name="external_id"
            type="VARCHAR(255)"
        ],
        [
            [
                nullable="false"
            ]
            name="public_key_hash"
            type="NVARCHAR(255)"
        ]
    ]
    tableName="pk_hash_to_ext_id_map"
] as 190b235511991d2151d47c903cd91db4
17:43:29.203 [Test worker] DEBUG liquibase - master.changelog.json: migration/vault-schema.changelog-v8.xml::create-external-id-to-state-party-view::R3.Corda: Computed checksum for createIndex:[
    columns=[
        [
            name="public_key_hash"
        ]
    ]
    indexName="pk_hash_to_xid_idx"
    tableName="pk_hash_to_ext_id_map"
] as 1ee9b085d397f1a43f3b474588eddf9f
17:43:29.209 [Test worker] DEBUG liquibase - master.changelog.json: migration/vault-schema.changelog-v8.xml::create-external-id-to-state-party-view::R3.Corda: Computed checksum for createView:[
    selectQuery="select
                state_party.public_key_hash,
                state_party.transaction_id,
                state_party.output_index,
                pk_hash_to_ext_id_map.external_id
            from state_party
            join pk_hash_to_ext_id_map
            on state_party.public_key_hash = pk_hash_to_ext_id_map.public_key_hash"
    viewName="v_pkey_hash_ex_id_map"
] as 439c1337ca50f7fd62b4d377ac192053
17:43:29.209 [Test worker] DEBUG liquibase - master.changelog.json: migration/vault-schema.changelog-v8.xml::create-external-id-to-state-party-view::R3.Corda: Computed checksum for 7:3b063e299ebe197af7a457ea726b2800:7:450b82f224c850f2465386ef7a707b92:7:190b235511991d2151d47c903cd91db4:7:1ee9b085d397f1a43f3b474588eddf9f:7:439c1337ca50f7fd62b4d377ac192053: as 68a2e794e4726e4e40b28753c7a64413
17:43:29.214 [Test worker] DEBUG liquibase - master.changelog.json: migration/node-info.changelog-init.xml::1511451595465-4::R3.Corda: Computed checksum for createTable:[
    columns=[
        [
            [
                nullable="false"
            ]
            name="node_info_id"
            type="INT"
        ],
        [
            [
                nullable="false"
            ]
            name="party_name"
            type="NVARCHAR(255)"
        ]
    ]
    tableName="node_link_nodeinfo_party"
] as 5f0557f6684939cfe82574a45344afd3
17:43:29.214 [Test worker] DEBUG liquibase - master.changelog.json: migration/node-info.changelog-init.xml::1511451595465-4::R3.Corda: Computed checksum for 7:5f0557f6684939cfe82574a45344afd3: as 86561ccea3a7fbbdb311d455076c98a8
17:43:29.215 [Test worker] DEBUG liquibase - master.changelog.json: migration/node-info.changelog-init.xml::1511451595465-10::R3.Corda: Computed checksum for createTable:[
    columns=[
        [
            [
                nullable="false"
            ]
            name="host"
            type="NVARCHAR(255)"
        ],
        [
            [
                nullable="false"
            ]
            name="port"
            type="INT"
        ],
        [
            name="node_info_id"
            type="INT"
        ]
    ]
    tableName="node_info_hosts"
] as 6f08193361f660a382cf54820e056a20
17:43:29.215 [Test worker] DEBUG liquibase - master.changelog.json: migration/node-info.changelog-init.xml::1511451595465-10::R3.Corda: Computed checksum for 7:6f08193361f660a382cf54820e056a20: as 86dcf13717e5dbc4c623523618380bdd
17:43:29.216 [Test worker] DEBUG liquibase - master.changelog.json: migration/node-info.changelog-init.xml::1511451595465-11::R3.Corda: Computed checksum for createTable:[
    columns=[
        [
            [
                nullable="false"
            ]
            name="party_name"
            type="NVARCHAR(255)"
        ],
        [
            [
                nullable="false"
            ]
            name="ismain"
            type="BOOLEAN"
        ],
        [
            name="owning_key_hash"
            type="NVARCHAR(130)"
        ],
        [
            name="party_cert_binary"
            type="blob"
        ]
    ]
    tableName="n... [truncated in log] as 6e371f832176dde950fe6998501cc7aa
17:43:29.217 [Test worker] DEBUG liquibase - master.changelog.json: migration/node-info.changelog-init.xml::1511451595465-11::R3.Corda: Computed checksum for 7:6e371f832176dde950fe6998501cc7aa: as ddf2ea133beca979abcb7e627a37db60
17:43:29.218 [Test worker] DEBUG liquibase - master.changelog.json: migration/node-info.changelog-init.xml::1511451595465-12::R3.Corda: Computed checksum for createTable:[
    columns=[
        [
            [
                nullable="false"
            ]
            name="node_info_id"
            type="INT"
        ],
        [
            name="node_info_hash"
            type="NVARCHAR(64)"
        ],
        [
            name="platform_version"
            type="INT"
        ],
        [
            name="serial"
            type="BIGINT"
        ]
    ]
    tableName="node_infos"
] as c5eb4436bba09a4bfb27e08b68cc57b0
17:43:29.218 [Test worker] DEBUG liquibase - master.changelog.json: migration/node-info.changelog-init.xml::1511451595465-12::R3.Corda: Computed checksum for 7:c5eb4436bba09a4bfb27e08b68cc57b0: as 2a2169c32d87fdc3442c6096740a52a5
17:43:29.220 [Test worker] DEBUG liquibase - master.changelog.json: migration/node-info.changelog-init.xml::1511451595465-35::R3.Corda: Computed checksum for addPrimaryKey:[
    columnNames="host, port"
    constraintName="node_info_hosts_pkey"
    tableName="node_info_hosts"
] as 00c44e883bc12a3353188495f454f0f6
17:43:29.220 [Test worker] DEBUG liquibase - master.changelog.json: migration/node-info.changelog-init.xml::1511451595465-35::R3.Corda: Computed checksum for 7:00c44e883bc12a3353188495f454f0f6: as 5c8230d7f489b4b961c3b52b3335e5ff
17:43:29.222 [Test worker] DEBUG liquibase - master.changelog.json: migration/node-info.changelog-init.xml::1511451595465-36::R3.Corda: Computed checksum for addPrimaryKey:[
    columnNames="party_name"
    constraintName="node_info_party_cert_pkey"
    tableName="node_info_party_cert"
] as 14054c7885bede3bc60af5d2dd08a9c8
17:43:29.222 [Test worker] DEBUG liquibase - master.changelog.json: migration/node-info.changelog-init.xml::1511451595465-36::R3.Corda: Computed checksum for 7:14054c7885bede3bc60af5d2dd08a9c8: as a4293247b9113bb0895d15e212ded67d
17:43:29.222 [Test worker] DEBUG liquibase - master.changelog.json: migration/node-info.changelog-init.xml::1511451595465-37::R3.Corda: Computed checksum for addPrimaryKey:[
    columnNames="node_info_id"
    constraintName="node_infos_pkey"
    tableName="node_infos"
] as 6adf6458b4512d6bc5ca5813c2707e3d
17:43:29.222 [Test worker] DEBUG liquibase - master.changelog.json: migration/node-info.changelog-init.xml::1511451595465-37::R3.Corda: Computed checksum for 7:6adf6458b4512d6bc5ca5813c2707e3d: as 3f7b9e25544e21798cc648d8ab2056b7
17:43:29.224 [Test worker] DEBUG liquibase - master.changelog.json: migration/node-info.changelog-init.xml::1511451595465-62::R3.Corda: Computed checksum for addForeignKeyConstraint:[
    baseColumnNames="node_info_id"
    baseTableName="node_link_nodeinfo_party"
    constraintName="FK__link_nodeinfo_party__infos"
    referencedColumnNames="node_info_id"
    referencedTableName="node_infos"
] as 1a56cab722da6c0a210824ac187fea47
17:43:29.224 [Test worker] DEBUG liquibase - master.changelog.json: migration/node-info.changelog-init.xml::1511451595465-62::R3.Corda: Computed checksum for 7:1a56cab722da6c0a210824ac187fea47: as 64add0a3b0350cfe6fa3de1428a38397
17:43:29.224 [Test worker] DEBUG liquibase - master.changelog.json: migration/node-info.changelog-init.xml::1511451595465-63::R3.Corda: Computed checksum for addForeignKeyConstraint:[
    baseColumnNames="node_info_id"
    baseTableName="node_info_hosts"
    constraintName="FK__info_hosts__infos"
    referencedColumnNames="node_info_id"
    referencedTableName="node_infos"
] as c5982833d4ecc3f6e19b870ef3cdafdc
17:43:29.225 [Test worker] DEBUG liquibase - master.changelog.json: migration/node-info.changelog-init.xml::1511451595465-63::R3.Corda: Computed checksum for 7:c5982833d4ecc3f6e19b870ef3cdafdc: as 6ea0c3bb234d14956401b6b281531832
17:43:29.225 [Test worker] DEBUG liquibase - master.changelog.json: migration/node-info.changelog-init.xml::remove_host_port_pk::R3.Corda: Computed checksum for delete:[
    tableName="node_infos"
] as 88f0f3be4f28bb97a4eff8bb6c643615
17:43:29.226 [Test worker] DEBUG liquibase - master.changelog.json: migration/node-info.changelog-init.xml::remove_host_port_pk::R3.Corda: Computed checksum for delete:[
    tableName="node_link_nodeinfo_party"
] as 8ae8d78f410d9978c57e0e7d4383c311
17:43:29.227 [Test worker] DEBUG liquibase - master.changelog.json: migration/node-info.changelog-init.xml::remove_host_port_pk::R3.Corda: Computed checksum for delete:[
    tableName="node_info_hosts"
] as c66698861dc70f2bc2f0d1aefc556a8b
17:43:29.227 [Test worker] DEBUG liquibase - master.changelog.json: migration/node-info.changelog-init.xml::remove_host_port_pk::R3.Corda: Computed checksum for delete:[
    tableName="node_info_party_cert"
] as f57d560d22a52dd192fdb3fbbb679576
17:43:29.232 [Test worker] DEBUG liquibase - master.changelog.json: migration/node-info.changelog-init.xml::remove_host_port_pk::R3.Corda: Computed checksum for dropPrimaryKey:[
    constraintName="node_info_hosts_pkey"
    tableName="node_info_hosts"
] as 8b8f98fcef92cc953b306c56fe61762f
17:43:29.233 [Test worker] DEBUG liquibase - master.changelog.json: migration/node-info.changelog-init.xml::remove_host_port_pk::R3.Corda: Computed checksum for addColumn:[
    columns=[
        [
            [
                nullable="false"
            ]
            name="hosts_id"
            type="INT"
        ]
    ]
    tableName="node_info_hosts"
] as 2bc19defe8eb317936eb134f5cf66983
17:43:29.234 [Test worker] DEBUG liquibase - master.changelog.json: migration/node-info.changelog-init.xml::remove_host_port_pk::R3.Corda: Computed checksum for addPrimaryKey:[
    columnNames="hosts_id"
    constraintName="node_info_hosts_pkey_id"
    tableName="node_info_hosts"
] as fb8c4f0a4999978cac06928bb4f0134a
17:43:29.234 [Test worker] DEBUG liquibase - master.changelog.json: migration/node-info.changelog-init.xml::remove_host_port_pk::R3.Corda: Computed checksum for 7:88f0f3be4f28bb97a4eff8bb6c643615:7:8ae8d78f410d9978c57e0e7d4383c311:7:c66698861dc70f2bc2f0d1aefc556a8b:7:f57d560d22a52dd192fdb3fbbb679576:7:8b8f98fcef92cc953b306c56fe61762f:7:2bc19defe8eb317936eb134f5cf66983:7:fb8c4f0a4999978cac06928bb4f0134a: as cb733f12ced82860fd296bb0c94c5072
17:43:29.235 [Test worker] DEBUG liquibase - master.changelog.json: migration/node-info.changelog-v1.xml::key/value node properties table::R3.Corda: Computed checksum for createTable:[
    columns=[
        [
            [
                nullable="false"
            ]
            name="property_key"
            type="NVARCHAR(255)"
        ],
        [
            name="property_value"
            type="NVARCHAR(255)"
        ]
    ]
    tableName="node_properties"
] as 17113a8df38982bab57e5f97485915b2
17:43:29.235 [Test worker] DEBUG liquibase - master.changelog.json: migration/node-info.changelog-v1.xml::key/value node properties table::R3.Corda: Computed checksum for 7:17113a8df38982bab57e5f97485915b2: as 05241b402dd60a4e1eeb86ad6c5eff9e
17:43:29.236 [Test worker] DEBUG liquibase - master.changelog.json: migration/node-info.changelog-v2.xml::1525962920::R3.Corda: Computed checksum for addNotNullConstraint:[
    columnDataType="NVARCHAR(64)"
    columnName="node_info_hash"
    tableName="node_infos"
] as 736d3fb9862e810788216a889c726699
17:43:29.236 [Test worker] DEBUG liquibase - master.changelog.json: migration/node-info.changelog-v2.xml::1525962920::R3.Corda: Computed checksum for addNotNullConstraint:[
    columnDataType="INT"
    columnName="platform_version"
    tableName="node_infos"
] as 76d2d2c9dd1c6954d572cd5a4d47366e
17:43:29.236 [Test worker] DEBUG liquibase - master.changelog.json: migration/node-info.changelog-v2.xml::1525962920::R3.Corda: Computed checksum for addNotNullConstraint:[
    columnDataType="BIGINT"
    columnName="serial"
    tableName="node_infos"
] as 26157af814171c1d3bd6f883bb5c39e8
17:43:29.236 [Test worker] DEBUG liquibase - master.changelog.json: migration/node-info.changelog-v2.xml::1525962920::R3.Corda: Computed checksum for dropNotNullConstraint:[
    columnDataType="NVARCHAR(255)"
    columnName="host"
    tableName="node_info_hosts"
] as 603a060f34f7e4bd2d4bff3b8a6621af
17:43:29.237 [Test worker] DEBUG liquibase - master.changelog.json: migration/node-info.changelog-v2.xml::1525962920::R3.Corda: Computed checksum for dropNotNullConstraint:[
    columnDataType="INT"
    columnName="port"
    tableName="node_info_hosts"
] as 1ad496134a62a18677ebb23168117bbe
17:43:29.237 [Test worker] DEBUG liquibase - master.changelog.json: migration/node-info.changelog-v2.xml::1525962920::R3.Corda: Computed checksum for addNotNullConstraint:[
    columnDataType="NVARCHAR(130)"
    columnName="owning_key_hash"
    tableName="node_info_party_cert"
] as eb00d90a19da5f3ab4970aa0b2674aae
17:43:29.237 [Test worker] DEBUG liquibase - master.changelog.json: migration/node-info.changelog-v2.xml::1525962920::R3.Corda: Computed checksum for addNotNullConstraint:[
    columnDataType="blob"
    columnName="party_cert_binary"
    tableName="node_info_party_cert"
] as 25f38c720c603b2dea35550bedab555a
17:43:29.237 [Test worker] DEBUG liquibase - master.changelog.json: migration/node-info.changelog-v2.xml::1525962920::R3.Corda: Computed checksum for 7:736d3fb9862e810788216a889c726699:7:76d2d2c9dd1c6954d572cd5a4d47366e:7:26157af814171c1d3bd6f883bb5c39e8:7:603a060f34f7e4bd2d4bff3b8a6621af:7:1ad496134a62a18677ebb23168117bbe:7:eb00d90a19da5f3ab4970aa0b2674aae:7:25f38c720c603b2dea35550bedab555a: as c3fd83668d5ed4acdefcad3f90944935
17:43:29.238 [Test worker] DEBUG liquibase - master.changelog.json: migration/node-info.changelog-v3.xml::column_host_name::R3.Corda: Computed checksum for renameColumn:[
    newColumnName="host_name"
    oldColumnName="host"
    tableName="node_info_hosts"
] as 2492206013627f2b53e89a302025675a
17:43:29.238 [Test worker] DEBUG liquibase - master.changelog.json: migration/node-info.changelog-v3.xml::column_host_name::R3.Corda: Computed checksum for 7:2492206013627f2b53e89a302025675a: as fc4ceb3b82e44070da1fff49a7b5cccb
17:43:29.239 [Test worker] DEBUG liquibase - master.changelog.json: migration/node-services.changelog-init.xml::1511451595465-5::R3.Corda: Computed checksum for createTable:[
    columns=[
        [
            [
                nullable="false"
            ]
            name="att_id"
            type="NVARCHAR(255)"
        ],
        [
            name="content"
            type="blob"
        ],
        [
            name="filename"
            type="NVARCHAR(255)"
        ],
        [
            [
                nullable="false"
            ]
            name="insertion_date"
            type="timestamp"
        ],
        [
            name="uplo... [truncated in log] as 7eb17f5047b5f49e47197095dde1065c
17:43:29.239 [Test worker] DEBUG liquibase - master.changelog.json: migration/node-services.changelog-init.xml::1511451595465-5::R3.Corda: Computed checksum for 7:7eb17f5047b5f49e47197095dde1065c: as 464a5bbaf24fe78716c38c544dc81f3c
17:43:29.246 [Test worker] DEBUG liquibase - master.changelog.json: migration/node-services.changelog-init.xml::1511451595465-7::R3.Corda: Computed checksum for createTable:[
    columns=[
        [
            [
                nullable="false"
            ]
            name="checkpoint_id"
            type="NVARCHAR(64)"
        ],
        [
            name="checkpoint_value"
            type="blob"
        ]
    ]
    tableName="node_checkpoints"
] as 4f2d38f516c2eeb1483d86b4a25f26c6
17:43:29.247 [Test worker] DEBUG liquibase - master.changelog.json: migration/node-services.changelog-init.xml::1511451595465-7::R3.Corda: Computed checksum for 7:4f2d38f516c2eeb1483d86b4a25f26c6: as 2870aa3a468e81bab1cd24ac70ca2163
17:43:29.263 [Test worker] DEBUG liquibase - master.changelog.json: migration/node-services.changelog-init.xml::1511451595465-8::R3.Corda: Computed checksum for createTable:[
    columns=[
        [
            [
                nullable="false"
            ]
            name="state_ref"
            type="NVARCHAR(96)"
        ],
        [
            name="contract_class_name"
            type="NVARCHAR(255)"
        ]
    ]
    tableName="node_contract_upgrades"
] as bf4885aea883ac63c151d7d01a760dc1
17:43:29.264 [Test worker] DEBUG liquibase - master.changelog.json: migration/node-services.changelog-init.xml::1511451595465-8::R3.Corda: Computed checksum for 7:bf4885aea883ac63c151d7d01a760dc1: as bf156b1c48e915e7d8090d5162e31c02
17:43:29.274 [Test worker] DEBUG liquibase - master.changelog.json: migration/node-services.changelog-init.xml::1511451595465-9::R3.Corda: Computed checksum for createTable:[
    columns=[
        [
            [
                nullable="false"
            ]
            name="pk_hash"
            type="NVARCHAR(130)"
        ],
        [
            name="identity_value"
            type="blob"
        ]
    ]
    tableName="node_identities"
] as 64ced0b8682a33911d574622be63a98d
17:43:29.275 [Test worker] DEBUG liquibase - master.changelog.json: migration/node-services.changelog-init.xml::1511451595465-9::R3.Corda: Computed checksum for 7:64ced0b8682a33911d574622be63a98d: as ea04cf1cc4ea1112c4cbbf932bc51c56
17:43:29.282 [Test worker] DEBUG liquibase - master.changelog.json: migration/node-services.changelog-init.xml::1511451595465-13::R3.Corda: Computed checksum for createTable:[
    columns=[
        [
            [
                nullable="false"
            ]
            name="message_id"
            type="NVARCHAR(64)"
        ],
        [
            name="insertion_time"
            type="timestamp"
        ]
    ]
    tableName="node_message_ids"
] as 32260ae57d06eabdf47f4f4d600577ce
17:43:29.283 [Test worker] DEBUG liquibase - master.changelog.json: migration/node-services.changelog-init.xml::1511451595465-13::R3.Corda: Computed checksum for 7:32260ae57d06eabdf47f4f4d600577ce: as 340ca6c0b7c87b663b0449535b082f80
17:43:29.284 [Test worker] DEBUG liquibase - master.changelog.json: migration/node-services.changelog-init.xml::1511451595465-14::R3.Corda: Computed checksum for createTable:[
    columns=[
        [
            [
                nullable="false"
            ]
            name="message_id"
            type="BIGINT"
        ],
        [
            name="message"
            type="blob"
        ],
        [
            name="recipients"
            type="blob"
        ]
    ]
    tableName="node_message_retry"
] as c87f1cec41d842caa66dd71a14a6fa34
17:43:29.285 [Test worker] DEBUG liquibase - master.changelog.json: migration/node-services.changelog-init.xml::1511451595465-14::R3.Corda: Computed checksum for 7:c87f1cec41d842caa66dd71a14a6fa34: as 1dc64c73807569fb04c10a9b2d760ff0
17:43:29.286 [Test worker] DEBUG liquibase - master.changelog.json: migration/node-services.changelog-init.xml::1511451595465-15::R3.Corda: Computed checksum for createTable:[
    columns=[
        [
            [
                nullable="false"
            ]
            name="name"
            type="NVARCHAR(128)"
        ],
        [
            name="pk_hash"
            type="NVARCHAR(130)"
        ]
    ]
    tableName="node_named_identities"
] as 9ba9555dab34db960c8083672afee328
17:43:29.286 [Test worker] DEBUG liquibase - master.changelog.json: migration/node-services.changelog-init.xml::1511451595465-15::R3.Corda: Computed checksum for 7:9ba9555dab34db960c8083672afee328: as 108b7d395f7fb3cfc8ce4e364c4008a5
17:43:29.295 [Test worker] DEBUG liquibase - master.changelog.json: migration/node-services.changelog-init.xml::1511451595465-17::R3.Corda: Computed checksum for createTable:[
    columns=[
        [
            [
                nullable="false"
            ]
            name="public_key_hash"
            type="NVARCHAR(130)"
        ],
        [
            name="private_key"
            type="blob"
        ],
        [
            name="public_key"
            type="blob"
        ]
    ]
    tableName="node_our_key_pairs"
] as afc7fa2555c800c74f9ca1b41689a048
17:43:29.305 [Test worker] DEBUG liquibase - master.changelog.json: migration/node-services.changelog-init.xml::1511451595465-17::R3.Corda: Computed checksum for 7:afc7fa2555c800c74f9ca1b41689a048: as a8b4ae7170f56f1df8a23b530bef4dd1
17:43:29.307 [Test worker] DEBUG liquibase - master.changelog.json: migration/node-services.changelog-init.xml::1511451595465-19::R3.Corda: Computed checksum for createTable:[
    columns=[
        [
            [
                nullable="false"
            ]
            name="output_index"
            type="INT"
        ],
        [
            [
                nullable="false"
            ]
            name="transaction_id"
            type="NVARCHAR(64)"
        ],
        [
            [
                nullable="false"
            ]
            name="scheduled_at"
            type="timestamp"
        ]
    ]
    tableName="node_scheduled_states"
] as defd113d95e94bcd27bcdeb3a96be38b
17:43:29.309 [Test worker] DEBUG liquibase - master.changelog.json: migration/node-services.changelog-init.xml::1511451595465-19::R3.Corda: Computed checksum for 7:defd113d95e94bcd27bcdeb3a96be38b: as 2aaf3df7bdbea9c71aa8bea4e14f11ef
17:43:29.313 [Test worker] DEBUG liquibase - master.changelog.json: migration/node-services.changelog-init.xml::1511451595465-20::R3.Corda: Computed checksum for createTable:[
    columns=[
        [
            [
                nullable="false"
            ]
            name="tx_id"
            type="NVARCHAR(64)"
        ],
        [
            name="state_machine_run_id"
            type="NVARCHAR(36)"
        ]
    ]
    tableName="node_transaction_mappings"
] as a98109c55addd90e480a6fc1ecb48d1d
17:43:29.315 [Test worker] DEBUG liquibase - master.changelog.json: migration/node-services.changelog-init.xml::1511451595465-20::R3.Corda: Computed checksum for 7:a98109c55addd90e480a6fc1ecb48d1d: as f003464d28fe934c636b24e7c72d9c27
17:43:29.316 [Test worker] DEBUG liquibase - master.changelog.json: migration/node-services.changelog-init.xml::1511451595465-21::R3.Corda: Computed checksum for createTable:[
    columns=[
        [
            [
                nullable="false"
            ]
            name="tx_id"
            type="NVARCHAR(64)"
        ],
        [
            name="transaction_value"
            type="blob"
        ]
    ]
    tableName="node_transactions"
] as af8f3c1c7978f86414e864bc0bb9d453
17:43:29.320 [Test worker] DEBUG liquibase - master.changelog.json: migration/node-services.changelog-init.xml::1511451595465-21::R3.Corda: Computed checksum for 7:af8f3c1c7978f86414e864bc0bb9d453: as 8b167e9074e47be66c742aec5661b5d1
17:43:29.320 [Test worker] DEBUG liquibase - master.changelog.json: migration/node-services.changelog-init.xml::1511451595465-30::R3.Corda: Computed checksum for addPrimaryKey:[
    columnNames="att_id"
    constraintName="node_attachments_pkey"
    tableName="node_attachments"
] as 96b8c8009c4a24b06c8ecd3048142128
17:43:29.321 [Test worker] DEBUG liquibase - master.changelog.json: migration/node-services.changelog-init.xml::1511451595465-30::R3.Corda: Computed checksum for 7:96b8c8009c4a24b06c8ecd3048142128: as 4aa12646e41346c10ae1d18b43468b3e
17:43:29.321 [Test worker] DEBUG liquibase - master.changelog.json: migration/node-services.changelog-init.xml::1511451595465-32::R3.Corda: Computed checksum for addPrimaryKey:[
    columnNames="checkpoint_id"
    constraintName="node_checkpoints_pkey"
    tableName="node_checkpoints"
] as 26e60c36f3099cb85a85082b388391c2
17:43:29.321 [Test worker] DEBUG liquibase - master.changelog.json: migration/node-services.changelog-init.xml::1511451595465-32::R3.Corda: Computed checksum for 7:26e60c36f3099cb85a85082b388391c2: as fa0f2ed27615a3fd2b799bb27b447a36
17:43:29.322 [Test worker] DEBUG liquibase - master.changelog.json: migration/node-services.changelog-init.xml::1511451595465-33::R3.Corda: Computed checksum for addPrimaryKey:[
    columnNames="state_ref"
    constraintName="node_contract_upgrades_pkey"
    tableName="node_contract_upgrades"
] as d4c28cd597e7a32cd0d9f3d2a4104650
17:43:29.322 [Test worker] DEBUG liquibase - master.changelog.json: migration/node-services.changelog-init.xml::1511451595465-33::R3.Corda: Computed checksum for 7:d4c28cd597e7a32cd0d9f3d2a4104650: as 37e38ccee8d375f364abca393727eec7
17:43:29.323 [Test worker] DEBUG liquibase - master.changelog.json: migration/node-services.changelog-init.xml::1511451595465-34::R3.Corda: Computed checksum for addPrimaryKey:[
    columnNames="pk_hash"
    constraintName="node_identities_pkey"
    tableName="node_identities"
] as 18ff03ab4c5827e642ce637c7155bd78
17:43:29.324 [Test worker] DEBUG liquibase - master.changelog.json: migration/node-services.changelog-init.xml::1511451595465-34::R3.Corda: Computed checksum for 7:18ff03ab4c5827e642ce637c7155bd78: as 43d4f1fd6b4b69fcd6b046d8806c8f50
17:43:29.327 [Test worker] DEBUG liquibase - master.changelog.json: migration/node-services.changelog-init.xml::1511451595465-38::R3.Corda: Computed checksum for addPrimaryKey:[
    columnNames="message_id"
    constraintName="node_message_ids_pkey"
    tableName="node_message_ids"
] as 5350f5a01fe53cad542ce506faf827a5
17:43:29.328 [Test worker] DEBUG liquibase - master.changelog.json: migration/node-services.changelog-init.xml::1511451595465-38::R3.Corda: Computed checksum for 7:5350f5a01fe53cad542ce506faf827a5: as 37825d1c920089f5d1d8667fae2a0770
17:43:29.328 [Test worker] DEBUG liquibase - master.changelog.json: migration/node-services.changelog-init.xml::1511451595465-39::R3.Corda: Computed checksum for addPrimaryKey:[
    columnNames="message_id"
    constraintName="node_message_retry_pkey"
    tableName="node_message_retry"
] as 05c5906d403843ddbc494dc9314c47db
17:43:29.329 [Test worker] DEBUG liquibase - master.changelog.json: migration/node-services.changelog-init.xml::1511451595465-39::R3.Corda: Computed checksum for 7:05c5906d403843ddbc494dc9314c47db: as 7cc6fa875e39740c709235ff27960561
17:43:29.330 [Test worker] DEBUG liquibase - master.changelog.json: migration/node-services.changelog-init.xml::1511451595465-40::R3.Corda: Computed checksum for addPrimaryKey:[
    columnNames="name"
    constraintName="node_named_identities_pkey"
    tableName="node_named_identities"
] as 64274859807014ee0d62867ef274028a
17:43:29.330 [Test worker] DEBUG liquibase - master.changelog.json: migration/node-services.changelog-init.xml::1511451595465-40::R3.Corda: Computed checksum for 7:64274859807014ee0d62867ef274028a: as 9fac7485c58064b7e7ddce0bd1af86c4
17:43:29.330 [Test worker] DEBUG liquibase - master.changelog.json: migration/node-services.changelog-init.xml::1511451595465-42::R3.Corda: Computed checksum for addPrimaryKey:[
    columnNames="public_key_hash"
    constraintName="node_our_key_pairs_pkey"
    tableName="node_our_key_pairs"
] as 2dc24802cacd1ecc9195c88381d1e14a
17:43:29.330 [Test worker] DEBUG liquibase - master.changelog.json: migration/node-services.changelog-init.xml::1511451595465-42::R3.Corda: Computed checksum for 7:2dc24802cacd1ecc9195c88381d1e14a: as e3644c4b7315958cfb3a3cd4a3f40946
17:43:29.331 [Test worker] DEBUG liquibase - master.changelog.json: migration/node-services.changelog-init.xml::1511451595465-44::R3.Corda: Computed checksum for addPrimaryKey:[
    columnNames="output_index, transaction_id"
    constraintName="node_scheduled_states_pkey"
    tableName="node_scheduled_states"
] as 4c77187a59774106bd1e1d37d89ae1f1
17:43:29.331 [Test worker] DEBUG liquibase - master.changelog.json: migration/node-services.changelog-init.xml::1511451595465-44::R3.Corda: Computed checksum for 7:4c77187a59774106bd1e1d37d89ae1f1: as 122e6cc40f7e50d8c9ffeb46861ed786
17:43:29.332 [Test worker] DEBUG liquibase - master.changelog.json: migration/node-services.changelog-init.xml::1511451595465-45::R3.Corda: Computed checksum for addPrimaryKey:[
    columnNames="tx_id"
    constraintName="node_transaction_mappings_pkey"
    tableName="node_transaction_mappings"
] as 8cc604e43605d57ebbd96b86580c421d
17:43:29.332 [Test worker] DEBUG liquibase - master.changelog.json: migration/node-services.changelog-init.xml::1511451595465-45::R3.Corda: Computed checksum for 7:8cc604e43605d57ebbd96b86580c421d: as c4ba1fcc19b22e52678633b13053eaa1
17:43:29.332 [Test worker] DEBUG liquibase - master.changelog.json: migration/node-services.changelog-init.xml::1511451595465-46::R3.Corda: Computed checksum for addPrimaryKey:[
    columnNames="tx_id"
    constraintName="node_transactions_pkey"
    tableName="node_transactions"
] as 4965c0f02c5ff2bc61985685f3256218
17:43:29.333 [Test worker] DEBUG liquibase - master.changelog.json: migration/node-services.changelog-init.xml::1511451595465-46::R3.Corda: Computed checksum for 7:4965c0f02c5ff2bc61985685f3256218: as 1a41a33c68c6f56be99cbfa9af7c2646
17:43:29.333 [Test worker] DEBUG liquibase - master.changelog.json: migration/node-services.changelog-init.xml::1511451595465-61::R3.Corda: Computed checksum for addForeignKeyConstraint:[
    baseColumnNames="party_name"
    baseTableName="node_link_nodeinfo_party"
    constraintName="FK__link_ni_p__info_p_cert"
    referencedColumnNames="party_name"
    referencedTableName="node_info_party_cert"
] as 44f7bd5dcfc33807eef117a55a62eef7
17:43:29.334 [Test worker] DEBUG liquibase - master.changelog.json: migration/node-services.changelog-init.xml::1511451595465-61::R3.Corda: Computed checksum for 7:44f7bd5dcfc33807eef117a55a62eef7: as f753db641a982caad48d7169dafbc854
17:43:29.335 [Test worker] DEBUG liquibase - master.changelog.json: migration/node-services.changelog-init.xml::add index att_id::R3.Corda: Computed checksum for createIndex:[
    columns=[
        [
            name="att_id"
        ]
    ]
    indexName="att_id_idx"
    tableName="node_attachments"
] as 52e7146df14351ff7556f6d45bd4fabd
17:43:29.335 [Test worker] DEBUG liquibase - master.changelog.json: migration/node-services.changelog-init.xml::add index att_id::R3.Corda: Computed checksum for 7:52e7146df14351ff7556f6d45bd4fabd: as 302188110e9124abd4ef58020255fbb0
17:43:29.336 [Test worker] DEBUG liquibase - master.changelog.json: migration/node-services.changelog-init.xml::add_contract_attachment::R3.Corda: Computed checksum for createTable:[
    columns=[
        [
            [
                nullable="false"
            ]
            name="att_id"
            type="NVARCHAR(255)"
        ],
        [
            name="contract_class_name"
            type="NVARCHAR(255)"
        ]
    ]
    tableName="node_attchments_contracts"
] as 184098a87199f7fd6863799c29181b39
17:43:29.339 [Test worker] DEBUG liquibase - master.changelog.json: migration/node-services.changelog-init.xml::add_contract_attachment::R3.Corda: Computed checksum for addForeignKeyConstraint:[
    baseColumnNames="att_id"
    baseTableName="node_attchments_contracts"
    constraintName="FK__ctr_class__attachments"
    referencedColumnNames="att_id"
    referencedTableName="node_attachments"
] as f50a4be698e1b1efc9e456d8a396f45d
17:43:29.341 [Test worker] DEBUG liquibase - master.changelog.json: migration/node-services.changelog-init.xml::add_contract_attachment::R3.Corda: Computed checksum for delete:[
    tableName="node_attachments"
] as 6ab2de0f26c32b87fd416f7bb0b2041a
17:43:29.341 [Test worker] DEBUG liquibase - master.changelog.json: migration/node-services.changelog-init.xml::add_contract_attachment::R3.Corda: Computed checksum for 7:184098a87199f7fd6863799c29181b39:7:f50a4be698e1b1efc9e456d8a396f45d:7:6ab2de0f26c32b87fd416f7bb0b2041a: as 2cfbc6a84cfcd7b8ce011b58aa70f584
17:43:29.346 [Test worker] DEBUG liquibase - master.changelog.json: migration/node-services.changelog-init.xml::add_dedup_columns::R3.Corda: Computed checksum for addColumn:[
    columns=[
        [
            name="sender"
            type="NVARCHAR(64)"
        ],
        [
            name="sequence_number"
            type="BIGINT"
        ]
    ]
    tableName="node_message_ids"
] as 52d08b6e53239379a1a266904ac87a23
17:43:29.346 [Test worker] DEBUG liquibase - master.changelog.json: migration/node-services.changelog-init.xml::add_dedup_columns::R3.Corda: Computed checksum for 7:52d08b6e53239379a1a266904ac87a23: as 376ede2552aa97e8abf9d9a808c16692
17:43:29.347 [Test worker] DEBUG liquibase - master.changelog.json: migration/node-core.changelog-v4.xml::attchments_rename::R3.Corda: Computed checksum for renameTable:[
    newTableName="node_attachments_contracts"
    oldTableName="node_attchments_contracts"
] as 0356ef37e1bbbe5465248f9614a94dd3
17:43:29.347 [Test worker] DEBUG liquibase - master.changelog.json: migration/node-core.changelog-v4.xml::attchments_rename::R3.Corda: Computed checksum for 7:0356ef37e1bbbe5465248f9614a94dd3: as 9c9553fbc45dfa0ec2117a113b1bfb13
17:43:29.348 [Test worker] DEBUG liquibase - master.changelog.json: migration/node-core.changelog-v4.xml::nullability::R3.Corda: Computed checksum for addNotNullConstraint:[
    columnDataType="blob"
    columnName="identity_value"
    tableName="node_identities"
] as 0ff1c74277be0f57d8da467bd3af81ba
17:43:29.348 [Test worker] DEBUG liquibase - master.changelog.json: migration/node-core.changelog-v4.xml::nullability::R3.Corda: Computed checksum for addNotNullConstraint:[
    columnDataType="blob"
    columnName="content"
    tableName="node_attachments"
] as dd563134d4976b0fc550563a3a9547d0
17:43:29.350 [Test worker] DEBUG liquibase - master.changelog.json: migration/node-core.changelog-v4.xml::nullability::R3.Corda: Computed checksum for addNotNullConstraint:[
    columnDataType="NVARCHAR(255)"
    columnName="contract_class_name"
    tableName="node_attachments_contracts"
] as fcbb1bca17f3fdbb18a1857897fc06f5
17:43:29.354 [Test worker] DEBUG liquibase - master.changelog.json: migration/node-core.changelog-v4.xml::nullability::R3.Corda: Computed checksum for addNotNullConstraint:[
    columnDataType="blob"
    columnName="checkpoint_value"
    tableName="node_checkpoints"
] as 58c19f5fa79bba98f82a37d6f4b5a6b9
17:43:29.354 [Test worker] DEBUG liquibase - master.changelog.json: migration/node-core.changelog-v4.xml::nullability::R3.Corda: Computed checksum for addNotNullConstraint:[
    columnDataType="NVARCHAR(255)"
    columnName="contract_class_name"
    tableName="node_contract_upgrades"
] as c29d2d41b0a68e07a140a2368ba5bba1
17:43:29.354 [Test worker] DEBUG liquibase - master.changelog.json: migration/node-core.changelog-v4.xml::nullability::R3.Corda: Computed checksum for addNotNullConstraint:[
    columnDataType="timestamp"
    columnName="insertion_time"
    tableName="node_message_ids"
] as 790718a410431aa28f9264789001ba45
17:43:29.355 [Test worker] DEBUG liquibase - master.changelog.json: migration/node-core.changelog-v4.xml::nullability::R3.Corda: Computed checksum for addNotNullConstraint:[
    columnDataType="blob"
    columnName="message"
    tableName="node_message_retry"
] as 1898ae47388ec4edef20156ecfff9aac
17:43:29.355 [Test worker] DEBUG liquibase - master.changelog.json: migration/node-core.changelog-v4.xml::nullability::R3.Corda: Computed checksum for addNotNullConstraint:[
    columnDataType="blob"
    columnName="recipients"
    tableName="node_message_retry"
] as c8e6a209afb71510082c39b6585beccf
17:43:29.355 [Test worker] DEBUG liquibase - master.changelog.json: migration/node-core.changelog-v4.xml::nullability::R3.Corda: Computed checksum for addNotNullConstraint:[
    columnDataType="NVARCHAR(130)"
    columnName="pk_hash"
    tableName="node_named_identities"
] as a8187d893238bffdbf57cdd9d63bfdba
17:43:29.355 [Test worker] DEBUG liquibase - master.changelog.json: migration/node-core.changelog-v4.xml::nullability::R3.Corda: Computed checksum for addNotNullConstraint:[
    columnDataType="blob"
    columnName="private_key"
    tableName="node_our_key_pairs"
] as b2af64a77f468869df53c57ab50eb85b
17:43:29.356 [Test worker] DEBUG liquibase - master.changelog.json: migration/node-core.changelog-v4.xml::nullability::R3.Corda: Computed checksum for addNotNullConstraint:[
    columnDataType="blob"
    columnName="public_key"
    tableName="node_our_key_pairs"
] as 713d90dc7b4029ace717deb55694f4a5
17:43:29.356 [Test worker] DEBUG liquibase - master.changelog.json: migration/node-core.changelog-v4.xml::nullability::R3.Corda: Computed checksum for addNotNullConstraint:[
    columnDataType="NVARCHAR(36)"
    columnName="state_machine_run_id"
    tableName="node_transaction_mappings"
] as 685dff1bf416bfa2574449a7f932d6f1
17:43:29.357 [Test worker] DEBUG liquibase - master.changelog.json: migration/node-core.changelog-v4.xml::nullability::R3.Corda: Computed checksum for addNotNullConstraint:[
    columnDataType="blob"
    columnName="transaction_value"
    tableName="node_transactions"
] as 9f7524707b3715b2aa22a20bc6fcabc5
17:43:29.357 [Test worker] DEBUG liquibase - master.changelog.json: migration/node-core.changelog-v4.xml::nullability::R3.Corda: Computed checksum for 7:0ff1c74277be0f57d8da467bd3af81ba:7:dd563134d4976b0fc550563a3a9547d0:7:fcbb1bca17f3fdbb18a1857897fc06f5:7:58c19f5fa79bba98f82a37d6f4b5a6b9:7:c29d2d41b0a68e07a140a2368ba5bba1:7:790718a410431aa28f9264789001ba45:7:1898ae47388ec4edef20156ecfff9aac:7:c8e6a209afb71510082c39b6585beccf:7:a8187d893238bffdbf57cdd9d63bfdba:7:b2af64a77f468869df53c57ab50eb85b:7:713d90dc7b4029ace717deb55694f4a5:7:685dff1bf416bfa2574449a7f932d6f1:7:9f7524707b3715b2aa22a20bc6fcabc5: as 73b3f89cdd2a42efebeb125648c28191
17:43:29.358 [Test worker] DEBUG liquibase - master.changelog.json: migration/node-core.changelog-v5.xml::remove_unused_node_message_retry::R3.Corda: Computed checksum for dropTable:[
    tableName="node_message_retry"
] as 8907740960b74152d1e573f64f4ce208
17:43:29.358 [Test worker] DEBUG liquibase - master.changelog.json: migration/node-core.changelog-v5.xml::remove_unused_node_message_retry::R3.Corda: Computed checksum for 7:8907740960b74152d1e573f64f4ce208: as cd120ad46e3a88b0eeaa7ffdcf8a0861
17:43:29.359 [Test worker] DEBUG liquibase - master.changelog.json: migration/node-core.changelog-pkey.xml::non-clustered_pk-1::R3.Corda: Computed checksum for dropPrimaryKey:[
    constraintName="node_checkpoints_pkey"
    tableName="node_checkpoints"
] as 9f99a134773f14ab2cbc2cd6f156b603
17:43:29.360 [Test worker] DEBUG liquibase - master.changelog.json: migration/node-core.changelog-pkey.xml::non-clustered_pk-1::R3.Corda: Computed checksum for addPrimaryKey:[
    clustered="false"
    columnNames="checkpoint_id"
    constraintName="node_checkpoints_pkey"
    tableName="node_checkpoints"
] as a18afa1a1a70b87465896c3520a34c84
17:43:29.360 [Test worker] DEBUG liquibase - master.changelog.json: migration/node-core.changelog-pkey.xml::non-clustered_pk-1::R3.Corda: Computed checksum for 7:9f99a134773f14ab2cbc2cd6f156b603:7:a18afa1a1a70b87465896c3520a34c84: as eb9d9d13536371a16c05f8a89051e6b0
17:43:29.361 [Test worker] INFO liquibase - master.changelog.json: migration/node-core.changelog-pkey.xml::non-clustered_pk-1::R3.Corda: Skipping changeSet migration/node-core.changelog-pkey.xml::non-clustered_pk-1::R3.Corda due to validation error(s): clustered is not allowed on h2
17:43:29.361 [Test worker] DEBUG liquibase - master.changelog.json: migration/node-core.changelog-pkey.xml::non-clustered_pk-2::R3.Corda: Computed checksum for dropPrimaryKey:[
    constraintName="node_identities_pkey"
    tableName="node_identities"
] as 605c45e8edd8d52e86e00a89fe2ac35e
17:43:29.362 [Test worker] DEBUG liquibase - master.changelog.json: migration/node-core.changelog-pkey.xml::non-clustered_pk-2::R3.Corda: Computed checksum for addPrimaryKey:[
    clustered="false"
    columnNames="pk_hash"
    constraintName="node_identities_pkey"
    tableName="node_identities"
] as fbf664dd28d0f4f6c49ae6c1fa52bd3e
17:43:29.362 [Test worker] DEBUG liquibase - master.changelog.json: migration/node-core.changelog-pkey.xml::non-clustered_pk-2::R3.Corda: Computed checksum for 7:605c45e8edd8d52e86e00a89fe2ac35e:7:fbf664dd28d0f4f6c49ae6c1fa52bd3e: as d4192425f4f38b39f3b09611028e5c14
17:43:29.362 [Test worker] INFO liquibase - master.changelog.json: migration/node-core.changelog-pkey.xml::non-clustered_pk-2::R3.Corda: Skipping changeSet migration/node-core.changelog-pkey.xml::non-clustered_pk-2::R3.Corda due to validation error(s): clustered is not allowed on h2
17:43:29.363 [Test worker] DEBUG liquibase - master.changelog.json: migration/node-core.changelog-pkey.xml::non-clustered_pk-3::R3.Corda: Computed checksum for dropPrimaryKey:[
    constraintName="node_message_ids_pkey"
    tableName="node_message_ids"
] as ba87180f3d741766134d74212ca6032f
17:43:29.363 [Test worker] DEBUG liquibase - master.changelog.json: migration/node-core.changelog-pkey.xml::non-clustered_pk-3::R3.Corda: Computed checksum for addPrimaryKey:[
    clustered="false"
    columnNames="message_id"
    constraintName="node_message_ids_pkey"
    tableName="node_message_ids"
] as 8aaadb5242637738d617d395100b45a5
17:43:29.364 [Test worker] DEBUG liquibase - master.changelog.json: migration/node-core.changelog-pkey.xml::non-clustered_pk-3::R3.Corda: Computed checksum for 7:ba87180f3d741766134d74212ca6032f:7:8aaadb5242637738d617d395100b45a5: as 9773a095cc1db7ea3a66e7e5565bb58e
17:43:29.364 [Test worker] INFO liquibase - master.changelog.json: migration/node-core.changelog-pkey.xml::non-clustered_pk-3::R3.Corda: Skipping changeSet migration/node-core.changelog-pkey.xml::non-clustered_pk-3::R3.Corda due to validation error(s): clustered is not allowed on h2
17:43:29.364 [Test worker] DEBUG liquibase - master.changelog.json: migration/node-core.changelog-pkey.xml::non-clustered_pk-4::R3.Corda: Computed checksum for dropPrimaryKey:[
    constraintName="node_named_identities_pkey"
    tableName="node_named_identities"
] as d24b036e035ca98e1702e37946c90818
17:43:29.365 [Test worker] DEBUG liquibase - master.changelog.json: migration/node-core.changelog-pkey.xml::non-clustered_pk-4::R3.Corda: Computed checksum for addPrimaryKey:[
    clustered="false"
    columnNames="name"
    constraintName="node_named_identities_pkey"
    tableName="node_named_identities"
] as ae93b29e74c25596344b0d7aa14239b9
17:43:29.365 [Test worker] DEBUG liquibase - master.changelog.json: migration/node-core.changelog-pkey.xml::non-clustered_pk-4::R3.Corda: Computed checksum for 7:d24b036e035ca98e1702e37946c90818:7:ae93b29e74c25596344b0d7aa14239b9: as f1e21d4abffbb24133e752eb9cd6a162
17:43:29.366 [Test worker] INFO liquibase - master.changelog.json: migration/node-core.changelog-pkey.xml::non-clustered_pk-4::R3.Corda: Skipping changeSet migration/node-core.changelog-pkey.xml::non-clustered_pk-4::R3.Corda due to validation error(s): clustered is not allowed on h2
17:43:29.367 [Test worker] DEBUG liquibase - master.changelog.json: migration/node-core.changelog-pkey.xml::non-clustered_pk-5::R3.Corda: Computed checksum for dropPrimaryKey:[
    constraintName="node_our_key_pairs_pkey"
    tableName="node_our_key_pairs"
] as 9ac2cf82fe1a0d3a4afa3f284102f0ed
17:43:29.367 [Test worker] DEBUG liquibase - master.changelog.json: migration/node-core.changelog-pkey.xml::non-clustered_pk-5::R3.Corda: Computed checksum for addPrimaryKey:[
    clustered="false"
    columnNames="public_key_hash"
    constraintName="node_our_key_pairs_pkey"
    tableName="node_our_key_pairs"
] as b30cc3700d89cfc198fe0601af670c55
17:43:29.367 [Test worker] DEBUG liquibase - master.changelog.json: migration/node-core.changelog-pkey.xml::non-clustered_pk-5::R3.Corda: Computed checksum for 7:9ac2cf82fe1a0d3a4afa3f284102f0ed:7:b30cc3700d89cfc198fe0601af670c55: as 4ea09df2dbab99be33f8251a40d1c5a6
17:43:29.367 [Test worker] INFO liquibase - master.changelog.json: migration/node-core.changelog-pkey.xml::non-clustered_pk-5::R3.Corda: Skipping changeSet migration/node-core.changelog-pkey.xml::non-clustered_pk-5::R3.Corda due to validation error(s): clustered is not allowed on h2
17:43:29.367 [Test worker] DEBUG liquibase - master.changelog.json: migration/node-core.changelog-pkey.xml::non-clustered_pk-6::R3.Corda: Computed checksum for dropPrimaryKey:[
    constraintName="node_transaction_mappings_pkey"
    tableName="node_transaction_mappings"
] as 983db0cc88ef50f6461218ae4c516eed
17:43:29.368 [Test worker] DEBUG liquibase - master.changelog.json: migration/node-core.changelog-pkey.xml::non-clustered_pk-6::R3.Corda: Computed checksum for addPrimaryKey:[
    clustered="false"
    columnNames="tx_id"
    constraintName="node_transaction_mappings_pkey"
    tableName="node_transaction_mappings"
] as dcb9146c1054916a8af5a4fb2f9152e2
17:43:29.368 [Test worker] DEBUG liquibase - master.changelog.json: migration/node-core.changelog-pkey.xml::non-clustered_pk-6::R3.Corda: Computed checksum for 7:983db0cc88ef50f6461218ae4c516eed:7:dcb9146c1054916a8af5a4fb2f9152e2: as cb349ad07d3039e6d7d2f184988b954f
17:43:29.368 [Test worker] INFO liquibase - master.changelog.json: migration/node-core.changelog-pkey.xml::non-clustered_pk-6::R3.Corda: Skipping changeSet migration/node-core.changelog-pkey.xml::non-clustered_pk-6::R3.Corda due to validation error(s): clustered is not allowed on h2
17:43:29.368 [Test worker] DEBUG liquibase - master.changelog.json: migration/node-core.changelog-pkey.xml::non-clustered_pk-7::R3.Corda: Computed checksum for dropPrimaryKey:[
    constraintName="node_transactions_pkey"
    tableName="node_transactions"
] as f422783d78c2f5d16738c611e1317bf1
17:43:29.368 [Test worker] DEBUG liquibase - master.changelog.json: migration/node-core.changelog-pkey.xml::non-clustered_pk-7::R3.Corda: Computed checksum for addPrimaryKey:[
    clustered="false"
    columnNames="tx_id"
    constraintName="node_transactions_pkey"
    tableName="node_transactions"
] as 457dcb0ccf83fa48cc8a9643c91b9ad4
17:43:29.368 [Test worker] DEBUG liquibase - master.changelog.json: migration/node-core.changelog-pkey.xml::non-clustered_pk-7::R3.Corda: Computed checksum for 7:f422783d78c2f5d16738c611e1317bf1:7:457dcb0ccf83fa48cc8a9643c91b9ad4: as 97c3ef240152c18129859ea5ae999c9e
17:43:29.368 [Test worker] INFO liquibase - master.changelog.json: migration/node-core.changelog-pkey.xml::non-clustered_pk-7::R3.Corda: Skipping changeSet migration/node-core.changelog-pkey.xml::non-clustered_pk-7::R3.Corda due to validation error(s): clustered is not allowed on h2
17:43:29.369 [Test worker] DEBUG liquibase - master.changelog.json: migration/node-core.changelog-v8.xml::conditional_attchments_rename::R3.Corda: Computed checksum for renameTable:[
    newTableName="NODE_ATTACHMENTS_CONTRACTS"
    oldTableName="NODE_ATTCHMENTS_CONTRACTS"
] as 0dba1c02ba10df0f9c88e1631299486e
17:43:29.369 [Test worker] DEBUG liquibase - master.changelog.json: migration/node-core.changelog-v8.xml::conditional_attchments_rename::R3.Corda: Computed checksum for 7:0dba1c02ba10df0f9c88e1631299486e: as c7fcf1b072eb8882179623895abd6a53
17:43:29.369 [Test worker] DEBUG liquibase - master.changelog.json: migration/node-core.changelog-v8.xml::conditional_attchments_contracts::R3.Corda: Computed checksum for renameTable:[
    newTableName="NODE_ATTACHMENTS_CONTRACTS"
    oldTableName="NODE_ATTACHMENTS_CONTRACT_CLASS_NAME"
] as ae58ab3570282cf1723e82df8647178c
17:43:29.369 [Test worker] DEBUG liquibase - master.changelog.json: migration/node-core.changelog-v8.xml::conditional_attchments_contracts::R3.Corda: Computed checksum for 7:ae58ab3570282cf1723e82df8647178c: as 9ec85543b6baac8a877ad21f063a5b13
17:43:29.369 [Test worker] DEBUG liquibase - master.changelog.json: migration/node-core.changelog-v8.xml::add_signers::R3.Corda: Computed checksum for createTable:[
    columns=[
        [
            [
                nullable="false"
            ]
            name="att_id"
            type="NVARCHAR(255)"
        ],
        [
            name="signer"
            type="NVARCHAR(1024)"
        ]
    ]
    tableName="node_attachments_signers"
] as ec83f8cd0344429668e5c2aedd0b2ab3
17:43:29.370 [Test worker] DEBUG liquibase - master.changelog.json: migration/node-core.changelog-v8.xml::add_signers::R3.Corda: Computed checksum for addForeignKeyConstraint:[
    baseColumnNames="att_id"
    baseTableName="node_attachments_signers"
    constraintName="FK__signers__attachments"
    referencedColumnNames="att_id"
    referencedTableName="node_attachments"
] as e86b87f9584ab73e9b56daa91c983050
17:43:29.370 [Test worker] DEBUG liquibase - master.changelog.json: migration/node-core.changelog-v8.xml::add_signers::R3.Corda: Computed checksum for 7:ec83f8cd0344429668e5c2aedd0b2ab3:7:e86b87f9584ab73e9b56daa91c983050: as d1356cd65d19937b81284ea078998d84
17:43:29.371 [Test worker] DEBUG liquibase - master.changelog.json: migration/node-core.changelog-tx-mapping.xml::add_tx_mapping_column::R3.Corda: Computed checksum for addColumn:[
    columns=[
        [
            [
                nullable="true"
            ]
            name="state_machine_run_id"
            type="NVARCHAR(36)"
        ]
    ]
    tableName="node_transactions"
] as 5fdebff63e6f64287935a2e65414d2a3
17:43:29.372 [Test worker] DEBUG liquibase - master.changelog.json: migration/node-core.changelog-tx-mapping.xml::add_tx_mapping_column::R3.Corda: Computed checksum for inputStream as a8472f5cf0c2c13303109942b6dbce69
17:43:29.372 [Test worker] DEBUG liquibase - master.changelog.json: migration/node-core.changelog-tx-mapping.xml::add_tx_mapping_column::R3.Corda: Computed checksum for dropTable:[
    tableName="node_transaction_mappings"
] as b220f3903f4c1c9d2298c35db99c59ac
17:43:29.372 [Test worker] DEBUG liquibase - master.changelog.json: migration/node-core.changelog-tx-mapping.xml::add_tx_mapping_column::R3.Corda: Computed checksum for 7:5fdebff63e6f64287935a2e65414d2a3:7:a8472f5cf0c2c13303109942b6dbce69:7:b220f3903f4c1c9d2298c35db99c59ac: as a0995593179aec45250c383611edd1e2
17:43:29.373 [Test worker] DEBUG liquibase - master.changelog.json: migration/node-services.changelog-init.xml::add_network_parameters_storage::R3.Corda: Computed checksum for createTable:[
    columns=[
        [
            [
                nullable="false"
            ]
            name="hash"
            type="NVARCHAR(130)"
        ],
        [
            [
                nullable="false"
            ]
            name="epoch"
            type="INT"
        ],
        [
            [
                nullable="false"
            ]
            name="parameters_bytes"
            type="BLOB"
        ],
        [
            [
                nullable="false"
    ... [truncated in log] as 0c5ab9f5cdf1cceb5855e79ec0df5990
17:43:29.374 [Test worker] DEBUG liquibase - master.changelog.json: migration/node-services.changelog-init.xml::add_network_parameters_storage::R3.Corda: Computed checksum for 7:0c5ab9f5cdf1cceb5855e79ec0df5990: as 8d5882f94d9f58647903210994573073
17:43:29.374 [Test worker] DEBUG liquibase - master.changelog.json: migration/node-services.changelog-init.xml::network_parameters_pk::R3.Corda: Computed checksum for addPrimaryKey:[
    columnNames="hash"
    constraintName="node_network_parameters_pkey"
    tableName="node_network_parameters"
] as 7398cbb8aa8fc3cf93265e77bbc28f93
17:43:29.375 [Test worker] DEBUG liquibase - master.changelog.json: migration/node-services.changelog-init.xml::network_parameters_pk::R3.Corda: Computed checksum for 7:7398cbb8aa8fc3cf93265e77bbc28f93: as 71635301bd498e4d52b02988795348e6
17:43:29.375 [Test worker] DEBUG liquibase - master.changelog.json: migration/node-services.changelog-init.xml::add_version_column::R3.Corda: Computed checksum for addColumn:[
    columns=[
        [
            name="version"
            type="INT"
        ]
    ]
    tableName="node_attachments"
] as c4c33cea80ccf15793fa7b5e24a6746f
17:43:29.375 [Test worker] DEBUG liquibase - master.changelog.json: migration/node-services.changelog-init.xml::add_version_column::R3.Corda: Computed checksum for inputStream as 7ceaceee938a74c8cea67468ab2e68f4
17:43:29.375 [Test worker] DEBUG liquibase - master.changelog.json: migration/node-services.changelog-init.xml::add_version_column::R3.Corda: Computed checksum for addNotNullConstraint:[
    columnDataType="INT"
    columnName="version"
    tableName="node_attachments"
] as a6d4059f21164657e11caa70338e4c7b
17:43:29.375 [Test worker] DEBUG liquibase - master.changelog.json: migration/node-services.changelog-init.xml::add_version_column::R3.Corda: Computed checksum for 7:c4c33cea80ccf15793fa7b5e24a6746f:7:7ceaceee938a74c8cea67468ab2e68f4:7:a6d4059f21164657e11caa70338e4c7b: as 7d7fb1c90fa05b5fc3b938fd7c520344
17:43:29.377 [Test worker] DEBUG liquibase - master.changelog.json: migration/node-services.changelog-init.xml::update-version-of-whitelisted-jars::R3.Corda: Computed checksum for customChange:[
    class="net.corda.nodeapi.internal.persistence.AttachmentVersionNumberMigration"
    param=[]
] as cccb7fe15337dd836d74b41ef3a3c6f5
17:43:29.377 [Test worker] DEBUG liquibase - master.changelog.json: migration/node-services.changelog-init.xml::update-version-of-whitelisted-jars::R3.Corda: Computed checksum for 7:cccb7fe15337dd836d74b41ef3a3c6f5: as 706b589854273bdf703c4ed7a2a9191b
17:43:29.377 [Test worker] DEBUG liquibase - master.changelog.json: migration/vault-schema.changelog-v9.xml::update-vault-states::R3.Corda: Computed checksum for customChange:[
    class="net.corda.node.migration.VaultStateMigration"
    param=[]
] as d51d633a004ca013feeabe1129953946
17:43:29.377 [Test worker] DEBUG liquibase - master.changelog.json: migration/vault-schema.changelog-v9.xml::update-vault-states::R3.Corda: Computed checksum for 7:d51d633a004ca013feeabe1129953946: as b005d9ddca6ae24f7eb8c275fb095a30
17:43:29.378 [Test worker] DEBUG liquibase - master.changelog.json: migration/node-services.changelog-init.xml::1511451595465-16::R3.Corda: Computed checksum for createTable:[
    columns=[
        [
            [
                nullable="false"
            ]
            name="output_index"
            type="INT"
        ],
        [
            [
                nullable="false"
            ]
            name="transaction_id"
            type="NVARCHAR(64)"
        ],
        [
            name="consuming_transaction_id"
            type="NVARCHAR(64)"
        ]
    ]
    tableName="node_notary_committed_states"
] as 5e1e295f0033d6cb53400fa5c0513593
17:43:29.378 [Test worker] DEBUG liquibase - master.changelog.json: migration/node-services.changelog-init.xml::1511451595465-16::R3.Corda: Computed checksum for 7:5e1e295f0033d6cb53400fa5c0513593: as 5c7ac7279dab2acb4d0dcbdf797c036f
17:43:29.379 [Test worker] DEBUG liquibase - master.changelog.json: migration/node-services.changelog-init.xml::1521131680317-17::R3.Corda: Computed checksum for createTable:[
    columns=[
        [
            [
                nullable="false"
            ]
            name="id"
            type="INT"
        ],
        [
            [
                nullable="false"
            ]
            name="consuming_transaction_id"
            type="NVARCHAR(64)"
        ],
        [
            [
                nullable="false"
            ]
            name="requesting_party_name"
            type="NVARCHAR(255)"
        ],
        [
            [
       ... [truncated in log] as af48979d10695a7ffc691ea4845bf038
17:43:29.380 [Test worker] DEBUG liquibase - master.changelog.json: migration/node-services.changelog-init.xml::1521131680317-17::R3.Corda: Computed checksum for 7:af48979d10695a7ffc691ea4845bf038: as 812748518bda4473ccce38efcf6eb73c
17:43:29.381 [Test worker] DEBUG liquibase - master.changelog.json: migration/node-services.changelog-init.xml::1511451595465-41::R3.Corda: Computed checksum for addPrimaryKey:[
    columnNames="output_index, transaction_id"
    constraintName="node_notary_states_pkey"
    tableName="node_notary_committed_states"
] as 0061dc749b0f70acfb800382824d6c5a
17:43:29.381 [Test worker] DEBUG liquibase - master.changelog.json: migration/node-services.changelog-init.xml::1511451595465-41::R3.Corda: Computed checksum for 7:0061dc749b0f70acfb800382824d6c5a: as eb7b8bdb4606f88d644198a38bca7b58
17:43:29.381 [Test worker] DEBUG liquibase - master.changelog.json: migration/node-services.changelog-init.xml::1521131680317-48::R3.Corda: Computed checksum for addPrimaryKey:[
    columnNames="id"
    constraintName="node_notary_request_log_pkey"
    tableName="node_notary_request_log"
] as 93e9597a57b922d46aeebdb9df5e6240
17:43:29.381 [Test worker] DEBUG liquibase - master.changelog.json: migration/node-services.changelog-init.xml::1521131680317-48::R3.Corda: Computed checksum for 7:93e9597a57b922d46aeebdb9df5e6240: as e2bdecb7737dcde7c7d2a388c81a900c
17:43:29.382 [Test worker] DEBUG liquibase - master.changelog.json: migration/node-services.changelog-init.xml::nullability::R3.Corda: Computed checksum for addNotNullConstraint:[
    columnDataType="NVARCHAR(64)"
    columnName="consuming_transaction_id"
    tableName="node_notary_committed_states"
] as ef5220193642cc41bd2d39f41d87583b
17:43:29.382 [Test worker] DEBUG liquibase - master.changelog.json: migration/node-services.changelog-init.xml::nullability::R3.Corda: Computed checksum for 7:ef5220193642cc41bd2d39f41d87583b: as f2b07131ea0ba42aa96c891ee02b9216
17:43:29.382 [Test worker] DEBUG liquibase - master.changelog.json: migration/node-notary.changelog-v2.xml::rename-table-notary-commit-log::R3.Corda: Computed checksum for renameTable:[
    newTableName="node_notary_committed_states"
    oldTableName="node_notary_commit_log"
] as 0d2d6d6479dc445777863ff7c3291d78
17:43:29.382 [Test worker] DEBUG liquibase - master.changelog.json: migration/node-notary.changelog-v2.xml::rename-table-notary-commit-log::R3.Corda: Computed checksum for 7:0d2d6d6479dc445777863ff7c3291d78: as ff7b69514b2b495843f579288be9d3d2
17:43:29.383 [Test worker] DEBUG liquibase - master.changelog.json: migration/node-notary.changelog-v2.xml::create-notary-request-log-table::R3.Corda: Computed checksum for createTable:[
    columns=[
        [
            [
                nullable="false"
            ]
            name="id"
            type="INT"
        ],
        [
            [
                nullable="false"
            ]
            name="consuming_transaction_id"
            type="NVARCHAR(64)"
        ],
        [
            [
                nullable="false"
            ]
            name="requesting_party_name"
            type="NVARCHAR(255)"
        ],
        [
            [
       ... [truncated in log] as af48979d10695a7ffc691ea4845bf038
17:43:29.385 [Test worker] DEBUG liquibase - master.changelog.json: migration/node-notary.changelog-v2.xml::create-notary-request-log-table::R3.Corda: Computed checksum for addPrimaryKey:[
    columnNames="id"
    constraintName="node_notary_request_log_pkey"
    tableName="node_notary_request_log"
] as 93e9597a57b922d46aeebdb9df5e6240
17:43:29.385 [Test worker] DEBUG liquibase - master.changelog.json: migration/node-notary.changelog-v2.xml::create-notary-request-log-table::R3.Corda: Computed checksum for 7:af48979d10695a7ffc691ea4845bf038:7:93e9597a57b922d46aeebdb9df5e6240: as 9cfed358561510f56f9c2dcc9c29eb92
17:43:29.391 [Test worker] DEBUG liquibase - master.changelog.json: migration/node-notary.changelog-pkey.xml::non-clustered_pk-notary_state::R3.Corda: Computed checksum for dropPrimaryKey:[
    constraintName="node_notary_states_pkey"
    tableName="node_notary_committed_states"
] as 61949fd92fd7f18c2b71a19227baad14
17:43:29.392 [Test worker] DEBUG liquibase - master.changelog.json: migration/node-notary.changelog-pkey.xml::non-clustered_pk-notary_state::R3.Corda: Computed checksum for addPrimaryKey:[
    clustered="false"
    columnNames="output_index, transaction_id"
    constraintName="node_notary_states_pkey"
    tableName="node_notary_committed_states"
] as 83efdb6af3aa455cf6ffe4569d2cda8b
17:43:29.392 [Test worker] DEBUG liquibase - master.changelog.json: migration/node-notary.changelog-pkey.xml::non-clustered_pk-notary_state::R3.Corda: Computed checksum for 7:61949fd92fd7f18c2b71a19227baad14:7:83efdb6af3aa455cf6ffe4569d2cda8b: as 35ea7e38d50dcfe61cbc6f1e146f7bd6
17:43:29.393 [Test worker] INFO liquibase - master.changelog.json: migration/node-notary.changelog-pkey.xml::non-clustered_pk-notary_state::R3.Corda: Skipping changeSet migration/node-notary.changelog-pkey.xml::non-clustered_pk-notary_state::R3.Corda due to validation error(s): clustered is not allowed on h2
17:43:29.401 [Test worker] DEBUG liquibase - master.changelog.json: migration/node-notary.changelog-committed-transactions-table.xml::create-notary-committed-transactions-table::R3.Corda: Computed checksum for createTable:[
    columns=[
        [
            [
                nullable="false"
            ]
            name="transaction_id"
            type="NVARCHAR(64)"
        ]
    ]
    tableName="node_notary_committed_txs"
] as 1f40bcb4597b7ae2e9172d9eeba56699
17:43:29.401 [Test worker] DEBUG liquibase - master.changelog.json: migration/node-notary.changelog-committed-transactions-table.xml::create-notary-committed-transactions-table::R3.Corda: Computed checksum for addPrimaryKey:[
    columnNames="transaction_id"
    constraintName="node_notary_transactions_pkey"
    tableName="node_notary_committed_txs"
] as e4b619ce7ebb383614c25a2d0f1bc3dc
17:43:29.401 [Test worker] DEBUG liquibase - master.changelog.json: migration/node-notary.changelog-committed-transactions-table.xml::create-notary-committed-transactions-table::R3.Corda: Computed checksum for 7:1f40bcb4597b7ae2e9172d9eeba56699:7:e4b619ce7ebb383614c25a2d0f1bc3dc: as 0e1ea7262954ff9d1312f84d15c0a0fb
17:43:29.404 [Test worker] DEBUG liquibase - Executing QUERY database command: select count(*) from PUBLIC.DATABASECHANGELOGLOCK
17:43:29.405 [Test worker] DEBUG liquibase - Executing QUERY database command: SELECT LOCKED FROM PUBLIC.DATABASECHANGELOGLOCK WHERE ID=1
17:43:29.426 [Test worker] DEBUG liquibase - Lock Database
17:43:29.440 [Test worker] DEBUG liquibase - Executing UPDATE database command: UPDATE PUBLIC.DATABASECHANGELOGLOCK SET LOCKED = TRUE, LOCKEDBY = 'DELL (192.168.43.160)', LOCKGRANTED = '2019-10-14 17:43:29.429' WHERE ID = 1 AND LOCKED = FALSE
17:43:29.458 [Test worker] INFO liquibase - Successfully acquired change log lock
17:43:29.461 [Test worker] INFO liquibase - master.changelog.json: migration/common.changelog-init.xml::1511451595465-1.3::R3.Corda: Skipping changeSet migration/common.changelog-init.xml::1511451595465-1.3::R3.Corda due to validation error(s): minValue is not allowed on h2
17:43:29.473 [Test worker] INFO liquibase - master.changelog.json: migration/vault-schema.changelog-pkey.xml::non-clustered_pk-11::R3.Corda: Skipping changeSet migration/vault-schema.changelog-pkey.xml::non-clustered_pk-11::R3.Corda due to validation error(s): clustered is not allowed on h2
17:43:29.474 [Test worker] INFO liquibase - master.changelog.json: migration/vault-schema.changelog-pkey.xml::non-clustered_pk-12::R3.Corda: Skipping changeSet migration/vault-schema.changelog-pkey.xml::non-clustered_pk-12::R3.Corda due to validation error(s): clustered is not allowed on h2
17:43:29.475 [Test worker] INFO liquibase - master.changelog.json: migration/vault-schema.changelog-pkey.xml::non-clustered_pk-13::R3.Corda: Skipping changeSet migration/vault-schema.changelog-pkey.xml::non-clustered_pk-13::R3.Corda due to validation error(s): clustered is not allowed on h2
17:43:29.531 [Test worker] INFO liquibase - master.changelog.json: migration/node-core.changelog-pkey.xml::non-clustered_pk-1::R3.Corda: Skipping changeSet migration/node-core.changelog-pkey.xml::non-clustered_pk-1::R3.Corda due to validation error(s): clustered is not allowed on h2
17:43:29.531 [Test worker] INFO liquibase - master.changelog.json: migration/node-core.changelog-pkey.xml::non-clustered_pk-2::R3.Corda: Skipping changeSet migration/node-core.changelog-pkey.xml::non-clustered_pk-2::R3.Corda due to validation error(s): clustered is not allowed on h2
17:43:29.532 [Test worker] INFO liquibase - master.changelog.json: migration/node-core.changelog-pkey.xml::non-clustered_pk-3::R3.Corda: Skipping changeSet migration/node-core.changelog-pkey.xml::non-clustered_pk-3::R3.Corda due to validation error(s): clustered is not allowed on h2
17:43:29.532 [Test worker] INFO liquibase - master.changelog.json: migration/node-core.changelog-pkey.xml::non-clustered_pk-4::R3.Corda: Skipping changeSet migration/node-core.changelog-pkey.xml::non-clustered_pk-4::R3.Corda due to validation error(s): clustered is not allowed on h2
17:43:29.532 [Test worker] INFO liquibase - master.changelog.json: migration/node-core.changelog-pkey.xml::non-clustered_pk-5::R3.Corda: Skipping changeSet migration/node-core.changelog-pkey.xml::non-clustered_pk-5::R3.Corda due to validation error(s): clustered is not allowed on h2
17:43:29.533 [Test worker] INFO liquibase - master.changelog.json: migration/node-core.changelog-pkey.xml::non-clustered_pk-6::R3.Corda: Skipping changeSet migration/node-core.changelog-pkey.xml::non-clustered_pk-6::R3.Corda due to validation error(s): clustered is not allowed on h2
17:43:29.533 [Test worker] INFO liquibase - master.changelog.json: migration/node-core.changelog-pkey.xml::non-clustered_pk-7::R3.Corda: Skipping changeSet migration/node-core.changelog-pkey.xml::non-clustered_pk-7::R3.Corda due to validation error(s): clustered is not allowed on h2
17:43:29.539 [Test worker] INFO liquibase - master.changelog.json: migration/node-notary.changelog-pkey.xml::non-clustered_pk-notary_state::R3.Corda: Skipping changeSet migration/node-notary.changelog-pkey.xml::non-clustered_pk-notary_state::R3.Corda due to validation error(s): clustered is not allowed on h2
17:43:29.540 [Test worker] DEBUG liquibase - master.changelog.json: migration/common.changelog-init.xml::1511451595465-1.1::R3.Corda: Running Changeset:migration/common.changelog-init.xml::1511451595465-1.1::R3.Corda
17:43:29.540 [Test worker] DEBUG liquibase - master.changelog.json: migration/common.changelog-init.xml::1511451595465-1.1::R3.Corda: Changeset migration/common.changelog-init.xml::1511451595465-1.1::R3.Corda
17:43:29.542 [Test worker] DEBUG liquibase - master.changelog.json: migration/common.changelog-init.xml::1511451595465-1.1::R3.Corda: Executing QUERY database command: SELECT SEQUENCE_NAME FROM INFORMATION_SCHEMA.SEQUENCES WHERE SEQUENCE_SCHEMA = 'null' AND IS_GENERATED=FALSE
17:43:29.558 [Test worker] DEBUG liquibase - master.changelog.json: migration/common.changelog-init.xml::1511451595465-1.1::R3.Corda: Executing QUERY database command: SELECT SEQUENCE_NAME FROM INFORMATION_SCHEMA.SEQUENCES WHERE SEQUENCE_SCHEMA = 'PUBLIC' AND IS_GENERATED=FALSE
17:43:29.563 [Test worker] DEBUG liquibase - master.changelog.json: migration/common.changelog-init.xml::1511451595465-1.1::R3.Corda: Reading ChangeSet: migration/common.changelog-init.xml::1511451595465-1.1::R3.Corda
17:43:29.564 [Test worker] DEBUG liquibase - master.changelog.json: migration/common.changelog-init.xml::1511451595465-1.1::R3.Corda: Executing Statement: liquibase.statement.core.CreateSequenceStatement@636d5823
17:43:29.564 [Test worker] DEBUG liquibase - master.changelog.json: migration/common.changelog-init.xml::1511451595465-1.1::R3.Corda: Executing EXECUTE database command: CREATE SEQUENCE PUBLIC.hibernate_sequence
17:43:29.601 [Test worker] INFO liquibase - master.changelog.json: migration/common.changelog-init.xml::1511451595465-1.1::R3.Corda: Sequence hibernate_sequence created
17:43:29.601 [Test worker] INFO liquibase - master.changelog.json: migration/common.changelog-init.xml::1511451595465-1.1::R3.Corda: ChangeSet migration/common.changelog-init.xml::1511451595465-1.1::R3.Corda ran successfully in 61ms
17:43:29.603 [Test worker] DEBUG liquibase - master.changelog.json: migration/common.changelog-init.xml::1511451595465-1.1::R3.Corda: Executing QUERY database command: SELECT MAX(ORDEREXECUTED) FROM PUBLIC.DATABASECHANGELOG
17:43:29.635 [Test worker] DEBUG liquibase - master.changelog.json: migration/common.changelog-init.xml::1511451595465-1.1::R3.Corda: Executing EXECUTE database command: INSERT INTO PUBLIC.DATABASECHANGELOG (ID, AUTHOR, FILENAME, DATEEXECUTED, ORDEREXECUTED, MD5SUM, DESCRIPTION, COMMENTS, EXECTYPE, CONTEXTS, LABELS, LIQUIBASE, DEPLOYMENT_ID) VALUES ('1511451595465-1.1', 'R3.Corda', 'migration/common.changelog-init.xml', NOW(), 1, '7:afe897bea20bc08d1681087c94d0967d', 'createSequence sequenceName=hibernate_sequence', '', 'EXECUTED', NULL, NULL, '3.5.4', '1046209458')
17:43:29.636 [Test worker] DEBUG liquibase - master.changelog.json: migration/common.changelog-init.xml::1511451595465-1.3::R3.Corda: Running Changeset:migration/common.changelog-init.xml::1511451595465-1.3::R3.Corda
17:43:29.640 [Test worker] DEBUG liquibase - master.changelog.json: migration/common.changelog-init.xml::1511451595465-1.3::R3.Corda: Executing EXECUTE database command: INSERT INTO PUBLIC.DATABASECHANGELOG (ID, AUTHOR, FILENAME, DATEEXECUTED, ORDEREXECUTED, MD5SUM, DESCRIPTION, COMMENTS, EXECTYPE, CONTEXTS, LABELS, LIQUIBASE, DEPLOYMENT_ID) VALUES ('1511451595465-1.3', 'R3.Corda', 'migration/common.changelog-init.xml', NOW(), 2, '7:b775a64dd8351ca0b00329ea3e49f44b', 'createSequence sequenceName=hibernate_sequence', '', 'MARK_RAN', NULL, NULL, '3.5.4', '1046209458')
17:43:29.653 [Test worker] DEBUG liquibase - master.changelog.json: migration/vault-schema.changelog-init.xml::1511451595465-22::R3.Corda: Running Changeset:migration/vault-schema.changelog-init.xml::1511451595465-22::R3.Corda
17:43:29.654 [Test worker] DEBUG liquibase - master.changelog.json: migration/vault-schema.changelog-init.xml::1511451595465-22::R3.Corda: Changeset migration/vault-schema.changelog-init.xml::1511451595465-22::R3.Corda
17:43:29.654 [Test worker] DEBUG liquibase - master.changelog.json: migration/vault-schema.changelog-init.xml::1511451595465-22::R3.Corda: Reading ChangeSet: migration/vault-schema.changelog-init.xml::1511451595465-22::R3.Corda
17:43:29.655 [Test worker] DEBUG liquibase - master.changelog.json: migration/vault-schema.changelog-init.xml::1511451595465-22::R3.Corda: Executing Statement: liquibase.statement.core.CreateTableStatement@5bb4ba09
17:43:29.655 [Test worker] DEBUG liquibase - master.changelog.json: migration/vault-schema.changelog-init.xml::1511451595465-22::R3.Corda: Executing EXECUTE database command: CREATE TABLE PUBLIC.vault_fungible_states (output_index INT NOT NULL, transaction_id NVARCHAR(64) NOT NULL, issuer_name NVARCHAR(255), issuer_ref VARBINARY(512), owner_name NVARCHAR(255), quantity BIGINT)
17:43:29.657 [Test worker] INFO liquibase - master.changelog.json: migration/vault-schema.changelog-init.xml::1511451595465-22::R3.Corda: Table vault_fungible_states created
17:43:29.657 [Test worker] INFO liquibase - master.changelog.json: migration/vault-schema.changelog-init.xml::1511451595465-22::R3.Corda: ChangeSet migration/vault-schema.changelog-init.xml::1511451595465-22::R3.Corda ran successfully in 3ms
17:43:29.659 [Test worker] DEBUG liquibase - master.changelog.json: migration/vault-schema.changelog-init.xml::1511451595465-22::R3.Corda: Executing EXECUTE database command: INSERT INTO PUBLIC.DATABASECHANGELOG (ID, AUTHOR, FILENAME, DATEEXECUTED, ORDEREXECUTED, MD5SUM, DESCRIPTION, COMMENTS, EXECTYPE, CONTEXTS, LABELS, LIQUIBASE, DEPLOYMENT_ID) VALUES ('1511451595465-22', 'R3.Corda', 'migration/vault-schema.changelog-init.xml', NOW(), 3, '7:1f8a20296ddeb0fc739bd8e7084b0bab', 'createTable tableName=vault_fungible_states', '', 'EXECUTED', NULL, NULL, '3.5.4', '1046209458')
17:43:29.663 [Test worker] DEBUG liquibase - master.changelog.json: migration/vault-schema.changelog-init.xml::1511451595465-23::R3.Corda: Running Changeset:migration/vault-schema.changelog-init.xml::1511451595465-23::R3.Corda
17:43:29.663 [Test worker] DEBUG liquibase - master.changelog.json: migration/vault-schema.changelog-init.xml::1511451595465-23::R3.Corda: Changeset migration/vault-schema.changelog-init.xml::1511451595465-23::R3.Corda
17:43:29.663 [Test worker] DEBUG liquibase - master.changelog.json: migration/vault-schema.changelog-init.xml::1511451595465-23::R3.Corda: Reading ChangeSet: migration/vault-schema.changelog-init.xml::1511451595465-23::R3.Corda
17:43:29.663 [Test worker] DEBUG liquibase - master.changelog.json: migration/vault-schema.changelog-init.xml::1511451595465-23::R3.Corda: Executing Statement: liquibase.statement.core.CreateTableStatement@5b5a9b0a
17:43:29.664 [Test worker] DEBUG liquibase - master.changelog.json: migration/vault-schema.changelog-init.xml::1511451595465-23::R3.Corda: Executing EXECUTE database command: CREATE TABLE PUBLIC.vault_fungible_states_parts (output_index INT NOT NULL, transaction_id NVARCHAR(64) NOT NULL, participants NVARCHAR(255))
17:43:29.665 [Test worker] INFO liquibase - master.changelog.json: migration/vault-schema.changelog-init.xml::1511451595465-23::R3.Corda: Table vault_fungible_states_parts created
17:43:29.665 [Test worker] INFO liquibase - master.changelog.json: migration/vault-schema.changelog-init.xml::1511451595465-23::R3.Corda: ChangeSet migration/vault-schema.changelog-init.xml::1511451595465-23::R3.Corda ran successfully in 2ms
17:43:29.667 [Test worker] DEBUG liquibase - master.changelog.json: migration/vault-schema.changelog-init.xml::1511451595465-23::R3.Corda: Executing EXECUTE database command: INSERT INTO PUBLIC.DATABASECHANGELOG (ID, AUTHOR, FILENAME, DATEEXECUTED, ORDEREXECUTED, MD5SUM, DESCRIPTION, COMMENTS, EXECTYPE, CONTEXTS, LABELS, LIQUIBASE, DEPLOYMENT_ID) VALUES ('1511451595465-23', 'R3.Corda', 'migration/vault-schema.changelog-init.xml', NOW(), 4, '7:1a9f6483c225c03a3a558b5b20306741', 'createTable tableName=vault_fungible_states_parts', '', 'EXECUTED', NULL, NULL, '3.5.4', '1046209458')
17:43:29.668 [Test worker] DEBUG liquibase - master.changelog.json: migration/vault-schema.changelog-init.xml::1511451595465-24::R3.Corda: Running Changeset:migration/vault-schema.changelog-init.xml::1511451595465-24::R3.Corda
17:43:29.669 [Test worker] DEBUG liquibase - master.changelog.json: migration/vault-schema.changelog-init.xml::1511451595465-24::R3.Corda: Changeset migration/vault-schema.changelog-init.xml::1511451595465-24::R3.Corda
17:43:29.669 [Test worker] DEBUG liquibase - master.changelog.json: migration/vault-schema.changelog-init.xml::1511451595465-24::R3.Corda: Reading ChangeSet: migration/vault-schema.changelog-init.xml::1511451595465-24::R3.Corda
17:43:29.670 [Test worker] DEBUG liquibase - master.changelog.json: migration/vault-schema.changelog-init.xml::1511451595465-24::R3.Corda: Executing Statement: liquibase.statement.core.CreateTableStatement@1dc2b5c4
17:43:29.670 [Test worker] DEBUG liquibase - master.changelog.json: migration/vault-schema.changelog-init.xml::1511451595465-24::R3.Corda: Executing EXECUTE database command: CREATE TABLE PUBLIC.vault_linear_states (output_index INT NOT NULL, transaction_id NVARCHAR(64) NOT NULL, external_id NVARCHAR(255), uuid VARCHAR(255) NOT NULL)
17:43:29.674 [Test worker] INFO liquibase - master.changelog.json: migration/vault-schema.changelog-init.xml::1511451595465-24::R3.Corda: Table vault_linear_states created
17:43:29.674 [Test worker] INFO liquibase - master.changelog.json: migration/vault-schema.changelog-init.xml::1511451595465-24::R3.Corda: ChangeSet migration/vault-schema.changelog-init.xml::1511451595465-24::R3.Corda ran successfully in 5ms
17:43:29.676 [Test worker] DEBUG liquibase - master.changelog.json: migration/vault-schema.changelog-init.xml::1511451595465-24::R3.Corda: Executing EXECUTE database command: INSERT INTO PUBLIC.DATABASECHANGELOG (ID, AUTHOR, FILENAME, DATEEXECUTED, ORDEREXECUTED, MD5SUM, DESCRIPTION, COMMENTS, EXECTYPE, CONTEXTS, LABELS, LIQUIBASE, DEPLOYMENT_ID) VALUES ('1511451595465-24', 'R3.Corda', 'migration/vault-schema.changelog-init.xml', NOW(), 5, '7:cc33e3b7b7db0e8613421e71352448d1', 'createTable tableName=vault_linear_states', '', 'EXECUTED', NULL, NULL, '3.5.4', '1046209458')
17:43:29.677 [Test worker] DEBUG liquibase - master.changelog.json: migration/vault-schema.changelog-init.xml::1511451595465-25::R3.Corda: Running Changeset:migration/vault-schema.changelog-init.xml::1511451595465-25::R3.Corda
17:43:29.677 [Test worker] DEBUG liquibase - master.changelog.json: migration/vault-schema.changelog-init.xml::1511451595465-25::R3.Corda: Changeset migration/vault-schema.changelog-init.xml::1511451595465-25::R3.Corda
17:43:29.677 [Test worker] DEBUG liquibase - master.changelog.json: migration/vault-schema.changelog-init.xml::1511451595465-25::R3.Corda: Reading ChangeSet: migration/vault-schema.changelog-init.xml::1511451595465-25::R3.Corda
17:43:29.678 [Test worker] DEBUG liquibase - master.changelog.json: migration/vault-schema.changelog-init.xml::1511451595465-25::R3.Corda: Executing Statement: liquibase.statement.core.CreateTableStatement@4f6ea0c6
17:43:29.678 [Test worker] DEBUG liquibase - master.changelog.json: migration/vault-schema.changelog-init.xml::1511451595465-25::R3.Corda: Executing EXECUTE database command: CREATE TABLE PUBLIC.vault_linear_states_parts (output_index INT NOT NULL, transaction_id NVARCHAR(64) NOT NULL, participants NVARCHAR(255))
17:43:29.679 [Test worker] INFO liquibase - master.changelog.json: migration/vault-schema.changelog-init.xml::1511451595465-25::R3.Corda: Table vault_linear_states_parts created
17:43:29.679 [Test worker] INFO liquibase - master.changelog.json: migration/vault-schema.changelog-init.xml::1511451595465-25::R3.Corda: ChangeSet migration/vault-schema.changelog-init.xml::1511451595465-25::R3.Corda ran successfully in 2ms
17:43:29.681 [Test worker] DEBUG liquibase - master.changelog.json: migration/vault-schema.changelog-init.xml::1511451595465-25::R3.Corda: Executing EXECUTE database command: INSERT INTO PUBLIC.DATABASECHANGELOG (ID, AUTHOR, FILENAME, DATEEXECUTED, ORDEREXECUTED, MD5SUM, DESCRIPTION, COMMENTS, EXECTYPE, CONTEXTS, LABELS, LIQUIBASE, DEPLOYMENT_ID) VALUES ('1511451595465-25', 'R3.Corda', 'migration/vault-schema.changelog-init.xml', NOW(), 6, '7:cee1c34886b737d7c86f4ba94a43d9a7', 'createTable tableName=vault_linear_states_parts', '', 'EXECUTED', NULL, NULL, '3.5.4', '1046209458')
17:43:29.682 [Test worker] DEBUG liquibase - master.changelog.json: migration/vault-schema.changelog-init.xml::1511451595465-26::R3.Corda: Running Changeset:migration/vault-schema.changelog-init.xml::1511451595465-26::R3.Corda
17:43:29.682 [Test worker] DEBUG liquibase - master.changelog.json: migration/vault-schema.changelog-init.xml::1511451595465-26::R3.Corda: Changeset migration/vault-schema.changelog-init.xml::1511451595465-26::R3.Corda
17:43:29.682 [Test worker] DEBUG liquibase - master.changelog.json: migration/vault-schema.changelog-init.xml::1511451595465-26::R3.Corda: Reading ChangeSet: migration/vault-schema.changelog-init.xml::1511451595465-26::R3.Corda
17:43:29.682 [Test worker] DEBUG liquibase - master.changelog.json: migration/vault-schema.changelog-init.xml::1511451595465-26::R3.Corda: Executing Statement: liquibase.statement.core.CreateTableStatement@464ab81
17:43:29.683 [Test worker] DEBUG liquibase - master.changelog.json: migration/vault-schema.changelog-init.xml::1511451595465-26::R3.Corda: Executing EXECUTE database command: CREATE TABLE PUBLIC.vault_states (output_index INT NOT NULL, transaction_id NVARCHAR(64) NOT NULL, consumed_timestamp TIMESTAMP, contract_state_class_name NVARCHAR(255), lock_id NVARCHAR(255), lock_timestamp TIMESTAMP, notary_name NVARCHAR(255), recorded_timestamp TIMESTAMP, state_status INT)
17:43:29.684 [Test worker] INFO liquibase - master.changelog.json: migration/vault-schema.changelog-init.xml::1511451595465-26::R3.Corda: Table vault_states created
17:43:29.684 [Test worker] INFO liquibase - master.changelog.json: migration/vault-schema.changelog-init.xml::1511451595465-26::R3.Corda: ChangeSet migration/vault-schema.changelog-init.xml::1511451595465-26::R3.Corda ran successfully in 2ms
17:43:29.685 [Test worker] DEBUG liquibase - master.changelog.json: migration/vault-schema.changelog-init.xml::1511451595465-26::R3.Corda: Executing EXECUTE database command: INSERT INTO PUBLIC.DATABASECHANGELOG (ID, AUTHOR, FILENAME, DATEEXECUTED, ORDEREXECUTED, MD5SUM, DESCRIPTION, COMMENTS, EXECTYPE, CONTEXTS, LABELS, LIQUIBASE, DEPLOYMENT_ID) VALUES ('1511451595465-26', 'R3.Corda', 'migration/vault-schema.changelog-init.xml', NOW(), 7, '7:47ea918c4e5894a573ed08ff7d3cfcf8', 'createTable tableName=vault_states', '', 'EXECUTED', NULL, NULL, '3.5.4', '1046209458')
17:43:29.686 [Test worker] DEBUG liquibase - master.changelog.json: migration/vault-schema.changelog-init.xml::1511451595465-27::R3.Corda: Running Changeset:migration/vault-schema.changelog-init.xml::1511451595465-27::R3.Corda
17:43:29.687 [Test worker] DEBUG liquibase - master.changelog.json: migration/vault-schema.changelog-init.xml::1511451595465-27::R3.Corda: Changeset migration/vault-schema.changelog-init.xml::1511451595465-27::R3.Corda
17:43:29.697 [Test worker] DEBUG liquibase - master.changelog.json: migration/vault-schema.changelog-init.xml::1511451595465-27::R3.Corda: Reading ChangeSet: migration/vault-schema.changelog-init.xml::1511451595465-27::R3.Corda
17:43:29.697 [Test worker] DEBUG liquibase - master.changelog.json: migration/vault-schema.changelog-init.xml::1511451595465-27::R3.Corda: Executing Statement: liquibase.statement.core.CreateTableStatement@7c5b097c
17:43:29.697 [Test worker] DEBUG liquibase - master.changelog.json: migration/vault-schema.changelog-init.xml::1511451595465-27::R3.Corda: Executing EXECUTE database command: CREATE TABLE PUBLIC.vault_transaction_notes (seq_no INT NOT NULL, note NVARCHAR(255), transaction_id NVARCHAR(64))
17:43:29.708 [Test worker] INFO liquibase - master.changelog.json: migration/vault-schema.changelog-init.xml::1511451595465-27::R3.Corda: Table vault_transaction_notes created
17:43:29.709 [Test worker] INFO liquibase - master.changelog.json: migration/vault-schema.changelog-init.xml::1511451595465-27::R3.Corda: ChangeSet migration/vault-schema.changelog-init.xml::1511451595465-27::R3.Corda ran successfully in 22ms
17:43:29.711 [Test worker] DEBUG liquibase - master.changelog.json: migration/vault-schema.changelog-init.xml::1511451595465-27::R3.Corda: Executing EXECUTE database command: INSERT INTO PUBLIC.DATABASECHANGELOG (ID, AUTHOR, FILENAME, DATEEXECUTED, ORDEREXECUTED, MD5SUM, DESCRIPTION, COMMENTS, EXECTYPE, CONTEXTS, LABELS, LIQUIBASE, DEPLOYMENT_ID) VALUES ('1511451595465-27', 'R3.Corda', 'migration/vault-schema.changelog-init.xml', NOW(), 8, '7:b335f04504c263e99eb1b4b78fb7b976', 'createTable tableName=vault_transaction_notes', '', 'EXECUTED', NULL, NULL, '3.5.4', '1046209458')
17:43:29.718 [Test worker] DEBUG liquibase - master.changelog.json: migration/vault-schema.changelog-init.xml::1511451595465-47::R3.Corda: Running Changeset:migration/vault-schema.changelog-init.xml::1511451595465-47::R3.Corda
17:43:29.718 [Test worker] DEBUG liquibase - master.changelog.json: migration/vault-schema.changelog-init.xml::1511451595465-47::R3.Corda: Changeset migration/vault-schema.changelog-init.xml::1511451595465-47::R3.Corda
17:43:29.718 [Test worker] DEBUG liquibase - master.changelog.json: migration/vault-schema.changelog-init.xml::1511451595465-47::R3.Corda: Reading ChangeSet: migration/vault-schema.changelog-init.xml::1511451595465-47::R3.Corda
17:43:29.719 [Test worker] DEBUG liquibase - master.changelog.json: migration/vault-schema.changelog-init.xml::1511451595465-47::R3.Corda: Executing Statement: liquibase.statement.core.AddPrimaryKeyStatement@442f681c
17:43:29.720 [Test worker] DEBUG liquibase - master.changelog.json: migration/vault-schema.changelog-init.xml::1511451595465-47::R3.Corda: Executing EXECUTE database command: ALTER TABLE PUBLIC.vault_fungible_states ADD CONSTRAINT vault_fungible_states_pkey PRIMARY KEY (output_index, transaction_id)
17:43:29.775 [Test worker] INFO liquibase - master.changelog.json: migration/vault-schema.changelog-init.xml::1511451595465-47::R3.Corda: Primary key added to vault_fungible_states (output_index, transaction_id)
17:43:29.775 [Test worker] INFO liquibase - master.changelog.json: migration/vault-schema.changelog-init.xml::1511451595465-47::R3.Corda: ChangeSet migration/vault-schema.changelog-init.xml::1511451595465-47::R3.Corda ran successfully in 57ms
17:43:29.782 [Test worker] DEBUG liquibase - master.changelog.json: migration/vault-schema.changelog-init.xml::1511451595465-47::R3.Corda: Executing EXECUTE database command: INSERT INTO PUBLIC.DATABASECHANGELOG (ID, AUTHOR, FILENAME, DATEEXECUTED, ORDEREXECUTED, MD5SUM, DESCRIPTION, COMMENTS, EXECTYPE, CONTEXTS, LABELS, LIQUIBASE, DEPLOYMENT_ID) VALUES ('1511451595465-47', 'R3.Corda', 'migration/vault-schema.changelog-init.xml', NOW(), 9, '7:5ebf8c6ceacd418805fef0a8d5926d22', 'addPrimaryKey constraintName=vault_fungible_states_pkey, tableName=vault_fungible_states', '', 'EXECUTED', NULL, NULL, '3.5.4', '1046209458')
17:43:29.785 [Test worker] DEBUG liquibase - master.changelog.json: migration/vault-schema.changelog-init.xml::1511451595465-48::R3.Corda: Running Changeset:migration/vault-schema.changelog-init.xml::1511451595465-48::R3.Corda
17:43:29.785 [Test worker] DEBUG liquibase - master.changelog.json: migration/vault-schema.changelog-init.xml::1511451595465-48::R3.Corda: Changeset migration/vault-schema.changelog-init.xml::1511451595465-48::R3.Corda
17:43:29.785 [Test worker] DEBUG liquibase - master.changelog.json: migration/vault-schema.changelog-init.xml::1511451595465-48::R3.Corda: Reading ChangeSet: migration/vault-schema.changelog-init.xml::1511451595465-48::R3.Corda
17:43:29.801 [Test worker] DEBUG liquibase - master.changelog.json: migration/vault-schema.changelog-init.xml::1511451595465-48::R3.Corda: Executing Statement: liquibase.statement.core.AddPrimaryKeyStatement@4a045bf3
17:43:29.802 [Test worker] DEBUG liquibase - master.changelog.json: migration/vault-schema.changelog-init.xml::1511451595465-48::R3.Corda: Executing EXECUTE database command: ALTER TABLE PUBLIC.vault_linear_states ADD CONSTRAINT vault_linear_states_pkey PRIMARY KEY (output_index, transaction_id)
17:43:29.805 [Test worker] INFO liquibase - master.changelog.json: migration/vault-schema.changelog-init.xml::1511451595465-48::R3.Corda: Primary key added to vault_linear_states (output_index, transaction_id)
17:43:29.806 [Test worker] INFO liquibase - master.changelog.json: migration/vault-schema.changelog-init.xml::1511451595465-48::R3.Corda: ChangeSet migration/vault-schema.changelog-init.xml::1511451595465-48::R3.Corda ran successfully in 21ms
17:43:29.808 [Test worker] DEBUG liquibase - master.changelog.json: migration/vault-schema.changelog-init.xml::1511451595465-48::R3.Corda: Executing EXECUTE database command: INSERT INTO PUBLIC.DATABASECHANGELOG (ID, AUTHOR, FILENAME, DATEEXECUTED, ORDEREXECUTED, MD5SUM, DESCRIPTION, COMMENTS, EXECTYPE, CONTEXTS, LABELS, LIQUIBASE, DEPLOYMENT_ID) VALUES ('1511451595465-48', 'R3.Corda', 'migration/vault-schema.changelog-init.xml', NOW(), 10, '7:6852e525af1e0e841b85cbc65c3ef3eb', 'addPrimaryKey constraintName=vault_linear_states_pkey, tableName=vault_linear_states', '', 'EXECUTED', NULL, NULL, '3.5.4', '1046209458')
17:43:29.811 [Test worker] DEBUG liquibase - master.changelog.json: migration/vault-schema.changelog-init.xml::1511451595465-49::R3.Corda: Running Changeset:migration/vault-schema.changelog-init.xml::1511451595465-49::R3.Corda
17:43:29.811 [Test worker] DEBUG liquibase - master.changelog.json: migration/vault-schema.changelog-init.xml::1511451595465-49::R3.Corda: Changeset migration/vault-schema.changelog-init.xml::1511451595465-49::R3.Corda
17:43:29.811 [Test worker] DEBUG liquibase - master.changelog.json: migration/vault-schema.changelog-init.xml::1511451595465-49::R3.Corda: Reading ChangeSet: migration/vault-schema.changelog-init.xml::1511451595465-49::R3.Corda
17:43:29.812 [Test worker] DEBUG liquibase - master.changelog.json: migration/vault-schema.changelog-init.xml::1511451595465-49::R3.Corda: Executing Statement: liquibase.statement.core.AddPrimaryKeyStatement@5e34b996
17:43:29.812 [Test worker] DEBUG liquibase - master.changelog.json: migration/vault-schema.changelog-init.xml::1511451595465-49::R3.Corda: Executing EXECUTE database command: ALTER TABLE PUBLIC.vault_states ADD CONSTRAINT vault_states_pkey PRIMARY KEY (output_index, transaction_id)
17:43:29.814 [Test worker] INFO liquibase - master.changelog.json: migration/vault-schema.changelog-init.xml::1511451595465-49::R3.Corda: Primary key added to vault_states (output_index, transaction_id)
17:43:29.814 [Test worker] INFO liquibase - master.changelog.json: migration/vault-schema.changelog-init.xml::1511451595465-49::R3.Corda: ChangeSet migration/vault-schema.changelog-init.xml::1511451595465-49::R3.Corda ran successfully in 3ms
17:43:29.816 [Test worker] DEBUG liquibase - master.changelog.json: migration/vault-schema.changelog-init.xml::1511451595465-49::R3.Corda: Executing EXECUTE database command: INSERT INTO PUBLIC.DATABASECHANGELOG (ID, AUTHOR, FILENAME, DATEEXECUTED, ORDEREXECUTED, MD5SUM, DESCRIPTION, COMMENTS, EXECTYPE, CONTEXTS, LABELS, LIQUIBASE, DEPLOYMENT_ID) VALUES ('1511451595465-49', 'R3.Corda', 'migration/vault-schema.changelog-init.xml', NOW(), 11, '7:e88ace88ae32b7c6a212f749bed7f25f', 'addPrimaryKey constraintName=vault_states_pkey, tableName=vault_states', '', 'EXECUTED', NULL, NULL, '3.5.4', '1046209458')
17:43:29.817 [Test worker] DEBUG liquibase - master.changelog.json: migration/vault-schema.changelog-init.xml::1511451595465-50::R3.Corda: Running Changeset:migration/vault-schema.changelog-init.xml::1511451595465-50::R3.Corda
17:43:29.817 [Test worker] DEBUG liquibase - master.changelog.json: migration/vault-schema.changelog-init.xml::1511451595465-50::R3.Corda: Changeset migration/vault-schema.changelog-init.xml::1511451595465-50::R3.Corda
17:43:29.817 [Test worker] DEBUG liquibase - master.changelog.json: migration/vault-schema.changelog-init.xml::1511451595465-50::R3.Corda: Reading ChangeSet: migration/vault-schema.changelog-init.xml::1511451595465-50::R3.Corda
17:43:29.818 [Test worker] DEBUG liquibase - master.changelog.json: migration/vault-schema.changelog-init.xml::1511451595465-50::R3.Corda: Executing Statement: liquibase.statement.core.AddPrimaryKeyStatement@2ada45ef
17:43:29.818 [Test worker] DEBUG liquibase - master.changelog.json: migration/vault-schema.changelog-init.xml::1511451595465-50::R3.Corda: Executing EXECUTE database command: ALTER TABLE PUBLIC.vault_transaction_notes ADD CONSTRAINT vault_transaction_notes_pkey PRIMARY KEY (seq_no)
17:43:29.819 [Test worker] INFO liquibase - master.changelog.json: migration/vault-schema.changelog-init.xml::1511451595465-50::R3.Corda: Primary key added to vault_transaction_notes (seq_no)
17:43:29.820 [Test worker] INFO liquibase - master.changelog.json: migration/vault-schema.changelog-init.xml::1511451595465-50::R3.Corda: ChangeSet migration/vault-schema.changelog-init.xml::1511451595465-50::R3.Corda ran successfully in 3ms
17:43:29.821 [Test worker] DEBUG liquibase - master.changelog.json: migration/vault-schema.changelog-init.xml::1511451595465-50::R3.Corda: Executing EXECUTE database command: INSERT INTO PUBLIC.DATABASECHANGELOG (ID, AUTHOR, FILENAME, DATEEXECUTED, ORDEREXECUTED, MD5SUM, DESCRIPTION, COMMENTS, EXECTYPE, CONTEXTS, LABELS, LIQUIBASE, DEPLOYMENT_ID) VALUES ('1511451595465-50', 'R3.Corda', 'migration/vault-schema.changelog-init.xml', NOW(), 12, '7:aef52cbfcee4e86a30a1175aacdae9b5', 'addPrimaryKey constraintName=vault_transaction_notes_pkey, tableName=vault_transaction_notes', '', 'EXECUTED', NULL, NULL, '3.5.4', '1046209458')
17:43:29.823 [Test worker] DEBUG liquibase - master.changelog.json: migration/vault-schema.changelog-init.xml::1511451595465-53::R3.Corda: Running Changeset:migration/vault-schema.changelog-init.xml::1511451595465-53::R3.Corda
17:43:29.823 [Test worker] DEBUG liquibase - master.changelog.json: migration/vault-schema.changelog-init.xml::1511451595465-53::R3.Corda: Changeset migration/vault-schema.changelog-init.xml::1511451595465-53::R3.Corda
17:43:29.823 [Test worker] DEBUG liquibase - master.changelog.json: migration/vault-schema.changelog-init.xml::1511451595465-53::R3.Corda: Reading ChangeSet: migration/vault-schema.changelog-init.xml::1511451595465-53::R3.Corda
17:43:29.823 [Test worker] DEBUG liquibase - master.changelog.json: migration/vault-schema.changelog-init.xml::1511451595465-53::R3.Corda: Executing Statement: liquibase.statement.core.CreateIndexStatement@4bb66fba
17:43:29.830 [Test worker] DEBUG liquibase - master.changelog.json: migration/vault-schema.changelog-init.xml::1511451595465-53::R3.Corda: Executing EXECUTE database command: CREATE INDEX PUBLIC.external_id_index ON PUBLIC.vault_linear_states(external_id)
17:43:29.832 [Test worker] INFO liquibase - master.changelog.json: migration/vault-schema.changelog-init.xml::1511451595465-53::R3.Corda: Index external_id_index created
17:43:29.833 [Test worker] INFO liquibase - master.changelog.json: migration/vault-schema.changelog-init.xml::1511451595465-53::R3.Corda: ChangeSet migration/vault-schema.changelog-init.xml::1511451595465-53::R3.Corda ran successfully in 10ms
17:43:29.847 [Test worker] DEBUG liquibase - master.changelog.json: migration/vault-schema.changelog-init.xml::1511451595465-53::R3.Corda: Executing EXECUTE database command: INSERT INTO PUBLIC.DATABASECHANGELOG (ID, AUTHOR, FILENAME, DATEEXECUTED, ORDEREXECUTED, MD5SUM, DESCRIPTION, COMMENTS, EXECTYPE, CONTEXTS, LABELS, LIQUIBASE, DEPLOYMENT_ID) VALUES ('1511451595465-53', 'R3.Corda', 'migration/vault-schema.changelog-init.xml', NOW(), 13, '7:7b0c95c0892fe1aba26a294d843d3c0a', 'createIndex indexName=external_id_index, tableName=vault_linear_states', '', 'EXECUTED', NULL, NULL, '3.5.4', '1046209458')
17:43:29.848 [Test worker] DEBUG liquibase - master.changelog.json: migration/vault-schema.changelog-init.xml::1511451595465-55::R3.Corda: Running Changeset:migration/vault-schema.changelog-init.xml::1511451595465-55::R3.Corda
17:43:29.848 [Test worker] DEBUG liquibase - master.changelog.json: migration/vault-schema.changelog-init.xml::1511451595465-55::R3.Corda: Changeset migration/vault-schema.changelog-init.xml::1511451595465-55::R3.Corda
17:43:29.849 [Test worker] DEBUG liquibase - master.changelog.json: migration/vault-schema.changelog-init.xml::1511451595465-55::R3.Corda: Reading ChangeSet: migration/vault-schema.changelog-init.xml::1511451595465-55::R3.Corda
17:43:29.849 [Test worker] DEBUG liquibase - master.changelog.json: migration/vault-schema.changelog-init.xml::1511451595465-55::R3.Corda: Executing Statement: liquibase.statement.core.CreateIndexStatement@2325477c
17:43:29.849 [Test worker] DEBUG liquibase - master.changelog.json: migration/vault-schema.changelog-init.xml::1511451595465-55::R3.Corda: Executing EXECUTE database command: CREATE INDEX PUBLIC.lock_id_idx ON PUBLIC.vault_states(lock_id, state_status)
17:43:29.850 [Test worker] INFO liquibase - master.changelog.json: migration/vault-schema.changelog-init.xml::1511451595465-55::R3.Corda: Index lock_id_idx created
17:43:29.851 [Test worker] INFO liquibase - master.changelog.json: migration/vault-schema.changelog-init.xml::1511451595465-55::R3.Corda: ChangeSet migration/vault-schema.changelog-init.xml::1511451595465-55::R3.Corda ran successfully in 3ms
17:43:29.852 [Test worker] DEBUG liquibase - master.changelog.json: migration/vault-schema.changelog-init.xml::1511451595465-55::R3.Corda: Executing EXECUTE database command: INSERT INTO PUBLIC.DATABASECHANGELOG (ID, AUTHOR, FILENAME, DATEEXECUTED, ORDEREXECUTED, MD5SUM, DESCRIPTION, COMMENTS, EXECTYPE, CONTEXTS, LABELS, LIQUIBASE, DEPLOYMENT_ID) VALUES ('1511451595465-55', 'R3.Corda', 'migration/vault-schema.changelog-init.xml', NOW(), 14, '7:daf1bfa84381a1c8e100c14229a6d860', 'createIndex indexName=lock_id_idx, tableName=vault_states', '', 'EXECUTED', NULL, NULL, '3.5.4', '1046209458')
17:43:29.855 [Test worker] DEBUG liquibase - master.changelog.json: migration/vault-schema.changelog-init.xml::1511451595465-58::R3.Corda: Running Changeset:migration/vault-schema.changelog-init.xml::1511451595465-58::R3.Corda
17:43:29.855 [Test worker] DEBUG liquibase - master.changelog.json: migration/vault-schema.changelog-init.xml::1511451595465-58::R3.Corda: Changeset migration/vault-schema.changelog-init.xml::1511451595465-58::R3.Corda
17:43:29.855 [Test worker] DEBUG liquibase - master.changelog.json: migration/vault-schema.changelog-init.xml::1511451595465-58::R3.Corda: Reading ChangeSet: migration/vault-schema.changelog-init.xml::1511451595465-58::R3.Corda
17:43:29.855 [Test worker] DEBUG liquibase - master.changelog.json: migration/vault-schema.changelog-init.xml::1511451595465-58::R3.Corda: Executing Statement: liquibase.statement.core.CreateIndexStatement@68697b0d
17:43:29.855 [Test worker] DEBUG liquibase - master.changelog.json: migration/vault-schema.changelog-init.xml::1511451595465-58::R3.Corda: Executing EXECUTE database command: CREATE INDEX PUBLIC.state_status_idx ON PUBLIC.vault_states(state_status)
17:43:29.924 [Test worker] INFO liquibase - master.changelog.json: migration/vault-schema.changelog-init.xml::1511451595465-58::R3.Corda: Index state_status_idx created
17:43:29.924 [Test worker] INFO liquibase - master.changelog.json: migration/vault-schema.changelog-init.xml::1511451595465-58::R3.Corda: ChangeSet migration/vault-schema.changelog-init.xml::1511451595465-58::R3.Corda ran successfully in 69ms
17:43:29.928 [Test worker] DEBUG liquibase - master.changelog.json: migration/vault-schema.changelog-init.xml::1511451595465-58::R3.Corda: Executing EXECUTE database command: INSERT INTO PUBLIC.DATABASECHANGELOG (ID, AUTHOR, FILENAME, DATEEXECUTED, ORDEREXECUTED, MD5SUM, DESCRIPTION, COMMENTS, EXECTYPE, CONTEXTS, LABELS, LIQUIBASE, DEPLOYMENT_ID) VALUES ('1511451595465-58', 'R3.Corda', 'migration/vault-schema.changelog-init.xml', NOW(), 15, '7:775d3c8a27b7fad84f9894db6bdf3e87', 'createIndex indexName=state_status_idx, tableName=vault_states', '', 'EXECUTED', NULL, NULL, '3.5.4', '1046209458')
17:43:29.930 [Test worker] DEBUG liquibase - master.changelog.json: migration/vault-schema.changelog-init.xml::1511451595465-59::R3.Corda: Running Changeset:migration/vault-schema.changelog-init.xml::1511451595465-59::R3.Corda
17:43:29.930 [Test worker] DEBUG liquibase - master.changelog.json: migration/vault-schema.changelog-init.xml::1511451595465-59::R3.Corda: Changeset migration/vault-schema.changelog-init.xml::1511451595465-59::R3.Corda
17:43:29.930 [Test worker] DEBUG liquibase - master.changelog.json: migration/vault-schema.changelog-init.xml::1511451595465-59::R3.Corda: Reading ChangeSet: migration/vault-schema.changelog-init.xml::1511451595465-59::R3.Corda
17:43:29.930 [Test worker] DEBUG liquibase - master.changelog.json: migration/vault-schema.changelog-init.xml::1511451595465-59::R3.Corda: Executing Statement: liquibase.statement.core.CreateIndexStatement@59113f92
17:43:29.930 [Test worker] DEBUG liquibase - master.changelog.json: migration/vault-schema.changelog-init.xml::1511451595465-59::R3.Corda: Executing EXECUTE database command: CREATE INDEX PUBLIC.transaction_id_index ON PUBLIC.vault_transaction_notes(transaction_id)
17:43:29.931 [Test worker] INFO liquibase - master.changelog.json: migration/vault-schema.changelog-init.xml::1511451595465-59::R3.Corda: Index transaction_id_index created
17:43:29.931 [Test worker] INFO liquibase - master.changelog.json: migration/vault-schema.changelog-init.xml::1511451595465-59::R3.Corda: ChangeSet migration/vault-schema.changelog-init.xml::1511451595465-59::R3.Corda ran successfully in 1ms
17:43:29.933 [Test worker] DEBUG liquibase - master.changelog.json: migration/vault-schema.changelog-init.xml::1511451595465-59::R3.Corda: Executing EXECUTE database command: INSERT INTO PUBLIC.DATABASECHANGELOG (ID, AUTHOR, FILENAME, DATEEXECUTED, ORDEREXECUTED, MD5SUM, DESCRIPTION, COMMENTS, EXECTYPE, CONTEXTS, LABELS, LIQUIBASE, DEPLOYMENT_ID) VALUES ('1511451595465-59', 'R3.Corda', 'migration/vault-schema.changelog-init.xml', NOW(), 16, '7:1be2b24f3e4fedc8252c24080b713783', 'createIndex indexName=transaction_id_index, tableName=vault_transaction_notes', '', 'EXECUTED', NULL, NULL, '3.5.4', '1046209458')
17:43:29.934 [Test worker] DEBUG liquibase - master.changelog.json: migration/vault-schema.changelog-init.xml::1511451595465-60::R3.Corda: Running Changeset:migration/vault-schema.changelog-init.xml::1511451595465-60::R3.Corda
17:43:29.934 [Test worker] DEBUG liquibase - master.changelog.json: migration/vault-schema.changelog-init.xml::1511451595465-60::R3.Corda: Changeset migration/vault-schema.changelog-init.xml::1511451595465-60::R3.Corda
17:43:29.934 [Test worker] DEBUG liquibase - master.changelog.json: migration/vault-schema.changelog-init.xml::1511451595465-60::R3.Corda: Reading ChangeSet: migration/vault-schema.changelog-init.xml::1511451595465-60::R3.Corda
17:43:29.934 [Test worker] DEBUG liquibase - master.changelog.json: migration/vault-schema.changelog-init.xml::1511451595465-60::R3.Corda: Executing Statement: liquibase.statement.core.CreateIndexStatement@293a07ee
17:43:29.934 [Test worker] DEBUG liquibase - master.changelog.json: migration/vault-schema.changelog-init.xml::1511451595465-60::R3.Corda: Executing EXECUTE database command: CREATE INDEX PUBLIC.uuid_index ON PUBLIC.vault_linear_states(uuid)
17:43:29.935 [Test worker] INFO liquibase - master.changelog.json: migration/vault-schema.changelog-init.xml::1511451595465-60::R3.Corda: Index uuid_index created
17:43:29.935 [Test worker] INFO liquibase - master.changelog.json: migration/vault-schema.changelog-init.xml::1511451595465-60::R3.Corda: ChangeSet migration/vault-schema.changelog-init.xml::1511451595465-60::R3.Corda ran successfully in 1ms
17:43:29.937 [Test worker] DEBUG liquibase - master.changelog.json: migration/vault-schema.changelog-init.xml::1511451595465-60::R3.Corda: Executing EXECUTE database command: INSERT INTO PUBLIC.DATABASECHANGELOG (ID, AUTHOR, FILENAME, DATEEXECUTED, ORDEREXECUTED, MD5SUM, DESCRIPTION, COMMENTS, EXECTYPE, CONTEXTS, LABELS, LIQUIBASE, DEPLOYMENT_ID) VALUES ('1511451595465-60', 'R3.Corda', 'migration/vault-schema.changelog-init.xml', NOW(), 17, '7:f372f17dd75374bfecfde0e44d7ce36c', 'createIndex indexName=uuid_index, tableName=vault_linear_states', '', 'EXECUTED', NULL, NULL, '3.5.4', '1046209458')
17:43:29.940 [Test worker] DEBUG liquibase - master.changelog.json: migration/vault-schema.changelog-init.xml::1511451595465-64::R3.Corda: Running Changeset:migration/vault-schema.changelog-init.xml::1511451595465-64::R3.Corda
17:43:29.940 [Test worker] DEBUG liquibase - master.changelog.json: migration/vault-schema.changelog-init.xml::1511451595465-64::R3.Corda: Changeset migration/vault-schema.changelog-init.xml::1511451595465-64::R3.Corda
17:43:29.940 [Test worker] DEBUG liquibase - master.changelog.json: migration/vault-schema.changelog-init.xml::1511451595465-64::R3.Corda: Reading ChangeSet: migration/vault-schema.changelog-init.xml::1511451595465-64::R3.Corda
17:43:29.940 [Test worker] DEBUG liquibase - master.changelog.json: migration/vault-schema.changelog-init.xml::1511451595465-64::R3.Corda: Executing Statement: liquibase.statement.core.AddForeignKeyConstraintStatement@367b2de
17:43:29.945 [Test worker] DEBUG liquibase - master.changelog.json: migration/vault-schema.changelog-init.xml::1511451595465-64::R3.Corda: Executing EXECUTE database command: ALTER TABLE PUBLIC.vault_fungible_states_parts ADD CONSTRAINT FK__fung_st_parts__fung_st FOREIGN KEY (output_index, transaction_id) REFERENCES PUBLIC.vault_fungible_states (output_index, transaction_id)
17:43:29.971 [Test worker] INFO liquibase - master.changelog.json: migration/vault-schema.changelog-init.xml::1511451595465-64::R3.Corda: Foreign key constraint added to vault_fungible_states_parts (output_index,transaction_id)
17:43:29.971 [Test worker] INFO liquibase - master.changelog.json: migration/vault-schema.changelog-init.xml::1511451595465-64::R3.Corda: ChangeSet migration/vault-schema.changelog-init.xml::1511451595465-64::R3.Corda ran successfully in 31ms
17:43:29.973 [Test worker] DEBUG liquibase - master.changelog.json: migration/vault-schema.changelog-init.xml::1511451595465-64::R3.Corda: Executing EXECUTE database command: INSERT INTO PUBLIC.DATABASECHANGELOG (ID, AUTHOR, FILENAME, DATEEXECUTED, ORDEREXECUTED, MD5SUM, DESCRIPTION, COMMENTS, EXECTYPE, CONTEXTS, LABELS, LIQUIBASE, DEPLOYMENT_ID) VALUES ('1511451595465-64', 'R3.Corda', 'migration/vault-schema.changelog-init.xml', NOW(), 18, '7:3771038da08dbe5dbbbdffac7300198d', 'addForeignKeyConstraint baseTableName=vault_fungible_states_parts, constraintName=FK__fung_st_parts__fung_st, referencedTableName=vault_fungible_states', '', 'EXECUTED', NULL, NULL, '3.5.4', '1046209458')
17:43:29.994 [Test worker] DEBUG liquibase - master.changelog.json: migration/vault-schema.changelog-init.xml::1511451595465-65::R3.Corda: Running Changeset:migration/vault-schema.changelog-init.xml::1511451595465-65::R3.Corda
17:43:29.994 [Test worker] DEBUG liquibase - master.changelog.json: migration/vault-schema.changelog-init.xml::1511451595465-65::R3.Corda: Changeset migration/vault-schema.changelog-init.xml::1511451595465-65::R3.Corda
17:43:29.994 [Test worker] DEBUG liquibase - master.changelog.json: migration/vault-schema.changelog-init.xml::1511451595465-65::R3.Corda: Reading ChangeSet: migration/vault-schema.changelog-init.xml::1511451595465-65::R3.Corda
17:43:29.994 [Test worker] DEBUG liquibase - master.changelog.json: migration/vault-schema.changelog-init.xml::1511451595465-65::R3.Corda: Executing Statement: liquibase.statement.core.AddForeignKeyConstraintStatement@53d1e2c4
17:43:29.995 [Test worker] DEBUG liquibase - master.changelog.json: migration/vault-schema.changelog-init.xml::1511451595465-65::R3.Corda: Executing EXECUTE database command: ALTER TABLE PUBLIC.vault_linear_states_parts ADD CONSTRAINT FK__lin_stat_parts__lin_stat FOREIGN KEY (output_index, transaction_id) REFERENCES PUBLIC.vault_linear_states (output_index, transaction_id)
17:43:30.014 [Test worker] INFO liquibase - master.changelog.json: migration/vault-schema.changelog-init.xml::1511451595465-65::R3.Corda: Foreign key constraint added to vault_linear_states_parts (output_index,transaction_id)
17:43:30.015 [Test worker] INFO liquibase - master.changelog.json: migration/vault-schema.changelog-init.xml::1511451595465-65::R3.Corda: ChangeSet migration/vault-schema.changelog-init.xml::1511451595465-65::R3.Corda ran successfully in 21ms
17:43:30.018 [Test worker] DEBUG liquibase - master.changelog.json: migration/vault-schema.changelog-init.xml::1511451595465-65::R3.Corda: Executing EXECUTE database command: INSERT INTO PUBLIC.DATABASECHANGELOG (ID, AUTHOR, FILENAME, DATEEXECUTED, ORDEREXECUTED, MD5SUM, DESCRIPTION, COMMENTS, EXECTYPE, CONTEXTS, LABELS, LIQUIBASE, DEPLOYMENT_ID) VALUES ('1511451595465-65', 'R3.Corda', 'migration/vault-schema.changelog-init.xml', NOW(), 19, '7:4cccc80aadefc753d80d33d233d426b1', 'addForeignKeyConstraint baseTableName=vault_linear_states_parts, constraintName=FK__lin_stat_parts__lin_stat, referencedTableName=vault_linear_states', '', 'EXECUTED', NULL, NULL, '3.5.4', '1046209458')
17:43:30.019 [Test worker] DEBUG liquibase - master.changelog.json: migration/vault-schema.changelog-v3.xml::clean_vault::R3.Corda: Running Changeset:migration/vault-schema.changelog-v3.xml::clean_vault::R3.Corda
17:43:30.019 [Test worker] DEBUG liquibase - master.changelog.json: migration/vault-schema.changelog-v3.xml::clean_vault::R3.Corda: Changeset migration/vault-schema.changelog-v3.xml::clean_vault::R3.Corda
17:43:30.019 [Test worker] DEBUG liquibase - master.changelog.json: migration/vault-schema.changelog-v3.xml::clean_vault::R3.Corda: Reading ChangeSet: migration/vault-schema.changelog-v3.xml::clean_vault::R3.Corda
17:43:30.020 [Test worker] DEBUG liquibase - master.changelog.json: migration/vault-schema.changelog-v3.xml::clean_vault::R3.Corda: Executing Statement: liquibase.statement.core.DeleteStatement@a054ebf
17:43:30.020 [Test worker] DEBUG liquibase - master.changelog.json: migration/vault-schema.changelog-v3.xml::clean_vault::R3.Corda: Executing EXECUTE database command: DELETE FROM PUBLIC.vault_fungible_states_parts
17:43:30.020 [Test worker] INFO liquibase - master.changelog.json: migration/vault-schema.changelog-v3.xml::clean_vault::R3.Corda: Data deleted from vault_fungible_states_parts
17:43:30.020 [Test worker] DEBUG liquibase - master.changelog.json: migration/vault-schema.changelog-v3.xml::clean_vault::R3.Corda: Executing Statement: liquibase.statement.core.DeleteStatement@5ee8e65b
17:43:30.020 [Test worker] DEBUG liquibase - master.changelog.json: migration/vault-schema.changelog-v3.xml::clean_vault::R3.Corda: Executing EXECUTE database command: DELETE FROM PUBLIC.vault_fungible_states
17:43:30.020 [Test worker] INFO liquibase - master.changelog.json: migration/vault-schema.changelog-v3.xml::clean_vault::R3.Corda: Data deleted from vault_fungible_states
17:43:30.021 [Test worker] DEBUG liquibase - master.changelog.json: migration/vault-schema.changelog-v3.xml::clean_vault::R3.Corda: Executing Statement: liquibase.statement.core.DeleteStatement@17e9ce2c
17:43:30.021 [Test worker] DEBUG liquibase - master.changelog.json: migration/vault-schema.changelog-v3.xml::clean_vault::R3.Corda: Executing EXECUTE database command: DELETE FROM PUBLIC.vault_linear_states_parts
17:43:30.021 [Test worker] INFO liquibase - master.changelog.json: migration/vault-schema.changelog-v3.xml::clean_vault::R3.Corda: Data deleted from vault_linear_states_parts
17:43:30.021 [Test worker] DEBUG liquibase - master.changelog.json: migration/vault-schema.changelog-v3.xml::clean_vault::R3.Corda: Executing Statement: liquibase.statement.core.DeleteStatement@cd77fe7
17:43:30.021 [Test worker] DEBUG liquibase - master.changelog.json: migration/vault-schema.changelog-v3.xml::clean_vault::R3.Corda: Executing EXECUTE database command: DELETE FROM PUBLIC.vault_linear_states
17:43:30.021 [Test worker] INFO liquibase - master.changelog.json: migration/vault-schema.changelog-v3.xml::clean_vault::R3.Corda: Data deleted from vault_linear_states
17:43:30.021 [Test worker] DEBUG liquibase - master.changelog.json: migration/vault-schema.changelog-v3.xml::clean_vault::R3.Corda: Executing Statement: liquibase.statement.core.DeleteStatement@2c07b874
17:43:30.021 [Test worker] DEBUG liquibase - master.changelog.json: migration/vault-schema.changelog-v3.xml::clean_vault::R3.Corda: Executing EXECUTE database command: DELETE FROM PUBLIC.vault_states
17:43:30.022 [Test worker] INFO liquibase - master.changelog.json: migration/vault-schema.changelog-v3.xml::clean_vault::R3.Corda: Data deleted from vault_states
17:43:30.022 [Test worker] DEBUG liquibase - master.changelog.json: migration/vault-schema.changelog-v3.xml::clean_vault::R3.Corda: Executing Statement: liquibase.statement.core.DeleteStatement@35c44991
17:43:30.022 [Test worker] DEBUG liquibase - master.changelog.json: migration/vault-schema.changelog-v3.xml::clean_vault::R3.Corda: Executing EXECUTE database command: DELETE FROM PUBLIC.vault_transaction_notes
17:43:30.022 [Test worker] INFO liquibase - master.changelog.json: migration/vault-schema.changelog-v3.xml::clean_vault::R3.Corda: Data deleted from vault_transaction_notes
17:43:30.022 [Test worker] INFO liquibase - master.changelog.json: migration/vault-schema.changelog-v3.xml::clean_vault::R3.Corda: ChangeSet migration/vault-schema.changelog-v3.xml::clean_vault::R3.Corda ran successfully in 3ms
17:43:30.024 [Test worker] DEBUG liquibase - master.changelog.json: migration/vault-schema.changelog-v3.xml::clean_vault::R3.Corda: Executing EXECUTE database command: INSERT INTO PUBLIC.DATABASECHANGELOG (ID, AUTHOR, FILENAME, DATEEXECUTED, ORDEREXECUTED, MD5SUM, DESCRIPTION, COMMENTS, EXECTYPE, CONTEXTS, LABELS, LIQUIBASE, DEPLOYMENT_ID) VALUES ('clean_vault', 'R3.Corda', 'migration/vault-schema.changelog-v3.xml', NOW(), 20, '7:c16f94cc9c0418c23dfcedd33e85d2d3', 'delete tableName=vault_fungible_states_parts; delete tableName=vault_fungible_states; delete tableName=vault_linear_states_parts; delete tableName=vault_linear_states; delete tableName=vault_states; delete tableName=vault_transaction_notes', '', 'EXECUTED', NULL, NULL, '3.5.4', '1046209458')
17:43:30.025 [Test worker] DEBUG liquibase - master.changelog.json: migration/vault-schema.changelog-v4.xml::nullability::R3.Corda: Running Changeset:migration/vault-schema.changelog-v4.xml::nullability::R3.Corda
17:43:30.025 [Test worker] DEBUG liquibase - master.changelog.json: migration/vault-schema.changelog-v4.xml::nullability::R3.Corda: Changeset migration/vault-schema.changelog-v4.xml::nullability::R3.Corda
17:43:30.025 [Test worker] DEBUG liquibase - master.changelog.json: migration/vault-schema.changelog-v4.xml::nullability::R3.Corda: Reading ChangeSet: migration/vault-schema.changelog-v4.xml::nullability::R3.Corda
17:43:30.025 [Test worker] DEBUG liquibase - master.changelog.json: migration/vault-schema.changelog-v4.xml::nullability::R3.Corda: Executing Statement: liquibase.statement.core.SetNullableStatement@7c6069ac
17:43:30.027 [Test worker] DEBUG liquibase - master.changelog.json: migration/vault-schema.changelog-v4.xml::nullability::R3.Corda: Executing EXECUTE database command: ALTER TABLE PUBLIC.vault_fungible_states ALTER COLUMN quantity SET NOT NULL
17:43:30.032 [Test worker] INFO liquibase - master.changelog.json: migration/vault-schema.changelog-v4.xml::nullability::R3.Corda: Null constraint has been added to vault_fungible_states.quantity
17:43:30.033 [Test worker] DEBUG liquibase - master.changelog.json: migration/vault-schema.changelog-v4.xml::nullability::R3.Corda: Executing Statement: liquibase.statement.core.SetNullableStatement@50b77808
17:43:30.033 [Test worker] DEBUG liquibase - master.changelog.json: migration/vault-schema.changelog-v4.xml::nullability::R3.Corda: Executing EXECUTE database command: ALTER TABLE PUBLIC.vault_states ALTER COLUMN contract_state_class_name SET NOT NULL
17:43:30.034 [Test worker] INFO liquibase - master.changelog.json: migration/vault-schema.changelog-v4.xml::nullability::R3.Corda: Null constraint has been added to vault_states.contract_state_class_name
17:43:30.034 [Test worker] DEBUG liquibase - master.changelog.json: migration/vault-schema.changelog-v4.xml::nullability::R3.Corda: Executing Statement: liquibase.statement.core.SetNullableStatement@21c6751c
17:43:30.034 [Test worker] DEBUG liquibase - master.changelog.json: migration/vault-schema.changelog-v4.xml::nullability::R3.Corda: Executing EXECUTE database command: ALTER TABLE PUBLIC.vault_states ALTER COLUMN notary_name SET NOT NULL
17:43:30.035 [Test worker] INFO liquibase - master.changelog.json: migration/vault-schema.changelog-v4.xml::nullability::R3.Corda: Null constraint has been added to vault_states.notary_name
17:43:30.037 [Test worker] DEBUG liquibase - master.changelog.json: migration/vault-schema.changelog-v4.xml::nullability::R3.Corda: Executing Statement: liquibase.statement.core.SetNullableStatement@fc11918
17:43:30.037 [Test worker] DEBUG liquibase - master.changelog.json: migration/vault-schema.changelog-v4.xml::nullability::R3.Corda: Executing EXECUTE database command: ALTER TABLE PUBLIC.vault_states ALTER COLUMN recorded_timestamp SET NOT NULL
17:43:30.039 [Test worker] INFO liquibase - master.changelog.json: migration/vault-schema.changelog-v4.xml::nullability::R3.Corda: Null constraint has been added to vault_states.recorded_timestamp
17:43:30.039 [Test worker] DEBUG liquibase - master.changelog.json: migration/vault-schema.changelog-v4.xml::nullability::R3.Corda: Executing Statement: liquibase.statement.core.DropIndexStatement@6dcd1b16
17:43:30.039 [Test worker] DEBUG liquibase - master.changelog.json: migration/vault-schema.changelog-v4.xml::nullability::R3.Corda: Executing EXECUTE database command: DROP INDEX PUBLIC.state_status_idx
17:43:30.044 [Test worker] INFO liquibase - master.changelog.json: migration/vault-schema.changelog-v4.xml::nullability::R3.Corda: Index state_status_idx dropped from table vault_states
17:43:30.044 [Test worker] DEBUG liquibase - master.changelog.json: migration/vault-schema.changelog-v4.xml::nullability::R3.Corda: Executing Statement: liquibase.statement.core.DropIndexStatement@60752d84
17:43:30.044 [Test worker] DEBUG liquibase - master.changelog.json: migration/vault-schema.changelog-v4.xml::nullability::R3.Corda: Executing EXECUTE database command: DROP INDEX PUBLIC.lock_id_idx
17:43:30.045 [Test worker] INFO liquibase - master.changelog.json: migration/vault-schema.changelog-v4.xml::nullability::R3.Corda: Index lock_id_idx dropped from table vault_states
17:43:30.045 [Test worker] DEBUG liquibase - master.changelog.json: migration/vault-schema.changelog-v4.xml::nullability::R3.Corda: Executing Statement: liquibase.statement.core.SetNullableStatement@6084edf9
17:43:30.045 [Test worker] DEBUG liquibase - master.changelog.json: migration/vault-schema.changelog-v4.xml::nullability::R3.Corda: Executing EXECUTE database command: ALTER TABLE PUBLIC.vault_states ALTER COLUMN state_status SET NOT NULL
17:43:30.046 [Test worker] INFO liquibase - master.changelog.json: migration/vault-schema.changelog-v4.xml::nullability::R3.Corda: Null constraint has been added to vault_states.state_status
17:43:30.046 [Test worker] DEBUG liquibase - master.changelog.json: migration/vault-schema.changelog-v4.xml::nullability::R3.Corda: Executing Statement: liquibase.statement.core.CreateIndexStatement@5f0b6c54
17:43:30.047 [Test worker] DEBUG liquibase - master.changelog.json: migration/vault-schema.changelog-v4.xml::nullability::R3.Corda: Executing EXECUTE database command: CREATE INDEX PUBLIC.state_status_idx ON PUBLIC.vault_states(state_status)
17:43:30.047 [Test worker] INFO liquibase - master.changelog.json: migration/vault-schema.changelog-v4.xml::nullability::R3.Corda: Index state_status_idx created
17:43:30.047 [Test worker] DEBUG liquibase - master.changelog.json: migration/vault-schema.changelog-v4.xml::nullability::R3.Corda: Executing Statement: liquibase.statement.core.CreateIndexStatement@359bf784
17:43:30.047 [Test worker] DEBUG liquibase - master.changelog.json: migration/vault-schema.changelog-v4.xml::nullability::R3.Corda: Executing EXECUTE database command: CREATE INDEX PUBLIC.lock_id_idx ON PUBLIC.vault_states(lock_id, state_status)
17:43:30.048 [Test worker] INFO liquibase - master.changelog.json: migration/vault-schema.changelog-v4.xml::nullability::R3.Corda: Index lock_id_idx created
17:43:30.048 [Test worker] DEBUG liquibase - master.changelog.json: migration/vault-schema.changelog-v4.xml::nullability::R3.Corda: Executing Statement: liquibase.statement.core.DropIndexStatement@72b72feb
17:43:30.049 [Test worker] DEBUG liquibase - master.changelog.json: migration/vault-schema.changelog-v4.xml::nullability::R3.Corda: Executing EXECUTE database command: DROP INDEX PUBLIC.transaction_id_index
17:43:30.049 [Test worker] INFO liquibase - master.changelog.json: migration/vault-schema.changelog-v4.xml::nullability::R3.Corda: Index transaction_id_index dropped from table vault_transaction_notes
17:43:30.049 [Test worker] DEBUG liquibase - master.changelog.json: migration/vault-schema.changelog-v4.xml::nullability::R3.Corda: Executing Statement: liquibase.statement.core.SetNullableStatement@3b9cd207
17:43:30.049 [Test worker] DEBUG liquibase - master.changelog.json: migration/vault-schema.changelog-v4.xml::nullability::R3.Corda: Executing EXECUTE database command: ALTER TABLE PUBLIC.vault_transaction_notes ALTER COLUMN note SET NOT NULL
17:43:30.050 [Test worker] INFO liquibase - master.changelog.json: migration/vault-schema.changelog-v4.xml::nullability::R3.Corda: Null constraint has been added to vault_transaction_notes.note
17:43:30.050 [Test worker] DEBUG liquibase - master.changelog.json: migration/vault-schema.changelog-v4.xml::nullability::R3.Corda: Executing Statement: liquibase.statement.core.SetNullableStatement@1ad29081
17:43:30.050 [Test worker] DEBUG liquibase - master.changelog.json: migration/vault-schema.changelog-v4.xml::nullability::R3.Corda: Executing EXECUTE database command: ALTER TABLE PUBLIC.vault_transaction_notes ALTER COLUMN transaction_id SET NOT NULL
17:43:30.051 [Test worker] INFO liquibase - master.changelog.json: migration/vault-schema.changelog-v4.xml::nullability::R3.Corda: Null constraint has been added to vault_transaction_notes.transaction_id
17:43:30.051 [Test worker] DEBUG liquibase - master.changelog.json: migration/vault-schema.changelog-v4.xml::nullability::R3.Corda: Executing Statement: liquibase.statement.core.CreateIndexStatement@7345eafd
17:43:30.051 [Test worker] DEBUG liquibase - master.changelog.json: migration/vault-schema.changelog-v4.xml::nullability::R3.Corda: Executing EXECUTE database command: CREATE INDEX PUBLIC.transaction_id_index ON PUBLIC.vault_transaction_notes(transaction_id)
17:43:30.052 [Test worker] INFO liquibase - master.changelog.json: migration/vault-schema.changelog-v4.xml::nullability::R3.Corda: Index transaction_id_index created
17:43:30.052 [Test worker] INFO liquibase - master.changelog.json: migration/vault-schema.changelog-v4.xml::nullability::R3.Corda: ChangeSet migration/vault-schema.changelog-v4.xml::nullability::R3.Corda ran successfully in 27ms
17:43:30.057 [Test worker] DEBUG liquibase - master.changelog.json: migration/vault-schema.changelog-v4.xml::nullability::R3.Corda: Executing EXECUTE database command: INSERT INTO PUBLIC.DATABASECHANGELOG (ID, AUTHOR, FILENAME, DATEEXECUTED, ORDEREXECUTED, MD5SUM, DESCRIPTION, COMMENTS, EXECTYPE, CONTEXTS, LABELS, LIQUIBASE, DEPLOYMENT_ID) VALUES ('nullability', 'R3.Corda', 'migration/vault-schema.changelog-v4.xml', NOW(), 21, '7:59450415a9a86b5b55d9f9347b383e6a', 'addNotNullConstraint columnName=quantity, tableName=vault_fungible_states; addNotNullConstraint columnName=contract_state_class_name, tableName=vault_states; addNotNullConstraint columnName=notary_name, tableName=vault_states; addNotNullConstraint...', '', 'EXECUTED', NULL, NULL, '3.5.4', '1046209458')
17:43:30.060 [Test worker] DEBUG liquibase - master.changelog.json: migration/vault-schema.changelog-pkey.xml::non-clustered_pk-11::R3.Corda: Running Changeset:migration/vault-schema.changelog-pkey.xml::non-clustered_pk-11::R3.Corda
17:43:30.062 [Test worker] DEBUG liquibase - master.changelog.json: migration/vault-schema.changelog-pkey.xml::non-clustered_pk-11::R3.Corda: Executing EXECUTE database command: INSERT INTO PUBLIC.DATABASECHANGELOG (ID, AUTHOR, FILENAME, DATEEXECUTED, ORDEREXECUTED, MD5SUM, DESCRIPTION, COMMENTS, EXECTYPE, CONTEXTS, LABELS, LIQUIBASE, DEPLOYMENT_ID) VALUES ('non-clustered_pk-11', 'R3.Corda', 'migration/vault-schema.changelog-pkey.xml', NOW(), 22, '7:c88a8494afc1f2507131e709b3ec4f1e', 'dropForeignKeyConstraint baseTableName=vault_fungible_states_parts, constraintName=FK__fung_st_parts__fung_st; dropPrimaryKey constraintName=vault_fungible_states_pkey, tableName=vault_fungible_states; addPrimaryKey constraintName=vault_fungible_s...', '', 'MARK_RAN', NULL, NULL, '3.5.4', '1046209458')
17:43:30.066 [Test worker] DEBUG liquibase - master.changelog.json: migration/vault-schema.changelog-pkey.xml::non-clustered_pk-12::R3.Corda: Running Changeset:migration/vault-schema.changelog-pkey.xml::non-clustered_pk-12::R3.Corda
17:43:30.069 [Test worker] DEBUG liquibase - master.changelog.json: migration/vault-schema.changelog-pkey.xml::non-clustered_pk-12::R3.Corda: Executing EXECUTE database command: INSERT INTO PUBLIC.DATABASECHANGELOG (ID, AUTHOR, FILENAME, DATEEXECUTED, ORDEREXECUTED, MD5SUM, DESCRIPTION, COMMENTS, EXECTYPE, CONTEXTS, LABELS, LIQUIBASE, DEPLOYMENT_ID) VALUES ('non-clustered_pk-12', 'R3.Corda', 'migration/vault-schema.changelog-pkey.xml', NOW(), 23, '7:5569de8454d891688bbb7510f634782f', 'dropForeignKeyConstraint baseTableName=vault_linear_states_parts, constraintName=FK__lin_stat_parts__lin_stat; dropPrimaryKey constraintName=vault_linear_states_pkey, tableName=vault_linear_states; addPrimaryKey constraintName=vault_linear_states_...', '', 'MARK_RAN', NULL, NULL, '3.5.4', '1046209458')
17:43:30.072 [Test worker] DEBUG liquibase - master.changelog.json: migration/vault-schema.changelog-pkey.xml::non-clustered_pk-13::R3.Corda: Running Changeset:migration/vault-schema.changelog-pkey.xml::non-clustered_pk-13::R3.Corda
17:43:30.074 [Test worker] DEBUG liquibase - master.changelog.json: migration/vault-schema.changelog-pkey.xml::non-clustered_pk-13::R3.Corda: Executing EXECUTE database command: INSERT INTO PUBLIC.DATABASECHANGELOG (ID, AUTHOR, FILENAME, DATEEXECUTED, ORDEREXECUTED, MD5SUM, DESCRIPTION, COMMENTS, EXECTYPE, CONTEXTS, LABELS, LIQUIBASE, DEPLOYMENT_ID) VALUES ('non-clustered_pk-13', 'R3.Corda', 'migration/vault-schema.changelog-pkey.xml', NOW(), 24, '7:c786c529ecdaa33f87d3fc9ed88111f4', 'dropPrimaryKey constraintName=vault_states_pkey, tableName=vault_states; addPrimaryKey constraintName=vault_states_pkey, tableName=vault_states', '', 'MARK_RAN', NULL, NULL, '3.5.4', '1046209458')
17:43:30.077 [Test worker] DEBUG liquibase - master.changelog.json: migration/vault-schema.changelog-v5.xml::add_relevancy_status_column::R3.Corda: Running Changeset:migration/vault-schema.changelog-v5.xml::add_relevancy_status_column::R3.Corda
17:43:30.077 [Test worker] DEBUG liquibase - master.changelog.json: migration/vault-schema.changelog-v5.xml::add_relevancy_status_column::R3.Corda: Changeset migration/vault-schema.changelog-v5.xml::add_relevancy_status_column::R3.Corda
17:43:30.079 [Test worker] DEBUG liquibase - master.changelog.json: migration/vault-schema.changelog-v5.xml::add_relevancy_status_column::R3.Corda: Reading ChangeSet: migration/vault-schema.changelog-v5.xml::add_relevancy_status_column::R3.Corda
17:43:30.079 [Test worker] DEBUG liquibase - master.changelog.json: migration/vault-schema.changelog-v5.xml::add_relevancy_status_column::R3.Corda: Executing Statement: liquibase.statement.core.AddColumnStatement@5c96406c
17:43:30.084 [Test worker] DEBUG liquibase - master.changelog.json: migration/vault-schema.changelog-v5.xml::add_relevancy_status_column::R3.Corda: Executing EXECUTE database command: ALTER TABLE PUBLIC.vault_states ADD relevancy_status INT
17:43:30.168 [Test worker] INFO liquibase - master.changelog.json: migration/vault-schema.changelog-v5.xml::add_relevancy_status_column::R3.Corda: Columns relevancy_status(INT) added to vault_states
17:43:30.168 [Test worker] DEBUG liquibase - master.changelog.json: migration/vault-schema.changelog-v5.xml::add_relevancy_status_column::R3.Corda: Executing Statement: liquibase.statement.core.UpdateStatement@4b067cd8
17:43:30.168 [Test worker] DEBUG liquibase - master.changelog.json: migration/vault-schema.changelog-v5.xml::add_relevancy_status_column::R3.Corda: Executing EXECUTE database command: UPDATE PUBLIC.vault_states SET relevancy_status = 0
17:43:30.169 [Test worker] INFO liquibase - master.changelog.json: migration/vault-schema.changelog-v5.xml::add_relevancy_status_column::R3.Corda: Data updated in vault_states
17:43:30.169 [Test worker] DEBUG liquibase - master.changelog.json: migration/vault-schema.changelog-v5.xml::add_relevancy_status_column::R3.Corda: Executing Statement: liquibase.statement.core.SetNullableStatement@491125fb
17:43:30.169 [Test worker] DEBUG liquibase - master.changelog.json: migration/vault-schema.changelog-v5.xml::add_relevancy_status_column::R3.Corda: Executing EXECUTE database command: ALTER TABLE PUBLIC.vault_states ALTER COLUMN relevancy_status SET NOT NULL
17:43:30.170 [Test worker] INFO liquibase - master.changelog.json: migration/vault-schema.changelog-v5.xml::add_relevancy_status_column::R3.Corda: Null constraint has been added to vault_states.relevancy_status
17:43:30.170 [Test worker] INFO liquibase - master.changelog.json: migration/vault-schema.changelog-v5.xml::add_relevancy_status_column::R3.Corda: ChangeSet migration/vault-schema.changelog-v5.xml::add_relevancy_status_column::R3.Corda ran successfully in 93ms
17:43:30.172 [Test worker] DEBUG liquibase - master.changelog.json: migration/vault-schema.changelog-v5.xml::add_relevancy_status_column::R3.Corda: Executing EXECUTE database command: INSERT INTO PUBLIC.DATABASECHANGELOG (ID, AUTHOR, FILENAME, DATEEXECUTED, ORDEREXECUTED, MD5SUM, DESCRIPTION, COMMENTS, EXECTYPE, CONTEXTS, LABELS, LIQUIBASE, DEPLOYMENT_ID) VALUES ('add_relevancy_status_column', 'R3.Corda', 'migration/vault-schema.changelog-v5.xml', NOW(), 25, '7:bd7c3258179f34f231f6ae51e3313fc4', 'addColumn tableName=vault_states; update tableName=vault_states; addNotNullConstraint columnName=relevancy_status, tableName=vault_states', '', 'EXECUTED', NULL, NULL, '3.5.4', '1046209458')
17:43:30.173 [Test worker] DEBUG liquibase - master.changelog.json: migration/vault-schema.changelog-v6.xml::add_is_constraint_information_columns::R3.Corda: Running Changeset:migration/vault-schema.changelog-v6.xml::add_is_constraint_information_columns::R3.Corda
17:43:30.173 [Test worker] DEBUG liquibase - master.changelog.json: migration/vault-schema.changelog-v6.xml::add_is_constraint_information_columns::R3.Corda: Changeset migration/vault-schema.changelog-v6.xml::add_is_constraint_information_columns::R3.Corda
17:43:30.173 [Test worker] DEBUG liquibase - master.changelog.json: migration/vault-schema.changelog-v6.xml::add_is_constraint_information_columns::R3.Corda: Reading ChangeSet: migration/vault-schema.changelog-v6.xml::add_is_constraint_information_columns::R3.Corda
17:43:30.173 [Test worker] DEBUG liquibase - master.changelog.json: migration/vault-schema.changelog-v6.xml::add_is_constraint_information_columns::R3.Corda: Executing Statement: liquibase.statement.core.AddColumnStatement@204f7157
17:43:30.180 [Test worker] DEBUG liquibase - master.changelog.json: migration/vault-schema.changelog-v6.xml::add_is_constraint_information_columns::R3.Corda: Executing EXECUTE database command: ALTER TABLE PUBLIC.vault_states ADD constraint_type INT DEFAULT '0' NOT NULL
17:43:30.195 [Test worker] INFO liquibase - master.changelog.json: migration/vault-schema.changelog-v6.xml::add_is_constraint_information_columns::R3.Corda: Columns constraint_type(INT) added to vault_states
17:43:30.195 [Test worker] DEBUG liquibase - master.changelog.json: migration/vault-schema.changelog-v6.xml::add_is_constraint_information_columns::R3.Corda: Executing Statement: liquibase.statement.core.AddColumnStatement@6fdbb1cf
17:43:30.203 [Test worker] DEBUG liquibase - master.changelog.json: migration/vault-schema.changelog-v6.xml::add_is_constraint_information_columns::R3.Corda: Executing EXECUTE database command: ALTER TABLE PUBLIC.vault_states ADD constraint_data VARBINARY(563)
17:43:30.232 [Test worker] INFO liquibase - master.changelog.json: migration/vault-schema.changelog-v6.xml::add_is_constraint_information_columns::R3.Corda: Columns constraint_data(varbinary(563)) added to vault_states
17:43:30.233 [Test worker] INFO liquibase - master.changelog.json: migration/vault-schema.changelog-v6.xml::add_is_constraint_information_columns::R3.Corda: ChangeSet migration/vault-schema.changelog-v6.xml::add_is_constraint_information_columns::R3.Corda ran successfully in 60ms
17:43:30.235 [Test worker] DEBUG liquibase - master.changelog.json: migration/vault-schema.changelog-v6.xml::add_is_constraint_information_columns::R3.Corda: Executing EXECUTE database command: INSERT INTO PUBLIC.DATABASECHANGELOG (ID, AUTHOR, FILENAME, DATEEXECUTED, ORDEREXECUTED, MD5SUM, DESCRIPTION, COMMENTS, EXECTYPE, CONTEXTS, LABELS, LIQUIBASE, DEPLOYMENT_ID) VALUES ('add_is_constraint_information_columns', 'R3.Corda', 'migration/vault-schema.changelog-v6.xml', NOW(), 26, '7:7d7cf7015d299a7fefb6e81aa563e208', 'addColumn tableName=vault_states; addColumn tableName=vault_states', '', 'EXECUTED', NULL, NULL, '3.5.4', '1046209458')
17:43:30.238 [Test worker] DEBUG liquibase - master.changelog.json: migration/vault-schema.changelog-v7.xml::make_issuer_ref_nullable::R3.Corda: Running Changeset:migration/vault-schema.changelog-v7.xml::make_issuer_ref_nullable::R3.Corda
17:43:30.238 [Test worker] DEBUG liquibase - master.changelog.json: migration/vault-schema.changelog-v7.xml::make_issuer_ref_nullable::R3.Corda: Changeset migration/vault-schema.changelog-v7.xml::make_issuer_ref_nullable::R3.Corda
17:43:30.238 [Test worker] DEBUG liquibase - master.changelog.json: migration/vault-schema.changelog-v7.xml::make_issuer_ref_nullable::R3.Corda: Reading ChangeSet: migration/vault-schema.changelog-v7.xml::make_issuer_ref_nullable::R3.Corda
17:43:30.238 [Test worker] DEBUG liquibase - master.changelog.json: migration/vault-schema.changelog-v7.xml::make_issuer_ref_nullable::R3.Corda: Executing Statement: liquibase.statement.core.SetNullableStatement@6dc94c87
17:43:30.239 [Test worker] DEBUG liquibase - master.changelog.json: migration/vault-schema.changelog-v7.xml::make_issuer_ref_nullable::R3.Corda: Executing EXECUTE database command: ALTER TABLE PUBLIC.vault_fungible_states ALTER COLUMN issuer_ref SET NULL
17:43:30.239 [Test worker] INFO liquibase - master.changelog.json: migration/vault-schema.changelog-v7.xml::make_issuer_ref_nullable::R3.Corda: Null constraint dropped from vault_fungible_states.issuer_ref
17:43:30.239 [Test worker] INFO liquibase - master.changelog.json: migration/vault-schema.changelog-v7.xml::make_issuer_ref_nullable::R3.Corda: ChangeSet migration/vault-schema.changelog-v7.xml::make_issuer_ref_nullable::R3.Corda ran successfully in 1ms
17:43:30.242 [Test worker] DEBUG liquibase - master.changelog.json: migration/vault-schema.changelog-v7.xml::make_issuer_ref_nullable::R3.Corda: Executing EXECUTE database command: INSERT INTO PUBLIC.DATABASECHANGELOG (ID, AUTHOR, FILENAME, DATEEXECUTED, ORDEREXECUTED, MD5SUM, DESCRIPTION, COMMENTS, EXECTYPE, CONTEXTS, LABELS, LIQUIBASE, DEPLOYMENT_ID) VALUES ('make_issuer_ref_nullable', 'R3.Corda', 'migration/vault-schema.changelog-v7.xml', NOW(), 27, '7:016e083b176a76fc50d74e3fe07ca1cb', 'dropNotNullConstraint columnName=issuer_ref, tableName=vault_fungible_states', '', 'EXECUTED', NULL, NULL, '3.5.4', '1046209458')
17:43:30.244 [Test worker] DEBUG liquibase - master.changelog.json: migration/vault-schema.changelog-v8.xml::create-external-id-to-state-party-view::R3.Corda: Running Changeset:migration/vault-schema.changelog-v8.xml::create-external-id-to-state-party-view::R3.Corda
17:43:30.244 [Test worker] DEBUG liquibase - master.changelog.json: migration/vault-schema.changelog-v8.xml::create-external-id-to-state-party-view::R3.Corda: Changeset migration/vault-schema.changelog-v8.xml::create-external-id-to-state-party-view::R3.Corda
17:43:30.245 [Test worker] DEBUG liquibase - master.changelog.json: migration/vault-schema.changelog-v8.xml::create-external-id-to-state-party-view::R3.Corda: Reading ChangeSet: migration/vault-schema.changelog-v8.xml::create-external-id-to-state-party-view::R3.Corda
17:43:30.245 [Test worker] DEBUG liquibase - master.changelog.json: migration/vault-schema.changelog-v8.xml::create-external-id-to-state-party-view::R3.Corda: Executing Statement: liquibase.statement.core.CreateTableStatement@f6402c6
17:43:30.245 [Test worker] DEBUG liquibase - master.changelog.json: migration/vault-schema.changelog-v8.xml::create-external-id-to-state-party-view::R3.Corda: Executing EXECUTE database command: CREATE TABLE PUBLIC.state_party (output_index INT, transaction_id NVARCHAR(64), public_key_hash NVARCHAR(255) NOT NULL, x500_name NVARCHAR(255))
17:43:30.250 [Test worker] INFO liquibase - master.changelog.json: migration/vault-schema.changelog-v8.xml::create-external-id-to-state-party-view::R3.Corda: Table state_party created
17:43:30.250 [Test worker] DEBUG liquibase - master.changelog.json: migration/vault-schema.changelog-v8.xml::create-external-id-to-state-party-view::R3.Corda: Executing Statement: liquibase.statement.core.CreateIndexStatement@341ce95e
17:43:30.250 [Test worker] DEBUG liquibase - master.changelog.json: migration/vault-schema.changelog-v8.xml::create-external-id-to-state-party-view::R3.Corda: Executing EXECUTE database command: CREATE INDEX PUBLIC.state_pk_hash_idx ON PUBLIC.state_party(public_key_hash)
17:43:30.253 [Test worker] INFO liquibase - master.changelog.json: migration/vault-schema.changelog-v8.xml::create-external-id-to-state-party-view::R3.Corda: Index state_pk_hash_idx created
17:43:30.254 [Test worker] DEBUG liquibase - master.changelog.json: migration/vault-schema.changelog-v8.xml::create-external-id-to-state-party-view::R3.Corda: Executing Statement: liquibase.statement.core.CreateTableStatement@3902c9f7
17:43:30.257 [Test worker] DEBUG liquibase - master.changelog.json: migration/vault-schema.changelog-v8.xml::create-external-id-to-state-party-view::R3.Corda: Executing EXECUTE database command: CREATE TABLE PUBLIC.pk_hash_to_ext_id_map (id BIGINT NOT NULL, external_id VARCHAR(255) NOT NULL, public_key_hash NVARCHAR(255) NOT NULL)
17:43:30.261 [Test worker] INFO liquibase - master.changelog.json: migration/vault-schema.changelog-v8.xml::create-external-id-to-state-party-view::R3.Corda: Table pk_hash_to_ext_id_map created
17:43:30.261 [Test worker] DEBUG liquibase - master.changelog.json: migration/vault-schema.changelog-v8.xml::create-external-id-to-state-party-view::R3.Corda: Executing Statement: liquibase.statement.core.CreateIndexStatement@7d442fc7
17:43:30.261 [Test worker] DEBUG liquibase - master.changelog.json: migration/vault-schema.changelog-v8.xml::create-external-id-to-state-party-view::R3.Corda: Executing EXECUTE database command: CREATE INDEX PUBLIC.pk_hash_to_xid_idx ON PUBLIC.pk_hash_to_ext_id_map(public_key_hash)
17:43:30.262 [Test worker] INFO liquibase - master.changelog.json: migration/vault-schema.changelog-v8.xml::create-external-id-to-state-party-view::R3.Corda: Index pk_hash_to_xid_idx created
17:43:30.262 [Test worker] DEBUG liquibase - master.changelog.json: migration/vault-schema.changelog-v8.xml::create-external-id-to-state-party-view::R3.Corda: Executing Statement: liquibase.statement.core.CreateViewStatement@2ec17f28
17:43:30.271 [Test worker] DEBUG liquibase - master.changelog.json: migration/vault-schema.changelog-v8.xml::create-external-id-to-state-party-view::R3.Corda: Executing EXECUTE database command: CREATE VIEW PUBLIC.v_pkey_hash_ex_id_map AS select
                state_party.public_key_hash,
                state_party.transaction_id,
                state_party.output_index,
                pk_hash_to_ext_id_map.external_id
            from state_party
            join pk_hash_to_ext_id_map
            on state_party.public_key_hash = pk_hash_to_ext_id_map.public_key_hash
17:43:30.276 [Test worker] INFO liquibase - master.changelog.json: migration/vault-schema.changelog-v8.xml::create-external-id-to-state-party-view::R3.Corda: View v_pkey_hash_ex_id_map created
17:43:30.276 [Test worker] INFO liquibase - master.changelog.json: migration/vault-schema.changelog-v8.xml::create-external-id-to-state-party-view::R3.Corda: ChangeSet migration/vault-schema.changelog-v8.xml::create-external-id-to-state-party-view::R3.Corda ran successfully in 32ms
17:43:30.278 [Test worker] DEBUG liquibase - master.changelog.json: migration/vault-schema.changelog-v8.xml::create-external-id-to-state-party-view::R3.Corda: Executing EXECUTE database command: INSERT INTO PUBLIC.DATABASECHANGELOG (ID, AUTHOR, FILENAME, DATEEXECUTED, ORDEREXECUTED, MD5SUM, DESCRIPTION, COMMENTS, EXECTYPE, CONTEXTS, LABELS, LIQUIBASE, DEPLOYMENT_ID) VALUES ('create-external-id-to-state-party-view', 'R3.Corda', 'migration/vault-schema.changelog-v8.xml', NOW(), 28, '7:68a2e794e4726e4e40b28753c7a64413', 'createTable tableName=state_party; createIndex indexName=state_pk_hash_idx, tableName=state_party; createTable tableName=pk_hash_to_ext_id_map; createIndex indexName=pk_hash_to_xid_idx, tableName=pk_hash_to_ext_id_map; createView viewName=v_pkey_h...', '', 'EXECUTED', NULL, NULL, '3.5.4', '1046209458')
17:43:30.280 [Test worker] DEBUG liquibase - master.changelog.json: migration/node-info.changelog-init.xml::1511451595465-4::R3.Corda: Running Changeset:migration/node-info.changelog-init.xml::1511451595465-4::R3.Corda
17:43:30.281 [Test worker] DEBUG liquibase - master.changelog.json: migration/node-info.changelog-init.xml::1511451595465-4::R3.Corda: Changeset migration/node-info.changelog-init.xml::1511451595465-4::R3.Corda
17:43:30.281 [Test worker] DEBUG liquibase - master.changelog.json: migration/node-info.changelog-init.xml::1511451595465-4::R3.Corda: Reading ChangeSet: migration/node-info.changelog-init.xml::1511451595465-4::R3.Corda
17:43:30.281 [Test worker] DEBUG liquibase - master.changelog.json: migration/node-info.changelog-init.xml::1511451595465-4::R3.Corda: Executing Statement: liquibase.statement.core.CreateTableStatement@385da78e
17:43:30.282 [Test worker] DEBUG liquibase - master.changelog.json: migration/node-info.changelog-init.xml::1511451595465-4::R3.Corda: Executing EXECUTE database command: CREATE TABLE PUBLIC.node_link_nodeinfo_party (node_info_id INT NOT NULL, party_name NVARCHAR(255) NOT NULL)
17:43:30.283 [Test worker] INFO liquibase - master.changelog.json: migration/node-info.changelog-init.xml::1511451595465-4::R3.Corda: Table node_link_nodeinfo_party created
17:43:30.283 [Test worker] INFO liquibase - master.changelog.json: migration/node-info.changelog-init.xml::1511451595465-4::R3.Corda: ChangeSet migration/node-info.changelog-init.xml::1511451595465-4::R3.Corda ran successfully in 2ms
17:43:30.284 [Test worker] DEBUG liquibase - master.changelog.json: migration/node-info.changelog-init.xml::1511451595465-4::R3.Corda: Executing EXECUTE database command: INSERT INTO PUBLIC.DATABASECHANGELOG (ID, AUTHOR, FILENAME, DATEEXECUTED, ORDEREXECUTED, MD5SUM, DESCRIPTION, COMMENTS, EXECTYPE, CONTEXTS, LABELS, LIQUIBASE, DEPLOYMENT_ID) VALUES ('1511451595465-4', 'R3.Corda', 'migration/node-info.changelog-init.xml', NOW(), 29, '7:86561ccea3a7fbbdb311d455076c98a8', 'createTable tableName=node_link_nodeinfo_party', '', 'EXECUTED', NULL, NULL, '3.5.4', '1046209458')
17:43:30.286 [Test worker] DEBUG liquibase - master.changelog.json: migration/node-info.changelog-init.xml::1511451595465-10::R3.Corda: Running Changeset:migration/node-info.changelog-init.xml::1511451595465-10::R3.Corda
17:43:30.286 [Test worker] DEBUG liquibase - master.changelog.json: migration/node-info.changelog-init.xml::1511451595465-10::R3.Corda: Changeset migration/node-info.changelog-init.xml::1511451595465-10::R3.Corda
17:43:30.286 [Test worker] DEBUG liquibase - master.changelog.json: migration/node-info.changelog-init.xml::1511451595465-10::R3.Corda: Reading ChangeSet: migration/node-info.changelog-init.xml::1511451595465-10::R3.Corda
17:43:30.287 [Test worker] DEBUG liquibase - master.changelog.json: migration/node-info.changelog-init.xml::1511451595465-10::R3.Corda: Executing Statement: liquibase.statement.core.CreateTableStatement@6d1a9615
17:43:30.287 [Test worker] DEBUG liquibase - master.changelog.json: migration/node-info.changelog-init.xml::1511451595465-10::R3.Corda: Executing EXECUTE database command: CREATE TABLE PUBLIC.node_info_hosts (host NVARCHAR(255) NOT NULL, port INT NOT NULL, node_info_id INT)
17:43:30.288 [Test worker] INFO liquibase - master.changelog.json: migration/node-info.changelog-init.xml::1511451595465-10::R3.Corda: Table node_info_hosts created
17:43:30.288 [Test worker] INFO liquibase - master.changelog.json: migration/node-info.changelog-init.xml::1511451595465-10::R3.Corda: ChangeSet migration/node-info.changelog-init.xml::1511451595465-10::R3.Corda ran successfully in 2ms
17:43:30.290 [Test worker] DEBUG liquibase - master.changelog.json: migration/node-info.changelog-init.xml::1511451595465-10::R3.Corda: Executing EXECUTE database command: INSERT INTO PUBLIC.DATABASECHANGELOG (ID, AUTHOR, FILENAME, DATEEXECUTED, ORDEREXECUTED, MD5SUM, DESCRIPTION, COMMENTS, EXECTYPE, CONTEXTS, LABELS, LIQUIBASE, DEPLOYMENT_ID) VALUES ('1511451595465-10', 'R3.Corda', 'migration/node-info.changelog-init.xml', NOW(), 30, '7:86dcf13717e5dbc4c623523618380bdd', 'createTable tableName=node_info_hosts', '', 'EXECUTED', NULL, NULL, '3.5.4', '1046209458')
17:43:30.327 [Test worker] DEBUG liquibase - master.changelog.json: migration/node-info.changelog-init.xml::1511451595465-11::R3.Corda: Running Changeset:migration/node-info.changelog-init.xml::1511451595465-11::R3.Corda
17:43:30.327 [Test worker] DEBUG liquibase - master.changelog.json: migration/node-info.changelog-init.xml::1511451595465-11::R3.Corda: Changeset migration/node-info.changelog-init.xml::1511451595465-11::R3.Corda
17:43:30.327 [Test worker] DEBUG liquibase - master.changelog.json: migration/node-info.changelog-init.xml::1511451595465-11::R3.Corda: Reading ChangeSet: migration/node-info.changelog-init.xml::1511451595465-11::R3.Corda
17:43:30.328 [Test worker] DEBUG liquibase - master.changelog.json: migration/node-info.changelog-init.xml::1511451595465-11::R3.Corda: Executing Statement: liquibase.statement.core.CreateTableStatement@690fb37
17:43:30.328 [Test worker] DEBUG liquibase - master.changelog.json: migration/node-info.changelog-init.xml::1511451595465-11::R3.Corda: Executing EXECUTE database command: CREATE TABLE PUBLIC.node_info_party_cert (party_name NVARCHAR(255) NOT NULL, ismain BOOLEAN NOT NULL, owning_key_hash NVARCHAR(130), party_cert_binary BLOB)
17:43:30.330 [Test worker] INFO liquibase - master.changelog.json: migration/node-info.changelog-init.xml::1511451595465-11::R3.Corda: Table node_info_party_cert created
17:43:30.330 [Test worker] INFO liquibase - master.changelog.json: migration/node-info.changelog-init.xml::1511451595465-11::R3.Corda: ChangeSet migration/node-info.changelog-init.xml::1511451595465-11::R3.Corda ran successfully in 3ms
17:43:30.332 [Test worker] DEBUG liquibase - master.changelog.json: migration/node-info.changelog-init.xml::1511451595465-11::R3.Corda: Executing EXECUTE database command: INSERT INTO PUBLIC.DATABASECHANGELOG (ID, AUTHOR, FILENAME, DATEEXECUTED, ORDEREXECUTED, MD5SUM, DESCRIPTION, COMMENTS, EXECTYPE, CONTEXTS, LABELS, LIQUIBASE, DEPLOYMENT_ID) VALUES ('1511451595465-11', 'R3.Corda', 'migration/node-info.changelog-init.xml', NOW(), 31, '7:ddf2ea133beca979abcb7e627a37db60', 'createTable tableName=node_info_party_cert', '', 'EXECUTED', NULL, NULL, '3.5.4', '1046209458')
17:43:30.333 [Test worker] DEBUG liquibase - master.changelog.json: migration/node-info.changelog-init.xml::1511451595465-12::R3.Corda: Running Changeset:migration/node-info.changelog-init.xml::1511451595465-12::R3.Corda
17:43:30.333 [Test worker] DEBUG liquibase - master.changelog.json: migration/node-info.changelog-init.xml::1511451595465-12::R3.Corda: Changeset migration/node-info.changelog-init.xml::1511451595465-12::R3.Corda
17:43:30.333 [Test worker] DEBUG liquibase - master.changelog.json: migration/node-info.changelog-init.xml::1511451595465-12::R3.Corda: Reading ChangeSet: migration/node-info.changelog-init.xml::1511451595465-12::R3.Corda
17:43:30.333 [Test worker] DEBUG liquibase - master.changelog.json: migration/node-info.changelog-init.xml::1511451595465-12::R3.Corda: Executing Statement: liquibase.statement.core.CreateTableStatement@7e8277e7
17:43:30.334 [Test worker] DEBUG liquibase - master.changelog.json: migration/node-info.changelog-init.xml::1511451595465-12::R3.Corda: Executing EXECUTE database command: CREATE TABLE PUBLIC.node_infos (node_info_id INT NOT NULL, node_info_hash NVARCHAR(64), platform_version INT, serial BIGINT)
17:43:30.334 [Test worker] INFO liquibase - master.changelog.json: migration/node-info.changelog-init.xml::1511451595465-12::R3.Corda: Table node_infos created
17:43:30.335 [Test worker] INFO liquibase - master.changelog.json: migration/node-info.changelog-init.xml::1511451595465-12::R3.Corda: ChangeSet migration/node-info.changelog-init.xml::1511451595465-12::R3.Corda ran successfully in 2ms
17:43:30.336 [Test worker] DEBUG liquibase - master.changelog.json: migration/node-info.changelog-init.xml::1511451595465-12::R3.Corda: Executing EXECUTE database command: INSERT INTO PUBLIC.DATABASECHANGELOG (ID, AUTHOR, FILENAME, DATEEXECUTED, ORDEREXECUTED, MD5SUM, DESCRIPTION, COMMENTS, EXECTYPE, CONTEXTS, LABELS, LIQUIBASE, DEPLOYMENT_ID) VALUES ('1511451595465-12', 'R3.Corda', 'migration/node-info.changelog-init.xml', NOW(), 32, '7:2a2169c32d87fdc3442c6096740a52a5', 'createTable tableName=node_infos', '', 'EXECUTED', NULL, NULL, '3.5.4', '1046209458')
17:43:30.337 [Test worker] DEBUG liquibase - master.changelog.json: migration/node-info.changelog-init.xml::1511451595465-35::R3.Corda: Running Changeset:migration/node-info.changelog-init.xml::1511451595465-35::R3.Corda
17:43:30.338 [Test worker] DEBUG liquibase - master.changelog.json: migration/node-info.changelog-init.xml::1511451595465-35::R3.Corda: Changeset migration/node-info.changelog-init.xml::1511451595465-35::R3.Corda
17:43:30.339 [Test worker] DEBUG liquibase - master.changelog.json: migration/node-info.changelog-init.xml::1511451595465-35::R3.Corda: Reading ChangeSet: migration/node-info.changelog-init.xml::1511451595465-35::R3.Corda
17:43:30.340 [Test worker] DEBUG liquibase - master.changelog.json: migration/node-info.changelog-init.xml::1511451595465-35::R3.Corda: Executing Statement: liquibase.statement.core.AddPrimaryKeyStatement@61255a1a
17:43:30.340 [Test worker] DEBUG liquibase - master.changelog.json: migration/node-info.changelog-init.xml::1511451595465-35::R3.Corda: Executing EXECUTE database command: ALTER TABLE PUBLIC.node_info_hosts ADD CONSTRAINT node_info_hosts_pkey PRIMARY KEY (host, port)
17:43:30.341 [Test worker] INFO liquibase - master.changelog.json: migration/node-info.changelog-init.xml::1511451595465-35::R3.Corda: Primary key added to node_info_hosts (host, port)
17:43:30.341 [Test worker] INFO liquibase - master.changelog.json: migration/node-info.changelog-init.xml::1511451595465-35::R3.Corda: ChangeSet migration/node-info.changelog-init.xml::1511451595465-35::R3.Corda ran successfully in 3ms
17:43:30.344 [Test worker] DEBUG liquibase - master.changelog.json: migration/node-info.changelog-init.xml::1511451595465-35::R3.Corda: Executing EXECUTE database command: INSERT INTO PUBLIC.DATABASECHANGELOG (ID, AUTHOR, FILENAME, DATEEXECUTED, ORDEREXECUTED, MD5SUM, DESCRIPTION, COMMENTS, EXECTYPE, CONTEXTS, LABELS, LIQUIBASE, DEPLOYMENT_ID) VALUES ('1511451595465-35', 'R3.Corda', 'migration/node-info.changelog-init.xml', NOW(), 33, '7:5c8230d7f489b4b961c3b52b3335e5ff', 'addPrimaryKey constraintName=node_info_hosts_pkey, tableName=node_info_hosts', '', 'EXECUTED', NULL, NULL, '3.5.4', '1046209458')
17:43:30.345 [Test worker] DEBUG liquibase - master.changelog.json: migration/node-info.changelog-init.xml::1511451595465-36::R3.Corda: Running Changeset:migration/node-info.changelog-init.xml::1511451595465-36::R3.Corda
17:43:30.345 [Test worker] DEBUG liquibase - master.changelog.json: migration/node-info.changelog-init.xml::1511451595465-36::R3.Corda: Changeset migration/node-info.changelog-init.xml::1511451595465-36::R3.Corda
17:43:30.346 [Test worker] DEBUG liquibase - master.changelog.json: migration/node-info.changelog-init.xml::1511451595465-36::R3.Corda: Reading ChangeSet: migration/node-info.changelog-init.xml::1511451595465-36::R3.Corda
17:43:30.346 [Test worker] DEBUG liquibase - master.changelog.json: migration/node-info.changelog-init.xml::1511451595465-36::R3.Corda: Executing Statement: liquibase.statement.core.AddPrimaryKeyStatement@1435a210
17:43:30.346 [Test worker] DEBUG liquibase - master.changelog.json: migration/node-info.changelog-init.xml::1511451595465-36::R3.Corda: Executing EXECUTE database command: ALTER TABLE PUBLIC.node_info_party_cert ADD CONSTRAINT node_info_party_cert_pkey PRIMARY KEY (party_name)
17:43:30.347 [Test worker] INFO liquibase - master.changelog.json: migration/node-info.changelog-init.xml::1511451595465-36::R3.Corda: Primary key added to node_info_party_cert (party_name)
17:43:30.347 [Test worker] INFO liquibase - master.changelog.json: migration/node-info.changelog-init.xml::1511451595465-36::R3.Corda: ChangeSet migration/node-info.changelog-init.xml::1511451595465-36::R3.Corda ran successfully in 2ms
17:43:30.348 [Test worker] DEBUG liquibase - master.changelog.json: migration/node-info.changelog-init.xml::1511451595465-36::R3.Corda: Executing EXECUTE database command: INSERT INTO PUBLIC.DATABASECHANGELOG (ID, AUTHOR, FILENAME, DATEEXECUTED, ORDEREXECUTED, MD5SUM, DESCRIPTION, COMMENTS, EXECTYPE, CONTEXTS, LABELS, LIQUIBASE, DEPLOYMENT_ID) VALUES ('1511451595465-36', 'R3.Corda', 'migration/node-info.changelog-init.xml', NOW(), 34, '7:a4293247b9113bb0895d15e212ded67d', 'addPrimaryKey constraintName=node_info_party_cert_pkey, tableName=node_info_party_cert', '', 'EXECUTED', NULL, NULL, '3.5.4', '1046209458')
17:43:30.349 [Test worker] DEBUG liquibase - master.changelog.json: migration/node-info.changelog-init.xml::1511451595465-37::R3.Corda: Running Changeset:migration/node-info.changelog-init.xml::1511451595465-37::R3.Corda
17:43:30.349 [Test worker] DEBUG liquibase - master.changelog.json: migration/node-info.changelog-init.xml::1511451595465-37::R3.Corda: Changeset migration/node-info.changelog-init.xml::1511451595465-37::R3.Corda
17:43:30.350 [Test worker] DEBUG liquibase - master.changelog.json: migration/node-info.changelog-init.xml::1511451595465-37::R3.Corda: Reading ChangeSet: migration/node-info.changelog-init.xml::1511451595465-37::R3.Corda
17:43:30.350 [Test worker] DEBUG liquibase - master.changelog.json: migration/node-info.changelog-init.xml::1511451595465-37::R3.Corda: Executing Statement: liquibase.statement.core.AddPrimaryKeyStatement@734c1475
17:43:30.350 [Test worker] DEBUG liquibase - master.changelog.json: migration/node-info.changelog-init.xml::1511451595465-37::R3.Corda: Executing EXECUTE database command: ALTER TABLE PUBLIC.node_infos ADD CONSTRAINT node_infos_pkey PRIMARY KEY (node_info_id)
17:43:30.350 [Test worker] INFO liquibase - master.changelog.json: migration/node-info.changelog-init.xml::1511451595465-37::R3.Corda: Primary key added to node_infos (node_info_id)
17:43:30.350 [Test worker] INFO liquibase - master.changelog.json: migration/node-info.changelog-init.xml::1511451595465-37::R3.Corda: ChangeSet migration/node-info.changelog-init.xml::1511451595465-37::R3.Corda ran successfully in 1ms
17:43:30.352 [Test worker] DEBUG liquibase - master.changelog.json: migration/node-info.changelog-init.xml::1511451595465-37::R3.Corda: Executing EXECUTE database command: INSERT INTO PUBLIC.DATABASECHANGELOG (ID, AUTHOR, FILENAME, DATEEXECUTED, ORDEREXECUTED, MD5SUM, DESCRIPTION, COMMENTS, EXECTYPE, CONTEXTS, LABELS, LIQUIBASE, DEPLOYMENT_ID) VALUES ('1511451595465-37', 'R3.Corda', 'migration/node-info.changelog-init.xml', NOW(), 35, '7:3f7b9e25544e21798cc648d8ab2056b7', 'addPrimaryKey constraintName=node_infos_pkey, tableName=node_infos', '', 'EXECUTED', NULL, NULL, '3.5.4', '1046209458')
17:43:30.353 [Test worker] DEBUG liquibase - master.changelog.json: migration/node-info.changelog-init.xml::1511451595465-62::R3.Corda: Running Changeset:migration/node-info.changelog-init.xml::1511451595465-62::R3.Corda
17:43:30.353 [Test worker] DEBUG liquibase - master.changelog.json: migration/node-info.changelog-init.xml::1511451595465-62::R3.Corda: Changeset migration/node-info.changelog-init.xml::1511451595465-62::R3.Corda
17:43:30.353 [Test worker] DEBUG liquibase - master.changelog.json: migration/node-info.changelog-init.xml::1511451595465-62::R3.Corda: Reading ChangeSet: migration/node-info.changelog-init.xml::1511451595465-62::R3.Corda
17:43:30.353 [Test worker] DEBUG liquibase - master.changelog.json: migration/node-info.changelog-init.xml::1511451595465-62::R3.Corda: Executing Statement: liquibase.statement.core.AddForeignKeyConstraintStatement@2a74267c
17:43:30.353 [Test worker] DEBUG liquibase - master.changelog.json: migration/node-info.changelog-init.xml::1511451595465-62::R3.Corda: Executing EXECUTE database command: ALTER TABLE PUBLIC.node_link_nodeinfo_party ADD CONSTRAINT FK__link_nodeinfo_party__infos FOREIGN KEY (node_info_id) REFERENCES PUBLIC.node_infos (node_info_id)
17:43:30.356 [Test worker] INFO liquibase - master.changelog.json: migration/node-info.changelog-init.xml::1511451595465-62::R3.Corda: Foreign key constraint added to node_link_nodeinfo_party (node_info_id)
17:43:30.356 [Test worker] INFO liquibase - master.changelog.json: migration/node-info.changelog-init.xml::1511451595465-62::R3.Corda: ChangeSet migration/node-info.changelog-init.xml::1511451595465-62::R3.Corda ran successfully in 3ms
17:43:30.357 [Test worker] DEBUG liquibase - master.changelog.json: migration/node-info.changelog-init.xml::1511451595465-62::R3.Corda: Executing EXECUTE database command: INSERT INTO PUBLIC.DATABASECHANGELOG (ID, AUTHOR, FILENAME, DATEEXECUTED, ORDEREXECUTED, MD5SUM, DESCRIPTION, COMMENTS, EXECTYPE, CONTEXTS, LABELS, LIQUIBASE, DEPLOYMENT_ID) VALUES ('1511451595465-62', 'R3.Corda', 'migration/node-info.changelog-init.xml', NOW(), 36, '7:64add0a3b0350cfe6fa3de1428a38397', 'addForeignKeyConstraint baseTableName=node_link_nodeinfo_party, constraintName=FK__link_nodeinfo_party__infos, referencedTableName=node_infos', '', 'EXECUTED', NULL, NULL, '3.5.4', '1046209458')
17:43:30.359 [Test worker] DEBUG liquibase - master.changelog.json: migration/node-info.changelog-init.xml::1511451595465-63::R3.Corda: Running Changeset:migration/node-info.changelog-init.xml::1511451595465-63::R3.Corda
17:43:30.360 [Test worker] DEBUG liquibase - master.changelog.json: migration/node-info.changelog-init.xml::1511451595465-63::R3.Corda: Changeset migration/node-info.changelog-init.xml::1511451595465-63::R3.Corda
17:43:30.363 [Test worker] DEBUG liquibase - master.changelog.json: migration/node-info.changelog-init.xml::1511451595465-63::R3.Corda: Reading ChangeSet: migration/node-info.changelog-init.xml::1511451595465-63::R3.Corda
17:43:30.363 [Test worker] DEBUG liquibase - master.changelog.json: migration/node-info.changelog-init.xml::1511451595465-63::R3.Corda: Executing Statement: liquibase.statement.core.AddForeignKeyConstraintStatement@724bf2cc
17:43:30.364 [Test worker] DEBUG liquibase - master.changelog.json: migration/node-info.changelog-init.xml::1511451595465-63::R3.Corda: Executing EXECUTE database command: ALTER TABLE PUBLIC.node_info_hosts ADD CONSTRAINT FK__info_hosts__infos FOREIGN KEY (node_info_id) REFERENCES PUBLIC.node_infos (node_info_id)
17:43:30.375 [Test worker] INFO liquibase - master.changelog.json: migration/node-info.changelog-init.xml::1511451595465-63::R3.Corda: Foreign key constraint added to node_info_hosts (node_info_id)
17:43:30.377 [Test worker] INFO liquibase - master.changelog.json: migration/node-info.changelog-init.xml::1511451595465-63::R3.Corda: ChangeSet migration/node-info.changelog-init.xml::1511451595465-63::R3.Corda ran successfully in 17ms
17:43:30.378 [Test worker] DEBUG liquibase - master.changelog.json: migration/node-info.changelog-init.xml::1511451595465-63::R3.Corda: Executing EXECUTE database command: INSERT INTO PUBLIC.DATABASECHANGELOG (ID, AUTHOR, FILENAME, DATEEXECUTED, ORDEREXECUTED, MD5SUM, DESCRIPTION, COMMENTS, EXECTYPE, CONTEXTS, LABELS, LIQUIBASE, DEPLOYMENT_ID) VALUES ('1511451595465-63', 'R3.Corda', 'migration/node-info.changelog-init.xml', NOW(), 37, '7:6ea0c3bb234d14956401b6b281531832', 'addForeignKeyConstraint baseTableName=node_info_hosts, constraintName=FK__info_hosts__infos, referencedTableName=node_infos', '', 'EXECUTED', NULL, NULL, '3.5.4', '1046209458')
17:43:30.382 [Test worker] DEBUG liquibase - master.changelog.json: migration/node-info.changelog-init.xml::remove_host_port_pk::R3.Corda: Running Changeset:migration/node-info.changelog-init.xml::remove_host_port_pk::R3.Corda
17:43:30.432 [Test worker] DEBUG liquibase - master.changelog.json: migration/node-info.changelog-init.xml::remove_host_port_pk::R3.Corda: Changeset migration/node-info.changelog-init.xml::remove_host_port_pk::R3.Corda
17:43:30.432 [Test worker] DEBUG liquibase - master.changelog.json: migration/node-info.changelog-init.xml::remove_host_port_pk::R3.Corda: Reading ChangeSet: migration/node-info.changelog-init.xml::remove_host_port_pk::R3.Corda
17:43:30.433 [Test worker] DEBUG liquibase - master.changelog.json: migration/node-info.changelog-init.xml::remove_host_port_pk::R3.Corda: Executing Statement: liquibase.statement.core.DeleteStatement@2b0c51d8
17:43:30.433 [Test worker] DEBUG liquibase - master.changelog.json: migration/node-info.changelog-init.xml::remove_host_port_pk::R3.Corda: Executing EXECUTE database command: DELETE FROM PUBLIC.node_infos
17:43:30.433 [Test worker] INFO liquibase - master.changelog.json: migration/node-info.changelog-init.xml::remove_host_port_pk::R3.Corda: Data deleted from node_infos
17:43:30.433 [Test worker] DEBUG liquibase - master.changelog.json: migration/node-info.changelog-init.xml::remove_host_port_pk::R3.Corda: Executing Statement: liquibase.statement.core.DeleteStatement@3af3ec09
17:43:30.433 [Test worker] DEBUG liquibase - master.changelog.json: migration/node-info.changelog-init.xml::remove_host_port_pk::R3.Corda: Executing EXECUTE database command: DELETE FROM PUBLIC.node_link_nodeinfo_party
17:43:30.434 [Test worker] INFO liquibase - master.changelog.json: migration/node-info.changelog-init.xml::remove_host_port_pk::R3.Corda: Data deleted from node_link_nodeinfo_party
17:43:30.434 [Test worker] DEBUG liquibase - master.changelog.json: migration/node-info.changelog-init.xml::remove_host_port_pk::R3.Corda: Executing Statement: liquibase.statement.core.DeleteStatement@4e092a3
17:43:30.434 [Test worker] DEBUG liquibase - master.changelog.json: migration/node-info.changelog-init.xml::remove_host_port_pk::R3.Corda: Executing EXECUTE database command: DELETE FROM PUBLIC.node_info_hosts
17:43:30.434 [Test worker] INFO liquibase - master.changelog.json: migration/node-info.changelog-init.xml::remove_host_port_pk::R3.Corda: Data deleted from node_info_hosts
17:43:30.434 [Test worker] DEBUG liquibase - master.changelog.json: migration/node-info.changelog-init.xml::remove_host_port_pk::R3.Corda: Executing Statement: liquibase.statement.core.DeleteStatement@22daa240
17:43:30.434 [Test worker] DEBUG liquibase - master.changelog.json: migration/node-info.changelog-init.xml::remove_host_port_pk::R3.Corda: Executing EXECUTE database command: DELETE FROM PUBLIC.node_info_party_cert
17:43:30.435 [Test worker] INFO liquibase - master.changelog.json: migration/node-info.changelog-init.xml::remove_host_port_pk::R3.Corda: Data deleted from node_info_party_cert
17:43:30.435 [Test worker] DEBUG liquibase - master.changelog.json: migration/node-info.changelog-init.xml::remove_host_port_pk::R3.Corda: Executing Statement: liquibase.statement.core.DropPrimaryKeyStatement@6b91a552
17:43:30.435 [Test worker] DEBUG liquibase - master.changelog.json: migration/node-info.changelog-init.xml::remove_host_port_pk::R3.Corda: Executing EXECUTE database command: ALTER TABLE PUBLIC.node_info_hosts DROP PRIMARY KEY
17:43:30.436 [Test worker] INFO liquibase - master.changelog.json: migration/node-info.changelog-init.xml::remove_host_port_pk::R3.Corda: Primary key dropped from node_info_hosts
17:43:30.437 [Test worker] DEBUG liquibase - master.changelog.json: migration/node-info.changelog-init.xml::remove_host_port_pk::R3.Corda: Executing Statement: liquibase.statement.core.AddColumnStatement@2d99349e
17:43:30.437 [Test worker] DEBUG liquibase - master.changelog.json: migration/node-info.changelog-init.xml::remove_host_port_pk::R3.Corda: Executing EXECUTE database command: ALTER TABLE PUBLIC.node_info_hosts ADD hosts_id INT NOT NULL
17:43:30.449 [Test worker] INFO liquibase - master.changelog.json: migration/node-info.changelog-init.xml::remove_host_port_pk::R3.Corda: Columns hosts_id(INT) added to node_info_hosts
17:43:30.449 [Test worker] DEBUG liquibase - master.changelog.json: migration/node-info.changelog-init.xml::remove_host_port_pk::R3.Corda: Executing Statement: liquibase.statement.core.AddPrimaryKeyStatement@1e196308
17:43:30.450 [Test worker] DEBUG liquibase - master.changelog.json: migration/node-info.changelog-init.xml::remove_host_port_pk::R3.Corda: Executing EXECUTE database command: ALTER TABLE PUBLIC.node_info_hosts ADD CONSTRAINT node_info_hosts_pkey_id PRIMARY KEY (hosts_id)
17:43:30.450 [Test worker] INFO liquibase - master.changelog.json: migration/node-info.changelog-init.xml::remove_host_port_pk::R3.Corda: Primary key added to node_info_hosts (hosts_id)
17:43:30.450 [Test worker] INFO liquibase - master.changelog.json: migration/node-info.changelog-init.xml::remove_host_port_pk::R3.Corda: ChangeSet migration/node-info.changelog-init.xml::remove_host_port_pk::R3.Corda ran successfully in 18ms
17:43:30.453 [Test worker] DEBUG liquibase - master.changelog.json: migration/node-info.changelog-init.xml::remove_host_port_pk::R3.Corda: Executing EXECUTE database command: INSERT INTO PUBLIC.DATABASECHANGELOG (ID, AUTHOR, FILENAME, DATEEXECUTED, ORDEREXECUTED, MD5SUM, DESCRIPTION, COMMENTS, EXECTYPE, CONTEXTS, LABELS, LIQUIBASE, DEPLOYMENT_ID) VALUES ('remove_host_port_pk', 'R3.Corda', 'migration/node-info.changelog-init.xml', NOW(), 38, '7:cb733f12ced82860fd296bb0c94c5072', 'delete tableName=node_infos; delete tableName=node_link_nodeinfo_party; delete tableName=node_info_hosts; delete tableName=node_info_party_cert; dropPrimaryKey constraintName=node_info_hosts_pkey, tableName=node_info_hosts; addColumn tableName=nod...', '', 'EXECUTED', NULL, NULL, '3.5.4', '1046209458')
17:43:30.454 [Test worker] DEBUG liquibase - master.changelog.json: migration/node-info.changelog-v1.xml::key/value node properties table::R3.Corda: Running Changeset:migration/node-info.changelog-v1.xml::key/value node properties table::R3.Corda
17:43:30.454 [Test worker] DEBUG liquibase - master.changelog.json: migration/node-info.changelog-v1.xml::key/value node properties table::R3.Corda: Changeset migration/node-info.changelog-v1.xml::key/value node properties table::R3.Corda
17:43:30.454 [Test worker] DEBUG liquibase - master.changelog.json: migration/node-info.changelog-v1.xml::key/value node properties table::R3.Corda: Reading ChangeSet: migration/node-info.changelog-v1.xml::key/value node properties table::R3.Corda
17:43:30.454 [Test worker] DEBUG liquibase - master.changelog.json: migration/node-info.changelog-v1.xml::key/value node properties table::R3.Corda: Executing Statement: liquibase.statement.core.CreateTableStatement@57377bfe
17:43:30.454 [Test worker] DEBUG liquibase - master.changelog.json: migration/node-info.changelog-v1.xml::key/value node properties table::R3.Corda: Executing EXECUTE database command: CREATE TABLE PUBLIC.node_properties (property_key NVARCHAR(255) NOT NULL, property_value NVARCHAR(255))
17:43:30.455 [Test worker] INFO liquibase - master.changelog.json: migration/node-info.changelog-v1.xml::key/value node properties table::R3.Corda: Table node_properties created
17:43:30.455 [Test worker] INFO liquibase - master.changelog.json: migration/node-info.changelog-v1.xml::key/value node properties table::R3.Corda: ChangeSet migration/node-info.changelog-v1.xml::key/value node properties table::R3.Corda ran successfully in 1ms
17:43:30.456 [Test worker] DEBUG liquibase - master.changelog.json: migration/node-info.changelog-v1.xml::key/value node properties table::R3.Corda: Executing EXECUTE database command: INSERT INTO PUBLIC.DATABASECHANGELOG (ID, AUTHOR, FILENAME, DATEEXECUTED, ORDEREXECUTED, MD5SUM, DESCRIPTION, COMMENTS, EXECTYPE, CONTEXTS, LABELS, LIQUIBASE, DEPLOYMENT_ID) VALUES ('key/value node properties table', 'R3.Corda', 'migration/node-info.changelog-v1.xml', NOW(), 39, '7:05241b402dd60a4e1eeb86ad6c5eff9e', 'createTable tableName=node_properties', '', 'EXECUTED', NULL, NULL, '3.5.4', '1046209458')
17:43:30.457 [Test worker] DEBUG liquibase - master.changelog.json: migration/node-info.changelog-v2.xml::1525962920::R3.Corda: Running Changeset:migration/node-info.changelog-v2.xml::1525962920::R3.Corda
17:43:30.457 [Test worker] DEBUG liquibase - master.changelog.json: migration/node-info.changelog-v2.xml::1525962920::R3.Corda: Changeset migration/node-info.changelog-v2.xml::1525962920::R3.Corda
17:43:30.457 [Test worker] DEBUG liquibase - master.changelog.json: migration/node-info.changelog-v2.xml::1525962920::R3.Corda: Reading ChangeSet: migration/node-info.changelog-v2.xml::1525962920::R3.Corda
17:43:30.457 [Test worker] DEBUG liquibase - master.changelog.json: migration/node-info.changelog-v2.xml::1525962920::R3.Corda: Executing Statement: liquibase.statement.core.SetNullableStatement@5681d6e8
17:43:30.457 [Test worker] DEBUG liquibase - master.changelog.json: migration/node-info.changelog-v2.xml::1525962920::R3.Corda: Executing EXECUTE database command: ALTER TABLE PUBLIC.node_infos ALTER COLUMN node_info_hash SET NOT NULL
17:43:30.462 [Test worker] INFO liquibase - master.changelog.json: migration/node-info.changelog-v2.xml::1525962920::R3.Corda: Null constraint has been added to node_infos.node_info_hash
17:43:30.462 [Test worker] DEBUG liquibase - master.changelog.json: migration/node-info.changelog-v2.xml::1525962920::R3.Corda: Executing Statement: liquibase.statement.core.SetNullableStatement@72b67ca7
17:43:30.462 [Test worker] DEBUG liquibase - master.changelog.json: migration/node-info.changelog-v2.xml::1525962920::R3.Corda: Executing EXECUTE database command: ALTER TABLE PUBLIC.node_infos ALTER COLUMN platform_version SET NOT NULL
17:43:30.463 [Test worker] INFO liquibase - master.changelog.json: migration/node-info.changelog-v2.xml::1525962920::R3.Corda: Null constraint has been added to node_infos.platform_version
17:43:30.463 [Test worker] DEBUG liquibase - master.changelog.json: migration/node-info.changelog-v2.xml::1525962920::R3.Corda: Executing Statement: liquibase.statement.core.SetNullableStatement@6fd5e2e8
17:43:30.463 [Test worker] DEBUG liquibase - master.changelog.json: migration/node-info.changelog-v2.xml::1525962920::R3.Corda: Executing EXECUTE database command: ALTER TABLE PUBLIC.node_infos ALTER COLUMN serial SET NOT NULL
17:43:30.466 [Test worker] INFO liquibase - master.changelog.json: migration/node-info.changelog-v2.xml::1525962920::R3.Corda: Null constraint has been added to node_infos.serial
17:43:30.466 [Test worker] DEBUG liquibase - master.changelog.json: migration/node-info.changelog-v2.xml::1525962920::R3.Corda: Executing Statement: liquibase.statement.core.SetNullableStatement@2fc9607a
17:43:30.466 [Test worker] DEBUG liquibase - master.changelog.json: migration/node-info.changelog-v2.xml::1525962920::R3.Corda: Executing EXECUTE database command: ALTER TABLE PUBLIC.node_info_hosts ALTER COLUMN host SET NULL
17:43:30.466 [Test worker] INFO liquibase - master.changelog.json: migration/node-info.changelog-v2.xml::1525962920::R3.Corda: Null constraint dropped from node_info_hosts.host
17:43:30.467 [Test worker] DEBUG liquibase - master.changelog.json: migration/node-info.changelog-v2.xml::1525962920::R3.Corda: Executing Statement: liquibase.statement.core.SetNullableStatement@423cb13e
17:43:30.467 [Test worker] DEBUG liquibase - master.changelog.json: migration/node-info.changelog-v2.xml::1525962920::R3.Corda: Executing EXECUTE database command: ALTER TABLE PUBLIC.node_info_hosts ALTER COLUMN port SET NULL
17:43:30.467 [Test worker] INFO liquibase - master.changelog.json: migration/node-info.changelog-v2.xml::1525962920::R3.Corda: Null constraint dropped from node_info_hosts.port
17:43:30.467 [Test worker] DEBUG liquibase - master.changelog.json: migration/node-info.changelog-v2.xml::1525962920::R3.Corda: Executing Statement: liquibase.statement.core.SetNullableStatement@2bec933
17:43:30.467 [Test worker] DEBUG liquibase - master.changelog.json: migration/node-info.changelog-v2.xml::1525962920::R3.Corda: Executing EXECUTE database command: ALTER TABLE PUBLIC.node_info_party_cert ALTER COLUMN owning_key_hash SET NOT NULL
17:43:30.468 [Test worker] INFO liquibase - master.changelog.json: migration/node-info.changelog-v2.xml::1525962920::R3.Corda: Null constraint has been added to node_info_party_cert.owning_key_hash
17:43:30.468 [Test worker] DEBUG liquibase - master.changelog.json: migration/node-info.changelog-v2.xml::1525962920::R3.Corda: Executing Statement: liquibase.statement.core.SetNullableStatement@532c46f6
17:43:30.468 [Test worker] DEBUG liquibase - master.changelog.json: migration/node-info.changelog-v2.xml::1525962920::R3.Corda: Executing EXECUTE database command: ALTER TABLE PUBLIC.node_info_party_cert ALTER COLUMN party_cert_binary SET NOT NULL
17:43:30.468 [Test worker] INFO liquibase - master.changelog.json: migration/node-info.changelog-v2.xml::1525962920::R3.Corda: Null constraint has been added to node_info_party_cert.party_cert_binary
17:43:30.469 [Test worker] INFO liquibase - master.changelog.json: migration/node-info.changelog-v2.xml::1525962920::R3.Corda: ChangeSet migration/node-info.changelog-v2.xml::1525962920::R3.Corda ran successfully in 12ms
17:43:30.470 [Test worker] DEBUG liquibase - master.changelog.json: migration/node-info.changelog-v2.xml::1525962920::R3.Corda: Executing EXECUTE database command: INSERT INTO PUBLIC.DATABASECHANGELOG (ID, AUTHOR, FILENAME, DATEEXECUTED, ORDEREXECUTED, MD5SUM, DESCRIPTION, COMMENTS, EXECTYPE, CONTEXTS, LABELS, LIQUIBASE, DEPLOYMENT_ID) VALUES ('1525962920', 'R3.Corda', 'migration/node-info.changelog-v2.xml', NOW(), 40, '7:c3fd83668d5ed4acdefcad3f90944935', 'addNotNullConstraint columnName=node_info_hash, tableName=node_infos; addNotNullConstraint columnName=platform_version, tableName=node_infos; addNotNullConstraint columnName=serial, tableName=node_infos; dropNotNullConstraint columnName=host, tabl...', '', 'EXECUTED', NULL, NULL, '3.5.4', '1046209458')
17:43:30.471 [Test worker] DEBUG liquibase - master.changelog.json: migration/node-info.changelog-v3.xml::column_host_name::R3.Corda: Running Changeset:migration/node-info.changelog-v3.xml::column_host_name::R3.Corda
17:43:30.471 [Test worker] DEBUG liquibase - master.changelog.json: migration/node-info.changelog-v3.xml::column_host_name::R3.Corda: Changeset migration/node-info.changelog-v3.xml::column_host_name::R3.Corda
17:43:30.471 [Test worker] DEBUG liquibase - master.changelog.json: migration/node-info.changelog-v3.xml::column_host_name::R3.Corda: Reading ChangeSet: migration/node-info.changelog-v3.xml::column_host_name::R3.Corda
17:43:30.471 [Test worker] DEBUG liquibase - master.changelog.json: migration/node-info.changelog-v3.xml::column_host_name::R3.Corda: Executing Statement: liquibase.statement.core.RenameColumnStatement@640fcb33
17:43:30.472 [Test worker] DEBUG liquibase - master.changelog.json: migration/node-info.changelog-v3.xml::column_host_name::R3.Corda: Executing EXECUTE database command: ALTER TABLE PUBLIC.node_info_hosts ALTER COLUMN host RENAME TO host_name
17:43:30.473 [Test worker] INFO liquibase - master.changelog.json: migration/node-info.changelog-v3.xml::column_host_name::R3.Corda: Column node_info_hosts.host renamed to host_name
17:43:30.473 [Test worker] INFO liquibase - master.changelog.json: migration/node-info.changelog-v3.xml::column_host_name::R3.Corda: ChangeSet migration/node-info.changelog-v3.xml::column_host_name::R3.Corda ran successfully in 2ms
17:43:30.475 [Test worker] DEBUG liquibase - master.changelog.json: migration/node-info.changelog-v3.xml::column_host_name::R3.Corda: Executing EXECUTE database command: INSERT INTO PUBLIC.DATABASECHANGELOG (ID, AUTHOR, FILENAME, DATEEXECUTED, ORDEREXECUTED, MD5SUM, DESCRIPTION, COMMENTS, EXECTYPE, CONTEXTS, LABELS, LIQUIBASE, DEPLOYMENT_ID) VALUES ('column_host_name', 'R3.Corda', 'migration/node-info.changelog-v3.xml', NOW(), 41, '7:fc4ceb3b82e44070da1fff49a7b5cccb', 'renameColumn newColumnName=host_name, oldColumnName=host, tableName=node_info_hosts', '', 'EXECUTED', NULL, NULL, '3.5.4', '1046209458')
17:43:30.478 [Test worker] DEBUG liquibase - master.changelog.json: migration/node-services.changelog-init.xml::1511451595465-5::R3.Corda: Running Changeset:migration/node-services.changelog-init.xml::1511451595465-5::R3.Corda
17:43:30.479 [Test worker] DEBUG liquibase - master.changelog.json: migration/node-services.changelog-init.xml::1511451595465-5::R3.Corda: Changeset migration/node-services.changelog-init.xml::1511451595465-5::R3.Corda
17:43:30.479 [Test worker] DEBUG liquibase - master.changelog.json: migration/node-services.changelog-init.xml::1511451595465-5::R3.Corda: Reading ChangeSet: migration/node-services.changelog-init.xml::1511451595465-5::R3.Corda
17:43:30.479 [Test worker] DEBUG liquibase - master.changelog.json: migration/node-services.changelog-init.xml::1511451595465-5::R3.Corda: Executing Statement: liquibase.statement.core.CreateTableStatement@c09edd8
17:43:30.480 [Test worker] DEBUG liquibase - master.changelog.json: migration/node-services.changelog-init.xml::1511451595465-5::R3.Corda: Executing EXECUTE database command: CREATE TABLE PUBLIC.node_attachments (att_id NVARCHAR(255) NOT NULL, content BLOB, filename NVARCHAR(255), insertion_date TIMESTAMP NOT NULL, uploader NVARCHAR(255))
17:43:30.482 [Test worker] INFO liquibase - master.changelog.json: migration/node-services.changelog-init.xml::1511451595465-5::R3.Corda: Table node_attachments created
17:43:30.482 [Test worker] INFO liquibase - master.changelog.json: migration/node-services.changelog-init.xml::1511451595465-5::R3.Corda: ChangeSet migration/node-services.changelog-init.xml::1511451595465-5::R3.Corda ran successfully in 3ms
17:43:30.529 [Test worker] DEBUG liquibase - master.changelog.json: migration/node-services.changelog-init.xml::1511451595465-5::R3.Corda: Executing EXECUTE database command: INSERT INTO PUBLIC.DATABASECHANGELOG (ID, AUTHOR, FILENAME, DATEEXECUTED, ORDEREXECUTED, MD5SUM, DESCRIPTION, COMMENTS, EXECTYPE, CONTEXTS, LABELS, LIQUIBASE, DEPLOYMENT_ID) VALUES ('1511451595465-5', 'R3.Corda', 'migration/node-services.changelog-init.xml', NOW(), 42, '7:464a5bbaf24fe78716c38c544dc81f3c', 'createTable tableName=node_attachments', '', 'EXECUTED', NULL, NULL, '3.5.4', '1046209458')
17:43:30.530 [Test worker] DEBUG liquibase - master.changelog.json: migration/node-services.changelog-init.xml::1511451595465-7::R3.Corda: Running Changeset:migration/node-services.changelog-init.xml::1511451595465-7::R3.Corda
17:43:30.530 [Test worker] DEBUG liquibase - master.changelog.json: migration/node-services.changelog-init.xml::1511451595465-7::R3.Corda: Changeset migration/node-services.changelog-init.xml::1511451595465-7::R3.Corda
17:43:30.530 [Test worker] DEBUG liquibase - master.changelog.json: migration/node-services.changelog-init.xml::1511451595465-7::R3.Corda: Reading ChangeSet: migration/node-services.changelog-init.xml::1511451595465-7::R3.Corda
17:43:30.530 [Test worker] DEBUG liquibase - master.changelog.json: migration/node-services.changelog-init.xml::1511451595465-7::R3.Corda: Executing Statement: liquibase.statement.core.CreateTableStatement@6da4a75b
17:43:30.531 [Test worker] DEBUG liquibase - master.changelog.json: migration/node-services.changelog-init.xml::1511451595465-7::R3.Corda: Executing EXECUTE database command: CREATE TABLE PUBLIC.node_checkpoints (checkpoint_id NVARCHAR(64) NOT NULL, checkpoint_value BLOB)
17:43:30.531 [Test worker] INFO liquibase - master.changelog.json: migration/node-services.changelog-init.xml::1511451595465-7::R3.Corda: Table node_checkpoints created
17:43:30.532 [Test worker] INFO liquibase - master.changelog.json: migration/node-services.changelog-init.xml::1511451595465-7::R3.Corda: ChangeSet migration/node-services.changelog-init.xml::1511451595465-7::R3.Corda ran successfully in 2ms
17:43:30.534 [Test worker] DEBUG liquibase - master.changelog.json: migration/node-services.changelog-init.xml::1511451595465-7::R3.Corda: Executing EXECUTE database command: INSERT INTO PUBLIC.DATABASECHANGELOG (ID, AUTHOR, FILENAME, DATEEXECUTED, ORDEREXECUTED, MD5SUM, DESCRIPTION, COMMENTS, EXECTYPE, CONTEXTS, LABELS, LIQUIBASE, DEPLOYMENT_ID) VALUES ('1511451595465-7', 'R3.Corda', 'migration/node-services.changelog-init.xml', NOW(), 43, '7:2870aa3a468e81bab1cd24ac70ca2163', 'createTable tableName=node_checkpoints', '', 'EXECUTED', NULL, NULL, '3.5.4', '1046209458')
17:43:30.541 [Test worker] DEBUG liquibase - master.changelog.json: migration/node-services.changelog-init.xml::1511451595465-8::R3.Corda: Running Changeset:migration/node-services.changelog-init.xml::1511451595465-8::R3.Corda
17:43:30.541 [Test worker] DEBUG liquibase - master.changelog.json: migration/node-services.changelog-init.xml::1511451595465-8::R3.Corda: Changeset migration/node-services.changelog-init.xml::1511451595465-8::R3.Corda
17:43:30.541 [Test worker] DEBUG liquibase - master.changelog.json: migration/node-services.changelog-init.xml::1511451595465-8::R3.Corda: Reading ChangeSet: migration/node-services.changelog-init.xml::1511451595465-8::R3.Corda
17:43:30.541 [Test worker] DEBUG liquibase - master.changelog.json: migration/node-services.changelog-init.xml::1511451595465-8::R3.Corda: Executing Statement: liquibase.statement.core.CreateTableStatement@7dd5346a
17:43:30.542 [Test worker] DEBUG liquibase - master.changelog.json: migration/node-services.changelog-init.xml::1511451595465-8::R3.Corda: Executing EXECUTE database command: CREATE TABLE PUBLIC.node_contract_upgrades (state_ref NVARCHAR(96) NOT NULL, contract_class_name NVARCHAR(255))
17:43:30.544 [Test worker] INFO liquibase - master.changelog.json: migration/node-services.changelog-init.xml::1511451595465-8::R3.Corda: Table node_contract_upgrades created
17:43:30.545 [Test worker] INFO liquibase - master.changelog.json: migration/node-services.changelog-init.xml::1511451595465-8::R3.Corda: ChangeSet migration/node-services.changelog-init.xml::1511451595465-8::R3.Corda ran successfully in 4ms
17:43:30.555 [Test worker] DEBUG liquibase - master.changelog.json: migration/node-services.changelog-init.xml::1511451595465-8::R3.Corda: Executing EXECUTE database command: INSERT INTO PUBLIC.DATABASECHANGELOG (ID, AUTHOR, FILENAME, DATEEXECUTED, ORDEREXECUTED, MD5SUM, DESCRIPTION, COMMENTS, EXECTYPE, CONTEXTS, LABELS, LIQUIBASE, DEPLOYMENT_ID) VALUES ('1511451595465-8', 'R3.Corda', 'migration/node-services.changelog-init.xml', NOW(), 44, '7:bf156b1c48e915e7d8090d5162e31c02', 'createTable tableName=node_contract_upgrades', '', 'EXECUTED', NULL, NULL, '3.5.4', '1046209458')
17:43:30.557 [Test worker] DEBUG liquibase - master.changelog.json: migration/node-services.changelog-init.xml::1511451595465-9::R3.Corda: Running Changeset:migration/node-services.changelog-init.xml::1511451595465-9::R3.Corda
17:43:30.557 [Test worker] DEBUG liquibase - master.changelog.json: migration/node-services.changelog-init.xml::1511451595465-9::R3.Corda: Changeset migration/node-services.changelog-init.xml::1511451595465-9::R3.Corda
17:43:30.557 [Test worker] DEBUG liquibase - master.changelog.json: migration/node-services.changelog-init.xml::1511451595465-9::R3.Corda: Reading ChangeSet: migration/node-services.changelog-init.xml::1511451595465-9::R3.Corda
17:43:30.558 [Test worker] DEBUG liquibase - master.changelog.json: migration/node-services.changelog-init.xml::1511451595465-9::R3.Corda: Executing Statement: liquibase.statement.core.CreateTableStatement@18af0bb9
17:43:30.558 [Test worker] DEBUG liquibase - master.changelog.json: migration/node-services.changelog-init.xml::1511451595465-9::R3.Corda: Executing EXECUTE database command: CREATE TABLE PUBLIC.node_identities (pk_hash NVARCHAR(130) NOT NULL, identity_value BLOB)
17:43:30.560 [Test worker] INFO liquibase - master.changelog.json: migration/node-services.changelog-init.xml::1511451595465-9::R3.Corda: Table node_identities created
17:43:30.560 [Test worker] INFO liquibase - master.changelog.json: migration/node-services.changelog-init.xml::1511451595465-9::R3.Corda: ChangeSet migration/node-services.changelog-init.xml::1511451595465-9::R3.Corda ran successfully in 3ms
17:43:30.562 [Test worker] DEBUG liquibase - master.changelog.json: migration/node-services.changelog-init.xml::1511451595465-9::R3.Corda: Executing EXECUTE database command: INSERT INTO PUBLIC.DATABASECHANGELOG (ID, AUTHOR, FILENAME, DATEEXECUTED, ORDEREXECUTED, MD5SUM, DESCRIPTION, COMMENTS, EXECTYPE, CONTEXTS, LABELS, LIQUIBASE, DEPLOYMENT_ID) VALUES ('1511451595465-9', 'R3.Corda', 'migration/node-services.changelog-init.xml', NOW(), 45, '7:ea04cf1cc4ea1112c4cbbf932bc51c56', 'createTable tableName=node_identities', '', 'EXECUTED', NULL, NULL, '3.5.4', '1046209458')
17:43:30.579 [Test worker] DEBUG liquibase - master.changelog.json: migration/node-services.changelog-init.xml::1511451595465-13::R3.Corda: Running Changeset:migration/node-services.changelog-init.xml::1511451595465-13::R3.Corda
17:43:30.580 [Test worker] DEBUG liquibase - master.changelog.json: migration/node-services.changelog-init.xml::1511451595465-13::R3.Corda: Changeset migration/node-services.changelog-init.xml::1511451595465-13::R3.Corda
17:43:30.580 [Test worker] DEBUG liquibase - master.changelog.json: migration/node-services.changelog-init.xml::1511451595465-13::R3.Corda: Reading ChangeSet: migration/node-services.changelog-init.xml::1511451595465-13::R3.Corda
17:43:30.580 [Test worker] DEBUG liquibase - master.changelog.json: migration/node-services.changelog-init.xml::1511451595465-13::R3.Corda: Executing Statement: liquibase.statement.core.CreateTableStatement@141e27f0
17:43:30.581 [Test worker] DEBUG liquibase - master.changelog.json: migration/node-services.changelog-init.xml::1511451595465-13::R3.Corda: Executing EXECUTE database command: CREATE TABLE PUBLIC.node_message_ids (message_id NVARCHAR(64) NOT NULL, insertion_time TIMESTAMP)
17:43:30.581 [Test worker] INFO liquibase - master.changelog.json: migration/node-services.changelog-init.xml::1511451595465-13::R3.Corda: Table node_message_ids created
17:43:30.582 [Test worker] INFO liquibase - master.changelog.json: migration/node-services.changelog-init.xml::1511451595465-13::R3.Corda: ChangeSet migration/node-services.changelog-init.xml::1511451595465-13::R3.Corda ran successfully in 3ms
17:43:30.584 [Test worker] DEBUG liquibase - master.changelog.json: migration/node-services.changelog-init.xml::1511451595465-13::R3.Corda: Executing EXECUTE database command: INSERT INTO PUBLIC.DATABASECHANGELOG (ID, AUTHOR, FILENAME, DATEEXECUTED, ORDEREXECUTED, MD5SUM, DESCRIPTION, COMMENTS, EXECTYPE, CONTEXTS, LABELS, LIQUIBASE, DEPLOYMENT_ID) VALUES ('1511451595465-13', 'R3.Corda', 'migration/node-services.changelog-init.xml', NOW(), 46, '7:340ca6c0b7c87b663b0449535b082f80', 'createTable tableName=node_message_ids', '', 'EXECUTED', NULL, NULL, '3.5.4', '1046209458')
17:43:30.586 [Test worker] DEBUG liquibase - master.changelog.json: migration/node-services.changelog-init.xml::1511451595465-14::R3.Corda: Running Changeset:migration/node-services.changelog-init.xml::1511451595465-14::R3.Corda
17:43:30.588 [Test worker] DEBUG liquibase - master.changelog.json: migration/node-services.changelog-init.xml::1511451595465-14::R3.Corda: Changeset migration/node-services.changelog-init.xml::1511451595465-14::R3.Corda
17:43:30.588 [Test worker] DEBUG liquibase - master.changelog.json: migration/node-services.changelog-init.xml::1511451595465-14::R3.Corda: Reading ChangeSet: migration/node-services.changelog-init.xml::1511451595465-14::R3.Corda
17:43:30.589 [Test worker] DEBUG liquibase - master.changelog.json: migration/node-services.changelog-init.xml::1511451595465-14::R3.Corda: Executing Statement: liquibase.statement.core.CreateTableStatement@44ee61f3
17:43:30.590 [Test worker] DEBUG liquibase - master.changelog.json: migration/node-services.changelog-init.xml::1511451595465-14::R3.Corda: Executing EXECUTE database command: CREATE TABLE PUBLIC.node_message_retry (message_id BIGINT NOT NULL, message BLOB, recipients BLOB)
17:43:30.591 [Test worker] INFO liquibase - master.changelog.json: migration/node-services.changelog-init.xml::1511451595465-14::R3.Corda: Table node_message_retry created
17:43:30.592 [Test worker] INFO liquibase - master.changelog.json: migration/node-services.changelog-init.xml::1511451595465-14::R3.Corda: ChangeSet migration/node-services.changelog-init.xml::1511451595465-14::R3.Corda ran successfully in 3ms
17:43:30.596 [Test worker] DEBUG liquibase - master.changelog.json: migration/node-services.changelog-init.xml::1511451595465-14::R3.Corda: Executing EXECUTE database command: INSERT INTO PUBLIC.DATABASECHANGELOG (ID, AUTHOR, FILENAME, DATEEXECUTED, ORDEREXECUTED, MD5SUM, DESCRIPTION, COMMENTS, EXECTYPE, CONTEXTS, LABELS, LIQUIBASE, DEPLOYMENT_ID) VALUES ('1511451595465-14', 'R3.Corda', 'migration/node-services.changelog-init.xml', NOW(), 47, '7:1dc64c73807569fb04c10a9b2d760ff0', 'createTable tableName=node_message_retry', '', 'EXECUTED', NULL, NULL, '3.5.4', '1046209458')
17:43:30.598 [Test worker] DEBUG liquibase - master.changelog.json: migration/node-services.changelog-init.xml::1511451595465-15::R3.Corda: Running Changeset:migration/node-services.changelog-init.xml::1511451595465-15::R3.Corda
17:43:30.598 [Test worker] DEBUG liquibase - master.changelog.json: migration/node-services.changelog-init.xml::1511451595465-15::R3.Corda: Changeset migration/node-services.changelog-init.xml::1511451595465-15::R3.Corda
17:43:30.598 [Test worker] DEBUG liquibase - master.changelog.json: migration/node-services.changelog-init.xml::1511451595465-15::R3.Corda: Reading ChangeSet: migration/node-services.changelog-init.xml::1511451595465-15::R3.Corda
17:43:30.599 [Test worker] DEBUG liquibase - master.changelog.json: migration/node-services.changelog-init.xml::1511451595465-15::R3.Corda: Executing Statement: liquibase.statement.core.CreateTableStatement@1442c1ff
17:43:30.600 [Test worker] DEBUG liquibase - master.changelog.json: migration/node-services.changelog-init.xml::1511451595465-15::R3.Corda: Executing EXECUTE database command: CREATE TABLE PUBLIC.node_named_identities (name NVARCHAR(128) NOT NULL, pk_hash NVARCHAR(130))
17:43:30.601 [Test worker] INFO liquibase - master.changelog.json: migration/node-services.changelog-init.xml::1511451595465-15::R3.Corda: Table node_named_identities created
17:43:30.602 [Test worker] INFO liquibase - master.changelog.json: migration/node-services.changelog-init.xml::1511451595465-15::R3.Corda: ChangeSet migration/node-services.changelog-init.xml::1511451595465-15::R3.Corda ran successfully in 4ms
17:43:30.604 [Test worker] DEBUG liquibase - master.changelog.json: migration/node-services.changelog-init.xml::1511451595465-15::R3.Corda: Executing EXECUTE database command: INSERT INTO PUBLIC.DATABASECHANGELOG (ID, AUTHOR, FILENAME, DATEEXECUTED, ORDEREXECUTED, MD5SUM, DESCRIPTION, COMMENTS, EXECTYPE, CONTEXTS, LABELS, LIQUIBASE, DEPLOYMENT_ID) VALUES ('1511451595465-15', 'R3.Corda', 'migration/node-services.changelog-init.xml', NOW(), 48, '7:108b7d395f7fb3cfc8ce4e364c4008a5', 'createTable tableName=node_named_identities', '', 'EXECUTED', NULL, NULL, '3.5.4', '1046209458')
17:43:30.605 [Test worker] DEBUG liquibase - master.changelog.json: migration/node-services.changelog-init.xml::1511451595465-17::R3.Corda: Running Changeset:migration/node-services.changelog-init.xml::1511451595465-17::R3.Corda
17:43:30.605 [Test worker] DEBUG liquibase - master.changelog.json: migration/node-services.changelog-init.xml::1511451595465-17::R3.Corda: Changeset migration/node-services.changelog-init.xml::1511451595465-17::R3.Corda
17:43:30.605 [Test worker] DEBUG liquibase - master.changelog.json: migration/node-services.changelog-init.xml::1511451595465-17::R3.Corda: Reading ChangeSet: migration/node-services.changelog-init.xml::1511451595465-17::R3.Corda
17:43:30.605 [Test worker] DEBUG liquibase - master.changelog.json: migration/node-services.changelog-init.xml::1511451595465-17::R3.Corda: Executing Statement: liquibase.statement.core.CreateTableStatement@629c28f5
17:43:30.606 [Test worker] DEBUG liquibase - master.changelog.json: migration/node-services.changelog-init.xml::1511451595465-17::R3.Corda: Executing EXECUTE database command: CREATE TABLE PUBLIC.node_our_key_pairs (public_key_hash NVARCHAR(130) NOT NULL, private_key BLOB, public_key BLOB)
17:43:30.606 [Test worker] INFO liquibase - master.changelog.json: migration/node-services.changelog-init.xml::1511451595465-17::R3.Corda: Table node_our_key_pairs created
17:43:30.606 [Test worker] INFO liquibase - master.changelog.json: migration/node-services.changelog-init.xml::1511451595465-17::R3.Corda: ChangeSet migration/node-services.changelog-init.xml::1511451595465-17::R3.Corda ran successfully in 1ms
17:43:30.608 [Test worker] DEBUG liquibase - master.changelog.json: migration/node-services.changelog-init.xml::1511451595465-17::R3.Corda: Executing EXECUTE database command: INSERT INTO PUBLIC.DATABASECHANGELOG (ID, AUTHOR, FILENAME, DATEEXECUTED, ORDEREXECUTED, MD5SUM, DESCRIPTION, COMMENTS, EXECTYPE, CONTEXTS, LABELS, LIQUIBASE, DEPLOYMENT_ID) VALUES ('1511451595465-17', 'R3.Corda', 'migration/node-services.changelog-init.xml', NOW(), 49, '7:a8b4ae7170f56f1df8a23b530bef4dd1', 'createTable tableName=node_our_key_pairs', '', 'EXECUTED', NULL, NULL, '3.5.4', '1046209458')
17:43:30.610 [Test worker] DEBUG liquibase - master.changelog.json: migration/node-services.changelog-init.xml::1511451595465-19::R3.Corda: Running Changeset:migration/node-services.changelog-init.xml::1511451595465-19::R3.Corda
17:43:30.610 [Test worker] DEBUG liquibase - master.changelog.json: migration/node-services.changelog-init.xml::1511451595465-19::R3.Corda: Changeset migration/node-services.changelog-init.xml::1511451595465-19::R3.Corda
17:43:30.610 [Test worker] DEBUG liquibase - master.changelog.json: migration/node-services.changelog-init.xml::1511451595465-19::R3.Corda: Reading ChangeSet: migration/node-services.changelog-init.xml::1511451595465-19::R3.Corda
17:43:30.610 [Test worker] DEBUG liquibase - master.changelog.json: migration/node-services.changelog-init.xml::1511451595465-19::R3.Corda: Executing Statement: liquibase.statement.core.CreateTableStatement@48439685
17:43:30.611 [Test worker] DEBUG liquibase - master.changelog.json: migration/node-services.changelog-init.xml::1511451595465-19::R3.Corda: Executing EXECUTE database command: CREATE TABLE PUBLIC.node_scheduled_states (output_index INT NOT NULL, transaction_id NVARCHAR(64) NOT NULL, scheduled_at TIMESTAMP NOT NULL)
17:43:30.630 [Test worker] INFO liquibase - master.changelog.json: migration/node-services.changelog-init.xml::1511451595465-19::R3.Corda: Table node_scheduled_states created
17:43:30.630 [Test worker] INFO liquibase - master.changelog.json: migration/node-services.changelog-init.xml::1511451595465-19::R3.Corda: ChangeSet migration/node-services.changelog-init.xml::1511451595465-19::R3.Corda ran successfully in 20ms
17:43:30.645 [Test worker] DEBUG liquibase - master.changelog.json: migration/node-services.changelog-init.xml::1511451595465-19::R3.Corda: Executing EXECUTE database command: INSERT INTO PUBLIC.DATABASECHANGELOG (ID, AUTHOR, FILENAME, DATEEXECUTED, ORDEREXECUTED, MD5SUM, DESCRIPTION, COMMENTS, EXECTYPE, CONTEXTS, LABELS, LIQUIBASE, DEPLOYMENT_ID) VALUES ('1511451595465-19', 'R3.Corda', 'migration/node-services.changelog-init.xml', NOW(), 50, '7:2aaf3df7bdbea9c71aa8bea4e14f11ef', 'createTable tableName=node_scheduled_states', '', 'EXECUTED', NULL, NULL, '3.5.4', '1046209458')
17:43:30.647 [Test worker] DEBUG liquibase - master.changelog.json: migration/node-services.changelog-init.xml::1511451595465-20::R3.Corda: Running Changeset:migration/node-services.changelog-init.xml::1511451595465-20::R3.Corda
17:43:30.647 [Test worker] DEBUG liquibase - master.changelog.json: migration/node-services.changelog-init.xml::1511451595465-20::R3.Corda: Changeset migration/node-services.changelog-init.xml::1511451595465-20::R3.Corda
17:43:30.647 [Test worker] DEBUG liquibase - master.changelog.json: migration/node-services.changelog-init.xml::1511451595465-20::R3.Corda: Reading ChangeSet: migration/node-services.changelog-init.xml::1511451595465-20::R3.Corda
17:43:30.648 [Test worker] DEBUG liquibase - master.changelog.json: migration/node-services.changelog-init.xml::1511451595465-20::R3.Corda: Executing Statement: liquibase.statement.core.CreateTableStatement@64f80f64
17:43:30.648 [Test worker] DEBUG liquibase - master.changelog.json: migration/node-services.changelog-init.xml::1511451595465-20::R3.Corda: Executing EXECUTE database command: CREATE TABLE PUBLIC.node_transaction_mappings (tx_id NVARCHAR(64) NOT NULL, state_machine_run_id NVARCHAR(36))
17:43:30.648 [Test worker] INFO liquibase - master.changelog.json: migration/node-services.changelog-init.xml::1511451595465-20::R3.Corda: Table node_transaction_mappings created
17:43:30.648 [Test worker] INFO liquibase - master.changelog.json: migration/node-services.changelog-init.xml::1511451595465-20::R3.Corda: ChangeSet migration/node-services.changelog-init.xml::1511451595465-20::R3.Corda ran successfully in 1ms
17:43:30.650 [Test worker] DEBUG liquibase - master.changelog.json: migration/node-services.changelog-init.xml::1511451595465-20::R3.Corda: Executing EXECUTE database command: INSERT INTO PUBLIC.DATABASECHANGELOG (ID, AUTHOR, FILENAME, DATEEXECUTED, ORDEREXECUTED, MD5SUM, DESCRIPTION, COMMENTS, EXECTYPE, CONTEXTS, LABELS, LIQUIBASE, DEPLOYMENT_ID) VALUES ('1511451595465-20', 'R3.Corda', 'migration/node-services.changelog-init.xml', NOW(), 51, '7:f003464d28fe934c636b24e7c72d9c27', 'createTable tableName=node_transaction_mappings', '', 'EXECUTED', NULL, NULL, '3.5.4', '1046209458')
17:43:30.650 [Test worker] DEBUG liquibase - master.changelog.json: migration/node-services.changelog-init.xml::1511451595465-21::R3.Corda: Running Changeset:migration/node-services.changelog-init.xml::1511451595465-21::R3.Corda
17:43:30.651 [Test worker] DEBUG liquibase - master.changelog.json: migration/node-services.changelog-init.xml::1511451595465-21::R3.Corda: Changeset migration/node-services.changelog-init.xml::1511451595465-21::R3.Corda
17:43:30.651 [Test worker] DEBUG liquibase - master.changelog.json: migration/node-services.changelog-init.xml::1511451595465-21::R3.Corda: Reading ChangeSet: migration/node-services.changelog-init.xml::1511451595465-21::R3.Corda
17:43:30.651 [Test worker] DEBUG liquibase - master.changelog.json: migration/node-services.changelog-init.xml::1511451595465-21::R3.Corda: Executing Statement: liquibase.statement.core.CreateTableStatement@55eddb49
17:43:30.651 [Test worker] DEBUG liquibase - master.changelog.json: migration/node-services.changelog-init.xml::1511451595465-21::R3.Corda: Executing EXECUTE database command: CREATE TABLE PUBLIC.node_transactions (tx_id NVARCHAR(64) NOT NULL, transaction_value BLOB)
17:43:30.652 [Test worker] INFO liquibase - master.changelog.json: migration/node-services.changelog-init.xml::1511451595465-21::R3.Corda: Table node_transactions created
17:43:30.652 [Test worker] INFO liquibase - master.changelog.json: migration/node-services.changelog-init.xml::1511451595465-21::R3.Corda: ChangeSet migration/node-services.changelog-init.xml::1511451595465-21::R3.Corda ran successfully in 2ms
17:43:30.654 [Test worker] DEBUG liquibase - master.changelog.json: migration/node-services.changelog-init.xml::1511451595465-21::R3.Corda: Executing EXECUTE database command: INSERT INTO PUBLIC.DATABASECHANGELOG (ID, AUTHOR, FILENAME, DATEEXECUTED, ORDEREXECUTED, MD5SUM, DESCRIPTION, COMMENTS, EXECTYPE, CONTEXTS, LABELS, LIQUIBASE, DEPLOYMENT_ID) VALUES ('1511451595465-21', 'R3.Corda', 'migration/node-services.changelog-init.xml', NOW(), 52, '7:8b167e9074e47be66c742aec5661b5d1', 'createTable tableName=node_transactions', '', 'EXECUTED', NULL, NULL, '3.5.4', '1046209458')
17:43:30.654 [Test worker] DEBUG liquibase - master.changelog.json: migration/node-services.changelog-init.xml::1511451595465-30::R3.Corda: Running Changeset:migration/node-services.changelog-init.xml::1511451595465-30::R3.Corda
17:43:30.654 [Test worker] DEBUG liquibase - master.changelog.json: migration/node-services.changelog-init.xml::1511451595465-30::R3.Corda: Changeset migration/node-services.changelog-init.xml::1511451595465-30::R3.Corda
17:43:30.655 [Test worker] DEBUG liquibase - master.changelog.json: migration/node-services.changelog-init.xml::1511451595465-30::R3.Corda: Reading ChangeSet: migration/node-services.changelog-init.xml::1511451595465-30::R3.Corda
17:43:30.655 [Test worker] DEBUG liquibase - master.changelog.json: migration/node-services.changelog-init.xml::1511451595465-30::R3.Corda: Executing Statement: liquibase.statement.core.AddPrimaryKeyStatement@24509a56
17:43:30.655 [Test worker] DEBUG liquibase - master.changelog.json: migration/node-services.changelog-init.xml::1511451595465-30::R3.Corda: Executing EXECUTE database command: ALTER TABLE PUBLIC.node_attachments ADD CONSTRAINT node_attachments_pkey PRIMARY KEY (att_id)
17:43:30.656 [Test worker] INFO liquibase - master.changelog.json: migration/node-services.changelog-init.xml::1511451595465-30::R3.Corda: Primary key added to node_attachments (att_id)
17:43:30.656 [Test worker] INFO liquibase - master.changelog.json: migration/node-services.changelog-init.xml::1511451595465-30::R3.Corda: ChangeSet migration/node-services.changelog-init.xml::1511451595465-30::R3.Corda ran successfully in 2ms
17:43:30.657 [Test worker] DEBUG liquibase - master.changelog.json: migration/node-services.changelog-init.xml::1511451595465-30::R3.Corda: Executing EXECUTE database command: INSERT INTO PUBLIC.DATABASECHANGELOG (ID, AUTHOR, FILENAME, DATEEXECUTED, ORDEREXECUTED, MD5SUM, DESCRIPTION, COMMENTS, EXECTYPE, CONTEXTS, LABELS, LIQUIBASE, DEPLOYMENT_ID) VALUES ('1511451595465-30', 'R3.Corda', 'migration/node-services.changelog-init.xml', NOW(), 53, '7:4aa12646e41346c10ae1d18b43468b3e', 'addPrimaryKey constraintName=node_attachments_pkey, tableName=node_attachments', '', 'EXECUTED', NULL, NULL, '3.5.4', '1046209458')
17:43:30.658 [Test worker] DEBUG liquibase - master.changelog.json: migration/node-services.changelog-init.xml::1511451595465-32::R3.Corda: Running Changeset:migration/node-services.changelog-init.xml::1511451595465-32::R3.Corda
17:43:30.658 [Test worker] DEBUG liquibase - master.changelog.json: migration/node-services.changelog-init.xml::1511451595465-32::R3.Corda: Changeset migration/node-services.changelog-init.xml::1511451595465-32::R3.Corda
17:43:30.660 [Test worker] DEBUG liquibase - master.changelog.json: migration/node-services.changelog-init.xml::1511451595465-32::R3.Corda: Reading ChangeSet: migration/node-services.changelog-init.xml::1511451595465-32::R3.Corda
17:43:30.660 [Test worker] DEBUG liquibase - master.changelog.json: migration/node-services.changelog-init.xml::1511451595465-32::R3.Corda: Executing Statement: liquibase.statement.core.AddPrimaryKeyStatement@6f41134
17:43:30.661 [Test worker] DEBUG liquibase - master.changelog.json: migration/node-services.changelog-init.xml::1511451595465-32::R3.Corda: Executing EXECUTE database command: ALTER TABLE PUBLIC.node_checkpoints ADD CONSTRAINT node_checkpoints_pkey PRIMARY KEY (checkpoint_id)
17:43:30.662 [Test worker] INFO liquibase - master.changelog.json: migration/node-services.changelog-init.xml::1511451595465-32::R3.Corda: Primary key added to node_checkpoints (checkpoint_id)
17:43:30.662 [Test worker] INFO liquibase - master.changelog.json: migration/node-services.changelog-init.xml::1511451595465-32::R3.Corda: ChangeSet migration/node-services.changelog-init.xml::1511451595465-32::R3.Corda ran successfully in 4ms
17:43:30.665 [Test worker] DEBUG liquibase - master.changelog.json: migration/node-services.changelog-init.xml::1511451595465-32::R3.Corda: Executing EXECUTE database command: INSERT INTO PUBLIC.DATABASECHANGELOG (ID, AUTHOR, FILENAME, DATEEXECUTED, ORDEREXECUTED, MD5SUM, DESCRIPTION, COMMENTS, EXECTYPE, CONTEXTS, LABELS, LIQUIBASE, DEPLOYMENT_ID) VALUES ('1511451595465-32', 'R3.Corda', 'migration/node-services.changelog-init.xml', NOW(), 54, '7:fa0f2ed27615a3fd2b799bb27b447a36', 'addPrimaryKey constraintName=node_checkpoints_pkey, tableName=node_checkpoints', '', 'EXECUTED', NULL, NULL, '3.5.4', '1046209458')
17:43:30.667 [Test worker] DEBUG liquibase - master.changelog.json: migration/node-services.changelog-init.xml::1511451595465-33::R3.Corda: Running Changeset:migration/node-services.changelog-init.xml::1511451595465-33::R3.Corda
17:43:30.667 [Test worker] DEBUG liquibase - master.changelog.json: migration/node-services.changelog-init.xml::1511451595465-33::R3.Corda: Changeset migration/node-services.changelog-init.xml::1511451595465-33::R3.Corda
17:43:30.668 [Test worker] DEBUG liquibase - master.changelog.json: migration/node-services.changelog-init.xml::1511451595465-33::R3.Corda: Reading ChangeSet: migration/node-services.changelog-init.xml::1511451595465-33::R3.Corda
17:43:30.668 [Test worker] DEBUG liquibase - master.changelog.json: migration/node-services.changelog-init.xml::1511451595465-33::R3.Corda: Executing Statement: liquibase.statement.core.AddPrimaryKeyStatement@7d08f121
17:43:30.668 [Test worker] DEBUG liquibase - master.changelog.json: migration/node-services.changelog-init.xml::1511451595465-33::R3.Corda: Executing EXECUTE database command: ALTER TABLE PUBLIC.node_contract_upgrades ADD CONSTRAINT node_contract_upgrades_pkey PRIMARY KEY (state_ref)
17:43:30.670 [Test worker] INFO liquibase - master.changelog.json: migration/node-services.changelog-init.xml::1511451595465-33::R3.Corda: Primary key added to node_contract_upgrades (state_ref)
17:43:30.670 [Test worker] INFO liquibase - master.changelog.json: migration/node-services.changelog-init.xml::1511451595465-33::R3.Corda: ChangeSet migration/node-services.changelog-init.xml::1511451595465-33::R3.Corda ran successfully in 3ms
17:43:30.671 [Test worker] DEBUG liquibase - master.changelog.json: migration/node-services.changelog-init.xml::1511451595465-33::R3.Corda: Executing EXECUTE database command: INSERT INTO PUBLIC.DATABASECHANGELOG (ID, AUTHOR, FILENAME, DATEEXECUTED, ORDEREXECUTED, MD5SUM, DESCRIPTION, COMMENTS, EXECTYPE, CONTEXTS, LABELS, LIQUIBASE, DEPLOYMENT_ID) VALUES ('1511451595465-33', 'R3.Corda', 'migration/node-services.changelog-init.xml', NOW(), 55, '7:37e38ccee8d375f364abca393727eec7', 'addPrimaryKey constraintName=node_contract_upgrades_pkey, tableName=node_contract_upgrades', '', 'EXECUTED', NULL, NULL, '3.5.4', '1046209458')
17:43:30.672 [Test worker] DEBUG liquibase - master.changelog.json: migration/node-services.changelog-init.xml::1511451595465-34::R3.Corda: Running Changeset:migration/node-services.changelog-init.xml::1511451595465-34::R3.Corda
17:43:30.672 [Test worker] DEBUG liquibase - master.changelog.json: migration/node-services.changelog-init.xml::1511451595465-34::R3.Corda: Changeset migration/node-services.changelog-init.xml::1511451595465-34::R3.Corda
17:43:30.672 [Test worker] DEBUG liquibase - master.changelog.json: migration/node-services.changelog-init.xml::1511451595465-34::R3.Corda: Reading ChangeSet: migration/node-services.changelog-init.xml::1511451595465-34::R3.Corda
17:43:30.672 [Test worker] DEBUG liquibase - master.changelog.json: migration/node-services.changelog-init.xml::1511451595465-34::R3.Corda: Executing Statement: liquibase.statement.core.AddPrimaryKeyStatement@72ceb64f
17:43:30.673 [Test worker] DEBUG liquibase - master.changelog.json: migration/node-services.changelog-init.xml::1511451595465-34::R3.Corda: Executing EXECUTE database command: ALTER TABLE PUBLIC.node_identities ADD CONSTRAINT node_identities_pkey PRIMARY KEY (pk_hash)
17:43:30.673 [Test worker] INFO liquibase - master.changelog.json: migration/node-services.changelog-init.xml::1511451595465-34::R3.Corda: Primary key added to node_identities (pk_hash)
17:43:30.673 [Test worker] INFO liquibase - master.changelog.json: migration/node-services.changelog-init.xml::1511451595465-34::R3.Corda: ChangeSet migration/node-services.changelog-init.xml::1511451595465-34::R3.Corda ran successfully in 1ms
17:43:30.674 [Test worker] DEBUG liquibase - master.changelog.json: migration/node-services.changelog-init.xml::1511451595465-34::R3.Corda: Executing EXECUTE database command: INSERT INTO PUBLIC.DATABASECHANGELOG (ID, AUTHOR, FILENAME, DATEEXECUTED, ORDEREXECUTED, MD5SUM, DESCRIPTION, COMMENTS, EXECTYPE, CONTEXTS, LABELS, LIQUIBASE, DEPLOYMENT_ID) VALUES ('1511451595465-34', 'R3.Corda', 'migration/node-services.changelog-init.xml', NOW(), 56, '7:43d4f1fd6b4b69fcd6b046d8806c8f50', 'addPrimaryKey constraintName=node_identities_pkey, tableName=node_identities', '', 'EXECUTED', NULL, NULL, '3.5.4', '1046209458')
17:43:30.676 [Test worker] DEBUG liquibase - master.changelog.json: migration/node-services.changelog-init.xml::1511451595465-38::R3.Corda: Running Changeset:migration/node-services.changelog-init.xml::1511451595465-38::R3.Corda
17:43:30.676 [Test worker] DEBUG liquibase - master.changelog.json: migration/node-services.changelog-init.xml::1511451595465-38::R3.Corda: Changeset migration/node-services.changelog-init.xml::1511451595465-38::R3.Corda
17:43:30.676 [Test worker] DEBUG liquibase - master.changelog.json: migration/node-services.changelog-init.xml::1511451595465-38::R3.Corda: Reading ChangeSet: migration/node-services.changelog-init.xml::1511451595465-38::R3.Corda
17:43:30.676 [Test worker] DEBUG liquibase - master.changelog.json: migration/node-services.changelog-init.xml::1511451595465-38::R3.Corda: Executing Statement: liquibase.statement.core.AddPrimaryKeyStatement@636df0fe
17:43:30.676 [Test worker] DEBUG liquibase - master.changelog.json: migration/node-services.changelog-init.xml::1511451595465-38::R3.Corda: Executing EXECUTE database command: ALTER TABLE PUBLIC.node_message_ids ADD CONSTRAINT node_message_ids_pkey PRIMARY KEY (message_id)
17:43:30.677 [Test worker] INFO liquibase - master.changelog.json: migration/node-services.changelog-init.xml::1511451595465-38::R3.Corda: Primary key added to node_message_ids (message_id)
17:43:30.677 [Test worker] INFO liquibase - master.changelog.json: migration/node-services.changelog-init.xml::1511451595465-38::R3.Corda: ChangeSet migration/node-services.changelog-init.xml::1511451595465-38::R3.Corda ran successfully in 1ms
17:43:30.679 [Test worker] DEBUG liquibase - master.changelog.json: migration/node-services.changelog-init.xml::1511451595465-38::R3.Corda: Executing EXECUTE database command: INSERT INTO PUBLIC.DATABASECHANGELOG (ID, AUTHOR, FILENAME, DATEEXECUTED, ORDEREXECUTED, MD5SUM, DESCRIPTION, COMMENTS, EXECTYPE, CONTEXTS, LABELS, LIQUIBASE, DEPLOYMENT_ID) VALUES ('1511451595465-38', 'R3.Corda', 'migration/node-services.changelog-init.xml', NOW(), 57, '7:37825d1c920089f5d1d8667fae2a0770', 'addPrimaryKey constraintName=node_message_ids_pkey, tableName=node_message_ids', '', 'EXECUTED', NULL, NULL, '3.5.4', '1046209458')
17:43:30.680 [Test worker] DEBUG liquibase - master.changelog.json: migration/node-services.changelog-init.xml::1511451595465-39::R3.Corda: Running Changeset:migration/node-services.changelog-init.xml::1511451595465-39::R3.Corda
17:43:30.680 [Test worker] DEBUG liquibase - master.changelog.json: migration/node-services.changelog-init.xml::1511451595465-39::R3.Corda: Changeset migration/node-services.changelog-init.xml::1511451595465-39::R3.Corda
17:43:30.680 [Test worker] DEBUG liquibase - master.changelog.json: migration/node-services.changelog-init.xml::1511451595465-39::R3.Corda: Reading ChangeSet: migration/node-services.changelog-init.xml::1511451595465-39::R3.Corda
17:43:30.680 [Test worker] DEBUG liquibase - master.changelog.json: migration/node-services.changelog-init.xml::1511451595465-39::R3.Corda: Executing Statement: liquibase.statement.core.AddPrimaryKeyStatement@109adb89
17:43:30.680 [Test worker] DEBUG liquibase - master.changelog.json: migration/node-services.changelog-init.xml::1511451595465-39::R3.Corda: Executing EXECUTE database command: ALTER TABLE PUBLIC.node_message_retry ADD CONSTRAINT node_message_retry_pkey PRIMARY KEY (message_id)
17:43:30.681 [Test worker] INFO liquibase - master.changelog.json: migration/node-services.changelog-init.xml::1511451595465-39::R3.Corda: Primary key added to node_message_retry (message_id)
17:43:30.681 [Test worker] INFO liquibase - master.changelog.json: migration/node-services.changelog-init.xml::1511451595465-39::R3.Corda: ChangeSet migration/node-services.changelog-init.xml::1511451595465-39::R3.Corda ran successfully in 1ms
17:43:30.684 [Test worker] DEBUG liquibase - master.changelog.json: migration/node-services.changelog-init.xml::1511451595465-39::R3.Corda: Executing EXECUTE database command: INSERT INTO PUBLIC.DATABASECHANGELOG (ID, AUTHOR, FILENAME, DATEEXECUTED, ORDEREXECUTED, MD5SUM, DESCRIPTION, COMMENTS, EXECTYPE, CONTEXTS, LABELS, LIQUIBASE, DEPLOYMENT_ID) VALUES ('1511451595465-39', 'R3.Corda', 'migration/node-services.changelog-init.xml', NOW(), 58, '7:7cc6fa875e39740c709235ff27960561', 'addPrimaryKey constraintName=node_message_retry_pkey, tableName=node_message_retry', '', 'EXECUTED', NULL, NULL, '3.5.4', '1046209458')
17:43:30.685 [Test worker] DEBUG liquibase - master.changelog.json: migration/node-services.changelog-init.xml::1511451595465-40::R3.Corda: Running Changeset:migration/node-services.changelog-init.xml::1511451595465-40::R3.Corda
17:43:30.685 [Test worker] DEBUG liquibase - master.changelog.json: migration/node-services.changelog-init.xml::1511451595465-40::R3.Corda: Changeset migration/node-services.changelog-init.xml::1511451595465-40::R3.Corda
17:43:30.685 [Test worker] DEBUG liquibase - master.changelog.json: migration/node-services.changelog-init.xml::1511451595465-40::R3.Corda: Reading ChangeSet: migration/node-services.changelog-init.xml::1511451595465-40::R3.Corda
17:43:30.685 [Test worker] DEBUG liquibase - master.changelog.json: migration/node-services.changelog-init.xml::1511451595465-40::R3.Corda: Executing Statement: liquibase.statement.core.AddPrimaryKeyStatement@32053b6e
17:43:30.685 [Test worker] DEBUG liquibase - master.changelog.json: migration/node-services.changelog-init.xml::1511451595465-40::R3.Corda: Executing EXECUTE database command: ALTER TABLE PUBLIC.node_named_identities ADD CONSTRAINT node_named_identities_pkey PRIMARY KEY (name)
17:43:30.697 [Test worker] INFO liquibase - master.changelog.json: migration/node-services.changelog-init.xml::1511451595465-40::R3.Corda: Primary key added to node_named_identities (name)
17:43:30.698 [Test worker] INFO liquibase - master.changelog.json: migration/node-services.changelog-init.xml::1511451595465-40::R3.Corda: ChangeSet migration/node-services.changelog-init.xml::1511451595465-40::R3.Corda ran successfully in 13ms
17:43:30.699 [Test worker] DEBUG liquibase - master.changelog.json: migration/node-services.changelog-init.xml::1511451595465-40::R3.Corda: Executing EXECUTE database command: INSERT INTO PUBLIC.DATABASECHANGELOG (ID, AUTHOR, FILENAME, DATEEXECUTED, ORDEREXECUTED, MD5SUM, DESCRIPTION, COMMENTS, EXECTYPE, CONTEXTS, LABELS, LIQUIBASE, DEPLOYMENT_ID) VALUES ('1511451595465-40', 'R3.Corda', 'migration/node-services.changelog-init.xml', NOW(), 59, '7:9fac7485c58064b7e7ddce0bd1af86c4', 'addPrimaryKey constraintName=node_named_identities_pkey, tableName=node_named_identities', '', 'EXECUTED', NULL, NULL, '3.5.4', '1046209458')
17:43:30.711 [Test worker] DEBUG liquibase - master.changelog.json: migration/node-services.changelog-init.xml::1511451595465-42::R3.Corda: Running Changeset:migration/node-services.changelog-init.xml::1511451595465-42::R3.Corda
17:43:30.711 [Test worker] DEBUG liquibase - master.changelog.json: migration/node-services.changelog-init.xml::1511451595465-42::R3.Corda: Changeset migration/node-services.changelog-init.xml::1511451595465-42::R3.Corda
17:43:30.712 [Test worker] DEBUG liquibase - master.changelog.json: migration/node-services.changelog-init.xml::1511451595465-42::R3.Corda: Reading ChangeSet: migration/node-services.changelog-init.xml::1511451595465-42::R3.Corda
17:43:30.712 [Test worker] DEBUG liquibase - master.changelog.json: migration/node-services.changelog-init.xml::1511451595465-42::R3.Corda: Executing Statement: liquibase.statement.core.AddPrimaryKeyStatement@1e0c33bb
17:43:30.712 [Test worker] DEBUG liquibase - master.changelog.json: migration/node-services.changelog-init.xml::1511451595465-42::R3.Corda: Executing EXECUTE database command: ALTER TABLE PUBLIC.node_our_key_pairs ADD CONSTRAINT node_our_key_pairs_pkey PRIMARY KEY (public_key_hash)
17:43:30.713 [Test worker] INFO liquibase - master.changelog.json: migration/node-services.changelog-init.xml::1511451595465-42::R3.Corda: Primary key added to node_our_key_pairs (public_key_hash)
17:43:30.713 [Test worker] INFO liquibase - master.changelog.json: migration/node-services.changelog-init.xml::1511451595465-42::R3.Corda: ChangeSet migration/node-services.changelog-init.xml::1511451595465-42::R3.Corda ran successfully in 2ms
17:43:30.714 [Test worker] DEBUG liquibase - master.changelog.json: migration/node-services.changelog-init.xml::1511451595465-42::R3.Corda: Executing EXECUTE database command: INSERT INTO PUBLIC.DATABASECHANGELOG (ID, AUTHOR, FILENAME, DATEEXECUTED, ORDEREXECUTED, MD5SUM, DESCRIPTION, COMMENTS, EXECTYPE, CONTEXTS, LABELS, LIQUIBASE, DEPLOYMENT_ID) VALUES ('1511451595465-42', 'R3.Corda', 'migration/node-services.changelog-init.xml', NOW(), 60, '7:e3644c4b7315958cfb3a3cd4a3f40946', 'addPrimaryKey constraintName=node_our_key_pairs_pkey, tableName=node_our_key_pairs', '', 'EXECUTED', NULL, NULL, '3.5.4', '1046209458')
17:43:30.715 [Test worker] DEBUG liquibase - master.changelog.json: migration/node-services.changelog-init.xml::1511451595465-44::R3.Corda: Running Changeset:migration/node-services.changelog-init.xml::1511451595465-44::R3.Corda
17:43:30.716 [Test worker] DEBUG liquibase - master.changelog.json: migration/node-services.changelog-init.xml::1511451595465-44::R3.Corda: Changeset migration/node-services.changelog-init.xml::1511451595465-44::R3.Corda
17:43:30.716 [Test worker] DEBUG liquibase - master.changelog.json: migration/node-services.changelog-init.xml::1511451595465-44::R3.Corda: Reading ChangeSet: migration/node-services.changelog-init.xml::1511451595465-44::R3.Corda
17:43:30.717 [Test worker] DEBUG liquibase - master.changelog.json: migration/node-services.changelog-init.xml::1511451595465-44::R3.Corda: Executing Statement: liquibase.statement.core.AddPrimaryKeyStatement@1aca4093
17:43:30.717 [Test worker] DEBUG liquibase - master.changelog.json: migration/node-services.changelog-init.xml::1511451595465-44::R3.Corda: Executing EXECUTE database command: ALTER TABLE PUBLIC.node_scheduled_states ADD CONSTRAINT node_scheduled_states_pkey PRIMARY KEY (output_index, transaction_id)
17:43:30.718 [Test worker] INFO liquibase - master.changelog.json: migration/node-services.changelog-init.xml::1511451595465-44::R3.Corda: Primary key added to node_scheduled_states (output_index, transaction_id)
17:43:30.718 [Test worker] INFO liquibase - master.changelog.json: migration/node-services.changelog-init.xml::1511451595465-44::R3.Corda: ChangeSet migration/node-services.changelog-init.xml::1511451595465-44::R3.Corda ran successfully in 2ms
17:43:30.719 [Test worker] DEBUG liquibase - master.changelog.json: migration/node-services.changelog-init.xml::1511451595465-44::R3.Corda: Executing EXECUTE database command: INSERT INTO PUBLIC.DATABASECHANGELOG (ID, AUTHOR, FILENAME, DATEEXECUTED, ORDEREXECUTED, MD5SUM, DESCRIPTION, COMMENTS, EXECTYPE, CONTEXTS, LABELS, LIQUIBASE, DEPLOYMENT_ID) VALUES ('1511451595465-44', 'R3.Corda', 'migration/node-services.changelog-init.xml', NOW(), 61, '7:122e6cc40f7e50d8c9ffeb46861ed786', 'addPrimaryKey constraintName=node_scheduled_states_pkey, tableName=node_scheduled_states', '', 'EXECUTED', NULL, NULL, '3.5.4', '1046209458')
17:43:30.720 [Test worker] DEBUG liquibase - master.changelog.json: migration/node-services.changelog-init.xml::1511451595465-45::R3.Corda: Running Changeset:migration/node-services.changelog-init.xml::1511451595465-45::R3.Corda
17:43:30.720 [Test worker] DEBUG liquibase - master.changelog.json: migration/node-services.changelog-init.xml::1511451595465-45::R3.Corda: Changeset migration/node-services.changelog-init.xml::1511451595465-45::R3.Corda
17:43:30.720 [Test worker] DEBUG liquibase - master.changelog.json: migration/node-services.changelog-init.xml::1511451595465-45::R3.Corda: Reading ChangeSet: migration/node-services.changelog-init.xml::1511451595465-45::R3.Corda
17:43:30.721 [Test worker] DEBUG liquibase - master.changelog.json: migration/node-services.changelog-init.xml::1511451595465-45::R3.Corda: Executing Statement: liquibase.statement.core.AddPrimaryKeyStatement@61ab9c26
17:43:30.721 [Test worker] DEBUG liquibase - master.changelog.json: migration/node-services.changelog-init.xml::1511451595465-45::R3.Corda: Executing EXECUTE database command: ALTER TABLE PUBLIC.node_transaction_mappings ADD CONSTRAINT node_transaction_mappings_pkey PRIMARY KEY (tx_id)
17:43:30.722 [Test worker] INFO liquibase - master.changelog.json: migration/node-services.changelog-init.xml::1511451595465-45::R3.Corda: Primary key added to node_transaction_mappings (tx_id)
17:43:30.722 [Test worker] INFO liquibase - master.changelog.json: migration/node-services.changelog-init.xml::1511451595465-45::R3.Corda: ChangeSet migration/node-services.changelog-init.xml::1511451595465-45::R3.Corda ran successfully in 2ms
17:43:30.723 [Test worker] DEBUG liquibase - master.changelog.json: migration/node-services.changelog-init.xml::1511451595465-45::R3.Corda: Executing EXECUTE database command: INSERT INTO PUBLIC.DATABASECHANGELOG (ID, AUTHOR, FILENAME, DATEEXECUTED, ORDEREXECUTED, MD5SUM, DESCRIPTION, COMMENTS, EXECTYPE, CONTEXTS, LABELS, LIQUIBASE, DEPLOYMENT_ID) VALUES ('1511451595465-45', 'R3.Corda', 'migration/node-services.changelog-init.xml', NOW(), 62, '7:c4ba1fcc19b22e52678633b13053eaa1', 'addPrimaryKey constraintName=node_transaction_mappings_pkey, tableName=node_transaction_mappings', '', 'EXECUTED', NULL, NULL, '3.5.4', '1046209458')
17:43:30.725 [Test worker] DEBUG liquibase - master.changelog.json: migration/node-services.changelog-init.xml::1511451595465-46::R3.Corda: Running Changeset:migration/node-services.changelog-init.xml::1511451595465-46::R3.Corda
17:43:30.725 [Test worker] DEBUG liquibase - master.changelog.json: migration/node-services.changelog-init.xml::1511451595465-46::R3.Corda: Changeset migration/node-services.changelog-init.xml::1511451595465-46::R3.Corda
17:43:30.725 [Test worker] DEBUG liquibase - master.changelog.json: migration/node-services.changelog-init.xml::1511451595465-46::R3.Corda: Reading ChangeSet: migration/node-services.changelog-init.xml::1511451595465-46::R3.Corda
17:43:30.725 [Test worker] DEBUG liquibase - master.changelog.json: migration/node-services.changelog-init.xml::1511451595465-46::R3.Corda: Executing Statement: liquibase.statement.core.AddPrimaryKeyStatement@75b934df
17:43:30.726 [Test worker] DEBUG liquibase - master.changelog.json: migration/node-services.changelog-init.xml::1511451595465-46::R3.Corda: Executing EXECUTE database command: ALTER TABLE PUBLIC.node_transactions ADD CONSTRAINT node_transactions_pkey PRIMARY KEY (tx_id)
17:43:30.727 [Test worker] INFO liquibase - master.changelog.json: migration/node-services.changelog-init.xml::1511451595465-46::R3.Corda: Primary key added to node_transactions (tx_id)
17:43:30.728 [Test worker] INFO liquibase - master.changelog.json: migration/node-services.changelog-init.xml::1511451595465-46::R3.Corda: ChangeSet migration/node-services.changelog-init.xml::1511451595465-46::R3.Corda ran successfully in 3ms
17:43:30.741 [Test worker] DEBUG liquibase - master.changelog.json: migration/node-services.changelog-init.xml::1511451595465-46::R3.Corda: Executing EXECUTE database command: INSERT INTO PUBLIC.DATABASECHANGELOG (ID, AUTHOR, FILENAME, DATEEXECUTED, ORDEREXECUTED, MD5SUM, DESCRIPTION, COMMENTS, EXECTYPE, CONTEXTS, LABELS, LIQUIBASE, DEPLOYMENT_ID) VALUES ('1511451595465-46', 'R3.Corda', 'migration/node-services.changelog-init.xml', NOW(), 63, '7:1a41a33c68c6f56be99cbfa9af7c2646', 'addPrimaryKey constraintName=node_transactions_pkey, tableName=node_transactions', '', 'EXECUTED', NULL, NULL, '3.5.4', '1046209458')
17:43:30.743 [Test worker] DEBUG liquibase - master.changelog.json: migration/node-services.changelog-init.xml::1511451595465-61::R3.Corda: Running Changeset:migration/node-services.changelog-init.xml::1511451595465-61::R3.Corda
17:43:30.743 [Test worker] DEBUG liquibase - master.changelog.json: migration/node-services.changelog-init.xml::1511451595465-61::R3.Corda: Changeset migration/node-services.changelog-init.xml::1511451595465-61::R3.Corda
17:43:30.744 [Test worker] DEBUG liquibase - master.changelog.json: migration/node-services.changelog-init.xml::1511451595465-61::R3.Corda: Reading ChangeSet: migration/node-services.changelog-init.xml::1511451595465-61::R3.Corda
17:43:30.744 [Test worker] DEBUG liquibase - master.changelog.json: migration/node-services.changelog-init.xml::1511451595465-61::R3.Corda: Executing Statement: liquibase.statement.core.AddForeignKeyConstraintStatement@56220aa2
17:43:30.744 [Test worker] DEBUG liquibase - master.changelog.json: migration/node-services.changelog-init.xml::1511451595465-61::R3.Corda: Executing EXECUTE database command: ALTER TABLE PUBLIC.node_link_nodeinfo_party ADD CONSTRAINT FK__link_ni_p__info_p_cert FOREIGN KEY (party_name) REFERENCES PUBLIC.node_info_party_cert (party_name)
17:43:30.744 [Test worker] INFO liquibase - master.changelog.json: migration/node-services.changelog-init.xml::1511451595465-61::R3.Corda: Foreign key constraint added to node_link_nodeinfo_party (party_name)
17:43:30.744 [Test worker] INFO liquibase - master.changelog.json: migration/node-services.changelog-init.xml::1511451595465-61::R3.Corda: ChangeSet migration/node-services.changelog-init.xml::1511451595465-61::R3.Corda ran successfully in 1ms
17:43:30.744 [Test worker] DEBUG liquibase - master.changelog.json: migration/node-services.changelog-init.xml::1511451595465-61::R3.Corda: Executing EXECUTE database command: INSERT INTO PUBLIC.DATABASECHANGELOG (ID, AUTHOR, FILENAME, DATEEXECUTED, ORDEREXECUTED, MD5SUM, DESCRIPTION, COMMENTS, EXECTYPE, CONTEXTS, LABELS, LIQUIBASE, DEPLOYMENT_ID) VALUES ('1511451595465-61', 'R3.Corda', 'migration/node-services.changelog-init.xml', NOW(), 64, '7:f753db641a982caad48d7169dafbc854', 'addForeignKeyConstraint baseTableName=node_link_nodeinfo_party, constraintName=FK__link_ni_p__info_p_cert, referencedTableName=node_info_party_cert', '', 'EXECUTED', NULL, NULL, '3.5.4', '1046209458')
17:43:30.744 [Test worker] DEBUG liquibase - master.changelog.json: migration/node-services.changelog-init.xml::add index att_id::R3.Corda: Running Changeset:migration/node-services.changelog-init.xml::add index att_id::R3.Corda
17:43:30.744 [Test worker] DEBUG liquibase - master.changelog.json: migration/node-services.changelog-init.xml::add index att_id::R3.Corda: Changeset migration/node-services.changelog-init.xml::add index att_id::R3.Corda
17:43:30.744 [Test worker] DEBUG liquibase - master.changelog.json: migration/node-services.changelog-init.xml::add index att_id::R3.Corda: Reading ChangeSet: migration/node-services.changelog-init.xml::add index att_id::R3.Corda
17:43:30.744 [Test worker] DEBUG liquibase - master.changelog.json: migration/node-services.changelog-init.xml::add index att_id::R3.Corda: Executing Statement: liquibase.statement.core.CreateIndexStatement@4ed8f47
17:43:30.744 [Test worker] DEBUG liquibase - master.changelog.json: migration/node-services.changelog-init.xml::add index att_id::R3.Corda: Executing EXECUTE database command: CREATE INDEX PUBLIC.att_id_idx ON PUBLIC.node_attachments(att_id)
17:43:30.744 [Test worker] INFO liquibase - master.changelog.json: migration/node-services.changelog-init.xml::add index att_id::R3.Corda: Index att_id_idx created
17:43:30.744 [Test worker] INFO liquibase - master.changelog.json: migration/node-services.changelog-init.xml::add index att_id::R3.Corda: ChangeSet migration/node-services.changelog-init.xml::add index att_id::R3.Corda ran successfully in 0ms
17:43:30.751 [Test worker] DEBUG liquibase - master.changelog.json: migration/node-services.changelog-init.xml::add index att_id::R3.Corda: Executing EXECUTE database command: INSERT INTO PUBLIC.DATABASECHANGELOG (ID, AUTHOR, FILENAME, DATEEXECUTED, ORDEREXECUTED, MD5SUM, DESCRIPTION, COMMENTS, EXECTYPE, CONTEXTS, LABELS, LIQUIBASE, DEPLOYMENT_ID) VALUES ('add index att_id', 'R3.Corda', 'migration/node-services.changelog-init.xml', NOW(), 65, '7:302188110e9124abd4ef58020255fbb0', 'createIndex indexName=att_id_idx, tableName=node_attachments', '', 'EXECUTED', NULL, NULL, '3.5.4', '1046209458')
17:43:30.751 [Test worker] DEBUG liquibase - master.changelog.json: migration/node-services.changelog-init.xml::add_contract_attachment::R3.Corda: Running Changeset:migration/node-services.changelog-init.xml::add_contract_attachment::R3.Corda
17:43:30.751 [Test worker] DEBUG liquibase - master.changelog.json: migration/node-services.changelog-init.xml::add_contract_attachment::R3.Corda: Changeset migration/node-services.changelog-init.xml::add_contract_attachment::R3.Corda
17:43:30.751 [Test worker] DEBUG liquibase - master.changelog.json: migration/node-services.changelog-init.xml::add_contract_attachment::R3.Corda: Reading ChangeSet: migration/node-services.changelog-init.xml::add_contract_attachment::R3.Corda
17:43:30.751 [Test worker] DEBUG liquibase - master.changelog.json: migration/node-services.changelog-init.xml::add_contract_attachment::R3.Corda: Executing Statement: liquibase.statement.core.CreateTableStatement@7a5f714
17:43:30.751 [Test worker] DEBUG liquibase - master.changelog.json: migration/node-services.changelog-init.xml::add_contract_attachment::R3.Corda: Executing EXECUTE database command: CREATE TABLE PUBLIC.node_attchments_contracts (att_id NVARCHAR(255) NOT NULL, contract_class_name NVARCHAR(255))
17:43:30.753 [Test worker] INFO liquibase - master.changelog.json: migration/node-services.changelog-init.xml::add_contract_attachment::R3.Corda: Table node_attchments_contracts created
17:43:30.753 [Test worker] DEBUG liquibase - master.changelog.json: migration/node-services.changelog-init.xml::add_contract_attachment::R3.Corda: Executing Statement: liquibase.statement.core.AddForeignKeyConstraintStatement@33d3b8b
17:43:30.753 [Test worker] DEBUG liquibase - master.changelog.json: migration/node-services.changelog-init.xml::add_contract_attachment::R3.Corda: Executing EXECUTE database command: ALTER TABLE PUBLIC.node_attchments_contracts ADD CONSTRAINT FK__ctr_class__attachments FOREIGN KEY (att_id) REFERENCES PUBLIC.node_attachments (att_id)
17:43:30.753 [Test worker] INFO liquibase - master.changelog.json: migration/node-services.changelog-init.xml::add_contract_attachment::R3.Corda: Foreign key constraint added to node_attchments_contracts (att_id)
17:43:30.753 [Test worker] DEBUG liquibase - master.changelog.json: migration/node-services.changelog-init.xml::add_contract_attachment::R3.Corda: Executing Statement: liquibase.statement.core.DeleteStatement@16763088
17:43:30.753 [Test worker] DEBUG liquibase - master.changelog.json: migration/node-services.changelog-init.xml::add_contract_attachment::R3.Corda: Executing EXECUTE database command: DELETE FROM PUBLIC.node_attachments
17:43:30.753 [Test worker] INFO liquibase - master.changelog.json: migration/node-services.changelog-init.xml::add_contract_attachment::R3.Corda: Data deleted from node_attachments
17:43:30.753 [Test worker] INFO liquibase - master.changelog.json: migration/node-services.changelog-init.xml::add_contract_attachment::R3.Corda: ChangeSet migration/node-services.changelog-init.xml::add_contract_attachment::R3.Corda ran successfully in 2ms
17:43:30.753 [Test worker] DEBUG liquibase - master.changelog.json: migration/node-services.changelog-init.xml::add_contract_attachment::R3.Corda: Executing EXECUTE database command: INSERT INTO PUBLIC.DATABASECHANGELOG (ID, AUTHOR, FILENAME, DATEEXECUTED, ORDEREXECUTED, MD5SUM, DESCRIPTION, COMMENTS, EXECTYPE, CONTEXTS, LABELS, LIQUIBASE, DEPLOYMENT_ID) VALUES ('add_contract_attachment', 'R3.Corda', 'migration/node-services.changelog-init.xml', NOW(), 66, '7:2cfbc6a84cfcd7b8ce011b58aa70f584', 'createTable tableName=node_attchments_contracts; addForeignKeyConstraint baseTableName=node_attchments_contracts, constraintName=FK__ctr_class__attachments, referencedTableName=node_attachments; delete tableName=node_attachments', '', 'EXECUTED', NULL, NULL, '3.5.4', '1046209458')
17:43:30.753 [Test worker] DEBUG liquibase - master.changelog.json: migration/node-services.changelog-init.xml::add_dedup_columns::R3.Corda: Running Changeset:migration/node-services.changelog-init.xml::add_dedup_columns::R3.Corda
17:43:30.753 [Test worker] DEBUG liquibase - master.changelog.json: migration/node-services.changelog-init.xml::add_dedup_columns::R3.Corda: Changeset migration/node-services.changelog-init.xml::add_dedup_columns::R3.Corda
17:43:30.753 [Test worker] DEBUG liquibase - master.changelog.json: migration/node-services.changelog-init.xml::add_dedup_columns::R3.Corda: Reading ChangeSet: migration/node-services.changelog-init.xml::add_dedup_columns::R3.Corda
17:43:30.753 [Test worker] DEBUG liquibase - master.changelog.json: migration/node-services.changelog-init.xml::add_dedup_columns::R3.Corda: Executing Statement: liquibase.statement.core.AddColumnStatement@9170b89
17:43:30.753 [Test worker] DEBUG liquibase - master.changelog.json: migration/node-services.changelog-init.xml::add_dedup_columns::R3.Corda: Executing EXECUTE database command: ALTER TABLE PUBLIC.node_message_ids ADD sender NVARCHAR(64)
17:43:30.771 [Test worker] DEBUG liquibase - master.changelog.json: migration/node-services.changelog-init.xml::add_dedup_columns::R3.Corda: Executing EXECUTE database command: ALTER TABLE PUBLIC.node_message_ids ADD sequence_number BIGINT
17:43:30.777 [Test worker] INFO liquibase - master.changelog.json: migration/node-services.changelog-init.xml::add_dedup_columns::R3.Corda: Columns sender(NVARCHAR(64)),sequence_number(BIGINT) added to node_message_ids
17:43:30.777 [Test worker] INFO liquibase - master.changelog.json: migration/node-services.changelog-init.xml::add_dedup_columns::R3.Corda: ChangeSet migration/node-services.changelog-init.xml::add_dedup_columns::R3.Corda ran successfully in 24ms
17:43:30.778 [Test worker] DEBUG liquibase - master.changelog.json: migration/node-services.changelog-init.xml::add_dedup_columns::R3.Corda: Executing EXECUTE database command: INSERT INTO PUBLIC.DATABASECHANGELOG (ID, AUTHOR, FILENAME, DATEEXECUTED, ORDEREXECUTED, MD5SUM, DESCRIPTION, COMMENTS, EXECTYPE, CONTEXTS, LABELS, LIQUIBASE, DEPLOYMENT_ID) VALUES ('add_dedup_columns', 'R3.Corda', 'migration/node-services.changelog-init.xml', NOW(), 67, '7:376ede2552aa97e8abf9d9a808c16692', 'addColumn tableName=node_message_ids', '', 'EXECUTED', NULL, NULL, '3.5.4', '1046209458')
17:43:30.779 [Test worker] DEBUG liquibase - master.changelog.json: migration/node-core.changelog-v4.xml::attchments_rename::R3.Corda: Running Changeset:migration/node-core.changelog-v4.xml::attchments_rename::R3.Corda
17:43:30.779 [Test worker] DEBUG liquibase - master.changelog.json: migration/node-core.changelog-v4.xml::attchments_rename::R3.Corda: Changeset migration/node-core.changelog-v4.xml::attchments_rename::R3.Corda
17:43:30.780 [Test worker] DEBUG liquibase - master.changelog.json: migration/node-core.changelog-v4.xml::attchments_rename::R3.Corda: Reading ChangeSet: migration/node-core.changelog-v4.xml::attchments_rename::R3.Corda
17:43:30.780 [Test worker] DEBUG liquibase - master.changelog.json: migration/node-core.changelog-v4.xml::attchments_rename::R3.Corda: Executing Statement: liquibase.statement.core.RenameTableStatement@5551af6b
17:43:30.780 [Test worker] DEBUG liquibase - master.changelog.json: migration/node-core.changelog-v4.xml::attchments_rename::R3.Corda: Executing EXECUTE database command: ALTER TABLE PUBLIC.node_attchments_contracts RENAME TO node_attachments_contracts
17:43:30.781 [Test worker] INFO liquibase - master.changelog.json: migration/node-core.changelog-v4.xml::attchments_rename::R3.Corda: Table node_attchments_contracts renamed to node_attachments_contracts
17:43:30.781 [Test worker] INFO liquibase - master.changelog.json: migration/node-core.changelog-v4.xml::attchments_rename::R3.Corda: ChangeSet migration/node-core.changelog-v4.xml::attchments_rename::R3.Corda ran successfully in 2ms
17:43:30.783 [Test worker] DEBUG liquibase - master.changelog.json: migration/node-core.changelog-v4.xml::attchments_rename::R3.Corda: Executing EXECUTE database command: INSERT INTO PUBLIC.DATABASECHANGELOG (ID, AUTHOR, FILENAME, DATEEXECUTED, ORDEREXECUTED, MD5SUM, DESCRIPTION, COMMENTS, EXECTYPE, CONTEXTS, LABELS, LIQUIBASE, DEPLOYMENT_ID) VALUES ('attchments_rename', 'R3.Corda', 'migration/node-core.changelog-v4.xml', NOW(), 68, '7:9c9553fbc45dfa0ec2117a113b1bfb13', 'renameTable newTableName=node_attachments_contracts, oldTableName=node_attchments_contracts', '', 'EXECUTED', NULL, NULL, '3.5.4', '1046209458')
17:43:30.784 [Test worker] DEBUG liquibase - master.changelog.json: migration/node-core.changelog-v4.xml::nullability::R3.Corda: Running Changeset:migration/node-core.changelog-v4.xml::nullability::R3.Corda
17:43:30.784 [Test worker] DEBUG liquibase - master.changelog.json: migration/node-core.changelog-v4.xml::nullability::R3.Corda: Changeset migration/node-core.changelog-v4.xml::nullability::R3.Corda
17:43:30.784 [Test worker] DEBUG liquibase - master.changelog.json: migration/node-core.changelog-v4.xml::nullability::R3.Corda: Reading ChangeSet: migration/node-core.changelog-v4.xml::nullability::R3.Corda
17:43:30.784 [Test worker] DEBUG liquibase - master.changelog.json: migration/node-core.changelog-v4.xml::nullability::R3.Corda: Executing Statement: liquibase.statement.core.SetNullableStatement@24823e79
17:43:30.785 [Test worker] DEBUG liquibase - master.changelog.json: migration/node-core.changelog-v4.xml::nullability::R3.Corda: Executing EXECUTE database command: ALTER TABLE PUBLIC.node_identities ALTER COLUMN identity_value SET NOT NULL
17:43:30.786 [Test worker] INFO liquibase - master.changelog.json: migration/node-core.changelog-v4.xml::nullability::R3.Corda: Null constraint has been added to node_identities.identity_value
17:43:30.786 [Test worker] DEBUG liquibase - master.changelog.json: migration/node-core.changelog-v4.xml::nullability::R3.Corda: Executing Statement: liquibase.statement.core.SetNullableStatement@7b929cd2
17:43:30.786 [Test worker] DEBUG liquibase - master.changelog.json: migration/node-core.changelog-v4.xml::nullability::R3.Corda: Executing EXECUTE database command: ALTER TABLE PUBLIC.node_attachments ALTER COLUMN content SET NOT NULL
17:43:30.827 [Test worker] INFO liquibase - master.changelog.json: migration/node-core.changelog-v4.xml::nullability::R3.Corda: Null constraint has been added to node_attachments.content
17:43:30.827 [Test worker] DEBUG liquibase - master.changelog.json: migration/node-core.changelog-v4.xml::nullability::R3.Corda: Executing Statement: liquibase.statement.core.SetNullableStatement@1bfc422f
17:43:30.828 [Test worker] DEBUG liquibase - master.changelog.json: migration/node-core.changelog-v4.xml::nullability::R3.Corda: Executing EXECUTE database command: ALTER TABLE PUBLIC.node_attachments_contracts ALTER COLUMN contract_class_name SET NOT NULL
17:43:30.829 [Test worker] INFO liquibase - master.changelog.json: migration/node-core.changelog-v4.xml::nullability::R3.Corda: Null constraint has been added to node_attachments_contracts.contract_class_name
17:43:30.829 [Test worker] DEBUG liquibase - master.changelog.json: migration/node-core.changelog-v4.xml::nullability::R3.Corda: Executing Statement: liquibase.statement.core.SetNullableStatement@51f7cc11
17:43:30.829 [Test worker] DEBUG liquibase - master.changelog.json: migration/node-core.changelog-v4.xml::nullability::R3.Corda: Executing EXECUTE database command: ALTER TABLE PUBLIC.node_checkpoints ALTER COLUMN checkpoint_value SET NOT NULL
17:43:30.831 [Test worker] INFO liquibase - master.changelog.json: migration/node-core.changelog-v4.xml::nullability::R3.Corda: Null constraint has been added to node_checkpoints.checkpoint_value
17:43:30.831 [Test worker] DEBUG liquibase - master.changelog.json: migration/node-core.changelog-v4.xml::nullability::R3.Corda: Executing Statement: liquibase.statement.core.SetNullableStatement@40304511
17:43:30.831 [Test worker] DEBUG liquibase - master.changelog.json: migration/node-core.changelog-v4.xml::nullability::R3.Corda: Executing EXECUTE database command: ALTER TABLE PUBLIC.node_contract_upgrades ALTER COLUMN contract_class_name SET NOT NULL
17:43:30.836 [Test worker] INFO liquibase - master.changelog.json: migration/node-core.changelog-v4.xml::nullability::R3.Corda: Null constraint has been added to node_contract_upgrades.contract_class_name
17:43:30.837 [Test worker] DEBUG liquibase - master.changelog.json: migration/node-core.changelog-v4.xml::nullability::R3.Corda: Executing Statement: liquibase.statement.core.SetNullableStatement@7467ca90
17:43:30.837 [Test worker] DEBUG liquibase - master.changelog.json: migration/node-core.changelog-v4.xml::nullability::R3.Corda: Executing EXECUTE database command: ALTER TABLE PUBLIC.node_message_ids ALTER COLUMN insertion_time SET NOT NULL
17:43:30.838 [Test worker] INFO liquibase - master.changelog.json: migration/node-core.changelog-v4.xml::nullability::R3.Corda: Null constraint has been added to node_message_ids.insertion_time
17:43:30.838 [Test worker] DEBUG liquibase - master.changelog.json: migration/node-core.changelog-v4.xml::nullability::R3.Corda: Executing Statement: liquibase.statement.core.SetNullableStatement@2b2d84db
17:43:30.838 [Test worker] DEBUG liquibase - master.changelog.json: migration/node-core.changelog-v4.xml::nullability::R3.Corda: Executing EXECUTE database command: ALTER TABLE PUBLIC.node_message_retry ALTER COLUMN message SET NOT NULL
17:43:30.839 [Test worker] INFO liquibase - master.changelog.json: migration/node-core.changelog-v4.xml::nullability::R3.Corda: Null constraint has been added to node_message_retry.message
17:43:30.839 [Test worker] DEBUG liquibase - master.changelog.json: migration/node-core.changelog-v4.xml::nullability::R3.Corda: Executing Statement: liquibase.statement.core.SetNullableStatement@27d8178
17:43:30.839 [Test worker] DEBUG liquibase - master.changelog.json: migration/node-core.changelog-v4.xml::nullability::R3.Corda: Executing EXECUTE database command: ALTER TABLE PUBLIC.node_message_retry ALTER COLUMN recipients SET NOT NULL
17:43:30.841 [Test worker] INFO liquibase - master.changelog.json: migration/node-core.changelog-v4.xml::nullability::R3.Corda: Null constraint has been added to node_message_retry.recipients
17:43:30.841 [Test worker] DEBUG liquibase - master.changelog.json: migration/node-core.changelog-v4.xml::nullability::R3.Corda: Executing Statement: liquibase.statement.core.SetNullableStatement@16744eaa
17:43:30.841 [Test worker] DEBUG liquibase - master.changelog.json: migration/node-core.changelog-v4.xml::nullability::R3.Corda: Executing EXECUTE database command: ALTER TABLE PUBLIC.node_named_identities ALTER COLUMN pk_hash SET NOT NULL
17:43:30.845 [Test worker] INFO liquibase - master.changelog.json: migration/node-core.changelog-v4.xml::nullability::R3.Corda: Null constraint has been added to node_named_identities.pk_hash
17:43:30.846 [Test worker] DEBUG liquibase - master.changelog.json: migration/node-core.changelog-v4.xml::nullability::R3.Corda: Executing Statement: liquibase.statement.core.SetNullableStatement@170a1cac
17:43:30.846 [Test worker] DEBUG liquibase - master.changelog.json: migration/node-core.changelog-v4.xml::nullability::R3.Corda: Executing EXECUTE database command: ALTER TABLE PUBLIC.node_our_key_pairs ALTER COLUMN private_key SET NOT NULL
17:43:30.848 [Test worker] INFO liquibase - master.changelog.json: migration/node-core.changelog-v4.xml::nullability::R3.Corda: Null constraint has been added to node_our_key_pairs.private_key
17:43:30.848 [Test worker] DEBUG liquibase - master.changelog.json: migration/node-core.changelog-v4.xml::nullability::R3.Corda: Executing Statement: liquibase.statement.core.SetNullableStatement@328ef277
17:43:30.849 [Test worker] DEBUG liquibase - master.changelog.json: migration/node-core.changelog-v4.xml::nullability::R3.Corda: Executing EXECUTE database command: ALTER TABLE PUBLIC.node_our_key_pairs ALTER COLUMN public_key SET NOT NULL
17:43:30.851 [Test worker] INFO liquibase - master.changelog.json: migration/node-core.changelog-v4.xml::nullability::R3.Corda: Null constraint has been added to node_our_key_pairs.public_key
17:43:30.851 [Test worker] DEBUG liquibase - master.changelog.json: migration/node-core.changelog-v4.xml::nullability::R3.Corda: Executing Statement: liquibase.statement.core.SetNullableStatement@1df9d797
17:43:30.852 [Test worker] DEBUG liquibase - master.changelog.json: migration/node-core.changelog-v4.xml::nullability::R3.Corda: Executing EXECUTE database command: ALTER TABLE PUBLIC.node_transaction_mappings ALTER COLUMN state_machine_run_id SET NOT NULL
17:43:30.860 [Test worker] INFO liquibase - master.changelog.json: migration/node-core.changelog-v4.xml::nullability::R3.Corda: Null constraint has been added to node_transaction_mappings.state_machine_run_id
17:43:30.861 [Test worker] DEBUG liquibase - master.changelog.json: migration/node-core.changelog-v4.xml::nullability::R3.Corda: Executing Statement: liquibase.statement.core.SetNullableStatement@12b8542
17:43:30.861 [Test worker] DEBUG liquibase - master.changelog.json: migration/node-core.changelog-v4.xml::nullability::R3.Corda: Executing EXECUTE database command: ALTER TABLE PUBLIC.node_transactions ALTER COLUMN transaction_value SET NOT NULL
17:43:30.863 [Test worker] INFO liquibase - master.changelog.json: migration/node-core.changelog-v4.xml::nullability::R3.Corda: Null constraint has been added to node_transactions.transaction_value
17:43:30.863 [Test worker] INFO liquibase - master.changelog.json: migration/node-core.changelog-v4.xml::nullability::R3.Corda: ChangeSet migration/node-core.changelog-v4.xml::nullability::R3.Corda ran successfully in 79ms
17:43:30.865 [Test worker] DEBUG liquibase - master.changelog.json: migration/node-core.changelog-v4.xml::nullability::R3.Corda: Executing EXECUTE database command: INSERT INTO PUBLIC.DATABASECHANGELOG (ID, AUTHOR, FILENAME, DATEEXECUTED, ORDEREXECUTED, MD5SUM, DESCRIPTION, COMMENTS, EXECTYPE, CONTEXTS, LABELS, LIQUIBASE, DEPLOYMENT_ID) VALUES ('nullability', 'R3.Corda', 'migration/node-core.changelog-v4.xml', NOW(), 69, '7:73b3f89cdd2a42efebeb125648c28191', 'addNotNullConstraint columnName=identity_value, tableName=node_identities; addNotNullConstraint columnName=content, tableName=node_attachments; addNotNullConstraint columnName=contract_class_name, tableName=node_attachments_contracts; addNotNullCo...', '', 'EXECUTED', NULL, NULL, '3.5.4', '1046209458')
17:43:30.866 [Test worker] DEBUG liquibase - master.changelog.json: migration/node-core.changelog-v5.xml::remove_unused_node_message_retry::R3.Corda: Running Changeset:migration/node-core.changelog-v5.xml::remove_unused_node_message_retry::R3.Corda
17:43:30.867 [Test worker] DEBUG liquibase - master.changelog.json: migration/node-core.changelog-v5.xml::remove_unused_node_message_retry::R3.Corda: Changeset migration/node-core.changelog-v5.xml::remove_unused_node_message_retry::R3.Corda
17:43:30.867 [Test worker] DEBUG liquibase - master.changelog.json: migration/node-core.changelog-v5.xml::remove_unused_node_message_retry::R3.Corda: Reading ChangeSet: migration/node-core.changelog-v5.xml::remove_unused_node_message_retry::R3.Corda
17:43:30.867 [Test worker] DEBUG liquibase - master.changelog.json: migration/node-core.changelog-v5.xml::remove_unused_node_message_retry::R3.Corda: Executing Statement: liquibase.statement.core.DropTableStatement@67543695
17:43:30.867 [Test worker] DEBUG liquibase - master.changelog.json: migration/node-core.changelog-v5.xml::remove_unused_node_message_retry::R3.Corda: Executing EXECUTE database command: DROP TABLE PUBLIC.node_message_retry
17:43:30.873 [Test worker] INFO liquibase - master.changelog.json: migration/node-core.changelog-v5.xml::remove_unused_node_message_retry::R3.Corda: Table node_message_retry dropped
17:43:30.873 [Test worker] INFO liquibase - master.changelog.json: migration/node-core.changelog-v5.xml::remove_unused_node_message_retry::R3.Corda: ChangeSet migration/node-core.changelog-v5.xml::remove_unused_node_message_retry::R3.Corda ran successfully in 6ms
17:43:30.877 [Test worker] DEBUG liquibase - master.changelog.json: migration/node-core.changelog-v5.xml::remove_unused_node_message_retry::R3.Corda: Executing EXECUTE database command: INSERT INTO PUBLIC.DATABASECHANGELOG (ID, AUTHOR, FILENAME, DATEEXECUTED, ORDEREXECUTED, MD5SUM, DESCRIPTION, COMMENTS, EXECTYPE, CONTEXTS, LABELS, LIQUIBASE, DEPLOYMENT_ID) VALUES ('remove_unused_node_message_retry', 'R3.Corda', 'migration/node-core.changelog-v5.xml', NOW(), 70, '7:cd120ad46e3a88b0eeaa7ffdcf8a0861', 'dropTable tableName=node_message_retry', '', 'EXECUTED', NULL, NULL, '3.5.4', '1046209458')
17:43:30.878 [Test worker] DEBUG liquibase - master.changelog.json: migration/node-core.changelog-pkey.xml::non-clustered_pk-1::R3.Corda: Running Changeset:migration/node-core.changelog-pkey.xml::non-clustered_pk-1::R3.Corda
17:43:30.880 [Test worker] DEBUG liquibase - master.changelog.json: migration/node-core.changelog-pkey.xml::non-clustered_pk-1::R3.Corda: Executing EXECUTE database command: INSERT INTO PUBLIC.DATABASECHANGELOG (ID, AUTHOR, FILENAME, DATEEXECUTED, ORDEREXECUTED, MD5SUM, DESCRIPTION, COMMENTS, EXECTYPE, CONTEXTS, LABELS, LIQUIBASE, DEPLOYMENT_ID) VALUES ('non-clustered_pk-1', 'R3.Corda', 'migration/node-core.changelog-pkey.xml', NOW(), 71, '7:eb9d9d13536371a16c05f8a89051e6b0', 'dropPrimaryKey constraintName=node_checkpoints_pkey, tableName=node_checkpoints; addPrimaryKey constraintName=node_checkpoints_pkey, tableName=node_checkpoints', '', 'MARK_RAN', NULL, NULL, '3.5.4', '1046209458')
17:43:30.881 [Test worker] DEBUG liquibase - master.changelog.json: migration/node-core.changelog-pkey.xml::non-clustered_pk-2::R3.Corda: Running Changeset:migration/node-core.changelog-pkey.xml::non-clustered_pk-2::R3.Corda
17:43:30.882 [Test worker] DEBUG liquibase - master.changelog.json: migration/node-core.changelog-pkey.xml::non-clustered_pk-2::R3.Corda: Executing EXECUTE database command: INSERT INTO PUBLIC.DATABASECHANGELOG (ID, AUTHOR, FILENAME, DATEEXECUTED, ORDEREXECUTED, MD5SUM, DESCRIPTION, COMMENTS, EXECTYPE, CONTEXTS, LABELS, LIQUIBASE, DEPLOYMENT_ID) VALUES ('non-clustered_pk-2', 'R3.Corda', 'migration/node-core.changelog-pkey.xml', NOW(), 72, '7:d4192425f4f38b39f3b09611028e5c14', 'dropPrimaryKey constraintName=node_identities_pkey, tableName=node_identities; addPrimaryKey constraintName=node_identities_pkey, tableName=node_identities', '', 'MARK_RAN', NULL, NULL, '3.5.4', '1046209458')
17:43:30.883 [Test worker] DEBUG liquibase - master.changelog.json: migration/node-core.changelog-pkey.xml::non-clustered_pk-3::R3.Corda: Running Changeset:migration/node-core.changelog-pkey.xml::non-clustered_pk-3::R3.Corda
17:43:30.886 [Test worker] DEBUG liquibase - master.changelog.json: migration/node-core.changelog-pkey.xml::non-clustered_pk-3::R3.Corda: Executing EXECUTE database command: INSERT INTO PUBLIC.DATABASECHANGELOG (ID, AUTHOR, FILENAME, DATEEXECUTED, ORDEREXECUTED, MD5SUM, DESCRIPTION, COMMENTS, EXECTYPE, CONTEXTS, LABELS, LIQUIBASE, DEPLOYMENT_ID) VALUES ('non-clustered_pk-3', 'R3.Corda', 'migration/node-core.changelog-pkey.xml', NOW(), 73, '7:9773a095cc1db7ea3a66e7e5565bb58e', 'dropPrimaryKey constraintName=node_message_ids_pkey, tableName=node_message_ids; addPrimaryKey constraintName=node_message_ids_pkey, tableName=node_message_ids', '', 'MARK_RAN', NULL, NULL, '3.5.4', '1046209458')
17:43:30.887 [Test worker] DEBUG liquibase - master.changelog.json: migration/node-core.changelog-pkey.xml::non-clustered_pk-4::R3.Corda: Running Changeset:migration/node-core.changelog-pkey.xml::non-clustered_pk-4::R3.Corda
17:43:30.889 [Test worker] DEBUG liquibase - master.changelog.json: migration/node-core.changelog-pkey.xml::non-clustered_pk-4::R3.Corda: Executing EXECUTE database command: INSERT INTO PUBLIC.DATABASECHANGELOG (ID, AUTHOR, FILENAME, DATEEXECUTED, ORDEREXECUTED, MD5SUM, DESCRIPTION, COMMENTS, EXECTYPE, CONTEXTS, LABELS, LIQUIBASE, DEPLOYMENT_ID) VALUES ('non-clustered_pk-4', 'R3.Corda', 'migration/node-core.changelog-pkey.xml', NOW(), 74, '7:f1e21d4abffbb24133e752eb9cd6a162', 'dropPrimaryKey constraintName=node_named_identities_pkey, tableName=node_named_identities; addPrimaryKey constraintName=node_named_identities_pkey, tableName=node_named_identities', '', 'MARK_RAN', NULL, NULL, '3.5.4', '1046209458')
17:43:30.890 [Test worker] DEBUG liquibase - master.changelog.json: migration/node-core.changelog-pkey.xml::non-clustered_pk-5::R3.Corda: Running Changeset:migration/node-core.changelog-pkey.xml::non-clustered_pk-5::R3.Corda
17:43:30.892 [Test worker] DEBUG liquibase - master.changelog.json: migration/node-core.changelog-pkey.xml::non-clustered_pk-5::R3.Corda: Executing EXECUTE database command: INSERT INTO PUBLIC.DATABASECHANGELOG (ID, AUTHOR, FILENAME, DATEEXECUTED, ORDEREXECUTED, MD5SUM, DESCRIPTION, COMMENTS, EXECTYPE, CONTEXTS, LABELS, LIQUIBASE, DEPLOYMENT_ID) VALUES ('non-clustered_pk-5', 'R3.Corda', 'migration/node-core.changelog-pkey.xml', NOW(), 75, '7:4ea09df2dbab99be33f8251a40d1c5a6', 'dropPrimaryKey constraintName=node_our_key_pairs_pkey, tableName=node_our_key_pairs; addPrimaryKey constraintName=node_our_key_pairs_pkey, tableName=node_our_key_pairs', '', 'MARK_RAN', NULL, NULL, '3.5.4', '1046209458')
17:43:30.894 [Test worker] DEBUG liquibase - master.changelog.json: migration/node-core.changelog-pkey.xml::non-clustered_pk-6::R3.Corda: Running Changeset:migration/node-core.changelog-pkey.xml::non-clustered_pk-6::R3.Corda
17:43:30.895 [Test worker] DEBUG liquibase - master.changelog.json: migration/node-core.changelog-pkey.xml::non-clustered_pk-6::R3.Corda: Executing EXECUTE database command: INSERT INTO PUBLIC.DATABASECHANGELOG (ID, AUTHOR, FILENAME, DATEEXECUTED, ORDEREXECUTED, MD5SUM, DESCRIPTION, COMMENTS, EXECTYPE, CONTEXTS, LABELS, LIQUIBASE, DEPLOYMENT_ID) VALUES ('non-clustered_pk-6', 'R3.Corda', 'migration/node-core.changelog-pkey.xml', NOW(), 76, '7:cb349ad07d3039e6d7d2f184988b954f', 'dropPrimaryKey constraintName=node_transaction_mappings_pkey, tableName=node_transaction_mappings; addPrimaryKey constraintName=node_transaction_mappings_pkey, tableName=node_transaction_mappings', '', 'MARK_RAN', NULL, NULL, '3.5.4', '1046209458')
17:43:30.896 [Test worker] DEBUG liquibase - master.changelog.json: migration/node-core.changelog-pkey.xml::non-clustered_pk-7::R3.Corda: Running Changeset:migration/node-core.changelog-pkey.xml::non-clustered_pk-7::R3.Corda
17:43:30.897 [Test worker] DEBUG liquibase - master.changelog.json: migration/node-core.changelog-pkey.xml::non-clustered_pk-7::R3.Corda: Executing EXECUTE database command: INSERT INTO PUBLIC.DATABASECHANGELOG (ID, AUTHOR, FILENAME, DATEEXECUTED, ORDEREXECUTED, MD5SUM, DESCRIPTION, COMMENTS, EXECTYPE, CONTEXTS, LABELS, LIQUIBASE, DEPLOYMENT_ID) VALUES ('non-clustered_pk-7', 'R3.Corda', 'migration/node-core.changelog-pkey.xml', NOW(), 77, '7:97c3ef240152c18129859ea5ae999c9e', 'dropPrimaryKey constraintName=node_transactions_pkey, tableName=node_transactions; addPrimaryKey constraintName=node_transactions_pkey, tableName=node_transactions', '', 'MARK_RAN', NULL, NULL, '3.5.4', '1046209458')
17:43:30.899 [Test worker] DEBUG liquibase - master.changelog.json: migration/node-core.changelog-v8.xml::conditional_attchments_rename::R3.Corda: Running Changeset:migration/node-core.changelog-v8.xml::conditional_attchments_rename::R3.Corda
17:43:30.899 [Test worker] DEBUG liquibase - master.changelog.json: migration/node-core.changelog-v8.xml::conditional_attchments_rename::R3.Corda: Changeset migration/node-core.changelog-v8.xml::conditional_attchments_rename::R3.Corda
17:43:31.030 [Test worker] INFO liquibase - master.changelog.json: migration/node-core.changelog-v8.xml::conditional_attchments_rename::R3.Corda: Marking ChangeSet: migration/node-core.changelog-v8.xml::conditional_attchments_rename::R3.Corda ran despite precondition failure due to onFail='MARK_RAN': 
          master.changelog.json : Table PUBLIC.NODE_ATTCHMENTS_CONTRACTS does not exist

17:43:31.030 [Test worker] DEBUG liquibase - master.changelog.json: migration/node-core.changelog-v8.xml::conditional_attchments_rename::R3.Corda: Skipping ChangeSet: migration/node-core.changelog-v8.xml::conditional_attchments_rename::R3.Corda
17:43:31.031 [Test worker] DEBUG liquibase - master.changelog.json: migration/node-core.changelog-v8.xml::conditional_attchments_rename::R3.Corda: Executing EXECUTE database command: INSERT INTO PUBLIC.DATABASECHANGELOG (ID, AUTHOR, FILENAME, DATEEXECUTED, ORDEREXECUTED, MD5SUM, DESCRIPTION, COMMENTS, EXECTYPE, CONTEXTS, LABELS, LIQUIBASE, DEPLOYMENT_ID) VALUES ('conditional_attchments_rename', 'R3.Corda', 'migration/node-core.changelog-v8.xml', NOW(), 78, '7:c7fcf1b072eb8882179623895abd6a53', 'renameTable newTableName=NODE_ATTACHMENTS_CONTRACTS, oldTableName=NODE_ATTCHMENTS_CONTRACTS', '', 'MARK_RAN', NULL, NULL, '3.5.4', '1046209458')
17:43:31.033 [Test worker] DEBUG liquibase - master.changelog.json: migration/node-core.changelog-v8.xml::conditional_attchments_contracts::R3.Corda: Running Changeset:migration/node-core.changelog-v8.xml::conditional_attchments_contracts::R3.Corda
17:43:31.033 [Test worker] DEBUG liquibase - master.changelog.json: migration/node-core.changelog-v8.xml::conditional_attchments_contracts::R3.Corda: Changeset migration/node-core.changelog-v8.xml::conditional_attchments_contracts::R3.Corda
17:43:31.132 [Test worker] INFO liquibase - master.changelog.json: migration/node-core.changelog-v8.xml::conditional_attchments_contracts::R3.Corda: Marking ChangeSet: migration/node-core.changelog-v8.xml::conditional_attchments_contracts::R3.Corda ran despite precondition failure due to onFail='MARK_RAN': 
          master.changelog.json : Table PUBLIC.NODE_ATTACHMENTS_CONTRACT_CLASS_NAME does not exist

17:43:31.132 [Test worker] DEBUG liquibase - master.changelog.json: migration/node-core.changelog-v8.xml::conditional_attchments_contracts::R3.Corda: Skipping ChangeSet: migration/node-core.changelog-v8.xml::conditional_attchments_contracts::R3.Corda
17:43:31.133 [Test worker] DEBUG liquibase - master.changelog.json: migration/node-core.changelog-v8.xml::conditional_attchments_contracts::R3.Corda: Executing EXECUTE database command: INSERT INTO PUBLIC.DATABASECHANGELOG (ID, AUTHOR, FILENAME, DATEEXECUTED, ORDEREXECUTED, MD5SUM, DESCRIPTION, COMMENTS, EXECTYPE, CONTEXTS, LABELS, LIQUIBASE, DEPLOYMENT_ID) VALUES ('conditional_attchments_contracts', 'R3.Corda', 'migration/node-core.changelog-v8.xml', NOW(), 79, '7:9ec85543b6baac8a877ad21f063a5b13', 'renameTable newTableName=NODE_ATTACHMENTS_CONTRACTS, oldTableName=NODE_ATTACHMENTS_CONTRACT_CLASS_NAME', '', 'MARK_RAN', NULL, NULL, '3.5.4', '1046209458')
17:43:31.134 [Test worker] DEBUG liquibase - master.changelog.json: migration/node-core.changelog-v8.xml::add_signers::R3.Corda: Running Changeset:migration/node-core.changelog-v8.xml::add_signers::R3.Corda
17:43:31.134 [Test worker] DEBUG liquibase - master.changelog.json: migration/node-core.changelog-v8.xml::add_signers::R3.Corda: Changeset migration/node-core.changelog-v8.xml::add_signers::R3.Corda
17:43:31.134 [Test worker] DEBUG liquibase - master.changelog.json: migration/node-core.changelog-v8.xml::add_signers::R3.Corda: Reading ChangeSet: migration/node-core.changelog-v8.xml::add_signers::R3.Corda
17:43:31.135 [Test worker] DEBUG liquibase - master.changelog.json: migration/node-core.changelog-v8.xml::add_signers::R3.Corda: Executing Statement: liquibase.statement.core.CreateTableStatement@7e03a717
17:43:31.135 [Test worker] DEBUG liquibase - master.changelog.json: migration/node-core.changelog-v8.xml::add_signers::R3.Corda: Executing EXECUTE database command: CREATE TABLE PUBLIC.node_attachments_signers (att_id NVARCHAR(255) NOT NULL, signer NVARCHAR(1024))
17:43:31.135 [Test worker] INFO liquibase - master.changelog.json: migration/node-core.changelog-v8.xml::add_signers::R3.Corda: Table node_attachments_signers created
17:43:31.135 [Test worker] DEBUG liquibase - master.changelog.json: migration/node-core.changelog-v8.xml::add_signers::R3.Corda: Executing Statement: liquibase.statement.core.AddForeignKeyConstraintStatement@609db4a2
17:43:31.136 [Test worker] DEBUG liquibase - master.changelog.json: migration/node-core.changelog-v8.xml::add_signers::R3.Corda: Executing EXECUTE database command: ALTER TABLE PUBLIC.node_attachments_signers ADD CONSTRAINT FK__signers__attachments FOREIGN KEY (att_id) REFERENCES PUBLIC.node_attachments (att_id)
17:43:31.138 [Test worker] INFO liquibase - master.changelog.json: migration/node-core.changelog-v8.xml::add_signers::R3.Corda: Foreign key constraint added to node_attachments_signers (att_id)
17:43:31.138 [Test worker] INFO liquibase - master.changelog.json: migration/node-core.changelog-v8.xml::add_signers::R3.Corda: ChangeSet migration/node-core.changelog-v8.xml::add_signers::R3.Corda ran successfully in 4ms
17:43:31.139 [Test worker] DEBUG liquibase - master.changelog.json: migration/node-core.changelog-v8.xml::add_signers::R3.Corda: Executing EXECUTE database command: INSERT INTO PUBLIC.DATABASECHANGELOG (ID, AUTHOR, FILENAME, DATEEXECUTED, ORDEREXECUTED, MD5SUM, DESCRIPTION, COMMENTS, EXECTYPE, CONTEXTS, LABELS, LIQUIBASE, DEPLOYMENT_ID) VALUES ('add_signers', 'R3.Corda', 'migration/node-core.changelog-v8.xml', NOW(), 80, '7:d1356cd65d19937b81284ea078998d84', 'createTable tableName=node_attachments_signers; addForeignKeyConstraint baseTableName=node_attachments_signers, constraintName=FK__signers__attachments, referencedTableName=node_attachments', '', 'EXECUTED', NULL, NULL, '3.5.4', '1046209458')
17:43:31.140 [Test worker] DEBUG liquibase - master.changelog.json: migration/node-core.changelog-tx-mapping.xml::add_tx_mapping_column::R3.Corda: Running Changeset:migration/node-core.changelog-tx-mapping.xml::add_tx_mapping_column::R3.Corda
17:43:31.140 [Test worker] DEBUG liquibase - master.changelog.json: migration/node-core.changelog-tx-mapping.xml::add_tx_mapping_column::R3.Corda: Changeset migration/node-core.changelog-tx-mapping.xml::add_tx_mapping_column::R3.Corda
17:43:31.141 [Test worker] DEBUG liquibase - master.changelog.json: migration/node-core.changelog-tx-mapping.xml::add_tx_mapping_column::R3.Corda: Reading ChangeSet: migration/node-core.changelog-tx-mapping.xml::add_tx_mapping_column::R3.Corda
17:43:31.141 [Test worker] DEBUG liquibase - master.changelog.json: migration/node-core.changelog-tx-mapping.xml::add_tx_mapping_column::R3.Corda: Executing Statement: liquibase.statement.core.AddColumnStatement@3a5d3810
17:43:31.141 [Test worker] DEBUG liquibase - master.changelog.json: migration/node-core.changelog-tx-mapping.xml::add_tx_mapping_column::R3.Corda: Executing EXECUTE database command: ALTER TABLE PUBLIC.node_transactions ADD state_machine_run_id NVARCHAR(36)
17:43:31.149 [Test worker] INFO liquibase - master.changelog.json: migration/node-core.changelog-tx-mapping.xml::add_tx_mapping_column::R3.Corda: Columns state_machine_run_id(NVARCHAR(36)) added to node_transactions
17:43:31.151 [Test worker] DEBUG liquibase - master.changelog.json: migration/node-core.changelog-tx-mapping.xml::add_tx_mapping_column::R3.Corda: Executing Statement: update node_transactions set state_machine_run_id=(select state_machine_run_id from
            node_transaction_mappings where node_transactions.tx_id = node_transaction_mappings.tx_id)
17:43:31.151 [Test worker] DEBUG liquibase - master.changelog.json: migration/node-core.changelog-tx-mapping.xml::add_tx_mapping_column::R3.Corda: Executing EXECUTE database command: update node_transactions set state_machine_run_id=(select state_machine_run_id from
            node_transaction_mappings where node_transactions.tx_id = node_transaction_mappings.tx_id)
17:43:31.153 [Test worker] INFO liquibase - master.changelog.json: migration/node-core.changelog-tx-mapping.xml::add_tx_mapping_column::R3.Corda: Custom SQL executed
17:43:31.153 [Test worker] DEBUG liquibase - master.changelog.json: migration/node-core.changelog-tx-mapping.xml::add_tx_mapping_column::R3.Corda: Executing Statement: liquibase.statement.core.DropTableStatement@1221f625
17:43:31.154 [Test worker] DEBUG liquibase - master.changelog.json: migration/node-core.changelog-tx-mapping.xml::add_tx_mapping_column::R3.Corda: Executing EXECUTE database command: DROP TABLE PUBLIC.node_transaction_mappings
17:43:31.157 [Test worker] INFO liquibase - master.changelog.json: migration/node-core.changelog-tx-mapping.xml::add_tx_mapping_column::R3.Corda: Table node_transaction_mappings dropped
17:43:31.157 [Test worker] INFO liquibase - master.changelog.json: migration/node-core.changelog-tx-mapping.xml::add_tx_mapping_column::R3.Corda: ChangeSet migration/node-core.changelog-tx-mapping.xml::add_tx_mapping_column::R3.Corda ran successfully in 17ms
17:43:31.160 [Test worker] DEBUG liquibase - master.changelog.json: migration/node-core.changelog-tx-mapping.xml::add_tx_mapping_column::R3.Corda: Executing EXECUTE database command: INSERT INTO PUBLIC.DATABASECHANGELOG (ID, AUTHOR, FILENAME, DATEEXECUTED, ORDEREXECUTED, MD5SUM, DESCRIPTION, COMMENTS, EXECTYPE, CONTEXTS, LABELS, LIQUIBASE, DEPLOYMENT_ID) VALUES ('add_tx_mapping_column', 'R3.Corda', 'migration/node-core.changelog-tx-mapping.xml', NOW(), 81, '7:a0995593179aec45250c383611edd1e2', 'addColumn tableName=node_transactions; sql; dropTable tableName=node_transaction_mappings', '', 'EXECUTED', NULL, NULL, '3.5.4', '1046209458')
17:43:31.161 [Test worker] DEBUG liquibase - master.changelog.json: migration/node-services.changelog-init.xml::add_network_parameters_storage::R3.Corda: Running Changeset:migration/node-services.changelog-init.xml::add_network_parameters_storage::R3.Corda
17:43:31.161 [Test worker] DEBUG liquibase - master.changelog.json: migration/node-services.changelog-init.xml::add_network_parameters_storage::R3.Corda: Changeset migration/node-services.changelog-init.xml::add_network_parameters_storage::R3.Corda
17:43:31.161 [Test worker] DEBUG liquibase - master.changelog.json: migration/node-services.changelog-init.xml::add_network_parameters_storage::R3.Corda: Reading ChangeSet: migration/node-services.changelog-init.xml::add_network_parameters_storage::R3.Corda
17:43:31.162 [Test worker] DEBUG liquibase - master.changelog.json: migration/node-services.changelog-init.xml::add_network_parameters_storage::R3.Corda: Executing Statement: liquibase.statement.core.CreateTableStatement@29086386
17:43:31.163 [Test worker] DEBUG liquibase - master.changelog.json: migration/node-services.changelog-init.xml::add_network_parameters_storage::R3.Corda: Executing EXECUTE database command: CREATE TABLE PUBLIC.node_network_parameters (hash NVARCHAR(130) NOT NULL, epoch INT NOT NULL, parameters_bytes BLOB NOT NULL, signature_bytes BLOB NOT NULL, cert BLOB NOT NULL, parent_cert_path BLOB NOT NULL)
17:43:31.166 [Test worker] INFO liquibase - master.changelog.json: migration/node-services.changelog-init.xml::add_network_parameters_storage::R3.Corda: Table node_network_parameters created
17:43:31.166 [Test worker] INFO liquibase - master.changelog.json: migration/node-services.changelog-init.xml::add_network_parameters_storage::R3.Corda: ChangeSet migration/node-services.changelog-init.xml::add_network_parameters_storage::R3.Corda ran successfully in 5ms
17:43:31.168 [Test worker] DEBUG liquibase - master.changelog.json: migration/node-services.changelog-init.xml::add_network_parameters_storage::R3.Corda: Executing EXECUTE database command: INSERT INTO PUBLIC.DATABASECHANGELOG (ID, AUTHOR, FILENAME, DATEEXECUTED, ORDEREXECUTED, MD5SUM, DESCRIPTION, COMMENTS, EXECTYPE, CONTEXTS, LABELS, LIQUIBASE, DEPLOYMENT_ID) VALUES ('add_network_parameters_storage', 'R3.Corda', 'migration/node-services.changelog-init.xml', NOW(), 82, '7:8d5882f94d9f58647903210994573073', 'createTable tableName=node_network_parameters', '', 'EXECUTED', NULL, NULL, '3.5.4', '1046209458')
17:43:31.169 [Test worker] DEBUG liquibase - master.changelog.json: migration/node-services.changelog-init.xml::network_parameters_pk::R3.Corda: Running Changeset:migration/node-services.changelog-init.xml::network_parameters_pk::R3.Corda
17:43:31.169 [Test worker] DEBUG liquibase - master.changelog.json: migration/node-services.changelog-init.xml::network_parameters_pk::R3.Corda: Changeset migration/node-services.changelog-init.xml::network_parameters_pk::R3.Corda
17:43:31.169 [Test worker] DEBUG liquibase - master.changelog.json: migration/node-services.changelog-init.xml::network_parameters_pk::R3.Corda: Reading ChangeSet: migration/node-services.changelog-init.xml::network_parameters_pk::R3.Corda
17:43:31.169 [Test worker] DEBUG liquibase - master.changelog.json: migration/node-services.changelog-init.xml::network_parameters_pk::R3.Corda: Executing Statement: liquibase.statement.core.AddPrimaryKeyStatement@23693302
17:43:31.169 [Test worker] DEBUG liquibase - master.changelog.json: migration/node-services.changelog-init.xml::network_parameters_pk::R3.Corda: Executing EXECUTE database command: ALTER TABLE PUBLIC.node_network_parameters ADD CONSTRAINT node_network_parameters_pkey PRIMARY KEY (hash)
17:43:31.170 [Test worker] INFO liquibase - master.changelog.json: migration/node-services.changelog-init.xml::network_parameters_pk::R3.Corda: Primary key added to node_network_parameters (hash)
17:43:31.170 [Test worker] INFO liquibase - master.changelog.json: migration/node-services.changelog-init.xml::network_parameters_pk::R3.Corda: ChangeSet migration/node-services.changelog-init.xml::network_parameters_pk::R3.Corda ran successfully in 1ms
17:43:31.171 [Test worker] DEBUG liquibase - master.changelog.json: migration/node-services.changelog-init.xml::network_parameters_pk::R3.Corda: Executing EXECUTE database command: INSERT INTO PUBLIC.DATABASECHANGELOG (ID, AUTHOR, FILENAME, DATEEXECUTED, ORDEREXECUTED, MD5SUM, DESCRIPTION, COMMENTS, EXECTYPE, CONTEXTS, LABELS, LIQUIBASE, DEPLOYMENT_ID) VALUES ('network_parameters_pk', 'R3.Corda', 'migration/node-services.changelog-init.xml', NOW(), 83, '7:71635301bd498e4d52b02988795348e6', 'addPrimaryKey constraintName=node_network_parameters_pkey, tableName=node_network_parameters', '', 'EXECUTED', NULL, NULL, '3.5.4', '1046209458')
17:43:31.172 [Test worker] DEBUG liquibase - master.changelog.json: migration/node-services.changelog-init.xml::add_version_column::R3.Corda: Running Changeset:migration/node-services.changelog-init.xml::add_version_column::R3.Corda
17:43:31.173 [Test worker] DEBUG liquibase - master.changelog.json: migration/node-services.changelog-init.xml::add_version_column::R3.Corda: Changeset migration/node-services.changelog-init.xml::add_version_column::R3.Corda
17:43:31.173 [Test worker] DEBUG liquibase - master.changelog.json: migration/node-services.changelog-init.xml::add_version_column::R3.Corda: Reading ChangeSet: migration/node-services.changelog-init.xml::add_version_column::R3.Corda
17:43:31.173 [Test worker] DEBUG liquibase - master.changelog.json: migration/node-services.changelog-init.xml::add_version_column::R3.Corda: Executing Statement: liquibase.statement.core.AddColumnStatement@28a7a246
17:43:31.173 [Test worker] DEBUG liquibase - master.changelog.json: migration/node-services.changelog-init.xml::add_version_column::R3.Corda: Executing EXECUTE database command: ALTER TABLE PUBLIC.node_attachments ADD version INT
17:43:31.181 [Test worker] INFO liquibase - master.changelog.json: migration/node-services.changelog-init.xml::add_version_column::R3.Corda: Columns version(INT) added to node_attachments
17:43:31.182 [Test worker] DEBUG liquibase - master.changelog.json: migration/node-services.changelog-init.xml::add_version_column::R3.Corda: Executing Statement: update node_attachments set version = 1
17:43:31.182 [Test worker] DEBUG liquibase - master.changelog.json: migration/node-services.changelog-init.xml::add_version_column::R3.Corda: Executing EXECUTE database command: update node_attachments set version = 1
17:43:31.182 [Test worker] INFO liquibase - master.changelog.json: migration/node-services.changelog-init.xml::add_version_column::R3.Corda: Custom SQL executed
17:43:31.182 [Test worker] DEBUG liquibase - master.changelog.json: migration/node-services.changelog-init.xml::add_version_column::R3.Corda: Executing Statement: liquibase.statement.core.SetNullableStatement@6ad31556
17:43:31.182 [Test worker] DEBUG liquibase - master.changelog.json: migration/node-services.changelog-init.xml::add_version_column::R3.Corda: Executing EXECUTE database command: ALTER TABLE PUBLIC.node_attachments ALTER COLUMN version SET NOT NULL
17:43:31.183 [Test worker] INFO liquibase - master.changelog.json: migration/node-services.changelog-init.xml::add_version_column::R3.Corda: Null constraint has been added to node_attachments.version
17:43:31.183 [Test worker] INFO liquibase - master.changelog.json: migration/node-services.changelog-init.xml::add_version_column::R3.Corda: ChangeSet migration/node-services.changelog-init.xml::add_version_column::R3.Corda ran successfully in 10ms
17:43:31.184 [Test worker] DEBUG liquibase - master.changelog.json: migration/node-services.changelog-init.xml::add_version_column::R3.Corda: Executing EXECUTE database command: INSERT INTO PUBLIC.DATABASECHANGELOG (ID, AUTHOR, FILENAME, DATEEXECUTED, ORDEREXECUTED, MD5SUM, DESCRIPTION, COMMENTS, EXECTYPE, CONTEXTS, LABELS, LIQUIBASE, DEPLOYMENT_ID) VALUES ('add_version_column', 'R3.Corda', 'migration/node-services.changelog-init.xml', NOW(), 84, '7:7d7fb1c90fa05b5fc3b938fd7c520344', 'addColumn tableName=node_attachments; sql; addNotNullConstraint columnName=version, tableName=node_attachments', '', 'EXECUTED', NULL, NULL, '3.5.4', '1046209458')
17:43:31.185 [Test worker] DEBUG liquibase - master.changelog.json: migration/node-services.changelog-init.xml::update-version-of-whitelisted-jars::R3.Corda: Running Changeset:migration/node-services.changelog-init.xml::update-version-of-whitelisted-jars::R3.Corda
17:43:31.185 [Test worker] DEBUG liquibase - master.changelog.json: migration/node-services.changelog-init.xml::update-version-of-whitelisted-jars::R3.Corda: Changeset migration/node-services.changelog-init.xml::update-version-of-whitelisted-jars::R3.Corda
17:43:31.185 [Test worker] DEBUG liquibase - master.changelog.json: migration/node-services.changelog-init.xml::update-version-of-whitelisted-jars::R3.Corda: Reading ChangeSet: migration/node-services.changelog-init.xml::update-version-of-whitelisted-jars::R3.Corda
17:43:31.185 [Test worker] DEBUG liquibase - master.changelog.json: migration/node-services.changelog-init.xml::update-version-of-whitelisted-jars::R3.Corda: WARNING The following SQL may change each run and therefore is possibly incorrect and/or invalid:
17:43:31.185 [Test worker] INFO net.corda.nodeapi.internal.persistence.AttachmentVersionNumberMigration - Start executing...
17:43:31.211 [Test worker] INFO net.corda.nodeapi.internal.persistence.AttachmentVersionNumberMigration - Attachment version creation from whitelisted JARs using network parameters from build\mock-network\20191014-094255.202\nodes\0\network-parameters, whitelistedContractImplementations: {}.
17:43:31.211 [Test worker] INFO net.corda.nodeapi.internal.persistence.AttachmentVersionNumberMigration - Attachment version creation from whitelisted JARs skipped, no attachments not found.
17:43:31.211 [Test worker] INFO liquibase - master.changelog.json: migration/node-services.changelog-init.xml::update-version-of-whitelisted-jars::R3.Corda: null
17:43:31.212 [Test worker] INFO liquibase - master.changelog.json: migration/node-services.changelog-init.xml::update-version-of-whitelisted-jars::R3.Corda: ChangeSet migration/node-services.changelog-init.xml::update-version-of-whitelisted-jars::R3.Corda ran successfully in 27ms
17:43:31.213 [Test worker] DEBUG liquibase - master.changelog.json: migration/node-services.changelog-init.xml::update-version-of-whitelisted-jars::R3.Corda: Executing EXECUTE database command: INSERT INTO PUBLIC.DATABASECHANGELOG (ID, AUTHOR, FILENAME, DATEEXECUTED, ORDEREXECUTED, MD5SUM, DESCRIPTION, COMMENTS, EXECTYPE, CONTEXTS, LABELS, LIQUIBASE, DEPLOYMENT_ID) VALUES ('update-version-of-whitelisted-jars', 'R3.Corda', 'migration/node-services.changelog-init.xml', NOW(), 85, '7:706b589854273bdf703c4ed7a2a9191b', 'customChange', '', 'EXECUTED', NULL, NULL, '3.5.4', '1046209458')
17:43:31.214 [Test worker] DEBUG liquibase - master.changelog.json: migration/vault-schema.changelog-v9.xml::update-vault-states::R3.Corda: Running Changeset:migration/vault-schema.changelog-v9.xml::update-vault-states::R3.Corda
17:43:31.214 [Test worker] DEBUG liquibase - master.changelog.json: migration/vault-schema.changelog-v9.xml::update-vault-states::R3.Corda: Changeset migration/vault-schema.changelog-v9.xml::update-vault-states::R3.Corda
17:43:31.215 [Test worker] DEBUG liquibase - master.changelog.json: migration/vault-schema.changelog-v9.xml::update-vault-states::R3.Corda: Reading ChangeSet: migration/vault-schema.changelog-v9.xml::update-vault-states::R3.Corda
17:43:31.216 [Test worker] DEBUG liquibase - master.changelog.json: migration/vault-schema.changelog-v9.xml::update-vault-states::R3.Corda: WARNING The following SQL may change each run and therefore is possibly incorrect and/or invalid:
17:43:31.217 [Test worker] INFO net.corda.node.migration.VaultStateMigration - Migrating vault state data to V4 tables
17:43:31.619 [Test worker] INFO net.corda.nodeapi.internal.persistence.HibernateConfiguration - Init HibernateConfiguration for schemas: [VaultMigrationSchemaV1(name=net.corda.node.migration.VaultMigrationSchema, version=1), VaultSchemaV1(name=net.corda.node.services.vault.VaultSchema, version=1)]
17:43:31.644 [Test worker] INFO net.corda.nodeapi.internal.persistence.HibernateConfiguration - Creating session factory for schemas: [VaultMigrationSchemaV1(name=net.corda.node.migration.VaultMigrationSchema, version=1), VaultSchemaV1(name=net.corda.node.services.vault.VaultSchema, version=1)]
?[37m[INFO] 17:43:32,301 [Test worker] hibernate.Version.logVersion - HHH000412: Hibernate Core {5.3.6.Final}
?[m?[37m[INFO] 17:43:32,307 [Test worker] cfg.Environment.<clinit> - HHH000206: hibernate.properties not found
?[m?[37m[INFO] 17:43:32,642 [Test worker] common.Version.<clinit> - HCANN000001: Hibernate Commons Annotations {5.0.4.Final}
?[m?[37m[INFO] 17:43:33,249 [Test worker] internal.ConnectionProviderInitiator.initiateService - HHH000130: Instantiating explicit connection provider: net.corda.nodeapi.internal.persistence.HibernateConfiguration$NodeDatabaseConnectionProvider
?[m?[37m[INFO] 17:43:33,333 [Test worker] dialect.Dialect.<init> - HHH000400: Using dialect: org.hibernate.dialect.H2Dialect
?[m?[37m[INFO] 17:43:33,481 [Test worker] type.BasicTypeRegistry.register - HHH000270: Type registration [materialized_blob] overrides previous : org.hibernate.type.MaterializedBlobType@12e6fc5f
?[m?[37m[INFO] 17:43:35,617 [Test worker] connections.access.getIsolatedConnection - HHH10001501: Connection obtained from JdbcConnectionAccess [org.hibernate.engine.jdbc.env.internal.JdbcEnvironmentInitiator$ConnectionProviderJdbcConnectionAccess@6eb8e634] for (non-JTA) DDL execution was not in auto-commit mode; the Connection 'local transaction' will be committed and the Connection will be set into auto-commit mode.
?[m17:43:35.827 [Test worker] INFO net.corda.nodeapi.internal.persistence.HibernateConfiguration - Created session factory for schemas: [VaultMigrationSchemaV1(name=net.corda.node.migration.VaultMigrationSchema, version=1), VaultSchemaV1(name=net.corda.node.services.vault.VaultSchema, version=1)]
?[37m[INFO] 17:43:36,343 [Test worker] internal.QueryTranslatorFactoryInitiator.initiateService - HHH000397: Using ASTQueryTranslatorFactory
?[m17:43:36.910 [Test worker] DEBUG net.corda.node.migration.VaultStateIterator - Found 0 total states in the vault
17:43:36.921 [Test worker] DEBUG net.corda.node.migration.VaultStateIterator - Loaded page 1 of 0. Current page has 0 vault states
17:43:36.930 [Test worker] INFO net.corda.node.migration.VaultStateMigration - Finished performing vault state data migration for 0 states
17:43:36.930 [Test worker] INFO liquibase - master.changelog.json: migration/vault-schema.changelog-v9.xml::update-vault-states::R3.Corda: null
17:43:36.930 [Test worker] INFO liquibase - master.changelog.json: migration/vault-schema.changelog-v9.xml::update-vault-states::R3.Corda: ChangeSet migration/vault-schema.changelog-v9.xml::update-vault-states::R3.Corda ran successfully in 5716ms
17:43:36.933 [Test worker] DEBUG liquibase - master.changelog.json: migration/vault-schema.changelog-v9.xml::update-vault-states::R3.Corda: Executing EXECUTE database command: INSERT INTO PUBLIC.DATABASECHANGELOG (ID, AUTHOR, FILENAME, DATEEXECUTED, ORDEREXECUTED, MD5SUM, DESCRIPTION, COMMENTS, EXECTYPE, CONTEXTS, LABELS, LIQUIBASE, DEPLOYMENT_ID) VALUES ('update-vault-states', 'R3.Corda', 'migration/vault-schema.changelog-v9.xml', NOW(), 86, '7:b005d9ddca6ae24f7eb8c275fb095a30', 'customChange', '', 'EXECUTED', NULL, NULL, '3.5.4', '1046209458')
17:43:36.936 [Test worker] DEBUG liquibase - master.changelog.json: migration/node-services.changelog-init.xml::1511451595465-16::R3.Corda: Running Changeset:migration/node-services.changelog-init.xml::1511451595465-16::R3.Corda
17:43:36.937 [Test worker] DEBUG liquibase - master.changelog.json: migration/node-services.changelog-init.xml::1511451595465-16::R3.Corda: Changeset migration/node-services.changelog-init.xml::1511451595465-16::R3.Corda
17:43:36.937 [Test worker] DEBUG liquibase - master.changelog.json: migration/node-services.changelog-init.xml::1511451595465-16::R3.Corda: Reading ChangeSet: migration/node-services.changelog-init.xml::1511451595465-16::R3.Corda
17:43:36.939 [Test worker] DEBUG liquibase - master.changelog.json: migration/node-services.changelog-init.xml::1511451595465-16::R3.Corda: Executing Statement: liquibase.statement.core.CreateTableStatement@664b9833
17:43:36.940 [Test worker] DEBUG liquibase - master.changelog.json: migration/node-services.changelog-init.xml::1511451595465-16::R3.Corda: Executing EXECUTE database command: CREATE TABLE PUBLIC.node_notary_committed_states (output_index INT NOT NULL, transaction_id NVARCHAR(64) NOT NULL, consuming_transaction_id NVARCHAR(64))
17:43:36.941 [Test worker] INFO liquibase - master.changelog.json: migration/node-services.changelog-init.xml::1511451595465-16::R3.Corda: Table node_notary_committed_states created
17:43:36.942 [Test worker] INFO liquibase - master.changelog.json: migration/node-services.changelog-init.xml::1511451595465-16::R3.Corda: ChangeSet migration/node-services.changelog-init.xml::1511451595465-16::R3.Corda ran successfully in 5ms
17:43:36.944 [Test worker] DEBUG liquibase - master.changelog.json: migration/node-services.changelog-init.xml::1511451595465-16::R3.Corda: Executing EXECUTE database command: INSERT INTO PUBLIC.DATABASECHANGELOG (ID, AUTHOR, FILENAME, DATEEXECUTED, ORDEREXECUTED, MD5SUM, DESCRIPTION, COMMENTS, EXECTYPE, CONTEXTS, LABELS, LIQUIBASE, DEPLOYMENT_ID) VALUES ('1511451595465-16', 'R3.Corda', 'migration/node-services.changelog-init.xml', NOW(), 87, '7:5c7ac7279dab2acb4d0dcbdf797c036f', 'createTable tableName=node_notary_committed_states', '', 'EXECUTED', NULL, NULL, '3.5.4', '1046209458')
17:43:36.945 [Test worker] DEBUG liquibase - master.changelog.json: migration/node-services.changelog-init.xml::1521131680317-17::R3.Corda: Running Changeset:migration/node-services.changelog-init.xml::1521131680317-17::R3.Corda
17:43:36.948 [Test worker] DEBUG liquibase - master.changelog.json: migration/node-services.changelog-init.xml::1521131680317-17::R3.Corda: Changeset migration/node-services.changelog-init.xml::1521131680317-17::R3.Corda
17:43:36.948 [Test worker] DEBUG liquibase - master.changelog.json: migration/node-services.changelog-init.xml::1521131680317-17::R3.Corda: Reading ChangeSet: migration/node-services.changelog-init.xml::1521131680317-17::R3.Corda
17:43:36.948 [Test worker] DEBUG liquibase - master.changelog.json: migration/node-services.changelog-init.xml::1521131680317-17::R3.Corda: Executing Statement: liquibase.statement.core.CreateTableStatement@70cfce7c
17:43:36.949 [Test worker] DEBUG liquibase - master.changelog.json: migration/node-services.changelog-init.xml::1521131680317-17::R3.Corda: Executing EXECUTE database command: CREATE TABLE PUBLIC.node_notary_request_log (id INT NOT NULL, consuming_transaction_id NVARCHAR(64) NOT NULL, requesting_party_name NVARCHAR(255) NOT NULL, request_timestamp TIMESTAMP NOT NULL, request_signature BLOB NOT NULL)
17:43:36.949 [Test worker] INFO liquibase - master.changelog.json: migration/node-services.changelog-init.xml::1521131680317-17::R3.Corda: Table node_notary_request_log created
17:43:36.950 [Test worker] INFO liquibase - master.changelog.json: migration/node-services.changelog-init.xml::1521131680317-17::R3.Corda: ChangeSet migration/node-services.changelog-init.xml::1521131680317-17::R3.Corda ran successfully in 5ms
17:43:36.951 [Test worker] DEBUG liquibase - master.changelog.json: migration/node-services.changelog-init.xml::1521131680317-17::R3.Corda: Executing EXECUTE database command: INSERT INTO PUBLIC.DATABASECHANGELOG (ID, AUTHOR, FILENAME, DATEEXECUTED, ORDEREXECUTED, MD5SUM, DESCRIPTION, COMMENTS, EXECTYPE, CONTEXTS, LABELS, LIQUIBASE, DEPLOYMENT_ID) VALUES ('1521131680317-17', 'R3.Corda', 'migration/node-services.changelog-init.xml', NOW(), 88, '7:812748518bda4473ccce38efcf6eb73c', 'createTable tableName=node_notary_request_log', '', 'EXECUTED', NULL, NULL, '3.5.4', '1046209458')
17:43:36.952 [Test worker] DEBUG liquibase - master.changelog.json: migration/node-services.changelog-init.xml::1511451595465-41::R3.Corda: Running Changeset:migration/node-services.changelog-init.xml::1511451595465-41::R3.Corda
17:43:36.952 [Test worker] DEBUG liquibase - master.changelog.json: migration/node-services.changelog-init.xml::1511451595465-41::R3.Corda: Changeset migration/node-services.changelog-init.xml::1511451595465-41::R3.Corda
17:43:36.952 [Test worker] DEBUG liquibase - master.changelog.json: migration/node-services.changelog-init.xml::1511451595465-41::R3.Corda: Reading ChangeSet: migration/node-services.changelog-init.xml::1511451595465-41::R3.Corda
17:43:36.952 [Test worker] DEBUG liquibase - master.changelog.json: migration/node-services.changelog-init.xml::1511451595465-41::R3.Corda: Executing Statement: liquibase.statement.core.AddPrimaryKeyStatement@434ea6aa
17:43:36.953 [Test worker] DEBUG liquibase - master.changelog.json: migration/node-services.changelog-init.xml::1511451595465-41::R3.Corda: Executing EXECUTE database command: ALTER TABLE PUBLIC.node_notary_committed_states ADD CONSTRAINT node_notary_states_pkey PRIMARY KEY (output_index, transaction_id)
17:43:36.953 [Test worker] INFO liquibase - master.changelog.json: migration/node-services.changelog-init.xml::1511451595465-41::R3.Corda: Primary key added to node_notary_committed_states (output_index, transaction_id)
17:43:36.953 [Test worker] INFO liquibase - master.changelog.json: migration/node-services.changelog-init.xml::1511451595465-41::R3.Corda: ChangeSet migration/node-services.changelog-init.xml::1511451595465-41::R3.Corda ran successfully in 1ms
17:43:36.955 [Test worker] DEBUG liquibase - master.changelog.json: migration/node-services.changelog-init.xml::1511451595465-41::R3.Corda: Executing EXECUTE database command: INSERT INTO PUBLIC.DATABASECHANGELOG (ID, AUTHOR, FILENAME, DATEEXECUTED, ORDEREXECUTED, MD5SUM, DESCRIPTION, COMMENTS, EXECTYPE, CONTEXTS, LABELS, LIQUIBASE, DEPLOYMENT_ID) VALUES ('1511451595465-41', 'R3.Corda', 'migration/node-services.changelog-init.xml', NOW(), 89, '7:eb7b8bdb4606f88d644198a38bca7b58', 'addPrimaryKey constraintName=node_notary_states_pkey, tableName=node_notary_committed_states', '', 'EXECUTED', NULL, NULL, '3.5.4', '1046209458')
17:43:36.956 [Test worker] DEBUG liquibase - master.changelog.json: migration/node-services.changelog-init.xml::1521131680317-48::R3.Corda: Running Changeset:migration/node-services.changelog-init.xml::1521131680317-48::R3.Corda
17:43:36.956 [Test worker] DEBUG liquibase - master.changelog.json: migration/node-services.changelog-init.xml::1521131680317-48::R3.Corda: Changeset migration/node-services.changelog-init.xml::1521131680317-48::R3.Corda
17:43:36.957 [Test worker] DEBUG liquibase - master.changelog.json: migration/node-services.changelog-init.xml::1521131680317-48::R3.Corda: Reading ChangeSet: migration/node-services.changelog-init.xml::1521131680317-48::R3.Corda
17:43:36.957 [Test worker] DEBUG liquibase - master.changelog.json: migration/node-services.changelog-init.xml::1521131680317-48::R3.Corda: Executing Statement: liquibase.statement.core.AddPrimaryKeyStatement@9b0ce73
17:43:36.957 [Test worker] DEBUG liquibase - master.changelog.json: migration/node-services.changelog-init.xml::1521131680317-48::R3.Corda: Executing EXECUTE database command: ALTER TABLE PUBLIC.node_notary_request_log ADD CONSTRAINT node_notary_request_log_pkey PRIMARY KEY (id)
17:43:36.957 [Test worker] INFO liquibase - master.changelog.json: migration/node-services.changelog-init.xml::1521131680317-48::R3.Corda: Primary key added to node_notary_request_log (id)
17:43:36.957 [Test worker] INFO liquibase - master.changelog.json: migration/node-services.changelog-init.xml::1521131680317-48::R3.Corda: ChangeSet migration/node-services.changelog-init.xml::1521131680317-48::R3.Corda ran successfully in 1ms
17:43:36.959 [Test worker] DEBUG liquibase - master.changelog.json: migration/node-services.changelog-init.xml::1521131680317-48::R3.Corda: Executing EXECUTE database command: INSERT INTO PUBLIC.DATABASECHANGELOG (ID, AUTHOR, FILENAME, DATEEXECUTED, ORDEREXECUTED, MD5SUM, DESCRIPTION, COMMENTS, EXECTYPE, CONTEXTS, LABELS, LIQUIBASE, DEPLOYMENT_ID) VALUES ('1521131680317-48', 'R3.Corda', 'migration/node-services.changelog-init.xml', NOW(), 90, '7:e2bdecb7737dcde7c7d2a388c81a900c', 'addPrimaryKey constraintName=node_notary_request_log_pkey, tableName=node_notary_request_log', '', 'EXECUTED', NULL, NULL, '3.5.4', '1046209458')
17:43:36.960 [Test worker] DEBUG liquibase - master.changelog.json: migration/node-services.changelog-init.xml::nullability::R3.Corda: Running Changeset:migration/node-services.changelog-init.xml::nullability::R3.Corda
17:43:36.960 [Test worker] DEBUG liquibase - master.changelog.json: migration/node-services.changelog-init.xml::nullability::R3.Corda: Changeset migration/node-services.changelog-init.xml::nullability::R3.Corda
17:43:36.960 [Test worker] DEBUG liquibase - master.changelog.json: migration/node-services.changelog-init.xml::nullability::R3.Corda: Reading ChangeSet: migration/node-services.changelog-init.xml::nullability::R3.Corda
17:43:36.960 [Test worker] DEBUG liquibase - master.changelog.json: migration/node-services.changelog-init.xml::nullability::R3.Corda: Executing Statement: liquibase.statement.core.SetNullableStatement@2ffd4f4d
17:43:36.960 [Test worker] DEBUG liquibase - master.changelog.json: migration/node-services.changelog-init.xml::nullability::R3.Corda: Executing EXECUTE database command: ALTER TABLE PUBLIC.node_notary_committed_states ALTER COLUMN consuming_transaction_id SET NOT NULL
17:43:36.961 [Test worker] INFO liquibase - master.changelog.json: migration/node-services.changelog-init.xml::nullability::R3.Corda: Null constraint has been added to node_notary_committed_states.consuming_transaction_id
17:43:36.961 [Test worker] INFO liquibase - master.changelog.json: migration/node-services.changelog-init.xml::nullability::R3.Corda: ChangeSet migration/node-services.changelog-init.xml::nullability::R3.Corda ran successfully in 1ms
17:43:36.963 [Test worker] DEBUG liquibase - master.changelog.json: migration/node-services.changelog-init.xml::nullability::R3.Corda: Executing EXECUTE database command: INSERT INTO PUBLIC.DATABASECHANGELOG (ID, AUTHOR, FILENAME, DATEEXECUTED, ORDEREXECUTED, MD5SUM, DESCRIPTION, COMMENTS, EXECTYPE, CONTEXTS, LABELS, LIQUIBASE, DEPLOYMENT_ID) VALUES ('nullability', 'R3.Corda', 'migration/node-services.changelog-init.xml', NOW(), 91, '7:f2b07131ea0ba42aa96c891ee02b9216', 'addNotNullConstraint columnName=consuming_transaction_id, tableName=node_notary_committed_states', '', 'EXECUTED', NULL, NULL, '3.5.4', '1046209458')
17:43:36.964 [Test worker] DEBUG liquibase - master.changelog.json: migration/node-notary.changelog-v2.xml::rename-table-notary-commit-log::R3.Corda: Running Changeset:migration/node-notary.changelog-v2.xml::rename-table-notary-commit-log::R3.Corda
17:43:36.964 [Test worker] DEBUG liquibase - master.changelog.json: migration/node-notary.changelog-v2.xml::rename-table-notary-commit-log::R3.Corda: Changeset migration/node-notary.changelog-v2.xml::rename-table-notary-commit-log::R3.Corda
17:43:37.016 [Test worker] INFO liquibase - master.changelog.json: migration/node-notary.changelog-v2.xml::rename-table-notary-commit-log::R3.Corda: Marking ChangeSet: migration/node-notary.changelog-v2.xml::rename-table-notary-commit-log::R3.Corda ran despite precondition failure due to onFail='MARK_RAN': 
          master.changelog.json : Table PUBLIC.node_notary_commit_log does not exist

17:43:37.016 [Test worker] DEBUG liquibase - master.changelog.json: migration/node-notary.changelog-v2.xml::rename-table-notary-commit-log::R3.Corda: Skipping ChangeSet: migration/node-notary.changelog-v2.xml::rename-table-notary-commit-log::R3.Corda
17:43:37.016 [Test worker] DEBUG liquibase - master.changelog.json: migration/node-notary.changelog-v2.xml::rename-table-notary-commit-log::R3.Corda: Executing EXECUTE database command: INSERT INTO PUBLIC.DATABASECHANGELOG (ID, AUTHOR, FILENAME, DATEEXECUTED, ORDEREXECUTED, MD5SUM, DESCRIPTION, COMMENTS, EXECTYPE, CONTEXTS, LABELS, LIQUIBASE, DEPLOYMENT_ID) VALUES ('rename-table-notary-commit-log', 'R3.Corda', 'migration/node-notary.changelog-v2.xml', NOW(), 92, '7:ff7b69514b2b495843f579288be9d3d2', 'renameTable newTableName=node_notary_committed_states, oldTableName=node_notary_commit_log', '', 'MARK_RAN', NULL, NULL, '3.5.4', '1046209458')
17:43:37.016 [Test worker] DEBUG liquibase - master.changelog.json: migration/node-notary.changelog-v2.xml::create-notary-request-log-table::R3.Corda: Running Changeset:migration/node-notary.changelog-v2.xml::create-notary-request-log-table::R3.Corda
17:43:37.016 [Test worker] DEBUG liquibase - master.changelog.json: migration/node-notary.changelog-v2.xml::create-notary-request-log-table::R3.Corda: Changeset migration/node-notary.changelog-v2.xml::create-notary-request-log-table::R3.Corda
17:43:37.035 [Test worker] INFO liquibase - master.changelog.json: migration/node-notary.changelog-v2.xml::create-notary-request-log-table::R3.Corda: Marking ChangeSet: migration/node-notary.changelog-v2.xml::create-notary-request-log-table::R3.Corda ran despite precondition failure due to onFail='MARK_RAN': 
          master.changelog.json : Not precondition failed

17:43:37.035 [Test worker] DEBUG liquibase - master.changelog.json: migration/node-notary.changelog-v2.xml::create-notary-request-log-table::R3.Corda: Skipping ChangeSet: migration/node-notary.changelog-v2.xml::create-notary-request-log-table::R3.Corda
17:43:37.038 [Test worker] DEBUG liquibase - master.changelog.json: migration/node-notary.changelog-v2.xml::create-notary-request-log-table::R3.Corda: Executing EXECUTE database command: INSERT INTO PUBLIC.DATABASECHANGELOG (ID, AUTHOR, FILENAME, DATEEXECUTED, ORDEREXECUTED, MD5SUM, DESCRIPTION, COMMENTS, EXECTYPE, CONTEXTS, LABELS, LIQUIBASE, DEPLOYMENT_ID) VALUES ('create-notary-request-log-table', 'R3.Corda', 'migration/node-notary.changelog-v2.xml', NOW(), 93, '7:9cfed358561510f56f9c2dcc9c29eb92', 'createTable tableName=node_notary_request_log; addPrimaryKey constraintName=node_notary_request_log_pkey, tableName=node_notary_request_log', '', 'MARK_RAN', NULL, NULL, '3.5.4', '1046209458')
17:43:37.040 [Test worker] DEBUG liquibase - master.changelog.json: migration/node-notary.changelog-pkey.xml::non-clustered_pk-notary_state::R3.Corda: Running Changeset:migration/node-notary.changelog-pkey.xml::non-clustered_pk-notary_state::R3.Corda
17:43:37.042 [Test worker] DEBUG liquibase - master.changelog.json: migration/node-notary.changelog-pkey.xml::non-clustered_pk-notary_state::R3.Corda: Executing EXECUTE database command: INSERT INTO PUBLIC.DATABASECHANGELOG (ID, AUTHOR, FILENAME, DATEEXECUTED, ORDEREXECUTED, MD5SUM, DESCRIPTION, COMMENTS, EXECTYPE, CONTEXTS, LABELS, LIQUIBASE, DEPLOYMENT_ID) VALUES ('non-clustered_pk-notary_state', 'R3.Corda', 'migration/node-notary.changelog-pkey.xml', NOW(), 94, '7:35ea7e38d50dcfe61cbc6f1e146f7bd6', 'dropPrimaryKey constraintName=node_notary_states_pkey, tableName=node_notary_committed_states; addPrimaryKey constraintName=node_notary_states_pkey, tableName=node_notary_committed_states', '', 'MARK_RAN', NULL, NULL, '3.5.4', '1046209458')
17:43:37.043 [Test worker] DEBUG liquibase - master.changelog.json: migration/node-notary.changelog-committed-transactions-table.xml::create-notary-committed-transactions-table::R3.Corda: Running Changeset:migration/node-notary.changelog-committed-transactions-table.xml::create-notary-committed-transactions-table::R3.Corda
17:43:37.044 [Test worker] DEBUG liquibase - master.changelog.json: migration/node-notary.changelog-committed-transactions-table.xml::create-notary-committed-transactions-table::R3.Corda: Changeset migration/node-notary.changelog-committed-transactions-table.xml::create-notary-committed-transactions-table::R3.Corda
17:43:37.044 [Test worker] DEBUG liquibase - master.changelog.json: migration/node-notary.changelog-committed-transactions-table.xml::create-notary-committed-transactions-table::R3.Corda: Reading ChangeSet: migration/node-notary.changelog-committed-transactions-table.xml::create-notary-committed-transactions-table::R3.Corda
17:43:37.045 [Test worker] DEBUG liquibase - master.changelog.json: migration/node-notary.changelog-committed-transactions-table.xml::create-notary-committed-transactions-table::R3.Corda: Executing Statement: liquibase.statement.core.CreateTableStatement@3b013162
17:43:37.045 [Test worker] DEBUG liquibase - master.changelog.json: migration/node-notary.changelog-committed-transactions-table.xml::create-notary-committed-transactions-table::R3.Corda: Executing EXECUTE database command: CREATE TABLE PUBLIC.node_notary_committed_txs (transaction_id NVARCHAR(64) NOT NULL)
17:43:37.045 [Test worker] INFO liquibase - master.changelog.json: migration/node-notary.changelog-committed-transactions-table.xml::create-notary-committed-transactions-table::R3.Corda: Table node_notary_committed_txs created
17:43:37.046 [Test worker] DEBUG liquibase - master.changelog.json: migration/node-notary.changelog-committed-transactions-table.xml::create-notary-committed-transactions-table::R3.Corda: Executing Statement: liquibase.statement.core.AddPrimaryKeyStatement@6ad8560f
17:43:37.046 [Test worker] DEBUG liquibase - master.changelog.json: migration/node-notary.changelog-committed-transactions-table.xml::create-notary-committed-transactions-table::R3.Corda: Executing EXECUTE database command: ALTER TABLE PUBLIC.node_notary_committed_txs ADD CONSTRAINT node_notary_transactions_pkey PRIMARY KEY (transaction_id)
17:43:37.047 [Test worker] INFO liquibase - master.changelog.json: migration/node-notary.changelog-committed-transactions-table.xml::create-notary-committed-transactions-table::R3.Corda: Primary key added to node_notary_committed_txs (transaction_id)
17:43:37.047 [Test worker] INFO liquibase - master.changelog.json: migration/node-notary.changelog-committed-transactions-table.xml::create-notary-committed-transactions-table::R3.Corda: ChangeSet migration/node-notary.changelog-committed-transactions-table.xml::create-notary-committed-transactions-table::R3.Corda ran successfully in 3ms
17:43:37.049 [Test worker] DEBUG liquibase - master.changelog.json: migration/node-notary.changelog-committed-transactions-table.xml::create-notary-committed-transactions-table::R3.Corda: Executing EXECUTE database command: INSERT INTO PUBLIC.DATABASECHANGELOG (ID, AUTHOR, FILENAME, DATEEXECUTED, ORDEREXECUTED, MD5SUM, DESCRIPTION, COMMENTS, EXECTYPE, CONTEXTS, LABELS, LIQUIBASE, DEPLOYMENT_ID) VALUES ('create-notary-committed-transactions-table', 'R3.Corda', 'migration/node-notary.changelog-committed-transactions-table.xml', NOW(), 95, '7:0e1ea7262954ff9d1312f84d15c0a0fb', 'createTable tableName=node_notary_committed_txs; addPrimaryKey constraintName=node_notary_transactions_pkey, tableName=node_notary_committed_txs', '', 'EXECUTED', NULL, NULL, '3.5.4', '1046209458')
17:43:37.050 [Test worker] DEBUG liquibase - Release Database Lock
17:43:37.053 [Test worker] DEBUG liquibase - Executing UPDATE database command: UPDATE PUBLIC.DATABASECHANGELOGLOCK SET LOCKED = FALSE, LOCKEDBY = NULL, LOCKGRANTED = NULL WHERE ID = 1
17:43:37.054 [Test worker] INFO liquibase - Successfully released change log lock
17:43:37.055 [Test worker] DEBUG com.zaxxer.hikari.pool.PoolBase - HikariPool-1 - Reset (autoCommit, isolation) on connection conn1: url=jdbc:h2:mem:node_0_net_312362915497919618_persistence user=SA
17:43:37.057 [Test worker] DEBUG com.zaxxer.hikari.pool.PoolBase - HikariPool-1 - Reset (autoCommit, isolation) on connection conn1: url=jdbc:h2:mem:node_0_net_312362915497919618_persistence user=SA
17:43:37.061 [Test worker] INFO net.corda.testing.node.internal.InternalMockNetwork$MockNode - Connected to H2 database.
17:43:37.061 [Test worker] DEBUG com.zaxxer.hikari.pool.PoolBase - HikariPool-1 - Reset (autoCommit, isolation) on connection conn1: url=jdbc:h2:mem:node_0_net_312362915497919618_persistence user=SA
17:43:37.111 [Test worker] INFO net.corda.nodeapi.internal.persistence.HibernateConfiguration - Init HibernateConfiguration for schemas: [CommonSchemaV1(name=net.corda.core.schemas.CommonSchema, version=1), VaultSchemaV1(name=net.corda.node.services.vault.VaultSchema, version=1), NodeInfoSchemaV1(name=net.corda.node.internal.schemas.NodeInfoSchema, version=1), NodeCoreV1(name=net.corda.node.services.schema.NodeSchemaService$NodeCore, version=1), NodeNotarySchemaV1(name=net.corda.node.services.transactions.NodeNotarySchema, version=1)]
17:43:37.111 [Test worker] INFO net.corda.nodeapi.internal.persistence.HibernateConfiguration - Creating session factory for schemas: [CommonSchemaV1(name=net.corda.core.schemas.CommonSchema, version=1), VaultSchemaV1(name=net.corda.node.services.vault.VaultSchema, version=1), NodeInfoSchemaV1(name=net.corda.node.internal.schemas.NodeInfoSchema, version=1), NodeCoreV1(name=net.corda.node.services.schema.NodeSchemaService$NodeCore, version=1), NodeNotarySchemaV1(name=net.corda.node.services.transactions.NodeNotarySchema, version=1)]
?[37m[INFO] 17:43:37,122 [Test worker] internal.ConnectionProviderInitiator.initiateService - HHH000130: Instantiating explicit connection provider: net.corda.nodeapi.internal.persistence.HibernateConfiguration$NodeDatabaseConnectionProvider
?[m?[37m[INFO] 17:43:37,132 [Test worker] dialect.Dialect.<init> - HHH000400: Using dialect: org.hibernate.dialect.H2Dialect
?[m17:43:37.142 [Test worker] DEBUG com.zaxxer.hikari.pool.PoolBase - HikariPool-1 - Reset (autoCommit, isolation) on connection conn1: url=jdbc:h2:mem:node_0_net_312362915497919618_persistence user=SA
?[37m[INFO] 17:43:37,145 [Test worker] type.BasicTypeRegistry.register - HHH000270: Type registration [materialized_blob] overrides previous : org.hibernate.type.MaterializedBlobType@12e6fc5f
?[m?[37m[INFO] 17:43:37,608 [Test worker] connections.access.getIsolatedConnection - HHH10001501: Connection obtained from JdbcConnectionAccess [org.hibernate.engine.jdbc.env.internal.JdbcEnvironmentInitiator$ConnectionProviderJdbcConnectionAccess@13208180] for (non-JTA) DDL execution was not in auto-commit mode; the Connection 'local transaction' will be committed and the Connection will be set into auto-commit mode.
?[m17:43:37.752 [Test worker] DEBUG com.zaxxer.hikari.pool.PoolBase - HikariPool-1 - Reset (autoCommit, isolation) on connection conn1: url=jdbc:h2:mem:node_0_net_312362915497919618_persistence user=SA
17:43:37.770 [Test worker] INFO net.corda.nodeapi.internal.persistence.HibernateConfiguration - Created session factory for schemas: [CommonSchemaV1(name=net.corda.core.schemas.CommonSchema, version=1), VaultSchemaV1(name=net.corda.node.services.vault.VaultSchema, version=1), NodeInfoSchemaV1(name=net.corda.node.internal.schemas.NodeInfoSchema, version=1), NodeCoreV1(name=net.corda.node.services.schema.NodeSchemaService$NodeCore, version=1), NodeNotarySchemaV1(name=net.corda.node.services.transactions.NodeNotarySchema, version=1)]
?[37m[INFO] 17:43:37,775 [Test worker] internal.QueryTranslatorFactoryInitiator.initiateService - HHH000397: Using ASTQueryTranslatorFactory
?[m17:43:37.797 [Test worker] INFO net.corda.testing.node.internal.InternalMockNetwork$MockNode - Node-info has changed so submitting update. Old node-info was null
17:43:37.798 [Test worker] INFO net.corda.node.services.network.PersistentNetworkMapCache - Adding node with info: NodeInfo(addresses=[mock.node:1000], legalIdentitiesAndCerts=[O=Notary Service, L=Zurich, C=CH], platformVersion=4, serial=1571046217798)
17:43:37.808 [Test worker] INFO net.corda.node.services.network.PersistentNetworkMapCache - No previous node found
17:43:37.825 [Test worker] DEBUG net.corda.node.services.identity.PersistentIdentityService - Registering identity O=Notary Service, L=Zurich, C=CH
17:43:38.077 [Test worker] DEBUG net.corda.serialization.internal.amqp.CachingCustomSerializerRegistry - action="Using custom serializer", class=java.security.cert.CertPath, declaredType=java.security.cert.CertPath
17:43:38.098 [Test worker] DEBUG net.corda.serialization.internal.amqp.DefaultLocalSerializerFactory - class=NodeInfo, type=class net.corda.core.node.NodeInfo is a composite type
17:43:38.099 [Test worker] DEBUG net.corda.serialization.internal.amqp.DefaultLocalSerializerFactory - class=NetworkHostAndPort, type=class net.corda.core.utilities.NetworkHostAndPort is a composite type
17:43:38.099 [Test worker] DEBUG net.corda.serialization.internal.amqp.DefaultLocalSerializerFactory - class=PartyAndCertificate, type=class net.corda.core.identity.PartyAndCertificate is a composite type
17:43:38.105 [Test worker] DEBUG net.corda.serialization.internal.amqp.CachingCustomSerializerRegistry - action="Using custom serializer", class=sun.security.provider.certpath.X509CertPath, declaredType=java.security.cert.CertPath
17:43:38.116 [Test worker] DEBUG net.corda.serialization.internal.amqp.CachingCustomSerializerRegistry - action="Using custom serializer", class=java.security.cert.CertPath, declaredType=java.security.cert.CertPath
17:43:38.119 [Test worker] DEBUG net.corda.serialization.internal.amqp.DefaultLocalSerializerFactory - class=PartyAndCertificate, type=class net.corda.core.identity.PartyAndCertificate is a composite type
17:43:38.120 [Test worker] DEBUG net.corda.serialization.internal.amqp.CachingCustomSerializerRegistry - action="Using custom serializer", class=sun.security.provider.certpath.X509CertPath, declaredType=java.security.cert.CertPath
17:43:38.195 [Test worker] DEBUG net.corda.node.services.network.PersistentNetworkMapCache - Done adding node with info: NodeInfo(addresses=[mock.node:1000], legalIdentitiesAndCerts=[O=Notary Service, L=Zurich, C=CH], platformVersion=4, serial=1571046217798)
17:43:38.195 [Test worker] INFO net.corda.testing.node.internal.InternalMockNetwork$MockNode - New node-info: NodeInfo(addresses=[mock.node:1000], legalIdentitiesAndCerts=[O=Notary Service, L=Zurich, C=CH], platformVersion=4, serial=1571046217798)
17:43:38.218 [Test worker] DEBUG net.corda.serialization.internal.amqp.DefaultLocalSerializerFactory - class=SignedNodeInfo, type=class net.corda.nodeapi.internal.SignedNodeInfo is a composite type
17:43:38.218 [Test worker] DEBUG net.corda.serialization.internal.amqp.DefaultLocalSerializerFactory - class=SerializedBytes, type=net.corda.core.serialization.SerializedBytes<net.corda.core.node.NodeInfo> is a composite type
17:43:38.218 [Test worker] DEBUG net.corda.serialization.internal.amqp.DefaultLocalSerializerFactory - class=DigitalSignature, type=class net.corda.core.crypto.DigitalSignature is a composite type
17:43:38.288 [Test worker] DEBUG com.zaxxer.hikari.pool.PoolBase - HikariPool-1 - Reset (autoCommit, isolation) on connection conn1: url=jdbc:h2:mem:node_0_net_312362915497919618_persistence user=SA
17:43:38.314 [Test worker] INFO net.corda.node.services.network.NetworkMapUpdater - Auto-accept enabled for network parameter changes which modify only: [epoch, modifiedTime, packageOwnership, whitelistedContractImplementations]
17:43:38.342 [MockNode-1-2] DEBUG net.corda.node.services.network.NodeInfoWatcher - Reading SignedNodeInfo from build\mock-network\20191014-094255.202\nodes\0\additional-node-infos\nodeInfo-9305A969F68D45C1CECDDA5BE4C12989D7414F71A38B03F07687716ED79E2F36
17:43:38.359 [MockNode-1-2] DEBUG net.corda.node.services.network.NodeInfoWatcher - Read 1 NodeInfo files from build\mock-network\20191014-094255.202\nodes\0\additional-node-infos
17:43:38.359 [MockNode-1-2] DEBUG net.corda.node.services.network.NodeInfoWatcher - Number of removed NodeInfo files 0
17:43:38.367 [MockNode-1-2] INFO net.corda.node.services.network.PersistentNetworkMapCache - Adding node with info: NodeInfo(addresses=[mock.node:1000], legalIdentitiesAndCerts=[O=Notary Service, L=Zurich, C=CH], platformVersion=4, serial=1571046217798)
17:43:38.396 [Test worker] DEBUG net.corda.node.services.identity.PersistentIdentityService - Identities loaded
17:43:38.443 [MockNode-1-2] DEBUG com.zaxxer.hikari.pool.PoolBase - HikariPool-1 - Reset (autoCommit, isolation) on connection conn1: url=jdbc:h2:mem:node_0_net_312362915497919618_persistence user=SA
17:43:38.443 [MockNode-1-2] INFO net.corda.node.services.network.PersistentNetworkMapCache - Previous node was identical to incoming one - doing nothing
17:43:38.443 [MockNode-1-2] DEBUG net.corda.node.services.network.PersistentNetworkMapCache - Done adding node with info: NodeInfo(addresses=[mock.node:1000], legalIdentitiesAndCerts=[O=Notary Service, L=Zurich, C=CH], platformVersion=4, serial=1571046217798)
17:43:38.770 [Test worker] INFO ClassloaderUtils - Contracts loading for 'C:\Users\user\AppData\Local\Temp\attachment3239031337592516722.jar' took 35 msec
17:43:38.814 [Test worker] INFO net.corda.node.services.persistence.NodeAttachmentService - Stored new attachment: id=E9B1EFC2836AFF119DC0182AAA3C93E581065B6B06F6C0A452EA5CCF4B11B2A2 uploader=app filename=null
17:43:38.831 [Test worker] INFO net.corda.node.utilities.NotaryLoader - Starting notary service: class net.corda.node.services.transactions.SimpleNotaryService
17:43:38.836 [Test worker] INFO net.corda.core.internal.notary.SinglePartyNotaryService - Starting notary in validating mode
17:43:38.864 [Test worker] DEBUG net.corda.node.internal.NodeFlowManager - Installed core flow net.corda.core.flows.NotaryFlow$Client
17:43:39.565 [Test worker] INFO net.corda.node.services.statemachine.SingleThreadedStateMachineManager - Node ready, info: NodeInfo(addresses=[mock.node:1000], legalIdentitiesAndCerts=[O=Notary Service, L=Zurich, C=CH], platformVersion=4, serial=1571046217798)
17:43:39.589 [Test worker] DEBUG com.zaxxer.hikari.pool.PoolBase - HikariPool-1 - Reset (autoCommit, isolation) on connection conn2: url=jdbc:h2:mem:node_0_net_312362915497919618_persistence user=SA
17:43:39.593 [Test worker] INFO net.corda.node.services.network.PersistentNetworkMapCache - Adding node with info: NodeInfo(addresses=[mock.node:1000], legalIdentitiesAndCerts=[O=Notary Service, L=Zurich, C=CH], platformVersion=4, serial=1571046217798)
17:43:39.595 [Test worker] INFO net.corda.node.services.network.PersistentNetworkMapCache - Previous node was identical to incoming one - doing nothing
17:43:39.595 [Test worker] DEBUG net.corda.node.services.network.PersistentNetworkMapCache - Done adding node with info: NodeInfo(addresses=[mock.node:1000], legalIdentitiesAndCerts=[O=Notary Service, L=Zurich, C=CH], platformVersion=4, serial=1571046217798)
17:43:39.595 [Test worker] INFO net.corda.node.services.network.PersistentNetworkMapCache - Adding node with info: NodeInfo(addresses=[mock.node:1000], legalIdentitiesAndCerts=[O=Notary Service, L=Zurich, C=CH], platformVersion=4, serial=1571046217798)
17:43:39.596 [Test worker] INFO net.corda.node.services.network.PersistentNetworkMapCache - Previous node was identical to incoming one - doing nothing
17:43:39.596 [Test worker] DEBUG net.corda.node.services.network.PersistentNetworkMapCache - Done adding node with info: NodeInfo(addresses=[mock.node:1000], legalIdentitiesAndCerts=[O=Notary Service, L=Zurich, C=CH], platformVersion=4, serial=1571046217798)
17:43:39.615 [pool-7-thread-1] DEBUG com.zaxxer.hikari.pool.PoolBase - HikariPool-1 - Reset (autoCommit, isolation) on connection conn1: url=jdbc:h2:mem:node_0_net_312362915497919618_persistence user=SA
17:43:39.616 [Test worker] INFO net.corda.node.internal.cordapp.JarScanningCordappLoader - Looking for CorDapps in [build\mock-network\20191014-094255.202\nodes\1\cordapps]
17:43:39.618 [Test worker] INFO net.corda.node.internal.cordapp.JarScanningCordappLoader - Loading CorDapps from RestrictedURL(url=file:/D:/Arvinth/BlockChain/DerivHack-2019/GIT/cdm-corda/cdm-support/build/mock-network/20191014-094255.202/nodes/1/cordapps/custom-cordapp_1_4_74971b5d-bcd5-4e00-bbd1-defbabc3845c.jar, rootPackageName=null), RestrictedURL(url=file:/D:/Arvinth/BlockChain/DerivHack-2019/GIT/cdm-corda/cdm-support/build/mock-network/20191014-094255.202/nodes/1/cordapps/custom-cordapp_1_4_7c525df2-1a28-4e99-b6db-03a3164f308d.jar, rootPackageName=null)
17:43:39.618 [Test worker] INFO net.corda.node.internal.cordapp.JarScanningCordappLoader - Scanning CorDapp in file:/D:/Arvinth/BlockChain/DerivHack-2019/GIT/cdm-corda/cdm-support/build/mock-network/20191014-094255.202/nodes/1/cordapps/custom-cordapp_1_4_74971b5d-bcd5-4e00-bbd1-defbabc3845c.jar
17:43:39.797 [Test worker] INFO net.corda.node.internal.cordapp.JarScanningCordappLoader - Scanning CorDapp in file:/D:/Arvinth/BlockChain/DerivHack-2019/GIT/cdm-corda/cdm-support/build/mock-network/20191014-094255.202/nodes/1/cordapps/custom-cordapp_1_4_7c525df2-1a28-4e99-b6db-03a3164f308d.jar
17:43:40.110 [Test worker] DEBUG net.corda.node.services.persistence.NodePropertiesPersistentStore - Node's flow execution mode property key: NABOB_flowsExecutionMode
17:43:40.115 [Test worker] INFO net.corda.testing.node.internal.InternalMockNetwork$MockNode - Node starting up ...
17:43:40.258 [Test worker] DEBUG net.corda.node.internal.NodeFlowManager - Installed core flow net.corda.core.flows.FinalityFlow
17:43:40.258 [Test worker] DEBUG net.corda.node.internal.NodeFlowManager - Installed core flow net.corda.core.flows.NotaryChangeFlow
17:43:40.259 [Test worker] DEBUG net.corda.node.internal.NodeFlowManager - Installed core flow net.corda.core.flows.ContractUpgradeFlow$Initiate
17:43:40.259 [Test worker] DEBUG net.corda.node.internal.NodeFlowManager - Installed core flow net.corda.confidential.SwapIdentitiesFlow
17:43:40.259 [Test worker] INFO net.corda.node.internal.NodeFlowManager - Registered com.derivhack.AffirmationFlow to initiate com.derivhack.AffirmationFlowInitiated (version 1)
17:43:40.259 [Test worker] INFO net.corda.node.internal.NodeFlowManager - Registered com.derivhack.AllocationFlow to initiate com.derivhack.AllocationFlowInitiated (version 1)
17:43:40.260 [Test worker] INFO net.corda.node.internal.NodeFlowManager - Registered com.derivhack.ConfirmationFlowGJ to initiate com.derivhack.ConfirmationFlowInitiated (version 1)
17:43:40.260 [Test worker] INFO net.corda.node.internal.NodeFlowManager - Registered com.derivhack.ConfirmationFlow to initiate com.derivhack.ConfirmationFlowResponse (version 1)
17:43:40.260 [Test worker] INFO net.corda.node.internal.NodeFlowManager - Registered com.derivhack.ExecutionFlow to initiate com.derivhack.ExecutionFlowInitiated (version 1)
17:43:40.260 [Test worker] INFO net.corda.node.internal.NodeFlowManager - Registered com.derivhack.ObserveryFlow to initiate com.derivhack.ReceiveObservableFlow (version 1)
17:43:40.260 [Test worker] INFO net.corda.node.internal.NodeFlowManager - Registered com.derivhack.SettlementFlow to initiate com.derivhack.SettlementFlowResponse (version 1)
17:43:40.260 [Test worker] INFO net.corda.node.internal.NodeFlowManager - Registered com.derivhack.TransferFlow to initiate com.derivhack.TransferResponder (version 1)
17:43:40.261 [Test worker] INFO net.corda.node.internal.NodeFlowManager - Registered net.corda.cdmsupport.testflow.TestAffirmationFlow to initiate net.corda.cdmsupport.testflow.AffirmationFlowResponder (version 1)
17:43:40.261 [Test worker] INFO net.corda.node.internal.NodeFlowManager - Registered net.corda.cdmsupport.testflow.TestObservableFlow to initiate net.corda.cdmsupport.testflow.ReceiveObservableFlow (version 1)
17:43:40.261 [Test worker] INFO net.corda.node.internal.NodeFlowManager - Registered net.corda.cdmsupport.testflow.TestFlowInitiating to initiate net.corda.cdmsupport.testflow.TestFlowInitiated (version 1)
17:43:40.268 [Test worker] INFO net.corda.testing.node.internal.InternalMockNetwork$MockNode - Loaded network parameters: NetworkParameters {
      minimumPlatformVersion=4
      notaries=[NotaryInfo(identity=O=Notary Service, L=Zurich, C=CH, validating=true)]
      maxMessageSize=10485760
      maxTransactionSize=524288000
      whitelistedContractImplementations {
        
      }
      eventHorizon=PT720H
      packageOwnership {
        
      }
      modifiedTime=2019-10-14T09:42:54.452Z
      epoch=1
  }
17:43:40.269 [Test worker] DEBUG com.zaxxer.hikari.HikariConfig - HikariPool-2 - configuration:
17:43:40.269 [Test worker] DEBUG com.zaxxer.hikari.HikariConfig - allowPoolSuspension.............false
17:43:40.273 [Test worker] DEBUG com.zaxxer.hikari.HikariConfig - autoCommit......................true
17:43:40.274 [Test worker] DEBUG com.zaxxer.hikari.HikariConfig - catalog.........................null
17:43:40.274 [Test worker] DEBUG com.zaxxer.hikari.HikariConfig - connectionInitSql...............null
17:43:40.274 [Test worker] DEBUG com.zaxxer.hikari.HikariConfig - connectionTestQuery.............null
17:43:40.274 [Test worker] DEBUG com.zaxxer.hikari.HikariConfig - connectionTimeout...............30000
17:43:40.274 [Test worker] DEBUG com.zaxxer.hikari.HikariConfig - dataSource......................null
17:43:40.274 [Test worker] DEBUG com.zaxxer.hikari.HikariConfig - dataSourceClassName............."org.h2.jdbcx.JdbcDataSource"
17:43:40.274 [Test worker] DEBUG com.zaxxer.hikari.HikariConfig - dataSourceJNDI..................null
17:43:40.275 [Test worker] DEBUG com.zaxxer.hikari.HikariConfig - dataSourceProperties............{user=sa, url=jdbc:h2:mem:node_1_net_312362915497919618_persistence;LOCK_TIMEOUT=10000;DB_CLOSE_ON_EXIT=FALSE, password=<masked>}
17:43:40.275 [Test worker] DEBUG com.zaxxer.hikari.HikariConfig - driverClassName.................null
17:43:40.275 [Test worker] DEBUG com.zaxxer.hikari.HikariConfig - healthCheckProperties...........{}
17:43:40.275 [Test worker] DEBUG com.zaxxer.hikari.HikariConfig - healthCheckRegistry.............null
17:43:40.275 [Test worker] DEBUG com.zaxxer.hikari.HikariConfig - idleTimeout.....................600000
17:43:40.276 [Test worker] DEBUG com.zaxxer.hikari.HikariConfig - initializationFailFast..........true
17:43:40.277 [Test worker] DEBUG com.zaxxer.hikari.HikariConfig - isolateInternalQueries..........false
17:43:40.277 [Test worker] DEBUG com.zaxxer.hikari.HikariConfig - jdbc4ConnectionTest.............false
17:43:40.277 [Test worker] DEBUG com.zaxxer.hikari.HikariConfig - jdbcUrl.........................null
17:43:40.277 [Test worker] DEBUG com.zaxxer.hikari.HikariConfig - leakDetectionThreshold..........0
17:43:40.277 [Test worker] DEBUG com.zaxxer.hikari.HikariConfig - maxLifetime.....................1800000
17:43:40.277 [Test worker] DEBUG com.zaxxer.hikari.HikariConfig - maximumPoolSize.................10
17:43:40.277 [Test worker] DEBUG com.zaxxer.hikari.HikariConfig - metricRegistry..................null
17:43:40.277 [Test worker] DEBUG com.zaxxer.hikari.HikariConfig - metricsTrackerFactory...........null
17:43:40.277 [Test worker] DEBUG com.zaxxer.hikari.HikariConfig - minimumIdle.....................10
17:43:40.277 [Test worker] DEBUG com.zaxxer.hikari.HikariConfig - password........................<masked>
17:43:40.277 [Test worker] DEBUG com.zaxxer.hikari.HikariConfig - poolName........................"HikariPool-2"
17:43:40.277 [Test worker] DEBUG com.zaxxer.hikari.HikariConfig - readOnly........................false
17:43:40.277 [Test worker] DEBUG com.zaxxer.hikari.HikariConfig - registerMbeans..................false
17:43:40.277 [Test worker] DEBUG com.zaxxer.hikari.HikariConfig - scheduledExecutorService........null
17:43:40.277 [Test worker] DEBUG com.zaxxer.hikari.HikariConfig - threadFactory...................null
17:43:40.277 [Test worker] DEBUG com.zaxxer.hikari.HikariConfig - transactionIsolation............null
17:43:40.277 [Test worker] DEBUG com.zaxxer.hikari.HikariConfig - username........................null
17:43:40.277 [Test worker] DEBUG com.zaxxer.hikari.HikariConfig - validationTimeout...............5000
17:43:40.277 [Test worker] INFO com.zaxxer.hikari.HikariDataSource - HikariPool-2 - Started.
17:43:40.288 [HikariPool-2 connection adder] DEBUG com.zaxxer.hikari.pool.HikariPool - HikariPool-2 - Added connection conn12: url=jdbc:h2:mem:node_1_net_312362915497919618_persistence user=SA
17:43:40.319 [Test worker] DEBUG liquibase - Connected to SA@jdbc:h2:mem:node_1_net_312362915497919618_persistence
17:43:40.319 [Test worker] DEBUG liquibase - Setting auto commit to false from true
17:43:40.325 [Test worker] DEBUG liquibase - Opening jar:file:/C:/Users/user/.gradle/caches/modules-2/files-2.1/net.corda/corda-node/4.1/45583a2ad1dc5cdd2b90b4ff6d3bfe980bbba0cc/corda-node-4.1.jar!/migration/common.changelog-master.xml as migration/common.changelog-master.xml
17:43:40.327 [Test worker] DEBUG liquibase - Resolving XML entity name='null', publicId='null', baseURI='null', systemId='http://www.liquibase.org/xml/ns/dbchangelog/dbchangelog-3.5.xsd'
17:43:40.327 [Test worker] DEBUG LiquibaseSchemaResolver - Found namespace details class liquibase.parser.core.xml.StandardNamespaceDetails for http://www.liquibase.org/xml/ns/dbchangelog/dbchangelog-3.5.xsd
17:43:40.327 [Test worker] DEBUG LiquibaseSchemaResolver - Local path for http://www.liquibase.org/xml/ns/dbchangelog/dbchangelog-3.5.xsd is liquibase/parser/core/xml/dbchangelog-3.5.xsd
17:43:40.328 [Test worker] DEBUG liquibase - Opening jar:file:/C:/Users/user/.gradle/caches/modules-2/files-2.1/org.liquibase/liquibase-core/3.5.5/c65051f327382018bd09c30380f25eac96f210da/liquibase-core-3.5.5.jar!/liquibase/parser/core/xml/dbchangelog-3.5.xsd as liquibase/parser/core/xml/dbchangelog-3.5.xsd
17:43:40.328 [Test worker] DEBUG LiquibaseSchemaResolver - Successfully loaded XSD from liquibase/parser/core/xml/dbchangelog-3.5.xsd
17:43:40.339 [Test worker] DEBUG liquibase - Opening jar:file:/C:/Users/user/.gradle/caches/modules-2/files-2.1/net.corda/corda-node/4.1/45583a2ad1dc5cdd2b90b4ff6d3bfe980bbba0cc/corda-node-4.1.jar!/migration/common.changelog-init.xml as migration/common.changelog-init.xml
17:43:40.342 [Test worker] DEBUG liquibase - Resolving XML entity name='null', publicId='null', baseURI='null', systemId='http://www.liquibase.org/xml/ns/dbchangelog/dbchangelog-3.5.xsd'
17:43:40.343 [Test worker] DEBUG LiquibaseSchemaResolver - Found namespace details class liquibase.parser.core.xml.StandardNamespaceDetails for http://www.liquibase.org/xml/ns/dbchangelog/dbchangelog-3.5.xsd
17:43:40.343 [Test worker] DEBUG LiquibaseSchemaResolver - Local path for http://www.liquibase.org/xml/ns/dbchangelog/dbchangelog-3.5.xsd is liquibase/parser/core/xml/dbchangelog-3.5.xsd
17:43:40.343 [Test worker] DEBUG liquibase - Opening jar:file:/C:/Users/user/.gradle/caches/modules-2/files-2.1/org.liquibase/liquibase-core/3.5.5/c65051f327382018bd09c30380f25eac96f210da/liquibase-core-3.5.5.jar!/liquibase/parser/core/xml/dbchangelog-3.5.xsd as liquibase/parser/core/xml/dbchangelog-3.5.xsd
17:43:40.344 [Test worker] DEBUG LiquibaseSchemaResolver - Successfully loaded XSD from liquibase/parser/core/xml/dbchangelog-3.5.xsd
17:43:40.350 [Test worker] DEBUG liquibase - Opening jar:file:/C:/Users/user/.gradle/caches/modules-2/files-2.1/net.corda/corda-node/4.1/45583a2ad1dc5cdd2b90b4ff6d3bfe980bbba0cc/corda-node-4.1.jar!/migration/vault-schema.changelog-master.xml as migration/vault-schema.changelog-master.xml
17:43:40.350 [Test worker] DEBUG liquibase - Resolving XML entity name='null', publicId='null', baseURI='null', systemId='http://www.liquibase.org/xml/ns/dbchangelog/dbchangelog-3.5.xsd'
17:43:40.350 [Test worker] DEBUG LiquibaseSchemaResolver - Found namespace details class liquibase.parser.core.xml.StandardNamespaceDetails for http://www.liquibase.org/xml/ns/dbchangelog/dbchangelog-3.5.xsd
17:43:40.350 [Test worker] DEBUG LiquibaseSchemaResolver - Local path for http://www.liquibase.org/xml/ns/dbchangelog/dbchangelog-3.5.xsd is liquibase/parser/core/xml/dbchangelog-3.5.xsd
17:43:40.350 [Test worker] DEBUG liquibase - Opening jar:file:/C:/Users/user/.gradle/caches/modules-2/files-2.1/org.liquibase/liquibase-core/3.5.5/c65051f327382018bd09c30380f25eac96f210da/liquibase-core-3.5.5.jar!/liquibase/parser/core/xml/dbchangelog-3.5.xsd as liquibase/parser/core/xml/dbchangelog-3.5.xsd
17:43:40.350 [Test worker] DEBUG LiquibaseSchemaResolver - Successfully loaded XSD from liquibase/parser/core/xml/dbchangelog-3.5.xsd
17:43:40.365 [Test worker] DEBUG liquibase - Opening jar:file:/C:/Users/user/.gradle/caches/modules-2/files-2.1/net.corda/corda-node/4.1/45583a2ad1dc5cdd2b90b4ff6d3bfe980bbba0cc/corda-node-4.1.jar!/migration/vault-schema.changelog-init.xml as migration/vault-schema.changelog-init.xml
17:43:40.374 [Test worker] DEBUG liquibase - Resolving XML entity name='null', publicId='null', baseURI='null', systemId='http://www.liquibase.org/xml/ns/dbchangelog/dbchangelog-3.5.xsd'
17:43:40.374 [Test worker] DEBUG LiquibaseSchemaResolver - Found namespace details class liquibase.parser.core.xml.StandardNamespaceDetails for http://www.liquibase.org/xml/ns/dbchangelog/dbchangelog-3.5.xsd
17:43:40.374 [Test worker] DEBUG LiquibaseSchemaResolver - Local path for http://www.liquibase.org/xml/ns/dbchangelog/dbchangelog-3.5.xsd is liquibase/parser/core/xml/dbchangelog-3.5.xsd
17:43:40.374 [Test worker] DEBUG liquibase - Opening jar:file:/C:/Users/user/.gradle/caches/modules-2/files-2.1/org.liquibase/liquibase-core/3.5.5/c65051f327382018bd09c30380f25eac96f210da/liquibase-core-3.5.5.jar!/liquibase/parser/core/xml/dbchangelog-3.5.xsd as liquibase/parser/core/xml/dbchangelog-3.5.xsd
17:43:40.375 [Test worker] DEBUG LiquibaseSchemaResolver - Successfully loaded XSD from liquibase/parser/core/xml/dbchangelog-3.5.xsd
17:43:40.380 [HikariPool-2 housekeeper] DEBUG com.zaxxer.hikari.pool.HikariPool - HikariPool-2 - Pool stats (total=1, active=1, idle=0, waiting=0)
17:43:40.381 [HikariPool-2 connection adder] DEBUG com.zaxxer.hikari.pool.HikariPool - HikariPool-2 - Added connection conn13: url=jdbc:h2:mem:node_1_net_312362915497919618_persistence user=SA
17:43:40.382 [HikariPool-2 connection adder] DEBUG com.zaxxer.hikari.pool.HikariPool - HikariPool-2 - Added connection conn14: url=jdbc:h2:mem:node_1_net_312362915497919618_persistence user=SA
17:43:40.382 [HikariPool-2 connection adder] DEBUG com.zaxxer.hikari.pool.HikariPool - HikariPool-2 - Added connection conn15: url=jdbc:h2:mem:node_1_net_312362915497919618_persistence user=SA
17:43:40.382 [HikariPool-2 connection adder] DEBUG com.zaxxer.hikari.pool.HikariPool - HikariPool-2 - Added connection conn16: url=jdbc:h2:mem:node_1_net_312362915497919618_persistence user=SA
17:43:40.383 [HikariPool-2 connection adder] DEBUG com.zaxxer.hikari.pool.HikariPool - HikariPool-2 - Added connection conn17: url=jdbc:h2:mem:node_1_net_312362915497919618_persistence user=SA
17:43:40.384 [HikariPool-2 connection adder] DEBUG com.zaxxer.hikari.pool.HikariPool - HikariPool-2 - Added connection conn18: url=jdbc:h2:mem:node_1_net_312362915497919618_persistence user=SA
17:43:40.384 [HikariPool-2 connection adder] DEBUG com.zaxxer.hikari.pool.HikariPool - HikariPool-2 - Added connection conn19: url=jdbc:h2:mem:node_1_net_312362915497919618_persistence user=SA
17:43:40.384 [HikariPool-2 connection adder] DEBUG com.zaxxer.hikari.pool.HikariPool - HikariPool-2 - Added connection conn20: url=jdbc:h2:mem:node_1_net_312362915497919618_persistence user=SA
17:43:40.385 [HikariPool-2 connection adder] DEBUG com.zaxxer.hikari.pool.HikariPool - HikariPool-2 - Added connection conn21: url=jdbc:h2:mem:node_1_net_312362915497919618_persistence user=SA
17:43:40.385 [HikariPool-2 connection adder] DEBUG com.zaxxer.hikari.pool.HikariPool - HikariPool-2 - After adding stats (total=10, active=1, idle=9, waiting=0)
17:43:40.406 [Test worker] DEBUG liquibase - Opening jar:file:/C:/Users/user/.gradle/caches/modules-2/files-2.1/net.corda/corda-node/4.1/45583a2ad1dc5cdd2b90b4ff6d3bfe980bbba0cc/corda-node-4.1.jar!/migration/vault-schema.changelog-v3.xml as migration/vault-schema.changelog-v3.xml
17:43:40.410 [Test worker] DEBUG liquibase - Resolving XML entity name='null', publicId='null', baseURI='null', systemId='http://www.liquibase.org/xml/ns/dbchangelog/dbchangelog-3.5.xsd'
17:43:40.411 [Test worker] DEBUG LiquibaseSchemaResolver - Found namespace details class liquibase.parser.core.xml.StandardNamespaceDetails for http://www.liquibase.org/xml/ns/dbchangelog/dbchangelog-3.5.xsd
17:43:40.412 [Test worker] DEBUG LiquibaseSchemaResolver - Local path for http://www.liquibase.org/xml/ns/dbchangelog/dbchangelog-3.5.xsd is liquibase/parser/core/xml/dbchangelog-3.5.xsd
17:43:40.412 [Test worker] DEBUG liquibase - Opening jar:file:/C:/Users/user/.gradle/caches/modules-2/files-2.1/org.liquibase/liquibase-core/3.5.5/c65051f327382018bd09c30380f25eac96f210da/liquibase-core-3.5.5.jar!/liquibase/parser/core/xml/dbchangelog-3.5.xsd as liquibase/parser/core/xml/dbchangelog-3.5.xsd
17:43:40.413 [Test worker] DEBUG LiquibaseSchemaResolver - Successfully loaded XSD from liquibase/parser/core/xml/dbchangelog-3.5.xsd
17:43:40.427 [Test worker] DEBUG liquibase - Opening jar:file:/C:/Users/user/.gradle/caches/modules-2/files-2.1/net.corda/corda-node/4.1/45583a2ad1dc5cdd2b90b4ff6d3bfe980bbba0cc/corda-node-4.1.jar!/migration/vault-schema.changelog-v4.xml as migration/vault-schema.changelog-v4.xml
17:43:40.434 [Test worker] DEBUG liquibase - Resolving XML entity name='null', publicId='null', baseURI='null', systemId='http://www.liquibase.org/xml/ns/dbchangelog/dbchangelog-3.5.xsd'
17:43:40.435 [Test worker] DEBUG LiquibaseSchemaResolver - Found namespace details class liquibase.parser.core.xml.StandardNamespaceDetails for http://www.liquibase.org/xml/ns/dbchangelog/dbchangelog-3.5.xsd
17:43:40.435 [Test worker] DEBUG LiquibaseSchemaResolver - Local path for http://www.liquibase.org/xml/ns/dbchangelog/dbchangelog-3.5.xsd is liquibase/parser/core/xml/dbchangelog-3.5.xsd
17:43:40.436 [Test worker] DEBUG liquibase - Opening jar:file:/C:/Users/user/.gradle/caches/modules-2/files-2.1/org.liquibase/liquibase-core/3.5.5/c65051f327382018bd09c30380f25eac96f210da/liquibase-core-3.5.5.jar!/liquibase/parser/core/xml/dbchangelog-3.5.xsd as liquibase/parser/core/xml/dbchangelog-3.5.xsd
17:43:40.437 [Test worker] DEBUG LiquibaseSchemaResolver - Successfully loaded XSD from liquibase/parser/core/xml/dbchangelog-3.5.xsd
17:43:40.452 [Test worker] DEBUG liquibase - Opening jar:file:/C:/Users/user/.gradle/caches/modules-2/files-2.1/net.corda/corda-node/4.1/45583a2ad1dc5cdd2b90b4ff6d3bfe980bbba0cc/corda-node-4.1.jar!/migration/vault-schema.changelog-pkey.xml as migration/vault-schema.changelog-pkey.xml
17:43:40.458 [Test worker] DEBUG liquibase - Resolving XML entity name='null', publicId='null', baseURI='null', systemId='http://www.liquibase.org/xml/ns/dbchangelog/dbchangelog-3.5.xsd'
17:43:40.459 [Test worker] DEBUG LiquibaseSchemaResolver - Found namespace details class liquibase.parser.core.xml.StandardNamespaceDetails for http://www.liquibase.org/xml/ns/dbchangelog/dbchangelog-3.5.xsd
17:43:40.459 [Test worker] DEBUG LiquibaseSchemaResolver - Local path for http://www.liquibase.org/xml/ns/dbchangelog/dbchangelog-3.5.xsd is liquibase/parser/core/xml/dbchangelog-3.5.xsd
17:43:40.460 [Test worker] DEBUG liquibase - Opening jar:file:/C:/Users/user/.gradle/caches/modules-2/files-2.1/org.liquibase/liquibase-core/3.5.5/c65051f327382018bd09c30380f25eac96f210da/liquibase-core-3.5.5.jar!/liquibase/parser/core/xml/dbchangelog-3.5.xsd as liquibase/parser/core/xml/dbchangelog-3.5.xsd
17:43:40.460 [Test worker] DEBUG LiquibaseSchemaResolver - Successfully loaded XSD from liquibase/parser/core/xml/dbchangelog-3.5.xsd
17:43:40.464 [Test worker] DEBUG liquibase - Opening jar:file:/C:/Users/user/.gradle/caches/modules-2/files-2.1/net.corda/corda-node/4.1/45583a2ad1dc5cdd2b90b4ff6d3bfe980bbba0cc/corda-node-4.1.jar!/migration/vault-schema.changelog-v5.xml as migration/vault-schema.changelog-v5.xml
17:43:40.480 [Test worker] DEBUG liquibase - Resolving XML entity name='null', publicId='null', baseURI='null', systemId='http://www.liquibase.org/xml/ns/dbchangelog/dbchangelog-3.5.xsd'
17:43:40.480 [Test worker] DEBUG LiquibaseSchemaResolver - Found namespace details class liquibase.parser.core.xml.StandardNamespaceDetails for http://www.liquibase.org/xml/ns/dbchangelog/dbchangelog-3.5.xsd
17:43:40.480 [Test worker] DEBUG LiquibaseSchemaResolver - Local path for http://www.liquibase.org/xml/ns/dbchangelog/dbchangelog-3.5.xsd is liquibase/parser/core/xml/dbchangelog-3.5.xsd
17:43:40.480 [Test worker] DEBUG liquibase - Opening jar:file:/C:/Users/user/.gradle/caches/modules-2/files-2.1/org.liquibase/liquibase-core/3.5.5/c65051f327382018bd09c30380f25eac96f210da/liquibase-core-3.5.5.jar!/liquibase/parser/core/xml/dbchangelog-3.5.xsd as liquibase/parser/core/xml/dbchangelog-3.5.xsd
17:43:40.480 [Test worker] DEBUG LiquibaseSchemaResolver - Successfully loaded XSD from liquibase/parser/core/xml/dbchangelog-3.5.xsd
17:43:40.495 [Test worker] DEBUG liquibase - Opening jar:file:/C:/Users/user/.gradle/caches/modules-2/files-2.1/net.corda/corda-node/4.1/45583a2ad1dc5cdd2b90b4ff6d3bfe980bbba0cc/corda-node-4.1.jar!/migration/vault-schema.changelog-v6.xml as migration/vault-schema.changelog-v6.xml
17:43:40.495 [Test worker] DEBUG liquibase - Resolving XML entity name='null', publicId='null', baseURI='null', systemId='http://www.liquibase.org/xml/ns/dbchangelog/dbchangelog-3.5.xsd'
17:43:40.495 [Test worker] DEBUG LiquibaseSchemaResolver - Found namespace details class liquibase.parser.core.xml.StandardNamespaceDetails for http://www.liquibase.org/xml/ns/dbchangelog/dbchangelog-3.5.xsd
17:43:40.495 [Test worker] DEBUG LiquibaseSchemaResolver - Local path for http://www.liquibase.org/xml/ns/dbchangelog/dbchangelog-3.5.xsd is liquibase/parser/core/xml/dbchangelog-3.5.xsd
17:43:40.495 [Test worker] DEBUG liquibase - Opening jar:file:/C:/Users/user/.gradle/caches/modules-2/files-2.1/org.liquibase/liquibase-core/3.5.5/c65051f327382018bd09c30380f25eac96f210da/liquibase-core-3.5.5.jar!/liquibase/parser/core/xml/dbchangelog-3.5.xsd as liquibase/parser/core/xml/dbchangelog-3.5.xsd
17:43:40.495 [Test worker] DEBUG LiquibaseSchemaResolver - Successfully loaded XSD from liquibase/parser/core/xml/dbchangelog-3.5.xsd
17:43:40.511 [Test worker] DEBUG liquibase - Opening jar:file:/C:/Users/user/.gradle/caches/modules-2/files-2.1/net.corda/corda-node/4.1/45583a2ad1dc5cdd2b90b4ff6d3bfe980bbba0cc/corda-node-4.1.jar!/migration/vault-schema.changelog-v7.xml as migration/vault-schema.changelog-v7.xml
17:43:40.511 [Test worker] DEBUG liquibase - Resolving XML entity name='null', publicId='null', baseURI='null', systemId='http://www.liquibase.org/xml/ns/dbchangelog/dbchangelog-3.5.xsd'
17:43:40.511 [Test worker] DEBUG LiquibaseSchemaResolver - Found namespace details class liquibase.parser.core.xml.StandardNamespaceDetails for http://www.liquibase.org/xml/ns/dbchangelog/dbchangelog-3.5.xsd
17:43:40.511 [Test worker] DEBUG LiquibaseSchemaResolver - Local path for http://www.liquibase.org/xml/ns/dbchangelog/dbchangelog-3.5.xsd is liquibase/parser/core/xml/dbchangelog-3.5.xsd
17:43:40.511 [Test worker] DEBUG liquibase - Opening jar:file:/C:/Users/user/.gradle/caches/modules-2/files-2.1/org.liquibase/liquibase-core/3.5.5/c65051f327382018bd09c30380f25eac96f210da/liquibase-core-3.5.5.jar!/liquibase/parser/core/xml/dbchangelog-3.5.xsd as liquibase/parser/core/xml/dbchangelog-3.5.xsd
17:43:40.511 [Test worker] DEBUG LiquibaseSchemaResolver - Successfully loaded XSD from liquibase/parser/core/xml/dbchangelog-3.5.xsd
17:43:40.540 [Test worker] DEBUG liquibase - Opening jar:file:/C:/Users/user/.gradle/caches/modules-2/files-2.1/net.corda/corda-node/4.1/45583a2ad1dc5cdd2b90b4ff6d3bfe980bbba0cc/corda-node-4.1.jar!/migration/vault-schema.changelog-v8.xml as migration/vault-schema.changelog-v8.xml
17:43:40.545 [Test worker] DEBUG liquibase - Resolving XML entity name='null', publicId='null', baseURI='null', systemId='http://www.liquibase.org/xml/ns/dbchangelog/dbchangelog-3.5.xsd'
17:43:40.546 [Test worker] DEBUG LiquibaseSchemaResolver - Found namespace details class liquibase.parser.core.xml.StandardNamespaceDetails for http://www.liquibase.org/xml/ns/dbchangelog/dbchangelog-3.5.xsd
17:43:40.546 [Test worker] DEBUG LiquibaseSchemaResolver - Local path for http://www.liquibase.org/xml/ns/dbchangelog/dbchangelog-3.5.xsd is liquibase/parser/core/xml/dbchangelog-3.5.xsd
17:43:40.547 [Test worker] DEBUG liquibase - Opening jar:file:/C:/Users/user/.gradle/caches/modules-2/files-2.1/org.liquibase/liquibase-core/3.5.5/c65051f327382018bd09c30380f25eac96f210da/liquibase-core-3.5.5.jar!/liquibase/parser/core/xml/dbchangelog-3.5.xsd as liquibase/parser/core/xml/dbchangelog-3.5.xsd
17:43:40.547 [Test worker] DEBUG LiquibaseSchemaResolver - Successfully loaded XSD from liquibase/parser/core/xml/dbchangelog-3.5.xsd
17:43:40.562 [Test worker] DEBUG liquibase - Opening jar:file:/C:/Users/user/.gradle/caches/modules-2/files-2.1/net.corda/corda-node/4.1/45583a2ad1dc5cdd2b90b4ff6d3bfe980bbba0cc/corda-node-4.1.jar!/migration/node-info.changelog-master.xml as migration/node-info.changelog-master.xml
17:43:40.564 [Test worker] DEBUG liquibase - Resolving XML entity name='null', publicId='null', baseURI='null', systemId='http://www.liquibase.org/xml/ns/dbchangelog/dbchangelog-3.5.xsd'
17:43:40.564 [Test worker] DEBUG LiquibaseSchemaResolver - Found namespace details class liquibase.parser.core.xml.StandardNamespaceDetails for http://www.liquibase.org/xml/ns/dbchangelog/dbchangelog-3.5.xsd
17:43:40.564 [Test worker] DEBUG LiquibaseSchemaResolver - Local path for http://www.liquibase.org/xml/ns/dbchangelog/dbchangelog-3.5.xsd is liquibase/parser/core/xml/dbchangelog-3.5.xsd
17:43:40.565 [Test worker] DEBUG liquibase - Opening jar:file:/C:/Users/user/.gradle/caches/modules-2/files-2.1/org.liquibase/liquibase-core/3.5.5/c65051f327382018bd09c30380f25eac96f210da/liquibase-core-3.5.5.jar!/liquibase/parser/core/xml/dbchangelog-3.5.xsd as liquibase/parser/core/xml/dbchangelog-3.5.xsd
17:43:40.565 [Test worker] DEBUG LiquibaseSchemaResolver - Successfully loaded XSD from liquibase/parser/core/xml/dbchangelog-3.5.xsd
17:43:40.577 [Test worker] DEBUG liquibase - Opening jar:file:/C:/Users/user/.gradle/caches/modules-2/files-2.1/net.corda/corda-node/4.1/45583a2ad1dc5cdd2b90b4ff6d3bfe980bbba0cc/corda-node-4.1.jar!/migration/node-info.changelog-init.xml as migration/node-info.changelog-init.xml
17:43:40.580 [Test worker] DEBUG liquibase - Resolving XML entity name='null', publicId='null', baseURI='null', systemId='http://www.liquibase.org/xml/ns/dbchangelog/dbchangelog-3.5.xsd'
17:43:40.580 [Test worker] DEBUG LiquibaseSchemaResolver - Found namespace details class liquibase.parser.core.xml.StandardNamespaceDetails for http://www.liquibase.org/xml/ns/dbchangelog/dbchangelog-3.5.xsd
17:43:40.581 [Test worker] DEBUG LiquibaseSchemaResolver - Local path for http://www.liquibase.org/xml/ns/dbchangelog/dbchangelog-3.5.xsd is liquibase/parser/core/xml/dbchangelog-3.5.xsd
17:43:40.582 [Test worker] DEBUG liquibase - Opening jar:file:/C:/Users/user/.gradle/caches/modules-2/files-2.1/org.liquibase/liquibase-core/3.5.5/c65051f327382018bd09c30380f25eac96f210da/liquibase-core-3.5.5.jar!/liquibase/parser/core/xml/dbchangelog-3.5.xsd as liquibase/parser/core/xml/dbchangelog-3.5.xsd
17:43:40.582 [Test worker] DEBUG LiquibaseSchemaResolver - Successfully loaded XSD from liquibase/parser/core/xml/dbchangelog-3.5.xsd
17:43:40.611 [Test worker] DEBUG liquibase - Opening jar:file:/C:/Users/user/.gradle/caches/modules-2/files-2.1/net.corda/corda-node/4.1/45583a2ad1dc5cdd2b90b4ff6d3bfe980bbba0cc/corda-node-4.1.jar!/migration/node-info.changelog-v1.xml as migration/node-info.changelog-v1.xml
17:43:40.614 [Test worker] DEBUG liquibase - Resolving XML entity name='null', publicId='null', baseURI='null', systemId='http://www.liquibase.org/xml/ns/dbchangelog/dbchangelog-3.5.xsd'
17:43:40.615 [Test worker] DEBUG LiquibaseSchemaResolver - Found namespace details class liquibase.parser.core.xml.StandardNamespaceDetails for http://www.liquibase.org/xml/ns/dbchangelog/dbchangelog-3.5.xsd
17:43:40.615 [Test worker] DEBUG LiquibaseSchemaResolver - Local path for http://www.liquibase.org/xml/ns/dbchangelog/dbchangelog-3.5.xsd is liquibase/parser/core/xml/dbchangelog-3.5.xsd
17:43:40.616 [Test worker] DEBUG liquibase - Opening jar:file:/C:/Users/user/.gradle/caches/modules-2/files-2.1/org.liquibase/liquibase-core/3.5.5/c65051f327382018bd09c30380f25eac96f210da/liquibase-core-3.5.5.jar!/liquibase/parser/core/xml/dbchangelog-3.5.xsd as liquibase/parser/core/xml/dbchangelog-3.5.xsd
17:43:40.618 [Test worker] DEBUG LiquibaseSchemaResolver - Successfully loaded XSD from liquibase/parser/core/xml/dbchangelog-3.5.xsd
17:43:40.635 [Test worker] DEBUG liquibase - Opening jar:file:/C:/Users/user/.gradle/caches/modules-2/files-2.1/net.corda/corda-node/4.1/45583a2ad1dc5cdd2b90b4ff6d3bfe980bbba0cc/corda-node-4.1.jar!/migration/node-info.changelog-v2.xml as migration/node-info.changelog-v2.xml
17:43:40.639 [Test worker] DEBUG liquibase - Resolving XML entity name='null', publicId='null', baseURI='null', systemId='http://www.liquibase.org/xml/ns/dbchangelog/dbchangelog-3.5.xsd'
17:43:40.639 [Test worker] DEBUG LiquibaseSchemaResolver - Found namespace details class liquibase.parser.core.xml.StandardNamespaceDetails for http://www.liquibase.org/xml/ns/dbchangelog/dbchangelog-3.5.xsd
17:43:40.639 [Test worker] DEBUG LiquibaseSchemaResolver - Local path for http://www.liquibase.org/xml/ns/dbchangelog/dbchangelog-3.5.xsd is liquibase/parser/core/xml/dbchangelog-3.5.xsd
17:43:40.640 [Test worker] DEBUG liquibase - Opening jar:file:/C:/Users/user/.gradle/caches/modules-2/files-2.1/org.liquibase/liquibase-core/3.5.5/c65051f327382018bd09c30380f25eac96f210da/liquibase-core-3.5.5.jar!/liquibase/parser/core/xml/dbchangelog-3.5.xsd as liquibase/parser/core/xml/dbchangelog-3.5.xsd
17:43:40.642 [Test worker] DEBUG LiquibaseSchemaResolver - Successfully loaded XSD from liquibase/parser/core/xml/dbchangelog-3.5.xsd
17:43:40.663 [Test worker] DEBUG liquibase - Opening jar:file:/C:/Users/user/.gradle/caches/modules-2/files-2.1/net.corda/corda-node/4.1/45583a2ad1dc5cdd2b90b4ff6d3bfe980bbba0cc/corda-node-4.1.jar!/migration/node-info.changelog-v3.xml as migration/node-info.changelog-v3.xml
17:43:40.666 [Test worker] DEBUG liquibase - Resolving XML entity name='null', publicId='null', baseURI='null', systemId='http://www.liquibase.org/xml/ns/dbchangelog/dbchangelog-3.5.xsd'
17:43:40.666 [Test worker] DEBUG LiquibaseSchemaResolver - Found namespace details class liquibase.parser.core.xml.StandardNamespaceDetails for http://www.liquibase.org/xml/ns/dbchangelog/dbchangelog-3.5.xsd
17:43:40.667 [Test worker] DEBUG LiquibaseSchemaResolver - Local path for http://www.liquibase.org/xml/ns/dbchangelog/dbchangelog-3.5.xsd is liquibase/parser/core/xml/dbchangelog-3.5.xsd
17:43:40.668 [Test worker] DEBUG liquibase - Opening jar:file:/C:/Users/user/.gradle/caches/modules-2/files-2.1/org.liquibase/liquibase-core/3.5.5/c65051f327382018bd09c30380f25eac96f210da/liquibase-core-3.5.5.jar!/liquibase/parser/core/xml/dbchangelog-3.5.xsd as liquibase/parser/core/xml/dbchangelog-3.5.xsd
17:43:40.669 [Test worker] DEBUG LiquibaseSchemaResolver - Successfully loaded XSD from liquibase/parser/core/xml/dbchangelog-3.5.xsd
17:43:40.686 [Test worker] DEBUG liquibase - Opening jar:file:/C:/Users/user/.gradle/caches/modules-2/files-2.1/net.corda/corda-node/4.1/45583a2ad1dc5cdd2b90b4ff6d3bfe980bbba0cc/corda-node-4.1.jar!/migration/node-core.changelog-master.xml as migration/node-core.changelog-master.xml
17:43:40.692 [Test worker] DEBUG liquibase - Resolving XML entity name='null', publicId='null', baseURI='null', systemId='http://www.liquibase.org/xml/ns/dbchangelog/dbchangelog-3.5.xsd'
17:43:40.692 [Test worker] DEBUG LiquibaseSchemaResolver - Found namespace details class liquibase.parser.core.xml.StandardNamespaceDetails for http://www.liquibase.org/xml/ns/dbchangelog/dbchangelog-3.5.xsd
17:43:40.693 [Test worker] DEBUG LiquibaseSchemaResolver - Local path for http://www.liquibase.org/xml/ns/dbchangelog/dbchangelog-3.5.xsd is liquibase/parser/core/xml/dbchangelog-3.5.xsd
17:43:40.694 [Test worker] DEBUG liquibase - Opening jar:file:/C:/Users/user/.gradle/caches/modules-2/files-2.1/org.liquibase/liquibase-core/3.5.5/c65051f327382018bd09c30380f25eac96f210da/liquibase-core-3.5.5.jar!/liquibase/parser/core/xml/dbchangelog-3.5.xsd as liquibase/parser/core/xml/dbchangelog-3.5.xsd
17:43:40.695 [Test worker] DEBUG LiquibaseSchemaResolver - Successfully loaded XSD from liquibase/parser/core/xml/dbchangelog-3.5.xsd
17:43:40.708 [Test worker] DEBUG liquibase - Opening jar:file:/C:/Users/user/.gradle/caches/modules-2/files-2.1/net.corda/corda-node/4.1/45583a2ad1dc5cdd2b90b4ff6d3bfe980bbba0cc/corda-node-4.1.jar!/migration/node-core.changelog-init.xml as migration/node-core.changelog-init.xml
17:43:40.710 [Test worker] DEBUG liquibase - Resolving XML entity name='null', publicId='null', baseURI='null', systemId='http://www.liquibase.org/xml/ns/dbchangelog/dbchangelog-3.5.xsd'
17:43:40.710 [Test worker] DEBUG LiquibaseSchemaResolver - Found namespace details class liquibase.parser.core.xml.StandardNamespaceDetails for http://www.liquibase.org/xml/ns/dbchangelog/dbchangelog-3.5.xsd
17:43:40.710 [Test worker] DEBUG LiquibaseSchemaResolver - Local path for http://www.liquibase.org/xml/ns/dbchangelog/dbchangelog-3.5.xsd is liquibase/parser/core/xml/dbchangelog-3.5.xsd
17:43:40.711 [Test worker] DEBUG liquibase - Opening jar:file:/C:/Users/user/.gradle/caches/modules-2/files-2.1/org.liquibase/liquibase-core/3.5.5/c65051f327382018bd09c30380f25eac96f210da/liquibase-core-3.5.5.jar!/liquibase/parser/core/xml/dbchangelog-3.5.xsd as liquibase/parser/core/xml/dbchangelog-3.5.xsd
17:43:40.712 [Test worker] DEBUG LiquibaseSchemaResolver - Successfully loaded XSD from liquibase/parser/core/xml/dbchangelog-3.5.xsd
17:43:40.729 [Test worker] DEBUG liquibase - Opening jar:file:/C:/Users/user/.gradle/caches/modules-2/files-2.1/net.corda/corda-node/4.1/45583a2ad1dc5cdd2b90b4ff6d3bfe980bbba0cc/corda-node-4.1.jar!/migration/node-core.changelog-v3.xml as migration/node-core.changelog-v3.xml
17:43:40.732 [Test worker] DEBUG liquibase - Resolving XML entity name='null', publicId='null', baseURI='null', systemId='http://www.liquibase.org/xml/ns/dbchangelog/dbchangelog-3.5.xsd'
17:43:40.733 [Test worker] DEBUG LiquibaseSchemaResolver - Found namespace details class liquibase.parser.core.xml.StandardNamespaceDetails for http://www.liquibase.org/xml/ns/dbchangelog/dbchangelog-3.5.xsd
17:43:40.733 [Test worker] DEBUG LiquibaseSchemaResolver - Local path for http://www.liquibase.org/xml/ns/dbchangelog/dbchangelog-3.5.xsd is liquibase/parser/core/xml/dbchangelog-3.5.xsd
17:43:40.734 [Test worker] DEBUG liquibase - Opening jar:file:/C:/Users/user/.gradle/caches/modules-2/files-2.1/org.liquibase/liquibase-core/3.5.5/c65051f327382018bd09c30380f25eac96f210da/liquibase-core-3.5.5.jar!/liquibase/parser/core/xml/dbchangelog-3.5.xsd as liquibase/parser/core/xml/dbchangelog-3.5.xsd
17:43:40.736 [Test worker] DEBUG LiquibaseSchemaResolver - Successfully loaded XSD from liquibase/parser/core/xml/dbchangelog-3.5.xsd
17:43:40.746 [Test worker] DEBUG liquibase - Opening jar:file:/C:/Users/user/.gradle/caches/modules-2/files-2.1/net.corda/corda-node/4.1/45583a2ad1dc5cdd2b90b4ff6d3bfe980bbba0cc/corda-node-4.1.jar!/migration/node-core.changelog-v4.xml as migration/node-core.changelog-v4.xml
17:43:40.748 [Test worker] DEBUG liquibase - Resolving XML entity name='null', publicId='null', baseURI='null', systemId='http://www.liquibase.org/xml/ns/dbchangelog/dbchangelog-3.5.xsd'
17:43:40.748 [Test worker] DEBUG LiquibaseSchemaResolver - Found namespace details class liquibase.parser.core.xml.StandardNamespaceDetails for http://www.liquibase.org/xml/ns/dbchangelog/dbchangelog-3.5.xsd
17:43:40.748 [Test worker] DEBUG LiquibaseSchemaResolver - Local path for http://www.liquibase.org/xml/ns/dbchangelog/dbchangelog-3.5.xsd is liquibase/parser/core/xml/dbchangelog-3.5.xsd
17:43:40.749 [Test worker] DEBUG liquibase - Opening jar:file:/C:/Users/user/.gradle/caches/modules-2/files-2.1/org.liquibase/liquibase-core/3.5.5/c65051f327382018bd09c30380f25eac96f210da/liquibase-core-3.5.5.jar!/liquibase/parser/core/xml/dbchangelog-3.5.xsd as liquibase/parser/core/xml/dbchangelog-3.5.xsd
17:43:40.749 [Test worker] DEBUG LiquibaseSchemaResolver - Successfully loaded XSD from liquibase/parser/core/xml/dbchangelog-3.5.xsd
17:43:40.761 [Test worker] DEBUG liquibase - Opening jar:file:/C:/Users/user/.gradle/caches/modules-2/files-2.1/net.corda/corda-node/4.1/45583a2ad1dc5cdd2b90b4ff6d3bfe980bbba0cc/corda-node-4.1.jar!/migration/node-core.changelog-v5.xml as migration/node-core.changelog-v5.xml
17:43:40.764 [Test worker] DEBUG liquibase - Resolving XML entity name='null', publicId='null', baseURI='null', systemId='http://www.liquibase.org/xml/ns/dbchangelog/dbchangelog-3.5.xsd'
17:43:40.764 [Test worker] DEBUG LiquibaseSchemaResolver - Found namespace details class liquibase.parser.core.xml.StandardNamespaceDetails for http://www.liquibase.org/xml/ns/dbchangelog/dbchangelog-3.5.xsd
17:43:40.764 [Test worker] DEBUG LiquibaseSchemaResolver - Local path for http://www.liquibase.org/xml/ns/dbchangelog/dbchangelog-3.5.xsd is liquibase/parser/core/xml/dbchangelog-3.5.xsd
17:43:40.765 [Test worker] DEBUG liquibase - Opening jar:file:/C:/Users/user/.gradle/caches/modules-2/files-2.1/org.liquibase/liquibase-core/3.5.5/c65051f327382018bd09c30380f25eac96f210da/liquibase-core-3.5.5.jar!/liquibase/parser/core/xml/dbchangelog-3.5.xsd as liquibase/parser/core/xml/dbchangelog-3.5.xsd
17:43:40.765 [Test worker] DEBUG LiquibaseSchemaResolver - Successfully loaded XSD from liquibase/parser/core/xml/dbchangelog-3.5.xsd
17:43:40.768 [Test worker] DEBUG liquibase - Opening jar:file:/C:/Users/user/.gradle/caches/modules-2/files-2.1/net.corda/corda-node/4.1/45583a2ad1dc5cdd2b90b4ff6d3bfe980bbba0cc/corda-node-4.1.jar!/migration/node-core.changelog-pkey.xml as migration/node-core.changelog-pkey.xml
17:43:40.768 [Test worker] DEBUG liquibase - Resolving XML entity name='null', publicId='null', baseURI='null', systemId='http://www.liquibase.org/xml/ns/dbchangelog/dbchangelog-3.5.xsd'
17:43:40.768 [Test worker] DEBUG LiquibaseSchemaResolver - Found namespace details class liquibase.parser.core.xml.StandardNamespaceDetails for http://www.liquibase.org/xml/ns/dbchangelog/dbchangelog-3.5.xsd
17:43:40.768 [Test worker] DEBUG LiquibaseSchemaResolver - Local path for http://www.liquibase.org/xml/ns/dbchangelog/dbchangelog-3.5.xsd is liquibase/parser/core/xml/dbchangelog-3.5.xsd
17:43:40.768 [Test worker] DEBUG liquibase - Opening jar:file:/C:/Users/user/.gradle/caches/modules-2/files-2.1/org.liquibase/liquibase-core/3.5.5/c65051f327382018bd09c30380f25eac96f210da/liquibase-core-3.5.5.jar!/liquibase/parser/core/xml/dbchangelog-3.5.xsd as liquibase/parser/core/xml/dbchangelog-3.5.xsd
17:43:40.768 [Test worker] DEBUG LiquibaseSchemaResolver - Successfully loaded XSD from liquibase/parser/core/xml/dbchangelog-3.5.xsd
17:43:40.797 [Test worker] DEBUG liquibase - Opening jar:file:/C:/Users/user/.gradle/caches/modules-2/files-2.1/net.corda/corda-node/4.1/45583a2ad1dc5cdd2b90b4ff6d3bfe980bbba0cc/corda-node-4.1.jar!/migration/node-core.changelog-postgres-blob.xml as migration/node-core.changelog-postgres-blob.xml
17:43:40.817 [Test worker] DEBUG liquibase - Resolving XML entity name='null', publicId='null', baseURI='null', systemId='http://www.liquibase.org/xml/ns/dbchangelog/dbchangelog-3.5.xsd'
17:43:40.818 [Test worker] DEBUG LiquibaseSchemaResolver - Found namespace details class liquibase.parser.core.xml.StandardNamespaceDetails for http://www.liquibase.org/xml/ns/dbchangelog/dbchangelog-3.5.xsd
17:43:40.818 [Test worker] DEBUG LiquibaseSchemaResolver - Local path for http://www.liquibase.org/xml/ns/dbchangelog/dbchangelog-3.5.xsd is liquibase/parser/core/xml/dbchangelog-3.5.xsd
17:43:40.818 [Test worker] DEBUG liquibase - Opening jar:file:/C:/Users/user/.gradle/caches/modules-2/files-2.1/org.liquibase/liquibase-core/3.5.5/c65051f327382018bd09c30380f25eac96f210da/liquibase-core-3.5.5.jar!/liquibase/parser/core/xml/dbchangelog-3.5.xsd as liquibase/parser/core/xml/dbchangelog-3.5.xsd
17:43:40.819 [Test worker] DEBUG LiquibaseSchemaResolver - Successfully loaded XSD from liquibase/parser/core/xml/dbchangelog-3.5.xsd
17:43:40.832 [Test worker] DEBUG liquibase - Opening jar:file:/C:/Users/user/.gradle/caches/modules-2/files-2.1/net.corda/corda-node/4.1/45583a2ad1dc5cdd2b90b4ff6d3bfe980bbba0cc/corda-node-4.1.jar!/migration/node-core.changelog-v8.xml as migration/node-core.changelog-v8.xml
17:43:40.836 [Test worker] DEBUG liquibase - Resolving XML entity name='null', publicId='null', baseURI='null', systemId='http://www.liquibase.org/xml/ns/dbchangelog/dbchangelog-3.5.xsd'
17:43:40.836 [Test worker] DEBUG LiquibaseSchemaResolver - Found namespace details class liquibase.parser.core.xml.StandardNamespaceDetails for http://www.liquibase.org/xml/ns/dbchangelog/dbchangelog-3.5.xsd
17:43:40.839 [Test worker] DEBUG LiquibaseSchemaResolver - Local path for http://www.liquibase.org/xml/ns/dbchangelog/dbchangelog-3.5.xsd is liquibase/parser/core/xml/dbchangelog-3.5.xsd
17:43:40.840 [Test worker] DEBUG liquibase - Opening jar:file:/C:/Users/user/.gradle/caches/modules-2/files-2.1/org.liquibase/liquibase-core/3.5.5/c65051f327382018bd09c30380f25eac96f210da/liquibase-core-3.5.5.jar!/liquibase/parser/core/xml/dbchangelog-3.5.xsd as liquibase/parser/core/xml/dbchangelog-3.5.xsd
17:43:40.841 [Test worker] DEBUG LiquibaseSchemaResolver - Successfully loaded XSD from liquibase/parser/core/xml/dbchangelog-3.5.xsd
17:43:40.859 [Test worker] DEBUG liquibase - Opening jar:file:/C:/Users/user/.gradle/caches/modules-2/files-2.1/net.corda/corda-node/4.1/45583a2ad1dc5cdd2b90b4ff6d3bfe980bbba0cc/corda-node-4.1.jar!/migration/node-core.changelog-tx-mapping.xml as migration/node-core.changelog-tx-mapping.xml
17:43:40.862 [Test worker] DEBUG liquibase - Resolving XML entity name='null', publicId='null', baseURI='null', systemId='http://www.liquibase.org/xml/ns/dbchangelog/dbchangelog-3.5.xsd'
17:43:40.863 [Test worker] DEBUG LiquibaseSchemaResolver - Found namespace details class liquibase.parser.core.xml.StandardNamespaceDetails for http://www.liquibase.org/xml/ns/dbchangelog/dbchangelog-3.5.xsd
17:43:40.864 [Test worker] DEBUG LiquibaseSchemaResolver - Local path for http://www.liquibase.org/xml/ns/dbchangelog/dbchangelog-3.5.xsd is liquibase/parser/core/xml/dbchangelog-3.5.xsd
17:43:40.865 [Test worker] DEBUG liquibase - Opening jar:file:/C:/Users/user/.gradle/caches/modules-2/files-2.1/org.liquibase/liquibase-core/3.5.5/c65051f327382018bd09c30380f25eac96f210da/liquibase-core-3.5.5.jar!/liquibase/parser/core/xml/dbchangelog-3.5.xsd as liquibase/parser/core/xml/dbchangelog-3.5.xsd
17:43:40.865 [Test worker] DEBUG LiquibaseSchemaResolver - Successfully loaded XSD from liquibase/parser/core/xml/dbchangelog-3.5.xsd
17:43:40.878 [Test worker] DEBUG liquibase - Opening jar:file:/C:/Users/user/.gradle/caches/modules-2/files-2.1/net.corda/corda-node/4.1/45583a2ad1dc5cdd2b90b4ff6d3bfe980bbba0cc/corda-node-4.1.jar!/migration/node-core.changelog-v9.xml as migration/node-core.changelog-v9.xml
17:43:40.880 [Test worker] DEBUG liquibase - Resolving XML entity name='null', publicId='null', baseURI='null', systemId='http://www.liquibase.org/xml/ns/dbchangelog/dbchangelog-3.5.xsd'
17:43:40.881 [Test worker] DEBUG LiquibaseSchemaResolver - Found namespace details class liquibase.parser.core.xml.StandardNamespaceDetails for http://www.liquibase.org/xml/ns/dbchangelog/dbchangelog-3.5.xsd
17:43:40.882 [Test worker] DEBUG LiquibaseSchemaResolver - Local path for http://www.liquibase.org/xml/ns/dbchangelog/dbchangelog-3.5.xsd is liquibase/parser/core/xml/dbchangelog-3.5.xsd
17:43:40.883 [Test worker] DEBUG liquibase - Opening jar:file:/C:/Users/user/.gradle/caches/modules-2/files-2.1/org.liquibase/liquibase-core/3.5.5/c65051f327382018bd09c30380f25eac96f210da/liquibase-core-3.5.5.jar!/liquibase/parser/core/xml/dbchangelog-3.5.xsd as liquibase/parser/core/xml/dbchangelog-3.5.xsd
17:43:40.884 [Test worker] DEBUG LiquibaseSchemaResolver - Successfully loaded XSD from liquibase/parser/core/xml/dbchangelog-3.5.xsd
17:43:40.900 [Test worker] DEBUG liquibase - Opening jar:file:/C:/Users/user/.gradle/caches/modules-2/files-2.1/net.corda/corda-node/4.1/45583a2ad1dc5cdd2b90b4ff6d3bfe980bbba0cc/corda-node-4.1.jar!/migration/node-core.changelog-v10.xml as migration/node-core.changelog-v10.xml
17:43:40.903 [Test worker] DEBUG liquibase - Resolving XML entity name='null', publicId='null', baseURI='null', systemId='http://www.liquibase.org/xml/ns/dbchangelog/dbchangelog-3.5.xsd'
17:43:40.903 [Test worker] DEBUG LiquibaseSchemaResolver - Found namespace details class liquibase.parser.core.xml.StandardNamespaceDetails for http://www.liquibase.org/xml/ns/dbchangelog/dbchangelog-3.5.xsd
17:43:40.903 [Test worker] DEBUG LiquibaseSchemaResolver - Local path for http://www.liquibase.org/xml/ns/dbchangelog/dbchangelog-3.5.xsd is liquibase/parser/core/xml/dbchangelog-3.5.xsd
17:43:40.903 [Test worker] DEBUG liquibase - Opening jar:file:/C:/Users/user/.gradle/caches/modules-2/files-2.1/org.liquibase/liquibase-core/3.5.5/c65051f327382018bd09c30380f25eac96f210da/liquibase-core-3.5.5.jar!/liquibase/parser/core/xml/dbchangelog-3.5.xsd as liquibase/parser/core/xml/dbchangelog-3.5.xsd
17:43:40.906 [Test worker] DEBUG LiquibaseSchemaResolver - Successfully loaded XSD from liquibase/parser/core/xml/dbchangelog-3.5.xsd
17:43:40.918 [Test worker] DEBUG liquibase - Opening jar:file:/C:/Users/user/.gradle/caches/modules-2/files-2.1/net.corda/corda-node/4.1/45583a2ad1dc5cdd2b90b4ff6d3bfe980bbba0cc/corda-node-4.1.jar!/migration/node-core.changelog-v11.xml as migration/node-core.changelog-v11.xml
17:43:40.924 [Test worker] DEBUG liquibase - Resolving XML entity name='null', publicId='null', baseURI='null', systemId='http://www.liquibase.org/xml/ns/dbchangelog/dbchangelog-3.5.xsd'
17:43:40.924 [Test worker] DEBUG LiquibaseSchemaResolver - Found namespace details class liquibase.parser.core.xml.StandardNamespaceDetails for http://www.liquibase.org/xml/ns/dbchangelog/dbchangelog-3.5.xsd
17:43:40.925 [Test worker] DEBUG LiquibaseSchemaResolver - Local path for http://www.liquibase.org/xml/ns/dbchangelog/dbchangelog-3.5.xsd is liquibase/parser/core/xml/dbchangelog-3.5.xsd
17:43:40.925 [Test worker] DEBUG liquibase - Opening jar:file:/C:/Users/user/.gradle/caches/modules-2/files-2.1/org.liquibase/liquibase-core/3.5.5/c65051f327382018bd09c30380f25eac96f210da/liquibase-core-3.5.5.jar!/liquibase/parser/core/xml/dbchangelog-3.5.xsd as liquibase/parser/core/xml/dbchangelog-3.5.xsd
17:43:40.926 [Test worker] DEBUG LiquibaseSchemaResolver - Successfully loaded XSD from liquibase/parser/core/xml/dbchangelog-3.5.xsd
17:43:40.934 [Test worker] DEBUG liquibase - Opening jar:file:/C:/Users/user/.gradle/caches/modules-2/files-2.1/net.corda/corda-node/4.1/45583a2ad1dc5cdd2b90b4ff6d3bfe980bbba0cc/corda-node-4.1.jar!/migration/vault-schema.changelog-v9.xml as migration/vault-schema.changelog-v9.xml
17:43:40.938 [Test worker] DEBUG liquibase - Resolving XML entity name='null', publicId='null', baseURI='null', systemId='http://www.liquibase.org/xml/ns/dbchangelog/dbchangelog-3.5.xsd'
17:43:40.938 [Test worker] DEBUG LiquibaseSchemaResolver - Found namespace details class liquibase.parser.core.xml.StandardNamespaceDetails for http://www.liquibase.org/xml/ns/dbchangelog/dbchangelog-3.5.xsd
17:43:40.938 [Test worker] DEBUG LiquibaseSchemaResolver - Local path for http://www.liquibase.org/xml/ns/dbchangelog/dbchangelog-3.5.xsd is liquibase/parser/core/xml/dbchangelog-3.5.xsd
17:43:40.939 [Test worker] DEBUG liquibase - Opening jar:file:/C:/Users/user/.gradle/caches/modules-2/files-2.1/org.liquibase/liquibase-core/3.5.5/c65051f327382018bd09c30380f25eac96f210da/liquibase-core-3.5.5.jar!/liquibase/parser/core/xml/dbchangelog-3.5.xsd as liquibase/parser/core/xml/dbchangelog-3.5.xsd
17:43:40.939 [Test worker] DEBUG LiquibaseSchemaResolver - Successfully loaded XSD from liquibase/parser/core/xml/dbchangelog-3.5.xsd
17:43:40.953 [Test worker] DEBUG liquibase - Create Database Change Log Table
17:43:40.955 [Test worker] INFO liquibase - Creating database history table with name: PUBLIC.DATABASECHANGELOG
17:43:40.957 [Test worker] DEBUG liquibase - Executing EXECUTE database command: CREATE TABLE PUBLIC.DATABASECHANGELOG (ID VARCHAR(255) NOT NULL, AUTHOR VARCHAR(255) NOT NULL, FILENAME VARCHAR(255) NOT NULL, DATEEXECUTED TIMESTAMP NOT NULL, ORDEREXECUTED INT NOT NULL, EXECTYPE VARCHAR(10) NOT NULL, MD5SUM VARCHAR(35), DESCRIPTION VARCHAR(255), COMMENTS VARCHAR(255), TAG VARCHAR(255), LIQUIBASE VARCHAR(20), CONTEXTS VARCHAR(255), LABELS VARCHAR(255), DEPLOYMENT_ID VARCHAR(10))
17:43:40.961 [Test worker] DEBUG liquibase - Executing QUERY database command: select count(*) from PUBLIC.DATABASECHANGELOG
17:43:40.962 [Test worker] INFO liquibase - Reading from PUBLIC.DATABASECHANGELOG
17:43:40.963 [Test worker] DEBUG liquibase - Executing QUERY database command: SELECT * FROM PUBLIC.DATABASECHANGELOG ORDER BY DATEEXECUTED ASC, ORDEREXECUTED ASC
17:43:40.964 [Test worker] DEBUG liquibase - Executing QUERY database command: select count(*) from PUBLIC.DATABASECHANGELOGLOCK
17:43:40.966 [Test worker] DEBUG liquibase - Create Database Lock Table
17:43:40.967 [Test worker] DEBUG liquibase - Executing EXECUTE database command: CREATE TABLE PUBLIC.DATABASECHANGELOGLOCK (ID INT NOT NULL, LOCKED BOOLEAN NOT NULL, LOCKGRANTED TIMESTAMP, LOCKEDBY VARCHAR(255), CONSTRAINT PK_DATABASECHANGELOGLOCK PRIMARY KEY (ID))
17:43:40.968 [Test worker] DEBUG liquibase - Created database lock table with name: PUBLIC.DATABASECHANGELOGLOCK
17:43:40.969 [Test worker] DEBUG liquibase - Executing QUERY database command: select count(*) from PUBLIC.DATABASECHANGELOGLOCK
17:43:40.969 [Test worker] DEBUG liquibase - Initialize Database Lock Table
17:43:40.971 [Test worker] DEBUG liquibase - Executing EXECUTE database command: DELETE FROM PUBLIC.DATABASECHANGELOGLOCK
17:43:40.971 [Test worker] DEBUG liquibase - Executing EXECUTE database command: INSERT INTO PUBLIC.DATABASECHANGELOGLOCK (ID, LOCKED) VALUES (1, FALSE)
17:43:40.973 [Test worker] DEBUG liquibase - master.changelog.json: migration/common.changelog-init.xml::1511451595465-1.1::R3.Corda: Computed checksum for createSequence:[
    sequenceName="hibernate_sequence"
] as 3b59bc60f6cf5c7c76b020ae29954565
17:43:40.973 [Test worker] DEBUG liquibase - master.changelog.json: migration/common.changelog-init.xml::1511451595465-1.1::R3.Corda: Computed checksum for 7:3b59bc60f6cf5c7c76b020ae29954565: as afe897bea20bc08d1681087c94d0967d
17:43:40.975 [Test worker] DEBUG liquibase - master.changelog.json: migration/common.changelog-init.xml::1511451595465-1.3::R3.Corda: Computed checksum for createSequence:[
    minValue="1"
    sequenceName="hibernate_sequence"
] as f473914cdfde3972225cdb465aeff71d
17:43:40.977 [Test worker] DEBUG liquibase - master.changelog.json: migration/common.changelog-init.xml::1511451595465-1.3::R3.Corda: Computed checksum for 7:f473914cdfde3972225cdb465aeff71d: as b775a64dd8351ca0b00329ea3e49f44b
17:43:40.977 [Test worker] INFO liquibase - master.changelog.json: migration/common.changelog-init.xml::1511451595465-1.3::R3.Corda: Skipping changeSet migration/common.changelog-init.xml::1511451595465-1.3::R3.Corda due to validation error(s): minValue is not allowed on h2
17:43:40.979 [Test worker] DEBUG liquibase - master.changelog.json: migration/vault-schema.changelog-init.xml::1511451595465-22::R3.Corda: Computed checksum for createTable:[
    columns=[
        [
            [
                nullable="false"
            ]
            name="output_index"
            type="INT"
        ],
        [
            [
                nullable="false"
            ]
            name="transaction_id"
            type="NVARCHAR(64)"
        ],
        [
            name="issuer_name"
            type="NVARCHAR(255)"
        ],
        [
            name="issuer_ref"
            type="varbinary(512)"
        ],
        [
       ... [truncated in log] as e175aecbeafccf493b3899098eb581f2
17:43:40.980 [Test worker] DEBUG liquibase - master.changelog.json: migration/vault-schema.changelog-init.xml::1511451595465-22::R3.Corda: Computed checksum for 7:e175aecbeafccf493b3899098eb581f2: as 1f8a20296ddeb0fc739bd8e7084b0bab
17:43:40.982 [Test worker] DEBUG liquibase - master.changelog.json: migration/vault-schema.changelog-init.xml::1511451595465-23::R3.Corda: Computed checksum for createTable:[
    columns=[
        [
            [
                nullable="false"
            ]
            name="output_index"
            type="INT"
        ],
        [
            [
                nullable="false"
            ]
            name="transaction_id"
            type="NVARCHAR(64)"
        ],
        [
            name="participants"
            type="NVARCHAR(255)"
        ]
    ]
    tableName="vault_fungible_states_parts"
] as add94f234be5f070e7c2a20110730809
17:43:40.985 [Test worker] DEBUG liquibase - master.changelog.json: migration/vault-schema.changelog-init.xml::1511451595465-23::R3.Corda: Computed checksum for 7:add94f234be5f070e7c2a20110730809: as 1a9f6483c225c03a3a558b5b20306741
17:43:40.990 [Test worker] DEBUG liquibase - master.changelog.json: migration/vault-schema.changelog-init.xml::1511451595465-24::R3.Corda: Computed checksum for createTable:[
    columns=[
        [
            [
                nullable="false"
            ]
            name="output_index"
            type="INT"
        ],
        [
            [
                nullable="false"
            ]
            name="transaction_id"
            type="NVARCHAR(64)"
        ],
        [
            name="external_id"
            type="NVARCHAR(255)"
        ],
        [
            [
                nullable="false"
            ]
            name="uuid"
       ... [truncated in log] as a2b34ccc00e85d4de9b82e22ec7fa971
17:43:40.994 [Test worker] DEBUG liquibase - master.changelog.json: migration/vault-schema.changelog-init.xml::1511451595465-24::R3.Corda: Computed checksum for 7:a2b34ccc00e85d4de9b82e22ec7fa971: as cc33e3b7b7db0e8613421e71352448d1
17:43:40.995 [Test worker] DEBUG liquibase - master.changelog.json: migration/vault-schema.changelog-init.xml::1511451595465-25::R3.Corda: Computed checksum for createTable:[
    columns=[
        [
            [
                nullable="false"
            ]
            name="output_index"
            type="INT"
        ],
        [
            [
                nullable="false"
            ]
            name="transaction_id"
            type="NVARCHAR(64)"
        ],
        [
            name="participants"
            type="NVARCHAR(255)"
        ]
    ]
    tableName="vault_linear_states_parts"
] as ff0db7191732aba7aa4402b9145d55d8
17:43:40.997 [Test worker] DEBUG liquibase - master.changelog.json: migration/vault-schema.changelog-init.xml::1511451595465-25::R3.Corda: Computed checksum for 7:ff0db7191732aba7aa4402b9145d55d8: as cee1c34886b737d7c86f4ba94a43d9a7
17:43:41.000 [Test worker] DEBUG liquibase - master.changelog.json: migration/vault-schema.changelog-init.xml::1511451595465-26::R3.Corda: Computed checksum for createTable:[
    columns=[
        [
            [
                nullable="false"
            ]
            name="output_index"
            type="INT"
        ],
        [
            [
                nullable="false"
            ]
            name="transaction_id"
            type="NVARCHAR(64)"
        ],
        [
            name="consumed_timestamp"
            type="timestamp"
        ],
        [
            name="contract_state_class_name"
            type="NVARCHAR(255)"
        ],
... [truncated in log] as 3590556b2783206eba7b151844f6a2e8
17:43:41.002 [Test worker] DEBUG liquibase - master.changelog.json: migration/vault-schema.changelog-init.xml::1511451595465-26::R3.Corda: Computed checksum for 7:3590556b2783206eba7b151844f6a2e8: as 47ea918c4e5894a573ed08ff7d3cfcf8
17:43:41.006 [Test worker] DEBUG liquibase - master.changelog.json: migration/vault-schema.changelog-init.xml::1511451595465-27::R3.Corda: Computed checksum for createTable:[
    columns=[
        [
            [
                nullable="false"
            ]
            name="seq_no"
            type="INT"
        ],
        [
            name="note"
            type="NVARCHAR(255)"
        ],
        [
            name="transaction_id"
            type="NVARCHAR(64)"
        ]
    ]
    tableName="vault_transaction_notes"
] as b2a3172c8e54fe287195c0f1d9d79d06
17:43:41.009 [Test worker] DEBUG liquibase - master.changelog.json: migration/vault-schema.changelog-init.xml::1511451595465-27::R3.Corda: Computed checksum for 7:b2a3172c8e54fe287195c0f1d9d79d06: as b335f04504c263e99eb1b4b78fb7b976
17:43:41.010 [Test worker] DEBUG liquibase - master.changelog.json: migration/vault-schema.changelog-init.xml::1511451595465-47::R3.Corda: Computed checksum for addPrimaryKey:[
    columnNames="output_index, transaction_id"
    constraintName="vault_fungible_states_pkey"
    tableName="vault_fungible_states"
] as 1c0d1edb717c326aca50814658fa822a
17:43:41.010 [Test worker] DEBUG liquibase - master.changelog.json: migration/vault-schema.changelog-init.xml::1511451595465-47::R3.Corda: Computed checksum for 7:1c0d1edb717c326aca50814658fa822a: as 5ebf8c6ceacd418805fef0a8d5926d22
17:43:41.011 [Test worker] DEBUG liquibase - master.changelog.json: migration/vault-schema.changelog-init.xml::1511451595465-48::R3.Corda: Computed checksum for addPrimaryKey:[
    columnNames="output_index, transaction_id"
    constraintName="vault_linear_states_pkey"
    tableName="vault_linear_states"
] as 4e3aaffa0ad01595c6c23745084763b1
17:43:41.011 [Test worker] DEBUG liquibase - master.changelog.json: migration/vault-schema.changelog-init.xml::1511451595465-48::R3.Corda: Computed checksum for 7:4e3aaffa0ad01595c6c23745084763b1: as 6852e525af1e0e841b85cbc65c3ef3eb
17:43:41.012 [Test worker] DEBUG liquibase - master.changelog.json: migration/vault-schema.changelog-init.xml::1511451595465-49::R3.Corda: Computed checksum for addPrimaryKey:[
    columnNames="output_index, transaction_id"
    constraintName="vault_states_pkey"
    tableName="vault_states"
] as 4bd501a6f3a2480ca4be1186a9ae2951
17:43:41.012 [Test worker] DEBUG liquibase - master.changelog.json: migration/vault-schema.changelog-init.xml::1511451595465-49::R3.Corda: Computed checksum for 7:4bd501a6f3a2480ca4be1186a9ae2951: as e88ace88ae32b7c6a212f749bed7f25f
17:43:41.013 [Test worker] DEBUG liquibase - master.changelog.json: migration/vault-schema.changelog-init.xml::1511451595465-50::R3.Corda: Computed checksum for addPrimaryKey:[
    columnNames="seq_no"
    constraintName="vault_transaction_notes_pkey"
    tableName="vault_transaction_notes"
] as 39e3946cfbca51e6913a1c4f38ddf0c7
17:43:41.013 [Test worker] DEBUG liquibase - master.changelog.json: migration/vault-schema.changelog-init.xml::1511451595465-50::R3.Corda: Computed checksum for 7:39e3946cfbca51e6913a1c4f38ddf0c7: as aef52cbfcee4e86a30a1175aacdae9b5
17:43:41.015 [Test worker] DEBUG liquibase - master.changelog.json: migration/vault-schema.changelog-init.xml::1511451595465-53::R3.Corda: Computed checksum for createIndex:[
    columns=[
        [
            name="external_id"
        ]
    ]
    indexName="external_id_index"
    tableName="vault_linear_states"
] as f98aafeaa30935a36db499f2104a93bf
17:43:41.016 [Test worker] DEBUG liquibase - master.changelog.json: migration/vault-schema.changelog-init.xml::1511451595465-53::R3.Corda: Computed checksum for 7:f98aafeaa30935a36db499f2104a93bf: as 7b0c95c0892fe1aba26a294d843d3c0a
17:43:41.020 [Test worker] DEBUG liquibase - master.changelog.json: migration/vault-schema.changelog-init.xml::1511451595465-55::R3.Corda: Computed checksum for createIndex:[
    columns=[
        [
            name="lock_id"
        ],
        [
            name="state_status"
        ]
    ]
    indexName="lock_id_idx"
    tableName="vault_states"
] as e42dab0002a4e906bfd484f143741150
17:43:41.022 [Test worker] DEBUG liquibase - master.changelog.json: migration/vault-schema.changelog-init.xml::1511451595465-55::R3.Corda: Computed checksum for 7:e42dab0002a4e906bfd484f143741150: as daf1bfa84381a1c8e100c14229a6d860
17:43:41.022 [Test worker] DEBUG liquibase - master.changelog.json: migration/vault-schema.changelog-init.xml::1511451595465-58::R3.Corda: Computed checksum for createIndex:[
    columns=[
        [
            name="state_status"
        ]
    ]
    indexName="state_status_idx"
    tableName="vault_states"
] as 2ff9d748b5e8cc68d2b31c3435578cef
17:43:41.023 [Test worker] DEBUG liquibase - master.changelog.json: migration/vault-schema.changelog-init.xml::1511451595465-58::R3.Corda: Computed checksum for 7:2ff9d748b5e8cc68d2b31c3435578cef: as 775d3c8a27b7fad84f9894db6bdf3e87
17:43:41.024 [Test worker] DEBUG liquibase - master.changelog.json: migration/vault-schema.changelog-init.xml::1511451595465-59::R3.Corda: Computed checksum for createIndex:[
    columns=[
        [
            name="transaction_id"
        ]
    ]
    indexName="transaction_id_index"
    tableName="vault_transaction_notes"
] as fd9eea380cef475dc54fd99e4e233920
17:43:41.025 [Test worker] DEBUG liquibase - master.changelog.json: migration/vault-schema.changelog-init.xml::1511451595465-59::R3.Corda: Computed checksum for 7:fd9eea380cef475dc54fd99e4e233920: as 1be2b24f3e4fedc8252c24080b713783
17:43:41.031 [Test worker] DEBUG liquibase - master.changelog.json: migration/vault-schema.changelog-init.xml::1511451595465-60::R3.Corda: Computed checksum for createIndex:[
    columns=[
        [
            name="uuid"
        ]
    ]
    indexName="uuid_index"
    tableName="vault_linear_states"
] as 0c3a5a186849036cd224f1c228d6dde9
17:43:41.031 [Test worker] DEBUG liquibase - master.changelog.json: migration/vault-schema.changelog-init.xml::1511451595465-60::R3.Corda: Computed checksum for 7:0c3a5a186849036cd224f1c228d6dde9: as f372f17dd75374bfecfde0e44d7ce36c
17:43:41.031 [Test worker] DEBUG liquibase - master.changelog.json: migration/vault-schema.changelog-init.xml::1511451595465-64::R3.Corda: Computed checksum for addForeignKeyConstraint:[
    baseColumnNames="output_index,transaction_id"
    baseTableName="vault_fungible_states_parts"
    constraintName="FK__fung_st_parts__fung_st"
    referencedColumnNames="output_index,transaction_id"
    referencedTableName="vault_fungible_states"
] as 0eece996759bc05f893e13edcc7012b3
17:43:41.031 [Test worker] DEBUG liquibase - master.changelog.json: migration/vault-schema.changelog-init.xml::1511451595465-64::R3.Corda: Computed checksum for 7:0eece996759bc05f893e13edcc7012b3: as 3771038da08dbe5dbbbdffac7300198d
17:43:41.031 [Test worker] DEBUG liquibase - master.changelog.json: migration/vault-schema.changelog-init.xml::1511451595465-65::R3.Corda: Computed checksum for addForeignKeyConstraint:[
    baseColumnNames="output_index,transaction_id"
    baseTableName="vault_linear_states_parts"
    constraintName="FK__lin_stat_parts__lin_stat"
    referencedColumnNames="output_index,transaction_id"
    referencedTableName="vault_linear_states"
] as c3bfc19faabd85d1ada74a704975075a
17:43:41.031 [Test worker] DEBUG liquibase - master.changelog.json: migration/vault-schema.changelog-init.xml::1511451595465-65::R3.Corda: Computed checksum for 7:c3bfc19faabd85d1ada74a704975075a: as 4cccc80aadefc753d80d33d233d426b1
17:43:41.031 [Test worker] DEBUG liquibase - master.changelog.json: migration/vault-schema.changelog-v3.xml::clean_vault::R3.Corda: Computed checksum for delete:[
    tableName="vault_fungible_states_parts"
] as b70b29b3a6bedbc5661cba016468c920
17:43:41.031 [Test worker] DEBUG liquibase - master.changelog.json: migration/vault-schema.changelog-v3.xml::clean_vault::R3.Corda: Computed checksum for delete:[
    tableName="vault_fungible_states"
] as a274055ce2143aac7ca36e5fad03b134
17:43:41.031 [Test worker] DEBUG liquibase - master.changelog.json: migration/vault-schema.changelog-v3.xml::clean_vault::R3.Corda: Computed checksum for delete:[
    tableName="vault_linear_states_parts"
] as ea0a011664469f485e1c20d3a801a95c
17:43:41.031 [Test worker] DEBUG liquibase - master.changelog.json: migration/vault-schema.changelog-v3.xml::clean_vault::R3.Corda: Computed checksum for delete:[
    tableName="vault_linear_states"
] as 3448fb16d803304ec5b23fe901463752
17:43:41.031 [Test worker] DEBUG liquibase - master.changelog.json: migration/vault-schema.changelog-v3.xml::clean_vault::R3.Corda: Computed checksum for delete:[
    tableName="vault_states"
] as 9554b12247631c9ef0b25ddf1faaa6d3
17:43:41.031 [Test worker] DEBUG liquibase - master.changelog.json: migration/vault-schema.changelog-v3.xml::clean_vault::R3.Corda: Computed checksum for delete:[
    tableName="vault_transaction_notes"
] as 0250e47826dc021ed9e01d035ea6f1b6
17:43:41.031 [Test worker] DEBUG liquibase - master.changelog.json: migration/vault-schema.changelog-v3.xml::clean_vault::R3.Corda: Computed checksum for 7:b70b29b3a6bedbc5661cba016468c920:7:a274055ce2143aac7ca36e5fad03b134:7:ea0a011664469f485e1c20d3a801a95c:7:3448fb16d803304ec5b23fe901463752:7:9554b12247631c9ef0b25ddf1faaa6d3:7:0250e47826dc021ed9e01d035ea6f1b6: as c16f94cc9c0418c23dfcedd33e85d2d3
17:43:41.031 [Test worker] DEBUG liquibase - master.changelog.json: migration/vault-schema.changelog-v4.xml::nullability::R3.Corda: Computed checksum for addNotNullConstraint:[
    columnDataType="BIGINT"
    columnName="quantity"
    tableName="vault_fungible_states"
] as d78eae5ca9adbacacf85e33e2a7f7415
17:43:41.031 [Test worker] DEBUG liquibase - master.changelog.json: migration/vault-schema.changelog-v4.xml::nullability::R3.Corda: Computed checksum for addNotNullConstraint:[
    columnDataType="NVARCHAR(255)"
    columnName="contract_state_class_name"
    tableName="vault_states"
] as 2078d56a1b5edbecbcc69079c33eb871
17:43:41.031 [Test worker] DEBUG liquibase - master.changelog.json: migration/vault-schema.changelog-v4.xml::nullability::R3.Corda: Computed checksum for addNotNullConstraint:[
    columnDataType="NVARCHAR(255)"
    columnName="notary_name"
    tableName="vault_states"
] as 2258242147cd14905eb100408de09558
17:43:41.031 [Test worker] DEBUG liquibase - master.changelog.json: migration/vault-schema.changelog-v4.xml::nullability::R3.Corda: Computed checksum for addNotNullConstraint:[
    columnDataType="timestamp"
    columnName="recorded_timestamp"
    tableName="vault_states"
] as ae7f591a2aca843f8ab716280bfd3947
17:43:41.031 [Test worker] DEBUG liquibase - master.changelog.json: migration/vault-schema.changelog-v4.xml::nullability::R3.Corda: Computed checksum for dropIndex:[
    indexName="state_status_idx"
    tableName="vault_states"
] as 6583c319aa2e4b6d1f195c77bc111ac5
17:43:41.031 [Test worker] DEBUG liquibase - master.changelog.json: migration/vault-schema.changelog-v4.xml::nullability::R3.Corda: Computed checksum for dropIndex:[
    indexName="lock_id_idx"
    tableName="vault_states"
] as e22a84c8f8873eb942f692a00ddda6c5
17:43:41.031 [Test worker] DEBUG liquibase - master.changelog.json: migration/vault-schema.changelog-v4.xml::nullability::R3.Corda: Computed checksum for addNotNullConstraint:[
    columnDataType="INT"
    columnName="state_status"
    tableName="vault_states"
] as f062ec40c033aa8c2a8ec93fcfc05443
17:43:41.031 [Test worker] DEBUG liquibase - master.changelog.json: migration/vault-schema.changelog-v4.xml::nullability::R3.Corda: Computed checksum for createIndex:[
    columns=[
        [
            name="state_status"
        ]
    ]
    indexName="state_status_idx"
    tableName="vault_states"
] as 2ff9d748b5e8cc68d2b31c3435578cef
17:43:41.031 [Test worker] DEBUG liquibase - master.changelog.json: migration/vault-schema.changelog-v4.xml::nullability::R3.Corda: Computed checksum for createIndex:[
    columns=[
        [
            name="lock_id"
        ],
        [
            name="state_status"
        ]
    ]
    indexName="lock_id_idx"
    tableName="vault_states"
] as e42dab0002a4e906bfd484f143741150
17:43:41.031 [Test worker] DEBUG liquibase - master.changelog.json: migration/vault-schema.changelog-v4.xml::nullability::R3.Corda: Computed checksum for dropIndex:[
    indexName="transaction_id_index"
    tableName="vault_transaction_notes"
] as 7677600c3adca898205158cdae636f0d
17:43:41.031 [Test worker] DEBUG liquibase - master.changelog.json: migration/vault-schema.changelog-v4.xml::nullability::R3.Corda: Computed checksum for addNotNullConstraint:[
    columnDataType="NVARCHAR(255)"
    columnName="note"
    tableName="vault_transaction_notes"
] as 4155de3b6c359ed6d735b6ae5c880ed2
17:43:41.031 [Test worker] DEBUG liquibase - master.changelog.json: migration/vault-schema.changelog-v4.xml::nullability::R3.Corda: Computed checksum for addNotNullConstraint:[
    columnDataType="NVARCHAR(64)"
    columnName="transaction_id"
    tableName="vault_transaction_notes"
] as f6eaec7b45db4b379b8485512bd873c1
17:43:41.031 [Test worker] DEBUG liquibase - master.changelog.json: migration/vault-schema.changelog-v4.xml::nullability::R3.Corda: Computed checksum for createIndex:[
    columns=[
        [
            name="transaction_id"
        ]
    ]
    indexName="transaction_id_index"
    tableName="vault_transaction_notes"
] as fd9eea380cef475dc54fd99e4e233920
17:43:41.031 [Test worker] DEBUG liquibase - master.changelog.json: migration/vault-schema.changelog-v4.xml::nullability::R3.Corda: Computed checksum for 7:d78eae5ca9adbacacf85e33e2a7f7415:7:2078d56a1b5edbecbcc69079c33eb871:7:2258242147cd14905eb100408de09558:7:ae7f591a2aca843f8ab716280bfd3947:7:6583c319aa2e4b6d1f195c77bc111ac5:7:e22a84c8f8873eb942f692a00ddda6c5:7:f062ec40c033aa8c2a8ec93fcfc05443:7:2ff9d748b5e8cc68d2b31c3435578cef:7:e42dab0002a4e906bfd484f143741150:7:7677600c3adca898205158cdae636f0d:7:4155de3b6c359ed6d735b6ae5c880ed2:7:f6eaec7b45db4b379b8485512bd873c1:7:fd9eea380cef475dc54fd99e4e233920: as 59450415a9a86b5b55d9f9347b383e6a
17:43:41.031 [Test worker] DEBUG liquibase - master.changelog.json: migration/vault-schema.changelog-pkey.xml::non-clustered_pk-11::R3.Corda: Computed checksum for dropForeignKeyConstraint:[
    baseTableName="vault_fungible_states_parts"
    constraintName="FK__fung_st_parts__fung_st"
] as 366e0c21ef7697fbe3f3045b1680d699
17:43:41.031 [Test worker] DEBUG liquibase - master.changelog.json: migration/vault-schema.changelog-pkey.xml::non-clustered_pk-11::R3.Corda: Computed checksum for dropPrimaryKey:[
    constraintName="vault_fungible_states_pkey"
    tableName="vault_fungible_states"
] as f27f6f6e80b50caaa06aa6c747243425
17:43:41.031 [Test worker] DEBUG liquibase - master.changelog.json: migration/vault-schema.changelog-pkey.xml::non-clustered_pk-11::R3.Corda: Computed checksum for addPrimaryKey:[
    clustered="false"
    columnNames="output_index, transaction_id"
    constraintName="vault_fungible_states_pkey"
    tableName="vault_fungible_states"
] as 0729afe4c34a21623a8f5744790f34c4
17:43:41.031 [Test worker] DEBUG liquibase - master.changelog.json: migration/vault-schema.changelog-pkey.xml::non-clustered_pk-11::R3.Corda: Computed checksum for addForeignKeyConstraint:[
    baseColumnNames="output_index,transaction_id"
    baseTableName="vault_fungible_states_parts"
    constraintName="FK__fung_st_parts__fung_st"
    referencedColumnNames="output_index,transaction_id"
    referencedTableName="vault_fungible_states"
] as 0eece996759bc05f893e13edcc7012b3
17:43:41.031 [Test worker] DEBUG liquibase - master.changelog.json: migration/vault-schema.changelog-pkey.xml::non-clustered_pk-11::R3.Corda: Computed checksum for 7:366e0c21ef7697fbe3f3045b1680d699:7:f27f6f6e80b50caaa06aa6c747243425:7:0729afe4c34a21623a8f5744790f34c4:7:0eece996759bc05f893e13edcc7012b3: as c88a8494afc1f2507131e709b3ec4f1e
17:43:41.031 [Test worker] INFO liquibase - master.changelog.json: migration/vault-schema.changelog-pkey.xml::non-clustered_pk-11::R3.Corda: Skipping changeSet migration/vault-schema.changelog-pkey.xml::non-clustered_pk-11::R3.Corda due to validation error(s): clustered is not allowed on h2
17:43:41.031 [Test worker] DEBUG liquibase - master.changelog.json: migration/vault-schema.changelog-pkey.xml::non-clustered_pk-12::R3.Corda: Computed checksum for dropForeignKeyConstraint:[
    baseTableName="vault_linear_states_parts"
    constraintName="FK__lin_stat_parts__lin_stat"
] as c9ce07b51242a8f54da9e570853dc34f
17:43:41.031 [Test worker] DEBUG liquibase - master.changelog.json: migration/vault-schema.changelog-pkey.xml::non-clustered_pk-12::R3.Corda: Computed checksum for dropPrimaryKey:[
    constraintName="vault_linear_states_pkey"
    tableName="vault_linear_states"
] as d986066259edad3f263694f099f02f7f
17:43:41.046 [Test worker] DEBUG liquibase - master.changelog.json: migration/vault-schema.changelog-pkey.xml::non-clustered_pk-12::R3.Corda: Computed checksum for addPrimaryKey:[
    clustered="false"
    columnNames="output_index, transaction_id"
    constraintName="vault_linear_states_pkey"
    tableName="vault_linear_states"
] as c26064d58e4f1b2610b6d01e5c0b9b5b
17:43:41.046 [Test worker] DEBUG liquibase - master.changelog.json: migration/vault-schema.changelog-pkey.xml::non-clustered_pk-12::R3.Corda: Computed checksum for addForeignKeyConstraint:[
    baseColumnNames="output_index,transaction_id"
    baseTableName="vault_linear_states_parts"
    constraintName="FK__lin_stat_parts__lin_stat"
    referencedColumnNames="output_index,transaction_id"
    referencedTableName="vault_linear_states"
] as c3bfc19faabd85d1ada74a704975075a
17:43:41.046 [Test worker] DEBUG liquibase - master.changelog.json: migration/vault-schema.changelog-pkey.xml::non-clustered_pk-12::R3.Corda: Computed checksum for 7:c9ce07b51242a8f54da9e570853dc34f:7:d986066259edad3f263694f099f02f7f:7:c26064d58e4f1b2610b6d01e5c0b9b5b:7:c3bfc19faabd85d1ada74a704975075a: as 5569de8454d891688bbb7510f634782f
17:43:41.046 [Test worker] INFO liquibase - master.changelog.json: migration/vault-schema.changelog-pkey.xml::non-clustered_pk-12::R3.Corda: Skipping changeSet migration/vault-schema.changelog-pkey.xml::non-clustered_pk-12::R3.Corda due to validation error(s): clustered is not allowed on h2
17:43:41.046 [Test worker] DEBUG liquibase - master.changelog.json: migration/vault-schema.changelog-pkey.xml::non-clustered_pk-13::R3.Corda: Computed checksum for dropPrimaryKey:[
    constraintName="vault_states_pkey"
    tableName="vault_states"
] as de17bd04796a6e54cb5606dceff73aec
17:43:41.046 [Test worker] DEBUG liquibase - master.changelog.json: migration/vault-schema.changelog-pkey.xml::non-clustered_pk-13::R3.Corda: Computed checksum for addPrimaryKey:[
    clustered="false"
    columnNames="output_index, transaction_id"
    constraintName="vault_states_pkey"
    tableName="vault_states"
] as 70c1298ee3ac2d16aba8b2ac6ed5b568
17:43:41.046 [Test worker] DEBUG liquibase - master.changelog.json: migration/vault-schema.changelog-pkey.xml::non-clustered_pk-13::R3.Corda: Computed checksum for 7:de17bd04796a6e54cb5606dceff73aec:7:70c1298ee3ac2d16aba8b2ac6ed5b568: as c786c529ecdaa33f87d3fc9ed88111f4
17:43:41.046 [Test worker] INFO liquibase - master.changelog.json: migration/vault-schema.changelog-pkey.xml::non-clustered_pk-13::R3.Corda: Skipping changeSet migration/vault-schema.changelog-pkey.xml::non-clustered_pk-13::R3.Corda due to validation error(s): clustered is not allowed on h2
17:43:41.046 [Test worker] DEBUG liquibase - master.changelog.json: migration/vault-schema.changelog-v5.xml::add_relevancy_status_column::R3.Corda: Computed checksum for addColumn:[
    columns=[
        [
            name="relevancy_status"
            type="INT"
        ]
    ]
    tableName="vault_states"
] as f4c3dbd35bfa9d2a1021acafdac959d6
17:43:41.046 [Test worker] DEBUG liquibase - master.changelog.json: migration/vault-schema.changelog-v5.xml::add_relevancy_status_column::R3.Corda: Computed checksum for update:[
    columns=[
        [
            name="relevancy_status"
            valueNumeric="0"
        ]
    ]
    tableName="vault_states"
] as c3f226e53f5bf04fd8506465c55d3a42
17:43:41.046 [Test worker] DEBUG liquibase - master.changelog.json: migration/vault-schema.changelog-v5.xml::add_relevancy_status_column::R3.Corda: Computed checksum for addNotNullConstraint:[
    columnDataType="INT"
    columnName="relevancy_status"
    tableName="vault_states"
] as a4104ab76f534885eeb63a0690843f78
17:43:41.046 [Test worker] DEBUG liquibase - master.changelog.json: migration/vault-schema.changelog-v5.xml::add_relevancy_status_column::R3.Corda: Computed checksum for 7:f4c3dbd35bfa9d2a1021acafdac959d6:7:c3f226e53f5bf04fd8506465c55d3a42:7:a4104ab76f534885eeb63a0690843f78: as bd7c3258179f34f231f6ae51e3313fc4
17:43:41.046 [Test worker] DEBUG liquibase - master.changelog.json: migration/vault-schema.changelog-v6.xml::add_is_constraint_information_columns::R3.Corda: Computed checksum for addColumn:[
    columns=[
        [
            [
                nullable="false"
            ]
            defaultValue="0"
            name="constraint_type"
            type="INT"
        ]
    ]
    tableName="vault_states"
] as ec4183b38221d9efb81468b6b58469ad
17:43:41.046 [Test worker] DEBUG liquibase - master.changelog.json: migration/vault-schema.changelog-v6.xml::add_is_constraint_information_columns::R3.Corda: Computed checksum for addColumn:[
    columns=[
        [
            [
                nullable="true"
            ]
            name="constraint_data"
            type="varbinary(563)"
        ]
    ]
    tableName="vault_states"
] as a62d1e80b99c304b04f3ac1ec994ed59
17:43:41.046 [Test worker] DEBUG liquibase - master.changelog.json: migration/vault-schema.changelog-v6.xml::add_is_constraint_information_columns::R3.Corda: Computed checksum for 7:ec4183b38221d9efb81468b6b58469ad:7:a62d1e80b99c304b04f3ac1ec994ed59: as 7d7cf7015d299a7fefb6e81aa563e208
17:43:41.062 [Test worker] DEBUG liquibase - master.changelog.json: migration/vault-schema.changelog-v7.xml::make_issuer_ref_nullable::R3.Corda: Computed checksum for dropNotNullConstraint:[
    columnDataType="varbinary(512)"
    columnName="issuer_ref"
    tableName="vault_fungible_states"
] as b549f88798da86b579f7e3421c6019ed
17:43:41.062 [Test worker] DEBUG liquibase - master.changelog.json: migration/vault-schema.changelog-v7.xml::make_issuer_ref_nullable::R3.Corda: Computed checksum for 7:b549f88798da86b579f7e3421c6019ed: as 016e083b176a76fc50d74e3fe07ca1cb
17:43:41.062 [Test worker] DEBUG liquibase - master.changelog.json: migration/vault-schema.changelog-v8.xml::create-external-id-to-state-party-view::R3.Corda: Computed checksum for createTable:[
    columns=[
        [
            name="output_index"
            type="INT"
        ],
        [
            name="transaction_id"
            type="NVARCHAR(64)"
        ],
        [
            [
                nullable="false"
            ]
            name="public_key_hash"
            type="NVARCHAR(255)"
        ],
        [
            name="x500_name"
            type="NVARCHAR(255)"
        ]
    ]
    tableName="state_party"
] as 3b063e299ebe197af7a457ea726b2800
17:43:41.062 [Test worker] DEBUG liquibase - master.changelog.json: migration/vault-schema.changelog-v8.xml::create-external-id-to-state-party-view::R3.Corda: Computed checksum for createIndex:[
    columns=[
        [
            name="public_key_hash"
        ]
    ]
    indexName="state_pk_hash_idx"
    tableName="state_party"
] as 450b82f224c850f2465386ef7a707b92
17:43:41.062 [Test worker] DEBUG liquibase - master.changelog.json: migration/vault-schema.changelog-v8.xml::create-external-id-to-state-party-view::R3.Corda: Computed checksum for createTable:[
    columns=[
        [
            [
                nullable="false"
            ]
            name="id"
            type="BIGINT"
        ],
        [
            [
                nullable="false"
            ]
            name="external_id"
            type="VARCHAR(255)"
        ],
        [
            [
                nullable="false"
            ]
            name="public_key_hash"
            type="NVARCHAR(255)"
        ]
    ]
    tableName="pk_hash_to_ext_id_map"
] as 190b235511991d2151d47c903cd91db4
17:43:41.077 [Test worker] DEBUG liquibase - master.changelog.json: migration/vault-schema.changelog-v8.xml::create-external-id-to-state-party-view::R3.Corda: Computed checksum for createIndex:[
    columns=[
        [
            name="public_key_hash"
        ]
    ]
    indexName="pk_hash_to_xid_idx"
    tableName="pk_hash_to_ext_id_map"
] as 1ee9b085d397f1a43f3b474588eddf9f
17:43:41.077 [Test worker] DEBUG liquibase - master.changelog.json: migration/vault-schema.changelog-v8.xml::create-external-id-to-state-party-view::R3.Corda: Computed checksum for createView:[
    selectQuery="select
                state_party.public_key_hash,
                state_party.transaction_id,
                state_party.output_index,
                pk_hash_to_ext_id_map.external_id
            from state_party
            join pk_hash_to_ext_id_map
            on state_party.public_key_hash = pk_hash_to_ext_id_map.public_key_hash"
    viewName="v_pkey_hash_ex_id_map"
] as 439c1337ca50f7fd62b4d377ac192053
17:43:41.077 [Test worker] DEBUG liquibase - master.changelog.json: migration/vault-schema.changelog-v8.xml::create-external-id-to-state-party-view::R3.Corda: Computed checksum for 7:3b063e299ebe197af7a457ea726b2800:7:450b82f224c850f2465386ef7a707b92:7:190b235511991d2151d47c903cd91db4:7:1ee9b085d397f1a43f3b474588eddf9f:7:439c1337ca50f7fd62b4d377ac192053: as 68a2e794e4726e4e40b28753c7a64413
17:43:41.077 [Test worker] DEBUG liquibase - master.changelog.json: migration/node-info.changelog-init.xml::1511451595465-4::R3.Corda: Computed checksum for createTable:[
    columns=[
        [
            [
                nullable="false"
            ]
            name="node_info_id"
            type="INT"
        ],
        [
            [
                nullable="false"
            ]
            name="party_name"
            type="NVARCHAR(255)"
        ]
    ]
    tableName="node_link_nodeinfo_party"
] as 5f0557f6684939cfe82574a45344afd3
17:43:41.096 [Test worker] DEBUG liquibase - master.changelog.json: migration/node-info.changelog-init.xml::1511451595465-4::R3.Corda: Computed checksum for 7:5f0557f6684939cfe82574a45344afd3: as 86561ccea3a7fbbdb311d455076c98a8
17:43:41.099 [Test worker] DEBUG liquibase - master.changelog.json: migration/node-info.changelog-init.xml::1511451595465-10::R3.Corda: Computed checksum for createTable:[
    columns=[
        [
            [
                nullable="false"
            ]
            name="host"
            type="NVARCHAR(255)"
        ],
        [
            [
                nullable="false"
            ]
            name="port"
            type="INT"
        ],
        [
            name="node_info_id"
            type="INT"
        ]
    ]
    tableName="node_info_hosts"
] as 6f08193361f660a382cf54820e056a20
17:43:41.100 [Test worker] DEBUG liquibase - master.changelog.json: migration/node-info.changelog-init.xml::1511451595465-10::R3.Corda: Computed checksum for 7:6f08193361f660a382cf54820e056a20: as 86dcf13717e5dbc4c623523618380bdd
17:43:41.101 [Test worker] DEBUG liquibase - master.changelog.json: migration/node-info.changelog-init.xml::1511451595465-11::R3.Corda: Computed checksum for createTable:[
    columns=[
        [
            [
                nullable="false"
            ]
            name="party_name"
            type="NVARCHAR(255)"
        ],
        [
            [
                nullable="false"
            ]
            name="ismain"
            type="BOOLEAN"
        ],
        [
            name="owning_key_hash"
            type="NVARCHAR(130)"
        ],
        [
            name="party_cert_binary"
            type="blob"
        ]
    ]
    tableName="n... [truncated in log] as 6e371f832176dde950fe6998501cc7aa
17:43:41.103 [Test worker] DEBUG liquibase - master.changelog.json: migration/node-info.changelog-init.xml::1511451595465-11::R3.Corda: Computed checksum for 7:6e371f832176dde950fe6998501cc7aa: as ddf2ea133beca979abcb7e627a37db60
17:43:41.105 [Test worker] DEBUG liquibase - master.changelog.json: migration/node-info.changelog-init.xml::1511451595465-12::R3.Corda: Computed checksum for createTable:[
    columns=[
        [
            [
                nullable="false"
            ]
            name="node_info_id"
            type="INT"
        ],
        [
            name="node_info_hash"
            type="NVARCHAR(64)"
        ],
        [
            name="platform_version"
            type="INT"
        ],
        [
            name="serial"
            type="BIGINT"
        ]
    ]
    tableName="node_infos"
] as c5eb4436bba09a4bfb27e08b68cc57b0
17:43:41.108 [Test worker] DEBUG liquibase - master.changelog.json: migration/node-info.changelog-init.xml::1511451595465-12::R3.Corda: Computed checksum for 7:c5eb4436bba09a4bfb27e08b68cc57b0: as 2a2169c32d87fdc3442c6096740a52a5
17:43:41.109 [Test worker] DEBUG liquibase - master.changelog.json: migration/node-info.changelog-init.xml::1511451595465-35::R3.Corda: Computed checksum for addPrimaryKey:[
    columnNames="host, port"
    constraintName="node_info_hosts_pkey"
    tableName="node_info_hosts"
] as 00c44e883bc12a3353188495f454f0f6
17:43:41.109 [Test worker] DEBUG liquibase - master.changelog.json: migration/node-info.changelog-init.xml::1511451595465-35::R3.Corda: Computed checksum for 7:00c44e883bc12a3353188495f454f0f6: as 5c8230d7f489b4b961c3b52b3335e5ff
17:43:41.109 [Test worker] DEBUG liquibase - master.changelog.json: migration/node-info.changelog-init.xml::1511451595465-36::R3.Corda: Computed checksum for addPrimaryKey:[
    columnNames="party_name"
    constraintName="node_info_party_cert_pkey"
    tableName="node_info_party_cert"
] as 14054c7885bede3bc60af5d2dd08a9c8
17:43:41.110 [Test worker] DEBUG liquibase - master.changelog.json: migration/node-info.changelog-init.xml::1511451595465-36::R3.Corda: Computed checksum for 7:14054c7885bede3bc60af5d2dd08a9c8: as a4293247b9113bb0895d15e212ded67d
17:43:41.110 [Test worker] DEBUG liquibase - master.changelog.json: migration/node-info.changelog-init.xml::1511451595465-37::R3.Corda: Computed checksum for addPrimaryKey:[
    columnNames="node_info_id"
    constraintName="node_infos_pkey"
    tableName="node_infos"
] as 6adf6458b4512d6bc5ca5813c2707e3d
17:43:41.111 [Test worker] DEBUG liquibase - master.changelog.json: migration/node-info.changelog-init.xml::1511451595465-37::R3.Corda: Computed checksum for 7:6adf6458b4512d6bc5ca5813c2707e3d: as 3f7b9e25544e21798cc648d8ab2056b7
17:43:41.124 [Test worker] DEBUG liquibase - master.changelog.json: migration/node-info.changelog-init.xml::1511451595465-62::R3.Corda: Computed checksum for addForeignKeyConstraint:[
    baseColumnNames="node_info_id"
    baseTableName="node_link_nodeinfo_party"
    constraintName="FK__link_nodeinfo_party__infos"
    referencedColumnNames="node_info_id"
    referencedTableName="node_infos"
] as 1a56cab722da6c0a210824ac187fea47
17:43:41.124 [Test worker] DEBUG liquibase - master.changelog.json: migration/node-info.changelog-init.xml::1511451595465-62::R3.Corda: Computed checksum for 7:1a56cab722da6c0a210824ac187fea47: as 64add0a3b0350cfe6fa3de1428a38397
17:43:41.125 [Test worker] DEBUG liquibase - master.changelog.json: migration/node-info.changelog-init.xml::1511451595465-63::R3.Corda: Computed checksum for addForeignKeyConstraint:[
    baseColumnNames="node_info_id"
    baseTableName="node_info_hosts"
    constraintName="FK__info_hosts__infos"
    referencedColumnNames="node_info_id"
    referencedTableName="node_infos"
] as c5982833d4ecc3f6e19b870ef3cdafdc
17:43:41.125 [Test worker] DEBUG liquibase - master.changelog.json: migration/node-info.changelog-init.xml::1511451595465-63::R3.Corda: Computed checksum for 7:c5982833d4ecc3f6e19b870ef3cdafdc: as 6ea0c3bb234d14956401b6b281531832
17:43:41.126 [Test worker] DEBUG liquibase - master.changelog.json: migration/node-info.changelog-init.xml::remove_host_port_pk::R3.Corda: Computed checksum for delete:[
    tableName="node_infos"
] as 88f0f3be4f28bb97a4eff8bb6c643615
17:43:41.126 [Test worker] DEBUG liquibase - master.changelog.json: migration/node-info.changelog-init.xml::remove_host_port_pk::R3.Corda: Computed checksum for delete:[
    tableName="node_link_nodeinfo_party"
] as 8ae8d78f410d9978c57e0e7d4383c311
17:43:41.126 [Test worker] DEBUG liquibase - master.changelog.json: migration/node-info.changelog-init.xml::remove_host_port_pk::R3.Corda: Computed checksum for delete:[
    tableName="node_info_hosts"
] as c66698861dc70f2bc2f0d1aefc556a8b
17:43:41.126 [Test worker] DEBUG liquibase - master.changelog.json: migration/node-info.changelog-init.xml::remove_host_port_pk::R3.Corda: Computed checksum for delete:[
    tableName="node_info_party_cert"
] as f57d560d22a52dd192fdb3fbbb679576
17:43:41.127 [Test worker] DEBUG liquibase - master.changelog.json: migration/node-info.changelog-init.xml::remove_host_port_pk::R3.Corda: Computed checksum for dropPrimaryKey:[
    constraintName="node_info_hosts_pkey"
    tableName="node_info_hosts"
] as 8b8f98fcef92cc953b306c56fe61762f
17:43:41.128 [Test worker] DEBUG liquibase - master.changelog.json: migration/node-info.changelog-init.xml::remove_host_port_pk::R3.Corda: Computed checksum for addColumn:[
    columns=[
        [
            [
                nullable="false"
            ]
            name="hosts_id"
            type="INT"
        ]
    ]
    tableName="node_info_hosts"
] as 2bc19defe8eb317936eb134f5cf66983
17:43:41.128 [Test worker] DEBUG liquibase - master.changelog.json: migration/node-info.changelog-init.xml::remove_host_port_pk::R3.Corda: Computed checksum for addPrimaryKey:[
    columnNames="hosts_id"
    constraintName="node_info_hosts_pkey_id"
    tableName="node_info_hosts"
] as fb8c4f0a4999978cac06928bb4f0134a
17:43:41.128 [Test worker] DEBUG liquibase - master.changelog.json: migration/node-info.changelog-init.xml::remove_host_port_pk::R3.Corda: Computed checksum for 7:88f0f3be4f28bb97a4eff8bb6c643615:7:8ae8d78f410d9978c57e0e7d4383c311:7:c66698861dc70f2bc2f0d1aefc556a8b:7:f57d560d22a52dd192fdb3fbbb679576:7:8b8f98fcef92cc953b306c56fe61762f:7:2bc19defe8eb317936eb134f5cf66983:7:fb8c4f0a4999978cac06928bb4f0134a: as cb733f12ced82860fd296bb0c94c5072
17:43:41.129 [Test worker] DEBUG liquibase - master.changelog.json: migration/node-info.changelog-v1.xml::key/value node properties table::R3.Corda: Computed checksum for createTable:[
    columns=[
        [
            [
                nullable="false"
            ]
            name="property_key"
            type="NVARCHAR(255)"
        ],
        [
            name="property_value"
            type="NVARCHAR(255)"
        ]
    ]
    tableName="node_properties"
] as 17113a8df38982bab57e5f97485915b2
17:43:41.129 [Test worker] DEBUG liquibase - master.changelog.json: migration/node-info.changelog-v1.xml::key/value node properties table::R3.Corda: Computed checksum for 7:17113a8df38982bab57e5f97485915b2: as 05241b402dd60a4e1eeb86ad6c5eff9e
17:43:41.129 [Test worker] DEBUG liquibase - master.changelog.json: migration/node-info.changelog-v2.xml::1525962920::R3.Corda: Computed checksum for addNotNullConstraint:[
    columnDataType="NVARCHAR(64)"
    columnName="node_info_hash"
    tableName="node_infos"
] as 736d3fb9862e810788216a889c726699
17:43:41.130 [Test worker] DEBUG liquibase - master.changelog.json: migration/node-info.changelog-v2.xml::1525962920::R3.Corda: Computed checksum for addNotNullConstraint:[
    columnDataType="INT"
    columnName="platform_version"
    tableName="node_infos"
] as 76d2d2c9dd1c6954d572cd5a4d47366e
17:43:41.130 [Test worker] DEBUG liquibase - master.changelog.json: migration/node-info.changelog-v2.xml::1525962920::R3.Corda: Computed checksum for addNotNullConstraint:[
    columnDataType="BIGINT"
    columnName="serial"
    tableName="node_infos"
] as 26157af814171c1d3bd6f883bb5c39e8
17:43:41.130 [Test worker] DEBUG liquibase - master.changelog.json: migration/node-info.changelog-v2.xml::1525962920::R3.Corda: Computed checksum for dropNotNullConstraint:[
    columnDataType="NVARCHAR(255)"
    columnName="host"
    tableName="node_info_hosts"
] as 603a060f34f7e4bd2d4bff3b8a6621af
17:43:41.130 [Test worker] DEBUG liquibase - master.changelog.json: migration/node-info.changelog-v2.xml::1525962920::R3.Corda: Computed checksum for dropNotNullConstraint:[
    columnDataType="INT"
    columnName="port"
    tableName="node_info_hosts"
] as 1ad496134a62a18677ebb23168117bbe
17:43:41.130 [Test worker] DEBUG liquibase - master.changelog.json: migration/node-info.changelog-v2.xml::1525962920::R3.Corda: Computed checksum for addNotNullConstraint:[
    columnDataType="NVARCHAR(130)"
    columnName="owning_key_hash"
    tableName="node_info_party_cert"
] as eb00d90a19da5f3ab4970aa0b2674aae
17:43:41.131 [Test worker] DEBUG liquibase - master.changelog.json: migration/node-info.changelog-v2.xml::1525962920::R3.Corda: Computed checksum for addNotNullConstraint:[
    columnDataType="blob"
    columnName="party_cert_binary"
    tableName="node_info_party_cert"
] as 25f38c720c603b2dea35550bedab555a
17:43:41.131 [Test worker] DEBUG liquibase - master.changelog.json: migration/node-info.changelog-v2.xml::1525962920::R3.Corda: Computed checksum for 7:736d3fb9862e810788216a889c726699:7:76d2d2c9dd1c6954d572cd5a4d47366e:7:26157af814171c1d3bd6f883bb5c39e8:7:603a060f34f7e4bd2d4bff3b8a6621af:7:1ad496134a62a18677ebb23168117bbe:7:eb00d90a19da5f3ab4970aa0b2674aae:7:25f38c720c603b2dea35550bedab555a: as c3fd83668d5ed4acdefcad3f90944935
17:43:41.131 [Test worker] DEBUG liquibase - master.changelog.json: migration/node-info.changelog-v3.xml::column_host_name::R3.Corda: Computed checksum for renameColumn:[
    newColumnName="host_name"
    oldColumnName="host"
    tableName="node_info_hosts"
] as 2492206013627f2b53e89a302025675a
17:43:41.131 [Test worker] DEBUG liquibase - master.changelog.json: migration/node-info.changelog-v3.xml::column_host_name::R3.Corda: Computed checksum for 7:2492206013627f2b53e89a302025675a: as fc4ceb3b82e44070da1fff49a7b5cccb
17:43:41.132 [Test worker] DEBUG liquibase - master.changelog.json: migration/node-services.changelog-init.xml::1511451595465-5::R3.Corda: Computed checksum for createTable:[
    columns=[
        [
            [
                nullable="false"
            ]
            name="att_id"
            type="NVARCHAR(255)"
        ],
        [
            name="content"
            type="blob"
        ],
        [
            name="filename"
            type="NVARCHAR(255)"
        ],
        [
            [
                nullable="false"
            ]
            name="insertion_date"
            type="timestamp"
        ],
        [
            name="uplo... [truncated in log] as 7eb17f5047b5f49e47197095dde1065c
17:43:41.132 [Test worker] DEBUG liquibase - master.changelog.json: migration/node-services.changelog-init.xml::1511451595465-5::R3.Corda: Computed checksum for 7:7eb17f5047b5f49e47197095dde1065c: as 464a5bbaf24fe78716c38c544dc81f3c
17:43:41.133 [Test worker] DEBUG liquibase - master.changelog.json: migration/node-services.changelog-init.xml::1511451595465-7::R3.Corda: Computed checksum for createTable:[
    columns=[
        [
            [
                nullable="false"
            ]
            name="checkpoint_id"
            type="NVARCHAR(64)"
        ],
        [
            name="checkpoint_value"
            type="blob"
        ]
    ]
    tableName="node_checkpoints"
] as 4f2d38f516c2eeb1483d86b4a25f26c6
17:43:41.133 [Test worker] DEBUG liquibase - master.changelog.json: migration/node-services.changelog-init.xml::1511451595465-7::R3.Corda: Computed checksum for 7:4f2d38f516c2eeb1483d86b4a25f26c6: as 2870aa3a468e81bab1cd24ac70ca2163
17:43:41.134 [Test worker] DEBUG liquibase - master.changelog.json: migration/node-services.changelog-init.xml::1511451595465-8::R3.Corda: Computed checksum for createTable:[
    columns=[
        [
            [
                nullable="false"
            ]
            name="state_ref"
            type="NVARCHAR(96)"
        ],
        [
            name="contract_class_name"
            type="NVARCHAR(255)"
        ]
    ]
    tableName="node_contract_upgrades"
] as bf4885aea883ac63c151d7d01a760dc1
17:43:41.134 [Test worker] DEBUG liquibase - master.changelog.json: migration/node-services.changelog-init.xml::1511451595465-8::R3.Corda: Computed checksum for 7:bf4885aea883ac63c151d7d01a760dc1: as bf156b1c48e915e7d8090d5162e31c02
17:43:41.135 [Test worker] DEBUG liquibase - master.changelog.json: migration/node-services.changelog-init.xml::1511451595465-9::R3.Corda: Computed checksum for createTable:[
    columns=[
        [
            [
                nullable="false"
            ]
            name="pk_hash"
            type="NVARCHAR(130)"
        ],
        [
            name="identity_value"
            type="blob"
        ]
    ]
    tableName="node_identities"
] as 64ced0b8682a33911d574622be63a98d
17:43:41.135 [Test worker] DEBUG liquibase - master.changelog.json: migration/node-services.changelog-init.xml::1511451595465-9::R3.Corda: Computed checksum for 7:64ced0b8682a33911d574622be63a98d: as ea04cf1cc4ea1112c4cbbf932bc51c56
17:43:41.135 [Test worker] DEBUG liquibase - master.changelog.json: migration/node-services.changelog-init.xml::1511451595465-13::R3.Corda: Computed checksum for createTable:[
    columns=[
        [
            [
                nullable="false"
            ]
            name="message_id"
            type="NVARCHAR(64)"
        ],
        [
            name="insertion_time"
            type="timestamp"
        ]
    ]
    tableName="node_message_ids"
] as 32260ae57d06eabdf47f4f4d600577ce
17:43:41.135 [Test worker] DEBUG liquibase - master.changelog.json: migration/node-services.changelog-init.xml::1511451595465-13::R3.Corda: Computed checksum for 7:32260ae57d06eabdf47f4f4d600577ce: as 340ca6c0b7c87b663b0449535b082f80
17:43:41.136 [Test worker] DEBUG liquibase - master.changelog.json: migration/node-services.changelog-init.xml::1511451595465-14::R3.Corda: Computed checksum for createTable:[
    columns=[
        [
            [
                nullable="false"
            ]
            name="message_id"
            type="BIGINT"
        ],
        [
            name="message"
            type="blob"
        ],
        [
            name="recipients"
            type="blob"
        ]
    ]
    tableName="node_message_retry"
] as c87f1cec41d842caa66dd71a14a6fa34
17:43:41.136 [Test worker] DEBUG liquibase - master.changelog.json: migration/node-services.changelog-init.xml::1511451595465-14::R3.Corda: Computed checksum for 7:c87f1cec41d842caa66dd71a14a6fa34: as 1dc64c73807569fb04c10a9b2d760ff0
17:43:41.138 [Test worker] DEBUG liquibase - master.changelog.json: migration/node-services.changelog-init.xml::1511451595465-15::R3.Corda: Computed checksum for createTable:[
    columns=[
        [
            [
                nullable="false"
            ]
            name="name"
            type="NVARCHAR(128)"
        ],
        [
            name="pk_hash"
            type="NVARCHAR(130)"
        ]
    ]
    tableName="node_named_identities"
] as 9ba9555dab34db960c8083672afee328
17:43:41.138 [Test worker] DEBUG liquibase - master.changelog.json: migration/node-services.changelog-init.xml::1511451595465-15::R3.Corda: Computed checksum for 7:9ba9555dab34db960c8083672afee328: as 108b7d395f7fb3cfc8ce4e364c4008a5
17:43:41.139 [Test worker] DEBUG liquibase - master.changelog.json: migration/node-services.changelog-init.xml::1511451595465-17::R3.Corda: Computed checksum for createTable:[
    columns=[
        [
            [
                nullable="false"
            ]
            name="public_key_hash"
            type="NVARCHAR(130)"
        ],
        [
            name="private_key"
            type="blob"
        ],
        [
            name="public_key"
            type="blob"
        ]
    ]
    tableName="node_our_key_pairs"
] as afc7fa2555c800c74f9ca1b41689a048
17:43:41.139 [Test worker] DEBUG liquibase - master.changelog.json: migration/node-services.changelog-init.xml::1511451595465-17::R3.Corda: Computed checksum for 7:afc7fa2555c800c74f9ca1b41689a048: as a8b4ae7170f56f1df8a23b530bef4dd1
17:43:41.140 [Test worker] DEBUG liquibase - master.changelog.json: migration/node-services.changelog-init.xml::1511451595465-19::R3.Corda: Computed checksum for createTable:[
    columns=[
        [
            [
                nullable="false"
            ]
            name="output_index"
            type="INT"
        ],
        [
            [
                nullable="false"
            ]
            name="transaction_id"
            type="NVARCHAR(64)"
        ],
        [
            [
                nullable="false"
            ]
            name="scheduled_at"
            type="timestamp"
        ]
    ]
    tableName="node_scheduled_states"
] as defd113d95e94bcd27bcdeb3a96be38b
17:43:41.140 [Test worker] DEBUG liquibase - master.changelog.json: migration/node-services.changelog-init.xml::1511451595465-19::R3.Corda: Computed checksum for 7:defd113d95e94bcd27bcdeb3a96be38b: as 2aaf3df7bdbea9c71aa8bea4e14f11ef
17:43:41.141 [Test worker] DEBUG liquibase - master.changelog.json: migration/node-services.changelog-init.xml::1511451595465-20::R3.Corda: Computed checksum for createTable:[
    columns=[
        [
            [
                nullable="false"
            ]
            name="tx_id"
            type="NVARCHAR(64)"
        ],
        [
            name="state_machine_run_id"
            type="NVARCHAR(36)"
        ]
    ]
    tableName="node_transaction_mappings"
] as a98109c55addd90e480a6fc1ecb48d1d
17:43:41.141 [Test worker] DEBUG liquibase - master.changelog.json: migration/node-services.changelog-init.xml::1511451595465-20::R3.Corda: Computed checksum for 7:a98109c55addd90e480a6fc1ecb48d1d: as f003464d28fe934c636b24e7c72d9c27
17:43:41.142 [Test worker] DEBUG liquibase - master.changelog.json: migration/node-services.changelog-init.xml::1511451595465-21::R3.Corda: Computed checksum for createTable:[
    columns=[
        [
            [
                nullable="false"
            ]
            name="tx_id"
            type="NVARCHAR(64)"
        ],
        [
            name="transaction_value"
            type="blob"
        ]
    ]
    tableName="node_transactions"
] as af8f3c1c7978f86414e864bc0bb9d453
17:43:41.142 [Test worker] DEBUG liquibase - master.changelog.json: migration/node-services.changelog-init.xml::1511451595465-21::R3.Corda: Computed checksum for 7:af8f3c1c7978f86414e864bc0bb9d453: as 8b167e9074e47be66c742aec5661b5d1
17:43:41.143 [Test worker] DEBUG liquibase - master.changelog.json: migration/node-services.changelog-init.xml::1511451595465-30::R3.Corda: Computed checksum for addPrimaryKey:[
    columnNames="att_id"
    constraintName="node_attachments_pkey"
    tableName="node_attachments"
] as 96b8c8009c4a24b06c8ecd3048142128
17:43:41.143 [Test worker] DEBUG liquibase - master.changelog.json: migration/node-services.changelog-init.xml::1511451595465-30::R3.Corda: Computed checksum for 7:96b8c8009c4a24b06c8ecd3048142128: as 4aa12646e41346c10ae1d18b43468b3e
17:43:41.143 [Test worker] DEBUG liquibase - master.changelog.json: migration/node-services.changelog-init.xml::1511451595465-32::R3.Corda: Computed checksum for addPrimaryKey:[
    columnNames="checkpoint_id"
    constraintName="node_checkpoints_pkey"
    tableName="node_checkpoints"
] as 26e60c36f3099cb85a85082b388391c2
17:43:41.143 [Test worker] DEBUG liquibase - master.changelog.json: migration/node-services.changelog-init.xml::1511451595465-32::R3.Corda: Computed checksum for 7:26e60c36f3099cb85a85082b388391c2: as fa0f2ed27615a3fd2b799bb27b447a36
17:43:41.143 [Test worker] DEBUG liquibase - master.changelog.json: migration/node-services.changelog-init.xml::1511451595465-33::R3.Corda: Computed checksum for addPrimaryKey:[
    columnNames="state_ref"
    constraintName="node_contract_upgrades_pkey"
    tableName="node_contract_upgrades"
] as d4c28cd597e7a32cd0d9f3d2a4104650
17:43:41.143 [Test worker] DEBUG liquibase - master.changelog.json: migration/node-services.changelog-init.xml::1511451595465-33::R3.Corda: Computed checksum for 7:d4c28cd597e7a32cd0d9f3d2a4104650: as 37e38ccee8d375f364abca393727eec7
17:43:41.144 [Test worker] DEBUG liquibase - master.changelog.json: migration/node-services.changelog-init.xml::1511451595465-34::R3.Corda: Computed checksum for addPrimaryKey:[
    columnNames="pk_hash"
    constraintName="node_identities_pkey"
    tableName="node_identities"
] as 18ff03ab4c5827e642ce637c7155bd78
17:43:41.144 [Test worker] DEBUG liquibase - master.changelog.json: migration/node-services.changelog-init.xml::1511451595465-34::R3.Corda: Computed checksum for 7:18ff03ab4c5827e642ce637c7155bd78: as 43d4f1fd6b4b69fcd6b046d8806c8f50
17:43:41.144 [Test worker] DEBUG liquibase - master.changelog.json: migration/node-services.changelog-init.xml::1511451595465-38::R3.Corda: Computed checksum for addPrimaryKey:[
    columnNames="message_id"
    constraintName="node_message_ids_pkey"
    tableName="node_message_ids"
] as 5350f5a01fe53cad542ce506faf827a5
17:43:41.144 [Test worker] DEBUG liquibase - master.changelog.json: migration/node-services.changelog-init.xml::1511451595465-38::R3.Corda: Computed checksum for 7:5350f5a01fe53cad542ce506faf827a5: as 37825d1c920089f5d1d8667fae2a0770
17:43:41.144 [Test worker] DEBUG liquibase - master.changelog.json: migration/node-services.changelog-init.xml::1511451595465-39::R3.Corda: Computed checksum for addPrimaryKey:[
    columnNames="message_id"
    constraintName="node_message_retry_pkey"
    tableName="node_message_retry"
] as 05c5906d403843ddbc494dc9314c47db
17:43:41.144 [Test worker] DEBUG liquibase - master.changelog.json: migration/node-services.changelog-init.xml::1511451595465-39::R3.Corda: Computed checksum for 7:05c5906d403843ddbc494dc9314c47db: as 7cc6fa875e39740c709235ff27960561
17:43:41.145 [Test worker] DEBUG liquibase - master.changelog.json: migration/node-services.changelog-init.xml::1511451595465-40::R3.Corda: Computed checksum for addPrimaryKey:[
    columnNames="name"
    constraintName="node_named_identities_pkey"
    tableName="node_named_identities"
] as 64274859807014ee0d62867ef274028a
17:43:41.145 [Test worker] DEBUG liquibase - master.changelog.json: migration/node-services.changelog-init.xml::1511451595465-40::R3.Corda: Computed checksum for 7:64274859807014ee0d62867ef274028a: as 9fac7485c58064b7e7ddce0bd1af86c4
17:43:41.145 [Test worker] DEBUG liquibase - master.changelog.json: migration/node-services.changelog-init.xml::1511451595465-42::R3.Corda: Computed checksum for addPrimaryKey:[
    columnNames="public_key_hash"
    constraintName="node_our_key_pairs_pkey"
    tableName="node_our_key_pairs"
] as 2dc24802cacd1ecc9195c88381d1e14a
17:43:41.145 [Test worker] DEBUG liquibase - master.changelog.json: migration/node-services.changelog-init.xml::1511451595465-42::R3.Corda: Computed checksum for 7:2dc24802cacd1ecc9195c88381d1e14a: as e3644c4b7315958cfb3a3cd4a3f40946
17:43:41.145 [Test worker] DEBUG liquibase - master.changelog.json: migration/node-services.changelog-init.xml::1511451595465-44::R3.Corda: Computed checksum for addPrimaryKey:[
    columnNames="output_index, transaction_id"
    constraintName="node_scheduled_states_pkey"
    tableName="node_scheduled_states"
] as 4c77187a59774106bd1e1d37d89ae1f1
17:43:41.145 [Test worker] DEBUG liquibase - master.changelog.json: migration/node-services.changelog-init.xml::1511451595465-44::R3.Corda: Computed checksum for 7:4c77187a59774106bd1e1d37d89ae1f1: as 122e6cc40f7e50d8c9ffeb46861ed786
17:43:41.146 [Test worker] DEBUG liquibase - master.changelog.json: migration/node-services.changelog-init.xml::1511451595465-45::R3.Corda: Computed checksum for addPrimaryKey:[
    columnNames="tx_id"
    constraintName="node_transaction_mappings_pkey"
    tableName="node_transaction_mappings"
] as 8cc604e43605d57ebbd96b86580c421d
17:43:41.146 [Test worker] DEBUG liquibase - master.changelog.json: migration/node-services.changelog-init.xml::1511451595465-45::R3.Corda: Computed checksum for 7:8cc604e43605d57ebbd96b86580c421d: as c4ba1fcc19b22e52678633b13053eaa1
17:43:41.146 [Test worker] DEBUG liquibase - master.changelog.json: migration/node-services.changelog-init.xml::1511451595465-46::R3.Corda: Computed checksum for addPrimaryKey:[
    columnNames="tx_id"
    constraintName="node_transactions_pkey"
    tableName="node_transactions"
] as 4965c0f02c5ff2bc61985685f3256218
17:43:41.146 [Test worker] DEBUG liquibase - master.changelog.json: migration/node-services.changelog-init.xml::1511451595465-46::R3.Corda: Computed checksum for 7:4965c0f02c5ff2bc61985685f3256218: as 1a41a33c68c6f56be99cbfa9af7c2646
17:43:41.150 [Test worker] DEBUG liquibase - master.changelog.json: migration/node-services.changelog-init.xml::1511451595465-61::R3.Corda: Computed checksum for addForeignKeyConstraint:[
    baseColumnNames="party_name"
    baseTableName="node_link_nodeinfo_party"
    constraintName="FK__link_ni_p__info_p_cert"
    referencedColumnNames="party_name"
    referencedTableName="node_info_party_cert"
] as 44f7bd5dcfc33807eef117a55a62eef7
17:43:41.150 [Test worker] DEBUG liquibase - master.changelog.json: migration/node-services.changelog-init.xml::1511451595465-61::R3.Corda: Computed checksum for 7:44f7bd5dcfc33807eef117a55a62eef7: as f753db641a982caad48d7169dafbc854
17:43:41.150 [Test worker] DEBUG liquibase - master.changelog.json: migration/node-services.changelog-init.xml::add index att_id::R3.Corda: Computed checksum for createIndex:[
    columns=[
        [
            name="att_id"
        ]
    ]
    indexName="att_id_idx"
    tableName="node_attachments"
] as 52e7146df14351ff7556f6d45bd4fabd
17:43:41.150 [Test worker] DEBUG liquibase - master.changelog.json: migration/node-services.changelog-init.xml::add index att_id::R3.Corda: Computed checksum for 7:52e7146df14351ff7556f6d45bd4fabd: as 302188110e9124abd4ef58020255fbb0
17:43:41.151 [Test worker] DEBUG liquibase - master.changelog.json: migration/node-services.changelog-init.xml::add_contract_attachment::R3.Corda: Computed checksum for createTable:[
    columns=[
        [
            [
                nullable="false"
            ]
            name="att_id"
            type="NVARCHAR(255)"
        ],
        [
            name="contract_class_name"
            type="NVARCHAR(255)"
        ]
    ]
    tableName="node_attchments_contracts"
] as 184098a87199f7fd6863799c29181b39
17:43:41.151 [Test worker] DEBUG liquibase - master.changelog.json: migration/node-services.changelog-init.xml::add_contract_attachment::R3.Corda: Computed checksum for addForeignKeyConstraint:[
    baseColumnNames="att_id"
    baseTableName="node_attchments_contracts"
    constraintName="FK__ctr_class__attachments"
    referencedColumnNames="att_id"
    referencedTableName="node_attachments"
] as f50a4be698e1b1efc9e456d8a396f45d
17:43:41.151 [Test worker] DEBUG liquibase - master.changelog.json: migration/node-services.changelog-init.xml::add_contract_attachment::R3.Corda: Computed checksum for delete:[
    tableName="node_attachments"
] as 6ab2de0f26c32b87fd416f7bb0b2041a
17:43:41.152 [Test worker] DEBUG liquibase - master.changelog.json: migration/node-services.changelog-init.xml::add_contract_attachment::R3.Corda: Computed checksum for 7:184098a87199f7fd6863799c29181b39:7:f50a4be698e1b1efc9e456d8a396f45d:7:6ab2de0f26c32b87fd416f7bb0b2041a: as 2cfbc6a84cfcd7b8ce011b58aa70f584
17:43:41.152 [Test worker] DEBUG liquibase - master.changelog.json: migration/node-services.changelog-init.xml::add_dedup_columns::R3.Corda: Computed checksum for addColumn:[
    columns=[
        [
            name="sender"
            type="NVARCHAR(64)"
        ],
        [
            name="sequence_number"
            type="BIGINT"
        ]
    ]
    tableName="node_message_ids"
] as 52d08b6e53239379a1a266904ac87a23
17:43:41.152 [Test worker] DEBUG liquibase - master.changelog.json: migration/node-services.changelog-init.xml::add_dedup_columns::R3.Corda: Computed checksum for 7:52d08b6e53239379a1a266904ac87a23: as 376ede2552aa97e8abf9d9a808c16692
17:43:41.153 [Test worker] DEBUG liquibase - master.changelog.json: migration/node-core.changelog-v4.xml::attchments_rename::R3.Corda: Computed checksum for renameTable:[
    newTableName="node_attachments_contracts"
    oldTableName="node_attchments_contracts"
] as 0356ef37e1bbbe5465248f9614a94dd3
17:43:41.153 [Test worker] DEBUG liquibase - master.changelog.json: migration/node-core.changelog-v4.xml::attchments_rename::R3.Corda: Computed checksum for 7:0356ef37e1bbbe5465248f9614a94dd3: as 9c9553fbc45dfa0ec2117a113b1bfb13
17:43:41.154 [Test worker] DEBUG liquibase - master.changelog.json: migration/node-core.changelog-v4.xml::nullability::R3.Corda: Computed checksum for addNotNullConstraint:[
    columnDataType="blob"
    columnName="identity_value"
    tableName="node_identities"
] as 0ff1c74277be0f57d8da467bd3af81ba
17:43:41.154 [Test worker] DEBUG liquibase - master.changelog.json: migration/node-core.changelog-v4.xml::nullability::R3.Corda: Computed checksum for addNotNullConstraint:[
    columnDataType="blob"
    columnName="content"
    tableName="node_attachments"
] as dd563134d4976b0fc550563a3a9547d0
17:43:41.154 [Test worker] DEBUG liquibase - master.changelog.json: migration/node-core.changelog-v4.xml::nullability::R3.Corda: Computed checksum for addNotNullConstraint:[
    columnDataType="NVARCHAR(255)"
    columnName="contract_class_name"
    tableName="node_attachments_contracts"
] as fcbb1bca17f3fdbb18a1857897fc06f5
17:43:41.154 [Test worker] DEBUG liquibase - master.changelog.json: migration/node-core.changelog-v4.xml::nullability::R3.Corda: Computed checksum for addNotNullConstraint:[
    columnDataType="blob"
    columnName="checkpoint_value"
    tableName="node_checkpoints"
] as 58c19f5fa79bba98f82a37d6f4b5a6b9
17:43:41.154 [Test worker] DEBUG liquibase - master.changelog.json: migration/node-core.changelog-v4.xml::nullability::R3.Corda: Computed checksum for addNotNullConstraint:[
    columnDataType="NVARCHAR(255)"
    columnName="contract_class_name"
    tableName="node_contract_upgrades"
] as c29d2d41b0a68e07a140a2368ba5bba1
17:43:41.155 [Test worker] DEBUG liquibase - master.changelog.json: migration/node-core.changelog-v4.xml::nullability::R3.Corda: Computed checksum for addNotNullConstraint:[
    columnDataType="timestamp"
    columnName="insertion_time"
    tableName="node_message_ids"
] as 790718a410431aa28f9264789001ba45
17:43:41.155 [Test worker] DEBUG liquibase - master.changelog.json: migration/node-core.changelog-v4.xml::nullability::R3.Corda: Computed checksum for addNotNullConstraint:[
    columnDataType="blob"
    columnName="message"
    tableName="node_message_retry"
] as 1898ae47388ec4edef20156ecfff9aac
17:43:41.155 [Test worker] DEBUG liquibase - master.changelog.json: migration/node-core.changelog-v4.xml::nullability::R3.Corda: Computed checksum for addNotNullConstraint:[
    columnDataType="blob"
    columnName="recipients"
    tableName="node_message_retry"
] as c8e6a209afb71510082c39b6585beccf
17:43:41.155 [Test worker] DEBUG liquibase - master.changelog.json: migration/node-core.changelog-v4.xml::nullability::R3.Corda: Computed checksum for addNotNullConstraint:[
    columnDataType="NVARCHAR(130)"
    columnName="pk_hash"
    tableName="node_named_identities"
] as a8187d893238bffdbf57cdd9d63bfdba
17:43:41.155 [Test worker] DEBUG liquibase - master.changelog.json: migration/node-core.changelog-v4.xml::nullability::R3.Corda: Computed checksum for addNotNullConstraint:[
    columnDataType="blob"
    columnName="private_key"
    tableName="node_our_key_pairs"
] as b2af64a77f468869df53c57ab50eb85b
17:43:41.155 [Test worker] DEBUG liquibase - master.changelog.json: migration/node-core.changelog-v4.xml::nullability::R3.Corda: Computed checksum for addNotNullConstraint:[
    columnDataType="blob"
    columnName="public_key"
    tableName="node_our_key_pairs"
] as 713d90dc7b4029ace717deb55694f4a5
17:43:41.155 [Test worker] DEBUG liquibase - master.changelog.json: migration/node-core.changelog-v4.xml::nullability::R3.Corda: Computed checksum for addNotNullConstraint:[
    columnDataType="NVARCHAR(36)"
    columnName="state_machine_run_id"
    tableName="node_transaction_mappings"
] as 685dff1bf416bfa2574449a7f932d6f1
17:43:41.156 [Test worker] DEBUG liquibase - master.changelog.json: migration/node-core.changelog-v4.xml::nullability::R3.Corda: Computed checksum for addNotNullConstraint:[
    columnDataType="blob"
    columnName="transaction_value"
    tableName="node_transactions"
] as 9f7524707b3715b2aa22a20bc6fcabc5
17:43:41.156 [Test worker] DEBUG liquibase - master.changelog.json: migration/node-core.changelog-v4.xml::nullability::R3.Corda: Computed checksum for 7:0ff1c74277be0f57d8da467bd3af81ba:7:dd563134d4976b0fc550563a3a9547d0:7:fcbb1bca17f3fdbb18a1857897fc06f5:7:58c19f5fa79bba98f82a37d6f4b5a6b9:7:c29d2d41b0a68e07a140a2368ba5bba1:7:790718a410431aa28f9264789001ba45:7:1898ae47388ec4edef20156ecfff9aac:7:c8e6a209afb71510082c39b6585beccf:7:a8187d893238bffdbf57cdd9d63bfdba:7:b2af64a77f468869df53c57ab50eb85b:7:713d90dc7b4029ace717deb55694f4a5:7:685dff1bf416bfa2574449a7f932d6f1:7:9f7524707b3715b2aa22a20bc6fcabc5: as 73b3f89cdd2a42efebeb125648c28191
17:43:41.157 [Test worker] DEBUG liquibase - master.changelog.json: migration/node-core.changelog-v5.xml::remove_unused_node_message_retry::R3.Corda: Computed checksum for dropTable:[
    tableName="node_message_retry"
] as 8907740960b74152d1e573f64f4ce208
17:43:41.157 [Test worker] DEBUG liquibase - master.changelog.json: migration/node-core.changelog-v5.xml::remove_unused_node_message_retry::R3.Corda: Computed checksum for 7:8907740960b74152d1e573f64f4ce208: as cd120ad46e3a88b0eeaa7ffdcf8a0861
17:43:41.157 [Test worker] DEBUG liquibase - master.changelog.json: migration/node-core.changelog-pkey.xml::non-clustered_pk-1::R3.Corda: Computed checksum for dropPrimaryKey:[
    constraintName="node_checkpoints_pkey"
    tableName="node_checkpoints"
] as 9f99a134773f14ab2cbc2cd6f156b603
17:43:41.157 [Test worker] DEBUG liquibase - master.changelog.json: migration/node-core.changelog-pkey.xml::non-clustered_pk-1::R3.Corda: Computed checksum for addPrimaryKey:[
    clustered="false"
    columnNames="checkpoint_id"
    constraintName="node_checkpoints_pkey"
    tableName="node_checkpoints"
] as a18afa1a1a70b87465896c3520a34c84
17:43:41.157 [Test worker] DEBUG liquibase - master.changelog.json: migration/node-core.changelog-pkey.xml::non-clustered_pk-1::R3.Corda: Computed checksum for 7:9f99a134773f14ab2cbc2cd6f156b603:7:a18afa1a1a70b87465896c3520a34c84: as eb9d9d13536371a16c05f8a89051e6b0
17:43:41.157 [Test worker] INFO liquibase - master.changelog.json: migration/node-core.changelog-pkey.xml::non-clustered_pk-1::R3.Corda: Skipping changeSet migration/node-core.changelog-pkey.xml::non-clustered_pk-1::R3.Corda due to validation error(s): clustered is not allowed on h2
17:43:41.157 [Test worker] DEBUG liquibase - master.changelog.json: migration/node-core.changelog-pkey.xml::non-clustered_pk-2::R3.Corda: Computed checksum for dropPrimaryKey:[
    constraintName="node_identities_pkey"
    tableName="node_identities"
] as 605c45e8edd8d52e86e00a89fe2ac35e
17:43:41.158 [Test worker] DEBUG liquibase - master.changelog.json: migration/node-core.changelog-pkey.xml::non-clustered_pk-2::R3.Corda: Computed checksum for addPrimaryKey:[
    clustered="false"
    columnNames="pk_hash"
    constraintName="node_identities_pkey"
    tableName="node_identities"
] as fbf664dd28d0f4f6c49ae6c1fa52bd3e
17:43:41.158 [Test worker] DEBUG liquibase - master.changelog.json: migration/node-core.changelog-pkey.xml::non-clustered_pk-2::R3.Corda: Computed checksum for 7:605c45e8edd8d52e86e00a89fe2ac35e:7:fbf664dd28d0f4f6c49ae6c1fa52bd3e: as d4192425f4f38b39f3b09611028e5c14
17:43:41.158 [Test worker] INFO liquibase - master.changelog.json: migration/node-core.changelog-pkey.xml::non-clustered_pk-2::R3.Corda: Skipping changeSet migration/node-core.changelog-pkey.xml::non-clustered_pk-2::R3.Corda due to validation error(s): clustered is not allowed on h2
17:43:41.158 [Test worker] DEBUG liquibase - master.changelog.json: migration/node-core.changelog-pkey.xml::non-clustered_pk-3::R3.Corda: Computed checksum for dropPrimaryKey:[
    constraintName="node_message_ids_pkey"
    tableName="node_message_ids"
] as ba87180f3d741766134d74212ca6032f
17:43:41.158 [Test worker] DEBUG liquibase - master.changelog.json: migration/node-core.changelog-pkey.xml::non-clustered_pk-3::R3.Corda: Computed checksum for addPrimaryKey:[
    clustered="false"
    columnNames="message_id"
    constraintName="node_message_ids_pkey"
    tableName="node_message_ids"
] as 8aaadb5242637738d617d395100b45a5
17:43:41.158 [Test worker] DEBUG liquibase - master.changelog.json: migration/node-core.changelog-pkey.xml::non-clustered_pk-3::R3.Corda: Computed checksum for 7:ba87180f3d741766134d74212ca6032f:7:8aaadb5242637738d617d395100b45a5: as 9773a095cc1db7ea3a66e7e5565bb58e
17:43:41.158 [Test worker] INFO liquibase - master.changelog.json: migration/node-core.changelog-pkey.xml::non-clustered_pk-3::R3.Corda: Skipping changeSet migration/node-core.changelog-pkey.xml::non-clustered_pk-3::R3.Corda due to validation error(s): clustered is not allowed on h2
17:43:41.168 [Test worker] DEBUG liquibase - master.changelog.json: migration/node-core.changelog-pkey.xml::non-clustered_pk-4::R3.Corda: Computed checksum for dropPrimaryKey:[
    constraintName="node_named_identities_pkey"
    tableName="node_named_identities"
] as d24b036e035ca98e1702e37946c90818
17:43:41.169 [Test worker] DEBUG liquibase - master.changelog.json: migration/node-core.changelog-pkey.xml::non-clustered_pk-4::R3.Corda: Computed checksum for addPrimaryKey:[
    clustered="false"
    columnNames="name"
    constraintName="node_named_identities_pkey"
    tableName="node_named_identities"
] as ae93b29e74c25596344b0d7aa14239b9
17:43:41.169 [Test worker] DEBUG liquibase - master.changelog.json: migration/node-core.changelog-pkey.xml::non-clustered_pk-4::R3.Corda: Computed checksum for 7:d24b036e035ca98e1702e37946c90818:7:ae93b29e74c25596344b0d7aa14239b9: as f1e21d4abffbb24133e752eb9cd6a162
17:43:41.169 [Test worker] INFO liquibase - master.changelog.json: migration/node-core.changelog-pkey.xml::non-clustered_pk-4::R3.Corda: Skipping changeSet migration/node-core.changelog-pkey.xml::non-clustered_pk-4::R3.Corda due to validation error(s): clustered is not allowed on h2
17:43:41.171 [Test worker] DEBUG liquibase - master.changelog.json: migration/node-core.changelog-pkey.xml::non-clustered_pk-5::R3.Corda: Computed checksum for dropPrimaryKey:[
    constraintName="node_our_key_pairs_pkey"
    tableName="node_our_key_pairs"
] as 9ac2cf82fe1a0d3a4afa3f284102f0ed
17:43:41.172 [Test worker] DEBUG liquibase - master.changelog.json: migration/node-core.changelog-pkey.xml::non-clustered_pk-5::R3.Corda: Computed checksum for addPrimaryKey:[
    clustered="false"
    columnNames="public_key_hash"
    constraintName="node_our_key_pairs_pkey"
    tableName="node_our_key_pairs"
] as b30cc3700d89cfc198fe0601af670c55
17:43:41.172 [Test worker] DEBUG liquibase - master.changelog.json: migration/node-core.changelog-pkey.xml::non-clustered_pk-5::R3.Corda: Computed checksum for 7:9ac2cf82fe1a0d3a4afa3f284102f0ed:7:b30cc3700d89cfc198fe0601af670c55: as 4ea09df2dbab99be33f8251a40d1c5a6
17:43:41.173 [Test worker] INFO liquibase - master.changelog.json: migration/node-core.changelog-pkey.xml::non-clustered_pk-5::R3.Corda: Skipping changeSet migration/node-core.changelog-pkey.xml::non-clustered_pk-5::R3.Corda due to validation error(s): clustered is not allowed on h2
17:43:41.173 [Test worker] DEBUG liquibase - master.changelog.json: migration/node-core.changelog-pkey.xml::non-clustered_pk-6::R3.Corda: Computed checksum for dropPrimaryKey:[
    constraintName="node_transaction_mappings_pkey"
    tableName="node_transaction_mappings"
] as 983db0cc88ef50f6461218ae4c516eed
17:43:41.174 [Test worker] DEBUG liquibase - master.changelog.json: migration/node-core.changelog-pkey.xml::non-clustered_pk-6::R3.Corda: Computed checksum for addPrimaryKey:[
    clustered="false"
    columnNames="tx_id"
    constraintName="node_transaction_mappings_pkey"
    tableName="node_transaction_mappings"
] as dcb9146c1054916a8af5a4fb2f9152e2
17:43:41.174 [Test worker] DEBUG liquibase - master.changelog.json: migration/node-core.changelog-pkey.xml::non-clustered_pk-6::R3.Corda: Computed checksum for 7:983db0cc88ef50f6461218ae4c516eed:7:dcb9146c1054916a8af5a4fb2f9152e2: as cb349ad07d3039e6d7d2f184988b954f
17:43:41.174 [Test worker] INFO liquibase - master.changelog.json: migration/node-core.changelog-pkey.xml::non-clustered_pk-6::R3.Corda: Skipping changeSet migration/node-core.changelog-pkey.xml::non-clustered_pk-6::R3.Corda due to validation error(s): clustered is not allowed on h2
17:43:41.175 [Test worker] DEBUG liquibase - master.changelog.json: migration/node-core.changelog-pkey.xml::non-clustered_pk-7::R3.Corda: Computed checksum for dropPrimaryKey:[
    constraintName="node_transactions_pkey"
    tableName="node_transactions"
] as f422783d78c2f5d16738c611e1317bf1
17:43:41.175 [Test worker] DEBUG liquibase - master.changelog.json: migration/node-core.changelog-pkey.xml::non-clustered_pk-7::R3.Corda: Computed checksum for addPrimaryKey:[
    clustered="false"
    columnNames="tx_id"
    constraintName="node_transactions_pkey"
    tableName="node_transactions"
] as 457dcb0ccf83fa48cc8a9643c91b9ad4
17:43:41.175 [Test worker] DEBUG liquibase - master.changelog.json: migration/node-core.changelog-pkey.xml::non-clustered_pk-7::R3.Corda: Computed checksum for 7:f422783d78c2f5d16738c611e1317bf1:7:457dcb0ccf83fa48cc8a9643c91b9ad4: as 97c3ef240152c18129859ea5ae999c9e
17:43:41.175 [Test worker] INFO liquibase - master.changelog.json: migration/node-core.changelog-pkey.xml::non-clustered_pk-7::R3.Corda: Skipping changeSet migration/node-core.changelog-pkey.xml::non-clustered_pk-7::R3.Corda due to validation error(s): clustered is not allowed on h2
17:43:41.176 [Test worker] DEBUG liquibase - master.changelog.json: migration/node-core.changelog-v8.xml::conditional_attchments_rename::R3.Corda: Computed checksum for renameTable:[
    newTableName="NODE_ATTACHMENTS_CONTRACTS"
    oldTableName="NODE_ATTCHMENTS_CONTRACTS"
] as 0dba1c02ba10df0f9c88e1631299486e
17:43:41.176 [Test worker] DEBUG liquibase - master.changelog.json: migration/node-core.changelog-v8.xml::conditional_attchments_rename::R3.Corda: Computed checksum for 7:0dba1c02ba10df0f9c88e1631299486e: as c7fcf1b072eb8882179623895abd6a53
17:43:41.177 [Test worker] DEBUG liquibase - master.changelog.json: migration/node-core.changelog-v8.xml::conditional_attchments_contracts::R3.Corda: Computed checksum for renameTable:[
    newTableName="NODE_ATTACHMENTS_CONTRACTS"
    oldTableName="NODE_ATTACHMENTS_CONTRACT_CLASS_NAME"
] as ae58ab3570282cf1723e82df8647178c
17:43:41.177 [Test worker] DEBUG liquibase - master.changelog.json: migration/node-core.changelog-v8.xml::conditional_attchments_contracts::R3.Corda: Computed checksum for 7:ae58ab3570282cf1723e82df8647178c: as 9ec85543b6baac8a877ad21f063a5b13
17:43:41.177 [Test worker] DEBUG liquibase - master.changelog.json: migration/node-core.changelog-v8.xml::add_signers::R3.Corda: Computed checksum for createTable:[
    columns=[
        [
            [
                nullable="false"
            ]
            name="att_id"
            type="NVARCHAR(255)"
        ],
        [
            name="signer"
            type="NVARCHAR(1024)"
        ]
    ]
    tableName="node_attachments_signers"
] as ec83f8cd0344429668e5c2aedd0b2ab3
17:43:41.179 [Test worker] DEBUG liquibase - master.changelog.json: migration/node-core.changelog-v8.xml::add_signers::R3.Corda: Computed checksum for addForeignKeyConstraint:[
    baseColumnNames="att_id"
    baseTableName="node_attachments_signers"
    constraintName="FK__signers__attachments"
    referencedColumnNames="att_id"
    referencedTableName="node_attachments"
] as e86b87f9584ab73e9b56daa91c983050
17:43:41.179 [Test worker] DEBUG liquibase - master.changelog.json: migration/node-core.changelog-v8.xml::add_signers::R3.Corda: Computed checksum for 7:ec83f8cd0344429668e5c2aedd0b2ab3:7:e86b87f9584ab73e9b56daa91c983050: as d1356cd65d19937b81284ea078998d84
17:43:41.180 [Test worker] DEBUG liquibase - master.changelog.json: migration/node-core.changelog-tx-mapping.xml::add_tx_mapping_column::R3.Corda: Computed checksum for addColumn:[
    columns=[
        [
            [
                nullable="true"
            ]
            name="state_machine_run_id"
            type="NVARCHAR(36)"
        ]
    ]
    tableName="node_transactions"
] as 5fdebff63e6f64287935a2e65414d2a3
17:43:41.183 [Test worker] DEBUG liquibase - master.changelog.json: migration/node-core.changelog-tx-mapping.xml::add_tx_mapping_column::R3.Corda: Computed checksum for inputStream as a8472f5cf0c2c13303109942b6dbce69
17:43:41.183 [Test worker] DEBUG liquibase - master.changelog.json: migration/node-core.changelog-tx-mapping.xml::add_tx_mapping_column::R3.Corda: Computed checksum for dropTable:[
    tableName="node_transaction_mappings"
] as b220f3903f4c1c9d2298c35db99c59ac
17:43:41.184 [Test worker] DEBUG liquibase - master.changelog.json: migration/node-core.changelog-tx-mapping.xml::add_tx_mapping_column::R3.Corda: Computed checksum for 7:5fdebff63e6f64287935a2e65414d2a3:7:a8472f5cf0c2c13303109942b6dbce69:7:b220f3903f4c1c9d2298c35db99c59ac: as a0995593179aec45250c383611edd1e2
17:43:41.185 [Test worker] DEBUG liquibase - master.changelog.json: migration/node-services.changelog-init.xml::add_network_parameters_storage::R3.Corda: Computed checksum for createTable:[
    columns=[
        [
            [
                nullable="false"
            ]
            name="hash"
            type="NVARCHAR(130)"
        ],
        [
            [
                nullable="false"
            ]
            name="epoch"
            type="INT"
        ],
        [
            [
                nullable="false"
            ]
            name="parameters_bytes"
            type="BLOB"
        ],
        [
            [
                nullable="false"
    ... [truncated in log] as 0c5ab9f5cdf1cceb5855e79ec0df5990
17:43:41.185 [Test worker] DEBUG liquibase - master.changelog.json: migration/node-services.changelog-init.xml::add_network_parameters_storage::R3.Corda: Computed checksum for 7:0c5ab9f5cdf1cceb5855e79ec0df5990: as 8d5882f94d9f58647903210994573073
17:43:41.186 [Test worker] DEBUG liquibase - master.changelog.json: migration/node-services.changelog-init.xml::network_parameters_pk::R3.Corda: Computed checksum for addPrimaryKey:[
    columnNames="hash"
    constraintName="node_network_parameters_pkey"
    tableName="node_network_parameters"
] as 7398cbb8aa8fc3cf93265e77bbc28f93
17:43:41.186 [Test worker] DEBUG liquibase - master.changelog.json: migration/node-services.changelog-init.xml::network_parameters_pk::R3.Corda: Computed checksum for 7:7398cbb8aa8fc3cf93265e77bbc28f93: as 71635301bd498e4d52b02988795348e6
17:43:41.188 [Test worker] DEBUG liquibase - master.changelog.json: migration/node-services.changelog-init.xml::add_version_column::R3.Corda: Computed checksum for addColumn:[
    columns=[
        [
            name="version"
            type="INT"
        ]
    ]
    tableName="node_attachments"
] as c4c33cea80ccf15793fa7b5e24a6746f
17:43:41.190 [Test worker] DEBUG liquibase - master.changelog.json: migration/node-services.changelog-init.xml::add_version_column::R3.Corda: Computed checksum for inputStream as 7ceaceee938a74c8cea67468ab2e68f4
17:43:41.191 [Test worker] DEBUG liquibase - master.changelog.json: migration/node-services.changelog-init.xml::add_version_column::R3.Corda: Computed checksum for addNotNullConstraint:[
    columnDataType="INT"
    columnName="version"
    tableName="node_attachments"
] as a6d4059f21164657e11caa70338e4c7b
17:43:41.193 [Test worker] DEBUG liquibase - master.changelog.json: migration/node-services.changelog-init.xml::add_version_column::R3.Corda: Computed checksum for 7:c4c33cea80ccf15793fa7b5e24a6746f:7:7ceaceee938a74c8cea67468ab2e68f4:7:a6d4059f21164657e11caa70338e4c7b: as 7d7fb1c90fa05b5fc3b938fd7c520344
17:43:41.194 [Test worker] DEBUG liquibase - master.changelog.json: migration/node-services.changelog-init.xml::update-version-of-whitelisted-jars::R3.Corda: Computed checksum for customChange:[
    class="net.corda.nodeapi.internal.persistence.AttachmentVersionNumberMigration"
    param=[]
] as cccb7fe15337dd836d74b41ef3a3c6f5
17:43:41.195 [Test worker] DEBUG liquibase - master.changelog.json: migration/node-services.changelog-init.xml::update-version-of-whitelisted-jars::R3.Corda: Computed checksum for 7:cccb7fe15337dd836d74b41ef3a3c6f5: as 706b589854273bdf703c4ed7a2a9191b
17:43:41.196 [Test worker] DEBUG liquibase - master.changelog.json: migration/vault-schema.changelog-v9.xml::update-vault-states::R3.Corda: Computed checksum for customChange:[
    class="net.corda.node.migration.VaultStateMigration"
    param=[]
] as d51d633a004ca013feeabe1129953946
17:43:41.197 [Test worker] DEBUG liquibase - master.changelog.json: migration/vault-schema.changelog-v9.xml::update-vault-states::R3.Corda: Computed checksum for 7:d51d633a004ca013feeabe1129953946: as b005d9ddca6ae24f7eb8c275fb095a30
17:43:41.202 [Test worker] DEBUG liquibase - Executing QUERY database command: select count(*) from PUBLIC.DATABASECHANGELOGLOCK
17:43:41.203 [Test worker] DEBUG liquibase - Executing QUERY database command: SELECT LOCKED FROM PUBLIC.DATABASECHANGELOGLOCK WHERE ID=1
17:43:41.204 [Test worker] DEBUG liquibase - Lock Database
17:43:41.205 [Test worker] DEBUG liquibase - Executing UPDATE database command: UPDATE PUBLIC.DATABASECHANGELOGLOCK SET LOCKED = TRUE, LOCKEDBY = 'DELL (192.168.43.160)', LOCKGRANTED = '2019-10-14 17:43:41.204' WHERE ID = 1 AND LOCKED = FALSE
17:43:41.206 [Test worker] INFO liquibase - Successfully acquired change log lock
17:43:41.207 [Test worker] INFO liquibase - master.changelog.json: migration/common.changelog-init.xml::1511451595465-1.3::R3.Corda: Skipping changeSet migration/common.changelog-init.xml::1511451595465-1.3::R3.Corda due to validation error(s): minValue is not allowed on h2
17:43:41.213 [Test worker] INFO liquibase - master.changelog.json: migration/vault-schema.changelog-pkey.xml::non-clustered_pk-11::R3.Corda: Skipping changeSet migration/vault-schema.changelog-pkey.xml::non-clustered_pk-11::R3.Corda due to validation error(s): clustered is not allowed on h2
17:43:41.214 [Test worker] INFO liquibase - master.changelog.json: migration/vault-schema.changelog-pkey.xml::non-clustered_pk-12::R3.Corda: Skipping changeSet migration/vault-schema.changelog-pkey.xml::non-clustered_pk-12::R3.Corda due to validation error(s): clustered is not allowed on h2
17:43:41.215 [Test worker] INFO liquibase - master.changelog.json: migration/vault-schema.changelog-pkey.xml::non-clustered_pk-13::R3.Corda: Skipping changeSet migration/vault-schema.changelog-pkey.xml::non-clustered_pk-13::R3.Corda due to validation error(s): clustered is not allowed on h2
17:43:41.232 [Test worker] INFO liquibase - master.changelog.json: migration/node-core.changelog-pkey.xml::non-clustered_pk-1::R3.Corda: Skipping changeSet migration/node-core.changelog-pkey.xml::non-clustered_pk-1::R3.Corda due to validation error(s): clustered is not allowed on h2
17:43:41.232 [Test worker] INFO liquibase - master.changelog.json: migration/node-core.changelog-pkey.xml::non-clustered_pk-2::R3.Corda: Skipping changeSet migration/node-core.changelog-pkey.xml::non-clustered_pk-2::R3.Corda due to validation error(s): clustered is not allowed on h2
17:43:41.232 [Test worker] INFO liquibase - master.changelog.json: migration/node-core.changelog-pkey.xml::non-clustered_pk-3::R3.Corda: Skipping changeSet migration/node-core.changelog-pkey.xml::non-clustered_pk-3::R3.Corda due to validation error(s): clustered is not allowed on h2
17:43:41.232 [Test worker] INFO liquibase - master.changelog.json: migration/node-core.changelog-pkey.xml::non-clustered_pk-4::R3.Corda: Skipping changeSet migration/node-core.changelog-pkey.xml::non-clustered_pk-4::R3.Corda due to validation error(s): clustered is not allowed on h2
17:43:41.233 [Test worker] INFO liquibase - master.changelog.json: migration/node-core.changelog-pkey.xml::non-clustered_pk-5::R3.Corda: Skipping changeSet migration/node-core.changelog-pkey.xml::non-clustered_pk-5::R3.Corda due to validation error(s): clustered is not allowed on h2
17:43:41.233 [Test worker] INFO liquibase - master.changelog.json: migration/node-core.changelog-pkey.xml::non-clustered_pk-6::R3.Corda: Skipping changeSet migration/node-core.changelog-pkey.xml::non-clustered_pk-6::R3.Corda due to validation error(s): clustered is not allowed on h2
17:43:41.233 [Test worker] INFO liquibase - master.changelog.json: migration/node-core.changelog-pkey.xml::non-clustered_pk-7::R3.Corda: Skipping changeSet migration/node-core.changelog-pkey.xml::non-clustered_pk-7::R3.Corda due to validation error(s): clustered is not allowed on h2
17:43:41.236 [Test worker] DEBUG liquibase - master.changelog.json: migration/common.changelog-init.xml::1511451595465-1.1::R3.Corda: Running Changeset:migration/common.changelog-init.xml::1511451595465-1.1::R3.Corda
17:43:41.236 [Test worker] DEBUG liquibase - master.changelog.json: migration/common.changelog-init.xml::1511451595465-1.1::R3.Corda: Changeset migration/common.changelog-init.xml::1511451595465-1.1::R3.Corda
17:43:41.238 [Test worker] DEBUG liquibase - master.changelog.json: migration/common.changelog-init.xml::1511451595465-1.1::R3.Corda: Executing QUERY database command: SELECT SEQUENCE_NAME FROM INFORMATION_SCHEMA.SEQUENCES WHERE SEQUENCE_SCHEMA = 'null' AND IS_GENERATED=FALSE
17:43:41.248 [Test worker] DEBUG liquibase - master.changelog.json: migration/common.changelog-init.xml::1511451595465-1.1::R3.Corda: Executing QUERY database command: SELECT SEQUENCE_NAME FROM INFORMATION_SCHEMA.SEQUENCES WHERE SEQUENCE_SCHEMA = 'PUBLIC' AND IS_GENERATED=FALSE
17:43:41.248 [Test worker] DEBUG liquibase - master.changelog.json: migration/common.changelog-init.xml::1511451595465-1.1::R3.Corda: Reading ChangeSet: migration/common.changelog-init.xml::1511451595465-1.1::R3.Corda
17:43:41.248 [Test worker] DEBUG liquibase - master.changelog.json: migration/common.changelog-init.xml::1511451595465-1.1::R3.Corda: Executing Statement: liquibase.statement.core.CreateSequenceStatement@190fe5ee
17:43:41.248 [Test worker] DEBUG liquibase - master.changelog.json: migration/common.changelog-init.xml::1511451595465-1.1::R3.Corda: Executing EXECUTE database command: CREATE SEQUENCE PUBLIC.hibernate_sequence
17:43:41.249 [Test worker] INFO liquibase - master.changelog.json: migration/common.changelog-init.xml::1511451595465-1.1::R3.Corda: Sequence hibernate_sequence created
17:43:41.249 [Test worker] INFO liquibase - master.changelog.json: migration/common.changelog-init.xml::1511451595465-1.1::R3.Corda: ChangeSet migration/common.changelog-init.xml::1511451595465-1.1::R3.Corda ran successfully in 13ms
17:43:41.249 [Test worker] DEBUG liquibase - master.changelog.json: migration/common.changelog-init.xml::1511451595465-1.1::R3.Corda: Executing QUERY database command: SELECT MAX(ORDEREXECUTED) FROM PUBLIC.DATABASECHANGELOG
17:43:41.250 [Test worker] DEBUG liquibase - master.changelog.json: migration/common.changelog-init.xml::1511451595465-1.1::R3.Corda: Executing EXECUTE database command: INSERT INTO PUBLIC.DATABASECHANGELOG (ID, AUTHOR, FILENAME, DATEEXECUTED, ORDEREXECUTED, MD5SUM, DESCRIPTION, COMMENTS, EXECTYPE, CONTEXTS, LABELS, LIQUIBASE, DEPLOYMENT_ID) VALUES ('1511451595465-1.1', 'R3.Corda', 'migration/common.changelog-init.xml', NOW(), 1, '7:afe897bea20bc08d1681087c94d0967d', 'createSequence sequenceName=hibernate_sequence', '', 'EXECUTED', NULL, NULL, '3.5.4', '1046221206')
17:43:41.251 [Test worker] DEBUG liquibase - master.changelog.json: migration/common.changelog-init.xml::1511451595465-1.3::R3.Corda: Running Changeset:migration/common.changelog-init.xml::1511451595465-1.3::R3.Corda
17:43:41.252 [Test worker] DEBUG liquibase - master.changelog.json: migration/common.changelog-init.xml::1511451595465-1.3::R3.Corda: Executing EXECUTE database command: INSERT INTO PUBLIC.DATABASECHANGELOG (ID, AUTHOR, FILENAME, DATEEXECUTED, ORDEREXECUTED, MD5SUM, DESCRIPTION, COMMENTS, EXECTYPE, CONTEXTS, LABELS, LIQUIBASE, DEPLOYMENT_ID) VALUES ('1511451595465-1.3', 'R3.Corda', 'migration/common.changelog-init.xml', NOW(), 2, '7:b775a64dd8351ca0b00329ea3e49f44b', 'createSequence sequenceName=hibernate_sequence', '', 'MARK_RAN', NULL, NULL, '3.5.4', '1046221206')
17:43:41.253 [Test worker] DEBUG liquibase - master.changelog.json: migration/vault-schema.changelog-init.xml::1511451595465-22::R3.Corda: Running Changeset:migration/vault-schema.changelog-init.xml::1511451595465-22::R3.Corda
17:43:41.253 [Test worker] DEBUG liquibase - master.changelog.json: migration/vault-schema.changelog-init.xml::1511451595465-22::R3.Corda: Changeset migration/vault-schema.changelog-init.xml::1511451595465-22::R3.Corda
17:43:41.253 [Test worker] DEBUG liquibase - master.changelog.json: migration/vault-schema.changelog-init.xml::1511451595465-22::R3.Corda: Reading ChangeSet: migration/vault-schema.changelog-init.xml::1511451595465-22::R3.Corda
17:43:41.254 [Test worker] DEBUG liquibase - master.changelog.json: migration/vault-schema.changelog-init.xml::1511451595465-22::R3.Corda: Executing Statement: liquibase.statement.core.CreateTableStatement@33387c4e
17:43:41.254 [Test worker] DEBUG liquibase - master.changelog.json: migration/vault-schema.changelog-init.xml::1511451595465-22::R3.Corda: Executing EXECUTE database command: CREATE TABLE PUBLIC.vault_fungible_states (output_index INT NOT NULL, transaction_id NVARCHAR(64) NOT NULL, issuer_name NVARCHAR(255), issuer_ref VARBINARY(512), owner_name NVARCHAR(255), quantity BIGINT)
17:43:41.254 [Test worker] INFO liquibase - master.changelog.json: migration/vault-schema.changelog-init.xml::1511451595465-22::R3.Corda: Table vault_fungible_states created
17:43:41.255 [Test worker] INFO liquibase - master.changelog.json: migration/vault-schema.changelog-init.xml::1511451595465-22::R3.Corda: ChangeSet migration/vault-schema.changelog-init.xml::1511451595465-22::R3.Corda ran successfully in 2ms
17:43:41.256 [Test worker] DEBUG liquibase - master.changelog.json: migration/vault-schema.changelog-init.xml::1511451595465-22::R3.Corda: Executing EXECUTE database command: INSERT INTO PUBLIC.DATABASECHANGELOG (ID, AUTHOR, FILENAME, DATEEXECUTED, ORDEREXECUTED, MD5SUM, DESCRIPTION, COMMENTS, EXECTYPE, CONTEXTS, LABELS, LIQUIBASE, DEPLOYMENT_ID) VALUES ('1511451595465-22', 'R3.Corda', 'migration/vault-schema.changelog-init.xml', NOW(), 3, '7:1f8a20296ddeb0fc739bd8e7084b0bab', 'createTable tableName=vault_fungible_states', '', 'EXECUTED', NULL, NULL, '3.5.4', '1046221206')
17:43:41.257 [Test worker] DEBUG liquibase - master.changelog.json: migration/vault-schema.changelog-init.xml::1511451595465-23::R3.Corda: Running Changeset:migration/vault-schema.changelog-init.xml::1511451595465-23::R3.Corda
17:43:41.257 [Test worker] DEBUG liquibase - master.changelog.json: migration/vault-schema.changelog-init.xml::1511451595465-23::R3.Corda: Changeset migration/vault-schema.changelog-init.xml::1511451595465-23::R3.Corda
17:43:41.257 [Test worker] DEBUG liquibase - master.changelog.json: migration/vault-schema.changelog-init.xml::1511451595465-23::R3.Corda: Reading ChangeSet: migration/vault-schema.changelog-init.xml::1511451595465-23::R3.Corda
17:43:41.257 [Test worker] DEBUG liquibase - master.changelog.json: migration/vault-schema.changelog-init.xml::1511451595465-23::R3.Corda: Executing Statement: liquibase.statement.core.CreateTableStatement@d75f023
17:43:41.257 [Test worker] DEBUG liquibase - master.changelog.json: migration/vault-schema.changelog-init.xml::1511451595465-23::R3.Corda: Executing EXECUTE database command: CREATE TABLE PUBLIC.vault_fungible_states_parts (output_index INT NOT NULL, transaction_id NVARCHAR(64) NOT NULL, participants NVARCHAR(255))
17:43:41.258 [Test worker] INFO liquibase - master.changelog.json: migration/vault-schema.changelog-init.xml::1511451595465-23::R3.Corda: Table vault_fungible_states_parts created
17:43:41.258 [Test worker] INFO liquibase - master.changelog.json: migration/vault-schema.changelog-init.xml::1511451595465-23::R3.Corda: ChangeSet migration/vault-schema.changelog-init.xml::1511451595465-23::R3.Corda ran successfully in 1ms
17:43:41.259 [Test worker] DEBUG liquibase - master.changelog.json: migration/vault-schema.changelog-init.xml::1511451595465-23::R3.Corda: Executing EXECUTE database command: INSERT INTO PUBLIC.DATABASECHANGELOG (ID, AUTHOR, FILENAME, DATEEXECUTED, ORDEREXECUTED, MD5SUM, DESCRIPTION, COMMENTS, EXECTYPE, CONTEXTS, LABELS, LIQUIBASE, DEPLOYMENT_ID) VALUES ('1511451595465-23', 'R3.Corda', 'migration/vault-schema.changelog-init.xml', NOW(), 4, '7:1a9f6483c225c03a3a558b5b20306741', 'createTable tableName=vault_fungible_states_parts', '', 'EXECUTED', NULL, NULL, '3.5.4', '1046221206')
17:43:41.260 [Test worker] DEBUG liquibase - master.changelog.json: migration/vault-schema.changelog-init.xml::1511451595465-24::R3.Corda: Running Changeset:migration/vault-schema.changelog-init.xml::1511451595465-24::R3.Corda
17:43:41.260 [Test worker] DEBUG liquibase - master.changelog.json: migration/vault-schema.changelog-init.xml::1511451595465-24::R3.Corda: Changeset migration/vault-schema.changelog-init.xml::1511451595465-24::R3.Corda
17:43:41.260 [Test worker] DEBUG liquibase - master.changelog.json: migration/vault-schema.changelog-init.xml::1511451595465-24::R3.Corda: Reading ChangeSet: migration/vault-schema.changelog-init.xml::1511451595465-24::R3.Corda
17:43:41.260 [Test worker] DEBUG liquibase - master.changelog.json: migration/vault-schema.changelog-init.xml::1511451595465-24::R3.Corda: Executing Statement: liquibase.statement.core.CreateTableStatement@4a744615
17:43:41.260 [Test worker] DEBUG liquibase - master.changelog.json: migration/vault-schema.changelog-init.xml::1511451595465-24::R3.Corda: Executing EXECUTE database command: CREATE TABLE PUBLIC.vault_linear_states (output_index INT NOT NULL, transaction_id NVARCHAR(64) NOT NULL, external_id NVARCHAR(255), uuid VARCHAR(255) NOT NULL)
17:43:41.260 [Test worker] INFO liquibase - master.changelog.json: migration/vault-schema.changelog-init.xml::1511451595465-24::R3.Corda: Table vault_linear_states created
17:43:41.260 [Test worker] INFO liquibase - master.changelog.json: migration/vault-schema.changelog-init.xml::1511451595465-24::R3.Corda: ChangeSet migration/vault-schema.changelog-init.xml::1511451595465-24::R3.Corda ran successfully in 0ms
17:43:41.262 [Test worker] DEBUG liquibase - master.changelog.json: migration/vault-schema.changelog-init.xml::1511451595465-24::R3.Corda: Executing EXECUTE database command: INSERT INTO PUBLIC.DATABASECHANGELOG (ID, AUTHOR, FILENAME, DATEEXECUTED, ORDEREXECUTED, MD5SUM, DESCRIPTION, COMMENTS, EXECTYPE, CONTEXTS, LABELS, LIQUIBASE, DEPLOYMENT_ID) VALUES ('1511451595465-24', 'R3.Corda', 'migration/vault-schema.changelog-init.xml', NOW(), 5, '7:cc33e3b7b7db0e8613421e71352448d1', 'createTable tableName=vault_linear_states', '', 'EXECUTED', NULL, NULL, '3.5.4', '1046221206')
17:43:41.263 [Test worker] DEBUG liquibase - master.changelog.json: migration/vault-schema.changelog-init.xml::1511451595465-25::R3.Corda: Running Changeset:migration/vault-schema.changelog-init.xml::1511451595465-25::R3.Corda
17:43:41.263 [Test worker] DEBUG liquibase - master.changelog.json: migration/vault-schema.changelog-init.xml::1511451595465-25::R3.Corda: Changeset migration/vault-schema.changelog-init.xml::1511451595465-25::R3.Corda
17:43:41.263 [Test worker] DEBUG liquibase - master.changelog.json: migration/vault-schema.changelog-init.xml::1511451595465-25::R3.Corda: Reading ChangeSet: migration/vault-schema.changelog-init.xml::1511451595465-25::R3.Corda
17:43:41.263 [Test worker] DEBUG liquibase - master.changelog.json: migration/vault-schema.changelog-init.xml::1511451595465-25::R3.Corda: Executing Statement: liquibase.statement.core.CreateTableStatement@64210116
17:43:41.263 [Test worker] DEBUG liquibase - master.changelog.json: migration/vault-schema.changelog-init.xml::1511451595465-25::R3.Corda: Executing EXECUTE database command: CREATE TABLE PUBLIC.vault_linear_states_parts (output_index INT NOT NULL, transaction_id NVARCHAR(64) NOT NULL, participants NVARCHAR(255))
17:43:41.263 [Test worker] INFO liquibase - master.changelog.json: migration/vault-schema.changelog-init.xml::1511451595465-25::R3.Corda: Table vault_linear_states_parts created
17:43:41.263 [Test worker] INFO liquibase - master.changelog.json: migration/vault-schema.changelog-init.xml::1511451595465-25::R3.Corda: ChangeSet migration/vault-schema.changelog-init.xml::1511451595465-25::R3.Corda ran successfully in 0ms
17:43:41.265 [Test worker] DEBUG liquibase - master.changelog.json: migration/vault-schema.changelog-init.xml::1511451595465-25::R3.Corda: Executing EXECUTE database command: INSERT INTO PUBLIC.DATABASECHANGELOG (ID, AUTHOR, FILENAME, DATEEXECUTED, ORDEREXECUTED, MD5SUM, DESCRIPTION, COMMENTS, EXECTYPE, CONTEXTS, LABELS, LIQUIBASE, DEPLOYMENT_ID) VALUES ('1511451595465-25', 'R3.Corda', 'migration/vault-schema.changelog-init.xml', NOW(), 6, '7:cee1c34886b737d7c86f4ba94a43d9a7', 'createTable tableName=vault_linear_states_parts', '', 'EXECUTED', NULL, NULL, '3.5.4', '1046221206')
17:43:41.265 [Test worker] DEBUG liquibase - master.changelog.json: migration/vault-schema.changelog-init.xml::1511451595465-26::R3.Corda: Running Changeset:migration/vault-schema.changelog-init.xml::1511451595465-26::R3.Corda
17:43:41.265 [Test worker] DEBUG liquibase - master.changelog.json: migration/vault-schema.changelog-init.xml::1511451595465-26::R3.Corda: Changeset migration/vault-schema.changelog-init.xml::1511451595465-26::R3.Corda
17:43:41.265 [Test worker] DEBUG liquibase - master.changelog.json: migration/vault-schema.changelog-init.xml::1511451595465-26::R3.Corda: Reading ChangeSet: migration/vault-schema.changelog-init.xml::1511451595465-26::R3.Corda
17:43:41.266 [Test worker] DEBUG liquibase - master.changelog.json: migration/vault-schema.changelog-init.xml::1511451595465-26::R3.Corda: Executing Statement: liquibase.statement.core.CreateTableStatement@10eab319
17:43:41.266 [Test worker] DEBUG liquibase - master.changelog.json: migration/vault-schema.changelog-init.xml::1511451595465-26::R3.Corda: Executing EXECUTE database command: CREATE TABLE PUBLIC.vault_states (output_index INT NOT NULL, transaction_id NVARCHAR(64) NOT NULL, consumed_timestamp TIMESTAMP, contract_state_class_name NVARCHAR(255), lock_id NVARCHAR(255), lock_timestamp TIMESTAMP, notary_name NVARCHAR(255), recorded_timestamp TIMESTAMP, state_status INT)
17:43:41.266 [Test worker] INFO liquibase - master.changelog.json: migration/vault-schema.changelog-init.xml::1511451595465-26::R3.Corda: Table vault_states created
17:43:41.266 [Test worker] INFO liquibase - master.changelog.json: migration/vault-schema.changelog-init.xml::1511451595465-26::R3.Corda: ChangeSet migration/vault-schema.changelog-init.xml::1511451595465-26::R3.Corda ran successfully in 1ms
17:43:41.267 [Test worker] DEBUG liquibase - master.changelog.json: migration/vault-schema.changelog-init.xml::1511451595465-26::R3.Corda: Executing EXECUTE database command: INSERT INTO PUBLIC.DATABASECHANGELOG (ID, AUTHOR, FILENAME, DATEEXECUTED, ORDEREXECUTED, MD5SUM, DESCRIPTION, COMMENTS, EXECTYPE, CONTEXTS, LABELS, LIQUIBASE, DEPLOYMENT_ID) VALUES ('1511451595465-26', 'R3.Corda', 'migration/vault-schema.changelog-init.xml', NOW(), 7, '7:47ea918c4e5894a573ed08ff7d3cfcf8', 'createTable tableName=vault_states', '', 'EXECUTED', NULL, NULL, '3.5.4', '1046221206')
17:43:41.268 [Test worker] DEBUG liquibase - master.changelog.json: migration/vault-schema.changelog-init.xml::1511451595465-27::R3.Corda: Running Changeset:migration/vault-schema.changelog-init.xml::1511451595465-27::R3.Corda
17:43:41.268 [Test worker] DEBUG liquibase - master.changelog.json: migration/vault-schema.changelog-init.xml::1511451595465-27::R3.Corda: Changeset migration/vault-schema.changelog-init.xml::1511451595465-27::R3.Corda
17:43:41.268 [Test worker] DEBUG liquibase - master.changelog.json: migration/vault-schema.changelog-init.xml::1511451595465-27::R3.Corda: Reading ChangeSet: migration/vault-schema.changelog-init.xml::1511451595465-27::R3.Corda
17:43:41.268 [Test worker] DEBUG liquibase - master.changelog.json: migration/vault-schema.changelog-init.xml::1511451595465-27::R3.Corda: Executing Statement: liquibase.statement.core.CreateTableStatement@e4a97ef
17:43:41.268 [Test worker] DEBUG liquibase - master.changelog.json: migration/vault-schema.changelog-init.xml::1511451595465-27::R3.Corda: Executing EXECUTE database command: CREATE TABLE PUBLIC.vault_transaction_notes (seq_no INT NOT NULL, note NVARCHAR(255), transaction_id NVARCHAR(64))
17:43:41.269 [Test worker] INFO liquibase - master.changelog.json: migration/vault-schema.changelog-init.xml::1511451595465-27::R3.Corda: Table vault_transaction_notes created
17:43:41.269 [Test worker] INFO liquibase - master.changelog.json: migration/vault-schema.changelog-init.xml::1511451595465-27::R3.Corda: ChangeSet migration/vault-schema.changelog-init.xml::1511451595465-27::R3.Corda ran successfully in 1ms
17:43:41.270 [Test worker] DEBUG liquibase - master.changelog.json: migration/vault-schema.changelog-init.xml::1511451595465-27::R3.Corda: Executing EXECUTE database command: INSERT INTO PUBLIC.DATABASECHANGELOG (ID, AUTHOR, FILENAME, DATEEXECUTED, ORDEREXECUTED, MD5SUM, DESCRIPTION, COMMENTS, EXECTYPE, CONTEXTS, LABELS, LIQUIBASE, DEPLOYMENT_ID) VALUES ('1511451595465-27', 'R3.Corda', 'migration/vault-schema.changelog-init.xml', NOW(), 8, '7:b335f04504c263e99eb1b4b78fb7b976', 'createTable tableName=vault_transaction_notes', '', 'EXECUTED', NULL, NULL, '3.5.4', '1046221206')
17:43:41.270 [Test worker] DEBUG liquibase - master.changelog.json: migration/vault-schema.changelog-init.xml::1511451595465-47::R3.Corda: Running Changeset:migration/vault-schema.changelog-init.xml::1511451595465-47::R3.Corda
17:43:41.270 [Test worker] DEBUG liquibase - master.changelog.json: migration/vault-schema.changelog-init.xml::1511451595465-47::R3.Corda: Changeset migration/vault-schema.changelog-init.xml::1511451595465-47::R3.Corda
17:43:41.271 [Test worker] DEBUG liquibase - master.changelog.json: migration/vault-schema.changelog-init.xml::1511451595465-47::R3.Corda: Reading ChangeSet: migration/vault-schema.changelog-init.xml::1511451595465-47::R3.Corda
17:43:41.271 [Test worker] DEBUG liquibase - master.changelog.json: migration/vault-schema.changelog-init.xml::1511451595465-47::R3.Corda: Executing Statement: liquibase.statement.core.AddPrimaryKeyStatement@1bd8f618
17:43:41.271 [Test worker] DEBUG liquibase - master.changelog.json: migration/vault-schema.changelog-init.xml::1511451595465-47::R3.Corda: Executing EXECUTE database command: ALTER TABLE PUBLIC.vault_fungible_states ADD CONSTRAINT vault_fungible_states_pkey PRIMARY KEY (output_index, transaction_id)
17:43:41.271 [Test worker] INFO liquibase - master.changelog.json: migration/vault-schema.changelog-init.xml::1511451595465-47::R3.Corda: Primary key added to vault_fungible_states (output_index, transaction_id)
17:43:41.271 [Test worker] INFO liquibase - master.changelog.json: migration/vault-schema.changelog-init.xml::1511451595465-47::R3.Corda: ChangeSet migration/vault-schema.changelog-init.xml::1511451595465-47::R3.Corda ran successfully in 1ms
17:43:41.273 [Test worker] DEBUG liquibase - master.changelog.json: migration/vault-schema.changelog-init.xml::1511451595465-47::R3.Corda: Executing EXECUTE database command: INSERT INTO PUBLIC.DATABASECHANGELOG (ID, AUTHOR, FILENAME, DATEEXECUTED, ORDEREXECUTED, MD5SUM, DESCRIPTION, COMMENTS, EXECTYPE, CONTEXTS, LABELS, LIQUIBASE, DEPLOYMENT_ID) VALUES ('1511451595465-47', 'R3.Corda', 'migration/vault-schema.changelog-init.xml', NOW(), 9, '7:5ebf8c6ceacd418805fef0a8d5926d22', 'addPrimaryKey constraintName=vault_fungible_states_pkey, tableName=vault_fungible_states', '', 'EXECUTED', NULL, NULL, '3.5.4', '1046221206')
17:43:41.273 [Test worker] DEBUG liquibase - master.changelog.json: migration/vault-schema.changelog-init.xml::1511451595465-48::R3.Corda: Running Changeset:migration/vault-schema.changelog-init.xml::1511451595465-48::R3.Corda
17:43:41.273 [Test worker] DEBUG liquibase - master.changelog.json: migration/vault-schema.changelog-init.xml::1511451595465-48::R3.Corda: Changeset migration/vault-schema.changelog-init.xml::1511451595465-48::R3.Corda
17:43:41.273 [Test worker] DEBUG liquibase - master.changelog.json: migration/vault-schema.changelog-init.xml::1511451595465-48::R3.Corda: Reading ChangeSet: migration/vault-schema.changelog-init.xml::1511451595465-48::R3.Corda
17:43:41.273 [Test worker] DEBUG liquibase - master.changelog.json: migration/vault-schema.changelog-init.xml::1511451595465-48::R3.Corda: Executing Statement: liquibase.statement.core.AddPrimaryKeyStatement@7aa9d5ae
17:43:41.322 [Test worker] DEBUG liquibase - master.changelog.json: migration/vault-schema.changelog-init.xml::1511451595465-48::R3.Corda: Executing EXECUTE database command: ALTER TABLE PUBLIC.vault_linear_states ADD CONSTRAINT vault_linear_states_pkey PRIMARY KEY (output_index, transaction_id)
17:43:41.323 [Test worker] INFO liquibase - master.changelog.json: migration/vault-schema.changelog-init.xml::1511451595465-48::R3.Corda: Primary key added to vault_linear_states (output_index, transaction_id)
17:43:41.323 [Test worker] INFO liquibase - master.changelog.json: migration/vault-schema.changelog-init.xml::1511451595465-48::R3.Corda: ChangeSet migration/vault-schema.changelog-init.xml::1511451595465-48::R3.Corda ran successfully in 50ms
17:43:41.324 [Test worker] DEBUG liquibase - master.changelog.json: migration/vault-schema.changelog-init.xml::1511451595465-48::R3.Corda: Executing EXECUTE database command: INSERT INTO PUBLIC.DATABASECHANGELOG (ID, AUTHOR, FILENAME, DATEEXECUTED, ORDEREXECUTED, MD5SUM, DESCRIPTION, COMMENTS, EXECTYPE, CONTEXTS, LABELS, LIQUIBASE, DEPLOYMENT_ID) VALUES ('1511451595465-48', 'R3.Corda', 'migration/vault-schema.changelog-init.xml', NOW(), 10, '7:6852e525af1e0e841b85cbc65c3ef3eb', 'addPrimaryKey constraintName=vault_linear_states_pkey, tableName=vault_linear_states', '', 'EXECUTED', NULL, NULL, '3.5.4', '1046221206')
17:43:41.324 [Test worker] DEBUG liquibase - master.changelog.json: migration/vault-schema.changelog-init.xml::1511451595465-49::R3.Corda: Running Changeset:migration/vault-schema.changelog-init.xml::1511451595465-49::R3.Corda
17:43:41.324 [Test worker] DEBUG liquibase - master.changelog.json: migration/vault-schema.changelog-init.xml::1511451595465-49::R3.Corda: Changeset migration/vault-schema.changelog-init.xml::1511451595465-49::R3.Corda
17:43:41.324 [Test worker] DEBUG liquibase - master.changelog.json: migration/vault-schema.changelog-init.xml::1511451595465-49::R3.Corda: Reading ChangeSet: migration/vault-schema.changelog-init.xml::1511451595465-49::R3.Corda
17:43:41.324 [Test worker] DEBUG liquibase - master.changelog.json: migration/vault-schema.changelog-init.xml::1511451595465-49::R3.Corda: Executing Statement: liquibase.statement.core.AddPrimaryKeyStatement@2206f3f0
17:43:41.324 [Test worker] DEBUG liquibase - master.changelog.json: migration/vault-schema.changelog-init.xml::1511451595465-49::R3.Corda: Executing EXECUTE database command: ALTER TABLE PUBLIC.vault_states ADD CONSTRAINT vault_states_pkey PRIMARY KEY (output_index, transaction_id)
17:43:41.324 [Test worker] INFO liquibase - master.changelog.json: migration/vault-schema.changelog-init.xml::1511451595465-49::R3.Corda: Primary key added to vault_states (output_index, transaction_id)
17:43:41.324 [Test worker] INFO liquibase - master.changelog.json: migration/vault-schema.changelog-init.xml::1511451595465-49::R3.Corda: ChangeSet migration/vault-schema.changelog-init.xml::1511451595465-49::R3.Corda ran successfully in 0ms
17:43:41.324 [Test worker] DEBUG liquibase - master.changelog.json: migration/vault-schema.changelog-init.xml::1511451595465-49::R3.Corda: Executing EXECUTE database command: INSERT INTO PUBLIC.DATABASECHANGELOG (ID, AUTHOR, FILENAME, DATEEXECUTED, ORDEREXECUTED, MD5SUM, DESCRIPTION, COMMENTS, EXECTYPE, CONTEXTS, LABELS, LIQUIBASE, DEPLOYMENT_ID) VALUES ('1511451595465-49', 'R3.Corda', 'migration/vault-schema.changelog-init.xml', NOW(), 11, '7:e88ace88ae32b7c6a212f749bed7f25f', 'addPrimaryKey constraintName=vault_states_pkey, tableName=vault_states', '', 'EXECUTED', NULL, NULL, '3.5.4', '1046221206')
17:43:41.324 [Test worker] DEBUG liquibase - master.changelog.json: migration/vault-schema.changelog-init.xml::1511451595465-50::R3.Corda: Running Changeset:migration/vault-schema.changelog-init.xml::1511451595465-50::R3.Corda
17:43:41.324 [Test worker] DEBUG liquibase - master.changelog.json: migration/vault-schema.changelog-init.xml::1511451595465-50::R3.Corda: Changeset migration/vault-schema.changelog-init.xml::1511451595465-50::R3.Corda
17:43:41.324 [Test worker] DEBUG liquibase - master.changelog.json: migration/vault-schema.changelog-init.xml::1511451595465-50::R3.Corda: Reading ChangeSet: migration/vault-schema.changelog-init.xml::1511451595465-50::R3.Corda
17:43:41.324 [Test worker] DEBUG liquibase - master.changelog.json: migration/vault-schema.changelog-init.xml::1511451595465-50::R3.Corda: Executing Statement: liquibase.statement.core.AddPrimaryKeyStatement@5aef8c0b
17:43:41.324 [Test worker] DEBUG liquibase - master.changelog.json: migration/vault-schema.changelog-init.xml::1511451595465-50::R3.Corda: Executing EXECUTE database command: ALTER TABLE PUBLIC.vault_transaction_notes ADD CONSTRAINT vault_transaction_notes_pkey PRIMARY KEY (seq_no)
17:43:41.324 [Test worker] INFO liquibase - master.changelog.json: migration/vault-schema.changelog-init.xml::1511451595465-50::R3.Corda: Primary key added to vault_transaction_notes (seq_no)
17:43:41.324 [Test worker] INFO liquibase - master.changelog.json: migration/vault-schema.changelog-init.xml::1511451595465-50::R3.Corda: ChangeSet migration/vault-schema.changelog-init.xml::1511451595465-50::R3.Corda ran successfully in 0ms
17:43:41.324 [Test worker] DEBUG liquibase - master.changelog.json: migration/vault-schema.changelog-init.xml::1511451595465-50::R3.Corda: Executing EXECUTE database command: INSERT INTO PUBLIC.DATABASECHANGELOG (ID, AUTHOR, FILENAME, DATEEXECUTED, ORDEREXECUTED, MD5SUM, DESCRIPTION, COMMENTS, EXECTYPE, CONTEXTS, LABELS, LIQUIBASE, DEPLOYMENT_ID) VALUES ('1511451595465-50', 'R3.Corda', 'migration/vault-schema.changelog-init.xml', NOW(), 12, '7:aef52cbfcee4e86a30a1175aacdae9b5', 'addPrimaryKey constraintName=vault_transaction_notes_pkey, tableName=vault_transaction_notes', '', 'EXECUTED', NULL, NULL, '3.5.4', '1046221206')
17:43:41.324 [Test worker] DEBUG liquibase - master.changelog.json: migration/vault-schema.changelog-init.xml::1511451595465-53::R3.Corda: Running Changeset:migration/vault-schema.changelog-init.xml::1511451595465-53::R3.Corda
17:43:41.324 [Test worker] DEBUG liquibase - master.changelog.json: migration/vault-schema.changelog-init.xml::1511451595465-53::R3.Corda: Changeset migration/vault-schema.changelog-init.xml::1511451595465-53::R3.Corda
17:43:41.324 [Test worker] DEBUG liquibase - master.changelog.json: migration/vault-schema.changelog-init.xml::1511451595465-53::R3.Corda: Reading ChangeSet: migration/vault-schema.changelog-init.xml::1511451595465-53::R3.Corda
17:43:41.324 [Test worker] DEBUG liquibase - master.changelog.json: migration/vault-schema.changelog-init.xml::1511451595465-53::R3.Corda: Executing Statement: liquibase.statement.core.CreateIndexStatement@7a2d393d
17:43:41.324 [Test worker] DEBUG liquibase - master.changelog.json: migration/vault-schema.changelog-init.xml::1511451595465-53::R3.Corda: Executing EXECUTE database command: CREATE INDEX PUBLIC.external_id_index ON PUBLIC.vault_linear_states(external_id)
17:43:41.324 [Test worker] INFO liquibase - master.changelog.json: migration/vault-schema.changelog-init.xml::1511451595465-53::R3.Corda: Index external_id_index created
17:43:41.324 [Test worker] INFO liquibase - master.changelog.json: migration/vault-schema.changelog-init.xml::1511451595465-53::R3.Corda: ChangeSet migration/vault-schema.changelog-init.xml::1511451595465-53::R3.Corda ran successfully in 0ms
17:43:41.324 [Test worker] DEBUG liquibase - master.changelog.json: migration/vault-schema.changelog-init.xml::1511451595465-53::R3.Corda: Executing EXECUTE database command: INSERT INTO PUBLIC.DATABASECHANGELOG (ID, AUTHOR, FILENAME, DATEEXECUTED, ORDEREXECUTED, MD5SUM, DESCRIPTION, COMMENTS, EXECTYPE, CONTEXTS, LABELS, LIQUIBASE, DEPLOYMENT_ID) VALUES ('1511451595465-53', 'R3.Corda', 'migration/vault-schema.changelog-init.xml', NOW(), 13, '7:7b0c95c0892fe1aba26a294d843d3c0a', 'createIndex indexName=external_id_index, tableName=vault_linear_states', '', 'EXECUTED', NULL, NULL, '3.5.4', '1046221206')
17:43:41.324 [Test worker] DEBUG liquibase - master.changelog.json: migration/vault-schema.changelog-init.xml::1511451595465-55::R3.Corda: Running Changeset:migration/vault-schema.changelog-init.xml::1511451595465-55::R3.Corda
17:43:41.324 [Test worker] DEBUG liquibase - master.changelog.json: migration/vault-schema.changelog-init.xml::1511451595465-55::R3.Corda: Changeset migration/vault-schema.changelog-init.xml::1511451595465-55::R3.Corda
17:43:41.324 [Test worker] DEBUG liquibase - master.changelog.json: migration/vault-schema.changelog-init.xml::1511451595465-55::R3.Corda: Reading ChangeSet: migration/vault-schema.changelog-init.xml::1511451595465-55::R3.Corda
17:43:41.339 [Test worker] DEBUG liquibase - master.changelog.json: migration/vault-schema.changelog-init.xml::1511451595465-55::R3.Corda: Executing Statement: liquibase.statement.core.CreateIndexStatement@22c0c0d2
17:43:41.339 [Test worker] DEBUG liquibase - master.changelog.json: migration/vault-schema.changelog-init.xml::1511451595465-55::R3.Corda: Executing EXECUTE database command: CREATE INDEX PUBLIC.lock_id_idx ON PUBLIC.vault_states(lock_id, state_status)
17:43:41.339 [Test worker] INFO liquibase - master.changelog.json: migration/vault-schema.changelog-init.xml::1511451595465-55::R3.Corda: Index lock_id_idx created
17:43:41.339 [Test worker] INFO liquibase - master.changelog.json: migration/vault-schema.changelog-init.xml::1511451595465-55::R3.Corda: ChangeSet migration/vault-schema.changelog-init.xml::1511451595465-55::R3.Corda ran successfully in 15ms
17:43:41.339 [Test worker] DEBUG liquibase - master.changelog.json: migration/vault-schema.changelog-init.xml::1511451595465-55::R3.Corda: Executing EXECUTE database command: INSERT INTO PUBLIC.DATABASECHANGELOG (ID, AUTHOR, FILENAME, DATEEXECUTED, ORDEREXECUTED, MD5SUM, DESCRIPTION, COMMENTS, EXECTYPE, CONTEXTS, LABELS, LIQUIBASE, DEPLOYMENT_ID) VALUES ('1511451595465-55', 'R3.Corda', 'migration/vault-schema.changelog-init.xml', NOW(), 14, '7:daf1bfa84381a1c8e100c14229a6d860', 'createIndex indexName=lock_id_idx, tableName=vault_states', '', 'EXECUTED', NULL, NULL, '3.5.4', '1046221206')
17:43:41.339 [Test worker] DEBUG liquibase - master.changelog.json: migration/vault-schema.changelog-init.xml::1511451595465-58::R3.Corda: Running Changeset:migration/vault-schema.changelog-init.xml::1511451595465-58::R3.Corda
17:43:41.339 [Test worker] DEBUG liquibase - master.changelog.json: migration/vault-schema.changelog-init.xml::1511451595465-58::R3.Corda: Changeset migration/vault-schema.changelog-init.xml::1511451595465-58::R3.Corda
17:43:41.339 [Test worker] DEBUG liquibase - master.changelog.json: migration/vault-schema.changelog-init.xml::1511451595465-58::R3.Corda: Reading ChangeSet: migration/vault-schema.changelog-init.xml::1511451595465-58::R3.Corda
17:43:41.339 [Test worker] DEBUG liquibase - master.changelog.json: migration/vault-schema.changelog-init.xml::1511451595465-58::R3.Corda: Executing Statement: liquibase.statement.core.CreateIndexStatement@3a2b6744
17:43:41.339 [Test worker] DEBUG liquibase - master.changelog.json: migration/vault-schema.changelog-init.xml::1511451595465-58::R3.Corda: Executing EXECUTE database command: CREATE INDEX PUBLIC.state_status_idx ON PUBLIC.vault_states(state_status)
17:43:41.339 [Test worker] INFO liquibase - master.changelog.json: migration/vault-schema.changelog-init.xml::1511451595465-58::R3.Corda: Index state_status_idx created
17:43:41.339 [Test worker] INFO liquibase - master.changelog.json: migration/vault-schema.changelog-init.xml::1511451595465-58::R3.Corda: ChangeSet migration/vault-schema.changelog-init.xml::1511451595465-58::R3.Corda ran successfully in 0ms
17:43:41.339 [Test worker] DEBUG liquibase - master.changelog.json: migration/vault-schema.changelog-init.xml::1511451595465-58::R3.Corda: Executing EXECUTE database command: INSERT INTO PUBLIC.DATABASECHANGELOG (ID, AUTHOR, FILENAME, DATEEXECUTED, ORDEREXECUTED, MD5SUM, DESCRIPTION, COMMENTS, EXECTYPE, CONTEXTS, LABELS, LIQUIBASE, DEPLOYMENT_ID) VALUES ('1511451595465-58', 'R3.Corda', 'migration/vault-schema.changelog-init.xml', NOW(), 15, '7:775d3c8a27b7fad84f9894db6bdf3e87', 'createIndex indexName=state_status_idx, tableName=vault_states', '', 'EXECUTED', NULL, NULL, '3.5.4', '1046221206')
17:43:41.339 [Test worker] DEBUG liquibase - master.changelog.json: migration/vault-schema.changelog-init.xml::1511451595465-59::R3.Corda: Running Changeset:migration/vault-schema.changelog-init.xml::1511451595465-59::R3.Corda
17:43:41.339 [Test worker] DEBUG liquibase - master.changelog.json: migration/vault-schema.changelog-init.xml::1511451595465-59::R3.Corda: Changeset migration/vault-schema.changelog-init.xml::1511451595465-59::R3.Corda
17:43:41.339 [Test worker] DEBUG liquibase - master.changelog.json: migration/vault-schema.changelog-init.xml::1511451595465-59::R3.Corda: Reading ChangeSet: migration/vault-schema.changelog-init.xml::1511451595465-59::R3.Corda
17:43:41.339 [Test worker] DEBUG liquibase - master.changelog.json: migration/vault-schema.changelog-init.xml::1511451595465-59::R3.Corda: Executing Statement: liquibase.statement.core.CreateIndexStatement@3fbdb53b
17:43:41.349 [Test worker] DEBUG liquibase - master.changelog.json: migration/vault-schema.changelog-init.xml::1511451595465-59::R3.Corda: Executing EXECUTE database command: CREATE INDEX PUBLIC.transaction_id_index ON PUBLIC.vault_transaction_notes(transaction_id)
17:43:41.349 [Test worker] INFO liquibase - master.changelog.json: migration/vault-schema.changelog-init.xml::1511451595465-59::R3.Corda: Index transaction_id_index created
17:43:41.349 [Test worker] INFO liquibase - master.changelog.json: migration/vault-schema.changelog-init.xml::1511451595465-59::R3.Corda: ChangeSet migration/vault-schema.changelog-init.xml::1511451595465-59::R3.Corda ran successfully in 10ms
17:43:41.351 [Test worker] DEBUG liquibase - master.changelog.json: migration/vault-schema.changelog-init.xml::1511451595465-59::R3.Corda: Executing EXECUTE database command: INSERT INTO PUBLIC.DATABASECHANGELOG (ID, AUTHOR, FILENAME, DATEEXECUTED, ORDEREXECUTED, MD5SUM, DESCRIPTION, COMMENTS, EXECTYPE, CONTEXTS, LABELS, LIQUIBASE, DEPLOYMENT_ID) VALUES ('1511451595465-59', 'R3.Corda', 'migration/vault-schema.changelog-init.xml', NOW(), 16, '7:1be2b24f3e4fedc8252c24080b713783', 'createIndex indexName=transaction_id_index, tableName=vault_transaction_notes', '', 'EXECUTED', NULL, NULL, '3.5.4', '1046221206')
17:43:41.352 [Test worker] DEBUG liquibase - master.changelog.json: migration/vault-schema.changelog-init.xml::1511451595465-60::R3.Corda: Running Changeset:migration/vault-schema.changelog-init.xml::1511451595465-60::R3.Corda
17:43:41.352 [Test worker] DEBUG liquibase - master.changelog.json: migration/vault-schema.changelog-init.xml::1511451595465-60::R3.Corda: Changeset migration/vault-schema.changelog-init.xml::1511451595465-60::R3.Corda
17:43:41.352 [Test worker] DEBUG liquibase - master.changelog.json: migration/vault-schema.changelog-init.xml::1511451595465-60::R3.Corda: Reading ChangeSet: migration/vault-schema.changelog-init.xml::1511451595465-60::R3.Corda
17:43:41.352 [Test worker] DEBUG liquibase - master.changelog.json: migration/vault-schema.changelog-init.xml::1511451595465-60::R3.Corda: Executing Statement: liquibase.statement.core.CreateIndexStatement@627d3653
17:43:41.352 [Test worker] DEBUG liquibase - master.changelog.json: migration/vault-schema.changelog-init.xml::1511451595465-60::R3.Corda: Executing EXECUTE database command: CREATE INDEX PUBLIC.uuid_index ON PUBLIC.vault_linear_states(uuid)
17:43:41.352 [Test worker] INFO liquibase - master.changelog.json: migration/vault-schema.changelog-init.xml::1511451595465-60::R3.Corda: Index uuid_index created
17:43:41.352 [Test worker] INFO liquibase - master.changelog.json: migration/vault-schema.changelog-init.xml::1511451595465-60::R3.Corda: ChangeSet migration/vault-schema.changelog-init.xml::1511451595465-60::R3.Corda ran successfully in 0ms
17:43:41.355 [Test worker] DEBUG liquibase - master.changelog.json: migration/vault-schema.changelog-init.xml::1511451595465-60::R3.Corda: Executing EXECUTE database command: INSERT INTO PUBLIC.DATABASECHANGELOG (ID, AUTHOR, FILENAME, DATEEXECUTED, ORDEREXECUTED, MD5SUM, DESCRIPTION, COMMENTS, EXECTYPE, CONTEXTS, LABELS, LIQUIBASE, DEPLOYMENT_ID) VALUES ('1511451595465-60', 'R3.Corda', 'migration/vault-schema.changelog-init.xml', NOW(), 17, '7:f372f17dd75374bfecfde0e44d7ce36c', 'createIndex indexName=uuid_index, tableName=vault_linear_states', '', 'EXECUTED', NULL, NULL, '3.5.4', '1046221206')
17:43:41.355 [Test worker] DEBUG liquibase - master.changelog.json: migration/vault-schema.changelog-init.xml::1511451595465-64::R3.Corda: Running Changeset:migration/vault-schema.changelog-init.xml::1511451595465-64::R3.Corda
17:43:41.356 [Test worker] DEBUG liquibase - master.changelog.json: migration/vault-schema.changelog-init.xml::1511451595465-64::R3.Corda: Changeset migration/vault-schema.changelog-init.xml::1511451595465-64::R3.Corda
17:43:41.356 [Test worker] DEBUG liquibase - master.changelog.json: migration/vault-schema.changelog-init.xml::1511451595465-64::R3.Corda: Reading ChangeSet: migration/vault-schema.changelog-init.xml::1511451595465-64::R3.Corda
17:43:41.356 [Test worker] DEBUG liquibase - master.changelog.json: migration/vault-schema.changelog-init.xml::1511451595465-64::R3.Corda: Executing Statement: liquibase.statement.core.AddForeignKeyConstraintStatement@4b9f79ff
17:43:41.356 [Test worker] DEBUG liquibase - master.changelog.json: migration/vault-schema.changelog-init.xml::1511451595465-64::R3.Corda: Executing EXECUTE database command: ALTER TABLE PUBLIC.vault_fungible_states_parts ADD CONSTRAINT FK__fung_st_parts__fung_st FOREIGN KEY (output_index, transaction_id) REFERENCES PUBLIC.vault_fungible_states (output_index, transaction_id)
17:43:41.358 [Test worker] INFO liquibase - master.changelog.json: migration/vault-schema.changelog-init.xml::1511451595465-64::R3.Corda: Foreign key constraint added to vault_fungible_states_parts (output_index,transaction_id)
17:43:41.358 [Test worker] INFO liquibase - master.changelog.json: migration/vault-schema.changelog-init.xml::1511451595465-64::R3.Corda: ChangeSet migration/vault-schema.changelog-init.xml::1511451595465-64::R3.Corda ran successfully in 2ms
17:43:41.359 [Test worker] DEBUG liquibase - master.changelog.json: migration/vault-schema.changelog-init.xml::1511451595465-64::R3.Corda: Executing EXECUTE database command: INSERT INTO PUBLIC.DATABASECHANGELOG (ID, AUTHOR, FILENAME, DATEEXECUTED, ORDEREXECUTED, MD5SUM, DESCRIPTION, COMMENTS, EXECTYPE, CONTEXTS, LABELS, LIQUIBASE, DEPLOYMENT_ID) VALUES ('1511451595465-64', 'R3.Corda', 'migration/vault-schema.changelog-init.xml', NOW(), 18, '7:3771038da08dbe5dbbbdffac7300198d', 'addForeignKeyConstraint baseTableName=vault_fungible_states_parts, constraintName=FK__fung_st_parts__fung_st, referencedTableName=vault_fungible_states', '', 'EXECUTED', NULL, NULL, '3.5.4', '1046221206')
17:43:41.360 [Test worker] DEBUG liquibase - master.changelog.json: migration/vault-schema.changelog-init.xml::1511451595465-65::R3.Corda: Running Changeset:migration/vault-schema.changelog-init.xml::1511451595465-65::R3.Corda
17:43:41.360 [Test worker] DEBUG liquibase - master.changelog.json: migration/vault-schema.changelog-init.xml::1511451595465-65::R3.Corda: Changeset migration/vault-schema.changelog-init.xml::1511451595465-65::R3.Corda
17:43:41.360 [Test worker] DEBUG liquibase - master.changelog.json: migration/vault-schema.changelog-init.xml::1511451595465-65::R3.Corda: Reading ChangeSet: migration/vault-schema.changelog-init.xml::1511451595465-65::R3.Corda
17:43:41.361 [Test worker] DEBUG liquibase - master.changelog.json: migration/vault-schema.changelog-init.xml::1511451595465-65::R3.Corda: Executing Statement: liquibase.statement.core.AddForeignKeyConstraintStatement@106f5588
17:43:41.361 [Test worker] DEBUG liquibase - master.changelog.json: migration/vault-schema.changelog-init.xml::1511451595465-65::R3.Corda: Executing EXECUTE database command: ALTER TABLE PUBLIC.vault_linear_states_parts ADD CONSTRAINT FK__lin_stat_parts__lin_stat FOREIGN KEY (output_index, transaction_id) REFERENCES PUBLIC.vault_linear_states (output_index, transaction_id)
17:43:41.362 [Test worker] INFO liquibase - master.changelog.json: migration/vault-schema.changelog-init.xml::1511451595465-65::R3.Corda: Foreign key constraint added to vault_linear_states_parts (output_index,transaction_id)
17:43:41.362 [Test worker] INFO liquibase - master.changelog.json: migration/vault-schema.changelog-init.xml::1511451595465-65::R3.Corda: ChangeSet migration/vault-schema.changelog-init.xml::1511451595465-65::R3.Corda ran successfully in 2ms
17:43:41.364 [Test worker] DEBUG liquibase - master.changelog.json: migration/vault-schema.changelog-init.xml::1511451595465-65::R3.Corda: Executing EXECUTE database command: INSERT INTO PUBLIC.DATABASECHANGELOG (ID, AUTHOR, FILENAME, DATEEXECUTED, ORDEREXECUTED, MD5SUM, DESCRIPTION, COMMENTS, EXECTYPE, CONTEXTS, LABELS, LIQUIBASE, DEPLOYMENT_ID) VALUES ('1511451595465-65', 'R3.Corda', 'migration/vault-schema.changelog-init.xml', NOW(), 19, '7:4cccc80aadefc753d80d33d233d426b1', 'addForeignKeyConstraint baseTableName=vault_linear_states_parts, constraintName=FK__lin_stat_parts__lin_stat, referencedTableName=vault_linear_states', '', 'EXECUTED', NULL, NULL, '3.5.4', '1046221206')
17:43:41.389 [Test worker] DEBUG liquibase - master.changelog.json: migration/vault-schema.changelog-v3.xml::clean_vault::R3.Corda: Running Changeset:migration/vault-schema.changelog-v3.xml::clean_vault::R3.Corda
17:43:41.389 [Test worker] DEBUG liquibase - master.changelog.json: migration/vault-schema.changelog-v3.xml::clean_vault::R3.Corda: Changeset migration/vault-schema.changelog-v3.xml::clean_vault::R3.Corda
17:43:41.390 [Test worker] DEBUG liquibase - master.changelog.json: migration/vault-schema.changelog-v3.xml::clean_vault::R3.Corda: Reading ChangeSet: migration/vault-schema.changelog-v3.xml::clean_vault::R3.Corda
17:43:41.390 [Test worker] DEBUG liquibase - master.changelog.json: migration/vault-schema.changelog-v3.xml::clean_vault::R3.Corda: Executing Statement: liquibase.statement.core.DeleteStatement@55bc7fc5
17:43:41.391 [Test worker] DEBUG liquibase - master.changelog.json: migration/vault-schema.changelog-v3.xml::clean_vault::R3.Corda: Executing EXECUTE database command: DELETE FROM PUBLIC.vault_fungible_states_parts
17:43:41.391 [Test worker] INFO liquibase - master.changelog.json: migration/vault-schema.changelog-v3.xml::clean_vault::R3.Corda: Data deleted from vault_fungible_states_parts
17:43:41.391 [Test worker] DEBUG liquibase - master.changelog.json: migration/vault-schema.changelog-v3.xml::clean_vault::R3.Corda: Executing Statement: liquibase.statement.core.DeleteStatement@70c47ae6
17:43:41.392 [Test worker] DEBUG liquibase - master.changelog.json: migration/vault-schema.changelog-v3.xml::clean_vault::R3.Corda: Executing EXECUTE database command: DELETE FROM PUBLIC.vault_fungible_states
17:43:41.392 [Test worker] INFO liquibase - master.changelog.json: migration/vault-schema.changelog-v3.xml::clean_vault::R3.Corda: Data deleted from vault_fungible_states
17:43:41.393 [Test worker] DEBUG liquibase - master.changelog.json: migration/vault-schema.changelog-v3.xml::clean_vault::R3.Corda: Executing Statement: liquibase.statement.core.DeleteStatement@669064d1
17:43:41.393 [Test worker] DEBUG liquibase - master.changelog.json: migration/vault-schema.changelog-v3.xml::clean_vault::R3.Corda: Executing EXECUTE database command: DELETE FROM PUBLIC.vault_linear_states_parts
17:43:41.394 [Test worker] INFO liquibase - master.changelog.json: migration/vault-schema.changelog-v3.xml::clean_vault::R3.Corda: Data deleted from vault_linear_states_parts
17:43:41.394 [Test worker] DEBUG liquibase - master.changelog.json: migration/vault-schema.changelog-v3.xml::clean_vault::R3.Corda: Executing Statement: liquibase.statement.core.DeleteStatement@2f5aa3cf
17:43:41.394 [Test worker] DEBUG liquibase - master.changelog.json: migration/vault-schema.changelog-v3.xml::clean_vault::R3.Corda: Executing EXECUTE database command: DELETE FROM PUBLIC.vault_linear_states
17:43:41.395 [Test worker] INFO liquibase - master.changelog.json: migration/vault-schema.changelog-v3.xml::clean_vault::R3.Corda: Data deleted from vault_linear_states
17:43:41.395 [Test worker] DEBUG liquibase - master.changelog.json: migration/vault-schema.changelog-v3.xml::clean_vault::R3.Corda: Executing Statement: liquibase.statement.core.DeleteStatement@19aeb3b6
17:43:41.395 [Test worker] DEBUG liquibase - master.changelog.json: migration/vault-schema.changelog-v3.xml::clean_vault::R3.Corda: Executing EXECUTE database command: DELETE FROM PUBLIC.vault_states
17:43:41.395 [Test worker] INFO liquibase - master.changelog.json: migration/vault-schema.changelog-v3.xml::clean_vault::R3.Corda: Data deleted from vault_states
17:43:41.395 [Test worker] DEBUG liquibase - master.changelog.json: migration/vault-schema.changelog-v3.xml::clean_vault::R3.Corda: Executing Statement: liquibase.statement.core.DeleteStatement@4aeef92f
17:43:41.395 [Test worker] DEBUG liquibase - master.changelog.json: migration/vault-schema.changelog-v3.xml::clean_vault::R3.Corda: Executing EXECUTE database command: DELETE FROM PUBLIC.vault_transaction_notes
17:43:41.395 [Test worker] INFO liquibase - master.changelog.json: migration/vault-schema.changelog-v3.xml::clean_vault::R3.Corda: Data deleted from vault_transaction_notes
17:43:41.396 [Test worker] INFO liquibase - master.changelog.json: migration/vault-schema.changelog-v3.xml::clean_vault::R3.Corda: ChangeSet migration/vault-schema.changelog-v3.xml::clean_vault::R3.Corda ran successfully in 7ms
17:43:41.397 [Test worker] DEBUG liquibase - master.changelog.json: migration/vault-schema.changelog-v3.xml::clean_vault::R3.Corda: Executing EXECUTE database command: INSERT INTO PUBLIC.DATABASECHANGELOG (ID, AUTHOR, FILENAME, DATEEXECUTED, ORDEREXECUTED, MD5SUM, DESCRIPTION, COMMENTS, EXECTYPE, CONTEXTS, LABELS, LIQUIBASE, DEPLOYMENT_ID) VALUES ('clean_vault', 'R3.Corda', 'migration/vault-schema.changelog-v3.xml', NOW(), 20, '7:c16f94cc9c0418c23dfcedd33e85d2d3', 'delete tableName=vault_fungible_states_parts; delete tableName=vault_fungible_states; delete tableName=vault_linear_states_parts; delete tableName=vault_linear_states; delete tableName=vault_states; delete tableName=vault_transaction_notes', '', 'EXECUTED', NULL, NULL, '3.5.4', '1046221206')
17:43:41.398 [Test worker] DEBUG liquibase - master.changelog.json: migration/vault-schema.changelog-v4.xml::nullability::R3.Corda: Running Changeset:migration/vault-schema.changelog-v4.xml::nullability::R3.Corda
17:43:41.398 [Test worker] DEBUG liquibase - master.changelog.json: migration/vault-schema.changelog-v4.xml::nullability::R3.Corda: Changeset migration/vault-schema.changelog-v4.xml::nullability::R3.Corda
17:43:41.398 [Test worker] DEBUG liquibase - master.changelog.json: migration/vault-schema.changelog-v4.xml::nullability::R3.Corda: Reading ChangeSet: migration/vault-schema.changelog-v4.xml::nullability::R3.Corda
17:43:41.398 [Test worker] DEBUG liquibase - master.changelog.json: migration/vault-schema.changelog-v4.xml::nullability::R3.Corda: Executing Statement: liquibase.statement.core.SetNullableStatement@625fccbe
17:43:41.398 [Test worker] DEBUG liquibase - master.changelog.json: migration/vault-schema.changelog-v4.xml::nullability::R3.Corda: Executing EXECUTE database command: ALTER TABLE PUBLIC.vault_fungible_states ALTER COLUMN quantity SET NOT NULL
17:43:41.399 [Test worker] INFO liquibase - master.changelog.json: migration/vault-schema.changelog-v4.xml::nullability::R3.Corda: Null constraint has been added to vault_fungible_states.quantity
17:43:41.399 [Test worker] DEBUG liquibase - master.changelog.json: migration/vault-schema.changelog-v4.xml::nullability::R3.Corda: Executing Statement: liquibase.statement.core.SetNullableStatement@78faa691
17:43:41.399 [Test worker] DEBUG liquibase - master.changelog.json: migration/vault-schema.changelog-v4.xml::nullability::R3.Corda: Executing EXECUTE database command: ALTER TABLE PUBLIC.vault_states ALTER COLUMN contract_state_class_name SET NOT NULL
17:43:41.399 [Test worker] INFO liquibase - master.changelog.json: migration/vault-schema.changelog-v4.xml::nullability::R3.Corda: Null constraint has been added to vault_states.contract_state_class_name
17:43:41.400 [Test worker] DEBUG liquibase - master.changelog.json: migration/vault-schema.changelog-v4.xml::nullability::R3.Corda: Executing Statement: liquibase.statement.core.SetNullableStatement@3be7e569
17:43:41.400 [Test worker] DEBUG liquibase - master.changelog.json: migration/vault-schema.changelog-v4.xml::nullability::R3.Corda: Executing EXECUTE database command: ALTER TABLE PUBLIC.vault_states ALTER COLUMN notary_name SET NOT NULL
17:43:41.400 [Test worker] INFO liquibase - master.changelog.json: migration/vault-schema.changelog-v4.xml::nullability::R3.Corda: Null constraint has been added to vault_states.notary_name
17:43:41.400 [Test worker] DEBUG liquibase - master.changelog.json: migration/vault-schema.changelog-v4.xml::nullability::R3.Corda: Executing Statement: liquibase.statement.core.SetNullableStatement@10bd7ec7
17:43:41.400 [Test worker] DEBUG liquibase - master.changelog.json: migration/vault-schema.changelog-v4.xml::nullability::R3.Corda: Executing EXECUTE database command: ALTER TABLE PUBLIC.vault_states ALTER COLUMN recorded_timestamp SET NOT NULL
17:43:41.401 [Test worker] INFO liquibase - master.changelog.json: migration/vault-schema.changelog-v4.xml::nullability::R3.Corda: Null constraint has been added to vault_states.recorded_timestamp
17:43:41.401 [Test worker] DEBUG liquibase - master.changelog.json: migration/vault-schema.changelog-v4.xml::nullability::R3.Corda: Executing Statement: liquibase.statement.core.DropIndexStatement@3c241ce5
17:43:41.401 [Test worker] DEBUG liquibase - master.changelog.json: migration/vault-schema.changelog-v4.xml::nullability::R3.Corda: Executing EXECUTE database command: DROP INDEX PUBLIC.state_status_idx
17:43:41.401 [Test worker] INFO liquibase - master.changelog.json: migration/vault-schema.changelog-v4.xml::nullability::R3.Corda: Index state_status_idx dropped from table vault_states
17:43:41.401 [Test worker] DEBUG liquibase - master.changelog.json: migration/vault-schema.changelog-v4.xml::nullability::R3.Corda: Executing Statement: liquibase.statement.core.DropIndexStatement@e4d190d
17:43:41.402 [Test worker] DEBUG liquibase - master.changelog.json: migration/vault-schema.changelog-v4.xml::nullability::R3.Corda: Executing EXECUTE database command: DROP INDEX PUBLIC.lock_id_idx
17:43:41.402 [Test worker] INFO liquibase - master.changelog.json: migration/vault-schema.changelog-v4.xml::nullability::R3.Corda: Index lock_id_idx dropped from table vault_states
17:43:41.402 [Test worker] DEBUG liquibase - master.changelog.json: migration/vault-schema.changelog-v4.xml::nullability::R3.Corda: Executing Statement: liquibase.statement.core.SetNullableStatement@4974c206
17:43:41.403 [Test worker] DEBUG liquibase - master.changelog.json: migration/vault-schema.changelog-v4.xml::nullability::R3.Corda: Executing EXECUTE database command: ALTER TABLE PUBLIC.vault_states ALTER COLUMN state_status SET NOT NULL
17:43:41.403 [Test worker] INFO liquibase - master.changelog.json: migration/vault-schema.changelog-v4.xml::nullability::R3.Corda: Null constraint has been added to vault_states.state_status
17:43:41.403 [Test worker] DEBUG liquibase - master.changelog.json: migration/vault-schema.changelog-v4.xml::nullability::R3.Corda: Executing Statement: liquibase.statement.core.CreateIndexStatement@32260b6d
17:43:41.403 [Test worker] DEBUG liquibase - master.changelog.json: migration/vault-schema.changelog-v4.xml::nullability::R3.Corda: Executing EXECUTE database command: CREATE INDEX PUBLIC.state_status_idx ON PUBLIC.vault_states(state_status)
17:43:41.404 [Test worker] INFO liquibase - master.changelog.json: migration/vault-schema.changelog-v4.xml::nullability::R3.Corda: Index state_status_idx created
17:43:41.404 [Test worker] DEBUG liquibase - master.changelog.json: migration/vault-schema.changelog-v4.xml::nullability::R3.Corda: Executing Statement: liquibase.statement.core.CreateIndexStatement@3efae2e4
17:43:41.404 [Test worker] DEBUG liquibase - master.changelog.json: migration/vault-schema.changelog-v4.xml::nullability::R3.Corda: Executing EXECUTE database command: CREATE INDEX PUBLIC.lock_id_idx ON PUBLIC.vault_states(lock_id, state_status)
17:43:41.405 [Test worker] INFO liquibase - master.changelog.json: migration/vault-schema.changelog-v4.xml::nullability::R3.Corda: Index lock_id_idx created
17:43:41.405 [Test worker] DEBUG liquibase - master.changelog.json: migration/vault-schema.changelog-v4.xml::nullability::R3.Corda: Executing Statement: liquibase.statement.core.DropIndexStatement@517163cf
17:43:41.405 [Test worker] DEBUG liquibase - master.changelog.json: migration/vault-schema.changelog-v4.xml::nullability::R3.Corda: Executing EXECUTE database command: DROP INDEX PUBLIC.transaction_id_index
17:43:41.405 [Test worker] INFO liquibase - master.changelog.json: migration/vault-schema.changelog-v4.xml::nullability::R3.Corda: Index transaction_id_index dropped from table vault_transaction_notes
17:43:41.405 [Test worker] DEBUG liquibase - master.changelog.json: migration/vault-schema.changelog-v4.xml::nullability::R3.Corda: Executing Statement: liquibase.statement.core.SetNullableStatement@281ca697
17:43:41.405 [Test worker] DEBUG liquibase - master.changelog.json: migration/vault-schema.changelog-v4.xml::nullability::R3.Corda: Executing EXECUTE database command: ALTER TABLE PUBLIC.vault_transaction_notes ALTER COLUMN note SET NOT NULL
17:43:41.406 [Test worker] INFO liquibase - master.changelog.json: migration/vault-schema.changelog-v4.xml::nullability::R3.Corda: Null constraint has been added to vault_transaction_notes.note
17:43:41.406 [Test worker] DEBUG liquibase - master.changelog.json: migration/vault-schema.changelog-v4.xml::nullability::R3.Corda: Executing Statement: liquibase.statement.core.SetNullableStatement@1b2df055
17:43:41.406 [Test worker] DEBUG liquibase - master.changelog.json: migration/vault-schema.changelog-v4.xml::nullability::R3.Corda: Executing EXECUTE database command: ALTER TABLE PUBLIC.vault_transaction_notes ALTER COLUMN transaction_id SET NOT NULL
17:43:41.406 [Test worker] INFO liquibase - master.changelog.json: migration/vault-schema.changelog-v4.xml::nullability::R3.Corda: Null constraint has been added to vault_transaction_notes.transaction_id
17:43:41.406 [Test worker] DEBUG liquibase - master.changelog.json: migration/vault-schema.changelog-v4.xml::nullability::R3.Corda: Executing Statement: liquibase.statement.core.CreateIndexStatement@617258eb
17:43:41.407 [Test worker] DEBUG liquibase - master.changelog.json: migration/vault-schema.changelog-v4.xml::nullability::R3.Corda: Executing EXECUTE database command: CREATE INDEX PUBLIC.transaction_id_index ON PUBLIC.vault_transaction_notes(transaction_id)
17:43:41.407 [Test worker] INFO liquibase - master.changelog.json: migration/vault-schema.changelog-v4.xml::nullability::R3.Corda: Index transaction_id_index created
17:43:41.407 [Test worker] INFO liquibase - master.changelog.json: migration/vault-schema.changelog-v4.xml::nullability::R3.Corda: ChangeSet migration/vault-schema.changelog-v4.xml::nullability::R3.Corda ran successfully in 9ms
17:43:41.409 [Test worker] DEBUG liquibase - master.changelog.json: migration/vault-schema.changelog-v4.xml::nullability::R3.Corda: Executing EXECUTE database command: INSERT INTO PUBLIC.DATABASECHANGELOG (ID, AUTHOR, FILENAME, DATEEXECUTED, ORDEREXECUTED, MD5SUM, DESCRIPTION, COMMENTS, EXECTYPE, CONTEXTS, LABELS, LIQUIBASE, DEPLOYMENT_ID) VALUES ('nullability', 'R3.Corda', 'migration/vault-schema.changelog-v4.xml', NOW(), 21, '7:59450415a9a86b5b55d9f9347b383e6a', 'addNotNullConstraint columnName=quantity, tableName=vault_fungible_states; addNotNullConstraint columnName=contract_state_class_name, tableName=vault_states; addNotNullConstraint columnName=notary_name, tableName=vault_states; addNotNullConstraint...', '', 'EXECUTED', NULL, NULL, '3.5.4', '1046221206')
17:43:41.410 [Test worker] DEBUG liquibase - master.changelog.json: migration/vault-schema.changelog-pkey.xml::non-clustered_pk-11::R3.Corda: Running Changeset:migration/vault-schema.changelog-pkey.xml::non-clustered_pk-11::R3.Corda
17:43:41.412 [Test worker] DEBUG liquibase - master.changelog.json: migration/vault-schema.changelog-pkey.xml::non-clustered_pk-11::R3.Corda: Executing EXECUTE database command: INSERT INTO PUBLIC.DATABASECHANGELOG (ID, AUTHOR, FILENAME, DATEEXECUTED, ORDEREXECUTED, MD5SUM, DESCRIPTION, COMMENTS, EXECTYPE, CONTEXTS, LABELS, LIQUIBASE, DEPLOYMENT_ID) VALUES ('non-clustered_pk-11', 'R3.Corda', 'migration/vault-schema.changelog-pkey.xml', NOW(), 22, '7:c88a8494afc1f2507131e709b3ec4f1e', 'dropForeignKeyConstraint baseTableName=vault_fungible_states_parts, constraintName=FK__fung_st_parts__fung_st; dropPrimaryKey constraintName=vault_fungible_states_pkey, tableName=vault_fungible_states; addPrimaryKey constraintName=vault_fungible_s...', '', 'MARK_RAN', NULL, NULL, '3.5.4', '1046221206')
17:43:41.413 [Test worker] DEBUG liquibase - master.changelog.json: migration/vault-schema.changelog-pkey.xml::non-clustered_pk-12::R3.Corda: Running Changeset:migration/vault-schema.changelog-pkey.xml::non-clustered_pk-12::R3.Corda
17:43:41.414 [Test worker] DEBUG liquibase - master.changelog.json: migration/vault-schema.changelog-pkey.xml::non-clustered_pk-12::R3.Corda: Executing EXECUTE database command: INSERT INTO PUBLIC.DATABASECHANGELOG (ID, AUTHOR, FILENAME, DATEEXECUTED, ORDEREXECUTED, MD5SUM, DESCRIPTION, COMMENTS, EXECTYPE, CONTEXTS, LABELS, LIQUIBASE, DEPLOYMENT_ID) VALUES ('non-clustered_pk-12', 'R3.Corda', 'migration/vault-schema.changelog-pkey.xml', NOW(), 23, '7:5569de8454d891688bbb7510f634782f', 'dropForeignKeyConstraint baseTableName=vault_linear_states_parts, constraintName=FK__lin_stat_parts__lin_stat; dropPrimaryKey constraintName=vault_linear_states_pkey, tableName=vault_linear_states; addPrimaryKey constraintName=vault_linear_states_...', '', 'MARK_RAN', NULL, NULL, '3.5.4', '1046221206')
17:43:41.415 [Test worker] DEBUG liquibase - master.changelog.json: migration/vault-schema.changelog-pkey.xml::non-clustered_pk-13::R3.Corda: Running Changeset:migration/vault-schema.changelog-pkey.xml::non-clustered_pk-13::R3.Corda
17:43:41.416 [Test worker] DEBUG liquibase - master.changelog.json: migration/vault-schema.changelog-pkey.xml::non-clustered_pk-13::R3.Corda: Executing EXECUTE database command: INSERT INTO PUBLIC.DATABASECHANGELOG (ID, AUTHOR, FILENAME, DATEEXECUTED, ORDEREXECUTED, MD5SUM, DESCRIPTION, COMMENTS, EXECTYPE, CONTEXTS, LABELS, LIQUIBASE, DEPLOYMENT_ID) VALUES ('non-clustered_pk-13', 'R3.Corda', 'migration/vault-schema.changelog-pkey.xml', NOW(), 24, '7:c786c529ecdaa33f87d3fc9ed88111f4', 'dropPrimaryKey constraintName=vault_states_pkey, tableName=vault_states; addPrimaryKey constraintName=vault_states_pkey, tableName=vault_states', '', 'MARK_RAN', NULL, NULL, '3.5.4', '1046221206')
17:43:41.417 [Test worker] DEBUG liquibase - master.changelog.json: migration/vault-schema.changelog-v5.xml::add_relevancy_status_column::R3.Corda: Running Changeset:migration/vault-schema.changelog-v5.xml::add_relevancy_status_column::R3.Corda
17:43:41.417 [Test worker] DEBUG liquibase - master.changelog.json: migration/vault-schema.changelog-v5.xml::add_relevancy_status_column::R3.Corda: Changeset migration/vault-schema.changelog-v5.xml::add_relevancy_status_column::R3.Corda
17:43:41.418 [Test worker] DEBUG liquibase - master.changelog.json: migration/vault-schema.changelog-v5.xml::add_relevancy_status_column::R3.Corda: Reading ChangeSet: migration/vault-schema.changelog-v5.xml::add_relevancy_status_column::R3.Corda
17:43:41.418 [Test worker] DEBUG liquibase - master.changelog.json: migration/vault-schema.changelog-v5.xml::add_relevancy_status_column::R3.Corda: Executing Statement: liquibase.statement.core.AddColumnStatement@1aed8cfc
17:43:41.418 [Test worker] DEBUG liquibase - master.changelog.json: migration/vault-schema.changelog-v5.xml::add_relevancy_status_column::R3.Corda: Executing EXECUTE database command: ALTER TABLE PUBLIC.vault_states ADD relevancy_status INT
17:43:41.423 [Test worker] INFO liquibase - master.changelog.json: migration/vault-schema.changelog-v5.xml::add_relevancy_status_column::R3.Corda: Columns relevancy_status(INT) added to vault_states
17:43:41.423 [Test worker] DEBUG liquibase - master.changelog.json: migration/vault-schema.changelog-v5.xml::add_relevancy_status_column::R3.Corda: Executing Statement: liquibase.statement.core.UpdateStatement@5c4d6fe4
17:43:41.423 [Test worker] DEBUG liquibase - master.changelog.json: migration/vault-schema.changelog-v5.xml::add_relevancy_status_column::R3.Corda: Executing EXECUTE database command: UPDATE PUBLIC.vault_states SET relevancy_status = 0
17:43:41.423 [Test worker] INFO liquibase - master.changelog.json: migration/vault-schema.changelog-v5.xml::add_relevancy_status_column::R3.Corda: Data updated in vault_states
17:43:41.423 [Test worker] DEBUG liquibase - master.changelog.json: migration/vault-schema.changelog-v5.xml::add_relevancy_status_column::R3.Corda: Executing Statement: liquibase.statement.core.SetNullableStatement@1f8bbc98
17:43:41.424 [Test worker] DEBUG liquibase - master.changelog.json: migration/vault-schema.changelog-v5.xml::add_relevancy_status_column::R3.Corda: Executing EXECUTE database command: ALTER TABLE PUBLIC.vault_states ALTER COLUMN relevancy_status SET NOT NULL
17:43:41.424 [Test worker] INFO liquibase - master.changelog.json: migration/vault-schema.changelog-v5.xml::add_relevancy_status_column::R3.Corda: Null constraint has been added to vault_states.relevancy_status
17:43:41.424 [Test worker] INFO liquibase - master.changelog.json: migration/vault-schema.changelog-v5.xml::add_relevancy_status_column::R3.Corda: ChangeSet migration/vault-schema.changelog-v5.xml::add_relevancy_status_column::R3.Corda ran successfully in 7ms
17:43:41.426 [Test worker] DEBUG liquibase - master.changelog.json: migration/vault-schema.changelog-v5.xml::add_relevancy_status_column::R3.Corda: Executing EXECUTE database command: INSERT INTO PUBLIC.DATABASECHANGELOG (ID, AUTHOR, FILENAME, DATEEXECUTED, ORDEREXECUTED, MD5SUM, DESCRIPTION, COMMENTS, EXECTYPE, CONTEXTS, LABELS, LIQUIBASE, DEPLOYMENT_ID) VALUES ('add_relevancy_status_column', 'R3.Corda', 'migration/vault-schema.changelog-v5.xml', NOW(), 25, '7:bd7c3258179f34f231f6ae51e3313fc4', 'addColumn tableName=vault_states; update tableName=vault_states; addNotNullConstraint columnName=relevancy_status, tableName=vault_states', '', 'EXECUTED', NULL, NULL, '3.5.4', '1046221206')
17:43:41.428 [Test worker] DEBUG liquibase - master.changelog.json: migration/vault-schema.changelog-v6.xml::add_is_constraint_information_columns::R3.Corda: Running Changeset:migration/vault-schema.changelog-v6.xml::add_is_constraint_information_columns::R3.Corda
17:43:41.428 [Test worker] DEBUG liquibase - master.changelog.json: migration/vault-schema.changelog-v6.xml::add_is_constraint_information_columns::R3.Corda: Changeset migration/vault-schema.changelog-v6.xml::add_is_constraint_information_columns::R3.Corda
17:43:41.428 [Test worker] DEBUG liquibase - master.changelog.json: migration/vault-schema.changelog-v6.xml::add_is_constraint_information_columns::R3.Corda: Reading ChangeSet: migration/vault-schema.changelog-v6.xml::add_is_constraint_information_columns::R3.Corda
17:43:41.428 [Test worker] DEBUG liquibase - master.changelog.json: migration/vault-schema.changelog-v6.xml::add_is_constraint_information_columns::R3.Corda: Executing Statement: liquibase.statement.core.AddColumnStatement@3c3e4956
17:43:41.428 [Test worker] DEBUG liquibase - master.changelog.json: migration/vault-schema.changelog-v6.xml::add_is_constraint_information_columns::R3.Corda: Executing EXECUTE database command: ALTER TABLE PUBLIC.vault_states ADD constraint_type INT DEFAULT '0' NOT NULL
17:43:41.436 [Test worker] INFO liquibase - master.changelog.json: migration/vault-schema.changelog-v6.xml::add_is_constraint_information_columns::R3.Corda: Columns constraint_type(INT) added to vault_states
17:43:41.436 [Test worker] DEBUG liquibase - master.changelog.json: migration/vault-schema.changelog-v6.xml::add_is_constraint_information_columns::R3.Corda: Executing Statement: liquibase.statement.core.AddColumnStatement@914a1a2
17:43:41.436 [Test worker] DEBUG liquibase - master.changelog.json: migration/vault-schema.changelog-v6.xml::add_is_constraint_information_columns::R3.Corda: Executing EXECUTE database command: ALTER TABLE PUBLIC.vault_states ADD constraint_data VARBINARY(563)
17:43:41.443 [Test worker] INFO liquibase - master.changelog.json: migration/vault-schema.changelog-v6.xml::add_is_constraint_information_columns::R3.Corda: Columns constraint_data(varbinary(563)) added to vault_states
17:43:41.443 [Test worker] INFO liquibase - master.changelog.json: migration/vault-schema.changelog-v6.xml::add_is_constraint_information_columns::R3.Corda: ChangeSet migration/vault-schema.changelog-v6.xml::add_is_constraint_information_columns::R3.Corda ran successfully in 15ms
17:43:41.444 [Test worker] DEBUG liquibase - master.changelog.json: migration/vault-schema.changelog-v6.xml::add_is_constraint_information_columns::R3.Corda: Executing EXECUTE database command: INSERT INTO PUBLIC.DATABASECHANGELOG (ID, AUTHOR, FILENAME, DATEEXECUTED, ORDEREXECUTED, MD5SUM, DESCRIPTION, COMMENTS, EXECTYPE, CONTEXTS, LABELS, LIQUIBASE, DEPLOYMENT_ID) VALUES ('add_is_constraint_information_columns', 'R3.Corda', 'migration/vault-schema.changelog-v6.xml', NOW(), 26, '7:7d7cf7015d299a7fefb6e81aa563e208', 'addColumn tableName=vault_states; addColumn tableName=vault_states', '', 'EXECUTED', NULL, NULL, '3.5.4', '1046221206')
17:43:41.446 [Test worker] DEBUG liquibase - master.changelog.json: migration/vault-schema.changelog-v7.xml::make_issuer_ref_nullable::R3.Corda: Running Changeset:migration/vault-schema.changelog-v7.xml::make_issuer_ref_nullable::R3.Corda
17:43:41.447 [Test worker] DEBUG liquibase - master.changelog.json: migration/vault-schema.changelog-v7.xml::make_issuer_ref_nullable::R3.Corda: Changeset migration/vault-schema.changelog-v7.xml::make_issuer_ref_nullable::R3.Corda
17:43:41.447 [Test worker] DEBUG liquibase - master.changelog.json: migration/vault-schema.changelog-v7.xml::make_issuer_ref_nullable::R3.Corda: Reading ChangeSet: migration/vault-schema.changelog-v7.xml::make_issuer_ref_nullable::R3.Corda
17:43:41.447 [Test worker] DEBUG liquibase - master.changelog.json: migration/vault-schema.changelog-v7.xml::make_issuer_ref_nullable::R3.Corda: Executing Statement: liquibase.statement.core.SetNullableStatement@596784ae
17:43:41.448 [Test worker] DEBUG liquibase - master.changelog.json: migration/vault-schema.changelog-v7.xml::make_issuer_ref_nullable::R3.Corda: Executing EXECUTE database command: ALTER TABLE PUBLIC.vault_fungible_states ALTER COLUMN issuer_ref SET NULL
17:43:41.449 [Test worker] INFO liquibase - master.changelog.json: migration/vault-schema.changelog-v7.xml::make_issuer_ref_nullable::R3.Corda: Null constraint dropped from vault_fungible_states.issuer_ref
17:43:41.450 [Test worker] INFO liquibase - master.changelog.json: migration/vault-schema.changelog-v7.xml::make_issuer_ref_nullable::R3.Corda: ChangeSet migration/vault-schema.changelog-v7.xml::make_issuer_ref_nullable::R3.Corda ran successfully in 4ms
17:43:41.451 [Test worker] DEBUG liquibase - master.changelog.json: migration/vault-schema.changelog-v7.xml::make_issuer_ref_nullable::R3.Corda: Executing EXECUTE database command: INSERT INTO PUBLIC.DATABASECHANGELOG (ID, AUTHOR, FILENAME, DATEEXECUTED, ORDEREXECUTED, MD5SUM, DESCRIPTION, COMMENTS, EXECTYPE, CONTEXTS, LABELS, LIQUIBASE, DEPLOYMENT_ID) VALUES ('make_issuer_ref_nullable', 'R3.Corda', 'migration/vault-schema.changelog-v7.xml', NOW(), 27, '7:016e083b176a76fc50d74e3fe07ca1cb', 'dropNotNullConstraint columnName=issuer_ref, tableName=vault_fungible_states', '', 'EXECUTED', NULL, NULL, '3.5.4', '1046221206')
17:43:41.452 [Test worker] DEBUG liquibase - master.changelog.json: migration/vault-schema.changelog-v8.xml::create-external-id-to-state-party-view::R3.Corda: Running Changeset:migration/vault-schema.changelog-v8.xml::create-external-id-to-state-party-view::R3.Corda
17:43:41.452 [Test worker] DEBUG liquibase - master.changelog.json: migration/vault-schema.changelog-v8.xml::create-external-id-to-state-party-view::R3.Corda: Changeset migration/vault-schema.changelog-v8.xml::create-external-id-to-state-party-view::R3.Corda
17:43:41.452 [Test worker] DEBUG liquibase - master.changelog.json: migration/vault-schema.changelog-v8.xml::create-external-id-to-state-party-view::R3.Corda: Reading ChangeSet: migration/vault-schema.changelog-v8.xml::create-external-id-to-state-party-view::R3.Corda
17:43:41.453 [Test worker] DEBUG liquibase - master.changelog.json: migration/vault-schema.changelog-v8.xml::create-external-id-to-state-party-view::R3.Corda: Executing Statement: liquibase.statement.core.CreateTableStatement@5da7a09c
17:43:41.453 [Test worker] DEBUG liquibase - master.changelog.json: migration/vault-schema.changelog-v8.xml::create-external-id-to-state-party-view::R3.Corda: Executing EXECUTE database command: CREATE TABLE PUBLIC.state_party (output_index INT, transaction_id NVARCHAR(64), public_key_hash NVARCHAR(255) NOT NULL, x500_name NVARCHAR(255))
17:43:41.454 [Test worker] INFO liquibase - master.changelog.json: migration/vault-schema.changelog-v8.xml::create-external-id-to-state-party-view::R3.Corda: Table state_party created
17:43:41.454 [Test worker] DEBUG liquibase - master.changelog.json: migration/vault-schema.changelog-v8.xml::create-external-id-to-state-party-view::R3.Corda: Executing Statement: liquibase.statement.core.CreateIndexStatement@43215b35
17:43:41.454 [Test worker] DEBUG liquibase - master.changelog.json: migration/vault-schema.changelog-v8.xml::create-external-id-to-state-party-view::R3.Corda: Executing EXECUTE database command: CREATE INDEX PUBLIC.state_pk_hash_idx ON PUBLIC.state_party(public_key_hash)
17:43:41.455 [Test worker] INFO liquibase - master.changelog.json: migration/vault-schema.changelog-v8.xml::create-external-id-to-state-party-view::R3.Corda: Index state_pk_hash_idx created
17:43:41.455 [Test worker] DEBUG liquibase - master.changelog.json: migration/vault-schema.changelog-v8.xml::create-external-id-to-state-party-view::R3.Corda: Executing Statement: liquibase.statement.core.CreateTableStatement@5ababa48
17:43:41.455 [Test worker] DEBUG liquibase - master.changelog.json: migration/vault-schema.changelog-v8.xml::create-external-id-to-state-party-view::R3.Corda: Executing EXECUTE database command: CREATE TABLE PUBLIC.pk_hash_to_ext_id_map (id BIGINT NOT NULL, external_id VARCHAR(255) NOT NULL, public_key_hash NVARCHAR(255) NOT NULL)
17:43:41.455 [Test worker] INFO liquibase - master.changelog.json: migration/vault-schema.changelog-v8.xml::create-external-id-to-state-party-view::R3.Corda: Table pk_hash_to_ext_id_map created
17:43:41.455 [Test worker] DEBUG liquibase - master.changelog.json: migration/vault-schema.changelog-v8.xml::create-external-id-to-state-party-view::R3.Corda: Executing Statement: liquibase.statement.core.CreateIndexStatement@3a0706dc
17:43:41.455 [Test worker] DEBUG liquibase - master.changelog.json: migration/vault-schema.changelog-v8.xml::create-external-id-to-state-party-view::R3.Corda: Executing EXECUTE database command: CREATE INDEX PUBLIC.pk_hash_to_xid_idx ON PUBLIC.pk_hash_to_ext_id_map(public_key_hash)
17:43:41.455 [Test worker] INFO liquibase - master.changelog.json: migration/vault-schema.changelog-v8.xml::create-external-id-to-state-party-view::R3.Corda: Index pk_hash_to_xid_idx created
17:43:41.455 [Test worker] DEBUG liquibase - master.changelog.json: migration/vault-schema.changelog-v8.xml::create-external-id-to-state-party-view::R3.Corda: Executing Statement: liquibase.statement.core.CreateViewStatement@73b60a5a
17:43:41.455 [Test worker] DEBUG liquibase - master.changelog.json: migration/vault-schema.changelog-v8.xml::create-external-id-to-state-party-view::R3.Corda: Executing EXECUTE database command: CREATE VIEW PUBLIC.v_pkey_hash_ex_id_map AS select
                state_party.public_key_hash,
                state_party.transaction_id,
                state_party.output_index,
                pk_hash_to_ext_id_map.external_id
            from state_party
            join pk_hash_to_ext_id_map
            on state_party.public_key_hash = pk_hash_to_ext_id_map.public_key_hash
17:43:41.455 [Test worker] INFO liquibase - master.changelog.json: migration/vault-schema.changelog-v8.xml::create-external-id-to-state-party-view::R3.Corda: View v_pkey_hash_ex_id_map created
17:43:41.455 [Test worker] INFO liquibase - master.changelog.json: migration/vault-schema.changelog-v8.xml::create-external-id-to-state-party-view::R3.Corda: ChangeSet migration/vault-schema.changelog-v8.xml::create-external-id-to-state-party-view::R3.Corda ran successfully in 3ms
17:43:41.455 [Test worker] DEBUG liquibase - master.changelog.json: migration/vault-schema.changelog-v8.xml::create-external-id-to-state-party-view::R3.Corda: Executing EXECUTE database command: INSERT INTO PUBLIC.DATABASECHANGELOG (ID, AUTHOR, FILENAME, DATEEXECUTED, ORDEREXECUTED, MD5SUM, DESCRIPTION, COMMENTS, EXECTYPE, CONTEXTS, LABELS, LIQUIBASE, DEPLOYMENT_ID) VALUES ('create-external-id-to-state-party-view', 'R3.Corda', 'migration/vault-schema.changelog-v8.xml', NOW(), 28, '7:68a2e794e4726e4e40b28753c7a64413', 'createTable tableName=state_party; createIndex indexName=state_pk_hash_idx, tableName=state_party; createTable tableName=pk_hash_to_ext_id_map; createIndex indexName=pk_hash_to_xid_idx, tableName=pk_hash_to_ext_id_map; createView viewName=v_pkey_h...', '', 'EXECUTED', NULL, NULL, '3.5.4', '1046221206')
17:43:41.455 [Test worker] DEBUG liquibase - master.changelog.json: migration/node-info.changelog-init.xml::1511451595465-4::R3.Corda: Running Changeset:migration/node-info.changelog-init.xml::1511451595465-4::R3.Corda
17:43:41.455 [Test worker] DEBUG liquibase - master.changelog.json: migration/node-info.changelog-init.xml::1511451595465-4::R3.Corda: Changeset migration/node-info.changelog-init.xml::1511451595465-4::R3.Corda
17:43:41.455 [Test worker] DEBUG liquibase - master.changelog.json: migration/node-info.changelog-init.xml::1511451595465-4::R3.Corda: Reading ChangeSet: migration/node-info.changelog-init.xml::1511451595465-4::R3.Corda
17:43:41.455 [Test worker] DEBUG liquibase - master.changelog.json: migration/node-info.changelog-init.xml::1511451595465-4::R3.Corda: Executing Statement: liquibase.statement.core.CreateTableStatement@3ebba0e3
17:43:41.455 [Test worker] DEBUG liquibase - master.changelog.json: migration/node-info.changelog-init.xml::1511451595465-4::R3.Corda: Executing EXECUTE database command: CREATE TABLE PUBLIC.node_link_nodeinfo_party (node_info_id INT NOT NULL, party_name NVARCHAR(255) NOT NULL)
17:43:41.455 [Test worker] INFO liquibase - master.changelog.json: migration/node-info.changelog-init.xml::1511451595465-4::R3.Corda: Table node_link_nodeinfo_party created
17:43:41.455 [Test worker] INFO liquibase - master.changelog.json: migration/node-info.changelog-init.xml::1511451595465-4::R3.Corda: ChangeSet migration/node-info.changelog-init.xml::1511451595465-4::R3.Corda ran successfully in 0ms
17:43:41.455 [Test worker] DEBUG liquibase - master.changelog.json: migration/node-info.changelog-init.xml::1511451595465-4::R3.Corda: Executing EXECUTE database command: INSERT INTO PUBLIC.DATABASECHANGELOG (ID, AUTHOR, FILENAME, DATEEXECUTED, ORDEREXECUTED, MD5SUM, DESCRIPTION, COMMENTS, EXECTYPE, CONTEXTS, LABELS, LIQUIBASE, DEPLOYMENT_ID) VALUES ('1511451595465-4', 'R3.Corda', 'migration/node-info.changelog-init.xml', NOW(), 29, '7:86561ccea3a7fbbdb311d455076c98a8', 'createTable tableName=node_link_nodeinfo_party', '', 'EXECUTED', NULL, NULL, '3.5.4', '1046221206')
17:43:41.455 [Test worker] DEBUG liquibase - master.changelog.json: migration/node-info.changelog-init.xml::1511451595465-10::R3.Corda: Running Changeset:migration/node-info.changelog-init.xml::1511451595465-10::R3.Corda
17:43:41.455 [Test worker] DEBUG liquibase - master.changelog.json: migration/node-info.changelog-init.xml::1511451595465-10::R3.Corda: Changeset migration/node-info.changelog-init.xml::1511451595465-10::R3.Corda
17:43:41.455 [Test worker] DEBUG liquibase - master.changelog.json: migration/node-info.changelog-init.xml::1511451595465-10::R3.Corda: Reading ChangeSet: migration/node-info.changelog-init.xml::1511451595465-10::R3.Corda
17:43:41.455 [Test worker] DEBUG liquibase - master.changelog.json: migration/node-info.changelog-init.xml::1511451595465-10::R3.Corda: Executing Statement: liquibase.statement.core.CreateTableStatement@5fd65c03
17:43:41.455 [Test worker] DEBUG liquibase - master.changelog.json: migration/node-info.changelog-init.xml::1511451595465-10::R3.Corda: Executing EXECUTE database command: CREATE TABLE PUBLIC.node_info_hosts (host NVARCHAR(255) NOT NULL, port INT NOT NULL, node_info_id INT)
17:43:41.455 [Test worker] INFO liquibase - master.changelog.json: migration/node-info.changelog-init.xml::1511451595465-10::R3.Corda: Table node_info_hosts created
17:43:41.455 [Test worker] INFO liquibase - master.changelog.json: migration/node-info.changelog-init.xml::1511451595465-10::R3.Corda: ChangeSet migration/node-info.changelog-init.xml::1511451595465-10::R3.Corda ran successfully in 0ms
17:43:41.455 [Test worker] DEBUG liquibase - master.changelog.json: migration/node-info.changelog-init.xml::1511451595465-10::R3.Corda: Executing EXECUTE database command: INSERT INTO PUBLIC.DATABASECHANGELOG (ID, AUTHOR, FILENAME, DATEEXECUTED, ORDEREXECUTED, MD5SUM, DESCRIPTION, COMMENTS, EXECTYPE, CONTEXTS, LABELS, LIQUIBASE, DEPLOYMENT_ID) VALUES ('1511451595465-10', 'R3.Corda', 'migration/node-info.changelog-init.xml', NOW(), 30, '7:86dcf13717e5dbc4c623523618380bdd', 'createTable tableName=node_info_hosts', '', 'EXECUTED', NULL, NULL, '3.5.4', '1046221206')
17:43:41.455 [Test worker] DEBUG liquibase - master.changelog.json: migration/node-info.changelog-init.xml::1511451595465-11::R3.Corda: Running Changeset:migration/node-info.changelog-init.xml::1511451595465-11::R3.Corda
17:43:41.455 [Test worker] DEBUG liquibase - master.changelog.json: migration/node-info.changelog-init.xml::1511451595465-11::R3.Corda: Changeset migration/node-info.changelog-init.xml::1511451595465-11::R3.Corda
17:43:41.455 [Test worker] DEBUG liquibase - master.changelog.json: migration/node-info.changelog-init.xml::1511451595465-11::R3.Corda: Reading ChangeSet: migration/node-info.changelog-init.xml::1511451595465-11::R3.Corda
17:43:41.455 [Test worker] DEBUG liquibase - master.changelog.json: migration/node-info.changelog-init.xml::1511451595465-11::R3.Corda: Executing Statement: liquibase.statement.core.CreateTableStatement@10258251
17:43:41.455 [Test worker] DEBUG liquibase - master.changelog.json: migration/node-info.changelog-init.xml::1511451595465-11::R3.Corda: Executing EXECUTE database command: CREATE TABLE PUBLIC.node_info_party_cert (party_name NVARCHAR(255) NOT NULL, ismain BOOLEAN NOT NULL, owning_key_hash NVARCHAR(130), party_cert_binary BLOB)
17:43:41.455 [Test worker] INFO liquibase - master.changelog.json: migration/node-info.changelog-init.xml::1511451595465-11::R3.Corda: Table node_info_party_cert created
17:43:41.455 [Test worker] INFO liquibase - master.changelog.json: migration/node-info.changelog-init.xml::1511451595465-11::R3.Corda: ChangeSet migration/node-info.changelog-init.xml::1511451595465-11::R3.Corda ran successfully in 0ms
17:43:41.455 [Test worker] DEBUG liquibase - master.changelog.json: migration/node-info.changelog-init.xml::1511451595465-11::R3.Corda: Executing EXECUTE database command: INSERT INTO PUBLIC.DATABASECHANGELOG (ID, AUTHOR, FILENAME, DATEEXECUTED, ORDEREXECUTED, MD5SUM, DESCRIPTION, COMMENTS, EXECTYPE, CONTEXTS, LABELS, LIQUIBASE, DEPLOYMENT_ID) VALUES ('1511451595465-11', 'R3.Corda', 'migration/node-info.changelog-init.xml', NOW(), 31, '7:ddf2ea133beca979abcb7e627a37db60', 'createTable tableName=node_info_party_cert', '', 'EXECUTED', NULL, NULL, '3.5.4', '1046221206')
17:43:41.471 [Test worker] DEBUG liquibase - master.changelog.json: migration/node-info.changelog-init.xml::1511451595465-12::R3.Corda: Running Changeset:migration/node-info.changelog-init.xml::1511451595465-12::R3.Corda
17:43:41.471 [Test worker] DEBUG liquibase - master.changelog.json: migration/node-info.changelog-init.xml::1511451595465-12::R3.Corda: Changeset migration/node-info.changelog-init.xml::1511451595465-12::R3.Corda
17:43:41.471 [Test worker] DEBUG liquibase - master.changelog.json: migration/node-info.changelog-init.xml::1511451595465-12::R3.Corda: Reading ChangeSet: migration/node-info.changelog-init.xml::1511451595465-12::R3.Corda
17:43:41.499 [Test worker] DEBUG liquibase - master.changelog.json: migration/node-info.changelog-init.xml::1511451595465-12::R3.Corda: Executing Statement: liquibase.statement.core.CreateTableStatement@38d1817e
17:43:41.500 [Test worker] DEBUG liquibase - master.changelog.json: migration/node-info.changelog-init.xml::1511451595465-12::R3.Corda: Executing EXECUTE database command: CREATE TABLE PUBLIC.node_infos (node_info_id INT NOT NULL, node_info_hash NVARCHAR(64), platform_version INT, serial BIGINT)
17:43:41.500 [Test worker] INFO liquibase - master.changelog.json: migration/node-info.changelog-init.xml::1511451595465-12::R3.Corda: Table node_infos created
17:43:41.500 [Test worker] INFO liquibase - master.changelog.json: migration/node-info.changelog-init.xml::1511451595465-12::R3.Corda: ChangeSet migration/node-info.changelog-init.xml::1511451595465-12::R3.Corda ran successfully in 29ms
17:43:41.502 [Test worker] DEBUG liquibase - master.changelog.json: migration/node-info.changelog-init.xml::1511451595465-12::R3.Corda: Executing EXECUTE database command: INSERT INTO PUBLIC.DATABASECHANGELOG (ID, AUTHOR, FILENAME, DATEEXECUTED, ORDEREXECUTED, MD5SUM, DESCRIPTION, COMMENTS, EXECTYPE, CONTEXTS, LABELS, LIQUIBASE, DEPLOYMENT_ID) VALUES ('1511451595465-12', 'R3.Corda', 'migration/node-info.changelog-init.xml', NOW(), 32, '7:2a2169c32d87fdc3442c6096740a52a5', 'createTable tableName=node_infos', '', 'EXECUTED', NULL, NULL, '3.5.4', '1046221206')
17:43:41.504 [Test worker] DEBUG liquibase - master.changelog.json: migration/node-info.changelog-init.xml::1511451595465-35::R3.Corda: Running Changeset:migration/node-info.changelog-init.xml::1511451595465-35::R3.Corda
17:43:41.505 [Test worker] DEBUG liquibase - master.changelog.json: migration/node-info.changelog-init.xml::1511451595465-35::R3.Corda: Changeset migration/node-info.changelog-init.xml::1511451595465-35::R3.Corda
17:43:41.505 [Test worker] DEBUG liquibase - master.changelog.json: migration/node-info.changelog-init.xml::1511451595465-35::R3.Corda: Reading ChangeSet: migration/node-info.changelog-init.xml::1511451595465-35::R3.Corda
17:43:41.505 [Test worker] DEBUG liquibase - master.changelog.json: migration/node-info.changelog-init.xml::1511451595465-35::R3.Corda: Executing Statement: liquibase.statement.core.AddPrimaryKeyStatement@1c33145a
17:43:41.506 [Test worker] DEBUG liquibase - master.changelog.json: migration/node-info.changelog-init.xml::1511451595465-35::R3.Corda: Executing EXECUTE database command: ALTER TABLE PUBLIC.node_info_hosts ADD CONSTRAINT node_info_hosts_pkey PRIMARY KEY (host, port)
17:43:41.506 [Test worker] INFO liquibase - master.changelog.json: migration/node-info.changelog-init.xml::1511451595465-35::R3.Corda: Primary key added to node_info_hosts (host, port)
17:43:41.506 [Test worker] INFO liquibase - master.changelog.json: migration/node-info.changelog-init.xml::1511451595465-35::R3.Corda: ChangeSet migration/node-info.changelog-init.xml::1511451595465-35::R3.Corda ran successfully in 1ms
17:43:41.508 [Test worker] DEBUG liquibase - master.changelog.json: migration/node-info.changelog-init.xml::1511451595465-35::R3.Corda: Executing EXECUTE database command: INSERT INTO PUBLIC.DATABASECHANGELOG (ID, AUTHOR, FILENAME, DATEEXECUTED, ORDEREXECUTED, MD5SUM, DESCRIPTION, COMMENTS, EXECTYPE, CONTEXTS, LABELS, LIQUIBASE, DEPLOYMENT_ID) VALUES ('1511451595465-35', 'R3.Corda', 'migration/node-info.changelog-init.xml', NOW(), 33, '7:5c8230d7f489b4b961c3b52b3335e5ff', 'addPrimaryKey constraintName=node_info_hosts_pkey, tableName=node_info_hosts', '', 'EXECUTED', NULL, NULL, '3.5.4', '1046221206')
17:43:41.509 [Test worker] DEBUG liquibase - master.changelog.json: migration/node-info.changelog-init.xml::1511451595465-36::R3.Corda: Running Changeset:migration/node-info.changelog-init.xml::1511451595465-36::R3.Corda
17:43:41.509 [Test worker] DEBUG liquibase - master.changelog.json: migration/node-info.changelog-init.xml::1511451595465-36::R3.Corda: Changeset migration/node-info.changelog-init.xml::1511451595465-36::R3.Corda
17:43:41.509 [Test worker] DEBUG liquibase - master.changelog.json: migration/node-info.changelog-init.xml::1511451595465-36::R3.Corda: Reading ChangeSet: migration/node-info.changelog-init.xml::1511451595465-36::R3.Corda
17:43:41.509 [Test worker] DEBUG liquibase - master.changelog.json: migration/node-info.changelog-init.xml::1511451595465-36::R3.Corda: Executing Statement: liquibase.statement.core.AddPrimaryKeyStatement@482c5189
17:43:41.509 [Test worker] DEBUG liquibase - master.changelog.json: migration/node-info.changelog-init.xml::1511451595465-36::R3.Corda: Executing EXECUTE database command: ALTER TABLE PUBLIC.node_info_party_cert ADD CONSTRAINT node_info_party_cert_pkey PRIMARY KEY (party_name)
17:43:41.510 [Test worker] INFO liquibase - master.changelog.json: migration/node-info.changelog-init.xml::1511451595465-36::R3.Corda: Primary key added to node_info_party_cert (party_name)
17:43:41.510 [Test worker] INFO liquibase - master.changelog.json: migration/node-info.changelog-init.xml::1511451595465-36::R3.Corda: ChangeSet migration/node-info.changelog-init.xml::1511451595465-36::R3.Corda ran successfully in 1ms
17:43:41.511 [Test worker] DEBUG liquibase - master.changelog.json: migration/node-info.changelog-init.xml::1511451595465-36::R3.Corda: Executing EXECUTE database command: INSERT INTO PUBLIC.DATABASECHANGELOG (ID, AUTHOR, FILENAME, DATEEXECUTED, ORDEREXECUTED, MD5SUM, DESCRIPTION, COMMENTS, EXECTYPE, CONTEXTS, LABELS, LIQUIBASE, DEPLOYMENT_ID) VALUES ('1511451595465-36', 'R3.Corda', 'migration/node-info.changelog-init.xml', NOW(), 34, '7:a4293247b9113bb0895d15e212ded67d', 'addPrimaryKey constraintName=node_info_party_cert_pkey, tableName=node_info_party_cert', '', 'EXECUTED', NULL, NULL, '3.5.4', '1046221206')
17:43:41.512 [Test worker] DEBUG liquibase - master.changelog.json: migration/node-info.changelog-init.xml::1511451595465-37::R3.Corda: Running Changeset:migration/node-info.changelog-init.xml::1511451595465-37::R3.Corda
17:43:41.512 [Test worker] DEBUG liquibase - master.changelog.json: migration/node-info.changelog-init.xml::1511451595465-37::R3.Corda: Changeset migration/node-info.changelog-init.xml::1511451595465-37::R3.Corda
17:43:41.512 [Test worker] DEBUG liquibase - master.changelog.json: migration/node-info.changelog-init.xml::1511451595465-37::R3.Corda: Reading ChangeSet: migration/node-info.changelog-init.xml::1511451595465-37::R3.Corda
17:43:41.512 [Test worker] DEBUG liquibase - master.changelog.json: migration/node-info.changelog-init.xml::1511451595465-37::R3.Corda: Executing Statement: liquibase.statement.core.AddPrimaryKeyStatement@25bc0b53
17:43:41.512 [Test worker] DEBUG liquibase - master.changelog.json: migration/node-info.changelog-init.xml::1511451595465-37::R3.Corda: Executing EXECUTE database command: ALTER TABLE PUBLIC.node_infos ADD CONSTRAINT node_infos_pkey PRIMARY KEY (node_info_id)
17:43:41.513 [Test worker] INFO liquibase - master.changelog.json: migration/node-info.changelog-init.xml::1511451595465-37::R3.Corda: Primary key added to node_infos (node_info_id)
17:43:41.513 [Test worker] INFO liquibase - master.changelog.json: migration/node-info.changelog-init.xml::1511451595465-37::R3.Corda: ChangeSet migration/node-info.changelog-init.xml::1511451595465-37::R3.Corda ran successfully in 1ms
17:43:41.514 [Test worker] DEBUG liquibase - master.changelog.json: migration/node-info.changelog-init.xml::1511451595465-37::R3.Corda: Executing EXECUTE database command: INSERT INTO PUBLIC.DATABASECHANGELOG (ID, AUTHOR, FILENAME, DATEEXECUTED, ORDEREXECUTED, MD5SUM, DESCRIPTION, COMMENTS, EXECTYPE, CONTEXTS, LABELS, LIQUIBASE, DEPLOYMENT_ID) VALUES ('1511451595465-37', 'R3.Corda', 'migration/node-info.changelog-init.xml', NOW(), 35, '7:3f7b9e25544e21798cc648d8ab2056b7', 'addPrimaryKey constraintName=node_infos_pkey, tableName=node_infos', '', 'EXECUTED', NULL, NULL, '3.5.4', '1046221206')
17:43:41.515 [Test worker] DEBUG liquibase - master.changelog.json: migration/node-info.changelog-init.xml::1511451595465-62::R3.Corda: Running Changeset:migration/node-info.changelog-init.xml::1511451595465-62::R3.Corda
17:43:41.515 [Test worker] DEBUG liquibase - master.changelog.json: migration/node-info.changelog-init.xml::1511451595465-62::R3.Corda: Changeset migration/node-info.changelog-init.xml::1511451595465-62::R3.Corda
17:43:41.515 [Test worker] DEBUG liquibase - master.changelog.json: migration/node-info.changelog-init.xml::1511451595465-62::R3.Corda: Reading ChangeSet: migration/node-info.changelog-init.xml::1511451595465-62::R3.Corda
17:43:41.515 [Test worker] DEBUG liquibase - master.changelog.json: migration/node-info.changelog-init.xml::1511451595465-62::R3.Corda: Executing Statement: liquibase.statement.core.AddForeignKeyConstraintStatement@72478bee
17:43:41.515 [Test worker] DEBUG liquibase - master.changelog.json: migration/node-info.changelog-init.xml::1511451595465-62::R3.Corda: Executing EXECUTE database command: ALTER TABLE PUBLIC.node_link_nodeinfo_party ADD CONSTRAINT FK__link_nodeinfo_party__infos FOREIGN KEY (node_info_id) REFERENCES PUBLIC.node_infos (node_info_id)
17:43:41.521 [Test worker] INFO liquibase - master.changelog.json: migration/node-info.changelog-init.xml::1511451595465-62::R3.Corda: Foreign key constraint added to node_link_nodeinfo_party (node_info_id)
17:43:41.521 [Test worker] INFO liquibase - master.changelog.json: migration/node-info.changelog-init.xml::1511451595465-62::R3.Corda: ChangeSet migration/node-info.changelog-init.xml::1511451595465-62::R3.Corda ran successfully in 6ms
17:43:41.522 [Test worker] DEBUG liquibase - master.changelog.json: migration/node-info.changelog-init.xml::1511451595465-62::R3.Corda: Executing EXECUTE database command: INSERT INTO PUBLIC.DATABASECHANGELOG (ID, AUTHOR, FILENAME, DATEEXECUTED, ORDEREXECUTED, MD5SUM, DESCRIPTION, COMMENTS, EXECTYPE, CONTEXTS, LABELS, LIQUIBASE, DEPLOYMENT_ID) VALUES ('1511451595465-62', 'R3.Corda', 'migration/node-info.changelog-init.xml', NOW(), 36, '7:64add0a3b0350cfe6fa3de1428a38397', 'addForeignKeyConstraint baseTableName=node_link_nodeinfo_party, constraintName=FK__link_nodeinfo_party__infos, referencedTableName=node_infos', '', 'EXECUTED', NULL, NULL, '3.5.4', '1046221206')
17:43:41.523 [Test worker] DEBUG liquibase - master.changelog.json: migration/node-info.changelog-init.xml::1511451595465-63::R3.Corda: Running Changeset:migration/node-info.changelog-init.xml::1511451595465-63::R3.Corda
17:43:41.523 [Test worker] DEBUG liquibase - master.changelog.json: migration/node-info.changelog-init.xml::1511451595465-63::R3.Corda: Changeset migration/node-info.changelog-init.xml::1511451595465-63::R3.Corda
17:43:41.523 [Test worker] DEBUG liquibase - master.changelog.json: migration/node-info.changelog-init.xml::1511451595465-63::R3.Corda: Reading ChangeSet: migration/node-info.changelog-init.xml::1511451595465-63::R3.Corda
17:43:41.523 [Test worker] DEBUG liquibase - master.changelog.json: migration/node-info.changelog-init.xml::1511451595465-63::R3.Corda: Executing Statement: liquibase.statement.core.AddForeignKeyConstraintStatement@3e442047
17:43:41.524 [Test worker] DEBUG liquibase - master.changelog.json: migration/node-info.changelog-init.xml::1511451595465-63::R3.Corda: Executing EXECUTE database command: ALTER TABLE PUBLIC.node_info_hosts ADD CONSTRAINT FK__info_hosts__infos FOREIGN KEY (node_info_id) REFERENCES PUBLIC.node_infos (node_info_id)
17:43:41.525 [Test worker] INFO liquibase - master.changelog.json: migration/node-info.changelog-init.xml::1511451595465-63::R3.Corda: Foreign key constraint added to node_info_hosts (node_info_id)
17:43:41.525 [Test worker] INFO liquibase - master.changelog.json: migration/node-info.changelog-init.xml::1511451595465-63::R3.Corda: ChangeSet migration/node-info.changelog-init.xml::1511451595465-63::R3.Corda ran successfully in 2ms
17:43:41.526 [Test worker] DEBUG liquibase - master.changelog.json: migration/node-info.changelog-init.xml::1511451595465-63::R3.Corda: Executing EXECUTE database command: INSERT INTO PUBLIC.DATABASECHANGELOG (ID, AUTHOR, FILENAME, DATEEXECUTED, ORDEREXECUTED, MD5SUM, DESCRIPTION, COMMENTS, EXECTYPE, CONTEXTS, LABELS, LIQUIBASE, DEPLOYMENT_ID) VALUES ('1511451595465-63', 'R3.Corda', 'migration/node-info.changelog-init.xml', NOW(), 37, '7:6ea0c3bb234d14956401b6b281531832', 'addForeignKeyConstraint baseTableName=node_info_hosts, constraintName=FK__info_hosts__infos, referencedTableName=node_infos', '', 'EXECUTED', NULL, NULL, '3.5.4', '1046221206')
17:43:41.527 [Test worker] DEBUG liquibase - master.changelog.json: migration/node-info.changelog-init.xml::remove_host_port_pk::R3.Corda: Running Changeset:migration/node-info.changelog-init.xml::remove_host_port_pk::R3.Corda
17:43:41.527 [Test worker] DEBUG liquibase - master.changelog.json: migration/node-info.changelog-init.xml::remove_host_port_pk::R3.Corda: Changeset migration/node-info.changelog-init.xml::remove_host_port_pk::R3.Corda
17:43:41.527 [Test worker] DEBUG liquibase - master.changelog.json: migration/node-info.changelog-init.xml::remove_host_port_pk::R3.Corda: Reading ChangeSet: migration/node-info.changelog-init.xml::remove_host_port_pk::R3.Corda
17:43:41.527 [Test worker] DEBUG liquibase - master.changelog.json: migration/node-info.changelog-init.xml::remove_host_port_pk::R3.Corda: Executing Statement: liquibase.statement.core.DeleteStatement@265fbb25
17:43:41.527 [Test worker] DEBUG liquibase - master.changelog.json: migration/node-info.changelog-init.xml::remove_host_port_pk::R3.Corda: Executing EXECUTE database command: DELETE FROM PUBLIC.node_infos
17:43:41.528 [Test worker] INFO liquibase - master.changelog.json: migration/node-info.changelog-init.xml::remove_host_port_pk::R3.Corda: Data deleted from node_infos
17:43:41.528 [Test worker] DEBUG liquibase - master.changelog.json: migration/node-info.changelog-init.xml::remove_host_port_pk::R3.Corda: Executing Statement: liquibase.statement.core.DeleteStatement@3dbfbcae
17:43:41.528 [Test worker] DEBUG liquibase - master.changelog.json: migration/node-info.changelog-init.xml::remove_host_port_pk::R3.Corda: Executing EXECUTE database command: DELETE FROM PUBLIC.node_link_nodeinfo_party
17:43:41.529 [Test worker] INFO liquibase - master.changelog.json: migration/node-info.changelog-init.xml::remove_host_port_pk::R3.Corda: Data deleted from node_link_nodeinfo_party
17:43:41.529 [Test worker] DEBUG liquibase - master.changelog.json: migration/node-info.changelog-init.xml::remove_host_port_pk::R3.Corda: Executing Statement: liquibase.statement.core.DeleteStatement@16b6d645
17:43:41.529 [Test worker] DEBUG liquibase - master.changelog.json: migration/node-info.changelog-init.xml::remove_host_port_pk::R3.Corda: Executing EXECUTE database command: DELETE FROM PUBLIC.node_info_hosts
17:43:41.529 [Test worker] INFO liquibase - master.changelog.json: migration/node-info.changelog-init.xml::remove_host_port_pk::R3.Corda: Data deleted from node_info_hosts
17:43:41.530 [Test worker] DEBUG liquibase - master.changelog.json: migration/node-info.changelog-init.xml::remove_host_port_pk::R3.Corda: Executing Statement: liquibase.statement.core.DeleteStatement@267bc6ac
17:43:41.530 [Test worker] DEBUG liquibase - master.changelog.json: migration/node-info.changelog-init.xml::remove_host_port_pk::R3.Corda: Executing EXECUTE database command: DELETE FROM PUBLIC.node_info_party_cert
17:43:41.530 [Test worker] INFO liquibase - master.changelog.json: migration/node-info.changelog-init.xml::remove_host_port_pk::R3.Corda: Data deleted from node_info_party_cert
17:43:41.530 [Test worker] DEBUG liquibase - master.changelog.json: migration/node-info.changelog-init.xml::remove_host_port_pk::R3.Corda: Executing Statement: liquibase.statement.core.DropPrimaryKeyStatement@7da6c7d5
17:43:41.530 [Test worker] DEBUG liquibase - master.changelog.json: migration/node-info.changelog-init.xml::remove_host_port_pk::R3.Corda: Executing EXECUTE database command: ALTER TABLE PUBLIC.node_info_hosts DROP PRIMARY KEY
17:43:41.530 [Test worker] INFO liquibase - master.changelog.json: migration/node-info.changelog-init.xml::remove_host_port_pk::R3.Corda: Primary key dropped from node_info_hosts
17:43:41.530 [Test worker] DEBUG liquibase - master.changelog.json: migration/node-info.changelog-init.xml::remove_host_port_pk::R3.Corda: Executing Statement: liquibase.statement.core.AddColumnStatement@71ee3c23
17:43:41.531 [Test worker] DEBUG liquibase - master.changelog.json: migration/node-info.changelog-init.xml::remove_host_port_pk::R3.Corda: Executing EXECUTE database command: ALTER TABLE PUBLIC.node_info_hosts ADD hosts_id INT NOT NULL
17:43:41.534 [Test worker] INFO liquibase - master.changelog.json: migration/node-info.changelog-init.xml::remove_host_port_pk::R3.Corda: Columns hosts_id(INT) added to node_info_hosts
17:43:41.534 [Test worker] DEBUG liquibase - master.changelog.json: migration/node-info.changelog-init.xml::remove_host_port_pk::R3.Corda: Executing Statement: liquibase.statement.core.AddPrimaryKeyStatement@7d665783
17:43:41.534 [Test worker] DEBUG liquibase - master.changelog.json: migration/node-info.changelog-init.xml::remove_host_port_pk::R3.Corda: Executing EXECUTE database command: ALTER TABLE PUBLIC.node_info_hosts ADD CONSTRAINT node_info_hosts_pkey_id PRIMARY KEY (hosts_id)
17:43:41.534 [Test worker] INFO liquibase - master.changelog.json: migration/node-info.changelog-init.xml::remove_host_port_pk::R3.Corda: Primary key added to node_info_hosts (hosts_id)
17:43:41.535 [Test worker] INFO liquibase - master.changelog.json: migration/node-info.changelog-init.xml::remove_host_port_pk::R3.Corda: ChangeSet migration/node-info.changelog-init.xml::remove_host_port_pk::R3.Corda ran successfully in 8ms
17:43:41.536 [Test worker] DEBUG liquibase - master.changelog.json: migration/node-info.changelog-init.xml::remove_host_port_pk::R3.Corda: Executing EXECUTE database command: INSERT INTO PUBLIC.DATABASECHANGELOG (ID, AUTHOR, FILENAME, DATEEXECUTED, ORDEREXECUTED, MD5SUM, DESCRIPTION, COMMENTS, EXECTYPE, CONTEXTS, LABELS, LIQUIBASE, DEPLOYMENT_ID) VALUES ('remove_host_port_pk', 'R3.Corda', 'migration/node-info.changelog-init.xml', NOW(), 38, '7:cb733f12ced82860fd296bb0c94c5072', 'delete tableName=node_infos; delete tableName=node_link_nodeinfo_party; delete tableName=node_info_hosts; delete tableName=node_info_party_cert; dropPrimaryKey constraintName=node_info_hosts_pkey, tableName=node_info_hosts; addColumn tableName=nod...', '', 'EXECUTED', NULL, NULL, '3.5.4', '1046221206')
17:43:41.537 [Test worker] DEBUG liquibase - master.changelog.json: migration/node-info.changelog-v1.xml::key/value node properties table::R3.Corda: Running Changeset:migration/node-info.changelog-v1.xml::key/value node properties table::R3.Corda
17:43:41.537 [Test worker] DEBUG liquibase - master.changelog.json: migration/node-info.changelog-v1.xml::key/value node properties table::R3.Corda: Changeset migration/node-info.changelog-v1.xml::key/value node properties table::R3.Corda
17:43:41.537 [Test worker] DEBUG liquibase - master.changelog.json: migration/node-info.changelog-v1.xml::key/value node properties table::R3.Corda: Reading ChangeSet: migration/node-info.changelog-v1.xml::key/value node properties table::R3.Corda
17:43:41.537 [Test worker] DEBUG liquibase - master.changelog.json: migration/node-info.changelog-v1.xml::key/value node properties table::R3.Corda: Executing Statement: liquibase.statement.core.CreateTableStatement@3e5dfcdf
17:43:41.538 [Test worker] DEBUG liquibase - master.changelog.json: migration/node-info.changelog-v1.xml::key/value node properties table::R3.Corda: Executing EXECUTE database command: CREATE TABLE PUBLIC.node_properties (property_key NVARCHAR(255) NOT NULL, property_value NVARCHAR(255))
17:43:41.538 [Test worker] INFO liquibase - master.changelog.json: migration/node-info.changelog-v1.xml::key/value node properties table::R3.Corda: Table node_properties created
17:43:41.538 [Test worker] INFO liquibase - master.changelog.json: migration/node-info.changelog-v1.xml::key/value node properties table::R3.Corda: ChangeSet migration/node-info.changelog-v1.xml::key/value node properties table::R3.Corda ran successfully in 1ms
17:43:41.540 [Test worker] DEBUG liquibase - master.changelog.json: migration/node-info.changelog-v1.xml::key/value node properties table::R3.Corda: Executing EXECUTE database command: INSERT INTO PUBLIC.DATABASECHANGELOG (ID, AUTHOR, FILENAME, DATEEXECUTED, ORDEREXECUTED, MD5SUM, DESCRIPTION, COMMENTS, EXECTYPE, CONTEXTS, LABELS, LIQUIBASE, DEPLOYMENT_ID) VALUES ('key/value node properties table', 'R3.Corda', 'migration/node-info.changelog-v1.xml', NOW(), 39, '7:05241b402dd60a4e1eeb86ad6c5eff9e', 'createTable tableName=node_properties', '', 'EXECUTED', NULL, NULL, '3.5.4', '1046221206')
17:43:41.540 [Test worker] DEBUG liquibase - master.changelog.json: migration/node-info.changelog-v2.xml::1525962920::R3.Corda: Running Changeset:migration/node-info.changelog-v2.xml::1525962920::R3.Corda
17:43:41.540 [Test worker] DEBUG liquibase - master.changelog.json: migration/node-info.changelog-v2.xml::1525962920::R3.Corda: Changeset migration/node-info.changelog-v2.xml::1525962920::R3.Corda
17:43:41.540 [Test worker] DEBUG liquibase - master.changelog.json: migration/node-info.changelog-v2.xml::1525962920::R3.Corda: Reading ChangeSet: migration/node-info.changelog-v2.xml::1525962920::R3.Corda
17:43:41.540 [Test worker] DEBUG liquibase - master.changelog.json: migration/node-info.changelog-v2.xml::1525962920::R3.Corda: Executing Statement: liquibase.statement.core.SetNullableStatement@2f2da565
17:43:41.541 [Test worker] DEBUG liquibase - master.changelog.json: migration/node-info.changelog-v2.xml::1525962920::R3.Corda: Executing EXECUTE database command: ALTER TABLE PUBLIC.node_infos ALTER COLUMN node_info_hash SET NOT NULL
17:43:41.541 [Test worker] INFO liquibase - master.changelog.json: migration/node-info.changelog-v2.xml::1525962920::R3.Corda: Null constraint has been added to node_infos.node_info_hash
17:43:41.541 [Test worker] DEBUG liquibase - master.changelog.json: migration/node-info.changelog-v2.xml::1525962920::R3.Corda: Executing Statement: liquibase.statement.core.SetNullableStatement@29accb47
17:43:41.541 [Test worker] DEBUG liquibase - master.changelog.json: migration/node-info.changelog-v2.xml::1525962920::R3.Corda: Executing EXECUTE database command: ALTER TABLE PUBLIC.node_infos ALTER COLUMN platform_version SET NOT NULL
17:43:41.541 [Test worker] INFO liquibase - master.changelog.json: migration/node-info.changelog-v2.xml::1525962920::R3.Corda: Null constraint has been added to node_infos.platform_version
17:43:41.541 [Test worker] DEBUG liquibase - master.changelog.json: migration/node-info.changelog-v2.xml::1525962920::R3.Corda: Executing Statement: liquibase.statement.core.SetNullableStatement@311f4f5
17:43:41.568 [Test worker] DEBUG liquibase - master.changelog.json: migration/node-info.changelog-v2.xml::1525962920::R3.Corda: Executing EXECUTE database command: ALTER TABLE PUBLIC.node_infos ALTER COLUMN serial SET NOT NULL
17:43:41.568 [Test worker] INFO liquibase - master.changelog.json: migration/node-info.changelog-v2.xml::1525962920::R3.Corda: Null constraint has been added to node_infos.serial
17:43:41.569 [Test worker] DEBUG liquibase - master.changelog.json: migration/node-info.changelog-v2.xml::1525962920::R3.Corda: Executing Statement: liquibase.statement.core.SetNullableStatement@63daaed1
17:43:41.569 [Test worker] DEBUG liquibase - master.changelog.json: migration/node-info.changelog-v2.xml::1525962920::R3.Corda: Executing EXECUTE database command: ALTER TABLE PUBLIC.node_info_hosts ALTER COLUMN host SET NULL
17:43:41.569 [Test worker] INFO liquibase - master.changelog.json: migration/node-info.changelog-v2.xml::1525962920::R3.Corda: Null constraint dropped from node_info_hosts.host
17:43:41.570 [Test worker] DEBUG liquibase - master.changelog.json: migration/node-info.changelog-v2.xml::1525962920::R3.Corda: Executing Statement: liquibase.statement.core.SetNullableStatement@95c01d2
17:43:41.570 [Test worker] DEBUG liquibase - master.changelog.json: migration/node-info.changelog-v2.xml::1525962920::R3.Corda: Executing EXECUTE database command: ALTER TABLE PUBLIC.node_info_hosts ALTER COLUMN port SET NULL
17:43:41.572 [Test worker] INFO liquibase - master.changelog.json: migration/node-info.changelog-v2.xml::1525962920::R3.Corda: Null constraint dropped from node_info_hosts.port
17:43:41.573 [Test worker] DEBUG liquibase - master.changelog.json: migration/node-info.changelog-v2.xml::1525962920::R3.Corda: Executing Statement: liquibase.statement.core.SetNullableStatement@566fa50
17:43:41.573 [Test worker] DEBUG liquibase - master.changelog.json: migration/node-info.changelog-v2.xml::1525962920::R3.Corda: Executing EXECUTE database command: ALTER TABLE PUBLIC.node_info_party_cert ALTER COLUMN owning_key_hash SET NOT NULL
17:43:41.573 [Test worker] INFO liquibase - master.changelog.json: migration/node-info.changelog-v2.xml::1525962920::R3.Corda: Null constraint has been added to node_info_party_cert.owning_key_hash
17:43:41.573 [Test worker] DEBUG liquibase - master.changelog.json: migration/node-info.changelog-v2.xml::1525962920::R3.Corda: Executing Statement: liquibase.statement.core.SetNullableStatement@259840c
17:43:41.574 [Test worker] DEBUG liquibase - master.changelog.json: migration/node-info.changelog-v2.xml::1525962920::R3.Corda: Executing EXECUTE database command: ALTER TABLE PUBLIC.node_info_party_cert ALTER COLUMN party_cert_binary SET NOT NULL
17:43:41.579 [Test worker] INFO liquibase - master.changelog.json: migration/node-info.changelog-v2.xml::1525962920::R3.Corda: Null constraint has been added to node_info_party_cert.party_cert_binary
17:43:41.579 [Test worker] INFO liquibase - master.changelog.json: migration/node-info.changelog-v2.xml::1525962920::R3.Corda: ChangeSet migration/node-info.changelog-v2.xml::1525962920::R3.Corda ran successfully in 39ms
17:43:41.581 [Test worker] DEBUG liquibase - master.changelog.json: migration/node-info.changelog-v2.xml::1525962920::R3.Corda: Executing EXECUTE database command: INSERT INTO PUBLIC.DATABASECHANGELOG (ID, AUTHOR, FILENAME, DATEEXECUTED, ORDEREXECUTED, MD5SUM, DESCRIPTION, COMMENTS, EXECTYPE, CONTEXTS, LABELS, LIQUIBASE, DEPLOYMENT_ID) VALUES ('1525962920', 'R3.Corda', 'migration/node-info.changelog-v2.xml', NOW(), 40, '7:c3fd83668d5ed4acdefcad3f90944935', 'addNotNullConstraint columnName=node_info_hash, tableName=node_infos; addNotNullConstraint columnName=platform_version, tableName=node_infos; addNotNullConstraint columnName=serial, tableName=node_infos; dropNotNullConstraint columnName=host, tabl...', '', 'EXECUTED', NULL, NULL, '3.5.4', '1046221206')
17:43:41.582 [Test worker] DEBUG liquibase - master.changelog.json: migration/node-info.changelog-v3.xml::column_host_name::R3.Corda: Running Changeset:migration/node-info.changelog-v3.xml::column_host_name::R3.Corda
17:43:41.582 [Test worker] DEBUG liquibase - master.changelog.json: migration/node-info.changelog-v3.xml::column_host_name::R3.Corda: Changeset migration/node-info.changelog-v3.xml::column_host_name::R3.Corda
17:43:41.582 [Test worker] DEBUG liquibase - master.changelog.json: migration/node-info.changelog-v3.xml::column_host_name::R3.Corda: Reading ChangeSet: migration/node-info.changelog-v3.xml::column_host_name::R3.Corda
17:43:41.582 [Test worker] DEBUG liquibase - master.changelog.json: migration/node-info.changelog-v3.xml::column_host_name::R3.Corda: Executing Statement: liquibase.statement.core.RenameColumnStatement@6af18d66
17:43:41.583 [Test worker] DEBUG liquibase - master.changelog.json: migration/node-info.changelog-v3.xml::column_host_name::R3.Corda: Executing EXECUTE database command: ALTER TABLE PUBLIC.node_info_hosts ALTER COLUMN host RENAME TO host_name
17:43:41.583 [Test worker] INFO liquibase - master.changelog.json: migration/node-info.changelog-v3.xml::column_host_name::R3.Corda: Column node_info_hosts.host renamed to host_name
17:43:41.583 [Test worker] INFO liquibase - master.changelog.json: migration/node-info.changelog-v3.xml::column_host_name::R3.Corda: ChangeSet migration/node-info.changelog-v3.xml::column_host_name::R3.Corda ran successfully in 1ms
17:43:41.584 [Test worker] DEBUG liquibase - master.changelog.json: migration/node-info.changelog-v3.xml::column_host_name::R3.Corda: Executing EXECUTE database command: INSERT INTO PUBLIC.DATABASECHANGELOG (ID, AUTHOR, FILENAME, DATEEXECUTED, ORDEREXECUTED, MD5SUM, DESCRIPTION, COMMENTS, EXECTYPE, CONTEXTS, LABELS, LIQUIBASE, DEPLOYMENT_ID) VALUES ('column_host_name', 'R3.Corda', 'migration/node-info.changelog-v3.xml', NOW(), 41, '7:fc4ceb3b82e44070da1fff49a7b5cccb', 'renameColumn newColumnName=host_name, oldColumnName=host, tableName=node_info_hosts', '', 'EXECUTED', NULL, NULL, '3.5.4', '1046221206')
17:43:41.595 [Test worker] DEBUG liquibase - master.changelog.json: migration/node-services.changelog-init.xml::1511451595465-5::R3.Corda: Running Changeset:migration/node-services.changelog-init.xml::1511451595465-5::R3.Corda
17:43:41.595 [Test worker] DEBUG liquibase - master.changelog.json: migration/node-services.changelog-init.xml::1511451595465-5::R3.Corda: Changeset migration/node-services.changelog-init.xml::1511451595465-5::R3.Corda
17:43:41.596 [Test worker] DEBUG liquibase - master.changelog.json: migration/node-services.changelog-init.xml::1511451595465-5::R3.Corda: Reading ChangeSet: migration/node-services.changelog-init.xml::1511451595465-5::R3.Corda
17:43:41.596 [Test worker] DEBUG liquibase - master.changelog.json: migration/node-services.changelog-init.xml::1511451595465-5::R3.Corda: Executing Statement: liquibase.statement.core.CreateTableStatement@5feeadea
17:43:41.596 [Test worker] DEBUG liquibase - master.changelog.json: migration/node-services.changelog-init.xml::1511451595465-5::R3.Corda: Executing EXECUTE database command: CREATE TABLE PUBLIC.node_attachments (att_id NVARCHAR(255) NOT NULL, content BLOB, filename NVARCHAR(255), insertion_date TIMESTAMP NOT NULL, uploader NVARCHAR(255))
17:43:41.597 [Test worker] INFO liquibase - master.changelog.json: migration/node-services.changelog-init.xml::1511451595465-5::R3.Corda: Table node_attachments created
17:43:41.597 [Test worker] INFO liquibase - master.changelog.json: migration/node-services.changelog-init.xml::1511451595465-5::R3.Corda: ChangeSet migration/node-services.changelog-init.xml::1511451595465-5::R3.Corda ran successfully in 2ms
17:43:41.598 [Test worker] DEBUG liquibase - master.changelog.json: migration/node-services.changelog-init.xml::1511451595465-5::R3.Corda: Executing EXECUTE database command: INSERT INTO PUBLIC.DATABASECHANGELOG (ID, AUTHOR, FILENAME, DATEEXECUTED, ORDEREXECUTED, MD5SUM, DESCRIPTION, COMMENTS, EXECTYPE, CONTEXTS, LABELS, LIQUIBASE, DEPLOYMENT_ID) VALUES ('1511451595465-5', 'R3.Corda', 'migration/node-services.changelog-init.xml', NOW(), 42, '7:464a5bbaf24fe78716c38c544dc81f3c', 'createTable tableName=node_attachments', '', 'EXECUTED', NULL, NULL, '3.5.4', '1046221206')
17:43:41.600 [Test worker] DEBUG liquibase - master.changelog.json: migration/node-services.changelog-init.xml::1511451595465-7::R3.Corda: Running Changeset:migration/node-services.changelog-init.xml::1511451595465-7::R3.Corda
17:43:41.601 [Test worker] DEBUG liquibase - master.changelog.json: migration/node-services.changelog-init.xml::1511451595465-7::R3.Corda: Changeset migration/node-services.changelog-init.xml::1511451595465-7::R3.Corda
17:43:41.601 [Test worker] DEBUG liquibase - master.changelog.json: migration/node-services.changelog-init.xml::1511451595465-7::R3.Corda: Reading ChangeSet: migration/node-services.changelog-init.xml::1511451595465-7::R3.Corda
17:43:41.601 [Test worker] DEBUG liquibase - master.changelog.json: migration/node-services.changelog-init.xml::1511451595465-7::R3.Corda: Executing Statement: liquibase.statement.core.CreateTableStatement@4d9e45bd
17:43:41.602 [Test worker] DEBUG liquibase - master.changelog.json: migration/node-services.changelog-init.xml::1511451595465-7::R3.Corda: Executing EXECUTE database command: CREATE TABLE PUBLIC.node_checkpoints (checkpoint_id NVARCHAR(64) NOT NULL, checkpoint_value BLOB)
17:43:41.602 [Test worker] INFO liquibase - master.changelog.json: migration/node-services.changelog-init.xml::1511451595465-7::R3.Corda: Table node_checkpoints created
17:43:41.602 [Test worker] INFO liquibase - master.changelog.json: migration/node-services.changelog-init.xml::1511451595465-7::R3.Corda: ChangeSet migration/node-services.changelog-init.xml::1511451595465-7::R3.Corda ran successfully in 2ms
17:43:41.605 [Test worker] DEBUG liquibase - master.changelog.json: migration/node-services.changelog-init.xml::1511451595465-7::R3.Corda: Executing EXECUTE database command: INSERT INTO PUBLIC.DATABASECHANGELOG (ID, AUTHOR, FILENAME, DATEEXECUTED, ORDEREXECUTED, MD5SUM, DESCRIPTION, COMMENTS, EXECTYPE, CONTEXTS, LABELS, LIQUIBASE, DEPLOYMENT_ID) VALUES ('1511451595465-7', 'R3.Corda', 'migration/node-services.changelog-init.xml', NOW(), 43, '7:2870aa3a468e81bab1cd24ac70ca2163', 'createTable tableName=node_checkpoints', '', 'EXECUTED', NULL, NULL, '3.5.4', '1046221206')
17:43:41.606 [Test worker] DEBUG liquibase - master.changelog.json: migration/node-services.changelog-init.xml::1511451595465-8::R3.Corda: Running Changeset:migration/node-services.changelog-init.xml::1511451595465-8::R3.Corda
17:43:41.606 [Test worker] DEBUG liquibase - master.changelog.json: migration/node-services.changelog-init.xml::1511451595465-8::R3.Corda: Changeset migration/node-services.changelog-init.xml::1511451595465-8::R3.Corda
17:43:41.606 [Test worker] DEBUG liquibase - master.changelog.json: migration/node-services.changelog-init.xml::1511451595465-8::R3.Corda: Reading ChangeSet: migration/node-services.changelog-init.xml::1511451595465-8::R3.Corda
17:43:41.606 [Test worker] DEBUG liquibase - master.changelog.json: migration/node-services.changelog-init.xml::1511451595465-8::R3.Corda: Executing Statement: liquibase.statement.core.CreateTableStatement@4debf0ad
17:43:41.607 [Test worker] DEBUG liquibase - master.changelog.json: migration/node-services.changelog-init.xml::1511451595465-8::R3.Corda: Executing EXECUTE database command: CREATE TABLE PUBLIC.node_contract_upgrades (state_ref NVARCHAR(96) NOT NULL, contract_class_name NVARCHAR(255))
17:43:41.608 [Test worker] INFO liquibase - master.changelog.json: migration/node-services.changelog-init.xml::1511451595465-8::R3.Corda: Table node_contract_upgrades created
17:43:41.608 [Test worker] INFO liquibase - master.changelog.json: migration/node-services.changelog-init.xml::1511451595465-8::R3.Corda: ChangeSet migration/node-services.changelog-init.xml::1511451595465-8::R3.Corda ran successfully in 2ms
17:43:41.612 [Test worker] DEBUG liquibase - master.changelog.json: migration/node-services.changelog-init.xml::1511451595465-8::R3.Corda: Executing EXECUTE database command: INSERT INTO PUBLIC.DATABASECHANGELOG (ID, AUTHOR, FILENAME, DATEEXECUTED, ORDEREXECUTED, MD5SUM, DESCRIPTION, COMMENTS, EXECTYPE, CONTEXTS, LABELS, LIQUIBASE, DEPLOYMENT_ID) VALUES ('1511451595465-8', 'R3.Corda', 'migration/node-services.changelog-init.xml', NOW(), 44, '7:bf156b1c48e915e7d8090d5162e31c02', 'createTable tableName=node_contract_upgrades', '', 'EXECUTED', NULL, NULL, '3.5.4', '1046221206')
17:43:41.615 [Test worker] DEBUG liquibase - master.changelog.json: migration/node-services.changelog-init.xml::1511451595465-9::R3.Corda: Running Changeset:migration/node-services.changelog-init.xml::1511451595465-9::R3.Corda
17:43:41.615 [Test worker] DEBUG liquibase - master.changelog.json: migration/node-services.changelog-init.xml::1511451595465-9::R3.Corda: Changeset migration/node-services.changelog-init.xml::1511451595465-9::R3.Corda
17:43:41.615 [Test worker] DEBUG liquibase - master.changelog.json: migration/node-services.changelog-init.xml::1511451595465-9::R3.Corda: Reading ChangeSet: migration/node-services.changelog-init.xml::1511451595465-9::R3.Corda
17:43:41.616 [Test worker] DEBUG liquibase - master.changelog.json: migration/node-services.changelog-init.xml::1511451595465-9::R3.Corda: Executing Statement: liquibase.statement.core.CreateTableStatement@72dc6731
17:43:41.616 [Test worker] DEBUG liquibase - master.changelog.json: migration/node-services.changelog-init.xml::1511451595465-9::R3.Corda: Executing EXECUTE database command: CREATE TABLE PUBLIC.node_identities (pk_hash NVARCHAR(130) NOT NULL, identity_value BLOB)
17:43:41.617 [Test worker] INFO liquibase - master.changelog.json: migration/node-services.changelog-init.xml::1511451595465-9::R3.Corda: Table node_identities created
17:43:41.617 [Test worker] INFO liquibase - master.changelog.json: migration/node-services.changelog-init.xml::1511451595465-9::R3.Corda: ChangeSet migration/node-services.changelog-init.xml::1511451595465-9::R3.Corda ran successfully in 2ms
17:43:41.618 [Test worker] DEBUG liquibase - master.changelog.json: migration/node-services.changelog-init.xml::1511451595465-9::R3.Corda: Executing EXECUTE database command: INSERT INTO PUBLIC.DATABASECHANGELOG (ID, AUTHOR, FILENAME, DATEEXECUTED, ORDEREXECUTED, MD5SUM, DESCRIPTION, COMMENTS, EXECTYPE, CONTEXTS, LABELS, LIQUIBASE, DEPLOYMENT_ID) VALUES ('1511451595465-9', 'R3.Corda', 'migration/node-services.changelog-init.xml', NOW(), 45, '7:ea04cf1cc4ea1112c4cbbf932bc51c56', 'createTable tableName=node_identities', '', 'EXECUTED', NULL, NULL, '3.5.4', '1046221206')
17:43:41.621 [Test worker] DEBUG liquibase - master.changelog.json: migration/node-services.changelog-init.xml::1511451595465-13::R3.Corda: Running Changeset:migration/node-services.changelog-init.xml::1511451595465-13::R3.Corda
17:43:41.622 [Test worker] DEBUG liquibase - master.changelog.json: migration/node-services.changelog-init.xml::1511451595465-13::R3.Corda: Changeset migration/node-services.changelog-init.xml::1511451595465-13::R3.Corda
17:43:41.622 [Test worker] DEBUG liquibase - master.changelog.json: migration/node-services.changelog-init.xml::1511451595465-13::R3.Corda: Reading ChangeSet: migration/node-services.changelog-init.xml::1511451595465-13::R3.Corda
17:43:41.622 [Test worker] DEBUG liquibase - master.changelog.json: migration/node-services.changelog-init.xml::1511451595465-13::R3.Corda: Executing Statement: liquibase.statement.core.CreateTableStatement@672c5e34
17:43:41.624 [Test worker] DEBUG liquibase - master.changelog.json: migration/node-services.changelog-init.xml::1511451595465-13::R3.Corda: Executing EXECUTE database command: CREATE TABLE PUBLIC.node_message_ids (message_id NVARCHAR(64) NOT NULL, insertion_time TIMESTAMP)
17:43:41.624 [Test worker] INFO liquibase - master.changelog.json: migration/node-services.changelog-init.xml::1511451595465-13::R3.Corda: Table node_message_ids created
17:43:41.624 [Test worker] INFO liquibase - master.changelog.json: migration/node-services.changelog-init.xml::1511451595465-13::R3.Corda: ChangeSet migration/node-services.changelog-init.xml::1511451595465-13::R3.Corda ran successfully in 2ms
17:43:41.625 [Test worker] DEBUG liquibase - master.changelog.json: migration/node-services.changelog-init.xml::1511451595465-13::R3.Corda: Executing EXECUTE database command: INSERT INTO PUBLIC.DATABASECHANGELOG (ID, AUTHOR, FILENAME, DATEEXECUTED, ORDEREXECUTED, MD5SUM, DESCRIPTION, COMMENTS, EXECTYPE, CONTEXTS, LABELS, LIQUIBASE, DEPLOYMENT_ID) VALUES ('1511451595465-13', 'R3.Corda', 'migration/node-services.changelog-init.xml', NOW(), 46, '7:340ca6c0b7c87b663b0449535b082f80', 'createTable tableName=node_message_ids', '', 'EXECUTED', NULL, NULL, '3.5.4', '1046221206')
17:43:41.626 [Test worker] DEBUG liquibase - master.changelog.json: migration/node-services.changelog-init.xml::1511451595465-14::R3.Corda: Running Changeset:migration/node-services.changelog-init.xml::1511451595465-14::R3.Corda
17:43:41.626 [Test worker] DEBUG liquibase - master.changelog.json: migration/node-services.changelog-init.xml::1511451595465-14::R3.Corda: Changeset migration/node-services.changelog-init.xml::1511451595465-14::R3.Corda
17:43:41.626 [Test worker] DEBUG liquibase - master.changelog.json: migration/node-services.changelog-init.xml::1511451595465-14::R3.Corda: Reading ChangeSet: migration/node-services.changelog-init.xml::1511451595465-14::R3.Corda
17:43:41.627 [Test worker] DEBUG liquibase - master.changelog.json: migration/node-services.changelog-init.xml::1511451595465-14::R3.Corda: Executing Statement: liquibase.statement.core.CreateTableStatement@4a0902c
17:43:41.627 [Test worker] DEBUG liquibase - master.changelog.json: migration/node-services.changelog-init.xml::1511451595465-14::R3.Corda: Executing EXECUTE database command: CREATE TABLE PUBLIC.node_message_retry (message_id BIGINT NOT NULL, message BLOB, recipients BLOB)
17:43:41.627 [Test worker] INFO liquibase - master.changelog.json: migration/node-services.changelog-init.xml::1511451595465-14::R3.Corda: Table node_message_retry created
17:43:41.627 [Test worker] INFO liquibase - master.changelog.json: migration/node-services.changelog-init.xml::1511451595465-14::R3.Corda: ChangeSet migration/node-services.changelog-init.xml::1511451595465-14::R3.Corda ran successfully in 1ms
17:43:41.629 [Test worker] DEBUG liquibase - master.changelog.json: migration/node-services.changelog-init.xml::1511451595465-14::R3.Corda: Executing EXECUTE database command: INSERT INTO PUBLIC.DATABASECHANGELOG (ID, AUTHOR, FILENAME, DATEEXECUTED, ORDEREXECUTED, MD5SUM, DESCRIPTION, COMMENTS, EXECTYPE, CONTEXTS, LABELS, LIQUIBASE, DEPLOYMENT_ID) VALUES ('1511451595465-14', 'R3.Corda', 'migration/node-services.changelog-init.xml', NOW(), 47, '7:1dc64c73807569fb04c10a9b2d760ff0', 'createTable tableName=node_message_retry', '', 'EXECUTED', NULL, NULL, '3.5.4', '1046221206')
17:43:41.629 [Test worker] DEBUG liquibase - master.changelog.json: migration/node-services.changelog-init.xml::1511451595465-15::R3.Corda: Running Changeset:migration/node-services.changelog-init.xml::1511451595465-15::R3.Corda
17:43:41.630 [Test worker] DEBUG liquibase - master.changelog.json: migration/node-services.changelog-init.xml::1511451595465-15::R3.Corda: Changeset migration/node-services.changelog-init.xml::1511451595465-15::R3.Corda
17:43:41.630 [Test worker] DEBUG liquibase - master.changelog.json: migration/node-services.changelog-init.xml::1511451595465-15::R3.Corda: Reading ChangeSet: migration/node-services.changelog-init.xml::1511451595465-15::R3.Corda
17:43:41.630 [Test worker] DEBUG liquibase - master.changelog.json: migration/node-services.changelog-init.xml::1511451595465-15::R3.Corda: Executing Statement: liquibase.statement.core.CreateTableStatement@4c0af947
17:43:41.630 [Test worker] DEBUG liquibase - master.changelog.json: migration/node-services.changelog-init.xml::1511451595465-15::R3.Corda: Executing EXECUTE database command: CREATE TABLE PUBLIC.node_named_identities (name NVARCHAR(128) NOT NULL, pk_hash NVARCHAR(130))
17:43:41.631 [Test worker] INFO liquibase - master.changelog.json: migration/node-services.changelog-init.xml::1511451595465-15::R3.Corda: Table node_named_identities created
17:43:41.631 [Test worker] INFO liquibase - master.changelog.json: migration/node-services.changelog-init.xml::1511451595465-15::R3.Corda: ChangeSet migration/node-services.changelog-init.xml::1511451595465-15::R3.Corda ran successfully in 1ms
17:43:41.632 [Test worker] DEBUG liquibase - master.changelog.json: migration/node-services.changelog-init.xml::1511451595465-15::R3.Corda: Executing EXECUTE database command: INSERT INTO PUBLIC.DATABASECHANGELOG (ID, AUTHOR, FILENAME, DATEEXECUTED, ORDEREXECUTED, MD5SUM, DESCRIPTION, COMMENTS, EXECTYPE, CONTEXTS, LABELS, LIQUIBASE, DEPLOYMENT_ID) VALUES ('1511451595465-15', 'R3.Corda', 'migration/node-services.changelog-init.xml', NOW(), 48, '7:108b7d395f7fb3cfc8ce4e364c4008a5', 'createTable tableName=node_named_identities', '', 'EXECUTED', NULL, NULL, '3.5.4', '1046221206')
17:43:41.634 [Test worker] DEBUG liquibase - master.changelog.json: migration/node-services.changelog-init.xml::1511451595465-17::R3.Corda: Running Changeset:migration/node-services.changelog-init.xml::1511451595465-17::R3.Corda
17:43:41.635 [Test worker] DEBUG liquibase - master.changelog.json: migration/node-services.changelog-init.xml::1511451595465-17::R3.Corda: Changeset migration/node-services.changelog-init.xml::1511451595465-17::R3.Corda
17:43:41.635 [Test worker] DEBUG liquibase - master.changelog.json: migration/node-services.changelog-init.xml::1511451595465-17::R3.Corda: Reading ChangeSet: migration/node-services.changelog-init.xml::1511451595465-17::R3.Corda
17:43:41.635 [Test worker] DEBUG liquibase - master.changelog.json: migration/node-services.changelog-init.xml::1511451595465-17::R3.Corda: Executing Statement: liquibase.statement.core.CreateTableStatement@4f4499ef
17:43:41.635 [Test worker] DEBUG liquibase - master.changelog.json: migration/node-services.changelog-init.xml::1511451595465-17::R3.Corda: Executing EXECUTE database command: CREATE TABLE PUBLIC.node_our_key_pairs (public_key_hash NVARCHAR(130) NOT NULL, private_key BLOB, public_key BLOB)
17:43:41.637 [Test worker] INFO liquibase - master.changelog.json: migration/node-services.changelog-init.xml::1511451595465-17::R3.Corda: Table node_our_key_pairs created
17:43:41.637 [Test worker] INFO liquibase - master.changelog.json: migration/node-services.changelog-init.xml::1511451595465-17::R3.Corda: ChangeSet migration/node-services.changelog-init.xml::1511451595465-17::R3.Corda ran successfully in 2ms
17:43:41.643 [Test worker] DEBUG liquibase - master.changelog.json: migration/node-services.changelog-init.xml::1511451595465-17::R3.Corda: Executing EXECUTE database command: INSERT INTO PUBLIC.DATABASECHANGELOG (ID, AUTHOR, FILENAME, DATEEXECUTED, ORDEREXECUTED, MD5SUM, DESCRIPTION, COMMENTS, EXECTYPE, CONTEXTS, LABELS, LIQUIBASE, DEPLOYMENT_ID) VALUES ('1511451595465-17', 'R3.Corda', 'migration/node-services.changelog-init.xml', NOW(), 49, '7:a8b4ae7170f56f1df8a23b530bef4dd1', 'createTable tableName=node_our_key_pairs', '', 'EXECUTED', NULL, NULL, '3.5.4', '1046221206')
17:43:41.645 [Test worker] DEBUG liquibase - master.changelog.json: migration/node-services.changelog-init.xml::1511451595465-19::R3.Corda: Running Changeset:migration/node-services.changelog-init.xml::1511451595465-19::R3.Corda
17:43:41.645 [Test worker] DEBUG liquibase - master.changelog.json: migration/node-services.changelog-init.xml::1511451595465-19::R3.Corda: Changeset migration/node-services.changelog-init.xml::1511451595465-19::R3.Corda
17:43:41.645 [Test worker] DEBUG liquibase - master.changelog.json: migration/node-services.changelog-init.xml::1511451595465-19::R3.Corda: Reading ChangeSet: migration/node-services.changelog-init.xml::1511451595465-19::R3.Corda
17:43:41.646 [Test worker] DEBUG liquibase - master.changelog.json: migration/node-services.changelog-init.xml::1511451595465-19::R3.Corda: Executing Statement: liquibase.statement.core.CreateTableStatement@1bf0bc52
17:43:41.647 [Test worker] DEBUG liquibase - master.changelog.json: migration/node-services.changelog-init.xml::1511451595465-19::R3.Corda: Executing EXECUTE database command: CREATE TABLE PUBLIC.node_scheduled_states (output_index INT NOT NULL, transaction_id NVARCHAR(64) NOT NULL, scheduled_at TIMESTAMP NOT NULL)
17:43:41.650 [Test worker] INFO liquibase - master.changelog.json: migration/node-services.changelog-init.xml::1511451595465-19::R3.Corda: Table node_scheduled_states created
17:43:41.650 [Test worker] INFO liquibase - master.changelog.json: migration/node-services.changelog-init.xml::1511451595465-19::R3.Corda: ChangeSet migration/node-services.changelog-init.xml::1511451595465-19::R3.Corda ran successfully in 5ms
17:43:41.652 [Test worker] DEBUG liquibase - master.changelog.json: migration/node-services.changelog-init.xml::1511451595465-19::R3.Corda: Executing EXECUTE database command: INSERT INTO PUBLIC.DATABASECHANGELOG (ID, AUTHOR, FILENAME, DATEEXECUTED, ORDEREXECUTED, MD5SUM, DESCRIPTION, COMMENTS, EXECTYPE, CONTEXTS, LABELS, LIQUIBASE, DEPLOYMENT_ID) VALUES ('1511451595465-19', 'R3.Corda', 'migration/node-services.changelog-init.xml', NOW(), 50, '7:2aaf3df7bdbea9c71aa8bea4e14f11ef', 'createTable tableName=node_scheduled_states', '', 'EXECUTED', NULL, NULL, '3.5.4', '1046221206')
17:43:41.653 [Test worker] DEBUG liquibase - master.changelog.json: migration/node-services.changelog-init.xml::1511451595465-20::R3.Corda: Running Changeset:migration/node-services.changelog-init.xml::1511451595465-20::R3.Corda
17:43:41.653 [Test worker] DEBUG liquibase - master.changelog.json: migration/node-services.changelog-init.xml::1511451595465-20::R3.Corda: Changeset migration/node-services.changelog-init.xml::1511451595465-20::R3.Corda
17:43:41.653 [Test worker] DEBUG liquibase - master.changelog.json: migration/node-services.changelog-init.xml::1511451595465-20::R3.Corda: Reading ChangeSet: migration/node-services.changelog-init.xml::1511451595465-20::R3.Corda
17:43:41.653 [Test worker] DEBUG liquibase - master.changelog.json: migration/node-services.changelog-init.xml::1511451595465-20::R3.Corda: Executing Statement: liquibase.statement.core.CreateTableStatement@12bf56dc
17:43:41.655 [Test worker] DEBUG liquibase - master.changelog.json: migration/node-services.changelog-init.xml::1511451595465-20::R3.Corda: Executing EXECUTE database command: CREATE TABLE PUBLIC.node_transaction_mappings (tx_id NVARCHAR(64) NOT NULL, state_machine_run_id NVARCHAR(36))
17:43:41.655 [Test worker] INFO liquibase - master.changelog.json: migration/node-services.changelog-init.xml::1511451595465-20::R3.Corda: Table node_transaction_mappings created
17:43:41.655 [Test worker] INFO liquibase - master.changelog.json: migration/node-services.changelog-init.xml::1511451595465-20::R3.Corda: ChangeSet migration/node-services.changelog-init.xml::1511451595465-20::R3.Corda ran successfully in 2ms
17:43:41.657 [Test worker] DEBUG liquibase - master.changelog.json: migration/node-services.changelog-init.xml::1511451595465-20::R3.Corda: Executing EXECUTE database command: INSERT INTO PUBLIC.DATABASECHANGELOG (ID, AUTHOR, FILENAME, DATEEXECUTED, ORDEREXECUTED, MD5SUM, DESCRIPTION, COMMENTS, EXECTYPE, CONTEXTS, LABELS, LIQUIBASE, DEPLOYMENT_ID) VALUES ('1511451595465-20', 'R3.Corda', 'migration/node-services.changelog-init.xml', NOW(), 51, '7:f003464d28fe934c636b24e7c72d9c27', 'createTable tableName=node_transaction_mappings', '', 'EXECUTED', NULL, NULL, '3.5.4', '1046221206')
17:43:41.658 [Test worker] DEBUG liquibase - master.changelog.json: migration/node-services.changelog-init.xml::1511451595465-21::R3.Corda: Running Changeset:migration/node-services.changelog-init.xml::1511451595465-21::R3.Corda
17:43:41.658 [Test worker] DEBUG liquibase - master.changelog.json: migration/node-services.changelog-init.xml::1511451595465-21::R3.Corda: Changeset migration/node-services.changelog-init.xml::1511451595465-21::R3.Corda
17:43:41.658 [Test worker] DEBUG liquibase - master.changelog.json: migration/node-services.changelog-init.xml::1511451595465-21::R3.Corda: Reading ChangeSet: migration/node-services.changelog-init.xml::1511451595465-21::R3.Corda
17:43:41.659 [Test worker] DEBUG liquibase - master.changelog.json: migration/node-services.changelog-init.xml::1511451595465-21::R3.Corda: Executing Statement: liquibase.statement.core.CreateTableStatement@1347973d
17:43:41.661 [Test worker] DEBUG liquibase - master.changelog.json: migration/node-services.changelog-init.xml::1511451595465-21::R3.Corda: Executing EXECUTE database command: CREATE TABLE PUBLIC.node_transactions (tx_id NVARCHAR(64) NOT NULL, transaction_value BLOB)
17:43:41.665 [Test worker] INFO liquibase - master.changelog.json: migration/node-services.changelog-init.xml::1511451595465-21::R3.Corda: Table node_transactions created
17:43:41.665 [Test worker] INFO liquibase - master.changelog.json: migration/node-services.changelog-init.xml::1511451595465-21::R3.Corda: ChangeSet migration/node-services.changelog-init.xml::1511451595465-21::R3.Corda ran successfully in 7ms
17:43:41.667 [Test worker] DEBUG liquibase - master.changelog.json: migration/node-services.changelog-init.xml::1511451595465-21::R3.Corda: Executing EXECUTE database command: INSERT INTO PUBLIC.DATABASECHANGELOG (ID, AUTHOR, FILENAME, DATEEXECUTED, ORDEREXECUTED, MD5SUM, DESCRIPTION, COMMENTS, EXECTYPE, CONTEXTS, LABELS, LIQUIBASE, DEPLOYMENT_ID) VALUES ('1511451595465-21', 'R3.Corda', 'migration/node-services.changelog-init.xml', NOW(), 52, '7:8b167e9074e47be66c742aec5661b5d1', 'createTable tableName=node_transactions', '', 'EXECUTED', NULL, NULL, '3.5.4', '1046221206')
17:43:41.667 [Test worker] DEBUG liquibase - master.changelog.json: migration/node-services.changelog-init.xml::1511451595465-30::R3.Corda: Running Changeset:migration/node-services.changelog-init.xml::1511451595465-30::R3.Corda
17:43:41.667 [Test worker] DEBUG liquibase - master.changelog.json: migration/node-services.changelog-init.xml::1511451595465-30::R3.Corda: Changeset migration/node-services.changelog-init.xml::1511451595465-30::R3.Corda
17:43:41.668 [Test worker] DEBUG liquibase - master.changelog.json: migration/node-services.changelog-init.xml::1511451595465-30::R3.Corda: Reading ChangeSet: migration/node-services.changelog-init.xml::1511451595465-30::R3.Corda
17:43:41.668 [Test worker] DEBUG liquibase - master.changelog.json: migration/node-services.changelog-init.xml::1511451595465-30::R3.Corda: Executing Statement: liquibase.statement.core.AddPrimaryKeyStatement@6cbf65d5
17:43:41.669 [Test worker] DEBUG liquibase - master.changelog.json: migration/node-services.changelog-init.xml::1511451595465-30::R3.Corda: Executing EXECUTE database command: ALTER TABLE PUBLIC.node_attachments ADD CONSTRAINT node_attachments_pkey PRIMARY KEY (att_id)
17:43:41.671 [Test worker] INFO liquibase - master.changelog.json: migration/node-services.changelog-init.xml::1511451595465-30::R3.Corda: Primary key added to node_attachments (att_id)
17:43:41.671 [Test worker] INFO liquibase - master.changelog.json: migration/node-services.changelog-init.xml::1511451595465-30::R3.Corda: ChangeSet migration/node-services.changelog-init.xml::1511451595465-30::R3.Corda ran successfully in 4ms
17:43:41.673 [Test worker] DEBUG liquibase - master.changelog.json: migration/node-services.changelog-init.xml::1511451595465-30::R3.Corda: Executing EXECUTE database command: INSERT INTO PUBLIC.DATABASECHANGELOG (ID, AUTHOR, FILENAME, DATEEXECUTED, ORDEREXECUTED, MD5SUM, DESCRIPTION, COMMENTS, EXECTYPE, CONTEXTS, LABELS, LIQUIBASE, DEPLOYMENT_ID) VALUES ('1511451595465-30', 'R3.Corda', 'migration/node-services.changelog-init.xml', NOW(), 53, '7:4aa12646e41346c10ae1d18b43468b3e', 'addPrimaryKey constraintName=node_attachments_pkey, tableName=node_attachments', '', 'EXECUTED', NULL, NULL, '3.5.4', '1046221206')
17:43:41.674 [Test worker] DEBUG liquibase - master.changelog.json: migration/node-services.changelog-init.xml::1511451595465-32::R3.Corda: Running Changeset:migration/node-services.changelog-init.xml::1511451595465-32::R3.Corda
17:43:41.675 [Test worker] DEBUG liquibase - master.changelog.json: migration/node-services.changelog-init.xml::1511451595465-32::R3.Corda: Changeset migration/node-services.changelog-init.xml::1511451595465-32::R3.Corda
17:43:41.675 [Test worker] DEBUG liquibase - master.changelog.json: migration/node-services.changelog-init.xml::1511451595465-32::R3.Corda: Reading ChangeSet: migration/node-services.changelog-init.xml::1511451595465-32::R3.Corda
17:43:41.675 [Test worker] DEBUG liquibase - master.changelog.json: migration/node-services.changelog-init.xml::1511451595465-32::R3.Corda: Executing Statement: liquibase.statement.core.AddPrimaryKeyStatement@3e57656c
17:43:41.675 [Test worker] DEBUG liquibase - master.changelog.json: migration/node-services.changelog-init.xml::1511451595465-32::R3.Corda: Executing EXECUTE database command: ALTER TABLE PUBLIC.node_checkpoints ADD CONSTRAINT node_checkpoints_pkey PRIMARY KEY (checkpoint_id)
17:43:41.675 [Test worker] INFO liquibase - master.changelog.json: migration/node-services.changelog-init.xml::1511451595465-32::R3.Corda: Primary key added to node_checkpoints (checkpoint_id)
17:43:41.676 [Test worker] INFO liquibase - master.changelog.json: migration/node-services.changelog-init.xml::1511451595465-32::R3.Corda: ChangeSet migration/node-services.changelog-init.xml::1511451595465-32::R3.Corda ran successfully in 2ms
17:43:41.677 [Test worker] DEBUG liquibase - master.changelog.json: migration/node-services.changelog-init.xml::1511451595465-32::R3.Corda: Executing EXECUTE database command: INSERT INTO PUBLIC.DATABASECHANGELOG (ID, AUTHOR, FILENAME, DATEEXECUTED, ORDEREXECUTED, MD5SUM, DESCRIPTION, COMMENTS, EXECTYPE, CONTEXTS, LABELS, LIQUIBASE, DEPLOYMENT_ID) VALUES ('1511451595465-32', 'R3.Corda', 'migration/node-services.changelog-init.xml', NOW(), 54, '7:fa0f2ed27615a3fd2b799bb27b447a36', 'addPrimaryKey constraintName=node_checkpoints_pkey, tableName=node_checkpoints', '', 'EXECUTED', NULL, NULL, '3.5.4', '1046221206')
17:43:41.680 [Test worker] DEBUG liquibase - master.changelog.json: migration/node-services.changelog-init.xml::1511451595465-33::R3.Corda: Running Changeset:migration/node-services.changelog-init.xml::1511451595465-33::R3.Corda
17:43:41.680 [Test worker] DEBUG liquibase - master.changelog.json: migration/node-services.changelog-init.xml::1511451595465-33::R3.Corda: Changeset migration/node-services.changelog-init.xml::1511451595465-33::R3.Corda
17:43:41.681 [Test worker] DEBUG liquibase - master.changelog.json: migration/node-services.changelog-init.xml::1511451595465-33::R3.Corda: Reading ChangeSet: migration/node-services.changelog-init.xml::1511451595465-33::R3.Corda
17:43:41.681 [Test worker] DEBUG liquibase - master.changelog.json: migration/node-services.changelog-init.xml::1511451595465-33::R3.Corda: Executing Statement: liquibase.statement.core.AddPrimaryKeyStatement@5a1648ea
17:43:41.681 [Test worker] DEBUG liquibase - master.changelog.json: migration/node-services.changelog-init.xml::1511451595465-33::R3.Corda: Executing EXECUTE database command: ALTER TABLE PUBLIC.node_contract_upgrades ADD CONSTRAINT node_contract_upgrades_pkey PRIMARY KEY (state_ref)
17:43:41.683 [Test worker] INFO liquibase - master.changelog.json: migration/node-services.changelog-init.xml::1511451595465-33::R3.Corda: Primary key added to node_contract_upgrades (state_ref)
17:43:41.683 [Test worker] INFO liquibase - master.changelog.json: migration/node-services.changelog-init.xml::1511451595465-33::R3.Corda: ChangeSet migration/node-services.changelog-init.xml::1511451595465-33::R3.Corda ran successfully in 3ms
17:43:41.685 [Test worker] DEBUG liquibase - master.changelog.json: migration/node-services.changelog-init.xml::1511451595465-33::R3.Corda: Executing EXECUTE database command: INSERT INTO PUBLIC.DATABASECHANGELOG (ID, AUTHOR, FILENAME, DATEEXECUTED, ORDEREXECUTED, MD5SUM, DESCRIPTION, COMMENTS, EXECTYPE, CONTEXTS, LABELS, LIQUIBASE, DEPLOYMENT_ID) VALUES ('1511451595465-33', 'R3.Corda', 'migration/node-services.changelog-init.xml', NOW(), 55, '7:37e38ccee8d375f364abca393727eec7', 'addPrimaryKey constraintName=node_contract_upgrades_pkey, tableName=node_contract_upgrades', '', 'EXECUTED', NULL, NULL, '3.5.4', '1046221206')
17:43:41.685 [Test worker] DEBUG liquibase - master.changelog.json: migration/node-services.changelog-init.xml::1511451595465-34::R3.Corda: Running Changeset:migration/node-services.changelog-init.xml::1511451595465-34::R3.Corda
17:43:41.685 [Test worker] DEBUG liquibase - master.changelog.json: migration/node-services.changelog-init.xml::1511451595465-34::R3.Corda: Changeset migration/node-services.changelog-init.xml::1511451595465-34::R3.Corda
17:43:41.686 [Test worker] DEBUG liquibase - master.changelog.json: migration/node-services.changelog-init.xml::1511451595465-34::R3.Corda: Reading ChangeSet: migration/node-services.changelog-init.xml::1511451595465-34::R3.Corda
17:43:41.686 [Test worker] DEBUG liquibase - master.changelog.json: migration/node-services.changelog-init.xml::1511451595465-34::R3.Corda: Executing Statement: liquibase.statement.core.AddPrimaryKeyStatement@24b44fac
17:43:41.687 [Test worker] DEBUG liquibase - master.changelog.json: migration/node-services.changelog-init.xml::1511451595465-34::R3.Corda: Executing EXECUTE database command: ALTER TABLE PUBLIC.node_identities ADD CONSTRAINT node_identities_pkey PRIMARY KEY (pk_hash)
17:43:41.689 [Test worker] INFO liquibase - master.changelog.json: migration/node-services.changelog-init.xml::1511451595465-34::R3.Corda: Primary key added to node_identities (pk_hash)
17:43:41.689 [Test worker] INFO liquibase - master.changelog.json: migration/node-services.changelog-init.xml::1511451595465-34::R3.Corda: ChangeSet migration/node-services.changelog-init.xml::1511451595465-34::R3.Corda ran successfully in 4ms
17:43:41.692 [Test worker] DEBUG liquibase - master.changelog.json: migration/node-services.changelog-init.xml::1511451595465-34::R3.Corda: Executing EXECUTE database command: INSERT INTO PUBLIC.DATABASECHANGELOG (ID, AUTHOR, FILENAME, DATEEXECUTED, ORDEREXECUTED, MD5SUM, DESCRIPTION, COMMENTS, EXECTYPE, CONTEXTS, LABELS, LIQUIBASE, DEPLOYMENT_ID) VALUES ('1511451595465-34', 'R3.Corda', 'migration/node-services.changelog-init.xml', NOW(), 56, '7:43d4f1fd6b4b69fcd6b046d8806c8f50', 'addPrimaryKey constraintName=node_identities_pkey, tableName=node_identities', '', 'EXECUTED', NULL, NULL, '3.5.4', '1046221206')
17:43:41.693 [Test worker] DEBUG liquibase - master.changelog.json: migration/node-services.changelog-init.xml::1511451595465-38::R3.Corda: Running Changeset:migration/node-services.changelog-init.xml::1511451595465-38::R3.Corda
17:43:41.693 [Test worker] DEBUG liquibase - master.changelog.json: migration/node-services.changelog-init.xml::1511451595465-38::R3.Corda: Changeset migration/node-services.changelog-init.xml::1511451595465-38::R3.Corda
17:43:41.706 [Test worker] DEBUG liquibase - master.changelog.json: migration/node-services.changelog-init.xml::1511451595465-38::R3.Corda: Reading ChangeSet: migration/node-services.changelog-init.xml::1511451595465-38::R3.Corda
17:43:41.706 [Test worker] DEBUG liquibase - master.changelog.json: migration/node-services.changelog-init.xml::1511451595465-38::R3.Corda: Executing Statement: liquibase.statement.core.AddPrimaryKeyStatement@76b7a02b
17:43:41.706 [Test worker] DEBUG liquibase - master.changelog.json: migration/node-services.changelog-init.xml::1511451595465-38::R3.Corda: Executing EXECUTE database command: ALTER TABLE PUBLIC.node_message_ids ADD CONSTRAINT node_message_ids_pkey PRIMARY KEY (message_id)
17:43:41.709 [Test worker] INFO liquibase - master.changelog.json: migration/node-services.changelog-init.xml::1511451595465-38::R3.Corda: Primary key added to node_message_ids (message_id)
17:43:41.709 [Test worker] INFO liquibase - master.changelog.json: migration/node-services.changelog-init.xml::1511451595465-38::R3.Corda: ChangeSet migration/node-services.changelog-init.xml::1511451595465-38::R3.Corda ran successfully in 16ms
17:43:41.711 [Test worker] DEBUG liquibase - master.changelog.json: migration/node-services.changelog-init.xml::1511451595465-38::R3.Corda: Executing EXECUTE database command: INSERT INTO PUBLIC.DATABASECHANGELOG (ID, AUTHOR, FILENAME, DATEEXECUTED, ORDEREXECUTED, MD5SUM, DESCRIPTION, COMMENTS, EXECTYPE, CONTEXTS, LABELS, LIQUIBASE, DEPLOYMENT_ID) VALUES ('1511451595465-38', 'R3.Corda', 'migration/node-services.changelog-init.xml', NOW(), 57, '7:37825d1c920089f5d1d8667fae2a0770', 'addPrimaryKey constraintName=node_message_ids_pkey, tableName=node_message_ids', '', 'EXECUTED', NULL, NULL, '3.5.4', '1046221206')
17:43:41.711 [Test worker] DEBUG liquibase - master.changelog.json: migration/node-services.changelog-init.xml::1511451595465-39::R3.Corda: Running Changeset:migration/node-services.changelog-init.xml::1511451595465-39::R3.Corda
17:43:41.711 [Test worker] DEBUG liquibase - master.changelog.json: migration/node-services.changelog-init.xml::1511451595465-39::R3.Corda: Changeset migration/node-services.changelog-init.xml::1511451595465-39::R3.Corda
17:43:41.712 [Test worker] DEBUG liquibase - master.changelog.json: migration/node-services.changelog-init.xml::1511451595465-39::R3.Corda: Reading ChangeSet: migration/node-services.changelog-init.xml::1511451595465-39::R3.Corda
17:43:41.712 [Test worker] DEBUG liquibase - master.changelog.json: migration/node-services.changelog-init.xml::1511451595465-39::R3.Corda: Executing Statement: liquibase.statement.core.AddPrimaryKeyStatement@26444f0f
17:43:41.712 [Test worker] DEBUG liquibase - master.changelog.json: migration/node-services.changelog-init.xml::1511451595465-39::R3.Corda: Executing EXECUTE database command: ALTER TABLE PUBLIC.node_message_retry ADD CONSTRAINT node_message_retry_pkey PRIMARY KEY (message_id)
17:43:41.713 [Test worker] INFO liquibase - master.changelog.json: migration/node-services.changelog-init.xml::1511451595465-39::R3.Corda: Primary key added to node_message_retry (message_id)
17:43:41.713 [Test worker] INFO liquibase - master.changelog.json: migration/node-services.changelog-init.xml::1511451595465-39::R3.Corda: ChangeSet migration/node-services.changelog-init.xml::1511451595465-39::R3.Corda ran successfully in 2ms
17:43:41.726 [Test worker] DEBUG liquibase - master.changelog.json: migration/node-services.changelog-init.xml::1511451595465-39::R3.Corda: Executing EXECUTE database command: INSERT INTO PUBLIC.DATABASECHANGELOG (ID, AUTHOR, FILENAME, DATEEXECUTED, ORDEREXECUTED, MD5SUM, DESCRIPTION, COMMENTS, EXECTYPE, CONTEXTS, LABELS, LIQUIBASE, DEPLOYMENT_ID) VALUES ('1511451595465-39', 'R3.Corda', 'migration/node-services.changelog-init.xml', NOW(), 58, '7:7cc6fa875e39740c709235ff27960561', 'addPrimaryKey constraintName=node_message_retry_pkey, tableName=node_message_retry', '', 'EXECUTED', NULL, NULL, '3.5.4', '1046221206')
17:43:41.727 [Test worker] DEBUG liquibase - master.changelog.json: migration/node-services.changelog-init.xml::1511451595465-40::R3.Corda: Running Changeset:migration/node-services.changelog-init.xml::1511451595465-40::R3.Corda
17:43:41.727 [Test worker] DEBUG liquibase - master.changelog.json: migration/node-services.changelog-init.xml::1511451595465-40::R3.Corda: Changeset migration/node-services.changelog-init.xml::1511451595465-40::R3.Corda
17:43:41.727 [Test worker] DEBUG liquibase - master.changelog.json: migration/node-services.changelog-init.xml::1511451595465-40::R3.Corda: Reading ChangeSet: migration/node-services.changelog-init.xml::1511451595465-40::R3.Corda
17:43:41.728 [Test worker] DEBUG liquibase - master.changelog.json: migration/node-services.changelog-init.xml::1511451595465-40::R3.Corda: Executing Statement: liquibase.statement.core.AddPrimaryKeyStatement@663ada5e
17:43:41.728 [Test worker] DEBUG liquibase - master.changelog.json: migration/node-services.changelog-init.xml::1511451595465-40::R3.Corda: Executing EXECUTE database command: ALTER TABLE PUBLIC.node_named_identities ADD CONSTRAINT node_named_identities_pkey PRIMARY KEY (name)
17:43:41.728 [Test worker] INFO liquibase - master.changelog.json: migration/node-services.changelog-init.xml::1511451595465-40::R3.Corda: Primary key added to node_named_identities (name)
17:43:41.729 [Test worker] INFO liquibase - master.changelog.json: migration/node-services.changelog-init.xml::1511451595465-40::R3.Corda: ChangeSet migration/node-services.changelog-init.xml::1511451595465-40::R3.Corda ran successfully in 2ms
17:43:41.731 [Test worker] DEBUG liquibase - master.changelog.json: migration/node-services.changelog-init.xml::1511451595465-40::R3.Corda: Executing EXECUTE database command: INSERT INTO PUBLIC.DATABASECHANGELOG (ID, AUTHOR, FILENAME, DATEEXECUTED, ORDEREXECUTED, MD5SUM, DESCRIPTION, COMMENTS, EXECTYPE, CONTEXTS, LABELS, LIQUIBASE, DEPLOYMENT_ID) VALUES ('1511451595465-40', 'R3.Corda', 'migration/node-services.changelog-init.xml', NOW(), 59, '7:9fac7485c58064b7e7ddce0bd1af86c4', 'addPrimaryKey constraintName=node_named_identities_pkey, tableName=node_named_identities', '', 'EXECUTED', NULL, NULL, '3.5.4', '1046221206')
17:43:41.732 [Test worker] DEBUG liquibase - master.changelog.json: migration/node-services.changelog-init.xml::1511451595465-42::R3.Corda: Running Changeset:migration/node-services.changelog-init.xml::1511451595465-42::R3.Corda
17:43:41.732 [Test worker] DEBUG liquibase - master.changelog.json: migration/node-services.changelog-init.xml::1511451595465-42::R3.Corda: Changeset migration/node-services.changelog-init.xml::1511451595465-42::R3.Corda
17:43:41.732 [Test worker] DEBUG liquibase - master.changelog.json: migration/node-services.changelog-init.xml::1511451595465-42::R3.Corda: Reading ChangeSet: migration/node-services.changelog-init.xml::1511451595465-42::R3.Corda
17:43:41.732 [Test worker] DEBUG liquibase - master.changelog.json: migration/node-services.changelog-init.xml::1511451595465-42::R3.Corda: Executing Statement: liquibase.statement.core.AddPrimaryKeyStatement@7e81a8be
17:43:41.733 [Test worker] DEBUG liquibase - master.changelog.json: migration/node-services.changelog-init.xml::1511451595465-42::R3.Corda: Executing EXECUTE database command: ALTER TABLE PUBLIC.node_our_key_pairs ADD CONSTRAINT node_our_key_pairs_pkey PRIMARY KEY (public_key_hash)
17:43:41.733 [Test worker] INFO liquibase - master.changelog.json: migration/node-services.changelog-init.xml::1511451595465-42::R3.Corda: Primary key added to node_our_key_pairs (public_key_hash)
17:43:41.734 [Test worker] INFO liquibase - master.changelog.json: migration/node-services.changelog-init.xml::1511451595465-42::R3.Corda: ChangeSet migration/node-services.changelog-init.xml::1511451595465-42::R3.Corda ran successfully in 2ms
17:43:41.735 [Test worker] DEBUG liquibase - master.changelog.json: migration/node-services.changelog-init.xml::1511451595465-42::R3.Corda: Executing EXECUTE database command: INSERT INTO PUBLIC.DATABASECHANGELOG (ID, AUTHOR, FILENAME, DATEEXECUTED, ORDEREXECUTED, MD5SUM, DESCRIPTION, COMMENTS, EXECTYPE, CONTEXTS, LABELS, LIQUIBASE, DEPLOYMENT_ID) VALUES ('1511451595465-42', 'R3.Corda', 'migration/node-services.changelog-init.xml', NOW(), 60, '7:e3644c4b7315958cfb3a3cd4a3f40946', 'addPrimaryKey constraintName=node_our_key_pairs_pkey, tableName=node_our_key_pairs', '', 'EXECUTED', NULL, NULL, '3.5.4', '1046221206')
17:43:41.736 [Test worker] DEBUG liquibase - master.changelog.json: migration/node-services.changelog-init.xml::1511451595465-44::R3.Corda: Running Changeset:migration/node-services.changelog-init.xml::1511451595465-44::R3.Corda
17:43:41.738 [Test worker] DEBUG liquibase - master.changelog.json: migration/node-services.changelog-init.xml::1511451595465-44::R3.Corda: Changeset migration/node-services.changelog-init.xml::1511451595465-44::R3.Corda
17:43:41.739 [Test worker] DEBUG liquibase - master.changelog.json: migration/node-services.changelog-init.xml::1511451595465-44::R3.Corda: Reading ChangeSet: migration/node-services.changelog-init.xml::1511451595465-44::R3.Corda
17:43:41.739 [Test worker] DEBUG liquibase - master.changelog.json: migration/node-services.changelog-init.xml::1511451595465-44::R3.Corda: Executing Statement: liquibase.statement.core.AddPrimaryKeyStatement@4ea33a47
17:43:41.739 [Test worker] DEBUG liquibase - master.changelog.json: migration/node-services.changelog-init.xml::1511451595465-44::R3.Corda: Executing EXECUTE database command: ALTER TABLE PUBLIC.node_scheduled_states ADD CONSTRAINT node_scheduled_states_pkey PRIMARY KEY (output_index, transaction_id)
17:43:41.740 [Test worker] INFO liquibase - master.changelog.json: migration/node-services.changelog-init.xml::1511451595465-44::R3.Corda: Primary key added to node_scheduled_states (output_index, transaction_id)
17:43:41.740 [Test worker] INFO liquibase - master.changelog.json: migration/node-services.changelog-init.xml::1511451595465-44::R3.Corda: ChangeSet migration/node-services.changelog-init.xml::1511451595465-44::R3.Corda ran successfully in 2ms
17:43:41.742 [Test worker] DEBUG liquibase - master.changelog.json: migration/node-services.changelog-init.xml::1511451595465-44::R3.Corda: Executing EXECUTE database command: INSERT INTO PUBLIC.DATABASECHANGELOG (ID, AUTHOR, FILENAME, DATEEXECUTED, ORDEREXECUTED, MD5SUM, DESCRIPTION, COMMENTS, EXECTYPE, CONTEXTS, LABELS, LIQUIBASE, DEPLOYMENT_ID) VALUES ('1511451595465-44', 'R3.Corda', 'migration/node-services.changelog-init.xml', NOW(), 61, '7:122e6cc40f7e50d8c9ffeb46861ed786', 'addPrimaryKey constraintName=node_scheduled_states_pkey, tableName=node_scheduled_states', '', 'EXECUTED', NULL, NULL, '3.5.4', '1046221206')
17:43:41.742 [Test worker] DEBUG liquibase - master.changelog.json: migration/node-services.changelog-init.xml::1511451595465-45::R3.Corda: Running Changeset:migration/node-services.changelog-init.xml::1511451595465-45::R3.Corda
17:43:41.742 [Test worker] DEBUG liquibase - master.changelog.json: migration/node-services.changelog-init.xml::1511451595465-45::R3.Corda: Changeset migration/node-services.changelog-init.xml::1511451595465-45::R3.Corda
17:43:41.743 [Test worker] DEBUG liquibase - master.changelog.json: migration/node-services.changelog-init.xml::1511451595465-45::R3.Corda: Reading ChangeSet: migration/node-services.changelog-init.xml::1511451595465-45::R3.Corda
17:43:41.743 [Test worker] DEBUG liquibase - master.changelog.json: migration/node-services.changelog-init.xml::1511451595465-45::R3.Corda: Executing Statement: liquibase.statement.core.AddPrimaryKeyStatement@1030927d
17:43:41.743 [Test worker] DEBUG liquibase - master.changelog.json: migration/node-services.changelog-init.xml::1511451595465-45::R3.Corda: Executing EXECUTE database command: ALTER TABLE PUBLIC.node_transaction_mappings ADD CONSTRAINT node_transaction_mappings_pkey PRIMARY KEY (tx_id)
17:43:41.744 [Test worker] INFO liquibase - master.changelog.json: migration/node-services.changelog-init.xml::1511451595465-45::R3.Corda: Primary key added to node_transaction_mappings (tx_id)
17:43:41.744 [Test worker] INFO liquibase - master.changelog.json: migration/node-services.changelog-init.xml::1511451595465-45::R3.Corda: ChangeSet migration/node-services.changelog-init.xml::1511451595465-45::R3.Corda ran successfully in 2ms
17:43:41.746 [Test worker] DEBUG liquibase - master.changelog.json: migration/node-services.changelog-init.xml::1511451595465-45::R3.Corda: Executing EXECUTE database command: INSERT INTO PUBLIC.DATABASECHANGELOG (ID, AUTHOR, FILENAME, DATEEXECUTED, ORDEREXECUTED, MD5SUM, DESCRIPTION, COMMENTS, EXECTYPE, CONTEXTS, LABELS, LIQUIBASE, DEPLOYMENT_ID) VALUES ('1511451595465-45', 'R3.Corda', 'migration/node-services.changelog-init.xml', NOW(), 62, '7:c4ba1fcc19b22e52678633b13053eaa1', 'addPrimaryKey constraintName=node_transaction_mappings_pkey, tableName=node_transaction_mappings', '', 'EXECUTED', NULL, NULL, '3.5.4', '1046221206')
17:43:41.747 [Test worker] DEBUG liquibase - master.changelog.json: migration/node-services.changelog-init.xml::1511451595465-46::R3.Corda: Running Changeset:migration/node-services.changelog-init.xml::1511451595465-46::R3.Corda
17:43:41.747 [Test worker] DEBUG liquibase - master.changelog.json: migration/node-services.changelog-init.xml::1511451595465-46::R3.Corda: Changeset migration/node-services.changelog-init.xml::1511451595465-46::R3.Corda
17:43:41.747 [Test worker] DEBUG liquibase - master.changelog.json: migration/node-services.changelog-init.xml::1511451595465-46::R3.Corda: Reading ChangeSet: migration/node-services.changelog-init.xml::1511451595465-46::R3.Corda
17:43:41.747 [Test worker] DEBUG liquibase - master.changelog.json: migration/node-services.changelog-init.xml::1511451595465-46::R3.Corda: Executing Statement: liquibase.statement.core.AddPrimaryKeyStatement@3d33f928
17:43:41.747 [Test worker] DEBUG liquibase - master.changelog.json: migration/node-services.changelog-init.xml::1511451595465-46::R3.Corda: Executing EXECUTE database command: ALTER TABLE PUBLIC.node_transactions ADD CONSTRAINT node_transactions_pkey PRIMARY KEY (tx_id)
17:43:41.752 [Test worker] INFO liquibase - master.changelog.json: migration/node-services.changelog-init.xml::1511451595465-46::R3.Corda: Primary key added to node_transactions (tx_id)
17:43:41.753 [Test worker] INFO liquibase - master.changelog.json: migration/node-services.changelog-init.xml::1511451595465-46::R3.Corda: ChangeSet migration/node-services.changelog-init.xml::1511451595465-46::R3.Corda ran successfully in 6ms
17:43:41.755 [Test worker] DEBUG liquibase - master.changelog.json: migration/node-services.changelog-init.xml::1511451595465-46::R3.Corda: Executing EXECUTE database command: INSERT INTO PUBLIC.DATABASECHANGELOG (ID, AUTHOR, FILENAME, DATEEXECUTED, ORDEREXECUTED, MD5SUM, DESCRIPTION, COMMENTS, EXECTYPE, CONTEXTS, LABELS, LIQUIBASE, DEPLOYMENT_ID) VALUES ('1511451595465-46', 'R3.Corda', 'migration/node-services.changelog-init.xml', NOW(), 63, '7:1a41a33c68c6f56be99cbfa9af7c2646', 'addPrimaryKey constraintName=node_transactions_pkey, tableName=node_transactions', '', 'EXECUTED', NULL, NULL, '3.5.4', '1046221206')
17:43:41.763 [Test worker] DEBUG liquibase - master.changelog.json: migration/node-services.changelog-init.xml::1511451595465-61::R3.Corda: Running Changeset:migration/node-services.changelog-init.xml::1511451595465-61::R3.Corda
17:43:41.763 [Test worker] DEBUG liquibase - master.changelog.json: migration/node-services.changelog-init.xml::1511451595465-61::R3.Corda: Changeset migration/node-services.changelog-init.xml::1511451595465-61::R3.Corda
17:43:41.763 [Test worker] DEBUG liquibase - master.changelog.json: migration/node-services.changelog-init.xml::1511451595465-61::R3.Corda: Reading ChangeSet: migration/node-services.changelog-init.xml::1511451595465-61::R3.Corda
17:43:41.764 [Test worker] DEBUG liquibase - master.changelog.json: migration/node-services.changelog-init.xml::1511451595465-61::R3.Corda: Executing Statement: liquibase.statement.core.AddForeignKeyConstraintStatement@3d94e9c2
17:43:41.764 [Test worker] DEBUG liquibase - master.changelog.json: migration/node-services.changelog-init.xml::1511451595465-61::R3.Corda: Executing EXECUTE database command: ALTER TABLE PUBLIC.node_link_nodeinfo_party ADD CONSTRAINT FK__link_ni_p__info_p_cert FOREIGN KEY (party_name) REFERENCES PUBLIC.node_info_party_cert (party_name)
17:43:41.765 [Test worker] INFO liquibase - master.changelog.json: migration/node-services.changelog-init.xml::1511451595465-61::R3.Corda: Foreign key constraint added to node_link_nodeinfo_party (party_name)
17:43:41.765 [Test worker] INFO liquibase - master.changelog.json: migration/node-services.changelog-init.xml::1511451595465-61::R3.Corda: ChangeSet migration/node-services.changelog-init.xml::1511451595465-61::R3.Corda ran successfully in 2ms
17:43:41.770 [Test worker] DEBUG liquibase - master.changelog.json: migration/node-services.changelog-init.xml::1511451595465-61::R3.Corda: Executing EXECUTE database command: INSERT INTO PUBLIC.DATABASECHANGELOG (ID, AUTHOR, FILENAME, DATEEXECUTED, ORDEREXECUTED, MD5SUM, DESCRIPTION, COMMENTS, EXECTYPE, CONTEXTS, LABELS, LIQUIBASE, DEPLOYMENT_ID) VALUES ('1511451595465-61', 'R3.Corda', 'migration/node-services.changelog-init.xml', NOW(), 64, '7:f753db641a982caad48d7169dafbc854', 'addForeignKeyConstraint baseTableName=node_link_nodeinfo_party, constraintName=FK__link_ni_p__info_p_cert, referencedTableName=node_info_party_cert', '', 'EXECUTED', NULL, NULL, '3.5.4', '1046221206')
17:43:41.773 [Test worker] DEBUG liquibase - master.changelog.json: migration/node-services.changelog-init.xml::add index att_id::R3.Corda: Running Changeset:migration/node-services.changelog-init.xml::add index att_id::R3.Corda
17:43:41.773 [Test worker] DEBUG liquibase - master.changelog.json: migration/node-services.changelog-init.xml::add index att_id::R3.Corda: Changeset migration/node-services.changelog-init.xml::add index att_id::R3.Corda
17:43:41.773 [Test worker] DEBUG liquibase - master.changelog.json: migration/node-services.changelog-init.xml::add index att_id::R3.Corda: Reading ChangeSet: migration/node-services.changelog-init.xml::add index att_id::R3.Corda
17:43:41.773 [Test worker] DEBUG liquibase - master.changelog.json: migration/node-services.changelog-init.xml::add index att_id::R3.Corda: Executing Statement: liquibase.statement.core.CreateIndexStatement@6a8718ac
17:43:41.774 [Test worker] DEBUG liquibase - master.changelog.json: migration/node-services.changelog-init.xml::add index att_id::R3.Corda: Executing EXECUTE database command: CREATE INDEX PUBLIC.att_id_idx ON PUBLIC.node_attachments(att_id)
17:43:41.774 [Test worker] INFO liquibase - master.changelog.json: migration/node-services.changelog-init.xml::add index att_id::R3.Corda: Index att_id_idx created
17:43:41.774 [Test worker] INFO liquibase - master.changelog.json: migration/node-services.changelog-init.xml::add index att_id::R3.Corda: ChangeSet migration/node-services.changelog-init.xml::add index att_id::R3.Corda ran successfully in 1ms
17:43:41.775 [Test worker] DEBUG liquibase - master.changelog.json: migration/node-services.changelog-init.xml::add index att_id::R3.Corda: Executing EXECUTE database command: INSERT INTO PUBLIC.DATABASECHANGELOG (ID, AUTHOR, FILENAME, DATEEXECUTED, ORDEREXECUTED, MD5SUM, DESCRIPTION, COMMENTS, EXECTYPE, CONTEXTS, LABELS, LIQUIBASE, DEPLOYMENT_ID) VALUES ('add index att_id', 'R3.Corda', 'migration/node-services.changelog-init.xml', NOW(), 65, '7:302188110e9124abd4ef58020255fbb0', 'createIndex indexName=att_id_idx, tableName=node_attachments', '', 'EXECUTED', NULL, NULL, '3.5.4', '1046221206')
17:43:41.779 [Test worker] DEBUG liquibase - master.changelog.json: migration/node-services.changelog-init.xml::add_contract_attachment::R3.Corda: Running Changeset:migration/node-services.changelog-init.xml::add_contract_attachment::R3.Corda
17:43:41.779 [Test worker] DEBUG liquibase - master.changelog.json: migration/node-services.changelog-init.xml::add_contract_attachment::R3.Corda: Changeset migration/node-services.changelog-init.xml::add_contract_attachment::R3.Corda
17:43:41.779 [Test worker] DEBUG liquibase - master.changelog.json: migration/node-services.changelog-init.xml::add_contract_attachment::R3.Corda: Reading ChangeSet: migration/node-services.changelog-init.xml::add_contract_attachment::R3.Corda
17:43:41.779 [Test worker] DEBUG liquibase - master.changelog.json: migration/node-services.changelog-init.xml::add_contract_attachment::R3.Corda: Executing Statement: liquibase.statement.core.CreateTableStatement@72995e7a
17:43:41.780 [Test worker] DEBUG liquibase - master.changelog.json: migration/node-services.changelog-init.xml::add_contract_attachment::R3.Corda: Executing EXECUTE database command: CREATE TABLE PUBLIC.node_attchments_contracts (att_id NVARCHAR(255) NOT NULL, contract_class_name NVARCHAR(255))
17:43:41.781 [Test worker] INFO liquibase - master.changelog.json: migration/node-services.changelog-init.xml::add_contract_attachment::R3.Corda: Table node_attchments_contracts created
17:43:41.781 [Test worker] DEBUG liquibase - master.changelog.json: migration/node-services.changelog-init.xml::add_contract_attachment::R3.Corda: Executing Statement: liquibase.statement.core.AddForeignKeyConstraintStatement@629c6f94
17:43:41.782 [Test worker] DEBUG liquibase - master.changelog.json: migration/node-services.changelog-init.xml::add_contract_attachment::R3.Corda: Executing EXECUTE database command: ALTER TABLE PUBLIC.node_attchments_contracts ADD CONSTRAINT FK__ctr_class__attachments FOREIGN KEY (att_id) REFERENCES PUBLIC.node_attachments (att_id)
17:43:41.784 [Test worker] INFO liquibase - master.changelog.json: migration/node-services.changelog-init.xml::add_contract_attachment::R3.Corda: Foreign key constraint added to node_attchments_contracts (att_id)
17:43:41.785 [Test worker] DEBUG liquibase - master.changelog.json: migration/node-services.changelog-init.xml::add_contract_attachment::R3.Corda: Executing Statement: liquibase.statement.core.DeleteStatement@4f9d947d
17:43:41.785 [Test worker] DEBUG liquibase - master.changelog.json: migration/node-services.changelog-init.xml::add_contract_attachment::R3.Corda: Executing EXECUTE database command: DELETE FROM PUBLIC.node_attachments
17:43:41.785 [Test worker] INFO liquibase - master.changelog.json: migration/node-services.changelog-init.xml::add_contract_attachment::R3.Corda: Data deleted from node_attachments
17:43:41.785 [Test worker] INFO liquibase - master.changelog.json: migration/node-services.changelog-init.xml::add_contract_attachment::R3.Corda: ChangeSet migration/node-services.changelog-init.xml::add_contract_attachment::R3.Corda ran successfully in 6ms
17:43:41.789 [Test worker] DEBUG liquibase - master.changelog.json: migration/node-services.changelog-init.xml::add_contract_attachment::R3.Corda: Executing EXECUTE database command: INSERT INTO PUBLIC.DATABASECHANGELOG (ID, AUTHOR, FILENAME, DATEEXECUTED, ORDEREXECUTED, MD5SUM, DESCRIPTION, COMMENTS, EXECTYPE, CONTEXTS, LABELS, LIQUIBASE, DEPLOYMENT_ID) VALUES ('add_contract_attachment', 'R3.Corda', 'migration/node-services.changelog-init.xml', NOW(), 66, '7:2cfbc6a84cfcd7b8ce011b58aa70f584', 'createTable tableName=node_attchments_contracts; addForeignKeyConstraint baseTableName=node_attchments_contracts, constraintName=FK__ctr_class__attachments, referencedTableName=node_attachments; delete tableName=node_attachments', '', 'EXECUTED', NULL, NULL, '3.5.4', '1046221206')
17:43:41.791 [Test worker] DEBUG liquibase - master.changelog.json: migration/node-services.changelog-init.xml::add_dedup_columns::R3.Corda: Running Changeset:migration/node-services.changelog-init.xml::add_dedup_columns::R3.Corda
17:43:41.791 [Test worker] DEBUG liquibase - master.changelog.json: migration/node-services.changelog-init.xml::add_dedup_columns::R3.Corda: Changeset migration/node-services.changelog-init.xml::add_dedup_columns::R3.Corda
17:43:41.791 [Test worker] DEBUG liquibase - master.changelog.json: migration/node-services.changelog-init.xml::add_dedup_columns::R3.Corda: Reading ChangeSet: migration/node-services.changelog-init.xml::add_dedup_columns::R3.Corda
17:43:41.791 [Test worker] DEBUG liquibase - master.changelog.json: migration/node-services.changelog-init.xml::add_dedup_columns::R3.Corda: Executing Statement: liquibase.statement.core.AddColumnStatement@7b9edb57
17:43:41.792 [Test worker] DEBUG liquibase - master.changelog.json: migration/node-services.changelog-init.xml::add_dedup_columns::R3.Corda: Executing EXECUTE database command: ALTER TABLE PUBLIC.node_message_ids ADD sender NVARCHAR(64)
17:43:41.813 [Test worker] DEBUG liquibase - master.changelog.json: migration/node-services.changelog-init.xml::add_dedup_columns::R3.Corda: Executing EXECUTE database command: ALTER TABLE PUBLIC.node_message_ids ADD sequence_number BIGINT
17:43:41.813 [Test worker] INFO liquibase - master.changelog.json: migration/node-services.changelog-init.xml::add_dedup_columns::R3.Corda: Columns sender(NVARCHAR(64)),sequence_number(BIGINT) added to node_message_ids
17:43:41.813 [Test worker] INFO liquibase - master.changelog.json: migration/node-services.changelog-init.xml::add_dedup_columns::R3.Corda: ChangeSet migration/node-services.changelog-init.xml::add_dedup_columns::R3.Corda ran successfully in 22ms
17:43:41.813 [Test worker] DEBUG liquibase - master.changelog.json: migration/node-services.changelog-init.xml::add_dedup_columns::R3.Corda: Executing EXECUTE database command: INSERT INTO PUBLIC.DATABASECHANGELOG (ID, AUTHOR, FILENAME, DATEEXECUTED, ORDEREXECUTED, MD5SUM, DESCRIPTION, COMMENTS, EXECTYPE, CONTEXTS, LABELS, LIQUIBASE, DEPLOYMENT_ID) VALUES ('add_dedup_columns', 'R3.Corda', 'migration/node-services.changelog-init.xml', NOW(), 67, '7:376ede2552aa97e8abf9d9a808c16692', 'addColumn tableName=node_message_ids', '', 'EXECUTED', NULL, NULL, '3.5.4', '1046221206')
17:43:41.813 [Test worker] DEBUG liquibase - master.changelog.json: migration/node-core.changelog-v4.xml::attchments_rename::R3.Corda: Running Changeset:migration/node-core.changelog-v4.xml::attchments_rename::R3.Corda
17:43:41.813 [Test worker] DEBUG liquibase - master.changelog.json: migration/node-core.changelog-v4.xml::attchments_rename::R3.Corda: Changeset migration/node-core.changelog-v4.xml::attchments_rename::R3.Corda
17:43:41.813 [Test worker] DEBUG liquibase - master.changelog.json: migration/node-core.changelog-v4.xml::attchments_rename::R3.Corda: Reading ChangeSet: migration/node-core.changelog-v4.xml::attchments_rename::R3.Corda
17:43:41.813 [Test worker] DEBUG liquibase - master.changelog.json: migration/node-core.changelog-v4.xml::attchments_rename::R3.Corda: Executing Statement: liquibase.statement.core.RenameTableStatement@13ddd1da
17:43:41.813 [Test worker] DEBUG liquibase - master.changelog.json: migration/node-core.changelog-v4.xml::attchments_rename::R3.Corda: Executing EXECUTE database command: ALTER TABLE PUBLIC.node_attchments_contracts RENAME TO node_attachments_contracts
17:43:41.813 [Test worker] INFO liquibase - master.changelog.json: migration/node-core.changelog-v4.xml::attchments_rename::R3.Corda: Table node_attchments_contracts renamed to node_attachments_contracts
17:43:41.813 [Test worker] INFO liquibase - master.changelog.json: migration/node-core.changelog-v4.xml::attchments_rename::R3.Corda: ChangeSet migration/node-core.changelog-v4.xml::attchments_rename::R3.Corda ran successfully in 0ms
17:43:41.828 [Test worker] DEBUG liquibase - master.changelog.json: migration/node-core.changelog-v4.xml::attchments_rename::R3.Corda: Executing EXECUTE database command: INSERT INTO PUBLIC.DATABASECHANGELOG (ID, AUTHOR, FILENAME, DATEEXECUTED, ORDEREXECUTED, MD5SUM, DESCRIPTION, COMMENTS, EXECTYPE, CONTEXTS, LABELS, LIQUIBASE, DEPLOYMENT_ID) VALUES ('attchments_rename', 'R3.Corda', 'migration/node-core.changelog-v4.xml', NOW(), 68, '7:9c9553fbc45dfa0ec2117a113b1bfb13', 'renameTable newTableName=node_attachments_contracts, oldTableName=node_attchments_contracts', '', 'EXECUTED', NULL, NULL, '3.5.4', '1046221206')
17:43:41.828 [Test worker] DEBUG liquibase - master.changelog.json: migration/node-core.changelog-v4.xml::nullability::R3.Corda: Running Changeset:migration/node-core.changelog-v4.xml::nullability::R3.Corda
17:43:41.828 [Test worker] DEBUG liquibase - master.changelog.json: migration/node-core.changelog-v4.xml::nullability::R3.Corda: Changeset migration/node-core.changelog-v4.xml::nullability::R3.Corda
17:43:41.828 [Test worker] DEBUG liquibase - master.changelog.json: migration/node-core.changelog-v4.xml::nullability::R3.Corda: Reading ChangeSet: migration/node-core.changelog-v4.xml::nullability::R3.Corda
17:43:41.828 [Test worker] DEBUG liquibase - master.changelog.json: migration/node-core.changelog-v4.xml::nullability::R3.Corda: Executing Statement: liquibase.statement.core.SetNullableStatement@55780375
17:43:41.828 [Test worker] DEBUG liquibase - master.changelog.json: migration/node-core.changelog-v4.xml::nullability::R3.Corda: Executing EXECUTE database command: ALTER TABLE PUBLIC.node_identities ALTER COLUMN identity_value SET NOT NULL
17:43:41.828 [Test worker] INFO liquibase - master.changelog.json: migration/node-core.changelog-v4.xml::nullability::R3.Corda: Null constraint has been added to node_identities.identity_value
17:43:41.828 [Test worker] DEBUG liquibase - master.changelog.json: migration/node-core.changelog-v4.xml::nullability::R3.Corda: Executing Statement: liquibase.statement.core.SetNullableStatement@7f04cd2c
17:43:41.828 [Test worker] DEBUG liquibase - master.changelog.json: migration/node-core.changelog-v4.xml::nullability::R3.Corda: Executing EXECUTE database command: ALTER TABLE PUBLIC.node_attachments ALTER COLUMN content SET NOT NULL
17:43:41.828 [Test worker] INFO liquibase - master.changelog.json: migration/node-core.changelog-v4.xml::nullability::R3.Corda: Null constraint has been added to node_attachments.content
17:43:41.828 [Test worker] DEBUG liquibase - master.changelog.json: migration/node-core.changelog-v4.xml::nullability::R3.Corda: Executing Statement: liquibase.statement.core.SetNullableStatement@b8b6601
17:43:41.828 [Test worker] DEBUG liquibase - master.changelog.json: migration/node-core.changelog-v4.xml::nullability::R3.Corda: Executing EXECUTE database command: ALTER TABLE PUBLIC.node_attachments_contracts ALTER COLUMN contract_class_name SET NOT NULL
17:43:41.828 [Test worker] INFO liquibase - master.changelog.json: migration/node-core.changelog-v4.xml::nullability::R3.Corda: Null constraint has been added to node_attachments_contracts.contract_class_name
17:43:41.828 [Test worker] DEBUG liquibase - master.changelog.json: migration/node-core.changelog-v4.xml::nullability::R3.Corda: Executing Statement: liquibase.statement.core.SetNullableStatement@1c204628
17:43:41.828 [Test worker] DEBUG liquibase - master.changelog.json: migration/node-core.changelog-v4.xml::nullability::R3.Corda: Executing EXECUTE database command: ALTER TABLE PUBLIC.node_checkpoints ALTER COLUMN checkpoint_value SET NOT NULL
17:43:41.828 [Test worker] INFO liquibase - master.changelog.json: migration/node-core.changelog-v4.xml::nullability::R3.Corda: Null constraint has been added to node_checkpoints.checkpoint_value
17:43:41.828 [Test worker] DEBUG liquibase - master.changelog.json: migration/node-core.changelog-v4.xml::nullability::R3.Corda: Executing Statement: liquibase.statement.core.SetNullableStatement@3f2d3516
17:43:41.828 [Test worker] DEBUG liquibase - master.changelog.json: migration/node-core.changelog-v4.xml::nullability::R3.Corda: Executing EXECUTE database command: ALTER TABLE PUBLIC.node_contract_upgrades ALTER COLUMN contract_class_name SET NOT NULL
17:43:41.828 [Test worker] INFO liquibase - master.changelog.json: migration/node-core.changelog-v4.xml::nullability::R3.Corda: Null constraint has been added to node_contract_upgrades.contract_class_name
17:43:41.828 [Test worker] DEBUG liquibase - master.changelog.json: migration/node-core.changelog-v4.xml::nullability::R3.Corda: Executing Statement: liquibase.statement.core.SetNullableStatement@40270cc5
17:43:41.828 [Test worker] DEBUG liquibase - master.changelog.json: migration/node-core.changelog-v4.xml::nullability::R3.Corda: Executing EXECUTE database command: ALTER TABLE PUBLIC.node_message_ids ALTER COLUMN insertion_time SET NOT NULL
17:43:41.828 [Test worker] INFO liquibase - master.changelog.json: migration/node-core.changelog-v4.xml::nullability::R3.Corda: Null constraint has been added to node_message_ids.insertion_time
17:43:41.828 [Test worker] DEBUG liquibase - master.changelog.json: migration/node-core.changelog-v4.xml::nullability::R3.Corda: Executing Statement: liquibase.statement.core.SetNullableStatement@4e86c83c
17:43:41.828 [Test worker] DEBUG liquibase - master.changelog.json: migration/node-core.changelog-v4.xml::nullability::R3.Corda: Executing EXECUTE database command: ALTER TABLE PUBLIC.node_message_retry ALTER COLUMN message SET NOT NULL
17:43:41.828 [Test worker] INFO liquibase - master.changelog.json: migration/node-core.changelog-v4.xml::nullability::R3.Corda: Null constraint has been added to node_message_retry.message
17:43:41.828 [Test worker] DEBUG liquibase - master.changelog.json: migration/node-core.changelog-v4.xml::nullability::R3.Corda: Executing Statement: liquibase.statement.core.SetNullableStatement@2888e7d5
17:43:41.828 [Test worker] DEBUG liquibase - master.changelog.json: migration/node-core.changelog-v4.xml::nullability::R3.Corda: Executing EXECUTE database command: ALTER TABLE PUBLIC.node_message_retry ALTER COLUMN recipients SET NOT NULL
17:43:41.828 [Test worker] INFO liquibase - master.changelog.json: migration/node-core.changelog-v4.xml::nullability::R3.Corda: Null constraint has been added to node_message_retry.recipients
17:43:41.828 [Test worker] DEBUG liquibase - master.changelog.json: migration/node-core.changelog-v4.xml::nullability::R3.Corda: Executing Statement: liquibase.statement.core.SetNullableStatement@660975c0
17:43:41.828 [Test worker] DEBUG liquibase - master.changelog.json: migration/node-core.changelog-v4.xml::nullability::R3.Corda: Executing EXECUTE database command: ALTER TABLE PUBLIC.node_named_identities ALTER COLUMN pk_hash SET NOT NULL
17:43:41.828 [Test worker] INFO liquibase - master.changelog.json: migration/node-core.changelog-v4.xml::nullability::R3.Corda: Null constraint has been added to node_named_identities.pk_hash
17:43:41.828 [Test worker] DEBUG liquibase - master.changelog.json: migration/node-core.changelog-v4.xml::nullability::R3.Corda: Executing Statement: liquibase.statement.core.SetNullableStatement@557c7f75
17:43:41.828 [Test worker] DEBUG liquibase - master.changelog.json: migration/node-core.changelog-v4.xml::nullability::R3.Corda: Executing EXECUTE database command: ALTER TABLE PUBLIC.node_our_key_pairs ALTER COLUMN private_key SET NOT NULL
17:43:41.828 [Test worker] INFO liquibase - master.changelog.json: migration/node-core.changelog-v4.xml::nullability::R3.Corda: Null constraint has been added to node_our_key_pairs.private_key
17:43:41.828 [Test worker] DEBUG liquibase - master.changelog.json: migration/node-core.changelog-v4.xml::nullability::R3.Corda: Executing Statement: liquibase.statement.core.SetNullableStatement@52a2cf01
17:43:41.828 [Test worker] DEBUG liquibase - master.changelog.json: migration/node-core.changelog-v4.xml::nullability::R3.Corda: Executing EXECUTE database command: ALTER TABLE PUBLIC.node_our_key_pairs ALTER COLUMN public_key SET NOT NULL
17:43:41.828 [Test worker] INFO liquibase - master.changelog.json: migration/node-core.changelog-v4.xml::nullability::R3.Corda: Null constraint has been added to node_our_key_pairs.public_key
17:43:41.828 [Test worker] DEBUG liquibase - master.changelog.json: migration/node-core.changelog-v4.xml::nullability::R3.Corda: Executing Statement: liquibase.statement.core.SetNullableStatement@72adec06
17:43:41.828 [Test worker] DEBUG liquibase - master.changelog.json: migration/node-core.changelog-v4.xml::nullability::R3.Corda: Executing EXECUTE database command: ALTER TABLE PUBLIC.node_transaction_mappings ALTER COLUMN state_machine_run_id SET NOT NULL
17:43:41.828 [Test worker] INFO liquibase - master.changelog.json: migration/node-core.changelog-v4.xml::nullability::R3.Corda: Null constraint has been added to node_transaction_mappings.state_machine_run_id
17:43:41.828 [Test worker] DEBUG liquibase - master.changelog.json: migration/node-core.changelog-v4.xml::nullability::R3.Corda: Executing Statement: liquibase.statement.core.SetNullableStatement@9b6d67b
17:43:41.844 [Test worker] DEBUG liquibase - master.changelog.json: migration/node-core.changelog-v4.xml::nullability::R3.Corda: Executing EXECUTE database command: ALTER TABLE PUBLIC.node_transactions ALTER COLUMN transaction_value SET NOT NULL
17:43:41.844 [Test worker] INFO liquibase - master.changelog.json: migration/node-core.changelog-v4.xml::nullability::R3.Corda: Null constraint has been added to node_transactions.transaction_value
17:43:41.844 [Test worker] INFO liquibase - master.changelog.json: migration/node-core.changelog-v4.xml::nullability::R3.Corda: ChangeSet migration/node-core.changelog-v4.xml::nullability::R3.Corda ran successfully in 16ms
17:43:41.844 [Test worker] DEBUG liquibase - master.changelog.json: migration/node-core.changelog-v4.xml::nullability::R3.Corda: Executing EXECUTE database command: INSERT INTO PUBLIC.DATABASECHANGELOG (ID, AUTHOR, FILENAME, DATEEXECUTED, ORDEREXECUTED, MD5SUM, DESCRIPTION, COMMENTS, EXECTYPE, CONTEXTS, LABELS, LIQUIBASE, DEPLOYMENT_ID) VALUES ('nullability', 'R3.Corda', 'migration/node-core.changelog-v4.xml', NOW(), 69, '7:73b3f89cdd2a42efebeb125648c28191', 'addNotNullConstraint columnName=identity_value, tableName=node_identities; addNotNullConstraint columnName=content, tableName=node_attachments; addNotNullConstraint columnName=contract_class_name, tableName=node_attachments_contracts; addNotNullCo...', '', 'EXECUTED', NULL, NULL, '3.5.4', '1046221206')
17:43:41.844 [Test worker] DEBUG liquibase - master.changelog.json: migration/node-core.changelog-v5.xml::remove_unused_node_message_retry::R3.Corda: Running Changeset:migration/node-core.changelog-v5.xml::remove_unused_node_message_retry::R3.Corda
17:43:41.844 [Test worker] DEBUG liquibase - master.changelog.json: migration/node-core.changelog-v5.xml::remove_unused_node_message_retry::R3.Corda: Changeset migration/node-core.changelog-v5.xml::remove_unused_node_message_retry::R3.Corda
17:43:41.844 [Test worker] DEBUG liquibase - master.changelog.json: migration/node-core.changelog-v5.xml::remove_unused_node_message_retry::R3.Corda: Reading ChangeSet: migration/node-core.changelog-v5.xml::remove_unused_node_message_retry::R3.Corda
17:43:41.844 [Test worker] DEBUG liquibase - master.changelog.json: migration/node-core.changelog-v5.xml::remove_unused_node_message_retry::R3.Corda: Executing Statement: liquibase.statement.core.DropTableStatement@25026500
17:43:41.844 [Test worker] DEBUG liquibase - master.changelog.json: migration/node-core.changelog-v5.xml::remove_unused_node_message_retry::R3.Corda: Executing EXECUTE database command: DROP TABLE PUBLIC.node_message_retry
17:43:41.844 [Test worker] INFO liquibase - master.changelog.json: migration/node-core.changelog-v5.xml::remove_unused_node_message_retry::R3.Corda: Table node_message_retry dropped
17:43:41.844 [Test worker] INFO liquibase - master.changelog.json: migration/node-core.changelog-v5.xml::remove_unused_node_message_retry::R3.Corda: ChangeSet migration/node-core.changelog-v5.xml::remove_unused_node_message_retry::R3.Corda ran successfully in 0ms
17:43:41.844 [Test worker] DEBUG liquibase - master.changelog.json: migration/node-core.changelog-v5.xml::remove_unused_node_message_retry::R3.Corda: Executing EXECUTE database command: INSERT INTO PUBLIC.DATABASECHANGELOG (ID, AUTHOR, FILENAME, DATEEXECUTED, ORDEREXECUTED, MD5SUM, DESCRIPTION, COMMENTS, EXECTYPE, CONTEXTS, LABELS, LIQUIBASE, DEPLOYMENT_ID) VALUES ('remove_unused_node_message_retry', 'R3.Corda', 'migration/node-core.changelog-v5.xml', NOW(), 70, '7:cd120ad46e3a88b0eeaa7ffdcf8a0861', 'dropTable tableName=node_message_retry', '', 'EXECUTED', NULL, NULL, '3.5.4', '1046221206')
17:43:41.844 [Test worker] DEBUG liquibase - master.changelog.json: migration/node-core.changelog-pkey.xml::non-clustered_pk-1::R3.Corda: Running Changeset:migration/node-core.changelog-pkey.xml::non-clustered_pk-1::R3.Corda
17:43:41.844 [Test worker] DEBUG liquibase - master.changelog.json: migration/node-core.changelog-pkey.xml::non-clustered_pk-1::R3.Corda: Executing EXECUTE database command: INSERT INTO PUBLIC.DATABASECHANGELOG (ID, AUTHOR, FILENAME, DATEEXECUTED, ORDEREXECUTED, MD5SUM, DESCRIPTION, COMMENTS, EXECTYPE, CONTEXTS, LABELS, LIQUIBASE, DEPLOYMENT_ID) VALUES ('non-clustered_pk-1', 'R3.Corda', 'migration/node-core.changelog-pkey.xml', NOW(), 71, '7:eb9d9d13536371a16c05f8a89051e6b0', 'dropPrimaryKey constraintName=node_checkpoints_pkey, tableName=node_checkpoints; addPrimaryKey constraintName=node_checkpoints_pkey, tableName=node_checkpoints', '', 'MARK_RAN', NULL, NULL, '3.5.4', '1046221206')
17:43:41.844 [Test worker] DEBUG liquibase - master.changelog.json: migration/node-core.changelog-pkey.xml::non-clustered_pk-2::R3.Corda: Running Changeset:migration/node-core.changelog-pkey.xml::non-clustered_pk-2::R3.Corda
17:43:41.844 [Test worker] DEBUG liquibase - master.changelog.json: migration/node-core.changelog-pkey.xml::non-clustered_pk-2::R3.Corda: Executing EXECUTE database command: INSERT INTO PUBLIC.DATABASECHANGELOG (ID, AUTHOR, FILENAME, DATEEXECUTED, ORDEREXECUTED, MD5SUM, DESCRIPTION, COMMENTS, EXECTYPE, CONTEXTS, LABELS, LIQUIBASE, DEPLOYMENT_ID) VALUES ('non-clustered_pk-2', 'R3.Corda', 'migration/node-core.changelog-pkey.xml', NOW(), 72, '7:d4192425f4f38b39f3b09611028e5c14', 'dropPrimaryKey constraintName=node_identities_pkey, tableName=node_identities; addPrimaryKey constraintName=node_identities_pkey, tableName=node_identities', '', 'MARK_RAN', NULL, NULL, '3.5.4', '1046221206')
17:43:41.844 [Test worker] DEBUG liquibase - master.changelog.json: migration/node-core.changelog-pkey.xml::non-clustered_pk-3::R3.Corda: Running Changeset:migration/node-core.changelog-pkey.xml::non-clustered_pk-3::R3.Corda
17:43:41.844 [Test worker] DEBUG liquibase - master.changelog.json: migration/node-core.changelog-pkey.xml::non-clustered_pk-3::R3.Corda: Executing EXECUTE database command: INSERT INTO PUBLIC.DATABASECHANGELOG (ID, AUTHOR, FILENAME, DATEEXECUTED, ORDEREXECUTED, MD5SUM, DESCRIPTION, COMMENTS, EXECTYPE, CONTEXTS, LABELS, LIQUIBASE, DEPLOYMENT_ID) VALUES ('non-clustered_pk-3', 'R3.Corda', 'migration/node-core.changelog-pkey.xml', NOW(), 73, '7:9773a095cc1db7ea3a66e7e5565bb58e', 'dropPrimaryKey constraintName=node_message_ids_pkey, tableName=node_message_ids; addPrimaryKey constraintName=node_message_ids_pkey, tableName=node_message_ids', '', 'MARK_RAN', NULL, NULL, '3.5.4', '1046221206')
17:43:41.844 [Test worker] DEBUG liquibase - master.changelog.json: migration/node-core.changelog-pkey.xml::non-clustered_pk-4::R3.Corda: Running Changeset:migration/node-core.changelog-pkey.xml::non-clustered_pk-4::R3.Corda
17:43:41.844 [Test worker] DEBUG liquibase - master.changelog.json: migration/node-core.changelog-pkey.xml::non-clustered_pk-4::R3.Corda: Executing EXECUTE database command: INSERT INTO PUBLIC.DATABASECHANGELOG (ID, AUTHOR, FILENAME, DATEEXECUTED, ORDEREXECUTED, MD5SUM, DESCRIPTION, COMMENTS, EXECTYPE, CONTEXTS, LABELS, LIQUIBASE, DEPLOYMENT_ID) VALUES ('non-clustered_pk-4', 'R3.Corda', 'migration/node-core.changelog-pkey.xml', NOW(), 74, '7:f1e21d4abffbb24133e752eb9cd6a162', 'dropPrimaryKey constraintName=node_named_identities_pkey, tableName=node_named_identities; addPrimaryKey constraintName=node_named_identities_pkey, tableName=node_named_identities', '', 'MARK_RAN', NULL, NULL, '3.5.4', '1046221206')
17:43:41.859 [Test worker] DEBUG liquibase - master.changelog.json: migration/node-core.changelog-pkey.xml::non-clustered_pk-5::R3.Corda: Running Changeset:migration/node-core.changelog-pkey.xml::non-clustered_pk-5::R3.Corda
17:43:41.859 [Test worker] DEBUG liquibase - master.changelog.json: migration/node-core.changelog-pkey.xml::non-clustered_pk-5::R3.Corda: Executing EXECUTE database command: INSERT INTO PUBLIC.DATABASECHANGELOG (ID, AUTHOR, FILENAME, DATEEXECUTED, ORDEREXECUTED, MD5SUM, DESCRIPTION, COMMENTS, EXECTYPE, CONTEXTS, LABELS, LIQUIBASE, DEPLOYMENT_ID) VALUES ('non-clustered_pk-5', 'R3.Corda', 'migration/node-core.changelog-pkey.xml', NOW(), 75, '7:4ea09df2dbab99be33f8251a40d1c5a6', 'dropPrimaryKey constraintName=node_our_key_pairs_pkey, tableName=node_our_key_pairs; addPrimaryKey constraintName=node_our_key_pairs_pkey, tableName=node_our_key_pairs', '', 'MARK_RAN', NULL, NULL, '3.5.4', '1046221206')
17:43:41.859 [Test worker] DEBUG liquibase - master.changelog.json: migration/node-core.changelog-pkey.xml::non-clustered_pk-6::R3.Corda: Running Changeset:migration/node-core.changelog-pkey.xml::non-clustered_pk-6::R3.Corda
17:43:41.859 [Test worker] DEBUG liquibase - master.changelog.json: migration/node-core.changelog-pkey.xml::non-clustered_pk-6::R3.Corda: Executing EXECUTE database command: INSERT INTO PUBLIC.DATABASECHANGELOG (ID, AUTHOR, FILENAME, DATEEXECUTED, ORDEREXECUTED, MD5SUM, DESCRIPTION, COMMENTS, EXECTYPE, CONTEXTS, LABELS, LIQUIBASE, DEPLOYMENT_ID) VALUES ('non-clustered_pk-6', 'R3.Corda', 'migration/node-core.changelog-pkey.xml', NOW(), 76, '7:cb349ad07d3039e6d7d2f184988b954f', 'dropPrimaryKey constraintName=node_transaction_mappings_pkey, tableName=node_transaction_mappings; addPrimaryKey constraintName=node_transaction_mappings_pkey, tableName=node_transaction_mappings', '', 'MARK_RAN', NULL, NULL, '3.5.4', '1046221206')
17:43:41.859 [Test worker] DEBUG liquibase - master.changelog.json: migration/node-core.changelog-pkey.xml::non-clustered_pk-7::R3.Corda: Running Changeset:migration/node-core.changelog-pkey.xml::non-clustered_pk-7::R3.Corda
17:43:41.859 [Test worker] DEBUG liquibase - master.changelog.json: migration/node-core.changelog-pkey.xml::non-clustered_pk-7::R3.Corda: Executing EXECUTE database command: INSERT INTO PUBLIC.DATABASECHANGELOG (ID, AUTHOR, FILENAME, DATEEXECUTED, ORDEREXECUTED, MD5SUM, DESCRIPTION, COMMENTS, EXECTYPE, CONTEXTS, LABELS, LIQUIBASE, DEPLOYMENT_ID) VALUES ('non-clustered_pk-7', 'R3.Corda', 'migration/node-core.changelog-pkey.xml', NOW(), 77, '7:97c3ef240152c18129859ea5ae999c9e', 'dropPrimaryKey constraintName=node_transactions_pkey, tableName=node_transactions; addPrimaryKey constraintName=node_transactions_pkey, tableName=node_transactions', '', 'MARK_RAN', NULL, NULL, '3.5.4', '1046221206')
17:43:41.885 [Test worker] DEBUG liquibase - master.changelog.json: migration/node-core.changelog-v8.xml::conditional_attchments_rename::R3.Corda: Running Changeset:migration/node-core.changelog-v8.xml::conditional_attchments_rename::R3.Corda
17:43:41.885 [Test worker] DEBUG liquibase - master.changelog.json: migration/node-core.changelog-v8.xml::conditional_attchments_rename::R3.Corda: Changeset migration/node-core.changelog-v8.xml::conditional_attchments_rename::R3.Corda
17:43:41.958 [Test worker] INFO liquibase - master.changelog.json: migration/node-core.changelog-v8.xml::conditional_attchments_rename::R3.Corda: Marking ChangeSet: migration/node-core.changelog-v8.xml::conditional_attchments_rename::R3.Corda ran despite precondition failure due to onFail='MARK_RAN': 
          master.changelog.json : Table PUBLIC.NODE_ATTCHMENTS_CONTRACTS does not exist

17:43:41.959 [Test worker] DEBUG liquibase - master.changelog.json: migration/node-core.changelog-v8.xml::conditional_attchments_rename::R3.Corda: Skipping ChangeSet: migration/node-core.changelog-v8.xml::conditional_attchments_rename::R3.Corda
17:43:41.962 [Test worker] DEBUG liquibase - master.changelog.json: migration/node-core.changelog-v8.xml::conditional_attchments_rename::R3.Corda: Executing EXECUTE database command: INSERT INTO PUBLIC.DATABASECHANGELOG (ID, AUTHOR, FILENAME, DATEEXECUTED, ORDEREXECUTED, MD5SUM, DESCRIPTION, COMMENTS, EXECTYPE, CONTEXTS, LABELS, LIQUIBASE, DEPLOYMENT_ID) VALUES ('conditional_attchments_rename', 'R3.Corda', 'migration/node-core.changelog-v8.xml', NOW(), 78, '7:c7fcf1b072eb8882179623895abd6a53', 'renameTable newTableName=NODE_ATTACHMENTS_CONTRACTS, oldTableName=NODE_ATTCHMENTS_CONTRACTS', '', 'MARK_RAN', NULL, NULL, '3.5.4', '1046221206')
17:43:41.963 [Test worker] DEBUG liquibase - master.changelog.json: migration/node-core.changelog-v8.xml::conditional_attchments_contracts::R3.Corda: Running Changeset:migration/node-core.changelog-v8.xml::conditional_attchments_contracts::R3.Corda
17:43:41.963 [Test worker] DEBUG liquibase - master.changelog.json: migration/node-core.changelog-v8.xml::conditional_attchments_contracts::R3.Corda: Changeset migration/node-core.changelog-v8.xml::conditional_attchments_contracts::R3.Corda
17:43:42.040 [Test worker] INFO liquibase - master.changelog.json: migration/node-core.changelog-v8.xml::conditional_attchments_contracts::R3.Corda: Marking ChangeSet: migration/node-core.changelog-v8.xml::conditional_attchments_contracts::R3.Corda ran despite precondition failure due to onFail='MARK_RAN': 
          master.changelog.json : Table PUBLIC.NODE_ATTACHMENTS_CONTRACT_CLASS_NAME does not exist

17:43:42.040 [Test worker] DEBUG liquibase - master.changelog.json: migration/node-core.changelog-v8.xml::conditional_attchments_contracts::R3.Corda: Skipping ChangeSet: migration/node-core.changelog-v8.xml::conditional_attchments_contracts::R3.Corda
17:43:42.042 [Test worker] DEBUG liquibase - master.changelog.json: migration/node-core.changelog-v8.xml::conditional_attchments_contracts::R3.Corda: Executing EXECUTE database command: INSERT INTO PUBLIC.DATABASECHANGELOG (ID, AUTHOR, FILENAME, DATEEXECUTED, ORDEREXECUTED, MD5SUM, DESCRIPTION, COMMENTS, EXECTYPE, CONTEXTS, LABELS, LIQUIBASE, DEPLOYMENT_ID) VALUES ('conditional_attchments_contracts', 'R3.Corda', 'migration/node-core.changelog-v8.xml', NOW(), 79, '7:9ec85543b6baac8a877ad21f063a5b13', 'renameTable newTableName=NODE_ATTACHMENTS_CONTRACTS, oldTableName=NODE_ATTACHMENTS_CONTRACT_CLASS_NAME', '', 'MARK_RAN', NULL, NULL, '3.5.4', '1046221206')
17:43:42.043 [Test worker] DEBUG liquibase - master.changelog.json: migration/node-core.changelog-v8.xml::add_signers::R3.Corda: Running Changeset:migration/node-core.changelog-v8.xml::add_signers::R3.Corda
17:43:42.043 [Test worker] DEBUG liquibase - master.changelog.json: migration/node-core.changelog-v8.xml::add_signers::R3.Corda: Changeset migration/node-core.changelog-v8.xml::add_signers::R3.Corda
17:43:42.043 [Test worker] DEBUG liquibase - master.changelog.json: migration/node-core.changelog-v8.xml::add_signers::R3.Corda: Reading ChangeSet: migration/node-core.changelog-v8.xml::add_signers::R3.Corda
17:43:42.043 [Test worker] DEBUG liquibase - master.changelog.json: migration/node-core.changelog-v8.xml::add_signers::R3.Corda: Executing Statement: liquibase.statement.core.CreateTableStatement@50de73f
17:43:42.043 [Test worker] DEBUG liquibase - master.changelog.json: migration/node-core.changelog-v8.xml::add_signers::R3.Corda: Executing EXECUTE database command: CREATE TABLE PUBLIC.node_attachments_signers (att_id NVARCHAR(255) NOT NULL, signer NVARCHAR(1024))
17:43:42.044 [Test worker] INFO liquibase - master.changelog.json: migration/node-core.changelog-v8.xml::add_signers::R3.Corda: Table node_attachments_signers created
17:43:42.044 [Test worker] DEBUG liquibase - master.changelog.json: migration/node-core.changelog-v8.xml::add_signers::R3.Corda: Executing Statement: liquibase.statement.core.AddForeignKeyConstraintStatement@378d8ebe
17:43:42.044 [Test worker] DEBUG liquibase - master.changelog.json: migration/node-core.changelog-v8.xml::add_signers::R3.Corda: Executing EXECUTE database command: ALTER TABLE PUBLIC.node_attachments_signers ADD CONSTRAINT FK__signers__attachments FOREIGN KEY (att_id) REFERENCES PUBLIC.node_attachments (att_id)
17:43:42.045 [Test worker] INFO liquibase - master.changelog.json: migration/node-core.changelog-v8.xml::add_signers::R3.Corda: Foreign key constraint added to node_attachments_signers (att_id)
17:43:42.045 [Test worker] INFO liquibase - master.changelog.json: migration/node-core.changelog-v8.xml::add_signers::R3.Corda: ChangeSet migration/node-core.changelog-v8.xml::add_signers::R3.Corda ran successfully in 2ms
17:43:42.046 [Test worker] DEBUG liquibase - master.changelog.json: migration/node-core.changelog-v8.xml::add_signers::R3.Corda: Executing EXECUTE database command: INSERT INTO PUBLIC.DATABASECHANGELOG (ID, AUTHOR, FILENAME, DATEEXECUTED, ORDEREXECUTED, MD5SUM, DESCRIPTION, COMMENTS, EXECTYPE, CONTEXTS, LABELS, LIQUIBASE, DEPLOYMENT_ID) VALUES ('add_signers', 'R3.Corda', 'migration/node-core.changelog-v8.xml', NOW(), 80, '7:d1356cd65d19937b81284ea078998d84', 'createTable tableName=node_attachments_signers; addForeignKeyConstraint baseTableName=node_attachments_signers, constraintName=FK__signers__attachments, referencedTableName=node_attachments', '', 'EXECUTED', NULL, NULL, '3.5.4', '1046221206')
17:43:42.047 [Test worker] DEBUG liquibase - master.changelog.json: migration/node-core.changelog-tx-mapping.xml::add_tx_mapping_column::R3.Corda: Running Changeset:migration/node-core.changelog-tx-mapping.xml::add_tx_mapping_column::R3.Corda
17:43:42.047 [Test worker] DEBUG liquibase - master.changelog.json: migration/node-core.changelog-tx-mapping.xml::add_tx_mapping_column::R3.Corda: Changeset migration/node-core.changelog-tx-mapping.xml::add_tx_mapping_column::R3.Corda
17:43:42.047 [Test worker] DEBUG liquibase - master.changelog.json: migration/node-core.changelog-tx-mapping.xml::add_tx_mapping_column::R3.Corda: Reading ChangeSet: migration/node-core.changelog-tx-mapping.xml::add_tx_mapping_column::R3.Corda
17:43:42.047 [Test worker] DEBUG liquibase - master.changelog.json: migration/node-core.changelog-tx-mapping.xml::add_tx_mapping_column::R3.Corda: Executing Statement: liquibase.statement.core.AddColumnStatement@5f98a848
17:43:42.052 [Test worker] DEBUG liquibase - master.changelog.json: migration/node-core.changelog-tx-mapping.xml::add_tx_mapping_column::R3.Corda: Executing EXECUTE database command: ALTER TABLE PUBLIC.node_transactions ADD state_machine_run_id NVARCHAR(36)
17:43:42.056 [Test worker] INFO liquibase - master.changelog.json: migration/node-core.changelog-tx-mapping.xml::add_tx_mapping_column::R3.Corda: Columns state_machine_run_id(NVARCHAR(36)) added to node_transactions
17:43:42.056 [Test worker] DEBUG liquibase - master.changelog.json: migration/node-core.changelog-tx-mapping.xml::add_tx_mapping_column::R3.Corda: Executing Statement: update node_transactions set state_machine_run_id=(select state_machine_run_id from
            node_transaction_mappings where node_transactions.tx_id = node_transaction_mappings.tx_id)
17:43:42.056 [Test worker] DEBUG liquibase - master.changelog.json: migration/node-core.changelog-tx-mapping.xml::add_tx_mapping_column::R3.Corda: Executing EXECUTE database command: update node_transactions set state_machine_run_id=(select state_machine_run_id from
            node_transaction_mappings where node_transactions.tx_id = node_transaction_mappings.tx_id)
17:43:42.056 [Test worker] INFO liquibase - master.changelog.json: migration/node-core.changelog-tx-mapping.xml::add_tx_mapping_column::R3.Corda: Custom SQL executed
17:43:42.056 [Test worker] DEBUG liquibase - master.changelog.json: migration/node-core.changelog-tx-mapping.xml::add_tx_mapping_column::R3.Corda: Executing Statement: liquibase.statement.core.DropTableStatement@7adddce2
17:43:42.056 [Test worker] DEBUG liquibase - master.changelog.json: migration/node-core.changelog-tx-mapping.xml::add_tx_mapping_column::R3.Corda: Executing EXECUTE database command: DROP TABLE PUBLIC.node_transaction_mappings
17:43:42.056 [Test worker] INFO liquibase - master.changelog.json: migration/node-core.changelog-tx-mapping.xml::add_tx_mapping_column::R3.Corda: Table node_transaction_mappings dropped
17:43:42.056 [Test worker] INFO liquibase - master.changelog.json: migration/node-core.changelog-tx-mapping.xml::add_tx_mapping_column::R3.Corda: ChangeSet migration/node-core.changelog-tx-mapping.xml::add_tx_mapping_column::R3.Corda ran successfully in 9ms
17:43:42.056 [Test worker] DEBUG liquibase - master.changelog.json: migration/node-core.changelog-tx-mapping.xml::add_tx_mapping_column::R3.Corda: Executing EXECUTE database command: INSERT INTO PUBLIC.DATABASECHANGELOG (ID, AUTHOR, FILENAME, DATEEXECUTED, ORDEREXECUTED, MD5SUM, DESCRIPTION, COMMENTS, EXECTYPE, CONTEXTS, LABELS, LIQUIBASE, DEPLOYMENT_ID) VALUES ('add_tx_mapping_column', 'R3.Corda', 'migration/node-core.changelog-tx-mapping.xml', NOW(), 81, '7:a0995593179aec45250c383611edd1e2', 'addColumn tableName=node_transactions; sql; dropTable tableName=node_transaction_mappings', '', 'EXECUTED', NULL, NULL, '3.5.4', '1046221206')
17:43:42.072 [Test worker] DEBUG liquibase - master.changelog.json: migration/node-services.changelog-init.xml::add_network_parameters_storage::R3.Corda: Running Changeset:migration/node-services.changelog-init.xml::add_network_parameters_storage::R3.Corda
17:43:42.072 [Test worker] DEBUG liquibase - master.changelog.json: migration/node-services.changelog-init.xml::add_network_parameters_storage::R3.Corda: Changeset migration/node-services.changelog-init.xml::add_network_parameters_storage::R3.Corda
17:43:42.072 [Test worker] DEBUG liquibase - master.changelog.json: migration/node-services.changelog-init.xml::add_network_parameters_storage::R3.Corda: Reading ChangeSet: migration/node-services.changelog-init.xml::add_network_parameters_storage::R3.Corda
17:43:42.072 [Test worker] DEBUG liquibase - master.changelog.json: migration/node-services.changelog-init.xml::add_network_parameters_storage::R3.Corda: Executing Statement: liquibase.statement.core.CreateTableStatement@26c20682
17:43:42.072 [Test worker] DEBUG liquibase - master.changelog.json: migration/node-services.changelog-init.xml::add_network_parameters_storage::R3.Corda: Executing EXECUTE database command: CREATE TABLE PUBLIC.node_network_parameters (hash NVARCHAR(130) NOT NULL, epoch INT NOT NULL, parameters_bytes BLOB NOT NULL, signature_bytes BLOB NOT NULL, cert BLOB NOT NULL, parent_cert_path BLOB NOT NULL)
17:43:42.072 [Test worker] INFO liquibase - master.changelog.json: migration/node-services.changelog-init.xml::add_network_parameters_storage::R3.Corda: Table node_network_parameters created
17:43:42.072 [Test worker] INFO liquibase - master.changelog.json: migration/node-services.changelog-init.xml::add_network_parameters_storage::R3.Corda: ChangeSet migration/node-services.changelog-init.xml::add_network_parameters_storage::R3.Corda ran successfully in 0ms
17:43:42.072 [Test worker] DEBUG liquibase - master.changelog.json: migration/node-services.changelog-init.xml::add_network_parameters_storage::R3.Corda: Executing EXECUTE database command: INSERT INTO PUBLIC.DATABASECHANGELOG (ID, AUTHOR, FILENAME, DATEEXECUTED, ORDEREXECUTED, MD5SUM, DESCRIPTION, COMMENTS, EXECTYPE, CONTEXTS, LABELS, LIQUIBASE, DEPLOYMENT_ID) VALUES ('add_network_parameters_storage', 'R3.Corda', 'migration/node-services.changelog-init.xml', NOW(), 82, '7:8d5882f94d9f58647903210994573073', 'createTable tableName=node_network_parameters', '', 'EXECUTED', NULL, NULL, '3.5.4', '1046221206')
17:43:42.087 [Test worker] DEBUG liquibase - master.changelog.json: migration/node-services.changelog-init.xml::network_parameters_pk::R3.Corda: Running Changeset:migration/node-services.changelog-init.xml::network_parameters_pk::R3.Corda
17:43:42.087 [Test worker] DEBUG liquibase - master.changelog.json: migration/node-services.changelog-init.xml::network_parameters_pk::R3.Corda: Changeset migration/node-services.changelog-init.xml::network_parameters_pk::R3.Corda
17:43:42.087 [Test worker] DEBUG liquibase - master.changelog.json: migration/node-services.changelog-init.xml::network_parameters_pk::R3.Corda: Reading ChangeSet: migration/node-services.changelog-init.xml::network_parameters_pk::R3.Corda
17:43:42.087 [Test worker] DEBUG liquibase - master.changelog.json: migration/node-services.changelog-init.xml::network_parameters_pk::R3.Corda: Executing Statement: liquibase.statement.core.AddPrimaryKeyStatement@10e97cf6
17:43:42.087 [Test worker] DEBUG liquibase - master.changelog.json: migration/node-services.changelog-init.xml::network_parameters_pk::R3.Corda: Executing EXECUTE database command: ALTER TABLE PUBLIC.node_network_parameters ADD CONSTRAINT node_network_parameters_pkey PRIMARY KEY (hash)
17:43:42.087 [Test worker] INFO liquibase - master.changelog.json: migration/node-services.changelog-init.xml::network_parameters_pk::R3.Corda: Primary key added to node_network_parameters (hash)
17:43:42.087 [Test worker] INFO liquibase - master.changelog.json: migration/node-services.changelog-init.xml::network_parameters_pk::R3.Corda: ChangeSet migration/node-services.changelog-init.xml::network_parameters_pk::R3.Corda ran successfully in 0ms
17:43:42.087 [Test worker] DEBUG liquibase - master.changelog.json: migration/node-services.changelog-init.xml::network_parameters_pk::R3.Corda: Executing EXECUTE database command: INSERT INTO PUBLIC.DATABASECHANGELOG (ID, AUTHOR, FILENAME, DATEEXECUTED, ORDEREXECUTED, MD5SUM, DESCRIPTION, COMMENTS, EXECTYPE, CONTEXTS, LABELS, LIQUIBASE, DEPLOYMENT_ID) VALUES ('network_parameters_pk', 'R3.Corda', 'migration/node-services.changelog-init.xml', NOW(), 83, '7:71635301bd498e4d52b02988795348e6', 'addPrimaryKey constraintName=node_network_parameters_pkey, tableName=node_network_parameters', '', 'EXECUTED', NULL, NULL, '3.5.4', '1046221206')
17:43:42.087 [Test worker] DEBUG liquibase - master.changelog.json: migration/node-services.changelog-init.xml::add_version_column::R3.Corda: Running Changeset:migration/node-services.changelog-init.xml::add_version_column::R3.Corda
17:43:42.087 [Test worker] DEBUG liquibase - master.changelog.json: migration/node-services.changelog-init.xml::add_version_column::R3.Corda: Changeset migration/node-services.changelog-init.xml::add_version_column::R3.Corda
17:43:42.087 [Test worker] DEBUG liquibase - master.changelog.json: migration/node-services.changelog-init.xml::add_version_column::R3.Corda: Reading ChangeSet: migration/node-services.changelog-init.xml::add_version_column::R3.Corda
17:43:42.087 [Test worker] DEBUG liquibase - master.changelog.json: migration/node-services.changelog-init.xml::add_version_column::R3.Corda: Executing Statement: liquibase.statement.core.AddColumnStatement@66512b8a
17:43:42.087 [Test worker] DEBUG liquibase - master.changelog.json: migration/node-services.changelog-init.xml::add_version_column::R3.Corda: Executing EXECUTE database command: ALTER TABLE PUBLIC.node_attachments ADD version INT
17:43:42.103 [Test worker] INFO liquibase - master.changelog.json: migration/node-services.changelog-init.xml::add_version_column::R3.Corda: Columns version(INT) added to node_attachments
17:43:42.103 [Test worker] DEBUG liquibase - master.changelog.json: migration/node-services.changelog-init.xml::add_version_column::R3.Corda: Executing Statement: update node_attachments set version = 1
17:43:42.103 [Test worker] DEBUG liquibase - master.changelog.json: migration/node-services.changelog-init.xml::add_version_column::R3.Corda: Executing EXECUTE database command: update node_attachments set version = 1
17:43:42.103 [Test worker] INFO liquibase - master.changelog.json: migration/node-services.changelog-init.xml::add_version_column::R3.Corda: Custom SQL executed
17:43:42.103 [Test worker] DEBUG liquibase - master.changelog.json: migration/node-services.changelog-init.xml::add_version_column::R3.Corda: Executing Statement: liquibase.statement.core.SetNullableStatement@211e3265
17:43:42.103 [Test worker] DEBUG liquibase - master.changelog.json: migration/node-services.changelog-init.xml::add_version_column::R3.Corda: Executing EXECUTE database command: ALTER TABLE PUBLIC.node_attachments ALTER COLUMN version SET NOT NULL
17:43:42.103 [Test worker] INFO liquibase - master.changelog.json: migration/node-services.changelog-init.xml::add_version_column::R3.Corda: Null constraint has been added to node_attachments.version
17:43:42.103 [Test worker] INFO liquibase - master.changelog.json: migration/node-services.changelog-init.xml::add_version_column::R3.Corda: ChangeSet migration/node-services.changelog-init.xml::add_version_column::R3.Corda ran successfully in 16ms
17:43:42.103 [Test worker] DEBUG liquibase - master.changelog.json: migration/node-services.changelog-init.xml::add_version_column::R3.Corda: Executing EXECUTE database command: INSERT INTO PUBLIC.DATABASECHANGELOG (ID, AUTHOR, FILENAME, DATEEXECUTED, ORDEREXECUTED, MD5SUM, DESCRIPTION, COMMENTS, EXECTYPE, CONTEXTS, LABELS, LIQUIBASE, DEPLOYMENT_ID) VALUES ('add_version_column', 'R3.Corda', 'migration/node-services.changelog-init.xml', NOW(), 84, '7:7d7fb1c90fa05b5fc3b938fd7c520344', 'addColumn tableName=node_attachments; sql; addNotNullConstraint columnName=version, tableName=node_attachments', '', 'EXECUTED', NULL, NULL, '3.5.4', '1046221206')
17:43:42.103 [Test worker] DEBUG liquibase - master.changelog.json: migration/node-services.changelog-init.xml::update-version-of-whitelisted-jars::R3.Corda: Running Changeset:migration/node-services.changelog-init.xml::update-version-of-whitelisted-jars::R3.Corda
17:43:42.103 [Test worker] DEBUG liquibase - master.changelog.json: migration/node-services.changelog-init.xml::update-version-of-whitelisted-jars::R3.Corda: Changeset migration/node-services.changelog-init.xml::update-version-of-whitelisted-jars::R3.Corda
17:43:42.103 [Test worker] DEBUG liquibase - master.changelog.json: migration/node-services.changelog-init.xml::update-version-of-whitelisted-jars::R3.Corda: Reading ChangeSet: migration/node-services.changelog-init.xml::update-version-of-whitelisted-jars::R3.Corda
17:43:42.103 [Test worker] DEBUG liquibase - master.changelog.json: migration/node-services.changelog-init.xml::update-version-of-whitelisted-jars::R3.Corda: WARNING The following SQL may change each run and therefore is possibly incorrect and/or invalid:
17:43:42.103 [Test worker] INFO net.corda.nodeapi.internal.persistence.AttachmentVersionNumberMigration - Start executing...
17:43:42.118 [Test worker] INFO net.corda.nodeapi.internal.persistence.AttachmentVersionNumberMigration - Attachment version creation from whitelisted JARs using network parameters from build\mock-network\20191014-094255.202\nodes\1\network-parameters, whitelistedContractImplementations: {}.
17:43:42.118 [Test worker] INFO net.corda.nodeapi.internal.persistence.AttachmentVersionNumberMigration - Attachment version creation from whitelisted JARs skipped, no attachments not found.
17:43:42.118 [Test worker] INFO liquibase - master.changelog.json: migration/node-services.changelog-init.xml::update-version-of-whitelisted-jars::R3.Corda: null
17:43:42.118 [Test worker] INFO liquibase - master.changelog.json: migration/node-services.changelog-init.xml::update-version-of-whitelisted-jars::R3.Corda: ChangeSet migration/node-services.changelog-init.xml::update-version-of-whitelisted-jars::R3.Corda ran successfully in 15ms
17:43:42.118 [Test worker] DEBUG liquibase - master.changelog.json: migration/node-services.changelog-init.xml::update-version-of-whitelisted-jars::R3.Corda: Executing EXECUTE database command: INSERT INTO PUBLIC.DATABASECHANGELOG (ID, AUTHOR, FILENAME, DATEEXECUTED, ORDEREXECUTED, MD5SUM, DESCRIPTION, COMMENTS, EXECTYPE, CONTEXTS, LABELS, LIQUIBASE, DEPLOYMENT_ID) VALUES ('update-version-of-whitelisted-jars', 'R3.Corda', 'migration/node-services.changelog-init.xml', NOW(), 85, '7:706b589854273bdf703c4ed7a2a9191b', 'customChange', '', 'EXECUTED', NULL, NULL, '3.5.4', '1046221206')
17:43:42.118 [Test worker] DEBUG liquibase - master.changelog.json: migration/vault-schema.changelog-v9.xml::update-vault-states::R3.Corda: Running Changeset:migration/vault-schema.changelog-v9.xml::update-vault-states::R3.Corda
17:43:42.118 [Test worker] DEBUG liquibase - master.changelog.json: migration/vault-schema.changelog-v9.xml::update-vault-states::R3.Corda: Changeset migration/vault-schema.changelog-v9.xml::update-vault-states::R3.Corda
17:43:42.118 [Test worker] DEBUG liquibase - master.changelog.json: migration/vault-schema.changelog-v9.xml::update-vault-states::R3.Corda: Reading ChangeSet: migration/vault-schema.changelog-v9.xml::update-vault-states::R3.Corda
17:43:42.118 [Test worker] DEBUG liquibase - master.changelog.json: migration/vault-schema.changelog-v9.xml::update-vault-states::R3.Corda: WARNING The following SQL may change each run and therefore is possibly incorrect and/or invalid:
17:43:42.118 [Test worker] INFO net.corda.node.migration.VaultStateMigration - Migrating vault state data to V4 tables
17:43:42.118 [Test worker] INFO net.corda.nodeapi.internal.persistence.HibernateConfiguration - Init HibernateConfiguration for schemas: [VaultMigrationSchemaV1(name=net.corda.node.migration.VaultMigrationSchema, version=1), VaultSchemaV1(name=net.corda.node.services.vault.VaultSchema, version=1)]
17:43:42.118 [Test worker] INFO net.corda.nodeapi.internal.persistence.HibernateConfiguration - Creating session factory for schemas: [VaultMigrationSchemaV1(name=net.corda.node.migration.VaultMigrationSchema, version=1), VaultSchemaV1(name=net.corda.node.services.vault.VaultSchema, version=1)]
?[37m[INFO] 17:43:42,144 [Test worker] internal.ConnectionProviderInitiator.initiateService - HHH000130: Instantiating explicit connection provider: net.corda.nodeapi.internal.persistence.HibernateConfiguration$NodeDatabaseConnectionProvider
?[m?[37m[INFO] 17:43:42,146 [Test worker] dialect.Dialect.<init> - HHH000400: Using dialect: org.hibernate.dialect.H2Dialect
?[m?[37m[INFO] 17:43:42,161 [Test worker] type.BasicTypeRegistry.register - HHH000270: Type registration [materialized_blob] overrides previous : org.hibernate.type.MaterializedBlobType@12e6fc5f
?[m?[37m[INFO] 17:43:42,349 [Test worker] connections.access.getIsolatedConnection - HHH10001501: Connection obtained from JdbcConnectionAccess [org.hibernate.engine.jdbc.env.internal.JdbcEnvironmentInitiator$ConnectionProviderJdbcConnectionAccess@47f48f24] for (non-JTA) DDL execution was not in auto-commit mode; the Connection 'local transaction' will be committed and the Connection will be set into auto-commit mode.
?[m17:43:42.545 [Test worker] INFO net.corda.nodeapi.internal.persistence.HibernateConfiguration - Created session factory for schemas: [VaultMigrationSchemaV1(name=net.corda.node.migration.VaultMigrationSchema, version=1), VaultSchemaV1(name=net.corda.node.services.vault.VaultSchema, version=1)]
?[37m[INFO] 17:43:42,547 [Test worker] internal.QueryTranslatorFactoryInitiator.initiateService - HHH000397: Using ASTQueryTranslatorFactory
?[m17:43:42.565 [Test worker] DEBUG net.corda.node.migration.VaultStateIterator - Found 0 total states in the vault
17:43:42.573 [Test worker] DEBUG net.corda.node.migration.VaultStateIterator - Loaded page 1 of 0. Current page has 0 vault states
17:43:42.573 [Test worker] INFO net.corda.node.migration.VaultStateMigration - Finished performing vault state data migration for 0 states
17:43:42.573 [Test worker] INFO liquibase - master.changelog.json: migration/vault-schema.changelog-v9.xml::update-vault-states::R3.Corda: null
17:43:42.573 [Test worker] INFO liquibase - master.changelog.json: migration/vault-schema.changelog-v9.xml::update-vault-states::R3.Corda: ChangeSet migration/vault-schema.changelog-v9.xml::update-vault-states::R3.Corda ran successfully in 455ms
17:43:42.574 [Test worker] DEBUG liquibase - master.changelog.json: migration/vault-schema.changelog-v9.xml::update-vault-states::R3.Corda: Executing EXECUTE database command: INSERT INTO PUBLIC.DATABASECHANGELOG (ID, AUTHOR, FILENAME, DATEEXECUTED, ORDEREXECUTED, MD5SUM, DESCRIPTION, COMMENTS, EXECTYPE, CONTEXTS, LABELS, LIQUIBASE, DEPLOYMENT_ID) VALUES ('update-vault-states', 'R3.Corda', 'migration/vault-schema.changelog-v9.xml', NOW(), 86, '7:b005d9ddca6ae24f7eb8c275fb095a30', 'customChange', '', 'EXECUTED', NULL, NULL, '3.5.4', '1046221206')
17:43:42.575 [Test worker] DEBUG liquibase - Release Database Lock
17:43:42.575 [Test worker] DEBUG liquibase - Executing UPDATE database command: UPDATE PUBLIC.DATABASECHANGELOGLOCK SET LOCKED = FALSE, LOCKEDBY = NULL, LOCKGRANTED = NULL WHERE ID = 1
17:43:42.575 [Test worker] INFO liquibase - Successfully released change log lock
17:43:42.575 [Test worker] DEBUG com.zaxxer.hikari.pool.PoolBase - HikariPool-2 - Reset (autoCommit, isolation) on connection conn12: url=jdbc:h2:mem:node_1_net_312362915497919618_persistence user=SA
17:43:42.576 [Test worker] DEBUG com.zaxxer.hikari.pool.PoolBase - HikariPool-2 - Reset (autoCommit, isolation) on connection conn12: url=jdbc:h2:mem:node_1_net_312362915497919618_persistence user=SA
17:43:42.577 [Test worker] INFO net.corda.testing.node.internal.InternalMockNetwork$MockNode - Connected to H2 database.
17:43:42.577 [Test worker] DEBUG com.zaxxer.hikari.pool.PoolBase - HikariPool-2 - Reset (autoCommit, isolation) on connection conn12: url=jdbc:h2:mem:node_1_net_312362915497919618_persistence user=SA
17:43:42.578 [Test worker] INFO net.corda.testing.node.internal.InternalMockNetwork$MockNode - identity-private-key not found in key store, generating fresh key!
17:43:42.770 [Test worker] INFO net.corda.nodeapi.internal.persistence.HibernateConfiguration - Init HibernateConfiguration for schemas: [CommonSchemaV1(name=net.corda.core.schemas.CommonSchema, version=1), VaultSchemaV1(name=net.corda.node.services.vault.VaultSchema, version=1), NodeInfoSchemaV1(name=net.corda.node.internal.schemas.NodeInfoSchema, version=1), NodeCoreV1(name=net.corda.node.services.schema.NodeSchemaService$NodeCore, version=1)]
17:43:42.770 [Test worker] INFO net.corda.nodeapi.internal.persistence.HibernateConfiguration - Creating session factory for schemas: [CommonSchemaV1(name=net.corda.core.schemas.CommonSchema, version=1), VaultSchemaV1(name=net.corda.node.services.vault.VaultSchema, version=1), NodeInfoSchemaV1(name=net.corda.node.internal.schemas.NodeInfoSchema, version=1), NodeCoreV1(name=net.corda.node.services.schema.NodeSchemaService$NodeCore, version=1)]
?[37m[INFO] 17:43:42,809 [Test worker] internal.ConnectionProviderInitiator.initiateService - HHH000130: Instantiating explicit connection provider: net.corda.nodeapi.internal.persistence.HibernateConfiguration$NodeDatabaseConnectionProvider
?[m17:43:42.822 [Test worker] DEBUG com.zaxxer.hikari.pool.PoolBase - HikariPool-2 - Reset (autoCommit, isolation) on connection conn12: url=jdbc:h2:mem:node_1_net_312362915497919618_persistence user=SA
?[37m[INFO] 17:43:42,816 [Test worker] dialect.Dialect.<init> - HHH000400: Using dialect: org.hibernate.dialect.H2Dialect
?[m?[37m[INFO] 17:43:42,826 [Test worker] type.BasicTypeRegistry.register - HHH000270: Type registration [materialized_blob] overrides previous : org.hibernate.type.MaterializedBlobType@12e6fc5f
?[m?[37m[INFO] 17:43:43,077 [Test worker] connections.access.getIsolatedConnection - HHH10001501: Connection obtained from JdbcConnectionAccess [org.hibernate.engine.jdbc.env.internal.JdbcEnvironmentInitiator$ConnectionProviderJdbcConnectionAccess@6837b381] for (non-JTA) DDL execution was not in auto-commit mode; the Connection 'local transaction' will be committed and the Connection will be set into auto-commit mode.
?[m17:43:43.331 [MockNode-1-2] DEBUG net.corda.node.services.network.NodeInfoWatcher - Read 0 NodeInfo files from build\mock-network\20191014-094255.202\nodes\0\additional-node-infos
17:43:43.338 [Test worker] DEBUG com.zaxxer.hikari.pool.PoolBase - HikariPool-2 - Reset (autoCommit, isolation) on connection conn12: url=jdbc:h2:mem:node_1_net_312362915497919618_persistence user=SA
17:43:43.340 [MockNode-1-2] DEBUG net.corda.node.services.network.NodeInfoWatcher - Number of removed NodeInfo files 0
17:43:43.367 [Test worker] INFO net.corda.nodeapi.internal.persistence.HibernateConfiguration - Created session factory for schemas: [CommonSchemaV1(name=net.corda.core.schemas.CommonSchema, version=1), VaultSchemaV1(name=net.corda.node.services.vault.VaultSchema, version=1), NodeInfoSchemaV1(name=net.corda.node.internal.schemas.NodeInfoSchema, version=1), NodeCoreV1(name=net.corda.node.services.schema.NodeSchemaService$NodeCore, version=1)]
?[37m[INFO] 17:43:43,374 [Test worker] internal.QueryTranslatorFactoryInitiator.initiateService - HHH000397: Using ASTQueryTranslatorFactory
?[m17:43:43.387 [Test worker] INFO net.corda.testing.node.internal.InternalMockNetwork$MockNode - Node-info has changed so submitting update. Old node-info was null
17:43:43.387 [Test worker] INFO net.corda.node.services.network.PersistentNetworkMapCache - Adding node with info: NodeInfo(addresses=[mock.node:1000], legalIdentitiesAndCerts=[O=Client1, L=New York, C=US], platformVersion=4, serial=1571046223387)
17:43:43.394 [Test worker] INFO net.corda.node.services.network.PersistentNetworkMapCache - No previous node found
17:43:43.398 [Test worker] DEBUG net.corda.node.services.identity.PersistentIdentityService - Registering identity O=Client1, L=New York, C=US
17:43:43.415 [Test worker] DEBUG net.corda.node.services.network.PersistentNetworkMapCache - Done adding node with info: NodeInfo(addresses=[mock.node:1000], legalIdentitiesAndCerts=[O=Client1, L=New York, C=US], platformVersion=4, serial=1571046223387)
17:43:43.415 [Test worker] INFO net.corda.testing.node.internal.InternalMockNetwork$MockNode - New node-info: NodeInfo(addresses=[mock.node:1000], legalIdentitiesAndCerts=[O=Client1, L=New York, C=US], platformVersion=4, serial=1571046223387)
17:43:43.455 [Test worker] DEBUG com.zaxxer.hikari.pool.PoolBase - HikariPool-2 - Reset (autoCommit, isolation) on connection conn12: url=jdbc:h2:mem:node_1_net_312362915497919618_persistence user=SA
17:43:43.457 [Test worker] INFO net.corda.node.services.network.NetworkMapUpdater - Auto-accept enabled for network parameter changes which modify only: [epoch, modifiedTime, packageOwnership, whitelistedContractImplementations]
17:43:43.467 [Test worker] DEBUG net.corda.node.services.identity.PersistentIdentityService - Identities loaded
17:43:43.472 [MockNode-2-2] DEBUG net.corda.node.services.network.NodeInfoWatcher - Reading SignedNodeInfo from build\mock-network\20191014-094255.202\nodes\1\additional-node-infos\nodeInfo-AE91FF154CF2B38C2BB94E2D6734F6CE70B30CCD11B9194C9DB565B79F200E64
17:43:43.481 [MockNode-2-2] DEBUG net.corda.node.services.network.NodeInfoWatcher - Read 1 NodeInfo files from build\mock-network\20191014-094255.202\nodes\1\additional-node-infos
17:43:43.481 [MockNode-2-2] DEBUG net.corda.node.services.network.NodeInfoWatcher - Number of removed NodeInfo files 0
17:43:43.482 [MockNode-2-2] INFO net.corda.node.services.network.PersistentNetworkMapCache - Adding node with info: NodeInfo(addresses=[mock.node:1000], legalIdentitiesAndCerts=[O=Client1, L=New York, C=US], platformVersion=4, serial=1571046223387)
17:43:43.496 [MockNode-2-2] DEBUG com.zaxxer.hikari.pool.PoolBase - HikariPool-2 - Reset (autoCommit, isolation) on connection conn13: url=jdbc:h2:mem:node_1_net_312362915497919618_persistence user=SA
17:43:43.496 [MockNode-2-2] INFO net.corda.node.services.network.PersistentNetworkMapCache - Previous node was identical to incoming one - doing nothing
17:43:43.496 [MockNode-2-2] DEBUG net.corda.node.services.network.PersistentNetworkMapCache - Done adding node with info: NodeInfo(addresses=[mock.node:1000], legalIdentitiesAndCerts=[O=Client1, L=New York, C=US], platformVersion=4, serial=1571046223387)
17:43:43.862 [Test worker] INFO ClassloaderUtils - Contracts loading for 'C:\Users\user\AppData\Local\Temp\attachment7324609901952060922.jar' took 32 msec
17:43:43.882 [Test worker] INFO net.corda.node.services.persistence.NodeAttachmentService - Stored new attachment: id=E9B1EFC2836AFF119DC0182AAA3C93E581065B6B06F6C0A452EA5CCF4B11B2A2 uploader=app filename=null
17:43:43.898 [Test worker] INFO net.corda.node.services.statemachine.SingleThreadedStateMachineManager - Node ready, info: NodeInfo(addresses=[mock.node:1000], legalIdentitiesAndCerts=[O=Client1, L=New York, C=US], platformVersion=4, serial=1571046223387)
17:43:43.901 [Test worker] DEBUG com.zaxxer.hikari.pool.PoolBase - HikariPool-2 - Reset (autoCommit, isolation) on connection conn12: url=jdbc:h2:mem:node_1_net_312362915497919618_persistence user=SA
17:43:43.903 [Test worker] INFO net.corda.node.services.network.PersistentNetworkMapCache - Adding node with info: NodeInfo(addresses=[mock.node:1000], legalIdentitiesAndCerts=[O=Notary Service, L=Zurich, C=CH], platformVersion=4, serial=1571046217798)
17:43:43.905 [Test worker] DEBUG com.zaxxer.hikari.pool.PoolBase - HikariPool-2 - Reset (autoCommit, isolation) on connection conn13: url=jdbc:h2:mem:node_1_net_312362915497919618_persistence user=SA
17:43:43.905 [Test worker] INFO net.corda.node.services.network.PersistentNetworkMapCache - No previous node found
17:43:43.905 [pool-14-thread-1] DEBUG com.zaxxer.hikari.pool.PoolBase - HikariPool-2 - Reset (autoCommit, isolation) on connection conn12: url=jdbc:h2:mem:node_1_net_312362915497919618_persistence user=SA
17:43:43.908 [Test worker] DEBUG net.corda.node.services.identity.PersistentIdentityService - Registering identity O=Notary Service, L=Zurich, C=CH
17:43:43.912 [Test worker] DEBUG com.zaxxer.hikari.pool.PoolBase - HikariPool-2 - Reset (autoCommit, isolation) on connection conn13: url=jdbc:h2:mem:node_1_net_312362915497919618_persistence user=SA
17:43:43.922 [Test worker] DEBUG com.zaxxer.hikari.pool.PoolBase - HikariPool-2 - Reset (autoCommit, isolation) on connection conn13: url=jdbc:h2:mem:node_1_net_312362915497919618_persistence user=SA
17:43:43.923 [Test worker] DEBUG net.corda.node.services.network.PersistentNetworkMapCache - Done adding node with info: NodeInfo(addresses=[mock.node:1000], legalIdentitiesAndCerts=[O=Notary Service, L=Zurich, C=CH], platformVersion=4, serial=1571046217798)
17:43:43.923 [Test worker] INFO net.corda.node.services.network.PersistentNetworkMapCache - Adding node with info: NodeInfo(addresses=[mock.node:1000], legalIdentitiesAndCerts=[O=Client1, L=New York, C=US], platformVersion=4, serial=1571046223387)
17:43:43.924 [Test worker] DEBUG com.zaxxer.hikari.pool.PoolBase - HikariPool-1 - Reset (autoCommit, isolation) on connection conn2: url=jdbc:h2:mem:node_0_net_312362915497919618_persistence user=SA
17:43:43.925 [Test worker] INFO net.corda.node.services.network.PersistentNetworkMapCache - No previous node found
17:43:43.927 [Test worker] DEBUG net.corda.node.services.identity.PersistentIdentityService - Registering identity O=Client1, L=New York, C=US
17:43:43.936 [Test worker] DEBUG com.zaxxer.hikari.pool.PoolBase - HikariPool-1 - Reset (autoCommit, isolation) on connection conn2: url=jdbc:h2:mem:node_0_net_312362915497919618_persistence user=SA
17:43:43.950 [Test worker] DEBUG com.zaxxer.hikari.pool.PoolBase - HikariPool-1 - Reset (autoCommit, isolation) on connection conn2: url=jdbc:h2:mem:node_0_net_312362915497919618_persistence user=SA
17:43:43.950 [Test worker] DEBUG net.corda.node.services.network.PersistentNetworkMapCache - Done adding node with info: NodeInfo(addresses=[mock.node:1000], legalIdentitiesAndCerts=[O=Client1, L=New York, C=US], platformVersion=4, serial=1571046223387)
17:43:43.950 [Test worker] INFO net.corda.node.services.network.PersistentNetworkMapCache - Adding node with info: NodeInfo(addresses=[mock.node:1000], legalIdentitiesAndCerts=[O=Client1, L=New York, C=US], platformVersion=4, serial=1571046223387)
17:43:43.951 [Test worker] INFO net.corda.node.services.network.PersistentNetworkMapCache - Previous node was identical to incoming one - doing nothing
17:43:43.951 [Test worker] DEBUG net.corda.node.services.network.PersistentNetworkMapCache - Done adding node with info: NodeInfo(addresses=[mock.node:1000], legalIdentitiesAndCerts=[O=Client1, L=New York, C=US], platformVersion=4, serial=1571046223387)
17:43:43.951 [Test worker] INFO net.corda.node.services.network.PersistentNetworkMapCache - Adding node with info: NodeInfo(addresses=[mock.node:1000], legalIdentitiesAndCerts=[O=Client1, L=New York, C=US], platformVersion=4, serial=1571046223387)
17:43:43.951 [Test worker] INFO net.corda.node.services.network.PersistentNetworkMapCache - Previous node was identical to incoming one - doing nothing
17:43:43.951 [Test worker] DEBUG net.corda.node.services.network.PersistentNetworkMapCache - Done adding node with info: NodeInfo(addresses=[mock.node:1000], legalIdentitiesAndCerts=[O=Client1, L=New York, C=US], platformVersion=4, serial=1571046223387)
17:43:43.970 [Test worker] INFO net.corda.node.internal.cordapp.JarScanningCordappLoader - Looking for CorDapps in [build\mock-network\20191014-094255.202\nodes\2\cordapps]
17:43:43.971 [Test worker] INFO net.corda.node.internal.cordapp.JarScanningCordappLoader - Loading CorDapps from RestrictedURL(url=file:/D:/Arvinth/BlockChain/DerivHack-2019/GIT/cdm-corda/cdm-support/build/mock-network/20191014-094255.202/nodes/2/cordapps/custom-cordapp_1_4_74971b5d-bcd5-4e00-bbd1-defbabc3845c.jar, rootPackageName=null), RestrictedURL(url=file:/D:/Arvinth/BlockChain/DerivHack-2019/GIT/cdm-corda/cdm-support/build/mock-network/20191014-094255.202/nodes/2/cordapps/custom-cordapp_1_4_7c525df2-1a28-4e99-b6db-03a3164f308d.jar, rootPackageName=null)
17:43:43.972 [Test worker] INFO net.corda.node.internal.cordapp.JarScanningCordappLoader - Scanning CorDapp in file:/D:/Arvinth/BlockChain/DerivHack-2019/GIT/cdm-corda/cdm-support/build/mock-network/20191014-094255.202/nodes/2/cordapps/custom-cordapp_1_4_74971b5d-bcd5-4e00-bbd1-defbabc3845c.jar
17:43:44.163 [Test worker] INFO net.corda.node.internal.cordapp.JarScanningCordappLoader - Scanning CorDapp in file:/D:/Arvinth/BlockChain/DerivHack-2019/GIT/cdm-corda/cdm-support/build/mock-network/20191014-094255.202/nodes/2/cordapps/custom-cordapp_1_4_7c525df2-1a28-4e99-b6db-03a3164f308d.jar
17:43:44.548 [Test worker] DEBUG net.corda.node.services.persistence.NodePropertiesPersistentStore - Node's flow execution mode property key: NABOB_flowsExecutionMode
17:43:44.554 [Test worker] INFO net.corda.testing.node.internal.InternalMockNetwork$MockNode - Node starting up ...
17:43:44.622 [Test worker] DEBUG net.corda.node.internal.NodeFlowManager - Installed core flow net.corda.core.flows.FinalityFlow
17:43:44.625 [Test worker] DEBUG net.corda.node.internal.NodeFlowManager - Installed core flow net.corda.core.flows.NotaryChangeFlow
17:43:44.626 [Test worker] DEBUG net.corda.node.internal.NodeFlowManager - Installed core flow net.corda.core.flows.ContractUpgradeFlow$Initiate
17:43:44.629 [Test worker] DEBUG net.corda.node.internal.NodeFlowManager - Installed core flow net.corda.confidential.SwapIdentitiesFlow
17:43:44.630 [Test worker] INFO net.corda.node.internal.NodeFlowManager - Registered com.derivhack.AffirmationFlow to initiate com.derivhack.AffirmationFlowInitiated (version 1)
17:43:44.631 [Test worker] INFO net.corda.node.internal.NodeFlowManager - Registered com.derivhack.AllocationFlow to initiate com.derivhack.AllocationFlowInitiated (version 1)
17:43:44.632 [Test worker] INFO net.corda.node.internal.NodeFlowManager - Registered com.derivhack.ConfirmationFlowGJ to initiate com.derivhack.ConfirmationFlowInitiated (version 1)
17:43:44.632 [Test worker] INFO net.corda.node.internal.NodeFlowManager - Registered com.derivhack.ConfirmationFlow to initiate com.derivhack.ConfirmationFlowResponse (version 1)
17:43:44.633 [Test worker] INFO net.corda.node.internal.NodeFlowManager - Registered com.derivhack.ExecutionFlow to initiate com.derivhack.ExecutionFlowInitiated (version 1)
17:43:44.634 [Test worker] INFO net.corda.node.internal.NodeFlowManager - Registered com.derivhack.ObserveryFlow to initiate com.derivhack.ReceiveObservableFlow (version 1)
17:43:44.636 [Test worker] INFO net.corda.node.internal.NodeFlowManager - Registered com.derivhack.SettlementFlow to initiate com.derivhack.SettlementFlowResponse (version 1)
17:43:44.637 [Test worker] INFO net.corda.node.internal.NodeFlowManager - Registered com.derivhack.TransferFlow to initiate com.derivhack.TransferResponder (version 1)
17:43:44.637 [Test worker] INFO net.corda.node.internal.NodeFlowManager - Registered net.corda.cdmsupport.testflow.TestAffirmationFlow to initiate net.corda.cdmsupport.testflow.AffirmationFlowResponder (version 1)
17:43:44.638 [Test worker] INFO net.corda.node.internal.NodeFlowManager - Registered net.corda.cdmsupport.testflow.TestObservableFlow to initiate net.corda.cdmsupport.testflow.ReceiveObservableFlow (version 1)
17:43:44.640 [Test worker] INFO net.corda.node.internal.NodeFlowManager - Registered net.corda.cdmsupport.testflow.TestFlowInitiating to initiate net.corda.cdmsupport.testflow.TestFlowInitiated (version 1)
17:43:44.646 [Test worker] INFO net.corda.testing.node.internal.InternalMockNetwork$MockNode - Loaded network parameters: NetworkParameters {
      minimumPlatformVersion=4
      notaries=[NotaryInfo(identity=O=Notary Service, L=Zurich, C=CH, validating=true)]
      maxMessageSize=10485760
      maxTransactionSize=524288000
      whitelistedContractImplementations {
        
      }
      eventHorizon=PT720H
      packageOwnership {
        
      }
      modifiedTime=2019-10-14T09:42:54.452Z
      epoch=1
  }
17:43:44.647 [Test worker] DEBUG com.zaxxer.hikari.HikariConfig - HikariPool-3 - configuration:
17:43:44.648 [Test worker] DEBUG com.zaxxer.hikari.HikariConfig - allowPoolSuspension.............false
17:43:44.648 [Test worker] DEBUG com.zaxxer.hikari.HikariConfig - autoCommit......................true
17:43:44.648 [Test worker] DEBUG com.zaxxer.hikari.HikariConfig - catalog.........................null
17:43:44.648 [Test worker] DEBUG com.zaxxer.hikari.HikariConfig - connectionInitSql...............null
17:43:44.648 [Test worker] DEBUG com.zaxxer.hikari.HikariConfig - connectionTestQuery.............null
17:43:44.648 [Test worker] DEBUG com.zaxxer.hikari.HikariConfig - connectionTimeout...............30000
17:43:44.648 [Test worker] DEBUG com.zaxxer.hikari.HikariConfig - dataSource......................null
17:43:44.648 [Test worker] DEBUG com.zaxxer.hikari.HikariConfig - dataSourceClassName............."org.h2.jdbcx.JdbcDataSource"
17:43:44.648 [Test worker] DEBUG com.zaxxer.hikari.HikariConfig - dataSourceJNDI..................null
17:43:44.648 [Test worker] DEBUG com.zaxxer.hikari.HikariConfig - dataSourceProperties............{user=sa, url=jdbc:h2:mem:node_2_net_312362915497919618_persistence;LOCK_TIMEOUT=10000;DB_CLOSE_ON_EXIT=FALSE, password=<masked>}
17:43:44.648 [Test worker] DEBUG com.zaxxer.hikari.HikariConfig - driverClassName.................null
17:43:44.649 [Test worker] DEBUG com.zaxxer.hikari.HikariConfig - healthCheckProperties...........{}
17:43:44.649 [Test worker] DEBUG com.zaxxer.hikari.HikariConfig - healthCheckRegistry.............null
17:43:44.649 [Test worker] DEBUG com.zaxxer.hikari.HikariConfig - idleTimeout.....................600000
17:43:44.649 [Test worker] DEBUG com.zaxxer.hikari.HikariConfig - initializationFailFast..........true
17:43:44.649 [Test worker] DEBUG com.zaxxer.hikari.HikariConfig - isolateInternalQueries..........false
17:43:44.649 [Test worker] DEBUG com.zaxxer.hikari.HikariConfig - jdbc4ConnectionTest.............false
17:43:44.649 [Test worker] DEBUG com.zaxxer.hikari.HikariConfig - jdbcUrl.........................null
17:43:44.649 [Test worker] DEBUG com.zaxxer.hikari.HikariConfig - leakDetectionThreshold..........0
17:43:44.649 [Test worker] DEBUG com.zaxxer.hikari.HikariConfig - maxLifetime.....................1800000
17:43:44.649 [Test worker] DEBUG com.zaxxer.hikari.HikariConfig - maximumPoolSize.................10
17:43:44.649 [Test worker] DEBUG com.zaxxer.hikari.HikariConfig - metricRegistry..................null
17:43:44.649 [Test worker] DEBUG com.zaxxer.hikari.HikariConfig - metricsTrackerFactory...........null
17:43:44.649 [Test worker] DEBUG com.zaxxer.hikari.HikariConfig - minimumIdle.....................10
17:43:44.649 [Test worker] DEBUG com.zaxxer.hikari.HikariConfig - password........................<masked>
17:43:44.649 [Test worker] DEBUG com.zaxxer.hikari.HikariConfig - poolName........................"HikariPool-3"
17:43:44.649 [Test worker] DEBUG com.zaxxer.hikari.HikariConfig - readOnly........................false
17:43:44.649 [Test worker] DEBUG com.zaxxer.hikari.HikariConfig - registerMbeans..................false
17:43:44.649 [Test worker] DEBUG com.zaxxer.hikari.HikariConfig - scheduledExecutorService........null
17:43:44.649 [Test worker] DEBUG com.zaxxer.hikari.HikariConfig - threadFactory...................null
17:43:44.649 [Test worker] DEBUG com.zaxxer.hikari.HikariConfig - transactionIsolation............null
17:43:44.649 [Test worker] DEBUG com.zaxxer.hikari.HikariConfig - username........................null
17:43:44.649 [Test worker] DEBUG com.zaxxer.hikari.HikariConfig - validationTimeout...............5000
17:43:44.650 [Test worker] INFO com.zaxxer.hikari.HikariDataSource - HikariPool-3 - Started.
17:43:44.671 [HikariPool-3 connection adder] DEBUG com.zaxxer.hikari.pool.HikariPool - HikariPool-3 - Added connection conn23: url=jdbc:h2:mem:node_2_net_312362915497919618_persistence user=SA
17:43:44.701 [Test worker] DEBUG liquibase - Connected to SA@jdbc:h2:mem:node_2_net_312362915497919618_persistence
17:43:44.703 [Test worker] DEBUG liquibase - Setting auto commit to false from true
17:43:44.713 [Test worker] DEBUG liquibase - Opening jar:file:/C:/Users/user/.gradle/caches/modules-2/files-2.1/net.corda/corda-node/4.1/45583a2ad1dc5cdd2b90b4ff6d3bfe980bbba0cc/corda-node-4.1.jar!/migration/common.changelog-master.xml as migration/common.changelog-master.xml
17:43:44.716 [Test worker] DEBUG liquibase - Resolving XML entity name='null', publicId='null', baseURI='null', systemId='http://www.liquibase.org/xml/ns/dbchangelog/dbchangelog-3.5.xsd'
17:43:44.716 [Test worker] DEBUG LiquibaseSchemaResolver - Found namespace details class liquibase.parser.core.xml.StandardNamespaceDetails for http://www.liquibase.org/xml/ns/dbchangelog/dbchangelog-3.5.xsd
17:43:44.717 [Test worker] DEBUG LiquibaseSchemaResolver - Local path for http://www.liquibase.org/xml/ns/dbchangelog/dbchangelog-3.5.xsd is liquibase/parser/core/xml/dbchangelog-3.5.xsd
17:43:44.717 [Test worker] DEBUG liquibase - Opening jar:file:/C:/Users/user/.gradle/caches/modules-2/files-2.1/org.liquibase/liquibase-core/3.5.5/c65051f327382018bd09c30380f25eac96f210da/liquibase-core-3.5.5.jar!/liquibase/parser/core/xml/dbchangelog-3.5.xsd as liquibase/parser/core/xml/dbchangelog-3.5.xsd
17:43:44.718 [Test worker] DEBUG LiquibaseSchemaResolver - Successfully loaded XSD from liquibase/parser/core/xml/dbchangelog-3.5.xsd
17:43:44.730 [Test worker] DEBUG liquibase - Opening jar:file:/C:/Users/user/.gradle/caches/modules-2/files-2.1/net.corda/corda-node/4.1/45583a2ad1dc5cdd2b90b4ff6d3bfe980bbba0cc/corda-node-4.1.jar!/migration/common.changelog-init.xml as migration/common.changelog-init.xml
17:43:44.732 [Test worker] DEBUG liquibase - Resolving XML entity name='null', publicId='null', baseURI='null', systemId='http://www.liquibase.org/xml/ns/dbchangelog/dbchangelog-3.5.xsd'
17:43:44.733 [Test worker] DEBUG LiquibaseSchemaResolver - Found namespace details class liquibase.parser.core.xml.StandardNamespaceDetails for http://www.liquibase.org/xml/ns/dbchangelog/dbchangelog-3.5.xsd
17:43:44.733 [Test worker] DEBUG LiquibaseSchemaResolver - Local path for http://www.liquibase.org/xml/ns/dbchangelog/dbchangelog-3.5.xsd is liquibase/parser/core/xml/dbchangelog-3.5.xsd
17:43:44.733 [Test worker] DEBUG liquibase - Opening jar:file:/C:/Users/user/.gradle/caches/modules-2/files-2.1/org.liquibase/liquibase-core/3.5.5/c65051f327382018bd09c30380f25eac96f210da/liquibase-core-3.5.5.jar!/liquibase/parser/core/xml/dbchangelog-3.5.xsd as liquibase/parser/core/xml/dbchangelog-3.5.xsd
17:43:44.733 [Test worker] DEBUG LiquibaseSchemaResolver - Successfully loaded XSD from liquibase/parser/core/xml/dbchangelog-3.5.xsd
17:43:44.749 [Test worker] DEBUG liquibase - Opening jar:file:/C:/Users/user/.gradle/caches/modules-2/files-2.1/net.corda/corda-node/4.1/45583a2ad1dc5cdd2b90b4ff6d3bfe980bbba0cc/corda-node-4.1.jar!/migration/vault-schema.changelog-master.xml as migration/vault-schema.changelog-master.xml
17:43:44.752 [Test worker] DEBUG liquibase - Resolving XML entity name='null', publicId='null', baseURI='null', systemId='http://www.liquibase.org/xml/ns/dbchangelog/dbchangelog-3.5.xsd'
17:43:44.752 [Test worker] DEBUG LiquibaseSchemaResolver - Found namespace details class liquibase.parser.core.xml.StandardNamespaceDetails for http://www.liquibase.org/xml/ns/dbchangelog/dbchangelog-3.5.xsd
17:43:44.752 [Test worker] DEBUG LiquibaseSchemaResolver - Local path for http://www.liquibase.org/xml/ns/dbchangelog/dbchangelog-3.5.xsd is liquibase/parser/core/xml/dbchangelog-3.5.xsd
17:43:44.752 [Test worker] DEBUG liquibase - Opening jar:file:/C:/Users/user/.gradle/caches/modules-2/files-2.1/org.liquibase/liquibase-core/3.5.5/c65051f327382018bd09c30380f25eac96f210da/liquibase-core-3.5.5.jar!/liquibase/parser/core/xml/dbchangelog-3.5.xsd as liquibase/parser/core/xml/dbchangelog-3.5.xsd
17:43:44.753 [Test worker] DEBUG LiquibaseSchemaResolver - Successfully loaded XSD from liquibase/parser/core/xml/dbchangelog-3.5.xsd
17:43:44.754 [HikariPool-3 housekeeper] DEBUG com.zaxxer.hikari.pool.HikariPool - HikariPool-3 - Pool stats (total=1, active=1, idle=0, waiting=0)
17:43:44.755 [HikariPool-3 connection adder] DEBUG com.zaxxer.hikari.pool.HikariPool - HikariPool-3 - Added connection conn24: url=jdbc:h2:mem:node_2_net_312362915497919618_persistence user=SA
17:43:44.755 [HikariPool-3 connection adder] DEBUG com.zaxxer.hikari.pool.HikariPool - HikariPool-3 - Added connection conn25: url=jdbc:h2:mem:node_2_net_312362915497919618_persistence user=SA
17:43:44.756 [HikariPool-3 connection adder] DEBUG com.zaxxer.hikari.pool.HikariPool - HikariPool-3 - Added connection conn26: url=jdbc:h2:mem:node_2_net_312362915497919618_persistence user=SA
17:43:44.756 [HikariPool-3 connection adder] DEBUG com.zaxxer.hikari.pool.HikariPool - HikariPool-3 - Added connection conn27: url=jdbc:h2:mem:node_2_net_312362915497919618_persistence user=SA
17:43:44.756 [HikariPool-3 connection adder] DEBUG com.zaxxer.hikari.pool.HikariPool - HikariPool-3 - Added connection conn28: url=jdbc:h2:mem:node_2_net_312362915497919618_persistence user=SA
17:43:44.756 [HikariPool-3 connection adder] DEBUG com.zaxxer.hikari.pool.HikariPool - HikariPool-3 - Added connection conn29: url=jdbc:h2:mem:node_2_net_312362915497919618_persistence user=SA
17:43:44.758 [HikariPool-3 connection adder] DEBUG com.zaxxer.hikari.pool.HikariPool - HikariPool-3 - Added connection conn30: url=jdbc:h2:mem:node_2_net_312362915497919618_persistence user=SA
17:43:44.760 [HikariPool-3 connection adder] DEBUG com.zaxxer.hikari.pool.HikariPool - HikariPool-3 - Added connection conn31: url=jdbc:h2:mem:node_2_net_312362915497919618_persistence user=SA
17:43:44.760 [HikariPool-3 connection adder] DEBUG com.zaxxer.hikari.pool.HikariPool - HikariPool-3 - Added connection conn32: url=jdbc:h2:mem:node_2_net_312362915497919618_persistence user=SA
17:43:44.761 [HikariPool-3 connection adder] DEBUG com.zaxxer.hikari.pool.HikariPool - HikariPool-3 - After adding stats (total=10, active=1, idle=9, waiting=0)
17:43:44.769 [Test worker] DEBUG liquibase - Opening jar:file:/C:/Users/user/.gradle/caches/modules-2/files-2.1/net.corda/corda-node/4.1/45583a2ad1dc5cdd2b90b4ff6d3bfe980bbba0cc/corda-node-4.1.jar!/migration/vault-schema.changelog-init.xml as migration/vault-schema.changelog-init.xml
17:43:44.772 [Test worker] DEBUG liquibase - Resolving XML entity name='null', publicId='null', baseURI='null', systemId='http://www.liquibase.org/xml/ns/dbchangelog/dbchangelog-3.5.xsd'
17:43:44.772 [Test worker] DEBUG LiquibaseSchemaResolver - Found namespace details class liquibase.parser.core.xml.StandardNamespaceDetails for http://www.liquibase.org/xml/ns/dbchangelog/dbchangelog-3.5.xsd
17:43:44.772 [Test worker] DEBUG LiquibaseSchemaResolver - Local path for http://www.liquibase.org/xml/ns/dbchangelog/dbchangelog-3.5.xsd is liquibase/parser/core/xml/dbchangelog-3.5.xsd
17:43:44.773 [Test worker] DEBUG liquibase - Opening jar:file:/C:/Users/user/.gradle/caches/modules-2/files-2.1/org.liquibase/liquibase-core/3.5.5/c65051f327382018bd09c30380f25eac96f210da/liquibase-core-3.5.5.jar!/liquibase/parser/core/xml/dbchangelog-3.5.xsd as liquibase/parser/core/xml/dbchangelog-3.5.xsd
17:43:44.773 [Test worker] DEBUG LiquibaseSchemaResolver - Successfully loaded XSD from liquibase/parser/core/xml/dbchangelog-3.5.xsd
17:43:44.807 [Test worker] DEBUG liquibase - Opening jar:file:/C:/Users/user/.gradle/caches/modules-2/files-2.1/net.corda/corda-node/4.1/45583a2ad1dc5cdd2b90b4ff6d3bfe980bbba0cc/corda-node-4.1.jar!/migration/vault-schema.changelog-v3.xml as migration/vault-schema.changelog-v3.xml
17:43:44.811 [Test worker] DEBUG liquibase - Resolving XML entity name='null', publicId='null', baseURI='null', systemId='http://www.liquibase.org/xml/ns/dbchangelog/dbchangelog-3.5.xsd'
17:43:44.811 [Test worker] DEBUG LiquibaseSchemaResolver - Found namespace details class liquibase.parser.core.xml.StandardNamespaceDetails for http://www.liquibase.org/xml/ns/dbchangelog/dbchangelog-3.5.xsd
17:43:44.811 [Test worker] DEBUG LiquibaseSchemaResolver - Local path for http://www.liquibase.org/xml/ns/dbchangelog/dbchangelog-3.5.xsd is liquibase/parser/core/xml/dbchangelog-3.5.xsd
17:43:44.811 [Test worker] DEBUG liquibase - Opening jar:file:/C:/Users/user/.gradle/caches/modules-2/files-2.1/org.liquibase/liquibase-core/3.5.5/c65051f327382018bd09c30380f25eac96f210da/liquibase-core-3.5.5.jar!/liquibase/parser/core/xml/dbchangelog-3.5.xsd as liquibase/parser/core/xml/dbchangelog-3.5.xsd
17:43:44.812 [Test worker] DEBUG LiquibaseSchemaResolver - Successfully loaded XSD from liquibase/parser/core/xml/dbchangelog-3.5.xsd
17:43:44.823 [Test worker] DEBUG liquibase - Opening jar:file:/C:/Users/user/.gradle/caches/modules-2/files-2.1/net.corda/corda-node/4.1/45583a2ad1dc5cdd2b90b4ff6d3bfe980bbba0cc/corda-node-4.1.jar!/migration/vault-schema.changelog-v4.xml as migration/vault-schema.changelog-v4.xml
17:43:44.825 [Test worker] DEBUG liquibase - Resolving XML entity name='null', publicId='null', baseURI='null', systemId='http://www.liquibase.org/xml/ns/dbchangelog/dbchangelog-3.5.xsd'
17:43:44.825 [Test worker] DEBUG LiquibaseSchemaResolver - Found namespace details class liquibase.parser.core.xml.StandardNamespaceDetails for http://www.liquibase.org/xml/ns/dbchangelog/dbchangelog-3.5.xsd
17:43:44.825 [Test worker] DEBUG LiquibaseSchemaResolver - Local path for http://www.liquibase.org/xml/ns/dbchangelog/dbchangelog-3.5.xsd is liquibase/parser/core/xml/dbchangelog-3.5.xsd
17:43:44.826 [Test worker] DEBUG liquibase - Opening jar:file:/C:/Users/user/.gradle/caches/modules-2/files-2.1/org.liquibase/liquibase-core/3.5.5/c65051f327382018bd09c30380f25eac96f210da/liquibase-core-3.5.5.jar!/liquibase/parser/core/xml/dbchangelog-3.5.xsd as liquibase/parser/core/xml/dbchangelog-3.5.xsd
17:43:44.826 [Test worker] DEBUG LiquibaseSchemaResolver - Successfully loaded XSD from liquibase/parser/core/xml/dbchangelog-3.5.xsd
17:43:44.840 [Test worker] DEBUG liquibase - Opening jar:file:/C:/Users/user/.gradle/caches/modules-2/files-2.1/net.corda/corda-node/4.1/45583a2ad1dc5cdd2b90b4ff6d3bfe980bbba0cc/corda-node-4.1.jar!/migration/vault-schema.changelog-pkey.xml as migration/vault-schema.changelog-pkey.xml
17:43:44.843 [Test worker] DEBUG liquibase - Resolving XML entity name='null', publicId='null', baseURI='null', systemId='http://www.liquibase.org/xml/ns/dbchangelog/dbchangelog-3.5.xsd'
17:43:44.844 [Test worker] DEBUG LiquibaseSchemaResolver - Found namespace details class liquibase.parser.core.xml.StandardNamespaceDetails for http://www.liquibase.org/xml/ns/dbchangelog/dbchangelog-3.5.xsd
17:43:44.844 [Test worker] DEBUG LiquibaseSchemaResolver - Local path for http://www.liquibase.org/xml/ns/dbchangelog/dbchangelog-3.5.xsd is liquibase/parser/core/xml/dbchangelog-3.5.xsd
17:43:44.851 [Test worker] DEBUG liquibase - Opening jar:file:/C:/Users/user/.gradle/caches/modules-2/files-2.1/org.liquibase/liquibase-core/3.5.5/c65051f327382018bd09c30380f25eac96f210da/liquibase-core-3.5.5.jar!/liquibase/parser/core/xml/dbchangelog-3.5.xsd as liquibase/parser/core/xml/dbchangelog-3.5.xsd
17:43:44.853 [Test worker] DEBUG LiquibaseSchemaResolver - Successfully loaded XSD from liquibase/parser/core/xml/dbchangelog-3.5.xsd
17:43:44.879 [Test worker] DEBUG liquibase - Opening jar:file:/C:/Users/user/.gradle/caches/modules-2/files-2.1/net.corda/corda-node/4.1/45583a2ad1dc5cdd2b90b4ff6d3bfe980bbba0cc/corda-node-4.1.jar!/migration/vault-schema.changelog-v5.xml as migration/vault-schema.changelog-v5.xml
17:43:44.884 [Test worker] DEBUG liquibase - Resolving XML entity name='null', publicId='null', baseURI='null', systemId='http://www.liquibase.org/xml/ns/dbchangelog/dbchangelog-3.5.xsd'
17:43:44.888 [Test worker] DEBUG LiquibaseSchemaResolver - Found namespace details class liquibase.parser.core.xml.StandardNamespaceDetails for http://www.liquibase.org/xml/ns/dbchangelog/dbchangelog-3.5.xsd
17:43:44.888 [Test worker] DEBUG LiquibaseSchemaResolver - Local path for http://www.liquibase.org/xml/ns/dbchangelog/dbchangelog-3.5.xsd is liquibase/parser/core/xml/dbchangelog-3.5.xsd
17:43:44.889 [Test worker] DEBUG liquibase - Opening jar:file:/C:/Users/user/.gradle/caches/modules-2/files-2.1/org.liquibase/liquibase-core/3.5.5/c65051f327382018bd09c30380f25eac96f210da/liquibase-core-3.5.5.jar!/liquibase/parser/core/xml/dbchangelog-3.5.xsd as liquibase/parser/core/xml/dbchangelog-3.5.xsd
17:43:44.890 [Test worker] DEBUG LiquibaseSchemaResolver - Successfully loaded XSD from liquibase/parser/core/xml/dbchangelog-3.5.xsd
17:43:44.907 [Test worker] DEBUG liquibase - Opening jar:file:/C:/Users/user/.gradle/caches/modules-2/files-2.1/net.corda/corda-node/4.1/45583a2ad1dc5cdd2b90b4ff6d3bfe980bbba0cc/corda-node-4.1.jar!/migration/vault-schema.changelog-v6.xml as migration/vault-schema.changelog-v6.xml
17:43:44.910 [Test worker] DEBUG liquibase - Resolving XML entity name='null', publicId='null', baseURI='null', systemId='http://www.liquibase.org/xml/ns/dbchangelog/dbchangelog-3.5.xsd'
17:43:44.910 [Test worker] DEBUG LiquibaseSchemaResolver - Found namespace details class liquibase.parser.core.xml.StandardNamespaceDetails for http://www.liquibase.org/xml/ns/dbchangelog/dbchangelog-3.5.xsd
17:43:44.910 [Test worker] DEBUG LiquibaseSchemaResolver - Local path for http://www.liquibase.org/xml/ns/dbchangelog/dbchangelog-3.5.xsd is liquibase/parser/core/xml/dbchangelog-3.5.xsd
17:43:44.910 [Test worker] DEBUG liquibase - Opening jar:file:/C:/Users/user/.gradle/caches/modules-2/files-2.1/org.liquibase/liquibase-core/3.5.5/c65051f327382018bd09c30380f25eac96f210da/liquibase-core-3.5.5.jar!/liquibase/parser/core/xml/dbchangelog-3.5.xsd as liquibase/parser/core/xml/dbchangelog-3.5.xsd
17:43:44.911 [Test worker] DEBUG LiquibaseSchemaResolver - Successfully loaded XSD from liquibase/parser/core/xml/dbchangelog-3.5.xsd
17:43:44.923 [Test worker] DEBUG liquibase - Opening jar:file:/C:/Users/user/.gradle/caches/modules-2/files-2.1/net.corda/corda-node/4.1/45583a2ad1dc5cdd2b90b4ff6d3bfe980bbba0cc/corda-node-4.1.jar!/migration/vault-schema.changelog-v7.xml as migration/vault-schema.changelog-v7.xml
17:43:44.926 [Test worker] DEBUG liquibase - Resolving XML entity name='null', publicId='null', baseURI='null', systemId='http://www.liquibase.org/xml/ns/dbchangelog/dbchangelog-3.5.xsd'
17:43:44.926 [Test worker] DEBUG LiquibaseSchemaResolver - Found namespace details class liquibase.parser.core.xml.StandardNamespaceDetails for http://www.liquibase.org/xml/ns/dbchangelog/dbchangelog-3.5.xsd
17:43:44.926 [Test worker] DEBUG LiquibaseSchemaResolver - Local path for http://www.liquibase.org/xml/ns/dbchangelog/dbchangelog-3.5.xsd is liquibase/parser/core/xml/dbchangelog-3.5.xsd
17:43:44.926 [Test worker] DEBUG liquibase - Opening jar:file:/C:/Users/user/.gradle/caches/modules-2/files-2.1/org.liquibase/liquibase-core/3.5.5/c65051f327382018bd09c30380f25eac96f210da/liquibase-core-3.5.5.jar!/liquibase/parser/core/xml/dbchangelog-3.5.xsd as liquibase/parser/core/xml/dbchangelog-3.5.xsd
17:43:44.927 [Test worker] DEBUG LiquibaseSchemaResolver - Successfully loaded XSD from liquibase/parser/core/xml/dbchangelog-3.5.xsd
17:43:44.931 [Test worker] DEBUG liquibase - Opening jar:file:/C:/Users/user/.gradle/caches/modules-2/files-2.1/net.corda/corda-node/4.1/45583a2ad1dc5cdd2b90b4ff6d3bfe980bbba0cc/corda-node-4.1.jar!/migration/vault-schema.changelog-v8.xml as migration/vault-schema.changelog-v8.xml
17:43:44.931 [Test worker] DEBUG liquibase - Resolving XML entity name='null', publicId='null', baseURI='null', systemId='http://www.liquibase.org/xml/ns/dbchangelog/dbchangelog-3.5.xsd'
17:43:44.931 [Test worker] DEBUG LiquibaseSchemaResolver - Found namespace details class liquibase.parser.core.xml.StandardNamespaceDetails for http://www.liquibase.org/xml/ns/dbchangelog/dbchangelog-3.5.xsd
17:43:44.931 [Test worker] DEBUG LiquibaseSchemaResolver - Local path for http://www.liquibase.org/xml/ns/dbchangelog/dbchangelog-3.5.xsd is liquibase/parser/core/xml/dbchangelog-3.5.xsd
17:43:44.931 [Test worker] DEBUG liquibase - Opening jar:file:/C:/Users/user/.gradle/caches/modules-2/files-2.1/org.liquibase/liquibase-core/3.5.5/c65051f327382018bd09c30380f25eac96f210da/liquibase-core-3.5.5.jar!/liquibase/parser/core/xml/dbchangelog-3.5.xsd as liquibase/parser/core/xml/dbchangelog-3.5.xsd
17:43:44.931 [Test worker] DEBUG LiquibaseSchemaResolver - Successfully loaded XSD from liquibase/parser/core/xml/dbchangelog-3.5.xsd
17:43:44.951 [Test worker] DEBUG liquibase - Opening jar:file:/C:/Users/user/.gradle/caches/modules-2/files-2.1/net.corda/corda-node/4.1/45583a2ad1dc5cdd2b90b4ff6d3bfe980bbba0cc/corda-node-4.1.jar!/migration/node-info.changelog-master.xml as migration/node-info.changelog-master.xml
17:43:44.954 [Test worker] DEBUG liquibase - Resolving XML entity name='null', publicId='null', baseURI='null', systemId='http://www.liquibase.org/xml/ns/dbchangelog/dbchangelog-3.5.xsd'
17:43:44.954 [Test worker] DEBUG LiquibaseSchemaResolver - Found namespace details class liquibase.parser.core.xml.StandardNamespaceDetails for http://www.liquibase.org/xml/ns/dbchangelog/dbchangelog-3.5.xsd
17:43:44.954 [Test worker] DEBUG LiquibaseSchemaResolver - Local path for http://www.liquibase.org/xml/ns/dbchangelog/dbchangelog-3.5.xsd is liquibase/parser/core/xml/dbchangelog-3.5.xsd
17:43:44.954 [Test worker] DEBUG liquibase - Opening jar:file:/C:/Users/user/.gradle/caches/modules-2/files-2.1/org.liquibase/liquibase-core/3.5.5/c65051f327382018bd09c30380f25eac96f210da/liquibase-core-3.5.5.jar!/liquibase/parser/core/xml/dbchangelog-3.5.xsd as liquibase/parser/core/xml/dbchangelog-3.5.xsd
17:43:44.955 [Test worker] DEBUG LiquibaseSchemaResolver - Successfully loaded XSD from liquibase/parser/core/xml/dbchangelog-3.5.xsd
17:43:44.963 [Test worker] DEBUG liquibase - Opening jar:file:/C:/Users/user/.gradle/caches/modules-2/files-2.1/net.corda/corda-node/4.1/45583a2ad1dc5cdd2b90b4ff6d3bfe980bbba0cc/corda-node-4.1.jar!/migration/node-info.changelog-init.xml as migration/node-info.changelog-init.xml
17:43:44.965 [Test worker] DEBUG liquibase - Resolving XML entity name='null', publicId='null', baseURI='null', systemId='http://www.liquibase.org/xml/ns/dbchangelog/dbchangelog-3.5.xsd'
17:43:44.966 [Test worker] DEBUG LiquibaseSchemaResolver - Found namespace details class liquibase.parser.core.xml.StandardNamespaceDetails for http://www.liquibase.org/xml/ns/dbchangelog/dbchangelog-3.5.xsd
17:43:44.966 [Test worker] DEBUG LiquibaseSchemaResolver - Local path for http://www.liquibase.org/xml/ns/dbchangelog/dbchangelog-3.5.xsd is liquibase/parser/core/xml/dbchangelog-3.5.xsd
17:43:44.967 [Test worker] DEBUG liquibase - Opening jar:file:/C:/Users/user/.gradle/caches/modules-2/files-2.1/org.liquibase/liquibase-core/3.5.5/c65051f327382018bd09c30380f25eac96f210da/liquibase-core-3.5.5.jar!/liquibase/parser/core/xml/dbchangelog-3.5.xsd as liquibase/parser/core/xml/dbchangelog-3.5.xsd
17:43:44.968 [Test worker] DEBUG LiquibaseSchemaResolver - Successfully loaded XSD from liquibase/parser/core/xml/dbchangelog-3.5.xsd
17:43:44.979 [Test worker] DEBUG liquibase - Opening jar:file:/C:/Users/user/.gradle/caches/modules-2/files-2.1/net.corda/corda-node/4.1/45583a2ad1dc5cdd2b90b4ff6d3bfe980bbba0cc/corda-node-4.1.jar!/migration/node-info.changelog-v1.xml as migration/node-info.changelog-v1.xml
17:43:44.981 [Test worker] DEBUG liquibase - Resolving XML entity name='null', publicId='null', baseURI='null', systemId='http://www.liquibase.org/xml/ns/dbchangelog/dbchangelog-3.5.xsd'
17:43:44.981 [Test worker] DEBUG LiquibaseSchemaResolver - Found namespace details class liquibase.parser.core.xml.StandardNamespaceDetails for http://www.liquibase.org/xml/ns/dbchangelog/dbchangelog-3.5.xsd
17:43:44.981 [Test worker] DEBUG LiquibaseSchemaResolver - Local path for http://www.liquibase.org/xml/ns/dbchangelog/dbchangelog-3.5.xsd is liquibase/parser/core/xml/dbchangelog-3.5.xsd
17:43:44.982 [Test worker] DEBUG liquibase - Opening jar:file:/C:/Users/user/.gradle/caches/modules-2/files-2.1/org.liquibase/liquibase-core/3.5.5/c65051f327382018bd09c30380f25eac96f210da/liquibase-core-3.5.5.jar!/liquibase/parser/core/xml/dbchangelog-3.5.xsd as liquibase/parser/core/xml/dbchangelog-3.5.xsd
17:43:44.982 [Test worker] DEBUG LiquibaseSchemaResolver - Successfully loaded XSD from liquibase/parser/core/xml/dbchangelog-3.5.xsd
17:43:44.998 [Test worker] DEBUG liquibase - Opening jar:file:/C:/Users/user/.gradle/caches/modules-2/files-2.1/net.corda/corda-node/4.1/45583a2ad1dc5cdd2b90b4ff6d3bfe980bbba0cc/corda-node-4.1.jar!/migration/node-info.changelog-v2.xml as migration/node-info.changelog-v2.xml
17:43:45.001 [Test worker] DEBUG liquibase - Resolving XML entity name='null', publicId='null', baseURI='null', systemId='http://www.liquibase.org/xml/ns/dbchangelog/dbchangelog-3.5.xsd'
17:43:45.002 [Test worker] DEBUG LiquibaseSchemaResolver - Found namespace details class liquibase.parser.core.xml.StandardNamespaceDetails for http://www.liquibase.org/xml/ns/dbchangelog/dbchangelog-3.5.xsd
17:43:45.003 [Test worker] DEBUG LiquibaseSchemaResolver - Local path for http://www.liquibase.org/xml/ns/dbchangelog/dbchangelog-3.5.xsd is liquibase/parser/core/xml/dbchangelog-3.5.xsd
17:43:45.004 [Test worker] DEBUG liquibase - Opening jar:file:/C:/Users/user/.gradle/caches/modules-2/files-2.1/org.liquibase/liquibase-core/3.5.5/c65051f327382018bd09c30380f25eac96f210da/liquibase-core-3.5.5.jar!/liquibase/parser/core/xml/dbchangelog-3.5.xsd as liquibase/parser/core/xml/dbchangelog-3.5.xsd
17:43:45.005 [Test worker] DEBUG LiquibaseSchemaResolver - Successfully loaded XSD from liquibase/parser/core/xml/dbchangelog-3.5.xsd
17:43:45.022 [Test worker] DEBUG liquibase - Opening jar:file:/C:/Users/user/.gradle/caches/modules-2/files-2.1/net.corda/corda-node/4.1/45583a2ad1dc5cdd2b90b4ff6d3bfe980bbba0cc/corda-node-4.1.jar!/migration/node-info.changelog-v3.xml as migration/node-info.changelog-v3.xml
17:43:45.024 [Test worker] DEBUG liquibase - Resolving XML entity name='null', publicId='null', baseURI='null', systemId='http://www.liquibase.org/xml/ns/dbchangelog/dbchangelog-3.5.xsd'
17:43:45.024 [Test worker] DEBUG LiquibaseSchemaResolver - Found namespace details class liquibase.parser.core.xml.StandardNamespaceDetails for http://www.liquibase.org/xml/ns/dbchangelog/dbchangelog-3.5.xsd
17:43:45.024 [Test worker] DEBUG LiquibaseSchemaResolver - Local path for http://www.liquibase.org/xml/ns/dbchangelog/dbchangelog-3.5.xsd is liquibase/parser/core/xml/dbchangelog-3.5.xsd
17:43:45.025 [Test worker] DEBUG liquibase - Opening jar:file:/C:/Users/user/.gradle/caches/modules-2/files-2.1/org.liquibase/liquibase-core/3.5.5/c65051f327382018bd09c30380f25eac96f210da/liquibase-core-3.5.5.jar!/liquibase/parser/core/xml/dbchangelog-3.5.xsd as liquibase/parser/core/xml/dbchangelog-3.5.xsd
17:43:45.025 [Test worker] DEBUG LiquibaseSchemaResolver - Successfully loaded XSD from liquibase/parser/core/xml/dbchangelog-3.5.xsd
17:43:45.034 [Test worker] DEBUG liquibase - Opening jar:file:/C:/Users/user/.gradle/caches/modules-2/files-2.1/net.corda/corda-node/4.1/45583a2ad1dc5cdd2b90b4ff6d3bfe980bbba0cc/corda-node-4.1.jar!/migration/node-core.changelog-master.xml as migration/node-core.changelog-master.xml
17:43:45.040 [Test worker] DEBUG liquibase - Resolving XML entity name='null', publicId='null', baseURI='null', systemId='http://www.liquibase.org/xml/ns/dbchangelog/dbchangelog-3.5.xsd'
17:43:45.040 [Test worker] DEBUG LiquibaseSchemaResolver - Found namespace details class liquibase.parser.core.xml.StandardNamespaceDetails for http://www.liquibase.org/xml/ns/dbchangelog/dbchangelog-3.5.xsd
17:43:45.040 [Test worker] DEBUG LiquibaseSchemaResolver - Local path for http://www.liquibase.org/xml/ns/dbchangelog/dbchangelog-3.5.xsd is liquibase/parser/core/xml/dbchangelog-3.5.xsd
17:43:45.043 [Test worker] DEBUG liquibase - Opening jar:file:/C:/Users/user/.gradle/caches/modules-2/files-2.1/org.liquibase/liquibase-core/3.5.5/c65051f327382018bd09c30380f25eac96f210da/liquibase-core-3.5.5.jar!/liquibase/parser/core/xml/dbchangelog-3.5.xsd as liquibase/parser/core/xml/dbchangelog-3.5.xsd
17:43:45.043 [Test worker] DEBUG LiquibaseSchemaResolver - Successfully loaded XSD from liquibase/parser/core/xml/dbchangelog-3.5.xsd
17:43:45.043 [Test worker] DEBUG liquibase - Opening jar:file:/C:/Users/user/.gradle/caches/modules-2/files-2.1/net.corda/corda-node/4.1/45583a2ad1dc5cdd2b90b4ff6d3bfe980bbba0cc/corda-node-4.1.jar!/migration/node-core.changelog-init.xml as migration/node-core.changelog-init.xml
17:43:45.043 [Test worker] DEBUG liquibase - Resolving XML entity name='null', publicId='null', baseURI='null', systemId='http://www.liquibase.org/xml/ns/dbchangelog/dbchangelog-3.5.xsd'
17:43:45.043 [Test worker] DEBUG LiquibaseSchemaResolver - Found namespace details class liquibase.parser.core.xml.StandardNamespaceDetails for http://www.liquibase.org/xml/ns/dbchangelog/dbchangelog-3.5.xsd
17:43:45.043 [Test worker] DEBUG LiquibaseSchemaResolver - Local path for http://www.liquibase.org/xml/ns/dbchangelog/dbchangelog-3.5.xsd is liquibase/parser/core/xml/dbchangelog-3.5.xsd
17:43:45.043 [Test worker] DEBUG liquibase - Opening jar:file:/C:/Users/user/.gradle/caches/modules-2/files-2.1/org.liquibase/liquibase-core/3.5.5/c65051f327382018bd09c30380f25eac96f210da/liquibase-core-3.5.5.jar!/liquibase/parser/core/xml/dbchangelog-3.5.xsd as liquibase/parser/core/xml/dbchangelog-3.5.xsd
17:43:45.043 [Test worker] DEBUG LiquibaseSchemaResolver - Successfully loaded XSD from liquibase/parser/core/xml/dbchangelog-3.5.xsd
17:43:45.059 [Test worker] DEBUG liquibase - Opening jar:file:/C:/Users/user/.gradle/caches/modules-2/files-2.1/net.corda/corda-node/4.1/45583a2ad1dc5cdd2b90b4ff6d3bfe980bbba0cc/corda-node-4.1.jar!/migration/node-core.changelog-v3.xml as migration/node-core.changelog-v3.xml
17:43:45.075 [Test worker] DEBUG liquibase - Resolving XML entity name='null', publicId='null', baseURI='null', systemId='http://www.liquibase.org/xml/ns/dbchangelog/dbchangelog-3.5.xsd'
17:43:45.075 [Test worker] DEBUG LiquibaseSchemaResolver - Found namespace details class liquibase.parser.core.xml.StandardNamespaceDetails for http://www.liquibase.org/xml/ns/dbchangelog/dbchangelog-3.5.xsd
17:43:45.075 [Test worker] DEBUG LiquibaseSchemaResolver - Local path for http://www.liquibase.org/xml/ns/dbchangelog/dbchangelog-3.5.xsd is liquibase/parser/core/xml/dbchangelog-3.5.xsd
17:43:45.075 [Test worker] DEBUG liquibase - Opening jar:file:/C:/Users/user/.gradle/caches/modules-2/files-2.1/org.liquibase/liquibase-core/3.5.5/c65051f327382018bd09c30380f25eac96f210da/liquibase-core-3.5.5.jar!/liquibase/parser/core/xml/dbchangelog-3.5.xsd as liquibase/parser/core/xml/dbchangelog-3.5.xsd
17:43:45.075 [Test worker] DEBUG LiquibaseSchemaResolver - Successfully loaded XSD from liquibase/parser/core/xml/dbchangelog-3.5.xsd
17:43:45.090 [Test worker] DEBUG liquibase - Opening jar:file:/C:/Users/user/.gradle/caches/modules-2/files-2.1/net.corda/corda-node/4.1/45583a2ad1dc5cdd2b90b4ff6d3bfe980bbba0cc/corda-node-4.1.jar!/migration/node-core.changelog-v4.xml as migration/node-core.changelog-v4.xml
17:43:45.090 [Test worker] DEBUG liquibase - Resolving XML entity name='null', publicId='null', baseURI='null', systemId='http://www.liquibase.org/xml/ns/dbchangelog/dbchangelog-3.5.xsd'
17:43:45.090 [Test worker] DEBUG LiquibaseSchemaResolver - Found namespace details class liquibase.parser.core.xml.StandardNamespaceDetails for http://www.liquibase.org/xml/ns/dbchangelog/dbchangelog-3.5.xsd
17:43:45.090 [Test worker] DEBUG LiquibaseSchemaResolver - Local path for http://www.liquibase.org/xml/ns/dbchangelog/dbchangelog-3.5.xsd is liquibase/parser/core/xml/dbchangelog-3.5.xsd
17:43:45.090 [Test worker] DEBUG liquibase - Opening jar:file:/C:/Users/user/.gradle/caches/modules-2/files-2.1/org.liquibase/liquibase-core/3.5.5/c65051f327382018bd09c30380f25eac96f210da/liquibase-core-3.5.5.jar!/liquibase/parser/core/xml/dbchangelog-3.5.xsd as liquibase/parser/core/xml/dbchangelog-3.5.xsd
17:43:45.090 [Test worker] DEBUG LiquibaseSchemaResolver - Successfully loaded XSD from liquibase/parser/core/xml/dbchangelog-3.5.xsd
17:43:45.115 [Test worker] DEBUG liquibase - Opening jar:file:/C:/Users/user/.gradle/caches/modules-2/files-2.1/net.corda/corda-node/4.1/45583a2ad1dc5cdd2b90b4ff6d3bfe980bbba0cc/corda-node-4.1.jar!/migration/node-core.changelog-v5.xml as migration/node-core.changelog-v5.xml
17:43:45.117 [Test worker] DEBUG liquibase - Resolving XML entity name='null', publicId='null', baseURI='null', systemId='http://www.liquibase.org/xml/ns/dbchangelog/dbchangelog-3.5.xsd'
17:43:45.119 [Test worker] DEBUG LiquibaseSchemaResolver - Found namespace details class liquibase.parser.core.xml.StandardNamespaceDetails for http://www.liquibase.org/xml/ns/dbchangelog/dbchangelog-3.5.xsd
17:43:45.119 [Test worker] DEBUG LiquibaseSchemaResolver - Local path for http://www.liquibase.org/xml/ns/dbchangelog/dbchangelog-3.5.xsd is liquibase/parser/core/xml/dbchangelog-3.5.xsd
17:43:45.120 [Test worker] DEBUG liquibase - Opening jar:file:/C:/Users/user/.gradle/caches/modules-2/files-2.1/org.liquibase/liquibase-core/3.5.5/c65051f327382018bd09c30380f25eac96f210da/liquibase-core-3.5.5.jar!/liquibase/parser/core/xml/dbchangelog-3.5.xsd as liquibase/parser/core/xml/dbchangelog-3.5.xsd
17:43:45.121 [Test worker] DEBUG LiquibaseSchemaResolver - Successfully loaded XSD from liquibase/parser/core/xml/dbchangelog-3.5.xsd
17:43:45.130 [Test worker] DEBUG liquibase - Opening jar:file:/C:/Users/user/.gradle/caches/modules-2/files-2.1/net.corda/corda-node/4.1/45583a2ad1dc5cdd2b90b4ff6d3bfe980bbba0cc/corda-node-4.1.jar!/migration/node-core.changelog-pkey.xml as migration/node-core.changelog-pkey.xml
17:43:45.132 [Test worker] DEBUG liquibase - Resolving XML entity name='null', publicId='null', baseURI='null', systemId='http://www.liquibase.org/xml/ns/dbchangelog/dbchangelog-3.5.xsd'
17:43:45.132 [Test worker] DEBUG LiquibaseSchemaResolver - Found namespace details class liquibase.parser.core.xml.StandardNamespaceDetails for http://www.liquibase.org/xml/ns/dbchangelog/dbchangelog-3.5.xsd
17:43:45.132 [Test worker] DEBUG LiquibaseSchemaResolver - Local path for http://www.liquibase.org/xml/ns/dbchangelog/dbchangelog-3.5.xsd is liquibase/parser/core/xml/dbchangelog-3.5.xsd
17:43:45.133 [Test worker] DEBUG liquibase - Opening jar:file:/C:/Users/user/.gradle/caches/modules-2/files-2.1/org.liquibase/liquibase-core/3.5.5/c65051f327382018bd09c30380f25eac96f210da/liquibase-core-3.5.5.jar!/liquibase/parser/core/xml/dbchangelog-3.5.xsd as liquibase/parser/core/xml/dbchangelog-3.5.xsd
17:43:45.133 [Test worker] DEBUG LiquibaseSchemaResolver - Successfully loaded XSD from liquibase/parser/core/xml/dbchangelog-3.5.xsd
17:43:45.146 [Test worker] DEBUG liquibase - Opening jar:file:/C:/Users/user/.gradle/caches/modules-2/files-2.1/net.corda/corda-node/4.1/45583a2ad1dc5cdd2b90b4ff6d3bfe980bbba0cc/corda-node-4.1.jar!/migration/node-core.changelog-postgres-blob.xml as migration/node-core.changelog-postgres-blob.xml
17:43:45.149 [Test worker] DEBUG liquibase - Resolving XML entity name='null', publicId='null', baseURI='null', systemId='http://www.liquibase.org/xml/ns/dbchangelog/dbchangelog-3.5.xsd'
17:43:45.149 [Test worker] DEBUG LiquibaseSchemaResolver - Found namespace details class liquibase.parser.core.xml.StandardNamespaceDetails for http://www.liquibase.org/xml/ns/dbchangelog/dbchangelog-3.5.xsd
17:43:45.149 [Test worker] DEBUG LiquibaseSchemaResolver - Local path for http://www.liquibase.org/xml/ns/dbchangelog/dbchangelog-3.5.xsd is liquibase/parser/core/xml/dbchangelog-3.5.xsd
17:43:45.152 [Test worker] DEBUG liquibase - Opening jar:file:/C:/Users/user/.gradle/caches/modules-2/files-2.1/org.liquibase/liquibase-core/3.5.5/c65051f327382018bd09c30380f25eac96f210da/liquibase-core-3.5.5.jar!/liquibase/parser/core/xml/dbchangelog-3.5.xsd as liquibase/parser/core/xml/dbchangelog-3.5.xsd
17:43:45.153 [Test worker] DEBUG LiquibaseSchemaResolver - Successfully loaded XSD from liquibase/parser/core/xml/dbchangelog-3.5.xsd
17:43:45.162 [Test worker] DEBUG liquibase - Opening jar:file:/C:/Users/user/.gradle/caches/modules-2/files-2.1/net.corda/corda-node/4.1/45583a2ad1dc5cdd2b90b4ff6d3bfe980bbba0cc/corda-node-4.1.jar!/migration/node-core.changelog-v8.xml as migration/node-core.changelog-v8.xml
17:43:45.164 [Test worker] DEBUG liquibase - Resolving XML entity name='null', publicId='null', baseURI='null', systemId='http://www.liquibase.org/xml/ns/dbchangelog/dbchangelog-3.5.xsd'
17:43:45.165 [Test worker] DEBUG LiquibaseSchemaResolver - Found namespace details class liquibase.parser.core.xml.StandardNamespaceDetails for http://www.liquibase.org/xml/ns/dbchangelog/dbchangelog-3.5.xsd
17:43:45.165 [Test worker] DEBUG LiquibaseSchemaResolver - Local path for http://www.liquibase.org/xml/ns/dbchangelog/dbchangelog-3.5.xsd is liquibase/parser/core/xml/dbchangelog-3.5.xsd
17:43:45.165 [Test worker] DEBUG liquibase - Opening jar:file:/C:/Users/user/.gradle/caches/modules-2/files-2.1/org.liquibase/liquibase-core/3.5.5/c65051f327382018bd09c30380f25eac96f210da/liquibase-core-3.5.5.jar!/liquibase/parser/core/xml/dbchangelog-3.5.xsd as liquibase/parser/core/xml/dbchangelog-3.5.xsd
17:43:45.166 [Test worker] DEBUG LiquibaseSchemaResolver - Successfully loaded XSD from liquibase/parser/core/xml/dbchangelog-3.5.xsd
17:43:45.168 [Test worker] DEBUG liquibase - Opening jar:file:/C:/Users/user/.gradle/caches/modules-2/files-2.1/net.corda/corda-node/4.1/45583a2ad1dc5cdd2b90b4ff6d3bfe980bbba0cc/corda-node-4.1.jar!/migration/node-core.changelog-tx-mapping.xml as migration/node-core.changelog-tx-mapping.xml
17:43:45.168 [Test worker] DEBUG liquibase - Resolving XML entity name='null', publicId='null', baseURI='null', systemId='http://www.liquibase.org/xml/ns/dbchangelog/dbchangelog-3.5.xsd'
17:43:45.168 [Test worker] DEBUG LiquibaseSchemaResolver - Found namespace details class liquibase.parser.core.xml.StandardNamespaceDetails for http://www.liquibase.org/xml/ns/dbchangelog/dbchangelog-3.5.xsd
17:43:45.168 [Test worker] DEBUG LiquibaseSchemaResolver - Local path for http://www.liquibase.org/xml/ns/dbchangelog/dbchangelog-3.5.xsd is liquibase/parser/core/xml/dbchangelog-3.5.xsd
17:43:45.168 [Test worker] DEBUG liquibase - Opening jar:file:/C:/Users/user/.gradle/caches/modules-2/files-2.1/org.liquibase/liquibase-core/3.5.5/c65051f327382018bd09c30380f25eac96f210da/liquibase-core-3.5.5.jar!/liquibase/parser/core/xml/dbchangelog-3.5.xsd as liquibase/parser/core/xml/dbchangelog-3.5.xsd
17:43:45.168 [Test worker] DEBUG LiquibaseSchemaResolver - Successfully loaded XSD from liquibase/parser/core/xml/dbchangelog-3.5.xsd
17:43:45.183 [Test worker] DEBUG liquibase - Opening jar:file:/C:/Users/user/.gradle/caches/modules-2/files-2.1/net.corda/corda-node/4.1/45583a2ad1dc5cdd2b90b4ff6d3bfe980bbba0cc/corda-node-4.1.jar!/migration/node-core.changelog-v9.xml as migration/node-core.changelog-v9.xml
17:43:45.192 [Test worker] DEBUG liquibase - Resolving XML entity name='null', publicId='null', baseURI='null', systemId='http://www.liquibase.org/xml/ns/dbchangelog/dbchangelog-3.5.xsd'
17:43:45.193 [Test worker] DEBUG LiquibaseSchemaResolver - Found namespace details class liquibase.parser.core.xml.StandardNamespaceDetails for http://www.liquibase.org/xml/ns/dbchangelog/dbchangelog-3.5.xsd
17:43:45.194 [Test worker] DEBUG LiquibaseSchemaResolver - Local path for http://www.liquibase.org/xml/ns/dbchangelog/dbchangelog-3.5.xsd is liquibase/parser/core/xml/dbchangelog-3.5.xsd
17:43:45.194 [Test worker] DEBUG liquibase - Opening jar:file:/C:/Users/user/.gradle/caches/modules-2/files-2.1/org.liquibase/liquibase-core/3.5.5/c65051f327382018bd09c30380f25eac96f210da/liquibase-core-3.5.5.jar!/liquibase/parser/core/xml/dbchangelog-3.5.xsd as liquibase/parser/core/xml/dbchangelog-3.5.xsd
17:43:45.196 [Test worker] DEBUG LiquibaseSchemaResolver - Successfully loaded XSD from liquibase/parser/core/xml/dbchangelog-3.5.xsd
17:43:45.212 [Test worker] DEBUG liquibase - Opening jar:file:/C:/Users/user/.gradle/caches/modules-2/files-2.1/net.corda/corda-node/4.1/45583a2ad1dc5cdd2b90b4ff6d3bfe980bbba0cc/corda-node-4.1.jar!/migration/node-core.changelog-v10.xml as migration/node-core.changelog-v10.xml
17:43:45.215 [Test worker] DEBUG liquibase - Resolving XML entity name='null', publicId='null', baseURI='null', systemId='http://www.liquibase.org/xml/ns/dbchangelog/dbchangelog-3.5.xsd'
17:43:45.215 [Test worker] DEBUG LiquibaseSchemaResolver - Found namespace details class liquibase.parser.core.xml.StandardNamespaceDetails for http://www.liquibase.org/xml/ns/dbchangelog/dbchangelog-3.5.xsd
17:43:45.216 [Test worker] DEBUG LiquibaseSchemaResolver - Local path for http://www.liquibase.org/xml/ns/dbchangelog/dbchangelog-3.5.xsd is liquibase/parser/core/xml/dbchangelog-3.5.xsd
17:43:45.217 [Test worker] DEBUG liquibase - Opening jar:file:/C:/Users/user/.gradle/caches/modules-2/files-2.1/org.liquibase/liquibase-core/3.5.5/c65051f327382018bd09c30380f25eac96f210da/liquibase-core-3.5.5.jar!/liquibase/parser/core/xml/dbchangelog-3.5.xsd as liquibase/parser/core/xml/dbchangelog-3.5.xsd
17:43:45.218 [Test worker] DEBUG LiquibaseSchemaResolver - Successfully loaded XSD from liquibase/parser/core/xml/dbchangelog-3.5.xsd
17:43:45.230 [Test worker] DEBUG liquibase - Opening jar:file:/C:/Users/user/.gradle/caches/modules-2/files-2.1/net.corda/corda-node/4.1/45583a2ad1dc5cdd2b90b4ff6d3bfe980bbba0cc/corda-node-4.1.jar!/migration/node-core.changelog-v11.xml as migration/node-core.changelog-v11.xml
17:43:45.233 [Test worker] DEBUG liquibase - Resolving XML entity name='null', publicId='null', baseURI='null', systemId='http://www.liquibase.org/xml/ns/dbchangelog/dbchangelog-3.5.xsd'
17:43:45.233 [Test worker] DEBUG LiquibaseSchemaResolver - Found namespace details class liquibase.parser.core.xml.StandardNamespaceDetails for http://www.liquibase.org/xml/ns/dbchangelog/dbchangelog-3.5.xsd
17:43:45.233 [Test worker] DEBUG LiquibaseSchemaResolver - Local path for http://www.liquibase.org/xml/ns/dbchangelog/dbchangelog-3.5.xsd is liquibase/parser/core/xml/dbchangelog-3.5.xsd
17:43:45.233 [Test worker] DEBUG liquibase - Opening jar:file:/C:/Users/user/.gradle/caches/modules-2/files-2.1/org.liquibase/liquibase-core/3.5.5/c65051f327382018bd09c30380f25eac96f210da/liquibase-core-3.5.5.jar!/liquibase/parser/core/xml/dbchangelog-3.5.xsd as liquibase/parser/core/xml/dbchangelog-3.5.xsd
17:43:45.234 [Test worker] DEBUG LiquibaseSchemaResolver - Successfully loaded XSD from liquibase/parser/core/xml/dbchangelog-3.5.xsd
17:43:45.244 [Test worker] DEBUG liquibase - Opening jar:file:/C:/Users/user/.gradle/caches/modules-2/files-2.1/net.corda/corda-node/4.1/45583a2ad1dc5cdd2b90b4ff6d3bfe980bbba0cc/corda-node-4.1.jar!/migration/vault-schema.changelog-v9.xml as migration/vault-schema.changelog-v9.xml
17:43:45.248 [Test worker] DEBUG liquibase - Resolving XML entity name='null', publicId='null', baseURI='null', systemId='http://www.liquibase.org/xml/ns/dbchangelog/dbchangelog-3.5.xsd'
17:43:45.249 [Test worker] DEBUG LiquibaseSchemaResolver - Found namespace details class liquibase.parser.core.xml.StandardNamespaceDetails for http://www.liquibase.org/xml/ns/dbchangelog/dbchangelog-3.5.xsd
17:43:45.249 [Test worker] DEBUG LiquibaseSchemaResolver - Local path for http://www.liquibase.org/xml/ns/dbchangelog/dbchangelog-3.5.xsd is liquibase/parser/core/xml/dbchangelog-3.5.xsd
17:43:45.250 [Test worker] DEBUG liquibase - Opening jar:file:/C:/Users/user/.gradle/caches/modules-2/files-2.1/org.liquibase/liquibase-core/3.5.5/c65051f327382018bd09c30380f25eac96f210da/liquibase-core-3.5.5.jar!/liquibase/parser/core/xml/dbchangelog-3.5.xsd as liquibase/parser/core/xml/dbchangelog-3.5.xsd
17:43:45.253 [Test worker] DEBUG LiquibaseSchemaResolver - Successfully loaded XSD from liquibase/parser/core/xml/dbchangelog-3.5.xsd
17:43:45.273 [Test worker] DEBUG liquibase - Create Database Change Log Table
17:43:45.274 [Test worker] INFO liquibase - Creating database history table with name: PUBLIC.DATABASECHANGELOG
17:43:45.276 [Test worker] DEBUG liquibase - Executing EXECUTE database command: CREATE TABLE PUBLIC.DATABASECHANGELOG (ID VARCHAR(255) NOT NULL, AUTHOR VARCHAR(255) NOT NULL, FILENAME VARCHAR(255) NOT NULL, DATEEXECUTED TIMESTAMP NOT NULL, ORDEREXECUTED INT NOT NULL, EXECTYPE VARCHAR(10) NOT NULL, MD5SUM VARCHAR(35), DESCRIPTION VARCHAR(255), COMMENTS VARCHAR(255), TAG VARCHAR(255), LIQUIBASE VARCHAR(20), CONTEXTS VARCHAR(255), LABELS VARCHAR(255), DEPLOYMENT_ID VARCHAR(10))
17:43:45.279 [Test worker] DEBUG liquibase - Executing QUERY database command: select count(*) from PUBLIC.DATABASECHANGELOG
17:43:45.280 [Test worker] INFO liquibase - Reading from PUBLIC.DATABASECHANGELOG
17:43:45.280 [Test worker] DEBUG liquibase - Executing QUERY database command: SELECT * FROM PUBLIC.DATABASECHANGELOG ORDER BY DATEEXECUTED ASC, ORDEREXECUTED ASC
17:43:45.280 [Test worker] DEBUG liquibase - Executing QUERY database command: select count(*) from PUBLIC.DATABASECHANGELOGLOCK
17:43:45.281 [Test worker] DEBUG liquibase - Create Database Lock Table
17:43:45.281 [Test worker] DEBUG liquibase - Executing EXECUTE database command: CREATE TABLE PUBLIC.DATABASECHANGELOGLOCK (ID INT NOT NULL, LOCKED BOOLEAN NOT NULL, LOCKGRANTED TIMESTAMP, LOCKEDBY VARCHAR(255), CONSTRAINT PK_DATABASECHANGELOGLOCK PRIMARY KEY (ID))
17:43:45.282 [Test worker] DEBUG liquibase - Created database lock table with name: PUBLIC.DATABASECHANGELOGLOCK
17:43:45.282 [Test worker] DEBUG liquibase - Executing QUERY database command: select count(*) from PUBLIC.DATABASECHANGELOGLOCK
17:43:45.282 [Test worker] DEBUG liquibase - Initialize Database Lock Table
17:43:45.282 [Test worker] DEBUG liquibase - Executing EXECUTE database command: DELETE FROM PUBLIC.DATABASECHANGELOGLOCK
17:43:45.283 [Test worker] DEBUG liquibase - Executing EXECUTE database command: INSERT INTO PUBLIC.DATABASECHANGELOGLOCK (ID, LOCKED) VALUES (1, FALSE)
17:43:45.283 [Test worker] DEBUG liquibase - master.changelog.json: migration/common.changelog-init.xml::1511451595465-1.1::R3.Corda: Computed checksum for createSequence:[
    sequenceName="hibernate_sequence"
] as 3b59bc60f6cf5c7c76b020ae29954565
17:43:45.283 [Test worker] DEBUG liquibase - master.changelog.json: migration/common.changelog-init.xml::1511451595465-1.1::R3.Corda: Computed checksum for 7:3b59bc60f6cf5c7c76b020ae29954565: as afe897bea20bc08d1681087c94d0967d
17:43:45.284 [Test worker] DEBUG liquibase - master.changelog.json: migration/common.changelog-init.xml::1511451595465-1.3::R3.Corda: Computed checksum for createSequence:[
    minValue="1"
    sequenceName="hibernate_sequence"
] as f473914cdfde3972225cdb465aeff71d
17:43:45.284 [Test worker] DEBUG liquibase - master.changelog.json: migration/common.changelog-init.xml::1511451595465-1.3::R3.Corda: Computed checksum for 7:f473914cdfde3972225cdb465aeff71d: as b775a64dd8351ca0b00329ea3e49f44b
17:43:45.284 [Test worker] INFO liquibase - master.changelog.json: migration/common.changelog-init.xml::1511451595465-1.3::R3.Corda: Skipping changeSet migration/common.changelog-init.xml::1511451595465-1.3::R3.Corda due to validation error(s): minValue is not allowed on h2
17:43:45.289 [Test worker] DEBUG liquibase - master.changelog.json: migration/vault-schema.changelog-init.xml::1511451595465-22::R3.Corda: Computed checksum for createTable:[
    columns=[
        [
            [
                nullable="false"
            ]
            name="output_index"
            type="INT"
        ],
        [
            [
                nullable="false"
            ]
            name="transaction_id"
            type="NVARCHAR(64)"
        ],
        [
            name="issuer_name"
            type="NVARCHAR(255)"
        ],
        [
            name="issuer_ref"
            type="varbinary(512)"
        ],
        [
       ... [truncated in log] as e175aecbeafccf493b3899098eb581f2
17:43:45.289 [Test worker] DEBUG liquibase - master.changelog.json: migration/vault-schema.changelog-init.xml::1511451595465-22::R3.Corda: Computed checksum for 7:e175aecbeafccf493b3899098eb581f2: as 1f8a20296ddeb0fc739bd8e7084b0bab
17:43:45.290 [Test worker] DEBUG liquibase - master.changelog.json: migration/vault-schema.changelog-init.xml::1511451595465-23::R3.Corda: Computed checksum for createTable:[
    columns=[
        [
            [
                nullable="false"
            ]
            name="output_index"
            type="INT"
        ],
        [
            [
                nullable="false"
            ]
            name="transaction_id"
            type="NVARCHAR(64)"
        ],
        [
            name="participants"
            type="NVARCHAR(255)"
        ]
    ]
    tableName="vault_fungible_states_parts"
] as add94f234be5f070e7c2a20110730809
17:43:45.290 [Test worker] DEBUG liquibase - master.changelog.json: migration/vault-schema.changelog-init.xml::1511451595465-23::R3.Corda: Computed checksum for 7:add94f234be5f070e7c2a20110730809: as 1a9f6483c225c03a3a558b5b20306741
17:43:45.291 [Test worker] DEBUG liquibase - master.changelog.json: migration/vault-schema.changelog-init.xml::1511451595465-24::R3.Corda: Computed checksum for createTable:[
    columns=[
        [
            [
                nullable="false"
            ]
            name="output_index"
            type="INT"
        ],
        [
            [
                nullable="false"
            ]
            name="transaction_id"
            type="NVARCHAR(64)"
        ],
        [
            name="external_id"
            type="NVARCHAR(255)"
        ],
        [
            [
                nullable="false"
            ]
            name="uuid"
       ... [truncated in log] as a2b34ccc00e85d4de9b82e22ec7fa971
17:43:45.291 [Test worker] DEBUG liquibase - master.changelog.json: migration/vault-schema.changelog-init.xml::1511451595465-24::R3.Corda: Computed checksum for 7:a2b34ccc00e85d4de9b82e22ec7fa971: as cc33e3b7b7db0e8613421e71352448d1
17:43:45.292 [Test worker] DEBUG liquibase - master.changelog.json: migration/vault-schema.changelog-init.xml::1511451595465-25::R3.Corda: Computed checksum for createTable:[
    columns=[
        [
            [
                nullable="false"
            ]
            name="output_index"
            type="INT"
        ],
        [
            [
                nullable="false"
            ]
            name="transaction_id"
            type="NVARCHAR(64)"
        ],
        [
            name="participants"
            type="NVARCHAR(255)"
        ]
    ]
    tableName="vault_linear_states_parts"
] as ff0db7191732aba7aa4402b9145d55d8
17:43:45.292 [Test worker] DEBUG liquibase - master.changelog.json: migration/vault-schema.changelog-init.xml::1511451595465-25::R3.Corda: Computed checksum for 7:ff0db7191732aba7aa4402b9145d55d8: as cee1c34886b737d7c86f4ba94a43d9a7
17:43:45.293 [Test worker] DEBUG liquibase - master.changelog.json: migration/vault-schema.changelog-init.xml::1511451595465-26::R3.Corda: Computed checksum for createTable:[
    columns=[
        [
            [
                nullable="false"
            ]
            name="output_index"
            type="INT"
        ],
        [
            [
                nullable="false"
            ]
            name="transaction_id"
            type="NVARCHAR(64)"
        ],
        [
            name="consumed_timestamp"
            type="timestamp"
        ],
        [
            name="contract_state_class_name"
            type="NVARCHAR(255)"
        ],
... [truncated in log] as 3590556b2783206eba7b151844f6a2e8
17:43:45.293 [Test worker] DEBUG liquibase - master.changelog.json: migration/vault-schema.changelog-init.xml::1511451595465-26::R3.Corda: Computed checksum for 7:3590556b2783206eba7b151844f6a2e8: as 47ea918c4e5894a573ed08ff7d3cfcf8
17:43:45.294 [Test worker] DEBUG liquibase - master.changelog.json: migration/vault-schema.changelog-init.xml::1511451595465-27::R3.Corda: Computed checksum for createTable:[
    columns=[
        [
            [
                nullable="false"
            ]
            name="seq_no"
            type="INT"
        ],
        [
            name="note"
            type="NVARCHAR(255)"
        ],
        [
            name="transaction_id"
            type="NVARCHAR(64)"
        ]
    ]
    tableName="vault_transaction_notes"
] as b2a3172c8e54fe287195c0f1d9d79d06
17:43:45.294 [Test worker] DEBUG liquibase - master.changelog.json: migration/vault-schema.changelog-init.xml::1511451595465-27::R3.Corda: Computed checksum for 7:b2a3172c8e54fe287195c0f1d9d79d06: as b335f04504c263e99eb1b4b78fb7b976
17:43:45.294 [Test worker] DEBUG liquibase - master.changelog.json: migration/vault-schema.changelog-init.xml::1511451595465-47::R3.Corda: Computed checksum for addPrimaryKey:[
    columnNames="output_index, transaction_id"
    constraintName="vault_fungible_states_pkey"
    tableName="vault_fungible_states"
] as 1c0d1edb717c326aca50814658fa822a
17:43:45.294 [Test worker] DEBUG liquibase - master.changelog.json: migration/vault-schema.changelog-init.xml::1511451595465-47::R3.Corda: Computed checksum for 7:1c0d1edb717c326aca50814658fa822a: as 5ebf8c6ceacd418805fef0a8d5926d22
17:43:45.295 [Test worker] DEBUG liquibase - master.changelog.json: migration/vault-schema.changelog-init.xml::1511451595465-48::R3.Corda: Computed checksum for addPrimaryKey:[
    columnNames="output_index, transaction_id"
    constraintName="vault_linear_states_pkey"
    tableName="vault_linear_states"
] as 4e3aaffa0ad01595c6c23745084763b1
17:43:45.295 [Test worker] DEBUG liquibase - master.changelog.json: migration/vault-schema.changelog-init.xml::1511451595465-48::R3.Corda: Computed checksum for 7:4e3aaffa0ad01595c6c23745084763b1: as 6852e525af1e0e841b85cbc65c3ef3eb
17:43:45.295 [Test worker] DEBUG liquibase - master.changelog.json: migration/vault-schema.changelog-init.xml::1511451595465-49::R3.Corda: Computed checksum for addPrimaryKey:[
    columnNames="output_index, transaction_id"
    constraintName="vault_states_pkey"
    tableName="vault_states"
] as 4bd501a6f3a2480ca4be1186a9ae2951
17:43:45.295 [Test worker] DEBUG liquibase - master.changelog.json: migration/vault-schema.changelog-init.xml::1511451595465-49::R3.Corda: Computed checksum for 7:4bd501a6f3a2480ca4be1186a9ae2951: as e88ace88ae32b7c6a212f749bed7f25f
17:43:45.295 [Test worker] DEBUG liquibase - master.changelog.json: migration/vault-schema.changelog-init.xml::1511451595465-50::R3.Corda: Computed checksum for addPrimaryKey:[
    columnNames="seq_no"
    constraintName="vault_transaction_notes_pkey"
    tableName="vault_transaction_notes"
] as 39e3946cfbca51e6913a1c4f38ddf0c7
17:43:45.301 [Test worker] DEBUG liquibase - master.changelog.json: migration/vault-schema.changelog-init.xml::1511451595465-50::R3.Corda: Computed checksum for 7:39e3946cfbca51e6913a1c4f38ddf0c7: as aef52cbfcee4e86a30a1175aacdae9b5
17:43:45.301 [Test worker] DEBUG liquibase - master.changelog.json: migration/vault-schema.changelog-init.xml::1511451595465-53::R3.Corda: Computed checksum for createIndex:[
    columns=[
        [
            name="external_id"
        ]
    ]
    indexName="external_id_index"
    tableName="vault_linear_states"
] as f98aafeaa30935a36db499f2104a93bf
17:43:45.301 [Test worker] DEBUG liquibase - master.changelog.json: migration/vault-schema.changelog-init.xml::1511451595465-53::R3.Corda: Computed checksum for 7:f98aafeaa30935a36db499f2104a93bf: as 7b0c95c0892fe1aba26a294d843d3c0a
17:43:45.303 [Test worker] DEBUG liquibase - master.changelog.json: migration/vault-schema.changelog-init.xml::1511451595465-55::R3.Corda: Computed checksum for createIndex:[
    columns=[
        [
            name="lock_id"
        ],
        [
            name="state_status"
        ]
    ]
    indexName="lock_id_idx"
    tableName="vault_states"
] as e42dab0002a4e906bfd484f143741150
17:43:45.303 [Test worker] DEBUG liquibase - master.changelog.json: migration/vault-schema.changelog-init.xml::1511451595465-55::R3.Corda: Computed checksum for 7:e42dab0002a4e906bfd484f143741150: as daf1bfa84381a1c8e100c14229a6d860
17:43:45.303 [Test worker] DEBUG liquibase - master.changelog.json: migration/vault-schema.changelog-init.xml::1511451595465-58::R3.Corda: Computed checksum for createIndex:[
    columns=[
        [
            name="state_status"
        ]
    ]
    indexName="state_status_idx"
    tableName="vault_states"
] as 2ff9d748b5e8cc68d2b31c3435578cef
17:43:45.303 [Test worker] DEBUG liquibase - master.changelog.json: migration/vault-schema.changelog-init.xml::1511451595465-58::R3.Corda: Computed checksum for 7:2ff9d748b5e8cc68d2b31c3435578cef: as 775d3c8a27b7fad84f9894db6bdf3e87
17:43:45.315 [Test worker] DEBUG liquibase - master.changelog.json: migration/vault-schema.changelog-init.xml::1511451595465-59::R3.Corda: Computed checksum for createIndex:[
    columns=[
        [
            name="transaction_id"
        ]
    ]
    indexName="transaction_id_index"
    tableName="vault_transaction_notes"
] as fd9eea380cef475dc54fd99e4e233920
17:43:45.315 [Test worker] DEBUG liquibase - master.changelog.json: migration/vault-schema.changelog-init.xml::1511451595465-59::R3.Corda: Computed checksum for 7:fd9eea380cef475dc54fd99e4e233920: as 1be2b24f3e4fedc8252c24080b713783
17:43:45.316 [Test worker] DEBUG liquibase - master.changelog.json: migration/vault-schema.changelog-init.xml::1511451595465-60::R3.Corda: Computed checksum for createIndex:[
    columns=[
        [
            name="uuid"
        ]
    ]
    indexName="uuid_index"
    tableName="vault_linear_states"
] as 0c3a5a186849036cd224f1c228d6dde9
17:43:45.316 [Test worker] DEBUG liquibase - master.changelog.json: migration/vault-schema.changelog-init.xml::1511451595465-60::R3.Corda: Computed checksum for 7:0c3a5a186849036cd224f1c228d6dde9: as f372f17dd75374bfecfde0e44d7ce36c
17:43:45.316 [Test worker] DEBUG liquibase - master.changelog.json: migration/vault-schema.changelog-init.xml::1511451595465-64::R3.Corda: Computed checksum for addForeignKeyConstraint:[
    baseColumnNames="output_index,transaction_id"
    baseTableName="vault_fungible_states_parts"
    constraintName="FK__fung_st_parts__fung_st"
    referencedColumnNames="output_index,transaction_id"
    referencedTableName="vault_fungible_states"
] as 0eece996759bc05f893e13edcc7012b3
17:43:45.350 [Test worker] DEBUG liquibase - master.changelog.json: migration/vault-schema.changelog-init.xml::1511451595465-64::R3.Corda: Computed checksum for 7:0eece996759bc05f893e13edcc7012b3: as 3771038da08dbe5dbbbdffac7300198d
17:43:45.351 [Test worker] DEBUG liquibase - master.changelog.json: migration/vault-schema.changelog-init.xml::1511451595465-65::R3.Corda: Computed checksum for addForeignKeyConstraint:[
    baseColumnNames="output_index,transaction_id"
    baseTableName="vault_linear_states_parts"
    constraintName="FK__lin_stat_parts__lin_stat"
    referencedColumnNames="output_index,transaction_id"
    referencedTableName="vault_linear_states"
] as c3bfc19faabd85d1ada74a704975075a
17:43:45.351 [Test worker] DEBUG liquibase - master.changelog.json: migration/vault-schema.changelog-init.xml::1511451595465-65::R3.Corda: Computed checksum for 7:c3bfc19faabd85d1ada74a704975075a: as 4cccc80aadefc753d80d33d233d426b1
17:43:45.352 [Test worker] DEBUG liquibase - master.changelog.json: migration/vault-schema.changelog-v3.xml::clean_vault::R3.Corda: Computed checksum for delete:[
    tableName="vault_fungible_states_parts"
] as b70b29b3a6bedbc5661cba016468c920
17:43:45.352 [Test worker] DEBUG liquibase - master.changelog.json: migration/vault-schema.changelog-v3.xml::clean_vault::R3.Corda: Computed checksum for delete:[
    tableName="vault_fungible_states"
] as a274055ce2143aac7ca36e5fad03b134
17:43:45.352 [Test worker] DEBUG liquibase - master.changelog.json: migration/vault-schema.changelog-v3.xml::clean_vault::R3.Corda: Computed checksum for delete:[
    tableName="vault_linear_states_parts"
] as ea0a011664469f485e1c20d3a801a95c
17:43:45.352 [Test worker] DEBUG liquibase - master.changelog.json: migration/vault-schema.changelog-v3.xml::clean_vault::R3.Corda: Computed checksum for delete:[
    tableName="vault_linear_states"
] as 3448fb16d803304ec5b23fe901463752
17:43:45.354 [Test worker] DEBUG liquibase - master.changelog.json: migration/vault-schema.changelog-v3.xml::clean_vault::R3.Corda: Computed checksum for delete:[
    tableName="vault_states"
] as 9554b12247631c9ef0b25ddf1faaa6d3
17:43:45.355 [Test worker] DEBUG liquibase - master.changelog.json: migration/vault-schema.changelog-v3.xml::clean_vault::R3.Corda: Computed checksum for delete:[
    tableName="vault_transaction_notes"
] as 0250e47826dc021ed9e01d035ea6f1b6
17:43:45.355 [Test worker] DEBUG liquibase - master.changelog.json: migration/vault-schema.changelog-v3.xml::clean_vault::R3.Corda: Computed checksum for 7:b70b29b3a6bedbc5661cba016468c920:7:a274055ce2143aac7ca36e5fad03b134:7:ea0a011664469f485e1c20d3a801a95c:7:3448fb16d803304ec5b23fe901463752:7:9554b12247631c9ef0b25ddf1faaa6d3:7:0250e47826dc021ed9e01d035ea6f1b6: as c16f94cc9c0418c23dfcedd33e85d2d3
17:43:45.355 [Test worker] DEBUG liquibase - master.changelog.json: migration/vault-schema.changelog-v4.xml::nullability::R3.Corda: Computed checksum for addNotNullConstraint:[
    columnDataType="BIGINT"
    columnName="quantity"
    tableName="vault_fungible_states"
] as d78eae5ca9adbacacf85e33e2a7f7415
17:43:45.356 [Test worker] DEBUG liquibase - master.changelog.json: migration/vault-schema.changelog-v4.xml::nullability::R3.Corda: Computed checksum for addNotNullConstraint:[
    columnDataType="NVARCHAR(255)"
    columnName="contract_state_class_name"
    tableName="vault_states"
] as 2078d56a1b5edbecbcc69079c33eb871
17:43:45.356 [Test worker] DEBUG liquibase - master.changelog.json: migration/vault-schema.changelog-v4.xml::nullability::R3.Corda: Computed checksum for addNotNullConstraint:[
    columnDataType="NVARCHAR(255)"
    columnName="notary_name"
    tableName="vault_states"
] as 2258242147cd14905eb100408de09558
17:43:45.357 [Test worker] DEBUG liquibase - master.changelog.json: migration/vault-schema.changelog-v4.xml::nullability::R3.Corda: Computed checksum for addNotNullConstraint:[
    columnDataType="timestamp"
    columnName="recorded_timestamp"
    tableName="vault_states"
] as ae7f591a2aca843f8ab716280bfd3947
17:43:45.357 [Test worker] DEBUG liquibase - master.changelog.json: migration/vault-schema.changelog-v4.xml::nullability::R3.Corda: Computed checksum for dropIndex:[
    indexName="state_status_idx"
    tableName="vault_states"
] as 6583c319aa2e4b6d1f195c77bc111ac5
17:43:45.357 [Test worker] DEBUG liquibase - master.changelog.json: migration/vault-schema.changelog-v4.xml::nullability::R3.Corda: Computed checksum for dropIndex:[
    indexName="lock_id_idx"
    tableName="vault_states"
] as e22a84c8f8873eb942f692a00ddda6c5
17:43:45.358 [Test worker] DEBUG liquibase - master.changelog.json: migration/vault-schema.changelog-v4.xml::nullability::R3.Corda: Computed checksum for addNotNullConstraint:[
    columnDataType="INT"
    columnName="state_status"
    tableName="vault_states"
] as f062ec40c033aa8c2a8ec93fcfc05443
17:43:45.358 [Test worker] DEBUG liquibase - master.changelog.json: migration/vault-schema.changelog-v4.xml::nullability::R3.Corda: Computed checksum for createIndex:[
    columns=[
        [
            name="state_status"
        ]
    ]
    indexName="state_status_idx"
    tableName="vault_states"
] as 2ff9d748b5e8cc68d2b31c3435578cef
17:43:45.359 [Test worker] DEBUG liquibase - master.changelog.json: migration/vault-schema.changelog-v4.xml::nullability::R3.Corda: Computed checksum for createIndex:[
    columns=[
        [
            name="lock_id"
        ],
        [
            name="state_status"
        ]
    ]
    indexName="lock_id_idx"
    tableName="vault_states"
] as e42dab0002a4e906bfd484f143741150
17:43:45.359 [Test worker] DEBUG liquibase - master.changelog.json: migration/vault-schema.changelog-v4.xml::nullability::R3.Corda: Computed checksum for dropIndex:[
    indexName="transaction_id_index"
    tableName="vault_transaction_notes"
] as 7677600c3adca898205158cdae636f0d
17:43:45.359 [Test worker] DEBUG liquibase - master.changelog.json: migration/vault-schema.changelog-v4.xml::nullability::R3.Corda: Computed checksum for addNotNullConstraint:[
    columnDataType="NVARCHAR(255)"
    columnName="note"
    tableName="vault_transaction_notes"
] as 4155de3b6c359ed6d735b6ae5c880ed2
17:43:45.360 [Test worker] DEBUG liquibase - master.changelog.json: migration/vault-schema.changelog-v4.xml::nullability::R3.Corda: Computed checksum for addNotNullConstraint:[
    columnDataType="NVARCHAR(64)"
    columnName="transaction_id"
    tableName="vault_transaction_notes"
] as f6eaec7b45db4b379b8485512bd873c1
17:43:45.361 [Test worker] DEBUG liquibase - master.changelog.json: migration/vault-schema.changelog-v4.xml::nullability::R3.Corda: Computed checksum for createIndex:[
    columns=[
        [
            name="transaction_id"
        ]
    ]
    indexName="transaction_id_index"
    tableName="vault_transaction_notes"
] as fd9eea380cef475dc54fd99e4e233920
17:43:45.361 [Test worker] DEBUG liquibase - master.changelog.json: migration/vault-schema.changelog-v4.xml::nullability::R3.Corda: Computed checksum for 7:d78eae5ca9adbacacf85e33e2a7f7415:7:2078d56a1b5edbecbcc69079c33eb871:7:2258242147cd14905eb100408de09558:7:ae7f591a2aca843f8ab716280bfd3947:7:6583c319aa2e4b6d1f195c77bc111ac5:7:e22a84c8f8873eb942f692a00ddda6c5:7:f062ec40c033aa8c2a8ec93fcfc05443:7:2ff9d748b5e8cc68d2b31c3435578cef:7:e42dab0002a4e906bfd484f143741150:7:7677600c3adca898205158cdae636f0d:7:4155de3b6c359ed6d735b6ae5c880ed2:7:f6eaec7b45db4b379b8485512bd873c1:7:fd9eea380cef475dc54fd99e4e233920: as 59450415a9a86b5b55d9f9347b383e6a
17:43:45.362 [Test worker] DEBUG liquibase - master.changelog.json: migration/vault-schema.changelog-pkey.xml::non-clustered_pk-11::R3.Corda: Computed checksum for dropForeignKeyConstraint:[
    baseTableName="vault_fungible_states_parts"
    constraintName="FK__fung_st_parts__fung_st"
] as 366e0c21ef7697fbe3f3045b1680d699
17:43:45.362 [Test worker] DEBUG liquibase - master.changelog.json: migration/vault-schema.changelog-pkey.xml::non-clustered_pk-11::R3.Corda: Computed checksum for dropPrimaryKey:[
    constraintName="vault_fungible_states_pkey"
    tableName="vault_fungible_states"
] as f27f6f6e80b50caaa06aa6c747243425
17:43:45.362 [Test worker] DEBUG liquibase - master.changelog.json: migration/vault-schema.changelog-pkey.xml::non-clustered_pk-11::R3.Corda: Computed checksum for addPrimaryKey:[
    clustered="false"
    columnNames="output_index, transaction_id"
    constraintName="vault_fungible_states_pkey"
    tableName="vault_fungible_states"
] as 0729afe4c34a21623a8f5744790f34c4
17:43:45.363 [Test worker] DEBUG liquibase - master.changelog.json: migration/vault-schema.changelog-pkey.xml::non-clustered_pk-11::R3.Corda: Computed checksum for addForeignKeyConstraint:[
    baseColumnNames="output_index,transaction_id"
    baseTableName="vault_fungible_states_parts"
    constraintName="FK__fung_st_parts__fung_st"
    referencedColumnNames="output_index,transaction_id"
    referencedTableName="vault_fungible_states"
] as 0eece996759bc05f893e13edcc7012b3
17:43:45.363 [Test worker] DEBUG liquibase - master.changelog.json: migration/vault-schema.changelog-pkey.xml::non-clustered_pk-11::R3.Corda: Computed checksum for 7:366e0c21ef7697fbe3f3045b1680d699:7:f27f6f6e80b50caaa06aa6c747243425:7:0729afe4c34a21623a8f5744790f34c4:7:0eece996759bc05f893e13edcc7012b3: as c88a8494afc1f2507131e709b3ec4f1e
17:43:45.364 [Test worker] INFO liquibase - master.changelog.json: migration/vault-schema.changelog-pkey.xml::non-clustered_pk-11::R3.Corda: Skipping changeSet migration/vault-schema.changelog-pkey.xml::non-clustered_pk-11::R3.Corda due to validation error(s): clustered is not allowed on h2
17:43:45.364 [Test worker] DEBUG liquibase - master.changelog.json: migration/vault-schema.changelog-pkey.xml::non-clustered_pk-12::R3.Corda: Computed checksum for dropForeignKeyConstraint:[
    baseTableName="vault_linear_states_parts"
    constraintName="FK__lin_stat_parts__lin_stat"
] as c9ce07b51242a8f54da9e570853dc34f
17:43:45.364 [Test worker] DEBUG liquibase - master.changelog.json: migration/vault-schema.changelog-pkey.xml::non-clustered_pk-12::R3.Corda: Computed checksum for dropPrimaryKey:[
    constraintName="vault_linear_states_pkey"
    tableName="vault_linear_states"
] as d986066259edad3f263694f099f02f7f
17:43:45.364 [Test worker] DEBUG liquibase - master.changelog.json: migration/vault-schema.changelog-pkey.xml::non-clustered_pk-12::R3.Corda: Computed checksum for addPrimaryKey:[
    clustered="false"
    columnNames="output_index, transaction_id"
    constraintName="vault_linear_states_pkey"
    tableName="vault_linear_states"
] as c26064d58e4f1b2610b6d01e5c0b9b5b
17:43:45.365 [Test worker] DEBUG liquibase - master.changelog.json: migration/vault-schema.changelog-pkey.xml::non-clustered_pk-12::R3.Corda: Computed checksum for addForeignKeyConstraint:[
    baseColumnNames="output_index,transaction_id"
    baseTableName="vault_linear_states_parts"
    constraintName="FK__lin_stat_parts__lin_stat"
    referencedColumnNames="output_index,transaction_id"
    referencedTableName="vault_linear_states"
] as c3bfc19faabd85d1ada74a704975075a
17:43:45.365 [Test worker] DEBUG liquibase - master.changelog.json: migration/vault-schema.changelog-pkey.xml::non-clustered_pk-12::R3.Corda: Computed checksum for 7:c9ce07b51242a8f54da9e570853dc34f:7:d986066259edad3f263694f099f02f7f:7:c26064d58e4f1b2610b6d01e5c0b9b5b:7:c3bfc19faabd85d1ada74a704975075a: as 5569de8454d891688bbb7510f634782f
17:43:45.365 [Test worker] INFO liquibase - master.changelog.json: migration/vault-schema.changelog-pkey.xml::non-clustered_pk-12::R3.Corda: Skipping changeSet migration/vault-schema.changelog-pkey.xml::non-clustered_pk-12::R3.Corda due to validation error(s): clustered is not allowed on h2
17:43:45.365 [Test worker] DEBUG liquibase - master.changelog.json: migration/vault-schema.changelog-pkey.xml::non-clustered_pk-13::R3.Corda: Computed checksum for dropPrimaryKey:[
    constraintName="vault_states_pkey"
    tableName="vault_states"
] as de17bd04796a6e54cb5606dceff73aec
17:43:45.366 [Test worker] DEBUG liquibase - master.changelog.json: migration/vault-schema.changelog-pkey.xml::non-clustered_pk-13::R3.Corda: Computed checksum for addPrimaryKey:[
    clustered="false"
    columnNames="output_index, transaction_id"
    constraintName="vault_states_pkey"
    tableName="vault_states"
] as 70c1298ee3ac2d16aba8b2ac6ed5b568
17:43:45.366 [Test worker] DEBUG liquibase - master.changelog.json: migration/vault-schema.changelog-pkey.xml::non-clustered_pk-13::R3.Corda: Computed checksum for 7:de17bd04796a6e54cb5606dceff73aec:7:70c1298ee3ac2d16aba8b2ac6ed5b568: as c786c529ecdaa33f87d3fc9ed88111f4
17:43:45.366 [Test worker] INFO liquibase - master.changelog.json: migration/vault-schema.changelog-pkey.xml::non-clustered_pk-13::R3.Corda: Skipping changeSet migration/vault-schema.changelog-pkey.xml::non-clustered_pk-13::R3.Corda due to validation error(s): clustered is not allowed on h2
17:43:45.366 [Test worker] DEBUG liquibase - master.changelog.json: migration/vault-schema.changelog-v5.xml::add_relevancy_status_column::R3.Corda: Computed checksum for addColumn:[
    columns=[
        [
            name="relevancy_status"
            type="INT"
        ]
    ]
    tableName="vault_states"
] as f4c3dbd35bfa9d2a1021acafdac959d6
17:43:45.367 [Test worker] DEBUG liquibase - master.changelog.json: migration/vault-schema.changelog-v5.xml::add_relevancy_status_column::R3.Corda: Computed checksum for update:[
    columns=[
        [
            name="relevancy_status"
            valueNumeric="0"
        ]
    ]
    tableName="vault_states"
] as c3f226e53f5bf04fd8506465c55d3a42
17:43:45.367 [Test worker] DEBUG liquibase - master.changelog.json: migration/vault-schema.changelog-v5.xml::add_relevancy_status_column::R3.Corda: Computed checksum for addNotNullConstraint:[
    columnDataType="INT"
    columnName="relevancy_status"
    tableName="vault_states"
] as a4104ab76f534885eeb63a0690843f78
17:43:45.367 [Test worker] DEBUG liquibase - master.changelog.json: migration/vault-schema.changelog-v5.xml::add_relevancy_status_column::R3.Corda: Computed checksum for 7:f4c3dbd35bfa9d2a1021acafdac959d6:7:c3f226e53f5bf04fd8506465c55d3a42:7:a4104ab76f534885eeb63a0690843f78: as bd7c3258179f34f231f6ae51e3313fc4
17:43:45.369 [Test worker] DEBUG liquibase - master.changelog.json: migration/vault-schema.changelog-v6.xml::add_is_constraint_information_columns::R3.Corda: Computed checksum for addColumn:[
    columns=[
        [
            [
                nullable="false"
            ]
            defaultValue="0"
            name="constraint_type"
            type="INT"
        ]
    ]
    tableName="vault_states"
] as ec4183b38221d9efb81468b6b58469ad
17:43:45.369 [Test worker] DEBUG liquibase - master.changelog.json: migration/vault-schema.changelog-v6.xml::add_is_constraint_information_columns::R3.Corda: Computed checksum for addColumn:[
    columns=[
        [
            [
                nullable="true"
            ]
            name="constraint_data"
            type="varbinary(563)"
        ]
    ]
    tableName="vault_states"
] as a62d1e80b99c304b04f3ac1ec994ed59
17:43:45.370 [Test worker] DEBUG liquibase - master.changelog.json: migration/vault-schema.changelog-v6.xml::add_is_constraint_information_columns::R3.Corda: Computed checksum for 7:ec4183b38221d9efb81468b6b58469ad:7:a62d1e80b99c304b04f3ac1ec994ed59: as 7d7cf7015d299a7fefb6e81aa563e208
17:43:45.370 [Test worker] DEBUG liquibase - master.changelog.json: migration/vault-schema.changelog-v7.xml::make_issuer_ref_nullable::R3.Corda: Computed checksum for dropNotNullConstraint:[
    columnDataType="varbinary(512)"
    columnName="issuer_ref"
    tableName="vault_fungible_states"
] as b549f88798da86b579f7e3421c6019ed
17:43:45.370 [Test worker] DEBUG liquibase - master.changelog.json: migration/vault-schema.changelog-v7.xml::make_issuer_ref_nullable::R3.Corda: Computed checksum for 7:b549f88798da86b579f7e3421c6019ed: as 016e083b176a76fc50d74e3fe07ca1cb
17:43:45.370 [Test worker] DEBUG liquibase - master.changelog.json: migration/vault-schema.changelog-v8.xml::create-external-id-to-state-party-view::R3.Corda: Computed checksum for createTable:[
    columns=[
        [
            name="output_index"
            type="INT"
        ],
        [
            name="transaction_id"
            type="NVARCHAR(64)"
        ],
        [
            [
                nullable="false"
            ]
            name="public_key_hash"
            type="NVARCHAR(255)"
        ],
        [
            name="x500_name"
            type="NVARCHAR(255)"
        ]
    ]
    tableName="state_party"
] as 3b063e299ebe197af7a457ea726b2800
17:43:45.371 [Test worker] DEBUG liquibase - master.changelog.json: migration/vault-schema.changelog-v8.xml::create-external-id-to-state-party-view::R3.Corda: Computed checksum for createIndex:[
    columns=[
        [
            name="public_key_hash"
        ]
    ]
    indexName="state_pk_hash_idx"
    tableName="state_party"
] as 450b82f224c850f2465386ef7a707b92
17:43:45.371 [Test worker] DEBUG liquibase - master.changelog.json: migration/vault-schema.changelog-v8.xml::create-external-id-to-state-party-view::R3.Corda: Computed checksum for createTable:[
    columns=[
        [
            [
                nullable="false"
            ]
            name="id"
            type="BIGINT"
        ],
        [
            [
                nullable="false"
            ]
            name="external_id"
            type="VARCHAR(255)"
        ],
        [
            [
                nullable="false"
            ]
            name="public_key_hash"
            type="NVARCHAR(255)"
        ]
    ]
    tableName="pk_hash_to_ext_id_map"
] as 190b235511991d2151d47c903cd91db4
17:43:45.375 [Test worker] DEBUG liquibase - master.changelog.json: migration/vault-schema.changelog-v8.xml::create-external-id-to-state-party-view::R3.Corda: Computed checksum for createIndex:[
    columns=[
        [
            name="public_key_hash"
        ]
    ]
    indexName="pk_hash_to_xid_idx"
    tableName="pk_hash_to_ext_id_map"
] as 1ee9b085d397f1a43f3b474588eddf9f
17:43:45.375 [Test worker] DEBUG liquibase - master.changelog.json: migration/vault-schema.changelog-v8.xml::create-external-id-to-state-party-view::R3.Corda: Computed checksum for createView:[
    selectQuery="select
                state_party.public_key_hash,
                state_party.transaction_id,
                state_party.output_index,
                pk_hash_to_ext_id_map.external_id
            from state_party
            join pk_hash_to_ext_id_map
            on state_party.public_key_hash = pk_hash_to_ext_id_map.public_key_hash"
    viewName="v_pkey_hash_ex_id_map"
] as 439c1337ca50f7fd62b4d377ac192053
17:43:45.376 [Test worker] DEBUG liquibase - master.changelog.json: migration/vault-schema.changelog-v8.xml::create-external-id-to-state-party-view::R3.Corda: Computed checksum for 7:3b063e299ebe197af7a457ea726b2800:7:450b82f224c850f2465386ef7a707b92:7:190b235511991d2151d47c903cd91db4:7:1ee9b085d397f1a43f3b474588eddf9f:7:439c1337ca50f7fd62b4d377ac192053: as 68a2e794e4726e4e40b28753c7a64413
17:43:45.377 [Test worker] DEBUG liquibase - master.changelog.json: migration/node-info.changelog-init.xml::1511451595465-4::R3.Corda: Computed checksum for createTable:[
    columns=[
        [
            [
                nullable="false"
            ]
            name="node_info_id"
            type="INT"
        ],
        [
            [
                nullable="false"
            ]
            name="party_name"
            type="NVARCHAR(255)"
        ]
    ]
    tableName="node_link_nodeinfo_party"
] as 5f0557f6684939cfe82574a45344afd3
17:43:45.379 [Test worker] DEBUG liquibase - master.changelog.json: migration/node-info.changelog-init.xml::1511451595465-4::R3.Corda: Computed checksum for 7:5f0557f6684939cfe82574a45344afd3: as 86561ccea3a7fbbdb311d455076c98a8
17:43:45.379 [Test worker] DEBUG liquibase - master.changelog.json: migration/node-info.changelog-init.xml::1511451595465-10::R3.Corda: Computed checksum for createTable:[
    columns=[
        [
            [
                nullable="false"
            ]
            name="host"
            type="NVARCHAR(255)"
        ],
        [
            [
                nullable="false"
            ]
            name="port"
            type="INT"
        ],
        [
            name="node_info_id"
            type="INT"
        ]
    ]
    tableName="node_info_hosts"
] as 6f08193361f660a382cf54820e056a20
17:43:45.380 [Test worker] DEBUG liquibase - master.changelog.json: migration/node-info.changelog-init.xml::1511451595465-10::R3.Corda: Computed checksum for 7:6f08193361f660a382cf54820e056a20: as 86dcf13717e5dbc4c623523618380bdd
17:43:45.381 [Test worker] DEBUG liquibase - master.changelog.json: migration/node-info.changelog-init.xml::1511451595465-11::R3.Corda: Computed checksum for createTable:[
    columns=[
        [
            [
                nullable="false"
            ]
            name="party_name"
            type="NVARCHAR(255)"
        ],
        [
            [
                nullable="false"
            ]
            name="ismain"
            type="BOOLEAN"
        ],
        [
            name="owning_key_hash"
            type="NVARCHAR(130)"
        ],
        [
            name="party_cert_binary"
            type="blob"
        ]
    ]
    tableName="n... [truncated in log] as 6e371f832176dde950fe6998501cc7aa
17:43:45.382 [Test worker] DEBUG liquibase - master.changelog.json: migration/node-info.changelog-init.xml::1511451595465-11::R3.Corda: Computed checksum for 7:6e371f832176dde950fe6998501cc7aa: as ddf2ea133beca979abcb7e627a37db60
17:43:45.383 [Test worker] DEBUG liquibase - master.changelog.json: migration/node-info.changelog-init.xml::1511451595465-12::R3.Corda: Computed checksum for createTable:[
    columns=[
        [
            [
                nullable="false"
            ]
            name="node_info_id"
            type="INT"
        ],
        [
            name="node_info_hash"
            type="NVARCHAR(64)"
        ],
        [
            name="platform_version"
            type="INT"
        ],
        [
            name="serial"
            type="BIGINT"
        ]
    ]
    tableName="node_infos"
] as c5eb4436bba09a4bfb27e08b68cc57b0
17:43:45.384 [Test worker] DEBUG liquibase - master.changelog.json: migration/node-info.changelog-init.xml::1511451595465-12::R3.Corda: Computed checksum for 7:c5eb4436bba09a4bfb27e08b68cc57b0: as 2a2169c32d87fdc3442c6096740a52a5
17:43:45.385 [Test worker] DEBUG liquibase - master.changelog.json: migration/node-info.changelog-init.xml::1511451595465-35::R3.Corda: Computed checksum for addPrimaryKey:[
    columnNames="host, port"
    constraintName="node_info_hosts_pkey"
    tableName="node_info_hosts"
] as 00c44e883bc12a3353188495f454f0f6
17:43:45.385 [Test worker] DEBUG liquibase - master.changelog.json: migration/node-info.changelog-init.xml::1511451595465-35::R3.Corda: Computed checksum for 7:00c44e883bc12a3353188495f454f0f6: as 5c8230d7f489b4b961c3b52b3335e5ff
17:43:45.386 [Test worker] DEBUG liquibase - master.changelog.json: migration/node-info.changelog-init.xml::1511451595465-36::R3.Corda: Computed checksum for addPrimaryKey:[
    columnNames="party_name"
    constraintName="node_info_party_cert_pkey"
    tableName="node_info_party_cert"
] as 14054c7885bede3bc60af5d2dd08a9c8
17:43:45.386 [Test worker] DEBUG liquibase - master.changelog.json: migration/node-info.changelog-init.xml::1511451595465-36::R3.Corda: Computed checksum for 7:14054c7885bede3bc60af5d2dd08a9c8: as a4293247b9113bb0895d15e212ded67d
17:43:45.388 [Test worker] DEBUG liquibase - master.changelog.json: migration/node-info.changelog-init.xml::1511451595465-37::R3.Corda: Computed checksum for addPrimaryKey:[
    columnNames="node_info_id"
    constraintName="node_infos_pkey"
    tableName="node_infos"
] as 6adf6458b4512d6bc5ca5813c2707e3d
17:43:45.389 [Test worker] DEBUG liquibase - master.changelog.json: migration/node-info.changelog-init.xml::1511451595465-37::R3.Corda: Computed checksum for 7:6adf6458b4512d6bc5ca5813c2707e3d: as 3f7b9e25544e21798cc648d8ab2056b7
17:43:45.389 [Test worker] DEBUG liquibase - master.changelog.json: migration/node-info.changelog-init.xml::1511451595465-62::R3.Corda: Computed checksum for addForeignKeyConstraint:[
    baseColumnNames="node_info_id"
    baseTableName="node_link_nodeinfo_party"
    constraintName="FK__link_nodeinfo_party__infos"
    referencedColumnNames="node_info_id"
    referencedTableName="node_infos"
] as 1a56cab722da6c0a210824ac187fea47
17:43:45.412 [Test worker] DEBUG liquibase - master.changelog.json: migration/node-info.changelog-init.xml::1511451595465-62::R3.Corda: Computed checksum for 7:1a56cab722da6c0a210824ac187fea47: as 64add0a3b0350cfe6fa3de1428a38397
17:43:45.413 [Test worker] DEBUG liquibase - master.changelog.json: migration/node-info.changelog-init.xml::1511451595465-63::R3.Corda: Computed checksum for addForeignKeyConstraint:[
    baseColumnNames="node_info_id"
    baseTableName="node_info_hosts"
    constraintName="FK__info_hosts__infos"
    referencedColumnNames="node_info_id"
    referencedTableName="node_infos"
] as c5982833d4ecc3f6e19b870ef3cdafdc
17:43:45.413 [Test worker] DEBUG liquibase - master.changelog.json: migration/node-info.changelog-init.xml::1511451595465-63::R3.Corda: Computed checksum for 7:c5982833d4ecc3f6e19b870ef3cdafdc: as 6ea0c3bb234d14956401b6b281531832
17:43:45.413 [Test worker] DEBUG liquibase - master.changelog.json: migration/node-info.changelog-init.xml::remove_host_port_pk::R3.Corda: Computed checksum for delete:[
    tableName="node_infos"
] as 88f0f3be4f28bb97a4eff8bb6c643615
17:43:45.414 [Test worker] DEBUG liquibase - master.changelog.json: migration/node-info.changelog-init.xml::remove_host_port_pk::R3.Corda: Computed checksum for delete:[
    tableName="node_link_nodeinfo_party"
] as 8ae8d78f410d9978c57e0e7d4383c311
17:43:45.414 [Test worker] DEBUG liquibase - master.changelog.json: migration/node-info.changelog-init.xml::remove_host_port_pk::R3.Corda: Computed checksum for delete:[
    tableName="node_info_hosts"
] as c66698861dc70f2bc2f0d1aefc556a8b
17:43:45.414 [Test worker] DEBUG liquibase - master.changelog.json: migration/node-info.changelog-init.xml::remove_host_port_pk::R3.Corda: Computed checksum for delete:[
    tableName="node_info_party_cert"
] as f57d560d22a52dd192fdb3fbbb679576
17:43:45.414 [Test worker] DEBUG liquibase - master.changelog.json: migration/node-info.changelog-init.xml::remove_host_port_pk::R3.Corda: Computed checksum for dropPrimaryKey:[
    constraintName="node_info_hosts_pkey"
    tableName="node_info_hosts"
] as 8b8f98fcef92cc953b306c56fe61762f
17:43:45.415 [Test worker] DEBUG liquibase - master.changelog.json: migration/node-info.changelog-init.xml::remove_host_port_pk::R3.Corda: Computed checksum for addColumn:[
    columns=[
        [
            [
                nullable="false"
            ]
            name="hosts_id"
            type="INT"
        ]
    ]
    tableName="node_info_hosts"
] as 2bc19defe8eb317936eb134f5cf66983
17:43:45.416 [Test worker] DEBUG liquibase - master.changelog.json: migration/node-info.changelog-init.xml::remove_host_port_pk::R3.Corda: Computed checksum for addPrimaryKey:[
    columnNames="hosts_id"
    constraintName="node_info_hosts_pkey_id"
    tableName="node_info_hosts"
] as fb8c4f0a4999978cac06928bb4f0134a
17:43:45.416 [Test worker] DEBUG liquibase - master.changelog.json: migration/node-info.changelog-init.xml::remove_host_port_pk::R3.Corda: Computed checksum for 7:88f0f3be4f28bb97a4eff8bb6c643615:7:8ae8d78f410d9978c57e0e7d4383c311:7:c66698861dc70f2bc2f0d1aefc556a8b:7:f57d560d22a52dd192fdb3fbbb679576:7:8b8f98fcef92cc953b306c56fe61762f:7:2bc19defe8eb317936eb134f5cf66983:7:fb8c4f0a4999978cac06928bb4f0134a: as cb733f12ced82860fd296bb0c94c5072
17:43:45.417 [Test worker] DEBUG liquibase - master.changelog.json: migration/node-info.changelog-v1.xml::key/value node properties table::R3.Corda: Computed checksum for createTable:[
    columns=[
        [
            [
                nullable="false"
            ]
            name="property_key"
            type="NVARCHAR(255)"
        ],
        [
            name="property_value"
            type="NVARCHAR(255)"
        ]
    ]
    tableName="node_properties"
] as 17113a8df38982bab57e5f97485915b2
17:43:45.418 [Test worker] DEBUG liquibase - master.changelog.json: migration/node-info.changelog-v1.xml::key/value node properties table::R3.Corda: Computed checksum for 7:17113a8df38982bab57e5f97485915b2: as 05241b402dd60a4e1eeb86ad6c5eff9e
17:43:45.419 [Test worker] DEBUG liquibase - master.changelog.json: migration/node-info.changelog-v2.xml::1525962920::R3.Corda: Computed checksum for addNotNullConstraint:[
    columnDataType="NVARCHAR(64)"
    columnName="node_info_hash"
    tableName="node_infos"
] as 736d3fb9862e810788216a889c726699
17:43:45.419 [Test worker] DEBUG liquibase - master.changelog.json: migration/node-info.changelog-v2.xml::1525962920::R3.Corda: Computed checksum for addNotNullConstraint:[
    columnDataType="INT"
    columnName="platform_version"
    tableName="node_infos"
] as 76d2d2c9dd1c6954d572cd5a4d47366e
17:43:45.420 [Test worker] DEBUG liquibase - master.changelog.json: migration/node-info.changelog-v2.xml::1525962920::R3.Corda: Computed checksum for addNotNullConstraint:[
    columnDataType="BIGINT"
    columnName="serial"
    tableName="node_infos"
] as 26157af814171c1d3bd6f883bb5c39e8
17:43:45.420 [Test worker] DEBUG liquibase - master.changelog.json: migration/node-info.changelog-v2.xml::1525962920::R3.Corda: Computed checksum for dropNotNullConstraint:[
    columnDataType="NVARCHAR(255)"
    columnName="host"
    tableName="node_info_hosts"
] as 603a060f34f7e4bd2d4bff3b8a6621af
17:43:45.420 [Test worker] DEBUG liquibase - master.changelog.json: migration/node-info.changelog-v2.xml::1525962920::R3.Corda: Computed checksum for dropNotNullConstraint:[
    columnDataType="INT"
    columnName="port"
    tableName="node_info_hosts"
] as 1ad496134a62a18677ebb23168117bbe
17:43:45.421 [Test worker] DEBUG liquibase - master.changelog.json: migration/node-info.changelog-v2.xml::1525962920::R3.Corda: Computed checksum for addNotNullConstraint:[
    columnDataType="NVARCHAR(130)"
    columnName="owning_key_hash"
    tableName="node_info_party_cert"
] as eb00d90a19da5f3ab4970aa0b2674aae
17:43:45.421 [Test worker] DEBUG liquibase - master.changelog.json: migration/node-info.changelog-v2.xml::1525962920::R3.Corda: Computed checksum for addNotNullConstraint:[
    columnDataType="blob"
    columnName="party_cert_binary"
    tableName="node_info_party_cert"
] as 25f38c720c603b2dea35550bedab555a
17:43:45.421 [Test worker] DEBUG liquibase - master.changelog.json: migration/node-info.changelog-v2.xml::1525962920::R3.Corda: Computed checksum for 7:736d3fb9862e810788216a889c726699:7:76d2d2c9dd1c6954d572cd5a4d47366e:7:26157af814171c1d3bd6f883bb5c39e8:7:603a060f34f7e4bd2d4bff3b8a6621af:7:1ad496134a62a18677ebb23168117bbe:7:eb00d90a19da5f3ab4970aa0b2674aae:7:25f38c720c603b2dea35550bedab555a: as c3fd83668d5ed4acdefcad3f90944935
17:43:45.423 [Test worker] DEBUG liquibase - master.changelog.json: migration/node-info.changelog-v3.xml::column_host_name::R3.Corda: Computed checksum for renameColumn:[
    newColumnName="host_name"
    oldColumnName="host"
    tableName="node_info_hosts"
] as 2492206013627f2b53e89a302025675a
17:43:45.423 [Test worker] DEBUG liquibase - master.changelog.json: migration/node-info.changelog-v3.xml::column_host_name::R3.Corda: Computed checksum for 7:2492206013627f2b53e89a302025675a: as fc4ceb3b82e44070da1fff49a7b5cccb
17:43:45.424 [Test worker] DEBUG liquibase - master.changelog.json: migration/node-services.changelog-init.xml::1511451595465-5::R3.Corda: Computed checksum for createTable:[
    columns=[
        [
            [
                nullable="false"
            ]
            name="att_id"
            type="NVARCHAR(255)"
        ],
        [
            name="content"
            type="blob"
        ],
        [
            name="filename"
            type="NVARCHAR(255)"
        ],
        [
            [
                nullable="false"
            ]
            name="insertion_date"
            type="timestamp"
        ],
        [
            name="uplo... [truncated in log] as 7eb17f5047b5f49e47197095dde1065c
17:43:45.425 [Test worker] DEBUG liquibase - master.changelog.json: migration/node-services.changelog-init.xml::1511451595465-5::R3.Corda: Computed checksum for 7:7eb17f5047b5f49e47197095dde1065c: as 464a5bbaf24fe78716c38c544dc81f3c
17:43:45.426 [Test worker] DEBUG liquibase - master.changelog.json: migration/node-services.changelog-init.xml::1511451595465-7::R3.Corda: Computed checksum for createTable:[
    columns=[
        [
            [
                nullable="false"
            ]
            name="checkpoint_id"
            type="NVARCHAR(64)"
        ],
        [
            name="checkpoint_value"
            type="blob"
        ]
    ]
    tableName="node_checkpoints"
] as 4f2d38f516c2eeb1483d86b4a25f26c6
17:43:45.426 [Test worker] DEBUG liquibase - master.changelog.json: migration/node-services.changelog-init.xml::1511451595465-7::R3.Corda: Computed checksum for 7:4f2d38f516c2eeb1483d86b4a25f26c6: as 2870aa3a468e81bab1cd24ac70ca2163
17:43:45.427 [Test worker] DEBUG liquibase - master.changelog.json: migration/node-services.changelog-init.xml::1511451595465-8::R3.Corda: Computed checksum for createTable:[
    columns=[
        [
            [
                nullable="false"
            ]
            name="state_ref"
            type="NVARCHAR(96)"
        ],
        [
            name="contract_class_name"
            type="NVARCHAR(255)"
        ]
    ]
    tableName="node_contract_upgrades"
] as bf4885aea883ac63c151d7d01a760dc1
17:43:45.428 [Test worker] DEBUG liquibase - master.changelog.json: migration/node-services.changelog-init.xml::1511451595465-8::R3.Corda: Computed checksum for 7:bf4885aea883ac63c151d7d01a760dc1: as bf156b1c48e915e7d8090d5162e31c02
17:43:45.428 [Test worker] DEBUG liquibase - master.changelog.json: migration/node-services.changelog-init.xml::1511451595465-9::R3.Corda: Computed checksum for createTable:[
    columns=[
        [
            [
                nullable="false"
            ]
            name="pk_hash"
            type="NVARCHAR(130)"
        ],
        [
            name="identity_value"
            type="blob"
        ]
    ]
    tableName="node_identities"
] as 64ced0b8682a33911d574622be63a98d
17:43:45.428 [Test worker] DEBUG liquibase - master.changelog.json: migration/node-services.changelog-init.xml::1511451595465-9::R3.Corda: Computed checksum for 7:64ced0b8682a33911d574622be63a98d: as ea04cf1cc4ea1112c4cbbf932bc51c56
17:43:45.440 [Test worker] DEBUG liquibase - master.changelog.json: migration/node-services.changelog-init.xml::1511451595465-13::R3.Corda: Computed checksum for createTable:[
    columns=[
        [
            [
                nullable="false"
            ]
            name="message_id"
            type="NVARCHAR(64)"
        ],
        [
            name="insertion_time"
            type="timestamp"
        ]
    ]
    tableName="node_message_ids"
] as 32260ae57d06eabdf47f4f4d600577ce
17:43:45.440 [Test worker] DEBUG liquibase - master.changelog.json: migration/node-services.changelog-init.xml::1511451595465-13::R3.Corda: Computed checksum for 7:32260ae57d06eabdf47f4f4d600577ce: as 340ca6c0b7c87b663b0449535b082f80
17:43:45.495 [Test worker] DEBUG liquibase - master.changelog.json: migration/node-services.changelog-init.xml::1511451595465-14::R3.Corda: Computed checksum for createTable:[
    columns=[
        [
            [
                nullable="false"
            ]
            name="message_id"
            type="BIGINT"
        ],
        [
            name="message"
            type="blob"
        ],
        [
            name="recipients"
            type="blob"
        ]
    ]
    tableName="node_message_retry"
] as c87f1cec41d842caa66dd71a14a6fa34
17:43:45.500 [Test worker] DEBUG liquibase - master.changelog.json: migration/node-services.changelog-init.xml::1511451595465-14::R3.Corda: Computed checksum for 7:c87f1cec41d842caa66dd71a14a6fa34: as 1dc64c73807569fb04c10a9b2d760ff0
17:43:45.501 [Test worker] DEBUG liquibase - master.changelog.json: migration/node-services.changelog-init.xml::1511451595465-15::R3.Corda: Computed checksum for createTable:[
    columns=[
        [
            [
                nullable="false"
            ]
            name="name"
            type="NVARCHAR(128)"
        ],
        [
            name="pk_hash"
            type="NVARCHAR(130)"
        ]
    ]
    tableName="node_named_identities"
] as 9ba9555dab34db960c8083672afee328
17:43:45.501 [Test worker] DEBUG liquibase - master.changelog.json: migration/node-services.changelog-init.xml::1511451595465-15::R3.Corda: Computed checksum for 7:9ba9555dab34db960c8083672afee328: as 108b7d395f7fb3cfc8ce4e364c4008a5
17:43:45.503 [Test worker] DEBUG liquibase - master.changelog.json: migration/node-services.changelog-init.xml::1511451595465-17::R3.Corda: Computed checksum for createTable:[
    columns=[
        [
            [
                nullable="false"
            ]
            name="public_key_hash"
            type="NVARCHAR(130)"
        ],
        [
            name="private_key"
            type="blob"
        ],
        [
            name="public_key"
            type="blob"
        ]
    ]
    tableName="node_our_key_pairs"
] as afc7fa2555c800c74f9ca1b41689a048
17:43:45.503 [Test worker] DEBUG liquibase - master.changelog.json: migration/node-services.changelog-init.xml::1511451595465-17::R3.Corda: Computed checksum for 7:afc7fa2555c800c74f9ca1b41689a048: as a8b4ae7170f56f1df8a23b530bef4dd1
17:43:45.504 [Test worker] DEBUG liquibase - master.changelog.json: migration/node-services.changelog-init.xml::1511451595465-19::R3.Corda: Computed checksum for createTable:[
    columns=[
        [
            [
                nullable="false"
            ]
            name="output_index"
            type="INT"
        ],
        [
            [
                nullable="false"
            ]
            name="transaction_id"
            type="NVARCHAR(64)"
        ],
        [
            [
                nullable="false"
            ]
            name="scheduled_at"
            type="timestamp"
        ]
    ]
    tableName="node_scheduled_states"
] as defd113d95e94bcd27bcdeb3a96be38b
17:43:45.504 [Test worker] DEBUG liquibase - master.changelog.json: migration/node-services.changelog-init.xml::1511451595465-19::R3.Corda: Computed checksum for 7:defd113d95e94bcd27bcdeb3a96be38b: as 2aaf3df7bdbea9c71aa8bea4e14f11ef
17:43:45.504 [Test worker] DEBUG liquibase - master.changelog.json: migration/node-services.changelog-init.xml::1511451595465-20::R3.Corda: Computed checksum for createTable:[
    columns=[
        [
            [
                nullable="false"
            ]
            name="tx_id"
            type="NVARCHAR(64)"
        ],
        [
            name="state_machine_run_id"
            type="NVARCHAR(36)"
        ]
    ]
    tableName="node_transaction_mappings"
] as a98109c55addd90e480a6fc1ecb48d1d
17:43:45.505 [Test worker] DEBUG liquibase - master.changelog.json: migration/node-services.changelog-init.xml::1511451595465-20::R3.Corda: Computed checksum for 7:a98109c55addd90e480a6fc1ecb48d1d: as f003464d28fe934c636b24e7c72d9c27
17:43:45.505 [Test worker] DEBUG liquibase - master.changelog.json: migration/node-services.changelog-init.xml::1511451595465-21::R3.Corda: Computed checksum for createTable:[
    columns=[
        [
            [
                nullable="false"
            ]
            name="tx_id"
            type="NVARCHAR(64)"
        ],
        [
            name="transaction_value"
            type="blob"
        ]
    ]
    tableName="node_transactions"
] as af8f3c1c7978f86414e864bc0bb9d453
17:43:45.506 [Test worker] DEBUG liquibase - master.changelog.json: migration/node-services.changelog-init.xml::1511451595465-21::R3.Corda: Computed checksum for 7:af8f3c1c7978f86414e864bc0bb9d453: as 8b167e9074e47be66c742aec5661b5d1
17:43:45.506 [Test worker] DEBUG liquibase - master.changelog.json: migration/node-services.changelog-init.xml::1511451595465-30::R3.Corda: Computed checksum for addPrimaryKey:[
    columnNames="att_id"
    constraintName="node_attachments_pkey"
    tableName="node_attachments"
] as 96b8c8009c4a24b06c8ecd3048142128
17:43:45.506 [Test worker] DEBUG liquibase - master.changelog.json: migration/node-services.changelog-init.xml::1511451595465-30::R3.Corda: Computed checksum for 7:96b8c8009c4a24b06c8ecd3048142128: as 4aa12646e41346c10ae1d18b43468b3e
17:43:45.506 [Test worker] DEBUG liquibase - master.changelog.json: migration/node-services.changelog-init.xml::1511451595465-32::R3.Corda: Computed checksum for addPrimaryKey:[
    columnNames="checkpoint_id"
    constraintName="node_checkpoints_pkey"
    tableName="node_checkpoints"
] as 26e60c36f3099cb85a85082b388391c2
17:43:45.507 [Test worker] DEBUG liquibase - master.changelog.json: migration/node-services.changelog-init.xml::1511451595465-32::R3.Corda: Computed checksum for 7:26e60c36f3099cb85a85082b388391c2: as fa0f2ed27615a3fd2b799bb27b447a36
17:43:45.507 [Test worker] DEBUG liquibase - master.changelog.json: migration/node-services.changelog-init.xml::1511451595465-33::R3.Corda: Computed checksum for addPrimaryKey:[
    columnNames="state_ref"
    constraintName="node_contract_upgrades_pkey"
    tableName="node_contract_upgrades"
] as d4c28cd597e7a32cd0d9f3d2a4104650
17:43:45.507 [Test worker] DEBUG liquibase - master.changelog.json: migration/node-services.changelog-init.xml::1511451595465-33::R3.Corda: Computed checksum for 7:d4c28cd597e7a32cd0d9f3d2a4104650: as 37e38ccee8d375f364abca393727eec7
17:43:45.507 [Test worker] DEBUG liquibase - master.changelog.json: migration/node-services.changelog-init.xml::1511451595465-34::R3.Corda: Computed checksum for addPrimaryKey:[
    columnNames="pk_hash"
    constraintName="node_identities_pkey"
    tableName="node_identities"
] as 18ff03ab4c5827e642ce637c7155bd78
17:43:45.507 [Test worker] DEBUG liquibase - master.changelog.json: migration/node-services.changelog-init.xml::1511451595465-34::R3.Corda: Computed checksum for 7:18ff03ab4c5827e642ce637c7155bd78: as 43d4f1fd6b4b69fcd6b046d8806c8f50
17:43:45.508 [Test worker] DEBUG liquibase - master.changelog.json: migration/node-services.changelog-init.xml::1511451595465-38::R3.Corda: Computed checksum for addPrimaryKey:[
    columnNames="message_id"
    constraintName="node_message_ids_pkey"
    tableName="node_message_ids"
] as 5350f5a01fe53cad542ce506faf827a5
17:43:45.508 [Test worker] DEBUG liquibase - master.changelog.json: migration/node-services.changelog-init.xml::1511451595465-38::R3.Corda: Computed checksum for 7:5350f5a01fe53cad542ce506faf827a5: as 37825d1c920089f5d1d8667fae2a0770
17:43:45.508 [Test worker] DEBUG liquibase - master.changelog.json: migration/node-services.changelog-init.xml::1511451595465-39::R3.Corda: Computed checksum for addPrimaryKey:[
    columnNames="message_id"
    constraintName="node_message_retry_pkey"
    tableName="node_message_retry"
] as 05c5906d403843ddbc494dc9314c47db
17:43:45.508 [Test worker] DEBUG liquibase - master.changelog.json: migration/node-services.changelog-init.xml::1511451595465-39::R3.Corda: Computed checksum for 7:05c5906d403843ddbc494dc9314c47db: as 7cc6fa875e39740c709235ff27960561
17:43:45.509 [Test worker] DEBUG liquibase - master.changelog.json: migration/node-services.changelog-init.xml::1511451595465-40::R3.Corda: Computed checksum for addPrimaryKey:[
    columnNames="name"
    constraintName="node_named_identities_pkey"
    tableName="node_named_identities"
] as 64274859807014ee0d62867ef274028a
17:43:45.509 [Test worker] DEBUG liquibase - master.changelog.json: migration/node-services.changelog-init.xml::1511451595465-40::R3.Corda: Computed checksum for 7:64274859807014ee0d62867ef274028a: as 9fac7485c58064b7e7ddce0bd1af86c4
17:43:45.509 [Test worker] DEBUG liquibase - master.changelog.json: migration/node-services.changelog-init.xml::1511451595465-42::R3.Corda: Computed checksum for addPrimaryKey:[
    columnNames="public_key_hash"
    constraintName="node_our_key_pairs_pkey"
    tableName="node_our_key_pairs"
] as 2dc24802cacd1ecc9195c88381d1e14a
17:43:45.511 [Test worker] DEBUG liquibase - master.changelog.json: migration/node-services.changelog-init.xml::1511451595465-42::R3.Corda: Computed checksum for 7:2dc24802cacd1ecc9195c88381d1e14a: as e3644c4b7315958cfb3a3cd4a3f40946
17:43:45.511 [Test worker] DEBUG liquibase - master.changelog.json: migration/node-services.changelog-init.xml::1511451595465-44::R3.Corda: Computed checksum for addPrimaryKey:[
    columnNames="output_index, transaction_id"
    constraintName="node_scheduled_states_pkey"
    tableName="node_scheduled_states"
] as 4c77187a59774106bd1e1d37d89ae1f1
17:43:45.511 [Test worker] DEBUG liquibase - master.changelog.json: migration/node-services.changelog-init.xml::1511451595465-44::R3.Corda: Computed checksum for 7:4c77187a59774106bd1e1d37d89ae1f1: as 122e6cc40f7e50d8c9ffeb46861ed786
17:43:45.511 [Test worker] DEBUG liquibase - master.changelog.json: migration/node-services.changelog-init.xml::1511451595465-45::R3.Corda: Computed checksum for addPrimaryKey:[
    columnNames="tx_id"
    constraintName="node_transaction_mappings_pkey"
    tableName="node_transaction_mappings"
] as 8cc604e43605d57ebbd96b86580c421d
17:43:45.512 [Test worker] DEBUG liquibase - master.changelog.json: migration/node-services.changelog-init.xml::1511451595465-45::R3.Corda: Computed checksum for 7:8cc604e43605d57ebbd96b86580c421d: as c4ba1fcc19b22e52678633b13053eaa1
17:43:45.512 [Test worker] DEBUG liquibase - master.changelog.json: migration/node-services.changelog-init.xml::1511451595465-46::R3.Corda: Computed checksum for addPrimaryKey:[
    columnNames="tx_id"
    constraintName="node_transactions_pkey"
    tableName="node_transactions"
] as 4965c0f02c5ff2bc61985685f3256218
17:43:45.512 [Test worker] DEBUG liquibase - master.changelog.json: migration/node-services.changelog-init.xml::1511451595465-46::R3.Corda: Computed checksum for 7:4965c0f02c5ff2bc61985685f3256218: as 1a41a33c68c6f56be99cbfa9af7c2646
17:43:45.513 [Test worker] DEBUG liquibase - master.changelog.json: migration/node-services.changelog-init.xml::1511451595465-61::R3.Corda: Computed checksum for addForeignKeyConstraint:[
    baseColumnNames="party_name"
    baseTableName="node_link_nodeinfo_party"
    constraintName="FK__link_ni_p__info_p_cert"
    referencedColumnNames="party_name"
    referencedTableName="node_info_party_cert"
] as 44f7bd5dcfc33807eef117a55a62eef7
17:43:45.513 [Test worker] DEBUG liquibase - master.changelog.json: migration/node-services.changelog-init.xml::1511451595465-61::R3.Corda: Computed checksum for 7:44f7bd5dcfc33807eef117a55a62eef7: as f753db641a982caad48d7169dafbc854
17:43:45.514 [Test worker] DEBUG liquibase - master.changelog.json: migration/node-services.changelog-init.xml::add index att_id::R3.Corda: Computed checksum for createIndex:[
    columns=[
        [
            name="att_id"
        ]
    ]
    indexName="att_id_idx"
    tableName="node_attachments"
] as 52e7146df14351ff7556f6d45bd4fabd
17:43:45.515 [Test worker] DEBUG liquibase - master.changelog.json: migration/node-services.changelog-init.xml::add index att_id::R3.Corda: Computed checksum for 7:52e7146df14351ff7556f6d45bd4fabd: as 302188110e9124abd4ef58020255fbb0
17:43:45.515 [Test worker] DEBUG liquibase - master.changelog.json: migration/node-services.changelog-init.xml::add_contract_attachment::R3.Corda: Computed checksum for createTable:[
    columns=[
        [
            [
                nullable="false"
            ]
            name="att_id"
            type="NVARCHAR(255)"
        ],
        [
            name="contract_class_name"
            type="NVARCHAR(255)"
        ]
    ]
    tableName="node_attchments_contracts"
] as 184098a87199f7fd6863799c29181b39
17:43:45.515 [Test worker] DEBUG liquibase - master.changelog.json: migration/node-services.changelog-init.xml::add_contract_attachment::R3.Corda: Computed checksum for addForeignKeyConstraint:[
    baseColumnNames="att_id"
    baseTableName="node_attchments_contracts"
    constraintName="FK__ctr_class__attachments"
    referencedColumnNames="att_id"
    referencedTableName="node_attachments"
] as f50a4be698e1b1efc9e456d8a396f45d
17:43:45.516 [Test worker] DEBUG liquibase - master.changelog.json: migration/node-services.changelog-init.xml::add_contract_attachment::R3.Corda: Computed checksum for delete:[
    tableName="node_attachments"
] as 6ab2de0f26c32b87fd416f7bb0b2041a
17:43:45.516 [Test worker] DEBUG liquibase - master.changelog.json: migration/node-services.changelog-init.xml::add_contract_attachment::R3.Corda: Computed checksum for 7:184098a87199f7fd6863799c29181b39:7:f50a4be698e1b1efc9e456d8a396f45d:7:6ab2de0f26c32b87fd416f7bb0b2041a: as 2cfbc6a84cfcd7b8ce011b58aa70f584
17:43:45.516 [Test worker] DEBUG liquibase - master.changelog.json: migration/node-services.changelog-init.xml::add_dedup_columns::R3.Corda: Computed checksum for addColumn:[
    columns=[
        [
            name="sender"
            type="NVARCHAR(64)"
        ],
        [
            name="sequence_number"
            type="BIGINT"
        ]
    ]
    tableName="node_message_ids"
] as 52d08b6e53239379a1a266904ac87a23
17:43:45.517 [Test worker] DEBUG liquibase - master.changelog.json: migration/node-services.changelog-init.xml::add_dedup_columns::R3.Corda: Computed checksum for 7:52d08b6e53239379a1a266904ac87a23: as 376ede2552aa97e8abf9d9a808c16692
17:43:45.517 [Test worker] DEBUG liquibase - master.changelog.json: migration/node-core.changelog-v4.xml::attchments_rename::R3.Corda: Computed checksum for renameTable:[
    newTableName="node_attachments_contracts"
    oldTableName="node_attchments_contracts"
] as 0356ef37e1bbbe5465248f9614a94dd3
17:43:45.518 [Test worker] DEBUG liquibase - master.changelog.json: migration/node-core.changelog-v4.xml::attchments_rename::R3.Corda: Computed checksum for 7:0356ef37e1bbbe5465248f9614a94dd3: as 9c9553fbc45dfa0ec2117a113b1bfb13
17:43:45.518 [Test worker] DEBUG liquibase - master.changelog.json: migration/node-core.changelog-v4.xml::nullability::R3.Corda: Computed checksum for addNotNullConstraint:[
    columnDataType="blob"
    columnName="identity_value"
    tableName="node_identities"
] as 0ff1c74277be0f57d8da467bd3af81ba
17:43:45.519 [Test worker] DEBUG liquibase - master.changelog.json: migration/node-core.changelog-v4.xml::nullability::R3.Corda: Computed checksum for addNotNullConstraint:[
    columnDataType="blob"
    columnName="content"
    tableName="node_attachments"
] as dd563134d4976b0fc550563a3a9547d0
17:43:45.519 [Test worker] DEBUG liquibase - master.changelog.json: migration/node-core.changelog-v4.xml::nullability::R3.Corda: Computed checksum for addNotNullConstraint:[
    columnDataType="NVARCHAR(255)"
    columnName="contract_class_name"
    tableName="node_attachments_contracts"
] as fcbb1bca17f3fdbb18a1857897fc06f5
17:43:45.519 [Test worker] DEBUG liquibase - master.changelog.json: migration/node-core.changelog-v4.xml::nullability::R3.Corda: Computed checksum for addNotNullConstraint:[
    columnDataType="blob"
    columnName="checkpoint_value"
    tableName="node_checkpoints"
] as 58c19f5fa79bba98f82a37d6f4b5a6b9
17:43:45.520 [Test worker] DEBUG liquibase - master.changelog.json: migration/node-core.changelog-v4.xml::nullability::R3.Corda: Computed checksum for addNotNullConstraint:[
    columnDataType="NVARCHAR(255)"
    columnName="contract_class_name"
    tableName="node_contract_upgrades"
] as c29d2d41b0a68e07a140a2368ba5bba1
17:43:45.520 [Test worker] DEBUG liquibase - master.changelog.json: migration/node-core.changelog-v4.xml::nullability::R3.Corda: Computed checksum for addNotNullConstraint:[
    columnDataType="timestamp"
    columnName="insertion_time"
    tableName="node_message_ids"
] as 790718a410431aa28f9264789001ba45
17:43:45.520 [Test worker] DEBUG liquibase - master.changelog.json: migration/node-core.changelog-v4.xml::nullability::R3.Corda: Computed checksum for addNotNullConstraint:[
    columnDataType="blob"
    columnName="message"
    tableName="node_message_retry"
] as 1898ae47388ec4edef20156ecfff9aac
17:43:45.520 [Test worker] DEBUG liquibase - master.changelog.json: migration/node-core.changelog-v4.xml::nullability::R3.Corda: Computed checksum for addNotNullConstraint:[
    columnDataType="blob"
    columnName="recipients"
    tableName="node_message_retry"
] as c8e6a209afb71510082c39b6585beccf
17:43:45.521 [Test worker] DEBUG liquibase - master.changelog.json: migration/node-core.changelog-v4.xml::nullability::R3.Corda: Computed checksum for addNotNullConstraint:[
    columnDataType="NVARCHAR(130)"
    columnName="pk_hash"
    tableName="node_named_identities"
] as a8187d893238bffdbf57cdd9d63bfdba
17:43:45.521 [Test worker] DEBUG liquibase - master.changelog.json: migration/node-core.changelog-v4.xml::nullability::R3.Corda: Computed checksum for addNotNullConstraint:[
    columnDataType="blob"
    columnName="private_key"
    tableName="node_our_key_pairs"
] as b2af64a77f468869df53c57ab50eb85b
17:43:45.521 [Test worker] DEBUG liquibase - master.changelog.json: migration/node-core.changelog-v4.xml::nullability::R3.Corda: Computed checksum for addNotNullConstraint:[
    columnDataType="blob"
    columnName="public_key"
    tableName="node_our_key_pairs"
] as 713d90dc7b4029ace717deb55694f4a5
17:43:45.521 [Test worker] DEBUG liquibase - master.changelog.json: migration/node-core.changelog-v4.xml::nullability::R3.Corda: Computed checksum for addNotNullConstraint:[
    columnDataType="NVARCHAR(36)"
    columnName="state_machine_run_id"
    tableName="node_transaction_mappings"
] as 685dff1bf416bfa2574449a7f932d6f1
17:43:45.521 [Test worker] DEBUG liquibase - master.changelog.json: migration/node-core.changelog-v4.xml::nullability::R3.Corda: Computed checksum for addNotNullConstraint:[
    columnDataType="blob"
    columnName="transaction_value"
    tableName="node_transactions"
] as 9f7524707b3715b2aa22a20bc6fcabc5
17:43:45.525 [Test worker] DEBUG liquibase - master.changelog.json: migration/node-core.changelog-v4.xml::nullability::R3.Corda: Computed checksum for 7:0ff1c74277be0f57d8da467bd3af81ba:7:dd563134d4976b0fc550563a3a9547d0:7:fcbb1bca17f3fdbb18a1857897fc06f5:7:58c19f5fa79bba98f82a37d6f4b5a6b9:7:c29d2d41b0a68e07a140a2368ba5bba1:7:790718a410431aa28f9264789001ba45:7:1898ae47388ec4edef20156ecfff9aac:7:c8e6a209afb71510082c39b6585beccf:7:a8187d893238bffdbf57cdd9d63bfdba:7:b2af64a77f468869df53c57ab50eb85b:7:713d90dc7b4029ace717deb55694f4a5:7:685dff1bf416bfa2574449a7f932d6f1:7:9f7524707b3715b2aa22a20bc6fcabc5: as 73b3f89cdd2a42efebeb125648c28191
17:43:45.526 [Test worker] DEBUG liquibase - master.changelog.json: migration/node-core.changelog-v5.xml::remove_unused_node_message_retry::R3.Corda: Computed checksum for dropTable:[
    tableName="node_message_retry"
] as 8907740960b74152d1e573f64f4ce208
17:43:45.526 [Test worker] DEBUG liquibase - master.changelog.json: migration/node-core.changelog-v5.xml::remove_unused_node_message_retry::R3.Corda: Computed checksum for 7:8907740960b74152d1e573f64f4ce208: as cd120ad46e3a88b0eeaa7ffdcf8a0861
17:43:45.527 [Test worker] DEBUG liquibase - master.changelog.json: migration/node-core.changelog-pkey.xml::non-clustered_pk-1::R3.Corda: Computed checksum for dropPrimaryKey:[
    constraintName="node_checkpoints_pkey"
    tableName="node_checkpoints"
] as 9f99a134773f14ab2cbc2cd6f156b603
17:43:45.527 [Test worker] DEBUG liquibase - master.changelog.json: migration/node-core.changelog-pkey.xml::non-clustered_pk-1::R3.Corda: Computed checksum for addPrimaryKey:[
    clustered="false"
    columnNames="checkpoint_id"
    constraintName="node_checkpoints_pkey"
    tableName="node_checkpoints"
] as a18afa1a1a70b87465896c3520a34c84
17:43:45.527 [Test worker] DEBUG liquibase - master.changelog.json: migration/node-core.changelog-pkey.xml::non-clustered_pk-1::R3.Corda: Computed checksum for 7:9f99a134773f14ab2cbc2cd6f156b603:7:a18afa1a1a70b87465896c3520a34c84: as eb9d9d13536371a16c05f8a89051e6b0
17:43:45.528 [Test worker] INFO liquibase - master.changelog.json: migration/node-core.changelog-pkey.xml::non-clustered_pk-1::R3.Corda: Skipping changeSet migration/node-core.changelog-pkey.xml::non-clustered_pk-1::R3.Corda due to validation error(s): clustered is not allowed on h2
17:43:45.528 [Test worker] DEBUG liquibase - master.changelog.json: migration/node-core.changelog-pkey.xml::non-clustered_pk-2::R3.Corda: Computed checksum for dropPrimaryKey:[
    constraintName="node_identities_pkey"
    tableName="node_identities"
] as 605c45e8edd8d52e86e00a89fe2ac35e
17:43:45.528 [Test worker] DEBUG liquibase - master.changelog.json: migration/node-core.changelog-pkey.xml::non-clustered_pk-2::R3.Corda: Computed checksum for addPrimaryKey:[
    clustered="false"
    columnNames="pk_hash"
    constraintName="node_identities_pkey"
    tableName="node_identities"
] as fbf664dd28d0f4f6c49ae6c1fa52bd3e
17:43:45.528 [Test worker] DEBUG liquibase - master.changelog.json: migration/node-core.changelog-pkey.xml::non-clustered_pk-2::R3.Corda: Computed checksum for 7:605c45e8edd8d52e86e00a89fe2ac35e:7:fbf664dd28d0f4f6c49ae6c1fa52bd3e: as d4192425f4f38b39f3b09611028e5c14
17:43:45.528 [Test worker] INFO liquibase - master.changelog.json: migration/node-core.changelog-pkey.xml::non-clustered_pk-2::R3.Corda: Skipping changeSet migration/node-core.changelog-pkey.xml::non-clustered_pk-2::R3.Corda due to validation error(s): clustered is not allowed on h2
17:43:45.529 [Test worker] DEBUG liquibase - master.changelog.json: migration/node-core.changelog-pkey.xml::non-clustered_pk-3::R3.Corda: Computed checksum for dropPrimaryKey:[
    constraintName="node_message_ids_pkey"
    tableName="node_message_ids"
] as ba87180f3d741766134d74212ca6032f
17:43:45.529 [Test worker] DEBUG liquibase - master.changelog.json: migration/node-core.changelog-pkey.xml::non-clustered_pk-3::R3.Corda: Computed checksum for addPrimaryKey:[
    clustered="false"
    columnNames="message_id"
    constraintName="node_message_ids_pkey"
    tableName="node_message_ids"
] as 8aaadb5242637738d617d395100b45a5
17:43:45.529 [Test worker] DEBUG liquibase - master.changelog.json: migration/node-core.changelog-pkey.xml::non-clustered_pk-3::R3.Corda: Computed checksum for 7:ba87180f3d741766134d74212ca6032f:7:8aaadb5242637738d617d395100b45a5: as 9773a095cc1db7ea3a66e7e5565bb58e
17:43:45.529 [Test worker] INFO liquibase - master.changelog.json: migration/node-core.changelog-pkey.xml::non-clustered_pk-3::R3.Corda: Skipping changeSet migration/node-core.changelog-pkey.xml::non-clustered_pk-3::R3.Corda due to validation error(s): clustered is not allowed on h2
17:43:45.529 [Test worker] DEBUG liquibase - master.changelog.json: migration/node-core.changelog-pkey.xml::non-clustered_pk-4::R3.Corda: Computed checksum for dropPrimaryKey:[
    constraintName="node_named_identities_pkey"
    tableName="node_named_identities"
] as d24b036e035ca98e1702e37946c90818
17:43:45.530 [Test worker] DEBUG liquibase - master.changelog.json: migration/node-core.changelog-pkey.xml::non-clustered_pk-4::R3.Corda: Computed checksum for addPrimaryKey:[
    clustered="false"
    columnNames="name"
    constraintName="node_named_identities_pkey"
    tableName="node_named_identities"
] as ae93b29e74c25596344b0d7aa14239b9
17:43:45.530 [Test worker] DEBUG liquibase - master.changelog.json: migration/node-core.changelog-pkey.xml::non-clustered_pk-4::R3.Corda: Computed checksum for 7:d24b036e035ca98e1702e37946c90818:7:ae93b29e74c25596344b0d7aa14239b9: as f1e21d4abffbb24133e752eb9cd6a162
17:43:45.530 [Test worker] INFO liquibase - master.changelog.json: migration/node-core.changelog-pkey.xml::non-clustered_pk-4::R3.Corda: Skipping changeSet migration/node-core.changelog-pkey.xml::non-clustered_pk-4::R3.Corda due to validation error(s): clustered is not allowed on h2
17:43:45.530 [Test worker] DEBUG liquibase - master.changelog.json: migration/node-core.changelog-pkey.xml::non-clustered_pk-5::R3.Corda: Computed checksum for dropPrimaryKey:[
    constraintName="node_our_key_pairs_pkey"
    tableName="node_our_key_pairs"
] as 9ac2cf82fe1a0d3a4afa3f284102f0ed
17:43:45.530 [Test worker] DEBUG liquibase - master.changelog.json: migration/node-core.changelog-pkey.xml::non-clustered_pk-5::R3.Corda: Computed checksum for addPrimaryKey:[
    clustered="false"
    columnNames="public_key_hash"
    constraintName="node_our_key_pairs_pkey"
    tableName="node_our_key_pairs"
] as b30cc3700d89cfc198fe0601af670c55
17:43:45.530 [Test worker] DEBUG liquibase - master.changelog.json: migration/node-core.changelog-pkey.xml::non-clustered_pk-5::R3.Corda: Computed checksum for 7:9ac2cf82fe1a0d3a4afa3f284102f0ed:7:b30cc3700d89cfc198fe0601af670c55: as 4ea09df2dbab99be33f8251a40d1c5a6
17:43:45.531 [Test worker] INFO liquibase - master.changelog.json: migration/node-core.changelog-pkey.xml::non-clustered_pk-5::R3.Corda: Skipping changeSet migration/node-core.changelog-pkey.xml::non-clustered_pk-5::R3.Corda due to validation error(s): clustered is not allowed on h2
17:43:45.531 [Test worker] DEBUG liquibase - master.changelog.json: migration/node-core.changelog-pkey.xml::non-clustered_pk-6::R3.Corda: Computed checksum for dropPrimaryKey:[
    constraintName="node_transaction_mappings_pkey"
    tableName="node_transaction_mappings"
] as 983db0cc88ef50f6461218ae4c516eed
17:43:45.531 [Test worker] DEBUG liquibase - master.changelog.json: migration/node-core.changelog-pkey.xml::non-clustered_pk-6::R3.Corda: Computed checksum for addPrimaryKey:[
    clustered="false"
    columnNames="tx_id"
    constraintName="node_transaction_mappings_pkey"
    tableName="node_transaction_mappings"
] as dcb9146c1054916a8af5a4fb2f9152e2
17:43:45.531 [Test worker] DEBUG liquibase - master.changelog.json: migration/node-core.changelog-pkey.xml::non-clustered_pk-6::R3.Corda: Computed checksum for 7:983db0cc88ef50f6461218ae4c516eed:7:dcb9146c1054916a8af5a4fb2f9152e2: as cb349ad07d3039e6d7d2f184988b954f
17:43:45.531 [Test worker] INFO liquibase - master.changelog.json: migration/node-core.changelog-pkey.xml::non-clustered_pk-6::R3.Corda: Skipping changeSet migration/node-core.changelog-pkey.xml::non-clustered_pk-6::R3.Corda due to validation error(s): clustered is not allowed on h2
17:43:45.532 [Test worker] DEBUG liquibase - master.changelog.json: migration/node-core.changelog-pkey.xml::non-clustered_pk-7::R3.Corda: Computed checksum for dropPrimaryKey:[
    constraintName="node_transactions_pkey"
    tableName="node_transactions"
] as f422783d78c2f5d16738c611e1317bf1
17:43:45.532 [Test worker] DEBUG liquibase - master.changelog.json: migration/node-core.changelog-pkey.xml::non-clustered_pk-7::R3.Corda: Computed checksum for addPrimaryKey:[
    clustered="false"
    columnNames="tx_id"
    constraintName="node_transactions_pkey"
    tableName="node_transactions"
] as 457dcb0ccf83fa48cc8a9643c91b9ad4
17:43:45.532 [Test worker] DEBUG liquibase - master.changelog.json: migration/node-core.changelog-pkey.xml::non-clustered_pk-7::R3.Corda: Computed checksum for 7:f422783d78c2f5d16738c611e1317bf1:7:457dcb0ccf83fa48cc8a9643c91b9ad4: as 97c3ef240152c18129859ea5ae999c9e
17:43:45.532 [Test worker] INFO liquibase - master.changelog.json: migration/node-core.changelog-pkey.xml::non-clustered_pk-7::R3.Corda: Skipping changeSet migration/node-core.changelog-pkey.xml::non-clustered_pk-7::R3.Corda due to validation error(s): clustered is not allowed on h2
17:43:45.533 [Test worker] DEBUG liquibase - master.changelog.json: migration/node-core.changelog-v8.xml::conditional_attchments_rename::R3.Corda: Computed checksum for renameTable:[
    newTableName="NODE_ATTACHMENTS_CONTRACTS"
    oldTableName="NODE_ATTCHMENTS_CONTRACTS"
] as 0dba1c02ba10df0f9c88e1631299486e
17:43:45.533 [Test worker] DEBUG liquibase - master.changelog.json: migration/node-core.changelog-v8.xml::conditional_attchments_rename::R3.Corda: Computed checksum for 7:0dba1c02ba10df0f9c88e1631299486e: as c7fcf1b072eb8882179623895abd6a53
17:43:45.533 [Test worker] DEBUG liquibase - master.changelog.json: migration/node-core.changelog-v8.xml::conditional_attchments_contracts::R3.Corda: Computed checksum for renameTable:[
    newTableName="NODE_ATTACHMENTS_CONTRACTS"
    oldTableName="NODE_ATTACHMENTS_CONTRACT_CLASS_NAME"
] as ae58ab3570282cf1723e82df8647178c
17:43:45.533 [Test worker] DEBUG liquibase - master.changelog.json: migration/node-core.changelog-v8.xml::conditional_attchments_contracts::R3.Corda: Computed checksum for 7:ae58ab3570282cf1723e82df8647178c: as 9ec85543b6baac8a877ad21f063a5b13
17:43:45.533 [Test worker] DEBUG liquibase - master.changelog.json: migration/node-core.changelog-v8.xml::add_signers::R3.Corda: Computed checksum for createTable:[
    columns=[
        [
            [
                nullable="false"
            ]
            name="att_id"
            type="NVARCHAR(255)"
        ],
        [
            name="signer"
            type="NVARCHAR(1024)"
        ]
    ]
    tableName="node_attachments_signers"
] as ec83f8cd0344429668e5c2aedd0b2ab3
17:43:45.534 [Test worker] DEBUG liquibase - master.changelog.json: migration/node-core.changelog-v8.xml::add_signers::R3.Corda: Computed checksum for addForeignKeyConstraint:[
    baseColumnNames="att_id"
    baseTableName="node_attachments_signers"
    constraintName="FK__signers__attachments"
    referencedColumnNames="att_id"
    referencedTableName="node_attachments"
] as e86b87f9584ab73e9b56daa91c983050
17:43:45.534 [Test worker] DEBUG liquibase - master.changelog.json: migration/node-core.changelog-v8.xml::add_signers::R3.Corda: Computed checksum for 7:ec83f8cd0344429668e5c2aedd0b2ab3:7:e86b87f9584ab73e9b56daa91c983050: as d1356cd65d19937b81284ea078998d84
17:43:45.535 [Test worker] DEBUG liquibase - master.changelog.json: migration/node-core.changelog-tx-mapping.xml::add_tx_mapping_column::R3.Corda: Computed checksum for addColumn:[
    columns=[
        [
            [
                nullable="true"
            ]
            name="state_machine_run_id"
            type="NVARCHAR(36)"
        ]
    ]
    tableName="node_transactions"
] as 5fdebff63e6f64287935a2e65414d2a3
17:43:45.539 [Test worker] DEBUG liquibase - master.changelog.json: migration/node-core.changelog-tx-mapping.xml::add_tx_mapping_column::R3.Corda: Computed checksum for inputStream as a8472f5cf0c2c13303109942b6dbce69
17:43:45.540 [Test worker] DEBUG liquibase - master.changelog.json: migration/node-core.changelog-tx-mapping.xml::add_tx_mapping_column::R3.Corda: Computed checksum for dropTable:[
    tableName="node_transaction_mappings"
] as b220f3903f4c1c9d2298c35db99c59ac
17:43:45.540 [Test worker] DEBUG liquibase - master.changelog.json: migration/node-core.changelog-tx-mapping.xml::add_tx_mapping_column::R3.Corda: Computed checksum for 7:5fdebff63e6f64287935a2e65414d2a3:7:a8472f5cf0c2c13303109942b6dbce69:7:b220f3903f4c1c9d2298c35db99c59ac: as a0995593179aec45250c383611edd1e2
17:43:45.540 [Test worker] DEBUG liquibase - master.changelog.json: migration/node-services.changelog-init.xml::add_network_parameters_storage::R3.Corda: Computed checksum for createTable:[
    columns=[
        [
            [
                nullable="false"
            ]
            name="hash"
            type="NVARCHAR(130)"
        ],
        [
            [
                nullable="false"
            ]
            name="epoch"
            type="INT"
        ],
        [
            [
                nullable="false"
            ]
            name="parameters_bytes"
            type="BLOB"
        ],
        [
            [
                nullable="false"
    ... [truncated in log] as 0c5ab9f5cdf1cceb5855e79ec0df5990
17:43:45.542 [Test worker] DEBUG liquibase - master.changelog.json: migration/node-services.changelog-init.xml::add_network_parameters_storage::R3.Corda: Computed checksum for 7:0c5ab9f5cdf1cceb5855e79ec0df5990: as 8d5882f94d9f58647903210994573073
17:43:45.542 [Test worker] DEBUG liquibase - master.changelog.json: migration/node-services.changelog-init.xml::network_parameters_pk::R3.Corda: Computed checksum for addPrimaryKey:[
    columnNames="hash"
    constraintName="node_network_parameters_pkey"
    tableName="node_network_parameters"
] as 7398cbb8aa8fc3cf93265e77bbc28f93
17:43:45.542 [Test worker] DEBUG liquibase - master.changelog.json: migration/node-services.changelog-init.xml::network_parameters_pk::R3.Corda: Computed checksum for 7:7398cbb8aa8fc3cf93265e77bbc28f93: as 71635301bd498e4d52b02988795348e6
17:43:45.543 [Test worker] DEBUG liquibase - master.changelog.json: migration/node-services.changelog-init.xml::add_version_column::R3.Corda: Computed checksum for addColumn:[
    columns=[
        [
            name="version"
            type="INT"
        ]
    ]
    tableName="node_attachments"
] as c4c33cea80ccf15793fa7b5e24a6746f
17:43:45.543 [Test worker] DEBUG liquibase - master.changelog.json: migration/node-services.changelog-init.xml::add_version_column::R3.Corda: Computed checksum for inputStream as 7ceaceee938a74c8cea67468ab2e68f4
17:43:45.543 [Test worker] DEBUG liquibase - master.changelog.json: migration/node-services.changelog-init.xml::add_version_column::R3.Corda: Computed checksum for addNotNullConstraint:[
    columnDataType="INT"
    columnName="version"
    tableName="node_attachments"
] as a6d4059f21164657e11caa70338e4c7b
17:43:45.543 [Test worker] DEBUG liquibase - master.changelog.json: migration/node-services.changelog-init.xml::add_version_column::R3.Corda: Computed checksum for 7:c4c33cea80ccf15793fa7b5e24a6746f:7:7ceaceee938a74c8cea67468ab2e68f4:7:a6d4059f21164657e11caa70338e4c7b: as 7d7fb1c90fa05b5fc3b938fd7c520344
17:43:45.544 [Test worker] DEBUG liquibase - master.changelog.json: migration/node-services.changelog-init.xml::update-version-of-whitelisted-jars::R3.Corda: Computed checksum for customChange:[
    class="net.corda.nodeapi.internal.persistence.AttachmentVersionNumberMigration"
    param=[]
] as cccb7fe15337dd836d74b41ef3a3c6f5
17:43:45.544 [Test worker] DEBUG liquibase - master.changelog.json: migration/node-services.changelog-init.xml::update-version-of-whitelisted-jars::R3.Corda: Computed checksum for 7:cccb7fe15337dd836d74b41ef3a3c6f5: as 706b589854273bdf703c4ed7a2a9191b
17:43:45.544 [Test worker] DEBUG liquibase - master.changelog.json: migration/vault-schema.changelog-v9.xml::update-vault-states::R3.Corda: Computed checksum for customChange:[
    class="net.corda.node.migration.VaultStateMigration"
    param=[]
] as d51d633a004ca013feeabe1129953946
17:43:45.544 [Test worker] DEBUG liquibase - master.changelog.json: migration/vault-schema.changelog-v9.xml::update-vault-states::R3.Corda: Computed checksum for 7:d51d633a004ca013feeabe1129953946: as b005d9ddca6ae24f7eb8c275fb095a30
17:43:45.545 [Test worker] DEBUG liquibase - Executing QUERY database command: select count(*) from PUBLIC.DATABASECHANGELOGLOCK
17:43:45.545 [Test worker] DEBUG liquibase - Executing QUERY database command: SELECT LOCKED FROM PUBLIC.DATABASECHANGELOGLOCK WHERE ID=1
17:43:45.545 [Test worker] DEBUG liquibase - Lock Database
17:43:45.546 [Test worker] DEBUG liquibase - Executing UPDATE database command: UPDATE PUBLIC.DATABASECHANGELOGLOCK SET LOCKED = TRUE, LOCKEDBY = 'DELL (192.168.43.160)', LOCKGRANTED = '2019-10-14 17:43:45.545' WHERE ID = 1 AND LOCKED = FALSE
17:43:45.547 [Test worker] INFO liquibase - Successfully acquired change log lock
17:43:45.547 [Test worker] INFO liquibase - master.changelog.json: migration/common.changelog-init.xml::1511451595465-1.3::R3.Corda: Skipping changeSet migration/common.changelog-init.xml::1511451595465-1.3::R3.Corda due to validation error(s): minValue is not allowed on h2
17:43:45.562 [Test worker] INFO liquibase - master.changelog.json: migration/vault-schema.changelog-pkey.xml::non-clustered_pk-11::R3.Corda: Skipping changeSet migration/vault-schema.changelog-pkey.xml::non-clustered_pk-11::R3.Corda due to validation error(s): clustered is not allowed on h2
17:43:45.564 [Test worker] INFO liquibase - master.changelog.json: migration/vault-schema.changelog-pkey.xml::non-clustered_pk-12::R3.Corda: Skipping changeSet migration/vault-schema.changelog-pkey.xml::non-clustered_pk-12::R3.Corda due to validation error(s): clustered is not allowed on h2
17:43:45.565 [Test worker] INFO liquibase - master.changelog.json: migration/vault-schema.changelog-pkey.xml::non-clustered_pk-13::R3.Corda: Skipping changeSet migration/vault-schema.changelog-pkey.xml::non-clustered_pk-13::R3.Corda due to validation error(s): clustered is not allowed on h2
17:43:45.575 [Test worker] INFO liquibase - master.changelog.json: migration/node-core.changelog-pkey.xml::non-clustered_pk-1::R3.Corda: Skipping changeSet migration/node-core.changelog-pkey.xml::non-clustered_pk-1::R3.Corda due to validation error(s): clustered is not allowed on h2
17:43:45.575 [Test worker] INFO liquibase - master.changelog.json: migration/node-core.changelog-pkey.xml::non-clustered_pk-2::R3.Corda: Skipping changeSet migration/node-core.changelog-pkey.xml::non-clustered_pk-2::R3.Corda due to validation error(s): clustered is not allowed on h2
17:43:45.575 [Test worker] INFO liquibase - master.changelog.json: migration/node-core.changelog-pkey.xml::non-clustered_pk-3::R3.Corda: Skipping changeSet migration/node-core.changelog-pkey.xml::non-clustered_pk-3::R3.Corda due to validation error(s): clustered is not allowed on h2
17:43:45.576 [Test worker] INFO liquibase - master.changelog.json: migration/node-core.changelog-pkey.xml::non-clustered_pk-4::R3.Corda: Skipping changeSet migration/node-core.changelog-pkey.xml::non-clustered_pk-4::R3.Corda due to validation error(s): clustered is not allowed on h2
17:43:45.576 [Test worker] INFO liquibase - master.changelog.json: migration/node-core.changelog-pkey.xml::non-clustered_pk-5::R3.Corda: Skipping changeSet migration/node-core.changelog-pkey.xml::non-clustered_pk-5::R3.Corda due to validation error(s): clustered is not allowed on h2
17:43:45.576 [Test worker] INFO liquibase - master.changelog.json: migration/node-core.changelog-pkey.xml::non-clustered_pk-6::R3.Corda: Skipping changeSet migration/node-core.changelog-pkey.xml::non-clustered_pk-6::R3.Corda due to validation error(s): clustered is not allowed on h2
17:43:45.576 [Test worker] INFO liquibase - master.changelog.json: migration/node-core.changelog-pkey.xml::non-clustered_pk-7::R3.Corda: Skipping changeSet migration/node-core.changelog-pkey.xml::non-clustered_pk-7::R3.Corda due to validation error(s): clustered is not allowed on h2
17:43:45.577 [Test worker] DEBUG liquibase - master.changelog.json: migration/common.changelog-init.xml::1511451595465-1.1::R3.Corda: Running Changeset:migration/common.changelog-init.xml::1511451595465-1.1::R3.Corda
17:43:45.578 [Test worker] DEBUG liquibase - master.changelog.json: migration/common.changelog-init.xml::1511451595465-1.1::R3.Corda: Changeset migration/common.changelog-init.xml::1511451595465-1.1::R3.Corda
17:43:45.578 [Test worker] DEBUG liquibase - master.changelog.json: migration/common.changelog-init.xml::1511451595465-1.1::R3.Corda: Executing QUERY database command: SELECT SEQUENCE_NAME FROM INFORMATION_SCHEMA.SEQUENCES WHERE SEQUENCE_SCHEMA = 'null' AND IS_GENERATED=FALSE
17:43:45.579 [Test worker] DEBUG liquibase - master.changelog.json: migration/common.changelog-init.xml::1511451595465-1.1::R3.Corda: Executing QUERY database command: SELECT SEQUENCE_NAME FROM INFORMATION_SCHEMA.SEQUENCES WHERE SEQUENCE_SCHEMA = 'PUBLIC' AND IS_GENERATED=FALSE
17:43:45.580 [Test worker] DEBUG liquibase - master.changelog.json: migration/common.changelog-init.xml::1511451595465-1.1::R3.Corda: Reading ChangeSet: migration/common.changelog-init.xml::1511451595465-1.1::R3.Corda
17:43:45.580 [Test worker] DEBUG liquibase - master.changelog.json: migration/common.changelog-init.xml::1511451595465-1.1::R3.Corda: Executing Statement: liquibase.statement.core.CreateSequenceStatement@41ec6871
17:43:45.581 [Test worker] DEBUG liquibase - master.changelog.json: migration/common.changelog-init.xml::1511451595465-1.1::R3.Corda: Executing EXECUTE database command: CREATE SEQUENCE PUBLIC.hibernate_sequence
17:43:45.581 [Test worker] INFO liquibase - master.changelog.json: migration/common.changelog-init.xml::1511451595465-1.1::R3.Corda: Sequence hibernate_sequence created
17:43:45.581 [Test worker] INFO liquibase - master.changelog.json: migration/common.changelog-init.xml::1511451595465-1.1::R3.Corda: ChangeSet migration/common.changelog-init.xml::1511451595465-1.1::R3.Corda ran successfully in 3ms
17:43:45.581 [Test worker] DEBUG liquibase - master.changelog.json: migration/common.changelog-init.xml::1511451595465-1.1::R3.Corda: Executing QUERY database command: SELECT MAX(ORDEREXECUTED) FROM PUBLIC.DATABASECHANGELOG
17:43:45.583 [Test worker] DEBUG liquibase - master.changelog.json: migration/common.changelog-init.xml::1511451595465-1.1::R3.Corda: Executing EXECUTE database command: INSERT INTO PUBLIC.DATABASECHANGELOG (ID, AUTHOR, FILENAME, DATEEXECUTED, ORDEREXECUTED, MD5SUM, DESCRIPTION, COMMENTS, EXECTYPE, CONTEXTS, LABELS, LIQUIBASE, DEPLOYMENT_ID) VALUES ('1511451595465-1.1', 'R3.Corda', 'migration/common.changelog-init.xml', NOW(), 1, '7:afe897bea20bc08d1681087c94d0967d', 'createSequence sequenceName=hibernate_sequence', '', 'EXECUTED', NULL, NULL, '3.5.4', '1046225547')
17:43:45.583 [Test worker] DEBUG liquibase - master.changelog.json: migration/common.changelog-init.xml::1511451595465-1.3::R3.Corda: Running Changeset:migration/common.changelog-init.xml::1511451595465-1.3::R3.Corda
17:43:45.584 [Test worker] DEBUG liquibase - master.changelog.json: migration/common.changelog-init.xml::1511451595465-1.3::R3.Corda: Executing EXECUTE database command: INSERT INTO PUBLIC.DATABASECHANGELOG (ID, AUTHOR, FILENAME, DATEEXECUTED, ORDEREXECUTED, MD5SUM, DESCRIPTION, COMMENTS, EXECTYPE, CONTEXTS, LABELS, LIQUIBASE, DEPLOYMENT_ID) VALUES ('1511451595465-1.3', 'R3.Corda', 'migration/common.changelog-init.xml', NOW(), 2, '7:b775a64dd8351ca0b00329ea3e49f44b', 'createSequence sequenceName=hibernate_sequence', '', 'MARK_RAN', NULL, NULL, '3.5.4', '1046225547')
17:43:45.586 [Test worker] DEBUG liquibase - master.changelog.json: migration/vault-schema.changelog-init.xml::1511451595465-22::R3.Corda: Running Changeset:migration/vault-schema.changelog-init.xml::1511451595465-22::R3.Corda
17:43:45.586 [Test worker] DEBUG liquibase - master.changelog.json: migration/vault-schema.changelog-init.xml::1511451595465-22::R3.Corda: Changeset migration/vault-schema.changelog-init.xml::1511451595465-22::R3.Corda
17:43:45.586 [Test worker] DEBUG liquibase - master.changelog.json: migration/vault-schema.changelog-init.xml::1511451595465-22::R3.Corda: Reading ChangeSet: migration/vault-schema.changelog-init.xml::1511451595465-22::R3.Corda
17:43:45.587 [Test worker] DEBUG liquibase - master.changelog.json: migration/vault-schema.changelog-init.xml::1511451595465-22::R3.Corda: Executing Statement: liquibase.statement.core.CreateTableStatement@57701f6a
17:43:45.591 [Test worker] DEBUG liquibase - master.changelog.json: migration/vault-schema.changelog-init.xml::1511451595465-22::R3.Corda: Executing EXECUTE database command: CREATE TABLE PUBLIC.vault_fungible_states (output_index INT NOT NULL, transaction_id NVARCHAR(64) NOT NULL, issuer_name NVARCHAR(255), issuer_ref VARBINARY(512), owner_name NVARCHAR(255), quantity BIGINT)
17:43:45.592 [Test worker] INFO liquibase - master.changelog.json: migration/vault-schema.changelog-init.xml::1511451595465-22::R3.Corda: Table vault_fungible_states created
17:43:45.593 [Test worker] INFO liquibase - master.changelog.json: migration/vault-schema.changelog-init.xml::1511451595465-22::R3.Corda: ChangeSet migration/vault-schema.changelog-init.xml::1511451595465-22::R3.Corda ran successfully in 7ms
17:43:45.595 [Test worker] DEBUG liquibase - master.changelog.json: migration/vault-schema.changelog-init.xml::1511451595465-22::R3.Corda: Executing EXECUTE database command: INSERT INTO PUBLIC.DATABASECHANGELOG (ID, AUTHOR, FILENAME, DATEEXECUTED, ORDEREXECUTED, MD5SUM, DESCRIPTION, COMMENTS, EXECTYPE, CONTEXTS, LABELS, LIQUIBASE, DEPLOYMENT_ID) VALUES ('1511451595465-22', 'R3.Corda', 'migration/vault-schema.changelog-init.xml', NOW(), 3, '7:1f8a20296ddeb0fc739bd8e7084b0bab', 'createTable tableName=vault_fungible_states', '', 'EXECUTED', NULL, NULL, '3.5.4', '1046225547')
17:43:45.597 [Test worker] DEBUG liquibase - master.changelog.json: migration/vault-schema.changelog-init.xml::1511451595465-23::R3.Corda: Running Changeset:migration/vault-schema.changelog-init.xml::1511451595465-23::R3.Corda
17:43:45.598 [Test worker] DEBUG liquibase - master.changelog.json: migration/vault-schema.changelog-init.xml::1511451595465-23::R3.Corda: Changeset migration/vault-schema.changelog-init.xml::1511451595465-23::R3.Corda
17:43:45.598 [Test worker] DEBUG liquibase - master.changelog.json: migration/vault-schema.changelog-init.xml::1511451595465-23::R3.Corda: Reading ChangeSet: migration/vault-schema.changelog-init.xml::1511451595465-23::R3.Corda
17:43:45.599 [Test worker] DEBUG liquibase - master.changelog.json: migration/vault-schema.changelog-init.xml::1511451595465-23::R3.Corda: Executing Statement: liquibase.statement.core.CreateTableStatement@730f62d4
17:43:45.600 [Test worker] DEBUG liquibase - master.changelog.json: migration/vault-schema.changelog-init.xml::1511451595465-23::R3.Corda: Executing EXECUTE database command: CREATE TABLE PUBLIC.vault_fungible_states_parts (output_index INT NOT NULL, transaction_id NVARCHAR(64) NOT NULL, participants NVARCHAR(255))
17:43:45.602 [Test worker] INFO liquibase - master.changelog.json: migration/vault-schema.changelog-init.xml::1511451595465-23::R3.Corda: Table vault_fungible_states_parts created
17:43:45.602 [Test worker] INFO liquibase - master.changelog.json: migration/vault-schema.changelog-init.xml::1511451595465-23::R3.Corda: ChangeSet migration/vault-schema.changelog-init.xml::1511451595465-23::R3.Corda ran successfully in 4ms
17:43:45.603 [Test worker] DEBUG liquibase - master.changelog.json: migration/vault-schema.changelog-init.xml::1511451595465-23::R3.Corda: Executing EXECUTE database command: INSERT INTO PUBLIC.DATABASECHANGELOG (ID, AUTHOR, FILENAME, DATEEXECUTED, ORDEREXECUTED, MD5SUM, DESCRIPTION, COMMENTS, EXECTYPE, CONTEXTS, LABELS, LIQUIBASE, DEPLOYMENT_ID) VALUES ('1511451595465-23', 'R3.Corda', 'migration/vault-schema.changelog-init.xml', NOW(), 4, '7:1a9f6483c225c03a3a558b5b20306741', 'createTable tableName=vault_fungible_states_parts', '', 'EXECUTED', NULL, NULL, '3.5.4', '1046225547')
17:43:45.604 [Test worker] DEBUG liquibase - master.changelog.json: migration/vault-schema.changelog-init.xml::1511451595465-24::R3.Corda: Running Changeset:migration/vault-schema.changelog-init.xml::1511451595465-24::R3.Corda
17:43:45.604 [Test worker] DEBUG liquibase - master.changelog.json: migration/vault-schema.changelog-init.xml::1511451595465-24::R3.Corda: Changeset migration/vault-schema.changelog-init.xml::1511451595465-24::R3.Corda
17:43:45.604 [Test worker] DEBUG liquibase - master.changelog.json: migration/vault-schema.changelog-init.xml::1511451595465-24::R3.Corda: Reading ChangeSet: migration/vault-schema.changelog-init.xml::1511451595465-24::R3.Corda
17:43:45.605 [Test worker] DEBUG liquibase - master.changelog.json: migration/vault-schema.changelog-init.xml::1511451595465-24::R3.Corda: Executing Statement: liquibase.statement.core.CreateTableStatement@57c6acd5
17:43:45.605 [Test worker] DEBUG liquibase - master.changelog.json: migration/vault-schema.changelog-init.xml::1511451595465-24::R3.Corda: Executing EXECUTE database command: CREATE TABLE PUBLIC.vault_linear_states (output_index INT NOT NULL, transaction_id NVARCHAR(64) NOT NULL, external_id NVARCHAR(255), uuid VARCHAR(255) NOT NULL)
17:43:45.605 [Test worker] INFO liquibase - master.changelog.json: migration/vault-schema.changelog-init.xml::1511451595465-24::R3.Corda: Table vault_linear_states created
17:43:45.605 [Test worker] INFO liquibase - master.changelog.json: migration/vault-schema.changelog-init.xml::1511451595465-24::R3.Corda: ChangeSet migration/vault-schema.changelog-init.xml::1511451595465-24::R3.Corda ran successfully in 1ms
17:43:45.606 [Test worker] DEBUG liquibase - master.changelog.json: migration/vault-schema.changelog-init.xml::1511451595465-24::R3.Corda: Executing EXECUTE database command: INSERT INTO PUBLIC.DATABASECHANGELOG (ID, AUTHOR, FILENAME, DATEEXECUTED, ORDEREXECUTED, MD5SUM, DESCRIPTION, COMMENTS, EXECTYPE, CONTEXTS, LABELS, LIQUIBASE, DEPLOYMENT_ID) VALUES ('1511451595465-24', 'R3.Corda', 'migration/vault-schema.changelog-init.xml', NOW(), 5, '7:cc33e3b7b7db0e8613421e71352448d1', 'createTable tableName=vault_linear_states', '', 'EXECUTED', NULL, NULL, '3.5.4', '1046225547')
17:43:45.607 [Test worker] DEBUG liquibase - master.changelog.json: migration/vault-schema.changelog-init.xml::1511451595465-25::R3.Corda: Running Changeset:migration/vault-schema.changelog-init.xml::1511451595465-25::R3.Corda
17:43:45.607 [Test worker] DEBUG liquibase - master.changelog.json: migration/vault-schema.changelog-init.xml::1511451595465-25::R3.Corda: Changeset migration/vault-schema.changelog-init.xml::1511451595465-25::R3.Corda
17:43:45.608 [Test worker] DEBUG liquibase - master.changelog.json: migration/vault-schema.changelog-init.xml::1511451595465-25::R3.Corda: Reading ChangeSet: migration/vault-schema.changelog-init.xml::1511451595465-25::R3.Corda
17:43:45.608 [Test worker] DEBUG liquibase - master.changelog.json: migration/vault-schema.changelog-init.xml::1511451595465-25::R3.Corda: Executing Statement: liquibase.statement.core.CreateTableStatement@7d848bf0
17:43:45.608 [Test worker] DEBUG liquibase - master.changelog.json: migration/vault-schema.changelog-init.xml::1511451595465-25::R3.Corda: Executing EXECUTE database command: CREATE TABLE PUBLIC.vault_linear_states_parts (output_index INT NOT NULL, transaction_id NVARCHAR(64) NOT NULL, participants NVARCHAR(255))
17:43:45.608 [Test worker] INFO liquibase - master.changelog.json: migration/vault-schema.changelog-init.xml::1511451595465-25::R3.Corda: Table vault_linear_states_parts created
17:43:45.609 [Test worker] INFO liquibase - master.changelog.json: migration/vault-schema.changelog-init.xml::1511451595465-25::R3.Corda: ChangeSet migration/vault-schema.changelog-init.xml::1511451595465-25::R3.Corda ran successfully in 2ms
17:43:45.620 [Test worker] DEBUG liquibase - master.changelog.json: migration/vault-schema.changelog-init.xml::1511451595465-25::R3.Corda: Executing EXECUTE database command: INSERT INTO PUBLIC.DATABASECHANGELOG (ID, AUTHOR, FILENAME, DATEEXECUTED, ORDEREXECUTED, MD5SUM, DESCRIPTION, COMMENTS, EXECTYPE, CONTEXTS, LABELS, LIQUIBASE, DEPLOYMENT_ID) VALUES ('1511451595465-25', 'R3.Corda', 'migration/vault-schema.changelog-init.xml', NOW(), 6, '7:cee1c34886b737d7c86f4ba94a43d9a7', 'createTable tableName=vault_linear_states_parts', '', 'EXECUTED', NULL, NULL, '3.5.4', '1046225547')
17:43:45.620 [Test worker] DEBUG liquibase - master.changelog.json: migration/vault-schema.changelog-init.xml::1511451595465-26::R3.Corda: Running Changeset:migration/vault-schema.changelog-init.xml::1511451595465-26::R3.Corda
17:43:45.620 [Test worker] DEBUG liquibase - master.changelog.json: migration/vault-schema.changelog-init.xml::1511451595465-26::R3.Corda: Changeset migration/vault-schema.changelog-init.xml::1511451595465-26::R3.Corda
17:43:45.620 [Test worker] DEBUG liquibase - master.changelog.json: migration/vault-schema.changelog-init.xml::1511451595465-26::R3.Corda: Reading ChangeSet: migration/vault-schema.changelog-init.xml::1511451595465-26::R3.Corda
17:43:45.635 [Test worker] DEBUG liquibase - master.changelog.json: migration/vault-schema.changelog-init.xml::1511451595465-26::R3.Corda: Executing Statement: liquibase.statement.core.CreateTableStatement@602ac34c
17:43:45.635 [Test worker] DEBUG liquibase - master.changelog.json: migration/vault-schema.changelog-init.xml::1511451595465-26::R3.Corda: Executing EXECUTE database command: CREATE TABLE PUBLIC.vault_states (output_index INT NOT NULL, transaction_id NVARCHAR(64) NOT NULL, consumed_timestamp TIMESTAMP, contract_state_class_name NVARCHAR(255), lock_id NVARCHAR(255), lock_timestamp TIMESTAMP, notary_name NVARCHAR(255), recorded_timestamp TIMESTAMP, state_status INT)
17:43:45.637 [Test worker] INFO liquibase - master.changelog.json: migration/vault-schema.changelog-init.xml::1511451595465-26::R3.Corda: Table vault_states created
17:43:45.637 [Test worker] INFO liquibase - master.changelog.json: migration/vault-schema.changelog-init.xml::1511451595465-26::R3.Corda: ChangeSet migration/vault-schema.changelog-init.xml::1511451595465-26::R3.Corda ran successfully in 17ms
17:43:45.638 [Test worker] DEBUG liquibase - master.changelog.json: migration/vault-schema.changelog-init.xml::1511451595465-26::R3.Corda: Executing EXECUTE database command: INSERT INTO PUBLIC.DATABASECHANGELOG (ID, AUTHOR, FILENAME, DATEEXECUTED, ORDEREXECUTED, MD5SUM, DESCRIPTION, COMMENTS, EXECTYPE, CONTEXTS, LABELS, LIQUIBASE, DEPLOYMENT_ID) VALUES ('1511451595465-26', 'R3.Corda', 'migration/vault-schema.changelog-init.xml', NOW(), 7, '7:47ea918c4e5894a573ed08ff7d3cfcf8', 'createTable tableName=vault_states', '', 'EXECUTED', NULL, NULL, '3.5.4', '1046225547')
17:43:45.639 [Test worker] DEBUG liquibase - master.changelog.json: migration/vault-schema.changelog-init.xml::1511451595465-27::R3.Corda: Running Changeset:migration/vault-schema.changelog-init.xml::1511451595465-27::R3.Corda
17:43:45.639 [Test worker] DEBUG liquibase - master.changelog.json: migration/vault-schema.changelog-init.xml::1511451595465-27::R3.Corda: Changeset migration/vault-schema.changelog-init.xml::1511451595465-27::R3.Corda
17:43:45.639 [Test worker] DEBUG liquibase - master.changelog.json: migration/vault-schema.changelog-init.xml::1511451595465-27::R3.Corda: Reading ChangeSet: migration/vault-schema.changelog-init.xml::1511451595465-27::R3.Corda
17:43:45.639 [Test worker] DEBUG liquibase - master.changelog.json: migration/vault-schema.changelog-init.xml::1511451595465-27::R3.Corda: Executing Statement: liquibase.statement.core.CreateTableStatement@4b87158f
17:43:45.640 [Test worker] DEBUG liquibase - master.changelog.json: migration/vault-schema.changelog-init.xml::1511451595465-27::R3.Corda: Executing EXECUTE database command: CREATE TABLE PUBLIC.vault_transaction_notes (seq_no INT NOT NULL, note NVARCHAR(255), transaction_id NVARCHAR(64))
17:43:45.640 [Test worker] INFO liquibase - master.changelog.json: migration/vault-schema.changelog-init.xml::1511451595465-27::R3.Corda: Table vault_transaction_notes created
17:43:45.640 [Test worker] INFO liquibase - master.changelog.json: migration/vault-schema.changelog-init.xml::1511451595465-27::R3.Corda: ChangeSet migration/vault-schema.changelog-init.xml::1511451595465-27::R3.Corda ran successfully in 1ms
17:43:45.641 [Test worker] DEBUG liquibase - master.changelog.json: migration/vault-schema.changelog-init.xml::1511451595465-27::R3.Corda: Executing EXECUTE database command: INSERT INTO PUBLIC.DATABASECHANGELOG (ID, AUTHOR, FILENAME, DATEEXECUTED, ORDEREXECUTED, MD5SUM, DESCRIPTION, COMMENTS, EXECTYPE, CONTEXTS, LABELS, LIQUIBASE, DEPLOYMENT_ID) VALUES ('1511451595465-27', 'R3.Corda', 'migration/vault-schema.changelog-init.xml', NOW(), 8, '7:b335f04504c263e99eb1b4b78fb7b976', 'createTable tableName=vault_transaction_notes', '', 'EXECUTED', NULL, NULL, '3.5.4', '1046225547')
17:43:45.642 [Test worker] DEBUG liquibase - master.changelog.json: migration/vault-schema.changelog-init.xml::1511451595465-47::R3.Corda: Running Changeset:migration/vault-schema.changelog-init.xml::1511451595465-47::R3.Corda
17:43:45.642 [Test worker] DEBUG liquibase - master.changelog.json: migration/vault-schema.changelog-init.xml::1511451595465-47::R3.Corda: Changeset migration/vault-schema.changelog-init.xml::1511451595465-47::R3.Corda
17:43:45.642 [Test worker] DEBUG liquibase - master.changelog.json: migration/vault-schema.changelog-init.xml::1511451595465-47::R3.Corda: Reading ChangeSet: migration/vault-schema.changelog-init.xml::1511451595465-47::R3.Corda
17:43:45.642 [Test worker] DEBUG liquibase - master.changelog.json: migration/vault-schema.changelog-init.xml::1511451595465-47::R3.Corda: Executing Statement: liquibase.statement.core.AddPrimaryKeyStatement@45bd3312
17:43:45.642 [Test worker] DEBUG liquibase - master.changelog.json: migration/vault-schema.changelog-init.xml::1511451595465-47::R3.Corda: Executing EXECUTE database command: ALTER TABLE PUBLIC.vault_fungible_states ADD CONSTRAINT vault_fungible_states_pkey PRIMARY KEY (output_index, transaction_id)
17:43:45.643 [Test worker] INFO liquibase - master.changelog.json: migration/vault-schema.changelog-init.xml::1511451595465-47::R3.Corda: Primary key added to vault_fungible_states (output_index, transaction_id)
17:43:45.643 [Test worker] INFO liquibase - master.changelog.json: migration/vault-schema.changelog-init.xml::1511451595465-47::R3.Corda: ChangeSet migration/vault-schema.changelog-init.xml::1511451595465-47::R3.Corda ran successfully in 1ms
17:43:45.644 [Test worker] DEBUG liquibase - master.changelog.json: migration/vault-schema.changelog-init.xml::1511451595465-47::R3.Corda: Executing EXECUTE database command: INSERT INTO PUBLIC.DATABASECHANGELOG (ID, AUTHOR, FILENAME, DATEEXECUTED, ORDEREXECUTED, MD5SUM, DESCRIPTION, COMMENTS, EXECTYPE, CONTEXTS, LABELS, LIQUIBASE, DEPLOYMENT_ID) VALUES ('1511451595465-47', 'R3.Corda', 'migration/vault-schema.changelog-init.xml', NOW(), 9, '7:5ebf8c6ceacd418805fef0a8d5926d22', 'addPrimaryKey constraintName=vault_fungible_states_pkey, tableName=vault_fungible_states', '', 'EXECUTED', NULL, NULL, '3.5.4', '1046225547')
17:43:45.645 [Test worker] DEBUG liquibase - master.changelog.json: migration/vault-schema.changelog-init.xml::1511451595465-48::R3.Corda: Running Changeset:migration/vault-schema.changelog-init.xml::1511451595465-48::R3.Corda
17:43:45.645 [Test worker] DEBUG liquibase - master.changelog.json: migration/vault-schema.changelog-init.xml::1511451595465-48::R3.Corda: Changeset migration/vault-schema.changelog-init.xml::1511451595465-48::R3.Corda
17:43:45.645 [Test worker] DEBUG liquibase - master.changelog.json: migration/vault-schema.changelog-init.xml::1511451595465-48::R3.Corda: Reading ChangeSet: migration/vault-schema.changelog-init.xml::1511451595465-48::R3.Corda
17:43:45.645 [Test worker] DEBUG liquibase - master.changelog.json: migration/vault-schema.changelog-init.xml::1511451595465-48::R3.Corda: Executing Statement: liquibase.statement.core.AddPrimaryKeyStatement@3fb109c5
17:43:45.645 [Test worker] DEBUG liquibase - master.changelog.json: migration/vault-schema.changelog-init.xml::1511451595465-48::R3.Corda: Executing EXECUTE database command: ALTER TABLE PUBLIC.vault_linear_states ADD CONSTRAINT vault_linear_states_pkey PRIMARY KEY (output_index, transaction_id)
17:43:45.646 [Test worker] INFO liquibase - master.changelog.json: migration/vault-schema.changelog-init.xml::1511451595465-48::R3.Corda: Primary key added to vault_linear_states (output_index, transaction_id)
17:43:45.646 [Test worker] INFO liquibase - master.changelog.json: migration/vault-schema.changelog-init.xml::1511451595465-48::R3.Corda: ChangeSet migration/vault-schema.changelog-init.xml::1511451595465-48::R3.Corda ran successfully in 1ms
17:43:45.647 [Test worker] DEBUG liquibase - master.changelog.json: migration/vault-schema.changelog-init.xml::1511451595465-48::R3.Corda: Executing EXECUTE database command: INSERT INTO PUBLIC.DATABASECHANGELOG (ID, AUTHOR, FILENAME, DATEEXECUTED, ORDEREXECUTED, MD5SUM, DESCRIPTION, COMMENTS, EXECTYPE, CONTEXTS, LABELS, LIQUIBASE, DEPLOYMENT_ID) VALUES ('1511451595465-48', 'R3.Corda', 'migration/vault-schema.changelog-init.xml', NOW(), 10, '7:6852e525af1e0e841b85cbc65c3ef3eb', 'addPrimaryKey constraintName=vault_linear_states_pkey, tableName=vault_linear_states', '', 'EXECUTED', NULL, NULL, '3.5.4', '1046225547')
17:43:45.647 [Test worker] DEBUG liquibase - master.changelog.json: migration/vault-schema.changelog-init.xml::1511451595465-49::R3.Corda: Running Changeset:migration/vault-schema.changelog-init.xml::1511451595465-49::R3.Corda
17:43:45.647 [Test worker] DEBUG liquibase - master.changelog.json: migration/vault-schema.changelog-init.xml::1511451595465-49::R3.Corda: Changeset migration/vault-schema.changelog-init.xml::1511451595465-49::R3.Corda
17:43:45.648 [Test worker] DEBUG liquibase - master.changelog.json: migration/vault-schema.changelog-init.xml::1511451595465-49::R3.Corda: Reading ChangeSet: migration/vault-schema.changelog-init.xml::1511451595465-49::R3.Corda
17:43:45.648 [Test worker] DEBUG liquibase - master.changelog.json: migration/vault-schema.changelog-init.xml::1511451595465-49::R3.Corda: Executing Statement: liquibase.statement.core.AddPrimaryKeyStatement@2bfbf0e0
17:43:45.648 [Test worker] DEBUG liquibase - master.changelog.json: migration/vault-schema.changelog-init.xml::1511451595465-49::R3.Corda: Executing EXECUTE database command: ALTER TABLE PUBLIC.vault_states ADD CONSTRAINT vault_states_pkey PRIMARY KEY (output_index, transaction_id)
17:43:45.648 [Test worker] INFO liquibase - master.changelog.json: migration/vault-schema.changelog-init.xml::1511451595465-49::R3.Corda: Primary key added to vault_states (output_index, transaction_id)
17:43:45.648 [Test worker] INFO liquibase - master.changelog.json: migration/vault-schema.changelog-init.xml::1511451595465-49::R3.Corda: ChangeSet migration/vault-schema.changelog-init.xml::1511451595465-49::R3.Corda ran successfully in 1ms
17:43:45.649 [Test worker] DEBUG liquibase - master.changelog.json: migration/vault-schema.changelog-init.xml::1511451595465-49::R3.Corda: Executing EXECUTE database command: INSERT INTO PUBLIC.DATABASECHANGELOG (ID, AUTHOR, FILENAME, DATEEXECUTED, ORDEREXECUTED, MD5SUM, DESCRIPTION, COMMENTS, EXECTYPE, CONTEXTS, LABELS, LIQUIBASE, DEPLOYMENT_ID) VALUES ('1511451595465-49', 'R3.Corda', 'migration/vault-schema.changelog-init.xml', NOW(), 11, '7:e88ace88ae32b7c6a212f749bed7f25f', 'addPrimaryKey constraintName=vault_states_pkey, tableName=vault_states', '', 'EXECUTED', NULL, NULL, '3.5.4', '1046225547')
17:43:45.650 [Test worker] DEBUG liquibase - master.changelog.json: migration/vault-schema.changelog-init.xml::1511451595465-50::R3.Corda: Running Changeset:migration/vault-schema.changelog-init.xml::1511451595465-50::R3.Corda
17:43:45.650 [Test worker] DEBUG liquibase - master.changelog.json: migration/vault-schema.changelog-init.xml::1511451595465-50::R3.Corda: Changeset migration/vault-schema.changelog-init.xml::1511451595465-50::R3.Corda
17:43:45.650 [Test worker] DEBUG liquibase - master.changelog.json: migration/vault-schema.changelog-init.xml::1511451595465-50::R3.Corda: Reading ChangeSet: migration/vault-schema.changelog-init.xml::1511451595465-50::R3.Corda
17:43:45.650 [Test worker] DEBUG liquibase - master.changelog.json: migration/vault-schema.changelog-init.xml::1511451595465-50::R3.Corda: Executing Statement: liquibase.statement.core.AddPrimaryKeyStatement@7e030082
17:43:45.651 [Test worker] DEBUG liquibase - master.changelog.json: migration/vault-schema.changelog-init.xml::1511451595465-50::R3.Corda: Executing EXECUTE database command: ALTER TABLE PUBLIC.vault_transaction_notes ADD CONSTRAINT vault_transaction_notes_pkey PRIMARY KEY (seq_no)
17:43:45.651 [Test worker] INFO liquibase - master.changelog.json: migration/vault-schema.changelog-init.xml::1511451595465-50::R3.Corda: Primary key added to vault_transaction_notes (seq_no)
17:43:45.651 [Test worker] INFO liquibase - master.changelog.json: migration/vault-schema.changelog-init.xml::1511451595465-50::R3.Corda: ChangeSet migration/vault-schema.changelog-init.xml::1511451595465-50::R3.Corda ran successfully in 1ms
17:43:45.653 [Test worker] DEBUG liquibase - master.changelog.json: migration/vault-schema.changelog-init.xml::1511451595465-50::R3.Corda: Executing EXECUTE database command: INSERT INTO PUBLIC.DATABASECHANGELOG (ID, AUTHOR, FILENAME, DATEEXECUTED, ORDEREXECUTED, MD5SUM, DESCRIPTION, COMMENTS, EXECTYPE, CONTEXTS, LABELS, LIQUIBASE, DEPLOYMENT_ID) VALUES ('1511451595465-50', 'R3.Corda', 'migration/vault-schema.changelog-init.xml', NOW(), 12, '7:aef52cbfcee4e86a30a1175aacdae9b5', 'addPrimaryKey constraintName=vault_transaction_notes_pkey, tableName=vault_transaction_notes', '', 'EXECUTED', NULL, NULL, '3.5.4', '1046225547')
17:43:45.653 [Test worker] DEBUG liquibase - master.changelog.json: migration/vault-schema.changelog-init.xml::1511451595465-53::R3.Corda: Running Changeset:migration/vault-schema.changelog-init.xml::1511451595465-53::R3.Corda
17:43:45.653 [Test worker] DEBUG liquibase - master.changelog.json: migration/vault-schema.changelog-init.xml::1511451595465-53::R3.Corda: Changeset migration/vault-schema.changelog-init.xml::1511451595465-53::R3.Corda
17:43:45.653 [Test worker] DEBUG liquibase - master.changelog.json: migration/vault-schema.changelog-init.xml::1511451595465-53::R3.Corda: Reading ChangeSet: migration/vault-schema.changelog-init.xml::1511451595465-53::R3.Corda
17:43:45.653 [Test worker] DEBUG liquibase - master.changelog.json: migration/vault-schema.changelog-init.xml::1511451595465-53::R3.Corda: Executing Statement: liquibase.statement.core.CreateIndexStatement@739b5763
17:43:45.654 [Test worker] DEBUG liquibase - master.changelog.json: migration/vault-schema.changelog-init.xml::1511451595465-53::R3.Corda: Executing EXECUTE database command: CREATE INDEX PUBLIC.external_id_index ON PUBLIC.vault_linear_states(external_id)
17:43:45.654 [Test worker] INFO liquibase - master.changelog.json: migration/vault-schema.changelog-init.xml::1511451595465-53::R3.Corda: Index external_id_index created
17:43:45.654 [Test worker] INFO liquibase - master.changelog.json: migration/vault-schema.changelog-init.xml::1511451595465-53::R3.Corda: ChangeSet migration/vault-schema.changelog-init.xml::1511451595465-53::R3.Corda ran successfully in 1ms
17:43:45.655 [Test worker] DEBUG liquibase - master.changelog.json: migration/vault-schema.changelog-init.xml::1511451595465-53::R3.Corda: Executing EXECUTE database command: INSERT INTO PUBLIC.DATABASECHANGELOG (ID, AUTHOR, FILENAME, DATEEXECUTED, ORDEREXECUTED, MD5SUM, DESCRIPTION, COMMENTS, EXECTYPE, CONTEXTS, LABELS, LIQUIBASE, DEPLOYMENT_ID) VALUES ('1511451595465-53', 'R3.Corda', 'migration/vault-schema.changelog-init.xml', NOW(), 13, '7:7b0c95c0892fe1aba26a294d843d3c0a', 'createIndex indexName=external_id_index, tableName=vault_linear_states', '', 'EXECUTED', NULL, NULL, '3.5.4', '1046225547')
17:43:45.655 [Test worker] DEBUG liquibase - master.changelog.json: migration/vault-schema.changelog-init.xml::1511451595465-55::R3.Corda: Running Changeset:migration/vault-schema.changelog-init.xml::1511451595465-55::R3.Corda
17:43:45.655 [Test worker] DEBUG liquibase - master.changelog.json: migration/vault-schema.changelog-init.xml::1511451595465-55::R3.Corda: Changeset migration/vault-schema.changelog-init.xml::1511451595465-55::R3.Corda
17:43:45.656 [Test worker] DEBUG liquibase - master.changelog.json: migration/vault-schema.changelog-init.xml::1511451595465-55::R3.Corda: Reading ChangeSet: migration/vault-schema.changelog-init.xml::1511451595465-55::R3.Corda
17:43:45.656 [Test worker] DEBUG liquibase - master.changelog.json: migration/vault-schema.changelog-init.xml::1511451595465-55::R3.Corda: Executing Statement: liquibase.statement.core.CreateIndexStatement@79fbc1e4
17:43:45.656 [Test worker] DEBUG liquibase - master.changelog.json: migration/vault-schema.changelog-init.xml::1511451595465-55::R3.Corda: Executing EXECUTE database command: CREATE INDEX PUBLIC.lock_id_idx ON PUBLIC.vault_states(lock_id, state_status)
17:43:45.656 [Test worker] INFO liquibase - master.changelog.json: migration/vault-schema.changelog-init.xml::1511451595465-55::R3.Corda: Index lock_id_idx created
17:43:45.656 [Test worker] INFO liquibase - master.changelog.json: migration/vault-schema.changelog-init.xml::1511451595465-55::R3.Corda: ChangeSet migration/vault-schema.changelog-init.xml::1511451595465-55::R3.Corda ran successfully in 1ms
17:43:45.657 [Test worker] DEBUG liquibase - master.changelog.json: migration/vault-schema.changelog-init.xml::1511451595465-55::R3.Corda: Executing EXECUTE database command: INSERT INTO PUBLIC.DATABASECHANGELOG (ID, AUTHOR, FILENAME, DATEEXECUTED, ORDEREXECUTED, MD5SUM, DESCRIPTION, COMMENTS, EXECTYPE, CONTEXTS, LABELS, LIQUIBASE, DEPLOYMENT_ID) VALUES ('1511451595465-55', 'R3.Corda', 'migration/vault-schema.changelog-init.xml', NOW(), 14, '7:daf1bfa84381a1c8e100c14229a6d860', 'createIndex indexName=lock_id_idx, tableName=vault_states', '', 'EXECUTED', NULL, NULL, '3.5.4', '1046225547')
17:43:45.658 [Test worker] DEBUG liquibase - master.changelog.json: migration/vault-schema.changelog-init.xml::1511451595465-58::R3.Corda: Running Changeset:migration/vault-schema.changelog-init.xml::1511451595465-58::R3.Corda
17:43:45.658 [Test worker] DEBUG liquibase - master.changelog.json: migration/vault-schema.changelog-init.xml::1511451595465-58::R3.Corda: Changeset migration/vault-schema.changelog-init.xml::1511451595465-58::R3.Corda
17:43:45.658 [Test worker] DEBUG liquibase - master.changelog.json: migration/vault-schema.changelog-init.xml::1511451595465-58::R3.Corda: Reading ChangeSet: migration/vault-schema.changelog-init.xml::1511451595465-58::R3.Corda
17:43:45.658 [Test worker] DEBUG liquibase - master.changelog.json: migration/vault-schema.changelog-init.xml::1511451595465-58::R3.Corda: Executing Statement: liquibase.statement.core.CreateIndexStatement@33ba9c79
17:43:45.658 [Test worker] DEBUG liquibase - master.changelog.json: migration/vault-schema.changelog-init.xml::1511451595465-58::R3.Corda: Executing EXECUTE database command: CREATE INDEX PUBLIC.state_status_idx ON PUBLIC.vault_states(state_status)
17:43:45.658 [Test worker] INFO liquibase - master.changelog.json: migration/vault-schema.changelog-init.xml::1511451595465-58::R3.Corda: Index state_status_idx created
17:43:45.658 [Test worker] INFO liquibase - master.changelog.json: migration/vault-schema.changelog-init.xml::1511451595465-58::R3.Corda: ChangeSet migration/vault-schema.changelog-init.xml::1511451595465-58::R3.Corda ran successfully in 0ms
17:43:45.659 [Test worker] DEBUG liquibase - master.changelog.json: migration/vault-schema.changelog-init.xml::1511451595465-58::R3.Corda: Executing EXECUTE database command: INSERT INTO PUBLIC.DATABASECHANGELOG (ID, AUTHOR, FILENAME, DATEEXECUTED, ORDEREXECUTED, MD5SUM, DESCRIPTION, COMMENTS, EXECTYPE, CONTEXTS, LABELS, LIQUIBASE, DEPLOYMENT_ID) VALUES ('1511451595465-58', 'R3.Corda', 'migration/vault-schema.changelog-init.xml', NOW(), 15, '7:775d3c8a27b7fad84f9894db6bdf3e87', 'createIndex indexName=state_status_idx, tableName=vault_states', '', 'EXECUTED', NULL, NULL, '3.5.4', '1046225547')
17:43:45.660 [Test worker] DEBUG liquibase - master.changelog.json: migration/vault-schema.changelog-init.xml::1511451595465-59::R3.Corda: Running Changeset:migration/vault-schema.changelog-init.xml::1511451595465-59::R3.Corda
17:43:45.660 [Test worker] DEBUG liquibase - master.changelog.json: migration/vault-schema.changelog-init.xml::1511451595465-59::R3.Corda: Changeset migration/vault-schema.changelog-init.xml::1511451595465-59::R3.Corda
17:43:45.660 [Test worker] DEBUG liquibase - master.changelog.json: migration/vault-schema.changelog-init.xml::1511451595465-59::R3.Corda: Reading ChangeSet: migration/vault-schema.changelog-init.xml::1511451595465-59::R3.Corda
17:43:45.660 [Test worker] DEBUG liquibase - master.changelog.json: migration/vault-schema.changelog-init.xml::1511451595465-59::R3.Corda: Executing Statement: liquibase.statement.core.CreateIndexStatement@130f01e7
17:43:45.660 [Test worker] DEBUG liquibase - master.changelog.json: migration/vault-schema.changelog-init.xml::1511451595465-59::R3.Corda: Executing EXECUTE database command: CREATE INDEX PUBLIC.transaction_id_index ON PUBLIC.vault_transaction_notes(transaction_id)
17:43:45.660 [Test worker] INFO liquibase - master.changelog.json: migration/vault-schema.changelog-init.xml::1511451595465-59::R3.Corda: Index transaction_id_index created
17:43:45.660 [Test worker] INFO liquibase - master.changelog.json: migration/vault-schema.changelog-init.xml::1511451595465-59::R3.Corda: ChangeSet migration/vault-schema.changelog-init.xml::1511451595465-59::R3.Corda ran successfully in 0ms
17:43:45.662 [Test worker] DEBUG liquibase - master.changelog.json: migration/vault-schema.changelog-init.xml::1511451595465-59::R3.Corda: Executing EXECUTE database command: INSERT INTO PUBLIC.DATABASECHANGELOG (ID, AUTHOR, FILENAME, DATEEXECUTED, ORDEREXECUTED, MD5SUM, DESCRIPTION, COMMENTS, EXECTYPE, CONTEXTS, LABELS, LIQUIBASE, DEPLOYMENT_ID) VALUES ('1511451595465-59', 'R3.Corda', 'migration/vault-schema.changelog-init.xml', NOW(), 16, '7:1be2b24f3e4fedc8252c24080b713783', 'createIndex indexName=transaction_id_index, tableName=vault_transaction_notes', '', 'EXECUTED', NULL, NULL, '3.5.4', '1046225547')
17:43:45.662 [Test worker] DEBUG liquibase - master.changelog.json: migration/vault-schema.changelog-init.xml::1511451595465-60::R3.Corda: Running Changeset:migration/vault-schema.changelog-init.xml::1511451595465-60::R3.Corda
17:43:45.662 [Test worker] DEBUG liquibase - master.changelog.json: migration/vault-schema.changelog-init.xml::1511451595465-60::R3.Corda: Changeset migration/vault-schema.changelog-init.xml::1511451595465-60::R3.Corda
17:43:45.662 [Test worker] DEBUG liquibase - master.changelog.json: migration/vault-schema.changelog-init.xml::1511451595465-60::R3.Corda: Reading ChangeSet: migration/vault-schema.changelog-init.xml::1511451595465-60::R3.Corda
17:43:45.662 [Test worker] DEBUG liquibase - master.changelog.json: migration/vault-schema.changelog-init.xml::1511451595465-60::R3.Corda: Executing Statement: liquibase.statement.core.CreateIndexStatement@750527a3
17:43:45.663 [Test worker] DEBUG liquibase - master.changelog.json: migration/vault-schema.changelog-init.xml::1511451595465-60::R3.Corda: Executing EXECUTE database command: CREATE INDEX PUBLIC.uuid_index ON PUBLIC.vault_linear_states(uuid)
17:43:45.663 [Test worker] INFO liquibase - master.changelog.json: migration/vault-schema.changelog-init.xml::1511451595465-60::R3.Corda: Index uuid_index created
17:43:45.663 [Test worker] INFO liquibase - master.changelog.json: migration/vault-schema.changelog-init.xml::1511451595465-60::R3.Corda: ChangeSet migration/vault-schema.changelog-init.xml::1511451595465-60::R3.Corda ran successfully in 1ms
17:43:45.664 [Test worker] DEBUG liquibase - master.changelog.json: migration/vault-schema.changelog-init.xml::1511451595465-60::R3.Corda: Executing EXECUTE database command: INSERT INTO PUBLIC.DATABASECHANGELOG (ID, AUTHOR, FILENAME, DATEEXECUTED, ORDEREXECUTED, MD5SUM, DESCRIPTION, COMMENTS, EXECTYPE, CONTEXTS, LABELS, LIQUIBASE, DEPLOYMENT_ID) VALUES ('1511451595465-60', 'R3.Corda', 'migration/vault-schema.changelog-init.xml', NOW(), 17, '7:f372f17dd75374bfecfde0e44d7ce36c', 'createIndex indexName=uuid_index, tableName=vault_linear_states', '', 'EXECUTED', NULL, NULL, '3.5.4', '1046225547')
17:43:45.664 [Test worker] DEBUG liquibase - master.changelog.json: migration/vault-schema.changelog-init.xml::1511451595465-64::R3.Corda: Running Changeset:migration/vault-schema.changelog-init.xml::1511451595465-64::R3.Corda
17:43:45.664 [Test worker] DEBUG liquibase - master.changelog.json: migration/vault-schema.changelog-init.xml::1511451595465-64::R3.Corda: Changeset migration/vault-schema.changelog-init.xml::1511451595465-64::R3.Corda
17:43:45.665 [Test worker] DEBUG liquibase - master.changelog.json: migration/vault-schema.changelog-init.xml::1511451595465-64::R3.Corda: Reading ChangeSet: migration/vault-schema.changelog-init.xml::1511451595465-64::R3.Corda
17:43:45.665 [Test worker] DEBUG liquibase - master.changelog.json: migration/vault-schema.changelog-init.xml::1511451595465-64::R3.Corda: Executing Statement: liquibase.statement.core.AddForeignKeyConstraintStatement@6338f79
17:43:45.665 [Test worker] DEBUG liquibase - master.changelog.json: migration/vault-schema.changelog-init.xml::1511451595465-64::R3.Corda: Executing EXECUTE database command: ALTER TABLE PUBLIC.vault_fungible_states_parts ADD CONSTRAINT FK__fung_st_parts__fung_st FOREIGN KEY (output_index, transaction_id) REFERENCES PUBLIC.vault_fungible_states (output_index, transaction_id)
17:43:45.666 [Test worker] INFO liquibase - master.changelog.json: migration/vault-schema.changelog-init.xml::1511451595465-64::R3.Corda: Foreign key constraint added to vault_fungible_states_parts (output_index,transaction_id)
17:43:45.666 [Test worker] INFO liquibase - master.changelog.json: migration/vault-schema.changelog-init.xml::1511451595465-64::R3.Corda: ChangeSet migration/vault-schema.changelog-init.xml::1511451595465-64::R3.Corda ran successfully in 2ms
17:43:45.675 [Test worker] DEBUG liquibase - master.changelog.json: migration/vault-schema.changelog-init.xml::1511451595465-64::R3.Corda: Executing EXECUTE database command: INSERT INTO PUBLIC.DATABASECHANGELOG (ID, AUTHOR, FILENAME, DATEEXECUTED, ORDEREXECUTED, MD5SUM, DESCRIPTION, COMMENTS, EXECTYPE, CONTEXTS, LABELS, LIQUIBASE, DEPLOYMENT_ID) VALUES ('1511451595465-64', 'R3.Corda', 'migration/vault-schema.changelog-init.xml', NOW(), 18, '7:3771038da08dbe5dbbbdffac7300198d', 'addForeignKeyConstraint baseTableName=vault_fungible_states_parts, constraintName=FK__fung_st_parts__fung_st, referencedTableName=vault_fungible_states', '', 'EXECUTED', NULL, NULL, '3.5.4', '1046225547')
17:43:45.676 [Test worker] DEBUG liquibase - master.changelog.json: migration/vault-schema.changelog-init.xml::1511451595465-65::R3.Corda: Running Changeset:migration/vault-schema.changelog-init.xml::1511451595465-65::R3.Corda
17:43:45.676 [Test worker] DEBUG liquibase - master.changelog.json: migration/vault-schema.changelog-init.xml::1511451595465-65::R3.Corda: Changeset migration/vault-schema.changelog-init.xml::1511451595465-65::R3.Corda
17:43:45.676 [Test worker] DEBUG liquibase - master.changelog.json: migration/vault-schema.changelog-init.xml::1511451595465-65::R3.Corda: Reading ChangeSet: migration/vault-schema.changelog-init.xml::1511451595465-65::R3.Corda
17:43:45.676 [Test worker] DEBUG liquibase - master.changelog.json: migration/vault-schema.changelog-init.xml::1511451595465-65::R3.Corda: Executing Statement: liquibase.statement.core.AddForeignKeyConstraintStatement@f806e00
17:43:45.676 [Test worker] DEBUG liquibase - master.changelog.json: migration/vault-schema.changelog-init.xml::1511451595465-65::R3.Corda: Executing EXECUTE database command: ALTER TABLE PUBLIC.vault_linear_states_parts ADD CONSTRAINT FK__lin_stat_parts__lin_stat FOREIGN KEY (output_index, transaction_id) REFERENCES PUBLIC.vault_linear_states (output_index, transaction_id)
17:43:45.678 [Test worker] INFO liquibase - master.changelog.json: migration/vault-schema.changelog-init.xml::1511451595465-65::R3.Corda: Foreign key constraint added to vault_linear_states_parts (output_index,transaction_id)
17:43:45.678 [Test worker] INFO liquibase - master.changelog.json: migration/vault-schema.changelog-init.xml::1511451595465-65::R3.Corda: ChangeSet migration/vault-schema.changelog-init.xml::1511451595465-65::R3.Corda ran successfully in 2ms
17:43:45.680 [Test worker] DEBUG liquibase - master.changelog.json: migration/vault-schema.changelog-init.xml::1511451595465-65::R3.Corda: Executing EXECUTE database command: INSERT INTO PUBLIC.DATABASECHANGELOG (ID, AUTHOR, FILENAME, DATEEXECUTED, ORDEREXECUTED, MD5SUM, DESCRIPTION, COMMENTS, EXECTYPE, CONTEXTS, LABELS, LIQUIBASE, DEPLOYMENT_ID) VALUES ('1511451595465-65', 'R3.Corda', 'migration/vault-schema.changelog-init.xml', NOW(), 19, '7:4cccc80aadefc753d80d33d233d426b1', 'addForeignKeyConstraint baseTableName=vault_linear_states_parts, constraintName=FK__lin_stat_parts__lin_stat, referencedTableName=vault_linear_states', '', 'EXECUTED', NULL, NULL, '3.5.4', '1046225547')
17:43:45.680 [Test worker] DEBUG liquibase - master.changelog.json: migration/vault-schema.changelog-v3.xml::clean_vault::R3.Corda: Running Changeset:migration/vault-schema.changelog-v3.xml::clean_vault::R3.Corda
17:43:45.680 [Test worker] DEBUG liquibase - master.changelog.json: migration/vault-schema.changelog-v3.xml::clean_vault::R3.Corda: Changeset migration/vault-schema.changelog-v3.xml::clean_vault::R3.Corda
17:43:45.681 [Test worker] DEBUG liquibase - master.changelog.json: migration/vault-schema.changelog-v3.xml::clean_vault::R3.Corda: Reading ChangeSet: migration/vault-schema.changelog-v3.xml::clean_vault::R3.Corda
17:43:45.681 [Test worker] DEBUG liquibase - master.changelog.json: migration/vault-schema.changelog-v3.xml::clean_vault::R3.Corda: Executing Statement: liquibase.statement.core.DeleteStatement@2b0e50a1
17:43:45.681 [Test worker] DEBUG liquibase - master.changelog.json: migration/vault-schema.changelog-v3.xml::clean_vault::R3.Corda: Executing EXECUTE database command: DELETE FROM PUBLIC.vault_fungible_states_parts
17:43:45.681 [Test worker] INFO liquibase - master.changelog.json: migration/vault-schema.changelog-v3.xml::clean_vault::R3.Corda: Data deleted from vault_fungible_states_parts
17:43:45.681 [Test worker] DEBUG liquibase - master.changelog.json: migration/vault-schema.changelog-v3.xml::clean_vault::R3.Corda: Executing Statement: liquibase.statement.core.DeleteStatement@59965cf3
17:43:45.681 [Test worker] DEBUG liquibase - master.changelog.json: migration/vault-schema.changelog-v3.xml::clean_vault::R3.Corda: Executing EXECUTE database command: DELETE FROM PUBLIC.vault_fungible_states
17:43:45.681 [Test worker] INFO liquibase - master.changelog.json: migration/vault-schema.changelog-v3.xml::clean_vault::R3.Corda: Data deleted from vault_fungible_states
17:43:45.682 [Test worker] DEBUG liquibase - master.changelog.json: migration/vault-schema.changelog-v3.xml::clean_vault::R3.Corda: Executing Statement: liquibase.statement.core.DeleteStatement@395e6cac
17:43:45.682 [Test worker] DEBUG liquibase - master.changelog.json: migration/vault-schema.changelog-v3.xml::clean_vault::R3.Corda: Executing EXECUTE database command: DELETE FROM PUBLIC.vault_linear_states_parts
17:43:45.682 [Test worker] INFO liquibase - master.changelog.json: migration/vault-schema.changelog-v3.xml::clean_vault::R3.Corda: Data deleted from vault_linear_states_parts
17:43:45.682 [Test worker] DEBUG liquibase - master.changelog.json: migration/vault-schema.changelog-v3.xml::clean_vault::R3.Corda: Executing Statement: liquibase.statement.core.DeleteStatement@4f71465f
17:43:45.682 [Test worker] DEBUG liquibase - master.changelog.json: migration/vault-schema.changelog-v3.xml::clean_vault::R3.Corda: Executing EXECUTE database command: DELETE FROM PUBLIC.vault_linear_states
17:43:45.682 [Test worker] INFO liquibase - master.changelog.json: migration/vault-schema.changelog-v3.xml::clean_vault::R3.Corda: Data deleted from vault_linear_states
17:43:45.683 [Test worker] DEBUG liquibase - master.changelog.json: migration/vault-schema.changelog-v3.xml::clean_vault::R3.Corda: Executing Statement: liquibase.statement.core.DeleteStatement@16239c48
17:43:45.683 [Test worker] DEBUG liquibase - master.changelog.json: migration/vault-schema.changelog-v3.xml::clean_vault::R3.Corda: Executing EXECUTE database command: DELETE FROM PUBLIC.vault_states
17:43:45.683 [Test worker] INFO liquibase - master.changelog.json: migration/vault-schema.changelog-v3.xml::clean_vault::R3.Corda: Data deleted from vault_states
17:43:45.683 [Test worker] DEBUG liquibase - master.changelog.json: migration/vault-schema.changelog-v3.xml::clean_vault::R3.Corda: Executing Statement: liquibase.statement.core.DeleteStatement@7d393bbb
17:43:45.683 [Test worker] DEBUG liquibase - master.changelog.json: migration/vault-schema.changelog-v3.xml::clean_vault::R3.Corda: Executing EXECUTE database command: DELETE FROM PUBLIC.vault_transaction_notes
17:43:45.684 [Test worker] INFO liquibase - master.changelog.json: migration/vault-schema.changelog-v3.xml::clean_vault::R3.Corda: Data deleted from vault_transaction_notes
17:43:45.684 [Test worker] INFO liquibase - master.changelog.json: migration/vault-schema.changelog-v3.xml::clean_vault::R3.Corda: ChangeSet migration/vault-schema.changelog-v3.xml::clean_vault::R3.Corda ran successfully in 4ms
17:43:45.685 [Test worker] DEBUG liquibase - master.changelog.json: migration/vault-schema.changelog-v3.xml::clean_vault::R3.Corda: Executing EXECUTE database command: INSERT INTO PUBLIC.DATABASECHANGELOG (ID, AUTHOR, FILENAME, DATEEXECUTED, ORDEREXECUTED, MD5SUM, DESCRIPTION, COMMENTS, EXECTYPE, CONTEXTS, LABELS, LIQUIBASE, DEPLOYMENT_ID) VALUES ('clean_vault', 'R3.Corda', 'migration/vault-schema.changelog-v3.xml', NOW(), 20, '7:c16f94cc9c0418c23dfcedd33e85d2d3', 'delete tableName=vault_fungible_states_parts; delete tableName=vault_fungible_states; delete tableName=vault_linear_states_parts; delete tableName=vault_linear_states; delete tableName=vault_states; delete tableName=vault_transaction_notes', '', 'EXECUTED', NULL, NULL, '3.5.4', '1046225547')
17:43:45.686 [Test worker] DEBUG liquibase - master.changelog.json: migration/vault-schema.changelog-v4.xml::nullability::R3.Corda: Running Changeset:migration/vault-schema.changelog-v4.xml::nullability::R3.Corda
17:43:45.686 [Test worker] DEBUG liquibase - master.changelog.json: migration/vault-schema.changelog-v4.xml::nullability::R3.Corda: Changeset migration/vault-schema.changelog-v4.xml::nullability::R3.Corda
17:43:45.687 [Test worker] DEBUG liquibase - master.changelog.json: migration/vault-schema.changelog-v4.xml::nullability::R3.Corda: Reading ChangeSet: migration/vault-schema.changelog-v4.xml::nullability::R3.Corda
17:43:45.687 [Test worker] DEBUG liquibase - master.changelog.json: migration/vault-schema.changelog-v4.xml::nullability::R3.Corda: Executing Statement: liquibase.statement.core.SetNullableStatement@a5fd897
17:43:45.710 [Test worker] DEBUG liquibase - master.changelog.json: migration/vault-schema.changelog-v4.xml::nullability::R3.Corda: Executing EXECUTE database command: ALTER TABLE PUBLIC.vault_fungible_states ALTER COLUMN quantity SET NOT NULL
17:43:45.710 [Test worker] INFO liquibase - master.changelog.json: migration/vault-schema.changelog-v4.xml::nullability::R3.Corda: Null constraint has been added to vault_fungible_states.quantity
17:43:45.710 [Test worker] DEBUG liquibase - master.changelog.json: migration/vault-schema.changelog-v4.xml::nullability::R3.Corda: Executing Statement: liquibase.statement.core.SetNullableStatement@790232f3
17:43:45.711 [Test worker] DEBUG liquibase - master.changelog.json: migration/vault-schema.changelog-v4.xml::nullability::R3.Corda: Executing EXECUTE database command: ALTER TABLE PUBLIC.vault_states ALTER COLUMN contract_state_class_name SET NOT NULL
17:43:45.711 [Test worker] INFO liquibase - master.changelog.json: migration/vault-schema.changelog-v4.xml::nullability::R3.Corda: Null constraint has been added to vault_states.contract_state_class_name
17:43:45.711 [Test worker] DEBUG liquibase - master.changelog.json: migration/vault-schema.changelog-v4.xml::nullability::R3.Corda: Executing Statement: liquibase.statement.core.SetNullableStatement@6360ddcc
17:43:45.712 [Test worker] DEBUG liquibase - master.changelog.json: migration/vault-schema.changelog-v4.xml::nullability::R3.Corda: Executing EXECUTE database command: ALTER TABLE PUBLIC.vault_states ALTER COLUMN notary_name SET NOT NULL
17:43:45.720 [Test worker] INFO liquibase - master.changelog.json: migration/vault-schema.changelog-v4.xml::nullability::R3.Corda: Null constraint has been added to vault_states.notary_name
17:43:45.720 [Test worker] DEBUG liquibase - master.changelog.json: migration/vault-schema.changelog-v4.xml::nullability::R3.Corda: Executing Statement: liquibase.statement.core.SetNullableStatement@75831807
17:43:45.720 [Test worker] DEBUG liquibase - master.changelog.json: migration/vault-schema.changelog-v4.xml::nullability::R3.Corda: Executing EXECUTE database command: ALTER TABLE PUBLIC.vault_states ALTER COLUMN recorded_timestamp SET NOT NULL
17:43:45.724 [Test worker] INFO liquibase - master.changelog.json: migration/vault-schema.changelog-v4.xml::nullability::R3.Corda: Null constraint has been added to vault_states.recorded_timestamp
17:43:45.724 [Test worker] DEBUG liquibase - master.changelog.json: migration/vault-schema.changelog-v4.xml::nullability::R3.Corda: Executing Statement: liquibase.statement.core.DropIndexStatement@7e2f7b80
17:43:45.724 [Test worker] DEBUG liquibase - master.changelog.json: migration/vault-schema.changelog-v4.xml::nullability::R3.Corda: Executing EXECUTE database command: DROP INDEX PUBLIC.state_status_idx
17:43:45.725 [Test worker] INFO liquibase - master.changelog.json: migration/vault-schema.changelog-v4.xml::nullability::R3.Corda: Index state_status_idx dropped from table vault_states
17:43:45.725 [Test worker] DEBUG liquibase - master.changelog.json: migration/vault-schema.changelog-v4.xml::nullability::R3.Corda: Executing Statement: liquibase.statement.core.DropIndexStatement@7f3470fc
17:43:45.725 [Test worker] DEBUG liquibase - master.changelog.json: migration/vault-schema.changelog-v4.xml::nullability::R3.Corda: Executing EXECUTE database command: DROP INDEX PUBLIC.lock_id_idx
17:43:45.726 [Test worker] INFO liquibase - master.changelog.json: migration/vault-schema.changelog-v4.xml::nullability::R3.Corda: Index lock_id_idx dropped from table vault_states
17:43:45.726 [Test worker] DEBUG liquibase - master.changelog.json: migration/vault-schema.changelog-v4.xml::nullability::R3.Corda: Executing Statement: liquibase.statement.core.SetNullableStatement@43e3e4a9
17:43:45.726 [Test worker] DEBUG liquibase - master.changelog.json: migration/vault-schema.changelog-v4.xml::nullability::R3.Corda: Executing EXECUTE database command: ALTER TABLE PUBLIC.vault_states ALTER COLUMN state_status SET NOT NULL
17:43:45.726 [Test worker] INFO liquibase - master.changelog.json: migration/vault-schema.changelog-v4.xml::nullability::R3.Corda: Null constraint has been added to vault_states.state_status
17:43:45.727 [Test worker] DEBUG liquibase - master.changelog.json: migration/vault-schema.changelog-v4.xml::nullability::R3.Corda: Executing Statement: liquibase.statement.core.CreateIndexStatement@5d5818d6
17:43:45.727 [Test worker] DEBUG liquibase - master.changelog.json: migration/vault-schema.changelog-v4.xml::nullability::R3.Corda: Executing EXECUTE database command: CREATE INDEX PUBLIC.state_status_idx ON PUBLIC.vault_states(state_status)
17:43:45.727 [Test worker] INFO liquibase - master.changelog.json: migration/vault-schema.changelog-v4.xml::nullability::R3.Corda: Index state_status_idx created
17:43:45.727 [Test worker] DEBUG liquibase - master.changelog.json: migration/vault-schema.changelog-v4.xml::nullability::R3.Corda: Executing Statement: liquibase.statement.core.CreateIndexStatement@3004d699
17:43:45.728 [Test worker] DEBUG liquibase - master.changelog.json: migration/vault-schema.changelog-v4.xml::nullability::R3.Corda: Executing EXECUTE database command: CREATE INDEX PUBLIC.lock_id_idx ON PUBLIC.vault_states(lock_id, state_status)
17:43:45.731 [Test worker] INFO liquibase - master.changelog.json: migration/vault-schema.changelog-v4.xml::nullability::R3.Corda: Index lock_id_idx created
17:43:45.731 [Test worker] DEBUG liquibase - master.changelog.json: migration/vault-schema.changelog-v4.xml::nullability::R3.Corda: Executing Statement: liquibase.statement.core.DropIndexStatement@6c1eba9c
17:43:45.731 [Test worker] DEBUG liquibase - master.changelog.json: migration/vault-schema.changelog-v4.xml::nullability::R3.Corda: Executing EXECUTE database command: DROP INDEX PUBLIC.transaction_id_index
17:43:45.732 [Test worker] INFO liquibase - master.changelog.json: migration/vault-schema.changelog-v4.xml::nullability::R3.Corda: Index transaction_id_index dropped from table vault_transaction_notes
17:43:45.732 [Test worker] DEBUG liquibase - master.changelog.json: migration/vault-schema.changelog-v4.xml::nullability::R3.Corda: Executing Statement: liquibase.statement.core.SetNullableStatement@494e2b3f
17:43:45.732 [Test worker] DEBUG liquibase - master.changelog.json: migration/vault-schema.changelog-v4.xml::nullability::R3.Corda: Executing EXECUTE database command: ALTER TABLE PUBLIC.vault_transaction_notes ALTER COLUMN note SET NOT NULL
17:43:45.733 [Test worker] INFO liquibase - master.changelog.json: migration/vault-schema.changelog-v4.xml::nullability::R3.Corda: Null constraint has been added to vault_transaction_notes.note
17:43:45.733 [Test worker] DEBUG liquibase - master.changelog.json: migration/vault-schema.changelog-v4.xml::nullability::R3.Corda: Executing Statement: liquibase.statement.core.SetNullableStatement@463b17aa
17:43:45.734 [Test worker] DEBUG liquibase - master.changelog.json: migration/vault-schema.changelog-v4.xml::nullability::R3.Corda: Executing EXECUTE database command: ALTER TABLE PUBLIC.vault_transaction_notes ALTER COLUMN transaction_id SET NOT NULL
17:43:45.734 [Test worker] INFO liquibase - master.changelog.json: migration/vault-schema.changelog-v4.xml::nullability::R3.Corda: Null constraint has been added to vault_transaction_notes.transaction_id
17:43:45.734 [Test worker] DEBUG liquibase - master.changelog.json: migration/vault-schema.changelog-v4.xml::nullability::R3.Corda: Executing Statement: liquibase.statement.core.CreateIndexStatement@42dbf0d0
17:43:45.734 [Test worker] DEBUG liquibase - master.changelog.json: migration/vault-schema.changelog-v4.xml::nullability::R3.Corda: Executing EXECUTE database command: CREATE INDEX PUBLIC.transaction_id_index ON PUBLIC.vault_transaction_notes(transaction_id)
17:43:45.735 [Test worker] INFO liquibase - master.changelog.json: migration/vault-schema.changelog-v4.xml::nullability::R3.Corda: Index transaction_id_index created
17:43:45.736 [Test worker] INFO liquibase - master.changelog.json: migration/vault-schema.changelog-v4.xml::nullability::R3.Corda: ChangeSet migration/vault-schema.changelog-v4.xml::nullability::R3.Corda ran successfully in 50ms
17:43:45.742 [Test worker] DEBUG liquibase - master.changelog.json: migration/vault-schema.changelog-v4.xml::nullability::R3.Corda: Executing EXECUTE database command: INSERT INTO PUBLIC.DATABASECHANGELOG (ID, AUTHOR, FILENAME, DATEEXECUTED, ORDEREXECUTED, MD5SUM, DESCRIPTION, COMMENTS, EXECTYPE, CONTEXTS, LABELS, LIQUIBASE, DEPLOYMENT_ID) VALUES ('nullability', 'R3.Corda', 'migration/vault-schema.changelog-v4.xml', NOW(), 21, '7:59450415a9a86b5b55d9f9347b383e6a', 'addNotNullConstraint columnName=quantity, tableName=vault_fungible_states; addNotNullConstraint columnName=contract_state_class_name, tableName=vault_states; addNotNullConstraint columnName=notary_name, tableName=vault_states; addNotNullConstraint...', '', 'EXECUTED', NULL, NULL, '3.5.4', '1046225547')
17:43:45.743 [Test worker] DEBUG liquibase - master.changelog.json: migration/vault-schema.changelog-pkey.xml::non-clustered_pk-11::R3.Corda: Running Changeset:migration/vault-schema.changelog-pkey.xml::non-clustered_pk-11::R3.Corda
17:43:45.745 [Test worker] DEBUG liquibase - master.changelog.json: migration/vault-schema.changelog-pkey.xml::non-clustered_pk-11::R3.Corda: Executing EXECUTE database command: INSERT INTO PUBLIC.DATABASECHANGELOG (ID, AUTHOR, FILENAME, DATEEXECUTED, ORDEREXECUTED, MD5SUM, DESCRIPTION, COMMENTS, EXECTYPE, CONTEXTS, LABELS, LIQUIBASE, DEPLOYMENT_ID) VALUES ('non-clustered_pk-11', 'R3.Corda', 'migration/vault-schema.changelog-pkey.xml', NOW(), 22, '7:c88a8494afc1f2507131e709b3ec4f1e', 'dropForeignKeyConstraint baseTableName=vault_fungible_states_parts, constraintName=FK__fung_st_parts__fung_st; dropPrimaryKey constraintName=vault_fungible_states_pkey, tableName=vault_fungible_states; addPrimaryKey constraintName=vault_fungible_s...', '', 'MARK_RAN', NULL, NULL, '3.5.4', '1046225547')
17:43:45.746 [Test worker] DEBUG liquibase - master.changelog.json: migration/vault-schema.changelog-pkey.xml::non-clustered_pk-12::R3.Corda: Running Changeset:migration/vault-schema.changelog-pkey.xml::non-clustered_pk-12::R3.Corda
17:43:45.749 [Test worker] DEBUG liquibase - master.changelog.json: migration/vault-schema.changelog-pkey.xml::non-clustered_pk-12::R3.Corda: Executing EXECUTE database command: INSERT INTO PUBLIC.DATABASECHANGELOG (ID, AUTHOR, FILENAME, DATEEXECUTED, ORDEREXECUTED, MD5SUM, DESCRIPTION, COMMENTS, EXECTYPE, CONTEXTS, LABELS, LIQUIBASE, DEPLOYMENT_ID) VALUES ('non-clustered_pk-12', 'R3.Corda', 'migration/vault-schema.changelog-pkey.xml', NOW(), 23, '7:5569de8454d891688bbb7510f634782f', 'dropForeignKeyConstraint baseTableName=vault_linear_states_parts, constraintName=FK__lin_stat_parts__lin_stat; dropPrimaryKey constraintName=vault_linear_states_pkey, tableName=vault_linear_states; addPrimaryKey constraintName=vault_linear_states_...', '', 'MARK_RAN', NULL, NULL, '3.5.4', '1046225547')
17:43:45.755 [Test worker] DEBUG liquibase - master.changelog.json: migration/vault-schema.changelog-pkey.xml::non-clustered_pk-13::R3.Corda: Running Changeset:migration/vault-schema.changelog-pkey.xml::non-clustered_pk-13::R3.Corda
17:43:45.756 [Test worker] DEBUG liquibase - master.changelog.json: migration/vault-schema.changelog-pkey.xml::non-clustered_pk-13::R3.Corda: Executing EXECUTE database command: INSERT INTO PUBLIC.DATABASECHANGELOG (ID, AUTHOR, FILENAME, DATEEXECUTED, ORDEREXECUTED, MD5SUM, DESCRIPTION, COMMENTS, EXECTYPE, CONTEXTS, LABELS, LIQUIBASE, DEPLOYMENT_ID) VALUES ('non-clustered_pk-13', 'R3.Corda', 'migration/vault-schema.changelog-pkey.xml', NOW(), 24, '7:c786c529ecdaa33f87d3fc9ed88111f4', 'dropPrimaryKey constraintName=vault_states_pkey, tableName=vault_states; addPrimaryKey constraintName=vault_states_pkey, tableName=vault_states', '', 'MARK_RAN', NULL, NULL, '3.5.4', '1046225547')
17:43:45.757 [Test worker] DEBUG liquibase - master.changelog.json: migration/vault-schema.changelog-v5.xml::add_relevancy_status_column::R3.Corda: Running Changeset:migration/vault-schema.changelog-v5.xml::add_relevancy_status_column::R3.Corda
17:43:45.757 [Test worker] DEBUG liquibase - master.changelog.json: migration/vault-schema.changelog-v5.xml::add_relevancy_status_column::R3.Corda: Changeset migration/vault-schema.changelog-v5.xml::add_relevancy_status_column::R3.Corda
17:43:45.758 [Test worker] DEBUG liquibase - master.changelog.json: migration/vault-schema.changelog-v5.xml::add_relevancy_status_column::R3.Corda: Reading ChangeSet: migration/vault-schema.changelog-v5.xml::add_relevancy_status_column::R3.Corda
17:43:45.758 [Test worker] DEBUG liquibase - master.changelog.json: migration/vault-schema.changelog-v5.xml::add_relevancy_status_column::R3.Corda: Executing Statement: liquibase.statement.core.AddColumnStatement@2498a545
17:43:45.758 [Test worker] DEBUG liquibase - master.changelog.json: migration/vault-schema.changelog-v5.xml::add_relevancy_status_column::R3.Corda: Executing EXECUTE database command: ALTER TABLE PUBLIC.vault_states ADD relevancy_status INT
17:43:45.771 [Test worker] INFO liquibase - master.changelog.json: migration/vault-schema.changelog-v5.xml::add_relevancy_status_column::R3.Corda: Columns relevancy_status(INT) added to vault_states
17:43:45.771 [Test worker] DEBUG liquibase - master.changelog.json: migration/vault-schema.changelog-v5.xml::add_relevancy_status_column::R3.Corda: Executing Statement: liquibase.statement.core.UpdateStatement@72f8d8f5
17:43:45.771 [Test worker] DEBUG liquibase - master.changelog.json: migration/vault-schema.changelog-v5.xml::add_relevancy_status_column::R3.Corda: Executing EXECUTE database command: UPDATE PUBLIC.vault_states SET relevancy_status = 0
17:43:45.771 [Test worker] INFO liquibase - master.changelog.json: migration/vault-schema.changelog-v5.xml::add_relevancy_status_column::R3.Corda: Data updated in vault_states
17:43:45.771 [Test worker] DEBUG liquibase - master.changelog.json: migration/vault-schema.changelog-v5.xml::add_relevancy_status_column::R3.Corda: Executing Statement: liquibase.statement.core.SetNullableStatement@10f83491
17:43:45.771 [Test worker] DEBUG liquibase - master.changelog.json: migration/vault-schema.changelog-v5.xml::add_relevancy_status_column::R3.Corda: Executing EXECUTE database command: ALTER TABLE PUBLIC.vault_states ALTER COLUMN relevancy_status SET NOT NULL
17:43:45.772 [Test worker] INFO liquibase - master.changelog.json: migration/vault-schema.changelog-v5.xml::add_relevancy_status_column::R3.Corda: Null constraint has been added to vault_states.relevancy_status
17:43:45.772 [Test worker] INFO liquibase - master.changelog.json: migration/vault-schema.changelog-v5.xml::add_relevancy_status_column::R3.Corda: ChangeSet migration/vault-schema.changelog-v5.xml::add_relevancy_status_column::R3.Corda ran successfully in 15ms
17:43:45.795 [Test worker] DEBUG liquibase - master.changelog.json: migration/vault-schema.changelog-v5.xml::add_relevancy_status_column::R3.Corda: Executing EXECUTE database command: INSERT INTO PUBLIC.DATABASECHANGELOG (ID, AUTHOR, FILENAME, DATEEXECUTED, ORDEREXECUTED, MD5SUM, DESCRIPTION, COMMENTS, EXECTYPE, CONTEXTS, LABELS, LIQUIBASE, DEPLOYMENT_ID) VALUES ('add_relevancy_status_column', 'R3.Corda', 'migration/vault-schema.changelog-v5.xml', NOW(), 25, '7:bd7c3258179f34f231f6ae51e3313fc4', 'addColumn tableName=vault_states; update tableName=vault_states; addNotNullConstraint columnName=relevancy_status, tableName=vault_states', '', 'EXECUTED', NULL, NULL, '3.5.4', '1046225547')
17:43:45.797 [Test worker] DEBUG liquibase - master.changelog.json: migration/vault-schema.changelog-v6.xml::add_is_constraint_information_columns::R3.Corda: Running Changeset:migration/vault-schema.changelog-v6.xml::add_is_constraint_information_columns::R3.Corda
17:43:45.797 [Test worker] DEBUG liquibase - master.changelog.json: migration/vault-schema.changelog-v6.xml::add_is_constraint_information_columns::R3.Corda: Changeset migration/vault-schema.changelog-v6.xml::add_is_constraint_information_columns::R3.Corda
17:43:45.797 [Test worker] DEBUG liquibase - master.changelog.json: migration/vault-schema.changelog-v6.xml::add_is_constraint_information_columns::R3.Corda: Reading ChangeSet: migration/vault-schema.changelog-v6.xml::add_is_constraint_information_columns::R3.Corda
17:43:45.797 [Test worker] DEBUG liquibase - master.changelog.json: migration/vault-schema.changelog-v6.xml::add_is_constraint_information_columns::R3.Corda: Executing Statement: liquibase.statement.core.AddColumnStatement@370e0332
17:43:45.801 [Test worker] DEBUG liquibase - master.changelog.json: migration/vault-schema.changelog-v6.xml::add_is_constraint_information_columns::R3.Corda: Executing EXECUTE database command: ALTER TABLE PUBLIC.vault_states ADD constraint_type INT DEFAULT '0' NOT NULL
17:43:45.813 [Test worker] INFO liquibase - master.changelog.json: migration/vault-schema.changelog-v6.xml::add_is_constraint_information_columns::R3.Corda: Columns constraint_type(INT) added to vault_states
17:43:45.813 [Test worker] DEBUG liquibase - master.changelog.json: migration/vault-schema.changelog-v6.xml::add_is_constraint_information_columns::R3.Corda: Executing Statement: liquibase.statement.core.AddColumnStatement@3acef215
17:43:45.815 [Test worker] DEBUG liquibase - master.changelog.json: migration/vault-schema.changelog-v6.xml::add_is_constraint_information_columns::R3.Corda: Executing EXECUTE database command: ALTER TABLE PUBLIC.vault_states ADD constraint_data VARBINARY(563)
17:43:45.821 [Test worker] INFO liquibase - master.changelog.json: migration/vault-schema.changelog-v6.xml::add_is_constraint_information_columns::R3.Corda: Columns constraint_data(varbinary(563)) added to vault_states
17:43:45.822 [Test worker] INFO liquibase - master.changelog.json: migration/vault-schema.changelog-v6.xml::add_is_constraint_information_columns::R3.Corda: ChangeSet migration/vault-schema.changelog-v6.xml::add_is_constraint_information_columns::R3.Corda ran successfully in 25ms
17:43:45.823 [Test worker] DEBUG liquibase - master.changelog.json: migration/vault-schema.changelog-v6.xml::add_is_constraint_information_columns::R3.Corda: Executing EXECUTE database command: INSERT INTO PUBLIC.DATABASECHANGELOG (ID, AUTHOR, FILENAME, DATEEXECUTED, ORDEREXECUTED, MD5SUM, DESCRIPTION, COMMENTS, EXECTYPE, CONTEXTS, LABELS, LIQUIBASE, DEPLOYMENT_ID) VALUES ('add_is_constraint_information_columns', 'R3.Corda', 'migration/vault-schema.changelog-v6.xml', NOW(), 26, '7:7d7cf7015d299a7fefb6e81aa563e208', 'addColumn tableName=vault_states; addColumn tableName=vault_states', '', 'EXECUTED', NULL, NULL, '3.5.4', '1046225547')
17:43:45.823 [Test worker] DEBUG liquibase - master.changelog.json: migration/vault-schema.changelog-v7.xml::make_issuer_ref_nullable::R3.Corda: Running Changeset:migration/vault-schema.changelog-v7.xml::make_issuer_ref_nullable::R3.Corda
17:43:45.823 [Test worker] DEBUG liquibase - master.changelog.json: migration/vault-schema.changelog-v7.xml::make_issuer_ref_nullable::R3.Corda: Changeset migration/vault-schema.changelog-v7.xml::make_issuer_ref_nullable::R3.Corda
17:43:45.824 [Test worker] DEBUG liquibase - master.changelog.json: migration/vault-schema.changelog-v7.xml::make_issuer_ref_nullable::R3.Corda: Reading ChangeSet: migration/vault-schema.changelog-v7.xml::make_issuer_ref_nullable::R3.Corda
17:43:45.824 [Test worker] DEBUG liquibase - master.changelog.json: migration/vault-schema.changelog-v7.xml::make_issuer_ref_nullable::R3.Corda: Executing Statement: liquibase.statement.core.SetNullableStatement@1e75e661
17:43:45.824 [Test worker] DEBUG liquibase - master.changelog.json: migration/vault-schema.changelog-v7.xml::make_issuer_ref_nullable::R3.Corda: Executing EXECUTE database command: ALTER TABLE PUBLIC.vault_fungible_states ALTER COLUMN issuer_ref SET NULL
17:43:45.824 [Test worker] INFO liquibase - master.changelog.json: migration/vault-schema.changelog-v7.xml::make_issuer_ref_nullable::R3.Corda: Null constraint dropped from vault_fungible_states.issuer_ref
17:43:45.824 [Test worker] INFO liquibase - master.changelog.json: migration/vault-schema.changelog-v7.xml::make_issuer_ref_nullable::R3.Corda: ChangeSet migration/vault-schema.changelog-v7.xml::make_issuer_ref_nullable::R3.Corda ran successfully in 1ms
17:43:45.825 [Test worker] DEBUG liquibase - master.changelog.json: migration/vault-schema.changelog-v7.xml::make_issuer_ref_nullable::R3.Corda: Executing EXECUTE database command: INSERT INTO PUBLIC.DATABASECHANGELOG (ID, AUTHOR, FILENAME, DATEEXECUTED, ORDEREXECUTED, MD5SUM, DESCRIPTION, COMMENTS, EXECTYPE, CONTEXTS, LABELS, LIQUIBASE, DEPLOYMENT_ID) VALUES ('make_issuer_ref_nullable', 'R3.Corda', 'migration/vault-schema.changelog-v7.xml', NOW(), 27, '7:016e083b176a76fc50d74e3fe07ca1cb', 'dropNotNullConstraint columnName=issuer_ref, tableName=vault_fungible_states', '', 'EXECUTED', NULL, NULL, '3.5.4', '1046225547')
17:43:45.826 [Test worker] DEBUG liquibase - master.changelog.json: migration/vault-schema.changelog-v8.xml::create-external-id-to-state-party-view::R3.Corda: Running Changeset:migration/vault-schema.changelog-v8.xml::create-external-id-to-state-party-view::R3.Corda
17:43:45.826 [Test worker] DEBUG liquibase - master.changelog.json: migration/vault-schema.changelog-v8.xml::create-external-id-to-state-party-view::R3.Corda: Changeset migration/vault-schema.changelog-v8.xml::create-external-id-to-state-party-view::R3.Corda
17:43:45.826 [Test worker] DEBUG liquibase - master.changelog.json: migration/vault-schema.changelog-v8.xml::create-external-id-to-state-party-view::R3.Corda: Reading ChangeSet: migration/vault-schema.changelog-v8.xml::create-external-id-to-state-party-view::R3.Corda
17:43:45.826 [Test worker] DEBUG liquibase - master.changelog.json: migration/vault-schema.changelog-v8.xml::create-external-id-to-state-party-view::R3.Corda: Executing Statement: liquibase.statement.core.CreateTableStatement@63c5cb7e
17:43:45.826 [Test worker] DEBUG liquibase - master.changelog.json: migration/vault-schema.changelog-v8.xml::create-external-id-to-state-party-view::R3.Corda: Executing EXECUTE database command: CREATE TABLE PUBLIC.state_party (output_index INT, transaction_id NVARCHAR(64), public_key_hash NVARCHAR(255) NOT NULL, x500_name NVARCHAR(255))
17:43:45.827 [Test worker] INFO liquibase - master.changelog.json: migration/vault-schema.changelog-v8.xml::create-external-id-to-state-party-view::R3.Corda: Table state_party created
17:43:45.827 [Test worker] DEBUG liquibase - master.changelog.json: migration/vault-schema.changelog-v8.xml::create-external-id-to-state-party-view::R3.Corda: Executing Statement: liquibase.statement.core.CreateIndexStatement@7cb0035
17:43:45.827 [Test worker] DEBUG liquibase - master.changelog.json: migration/vault-schema.changelog-v8.xml::create-external-id-to-state-party-view::R3.Corda: Executing EXECUTE database command: CREATE INDEX PUBLIC.state_pk_hash_idx ON PUBLIC.state_party(public_key_hash)
17:43:45.827 [Test worker] INFO liquibase - master.changelog.json: migration/vault-schema.changelog-v8.xml::create-external-id-to-state-party-view::R3.Corda: Index state_pk_hash_idx created
17:43:45.828 [Test worker] DEBUG liquibase - master.changelog.json: migration/vault-schema.changelog-v8.xml::create-external-id-to-state-party-view::R3.Corda: Executing Statement: liquibase.statement.core.CreateTableStatement@7ee42da0
17:43:45.828 [Test worker] DEBUG liquibase - master.changelog.json: migration/vault-schema.changelog-v8.xml::create-external-id-to-state-party-view::R3.Corda: Executing EXECUTE database command: CREATE TABLE PUBLIC.pk_hash_to_ext_id_map (id BIGINT NOT NULL, external_id VARCHAR(255) NOT NULL, public_key_hash NVARCHAR(255) NOT NULL)
17:43:45.828 [Test worker] INFO liquibase - master.changelog.json: migration/vault-schema.changelog-v8.xml::create-external-id-to-state-party-view::R3.Corda: Table pk_hash_to_ext_id_map created
17:43:45.828 [Test worker] DEBUG liquibase - master.changelog.json: migration/vault-schema.changelog-v8.xml::create-external-id-to-state-party-view::R3.Corda: Executing Statement: liquibase.statement.core.CreateIndexStatement@ce532
17:43:45.829 [Test worker] DEBUG liquibase - master.changelog.json: migration/vault-schema.changelog-v8.xml::create-external-id-to-state-party-view::R3.Corda: Executing EXECUTE database command: CREATE INDEX PUBLIC.pk_hash_to_xid_idx ON PUBLIC.pk_hash_to_ext_id_map(public_key_hash)
17:43:45.830 [Test worker] INFO liquibase - master.changelog.json: migration/vault-schema.changelog-v8.xml::create-external-id-to-state-party-view::R3.Corda: Index pk_hash_to_xid_idx created
17:43:45.830 [Test worker] DEBUG liquibase - master.changelog.json: migration/vault-schema.changelog-v8.xml::create-external-id-to-state-party-view::R3.Corda: Executing Statement: liquibase.statement.core.CreateViewStatement@5f9997ae
17:43:45.833 [Test worker] DEBUG liquibase - master.changelog.json: migration/vault-schema.changelog-v8.xml::create-external-id-to-state-party-view::R3.Corda: Executing EXECUTE database command: CREATE VIEW PUBLIC.v_pkey_hash_ex_id_map AS select
                state_party.public_key_hash,
                state_party.transaction_id,
                state_party.output_index,
                pk_hash_to_ext_id_map.external_id
            from state_party
            join pk_hash_to_ext_id_map
            on state_party.public_key_hash = pk_hash_to_ext_id_map.public_key_hash
17:43:45.834 [Test worker] INFO liquibase - master.changelog.json: migration/vault-schema.changelog-v8.xml::create-external-id-to-state-party-view::R3.Corda: View v_pkey_hash_ex_id_map created
17:43:45.834 [Test worker] INFO liquibase - master.changelog.json: migration/vault-schema.changelog-v8.xml::create-external-id-to-state-party-view::R3.Corda: ChangeSet migration/vault-schema.changelog-v8.xml::create-external-id-to-state-party-view::R3.Corda ran successfully in 8ms
17:43:45.835 [Test worker] DEBUG liquibase - master.changelog.json: migration/vault-schema.changelog-v8.xml::create-external-id-to-state-party-view::R3.Corda: Executing EXECUTE database command: INSERT INTO PUBLIC.DATABASECHANGELOG (ID, AUTHOR, FILENAME, DATEEXECUTED, ORDEREXECUTED, MD5SUM, DESCRIPTION, COMMENTS, EXECTYPE, CONTEXTS, LABELS, LIQUIBASE, DEPLOYMENT_ID) VALUES ('create-external-id-to-state-party-view', 'R3.Corda', 'migration/vault-schema.changelog-v8.xml', NOW(), 28, '7:68a2e794e4726e4e40b28753c7a64413', 'createTable tableName=state_party; createIndex indexName=state_pk_hash_idx, tableName=state_party; createTable tableName=pk_hash_to_ext_id_map; createIndex indexName=pk_hash_to_xid_idx, tableName=pk_hash_to_ext_id_map; createView viewName=v_pkey_h...', '', 'EXECUTED', NULL, NULL, '3.5.4', '1046225547')
17:43:45.836 [Test worker] DEBUG liquibase - master.changelog.json: migration/node-info.changelog-init.xml::1511451595465-4::R3.Corda: Running Changeset:migration/node-info.changelog-init.xml::1511451595465-4::R3.Corda
17:43:45.836 [Test worker] DEBUG liquibase - master.changelog.json: migration/node-info.changelog-init.xml::1511451595465-4::R3.Corda: Changeset migration/node-info.changelog-init.xml::1511451595465-4::R3.Corda
17:43:45.836 [Test worker] DEBUG liquibase - master.changelog.json: migration/node-info.changelog-init.xml::1511451595465-4::R3.Corda: Reading ChangeSet: migration/node-info.changelog-init.xml::1511451595465-4::R3.Corda
17:43:45.836 [Test worker] DEBUG liquibase - master.changelog.json: migration/node-info.changelog-init.xml::1511451595465-4::R3.Corda: Executing Statement: liquibase.statement.core.CreateTableStatement@57d8804f
17:43:45.836 [Test worker] DEBUG liquibase - master.changelog.json: migration/node-info.changelog-init.xml::1511451595465-4::R3.Corda: Executing EXECUTE database command: CREATE TABLE PUBLIC.node_link_nodeinfo_party (node_info_id INT NOT NULL, party_name NVARCHAR(255) NOT NULL)
17:43:45.837 [Test worker] INFO liquibase - master.changelog.json: migration/node-info.changelog-init.xml::1511451595465-4::R3.Corda: Table node_link_nodeinfo_party created
17:43:45.837 [Test worker] INFO liquibase - master.changelog.json: migration/node-info.changelog-init.xml::1511451595465-4::R3.Corda: ChangeSet migration/node-info.changelog-init.xml::1511451595465-4::R3.Corda ran successfully in 1ms
17:43:45.838 [Test worker] DEBUG liquibase - master.changelog.json: migration/node-info.changelog-init.xml::1511451595465-4::R3.Corda: Executing EXECUTE database command: INSERT INTO PUBLIC.DATABASECHANGELOG (ID, AUTHOR, FILENAME, DATEEXECUTED, ORDEREXECUTED, MD5SUM, DESCRIPTION, COMMENTS, EXECTYPE, CONTEXTS, LABELS, LIQUIBASE, DEPLOYMENT_ID) VALUES ('1511451595465-4', 'R3.Corda', 'migration/node-info.changelog-init.xml', NOW(), 29, '7:86561ccea3a7fbbdb311d455076c98a8', 'createTable tableName=node_link_nodeinfo_party', '', 'EXECUTED', NULL, NULL, '3.5.4', '1046225547')
17:43:45.838 [Test worker] DEBUG liquibase - master.changelog.json: migration/node-info.changelog-init.xml::1511451595465-10::R3.Corda: Running Changeset:migration/node-info.changelog-init.xml::1511451595465-10::R3.Corda
17:43:45.838 [Test worker] DEBUG liquibase - master.changelog.json: migration/node-info.changelog-init.xml::1511451595465-10::R3.Corda: Changeset migration/node-info.changelog-init.xml::1511451595465-10::R3.Corda
17:43:45.838 [Test worker] DEBUG liquibase - master.changelog.json: migration/node-info.changelog-init.xml::1511451595465-10::R3.Corda: Reading ChangeSet: migration/node-info.changelog-init.xml::1511451595465-10::R3.Corda
17:43:45.839 [Test worker] DEBUG liquibase - master.changelog.json: migration/node-info.changelog-init.xml::1511451595465-10::R3.Corda: Executing Statement: liquibase.statement.core.CreateTableStatement@42eb6d07
17:43:45.839 [Test worker] DEBUG liquibase - master.changelog.json: migration/node-info.changelog-init.xml::1511451595465-10::R3.Corda: Executing EXECUTE database command: CREATE TABLE PUBLIC.node_info_hosts (host NVARCHAR(255) NOT NULL, port INT NOT NULL, node_info_id INT)
17:43:45.839 [Test worker] INFO liquibase - master.changelog.json: migration/node-info.changelog-init.xml::1511451595465-10::R3.Corda: Table node_info_hosts created
17:43:45.839 [Test worker] INFO liquibase - master.changelog.json: migration/node-info.changelog-init.xml::1511451595465-10::R3.Corda: ChangeSet migration/node-info.changelog-init.xml::1511451595465-10::R3.Corda ran successfully in 1ms
17:43:45.840 [Test worker] DEBUG liquibase - master.changelog.json: migration/node-info.changelog-init.xml::1511451595465-10::R3.Corda: Executing EXECUTE database command: INSERT INTO PUBLIC.DATABASECHANGELOG (ID, AUTHOR, FILENAME, DATEEXECUTED, ORDEREXECUTED, MD5SUM, DESCRIPTION, COMMENTS, EXECTYPE, CONTEXTS, LABELS, LIQUIBASE, DEPLOYMENT_ID) VALUES ('1511451595465-10', 'R3.Corda', 'migration/node-info.changelog-init.xml', NOW(), 30, '7:86dcf13717e5dbc4c623523618380bdd', 'createTable tableName=node_info_hosts', '', 'EXECUTED', NULL, NULL, '3.5.4', '1046225547')
17:43:45.840 [Test worker] DEBUG liquibase - master.changelog.json: migration/node-info.changelog-init.xml::1511451595465-11::R3.Corda: Running Changeset:migration/node-info.changelog-init.xml::1511451595465-11::R3.Corda
17:43:45.840 [Test worker] DEBUG liquibase - master.changelog.json: migration/node-info.changelog-init.xml::1511451595465-11::R3.Corda: Changeset migration/node-info.changelog-init.xml::1511451595465-11::R3.Corda
17:43:45.840 [Test worker] DEBUG liquibase - master.changelog.json: migration/node-info.changelog-init.xml::1511451595465-11::R3.Corda: Reading ChangeSet: migration/node-info.changelog-init.xml::1511451595465-11::R3.Corda
17:43:45.841 [Test worker] DEBUG liquibase - master.changelog.json: migration/node-info.changelog-init.xml::1511451595465-11::R3.Corda: Executing Statement: liquibase.statement.core.CreateTableStatement@7b1d243
17:43:45.841 [Test worker] DEBUG liquibase - master.changelog.json: migration/node-info.changelog-init.xml::1511451595465-11::R3.Corda: Executing EXECUTE database command: CREATE TABLE PUBLIC.node_info_party_cert (party_name NVARCHAR(255) NOT NULL, ismain BOOLEAN NOT NULL, owning_key_hash NVARCHAR(130), party_cert_binary BLOB)
17:43:45.841 [Test worker] INFO liquibase - master.changelog.json: migration/node-info.changelog-init.xml::1511451595465-11::R3.Corda: Table node_info_party_cert created
17:43:45.841 [Test worker] INFO liquibase - master.changelog.json: migration/node-info.changelog-init.xml::1511451595465-11::R3.Corda: ChangeSet migration/node-info.changelog-init.xml::1511451595465-11::R3.Corda ran successfully in 1ms
17:43:45.843 [Test worker] DEBUG liquibase - master.changelog.json: migration/node-info.changelog-init.xml::1511451595465-11::R3.Corda: Executing EXECUTE database command: INSERT INTO PUBLIC.DATABASECHANGELOG (ID, AUTHOR, FILENAME, DATEEXECUTED, ORDEREXECUTED, MD5SUM, DESCRIPTION, COMMENTS, EXECTYPE, CONTEXTS, LABELS, LIQUIBASE, DEPLOYMENT_ID) VALUES ('1511451595465-11', 'R3.Corda', 'migration/node-info.changelog-init.xml', NOW(), 31, '7:ddf2ea133beca979abcb7e627a37db60', 'createTable tableName=node_info_party_cert', '', 'EXECUTED', NULL, NULL, '3.5.4', '1046225547')
17:43:45.843 [Test worker] DEBUG liquibase - master.changelog.json: migration/node-info.changelog-init.xml::1511451595465-12::R3.Corda: Running Changeset:migration/node-info.changelog-init.xml::1511451595465-12::R3.Corda
17:43:45.843 [Test worker] DEBUG liquibase - master.changelog.json: migration/node-info.changelog-init.xml::1511451595465-12::R3.Corda: Changeset migration/node-info.changelog-init.xml::1511451595465-12::R3.Corda
17:43:45.843 [Test worker] DEBUG liquibase - master.changelog.json: migration/node-info.changelog-init.xml::1511451595465-12::R3.Corda: Reading ChangeSet: migration/node-info.changelog-init.xml::1511451595465-12::R3.Corda
17:43:45.844 [Test worker] DEBUG liquibase - master.changelog.json: migration/node-info.changelog-init.xml::1511451595465-12::R3.Corda: Executing Statement: liquibase.statement.core.CreateTableStatement@2068a9d7
17:43:45.846 [Test worker] DEBUG liquibase - master.changelog.json: migration/node-info.changelog-init.xml::1511451595465-12::R3.Corda: Executing EXECUTE database command: CREATE TABLE PUBLIC.node_infos (node_info_id INT NOT NULL, node_info_hash NVARCHAR(64), platform_version INT, serial BIGINT)
17:43:45.846 [Test worker] INFO liquibase - master.changelog.json: migration/node-info.changelog-init.xml::1511451595465-12::R3.Corda: Table node_infos created
17:43:45.846 [Test worker] INFO liquibase - master.changelog.json: migration/node-info.changelog-init.xml::1511451595465-12::R3.Corda: ChangeSet migration/node-info.changelog-init.xml::1511451595465-12::R3.Corda ran successfully in 3ms
17:43:45.848 [Test worker] DEBUG liquibase - master.changelog.json: migration/node-info.changelog-init.xml::1511451595465-12::R3.Corda: Executing EXECUTE database command: INSERT INTO PUBLIC.DATABASECHANGELOG (ID, AUTHOR, FILENAME, DATEEXECUTED, ORDEREXECUTED, MD5SUM, DESCRIPTION, COMMENTS, EXECTYPE, CONTEXTS, LABELS, LIQUIBASE, DEPLOYMENT_ID) VALUES ('1511451595465-12', 'R3.Corda', 'migration/node-info.changelog-init.xml', NOW(), 32, '7:2a2169c32d87fdc3442c6096740a52a5', 'createTable tableName=node_infos', '', 'EXECUTED', NULL, NULL, '3.5.4', '1046225547')
17:43:45.848 [Test worker] DEBUG liquibase - master.changelog.json: migration/node-info.changelog-init.xml::1511451595465-35::R3.Corda: Running Changeset:migration/node-info.changelog-init.xml::1511451595465-35::R3.Corda
17:43:45.849 [Test worker] DEBUG liquibase - master.changelog.json: migration/node-info.changelog-init.xml::1511451595465-35::R3.Corda: Changeset migration/node-info.changelog-init.xml::1511451595465-35::R3.Corda
17:43:45.849 [Test worker] DEBUG liquibase - master.changelog.json: migration/node-info.changelog-init.xml::1511451595465-35::R3.Corda: Reading ChangeSet: migration/node-info.changelog-init.xml::1511451595465-35::R3.Corda
17:43:45.849 [Test worker] DEBUG liquibase - master.changelog.json: migration/node-info.changelog-init.xml::1511451595465-35::R3.Corda: Executing Statement: liquibase.statement.core.AddPrimaryKeyStatement@5f03a1ce
17:43:45.849 [Test worker] DEBUG liquibase - master.changelog.json: migration/node-info.changelog-init.xml::1511451595465-35::R3.Corda: Executing EXECUTE database command: ALTER TABLE PUBLIC.node_info_hosts ADD CONSTRAINT node_info_hosts_pkey PRIMARY KEY (host, port)
17:43:45.849 [Test worker] INFO liquibase - master.changelog.json: migration/node-info.changelog-init.xml::1511451595465-35::R3.Corda: Primary key added to node_info_hosts (host, port)
17:43:45.849 [Test worker] INFO liquibase - master.changelog.json: migration/node-info.changelog-init.xml::1511451595465-35::R3.Corda: ChangeSet migration/node-info.changelog-init.xml::1511451595465-35::R3.Corda ran successfully in 1ms
17:43:45.866 [Test worker] DEBUG liquibase - master.changelog.json: migration/node-info.changelog-init.xml::1511451595465-35::R3.Corda: Executing EXECUTE database command: INSERT INTO PUBLIC.DATABASECHANGELOG (ID, AUTHOR, FILENAME, DATEEXECUTED, ORDEREXECUTED, MD5SUM, DESCRIPTION, COMMENTS, EXECTYPE, CONTEXTS, LABELS, LIQUIBASE, DEPLOYMENT_ID) VALUES ('1511451595465-35', 'R3.Corda', 'migration/node-info.changelog-init.xml', NOW(), 33, '7:5c8230d7f489b4b961c3b52b3335e5ff', 'addPrimaryKey constraintName=node_info_hosts_pkey, tableName=node_info_hosts', '', 'EXECUTED', NULL, NULL, '3.5.4', '1046225547')
17:43:45.870 [Test worker] DEBUG liquibase - master.changelog.json: migration/node-info.changelog-init.xml::1511451595465-36::R3.Corda: Running Changeset:migration/node-info.changelog-init.xml::1511451595465-36::R3.Corda
17:43:45.871 [Test worker] DEBUG liquibase - master.changelog.json: migration/node-info.changelog-init.xml::1511451595465-36::R3.Corda: Changeset migration/node-info.changelog-init.xml::1511451595465-36::R3.Corda
17:43:45.871 [Test worker] DEBUG liquibase - master.changelog.json: migration/node-info.changelog-init.xml::1511451595465-36::R3.Corda: Reading ChangeSet: migration/node-info.changelog-init.xml::1511451595465-36::R3.Corda
17:43:45.871 [Test worker] DEBUG liquibase - master.changelog.json: migration/node-info.changelog-init.xml::1511451595465-36::R3.Corda: Executing Statement: liquibase.statement.core.AddPrimaryKeyStatement@4fb3a5ef
17:43:45.873 [Test worker] DEBUG liquibase - master.changelog.json: migration/node-info.changelog-init.xml::1511451595465-36::R3.Corda: Executing EXECUTE database command: ALTER TABLE PUBLIC.node_info_party_cert ADD CONSTRAINT node_info_party_cert_pkey PRIMARY KEY (party_name)
17:43:45.875 [Test worker] INFO liquibase - master.changelog.json: migration/node-info.changelog-init.xml::1511451595465-36::R3.Corda: Primary key added to node_info_party_cert (party_name)
17:43:45.875 [Test worker] INFO liquibase - master.changelog.json: migration/node-info.changelog-init.xml::1511451595465-36::R3.Corda: ChangeSet migration/node-info.changelog-init.xml::1511451595465-36::R3.Corda ran successfully in 4ms
17:43:45.876 [Test worker] DEBUG liquibase - master.changelog.json: migration/node-info.changelog-init.xml::1511451595465-36::R3.Corda: Executing EXECUTE database command: INSERT INTO PUBLIC.DATABASECHANGELOG (ID, AUTHOR, FILENAME, DATEEXECUTED, ORDEREXECUTED, MD5SUM, DESCRIPTION, COMMENTS, EXECTYPE, CONTEXTS, LABELS, LIQUIBASE, DEPLOYMENT_ID) VALUES ('1511451595465-36', 'R3.Corda', 'migration/node-info.changelog-init.xml', NOW(), 34, '7:a4293247b9113bb0895d15e212ded67d', 'addPrimaryKey constraintName=node_info_party_cert_pkey, tableName=node_info_party_cert', '', 'EXECUTED', NULL, NULL, '3.5.4', '1046225547')
17:43:45.880 [Test worker] DEBUG liquibase - master.changelog.json: migration/node-info.changelog-init.xml::1511451595465-37::R3.Corda: Running Changeset:migration/node-info.changelog-init.xml::1511451595465-37::R3.Corda
17:43:45.881 [Test worker] DEBUG liquibase - master.changelog.json: migration/node-info.changelog-init.xml::1511451595465-37::R3.Corda: Changeset migration/node-info.changelog-init.xml::1511451595465-37::R3.Corda
17:43:45.881 [Test worker] DEBUG liquibase - master.changelog.json: migration/node-info.changelog-init.xml::1511451595465-37::R3.Corda: Reading ChangeSet: migration/node-info.changelog-init.xml::1511451595465-37::R3.Corda
17:43:45.881 [Test worker] DEBUG liquibase - master.changelog.json: migration/node-info.changelog-init.xml::1511451595465-37::R3.Corda: Executing Statement: liquibase.statement.core.AddPrimaryKeyStatement@3c4867ee
17:43:45.881 [Test worker] DEBUG liquibase - master.changelog.json: migration/node-info.changelog-init.xml::1511451595465-37::R3.Corda: Executing EXECUTE database command: ALTER TABLE PUBLIC.node_infos ADD CONSTRAINT node_infos_pkey PRIMARY KEY (node_info_id)
17:43:45.881 [Test worker] INFO liquibase - master.changelog.json: migration/node-info.changelog-init.xml::1511451595465-37::R3.Corda: Primary key added to node_infos (node_info_id)
17:43:45.881 [Test worker] INFO liquibase - master.changelog.json: migration/node-info.changelog-init.xml::1511451595465-37::R3.Corda: ChangeSet migration/node-info.changelog-init.xml::1511451595465-37::R3.Corda ran successfully in 1ms
17:43:45.883 [Test worker] DEBUG liquibase - master.changelog.json: migration/node-info.changelog-init.xml::1511451595465-37::R3.Corda: Executing EXECUTE database command: INSERT INTO PUBLIC.DATABASECHANGELOG (ID, AUTHOR, FILENAME, DATEEXECUTED, ORDEREXECUTED, MD5SUM, DESCRIPTION, COMMENTS, EXECTYPE, CONTEXTS, LABELS, LIQUIBASE, DEPLOYMENT_ID) VALUES ('1511451595465-37', 'R3.Corda', 'migration/node-info.changelog-init.xml', NOW(), 35, '7:3f7b9e25544e21798cc648d8ab2056b7', 'addPrimaryKey constraintName=node_infos_pkey, tableName=node_infos', '', 'EXECUTED', NULL, NULL, '3.5.4', '1046225547')
17:43:45.883 [Test worker] DEBUG liquibase - master.changelog.json: migration/node-info.changelog-init.xml::1511451595465-62::R3.Corda: Running Changeset:migration/node-info.changelog-init.xml::1511451595465-62::R3.Corda
17:43:45.883 [Test worker] DEBUG liquibase - master.changelog.json: migration/node-info.changelog-init.xml::1511451595465-62::R3.Corda: Changeset migration/node-info.changelog-init.xml::1511451595465-62::R3.Corda
17:43:45.883 [Test worker] DEBUG liquibase - master.changelog.json: migration/node-info.changelog-init.xml::1511451595465-62::R3.Corda: Reading ChangeSet: migration/node-info.changelog-init.xml::1511451595465-62::R3.Corda
17:43:45.883 [Test worker] DEBUG liquibase - master.changelog.json: migration/node-info.changelog-init.xml::1511451595465-62::R3.Corda: Executing Statement: liquibase.statement.core.AddForeignKeyConstraintStatement@52655375
17:43:45.884 [Test worker] DEBUG liquibase - master.changelog.json: migration/node-info.changelog-init.xml::1511451595465-62::R3.Corda: Executing EXECUTE database command: ALTER TABLE PUBLIC.node_link_nodeinfo_party ADD CONSTRAINT FK__link_nodeinfo_party__infos FOREIGN KEY (node_info_id) REFERENCES PUBLIC.node_infos (node_info_id)
17:43:45.885 [Test worker] INFO liquibase - master.changelog.json: migration/node-info.changelog-init.xml::1511451595465-62::R3.Corda: Foreign key constraint added to node_link_nodeinfo_party (node_info_id)
17:43:45.885 [Test worker] INFO liquibase - master.changelog.json: migration/node-info.changelog-init.xml::1511451595465-62::R3.Corda: ChangeSet migration/node-info.changelog-init.xml::1511451595465-62::R3.Corda ran successfully in 2ms
17:43:46.053 [Test worker] DEBUG liquibase - master.changelog.json: migration/node-info.changelog-init.xml::1511451595465-62::R3.Corda: Executing EXECUTE database command: INSERT INTO PUBLIC.DATABASECHANGELOG (ID, AUTHOR, FILENAME, DATEEXECUTED, ORDEREXECUTED, MD5SUM, DESCRIPTION, COMMENTS, EXECTYPE, CONTEXTS, LABELS, LIQUIBASE, DEPLOYMENT_ID) VALUES ('1511451595465-62', 'R3.Corda', 'migration/node-info.changelog-init.xml', NOW(), 36, '7:64add0a3b0350cfe6fa3de1428a38397', 'addForeignKeyConstraint baseTableName=node_link_nodeinfo_party, constraintName=FK__link_nodeinfo_party__infos, referencedTableName=node_infos', '', 'EXECUTED', NULL, NULL, '3.5.4', '1046225547')
17:43:46.053 [Test worker] DEBUG liquibase - master.changelog.json: migration/node-info.changelog-init.xml::1511451595465-63::R3.Corda: Running Changeset:migration/node-info.changelog-init.xml::1511451595465-63::R3.Corda
17:43:46.053 [Test worker] DEBUG liquibase - master.changelog.json: migration/node-info.changelog-init.xml::1511451595465-63::R3.Corda: Changeset migration/node-info.changelog-init.xml::1511451595465-63::R3.Corda
17:43:46.054 [Test worker] DEBUG liquibase - master.changelog.json: migration/node-info.changelog-init.xml::1511451595465-63::R3.Corda: Reading ChangeSet: migration/node-info.changelog-init.xml::1511451595465-63::R3.Corda
17:43:46.054 [Test worker] DEBUG liquibase - master.changelog.json: migration/node-info.changelog-init.xml::1511451595465-63::R3.Corda: Executing Statement: liquibase.statement.core.AddForeignKeyConstraintStatement@3cf3dcb
17:43:46.054 [Test worker] DEBUG liquibase - master.changelog.json: migration/node-info.changelog-init.xml::1511451595465-63::R3.Corda: Executing EXECUTE database command: ALTER TABLE PUBLIC.node_info_hosts ADD CONSTRAINT FK__info_hosts__infos FOREIGN KEY (node_info_id) REFERENCES PUBLIC.node_infos (node_info_id)
17:43:46.055 [Test worker] INFO liquibase - master.changelog.json: migration/node-info.changelog-init.xml::1511451595465-63::R3.Corda: Foreign key constraint added to node_info_hosts (node_info_id)
17:43:46.055 [Test worker] INFO liquibase - master.changelog.json: migration/node-info.changelog-init.xml::1511451595465-63::R3.Corda: ChangeSet migration/node-info.changelog-init.xml::1511451595465-63::R3.Corda ran successfully in 2ms
17:43:46.056 [Test worker] DEBUG liquibase - master.changelog.json: migration/node-info.changelog-init.xml::1511451595465-63::R3.Corda: Executing EXECUTE database command: INSERT INTO PUBLIC.DATABASECHANGELOG (ID, AUTHOR, FILENAME, DATEEXECUTED, ORDEREXECUTED, MD5SUM, DESCRIPTION, COMMENTS, EXECTYPE, CONTEXTS, LABELS, LIQUIBASE, DEPLOYMENT_ID) VALUES ('1511451595465-63', 'R3.Corda', 'migration/node-info.changelog-init.xml', NOW(), 37, '7:6ea0c3bb234d14956401b6b281531832', 'addForeignKeyConstraint baseTableName=node_info_hosts, constraintName=FK__info_hosts__infos, referencedTableName=node_infos', '', 'EXECUTED', NULL, NULL, '3.5.4', '1046225547')
17:43:46.057 [Test worker] DEBUG liquibase - master.changelog.json: migration/node-info.changelog-init.xml::remove_host_port_pk::R3.Corda: Running Changeset:migration/node-info.changelog-init.xml::remove_host_port_pk::R3.Corda
17:43:46.057 [Test worker] DEBUG liquibase - master.changelog.json: migration/node-info.changelog-init.xml::remove_host_port_pk::R3.Corda: Changeset migration/node-info.changelog-init.xml::remove_host_port_pk::R3.Corda
17:43:46.057 [Test worker] DEBUG liquibase - master.changelog.json: migration/node-info.changelog-init.xml::remove_host_port_pk::R3.Corda: Reading ChangeSet: migration/node-info.changelog-init.xml::remove_host_port_pk::R3.Corda
17:43:46.057 [Test worker] DEBUG liquibase - master.changelog.json: migration/node-info.changelog-init.xml::remove_host_port_pk::R3.Corda: Executing Statement: liquibase.statement.core.DeleteStatement@111adc1e
17:43:46.058 [Test worker] DEBUG liquibase - master.changelog.json: migration/node-info.changelog-init.xml::remove_host_port_pk::R3.Corda: Executing EXECUTE database command: DELETE FROM PUBLIC.node_infos
17:43:46.058 [Test worker] INFO liquibase - master.changelog.json: migration/node-info.changelog-init.xml::remove_host_port_pk::R3.Corda: Data deleted from node_infos
17:43:46.058 [Test worker] DEBUG liquibase - master.changelog.json: migration/node-info.changelog-init.xml::remove_host_port_pk::R3.Corda: Executing Statement: liquibase.statement.core.DeleteStatement@a19987a
17:43:46.058 [Test worker] DEBUG liquibase - master.changelog.json: migration/node-info.changelog-init.xml::remove_host_port_pk::R3.Corda: Executing EXECUTE database command: DELETE FROM PUBLIC.node_link_nodeinfo_party
17:43:46.058 [Test worker] INFO liquibase - master.changelog.json: migration/node-info.changelog-init.xml::remove_host_port_pk::R3.Corda: Data deleted from node_link_nodeinfo_party
17:43:46.058 [Test worker] DEBUG liquibase - master.changelog.json: migration/node-info.changelog-init.xml::remove_host_port_pk::R3.Corda: Executing Statement: liquibase.statement.core.DeleteStatement@6fde1cac
17:43:46.058 [Test worker] DEBUG liquibase - master.changelog.json: migration/node-info.changelog-init.xml::remove_host_port_pk::R3.Corda: Executing EXECUTE database command: DELETE FROM PUBLIC.node_info_hosts
17:43:46.058 [Test worker] INFO liquibase - master.changelog.json: migration/node-info.changelog-init.xml::remove_host_port_pk::R3.Corda: Data deleted from node_info_hosts
17:43:46.058 [Test worker] DEBUG liquibase - master.changelog.json: migration/node-info.changelog-init.xml::remove_host_port_pk::R3.Corda: Executing Statement: liquibase.statement.core.DeleteStatement@40e042f1
17:43:46.059 [Test worker] DEBUG liquibase - master.changelog.json: migration/node-info.changelog-init.xml::remove_host_port_pk::R3.Corda: Executing EXECUTE database command: DELETE FROM PUBLIC.node_info_party_cert
17:43:46.059 [Test worker] INFO liquibase - master.changelog.json: migration/node-info.changelog-init.xml::remove_host_port_pk::R3.Corda: Data deleted from node_info_party_cert
17:43:46.059 [Test worker] DEBUG liquibase - master.changelog.json: migration/node-info.changelog-init.xml::remove_host_port_pk::R3.Corda: Executing Statement: liquibase.statement.core.DropPrimaryKeyStatement@7dd9cdf
17:43:46.059 [Test worker] DEBUG liquibase - master.changelog.json: migration/node-info.changelog-init.xml::remove_host_port_pk::R3.Corda: Executing EXECUTE database command: ALTER TABLE PUBLIC.node_info_hosts DROP PRIMARY KEY
17:43:46.062 [Test worker] INFO liquibase - master.changelog.json: migration/node-info.changelog-init.xml::remove_host_port_pk::R3.Corda: Primary key dropped from node_info_hosts
17:43:46.062 [Test worker] DEBUG liquibase - master.changelog.json: migration/node-info.changelog-init.xml::remove_host_port_pk::R3.Corda: Executing Statement: liquibase.statement.core.AddColumnStatement@3ef82a70
17:43:46.062 [Test worker] DEBUG liquibase - master.changelog.json: migration/node-info.changelog-init.xml::remove_host_port_pk::R3.Corda: Executing EXECUTE database command: ALTER TABLE PUBLIC.node_info_hosts ADD hosts_id INT NOT NULL
17:43:46.064 [Test worker] INFO liquibase - master.changelog.json: migration/node-info.changelog-init.xml::remove_host_port_pk::R3.Corda: Columns hosts_id(INT) added to node_info_hosts
17:43:46.065 [Test worker] DEBUG liquibase - master.changelog.json: migration/node-info.changelog-init.xml::remove_host_port_pk::R3.Corda: Executing Statement: liquibase.statement.core.AddPrimaryKeyStatement@5cea0546
17:43:46.066 [Test worker] DEBUG liquibase - master.changelog.json: migration/node-info.changelog-init.xml::remove_host_port_pk::R3.Corda: Executing EXECUTE database command: ALTER TABLE PUBLIC.node_info_hosts ADD CONSTRAINT node_info_hosts_pkey_id PRIMARY KEY (hosts_id)
17:43:46.067 [Test worker] INFO liquibase - master.changelog.json: migration/node-info.changelog-init.xml::remove_host_port_pk::R3.Corda: Primary key added to node_info_hosts (hosts_id)
17:43:46.067 [Test worker] INFO liquibase - master.changelog.json: migration/node-info.changelog-init.xml::remove_host_port_pk::R3.Corda: ChangeSet migration/node-info.changelog-init.xml::remove_host_port_pk::R3.Corda ran successfully in 10ms
17:43:46.069 [Test worker] DEBUG liquibase - master.changelog.json: migration/node-info.changelog-init.xml::remove_host_port_pk::R3.Corda: Executing EXECUTE database command: INSERT INTO PUBLIC.DATABASECHANGELOG (ID, AUTHOR, FILENAME, DATEEXECUTED, ORDEREXECUTED, MD5SUM, DESCRIPTION, COMMENTS, EXECTYPE, CONTEXTS, LABELS, LIQUIBASE, DEPLOYMENT_ID) VALUES ('remove_host_port_pk', 'R3.Corda', 'migration/node-info.changelog-init.xml', NOW(), 38, '7:cb733f12ced82860fd296bb0c94c5072', 'delete tableName=node_infos; delete tableName=node_link_nodeinfo_party; delete tableName=node_info_hosts; delete tableName=node_info_party_cert; dropPrimaryKey constraintName=node_info_hosts_pkey, tableName=node_info_hosts; addColumn tableName=nod...', '', 'EXECUTED', NULL, NULL, '3.5.4', '1046225547')
17:43:46.070 [Test worker] DEBUG liquibase - master.changelog.json: migration/node-info.changelog-v1.xml::key/value node properties table::R3.Corda: Running Changeset:migration/node-info.changelog-v1.xml::key/value node properties table::R3.Corda
17:43:46.070 [Test worker] DEBUG liquibase - master.changelog.json: migration/node-info.changelog-v1.xml::key/value node properties table::R3.Corda: Changeset migration/node-info.changelog-v1.xml::key/value node properties table::R3.Corda
17:43:46.070 [Test worker] DEBUG liquibase - master.changelog.json: migration/node-info.changelog-v1.xml::key/value node properties table::R3.Corda: Reading ChangeSet: migration/node-info.changelog-v1.xml::key/value node properties table::R3.Corda
17:43:46.070 [Test worker] DEBUG liquibase - master.changelog.json: migration/node-info.changelog-v1.xml::key/value node properties table::R3.Corda: Executing Statement: liquibase.statement.core.CreateTableStatement@65ca4d2c
17:43:46.071 [Test worker] DEBUG liquibase - master.changelog.json: migration/node-info.changelog-v1.xml::key/value node properties table::R3.Corda: Executing EXECUTE database command: CREATE TABLE PUBLIC.node_properties (property_key NVARCHAR(255) NOT NULL, property_value NVARCHAR(255))
17:43:46.071 [Test worker] INFO liquibase - master.changelog.json: migration/node-info.changelog-v1.xml::key/value node properties table::R3.Corda: Table node_properties created
17:43:46.071 [Test worker] INFO liquibase - master.changelog.json: migration/node-info.changelog-v1.xml::key/value node properties table::R3.Corda: ChangeSet migration/node-info.changelog-v1.xml::key/value node properties table::R3.Corda ran successfully in 1ms
17:43:46.072 [Test worker] DEBUG liquibase - master.changelog.json: migration/node-info.changelog-v1.xml::key/value node properties table::R3.Corda: Executing EXECUTE database command: INSERT INTO PUBLIC.DATABASECHANGELOG (ID, AUTHOR, FILENAME, DATEEXECUTED, ORDEREXECUTED, MD5SUM, DESCRIPTION, COMMENTS, EXECTYPE, CONTEXTS, LABELS, LIQUIBASE, DEPLOYMENT_ID) VALUES ('key/value node properties table', 'R3.Corda', 'migration/node-info.changelog-v1.xml', NOW(), 39, '7:05241b402dd60a4e1eeb86ad6c5eff9e', 'createTable tableName=node_properties', '', 'EXECUTED', NULL, NULL, '3.5.4', '1046225547')
17:43:46.073 [Test worker] DEBUG liquibase - master.changelog.json: migration/node-info.changelog-v2.xml::1525962920::R3.Corda: Running Changeset:migration/node-info.changelog-v2.xml::1525962920::R3.Corda
17:43:46.073 [Test worker] DEBUG liquibase - master.changelog.json: migration/node-info.changelog-v2.xml::1525962920::R3.Corda: Changeset migration/node-info.changelog-v2.xml::1525962920::R3.Corda
17:43:46.073 [Test worker] DEBUG liquibase - master.changelog.json: migration/node-info.changelog-v2.xml::1525962920::R3.Corda: Reading ChangeSet: migration/node-info.changelog-v2.xml::1525962920::R3.Corda
17:43:46.073 [Test worker] DEBUG liquibase - master.changelog.json: migration/node-info.changelog-v2.xml::1525962920::R3.Corda: Executing Statement: liquibase.statement.core.SetNullableStatement@3ba04253
17:43:46.073 [Test worker] DEBUG liquibase - master.changelog.json: migration/node-info.changelog-v2.xml::1525962920::R3.Corda: Executing EXECUTE database command: ALTER TABLE PUBLIC.node_infos ALTER COLUMN node_info_hash SET NOT NULL
17:43:46.073 [Test worker] INFO liquibase - master.changelog.json: migration/node-info.changelog-v2.xml::1525962920::R3.Corda: Null constraint has been added to node_infos.node_info_hash
17:43:46.073 [Test worker] DEBUG liquibase - master.changelog.json: migration/node-info.changelog-v2.xml::1525962920::R3.Corda: Executing Statement: liquibase.statement.core.SetNullableStatement@186b15fc
17:43:46.074 [Test worker] DEBUG liquibase - master.changelog.json: migration/node-info.changelog-v2.xml::1525962920::R3.Corda: Executing EXECUTE database command: ALTER TABLE PUBLIC.node_infos ALTER COLUMN platform_version SET NOT NULL
17:43:46.074 [Test worker] INFO liquibase - master.changelog.json: migration/node-info.changelog-v2.xml::1525962920::R3.Corda: Null constraint has been added to node_infos.platform_version
17:43:46.074 [Test worker] DEBUG liquibase - master.changelog.json: migration/node-info.changelog-v2.xml::1525962920::R3.Corda: Executing Statement: liquibase.statement.core.SetNullableStatement@4455f174
17:43:46.074 [Test worker] DEBUG liquibase - master.changelog.json: migration/node-info.changelog-v2.xml::1525962920::R3.Corda: Executing EXECUTE database command: ALTER TABLE PUBLIC.node_infos ALTER COLUMN serial SET NOT NULL
17:43:46.074 [Test worker] INFO liquibase - master.changelog.json: migration/node-info.changelog-v2.xml::1525962920::R3.Corda: Null constraint has been added to node_infos.serial
17:43:46.074 [Test worker] DEBUG liquibase - master.changelog.json: migration/node-info.changelog-v2.xml::1525962920::R3.Corda: Executing Statement: liquibase.statement.core.SetNullableStatement@44c9d730
17:43:46.075 [Test worker] DEBUG liquibase - master.changelog.json: migration/node-info.changelog-v2.xml::1525962920::R3.Corda: Executing EXECUTE database command: ALTER TABLE PUBLIC.node_info_hosts ALTER COLUMN host SET NULL
17:43:46.075 [Test worker] INFO liquibase - master.changelog.json: migration/node-info.changelog-v2.xml::1525962920::R3.Corda: Null constraint dropped from node_info_hosts.host
17:43:46.075 [Test worker] DEBUG liquibase - master.changelog.json: migration/node-info.changelog-v2.xml::1525962920::R3.Corda: Executing Statement: liquibase.statement.core.SetNullableStatement@4d2c0549
17:43:46.075 [Test worker] DEBUG liquibase - master.changelog.json: migration/node-info.changelog-v2.xml::1525962920::R3.Corda: Executing EXECUTE database command: ALTER TABLE PUBLIC.node_info_hosts ALTER COLUMN port SET NULL
17:43:46.075 [Test worker] INFO liquibase - master.changelog.json: migration/node-info.changelog-v2.xml::1525962920::R3.Corda: Null constraint dropped from node_info_hosts.port
17:43:46.075 [Test worker] DEBUG liquibase - master.changelog.json: migration/node-info.changelog-v2.xml::1525962920::R3.Corda: Executing Statement: liquibase.statement.core.SetNullableStatement@261983c9
17:43:46.075 [Test worker] DEBUG liquibase - master.changelog.json: migration/node-info.changelog-v2.xml::1525962920::R3.Corda: Executing EXECUTE database command: ALTER TABLE PUBLIC.node_info_party_cert ALTER COLUMN owning_key_hash SET NOT NULL
17:43:46.075 [Test worker] INFO liquibase - master.changelog.json: migration/node-info.changelog-v2.xml::1525962920::R3.Corda: Null constraint has been added to node_info_party_cert.owning_key_hash
17:43:46.075 [Test worker] DEBUG liquibase - master.changelog.json: migration/node-info.changelog-v2.xml::1525962920::R3.Corda: Executing Statement: liquibase.statement.core.SetNullableStatement@47f0370a
17:43:46.075 [Test worker] DEBUG liquibase - master.changelog.json: migration/node-info.changelog-v2.xml::1525962920::R3.Corda: Executing EXECUTE database command: ALTER TABLE PUBLIC.node_info_party_cert ALTER COLUMN party_cert_binary SET NOT NULL
17:43:46.076 [Test worker] INFO liquibase - master.changelog.json: migration/node-info.changelog-v2.xml::1525962920::R3.Corda: Null constraint has been added to node_info_party_cert.party_cert_binary
17:43:46.076 [Test worker] INFO liquibase - master.changelog.json: migration/node-info.changelog-v2.xml::1525962920::R3.Corda: ChangeSet migration/node-info.changelog-v2.xml::1525962920::R3.Corda ran successfully in 3ms
17:43:46.077 [Test worker] DEBUG liquibase - master.changelog.json: migration/node-info.changelog-v2.xml::1525962920::R3.Corda: Executing EXECUTE database command: INSERT INTO PUBLIC.DATABASECHANGELOG (ID, AUTHOR, FILENAME, DATEEXECUTED, ORDEREXECUTED, MD5SUM, DESCRIPTION, COMMENTS, EXECTYPE, CONTEXTS, LABELS, LIQUIBASE, DEPLOYMENT_ID) VALUES ('1525962920', 'R3.Corda', 'migration/node-info.changelog-v2.xml', NOW(), 40, '7:c3fd83668d5ed4acdefcad3f90944935', 'addNotNullConstraint columnName=node_info_hash, tableName=node_infos; addNotNullConstraint columnName=platform_version, tableName=node_infos; addNotNullConstraint columnName=serial, tableName=node_infos; dropNotNullConstraint columnName=host, tabl...', '', 'EXECUTED', NULL, NULL, '3.5.4', '1046225547')
17:43:46.078 [Test worker] DEBUG liquibase - master.changelog.json: migration/node-info.changelog-v3.xml::column_host_name::R3.Corda: Running Changeset:migration/node-info.changelog-v3.xml::column_host_name::R3.Corda
17:43:46.078 [Test worker] DEBUG liquibase - master.changelog.json: migration/node-info.changelog-v3.xml::column_host_name::R3.Corda: Changeset migration/node-info.changelog-v3.xml::column_host_name::R3.Corda
17:43:46.078 [Test worker] DEBUG liquibase - master.changelog.json: migration/node-info.changelog-v3.xml::column_host_name::R3.Corda: Reading ChangeSet: migration/node-info.changelog-v3.xml::column_host_name::R3.Corda
17:43:46.078 [Test worker] DEBUG liquibase - master.changelog.json: migration/node-info.changelog-v3.xml::column_host_name::R3.Corda: Executing Statement: liquibase.statement.core.RenameColumnStatement@63472fe8
17:43:46.078 [Test worker] DEBUG liquibase - master.changelog.json: migration/node-info.changelog-v3.xml::column_host_name::R3.Corda: Executing EXECUTE database command: ALTER TABLE PUBLIC.node_info_hosts ALTER COLUMN host RENAME TO host_name
17:43:46.078 [Test worker] INFO liquibase - master.changelog.json: migration/node-info.changelog-v3.xml::column_host_name::R3.Corda: Column node_info_hosts.host renamed to host_name
17:43:46.078 [Test worker] INFO liquibase - master.changelog.json: migration/node-info.changelog-v3.xml::column_host_name::R3.Corda: ChangeSet migration/node-info.changelog-v3.xml::column_host_name::R3.Corda ran successfully in 0ms
17:43:46.080 [Test worker] DEBUG liquibase - master.changelog.json: migration/node-info.changelog-v3.xml::column_host_name::R3.Corda: Executing EXECUTE database command: INSERT INTO PUBLIC.DATABASECHANGELOG (ID, AUTHOR, FILENAME, DATEEXECUTED, ORDEREXECUTED, MD5SUM, DESCRIPTION, COMMENTS, EXECTYPE, CONTEXTS, LABELS, LIQUIBASE, DEPLOYMENT_ID) VALUES ('column_host_name', 'R3.Corda', 'migration/node-info.changelog-v3.xml', NOW(), 41, '7:fc4ceb3b82e44070da1fff49a7b5cccb', 'renameColumn newColumnName=host_name, oldColumnName=host, tableName=node_info_hosts', '', 'EXECUTED', NULL, NULL, '3.5.4', '1046225547')
17:43:46.080 [Test worker] DEBUG liquibase - master.changelog.json: migration/node-services.changelog-init.xml::1511451595465-5::R3.Corda: Running Changeset:migration/node-services.changelog-init.xml::1511451595465-5::R3.Corda
17:43:46.080 [Test worker] DEBUG liquibase - master.changelog.json: migration/node-services.changelog-init.xml::1511451595465-5::R3.Corda: Changeset migration/node-services.changelog-init.xml::1511451595465-5::R3.Corda
17:43:46.080 [Test worker] DEBUG liquibase - master.changelog.json: migration/node-services.changelog-init.xml::1511451595465-5::R3.Corda: Reading ChangeSet: migration/node-services.changelog-init.xml::1511451595465-5::R3.Corda
17:43:46.080 [Test worker] DEBUG liquibase - master.changelog.json: migration/node-services.changelog-init.xml::1511451595465-5::R3.Corda: Executing Statement: liquibase.statement.core.CreateTableStatement@2779ed40
17:43:46.080 [Test worker] DEBUG liquibase - master.changelog.json: migration/node-services.changelog-init.xml::1511451595465-5::R3.Corda: Executing EXECUTE database command: CREATE TABLE PUBLIC.node_attachments (att_id NVARCHAR(255) NOT NULL, content BLOB, filename NVARCHAR(255), insertion_date TIMESTAMP NOT NULL, uploader NVARCHAR(255))
17:43:46.103 [Test worker] INFO liquibase - master.changelog.json: migration/node-services.changelog-init.xml::1511451595465-5::R3.Corda: Table node_attachments created
17:43:46.104 [Test worker] INFO liquibase - master.changelog.json: migration/node-services.changelog-init.xml::1511451595465-5::R3.Corda: ChangeSet migration/node-services.changelog-init.xml::1511451595465-5::R3.Corda ran successfully in 24ms
17:43:46.105 [Test worker] DEBUG liquibase - master.changelog.json: migration/node-services.changelog-init.xml::1511451595465-5::R3.Corda: Executing EXECUTE database command: INSERT INTO PUBLIC.DATABASECHANGELOG (ID, AUTHOR, FILENAME, DATEEXECUTED, ORDEREXECUTED, MD5SUM, DESCRIPTION, COMMENTS, EXECTYPE, CONTEXTS, LABELS, LIQUIBASE, DEPLOYMENT_ID) VALUES ('1511451595465-5', 'R3.Corda', 'migration/node-services.changelog-init.xml', NOW(), 42, '7:464a5bbaf24fe78716c38c544dc81f3c', 'createTable tableName=node_attachments', '', 'EXECUTED', NULL, NULL, '3.5.4', '1046225547')
17:43:46.105 [Test worker] DEBUG liquibase - master.changelog.json: migration/node-services.changelog-init.xml::1511451595465-7::R3.Corda: Running Changeset:migration/node-services.changelog-init.xml::1511451595465-7::R3.Corda
17:43:46.105 [Test worker] DEBUG liquibase - master.changelog.json: migration/node-services.changelog-init.xml::1511451595465-7::R3.Corda: Changeset migration/node-services.changelog-init.xml::1511451595465-7::R3.Corda
17:43:46.105 [Test worker] DEBUG liquibase - master.changelog.json: migration/node-services.changelog-init.xml::1511451595465-7::R3.Corda: Reading ChangeSet: migration/node-services.changelog-init.xml::1511451595465-7::R3.Corda
17:43:46.105 [Test worker] DEBUG liquibase - master.changelog.json: migration/node-services.changelog-init.xml::1511451595465-7::R3.Corda: Executing Statement: liquibase.statement.core.CreateTableStatement@6a451a4a
17:43:46.106 [Test worker] DEBUG liquibase - master.changelog.json: migration/node-services.changelog-init.xml::1511451595465-7::R3.Corda: Executing EXECUTE database command: CREATE TABLE PUBLIC.node_checkpoints (checkpoint_id NVARCHAR(64) NOT NULL, checkpoint_value BLOB)
17:43:46.106 [Test worker] INFO liquibase - master.changelog.json: migration/node-services.changelog-init.xml::1511451595465-7::R3.Corda: Table node_checkpoints created
17:43:46.106 [Test worker] INFO liquibase - master.changelog.json: migration/node-services.changelog-init.xml::1511451595465-7::R3.Corda: ChangeSet migration/node-services.changelog-init.xml::1511451595465-7::R3.Corda ran successfully in 1ms
17:43:46.107 [Test worker] DEBUG liquibase - master.changelog.json: migration/node-services.changelog-init.xml::1511451595465-7::R3.Corda: Executing EXECUTE database command: INSERT INTO PUBLIC.DATABASECHANGELOG (ID, AUTHOR, FILENAME, DATEEXECUTED, ORDEREXECUTED, MD5SUM, DESCRIPTION, COMMENTS, EXECTYPE, CONTEXTS, LABELS, LIQUIBASE, DEPLOYMENT_ID) VALUES ('1511451595465-7', 'R3.Corda', 'migration/node-services.changelog-init.xml', NOW(), 43, '7:2870aa3a468e81bab1cd24ac70ca2163', 'createTable tableName=node_checkpoints', '', 'EXECUTED', NULL, NULL, '3.5.4', '1046225547')
17:43:46.108 [Test worker] DEBUG liquibase - master.changelog.json: migration/node-services.changelog-init.xml::1511451595465-8::R3.Corda: Running Changeset:migration/node-services.changelog-init.xml::1511451595465-8::R3.Corda
17:43:46.108 [Test worker] DEBUG liquibase - master.changelog.json: migration/node-services.changelog-init.xml::1511451595465-8::R3.Corda: Changeset migration/node-services.changelog-init.xml::1511451595465-8::R3.Corda
17:43:46.108 [Test worker] DEBUG liquibase - master.changelog.json: migration/node-services.changelog-init.xml::1511451595465-8::R3.Corda: Reading ChangeSet: migration/node-services.changelog-init.xml::1511451595465-8::R3.Corda
17:43:46.108 [Test worker] DEBUG liquibase - master.changelog.json: migration/node-services.changelog-init.xml::1511451595465-8::R3.Corda: Executing Statement: liquibase.statement.core.CreateTableStatement@9cd4d61
17:43:46.108 [Test worker] DEBUG liquibase - master.changelog.json: migration/node-services.changelog-init.xml::1511451595465-8::R3.Corda: Executing EXECUTE database command: CREATE TABLE PUBLIC.node_contract_upgrades (state_ref NVARCHAR(96) NOT NULL, contract_class_name NVARCHAR(255))
17:43:46.108 [Test worker] INFO liquibase - master.changelog.json: migration/node-services.changelog-init.xml::1511451595465-8::R3.Corda: Table node_contract_upgrades created
17:43:46.108 [Test worker] INFO liquibase - master.changelog.json: migration/node-services.changelog-init.xml::1511451595465-8::R3.Corda: ChangeSet migration/node-services.changelog-init.xml::1511451595465-8::R3.Corda ran successfully in 0ms
17:43:46.109 [Test worker] DEBUG liquibase - master.changelog.json: migration/node-services.changelog-init.xml::1511451595465-8::R3.Corda: Executing EXECUTE database command: INSERT INTO PUBLIC.DATABASECHANGELOG (ID, AUTHOR, FILENAME, DATEEXECUTED, ORDEREXECUTED, MD5SUM, DESCRIPTION, COMMENTS, EXECTYPE, CONTEXTS, LABELS, LIQUIBASE, DEPLOYMENT_ID) VALUES ('1511451595465-8', 'R3.Corda', 'migration/node-services.changelog-init.xml', NOW(), 44, '7:bf156b1c48e915e7d8090d5162e31c02', 'createTable tableName=node_contract_upgrades', '', 'EXECUTED', NULL, NULL, '3.5.4', '1046225547')
17:43:46.110 [Test worker] DEBUG liquibase - master.changelog.json: migration/node-services.changelog-init.xml::1511451595465-9::R3.Corda: Running Changeset:migration/node-services.changelog-init.xml::1511451595465-9::R3.Corda
17:43:46.110 [Test worker] DEBUG liquibase - master.changelog.json: migration/node-services.changelog-init.xml::1511451595465-9::R3.Corda: Changeset migration/node-services.changelog-init.xml::1511451595465-9::R3.Corda
17:43:46.110 [Test worker] DEBUG liquibase - master.changelog.json: migration/node-services.changelog-init.xml::1511451595465-9::R3.Corda: Reading ChangeSet: migration/node-services.changelog-init.xml::1511451595465-9::R3.Corda
17:43:46.110 [Test worker] DEBUG liquibase - master.changelog.json: migration/node-services.changelog-init.xml::1511451595465-9::R3.Corda: Executing Statement: liquibase.statement.core.CreateTableStatement@3dfda78d
17:43:46.110 [Test worker] DEBUG liquibase - master.changelog.json: migration/node-services.changelog-init.xml::1511451595465-9::R3.Corda: Executing EXECUTE database command: CREATE TABLE PUBLIC.node_identities (pk_hash NVARCHAR(130) NOT NULL, identity_value BLOB)
17:43:46.111 [Test worker] INFO liquibase - master.changelog.json: migration/node-services.changelog-init.xml::1511451595465-9::R3.Corda: Table node_identities created
17:43:46.111 [Test worker] INFO liquibase - master.changelog.json: migration/node-services.changelog-init.xml::1511451595465-9::R3.Corda: ChangeSet migration/node-services.changelog-init.xml::1511451595465-9::R3.Corda ran successfully in 1ms
17:43:46.112 [Test worker] DEBUG liquibase - master.changelog.json: migration/node-services.changelog-init.xml::1511451595465-9::R3.Corda: Executing EXECUTE database command: INSERT INTO PUBLIC.DATABASECHANGELOG (ID, AUTHOR, FILENAME, DATEEXECUTED, ORDEREXECUTED, MD5SUM, DESCRIPTION, COMMENTS, EXECTYPE, CONTEXTS, LABELS, LIQUIBASE, DEPLOYMENT_ID) VALUES ('1511451595465-9', 'R3.Corda', 'migration/node-services.changelog-init.xml', NOW(), 45, '7:ea04cf1cc4ea1112c4cbbf932bc51c56', 'createTable tableName=node_identities', '', 'EXECUTED', NULL, NULL, '3.5.4', '1046225547')
17:43:46.112 [Test worker] DEBUG liquibase - master.changelog.json: migration/node-services.changelog-init.xml::1511451595465-13::R3.Corda: Running Changeset:migration/node-services.changelog-init.xml::1511451595465-13::R3.Corda
17:43:46.112 [Test worker] DEBUG liquibase - master.changelog.json: migration/node-services.changelog-init.xml::1511451595465-13::R3.Corda: Changeset migration/node-services.changelog-init.xml::1511451595465-13::R3.Corda
17:43:46.112 [Test worker] DEBUG liquibase - master.changelog.json: migration/node-services.changelog-init.xml::1511451595465-13::R3.Corda: Reading ChangeSet: migration/node-services.changelog-init.xml::1511451595465-13::R3.Corda
17:43:46.113 [Test worker] DEBUG liquibase - master.changelog.json: migration/node-services.changelog-init.xml::1511451595465-13::R3.Corda: Executing Statement: liquibase.statement.core.CreateTableStatement@1595a99d
17:43:46.113 [Test worker] DEBUG liquibase - master.changelog.json: migration/node-services.changelog-init.xml::1511451595465-13::R3.Corda: Executing EXECUTE database command: CREATE TABLE PUBLIC.node_message_ids (message_id NVARCHAR(64) NOT NULL, insertion_time TIMESTAMP)
17:43:46.113 [Test worker] INFO liquibase - master.changelog.json: migration/node-services.changelog-init.xml::1511451595465-13::R3.Corda: Table node_message_ids created
17:43:46.113 [Test worker] INFO liquibase - master.changelog.json: migration/node-services.changelog-init.xml::1511451595465-13::R3.Corda: ChangeSet migration/node-services.changelog-init.xml::1511451595465-13::R3.Corda ran successfully in 1ms
17:43:46.114 [Test worker] DEBUG liquibase - master.changelog.json: migration/node-services.changelog-init.xml::1511451595465-13::R3.Corda: Executing EXECUTE database command: INSERT INTO PUBLIC.DATABASECHANGELOG (ID, AUTHOR, FILENAME, DATEEXECUTED, ORDEREXECUTED, MD5SUM, DESCRIPTION, COMMENTS, EXECTYPE, CONTEXTS, LABELS, LIQUIBASE, DEPLOYMENT_ID) VALUES ('1511451595465-13', 'R3.Corda', 'migration/node-services.changelog-init.xml', NOW(), 46, '7:340ca6c0b7c87b663b0449535b082f80', 'createTable tableName=node_message_ids', '', 'EXECUTED', NULL, NULL, '3.5.4', '1046225547')
17:43:46.115 [Test worker] DEBUG liquibase - master.changelog.json: migration/node-services.changelog-init.xml::1511451595465-14::R3.Corda: Running Changeset:migration/node-services.changelog-init.xml::1511451595465-14::R3.Corda
17:43:46.115 [Test worker] DEBUG liquibase - master.changelog.json: migration/node-services.changelog-init.xml::1511451595465-14::R3.Corda: Changeset migration/node-services.changelog-init.xml::1511451595465-14::R3.Corda
17:43:46.115 [Test worker] DEBUG liquibase - master.changelog.json: migration/node-services.changelog-init.xml::1511451595465-14::R3.Corda: Reading ChangeSet: migration/node-services.changelog-init.xml::1511451595465-14::R3.Corda
17:43:46.115 [Test worker] DEBUG liquibase - master.changelog.json: migration/node-services.changelog-init.xml::1511451595465-14::R3.Corda: Executing Statement: liquibase.statement.core.CreateTableStatement@2b77c7d2
17:43:46.115 [Test worker] DEBUG liquibase - master.changelog.json: migration/node-services.changelog-init.xml::1511451595465-14::R3.Corda: Executing EXECUTE database command: CREATE TABLE PUBLIC.node_message_retry (message_id BIGINT NOT NULL, message BLOB, recipients BLOB)
17:43:46.116 [Test worker] INFO liquibase - master.changelog.json: migration/node-services.changelog-init.xml::1511451595465-14::R3.Corda: Table node_message_retry created
17:43:46.116 [Test worker] INFO liquibase - master.changelog.json: migration/node-services.changelog-init.xml::1511451595465-14::R3.Corda: ChangeSet migration/node-services.changelog-init.xml::1511451595465-14::R3.Corda ran successfully in 1ms
17:43:46.117 [Test worker] DEBUG liquibase - master.changelog.json: migration/node-services.changelog-init.xml::1511451595465-14::R3.Corda: Executing EXECUTE database command: INSERT INTO PUBLIC.DATABASECHANGELOG (ID, AUTHOR, FILENAME, DATEEXECUTED, ORDEREXECUTED, MD5SUM, DESCRIPTION, COMMENTS, EXECTYPE, CONTEXTS, LABELS, LIQUIBASE, DEPLOYMENT_ID) VALUES ('1511451595465-14', 'R3.Corda', 'migration/node-services.changelog-init.xml', NOW(), 47, '7:1dc64c73807569fb04c10a9b2d760ff0', 'createTable tableName=node_message_retry', '', 'EXECUTED', NULL, NULL, '3.5.4', '1046225547')
17:43:46.118 [Test worker] DEBUG liquibase - master.changelog.json: migration/node-services.changelog-init.xml::1511451595465-15::R3.Corda: Running Changeset:migration/node-services.changelog-init.xml::1511451595465-15::R3.Corda
17:43:46.118 [Test worker] DEBUG liquibase - master.changelog.json: migration/node-services.changelog-init.xml::1511451595465-15::R3.Corda: Changeset migration/node-services.changelog-init.xml::1511451595465-15::R3.Corda
17:43:46.118 [Test worker] DEBUG liquibase - master.changelog.json: migration/node-services.changelog-init.xml::1511451595465-15::R3.Corda: Reading ChangeSet: migration/node-services.changelog-init.xml::1511451595465-15::R3.Corda
17:43:46.118 [Test worker] DEBUG liquibase - master.changelog.json: migration/node-services.changelog-init.xml::1511451595465-15::R3.Corda: Executing Statement: liquibase.statement.core.CreateTableStatement@2289e215
17:43:46.118 [Test worker] DEBUG liquibase - master.changelog.json: migration/node-services.changelog-init.xml::1511451595465-15::R3.Corda: Executing EXECUTE database command: CREATE TABLE PUBLIC.node_named_identities (name NVARCHAR(128) NOT NULL, pk_hash NVARCHAR(130))
17:43:46.118 [Test worker] INFO liquibase - master.changelog.json: migration/node-services.changelog-init.xml::1511451595465-15::R3.Corda: Table node_named_identities created
17:43:46.118 [Test worker] INFO liquibase - master.changelog.json: migration/node-services.changelog-init.xml::1511451595465-15::R3.Corda: ChangeSet migration/node-services.changelog-init.xml::1511451595465-15::R3.Corda ran successfully in 0ms
17:43:46.119 [Test worker] DEBUG liquibase - master.changelog.json: migration/node-services.changelog-init.xml::1511451595465-15::R3.Corda: Executing EXECUTE database command: INSERT INTO PUBLIC.DATABASECHANGELOG (ID, AUTHOR, FILENAME, DATEEXECUTED, ORDEREXECUTED, MD5SUM, DESCRIPTION, COMMENTS, EXECTYPE, CONTEXTS, LABELS, LIQUIBASE, DEPLOYMENT_ID) VALUES ('1511451595465-15', 'R3.Corda', 'migration/node-services.changelog-init.xml', NOW(), 48, '7:108b7d395f7fb3cfc8ce4e364c4008a5', 'createTable tableName=node_named_identities', '', 'EXECUTED', NULL, NULL, '3.5.4', '1046225547')
17:43:46.120 [Test worker] DEBUG liquibase - master.changelog.json: migration/node-services.changelog-init.xml::1511451595465-17::R3.Corda: Running Changeset:migration/node-services.changelog-init.xml::1511451595465-17::R3.Corda
17:43:46.120 [Test worker] DEBUG liquibase - master.changelog.json: migration/node-services.changelog-init.xml::1511451595465-17::R3.Corda: Changeset migration/node-services.changelog-init.xml::1511451595465-17::R3.Corda
17:43:46.120 [Test worker] DEBUG liquibase - master.changelog.json: migration/node-services.changelog-init.xml::1511451595465-17::R3.Corda: Reading ChangeSet: migration/node-services.changelog-init.xml::1511451595465-17::R3.Corda
17:43:46.120 [Test worker] DEBUG liquibase - master.changelog.json: migration/node-services.changelog-init.xml::1511451595465-17::R3.Corda: Executing Statement: liquibase.statement.core.CreateTableStatement@c507593
17:43:46.120 [Test worker] DEBUG liquibase - master.changelog.json: migration/node-services.changelog-init.xml::1511451595465-17::R3.Corda: Executing EXECUTE database command: CREATE TABLE PUBLIC.node_our_key_pairs (public_key_hash NVARCHAR(130) NOT NULL, private_key BLOB, public_key BLOB)
17:43:46.121 [Test worker] INFO liquibase - master.changelog.json: migration/node-services.changelog-init.xml::1511451595465-17::R3.Corda: Table node_our_key_pairs created
17:43:46.121 [Test worker] INFO liquibase - master.changelog.json: migration/node-services.changelog-init.xml::1511451595465-17::R3.Corda: ChangeSet migration/node-services.changelog-init.xml::1511451595465-17::R3.Corda ran successfully in 1ms
17:43:46.122 [Test worker] DEBUG liquibase - master.changelog.json: migration/node-services.changelog-init.xml::1511451595465-17::R3.Corda: Executing EXECUTE database command: INSERT INTO PUBLIC.DATABASECHANGELOG (ID, AUTHOR, FILENAME, DATEEXECUTED, ORDEREXECUTED, MD5SUM, DESCRIPTION, COMMENTS, EXECTYPE, CONTEXTS, LABELS, LIQUIBASE, DEPLOYMENT_ID) VALUES ('1511451595465-17', 'R3.Corda', 'migration/node-services.changelog-init.xml', NOW(), 49, '7:a8b4ae7170f56f1df8a23b530bef4dd1', 'createTable tableName=node_our_key_pairs', '', 'EXECUTED', NULL, NULL, '3.5.4', '1046225547')
17:43:46.122 [Test worker] DEBUG liquibase - master.changelog.json: migration/node-services.changelog-init.xml::1511451595465-19::R3.Corda: Running Changeset:migration/node-services.changelog-init.xml::1511451595465-19::R3.Corda
17:43:46.122 [Test worker] DEBUG liquibase - master.changelog.json: migration/node-services.changelog-init.xml::1511451595465-19::R3.Corda: Changeset migration/node-services.changelog-init.xml::1511451595465-19::R3.Corda
17:43:46.122 [Test worker] DEBUG liquibase - master.changelog.json: migration/node-services.changelog-init.xml::1511451595465-19::R3.Corda: Reading ChangeSet: migration/node-services.changelog-init.xml::1511451595465-19::R3.Corda
17:43:46.122 [Test worker] DEBUG liquibase - master.changelog.json: migration/node-services.changelog-init.xml::1511451595465-19::R3.Corda: Executing Statement: liquibase.statement.core.CreateTableStatement@491e35ee
17:43:46.123 [Test worker] DEBUG liquibase - master.changelog.json: migration/node-services.changelog-init.xml::1511451595465-19::R3.Corda: Executing EXECUTE database command: CREATE TABLE PUBLIC.node_scheduled_states (output_index INT NOT NULL, transaction_id NVARCHAR(64) NOT NULL, scheduled_at TIMESTAMP NOT NULL)
17:43:46.123 [Test worker] INFO liquibase - master.changelog.json: migration/node-services.changelog-init.xml::1511451595465-19::R3.Corda: Table node_scheduled_states created
17:43:46.123 [Test worker] INFO liquibase - master.changelog.json: migration/node-services.changelog-init.xml::1511451595465-19::R3.Corda: ChangeSet migration/node-services.changelog-init.xml::1511451595465-19::R3.Corda ran successfully in 1ms
17:43:46.124 [Test worker] DEBUG liquibase - master.changelog.json: migration/node-services.changelog-init.xml::1511451595465-19::R3.Corda: Executing EXECUTE database command: INSERT INTO PUBLIC.DATABASECHANGELOG (ID, AUTHOR, FILENAME, DATEEXECUTED, ORDEREXECUTED, MD5SUM, DESCRIPTION, COMMENTS, EXECTYPE, CONTEXTS, LABELS, LIQUIBASE, DEPLOYMENT_ID) VALUES ('1511451595465-19', 'R3.Corda', 'migration/node-services.changelog-init.xml', NOW(), 50, '7:2aaf3df7bdbea9c71aa8bea4e14f11ef', 'createTable tableName=node_scheduled_states', '', 'EXECUTED', NULL, NULL, '3.5.4', '1046225547')
17:43:46.125 [Test worker] DEBUG liquibase - master.changelog.json: migration/node-services.changelog-init.xml::1511451595465-20::R3.Corda: Running Changeset:migration/node-services.changelog-init.xml::1511451595465-20::R3.Corda
17:43:46.125 [Test worker] DEBUG liquibase - master.changelog.json: migration/node-services.changelog-init.xml::1511451595465-20::R3.Corda: Changeset migration/node-services.changelog-init.xml::1511451595465-20::R3.Corda
17:43:46.125 [Test worker] DEBUG liquibase - master.changelog.json: migration/node-services.changelog-init.xml::1511451595465-20::R3.Corda: Reading ChangeSet: migration/node-services.changelog-init.xml::1511451595465-20::R3.Corda
17:43:46.125 [Test worker] DEBUG liquibase - master.changelog.json: migration/node-services.changelog-init.xml::1511451595465-20::R3.Corda: Executing Statement: liquibase.statement.core.CreateTableStatement@35dbf90a
17:43:46.125 [Test worker] DEBUG liquibase - master.changelog.json: migration/node-services.changelog-init.xml::1511451595465-20::R3.Corda: Executing EXECUTE database command: CREATE TABLE PUBLIC.node_transaction_mappings (tx_id NVARCHAR(64) NOT NULL, state_machine_run_id NVARCHAR(36))
17:43:46.125 [Test worker] INFO liquibase - master.changelog.json: migration/node-services.changelog-init.xml::1511451595465-20::R3.Corda: Table node_transaction_mappings created
17:43:46.126 [Test worker] INFO liquibase - master.changelog.json: migration/node-services.changelog-init.xml::1511451595465-20::R3.Corda: ChangeSet migration/node-services.changelog-init.xml::1511451595465-20::R3.Corda ran successfully in 1ms
17:43:46.127 [Test worker] DEBUG liquibase - master.changelog.json: migration/node-services.changelog-init.xml::1511451595465-20::R3.Corda: Executing EXECUTE database command: INSERT INTO PUBLIC.DATABASECHANGELOG (ID, AUTHOR, FILENAME, DATEEXECUTED, ORDEREXECUTED, MD5SUM, DESCRIPTION, COMMENTS, EXECTYPE, CONTEXTS, LABELS, LIQUIBASE, DEPLOYMENT_ID) VALUES ('1511451595465-20', 'R3.Corda', 'migration/node-services.changelog-init.xml', NOW(), 51, '7:f003464d28fe934c636b24e7c72d9c27', 'createTable tableName=node_transaction_mappings', '', 'EXECUTED', NULL, NULL, '3.5.4', '1046225547')
17:43:46.127 [Test worker] DEBUG liquibase - master.changelog.json: migration/node-services.changelog-init.xml::1511451595465-21::R3.Corda: Running Changeset:migration/node-services.changelog-init.xml::1511451595465-21::R3.Corda
17:43:46.127 [Test worker] DEBUG liquibase - master.changelog.json: migration/node-services.changelog-init.xml::1511451595465-21::R3.Corda: Changeset migration/node-services.changelog-init.xml::1511451595465-21::R3.Corda
17:43:46.127 [Test worker] DEBUG liquibase - master.changelog.json: migration/node-services.changelog-init.xml::1511451595465-21::R3.Corda: Reading ChangeSet: migration/node-services.changelog-init.xml::1511451595465-21::R3.Corda
17:43:46.127 [Test worker] DEBUG liquibase - master.changelog.json: migration/node-services.changelog-init.xml::1511451595465-21::R3.Corda: Executing Statement: liquibase.statement.core.CreateTableStatement@5888efd2
17:43:46.128 [Test worker] DEBUG liquibase - master.changelog.json: migration/node-services.changelog-init.xml::1511451595465-21::R3.Corda: Executing EXECUTE database command: CREATE TABLE PUBLIC.node_transactions (tx_id NVARCHAR(64) NOT NULL, transaction_value BLOB)
17:43:46.128 [Test worker] INFO liquibase - master.changelog.json: migration/node-services.changelog-init.xml::1511451595465-21::R3.Corda: Table node_transactions created
17:43:46.128 [Test worker] INFO liquibase - master.changelog.json: migration/node-services.changelog-init.xml::1511451595465-21::R3.Corda: ChangeSet migration/node-services.changelog-init.xml::1511451595465-21::R3.Corda ran successfully in 1ms
17:43:46.129 [Test worker] DEBUG liquibase - master.changelog.json: migration/node-services.changelog-init.xml::1511451595465-21::R3.Corda: Executing EXECUTE database command: INSERT INTO PUBLIC.DATABASECHANGELOG (ID, AUTHOR, FILENAME, DATEEXECUTED, ORDEREXECUTED, MD5SUM, DESCRIPTION, COMMENTS, EXECTYPE, CONTEXTS, LABELS, LIQUIBASE, DEPLOYMENT_ID) VALUES ('1511451595465-21', 'R3.Corda', 'migration/node-services.changelog-init.xml', NOW(), 52, '7:8b167e9074e47be66c742aec5661b5d1', 'createTable tableName=node_transactions', '', 'EXECUTED', NULL, NULL, '3.5.4', '1046225547')
17:43:46.129 [Test worker] DEBUG liquibase - master.changelog.json: migration/node-services.changelog-init.xml::1511451595465-30::R3.Corda: Running Changeset:migration/node-services.changelog-init.xml::1511451595465-30::R3.Corda
17:43:46.129 [Test worker] DEBUG liquibase - master.changelog.json: migration/node-services.changelog-init.xml::1511451595465-30::R3.Corda: Changeset migration/node-services.changelog-init.xml::1511451595465-30::R3.Corda
17:43:46.130 [Test worker] DEBUG liquibase - master.changelog.json: migration/node-services.changelog-init.xml::1511451595465-30::R3.Corda: Reading ChangeSet: migration/node-services.changelog-init.xml::1511451595465-30::R3.Corda
17:43:46.130 [Test worker] DEBUG liquibase - master.changelog.json: migration/node-services.changelog-init.xml::1511451595465-30::R3.Corda: Executing Statement: liquibase.statement.core.AddPrimaryKeyStatement@6146c441
17:43:46.130 [Test worker] DEBUG liquibase - master.changelog.json: migration/node-services.changelog-init.xml::1511451595465-30::R3.Corda: Executing EXECUTE database command: ALTER TABLE PUBLIC.node_attachments ADD CONSTRAINT node_attachments_pkey PRIMARY KEY (att_id)
17:43:46.130 [Test worker] INFO liquibase - master.changelog.json: migration/node-services.changelog-init.xml::1511451595465-30::R3.Corda: Primary key added to node_attachments (att_id)
17:43:46.130 [Test worker] INFO liquibase - master.changelog.json: migration/node-services.changelog-init.xml::1511451595465-30::R3.Corda: ChangeSet migration/node-services.changelog-init.xml::1511451595465-30::R3.Corda ran successfully in 1ms
17:43:46.131 [Test worker] DEBUG liquibase - master.changelog.json: migration/node-services.changelog-init.xml::1511451595465-30::R3.Corda: Executing EXECUTE database command: INSERT INTO PUBLIC.DATABASECHANGELOG (ID, AUTHOR, FILENAME, DATEEXECUTED, ORDEREXECUTED, MD5SUM, DESCRIPTION, COMMENTS, EXECTYPE, CONTEXTS, LABELS, LIQUIBASE, DEPLOYMENT_ID) VALUES ('1511451595465-30', 'R3.Corda', 'migration/node-services.changelog-init.xml', NOW(), 53, '7:4aa12646e41346c10ae1d18b43468b3e', 'addPrimaryKey constraintName=node_attachments_pkey, tableName=node_attachments', '', 'EXECUTED', NULL, NULL, '3.5.4', '1046225547')
17:43:46.132 [Test worker] DEBUG liquibase - master.changelog.json: migration/node-services.changelog-init.xml::1511451595465-32::R3.Corda: Running Changeset:migration/node-services.changelog-init.xml::1511451595465-32::R3.Corda
17:43:46.132 [Test worker] DEBUG liquibase - master.changelog.json: migration/node-services.changelog-init.xml::1511451595465-32::R3.Corda: Changeset migration/node-services.changelog-init.xml::1511451595465-32::R3.Corda
17:43:46.132 [Test worker] DEBUG liquibase - master.changelog.json: migration/node-services.changelog-init.xml::1511451595465-32::R3.Corda: Reading ChangeSet: migration/node-services.changelog-init.xml::1511451595465-32::R3.Corda
17:43:46.132 [Test worker] DEBUG liquibase - master.changelog.json: migration/node-services.changelog-init.xml::1511451595465-32::R3.Corda: Executing Statement: liquibase.statement.core.AddPrimaryKeyStatement@3c262c9f
17:43:46.132 [Test worker] DEBUG liquibase - master.changelog.json: migration/node-services.changelog-init.xml::1511451595465-32::R3.Corda: Executing EXECUTE database command: ALTER TABLE PUBLIC.node_checkpoints ADD CONSTRAINT node_checkpoints_pkey PRIMARY KEY (checkpoint_id)
17:43:46.132 [Test worker] INFO liquibase - master.changelog.json: migration/node-services.changelog-init.xml::1511451595465-32::R3.Corda: Primary key added to node_checkpoints (checkpoint_id)
17:43:46.132 [Test worker] INFO liquibase - master.changelog.json: migration/node-services.changelog-init.xml::1511451595465-32::R3.Corda: ChangeSet migration/node-services.changelog-init.xml::1511451595465-32::R3.Corda ran successfully in 0ms
17:43:46.133 [Test worker] DEBUG liquibase - master.changelog.json: migration/node-services.changelog-init.xml::1511451595465-32::R3.Corda: Executing EXECUTE database command: INSERT INTO PUBLIC.DATABASECHANGELOG (ID, AUTHOR, FILENAME, DATEEXECUTED, ORDEREXECUTED, MD5SUM, DESCRIPTION, COMMENTS, EXECTYPE, CONTEXTS, LABELS, LIQUIBASE, DEPLOYMENT_ID) VALUES ('1511451595465-32', 'R3.Corda', 'migration/node-services.changelog-init.xml', NOW(), 54, '7:fa0f2ed27615a3fd2b799bb27b447a36', 'addPrimaryKey constraintName=node_checkpoints_pkey, tableName=node_checkpoints', '', 'EXECUTED', NULL, NULL, '3.5.4', '1046225547')
17:43:46.134 [Test worker] DEBUG liquibase - master.changelog.json: migration/node-services.changelog-init.xml::1511451595465-33::R3.Corda: Running Changeset:migration/node-services.changelog-init.xml::1511451595465-33::R3.Corda
17:43:46.134 [Test worker] DEBUG liquibase - master.changelog.json: migration/node-services.changelog-init.xml::1511451595465-33::R3.Corda: Changeset migration/node-services.changelog-init.xml::1511451595465-33::R3.Corda
17:43:46.134 [Test worker] DEBUG liquibase - master.changelog.json: migration/node-services.changelog-init.xml::1511451595465-33::R3.Corda: Reading ChangeSet: migration/node-services.changelog-init.xml::1511451595465-33::R3.Corda
17:43:46.134 [Test worker] DEBUG liquibase - master.changelog.json: migration/node-services.changelog-init.xml::1511451595465-33::R3.Corda: Executing Statement: liquibase.statement.core.AddPrimaryKeyStatement@1001ace5
17:43:46.134 [Test worker] DEBUG liquibase - master.changelog.json: migration/node-services.changelog-init.xml::1511451595465-33::R3.Corda: Executing EXECUTE database command: ALTER TABLE PUBLIC.node_contract_upgrades ADD CONSTRAINT node_contract_upgrades_pkey PRIMARY KEY (state_ref)
17:43:46.135 [Test worker] INFO liquibase - master.changelog.json: migration/node-services.changelog-init.xml::1511451595465-33::R3.Corda: Primary key added to node_contract_upgrades (state_ref)
17:43:46.135 [Test worker] INFO liquibase - master.changelog.json: migration/node-services.changelog-init.xml::1511451595465-33::R3.Corda: ChangeSet migration/node-services.changelog-init.xml::1511451595465-33::R3.Corda ran successfully in 1ms
17:43:46.144 [Test worker] DEBUG liquibase - master.changelog.json: migration/node-services.changelog-init.xml::1511451595465-33::R3.Corda: Executing EXECUTE database command: INSERT INTO PUBLIC.DATABASECHANGELOG (ID, AUTHOR, FILENAME, DATEEXECUTED, ORDEREXECUTED, MD5SUM, DESCRIPTION, COMMENTS, EXECTYPE, CONTEXTS, LABELS, LIQUIBASE, DEPLOYMENT_ID) VALUES ('1511451595465-33', 'R3.Corda', 'migration/node-services.changelog-init.xml', NOW(), 55, '7:37e38ccee8d375f364abca393727eec7', 'addPrimaryKey constraintName=node_contract_upgrades_pkey, tableName=node_contract_upgrades', '', 'EXECUTED', NULL, NULL, '3.5.4', '1046225547')
17:43:46.145 [Test worker] DEBUG liquibase - master.changelog.json: migration/node-services.changelog-init.xml::1511451595465-34::R3.Corda: Running Changeset:migration/node-services.changelog-init.xml::1511451595465-34::R3.Corda
17:43:46.145 [Test worker] DEBUG liquibase - master.changelog.json: migration/node-services.changelog-init.xml::1511451595465-34::R3.Corda: Changeset migration/node-services.changelog-init.xml::1511451595465-34::R3.Corda
17:43:46.146 [Test worker] DEBUG liquibase - master.changelog.json: migration/node-services.changelog-init.xml::1511451595465-34::R3.Corda: Reading ChangeSet: migration/node-services.changelog-init.xml::1511451595465-34::R3.Corda
17:43:46.146 [Test worker] DEBUG liquibase - master.changelog.json: migration/node-services.changelog-init.xml::1511451595465-34::R3.Corda: Executing Statement: liquibase.statement.core.AddPrimaryKeyStatement@367833df
17:43:46.146 [Test worker] DEBUG liquibase - master.changelog.json: migration/node-services.changelog-init.xml::1511451595465-34::R3.Corda: Executing EXECUTE database command: ALTER TABLE PUBLIC.node_identities ADD CONSTRAINT node_identities_pkey PRIMARY KEY (pk_hash)
17:43:46.146 [Test worker] INFO liquibase - master.changelog.json: migration/node-services.changelog-init.xml::1511451595465-34::R3.Corda: Primary key added to node_identities (pk_hash)
17:43:46.146 [Test worker] INFO liquibase - master.changelog.json: migration/node-services.changelog-init.xml::1511451595465-34::R3.Corda: ChangeSet migration/node-services.changelog-init.xml::1511451595465-34::R3.Corda ran successfully in 1ms
17:43:46.153 [Test worker] DEBUG liquibase - master.changelog.json: migration/node-services.changelog-init.xml::1511451595465-34::R3.Corda: Executing EXECUTE database command: INSERT INTO PUBLIC.DATABASECHANGELOG (ID, AUTHOR, FILENAME, DATEEXECUTED, ORDEREXECUTED, MD5SUM, DESCRIPTION, COMMENTS, EXECTYPE, CONTEXTS, LABELS, LIQUIBASE, DEPLOYMENT_ID) VALUES ('1511451595465-34', 'R3.Corda', 'migration/node-services.changelog-init.xml', NOW(), 56, '7:43d4f1fd6b4b69fcd6b046d8806c8f50', 'addPrimaryKey constraintName=node_identities_pkey, tableName=node_identities', '', 'EXECUTED', NULL, NULL, '3.5.4', '1046225547')
17:43:46.163 [Test worker] DEBUG liquibase - master.changelog.json: migration/node-services.changelog-init.xml::1511451595465-38::R3.Corda: Running Changeset:migration/node-services.changelog-init.xml::1511451595465-38::R3.Corda
17:43:46.164 [Test worker] DEBUG liquibase - master.changelog.json: migration/node-services.changelog-init.xml::1511451595465-38::R3.Corda: Changeset migration/node-services.changelog-init.xml::1511451595465-38::R3.Corda
17:43:46.164 [Test worker] DEBUG liquibase - master.changelog.json: migration/node-services.changelog-init.xml::1511451595465-38::R3.Corda: Reading ChangeSet: migration/node-services.changelog-init.xml::1511451595465-38::R3.Corda
17:43:46.164 [Test worker] DEBUG liquibase - master.changelog.json: migration/node-services.changelog-init.xml::1511451595465-38::R3.Corda: Executing Statement: liquibase.statement.core.AddPrimaryKeyStatement@289e3b6b
17:43:46.164 [Test worker] DEBUG liquibase - master.changelog.json: migration/node-services.changelog-init.xml::1511451595465-38::R3.Corda: Executing EXECUTE database command: ALTER TABLE PUBLIC.node_message_ids ADD CONSTRAINT node_message_ids_pkey PRIMARY KEY (message_id)
17:43:46.165 [Test worker] INFO liquibase - master.changelog.json: migration/node-services.changelog-init.xml::1511451595465-38::R3.Corda: Primary key added to node_message_ids (message_id)
17:43:46.165 [Test worker] INFO liquibase - master.changelog.json: migration/node-services.changelog-init.xml::1511451595465-38::R3.Corda: ChangeSet migration/node-services.changelog-init.xml::1511451595465-38::R3.Corda ran successfully in 2ms
17:43:46.166 [Test worker] DEBUG liquibase - master.changelog.json: migration/node-services.changelog-init.xml::1511451595465-38::R3.Corda: Executing EXECUTE database command: INSERT INTO PUBLIC.DATABASECHANGELOG (ID, AUTHOR, FILENAME, DATEEXECUTED, ORDEREXECUTED, MD5SUM, DESCRIPTION, COMMENTS, EXECTYPE, CONTEXTS, LABELS, LIQUIBASE, DEPLOYMENT_ID) VALUES ('1511451595465-38', 'R3.Corda', 'migration/node-services.changelog-init.xml', NOW(), 57, '7:37825d1c920089f5d1d8667fae2a0770', 'addPrimaryKey constraintName=node_message_ids_pkey, tableName=node_message_ids', '', 'EXECUTED', NULL, NULL, '3.5.4', '1046225547')
17:43:46.167 [Test worker] DEBUG liquibase - master.changelog.json: migration/node-services.changelog-init.xml::1511451595465-39::R3.Corda: Running Changeset:migration/node-services.changelog-init.xml::1511451595465-39::R3.Corda
17:43:46.167 [Test worker] DEBUG liquibase - master.changelog.json: migration/node-services.changelog-init.xml::1511451595465-39::R3.Corda: Changeset migration/node-services.changelog-init.xml::1511451595465-39::R3.Corda
17:43:46.169 [Test worker] DEBUG liquibase - master.changelog.json: migration/node-services.changelog-init.xml::1511451595465-39::R3.Corda: Reading ChangeSet: migration/node-services.changelog-init.xml::1511451595465-39::R3.Corda
17:43:46.169 [Test worker] DEBUG liquibase - master.changelog.json: migration/node-services.changelog-init.xml::1511451595465-39::R3.Corda: Executing Statement: liquibase.statement.core.AddPrimaryKeyStatement@762d2714
17:43:46.169 [Test worker] DEBUG liquibase - master.changelog.json: migration/node-services.changelog-init.xml::1511451595465-39::R3.Corda: Executing EXECUTE database command: ALTER TABLE PUBLIC.node_message_retry ADD CONSTRAINT node_message_retry_pkey PRIMARY KEY (message_id)
17:43:46.169 [Test worker] INFO liquibase - master.changelog.json: migration/node-services.changelog-init.xml::1511451595465-39::R3.Corda: Primary key added to node_message_retry (message_id)
17:43:46.170 [Test worker] INFO liquibase - master.changelog.json: migration/node-services.changelog-init.xml::1511451595465-39::R3.Corda: ChangeSet migration/node-services.changelog-init.xml::1511451595465-39::R3.Corda ran successfully in 3ms
17:43:46.171 [Test worker] DEBUG liquibase - master.changelog.json: migration/node-services.changelog-init.xml::1511451595465-39::R3.Corda: Executing EXECUTE database command: INSERT INTO PUBLIC.DATABASECHANGELOG (ID, AUTHOR, FILENAME, DATEEXECUTED, ORDEREXECUTED, MD5SUM, DESCRIPTION, COMMENTS, EXECTYPE, CONTEXTS, LABELS, LIQUIBASE, DEPLOYMENT_ID) VALUES ('1511451595465-39', 'R3.Corda', 'migration/node-services.changelog-init.xml', NOW(), 58, '7:7cc6fa875e39740c709235ff27960561', 'addPrimaryKey constraintName=node_message_retry_pkey, tableName=node_message_retry', '', 'EXECUTED', NULL, NULL, '3.5.4', '1046225547')
17:43:46.172 [Test worker] DEBUG liquibase - master.changelog.json: migration/node-services.changelog-init.xml::1511451595465-40::R3.Corda: Running Changeset:migration/node-services.changelog-init.xml::1511451595465-40::R3.Corda
17:43:46.172 [Test worker] DEBUG liquibase - master.changelog.json: migration/node-services.changelog-init.xml::1511451595465-40::R3.Corda: Changeset migration/node-services.changelog-init.xml::1511451595465-40::R3.Corda
17:43:46.173 [Test worker] DEBUG liquibase - master.changelog.json: migration/node-services.changelog-init.xml::1511451595465-40::R3.Corda: Reading ChangeSet: migration/node-services.changelog-init.xml::1511451595465-40::R3.Corda
17:43:46.173 [Test worker] DEBUG liquibase - master.changelog.json: migration/node-services.changelog-init.xml::1511451595465-40::R3.Corda: Executing Statement: liquibase.statement.core.AddPrimaryKeyStatement@38dc220
17:43:46.173 [Test worker] DEBUG liquibase - master.changelog.json: migration/node-services.changelog-init.xml::1511451595465-40::R3.Corda: Executing EXECUTE database command: ALTER TABLE PUBLIC.node_named_identities ADD CONSTRAINT node_named_identities_pkey PRIMARY KEY (name)
17:43:46.174 [Test worker] INFO liquibase - master.changelog.json: migration/node-services.changelog-init.xml::1511451595465-40::R3.Corda: Primary key added to node_named_identities (name)
17:43:46.174 [Test worker] INFO liquibase - master.changelog.json: migration/node-services.changelog-init.xml::1511451595465-40::R3.Corda: ChangeSet migration/node-services.changelog-init.xml::1511451595465-40::R3.Corda ran successfully in 2ms
17:43:46.175 [Test worker] DEBUG liquibase - master.changelog.json: migration/node-services.changelog-init.xml::1511451595465-40::R3.Corda: Executing EXECUTE database command: INSERT INTO PUBLIC.DATABASECHANGELOG (ID, AUTHOR, FILENAME, DATEEXECUTED, ORDEREXECUTED, MD5SUM, DESCRIPTION, COMMENTS, EXECTYPE, CONTEXTS, LABELS, LIQUIBASE, DEPLOYMENT_ID) VALUES ('1511451595465-40', 'R3.Corda', 'migration/node-services.changelog-init.xml', NOW(), 59, '7:9fac7485c58064b7e7ddce0bd1af86c4', 'addPrimaryKey constraintName=node_named_identities_pkey, tableName=node_named_identities', '', 'EXECUTED', NULL, NULL, '3.5.4', '1046225547')
17:43:46.176 [Test worker] DEBUG liquibase - master.changelog.json: migration/node-services.changelog-init.xml::1511451595465-42::R3.Corda: Running Changeset:migration/node-services.changelog-init.xml::1511451595465-42::R3.Corda
17:43:46.176 [Test worker] DEBUG liquibase - master.changelog.json: migration/node-services.changelog-init.xml::1511451595465-42::R3.Corda: Changeset migration/node-services.changelog-init.xml::1511451595465-42::R3.Corda
17:43:46.176 [Test worker] DEBUG liquibase - master.changelog.json: migration/node-services.changelog-init.xml::1511451595465-42::R3.Corda: Reading ChangeSet: migration/node-services.changelog-init.xml::1511451595465-42::R3.Corda
17:43:46.176 [Test worker] DEBUG liquibase - master.changelog.json: migration/node-services.changelog-init.xml::1511451595465-42::R3.Corda: Executing Statement: liquibase.statement.core.AddPrimaryKeyStatement@5b5f94bc
17:43:46.177 [Test worker] DEBUG liquibase - master.changelog.json: migration/node-services.changelog-init.xml::1511451595465-42::R3.Corda: Executing EXECUTE database command: ALTER TABLE PUBLIC.node_our_key_pairs ADD CONSTRAINT node_our_key_pairs_pkey PRIMARY KEY (public_key_hash)
17:43:46.178 [Test worker] INFO liquibase - master.changelog.json: migration/node-services.changelog-init.xml::1511451595465-42::R3.Corda: Primary key added to node_our_key_pairs (public_key_hash)
17:43:46.179 [Test worker] INFO liquibase - master.changelog.json: migration/node-services.changelog-init.xml::1511451595465-42::R3.Corda: ChangeSet migration/node-services.changelog-init.xml::1511451595465-42::R3.Corda ran successfully in 3ms
17:43:46.181 [Test worker] DEBUG liquibase - master.changelog.json: migration/node-services.changelog-init.xml::1511451595465-42::R3.Corda: Executing EXECUTE database command: INSERT INTO PUBLIC.DATABASECHANGELOG (ID, AUTHOR, FILENAME, DATEEXECUTED, ORDEREXECUTED, MD5SUM, DESCRIPTION, COMMENTS, EXECTYPE, CONTEXTS, LABELS, LIQUIBASE, DEPLOYMENT_ID) VALUES ('1511451595465-42', 'R3.Corda', 'migration/node-services.changelog-init.xml', NOW(), 60, '7:e3644c4b7315958cfb3a3cd4a3f40946', 'addPrimaryKey constraintName=node_our_key_pairs_pkey, tableName=node_our_key_pairs', '', 'EXECUTED', NULL, NULL, '3.5.4', '1046225547')
17:43:46.194 [Test worker] DEBUG liquibase - master.changelog.json: migration/node-services.changelog-init.xml::1511451595465-44::R3.Corda: Running Changeset:migration/node-services.changelog-init.xml::1511451595465-44::R3.Corda
17:43:46.194 [Test worker] DEBUG liquibase - master.changelog.json: migration/node-services.changelog-init.xml::1511451595465-44::R3.Corda: Changeset migration/node-services.changelog-init.xml::1511451595465-44::R3.Corda
17:43:46.195 [Test worker] DEBUG liquibase - master.changelog.json: migration/node-services.changelog-init.xml::1511451595465-44::R3.Corda: Reading ChangeSet: migration/node-services.changelog-init.xml::1511451595465-44::R3.Corda
17:43:46.196 [Test worker] DEBUG liquibase - master.changelog.json: migration/node-services.changelog-init.xml::1511451595465-44::R3.Corda: Executing Statement: liquibase.statement.core.AddPrimaryKeyStatement@4bda3431
17:43:46.197 [Test worker] DEBUG liquibase - master.changelog.json: migration/node-services.changelog-init.xml::1511451595465-44::R3.Corda: Executing EXECUTE database command: ALTER TABLE PUBLIC.node_scheduled_states ADD CONSTRAINT node_scheduled_states_pkey PRIMARY KEY (output_index, transaction_id)
17:43:46.200 [Test worker] INFO liquibase - master.changelog.json: migration/node-services.changelog-init.xml::1511451595465-44::R3.Corda: Primary key added to node_scheduled_states (output_index, transaction_id)
17:43:46.203 [Test worker] INFO liquibase - master.changelog.json: migration/node-services.changelog-init.xml::1511451595465-44::R3.Corda: ChangeSet migration/node-services.changelog-init.xml::1511451595465-44::R3.Corda ran successfully in 9ms
17:43:46.204 [Test worker] DEBUG liquibase - master.changelog.json: migration/node-services.changelog-init.xml::1511451595465-44::R3.Corda: Executing EXECUTE database command: INSERT INTO PUBLIC.DATABASECHANGELOG (ID, AUTHOR, FILENAME, DATEEXECUTED, ORDEREXECUTED, MD5SUM, DESCRIPTION, COMMENTS, EXECTYPE, CONTEXTS, LABELS, LIQUIBASE, DEPLOYMENT_ID) VALUES ('1511451595465-44', 'R3.Corda', 'migration/node-services.changelog-init.xml', NOW(), 61, '7:122e6cc40f7e50d8c9ffeb46861ed786', 'addPrimaryKey constraintName=node_scheduled_states_pkey, tableName=node_scheduled_states', '', 'EXECUTED', NULL, NULL, '3.5.4', '1046225547')
17:43:46.205 [Test worker] DEBUG liquibase - master.changelog.json: migration/node-services.changelog-init.xml::1511451595465-45::R3.Corda: Running Changeset:migration/node-services.changelog-init.xml::1511451595465-45::R3.Corda
17:43:46.205 [Test worker] DEBUG liquibase - master.changelog.json: migration/node-services.changelog-init.xml::1511451595465-45::R3.Corda: Changeset migration/node-services.changelog-init.xml::1511451595465-45::R3.Corda
17:43:46.205 [Test worker] DEBUG liquibase - master.changelog.json: migration/node-services.changelog-init.xml::1511451595465-45::R3.Corda: Reading ChangeSet: migration/node-services.changelog-init.xml::1511451595465-45::R3.Corda
17:43:46.205 [Test worker] DEBUG liquibase - master.changelog.json: migration/node-services.changelog-init.xml::1511451595465-45::R3.Corda: Executing Statement: liquibase.statement.core.AddPrimaryKeyStatement@15f6807d
17:43:46.206 [Test worker] DEBUG liquibase - master.changelog.json: migration/node-services.changelog-init.xml::1511451595465-45::R3.Corda: Executing EXECUTE database command: ALTER TABLE PUBLIC.node_transaction_mappings ADD CONSTRAINT node_transaction_mappings_pkey PRIMARY KEY (tx_id)
17:43:46.206 [Test worker] INFO liquibase - master.changelog.json: migration/node-services.changelog-init.xml::1511451595465-45::R3.Corda: Primary key added to node_transaction_mappings (tx_id)
17:43:46.206 [Test worker] INFO liquibase - master.changelog.json: migration/node-services.changelog-init.xml::1511451595465-45::R3.Corda: ChangeSet migration/node-services.changelog-init.xml::1511451595465-45::R3.Corda ran successfully in 1ms
17:43:46.222 [Test worker] DEBUG liquibase - master.changelog.json: migration/node-services.changelog-init.xml::1511451595465-45::R3.Corda: Executing EXECUTE database command: INSERT INTO PUBLIC.DATABASECHANGELOG (ID, AUTHOR, FILENAME, DATEEXECUTED, ORDEREXECUTED, MD5SUM, DESCRIPTION, COMMENTS, EXECTYPE, CONTEXTS, LABELS, LIQUIBASE, DEPLOYMENT_ID) VALUES ('1511451595465-45', 'R3.Corda', 'migration/node-services.changelog-init.xml', NOW(), 62, '7:c4ba1fcc19b22e52678633b13053eaa1', 'addPrimaryKey constraintName=node_transaction_mappings_pkey, tableName=node_transaction_mappings', '', 'EXECUTED', NULL, NULL, '3.5.4', '1046225547')
17:43:46.223 [Test worker] DEBUG liquibase - master.changelog.json: migration/node-services.changelog-init.xml::1511451595465-46::R3.Corda: Running Changeset:migration/node-services.changelog-init.xml::1511451595465-46::R3.Corda
17:43:46.223 [Test worker] DEBUG liquibase - master.changelog.json: migration/node-services.changelog-init.xml::1511451595465-46::R3.Corda: Changeset migration/node-services.changelog-init.xml::1511451595465-46::R3.Corda
17:43:46.223 [Test worker] DEBUG liquibase - master.changelog.json: migration/node-services.changelog-init.xml::1511451595465-46::R3.Corda: Reading ChangeSet: migration/node-services.changelog-init.xml::1511451595465-46::R3.Corda
17:43:46.224 [Test worker] DEBUG liquibase - master.changelog.json: migration/node-services.changelog-init.xml::1511451595465-46::R3.Corda: Executing Statement: liquibase.statement.core.AddPrimaryKeyStatement@28bca17f
17:43:46.224 [Test worker] DEBUG liquibase - master.changelog.json: migration/node-services.changelog-init.xml::1511451595465-46::R3.Corda: Executing EXECUTE database command: ALTER TABLE PUBLIC.node_transactions ADD CONSTRAINT node_transactions_pkey PRIMARY KEY (tx_id)
17:43:46.225 [Test worker] INFO liquibase - master.changelog.json: migration/node-services.changelog-init.xml::1511451595465-46::R3.Corda: Primary key added to node_transactions (tx_id)
17:43:46.225 [Test worker] INFO liquibase - master.changelog.json: migration/node-services.changelog-init.xml::1511451595465-46::R3.Corda: ChangeSet migration/node-services.changelog-init.xml::1511451595465-46::R3.Corda ran successfully in 2ms
17:43:46.226 [Test worker] DEBUG liquibase - master.changelog.json: migration/node-services.changelog-init.xml::1511451595465-46::R3.Corda: Executing EXECUTE database command: INSERT INTO PUBLIC.DATABASECHANGELOG (ID, AUTHOR, FILENAME, DATEEXECUTED, ORDEREXECUTED, MD5SUM, DESCRIPTION, COMMENTS, EXECTYPE, CONTEXTS, LABELS, LIQUIBASE, DEPLOYMENT_ID) VALUES ('1511451595465-46', 'R3.Corda', 'migration/node-services.changelog-init.xml', NOW(), 63, '7:1a41a33c68c6f56be99cbfa9af7c2646', 'addPrimaryKey constraintName=node_transactions_pkey, tableName=node_transactions', '', 'EXECUTED', NULL, NULL, '3.5.4', '1046225547')
17:43:46.227 [Test worker] DEBUG liquibase - master.changelog.json: migration/node-services.changelog-init.xml::1511451595465-61::R3.Corda: Running Changeset:migration/node-services.changelog-init.xml::1511451595465-61::R3.Corda
17:43:46.227 [Test worker] DEBUG liquibase - master.changelog.json: migration/node-services.changelog-init.xml::1511451595465-61::R3.Corda: Changeset migration/node-services.changelog-init.xml::1511451595465-61::R3.Corda
17:43:46.227 [Test worker] DEBUG liquibase - master.changelog.json: migration/node-services.changelog-init.xml::1511451595465-61::R3.Corda: Reading ChangeSet: migration/node-services.changelog-init.xml::1511451595465-61::R3.Corda
17:43:46.227 [Test worker] DEBUG liquibase - master.changelog.json: migration/node-services.changelog-init.xml::1511451595465-61::R3.Corda: Executing Statement: liquibase.statement.core.AddForeignKeyConstraintStatement@4185a641
17:43:46.227 [Test worker] DEBUG liquibase - master.changelog.json: migration/node-services.changelog-init.xml::1511451595465-61::R3.Corda: Executing EXECUTE database command: ALTER TABLE PUBLIC.node_link_nodeinfo_party ADD CONSTRAINT FK__link_ni_p__info_p_cert FOREIGN KEY (party_name) REFERENCES PUBLIC.node_info_party_cert (party_name)
17:43:46.228 [Test worker] INFO liquibase - master.changelog.json: migration/node-services.changelog-init.xml::1511451595465-61::R3.Corda: Foreign key constraint added to node_link_nodeinfo_party (party_name)
17:43:46.228 [Test worker] INFO liquibase - master.changelog.json: migration/node-services.changelog-init.xml::1511451595465-61::R3.Corda: ChangeSet migration/node-services.changelog-init.xml::1511451595465-61::R3.Corda ran successfully in 1ms
17:43:46.230 [Test worker] DEBUG liquibase - master.changelog.json: migration/node-services.changelog-init.xml::1511451595465-61::R3.Corda: Executing EXECUTE database command: INSERT INTO PUBLIC.DATABASECHANGELOG (ID, AUTHOR, FILENAME, DATEEXECUTED, ORDEREXECUTED, MD5SUM, DESCRIPTION, COMMENTS, EXECTYPE, CONTEXTS, LABELS, LIQUIBASE, DEPLOYMENT_ID) VALUES ('1511451595465-61', 'R3.Corda', 'migration/node-services.changelog-init.xml', NOW(), 64, '7:f753db641a982caad48d7169dafbc854', 'addForeignKeyConstraint baseTableName=node_link_nodeinfo_party, constraintName=FK__link_ni_p__info_p_cert, referencedTableName=node_info_party_cert', '', 'EXECUTED', NULL, NULL, '3.5.4', '1046225547')
17:43:46.230 [Test worker] DEBUG liquibase - master.changelog.json: migration/node-services.changelog-init.xml::add index att_id::R3.Corda: Running Changeset:migration/node-services.changelog-init.xml::add index att_id::R3.Corda
17:43:46.231 [Test worker] DEBUG liquibase - master.changelog.json: migration/node-services.changelog-init.xml::add index att_id::R3.Corda: Changeset migration/node-services.changelog-init.xml::add index att_id::R3.Corda
17:43:46.231 [Test worker] DEBUG liquibase - master.changelog.json: migration/node-services.changelog-init.xml::add index att_id::R3.Corda: Reading ChangeSet: migration/node-services.changelog-init.xml::add index att_id::R3.Corda
17:43:46.231 [Test worker] DEBUG liquibase - master.changelog.json: migration/node-services.changelog-init.xml::add index att_id::R3.Corda: Executing Statement: liquibase.statement.core.CreateIndexStatement@40122fa5
17:43:46.231 [Test worker] DEBUG liquibase - master.changelog.json: migration/node-services.changelog-init.xml::add index att_id::R3.Corda: Executing EXECUTE database command: CREATE INDEX PUBLIC.att_id_idx ON PUBLIC.node_attachments(att_id)
17:43:46.231 [Test worker] INFO liquibase - master.changelog.json: migration/node-services.changelog-init.xml::add index att_id::R3.Corda: Index att_id_idx created
17:43:46.231 [Test worker] INFO liquibase - master.changelog.json: migration/node-services.changelog-init.xml::add index att_id::R3.Corda: ChangeSet migration/node-services.changelog-init.xml::add index att_id::R3.Corda ran successfully in 0ms
17:43:46.232 [Test worker] DEBUG liquibase - master.changelog.json: migration/node-services.changelog-init.xml::add index att_id::R3.Corda: Executing EXECUTE database command: INSERT INTO PUBLIC.DATABASECHANGELOG (ID, AUTHOR, FILENAME, DATEEXECUTED, ORDEREXECUTED, MD5SUM, DESCRIPTION, COMMENTS, EXECTYPE, CONTEXTS, LABELS, LIQUIBASE, DEPLOYMENT_ID) VALUES ('add index att_id', 'R3.Corda', 'migration/node-services.changelog-init.xml', NOW(), 65, '7:302188110e9124abd4ef58020255fbb0', 'createIndex indexName=att_id_idx, tableName=node_attachments', '', 'EXECUTED', NULL, NULL, '3.5.4', '1046225547')
17:43:46.233 [Test worker] DEBUG liquibase - master.changelog.json: migration/node-services.changelog-init.xml::add_contract_attachment::R3.Corda: Running Changeset:migration/node-services.changelog-init.xml::add_contract_attachment::R3.Corda
17:43:46.233 [Test worker] DEBUG liquibase - master.changelog.json: migration/node-services.changelog-init.xml::add_contract_attachment::R3.Corda: Changeset migration/node-services.changelog-init.xml::add_contract_attachment::R3.Corda
17:43:46.233 [Test worker] DEBUG liquibase - master.changelog.json: migration/node-services.changelog-init.xml::add_contract_attachment::R3.Corda: Reading ChangeSet: migration/node-services.changelog-init.xml::add_contract_attachment::R3.Corda
17:43:46.233 [Test worker] DEBUG liquibase - master.changelog.json: migration/node-services.changelog-init.xml::add_contract_attachment::R3.Corda: Executing Statement: liquibase.statement.core.CreateTableStatement@4eb93c37
17:43:46.234 [Test worker] DEBUG liquibase - master.changelog.json: migration/node-services.changelog-init.xml::add_contract_attachment::R3.Corda: Executing EXECUTE database command: CREATE TABLE PUBLIC.node_attchments_contracts (att_id NVARCHAR(255) NOT NULL, contract_class_name NVARCHAR(255))
17:43:46.234 [Test worker] INFO liquibase - master.changelog.json: migration/node-services.changelog-init.xml::add_contract_attachment::R3.Corda: Table node_attchments_contracts created
17:43:46.234 [Test worker] DEBUG liquibase - master.changelog.json: migration/node-services.changelog-init.xml::add_contract_attachment::R3.Corda: Executing Statement: liquibase.statement.core.AddForeignKeyConstraintStatement@74235ff0
17:43:46.235 [Test worker] DEBUG liquibase - master.changelog.json: migration/node-services.changelog-init.xml::add_contract_attachment::R3.Corda: Executing EXECUTE database command: ALTER TABLE PUBLIC.node_attchments_contracts ADD CONSTRAINT FK__ctr_class__attachments FOREIGN KEY (att_id) REFERENCES PUBLIC.node_attachments (att_id)
17:43:46.245 [Test worker] INFO liquibase - master.changelog.json: migration/node-services.changelog-init.xml::add_contract_attachment::R3.Corda: Foreign key constraint added to node_attchments_contracts (att_id)
17:43:46.246 [Test worker] DEBUG liquibase - master.changelog.json: migration/node-services.changelog-init.xml::add_contract_attachment::R3.Corda: Executing Statement: liquibase.statement.core.DeleteStatement@22ac20bb
17:43:46.246 [Test worker] DEBUG liquibase - master.changelog.json: migration/node-services.changelog-init.xml::add_contract_attachment::R3.Corda: Executing EXECUTE database command: DELETE FROM PUBLIC.node_attachments
17:43:46.247 [Test worker] INFO liquibase - master.changelog.json: migration/node-services.changelog-init.xml::add_contract_attachment::R3.Corda: Data deleted from node_attachments
17:43:46.247 [Test worker] INFO liquibase - master.changelog.json: migration/node-services.changelog-init.xml::add_contract_attachment::R3.Corda: ChangeSet migration/node-services.changelog-init.xml::add_contract_attachment::R3.Corda ran successfully in 14ms
17:43:46.249 [Test worker] DEBUG liquibase - master.changelog.json: migration/node-services.changelog-init.xml::add_contract_attachment::R3.Corda: Executing EXECUTE database command: INSERT INTO PUBLIC.DATABASECHANGELOG (ID, AUTHOR, FILENAME, DATEEXECUTED, ORDEREXECUTED, MD5SUM, DESCRIPTION, COMMENTS, EXECTYPE, CONTEXTS, LABELS, LIQUIBASE, DEPLOYMENT_ID) VALUES ('add_contract_attachment', 'R3.Corda', 'migration/node-services.changelog-init.xml', NOW(), 66, '7:2cfbc6a84cfcd7b8ce011b58aa70f584', 'createTable tableName=node_attchments_contracts; addForeignKeyConstraint baseTableName=node_attchments_contracts, constraintName=FK__ctr_class__attachments, referencedTableName=node_attachments; delete tableName=node_attachments', '', 'EXECUTED', NULL, NULL, '3.5.4', '1046225547')
17:43:46.249 [Test worker] DEBUG liquibase - master.changelog.json: migration/node-services.changelog-init.xml::add_dedup_columns::R3.Corda: Running Changeset:migration/node-services.changelog-init.xml::add_dedup_columns::R3.Corda
17:43:46.249 [Test worker] DEBUG liquibase - master.changelog.json: migration/node-services.changelog-init.xml::add_dedup_columns::R3.Corda: Changeset migration/node-services.changelog-init.xml::add_dedup_columns::R3.Corda
17:43:46.250 [Test worker] DEBUG liquibase - master.changelog.json: migration/node-services.changelog-init.xml::add_dedup_columns::R3.Corda: Reading ChangeSet: migration/node-services.changelog-init.xml::add_dedup_columns::R3.Corda
17:43:46.250 [Test worker] DEBUG liquibase - master.changelog.json: migration/node-services.changelog-init.xml::add_dedup_columns::R3.Corda: Executing Statement: liquibase.statement.core.AddColumnStatement@7f5061f6
17:43:46.250 [Test worker] DEBUG liquibase - master.changelog.json: migration/node-services.changelog-init.xml::add_dedup_columns::R3.Corda: Executing EXECUTE database command: ALTER TABLE PUBLIC.node_message_ids ADD sender NVARCHAR(64)
17:43:46.252 [Test worker] DEBUG liquibase - master.changelog.json: migration/node-services.changelog-init.xml::add_dedup_columns::R3.Corda: Executing EXECUTE database command: ALTER TABLE PUBLIC.node_message_ids ADD sequence_number BIGINT
17:43:46.255 [Test worker] INFO liquibase - master.changelog.json: migration/node-services.changelog-init.xml::add_dedup_columns::R3.Corda: Columns sender(NVARCHAR(64)),sequence_number(BIGINT) added to node_message_ids
17:43:46.255 [Test worker] INFO liquibase - master.changelog.json: migration/node-services.changelog-init.xml::add_dedup_columns::R3.Corda: ChangeSet migration/node-services.changelog-init.xml::add_dedup_columns::R3.Corda ran successfully in 6ms
17:43:46.256 [Test worker] DEBUG liquibase - master.changelog.json: migration/node-services.changelog-init.xml::add_dedup_columns::R3.Corda: Executing EXECUTE database command: INSERT INTO PUBLIC.DATABASECHANGELOG (ID, AUTHOR, FILENAME, DATEEXECUTED, ORDEREXECUTED, MD5SUM, DESCRIPTION, COMMENTS, EXECTYPE, CONTEXTS, LABELS, LIQUIBASE, DEPLOYMENT_ID) VALUES ('add_dedup_columns', 'R3.Corda', 'migration/node-services.changelog-init.xml', NOW(), 67, '7:376ede2552aa97e8abf9d9a808c16692', 'addColumn tableName=node_message_ids', '', 'EXECUTED', NULL, NULL, '3.5.4', '1046225547')
17:43:46.256 [Test worker] DEBUG liquibase - master.changelog.json: migration/node-core.changelog-v4.xml::attchments_rename::R3.Corda: Running Changeset:migration/node-core.changelog-v4.xml::attchments_rename::R3.Corda
17:43:46.257 [Test worker] DEBUG liquibase - master.changelog.json: migration/node-core.changelog-v4.xml::attchments_rename::R3.Corda: Changeset migration/node-core.changelog-v4.xml::attchments_rename::R3.Corda
17:43:46.257 [Test worker] DEBUG liquibase - master.changelog.json: migration/node-core.changelog-v4.xml::attchments_rename::R3.Corda: Reading ChangeSet: migration/node-core.changelog-v4.xml::attchments_rename::R3.Corda
17:43:46.257 [Test worker] DEBUG liquibase - master.changelog.json: migration/node-core.changelog-v4.xml::attchments_rename::R3.Corda: Executing Statement: liquibase.statement.core.RenameTableStatement@74972f7b
17:43:46.257 [Test worker] DEBUG liquibase - master.changelog.json: migration/node-core.changelog-v4.xml::attchments_rename::R3.Corda: Executing EXECUTE database command: ALTER TABLE PUBLIC.node_attchments_contracts RENAME TO node_attachments_contracts
17:43:46.257 [Test worker] INFO liquibase - master.changelog.json: migration/node-core.changelog-v4.xml::attchments_rename::R3.Corda: Table node_attchments_contracts renamed to node_attachments_contracts
17:43:46.257 [Test worker] INFO liquibase - master.changelog.json: migration/node-core.changelog-v4.xml::attchments_rename::R3.Corda: ChangeSet migration/node-core.changelog-v4.xml::attchments_rename::R3.Corda ran successfully in 0ms
17:43:46.258 [Test worker] DEBUG liquibase - master.changelog.json: migration/node-core.changelog-v4.xml::attchments_rename::R3.Corda: Executing EXECUTE database command: INSERT INTO PUBLIC.DATABASECHANGELOG (ID, AUTHOR, FILENAME, DATEEXECUTED, ORDEREXECUTED, MD5SUM, DESCRIPTION, COMMENTS, EXECTYPE, CONTEXTS, LABELS, LIQUIBASE, DEPLOYMENT_ID) VALUES ('attchments_rename', 'R3.Corda', 'migration/node-core.changelog-v4.xml', NOW(), 68, '7:9c9553fbc45dfa0ec2117a113b1bfb13', 'renameTable newTableName=node_attachments_contracts, oldTableName=node_attchments_contracts', '', 'EXECUTED', NULL, NULL, '3.5.4', '1046225547')
17:43:46.259 [Test worker] DEBUG liquibase - master.changelog.json: migration/node-core.changelog-v4.xml::nullability::R3.Corda: Running Changeset:migration/node-core.changelog-v4.xml::nullability::R3.Corda
17:43:46.259 [Test worker] DEBUG liquibase - master.changelog.json: migration/node-core.changelog-v4.xml::nullability::R3.Corda: Changeset migration/node-core.changelog-v4.xml::nullability::R3.Corda
17:43:46.259 [Test worker] DEBUG liquibase - master.changelog.json: migration/node-core.changelog-v4.xml::nullability::R3.Corda: Reading ChangeSet: migration/node-core.changelog-v4.xml::nullability::R3.Corda
17:43:46.259 [Test worker] DEBUG liquibase - master.changelog.json: migration/node-core.changelog-v4.xml::nullability::R3.Corda: Executing Statement: liquibase.statement.core.SetNullableStatement@50ff936a
17:43:46.260 [Test worker] DEBUG liquibase - master.changelog.json: migration/node-core.changelog-v4.xml::nullability::R3.Corda: Executing EXECUTE database command: ALTER TABLE PUBLIC.node_identities ALTER COLUMN identity_value SET NOT NULL
17:43:46.260 [Test worker] INFO liquibase - master.changelog.json: migration/node-core.changelog-v4.xml::nullability::R3.Corda: Null constraint has been added to node_identities.identity_value
17:43:46.260 [Test worker] DEBUG liquibase - master.changelog.json: migration/node-core.changelog-v4.xml::nullability::R3.Corda: Executing Statement: liquibase.statement.core.SetNullableStatement@4f57289e
17:43:46.260 [Test worker] DEBUG liquibase - master.changelog.json: migration/node-core.changelog-v4.xml::nullability::R3.Corda: Executing EXECUTE database command: ALTER TABLE PUBLIC.node_attachments ALTER COLUMN content SET NOT NULL
17:43:46.261 [Test worker] INFO liquibase - master.changelog.json: migration/node-core.changelog-v4.xml::nullability::R3.Corda: Null constraint has been added to node_attachments.content
17:43:46.261 [Test worker] DEBUG liquibase - master.changelog.json: migration/node-core.changelog-v4.xml::nullability::R3.Corda: Executing Statement: liquibase.statement.core.SetNullableStatement@70896e91
17:43:46.261 [Test worker] DEBUG liquibase - master.changelog.json: migration/node-core.changelog-v4.xml::nullability::R3.Corda: Executing EXECUTE database command: ALTER TABLE PUBLIC.node_attachments_contracts ALTER COLUMN contract_class_name SET NOT NULL
17:43:46.261 [Test worker] INFO liquibase - master.changelog.json: migration/node-core.changelog-v4.xml::nullability::R3.Corda: Null constraint has been added to node_attachments_contracts.contract_class_name
17:43:46.261 [Test worker] DEBUG liquibase - master.changelog.json: migration/node-core.changelog-v4.xml::nullability::R3.Corda: Executing Statement: liquibase.statement.core.SetNullableStatement@416eee77
17:43:46.262 [Test worker] DEBUG liquibase - master.changelog.json: migration/node-core.changelog-v4.xml::nullability::R3.Corda: Executing EXECUTE database command: ALTER TABLE PUBLIC.node_checkpoints ALTER COLUMN checkpoint_value SET NOT NULL
17:43:46.262 [Test worker] INFO liquibase - master.changelog.json: migration/node-core.changelog-v4.xml::nullability::R3.Corda: Null constraint has been added to node_checkpoints.checkpoint_value
17:43:46.262 [Test worker] DEBUG liquibase - master.changelog.json: migration/node-core.changelog-v4.xml::nullability::R3.Corda: Executing Statement: liquibase.statement.core.SetNullableStatement@282ee932
17:43:46.262 [Test worker] DEBUG liquibase - master.changelog.json: migration/node-core.changelog-v4.xml::nullability::R3.Corda: Executing EXECUTE database command: ALTER TABLE PUBLIC.node_contract_upgrades ALTER COLUMN contract_class_name SET NOT NULL
17:43:46.263 [Test worker] INFO liquibase - master.changelog.json: migration/node-core.changelog-v4.xml::nullability::R3.Corda: Null constraint has been added to node_contract_upgrades.contract_class_name
17:43:46.263 [Test worker] DEBUG liquibase - master.changelog.json: migration/node-core.changelog-v4.xml::nullability::R3.Corda: Executing Statement: liquibase.statement.core.SetNullableStatement@707e19af
17:43:46.263 [Test worker] DEBUG liquibase - master.changelog.json: migration/node-core.changelog-v4.xml::nullability::R3.Corda: Executing EXECUTE database command: ALTER TABLE PUBLIC.node_message_ids ALTER COLUMN insertion_time SET NOT NULL
17:43:46.263 [Test worker] INFO liquibase - master.changelog.json: migration/node-core.changelog-v4.xml::nullability::R3.Corda: Null constraint has been added to node_message_ids.insertion_time
17:43:46.263 [Test worker] DEBUG liquibase - master.changelog.json: migration/node-core.changelog-v4.xml::nullability::R3.Corda: Executing Statement: liquibase.statement.core.SetNullableStatement@7b7b546b
17:43:46.263 [Test worker] DEBUG liquibase - master.changelog.json: migration/node-core.changelog-v4.xml::nullability::R3.Corda: Executing EXECUTE database command: ALTER TABLE PUBLIC.node_message_retry ALTER COLUMN message SET NOT NULL
17:43:46.264 [Test worker] INFO liquibase - master.changelog.json: migration/node-core.changelog-v4.xml::nullability::R3.Corda: Null constraint has been added to node_message_retry.message
17:43:46.264 [Test worker] DEBUG liquibase - master.changelog.json: migration/node-core.changelog-v4.xml::nullability::R3.Corda: Executing Statement: liquibase.statement.core.SetNullableStatement@17236616
17:43:46.264 [Test worker] DEBUG liquibase - master.changelog.json: migration/node-core.changelog-v4.xml::nullability::R3.Corda: Executing EXECUTE database command: ALTER TABLE PUBLIC.node_message_retry ALTER COLUMN recipients SET NOT NULL
17:43:46.264 [Test worker] INFO liquibase - master.changelog.json: migration/node-core.changelog-v4.xml::nullability::R3.Corda: Null constraint has been added to node_message_retry.recipients
17:43:46.264 [Test worker] DEBUG liquibase - master.changelog.json: migration/node-core.changelog-v4.xml::nullability::R3.Corda: Executing Statement: liquibase.statement.core.SetNullableStatement@8528d16
17:43:46.264 [Test worker] DEBUG liquibase - master.changelog.json: migration/node-core.changelog-v4.xml::nullability::R3.Corda: Executing EXECUTE database command: ALTER TABLE PUBLIC.node_named_identities ALTER COLUMN pk_hash SET NOT NULL
17:43:46.265 [Test worker] INFO liquibase - master.changelog.json: migration/node-core.changelog-v4.xml::nullability::R3.Corda: Null constraint has been added to node_named_identities.pk_hash
17:43:46.265 [Test worker] DEBUG liquibase - master.changelog.json: migration/node-core.changelog-v4.xml::nullability::R3.Corda: Executing Statement: liquibase.statement.core.SetNullableStatement@167e1ddc
17:43:46.265 [Test worker] DEBUG liquibase - master.changelog.json: migration/node-core.changelog-v4.xml::nullability::R3.Corda: Executing EXECUTE database command: ALTER TABLE PUBLIC.node_our_key_pairs ALTER COLUMN private_key SET NOT NULL
17:43:46.265 [Test worker] INFO liquibase - master.changelog.json: migration/node-core.changelog-v4.xml::nullability::R3.Corda: Null constraint has been added to node_our_key_pairs.private_key
17:43:46.265 [Test worker] DEBUG liquibase - master.changelog.json: migration/node-core.changelog-v4.xml::nullability::R3.Corda: Executing Statement: liquibase.statement.core.SetNullableStatement@79e22128
17:43:46.266 [Test worker] DEBUG liquibase - master.changelog.json: migration/node-core.changelog-v4.xml::nullability::R3.Corda: Executing EXECUTE database command: ALTER TABLE PUBLIC.node_our_key_pairs ALTER COLUMN public_key SET NOT NULL
17:43:46.266 [Test worker] INFO liquibase - master.changelog.json: migration/node-core.changelog-v4.xml::nullability::R3.Corda: Null constraint has been added to node_our_key_pairs.public_key
17:43:46.266 [Test worker] DEBUG liquibase - master.changelog.json: migration/node-core.changelog-v4.xml::nullability::R3.Corda: Executing Statement: liquibase.statement.core.SetNullableStatement@bbb2e87
17:43:46.266 [Test worker] DEBUG liquibase - master.changelog.json: migration/node-core.changelog-v4.xml::nullability::R3.Corda: Executing EXECUTE database command: ALTER TABLE PUBLIC.node_transaction_mappings ALTER COLUMN state_machine_run_id SET NOT NULL
17:43:46.266 [Test worker] INFO liquibase - master.changelog.json: migration/node-core.changelog-v4.xml::nullability::R3.Corda: Null constraint has been added to node_transaction_mappings.state_machine_run_id
17:43:46.266 [Test worker] DEBUG liquibase - master.changelog.json: migration/node-core.changelog-v4.xml::nullability::R3.Corda: Executing Statement: liquibase.statement.core.SetNullableStatement@276d4f0d
17:43:46.267 [Test worker] DEBUG liquibase - master.changelog.json: migration/node-core.changelog-v4.xml::nullability::R3.Corda: Executing EXECUTE database command: ALTER TABLE PUBLIC.node_transactions ALTER COLUMN transaction_value SET NOT NULL
17:43:46.267 [Test worker] INFO liquibase - master.changelog.json: migration/node-core.changelog-v4.xml::nullability::R3.Corda: Null constraint has been added to node_transactions.transaction_value
17:43:46.267 [Test worker] INFO liquibase - master.changelog.json: migration/node-core.changelog-v4.xml::nullability::R3.Corda: ChangeSet migration/node-core.changelog-v4.xml::nullability::R3.Corda ran successfully in 8ms
17:43:46.269 [Test worker] DEBUG liquibase - master.changelog.json: migration/node-core.changelog-v4.xml::nullability::R3.Corda: Executing EXECUTE database command: INSERT INTO PUBLIC.DATABASECHANGELOG (ID, AUTHOR, FILENAME, DATEEXECUTED, ORDEREXECUTED, MD5SUM, DESCRIPTION, COMMENTS, EXECTYPE, CONTEXTS, LABELS, LIQUIBASE, DEPLOYMENT_ID) VALUES ('nullability', 'R3.Corda', 'migration/node-core.changelog-v4.xml', NOW(), 69, '7:73b3f89cdd2a42efebeb125648c28191', 'addNotNullConstraint columnName=identity_value, tableName=node_identities; addNotNullConstraint columnName=content, tableName=node_attachments; addNotNullConstraint columnName=contract_class_name, tableName=node_attachments_contracts; addNotNullCo...', '', 'EXECUTED', NULL, NULL, '3.5.4', '1046225547')
17:43:46.270 [Test worker] DEBUG liquibase - master.changelog.json: migration/node-core.changelog-v5.xml::remove_unused_node_message_retry::R3.Corda: Running Changeset:migration/node-core.changelog-v5.xml::remove_unused_node_message_retry::R3.Corda
17:43:46.270 [Test worker] DEBUG liquibase - master.changelog.json: migration/node-core.changelog-v5.xml::remove_unused_node_message_retry::R3.Corda: Changeset migration/node-core.changelog-v5.xml::remove_unused_node_message_retry::R3.Corda
17:43:46.270 [Test worker] DEBUG liquibase - master.changelog.json: migration/node-core.changelog-v5.xml::remove_unused_node_message_retry::R3.Corda: Reading ChangeSet: migration/node-core.changelog-v5.xml::remove_unused_node_message_retry::R3.Corda
17:43:46.270 [Test worker] DEBUG liquibase - master.changelog.json: migration/node-core.changelog-v5.xml::remove_unused_node_message_retry::R3.Corda: Executing Statement: liquibase.statement.core.DropTableStatement@71388474
17:43:46.270 [Test worker] DEBUG liquibase - master.changelog.json: migration/node-core.changelog-v5.xml::remove_unused_node_message_retry::R3.Corda: Executing EXECUTE database command: DROP TABLE PUBLIC.node_message_retry
17:43:46.271 [Test worker] INFO liquibase - master.changelog.json: migration/node-core.changelog-v5.xml::remove_unused_node_message_retry::R3.Corda: Table node_message_retry dropped
17:43:46.271 [Test worker] INFO liquibase - master.changelog.json: migration/node-core.changelog-v5.xml::remove_unused_node_message_retry::R3.Corda: ChangeSet migration/node-core.changelog-v5.xml::remove_unused_node_message_retry::R3.Corda ran successfully in 1ms
17:43:46.272 [Test worker] DEBUG liquibase - master.changelog.json: migration/node-core.changelog-v5.xml::remove_unused_node_message_retry::R3.Corda: Executing EXECUTE database command: INSERT INTO PUBLIC.DATABASECHANGELOG (ID, AUTHOR, FILENAME, DATEEXECUTED, ORDEREXECUTED, MD5SUM, DESCRIPTION, COMMENTS, EXECTYPE, CONTEXTS, LABELS, LIQUIBASE, DEPLOYMENT_ID) VALUES ('remove_unused_node_message_retry', 'R3.Corda', 'migration/node-core.changelog-v5.xml', NOW(), 70, '7:cd120ad46e3a88b0eeaa7ffdcf8a0861', 'dropTable tableName=node_message_retry', '', 'EXECUTED', NULL, NULL, '3.5.4', '1046225547')
17:43:46.276 [Test worker] DEBUG liquibase - master.changelog.json: migration/node-core.changelog-pkey.xml::non-clustered_pk-1::R3.Corda: Running Changeset:migration/node-core.changelog-pkey.xml::non-clustered_pk-1::R3.Corda
17:43:46.278 [Test worker] DEBUG liquibase - master.changelog.json: migration/node-core.changelog-pkey.xml::non-clustered_pk-1::R3.Corda: Executing EXECUTE database command: INSERT INTO PUBLIC.DATABASECHANGELOG (ID, AUTHOR, FILENAME, DATEEXECUTED, ORDEREXECUTED, MD5SUM, DESCRIPTION, COMMENTS, EXECTYPE, CONTEXTS, LABELS, LIQUIBASE, DEPLOYMENT_ID) VALUES ('non-clustered_pk-1', 'R3.Corda', 'migration/node-core.changelog-pkey.xml', NOW(), 71, '7:eb9d9d13536371a16c05f8a89051e6b0', 'dropPrimaryKey constraintName=node_checkpoints_pkey, tableName=node_checkpoints; addPrimaryKey constraintName=node_checkpoints_pkey, tableName=node_checkpoints', '', 'MARK_RAN', NULL, NULL, '3.5.4', '1046225547')
17:43:46.278 [Test worker] DEBUG liquibase - master.changelog.json: migration/node-core.changelog-pkey.xml::non-clustered_pk-2::R3.Corda: Running Changeset:migration/node-core.changelog-pkey.xml::non-clustered_pk-2::R3.Corda
17:43:46.281 [Test worker] DEBUG liquibase - master.changelog.json: migration/node-core.changelog-pkey.xml::non-clustered_pk-2::R3.Corda: Executing EXECUTE database command: INSERT INTO PUBLIC.DATABASECHANGELOG (ID, AUTHOR, FILENAME, DATEEXECUTED, ORDEREXECUTED, MD5SUM, DESCRIPTION, COMMENTS, EXECTYPE, CONTEXTS, LABELS, LIQUIBASE, DEPLOYMENT_ID) VALUES ('non-clustered_pk-2', 'R3.Corda', 'migration/node-core.changelog-pkey.xml', NOW(), 72, '7:d4192425f4f38b39f3b09611028e5c14', 'dropPrimaryKey constraintName=node_identities_pkey, tableName=node_identities; addPrimaryKey constraintName=node_identities_pkey, tableName=node_identities', '', 'MARK_RAN', NULL, NULL, '3.5.4', '1046225547')
17:43:46.281 [Test worker] DEBUG liquibase - master.changelog.json: migration/node-core.changelog-pkey.xml::non-clustered_pk-3::R3.Corda: Running Changeset:migration/node-core.changelog-pkey.xml::non-clustered_pk-3::R3.Corda
17:43:46.282 [Test worker] DEBUG liquibase - master.changelog.json: migration/node-core.changelog-pkey.xml::non-clustered_pk-3::R3.Corda: Executing EXECUTE database command: INSERT INTO PUBLIC.DATABASECHANGELOG (ID, AUTHOR, FILENAME, DATEEXECUTED, ORDEREXECUTED, MD5SUM, DESCRIPTION, COMMENTS, EXECTYPE, CONTEXTS, LABELS, LIQUIBASE, DEPLOYMENT_ID) VALUES ('non-clustered_pk-3', 'R3.Corda', 'migration/node-core.changelog-pkey.xml', NOW(), 73, '7:9773a095cc1db7ea3a66e7e5565bb58e', 'dropPrimaryKey constraintName=node_message_ids_pkey, tableName=node_message_ids; addPrimaryKey constraintName=node_message_ids_pkey, tableName=node_message_ids', '', 'MARK_RAN', NULL, NULL, '3.5.4', '1046225547')
17:43:46.283 [Test worker] DEBUG liquibase - master.changelog.json: migration/node-core.changelog-pkey.xml::non-clustered_pk-4::R3.Corda: Running Changeset:migration/node-core.changelog-pkey.xml::non-clustered_pk-4::R3.Corda
17:43:46.285 [Test worker] DEBUG liquibase - master.changelog.json: migration/node-core.changelog-pkey.xml::non-clustered_pk-4::R3.Corda: Executing EXECUTE database command: INSERT INTO PUBLIC.DATABASECHANGELOG (ID, AUTHOR, FILENAME, DATEEXECUTED, ORDEREXECUTED, MD5SUM, DESCRIPTION, COMMENTS, EXECTYPE, CONTEXTS, LABELS, LIQUIBASE, DEPLOYMENT_ID) VALUES ('non-clustered_pk-4', 'R3.Corda', 'migration/node-core.changelog-pkey.xml', NOW(), 74, '7:f1e21d4abffbb24133e752eb9cd6a162', 'dropPrimaryKey constraintName=node_named_identities_pkey, tableName=node_named_identities; addPrimaryKey constraintName=node_named_identities_pkey, tableName=node_named_identities', '', 'MARK_RAN', NULL, NULL, '3.5.4', '1046225547')
17:43:46.288 [Test worker] DEBUG liquibase - master.changelog.json: migration/node-core.changelog-pkey.xml::non-clustered_pk-5::R3.Corda: Running Changeset:migration/node-core.changelog-pkey.xml::non-clustered_pk-5::R3.Corda
17:43:46.344 [Test worker] DEBUG liquibase - master.changelog.json: migration/node-core.changelog-pkey.xml::non-clustered_pk-5::R3.Corda: Executing EXECUTE database command: INSERT INTO PUBLIC.DATABASECHANGELOG (ID, AUTHOR, FILENAME, DATEEXECUTED, ORDEREXECUTED, MD5SUM, DESCRIPTION, COMMENTS, EXECTYPE, CONTEXTS, LABELS, LIQUIBASE, DEPLOYMENT_ID) VALUES ('non-clustered_pk-5', 'R3.Corda', 'migration/node-core.changelog-pkey.xml', NOW(), 75, '7:4ea09df2dbab99be33f8251a40d1c5a6', 'dropPrimaryKey constraintName=node_our_key_pairs_pkey, tableName=node_our_key_pairs; addPrimaryKey constraintName=node_our_key_pairs_pkey, tableName=node_our_key_pairs', '', 'MARK_RAN', NULL, NULL, '3.5.4', '1046225547')
17:43:46.344 [Test worker] DEBUG liquibase - master.changelog.json: migration/node-core.changelog-pkey.xml::non-clustered_pk-6::R3.Corda: Running Changeset:migration/node-core.changelog-pkey.xml::non-clustered_pk-6::R3.Corda
17:43:46.346 [Test worker] DEBUG liquibase - master.changelog.json: migration/node-core.changelog-pkey.xml::non-clustered_pk-6::R3.Corda: Executing EXECUTE database command: INSERT INTO PUBLIC.DATABASECHANGELOG (ID, AUTHOR, FILENAME, DATEEXECUTED, ORDEREXECUTED, MD5SUM, DESCRIPTION, COMMENTS, EXECTYPE, CONTEXTS, LABELS, LIQUIBASE, DEPLOYMENT_ID) VALUES ('non-clustered_pk-6', 'R3.Corda', 'migration/node-core.changelog-pkey.xml', NOW(), 76, '7:cb349ad07d3039e6d7d2f184988b954f', 'dropPrimaryKey constraintName=node_transaction_mappings_pkey, tableName=node_transaction_mappings; addPrimaryKey constraintName=node_transaction_mappings_pkey, tableName=node_transaction_mappings', '', 'MARK_RAN', NULL, NULL, '3.5.4', '1046225547')
17:43:46.346 [Test worker] DEBUG liquibase - master.changelog.json: migration/node-core.changelog-pkey.xml::non-clustered_pk-7::R3.Corda: Running Changeset:migration/node-core.changelog-pkey.xml::non-clustered_pk-7::R3.Corda
17:43:46.347 [Test worker] DEBUG liquibase - master.changelog.json: migration/node-core.changelog-pkey.xml::non-clustered_pk-7::R3.Corda: Executing EXECUTE database command: INSERT INTO PUBLIC.DATABASECHANGELOG (ID, AUTHOR, FILENAME, DATEEXECUTED, ORDEREXECUTED, MD5SUM, DESCRIPTION, COMMENTS, EXECTYPE, CONTEXTS, LABELS, LIQUIBASE, DEPLOYMENT_ID) VALUES ('non-clustered_pk-7', 'R3.Corda', 'migration/node-core.changelog-pkey.xml', NOW(), 77, '7:97c3ef240152c18129859ea5ae999c9e', 'dropPrimaryKey constraintName=node_transactions_pkey, tableName=node_transactions; addPrimaryKey constraintName=node_transactions_pkey, tableName=node_transactions', '', 'MARK_RAN', NULL, NULL, '3.5.4', '1046225547')
17:43:46.348 [Test worker] DEBUG liquibase - master.changelog.json: migration/node-core.changelog-v8.xml::conditional_attchments_rename::R3.Corda: Running Changeset:migration/node-core.changelog-v8.xml::conditional_attchments_rename::R3.Corda
17:43:46.348 [Test worker] DEBUG liquibase - master.changelog.json: migration/node-core.changelog-v8.xml::conditional_attchments_rename::R3.Corda: Changeset migration/node-core.changelog-v8.xml::conditional_attchments_rename::R3.Corda
17:43:46.370 [Test worker] INFO liquibase - master.changelog.json: migration/node-core.changelog-v8.xml::conditional_attchments_rename::R3.Corda: Marking ChangeSet: migration/node-core.changelog-v8.xml::conditional_attchments_rename::R3.Corda ran despite precondition failure due to onFail='MARK_RAN': 
          master.changelog.json : Table PUBLIC.NODE_ATTCHMENTS_CONTRACTS does not exist

17:43:46.370 [Test worker] DEBUG liquibase - master.changelog.json: migration/node-core.changelog-v8.xml::conditional_attchments_rename::R3.Corda: Skipping ChangeSet: migration/node-core.changelog-v8.xml::conditional_attchments_rename::R3.Corda
17:43:46.371 [Test worker] DEBUG liquibase - master.changelog.json: migration/node-core.changelog-v8.xml::conditional_attchments_rename::R3.Corda: Executing EXECUTE database command: INSERT INTO PUBLIC.DATABASECHANGELOG (ID, AUTHOR, FILENAME, DATEEXECUTED, ORDEREXECUTED, MD5SUM, DESCRIPTION, COMMENTS, EXECTYPE, CONTEXTS, LABELS, LIQUIBASE, DEPLOYMENT_ID) VALUES ('conditional_attchments_rename', 'R3.Corda', 'migration/node-core.changelog-v8.xml', NOW(), 78, '7:c7fcf1b072eb8882179623895abd6a53', 'renameTable newTableName=NODE_ATTACHMENTS_CONTRACTS, oldTableName=NODE_ATTCHMENTS_CONTRACTS', '', 'MARK_RAN', NULL, NULL, '3.5.4', '1046225547')
17:43:46.372 [Test worker] DEBUG liquibase - master.changelog.json: migration/node-core.changelog-v8.xml::conditional_attchments_contracts::R3.Corda: Running Changeset:migration/node-core.changelog-v8.xml::conditional_attchments_contracts::R3.Corda
17:43:46.372 [Test worker] DEBUG liquibase - master.changelog.json: migration/node-core.changelog-v8.xml::conditional_attchments_contracts::R3.Corda: Changeset migration/node-core.changelog-v8.xml::conditional_attchments_contracts::R3.Corda
17:43:46.436 [Test worker] INFO liquibase - master.changelog.json: migration/node-core.changelog-v8.xml::conditional_attchments_contracts::R3.Corda: Marking ChangeSet: migration/node-core.changelog-v8.xml::conditional_attchments_contracts::R3.Corda ran despite precondition failure due to onFail='MARK_RAN': 
          master.changelog.json : Table PUBLIC.NODE_ATTACHMENTS_CONTRACT_CLASS_NAME does not exist

17:43:46.437 [Test worker] DEBUG liquibase - master.changelog.json: migration/node-core.changelog-v8.xml::conditional_attchments_contracts::R3.Corda: Skipping ChangeSet: migration/node-core.changelog-v8.xml::conditional_attchments_contracts::R3.Corda
17:43:46.438 [Test worker] DEBUG liquibase - master.changelog.json: migration/node-core.changelog-v8.xml::conditional_attchments_contracts::R3.Corda: Executing EXECUTE database command: INSERT INTO PUBLIC.DATABASECHANGELOG (ID, AUTHOR, FILENAME, DATEEXECUTED, ORDEREXECUTED, MD5SUM, DESCRIPTION, COMMENTS, EXECTYPE, CONTEXTS, LABELS, LIQUIBASE, DEPLOYMENT_ID) VALUES ('conditional_attchments_contracts', 'R3.Corda', 'migration/node-core.changelog-v8.xml', NOW(), 79, '7:9ec85543b6baac8a877ad21f063a5b13', 'renameTable newTableName=NODE_ATTACHMENTS_CONTRACTS, oldTableName=NODE_ATTACHMENTS_CONTRACT_CLASS_NAME', '', 'MARK_RAN', NULL, NULL, '3.5.4', '1046225547')
17:43:46.439 [Test worker] DEBUG liquibase - master.changelog.json: migration/node-core.changelog-v8.xml::add_signers::R3.Corda: Running Changeset:migration/node-core.changelog-v8.xml::add_signers::R3.Corda
17:43:46.439 [Test worker] DEBUG liquibase - master.changelog.json: migration/node-core.changelog-v8.xml::add_signers::R3.Corda: Changeset migration/node-core.changelog-v8.xml::add_signers::R3.Corda
17:43:46.439 [Test worker] DEBUG liquibase - master.changelog.json: migration/node-core.changelog-v8.xml::add_signers::R3.Corda: Reading ChangeSet: migration/node-core.changelog-v8.xml::add_signers::R3.Corda
17:43:46.439 [Test worker] DEBUG liquibase - master.changelog.json: migration/node-core.changelog-v8.xml::add_signers::R3.Corda: Executing Statement: liquibase.statement.core.CreateTableStatement@345c74a2
17:43:46.439 [Test worker] DEBUG liquibase - master.changelog.json: migration/node-core.changelog-v8.xml::add_signers::R3.Corda: Executing EXECUTE database command: CREATE TABLE PUBLIC.node_attachments_signers (att_id NVARCHAR(255) NOT NULL, signer NVARCHAR(1024))
17:43:46.440 [Test worker] INFO liquibase - master.changelog.json: migration/node-core.changelog-v8.xml::add_signers::R3.Corda: Table node_attachments_signers created
17:43:46.440 [Test worker] DEBUG liquibase - master.changelog.json: migration/node-core.changelog-v8.xml::add_signers::R3.Corda: Executing Statement: liquibase.statement.core.AddForeignKeyConstraintStatement@767c22a
17:43:46.440 [Test worker] DEBUG liquibase - master.changelog.json: migration/node-core.changelog-v8.xml::add_signers::R3.Corda: Executing EXECUTE database command: ALTER TABLE PUBLIC.node_attachments_signers ADD CONSTRAINT FK__signers__attachments FOREIGN KEY (att_id) REFERENCES PUBLIC.node_attachments (att_id)
17:43:46.442 [Test worker] INFO liquibase - master.changelog.json: migration/node-core.changelog-v8.xml::add_signers::R3.Corda: Foreign key constraint added to node_attachments_signers (att_id)
17:43:46.442 [Test worker] INFO liquibase - master.changelog.json: migration/node-core.changelog-v8.xml::add_signers::R3.Corda: ChangeSet migration/node-core.changelog-v8.xml::add_signers::R3.Corda ran successfully in 3ms
17:43:46.444 [Test worker] DEBUG liquibase - master.changelog.json: migration/node-core.changelog-v8.xml::add_signers::R3.Corda: Executing EXECUTE database command: INSERT INTO PUBLIC.DATABASECHANGELOG (ID, AUTHOR, FILENAME, DATEEXECUTED, ORDEREXECUTED, MD5SUM, DESCRIPTION, COMMENTS, EXECTYPE, CONTEXTS, LABELS, LIQUIBASE, DEPLOYMENT_ID) VALUES ('add_signers', 'R3.Corda', 'migration/node-core.changelog-v8.xml', NOW(), 80, '7:d1356cd65d19937b81284ea078998d84', 'createTable tableName=node_attachments_signers; addForeignKeyConstraint baseTableName=node_attachments_signers, constraintName=FK__signers__attachments, referencedTableName=node_attachments', '', 'EXECUTED', NULL, NULL, '3.5.4', '1046225547')
17:43:46.445 [Test worker] DEBUG liquibase - master.changelog.json: migration/node-core.changelog-tx-mapping.xml::add_tx_mapping_column::R3.Corda: Running Changeset:migration/node-core.changelog-tx-mapping.xml::add_tx_mapping_column::R3.Corda
17:43:46.445 [Test worker] DEBUG liquibase - master.changelog.json: migration/node-core.changelog-tx-mapping.xml::add_tx_mapping_column::R3.Corda: Changeset migration/node-core.changelog-tx-mapping.xml::add_tx_mapping_column::R3.Corda
17:43:46.446 [Test worker] DEBUG liquibase - master.changelog.json: migration/node-core.changelog-tx-mapping.xml::add_tx_mapping_column::R3.Corda: Reading ChangeSet: migration/node-core.changelog-tx-mapping.xml::add_tx_mapping_column::R3.Corda
17:43:46.446 [Test worker] DEBUG liquibase - master.changelog.json: migration/node-core.changelog-tx-mapping.xml::add_tx_mapping_column::R3.Corda: Executing Statement: liquibase.statement.core.AddColumnStatement@75ed697a
17:43:46.446 [Test worker] DEBUG liquibase - master.changelog.json: migration/node-core.changelog-tx-mapping.xml::add_tx_mapping_column::R3.Corda: Executing EXECUTE database command: ALTER TABLE PUBLIC.node_transactions ADD state_machine_run_id NVARCHAR(36)
17:43:46.448 [Test worker] INFO liquibase - master.changelog.json: migration/node-core.changelog-tx-mapping.xml::add_tx_mapping_column::R3.Corda: Columns state_machine_run_id(NVARCHAR(36)) added to node_transactions
17:43:46.452 [Test worker] DEBUG liquibase - master.changelog.json: migration/node-core.changelog-tx-mapping.xml::add_tx_mapping_column::R3.Corda: Executing Statement: update node_transactions set state_machine_run_id=(select state_machine_run_id from
            node_transaction_mappings where node_transactions.tx_id = node_transaction_mappings.tx_id)
17:43:46.452 [Test worker] DEBUG liquibase - master.changelog.json: migration/node-core.changelog-tx-mapping.xml::add_tx_mapping_column::R3.Corda: Executing EXECUTE database command: update node_transactions set state_machine_run_id=(select state_machine_run_id from
            node_transaction_mappings where node_transactions.tx_id = node_transaction_mappings.tx_id)
17:43:46.453 [Test worker] INFO liquibase - master.changelog.json: migration/node-core.changelog-tx-mapping.xml::add_tx_mapping_column::R3.Corda: Custom SQL executed
17:43:46.453 [Test worker] DEBUG liquibase - master.changelog.json: migration/node-core.changelog-tx-mapping.xml::add_tx_mapping_column::R3.Corda: Executing Statement: liquibase.statement.core.DropTableStatement@70936bea
17:43:46.453 [Test worker] DEBUG liquibase - master.changelog.json: migration/node-core.changelog-tx-mapping.xml::add_tx_mapping_column::R3.Corda: Executing EXECUTE database command: DROP TABLE PUBLIC.node_transaction_mappings
17:43:46.454 [Test worker] INFO liquibase - master.changelog.json: migration/node-core.changelog-tx-mapping.xml::add_tx_mapping_column::R3.Corda: Table node_transaction_mappings dropped
17:43:46.454 [Test worker] INFO liquibase - master.changelog.json: migration/node-core.changelog-tx-mapping.xml::add_tx_mapping_column::R3.Corda: ChangeSet migration/node-core.changelog-tx-mapping.xml::add_tx_mapping_column::R3.Corda ran successfully in 9ms
17:43:46.455 [Test worker] DEBUG liquibase - master.changelog.json: migration/node-core.changelog-tx-mapping.xml::add_tx_mapping_column::R3.Corda: Executing EXECUTE database command: INSERT INTO PUBLIC.DATABASECHANGELOG (ID, AUTHOR, FILENAME, DATEEXECUTED, ORDEREXECUTED, MD5SUM, DESCRIPTION, COMMENTS, EXECTYPE, CONTEXTS, LABELS, LIQUIBASE, DEPLOYMENT_ID) VALUES ('add_tx_mapping_column', 'R3.Corda', 'migration/node-core.changelog-tx-mapping.xml', NOW(), 81, '7:a0995593179aec45250c383611edd1e2', 'addColumn tableName=node_transactions; sql; dropTable tableName=node_transaction_mappings', '', 'EXECUTED', NULL, NULL, '3.5.4', '1046225547')
17:43:46.457 [Test worker] DEBUG liquibase - master.changelog.json: migration/node-services.changelog-init.xml::add_network_parameters_storage::R3.Corda: Running Changeset:migration/node-services.changelog-init.xml::add_network_parameters_storage::R3.Corda
17:43:46.457 [Test worker] DEBUG liquibase - master.changelog.json: migration/node-services.changelog-init.xml::add_network_parameters_storage::R3.Corda: Changeset migration/node-services.changelog-init.xml::add_network_parameters_storage::R3.Corda
17:43:46.458 [Test worker] DEBUG liquibase - master.changelog.json: migration/node-services.changelog-init.xml::add_network_parameters_storage::R3.Corda: Reading ChangeSet: migration/node-services.changelog-init.xml::add_network_parameters_storage::R3.Corda
17:43:46.458 [Test worker] DEBUG liquibase - master.changelog.json: migration/node-services.changelog-init.xml::add_network_parameters_storage::R3.Corda: Executing Statement: liquibase.statement.core.CreateTableStatement@fa14d3f
17:43:46.459 [Test worker] DEBUG liquibase - master.changelog.json: migration/node-services.changelog-init.xml::add_network_parameters_storage::R3.Corda: Executing EXECUTE database command: CREATE TABLE PUBLIC.node_network_parameters (hash NVARCHAR(130) NOT NULL, epoch INT NOT NULL, parameters_bytes BLOB NOT NULL, signature_bytes BLOB NOT NULL, cert BLOB NOT NULL, parent_cert_path BLOB NOT NULL)
17:43:46.459 [Test worker] INFO liquibase - master.changelog.json: migration/node-services.changelog-init.xml::add_network_parameters_storage::R3.Corda: Table node_network_parameters created
17:43:46.459 [Test worker] INFO liquibase - master.changelog.json: migration/node-services.changelog-init.xml::add_network_parameters_storage::R3.Corda: ChangeSet migration/node-services.changelog-init.xml::add_network_parameters_storage::R3.Corda ran successfully in 2ms
17:43:46.460 [Test worker] DEBUG liquibase - master.changelog.json: migration/node-services.changelog-init.xml::add_network_parameters_storage::R3.Corda: Executing EXECUTE database command: INSERT INTO PUBLIC.DATABASECHANGELOG (ID, AUTHOR, FILENAME, DATEEXECUTED, ORDEREXECUTED, MD5SUM, DESCRIPTION, COMMENTS, EXECTYPE, CONTEXTS, LABELS, LIQUIBASE, DEPLOYMENT_ID) VALUES ('add_network_parameters_storage', 'R3.Corda', 'migration/node-services.changelog-init.xml', NOW(), 82, '7:8d5882f94d9f58647903210994573073', 'createTable tableName=node_network_parameters', '', 'EXECUTED', NULL, NULL, '3.5.4', '1046225547')
17:43:46.461 [Test worker] DEBUG liquibase - master.changelog.json: migration/node-services.changelog-init.xml::network_parameters_pk::R3.Corda: Running Changeset:migration/node-services.changelog-init.xml::network_parameters_pk::R3.Corda
17:43:46.461 [Test worker] DEBUG liquibase - master.changelog.json: migration/node-services.changelog-init.xml::network_parameters_pk::R3.Corda: Changeset migration/node-services.changelog-init.xml::network_parameters_pk::R3.Corda
17:43:46.461 [Test worker] DEBUG liquibase - master.changelog.json: migration/node-services.changelog-init.xml::network_parameters_pk::R3.Corda: Reading ChangeSet: migration/node-services.changelog-init.xml::network_parameters_pk::R3.Corda
17:43:46.461 [Test worker] DEBUG liquibase - master.changelog.json: migration/node-services.changelog-init.xml::network_parameters_pk::R3.Corda: Executing Statement: liquibase.statement.core.AddPrimaryKeyStatement@1c20636a
17:43:46.462 [Test worker] DEBUG liquibase - master.changelog.json: migration/node-services.changelog-init.xml::network_parameters_pk::R3.Corda: Executing EXECUTE database command: ALTER TABLE PUBLIC.node_network_parameters ADD CONSTRAINT node_network_parameters_pkey PRIMARY KEY (hash)
17:43:46.463 [Test worker] INFO liquibase - master.changelog.json: migration/node-services.changelog-init.xml::network_parameters_pk::R3.Corda: Primary key added to node_network_parameters (hash)
17:43:46.463 [Test worker] INFO liquibase - master.changelog.json: migration/node-services.changelog-init.xml::network_parameters_pk::R3.Corda: ChangeSet migration/node-services.changelog-init.xml::network_parameters_pk::R3.Corda ran successfully in 2ms
17:43:46.464 [Test worker] DEBUG liquibase - master.changelog.json: migration/node-services.changelog-init.xml::network_parameters_pk::R3.Corda: Executing EXECUTE database command: INSERT INTO PUBLIC.DATABASECHANGELOG (ID, AUTHOR, FILENAME, DATEEXECUTED, ORDEREXECUTED, MD5SUM, DESCRIPTION, COMMENTS, EXECTYPE, CONTEXTS, LABELS, LIQUIBASE, DEPLOYMENT_ID) VALUES ('network_parameters_pk', 'R3.Corda', 'migration/node-services.changelog-init.xml', NOW(), 83, '7:71635301bd498e4d52b02988795348e6', 'addPrimaryKey constraintName=node_network_parameters_pkey, tableName=node_network_parameters', '', 'EXECUTED', NULL, NULL, '3.5.4', '1046225547')
17:43:46.465 [Test worker] DEBUG liquibase - master.changelog.json: migration/node-services.changelog-init.xml::add_version_column::R3.Corda: Running Changeset:migration/node-services.changelog-init.xml::add_version_column::R3.Corda
17:43:46.465 [Test worker] DEBUG liquibase - master.changelog.json: migration/node-services.changelog-init.xml::add_version_column::R3.Corda: Changeset migration/node-services.changelog-init.xml::add_version_column::R3.Corda
17:43:46.465 [Test worker] DEBUG liquibase - master.changelog.json: migration/node-services.changelog-init.xml::add_version_column::R3.Corda: Reading ChangeSet: migration/node-services.changelog-init.xml::add_version_column::R3.Corda
17:43:46.465 [Test worker] DEBUG liquibase - master.changelog.json: migration/node-services.changelog-init.xml::add_version_column::R3.Corda: Executing Statement: liquibase.statement.core.AddColumnStatement@54e87012
17:43:46.466 [Test worker] DEBUG liquibase - master.changelog.json: migration/node-services.changelog-init.xml::add_version_column::R3.Corda: Executing EXECUTE database command: ALTER TABLE PUBLIC.node_attachments ADD version INT
17:43:46.473 [Test worker] INFO liquibase - master.changelog.json: migration/node-services.changelog-init.xml::add_version_column::R3.Corda: Columns version(INT) added to node_attachments
17:43:46.474 [Test worker] DEBUG liquibase - master.changelog.json: migration/node-services.changelog-init.xml::add_version_column::R3.Corda: Executing Statement: update node_attachments set version = 1
17:43:46.474 [Test worker] DEBUG liquibase - master.changelog.json: migration/node-services.changelog-init.xml::add_version_column::R3.Corda: Executing EXECUTE database command: update node_attachments set version = 1
17:43:46.474 [Test worker] INFO liquibase - master.changelog.json: migration/node-services.changelog-init.xml::add_version_column::R3.Corda: Custom SQL executed
17:43:46.474 [Test worker] DEBUG liquibase - master.changelog.json: migration/node-services.changelog-init.xml::add_version_column::R3.Corda: Executing Statement: liquibase.statement.core.SetNullableStatement@4c90f344
17:43:46.474 [Test worker] DEBUG liquibase - master.changelog.json: migration/node-services.changelog-init.xml::add_version_column::R3.Corda: Executing EXECUTE database command: ALTER TABLE PUBLIC.node_attachments ALTER COLUMN version SET NOT NULL
17:43:46.475 [Test worker] INFO liquibase - master.changelog.json: migration/node-services.changelog-init.xml::add_version_column::R3.Corda: Null constraint has been added to node_attachments.version
17:43:46.475 [Test worker] INFO liquibase - master.changelog.json: migration/node-services.changelog-init.xml::add_version_column::R3.Corda: ChangeSet migration/node-services.changelog-init.xml::add_version_column::R3.Corda ran successfully in 10ms
17:43:46.476 [Test worker] DEBUG liquibase - master.changelog.json: migration/node-services.changelog-init.xml::add_version_column::R3.Corda: Executing EXECUTE database command: INSERT INTO PUBLIC.DATABASECHANGELOG (ID, AUTHOR, FILENAME, DATEEXECUTED, ORDEREXECUTED, MD5SUM, DESCRIPTION, COMMENTS, EXECTYPE, CONTEXTS, LABELS, LIQUIBASE, DEPLOYMENT_ID) VALUES ('add_version_column', 'R3.Corda', 'migration/node-services.changelog-init.xml', NOW(), 84, '7:7d7fb1c90fa05b5fc3b938fd7c520344', 'addColumn tableName=node_attachments; sql; addNotNullConstraint columnName=version, tableName=node_attachments', '', 'EXECUTED', NULL, NULL, '3.5.4', '1046225547')
17:43:46.478 [Test worker] DEBUG liquibase - master.changelog.json: migration/node-services.changelog-init.xml::update-version-of-whitelisted-jars::R3.Corda: Running Changeset:migration/node-services.changelog-init.xml::update-version-of-whitelisted-jars::R3.Corda
17:43:46.478 [Test worker] DEBUG liquibase - master.changelog.json: migration/node-services.changelog-init.xml::update-version-of-whitelisted-jars::R3.Corda: Changeset migration/node-services.changelog-init.xml::update-version-of-whitelisted-jars::R3.Corda
17:43:46.478 [Test worker] DEBUG liquibase - master.changelog.json: migration/node-services.changelog-init.xml::update-version-of-whitelisted-jars::R3.Corda: Reading ChangeSet: migration/node-services.changelog-init.xml::update-version-of-whitelisted-jars::R3.Corda
17:43:46.478 [Test worker] DEBUG liquibase - master.changelog.json: migration/node-services.changelog-init.xml::update-version-of-whitelisted-jars::R3.Corda: WARNING The following SQL may change each run and therefore is possibly incorrect and/or invalid:
17:43:46.478 [Test worker] INFO net.corda.nodeapi.internal.persistence.AttachmentVersionNumberMigration - Start executing...
17:43:46.481 [Test worker] INFO net.corda.nodeapi.internal.persistence.AttachmentVersionNumberMigration - Attachment version creation from whitelisted JARs using network parameters from build\mock-network\20191014-094255.202\nodes\2\network-parameters, whitelistedContractImplementations: {}.
17:43:46.481 [Test worker] INFO net.corda.nodeapi.internal.persistence.AttachmentVersionNumberMigration - Attachment version creation from whitelisted JARs skipped, no attachments not found.
17:43:46.482 [Test worker] INFO liquibase - master.changelog.json: migration/node-services.changelog-init.xml::update-version-of-whitelisted-jars::R3.Corda: null
17:43:46.482 [Test worker] INFO liquibase - master.changelog.json: migration/node-services.changelog-init.xml::update-version-of-whitelisted-jars::R3.Corda: ChangeSet migration/node-services.changelog-init.xml::update-version-of-whitelisted-jars::R3.Corda ran successfully in 4ms
17:43:46.483 [Test worker] DEBUG liquibase - master.changelog.json: migration/node-services.changelog-init.xml::update-version-of-whitelisted-jars::R3.Corda: Executing EXECUTE database command: INSERT INTO PUBLIC.DATABASECHANGELOG (ID, AUTHOR, FILENAME, DATEEXECUTED, ORDEREXECUTED, MD5SUM, DESCRIPTION, COMMENTS, EXECTYPE, CONTEXTS, LABELS, LIQUIBASE, DEPLOYMENT_ID) VALUES ('update-version-of-whitelisted-jars', 'R3.Corda', 'migration/node-services.changelog-init.xml', NOW(), 85, '7:706b589854273bdf703c4ed7a2a9191b', 'customChange', '', 'EXECUTED', NULL, NULL, '3.5.4', '1046225547')
17:43:46.483 [Test worker] DEBUG liquibase - master.changelog.json: migration/vault-schema.changelog-v9.xml::update-vault-states::R3.Corda: Running Changeset:migration/vault-schema.changelog-v9.xml::update-vault-states::R3.Corda
17:43:46.484 [Test worker] DEBUG liquibase - master.changelog.json: migration/vault-schema.changelog-v9.xml::update-vault-states::R3.Corda: Changeset migration/vault-schema.changelog-v9.xml::update-vault-states::R3.Corda
17:43:46.484 [Test worker] DEBUG liquibase - master.changelog.json: migration/vault-schema.changelog-v9.xml::update-vault-states::R3.Corda: Reading ChangeSet: migration/vault-schema.changelog-v9.xml::update-vault-states::R3.Corda
17:43:46.484 [Test worker] DEBUG liquibase - master.changelog.json: migration/vault-schema.changelog-v9.xml::update-vault-states::R3.Corda: WARNING The following SQL may change each run and therefore is possibly incorrect and/or invalid:
17:43:46.484 [Test worker] INFO net.corda.node.migration.VaultStateMigration - Migrating vault state data to V4 tables
17:43:46.493 [Test worker] INFO net.corda.nodeapi.internal.persistence.HibernateConfiguration - Init HibernateConfiguration for schemas: [VaultMigrationSchemaV1(name=net.corda.node.migration.VaultMigrationSchema, version=1), VaultSchemaV1(name=net.corda.node.services.vault.VaultSchema, version=1)]
17:43:46.493 [Test worker] INFO net.corda.nodeapi.internal.persistence.HibernateConfiguration - Creating session factory for schemas: [VaultMigrationSchemaV1(name=net.corda.node.migration.VaultMigrationSchema, version=1), VaultSchemaV1(name=net.corda.node.services.vault.VaultSchema, version=1)]
?[37m[INFO] 17:43:46,512 [Test worker] internal.ConnectionProviderInitiator.initiateService - HHH000130: Instantiating explicit connection provider: net.corda.nodeapi.internal.persistence.HibernateConfiguration$NodeDatabaseConnectionProvider
?[m?[37m[INFO] 17:43:46,514 [Test worker] dialect.Dialect.<init> - HHH000400: Using dialect: org.hibernate.dialect.H2Dialect
?[m?[37m[INFO] 17:43:46,528 [Test worker] type.BasicTypeRegistry.register - HHH000270: Type registration [materialized_blob] overrides previous : org.hibernate.type.MaterializedBlobType@12e6fc5f
?[m?[37m[INFO] 17:43:46,641 [Test worker] connections.access.getIsolatedConnection - HHH10001501: Connection obtained from JdbcConnectionAccess [org.hibernate.engine.jdbc.env.internal.JdbcEnvironmentInitiator$ConnectionProviderJdbcConnectionAccess@7c7c7551] for (non-JTA) DDL execution was not in auto-commit mode; the Connection 'local transaction' will be committed and the Connection will be set into auto-commit mode.
?[m17:43:46.759 [Test worker] INFO net.corda.nodeapi.internal.persistence.HibernateConfiguration - Created session factory for schemas: [VaultMigrationSchemaV1(name=net.corda.node.migration.VaultMigrationSchema, version=1), VaultSchemaV1(name=net.corda.node.services.vault.VaultSchema, version=1)]
?[37m[INFO] 17:43:46,760 [Test worker] internal.QueryTranslatorFactoryInitiator.initiateService - HHH000397: Using ASTQueryTranslatorFactory
?[m17:43:46.774 [Test worker] DEBUG net.corda.node.migration.VaultStateIterator - Found 0 total states in the vault
17:43:46.779 [Test worker] DEBUG net.corda.node.migration.VaultStateIterator - Loaded page 1 of 0. Current page has 0 vault states
17:43:46.779 [Test worker] INFO net.corda.node.migration.VaultStateMigration - Finished performing vault state data migration for 0 states
17:43:46.779 [Test worker] INFO liquibase - master.changelog.json: migration/vault-schema.changelog-v9.xml::update-vault-states::R3.Corda: null
17:43:46.779 [Test worker] INFO liquibase - master.changelog.json: migration/vault-schema.changelog-v9.xml::update-vault-states::R3.Corda: ChangeSet migration/vault-schema.changelog-v9.xml::update-vault-states::R3.Corda ran successfully in 295ms
17:43:46.781 [Test worker] DEBUG liquibase - master.changelog.json: migration/vault-schema.changelog-v9.xml::update-vault-states::R3.Corda: Executing EXECUTE database command: INSERT INTO PUBLIC.DATABASECHANGELOG (ID, AUTHOR, FILENAME, DATEEXECUTED, ORDEREXECUTED, MD5SUM, DESCRIPTION, COMMENTS, EXECTYPE, CONTEXTS, LABELS, LIQUIBASE, DEPLOYMENT_ID) VALUES ('update-vault-states', 'R3.Corda', 'migration/vault-schema.changelog-v9.xml', NOW(), 86, '7:b005d9ddca6ae24f7eb8c275fb095a30', 'customChange', '', 'EXECUTED', NULL, NULL, '3.5.4', '1046225547')
17:43:46.781 [Test worker] DEBUG liquibase - Release Database Lock
17:43:46.781 [Test worker] DEBUG liquibase - Executing UPDATE database command: UPDATE PUBLIC.DATABASECHANGELOGLOCK SET LOCKED = FALSE, LOCKEDBY = NULL, LOCKGRANTED = NULL WHERE ID = 1
17:43:46.781 [Test worker] INFO liquibase - Successfully released change log lock
17:43:46.782 [Test worker] DEBUG com.zaxxer.hikari.pool.PoolBase - HikariPool-3 - Reset (autoCommit, isolation) on connection conn23: url=jdbc:h2:mem:node_2_net_312362915497919618_persistence user=SA
17:43:46.782 [Test worker] DEBUG com.zaxxer.hikari.pool.PoolBase - HikariPool-3 - Reset (autoCommit, isolation) on connection conn23: url=jdbc:h2:mem:node_2_net_312362915497919618_persistence user=SA
17:43:46.783 [Test worker] INFO net.corda.testing.node.internal.InternalMockNetwork$MockNode - Connected to H2 database.
17:43:46.783 [Test worker] DEBUG com.zaxxer.hikari.pool.PoolBase - HikariPool-3 - Reset (autoCommit, isolation) on connection conn23: url=jdbc:h2:mem:node_2_net_312362915497919618_persistence user=SA
17:43:46.785 [Test worker] INFO net.corda.testing.node.internal.InternalMockNetwork$MockNode - identity-private-key not found in key store, generating fresh key!
17:43:46.846 [Test worker] INFO net.corda.nodeapi.internal.persistence.HibernateConfiguration - Init HibernateConfiguration for schemas: [CommonSchemaV1(name=net.corda.core.schemas.CommonSchema, version=1), VaultSchemaV1(name=net.corda.node.services.vault.VaultSchema, version=1), NodeInfoSchemaV1(name=net.corda.node.internal.schemas.NodeInfoSchema, version=1), NodeCoreV1(name=net.corda.node.services.schema.NodeSchemaService$NodeCore, version=1)]
17:43:46.846 [Test worker] INFO net.corda.nodeapi.internal.persistence.HibernateConfiguration - Creating session factory for schemas: [CommonSchemaV1(name=net.corda.core.schemas.CommonSchema, version=1), VaultSchemaV1(name=net.corda.node.services.vault.VaultSchema, version=1), NodeInfoSchemaV1(name=net.corda.node.internal.schemas.NodeInfoSchema, version=1), NodeCoreV1(name=net.corda.node.services.schema.NodeSchemaService$NodeCore, version=1)]
?[37m[INFO] 17:43:46,880 [Test worker] internal.ConnectionProviderInitiator.initiateService - HHH000130: Instantiating explicit connection provider: net.corda.nodeapi.internal.persistence.HibernateConfiguration$NodeDatabaseConnectionProvider
?[m17:43:46.884 [Test worker] DEBUG com.zaxxer.hikari.pool.PoolBase - HikariPool-3 - Reset (autoCommit, isolation) on connection conn23: url=jdbc:h2:mem:node_2_net_312362915497919618_persistence user=SA
?[37m[INFO] 17:43:46,882 [Test worker] dialect.Dialect.<init> - HHH000400: Using dialect: org.hibernate.dialect.H2Dialect
?[m?[37m[INFO] 17:43:46,888 [Test worker] type.BasicTypeRegistry.register - HHH000270: Type registration [materialized_blob] overrides previous : org.hibernate.type.MaterializedBlobType@12e6fc5f
?[m?[37m[INFO] 17:43:47,188 [Test worker] connections.access.getIsolatedConnection - HHH10001501: Connection obtained from JdbcConnectionAccess [org.hibernate.engine.jdbc.env.internal.JdbcEnvironmentInitiator$ConnectionProviderJdbcConnectionAccess@43f8375] for (non-JTA) DDL execution was not in auto-commit mode; the Connection 'local transaction' will be committed and the Connection will be set into auto-commit mode.
?[m17:43:47.264 [Test worker] DEBUG com.zaxxer.hikari.pool.PoolBase - HikariPool-3 - Reset (autoCommit, isolation) on connection conn23: url=jdbc:h2:mem:node_2_net_312362915497919618_persistence user=SA
17:43:47.273 [Test worker] INFO net.corda.nodeapi.internal.persistence.HibernateConfiguration - Created session factory for schemas: [CommonSchemaV1(name=net.corda.core.schemas.CommonSchema, version=1), VaultSchemaV1(name=net.corda.node.services.vault.VaultSchema, version=1), NodeInfoSchemaV1(name=net.corda.node.internal.schemas.NodeInfoSchema, version=1), NodeCoreV1(name=net.corda.node.services.schema.NodeSchemaService$NodeCore, version=1)]
?[37m[INFO] 17:43:47,273 [Test worker] internal.QueryTranslatorFactoryInitiator.initiateService - HHH000397: Using ASTQueryTranslatorFactory
?[m17:43:47.292 [Test worker] INFO net.corda.testing.node.internal.InternalMockNetwork$MockNode - Node-info has changed so submitting update. Old node-info was null
17:43:47.292 [Test worker] INFO net.corda.node.services.network.PersistentNetworkMapCache - Adding node with info: NodeInfo(addresses=[mock.node:1000], legalIdentitiesAndCerts=[O=Broker1, L=New York, C=US], platformVersion=4, serial=1571046227292)
17:43:47.295 [Test worker] INFO net.corda.node.services.network.PersistentNetworkMapCache - No previous node found
17:43:47.297 [Test worker] DEBUG net.corda.node.services.identity.PersistentIdentityService - Registering identity O=Broker1, L=New York, C=US
17:43:47.308 [Test worker] DEBUG net.corda.node.services.network.PersistentNetworkMapCache - Done adding node with info: NodeInfo(addresses=[mock.node:1000], legalIdentitiesAndCerts=[O=Broker1, L=New York, C=US], platformVersion=4, serial=1571046227292)
17:43:47.308 [Test worker] INFO net.corda.testing.node.internal.InternalMockNetwork$MockNode - New node-info: NodeInfo(addresses=[mock.node:1000], legalIdentitiesAndCerts=[O=Broker1, L=New York, C=US], platformVersion=4, serial=1571046227292)
17:43:47.343 [Test worker] DEBUG com.zaxxer.hikari.pool.PoolBase - HikariPool-3 - Reset (autoCommit, isolation) on connection conn23: url=jdbc:h2:mem:node_2_net_312362915497919618_persistence user=SA
17:43:47.344 [Test worker] INFO net.corda.node.services.network.NetworkMapUpdater - Auto-accept enabled for network parameter changes which modify only: [epoch, modifiedTime, packageOwnership, whitelistedContractImplementations]
17:43:47.346 [MockNode-3-2] DEBUG net.corda.node.services.network.NodeInfoWatcher - Reading SignedNodeInfo from build\mock-network\20191014-094255.202\nodes\2\additional-node-infos\nodeInfo-73FE1CDB8AF181DDEC1A4841D9260205F901521DBCC6B4C18C55E25BD375454A
17:43:47.352 [MockNode-3-2] DEBUG net.corda.node.services.network.NodeInfoWatcher - Read 1 NodeInfo files from build\mock-network\20191014-094255.202\nodes\2\additional-node-infos
17:43:47.352 [MockNode-3-2] DEBUG net.corda.node.services.network.NodeInfoWatcher - Number of removed NodeInfo files 0
17:43:47.352 [MockNode-3-2] INFO net.corda.node.services.network.PersistentNetworkMapCache - Adding node with info: NodeInfo(addresses=[mock.node:1000], legalIdentitiesAndCerts=[O=Broker1, L=New York, C=US], platformVersion=4, serial=1571046227292)
17:43:47.363 [Test worker] DEBUG net.corda.node.services.identity.PersistentIdentityService - Identities loaded
17:43:47.366 [MockNode-3-2] DEBUG com.zaxxer.hikari.pool.PoolBase - HikariPool-3 - Reset (autoCommit, isolation) on connection conn23: url=jdbc:h2:mem:node_2_net_312362915497919618_persistence user=SA
17:43:47.367 [MockNode-3-2] INFO net.corda.node.services.network.PersistentNetworkMapCache - Previous node was identical to incoming one - doing nothing
17:43:47.368 [MockNode-3-2] DEBUG net.corda.node.services.network.PersistentNetworkMapCache - Done adding node with info: NodeInfo(addresses=[mock.node:1000], legalIdentitiesAndCerts=[O=Broker1, L=New York, C=US], platformVersion=4, serial=1571046227292)
17:43:47.657 [Test worker] INFO ClassloaderUtils - Contracts loading for 'C:\Users\user\AppData\Local\Temp\attachment3116842023257074752.jar' took 34 msec
17:43:47.692 [Test worker] INFO net.corda.node.services.persistence.NodeAttachmentService - Stored new attachment: id=E9B1EFC2836AFF119DC0182AAA3C93E581065B6B06F6C0A452EA5CCF4B11B2A2 uploader=app filename=null
17:43:47.726 [Test worker] INFO net.corda.node.services.statemachine.SingleThreadedStateMachineManager - Node ready, info: NodeInfo(addresses=[mock.node:1000], legalIdentitiesAndCerts=[O=Broker1, L=New York, C=US], platformVersion=4, serial=1571046227292)
17:43:47.731 [Test worker] DEBUG com.zaxxer.hikari.pool.PoolBase - HikariPool-3 - Reset (autoCommit, isolation) on connection conn24: url=jdbc:h2:mem:node_2_net_312362915497919618_persistence user=SA
17:43:47.734 [Test worker] INFO net.corda.node.services.network.PersistentNetworkMapCache - Adding node with info: NodeInfo(addresses=[mock.node:1000], legalIdentitiesAndCerts=[O=Notary Service, L=Zurich, C=CH], platformVersion=4, serial=1571046217798)
17:43:47.736 [Test worker] DEBUG com.zaxxer.hikari.pool.PoolBase - HikariPool-3 - Reset (autoCommit, isolation) on connection conn24: url=jdbc:h2:mem:node_2_net_312362915497919618_persistence user=SA
17:43:47.737 [Test worker] INFO net.corda.node.services.network.PersistentNetworkMapCache - No previous node found
17:43:47.739 [Test worker] DEBUG net.corda.node.services.identity.PersistentIdentityService - Registering identity O=Notary Service, L=Zurich, C=CH
17:43:47.744 [pool-21-thread-1] DEBUG com.zaxxer.hikari.pool.PoolBase - HikariPool-3 - Reset (autoCommit, isolation) on connection conn23: url=jdbc:h2:mem:node_2_net_312362915497919618_persistence user=SA
17:43:47.746 [Test worker] DEBUG com.zaxxer.hikari.pool.PoolBase - HikariPool-3 - Reset (autoCommit, isolation) on connection conn24: url=jdbc:h2:mem:node_2_net_312362915497919618_persistence user=SA
17:43:47.775 [Test worker] DEBUG com.zaxxer.hikari.pool.PoolBase - HikariPool-3 - Reset (autoCommit, isolation) on connection conn24: url=jdbc:h2:mem:node_2_net_312362915497919618_persistence user=SA
17:43:47.776 [Test worker] DEBUG net.corda.node.services.network.PersistentNetworkMapCache - Done adding node with info: NodeInfo(addresses=[mock.node:1000], legalIdentitiesAndCerts=[O=Notary Service, L=Zurich, C=CH], platformVersion=4, serial=1571046217798)
17:43:47.776 [Test worker] INFO net.corda.node.services.network.PersistentNetworkMapCache - Adding node with info: NodeInfo(addresses=[mock.node:1000], legalIdentitiesAndCerts=[O=Broker1, L=New York, C=US], platformVersion=4, serial=1571046227292)
17:43:47.778 [Test worker] DEBUG com.zaxxer.hikari.pool.PoolBase - HikariPool-1 - Reset (autoCommit, isolation) on connection conn2: url=jdbc:h2:mem:node_0_net_312362915497919618_persistence user=SA
17:43:47.778 [Test worker] INFO net.corda.node.services.network.PersistentNetworkMapCache - No previous node found
17:43:47.780 [Test worker] DEBUG net.corda.node.services.identity.PersistentIdentityService - Registering identity O=Broker1, L=New York, C=US
17:43:47.795 [Test worker] DEBUG com.zaxxer.hikari.pool.PoolBase - HikariPool-1 - Reset (autoCommit, isolation) on connection conn2: url=jdbc:h2:mem:node_0_net_312362915497919618_persistence user=SA
17:43:47.815 [Test worker] DEBUG com.zaxxer.hikari.pool.PoolBase - HikariPool-1 - Reset (autoCommit, isolation) on connection conn2: url=jdbc:h2:mem:node_0_net_312362915497919618_persistence user=SA
17:43:47.815 [Test worker] DEBUG net.corda.node.services.network.PersistentNetworkMapCache - Done adding node with info: NodeInfo(addresses=[mock.node:1000], legalIdentitiesAndCerts=[O=Broker1, L=New York, C=US], platformVersion=4, serial=1571046227292)
17:43:47.815 [Test worker] INFO net.corda.node.services.network.PersistentNetworkMapCache - Adding node with info: NodeInfo(addresses=[mock.node:1000], legalIdentitiesAndCerts=[O=Client1, L=New York, C=US], platformVersion=4, serial=1571046223387)
17:43:47.820 [Test worker] DEBUG com.zaxxer.hikari.pool.PoolBase - HikariPool-3 - Reset (autoCommit, isolation) on connection conn24: url=jdbc:h2:mem:node_2_net_312362915497919618_persistence user=SA
17:43:47.821 [Test worker] INFO net.corda.node.services.network.PersistentNetworkMapCache - No previous node found
17:43:47.825 [Test worker] DEBUG net.corda.node.services.identity.PersistentIdentityService - Registering identity O=Client1, L=New York, C=US
17:43:47.835 [Test worker] DEBUG com.zaxxer.hikari.pool.PoolBase - HikariPool-3 - Reset (autoCommit, isolation) on connection conn24: url=jdbc:h2:mem:node_2_net_312362915497919618_persistence user=SA
17:43:47.844 [Test worker] DEBUG com.zaxxer.hikari.pool.PoolBase - HikariPool-3 - Reset (autoCommit, isolation) on connection conn24: url=jdbc:h2:mem:node_2_net_312362915497919618_persistence user=SA
17:43:47.845 [Test worker] DEBUG net.corda.node.services.network.PersistentNetworkMapCache - Done adding node with info: NodeInfo(addresses=[mock.node:1000], legalIdentitiesAndCerts=[O=Client1, L=New York, C=US], platformVersion=4, serial=1571046223387)
17:43:47.845 [Test worker] INFO net.corda.node.services.network.PersistentNetworkMapCache - Adding node with info: NodeInfo(addresses=[mock.node:1000], legalIdentitiesAndCerts=[O=Broker1, L=New York, C=US], platformVersion=4, serial=1571046227292)
17:43:47.849 [Test worker] DEBUG com.zaxxer.hikari.pool.PoolBase - HikariPool-2 - Reset (autoCommit, isolation) on connection conn13: url=jdbc:h2:mem:node_1_net_312362915497919618_persistence user=SA
17:43:47.849 [Test worker] INFO net.corda.node.services.network.PersistentNetworkMapCache - No previous node found
17:43:47.852 [Test worker] DEBUG net.corda.node.services.identity.PersistentIdentityService - Registering identity O=Broker1, L=New York, C=US
17:43:47.858 [Test worker] DEBUG com.zaxxer.hikari.pool.PoolBase - HikariPool-2 - Reset (autoCommit, isolation) on connection conn13: url=jdbc:h2:mem:node_1_net_312362915497919618_persistence user=SA
17:43:47.870 [Test worker] DEBUG com.zaxxer.hikari.pool.PoolBase - HikariPool-2 - Reset (autoCommit, isolation) on connection conn13: url=jdbc:h2:mem:node_1_net_312362915497919618_persistence user=SA
17:43:47.871 [Test worker] DEBUG net.corda.node.services.network.PersistentNetworkMapCache - Done adding node with info: NodeInfo(addresses=[mock.node:1000], legalIdentitiesAndCerts=[O=Broker1, L=New York, C=US], platformVersion=4, serial=1571046227292)
17:43:47.871 [Test worker] INFO net.corda.node.services.network.PersistentNetworkMapCache - Adding node with info: NodeInfo(addresses=[mock.node:1000], legalIdentitiesAndCerts=[O=Broker1, L=New York, C=US], platformVersion=4, serial=1571046227292)
17:43:47.871 [Test worker] INFO net.corda.node.services.network.PersistentNetworkMapCache - Previous node was identical to incoming one - doing nothing
17:43:47.871 [Test worker] DEBUG net.corda.node.services.network.PersistentNetworkMapCache - Done adding node with info: NodeInfo(addresses=[mock.node:1000], legalIdentitiesAndCerts=[O=Broker1, L=New York, C=US], platformVersion=4, serial=1571046227292)
17:43:47.871 [Test worker] INFO net.corda.node.services.network.PersistentNetworkMapCache - Adding node with info: NodeInfo(addresses=[mock.node:1000], legalIdentitiesAndCerts=[O=Broker1, L=New York, C=US], platformVersion=4, serial=1571046227292)
17:43:47.871 [Test worker] INFO net.corda.node.services.network.PersistentNetworkMapCache - Previous node was identical to incoming one - doing nothing
17:43:47.871 [Test worker] DEBUG net.corda.node.services.network.PersistentNetworkMapCache - Done adding node with info: NodeInfo(addresses=[mock.node:1000], legalIdentitiesAndCerts=[O=Broker1, L=New York, C=US], platformVersion=4, serial=1571046227292)
17:43:47.877 [Test worker] INFO net.corda.node.internal.cordapp.JarScanningCordappLoader - Looking for CorDapps in [build\mock-network\20191014-094255.202\nodes\3\cordapps]
17:43:47.877 [Test worker] INFO net.corda.node.internal.cordapp.JarScanningCordappLoader - Loading CorDapps from RestrictedURL(url=file:/D:/Arvinth/BlockChain/DerivHack-2019/GIT/cdm-corda/cdm-support/build/mock-network/20191014-094255.202/nodes/3/cordapps/custom-cordapp_1_4_74971b5d-bcd5-4e00-bbd1-defbabc3845c.jar, rootPackageName=null), RestrictedURL(url=file:/D:/Arvinth/BlockChain/DerivHack-2019/GIT/cdm-corda/cdm-support/build/mock-network/20191014-094255.202/nodes/3/cordapps/custom-cordapp_1_4_7c525df2-1a28-4e99-b6db-03a3164f308d.jar, rootPackageName=null)
17:43:47.877 [Test worker] INFO net.corda.node.internal.cordapp.JarScanningCordappLoader - Scanning CorDapp in file:/D:/Arvinth/BlockChain/DerivHack-2019/GIT/cdm-corda/cdm-support/build/mock-network/20191014-094255.202/nodes/3/cordapps/custom-cordapp_1_4_74971b5d-bcd5-4e00-bbd1-defbabc3845c.jar
17:43:48.061 [Test worker] INFO net.corda.node.internal.cordapp.JarScanningCordappLoader - Scanning CorDapp in file:/D:/Arvinth/BlockChain/DerivHack-2019/GIT/cdm-corda/cdm-support/build/mock-network/20191014-094255.202/nodes/3/cordapps/custom-cordapp_1_4_7c525df2-1a28-4e99-b6db-03a3164f308d.jar
17:43:48.328 [MockNode-1-2] DEBUG net.corda.node.services.network.NodeInfoWatcher - Read 0 NodeInfo files from build\mock-network\20191014-094255.202\nodes\0\additional-node-infos
17:43:48.328 [MockNode-1-2] DEBUG net.corda.node.services.network.NodeInfoWatcher - Number of removed NodeInfo files 0
17:43:48.436 [Test worker] DEBUG net.corda.node.services.persistence.NodePropertiesPersistentStore - Node's flow execution mode property key: NABOB_flowsExecutionMode
17:43:48.447 [Test worker] INFO net.corda.testing.node.internal.InternalMockNetwork$MockNode - Node starting up ...
17:43:48.466 [MockNode-2-2] DEBUG net.corda.node.services.network.NodeInfoWatcher - Read 0 NodeInfo files from build\mock-network\20191014-094255.202\nodes\1\additional-node-infos
17:43:48.466 [MockNode-2-2] DEBUG net.corda.node.services.network.NodeInfoWatcher - Number of removed NodeInfo files 0
17:43:48.578 [Test worker] DEBUG net.corda.node.internal.NodeFlowManager - Installed core flow net.corda.core.flows.FinalityFlow
17:43:48.578 [Test worker] DEBUG net.corda.node.internal.NodeFlowManager - Installed core flow net.corda.core.flows.NotaryChangeFlow
17:43:48.578 [Test worker] DEBUG net.corda.node.internal.NodeFlowManager - Installed core flow net.corda.core.flows.ContractUpgradeFlow$Initiate
17:43:48.578 [Test worker] DEBUG net.corda.node.internal.NodeFlowManager - Installed core flow net.corda.confidential.SwapIdentitiesFlow
17:43:48.578 [Test worker] INFO net.corda.node.internal.NodeFlowManager - Registered com.derivhack.AffirmationFlow to initiate com.derivhack.AffirmationFlowInitiated (version 1)
17:43:48.579 [Test worker] INFO net.corda.node.internal.NodeFlowManager - Registered com.derivhack.AllocationFlow to initiate com.derivhack.AllocationFlowInitiated (version 1)
17:43:48.579 [Test worker] INFO net.corda.node.internal.NodeFlowManager - Registered com.derivhack.ConfirmationFlowGJ to initiate com.derivhack.ConfirmationFlowInitiated (version 1)
17:43:48.579 [Test worker] INFO net.corda.node.internal.NodeFlowManager - Registered com.derivhack.ConfirmationFlow to initiate com.derivhack.ConfirmationFlowResponse (version 1)
17:43:48.579 [Test worker] INFO net.corda.node.internal.NodeFlowManager - Registered com.derivhack.ExecutionFlow to initiate com.derivhack.ExecutionFlowInitiated (version 1)
17:43:48.580 [Test worker] INFO net.corda.node.internal.NodeFlowManager - Registered com.derivhack.ObserveryFlow to initiate com.derivhack.ReceiveObservableFlow (version 1)
17:43:48.580 [Test worker] INFO net.corda.node.internal.NodeFlowManager - Registered com.derivhack.SettlementFlow to initiate com.derivhack.SettlementFlowResponse (version 1)
17:43:48.580 [Test worker] INFO net.corda.node.internal.NodeFlowManager - Registered com.derivhack.TransferFlow to initiate com.derivhack.TransferResponder (version 1)
17:43:48.580 [Test worker] INFO net.corda.node.internal.NodeFlowManager - Registered net.corda.cdmsupport.testflow.TestAffirmationFlow to initiate net.corda.cdmsupport.testflow.AffirmationFlowResponder (version 1)
17:43:48.580 [Test worker] INFO net.corda.node.internal.NodeFlowManager - Registered net.corda.cdmsupport.testflow.TestObservableFlow to initiate net.corda.cdmsupport.testflow.ReceiveObservableFlow (version 1)
17:43:48.581 [Test worker] INFO net.corda.node.internal.NodeFlowManager - Registered net.corda.cdmsupport.testflow.TestFlowInitiating to initiate net.corda.cdmsupport.testflow.TestFlowInitiated (version 1)
17:43:48.595 [Test worker] INFO net.corda.testing.node.internal.InternalMockNetwork$MockNode - Loaded network parameters: NetworkParameters {
      minimumPlatformVersion=4
      notaries=[NotaryInfo(identity=O=Notary Service, L=Zurich, C=CH, validating=true)]
      maxMessageSize=10485760
      maxTransactionSize=524288000
      whitelistedContractImplementations {
        
      }
      eventHorizon=PT720H
      packageOwnership {
        
      }
      modifiedTime=2019-10-14T09:42:54.452Z
      epoch=1
  }
17:43:48.602 [Test worker] DEBUG com.zaxxer.hikari.HikariConfig - HikariPool-4 - configuration:
17:43:48.603 [Test worker] DEBUG com.zaxxer.hikari.HikariConfig - allowPoolSuspension.............false
17:43:48.603 [Test worker] DEBUG com.zaxxer.hikari.HikariConfig - autoCommit......................true
17:43:48.603 [Test worker] DEBUG com.zaxxer.hikari.HikariConfig - catalog.........................null
17:43:48.603 [Test worker] DEBUG com.zaxxer.hikari.HikariConfig - connectionInitSql...............null
17:43:48.604 [Test worker] DEBUG com.zaxxer.hikari.HikariConfig - connectionTestQuery.............null
17:43:48.604 [Test worker] DEBUG com.zaxxer.hikari.HikariConfig - connectionTimeout...............30000
17:43:48.604 [Test worker] DEBUG com.zaxxer.hikari.HikariConfig - dataSource......................null
17:43:48.604 [Test worker] DEBUG com.zaxxer.hikari.HikariConfig - dataSourceClassName............."org.h2.jdbcx.JdbcDataSource"
17:43:48.604 [Test worker] DEBUG com.zaxxer.hikari.HikariConfig - dataSourceJNDI..................null
17:43:48.604 [Test worker] DEBUG com.zaxxer.hikari.HikariConfig - dataSourceProperties............{user=sa, url=jdbc:h2:mem:node_3_net_312362915497919618_persistence;LOCK_TIMEOUT=10000;DB_CLOSE_ON_EXIT=FALSE, password=<masked>}
17:43:48.604 [Test worker] DEBUG com.zaxxer.hikari.HikariConfig - driverClassName.................null
17:43:48.604 [Test worker] DEBUG com.zaxxer.hikari.HikariConfig - healthCheckProperties...........{}
17:43:48.605 [Test worker] DEBUG com.zaxxer.hikari.HikariConfig - healthCheckRegistry.............null
17:43:48.605 [Test worker] DEBUG com.zaxxer.hikari.HikariConfig - idleTimeout.....................600000
17:43:48.605 [Test worker] DEBUG com.zaxxer.hikari.HikariConfig - initializationFailFast..........true
17:43:48.605 [Test worker] DEBUG com.zaxxer.hikari.HikariConfig - isolateInternalQueries..........false
17:43:48.605 [Test worker] DEBUG com.zaxxer.hikari.HikariConfig - jdbc4ConnectionTest.............false
17:43:48.605 [Test worker] DEBUG com.zaxxer.hikari.HikariConfig - jdbcUrl.........................null
17:43:48.606 [Test worker] DEBUG com.zaxxer.hikari.HikariConfig - leakDetectionThreshold..........0
17:43:48.606 [Test worker] DEBUG com.zaxxer.hikari.HikariConfig - maxLifetime.....................1800000
17:43:48.606 [Test worker] DEBUG com.zaxxer.hikari.HikariConfig - maximumPoolSize.................10
17:43:48.606 [Test worker] DEBUG com.zaxxer.hikari.HikariConfig - metricRegistry..................null
17:43:48.606 [Test worker] DEBUG com.zaxxer.hikari.HikariConfig - metricsTrackerFactory...........null
17:43:48.606 [Test worker] DEBUG com.zaxxer.hikari.HikariConfig - minimumIdle.....................10
17:43:48.606 [Test worker] DEBUG com.zaxxer.hikari.HikariConfig - password........................<masked>
17:43:48.606 [Test worker] DEBUG com.zaxxer.hikari.HikariConfig - poolName........................"HikariPool-4"
17:43:48.607 [Test worker] DEBUG com.zaxxer.hikari.HikariConfig - readOnly........................false
17:43:48.607 [Test worker] DEBUG com.zaxxer.hikari.HikariConfig - registerMbeans..................false
17:43:48.607 [Test worker] DEBUG com.zaxxer.hikari.HikariConfig - scheduledExecutorService........null
17:43:48.607 [Test worker] DEBUG com.zaxxer.hikari.HikariConfig - threadFactory...................null
17:43:48.607 [Test worker] DEBUG com.zaxxer.hikari.HikariConfig - transactionIsolation............null
17:43:48.607 [Test worker] DEBUG com.zaxxer.hikari.HikariConfig - username........................null
17:43:48.607 [Test worker] DEBUG com.zaxxer.hikari.HikariConfig - validationTimeout...............5000
17:43:48.607 [Test worker] INFO com.zaxxer.hikari.HikariDataSource - HikariPool-4 - Started.
17:43:48.630 [HikariPool-4 connection adder] DEBUG com.zaxxer.hikari.pool.HikariPool - HikariPool-4 - Added connection conn34: url=jdbc:h2:mem:node_3_net_312362915497919618_persistence user=SA
17:43:48.640 [Test worker] DEBUG liquibase - Connected to SA@jdbc:h2:mem:node_3_net_312362915497919618_persistence
17:43:48.640 [Test worker] DEBUG liquibase - Setting auto commit to false from true
17:43:48.640 [Test worker] DEBUG liquibase - Opening jar:file:/C:/Users/user/.gradle/caches/modules-2/files-2.1/net.corda/corda-node/4.1/45583a2ad1dc5cdd2b90b4ff6d3bfe980bbba0cc/corda-node-4.1.jar!/migration/common.changelog-master.xml as migration/common.changelog-master.xml
17:43:48.640 [Test worker] DEBUG liquibase - Resolving XML entity name='null', publicId='null', baseURI='null', systemId='http://www.liquibase.org/xml/ns/dbchangelog/dbchangelog-3.5.xsd'
17:43:48.640 [Test worker] DEBUG LiquibaseSchemaResolver - Found namespace details class liquibase.parser.core.xml.StandardNamespaceDetails for http://www.liquibase.org/xml/ns/dbchangelog/dbchangelog-3.5.xsd
17:43:48.640 [Test worker] DEBUG LiquibaseSchemaResolver - Local path for http://www.liquibase.org/xml/ns/dbchangelog/dbchangelog-3.5.xsd is liquibase/parser/core/xml/dbchangelog-3.5.xsd
17:43:48.640 [Test worker] DEBUG liquibase - Opening jar:file:/C:/Users/user/.gradle/caches/modules-2/files-2.1/org.liquibase/liquibase-core/3.5.5/c65051f327382018bd09c30380f25eac96f210da/liquibase-core-3.5.5.jar!/liquibase/parser/core/xml/dbchangelog-3.5.xsd as liquibase/parser/core/xml/dbchangelog-3.5.xsd
17:43:48.640 [Test worker] DEBUG LiquibaseSchemaResolver - Successfully loaded XSD from liquibase/parser/core/xml/dbchangelog-3.5.xsd
17:43:48.655 [Test worker] DEBUG liquibase - Opening jar:file:/C:/Users/user/.gradle/caches/modules-2/files-2.1/net.corda/corda-node/4.1/45583a2ad1dc5cdd2b90b4ff6d3bfe980bbba0cc/corda-node-4.1.jar!/migration/common.changelog-init.xml as migration/common.changelog-init.xml
17:43:48.655 [Test worker] DEBUG liquibase - Resolving XML entity name='null', publicId='null', baseURI='null', systemId='http://www.liquibase.org/xml/ns/dbchangelog/dbchangelog-3.5.xsd'
17:43:48.655 [Test worker] DEBUG LiquibaseSchemaResolver - Found namespace details class liquibase.parser.core.xml.StandardNamespaceDetails for http://www.liquibase.org/xml/ns/dbchangelog/dbchangelog-3.5.xsd
17:43:48.655 [Test worker] DEBUG LiquibaseSchemaResolver - Local path for http://www.liquibase.org/xml/ns/dbchangelog/dbchangelog-3.5.xsd is liquibase/parser/core/xml/dbchangelog-3.5.xsd
17:43:48.655 [Test worker] DEBUG liquibase - Opening jar:file:/C:/Users/user/.gradle/caches/modules-2/files-2.1/org.liquibase/liquibase-core/3.5.5/c65051f327382018bd09c30380f25eac96f210da/liquibase-core-3.5.5.jar!/liquibase/parser/core/xml/dbchangelog-3.5.xsd as liquibase/parser/core/xml/dbchangelog-3.5.xsd
17:43:48.655 [Test worker] DEBUG LiquibaseSchemaResolver - Successfully loaded XSD from liquibase/parser/core/xml/dbchangelog-3.5.xsd
17:43:48.675 [Test worker] DEBUG liquibase - Opening jar:file:/C:/Users/user/.gradle/caches/modules-2/files-2.1/net.corda/corda-node/4.1/45583a2ad1dc5cdd2b90b4ff6d3bfe980bbba0cc/corda-node-4.1.jar!/migration/vault-schema.changelog-master.xml as migration/vault-schema.changelog-master.xml
17:43:48.678 [Test worker] DEBUG liquibase - Resolving XML entity name='null', publicId='null', baseURI='null', systemId='http://www.liquibase.org/xml/ns/dbchangelog/dbchangelog-3.5.xsd'
17:43:48.678 [Test worker] DEBUG LiquibaseSchemaResolver - Found namespace details class liquibase.parser.core.xml.StandardNamespaceDetails for http://www.liquibase.org/xml/ns/dbchangelog/dbchangelog-3.5.xsd
17:43:48.678 [Test worker] DEBUG LiquibaseSchemaResolver - Local path for http://www.liquibase.org/xml/ns/dbchangelog/dbchangelog-3.5.xsd is liquibase/parser/core/xml/dbchangelog-3.5.xsd
17:43:48.678 [Test worker] DEBUG liquibase - Opening jar:file:/C:/Users/user/.gradle/caches/modules-2/files-2.1/org.liquibase/liquibase-core/3.5.5/c65051f327382018bd09c30380f25eac96f210da/liquibase-core-3.5.5.jar!/liquibase/parser/core/xml/dbchangelog-3.5.xsd as liquibase/parser/core/xml/dbchangelog-3.5.xsd
17:43:48.679 [Test worker] DEBUG LiquibaseSchemaResolver - Successfully loaded XSD from liquibase/parser/core/xml/dbchangelog-3.5.xsd
17:43:48.696 [Test worker] DEBUG liquibase - Opening jar:file:/C:/Users/user/.gradle/caches/modules-2/files-2.1/net.corda/corda-node/4.1/45583a2ad1dc5cdd2b90b4ff6d3bfe980bbba0cc/corda-node-4.1.jar!/migration/vault-schema.changelog-init.xml as migration/vault-schema.changelog-init.xml
17:43:48.698 [Test worker] DEBUG liquibase - Resolving XML entity name='null', publicId='null', baseURI='null', systemId='http://www.liquibase.org/xml/ns/dbchangelog/dbchangelog-3.5.xsd'
17:43:48.698 [Test worker] DEBUG LiquibaseSchemaResolver - Found namespace details class liquibase.parser.core.xml.StandardNamespaceDetails for http://www.liquibase.org/xml/ns/dbchangelog/dbchangelog-3.5.xsd
17:43:48.698 [Test worker] DEBUG LiquibaseSchemaResolver - Local path for http://www.liquibase.org/xml/ns/dbchangelog/dbchangelog-3.5.xsd is liquibase/parser/core/xml/dbchangelog-3.5.xsd
17:43:48.699 [Test worker] DEBUG liquibase - Opening jar:file:/C:/Users/user/.gradle/caches/modules-2/files-2.1/org.liquibase/liquibase-core/3.5.5/c65051f327382018bd09c30380f25eac96f210da/liquibase-core-3.5.5.jar!/liquibase/parser/core/xml/dbchangelog-3.5.xsd as liquibase/parser/core/xml/dbchangelog-3.5.xsd
17:43:48.699 [Test worker] DEBUG LiquibaseSchemaResolver - Successfully loaded XSD from liquibase/parser/core/xml/dbchangelog-3.5.xsd
17:43:48.710 [Test worker] DEBUG liquibase - Opening jar:file:/C:/Users/user/.gradle/caches/modules-2/files-2.1/net.corda/corda-node/4.1/45583a2ad1dc5cdd2b90b4ff6d3bfe980bbba0cc/corda-node-4.1.jar!/migration/vault-schema.changelog-v3.xml as migration/vault-schema.changelog-v3.xml
17:43:48.715 [Test worker] DEBUG liquibase - Resolving XML entity name='null', publicId='null', baseURI='null', systemId='http://www.liquibase.org/xml/ns/dbchangelog/dbchangelog-3.5.xsd'
17:43:48.716 [Test worker] DEBUG LiquibaseSchemaResolver - Found namespace details class liquibase.parser.core.xml.StandardNamespaceDetails for http://www.liquibase.org/xml/ns/dbchangelog/dbchangelog-3.5.xsd
17:43:48.718 [Test worker] DEBUG LiquibaseSchemaResolver - Local path for http://www.liquibase.org/xml/ns/dbchangelog/dbchangelog-3.5.xsd is liquibase/parser/core/xml/dbchangelog-3.5.xsd
17:43:48.719 [Test worker] DEBUG liquibase - Opening jar:file:/C:/Users/user/.gradle/caches/modules-2/files-2.1/org.liquibase/liquibase-core/3.5.5/c65051f327382018bd09c30380f25eac96f210da/liquibase-core-3.5.5.jar!/liquibase/parser/core/xml/dbchangelog-3.5.xsd as liquibase/parser/core/xml/dbchangelog-3.5.xsd
17:43:48.719 [Test worker] DEBUG LiquibaseSchemaResolver - Successfully loaded XSD from liquibase/parser/core/xml/dbchangelog-3.5.xsd
17:43:48.724 [HikariPool-4 housekeeper] DEBUG com.zaxxer.hikari.pool.HikariPool - HikariPool-4 - Pool stats (total=1, active=1, idle=0, waiting=0)
17:43:48.725 [HikariPool-4 connection adder] DEBUG com.zaxxer.hikari.pool.HikariPool - HikariPool-4 - Added connection conn35: url=jdbc:h2:mem:node_3_net_312362915497919618_persistence user=SA
17:43:48.725 [HikariPool-4 connection adder] DEBUG com.zaxxer.hikari.pool.HikariPool - HikariPool-4 - Added connection conn36: url=jdbc:h2:mem:node_3_net_312362915497919618_persistence user=SA
17:43:48.725 [HikariPool-4 connection adder] DEBUG com.zaxxer.hikari.pool.HikariPool - HikariPool-4 - Added connection conn37: url=jdbc:h2:mem:node_3_net_312362915497919618_persistence user=SA
17:43:48.726 [HikariPool-4 connection adder] DEBUG com.zaxxer.hikari.pool.HikariPool - HikariPool-4 - Added connection conn38: url=jdbc:h2:mem:node_3_net_312362915497919618_persistence user=SA
17:43:48.726 [HikariPool-4 connection adder] DEBUG com.zaxxer.hikari.pool.HikariPool - HikariPool-4 - Added connection conn39: url=jdbc:h2:mem:node_3_net_312362915497919618_persistence user=SA
17:43:48.726 [HikariPool-4 connection adder] DEBUG com.zaxxer.hikari.pool.HikariPool - HikariPool-4 - Added connection conn40: url=jdbc:h2:mem:node_3_net_312362915497919618_persistence user=SA
17:43:48.726 [HikariPool-4 connection adder] DEBUG com.zaxxer.hikari.pool.HikariPool - HikariPool-4 - Added connection conn41: url=jdbc:h2:mem:node_3_net_312362915497919618_persistence user=SA
17:43:48.726 [HikariPool-4 connection adder] DEBUG com.zaxxer.hikari.pool.HikariPool - HikariPool-4 - Added connection conn42: url=jdbc:h2:mem:node_3_net_312362915497919618_persistence user=SA
17:43:48.727 [HikariPool-4 connection adder] DEBUG com.zaxxer.hikari.pool.HikariPool - HikariPool-4 - Added connection conn43: url=jdbc:h2:mem:node_3_net_312362915497919618_persistence user=SA
17:43:48.727 [HikariPool-4 connection adder] DEBUG com.zaxxer.hikari.pool.HikariPool - HikariPool-4 - After adding stats (total=10, active=1, idle=9, waiting=0)
17:43:48.729 [Test worker] DEBUG liquibase - Opening jar:file:/C:/Users/user/.gradle/caches/modules-2/files-2.1/net.corda/corda-node/4.1/45583a2ad1dc5cdd2b90b4ff6d3bfe980bbba0cc/corda-node-4.1.jar!/migration/vault-schema.changelog-v4.xml as migration/vault-schema.changelog-v4.xml
17:43:48.731 [Test worker] DEBUG liquibase - Resolving XML entity name='null', publicId='null', baseURI='null', systemId='http://www.liquibase.org/xml/ns/dbchangelog/dbchangelog-3.5.xsd'
17:43:48.732 [Test worker] DEBUG LiquibaseSchemaResolver - Found namespace details class liquibase.parser.core.xml.StandardNamespaceDetails for http://www.liquibase.org/xml/ns/dbchangelog/dbchangelog-3.5.xsd
17:43:48.732 [Test worker] DEBUG LiquibaseSchemaResolver - Local path for http://www.liquibase.org/xml/ns/dbchangelog/dbchangelog-3.5.xsd is liquibase/parser/core/xml/dbchangelog-3.5.xsd
17:43:48.732 [Test worker] DEBUG liquibase - Opening jar:file:/C:/Users/user/.gradle/caches/modules-2/files-2.1/org.liquibase/liquibase-core/3.5.5/c65051f327382018bd09c30380f25eac96f210da/liquibase-core-3.5.5.jar!/liquibase/parser/core/xml/dbchangelog-3.5.xsd as liquibase/parser/core/xml/dbchangelog-3.5.xsd
17:43:48.733 [Test worker] DEBUG LiquibaseSchemaResolver - Successfully loaded XSD from liquibase/parser/core/xml/dbchangelog-3.5.xsd
17:43:48.743 [Test worker] DEBUG liquibase - Opening jar:file:/C:/Users/user/.gradle/caches/modules-2/files-2.1/net.corda/corda-node/4.1/45583a2ad1dc5cdd2b90b4ff6d3bfe980bbba0cc/corda-node-4.1.jar!/migration/vault-schema.changelog-pkey.xml as migration/vault-schema.changelog-pkey.xml
17:43:48.746 [Test worker] DEBUG liquibase - Resolving XML entity name='null', publicId='null', baseURI='null', systemId='http://www.liquibase.org/xml/ns/dbchangelog/dbchangelog-3.5.xsd'
17:43:48.747 [Test worker] DEBUG LiquibaseSchemaResolver - Found namespace details class liquibase.parser.core.xml.StandardNamespaceDetails for http://www.liquibase.org/xml/ns/dbchangelog/dbchangelog-3.5.xsd
17:43:48.748 [Test worker] DEBUG LiquibaseSchemaResolver - Local path for http://www.liquibase.org/xml/ns/dbchangelog/dbchangelog-3.5.xsd is liquibase/parser/core/xml/dbchangelog-3.5.xsd
17:43:48.749 [Test worker] DEBUG liquibase - Opening jar:file:/C:/Users/user/.gradle/caches/modules-2/files-2.1/org.liquibase/liquibase-core/3.5.5/c65051f327382018bd09c30380f25eac96f210da/liquibase-core-3.5.5.jar!/liquibase/parser/core/xml/dbchangelog-3.5.xsd as liquibase/parser/core/xml/dbchangelog-3.5.xsd
17:43:48.750 [Test worker] DEBUG LiquibaseSchemaResolver - Successfully loaded XSD from liquibase/parser/core/xml/dbchangelog-3.5.xsd
17:43:48.763 [Test worker] DEBUG liquibase - Opening jar:file:/C:/Users/user/.gradle/caches/modules-2/files-2.1/net.corda/corda-node/4.1/45583a2ad1dc5cdd2b90b4ff6d3bfe980bbba0cc/corda-node-4.1.jar!/migration/vault-schema.changelog-v5.xml as migration/vault-schema.changelog-v5.xml
17:43:48.765 [Test worker] DEBUG liquibase - Resolving XML entity name='null', publicId='null', baseURI='null', systemId='http://www.liquibase.org/xml/ns/dbchangelog/dbchangelog-3.5.xsd'
17:43:48.766 [Test worker] DEBUG LiquibaseSchemaResolver - Found namespace details class liquibase.parser.core.xml.StandardNamespaceDetails for http://www.liquibase.org/xml/ns/dbchangelog/dbchangelog-3.5.xsd
17:43:48.767 [Test worker] DEBUG LiquibaseSchemaResolver - Local path for http://www.liquibase.org/xml/ns/dbchangelog/dbchangelog-3.5.xsd is liquibase/parser/core/xml/dbchangelog-3.5.xsd
17:43:48.767 [Test worker] DEBUG liquibase - Opening jar:file:/C:/Users/user/.gradle/caches/modules-2/files-2.1/org.liquibase/liquibase-core/3.5.5/c65051f327382018bd09c30380f25eac96f210da/liquibase-core-3.5.5.jar!/liquibase/parser/core/xml/dbchangelog-3.5.xsd as liquibase/parser/core/xml/dbchangelog-3.5.xsd
17:43:48.769 [Test worker] DEBUG LiquibaseSchemaResolver - Successfully loaded XSD from liquibase/parser/core/xml/dbchangelog-3.5.xsd
17:43:48.781 [Test worker] DEBUG liquibase - Opening jar:file:/C:/Users/user/.gradle/caches/modules-2/files-2.1/net.corda/corda-node/4.1/45583a2ad1dc5cdd2b90b4ff6d3bfe980bbba0cc/corda-node-4.1.jar!/migration/vault-schema.changelog-v6.xml as migration/vault-schema.changelog-v6.xml
17:43:48.784 [Test worker] DEBUG liquibase - Resolving XML entity name='null', publicId='null', baseURI='null', systemId='http://www.liquibase.org/xml/ns/dbchangelog/dbchangelog-3.5.xsd'
17:43:48.784 [Test worker] DEBUG LiquibaseSchemaResolver - Found namespace details class liquibase.parser.core.xml.StandardNamespaceDetails for http://www.liquibase.org/xml/ns/dbchangelog/dbchangelog-3.5.xsd
17:43:48.784 [Test worker] DEBUG LiquibaseSchemaResolver - Local path for http://www.liquibase.org/xml/ns/dbchangelog/dbchangelog-3.5.xsd is liquibase/parser/core/xml/dbchangelog-3.5.xsd
17:43:48.785 [Test worker] DEBUG liquibase - Opening jar:file:/C:/Users/user/.gradle/caches/modules-2/files-2.1/org.liquibase/liquibase-core/3.5.5/c65051f327382018bd09c30380f25eac96f210da/liquibase-core-3.5.5.jar!/liquibase/parser/core/xml/dbchangelog-3.5.xsd as liquibase/parser/core/xml/dbchangelog-3.5.xsd
17:43:48.786 [Test worker] DEBUG LiquibaseSchemaResolver - Successfully loaded XSD from liquibase/parser/core/xml/dbchangelog-3.5.xsd
17:43:48.804 [Test worker] DEBUG liquibase - Opening jar:file:/C:/Users/user/.gradle/caches/modules-2/files-2.1/net.corda/corda-node/4.1/45583a2ad1dc5cdd2b90b4ff6d3bfe980bbba0cc/corda-node-4.1.jar!/migration/vault-schema.changelog-v7.xml as migration/vault-schema.changelog-v7.xml
17:43:48.809 [Test worker] DEBUG liquibase - Resolving XML entity name='null', publicId='null', baseURI='null', systemId='http://www.liquibase.org/xml/ns/dbchangelog/dbchangelog-3.5.xsd'
17:43:48.809 [Test worker] DEBUG LiquibaseSchemaResolver - Found namespace details class liquibase.parser.core.xml.StandardNamespaceDetails for http://www.liquibase.org/xml/ns/dbchangelog/dbchangelog-3.5.xsd
17:43:48.809 [Test worker] DEBUG LiquibaseSchemaResolver - Local path for http://www.liquibase.org/xml/ns/dbchangelog/dbchangelog-3.5.xsd is liquibase/parser/core/xml/dbchangelog-3.5.xsd
17:43:48.809 [Test worker] DEBUG liquibase - Opening jar:file:/C:/Users/user/.gradle/caches/modules-2/files-2.1/org.liquibase/liquibase-core/3.5.5/c65051f327382018bd09c30380f25eac96f210da/liquibase-core-3.5.5.jar!/liquibase/parser/core/xml/dbchangelog-3.5.xsd as liquibase/parser/core/xml/dbchangelog-3.5.xsd
17:43:48.810 [Test worker] DEBUG LiquibaseSchemaResolver - Successfully loaded XSD from liquibase/parser/core/xml/dbchangelog-3.5.xsd
17:43:48.818 [Test worker] DEBUG liquibase - Opening jar:file:/C:/Users/user/.gradle/caches/modules-2/files-2.1/net.corda/corda-node/4.1/45583a2ad1dc5cdd2b90b4ff6d3bfe980bbba0cc/corda-node-4.1.jar!/migration/vault-schema.changelog-v8.xml as migration/vault-schema.changelog-v8.xml
17:43:48.820 [Test worker] DEBUG liquibase - Resolving XML entity name='null', publicId='null', baseURI='null', systemId='http://www.liquibase.org/xml/ns/dbchangelog/dbchangelog-3.5.xsd'
17:43:48.820 [Test worker] DEBUG LiquibaseSchemaResolver - Found namespace details class liquibase.parser.core.xml.StandardNamespaceDetails for http://www.liquibase.org/xml/ns/dbchangelog/dbchangelog-3.5.xsd
17:43:48.820 [Test worker] DEBUG LiquibaseSchemaResolver - Local path for http://www.liquibase.org/xml/ns/dbchangelog/dbchangelog-3.5.xsd is liquibase/parser/core/xml/dbchangelog-3.5.xsd
17:43:48.821 [Test worker] DEBUG liquibase - Opening jar:file:/C:/Users/user/.gradle/caches/modules-2/files-2.1/org.liquibase/liquibase-core/3.5.5/c65051f327382018bd09c30380f25eac96f210da/liquibase-core-3.5.5.jar!/liquibase/parser/core/xml/dbchangelog-3.5.xsd as liquibase/parser/core/xml/dbchangelog-3.5.xsd
17:43:48.821 [Test worker] DEBUG LiquibaseSchemaResolver - Successfully loaded XSD from liquibase/parser/core/xml/dbchangelog-3.5.xsd
17:43:48.830 [Test worker] DEBUG liquibase - Opening jar:file:/C:/Users/user/.gradle/caches/modules-2/files-2.1/net.corda/corda-node/4.1/45583a2ad1dc5cdd2b90b4ff6d3bfe980bbba0cc/corda-node-4.1.jar!/migration/node-info.changelog-master.xml as migration/node-info.changelog-master.xml
17:43:48.832 [Test worker] DEBUG liquibase - Resolving XML entity name='null', publicId='null', baseURI='null', systemId='http://www.liquibase.org/xml/ns/dbchangelog/dbchangelog-3.5.xsd'
17:43:48.832 [Test worker] DEBUG LiquibaseSchemaResolver - Found namespace details class liquibase.parser.core.xml.StandardNamespaceDetails for http://www.liquibase.org/xml/ns/dbchangelog/dbchangelog-3.5.xsd
17:43:48.832 [Test worker] DEBUG LiquibaseSchemaResolver - Local path for http://www.liquibase.org/xml/ns/dbchangelog/dbchangelog-3.5.xsd is liquibase/parser/core/xml/dbchangelog-3.5.xsd
17:43:48.832 [Test worker] DEBUG liquibase - Opening jar:file:/C:/Users/user/.gradle/caches/modules-2/files-2.1/org.liquibase/liquibase-core/3.5.5/c65051f327382018bd09c30380f25eac96f210da/liquibase-core-3.5.5.jar!/liquibase/parser/core/xml/dbchangelog-3.5.xsd as liquibase/parser/core/xml/dbchangelog-3.5.xsd
17:43:48.833 [Test worker] DEBUG LiquibaseSchemaResolver - Successfully loaded XSD from liquibase/parser/core/xml/dbchangelog-3.5.xsd
17:43:48.840 [Test worker] DEBUG liquibase - Opening jar:file:/C:/Users/user/.gradle/caches/modules-2/files-2.1/net.corda/corda-node/4.1/45583a2ad1dc5cdd2b90b4ff6d3bfe980bbba0cc/corda-node-4.1.jar!/migration/node-info.changelog-init.xml as migration/node-info.changelog-init.xml
17:43:48.843 [Test worker] DEBUG liquibase - Resolving XML entity name='null', publicId='null', baseURI='null', systemId='http://www.liquibase.org/xml/ns/dbchangelog/dbchangelog-3.5.xsd'
17:43:48.843 [Test worker] DEBUG LiquibaseSchemaResolver - Found namespace details class liquibase.parser.core.xml.StandardNamespaceDetails for http://www.liquibase.org/xml/ns/dbchangelog/dbchangelog-3.5.xsd
17:43:48.844 [Test worker] DEBUG LiquibaseSchemaResolver - Local path for http://www.liquibase.org/xml/ns/dbchangelog/dbchangelog-3.5.xsd is liquibase/parser/core/xml/dbchangelog-3.5.xsd
17:43:48.845 [Test worker] DEBUG liquibase - Opening jar:file:/C:/Users/user/.gradle/caches/modules-2/files-2.1/org.liquibase/liquibase-core/3.5.5/c65051f327382018bd09c30380f25eac96f210da/liquibase-core-3.5.5.jar!/liquibase/parser/core/xml/dbchangelog-3.5.xsd as liquibase/parser/core/xml/dbchangelog-3.5.xsd
17:43:48.846 [Test worker] DEBUG LiquibaseSchemaResolver - Successfully loaded XSD from liquibase/parser/core/xml/dbchangelog-3.5.xsd
17:43:48.857 [Test worker] DEBUG liquibase - Opening jar:file:/C:/Users/user/.gradle/caches/modules-2/files-2.1/net.corda/corda-node/4.1/45583a2ad1dc5cdd2b90b4ff6d3bfe980bbba0cc/corda-node-4.1.jar!/migration/node-info.changelog-v1.xml as migration/node-info.changelog-v1.xml
17:43:48.859 [Test worker] DEBUG liquibase - Resolving XML entity name='null', publicId='null', baseURI='null', systemId='http://www.liquibase.org/xml/ns/dbchangelog/dbchangelog-3.5.xsd'
17:43:48.860 [Test worker] DEBUG LiquibaseSchemaResolver - Found namespace details class liquibase.parser.core.xml.StandardNamespaceDetails for http://www.liquibase.org/xml/ns/dbchangelog/dbchangelog-3.5.xsd
17:43:48.860 [Test worker] DEBUG LiquibaseSchemaResolver - Local path for http://www.liquibase.org/xml/ns/dbchangelog/dbchangelog-3.5.xsd is liquibase/parser/core/xml/dbchangelog-3.5.xsd
17:43:48.861 [Test worker] DEBUG liquibase - Opening jar:file:/C:/Users/user/.gradle/caches/modules-2/files-2.1/org.liquibase/liquibase-core/3.5.5/c65051f327382018bd09c30380f25eac96f210da/liquibase-core-3.5.5.jar!/liquibase/parser/core/xml/dbchangelog-3.5.xsd as liquibase/parser/core/xml/dbchangelog-3.5.xsd
17:43:48.861 [Test worker] DEBUG LiquibaseSchemaResolver - Successfully loaded XSD from liquibase/parser/core/xml/dbchangelog-3.5.xsd
17:43:48.872 [Test worker] DEBUG liquibase - Opening jar:file:/C:/Users/user/.gradle/caches/modules-2/files-2.1/net.corda/corda-node/4.1/45583a2ad1dc5cdd2b90b4ff6d3bfe980bbba0cc/corda-node-4.1.jar!/migration/node-info.changelog-v2.xml as migration/node-info.changelog-v2.xml
17:43:48.875 [Test worker] DEBUG liquibase - Resolving XML entity name='null', publicId='null', baseURI='null', systemId='http://www.liquibase.org/xml/ns/dbchangelog/dbchangelog-3.5.xsd'
17:43:48.875 [Test worker] DEBUG LiquibaseSchemaResolver - Found namespace details class liquibase.parser.core.xml.StandardNamespaceDetails for http://www.liquibase.org/xml/ns/dbchangelog/dbchangelog-3.5.xsd
17:43:48.875 [Test worker] DEBUG LiquibaseSchemaResolver - Local path for http://www.liquibase.org/xml/ns/dbchangelog/dbchangelog-3.5.xsd is liquibase/parser/core/xml/dbchangelog-3.5.xsd
17:43:48.875 [Test worker] DEBUG liquibase - Opening jar:file:/C:/Users/user/.gradle/caches/modules-2/files-2.1/org.liquibase/liquibase-core/3.5.5/c65051f327382018bd09c30380f25eac96f210da/liquibase-core-3.5.5.jar!/liquibase/parser/core/xml/dbchangelog-3.5.xsd as liquibase/parser/core/xml/dbchangelog-3.5.xsd
17:43:48.876 [Test worker] DEBUG LiquibaseSchemaResolver - Successfully loaded XSD from liquibase/parser/core/xml/dbchangelog-3.5.xsd
17:43:48.885 [Test worker] DEBUG liquibase - Opening jar:file:/C:/Users/user/.gradle/caches/modules-2/files-2.1/net.corda/corda-node/4.1/45583a2ad1dc5cdd2b90b4ff6d3bfe980bbba0cc/corda-node-4.1.jar!/migration/node-info.changelog-v3.xml as migration/node-info.changelog-v3.xml
17:43:48.891 [Test worker] DEBUG liquibase - Resolving XML entity name='null', publicId='null', baseURI='null', systemId='http://www.liquibase.org/xml/ns/dbchangelog/dbchangelog-3.5.xsd'
17:43:48.891 [Test worker] DEBUG LiquibaseSchemaResolver - Found namespace details class liquibase.parser.core.xml.StandardNamespaceDetails for http://www.liquibase.org/xml/ns/dbchangelog/dbchangelog-3.5.xsd
17:43:48.892 [Test worker] DEBUG LiquibaseSchemaResolver - Local path for http://www.liquibase.org/xml/ns/dbchangelog/dbchangelog-3.5.xsd is liquibase/parser/core/xml/dbchangelog-3.5.xsd
17:43:48.893 [Test worker] DEBUG liquibase - Opening jar:file:/C:/Users/user/.gradle/caches/modules-2/files-2.1/org.liquibase/liquibase-core/3.5.5/c65051f327382018bd09c30380f25eac96f210da/liquibase-core-3.5.5.jar!/liquibase/parser/core/xml/dbchangelog-3.5.xsd as liquibase/parser/core/xml/dbchangelog-3.5.xsd
17:43:48.894 [Test worker] DEBUG LiquibaseSchemaResolver - Successfully loaded XSD from liquibase/parser/core/xml/dbchangelog-3.5.xsd
17:43:48.906 [Test worker] DEBUG liquibase - Opening jar:file:/C:/Users/user/.gradle/caches/modules-2/files-2.1/net.corda/corda-node/4.1/45583a2ad1dc5cdd2b90b4ff6d3bfe980bbba0cc/corda-node-4.1.jar!/migration/node-core.changelog-master.xml as migration/node-core.changelog-master.xml
17:43:48.911 [Test worker] DEBUG liquibase - Resolving XML entity name='null', publicId='null', baseURI='null', systemId='http://www.liquibase.org/xml/ns/dbchangelog/dbchangelog-3.5.xsd'
17:43:48.911 [Test worker] DEBUG LiquibaseSchemaResolver - Found namespace details class liquibase.parser.core.xml.StandardNamespaceDetails for http://www.liquibase.org/xml/ns/dbchangelog/dbchangelog-3.5.xsd
17:43:48.911 [Test worker] DEBUG LiquibaseSchemaResolver - Local path for http://www.liquibase.org/xml/ns/dbchangelog/dbchangelog-3.5.xsd is liquibase/parser/core/xml/dbchangelog-3.5.xsd
17:43:48.911 [Test worker] DEBUG liquibase - Opening jar:file:/C:/Users/user/.gradle/caches/modules-2/files-2.1/org.liquibase/liquibase-core/3.5.5/c65051f327382018bd09c30380f25eac96f210da/liquibase-core-3.5.5.jar!/liquibase/parser/core/xml/dbchangelog-3.5.xsd as liquibase/parser/core/xml/dbchangelog-3.5.xsd
17:43:48.911 [Test worker] DEBUG LiquibaseSchemaResolver - Successfully loaded XSD from liquibase/parser/core/xml/dbchangelog-3.5.xsd
17:43:48.911 [Test worker] DEBUG liquibase - Opening jar:file:/C:/Users/user/.gradle/caches/modules-2/files-2.1/net.corda/corda-node/4.1/45583a2ad1dc5cdd2b90b4ff6d3bfe980bbba0cc/corda-node-4.1.jar!/migration/node-core.changelog-init.xml as migration/node-core.changelog-init.xml
17:43:48.911 [Test worker] DEBUG liquibase - Resolving XML entity name='null', publicId='null', baseURI='null', systemId='http://www.liquibase.org/xml/ns/dbchangelog/dbchangelog-3.5.xsd'
17:43:48.911 [Test worker] DEBUG LiquibaseSchemaResolver - Found namespace details class liquibase.parser.core.xml.StandardNamespaceDetails for http://www.liquibase.org/xml/ns/dbchangelog/dbchangelog-3.5.xsd
17:43:48.911 [Test worker] DEBUG LiquibaseSchemaResolver - Local path for http://www.liquibase.org/xml/ns/dbchangelog/dbchangelog-3.5.xsd is liquibase/parser/core/xml/dbchangelog-3.5.xsd
17:43:48.911 [Test worker] DEBUG liquibase - Opening jar:file:/C:/Users/user/.gradle/caches/modules-2/files-2.1/org.liquibase/liquibase-core/3.5.5/c65051f327382018bd09c30380f25eac96f210da/liquibase-core-3.5.5.jar!/liquibase/parser/core/xml/dbchangelog-3.5.xsd as liquibase/parser/core/xml/dbchangelog-3.5.xsd
17:43:48.911 [Test worker] DEBUG LiquibaseSchemaResolver - Successfully loaded XSD from liquibase/parser/core/xml/dbchangelog-3.5.xsd
17:43:48.926 [Test worker] DEBUG liquibase - Opening jar:file:/C:/Users/user/.gradle/caches/modules-2/files-2.1/net.corda/corda-node/4.1/45583a2ad1dc5cdd2b90b4ff6d3bfe980bbba0cc/corda-node-4.1.jar!/migration/node-core.changelog-v3.xml as migration/node-core.changelog-v3.xml
17:43:48.940 [Test worker] DEBUG liquibase - Resolving XML entity name='null', publicId='null', baseURI='null', systemId='http://www.liquibase.org/xml/ns/dbchangelog/dbchangelog-3.5.xsd'
17:43:48.941 [Test worker] DEBUG LiquibaseSchemaResolver - Found namespace details class liquibase.parser.core.xml.StandardNamespaceDetails for http://www.liquibase.org/xml/ns/dbchangelog/dbchangelog-3.5.xsd
17:43:48.941 [Test worker] DEBUG LiquibaseSchemaResolver - Local path for http://www.liquibase.org/xml/ns/dbchangelog/dbchangelog-3.5.xsd is liquibase/parser/core/xml/dbchangelog-3.5.xsd
17:43:48.943 [Test worker] DEBUG liquibase - Opening jar:file:/C:/Users/user/.gradle/caches/modules-2/files-2.1/org.liquibase/liquibase-core/3.5.5/c65051f327382018bd09c30380f25eac96f210da/liquibase-core-3.5.5.jar!/liquibase/parser/core/xml/dbchangelog-3.5.xsd as liquibase/parser/core/xml/dbchangelog-3.5.xsd
17:43:48.944 [Test worker] DEBUG LiquibaseSchemaResolver - Successfully loaded XSD from liquibase/parser/core/xml/dbchangelog-3.5.xsd
17:43:48.956 [Test worker] DEBUG liquibase - Opening jar:file:/C:/Users/user/.gradle/caches/modules-2/files-2.1/net.corda/corda-node/4.1/45583a2ad1dc5cdd2b90b4ff6d3bfe980bbba0cc/corda-node-4.1.jar!/migration/node-core.changelog-v4.xml as migration/node-core.changelog-v4.xml
17:43:48.960 [Test worker] DEBUG liquibase - Resolving XML entity name='null', publicId='null', baseURI='null', systemId='http://www.liquibase.org/xml/ns/dbchangelog/dbchangelog-3.5.xsd'
17:43:48.961 [Test worker] DEBUG LiquibaseSchemaResolver - Found namespace details class liquibase.parser.core.xml.StandardNamespaceDetails for http://www.liquibase.org/xml/ns/dbchangelog/dbchangelog-3.5.xsd
17:43:48.962 [Test worker] DEBUG LiquibaseSchemaResolver - Local path for http://www.liquibase.org/xml/ns/dbchangelog/dbchangelog-3.5.xsd is liquibase/parser/core/xml/dbchangelog-3.5.xsd
17:43:48.963 [Test worker] DEBUG liquibase - Opening jar:file:/C:/Users/user/.gradle/caches/modules-2/files-2.1/org.liquibase/liquibase-core/3.5.5/c65051f327382018bd09c30380f25eac96f210da/liquibase-core-3.5.5.jar!/liquibase/parser/core/xml/dbchangelog-3.5.xsd as liquibase/parser/core/xml/dbchangelog-3.5.xsd
17:43:48.964 [Test worker] DEBUG LiquibaseSchemaResolver - Successfully loaded XSD from liquibase/parser/core/xml/dbchangelog-3.5.xsd
17:43:48.975 [Test worker] DEBUG liquibase - Opening jar:file:/C:/Users/user/.gradle/caches/modules-2/files-2.1/net.corda/corda-node/4.1/45583a2ad1dc5cdd2b90b4ff6d3bfe980bbba0cc/corda-node-4.1.jar!/migration/node-core.changelog-v5.xml as migration/node-core.changelog-v5.xml
17:43:48.979 [Test worker] DEBUG liquibase - Resolving XML entity name='null', publicId='null', baseURI='null', systemId='http://www.liquibase.org/xml/ns/dbchangelog/dbchangelog-3.5.xsd'
17:43:48.979 [Test worker] DEBUG LiquibaseSchemaResolver - Found namespace details class liquibase.parser.core.xml.StandardNamespaceDetails for http://www.liquibase.org/xml/ns/dbchangelog/dbchangelog-3.5.xsd
17:43:48.980 [Test worker] DEBUG LiquibaseSchemaResolver - Local path for http://www.liquibase.org/xml/ns/dbchangelog/dbchangelog-3.5.xsd is liquibase/parser/core/xml/dbchangelog-3.5.xsd
17:43:48.981 [Test worker] DEBUG liquibase - Opening jar:file:/C:/Users/user/.gradle/caches/modules-2/files-2.1/org.liquibase/liquibase-core/3.5.5/c65051f327382018bd09c30380f25eac96f210da/liquibase-core-3.5.5.jar!/liquibase/parser/core/xml/dbchangelog-3.5.xsd as liquibase/parser/core/xml/dbchangelog-3.5.xsd
17:43:48.983 [Test worker] DEBUG LiquibaseSchemaResolver - Successfully loaded XSD from liquibase/parser/core/xml/dbchangelog-3.5.xsd
17:43:48.998 [Test worker] DEBUG liquibase - Opening jar:file:/C:/Users/user/.gradle/caches/modules-2/files-2.1/net.corda/corda-node/4.1/45583a2ad1dc5cdd2b90b4ff6d3bfe980bbba0cc/corda-node-4.1.jar!/migration/node-core.changelog-pkey.xml as migration/node-core.changelog-pkey.xml
17:43:49.000 [Test worker] DEBUG liquibase - Resolving XML entity name='null', publicId='null', baseURI='null', systemId='http://www.liquibase.org/xml/ns/dbchangelog/dbchangelog-3.5.xsd'
17:43:49.001 [Test worker] DEBUG LiquibaseSchemaResolver - Found namespace details class liquibase.parser.core.xml.StandardNamespaceDetails for http://www.liquibase.org/xml/ns/dbchangelog/dbchangelog-3.5.xsd
17:43:49.001 [Test worker] DEBUG LiquibaseSchemaResolver - Local path for http://www.liquibase.org/xml/ns/dbchangelog/dbchangelog-3.5.xsd is liquibase/parser/core/xml/dbchangelog-3.5.xsd
17:43:49.002 [Test worker] DEBUG liquibase - Opening jar:file:/C:/Users/user/.gradle/caches/modules-2/files-2.1/org.liquibase/liquibase-core/3.5.5/c65051f327382018bd09c30380f25eac96f210da/liquibase-core-3.5.5.jar!/liquibase/parser/core/xml/dbchangelog-3.5.xsd as liquibase/parser/core/xml/dbchangelog-3.5.xsd
17:43:49.002 [Test worker] DEBUG LiquibaseSchemaResolver - Successfully loaded XSD from liquibase/parser/core/xml/dbchangelog-3.5.xsd
17:43:49.010 [Test worker] DEBUG liquibase - Opening jar:file:/C:/Users/user/.gradle/caches/modules-2/files-2.1/net.corda/corda-node/4.1/45583a2ad1dc5cdd2b90b4ff6d3bfe980bbba0cc/corda-node-4.1.jar!/migration/node-core.changelog-postgres-blob.xml as migration/node-core.changelog-postgres-blob.xml
17:43:49.013 [Test worker] DEBUG liquibase - Resolving XML entity name='null', publicId='null', baseURI='null', systemId='http://www.liquibase.org/xml/ns/dbchangelog/dbchangelog-3.5.xsd'
17:43:49.013 [Test worker] DEBUG LiquibaseSchemaResolver - Found namespace details class liquibase.parser.core.xml.StandardNamespaceDetails for http://www.liquibase.org/xml/ns/dbchangelog/dbchangelog-3.5.xsd
17:43:49.013 [Test worker] DEBUG LiquibaseSchemaResolver - Local path for http://www.liquibase.org/xml/ns/dbchangelog/dbchangelog-3.5.xsd is liquibase/parser/core/xml/dbchangelog-3.5.xsd
17:43:49.013 [Test worker] DEBUG liquibase - Opening jar:file:/C:/Users/user/.gradle/caches/modules-2/files-2.1/org.liquibase/liquibase-core/3.5.5/c65051f327382018bd09c30380f25eac96f210da/liquibase-core-3.5.5.jar!/liquibase/parser/core/xml/dbchangelog-3.5.xsd as liquibase/parser/core/xml/dbchangelog-3.5.xsd
17:43:49.014 [Test worker] DEBUG LiquibaseSchemaResolver - Successfully loaded XSD from liquibase/parser/core/xml/dbchangelog-3.5.xsd
17:43:49.023 [Test worker] DEBUG liquibase - Opening jar:file:/C:/Users/user/.gradle/caches/modules-2/files-2.1/net.corda/corda-node/4.1/45583a2ad1dc5cdd2b90b4ff6d3bfe980bbba0cc/corda-node-4.1.jar!/migration/node-core.changelog-v8.xml as migration/node-core.changelog-v8.xml
17:43:49.025 [Test worker] DEBUG liquibase - Resolving XML entity name='null', publicId='null', baseURI='null', systemId='http://www.liquibase.org/xml/ns/dbchangelog/dbchangelog-3.5.xsd'
17:43:49.025 [Test worker] DEBUG LiquibaseSchemaResolver - Found namespace details class liquibase.parser.core.xml.StandardNamespaceDetails for http://www.liquibase.org/xml/ns/dbchangelog/dbchangelog-3.5.xsd
17:43:49.025 [Test worker] DEBUG LiquibaseSchemaResolver - Local path for http://www.liquibase.org/xml/ns/dbchangelog/dbchangelog-3.5.xsd is liquibase/parser/core/xml/dbchangelog-3.5.xsd
17:43:49.026 [Test worker] DEBUG liquibase - Opening jar:file:/C:/Users/user/.gradle/caches/modules-2/files-2.1/org.liquibase/liquibase-core/3.5.5/c65051f327382018bd09c30380f25eac96f210da/liquibase-core-3.5.5.jar!/liquibase/parser/core/xml/dbchangelog-3.5.xsd as liquibase/parser/core/xml/dbchangelog-3.5.xsd
17:43:49.026 [Test worker] DEBUG LiquibaseSchemaResolver - Successfully loaded XSD from liquibase/parser/core/xml/dbchangelog-3.5.xsd
17:43:49.036 [Test worker] DEBUG liquibase - Opening jar:file:/C:/Users/user/.gradle/caches/modules-2/files-2.1/net.corda/corda-node/4.1/45583a2ad1dc5cdd2b90b4ff6d3bfe980bbba0cc/corda-node-4.1.jar!/migration/node-core.changelog-tx-mapping.xml as migration/node-core.changelog-tx-mapping.xml
17:43:49.039 [Test worker] DEBUG liquibase - Resolving XML entity name='null', publicId='null', baseURI='null', systemId='http://www.liquibase.org/xml/ns/dbchangelog/dbchangelog-3.5.xsd'
17:43:49.040 [Test worker] DEBUG LiquibaseSchemaResolver - Found namespace details class liquibase.parser.core.xml.StandardNamespaceDetails for http://www.liquibase.org/xml/ns/dbchangelog/dbchangelog-3.5.xsd
17:43:49.040 [Test worker] DEBUG LiquibaseSchemaResolver - Local path for http://www.liquibase.org/xml/ns/dbchangelog/dbchangelog-3.5.xsd is liquibase/parser/core/xml/dbchangelog-3.5.xsd
17:43:49.041 [Test worker] DEBUG liquibase - Opening jar:file:/C:/Users/user/.gradle/caches/modules-2/files-2.1/org.liquibase/liquibase-core/3.5.5/c65051f327382018bd09c30380f25eac96f210da/liquibase-core-3.5.5.jar!/liquibase/parser/core/xml/dbchangelog-3.5.xsd as liquibase/parser/core/xml/dbchangelog-3.5.xsd
17:43:49.041 [Test worker] DEBUG LiquibaseSchemaResolver - Successfully loaded XSD from liquibase/parser/core/xml/dbchangelog-3.5.xsd
17:43:49.053 [Test worker] DEBUG liquibase - Opening jar:file:/C:/Users/user/.gradle/caches/modules-2/files-2.1/net.corda/corda-node/4.1/45583a2ad1dc5cdd2b90b4ff6d3bfe980bbba0cc/corda-node-4.1.jar!/migration/node-core.changelog-v9.xml as migration/node-core.changelog-v9.xml
17:43:49.055 [Test worker] DEBUG liquibase - Resolving XML entity name='null', publicId='null', baseURI='null', systemId='http://www.liquibase.org/xml/ns/dbchangelog/dbchangelog-3.5.xsd'
17:43:49.055 [Test worker] DEBUG LiquibaseSchemaResolver - Found namespace details class liquibase.parser.core.xml.StandardNamespaceDetails for http://www.liquibase.org/xml/ns/dbchangelog/dbchangelog-3.5.xsd
17:43:49.055 [Test worker] DEBUG LiquibaseSchemaResolver - Local path for http://www.liquibase.org/xml/ns/dbchangelog/dbchangelog-3.5.xsd is liquibase/parser/core/xml/dbchangelog-3.5.xsd
17:43:49.056 [Test worker] DEBUG liquibase - Opening jar:file:/C:/Users/user/.gradle/caches/modules-2/files-2.1/org.liquibase/liquibase-core/3.5.5/c65051f327382018bd09c30380f25eac96f210da/liquibase-core-3.5.5.jar!/liquibase/parser/core/xml/dbchangelog-3.5.xsd as liquibase/parser/core/xml/dbchangelog-3.5.xsd
17:43:49.057 [Test worker] DEBUG LiquibaseSchemaResolver - Successfully loaded XSD from liquibase/parser/core/xml/dbchangelog-3.5.xsd
17:43:49.065 [Test worker] DEBUG liquibase - Opening jar:file:/C:/Users/user/.gradle/caches/modules-2/files-2.1/net.corda/corda-node/4.1/45583a2ad1dc5cdd2b90b4ff6d3bfe980bbba0cc/corda-node-4.1.jar!/migration/node-core.changelog-v10.xml as migration/node-core.changelog-v10.xml
17:43:49.067 [Test worker] DEBUG liquibase - Resolving XML entity name='null', publicId='null', baseURI='null', systemId='http://www.liquibase.org/xml/ns/dbchangelog/dbchangelog-3.5.xsd'
17:43:49.067 [Test worker] DEBUG LiquibaseSchemaResolver - Found namespace details class liquibase.parser.core.xml.StandardNamespaceDetails for http://www.liquibase.org/xml/ns/dbchangelog/dbchangelog-3.5.xsd
17:43:49.067 [Test worker] DEBUG LiquibaseSchemaResolver - Local path for http://www.liquibase.org/xml/ns/dbchangelog/dbchangelog-3.5.xsd is liquibase/parser/core/xml/dbchangelog-3.5.xsd
17:43:49.068 [Test worker] DEBUG liquibase - Opening jar:file:/C:/Users/user/.gradle/caches/modules-2/files-2.1/org.liquibase/liquibase-core/3.5.5/c65051f327382018bd09c30380f25eac96f210da/liquibase-core-3.5.5.jar!/liquibase/parser/core/xml/dbchangelog-3.5.xsd as liquibase/parser/core/xml/dbchangelog-3.5.xsd
17:43:49.068 [Test worker] DEBUG LiquibaseSchemaResolver - Successfully loaded XSD from liquibase/parser/core/xml/dbchangelog-3.5.xsd
17:43:49.078 [Test worker] DEBUG liquibase - Opening jar:file:/C:/Users/user/.gradle/caches/modules-2/files-2.1/net.corda/corda-node/4.1/45583a2ad1dc5cdd2b90b4ff6d3bfe980bbba0cc/corda-node-4.1.jar!/migration/node-core.changelog-v11.xml as migration/node-core.changelog-v11.xml
17:43:49.081 [Test worker] DEBUG liquibase - Resolving XML entity name='null', publicId='null', baseURI='null', systemId='http://www.liquibase.org/xml/ns/dbchangelog/dbchangelog-3.5.xsd'
17:43:49.081 [Test worker] DEBUG LiquibaseSchemaResolver - Found namespace details class liquibase.parser.core.xml.StandardNamespaceDetails for http://www.liquibase.org/xml/ns/dbchangelog/dbchangelog-3.5.xsd
17:43:49.081 [Test worker] DEBUG LiquibaseSchemaResolver - Local path for http://www.liquibase.org/xml/ns/dbchangelog/dbchangelog-3.5.xsd is liquibase/parser/core/xml/dbchangelog-3.5.xsd
17:43:49.081 [Test worker] DEBUG liquibase - Opening jar:file:/C:/Users/user/.gradle/caches/modules-2/files-2.1/org.liquibase/liquibase-core/3.5.5/c65051f327382018bd09c30380f25eac96f210da/liquibase-core-3.5.5.jar!/liquibase/parser/core/xml/dbchangelog-3.5.xsd as liquibase/parser/core/xml/dbchangelog-3.5.xsd
17:43:49.082 [Test worker] DEBUG LiquibaseSchemaResolver - Successfully loaded XSD from liquibase/parser/core/xml/dbchangelog-3.5.xsd
17:43:49.095 [Test worker] DEBUG liquibase - Opening jar:file:/C:/Users/user/.gradle/caches/modules-2/files-2.1/net.corda/corda-node/4.1/45583a2ad1dc5cdd2b90b4ff6d3bfe980bbba0cc/corda-node-4.1.jar!/migration/vault-schema.changelog-v9.xml as migration/vault-schema.changelog-v9.xml
17:43:49.098 [Test worker] DEBUG liquibase - Resolving XML entity name='null', publicId='null', baseURI='null', systemId='http://www.liquibase.org/xml/ns/dbchangelog/dbchangelog-3.5.xsd'
17:43:49.101 [Test worker] DEBUG LiquibaseSchemaResolver - Found namespace details class liquibase.parser.core.xml.StandardNamespaceDetails for http://www.liquibase.org/xml/ns/dbchangelog/dbchangelog-3.5.xsd
17:43:49.102 [Test worker] DEBUG LiquibaseSchemaResolver - Local path for http://www.liquibase.org/xml/ns/dbchangelog/dbchangelog-3.5.xsd is liquibase/parser/core/xml/dbchangelog-3.5.xsd
17:43:49.103 [Test worker] DEBUG liquibase - Opening jar:file:/C:/Users/user/.gradle/caches/modules-2/files-2.1/org.liquibase/liquibase-core/3.5.5/c65051f327382018bd09c30380f25eac96f210da/liquibase-core-3.5.5.jar!/liquibase/parser/core/xml/dbchangelog-3.5.xsd as liquibase/parser/core/xml/dbchangelog-3.5.xsd
17:43:49.104 [Test worker] DEBUG LiquibaseSchemaResolver - Successfully loaded XSD from liquibase/parser/core/xml/dbchangelog-3.5.xsd
17:43:49.114 [Test worker] DEBUG liquibase - Create Database Change Log Table
17:43:49.115 [Test worker] INFO liquibase - Creating database history table with name: PUBLIC.DATABASECHANGELOG
17:43:49.116 [Test worker] DEBUG liquibase - Executing EXECUTE database command: CREATE TABLE PUBLIC.DATABASECHANGELOG (ID VARCHAR(255) NOT NULL, AUTHOR VARCHAR(255) NOT NULL, FILENAME VARCHAR(255) NOT NULL, DATEEXECUTED TIMESTAMP NOT NULL, ORDEREXECUTED INT NOT NULL, EXECTYPE VARCHAR(10) NOT NULL, MD5SUM VARCHAR(35), DESCRIPTION VARCHAR(255), COMMENTS VARCHAR(255), TAG VARCHAR(255), LIQUIBASE VARCHAR(20), CONTEXTS VARCHAR(255), LABELS VARCHAR(255), DEPLOYMENT_ID VARCHAR(10))
17:43:49.120 [Test worker] DEBUG liquibase - Executing QUERY database command: select count(*) from PUBLIC.DATABASECHANGELOG
17:43:49.120 [Test worker] INFO liquibase - Reading from PUBLIC.DATABASECHANGELOG
17:43:49.120 [Test worker] DEBUG liquibase - Executing QUERY database command: SELECT * FROM PUBLIC.DATABASECHANGELOG ORDER BY DATEEXECUTED ASC, ORDEREXECUTED ASC
17:43:49.121 [Test worker] DEBUG liquibase - Executing QUERY database command: select count(*) from PUBLIC.DATABASECHANGELOGLOCK
17:43:49.121 [Test worker] DEBUG liquibase - Create Database Lock Table
17:43:49.122 [Test worker] DEBUG liquibase - Executing EXECUTE database command: CREATE TABLE PUBLIC.DATABASECHANGELOGLOCK (ID INT NOT NULL, LOCKED BOOLEAN NOT NULL, LOCKGRANTED TIMESTAMP, LOCKEDBY VARCHAR(255), CONSTRAINT PK_DATABASECHANGELOGLOCK PRIMARY KEY (ID))
17:43:49.122 [Test worker] DEBUG liquibase - Created database lock table with name: PUBLIC.DATABASECHANGELOGLOCK
17:43:49.122 [Test worker] DEBUG liquibase - Executing QUERY database command: select count(*) from PUBLIC.DATABASECHANGELOGLOCK
17:43:49.122 [Test worker] DEBUG liquibase - Initialize Database Lock Table
17:43:49.122 [Test worker] DEBUG liquibase - Executing EXECUTE database command: DELETE FROM PUBLIC.DATABASECHANGELOGLOCK
17:43:49.128 [Test worker] DEBUG liquibase - Executing EXECUTE database command: INSERT INTO PUBLIC.DATABASECHANGELOGLOCK (ID, LOCKED) VALUES (1, FALSE)
17:43:49.129 [Test worker] DEBUG liquibase - master.changelog.json: migration/common.changelog-init.xml::1511451595465-1.1::R3.Corda: Computed checksum for createSequence:[
    sequenceName="hibernate_sequence"
] as 3b59bc60f6cf5c7c76b020ae29954565
17:43:49.131 [Test worker] DEBUG liquibase - master.changelog.json: migration/common.changelog-init.xml::1511451595465-1.1::R3.Corda: Computed checksum for 7:3b59bc60f6cf5c7c76b020ae29954565: as afe897bea20bc08d1681087c94d0967d
17:43:49.132 [Test worker] DEBUG liquibase - master.changelog.json: migration/common.changelog-init.xml::1511451595465-1.3::R3.Corda: Computed checksum for createSequence:[
    minValue="1"
    sequenceName="hibernate_sequence"
] as f473914cdfde3972225cdb465aeff71d
17:43:49.132 [Test worker] DEBUG liquibase - master.changelog.json: migration/common.changelog-init.xml::1511451595465-1.3::R3.Corda: Computed checksum for 7:f473914cdfde3972225cdb465aeff71d: as b775a64dd8351ca0b00329ea3e49f44b
17:43:49.133 [Test worker] INFO liquibase - master.changelog.json: migration/common.changelog-init.xml::1511451595465-1.3::R3.Corda: Skipping changeSet migration/common.changelog-init.xml::1511451595465-1.3::R3.Corda due to validation error(s): minValue is not allowed on h2
17:43:49.135 [Test worker] DEBUG liquibase - master.changelog.json: migration/vault-schema.changelog-init.xml::1511451595465-22::R3.Corda: Computed checksum for createTable:[
    columns=[
        [
            [
                nullable="false"
            ]
            name="output_index"
            type="INT"
        ],
        [
            [
                nullable="false"
            ]
            name="transaction_id"
            type="NVARCHAR(64)"
        ],
        [
            name="issuer_name"
            type="NVARCHAR(255)"
        ],
        [
            name="issuer_ref"
            type="varbinary(512)"
        ],
        [
       ... [truncated in log] as e175aecbeafccf493b3899098eb581f2
17:43:49.142 [Test worker] DEBUG liquibase - master.changelog.json: migration/vault-schema.changelog-init.xml::1511451595465-22::R3.Corda: Computed checksum for 7:e175aecbeafccf493b3899098eb581f2: as 1f8a20296ddeb0fc739bd8e7084b0bab
17:43:49.144 [Test worker] DEBUG liquibase - master.changelog.json: migration/vault-schema.changelog-init.xml::1511451595465-23::R3.Corda: Computed checksum for createTable:[
    columns=[
        [
            [
                nullable="false"
            ]
            name="output_index"
            type="INT"
        ],
        [
            [
                nullable="false"
            ]
            name="transaction_id"
            type="NVARCHAR(64)"
        ],
        [
            name="participants"
            type="NVARCHAR(255)"
        ]
    ]
    tableName="vault_fungible_states_parts"
] as add94f234be5f070e7c2a20110730809
17:43:49.144 [Test worker] DEBUG liquibase - master.changelog.json: migration/vault-schema.changelog-init.xml::1511451595465-23::R3.Corda: Computed checksum for 7:add94f234be5f070e7c2a20110730809: as 1a9f6483c225c03a3a558b5b20306741
17:43:49.145 [Test worker] DEBUG liquibase - master.changelog.json: migration/vault-schema.changelog-init.xml::1511451595465-24::R3.Corda: Computed checksum for createTable:[
    columns=[
        [
            [
                nullable="false"
            ]
            name="output_index"
            type="INT"
        ],
        [
            [
                nullable="false"
            ]
            name="transaction_id"
            type="NVARCHAR(64)"
        ],
        [
            name="external_id"
            type="NVARCHAR(255)"
        ],
        [
            [
                nullable="false"
            ]
            name="uuid"
       ... [truncated in log] as a2b34ccc00e85d4de9b82e22ec7fa971
17:43:49.147 [Test worker] DEBUG liquibase - master.changelog.json: migration/vault-schema.changelog-init.xml::1511451595465-24::R3.Corda: Computed checksum for 7:a2b34ccc00e85d4de9b82e22ec7fa971: as cc33e3b7b7db0e8613421e71352448d1
17:43:49.148 [Test worker] DEBUG liquibase - master.changelog.json: migration/vault-schema.changelog-init.xml::1511451595465-25::R3.Corda: Computed checksum for createTable:[
    columns=[
        [
            [
                nullable="false"
            ]
            name="output_index"
            type="INT"
        ],
        [
            [
                nullable="false"
            ]
            name="transaction_id"
            type="NVARCHAR(64)"
        ],
        [
            name="participants"
            type="NVARCHAR(255)"
        ]
    ]
    tableName="vault_linear_states_parts"
] as ff0db7191732aba7aa4402b9145d55d8
17:43:49.158 [Test worker] DEBUG liquibase - master.changelog.json: migration/vault-schema.changelog-init.xml::1511451595465-25::R3.Corda: Computed checksum for 7:ff0db7191732aba7aa4402b9145d55d8: as cee1c34886b737d7c86f4ba94a43d9a7
17:43:49.159 [Test worker] DEBUG liquibase - master.changelog.json: migration/vault-schema.changelog-init.xml::1511451595465-26::R3.Corda: Computed checksum for createTable:[
    columns=[
        [
            [
                nullable="false"
            ]
            name="output_index"
            type="INT"
        ],
        [
            [
                nullable="false"
            ]
            name="transaction_id"
            type="NVARCHAR(64)"
        ],
        [
            name="consumed_timestamp"
            type="timestamp"
        ],
        [
            name="contract_state_class_name"
            type="NVARCHAR(255)"
        ],
... [truncated in log] as 3590556b2783206eba7b151844f6a2e8
17:43:49.163 [Test worker] DEBUG liquibase - master.changelog.json: migration/vault-schema.changelog-init.xml::1511451595465-26::R3.Corda: Computed checksum for 7:3590556b2783206eba7b151844f6a2e8: as 47ea918c4e5894a573ed08ff7d3cfcf8
17:43:49.164 [Test worker] DEBUG liquibase - master.changelog.json: migration/vault-schema.changelog-init.xml::1511451595465-27::R3.Corda: Computed checksum for createTable:[
    columns=[
        [
            [
                nullable="false"
            ]
            name="seq_no"
            type="INT"
        ],
        [
            name="note"
            type="NVARCHAR(255)"
        ],
        [
            name="transaction_id"
            type="NVARCHAR(64)"
        ]
    ]
    tableName="vault_transaction_notes"
] as b2a3172c8e54fe287195c0f1d9d79d06
17:43:49.168 [Test worker] DEBUG liquibase - master.changelog.json: migration/vault-schema.changelog-init.xml::1511451595465-27::R3.Corda: Computed checksum for 7:b2a3172c8e54fe287195c0f1d9d79d06: as b335f04504c263e99eb1b4b78fb7b976
17:43:49.170 [Test worker] DEBUG liquibase - master.changelog.json: migration/vault-schema.changelog-init.xml::1511451595465-47::R3.Corda: Computed checksum for addPrimaryKey:[
    columnNames="output_index, transaction_id"
    constraintName="vault_fungible_states_pkey"
    tableName="vault_fungible_states"
] as 1c0d1edb717c326aca50814658fa822a
17:43:49.170 [Test worker] DEBUG liquibase - master.changelog.json: migration/vault-schema.changelog-init.xml::1511451595465-47::R3.Corda: Computed checksum for 7:1c0d1edb717c326aca50814658fa822a: as 5ebf8c6ceacd418805fef0a8d5926d22
17:43:49.173 [Test worker] DEBUG liquibase - master.changelog.json: migration/vault-schema.changelog-init.xml::1511451595465-48::R3.Corda: Computed checksum for addPrimaryKey:[
    columnNames="output_index, transaction_id"
    constraintName="vault_linear_states_pkey"
    tableName="vault_linear_states"
] as 4e3aaffa0ad01595c6c23745084763b1
17:43:49.175 [Test worker] DEBUG liquibase - master.changelog.json: migration/vault-schema.changelog-init.xml::1511451595465-48::R3.Corda: Computed checksum for 7:4e3aaffa0ad01595c6c23745084763b1: as 6852e525af1e0e841b85cbc65c3ef3eb
17:43:49.175 [Test worker] DEBUG liquibase - master.changelog.json: migration/vault-schema.changelog-init.xml::1511451595465-49::R3.Corda: Computed checksum for addPrimaryKey:[
    columnNames="output_index, transaction_id"
    constraintName="vault_states_pkey"
    tableName="vault_states"
] as 4bd501a6f3a2480ca4be1186a9ae2951
17:43:49.176 [Test worker] DEBUG liquibase - master.changelog.json: migration/vault-schema.changelog-init.xml::1511451595465-49::R3.Corda: Computed checksum for 7:4bd501a6f3a2480ca4be1186a9ae2951: as e88ace88ae32b7c6a212f749bed7f25f
17:43:49.176 [Test worker] DEBUG liquibase - master.changelog.json: migration/vault-schema.changelog-init.xml::1511451595465-50::R3.Corda: Computed checksum for addPrimaryKey:[
    columnNames="seq_no"
    constraintName="vault_transaction_notes_pkey"
    tableName="vault_transaction_notes"
] as 39e3946cfbca51e6913a1c4f38ddf0c7
17:43:49.176 [Test worker] DEBUG liquibase - master.changelog.json: migration/vault-schema.changelog-init.xml::1511451595465-50::R3.Corda: Computed checksum for 7:39e3946cfbca51e6913a1c4f38ddf0c7: as aef52cbfcee4e86a30a1175aacdae9b5
17:43:49.177 [Test worker] DEBUG liquibase - master.changelog.json: migration/vault-schema.changelog-init.xml::1511451595465-53::R3.Corda: Computed checksum for createIndex:[
    columns=[
        [
            name="external_id"
        ]
    ]
    indexName="external_id_index"
    tableName="vault_linear_states"
] as f98aafeaa30935a36db499f2104a93bf
17:43:49.178 [Test worker] DEBUG liquibase - master.changelog.json: migration/vault-schema.changelog-init.xml::1511451595465-53::R3.Corda: Computed checksum for 7:f98aafeaa30935a36db499f2104a93bf: as 7b0c95c0892fe1aba26a294d843d3c0a
17:43:49.179 [Test worker] DEBUG liquibase - master.changelog.json: migration/vault-schema.changelog-init.xml::1511451595465-55::R3.Corda: Computed checksum for createIndex:[
    columns=[
        [
            name="lock_id"
        ],
        [
            name="state_status"
        ]
    ]
    indexName="lock_id_idx"
    tableName="vault_states"
] as e42dab0002a4e906bfd484f143741150
17:43:49.179 [Test worker] DEBUG liquibase - master.changelog.json: migration/vault-schema.changelog-init.xml::1511451595465-55::R3.Corda: Computed checksum for 7:e42dab0002a4e906bfd484f143741150: as daf1bfa84381a1c8e100c14229a6d860
17:43:49.180 [Test worker] DEBUG liquibase - master.changelog.json: migration/vault-schema.changelog-init.xml::1511451595465-58::R3.Corda: Computed checksum for createIndex:[
    columns=[
        [
            name="state_status"
        ]
    ]
    indexName="state_status_idx"
    tableName="vault_states"
] as 2ff9d748b5e8cc68d2b31c3435578cef
17:43:49.180 [Test worker] DEBUG liquibase - master.changelog.json: migration/vault-schema.changelog-init.xml::1511451595465-58::R3.Corda: Computed checksum for 7:2ff9d748b5e8cc68d2b31c3435578cef: as 775d3c8a27b7fad84f9894db6bdf3e87
17:43:49.184 [Test worker] DEBUG liquibase - master.changelog.json: migration/vault-schema.changelog-init.xml::1511451595465-59::R3.Corda: Computed checksum for createIndex:[
    columns=[
        [
            name="transaction_id"
        ]
    ]
    indexName="transaction_id_index"
    tableName="vault_transaction_notes"
] as fd9eea380cef475dc54fd99e4e233920
17:43:49.187 [Test worker] DEBUG liquibase - master.changelog.json: migration/vault-schema.changelog-init.xml::1511451595465-59::R3.Corda: Computed checksum for 7:fd9eea380cef475dc54fd99e4e233920: as 1be2b24f3e4fedc8252c24080b713783
17:43:49.187 [Test worker] DEBUG liquibase - master.changelog.json: migration/vault-schema.changelog-init.xml::1511451595465-60::R3.Corda: Computed checksum for createIndex:[
    columns=[
        [
            name="uuid"
        ]
    ]
    indexName="uuid_index"
    tableName="vault_linear_states"
] as 0c3a5a186849036cd224f1c228d6dde9
17:43:49.190 [Test worker] DEBUG liquibase - master.changelog.json: migration/vault-schema.changelog-init.xml::1511451595465-60::R3.Corda: Computed checksum for 7:0c3a5a186849036cd224f1c228d6dde9: as f372f17dd75374bfecfde0e44d7ce36c
17:43:49.192 [Test worker] DEBUG liquibase - master.changelog.json: migration/vault-schema.changelog-init.xml::1511451595465-64::R3.Corda: Computed checksum for addForeignKeyConstraint:[
    baseColumnNames="output_index,transaction_id"
    baseTableName="vault_fungible_states_parts"
    constraintName="FK__fung_st_parts__fung_st"
    referencedColumnNames="output_index,transaction_id"
    referencedTableName="vault_fungible_states"
] as 0eece996759bc05f893e13edcc7012b3
17:43:49.193 [Test worker] DEBUG liquibase - master.changelog.json: migration/vault-schema.changelog-init.xml::1511451595465-64::R3.Corda: Computed checksum for 7:0eece996759bc05f893e13edcc7012b3: as 3771038da08dbe5dbbbdffac7300198d
17:43:49.194 [Test worker] DEBUG liquibase - master.changelog.json: migration/vault-schema.changelog-init.xml::1511451595465-65::R3.Corda: Computed checksum for addForeignKeyConstraint:[
    baseColumnNames="output_index,transaction_id"
    baseTableName="vault_linear_states_parts"
    constraintName="FK__lin_stat_parts__lin_stat"
    referencedColumnNames="output_index,transaction_id"
    referencedTableName="vault_linear_states"
] as c3bfc19faabd85d1ada74a704975075a
17:43:49.196 [Test worker] DEBUG liquibase - master.changelog.json: migration/vault-schema.changelog-init.xml::1511451595465-65::R3.Corda: Computed checksum for 7:c3bfc19faabd85d1ada74a704975075a: as 4cccc80aadefc753d80d33d233d426b1
17:43:49.196 [Test worker] DEBUG liquibase - master.changelog.json: migration/vault-schema.changelog-v3.xml::clean_vault::R3.Corda: Computed checksum for delete:[
    tableName="vault_fungible_states_parts"
] as b70b29b3a6bedbc5661cba016468c920
17:43:49.197 [Test worker] DEBUG liquibase - master.changelog.json: migration/vault-schema.changelog-v3.xml::clean_vault::R3.Corda: Computed checksum for delete:[
    tableName="vault_fungible_states"
] as a274055ce2143aac7ca36e5fad03b134
17:43:49.197 [Test worker] DEBUG liquibase - master.changelog.json: migration/vault-schema.changelog-v3.xml::clean_vault::R3.Corda: Computed checksum for delete:[
    tableName="vault_linear_states_parts"
] as ea0a011664469f485e1c20d3a801a95c
17:43:49.197 [Test worker] DEBUG liquibase - master.changelog.json: migration/vault-schema.changelog-v3.xml::clean_vault::R3.Corda: Computed checksum for delete:[
    tableName="vault_linear_states"
] as 3448fb16d803304ec5b23fe901463752
17:43:49.198 [Test worker] DEBUG liquibase - master.changelog.json: migration/vault-schema.changelog-v3.xml::clean_vault::R3.Corda: Computed checksum for delete:[
    tableName="vault_states"
] as 9554b12247631c9ef0b25ddf1faaa6d3
17:43:49.198 [Test worker] DEBUG liquibase - master.changelog.json: migration/vault-schema.changelog-v3.xml::clean_vault::R3.Corda: Computed checksum for delete:[
    tableName="vault_transaction_notes"
] as 0250e47826dc021ed9e01d035ea6f1b6
17:43:49.198 [Test worker] DEBUG liquibase - master.changelog.json: migration/vault-schema.changelog-v3.xml::clean_vault::R3.Corda: Computed checksum for 7:b70b29b3a6bedbc5661cba016468c920:7:a274055ce2143aac7ca36e5fad03b134:7:ea0a011664469f485e1c20d3a801a95c:7:3448fb16d803304ec5b23fe901463752:7:9554b12247631c9ef0b25ddf1faaa6d3:7:0250e47826dc021ed9e01d035ea6f1b6: as c16f94cc9c0418c23dfcedd33e85d2d3
17:43:49.199 [Test worker] DEBUG liquibase - master.changelog.json: migration/vault-schema.changelog-v4.xml::nullability::R3.Corda: Computed checksum for addNotNullConstraint:[
    columnDataType="BIGINT"
    columnName="quantity"
    tableName="vault_fungible_states"
] as d78eae5ca9adbacacf85e33e2a7f7415
17:43:49.199 [Test worker] DEBUG liquibase - master.changelog.json: migration/vault-schema.changelog-v4.xml::nullability::R3.Corda: Computed checksum for addNotNullConstraint:[
    columnDataType="NVARCHAR(255)"
    columnName="contract_state_class_name"
    tableName="vault_states"
] as 2078d56a1b5edbecbcc69079c33eb871
17:43:49.202 [Test worker] DEBUG liquibase - master.changelog.json: migration/vault-schema.changelog-v4.xml::nullability::R3.Corda: Computed checksum for addNotNullConstraint:[
    columnDataType="NVARCHAR(255)"
    columnName="notary_name"
    tableName="vault_states"
] as 2258242147cd14905eb100408de09558
17:43:49.202 [Test worker] DEBUG liquibase - master.changelog.json: migration/vault-schema.changelog-v4.xml::nullability::R3.Corda: Computed checksum for addNotNullConstraint:[
    columnDataType="timestamp"
    columnName="recorded_timestamp"
    tableName="vault_states"
] as ae7f591a2aca843f8ab716280bfd3947
17:43:49.203 [Test worker] DEBUG liquibase - master.changelog.json: migration/vault-schema.changelog-v4.xml::nullability::R3.Corda: Computed checksum for dropIndex:[
    indexName="state_status_idx"
    tableName="vault_states"
] as 6583c319aa2e4b6d1f195c77bc111ac5
17:43:49.203 [Test worker] DEBUG liquibase - master.changelog.json: migration/vault-schema.changelog-v4.xml::nullability::R3.Corda: Computed checksum for dropIndex:[
    indexName="lock_id_idx"
    tableName="vault_states"
] as e22a84c8f8873eb942f692a00ddda6c5
17:43:49.204 [Test worker] DEBUG liquibase - master.changelog.json: migration/vault-schema.changelog-v4.xml::nullability::R3.Corda: Computed checksum for addNotNullConstraint:[
    columnDataType="INT"
    columnName="state_status"
    tableName="vault_states"
] as f062ec40c033aa8c2a8ec93fcfc05443
17:43:49.204 [Test worker] DEBUG liquibase - master.changelog.json: migration/vault-schema.changelog-v4.xml::nullability::R3.Corda: Computed checksum for createIndex:[
    columns=[
        [
            name="state_status"
        ]
    ]
    indexName="state_status_idx"
    tableName="vault_states"
] as 2ff9d748b5e8cc68d2b31c3435578cef
17:43:49.205 [Test worker] DEBUG liquibase - master.changelog.json: migration/vault-schema.changelog-v4.xml::nullability::R3.Corda: Computed checksum for createIndex:[
    columns=[
        [
            name="lock_id"
        ],
        [
            name="state_status"
        ]
    ]
    indexName="lock_id_idx"
    tableName="vault_states"
] as e42dab0002a4e906bfd484f143741150
17:43:49.206 [Test worker] DEBUG liquibase - master.changelog.json: migration/vault-schema.changelog-v4.xml::nullability::R3.Corda: Computed checksum for dropIndex:[
    indexName="transaction_id_index"
    tableName="vault_transaction_notes"
] as 7677600c3adca898205158cdae636f0d
17:43:49.206 [Test worker] DEBUG liquibase - master.changelog.json: migration/vault-schema.changelog-v4.xml::nullability::R3.Corda: Computed checksum for addNotNullConstraint:[
    columnDataType="NVARCHAR(255)"
    columnName="note"
    tableName="vault_transaction_notes"
] as 4155de3b6c359ed6d735b6ae5c880ed2
17:43:49.206 [Test worker] DEBUG liquibase - master.changelog.json: migration/vault-schema.changelog-v4.xml::nullability::R3.Corda: Computed checksum for addNotNullConstraint:[
    columnDataType="NVARCHAR(64)"
    columnName="transaction_id"
    tableName="vault_transaction_notes"
] as f6eaec7b45db4b379b8485512bd873c1
17:43:49.207 [Test worker] DEBUG liquibase - master.changelog.json: migration/vault-schema.changelog-v4.xml::nullability::R3.Corda: Computed checksum for createIndex:[
    columns=[
        [
            name="transaction_id"
        ]
    ]
    indexName="transaction_id_index"
    tableName="vault_transaction_notes"
] as fd9eea380cef475dc54fd99e4e233920
17:43:49.207 [Test worker] DEBUG liquibase - master.changelog.json: migration/vault-schema.changelog-v4.xml::nullability::R3.Corda: Computed checksum for 7:d78eae5ca9adbacacf85e33e2a7f7415:7:2078d56a1b5edbecbcc69079c33eb871:7:2258242147cd14905eb100408de09558:7:ae7f591a2aca843f8ab716280bfd3947:7:6583c319aa2e4b6d1f195c77bc111ac5:7:e22a84c8f8873eb942f692a00ddda6c5:7:f062ec40c033aa8c2a8ec93fcfc05443:7:2ff9d748b5e8cc68d2b31c3435578cef:7:e42dab0002a4e906bfd484f143741150:7:7677600c3adca898205158cdae636f0d:7:4155de3b6c359ed6d735b6ae5c880ed2:7:f6eaec7b45db4b379b8485512bd873c1:7:fd9eea380cef475dc54fd99e4e233920: as 59450415a9a86b5b55d9f9347b383e6a
17:43:49.208 [Test worker] DEBUG liquibase - master.changelog.json: migration/vault-schema.changelog-pkey.xml::non-clustered_pk-11::R3.Corda: Computed checksum for dropForeignKeyConstraint:[
    baseTableName="vault_fungible_states_parts"
    constraintName="FK__fung_st_parts__fung_st"
] as 366e0c21ef7697fbe3f3045b1680d699
17:43:49.208 [Test worker] DEBUG liquibase - master.changelog.json: migration/vault-schema.changelog-pkey.xml::non-clustered_pk-11::R3.Corda: Computed checksum for dropPrimaryKey:[
    constraintName="vault_fungible_states_pkey"
    tableName="vault_fungible_states"
] as f27f6f6e80b50caaa06aa6c747243425
17:43:49.208 [Test worker] DEBUG liquibase - master.changelog.json: migration/vault-schema.changelog-pkey.xml::non-clustered_pk-11::R3.Corda: Computed checksum for addPrimaryKey:[
    clustered="false"
    columnNames="output_index, transaction_id"
    constraintName="vault_fungible_states_pkey"
    tableName="vault_fungible_states"
] as 0729afe4c34a21623a8f5744790f34c4
17:43:49.209 [Test worker] DEBUG liquibase - master.changelog.json: migration/vault-schema.changelog-pkey.xml::non-clustered_pk-11::R3.Corda: Computed checksum for addForeignKeyConstraint:[
    baseColumnNames="output_index,transaction_id"
    baseTableName="vault_fungible_states_parts"
    constraintName="FK__fung_st_parts__fung_st"
    referencedColumnNames="output_index,transaction_id"
    referencedTableName="vault_fungible_states"
] as 0eece996759bc05f893e13edcc7012b3
17:43:49.209 [Test worker] DEBUG liquibase - master.changelog.json: migration/vault-schema.changelog-pkey.xml::non-clustered_pk-11::R3.Corda: Computed checksum for 7:366e0c21ef7697fbe3f3045b1680d699:7:f27f6f6e80b50caaa06aa6c747243425:7:0729afe4c34a21623a8f5744790f34c4:7:0eece996759bc05f893e13edcc7012b3: as c88a8494afc1f2507131e709b3ec4f1e
17:43:49.209 [Test worker] INFO liquibase - master.changelog.json: migration/vault-schema.changelog-pkey.xml::non-clustered_pk-11::R3.Corda: Skipping changeSet migration/vault-schema.changelog-pkey.xml::non-clustered_pk-11::R3.Corda due to validation error(s): clustered is not allowed on h2
17:43:49.209 [Test worker] DEBUG liquibase - master.changelog.json: migration/vault-schema.changelog-pkey.xml::non-clustered_pk-12::R3.Corda: Computed checksum for dropForeignKeyConstraint:[
    baseTableName="vault_linear_states_parts"
    constraintName="FK__lin_stat_parts__lin_stat"
] as c9ce07b51242a8f54da9e570853dc34f
17:43:49.210 [Test worker] DEBUG liquibase - master.changelog.json: migration/vault-schema.changelog-pkey.xml::non-clustered_pk-12::R3.Corda: Computed checksum for dropPrimaryKey:[
    constraintName="vault_linear_states_pkey"
    tableName="vault_linear_states"
] as d986066259edad3f263694f099f02f7f
17:43:49.210 [Test worker] DEBUG liquibase - master.changelog.json: migration/vault-schema.changelog-pkey.xml::non-clustered_pk-12::R3.Corda: Computed checksum for addPrimaryKey:[
    clustered="false"
    columnNames="output_index, transaction_id"
    constraintName="vault_linear_states_pkey"
    tableName="vault_linear_states"
] as c26064d58e4f1b2610b6d01e5c0b9b5b
17:43:49.210 [Test worker] DEBUG liquibase - master.changelog.json: migration/vault-schema.changelog-pkey.xml::non-clustered_pk-12::R3.Corda: Computed checksum for addForeignKeyConstraint:[
    baseColumnNames="output_index,transaction_id"
    baseTableName="vault_linear_states_parts"
    constraintName="FK__lin_stat_parts__lin_stat"
    referencedColumnNames="output_index,transaction_id"
    referencedTableName="vault_linear_states"
] as c3bfc19faabd85d1ada74a704975075a
17:43:49.210 [Test worker] DEBUG liquibase - master.changelog.json: migration/vault-schema.changelog-pkey.xml::non-clustered_pk-12::R3.Corda: Computed checksum for 7:c9ce07b51242a8f54da9e570853dc34f:7:d986066259edad3f263694f099f02f7f:7:c26064d58e4f1b2610b6d01e5c0b9b5b:7:c3bfc19faabd85d1ada74a704975075a: as 5569de8454d891688bbb7510f634782f
17:43:49.210 [Test worker] INFO liquibase - master.changelog.json: migration/vault-schema.changelog-pkey.xml::non-clustered_pk-12::R3.Corda: Skipping changeSet migration/vault-schema.changelog-pkey.xml::non-clustered_pk-12::R3.Corda due to validation error(s): clustered is not allowed on h2
17:43:49.210 [Test worker] DEBUG liquibase - master.changelog.json: migration/vault-schema.changelog-pkey.xml::non-clustered_pk-13::R3.Corda: Computed checksum for dropPrimaryKey:[
    constraintName="vault_states_pkey"
    tableName="vault_states"
] as de17bd04796a6e54cb5606dceff73aec
17:43:49.211 [Test worker] DEBUG liquibase - master.changelog.json: migration/vault-schema.changelog-pkey.xml::non-clustered_pk-13::R3.Corda: Computed checksum for addPrimaryKey:[
    clustered="false"
    columnNames="output_index, transaction_id"
    constraintName="vault_states_pkey"
    tableName="vault_states"
] as 70c1298ee3ac2d16aba8b2ac6ed5b568
17:43:49.211 [Test worker] DEBUG liquibase - master.changelog.json: migration/vault-schema.changelog-pkey.xml::non-clustered_pk-13::R3.Corda: Computed checksum for 7:de17bd04796a6e54cb5606dceff73aec:7:70c1298ee3ac2d16aba8b2ac6ed5b568: as c786c529ecdaa33f87d3fc9ed88111f4
17:43:49.211 [Test worker] INFO liquibase - master.changelog.json: migration/vault-schema.changelog-pkey.xml::non-clustered_pk-13::R3.Corda: Skipping changeSet migration/vault-schema.changelog-pkey.xml::non-clustered_pk-13::R3.Corda due to validation error(s): clustered is not allowed on h2
17:43:49.211 [Test worker] DEBUG liquibase - master.changelog.json: migration/vault-schema.changelog-v5.xml::add_relevancy_status_column::R3.Corda: Computed checksum for addColumn:[
    columns=[
        [
            name="relevancy_status"
            type="INT"
        ]
    ]
    tableName="vault_states"
] as f4c3dbd35bfa9d2a1021acafdac959d6
17:43:49.211 [Test worker] DEBUG liquibase - master.changelog.json: migration/vault-schema.changelog-v5.xml::add_relevancy_status_column::R3.Corda: Computed checksum for update:[
    columns=[
        [
            name="relevancy_status"
            valueNumeric="0"
        ]
    ]
    tableName="vault_states"
] as c3f226e53f5bf04fd8506465c55d3a42
17:43:49.211 [Test worker] DEBUG liquibase - master.changelog.json: migration/vault-schema.changelog-v5.xml::add_relevancy_status_column::R3.Corda: Computed checksum for addNotNullConstraint:[
    columnDataType="INT"
    columnName="relevancy_status"
    tableName="vault_states"
] as a4104ab76f534885eeb63a0690843f78
17:43:49.211 [Test worker] DEBUG liquibase - master.changelog.json: migration/vault-schema.changelog-v5.xml::add_relevancy_status_column::R3.Corda: Computed checksum for 7:f4c3dbd35bfa9d2a1021acafdac959d6:7:c3f226e53f5bf04fd8506465c55d3a42:7:a4104ab76f534885eeb63a0690843f78: as bd7c3258179f34f231f6ae51e3313fc4
17:43:49.212 [Test worker] DEBUG liquibase - master.changelog.json: migration/vault-schema.changelog-v6.xml::add_is_constraint_information_columns::R3.Corda: Computed checksum for addColumn:[
    columns=[
        [
            [
                nullable="false"
            ]
            defaultValue="0"
            name="constraint_type"
            type="INT"
        ]
    ]
    tableName="vault_states"
] as ec4183b38221d9efb81468b6b58469ad
17:43:49.212 [Test worker] DEBUG liquibase - master.changelog.json: migration/vault-schema.changelog-v6.xml::add_is_constraint_information_columns::R3.Corda: Computed checksum for addColumn:[
    columns=[
        [
            [
                nullable="true"
            ]
            name="constraint_data"
            type="varbinary(563)"
        ]
    ]
    tableName="vault_states"
] as a62d1e80b99c304b04f3ac1ec994ed59
17:43:49.212 [Test worker] DEBUG liquibase - master.changelog.json: migration/vault-schema.changelog-v6.xml::add_is_constraint_information_columns::R3.Corda: Computed checksum for 7:ec4183b38221d9efb81468b6b58469ad:7:a62d1e80b99c304b04f3ac1ec994ed59: as 7d7cf7015d299a7fefb6e81aa563e208
17:43:49.214 [Test worker] DEBUG liquibase - master.changelog.json: migration/vault-schema.changelog-v7.xml::make_issuer_ref_nullable::R3.Corda: Computed checksum for dropNotNullConstraint:[
    columnDataType="varbinary(512)"
    columnName="issuer_ref"
    tableName="vault_fungible_states"
] as b549f88798da86b579f7e3421c6019ed
17:43:49.214 [Test worker] DEBUG liquibase - master.changelog.json: migration/vault-schema.changelog-v7.xml::make_issuer_ref_nullable::R3.Corda: Computed checksum for 7:b549f88798da86b579f7e3421c6019ed: as 016e083b176a76fc50d74e3fe07ca1cb
17:43:49.214 [Test worker] DEBUG liquibase - master.changelog.json: migration/vault-schema.changelog-v8.xml::create-external-id-to-state-party-view::R3.Corda: Computed checksum for createTable:[
    columns=[
        [
            name="output_index"
            type="INT"
        ],
        [
            name="transaction_id"
            type="NVARCHAR(64)"
        ],
        [
            [
                nullable="false"
            ]
            name="public_key_hash"
            type="NVARCHAR(255)"
        ],
        [
            name="x500_name"
            type="NVARCHAR(255)"
        ]
    ]
    tableName="state_party"
] as 3b063e299ebe197af7a457ea726b2800
17:43:49.215 [Test worker] DEBUG liquibase - master.changelog.json: migration/vault-schema.changelog-v8.xml::create-external-id-to-state-party-view::R3.Corda: Computed checksum for createIndex:[
    columns=[
        [
            name="public_key_hash"
        ]
    ]
    indexName="state_pk_hash_idx"
    tableName="state_party"
] as 450b82f224c850f2465386ef7a707b92
17:43:49.215 [Test worker] DEBUG liquibase - master.changelog.json: migration/vault-schema.changelog-v8.xml::create-external-id-to-state-party-view::R3.Corda: Computed checksum for createTable:[
    columns=[
        [
            [
                nullable="false"
            ]
            name="id"
            type="BIGINT"
        ],
        [
            [
                nullable="false"
            ]
            name="external_id"
            type="VARCHAR(255)"
        ],
        [
            [
                nullable="false"
            ]
            name="public_key_hash"
            type="NVARCHAR(255)"
        ]
    ]
    tableName="pk_hash_to_ext_id_map"
] as 190b235511991d2151d47c903cd91db4
17:43:49.215 [Test worker] DEBUG liquibase - master.changelog.json: migration/vault-schema.changelog-v8.xml::create-external-id-to-state-party-view::R3.Corda: Computed checksum for createIndex:[
    columns=[
        [
            name="public_key_hash"
        ]
    ]
    indexName="pk_hash_to_xid_idx"
    tableName="pk_hash_to_ext_id_map"
] as 1ee9b085d397f1a43f3b474588eddf9f
17:43:49.216 [Test worker] DEBUG liquibase - master.changelog.json: migration/vault-schema.changelog-v8.xml::create-external-id-to-state-party-view::R3.Corda: Computed checksum for createView:[
    selectQuery="select
                state_party.public_key_hash,
                state_party.transaction_id,
                state_party.output_index,
                pk_hash_to_ext_id_map.external_id
            from state_party
            join pk_hash_to_ext_id_map
            on state_party.public_key_hash = pk_hash_to_ext_id_map.public_key_hash"
    viewName="v_pkey_hash_ex_id_map"
] as 439c1337ca50f7fd62b4d377ac192053
17:43:49.216 [Test worker] DEBUG liquibase - master.changelog.json: migration/vault-schema.changelog-v8.xml::create-external-id-to-state-party-view::R3.Corda: Computed checksum for 7:3b063e299ebe197af7a457ea726b2800:7:450b82f224c850f2465386ef7a707b92:7:190b235511991d2151d47c903cd91db4:7:1ee9b085d397f1a43f3b474588eddf9f:7:439c1337ca50f7fd62b4d377ac192053: as 68a2e794e4726e4e40b28753c7a64413
17:43:49.220 [Test worker] DEBUG liquibase - master.changelog.json: migration/node-info.changelog-init.xml::1511451595465-4::R3.Corda: Computed checksum for createTable:[
    columns=[
        [
            [
                nullable="false"
            ]
            name="node_info_id"
            type="INT"
        ],
        [
            [
                nullable="false"
            ]
            name="party_name"
            type="NVARCHAR(255)"
        ]
    ]
    tableName="node_link_nodeinfo_party"
] as 5f0557f6684939cfe82574a45344afd3
17:43:49.220 [Test worker] DEBUG liquibase - master.changelog.json: migration/node-info.changelog-init.xml::1511451595465-4::R3.Corda: Computed checksum for 7:5f0557f6684939cfe82574a45344afd3: as 86561ccea3a7fbbdb311d455076c98a8
17:43:49.221 [Test worker] DEBUG liquibase - master.changelog.json: migration/node-info.changelog-init.xml::1511451595465-10::R3.Corda: Computed checksum for createTable:[
    columns=[
        [
            [
                nullable="false"
            ]
            name="host"
            type="NVARCHAR(255)"
        ],
        [
            [
                nullable="false"
            ]
            name="port"
            type="INT"
        ],
        [
            name="node_info_id"
            type="INT"
        ]
    ]
    tableName="node_info_hosts"
] as 6f08193361f660a382cf54820e056a20
17:43:49.221 [Test worker] DEBUG liquibase - master.changelog.json: migration/node-info.changelog-init.xml::1511451595465-10::R3.Corda: Computed checksum for 7:6f08193361f660a382cf54820e056a20: as 86dcf13717e5dbc4c623523618380bdd
17:43:49.221 [Test worker] DEBUG liquibase - master.changelog.json: migration/node-info.changelog-init.xml::1511451595465-11::R3.Corda: Computed checksum for createTable:[
    columns=[
        [
            [
                nullable="false"
            ]
            name="party_name"
            type="NVARCHAR(255)"
        ],
        [
            [
                nullable="false"
            ]
            name="ismain"
            type="BOOLEAN"
        ],
        [
            name="owning_key_hash"
            type="NVARCHAR(130)"
        ],
        [
            name="party_cert_binary"
            type="blob"
        ]
    ]
    tableName="n... [truncated in log] as 6e371f832176dde950fe6998501cc7aa
17:43:49.221 [Test worker] DEBUG liquibase - master.changelog.json: migration/node-info.changelog-init.xml::1511451595465-11::R3.Corda: Computed checksum for 7:6e371f832176dde950fe6998501cc7aa: as ddf2ea133beca979abcb7e627a37db60
17:43:49.238 [Test worker] DEBUG liquibase - master.changelog.json: migration/node-info.changelog-init.xml::1511451595465-12::R3.Corda: Computed checksum for createTable:[
    columns=[
        [
            [
                nullable="false"
            ]
            name="node_info_id"
            type="INT"
        ],
        [
            name="node_info_hash"
            type="NVARCHAR(64)"
        ],
        [
            name="platform_version"
            type="INT"
        ],
        [
            name="serial"
            type="BIGINT"
        ]
    ]
    tableName="node_infos"
] as c5eb4436bba09a4bfb27e08b68cc57b0
17:43:49.238 [Test worker] DEBUG liquibase - master.changelog.json: migration/node-info.changelog-init.xml::1511451595465-12::R3.Corda: Computed checksum for 7:c5eb4436bba09a4bfb27e08b68cc57b0: as 2a2169c32d87fdc3442c6096740a52a5
17:43:49.238 [Test worker] DEBUG liquibase - master.changelog.json: migration/node-info.changelog-init.xml::1511451595465-35::R3.Corda: Computed checksum for addPrimaryKey:[
    columnNames="host, port"
    constraintName="node_info_hosts_pkey"
    tableName="node_info_hosts"
] as 00c44e883bc12a3353188495f454f0f6
17:43:49.238 [Test worker] DEBUG liquibase - master.changelog.json: migration/node-info.changelog-init.xml::1511451595465-35::R3.Corda: Computed checksum for 7:00c44e883bc12a3353188495f454f0f6: as 5c8230d7f489b4b961c3b52b3335e5ff
17:43:49.238 [Test worker] DEBUG liquibase - master.changelog.json: migration/node-info.changelog-init.xml::1511451595465-36::R3.Corda: Computed checksum for addPrimaryKey:[
    columnNames="party_name"
    constraintName="node_info_party_cert_pkey"
    tableName="node_info_party_cert"
] as 14054c7885bede3bc60af5d2dd08a9c8
17:43:49.238 [Test worker] DEBUG liquibase - master.changelog.json: migration/node-info.changelog-init.xml::1511451595465-36::R3.Corda: Computed checksum for 7:14054c7885bede3bc60af5d2dd08a9c8: as a4293247b9113bb0895d15e212ded67d
17:43:49.238 [Test worker] DEBUG liquibase - master.changelog.json: migration/node-info.changelog-init.xml::1511451595465-37::R3.Corda: Computed checksum for addPrimaryKey:[
    columnNames="node_info_id"
    constraintName="node_infos_pkey"
    tableName="node_infos"
] as 6adf6458b4512d6bc5ca5813c2707e3d
17:43:49.238 [Test worker] DEBUG liquibase - master.changelog.json: migration/node-info.changelog-init.xml::1511451595465-37::R3.Corda: Computed checksum for 7:6adf6458b4512d6bc5ca5813c2707e3d: as 3f7b9e25544e21798cc648d8ab2056b7
17:43:49.238 [Test worker] DEBUG liquibase - master.changelog.json: migration/node-info.changelog-init.xml::1511451595465-62::R3.Corda: Computed checksum for addForeignKeyConstraint:[
    baseColumnNames="node_info_id"
    baseTableName="node_link_nodeinfo_party"
    constraintName="FK__link_nodeinfo_party__infos"
    referencedColumnNames="node_info_id"
    referencedTableName="node_infos"
] as 1a56cab722da6c0a210824ac187fea47
17:43:49.238 [Test worker] DEBUG liquibase - master.changelog.json: migration/node-info.changelog-init.xml::1511451595465-62::R3.Corda: Computed checksum for 7:1a56cab722da6c0a210824ac187fea47: as 64add0a3b0350cfe6fa3de1428a38397
17:43:49.238 [Test worker] DEBUG liquibase - master.changelog.json: migration/node-info.changelog-init.xml::1511451595465-63::R3.Corda: Computed checksum for addForeignKeyConstraint:[
    baseColumnNames="node_info_id"
    baseTableName="node_info_hosts"
    constraintName="FK__info_hosts__infos"
    referencedColumnNames="node_info_id"
    referencedTableName="node_infos"
] as c5982833d4ecc3f6e19b870ef3cdafdc
17:43:49.238 [Test worker] DEBUG liquibase - master.changelog.json: migration/node-info.changelog-init.xml::1511451595465-63::R3.Corda: Computed checksum for 7:c5982833d4ecc3f6e19b870ef3cdafdc: as 6ea0c3bb234d14956401b6b281531832
17:43:49.238 [Test worker] DEBUG liquibase - master.changelog.json: migration/node-info.changelog-init.xml::remove_host_port_pk::R3.Corda: Computed checksum for delete:[
    tableName="node_infos"
] as 88f0f3be4f28bb97a4eff8bb6c643615
17:43:49.238 [Test worker] DEBUG liquibase - master.changelog.json: migration/node-info.changelog-init.xml::remove_host_port_pk::R3.Corda: Computed checksum for delete:[
    tableName="node_link_nodeinfo_party"
] as 8ae8d78f410d9978c57e0e7d4383c311
17:43:49.238 [Test worker] DEBUG liquibase - master.changelog.json: migration/node-info.changelog-init.xml::remove_host_port_pk::R3.Corda: Computed checksum for delete:[
    tableName="node_info_hosts"
] as c66698861dc70f2bc2f0d1aefc556a8b
17:43:49.238 [Test worker] DEBUG liquibase - master.changelog.json: migration/node-info.changelog-init.xml::remove_host_port_pk::R3.Corda: Computed checksum for delete:[
    tableName="node_info_party_cert"
] as f57d560d22a52dd192fdb3fbbb679576
17:43:49.238 [Test worker] DEBUG liquibase - master.changelog.json: migration/node-info.changelog-init.xml::remove_host_port_pk::R3.Corda: Computed checksum for dropPrimaryKey:[
    constraintName="node_info_hosts_pkey"
    tableName="node_info_hosts"
] as 8b8f98fcef92cc953b306c56fe61762f
17:43:49.238 [Test worker] DEBUG liquibase - master.changelog.json: migration/node-info.changelog-init.xml::remove_host_port_pk::R3.Corda: Computed checksum for addColumn:[
    columns=[
        [
            [
                nullable="false"
            ]
            name="hosts_id"
            type="INT"
        ]
    ]
    tableName="node_info_hosts"
] as 2bc19defe8eb317936eb134f5cf66983
17:43:49.238 [Test worker] DEBUG liquibase - master.changelog.json: migration/node-info.changelog-init.xml::remove_host_port_pk::R3.Corda: Computed checksum for addPrimaryKey:[
    columnNames="hosts_id"
    constraintName="node_info_hosts_pkey_id"
    tableName="node_info_hosts"
] as fb8c4f0a4999978cac06928bb4f0134a
17:43:49.238 [Test worker] DEBUG liquibase - master.changelog.json: migration/node-info.changelog-init.xml::remove_host_port_pk::R3.Corda: Computed checksum for 7:88f0f3be4f28bb97a4eff8bb6c643615:7:8ae8d78f410d9978c57e0e7d4383c311:7:c66698861dc70f2bc2f0d1aefc556a8b:7:f57d560d22a52dd192fdb3fbbb679576:7:8b8f98fcef92cc953b306c56fe61762f:7:2bc19defe8eb317936eb134f5cf66983:7:fb8c4f0a4999978cac06928bb4f0134a: as cb733f12ced82860fd296bb0c94c5072
17:43:49.238 [Test worker] DEBUG liquibase - master.changelog.json: migration/node-info.changelog-v1.xml::key/value node properties table::R3.Corda: Computed checksum for createTable:[
    columns=[
        [
            [
                nullable="false"
            ]
            name="property_key"
            type="NVARCHAR(255)"
        ],
        [
            name="property_value"
            type="NVARCHAR(255)"
        ]
    ]
    tableName="node_properties"
] as 17113a8df38982bab57e5f97485915b2
17:43:49.238 [Test worker] DEBUG liquibase - master.changelog.json: migration/node-info.changelog-v1.xml::key/value node properties table::R3.Corda: Computed checksum for 7:17113a8df38982bab57e5f97485915b2: as 05241b402dd60a4e1eeb86ad6c5eff9e
17:43:49.238 [Test worker] DEBUG liquibase - master.changelog.json: migration/node-info.changelog-v2.xml::1525962920::R3.Corda: Computed checksum for addNotNullConstraint:[
    columnDataType="NVARCHAR(64)"
    columnName="node_info_hash"
    tableName="node_infos"
] as 736d3fb9862e810788216a889c726699
17:43:49.238 [Test worker] DEBUG liquibase - master.changelog.json: migration/node-info.changelog-v2.xml::1525962920::R3.Corda: Computed checksum for addNotNullConstraint:[
    columnDataType="INT"
    columnName="platform_version"
    tableName="node_infos"
] as 76d2d2c9dd1c6954d572cd5a4d47366e
17:43:49.238 [Test worker] DEBUG liquibase - master.changelog.json: migration/node-info.changelog-v2.xml::1525962920::R3.Corda: Computed checksum for addNotNullConstraint:[
    columnDataType="BIGINT"
    columnName="serial"
    tableName="node_infos"
] as 26157af814171c1d3bd6f883bb5c39e8
17:43:49.238 [Test worker] DEBUG liquibase - master.changelog.json: migration/node-info.changelog-v2.xml::1525962920::R3.Corda: Computed checksum for dropNotNullConstraint:[
    columnDataType="NVARCHAR(255)"
    columnName="host"
    tableName="node_info_hosts"
] as 603a060f34f7e4bd2d4bff3b8a6621af
17:43:49.238 [Test worker] DEBUG liquibase - master.changelog.json: migration/node-info.changelog-v2.xml::1525962920::R3.Corda: Computed checksum for dropNotNullConstraint:[
    columnDataType="INT"
    columnName="port"
    tableName="node_info_hosts"
] as 1ad496134a62a18677ebb23168117bbe
17:43:49.238 [Test worker] DEBUG liquibase - master.changelog.json: migration/node-info.changelog-v2.xml::1525962920::R3.Corda: Computed checksum for addNotNullConstraint:[
    columnDataType="NVARCHAR(130)"
    columnName="owning_key_hash"
    tableName="node_info_party_cert"
] as eb00d90a19da5f3ab4970aa0b2674aae
17:43:49.238 [Test worker] DEBUG liquibase - master.changelog.json: migration/node-info.changelog-v2.xml::1525962920::R3.Corda: Computed checksum for addNotNullConstraint:[
    columnDataType="blob"
    columnName="party_cert_binary"
    tableName="node_info_party_cert"
] as 25f38c720c603b2dea35550bedab555a
17:43:49.238 [Test worker] DEBUG liquibase - master.changelog.json: migration/node-info.changelog-v2.xml::1525962920::R3.Corda: Computed checksum for 7:736d3fb9862e810788216a889c726699:7:76d2d2c9dd1c6954d572cd5a4d47366e:7:26157af814171c1d3bd6f883bb5c39e8:7:603a060f34f7e4bd2d4bff3b8a6621af:7:1ad496134a62a18677ebb23168117bbe:7:eb00d90a19da5f3ab4970aa0b2674aae:7:25f38c720c603b2dea35550bedab555a: as c3fd83668d5ed4acdefcad3f90944935
17:43:49.254 [Test worker] DEBUG liquibase - master.changelog.json: migration/node-info.changelog-v3.xml::column_host_name::R3.Corda: Computed checksum for renameColumn:[
    newColumnName="host_name"
    oldColumnName="host"
    tableName="node_info_hosts"
] as 2492206013627f2b53e89a302025675a
17:43:49.254 [Test worker] DEBUG liquibase - master.changelog.json: migration/node-info.changelog-v3.xml::column_host_name::R3.Corda: Computed checksum for 7:2492206013627f2b53e89a302025675a: as fc4ceb3b82e44070da1fff49a7b5cccb
17:43:49.254 [Test worker] DEBUG liquibase - master.changelog.json: migration/node-services.changelog-init.xml::1511451595465-5::R3.Corda: Computed checksum for createTable:[
    columns=[
        [
            [
                nullable="false"
            ]
            name="att_id"
            type="NVARCHAR(255)"
        ],
        [
            name="content"
            type="blob"
        ],
        [
            name="filename"
            type="NVARCHAR(255)"
        ],
        [
            [
                nullable="false"
            ]
            name="insertion_date"
            type="timestamp"
        ],
        [
            name="uplo... [truncated in log] as 7eb17f5047b5f49e47197095dde1065c
17:43:49.254 [Test worker] DEBUG liquibase - master.changelog.json: migration/node-services.changelog-init.xml::1511451595465-5::R3.Corda: Computed checksum for 7:7eb17f5047b5f49e47197095dde1065c: as 464a5bbaf24fe78716c38c544dc81f3c
17:43:49.254 [Test worker] DEBUG liquibase - master.changelog.json: migration/node-services.changelog-init.xml::1511451595465-7::R3.Corda: Computed checksum for createTable:[
    columns=[
        [
            [
                nullable="false"
            ]
            name="checkpoint_id"
            type="NVARCHAR(64)"
        ],
        [
            name="checkpoint_value"
            type="blob"
        ]
    ]
    tableName="node_checkpoints"
] as 4f2d38f516c2eeb1483d86b4a25f26c6
17:43:49.254 [Test worker] DEBUG liquibase - master.changelog.json: migration/node-services.changelog-init.xml::1511451595465-7::R3.Corda: Computed checksum for 7:4f2d38f516c2eeb1483d86b4a25f26c6: as 2870aa3a468e81bab1cd24ac70ca2163
17:43:49.254 [Test worker] DEBUG liquibase - master.changelog.json: migration/node-services.changelog-init.xml::1511451595465-8::R3.Corda: Computed checksum for createTable:[
    columns=[
        [
            [
                nullable="false"
            ]
            name="state_ref"
            type="NVARCHAR(96)"
        ],
        [
            name="contract_class_name"
            type="NVARCHAR(255)"
        ]
    ]
    tableName="node_contract_upgrades"
] as bf4885aea883ac63c151d7d01a760dc1
17:43:49.254 [Test worker] DEBUG liquibase - master.changelog.json: migration/node-services.changelog-init.xml::1511451595465-8::R3.Corda: Computed checksum for 7:bf4885aea883ac63c151d7d01a760dc1: as bf156b1c48e915e7d8090d5162e31c02
17:43:49.254 [Test worker] DEBUG liquibase - master.changelog.json: migration/node-services.changelog-init.xml::1511451595465-9::R3.Corda: Computed checksum for createTable:[
    columns=[
        [
            [
                nullable="false"
            ]
            name="pk_hash"
            type="NVARCHAR(130)"
        ],
        [
            name="identity_value"
            type="blob"
        ]
    ]
    tableName="node_identities"
] as 64ced0b8682a33911d574622be63a98d
17:43:49.254 [Test worker] DEBUG liquibase - master.changelog.json: migration/node-services.changelog-init.xml::1511451595465-9::R3.Corda: Computed checksum for 7:64ced0b8682a33911d574622be63a98d: as ea04cf1cc4ea1112c4cbbf932bc51c56
17:43:49.254 [Test worker] DEBUG liquibase - master.changelog.json: migration/node-services.changelog-init.xml::1511451595465-13::R3.Corda: Computed checksum for createTable:[
    columns=[
        [
            [
                nullable="false"
            ]
            name="message_id"
            type="NVARCHAR(64)"
        ],
        [
            name="insertion_time"
            type="timestamp"
        ]
    ]
    tableName="node_message_ids"
] as 32260ae57d06eabdf47f4f4d600577ce
17:43:49.254 [Test worker] DEBUG liquibase - master.changelog.json: migration/node-services.changelog-init.xml::1511451595465-13::R3.Corda: Computed checksum for 7:32260ae57d06eabdf47f4f4d600577ce: as 340ca6c0b7c87b663b0449535b082f80
17:43:49.254 [Test worker] DEBUG liquibase - master.changelog.json: migration/node-services.changelog-init.xml::1511451595465-14::R3.Corda: Computed checksum for createTable:[
    columns=[
        [
            [
                nullable="false"
            ]
            name="message_id"
            type="BIGINT"
        ],
        [
            name="message"
            type="blob"
        ],
        [
            name="recipients"
            type="blob"
        ]
    ]
    tableName="node_message_retry"
] as c87f1cec41d842caa66dd71a14a6fa34
17:43:49.254 [Test worker] DEBUG liquibase - master.changelog.json: migration/node-services.changelog-init.xml::1511451595465-14::R3.Corda: Computed checksum for 7:c87f1cec41d842caa66dd71a14a6fa34: as 1dc64c73807569fb04c10a9b2d760ff0
17:43:49.254 [Test worker] DEBUG liquibase - master.changelog.json: migration/node-services.changelog-init.xml::1511451595465-15::R3.Corda: Computed checksum for createTable:[
    columns=[
        [
            [
                nullable="false"
            ]
            name="name"
            type="NVARCHAR(128)"
        ],
        [
            name="pk_hash"
            type="NVARCHAR(130)"
        ]
    ]
    tableName="node_named_identities"
] as 9ba9555dab34db960c8083672afee328
17:43:49.254 [Test worker] DEBUG liquibase - master.changelog.json: migration/node-services.changelog-init.xml::1511451595465-15::R3.Corda: Computed checksum for 7:9ba9555dab34db960c8083672afee328: as 108b7d395f7fb3cfc8ce4e364c4008a5
17:43:49.254 [Test worker] DEBUG liquibase - master.changelog.json: migration/node-services.changelog-init.xml::1511451595465-17::R3.Corda: Computed checksum for createTable:[
    columns=[
        [
            [
                nullable="false"
            ]
            name="public_key_hash"
            type="NVARCHAR(130)"
        ],
        [
            name="private_key"
            type="blob"
        ],
        [
            name="public_key"
            type="blob"
        ]
    ]
    tableName="node_our_key_pairs"
] as afc7fa2555c800c74f9ca1b41689a048
17:43:49.254 [Test worker] DEBUG liquibase - master.changelog.json: migration/node-services.changelog-init.xml::1511451595465-17::R3.Corda: Computed checksum for 7:afc7fa2555c800c74f9ca1b41689a048: as a8b4ae7170f56f1df8a23b530bef4dd1
17:43:49.254 [Test worker] DEBUG liquibase - master.changelog.json: migration/node-services.changelog-init.xml::1511451595465-19::R3.Corda: Computed checksum for createTable:[
    columns=[
        [
            [
                nullable="false"
            ]
            name="output_index"
            type="INT"
        ],
        [
            [
                nullable="false"
            ]
            name="transaction_id"
            type="NVARCHAR(64)"
        ],
        [
            [
                nullable="false"
            ]
            name="scheduled_at"
            type="timestamp"
        ]
    ]
    tableName="node_scheduled_states"
] as defd113d95e94bcd27bcdeb3a96be38b
17:43:49.254 [Test worker] DEBUG liquibase - master.changelog.json: migration/node-services.changelog-init.xml::1511451595465-19::R3.Corda: Computed checksum for 7:defd113d95e94bcd27bcdeb3a96be38b: as 2aaf3df7bdbea9c71aa8bea4e14f11ef
17:43:49.254 [Test worker] DEBUG liquibase - master.changelog.json: migration/node-services.changelog-init.xml::1511451595465-20::R3.Corda: Computed checksum for createTable:[
    columns=[
        [
            [
                nullable="false"
            ]
            name="tx_id"
            type="NVARCHAR(64)"
        ],
        [
            name="state_machine_run_id"
            type="NVARCHAR(36)"
        ]
    ]
    tableName="node_transaction_mappings"
] as a98109c55addd90e480a6fc1ecb48d1d
17:43:49.254 [Test worker] DEBUG liquibase - master.changelog.json: migration/node-services.changelog-init.xml::1511451595465-20::R3.Corda: Computed checksum for 7:a98109c55addd90e480a6fc1ecb48d1d: as f003464d28fe934c636b24e7c72d9c27
17:43:49.254 [Test worker] DEBUG liquibase - master.changelog.json: migration/node-services.changelog-init.xml::1511451595465-21::R3.Corda: Computed checksum for createTable:[
    columns=[
        [
            [
                nullable="false"
            ]
            name="tx_id"
            type="NVARCHAR(64)"
        ],
        [
            name="transaction_value"
            type="blob"
        ]
    ]
    tableName="node_transactions"
] as af8f3c1c7978f86414e864bc0bb9d453
17:43:49.254 [Test worker] DEBUG liquibase - master.changelog.json: migration/node-services.changelog-init.xml::1511451595465-21::R3.Corda: Computed checksum for 7:af8f3c1c7978f86414e864bc0bb9d453: as 8b167e9074e47be66c742aec5661b5d1
17:43:49.270 [Test worker] DEBUG liquibase - master.changelog.json: migration/node-services.changelog-init.xml::1511451595465-30::R3.Corda: Computed checksum for addPrimaryKey:[
    columnNames="att_id"
    constraintName="node_attachments_pkey"
    tableName="node_attachments"
] as 96b8c8009c4a24b06c8ecd3048142128
17:43:49.270 [Test worker] DEBUG liquibase - master.changelog.json: migration/node-services.changelog-init.xml::1511451595465-30::R3.Corda: Computed checksum for 7:96b8c8009c4a24b06c8ecd3048142128: as 4aa12646e41346c10ae1d18b43468b3e
17:43:49.270 [Test worker] DEBUG liquibase - master.changelog.json: migration/node-services.changelog-init.xml::1511451595465-32::R3.Corda: Computed checksum for addPrimaryKey:[
    columnNames="checkpoint_id"
    constraintName="node_checkpoints_pkey"
    tableName="node_checkpoints"
] as 26e60c36f3099cb85a85082b388391c2
17:43:49.270 [Test worker] DEBUG liquibase - master.changelog.json: migration/node-services.changelog-init.xml::1511451595465-32::R3.Corda: Computed checksum for 7:26e60c36f3099cb85a85082b388391c2: as fa0f2ed27615a3fd2b799bb27b447a36
17:43:49.270 [Test worker] DEBUG liquibase - master.changelog.json: migration/node-services.changelog-init.xml::1511451595465-33::R3.Corda: Computed checksum for addPrimaryKey:[
    columnNames="state_ref"
    constraintName="node_contract_upgrades_pkey"
    tableName="node_contract_upgrades"
] as d4c28cd597e7a32cd0d9f3d2a4104650
17:43:49.270 [Test worker] DEBUG liquibase - master.changelog.json: migration/node-services.changelog-init.xml::1511451595465-33::R3.Corda: Computed checksum for 7:d4c28cd597e7a32cd0d9f3d2a4104650: as 37e38ccee8d375f364abca393727eec7
17:43:49.270 [Test worker] DEBUG liquibase - master.changelog.json: migration/node-services.changelog-init.xml::1511451595465-34::R3.Corda: Computed checksum for addPrimaryKey:[
    columnNames="pk_hash"
    constraintName="node_identities_pkey"
    tableName="node_identities"
] as 18ff03ab4c5827e642ce637c7155bd78
17:43:49.270 [Test worker] DEBUG liquibase - master.changelog.json: migration/node-services.changelog-init.xml::1511451595465-34::R3.Corda: Computed checksum for 7:18ff03ab4c5827e642ce637c7155bd78: as 43d4f1fd6b4b69fcd6b046d8806c8f50
17:43:49.270 [Test worker] DEBUG liquibase - master.changelog.json: migration/node-services.changelog-init.xml::1511451595465-38::R3.Corda: Computed checksum for addPrimaryKey:[
    columnNames="message_id"
    constraintName="node_message_ids_pkey"
    tableName="node_message_ids"
] as 5350f5a01fe53cad542ce506faf827a5
17:43:49.270 [Test worker] DEBUG liquibase - master.changelog.json: migration/node-services.changelog-init.xml::1511451595465-38::R3.Corda: Computed checksum for 7:5350f5a01fe53cad542ce506faf827a5: as 37825d1c920089f5d1d8667fae2a0770
17:43:49.270 [Test worker] DEBUG liquibase - master.changelog.json: migration/node-services.changelog-init.xml::1511451595465-39::R3.Corda: Computed checksum for addPrimaryKey:[
    columnNames="message_id"
    constraintName="node_message_retry_pkey"
    tableName="node_message_retry"
] as 05c5906d403843ddbc494dc9314c47db
17:43:49.270 [Test worker] DEBUG liquibase - master.changelog.json: migration/node-services.changelog-init.xml::1511451595465-39::R3.Corda: Computed checksum for 7:05c5906d403843ddbc494dc9314c47db: as 7cc6fa875e39740c709235ff27960561
17:43:49.270 [Test worker] DEBUG liquibase - master.changelog.json: migration/node-services.changelog-init.xml::1511451595465-40::R3.Corda: Computed checksum for addPrimaryKey:[
    columnNames="name"
    constraintName="node_named_identities_pkey"
    tableName="node_named_identities"
] as 64274859807014ee0d62867ef274028a
17:43:49.270 [Test worker] DEBUG liquibase - master.changelog.json: migration/node-services.changelog-init.xml::1511451595465-40::R3.Corda: Computed checksum for 7:64274859807014ee0d62867ef274028a: as 9fac7485c58064b7e7ddce0bd1af86c4
17:43:49.270 [Test worker] DEBUG liquibase - master.changelog.json: migration/node-services.changelog-init.xml::1511451595465-42::R3.Corda: Computed checksum for addPrimaryKey:[
    columnNames="public_key_hash"
    constraintName="node_our_key_pairs_pkey"
    tableName="node_our_key_pairs"
] as 2dc24802cacd1ecc9195c88381d1e14a
17:43:49.270 [Test worker] DEBUG liquibase - master.changelog.json: migration/node-services.changelog-init.xml::1511451595465-42::R3.Corda: Computed checksum for 7:2dc24802cacd1ecc9195c88381d1e14a: as e3644c4b7315958cfb3a3cd4a3f40946
17:43:49.270 [Test worker] DEBUG liquibase - master.changelog.json: migration/node-services.changelog-init.xml::1511451595465-44::R3.Corda: Computed checksum for addPrimaryKey:[
    columnNames="output_index, transaction_id"
    constraintName="node_scheduled_states_pkey"
    tableName="node_scheduled_states"
] as 4c77187a59774106bd1e1d37d89ae1f1
17:43:49.270 [Test worker] DEBUG liquibase - master.changelog.json: migration/node-services.changelog-init.xml::1511451595465-44::R3.Corda: Computed checksum for 7:4c77187a59774106bd1e1d37d89ae1f1: as 122e6cc40f7e50d8c9ffeb46861ed786
17:43:49.270 [Test worker] DEBUG liquibase - master.changelog.json: migration/node-services.changelog-init.xml::1511451595465-45::R3.Corda: Computed checksum for addPrimaryKey:[
    columnNames="tx_id"
    constraintName="node_transaction_mappings_pkey"
    tableName="node_transaction_mappings"
] as 8cc604e43605d57ebbd96b86580c421d
17:43:49.270 [Test worker] DEBUG liquibase - master.changelog.json: migration/node-services.changelog-init.xml::1511451595465-45::R3.Corda: Computed checksum for 7:8cc604e43605d57ebbd96b86580c421d: as c4ba1fcc19b22e52678633b13053eaa1
17:43:49.270 [Test worker] DEBUG liquibase - master.changelog.json: migration/node-services.changelog-init.xml::1511451595465-46::R3.Corda: Computed checksum for addPrimaryKey:[
    columnNames="tx_id"
    constraintName="node_transactions_pkey"
    tableName="node_transactions"
] as 4965c0f02c5ff2bc61985685f3256218
17:43:49.270 [Test worker] DEBUG liquibase - master.changelog.json: migration/node-services.changelog-init.xml::1511451595465-46::R3.Corda: Computed checksum for 7:4965c0f02c5ff2bc61985685f3256218: as 1a41a33c68c6f56be99cbfa9af7c2646
17:43:49.270 [Test worker] DEBUG liquibase - master.changelog.json: migration/node-services.changelog-init.xml::1511451595465-61::R3.Corda: Computed checksum for addForeignKeyConstraint:[
    baseColumnNames="party_name"
    baseTableName="node_link_nodeinfo_party"
    constraintName="FK__link_ni_p__info_p_cert"
    referencedColumnNames="party_name"
    referencedTableName="node_info_party_cert"
] as 44f7bd5dcfc33807eef117a55a62eef7
17:43:49.270 [Test worker] DEBUG liquibase - master.changelog.json: migration/node-services.changelog-init.xml::1511451595465-61::R3.Corda: Computed checksum for 7:44f7bd5dcfc33807eef117a55a62eef7: as f753db641a982caad48d7169dafbc854
17:43:49.270 [Test worker] DEBUG liquibase - master.changelog.json: migration/node-services.changelog-init.xml::add index att_id::R3.Corda: Computed checksum for createIndex:[
    columns=[
        [
            name="att_id"
        ]
    ]
    indexName="att_id_idx"
    tableName="node_attachments"
] as 52e7146df14351ff7556f6d45bd4fabd
17:43:49.270 [Test worker] DEBUG liquibase - master.changelog.json: migration/node-services.changelog-init.xml::add index att_id::R3.Corda: Computed checksum for 7:52e7146df14351ff7556f6d45bd4fabd: as 302188110e9124abd4ef58020255fbb0
17:43:49.270 [Test worker] DEBUG liquibase - master.changelog.json: migration/node-services.changelog-init.xml::add_contract_attachment::R3.Corda: Computed checksum for createTable:[
    columns=[
        [
            [
                nullable="false"
            ]
            name="att_id"
            type="NVARCHAR(255)"
        ],
        [
            name="contract_class_name"
            type="NVARCHAR(255)"
        ]
    ]
    tableName="node_attchments_contracts"
] as 184098a87199f7fd6863799c29181b39
17:43:49.270 [Test worker] DEBUG liquibase - master.changelog.json: migration/node-services.changelog-init.xml::add_contract_attachment::R3.Corda: Computed checksum for addForeignKeyConstraint:[
    baseColumnNames="att_id"
    baseTableName="node_attchments_contracts"
    constraintName="FK__ctr_class__attachments"
    referencedColumnNames="att_id"
    referencedTableName="node_attachments"
] as f50a4be698e1b1efc9e456d8a396f45d
17:43:49.270 [Test worker] DEBUG liquibase - master.changelog.json: migration/node-services.changelog-init.xml::add_contract_attachment::R3.Corda: Computed checksum for delete:[
    tableName="node_attachments"
] as 6ab2de0f26c32b87fd416f7bb0b2041a
17:43:49.270 [Test worker] DEBUG liquibase - master.changelog.json: migration/node-services.changelog-init.xml::add_contract_attachment::R3.Corda: Computed checksum for 7:184098a87199f7fd6863799c29181b39:7:f50a4be698e1b1efc9e456d8a396f45d:7:6ab2de0f26c32b87fd416f7bb0b2041a: as 2cfbc6a84cfcd7b8ce011b58aa70f584
17:43:49.270 [Test worker] DEBUG liquibase - master.changelog.json: migration/node-services.changelog-init.xml::add_dedup_columns::R3.Corda: Computed checksum for addColumn:[
    columns=[
        [
            name="sender"
            type="NVARCHAR(64)"
        ],
        [
            name="sequence_number"
            type="BIGINT"
        ]
    ]
    tableName="node_message_ids"
] as 52d08b6e53239379a1a266904ac87a23
17:43:49.270 [Test worker] DEBUG liquibase - master.changelog.json: migration/node-services.changelog-init.xml::add_dedup_columns::R3.Corda: Computed checksum for 7:52d08b6e53239379a1a266904ac87a23: as 376ede2552aa97e8abf9d9a808c16692
17:43:49.270 [Test worker] DEBUG liquibase - master.changelog.json: migration/node-core.changelog-v4.xml::attchments_rename::R3.Corda: Computed checksum for renameTable:[
    newTableName="node_attachments_contracts"
    oldTableName="node_attchments_contracts"
] as 0356ef37e1bbbe5465248f9614a94dd3
17:43:49.270 [Test worker] DEBUG liquibase - master.changelog.json: migration/node-core.changelog-v4.xml::attchments_rename::R3.Corda: Computed checksum for 7:0356ef37e1bbbe5465248f9614a94dd3: as 9c9553fbc45dfa0ec2117a113b1bfb13
17:43:49.270 [Test worker] DEBUG liquibase - master.changelog.json: migration/node-core.changelog-v4.xml::nullability::R3.Corda: Computed checksum for addNotNullConstraint:[
    columnDataType="blob"
    columnName="identity_value"
    tableName="node_identities"
] as 0ff1c74277be0f57d8da467bd3af81ba
17:43:49.270 [Test worker] DEBUG liquibase - master.changelog.json: migration/node-core.changelog-v4.xml::nullability::R3.Corda: Computed checksum for addNotNullConstraint:[
    columnDataType="blob"
    columnName="content"
    tableName="node_attachments"
] as dd563134d4976b0fc550563a3a9547d0
17:43:49.270 [Test worker] DEBUG liquibase - master.changelog.json: migration/node-core.changelog-v4.xml::nullability::R3.Corda: Computed checksum for addNotNullConstraint:[
    columnDataType="NVARCHAR(255)"
    columnName="contract_class_name"
    tableName="node_attachments_contracts"
] as fcbb1bca17f3fdbb18a1857897fc06f5
17:43:49.270 [Test worker] DEBUG liquibase - master.changelog.json: migration/node-core.changelog-v4.xml::nullability::R3.Corda: Computed checksum for addNotNullConstraint:[
    columnDataType="blob"
    columnName="checkpoint_value"
    tableName="node_checkpoints"
] as 58c19f5fa79bba98f82a37d6f4b5a6b9
17:43:49.270 [Test worker] DEBUG liquibase - master.changelog.json: migration/node-core.changelog-v4.xml::nullability::R3.Corda: Computed checksum for addNotNullConstraint:[
    columnDataType="NVARCHAR(255)"
    columnName="contract_class_name"
    tableName="node_contract_upgrades"
] as c29d2d41b0a68e07a140a2368ba5bba1
17:43:49.270 [Test worker] DEBUG liquibase - master.changelog.json: migration/node-core.changelog-v4.xml::nullability::R3.Corda: Computed checksum for addNotNullConstraint:[
    columnDataType="timestamp"
    columnName="insertion_time"
    tableName="node_message_ids"
] as 790718a410431aa28f9264789001ba45
17:43:49.270 [Test worker] DEBUG liquibase - master.changelog.json: migration/node-core.changelog-v4.xml::nullability::R3.Corda: Computed checksum for addNotNullConstraint:[
    columnDataType="blob"
    columnName="message"
    tableName="node_message_retry"
] as 1898ae47388ec4edef20156ecfff9aac
17:43:49.270 [Test worker] DEBUG liquibase - master.changelog.json: migration/node-core.changelog-v4.xml::nullability::R3.Corda: Computed checksum for addNotNullConstraint:[
    columnDataType="blob"
    columnName="recipients"
    tableName="node_message_retry"
] as c8e6a209afb71510082c39b6585beccf
17:43:49.270 [Test worker] DEBUG liquibase - master.changelog.json: migration/node-core.changelog-v4.xml::nullability::R3.Corda: Computed checksum for addNotNullConstraint:[
    columnDataType="NVARCHAR(130)"
    columnName="pk_hash"
    tableName="node_named_identities"
] as a8187d893238bffdbf57cdd9d63bfdba
17:43:49.270 [Test worker] DEBUG liquibase - master.changelog.json: migration/node-core.changelog-v4.xml::nullability::R3.Corda: Computed checksum for addNotNullConstraint:[
    columnDataType="blob"
    columnName="private_key"
    tableName="node_our_key_pairs"
] as b2af64a77f468869df53c57ab50eb85b
17:43:49.270 [Test worker] DEBUG liquibase - master.changelog.json: migration/node-core.changelog-v4.xml::nullability::R3.Corda: Computed checksum for addNotNullConstraint:[
    columnDataType="blob"
    columnName="public_key"
    tableName="node_our_key_pairs"
] as 713d90dc7b4029ace717deb55694f4a5
17:43:49.270 [Test worker] DEBUG liquibase - master.changelog.json: migration/node-core.changelog-v4.xml::nullability::R3.Corda: Computed checksum for addNotNullConstraint:[
    columnDataType="NVARCHAR(36)"
    columnName="state_machine_run_id"
    tableName="node_transaction_mappings"
] as 685dff1bf416bfa2574449a7f932d6f1
17:43:49.270 [Test worker] DEBUG liquibase - master.changelog.json: migration/node-core.changelog-v4.xml::nullability::R3.Corda: Computed checksum for addNotNullConstraint:[
    columnDataType="blob"
    columnName="transaction_value"
    tableName="node_transactions"
] as 9f7524707b3715b2aa22a20bc6fcabc5
17:43:49.270 [Test worker] DEBUG liquibase - master.changelog.json: migration/node-core.changelog-v4.xml::nullability::R3.Corda: Computed checksum for 7:0ff1c74277be0f57d8da467bd3af81ba:7:dd563134d4976b0fc550563a3a9547d0:7:fcbb1bca17f3fdbb18a1857897fc06f5:7:58c19f5fa79bba98f82a37d6f4b5a6b9:7:c29d2d41b0a68e07a140a2368ba5bba1:7:790718a410431aa28f9264789001ba45:7:1898ae47388ec4edef20156ecfff9aac:7:c8e6a209afb71510082c39b6585beccf:7:a8187d893238bffdbf57cdd9d63bfdba:7:b2af64a77f468869df53c57ab50eb85b:7:713d90dc7b4029ace717deb55694f4a5:7:685dff1bf416bfa2574449a7f932d6f1:7:9f7524707b3715b2aa22a20bc6fcabc5: as 73b3f89cdd2a42efebeb125648c28191
17:43:49.270 [Test worker] DEBUG liquibase - master.changelog.json: migration/node-core.changelog-v5.xml::remove_unused_node_message_retry::R3.Corda: Computed checksum for dropTable:[
    tableName="node_message_retry"
] as 8907740960b74152d1e573f64f4ce208
17:43:49.270 [Test worker] DEBUG liquibase - master.changelog.json: migration/node-core.changelog-v5.xml::remove_unused_node_message_retry::R3.Corda: Computed checksum for 7:8907740960b74152d1e573f64f4ce208: as cd120ad46e3a88b0eeaa7ffdcf8a0861
17:43:49.270 [Test worker] DEBUG liquibase - master.changelog.json: migration/node-core.changelog-pkey.xml::non-clustered_pk-1::R3.Corda: Computed checksum for dropPrimaryKey:[
    constraintName="node_checkpoints_pkey"
    tableName="node_checkpoints"
] as 9f99a134773f14ab2cbc2cd6f156b603
17:43:49.285 [Test worker] DEBUG liquibase - master.changelog.json: migration/node-core.changelog-pkey.xml::non-clustered_pk-1::R3.Corda: Computed checksum for addPrimaryKey:[
    clustered="false"
    columnNames="checkpoint_id"
    constraintName="node_checkpoints_pkey"
    tableName="node_checkpoints"
] as a18afa1a1a70b87465896c3520a34c84
17:43:49.285 [Test worker] DEBUG liquibase - master.changelog.json: migration/node-core.changelog-pkey.xml::non-clustered_pk-1::R3.Corda: Computed checksum for 7:9f99a134773f14ab2cbc2cd6f156b603:7:a18afa1a1a70b87465896c3520a34c84: as eb9d9d13536371a16c05f8a89051e6b0
17:43:49.285 [Test worker] INFO liquibase - master.changelog.json: migration/node-core.changelog-pkey.xml::non-clustered_pk-1::R3.Corda: Skipping changeSet migration/node-core.changelog-pkey.xml::non-clustered_pk-1::R3.Corda due to validation error(s): clustered is not allowed on h2
17:43:49.285 [Test worker] DEBUG liquibase - master.changelog.json: migration/node-core.changelog-pkey.xml::non-clustered_pk-2::R3.Corda: Computed checksum for dropPrimaryKey:[
    constraintName="node_identities_pkey"
    tableName="node_identities"
] as 605c45e8edd8d52e86e00a89fe2ac35e
17:43:49.285 [Test worker] DEBUG liquibase - master.changelog.json: migration/node-core.changelog-pkey.xml::non-clustered_pk-2::R3.Corda: Computed checksum for addPrimaryKey:[
    clustered="false"
    columnNames="pk_hash"
    constraintName="node_identities_pkey"
    tableName="node_identities"
] as fbf664dd28d0f4f6c49ae6c1fa52bd3e
17:43:49.285 [Test worker] DEBUG liquibase - master.changelog.json: migration/node-core.changelog-pkey.xml::non-clustered_pk-2::R3.Corda: Computed checksum for 7:605c45e8edd8d52e86e00a89fe2ac35e:7:fbf664dd28d0f4f6c49ae6c1fa52bd3e: as d4192425f4f38b39f3b09611028e5c14
17:43:49.285 [Test worker] INFO liquibase - master.changelog.json: migration/node-core.changelog-pkey.xml::non-clustered_pk-2::R3.Corda: Skipping changeSet migration/node-core.changelog-pkey.xml::non-clustered_pk-2::R3.Corda due to validation error(s): clustered is not allowed on h2
17:43:49.285 [Test worker] DEBUG liquibase - master.changelog.json: migration/node-core.changelog-pkey.xml::non-clustered_pk-3::R3.Corda: Computed checksum for dropPrimaryKey:[
    constraintName="node_message_ids_pkey"
    tableName="node_message_ids"
] as ba87180f3d741766134d74212ca6032f
17:43:49.285 [Test worker] DEBUG liquibase - master.changelog.json: migration/node-core.changelog-pkey.xml::non-clustered_pk-3::R3.Corda: Computed checksum for addPrimaryKey:[
    clustered="false"
    columnNames="message_id"
    constraintName="node_message_ids_pkey"
    tableName="node_message_ids"
] as 8aaadb5242637738d617d395100b45a5
17:43:49.285 [Test worker] DEBUG liquibase - master.changelog.json: migration/node-core.changelog-pkey.xml::non-clustered_pk-3::R3.Corda: Computed checksum for 7:ba87180f3d741766134d74212ca6032f:7:8aaadb5242637738d617d395100b45a5: as 9773a095cc1db7ea3a66e7e5565bb58e
17:43:49.285 [Test worker] INFO liquibase - master.changelog.json: migration/node-core.changelog-pkey.xml::non-clustered_pk-3::R3.Corda: Skipping changeSet migration/node-core.changelog-pkey.xml::non-clustered_pk-3::R3.Corda due to validation error(s): clustered is not allowed on h2
17:43:49.285 [Test worker] DEBUG liquibase - master.changelog.json: migration/node-core.changelog-pkey.xml::non-clustered_pk-4::R3.Corda: Computed checksum for dropPrimaryKey:[
    constraintName="node_named_identities_pkey"
    tableName="node_named_identities"
] as d24b036e035ca98e1702e37946c90818
17:43:49.285 [Test worker] DEBUG liquibase - master.changelog.json: migration/node-core.changelog-pkey.xml::non-clustered_pk-4::R3.Corda: Computed checksum for addPrimaryKey:[
    clustered="false"
    columnNames="name"
    constraintName="node_named_identities_pkey"
    tableName="node_named_identities"
] as ae93b29e74c25596344b0d7aa14239b9
17:43:49.285 [Test worker] DEBUG liquibase - master.changelog.json: migration/node-core.changelog-pkey.xml::non-clustered_pk-4::R3.Corda: Computed checksum for 7:d24b036e035ca98e1702e37946c90818:7:ae93b29e74c25596344b0d7aa14239b9: as f1e21d4abffbb24133e752eb9cd6a162
17:43:49.285 [Test worker] INFO liquibase - master.changelog.json: migration/node-core.changelog-pkey.xml::non-clustered_pk-4::R3.Corda: Skipping changeSet migration/node-core.changelog-pkey.xml::non-clustered_pk-4::R3.Corda due to validation error(s): clustered is not allowed on h2
17:43:49.285 [Test worker] DEBUG liquibase - master.changelog.json: migration/node-core.changelog-pkey.xml::non-clustered_pk-5::R3.Corda: Computed checksum for dropPrimaryKey:[
    constraintName="node_our_key_pairs_pkey"
    tableName="node_our_key_pairs"
] as 9ac2cf82fe1a0d3a4afa3f284102f0ed
17:43:49.285 [Test worker] DEBUG liquibase - master.changelog.json: migration/node-core.changelog-pkey.xml::non-clustered_pk-5::R3.Corda: Computed checksum for addPrimaryKey:[
    clustered="false"
    columnNames="public_key_hash"
    constraintName="node_our_key_pairs_pkey"
    tableName="node_our_key_pairs"
] as b30cc3700d89cfc198fe0601af670c55
17:43:49.285 [Test worker] DEBUG liquibase - master.changelog.json: migration/node-core.changelog-pkey.xml::non-clustered_pk-5::R3.Corda: Computed checksum for 7:9ac2cf82fe1a0d3a4afa3f284102f0ed:7:b30cc3700d89cfc198fe0601af670c55: as 4ea09df2dbab99be33f8251a40d1c5a6
17:43:49.285 [Test worker] INFO liquibase - master.changelog.json: migration/node-core.changelog-pkey.xml::non-clustered_pk-5::R3.Corda: Skipping changeSet migration/node-core.changelog-pkey.xml::non-clustered_pk-5::R3.Corda due to validation error(s): clustered is not allowed on h2
17:43:49.285 [Test worker] DEBUG liquibase - master.changelog.json: migration/node-core.changelog-pkey.xml::non-clustered_pk-6::R3.Corda: Computed checksum for dropPrimaryKey:[
    constraintName="node_transaction_mappings_pkey"
    tableName="node_transaction_mappings"
] as 983db0cc88ef50f6461218ae4c516eed
17:43:49.285 [Test worker] DEBUG liquibase - master.changelog.json: migration/node-core.changelog-pkey.xml::non-clustered_pk-6::R3.Corda: Computed checksum for addPrimaryKey:[
    clustered="false"
    columnNames="tx_id"
    constraintName="node_transaction_mappings_pkey"
    tableName="node_transaction_mappings"
] as dcb9146c1054916a8af5a4fb2f9152e2
17:43:49.285 [Test worker] DEBUG liquibase - master.changelog.json: migration/node-core.changelog-pkey.xml::non-clustered_pk-6::R3.Corda: Computed checksum for 7:983db0cc88ef50f6461218ae4c516eed:7:dcb9146c1054916a8af5a4fb2f9152e2: as cb349ad07d3039e6d7d2f184988b954f
17:43:49.285 [Test worker] INFO liquibase - master.changelog.json: migration/node-core.changelog-pkey.xml::non-clustered_pk-6::R3.Corda: Skipping changeSet migration/node-core.changelog-pkey.xml::non-clustered_pk-6::R3.Corda due to validation error(s): clustered is not allowed on h2
17:43:49.285 [Test worker] DEBUG liquibase - master.changelog.json: migration/node-core.changelog-pkey.xml::non-clustered_pk-7::R3.Corda: Computed checksum for dropPrimaryKey:[
    constraintName="node_transactions_pkey"
    tableName="node_transactions"
] as f422783d78c2f5d16738c611e1317bf1
17:43:49.337 [Test worker] DEBUG liquibase - master.changelog.json: migration/node-core.changelog-pkey.xml::non-clustered_pk-7::R3.Corda: Computed checksum for addPrimaryKey:[
    clustered="false"
    columnNames="tx_id"
    constraintName="node_transactions_pkey"
    tableName="node_transactions"
] as 457dcb0ccf83fa48cc8a9643c91b9ad4
17:43:49.337 [Test worker] DEBUG liquibase - master.changelog.json: migration/node-core.changelog-pkey.xml::non-clustered_pk-7::R3.Corda: Computed checksum for 7:f422783d78c2f5d16738c611e1317bf1:7:457dcb0ccf83fa48cc8a9643c91b9ad4: as 97c3ef240152c18129859ea5ae999c9e
17:43:49.337 [Test worker] INFO liquibase - master.changelog.json: migration/node-core.changelog-pkey.xml::non-clustered_pk-7::R3.Corda: Skipping changeSet migration/node-core.changelog-pkey.xml::non-clustered_pk-7::R3.Corda due to validation error(s): clustered is not allowed on h2
17:43:49.337 [Test worker] DEBUG liquibase - master.changelog.json: migration/node-core.changelog-v8.xml::conditional_attchments_rename::R3.Corda: Computed checksum for renameTable:[
    newTableName="NODE_ATTACHMENTS_CONTRACTS"
    oldTableName="NODE_ATTCHMENTS_CONTRACTS"
] as 0dba1c02ba10df0f9c88e1631299486e
17:43:49.338 [Test worker] DEBUG liquibase - master.changelog.json: migration/node-core.changelog-v8.xml::conditional_attchments_rename::R3.Corda: Computed checksum for 7:0dba1c02ba10df0f9c88e1631299486e: as c7fcf1b072eb8882179623895abd6a53
17:43:49.338 [Test worker] DEBUG liquibase - master.changelog.json: migration/node-core.changelog-v8.xml::conditional_attchments_contracts::R3.Corda: Computed checksum for renameTable:[
    newTableName="NODE_ATTACHMENTS_CONTRACTS"
    oldTableName="NODE_ATTACHMENTS_CONTRACT_CLASS_NAME"
] as ae58ab3570282cf1723e82df8647178c
17:43:49.338 [Test worker] DEBUG liquibase - master.changelog.json: migration/node-core.changelog-v8.xml::conditional_attchments_contracts::R3.Corda: Computed checksum for 7:ae58ab3570282cf1723e82df8647178c: as 9ec85543b6baac8a877ad21f063a5b13
17:43:49.338 [Test worker] DEBUG liquibase - master.changelog.json: migration/node-core.changelog-v8.xml::add_signers::R3.Corda: Computed checksum for createTable:[
    columns=[
        [
            [
                nullable="false"
            ]
            name="att_id"
            type="NVARCHAR(255)"
        ],
        [
            name="signer"
            type="NVARCHAR(1024)"
        ]
    ]
    tableName="node_attachments_signers"
] as ec83f8cd0344429668e5c2aedd0b2ab3
17:43:49.339 [Test worker] DEBUG liquibase - master.changelog.json: migration/node-core.changelog-v8.xml::add_signers::R3.Corda: Computed checksum for addForeignKeyConstraint:[
    baseColumnNames="att_id"
    baseTableName="node_attachments_signers"
    constraintName="FK__signers__attachments"
    referencedColumnNames="att_id"
    referencedTableName="node_attachments"
] as e86b87f9584ab73e9b56daa91c983050
17:43:49.339 [Test worker] DEBUG liquibase - master.changelog.json: migration/node-core.changelog-v8.xml::add_signers::R3.Corda: Computed checksum for 7:ec83f8cd0344429668e5c2aedd0b2ab3:7:e86b87f9584ab73e9b56daa91c983050: as d1356cd65d19937b81284ea078998d84
17:43:49.339 [Test worker] DEBUG liquibase - master.changelog.json: migration/node-core.changelog-tx-mapping.xml::add_tx_mapping_column::R3.Corda: Computed checksum for addColumn:[
    columns=[
        [
            [
                nullable="true"
            ]
            name="state_machine_run_id"
            type="NVARCHAR(36)"
        ]
    ]
    tableName="node_transactions"
] as 5fdebff63e6f64287935a2e65414d2a3
17:43:49.340 [Test worker] DEBUG liquibase - master.changelog.json: migration/node-core.changelog-tx-mapping.xml::add_tx_mapping_column::R3.Corda: Computed checksum for inputStream as a8472f5cf0c2c13303109942b6dbce69
17:43:49.340 [Test worker] DEBUG liquibase - master.changelog.json: migration/node-core.changelog-tx-mapping.xml::add_tx_mapping_column::R3.Corda: Computed checksum for dropTable:[
    tableName="node_transaction_mappings"
] as b220f3903f4c1c9d2298c35db99c59ac
17:43:49.340 [Test worker] DEBUG liquibase - master.changelog.json: migration/node-core.changelog-tx-mapping.xml::add_tx_mapping_column::R3.Corda: Computed checksum for 7:5fdebff63e6f64287935a2e65414d2a3:7:a8472f5cf0c2c13303109942b6dbce69:7:b220f3903f4c1c9d2298c35db99c59ac: as a0995593179aec45250c383611edd1e2
17:43:49.341 [Test worker] DEBUG liquibase - master.changelog.json: migration/node-services.changelog-init.xml::add_network_parameters_storage::R3.Corda: Computed checksum for createTable:[
    columns=[
        [
            [
                nullable="false"
            ]
            name="hash"
            type="NVARCHAR(130)"
        ],
        [
            [
                nullable="false"
            ]
            name="epoch"
            type="INT"
        ],
        [
            [
                nullable="false"
            ]
            name="parameters_bytes"
            type="BLOB"
        ],
        [
            [
                nullable="false"
    ... [truncated in log] as 0c5ab9f5cdf1cceb5855e79ec0df5990
17:43:49.341 [Test worker] DEBUG liquibase - master.changelog.json: migration/node-services.changelog-init.xml::add_network_parameters_storage::R3.Corda: Computed checksum for 7:0c5ab9f5cdf1cceb5855e79ec0df5990: as 8d5882f94d9f58647903210994573073
17:43:49.343 [Test worker] DEBUG liquibase - master.changelog.json: migration/node-services.changelog-init.xml::network_parameters_pk::R3.Corda: Computed checksum for addPrimaryKey:[
    columnNames="hash"
    constraintName="node_network_parameters_pkey"
    tableName="node_network_parameters"
] as 7398cbb8aa8fc3cf93265e77bbc28f93
17:43:49.343 [Test worker] DEBUG liquibase - master.changelog.json: migration/node-services.changelog-init.xml::network_parameters_pk::R3.Corda: Computed checksum for 7:7398cbb8aa8fc3cf93265e77bbc28f93: as 71635301bd498e4d52b02988795348e6
17:43:49.343 [Test worker] DEBUG liquibase - master.changelog.json: migration/node-services.changelog-init.xml::add_version_column::R3.Corda: Computed checksum for addColumn:[
    columns=[
        [
            name="version"
            type="INT"
        ]
    ]
    tableName="node_attachments"
] as c4c33cea80ccf15793fa7b5e24a6746f
17:43:49.344 [Test worker] DEBUG liquibase - master.changelog.json: migration/node-services.changelog-init.xml::add_version_column::R3.Corda: Computed checksum for inputStream as 7ceaceee938a74c8cea67468ab2e68f4
17:43:49.344 [Test worker] DEBUG liquibase - master.changelog.json: migration/node-services.changelog-init.xml::add_version_column::R3.Corda: Computed checksum for addNotNullConstraint:[
    columnDataType="INT"
    columnName="version"
    tableName="node_attachments"
] as a6d4059f21164657e11caa70338e4c7b
17:43:49.344 [Test worker] DEBUG liquibase - master.changelog.json: migration/node-services.changelog-init.xml::add_version_column::R3.Corda: Computed checksum for 7:c4c33cea80ccf15793fa7b5e24a6746f:7:7ceaceee938a74c8cea67468ab2e68f4:7:a6d4059f21164657e11caa70338e4c7b: as 7d7fb1c90fa05b5fc3b938fd7c520344
17:43:49.345 [Test worker] DEBUG liquibase - master.changelog.json: migration/node-services.changelog-init.xml::update-version-of-whitelisted-jars::R3.Corda: Computed checksum for customChange:[
    class="net.corda.nodeapi.internal.persistence.AttachmentVersionNumberMigration"
    param=[]
] as cccb7fe15337dd836d74b41ef3a3c6f5
17:43:49.345 [Test worker] DEBUG liquibase - master.changelog.json: migration/node-services.changelog-init.xml::update-version-of-whitelisted-jars::R3.Corda: Computed checksum for 7:cccb7fe15337dd836d74b41ef3a3c6f5: as 706b589854273bdf703c4ed7a2a9191b
17:43:49.345 [Test worker] DEBUG liquibase - master.changelog.json: migration/vault-schema.changelog-v9.xml::update-vault-states::R3.Corda: Computed checksum for customChange:[
    class="net.corda.node.migration.VaultStateMigration"
    param=[]
] as d51d633a004ca013feeabe1129953946
17:43:49.346 [Test worker] DEBUG liquibase - master.changelog.json: migration/vault-schema.changelog-v9.xml::update-vault-states::R3.Corda: Computed checksum for 7:d51d633a004ca013feeabe1129953946: as b005d9ddca6ae24f7eb8c275fb095a30
17:43:49.346 [Test worker] DEBUG liquibase - Executing QUERY database command: select count(*) from PUBLIC.DATABASECHANGELOGLOCK
17:43:49.347 [Test worker] DEBUG liquibase - Executing QUERY database command: SELECT LOCKED FROM PUBLIC.DATABASECHANGELOGLOCK WHERE ID=1
17:43:49.347 [Test worker] DEBUG liquibase - Lock Database
17:43:49.348 [Test worker] DEBUG liquibase - Executing UPDATE database command: UPDATE PUBLIC.DATABASECHANGELOGLOCK SET LOCKED = TRUE, LOCKEDBY = 'DELL (192.168.43.160)', LOCKGRANTED = '2019-10-14 17:43:49.347' WHERE ID = 1 AND LOCKED = FALSE
17:43:49.348 [Test worker] INFO liquibase - Successfully acquired change log lock
17:43:49.349 [Test worker] INFO liquibase - master.changelog.json: migration/common.changelog-init.xml::1511451595465-1.3::R3.Corda: Skipping changeSet migration/common.changelog-init.xml::1511451595465-1.3::R3.Corda due to validation error(s): minValue is not allowed on h2
17:43:49.354 [Test worker] INFO liquibase - master.changelog.json: migration/vault-schema.changelog-pkey.xml::non-clustered_pk-11::R3.Corda: Skipping changeSet migration/vault-schema.changelog-pkey.xml::non-clustered_pk-11::R3.Corda due to validation error(s): clustered is not allowed on h2
17:43:49.355 [Test worker] INFO liquibase - master.changelog.json: migration/vault-schema.changelog-pkey.xml::non-clustered_pk-12::R3.Corda: Skipping changeSet migration/vault-schema.changelog-pkey.xml::non-clustered_pk-12::R3.Corda due to validation error(s): clustered is not allowed on h2
17:43:49.355 [Test worker] INFO liquibase - master.changelog.json: migration/vault-schema.changelog-pkey.xml::non-clustered_pk-13::R3.Corda: Skipping changeSet migration/vault-schema.changelog-pkey.xml::non-clustered_pk-13::R3.Corda due to validation error(s): clustered is not allowed on h2
17:43:49.363 [Test worker] INFO liquibase - master.changelog.json: migration/node-core.changelog-pkey.xml::non-clustered_pk-1::R3.Corda: Skipping changeSet migration/node-core.changelog-pkey.xml::non-clustered_pk-1::R3.Corda due to validation error(s): clustered is not allowed on h2
17:43:49.363 [Test worker] INFO liquibase - master.changelog.json: migration/node-core.changelog-pkey.xml::non-clustered_pk-2::R3.Corda: Skipping changeSet migration/node-core.changelog-pkey.xml::non-clustered_pk-2::R3.Corda due to validation error(s): clustered is not allowed on h2
17:43:49.365 [Test worker] INFO liquibase - master.changelog.json: migration/node-core.changelog-pkey.xml::non-clustered_pk-3::R3.Corda: Skipping changeSet migration/node-core.changelog-pkey.xml::non-clustered_pk-3::R3.Corda due to validation error(s): clustered is not allowed on h2
17:43:49.365 [Test worker] INFO liquibase - master.changelog.json: migration/node-core.changelog-pkey.xml::non-clustered_pk-4::R3.Corda: Skipping changeSet migration/node-core.changelog-pkey.xml::non-clustered_pk-4::R3.Corda due to validation error(s): clustered is not allowed on h2
17:43:49.365 [Test worker] INFO liquibase - master.changelog.json: migration/node-core.changelog-pkey.xml::non-clustered_pk-5::R3.Corda: Skipping changeSet migration/node-core.changelog-pkey.xml::non-clustered_pk-5::R3.Corda due to validation error(s): clustered is not allowed on h2
17:43:49.367 [Test worker] INFO liquibase - master.changelog.json: migration/node-core.changelog-pkey.xml::non-clustered_pk-6::R3.Corda: Skipping changeSet migration/node-core.changelog-pkey.xml::non-clustered_pk-6::R3.Corda due to validation error(s): clustered is not allowed on h2
17:43:49.367 [Test worker] INFO liquibase - master.changelog.json: migration/node-core.changelog-pkey.xml::non-clustered_pk-7::R3.Corda: Skipping changeSet migration/node-core.changelog-pkey.xml::non-clustered_pk-7::R3.Corda due to validation error(s): clustered is not allowed on h2
17:43:49.369 [Test worker] DEBUG liquibase - master.changelog.json: migration/common.changelog-init.xml::1511451595465-1.1::R3.Corda: Running Changeset:migration/common.changelog-init.xml::1511451595465-1.1::R3.Corda
17:43:49.369 [Test worker] DEBUG liquibase - master.changelog.json: migration/common.changelog-init.xml::1511451595465-1.1::R3.Corda: Changeset migration/common.changelog-init.xml::1511451595465-1.1::R3.Corda
17:43:49.370 [Test worker] DEBUG liquibase - master.changelog.json: migration/common.changelog-init.xml::1511451595465-1.1::R3.Corda: Executing QUERY database command: SELECT SEQUENCE_NAME FROM INFORMATION_SCHEMA.SEQUENCES WHERE SEQUENCE_SCHEMA = 'null' AND IS_GENERATED=FALSE
17:43:49.370 [Test worker] DEBUG liquibase - master.changelog.json: migration/common.changelog-init.xml::1511451595465-1.1::R3.Corda: Executing QUERY database command: SELECT SEQUENCE_NAME FROM INFORMATION_SCHEMA.SEQUENCES WHERE SEQUENCE_SCHEMA = 'PUBLIC' AND IS_GENERATED=FALSE
17:43:49.371 [Test worker] DEBUG liquibase - master.changelog.json: migration/common.changelog-init.xml::1511451595465-1.1::R3.Corda: Reading ChangeSet: migration/common.changelog-init.xml::1511451595465-1.1::R3.Corda
17:43:49.371 [Test worker] DEBUG liquibase - master.changelog.json: migration/common.changelog-init.xml::1511451595465-1.1::R3.Corda: Executing Statement: liquibase.statement.core.CreateSequenceStatement@207f7b98
17:43:49.371 [Test worker] DEBUG liquibase - master.changelog.json: migration/common.changelog-init.xml::1511451595465-1.1::R3.Corda: Executing EXECUTE database command: CREATE SEQUENCE PUBLIC.hibernate_sequence
17:43:49.371 [Test worker] INFO liquibase - master.changelog.json: migration/common.changelog-init.xml::1511451595465-1.1::R3.Corda: Sequence hibernate_sequence created
17:43:49.371 [Test worker] INFO liquibase - master.changelog.json: migration/common.changelog-init.xml::1511451595465-1.1::R3.Corda: ChangeSet migration/common.changelog-init.xml::1511451595465-1.1::R3.Corda ran successfully in 2ms
17:43:49.372 [Test worker] DEBUG liquibase - master.changelog.json: migration/common.changelog-init.xml::1511451595465-1.1::R3.Corda: Executing QUERY database command: SELECT MAX(ORDEREXECUTED) FROM PUBLIC.DATABASECHANGELOG
17:43:49.373 [Test worker] DEBUG liquibase - master.changelog.json: migration/common.changelog-init.xml::1511451595465-1.1::R3.Corda: Executing EXECUTE database command: INSERT INTO PUBLIC.DATABASECHANGELOG (ID, AUTHOR, FILENAME, DATEEXECUTED, ORDEREXECUTED, MD5SUM, DESCRIPTION, COMMENTS, EXECTYPE, CONTEXTS, LABELS, LIQUIBASE, DEPLOYMENT_ID) VALUES ('1511451595465-1.1', 'R3.Corda', 'migration/common.changelog-init.xml', NOW(), 1, '7:afe897bea20bc08d1681087c94d0967d', 'createSequence sequenceName=hibernate_sequence', '', 'EXECUTED', NULL, NULL, '3.5.4', '1046229348')
17:43:49.373 [Test worker] DEBUG liquibase - master.changelog.json: migration/common.changelog-init.xml::1511451595465-1.3::R3.Corda: Running Changeset:migration/common.changelog-init.xml::1511451595465-1.3::R3.Corda
17:43:49.374 [Test worker] DEBUG liquibase - master.changelog.json: migration/common.changelog-init.xml::1511451595465-1.3::R3.Corda: Executing EXECUTE database command: INSERT INTO PUBLIC.DATABASECHANGELOG (ID, AUTHOR, FILENAME, DATEEXECUTED, ORDEREXECUTED, MD5SUM, DESCRIPTION, COMMENTS, EXECTYPE, CONTEXTS, LABELS, LIQUIBASE, DEPLOYMENT_ID) VALUES ('1511451595465-1.3', 'R3.Corda', 'migration/common.changelog-init.xml', NOW(), 2, '7:b775a64dd8351ca0b00329ea3e49f44b', 'createSequence sequenceName=hibernate_sequence', '', 'MARK_RAN', NULL, NULL, '3.5.4', '1046229348')
17:43:49.381 [Test worker] DEBUG liquibase - master.changelog.json: migration/vault-schema.changelog-init.xml::1511451595465-22::R3.Corda: Running Changeset:migration/vault-schema.changelog-init.xml::1511451595465-22::R3.Corda
17:43:49.381 [Test worker] DEBUG liquibase - master.changelog.json: migration/vault-schema.changelog-init.xml::1511451595465-22::R3.Corda: Changeset migration/vault-schema.changelog-init.xml::1511451595465-22::R3.Corda
17:43:49.382 [Test worker] DEBUG liquibase - master.changelog.json: migration/vault-schema.changelog-init.xml::1511451595465-22::R3.Corda: Reading ChangeSet: migration/vault-schema.changelog-init.xml::1511451595465-22::R3.Corda
17:43:49.382 [Test worker] DEBUG liquibase - master.changelog.json: migration/vault-schema.changelog-init.xml::1511451595465-22::R3.Corda: Executing Statement: liquibase.statement.core.CreateTableStatement@6839c2f7
17:43:49.383 [Test worker] DEBUG liquibase - master.changelog.json: migration/vault-schema.changelog-init.xml::1511451595465-22::R3.Corda: Executing EXECUTE database command: CREATE TABLE PUBLIC.vault_fungible_states (output_index INT NOT NULL, transaction_id NVARCHAR(64) NOT NULL, issuer_name NVARCHAR(255), issuer_ref VARBINARY(512), owner_name NVARCHAR(255), quantity BIGINT)
17:43:49.384 [Test worker] INFO liquibase - master.changelog.json: migration/vault-schema.changelog-init.xml::1511451595465-22::R3.Corda: Table vault_fungible_states created
17:43:49.384 [Test worker] INFO liquibase - master.changelog.json: migration/vault-schema.changelog-init.xml::1511451595465-22::R3.Corda: ChangeSet migration/vault-schema.changelog-init.xml::1511451595465-22::R3.Corda ran successfully in 3ms
17:43:49.385 [Test worker] DEBUG liquibase - master.changelog.json: migration/vault-schema.changelog-init.xml::1511451595465-22::R3.Corda: Executing EXECUTE database command: INSERT INTO PUBLIC.DATABASECHANGELOG (ID, AUTHOR, FILENAME, DATEEXECUTED, ORDEREXECUTED, MD5SUM, DESCRIPTION, COMMENTS, EXECTYPE, CONTEXTS, LABELS, LIQUIBASE, DEPLOYMENT_ID) VALUES ('1511451595465-22', 'R3.Corda', 'migration/vault-schema.changelog-init.xml', NOW(), 3, '7:1f8a20296ddeb0fc739bd8e7084b0bab', 'createTable tableName=vault_fungible_states', '', 'EXECUTED', NULL, NULL, '3.5.4', '1046229348')
17:43:49.386 [Test worker] DEBUG liquibase - master.changelog.json: migration/vault-schema.changelog-init.xml::1511451595465-23::R3.Corda: Running Changeset:migration/vault-schema.changelog-init.xml::1511451595465-23::R3.Corda
17:43:49.386 [Test worker] DEBUG liquibase - master.changelog.json: migration/vault-schema.changelog-init.xml::1511451595465-23::R3.Corda: Changeset migration/vault-schema.changelog-init.xml::1511451595465-23::R3.Corda
17:43:49.386 [Test worker] DEBUG liquibase - master.changelog.json: migration/vault-schema.changelog-init.xml::1511451595465-23::R3.Corda: Reading ChangeSet: migration/vault-schema.changelog-init.xml::1511451595465-23::R3.Corda
17:43:49.387 [Test worker] DEBUG liquibase - master.changelog.json: migration/vault-schema.changelog-init.xml::1511451595465-23::R3.Corda: Executing Statement: liquibase.statement.core.CreateTableStatement@40218d10
17:43:49.392 [Test worker] DEBUG liquibase - master.changelog.json: migration/vault-schema.changelog-init.xml::1511451595465-23::R3.Corda: Executing EXECUTE database command: CREATE TABLE PUBLIC.vault_fungible_states_parts (output_index INT NOT NULL, transaction_id NVARCHAR(64) NOT NULL, participants NVARCHAR(255))
17:43:49.394 [Test worker] INFO liquibase - master.changelog.json: migration/vault-schema.changelog-init.xml::1511451595465-23::R3.Corda: Table vault_fungible_states_parts created
17:43:49.394 [Test worker] INFO liquibase - master.changelog.json: migration/vault-schema.changelog-init.xml::1511451595465-23::R3.Corda: ChangeSet migration/vault-schema.changelog-init.xml::1511451595465-23::R3.Corda ran successfully in 8ms
17:43:49.404 [Test worker] DEBUG liquibase - master.changelog.json: migration/vault-schema.changelog-init.xml::1511451595465-23::R3.Corda: Executing EXECUTE database command: INSERT INTO PUBLIC.DATABASECHANGELOG (ID, AUTHOR, FILENAME, DATEEXECUTED, ORDEREXECUTED, MD5SUM, DESCRIPTION, COMMENTS, EXECTYPE, CONTEXTS, LABELS, LIQUIBASE, DEPLOYMENT_ID) VALUES ('1511451595465-23', 'R3.Corda', 'migration/vault-schema.changelog-init.xml', NOW(), 4, '7:1a9f6483c225c03a3a558b5b20306741', 'createTable tableName=vault_fungible_states_parts', '', 'EXECUTED', NULL, NULL, '3.5.4', '1046229348')
17:43:49.407 [Test worker] DEBUG liquibase - master.changelog.json: migration/vault-schema.changelog-init.xml::1511451595465-24::R3.Corda: Running Changeset:migration/vault-schema.changelog-init.xml::1511451595465-24::R3.Corda
17:43:49.407 [Test worker] DEBUG liquibase - master.changelog.json: migration/vault-schema.changelog-init.xml::1511451595465-24::R3.Corda: Changeset migration/vault-schema.changelog-init.xml::1511451595465-24::R3.Corda
17:43:49.407 [Test worker] DEBUG liquibase - master.changelog.json: migration/vault-schema.changelog-init.xml::1511451595465-24::R3.Corda: Reading ChangeSet: migration/vault-schema.changelog-init.xml::1511451595465-24::R3.Corda
17:43:49.407 [Test worker] DEBUG liquibase - master.changelog.json: migration/vault-schema.changelog-init.xml::1511451595465-24::R3.Corda: Executing Statement: liquibase.statement.core.CreateTableStatement@687b8e4d
17:43:49.408 [Test worker] DEBUG liquibase - master.changelog.json: migration/vault-schema.changelog-init.xml::1511451595465-24::R3.Corda: Executing EXECUTE database command: CREATE TABLE PUBLIC.vault_linear_states (output_index INT NOT NULL, transaction_id NVARCHAR(64) NOT NULL, external_id NVARCHAR(255), uuid VARCHAR(255) NOT NULL)
17:43:49.408 [Test worker] INFO liquibase - master.changelog.json: migration/vault-schema.changelog-init.xml::1511451595465-24::R3.Corda: Table vault_linear_states created
17:43:49.408 [Test worker] INFO liquibase - master.changelog.json: migration/vault-schema.changelog-init.xml::1511451595465-24::R3.Corda: ChangeSet migration/vault-schema.changelog-init.xml::1511451595465-24::R3.Corda ran successfully in 1ms
17:43:49.414 [Test worker] DEBUG liquibase - master.changelog.json: migration/vault-schema.changelog-init.xml::1511451595465-24::R3.Corda: Executing EXECUTE database command: INSERT INTO PUBLIC.DATABASECHANGELOG (ID, AUTHOR, FILENAME, DATEEXECUTED, ORDEREXECUTED, MD5SUM, DESCRIPTION, COMMENTS, EXECTYPE, CONTEXTS, LABELS, LIQUIBASE, DEPLOYMENT_ID) VALUES ('1511451595465-24', 'R3.Corda', 'migration/vault-schema.changelog-init.xml', NOW(), 5, '7:cc33e3b7b7db0e8613421e71352448d1', 'createTable tableName=vault_linear_states', '', 'EXECUTED', NULL, NULL, '3.5.4', '1046229348')
17:43:49.415 [Test worker] DEBUG liquibase - master.changelog.json: migration/vault-schema.changelog-init.xml::1511451595465-25::R3.Corda: Running Changeset:migration/vault-schema.changelog-init.xml::1511451595465-25::R3.Corda
17:43:49.415 [Test worker] DEBUG liquibase - master.changelog.json: migration/vault-schema.changelog-init.xml::1511451595465-25::R3.Corda: Changeset migration/vault-schema.changelog-init.xml::1511451595465-25::R3.Corda
17:43:49.415 [Test worker] DEBUG liquibase - master.changelog.json: migration/vault-schema.changelog-init.xml::1511451595465-25::R3.Corda: Reading ChangeSet: migration/vault-schema.changelog-init.xml::1511451595465-25::R3.Corda
17:43:49.415 [Test worker] DEBUG liquibase - master.changelog.json: migration/vault-schema.changelog-init.xml::1511451595465-25::R3.Corda: Executing Statement: liquibase.statement.core.CreateTableStatement@5854f281
17:43:49.415 [Test worker] DEBUG liquibase - master.changelog.json: migration/vault-schema.changelog-init.xml::1511451595465-25::R3.Corda: Executing EXECUTE database command: CREATE TABLE PUBLIC.vault_linear_states_parts (output_index INT NOT NULL, transaction_id NVARCHAR(64) NOT NULL, participants NVARCHAR(255))
17:43:49.416 [Test worker] INFO liquibase - master.changelog.json: migration/vault-schema.changelog-init.xml::1511451595465-25::R3.Corda: Table vault_linear_states_parts created
17:43:49.416 [Test worker] INFO liquibase - master.changelog.json: migration/vault-schema.changelog-init.xml::1511451595465-25::R3.Corda: ChangeSet migration/vault-schema.changelog-init.xml::1511451595465-25::R3.Corda ran successfully in 1ms
17:43:49.418 [Test worker] DEBUG liquibase - master.changelog.json: migration/vault-schema.changelog-init.xml::1511451595465-25::R3.Corda: Executing EXECUTE database command: INSERT INTO PUBLIC.DATABASECHANGELOG (ID, AUTHOR, FILENAME, DATEEXECUTED, ORDEREXECUTED, MD5SUM, DESCRIPTION, COMMENTS, EXECTYPE, CONTEXTS, LABELS, LIQUIBASE, DEPLOYMENT_ID) VALUES ('1511451595465-25', 'R3.Corda', 'migration/vault-schema.changelog-init.xml', NOW(), 6, '7:cee1c34886b737d7c86f4ba94a43d9a7', 'createTable tableName=vault_linear_states_parts', '', 'EXECUTED', NULL, NULL, '3.5.4', '1046229348')
17:43:49.418 [Test worker] DEBUG liquibase - master.changelog.json: migration/vault-schema.changelog-init.xml::1511451595465-26::R3.Corda: Running Changeset:migration/vault-schema.changelog-init.xml::1511451595465-26::R3.Corda
17:43:49.418 [Test worker] DEBUG liquibase - master.changelog.json: migration/vault-schema.changelog-init.xml::1511451595465-26::R3.Corda: Changeset migration/vault-schema.changelog-init.xml::1511451595465-26::R3.Corda
17:43:49.418 [Test worker] DEBUG liquibase - master.changelog.json: migration/vault-schema.changelog-init.xml::1511451595465-26::R3.Corda: Reading ChangeSet: migration/vault-schema.changelog-init.xml::1511451595465-26::R3.Corda
17:43:49.419 [Test worker] DEBUG liquibase - master.changelog.json: migration/vault-schema.changelog-init.xml::1511451595465-26::R3.Corda: Executing Statement: liquibase.statement.core.CreateTableStatement@592e1ab6
17:43:49.419 [Test worker] DEBUG liquibase - master.changelog.json: migration/vault-schema.changelog-init.xml::1511451595465-26::R3.Corda: Executing EXECUTE database command: CREATE TABLE PUBLIC.vault_states (output_index INT NOT NULL, transaction_id NVARCHAR(64) NOT NULL, consumed_timestamp TIMESTAMP, contract_state_class_name NVARCHAR(255), lock_id NVARCHAR(255), lock_timestamp TIMESTAMP, notary_name NVARCHAR(255), recorded_timestamp TIMESTAMP, state_status INT)
17:43:49.420 [Test worker] INFO liquibase - master.changelog.json: migration/vault-schema.changelog-init.xml::1511451595465-26::R3.Corda: Table vault_states created
17:43:49.420 [Test worker] INFO liquibase - master.changelog.json: migration/vault-schema.changelog-init.xml::1511451595465-26::R3.Corda: ChangeSet migration/vault-schema.changelog-init.xml::1511451595465-26::R3.Corda ran successfully in 2ms
17:43:49.421 [Test worker] DEBUG liquibase - master.changelog.json: migration/vault-schema.changelog-init.xml::1511451595465-26::R3.Corda: Executing EXECUTE database command: INSERT INTO PUBLIC.DATABASECHANGELOG (ID, AUTHOR, FILENAME, DATEEXECUTED, ORDEREXECUTED, MD5SUM, DESCRIPTION, COMMENTS, EXECTYPE, CONTEXTS, LABELS, LIQUIBASE, DEPLOYMENT_ID) VALUES ('1511451595465-26', 'R3.Corda', 'migration/vault-schema.changelog-init.xml', NOW(), 7, '7:47ea918c4e5894a573ed08ff7d3cfcf8', 'createTable tableName=vault_states', '', 'EXECUTED', NULL, NULL, '3.5.4', '1046229348')
17:43:49.422 [Test worker] DEBUG liquibase - master.changelog.json: migration/vault-schema.changelog-init.xml::1511451595465-27::R3.Corda: Running Changeset:migration/vault-schema.changelog-init.xml::1511451595465-27::R3.Corda
17:43:49.422 [Test worker] DEBUG liquibase - master.changelog.json: migration/vault-schema.changelog-init.xml::1511451595465-27::R3.Corda: Changeset migration/vault-schema.changelog-init.xml::1511451595465-27::R3.Corda
17:43:49.422 [Test worker] DEBUG liquibase - master.changelog.json: migration/vault-schema.changelog-init.xml::1511451595465-27::R3.Corda: Reading ChangeSet: migration/vault-schema.changelog-init.xml::1511451595465-27::R3.Corda
17:43:49.422 [Test worker] DEBUG liquibase - master.changelog.json: migration/vault-schema.changelog-init.xml::1511451595465-27::R3.Corda: Executing Statement: liquibase.statement.core.CreateTableStatement@79093c71
17:43:49.422 [Test worker] DEBUG liquibase - master.changelog.json: migration/vault-schema.changelog-init.xml::1511451595465-27::R3.Corda: Executing EXECUTE database command: CREATE TABLE PUBLIC.vault_transaction_notes (seq_no INT NOT NULL, note NVARCHAR(255), transaction_id NVARCHAR(64))
17:43:49.424 [Test worker] INFO liquibase - master.changelog.json: migration/vault-schema.changelog-init.xml::1511451595465-27::R3.Corda: Table vault_transaction_notes created
17:43:49.424 [Test worker] INFO liquibase - master.changelog.json: migration/vault-schema.changelog-init.xml::1511451595465-27::R3.Corda: ChangeSet migration/vault-schema.changelog-init.xml::1511451595465-27::R3.Corda ran successfully in 2ms
17:43:49.425 [Test worker] DEBUG liquibase - master.changelog.json: migration/vault-schema.changelog-init.xml::1511451595465-27::R3.Corda: Executing EXECUTE database command: INSERT INTO PUBLIC.DATABASECHANGELOG (ID, AUTHOR, FILENAME, DATEEXECUTED, ORDEREXECUTED, MD5SUM, DESCRIPTION, COMMENTS, EXECTYPE, CONTEXTS, LABELS, LIQUIBASE, DEPLOYMENT_ID) VALUES ('1511451595465-27', 'R3.Corda', 'migration/vault-schema.changelog-init.xml', NOW(), 8, '7:b335f04504c263e99eb1b4b78fb7b976', 'createTable tableName=vault_transaction_notes', '', 'EXECUTED', NULL, NULL, '3.5.4', '1046229348')
17:43:49.426 [Test worker] DEBUG liquibase - master.changelog.json: migration/vault-schema.changelog-init.xml::1511451595465-47::R3.Corda: Running Changeset:migration/vault-schema.changelog-init.xml::1511451595465-47::R3.Corda
17:43:49.426 [Test worker] DEBUG liquibase - master.changelog.json: migration/vault-schema.changelog-init.xml::1511451595465-47::R3.Corda: Changeset migration/vault-schema.changelog-init.xml::1511451595465-47::R3.Corda
17:43:49.426 [Test worker] DEBUG liquibase - master.changelog.json: migration/vault-schema.changelog-init.xml::1511451595465-47::R3.Corda: Reading ChangeSet: migration/vault-schema.changelog-init.xml::1511451595465-47::R3.Corda
17:43:49.426 [Test worker] DEBUG liquibase - master.changelog.json: migration/vault-schema.changelog-init.xml::1511451595465-47::R3.Corda: Executing Statement: liquibase.statement.core.AddPrimaryKeyStatement@fcac3f5
17:43:49.427 [Test worker] DEBUG liquibase - master.changelog.json: migration/vault-schema.changelog-init.xml::1511451595465-47::R3.Corda: Executing EXECUTE database command: ALTER TABLE PUBLIC.vault_fungible_states ADD CONSTRAINT vault_fungible_states_pkey PRIMARY KEY (output_index, transaction_id)
17:43:49.430 [Test worker] INFO liquibase - master.changelog.json: migration/vault-schema.changelog-init.xml::1511451595465-47::R3.Corda: Primary key added to vault_fungible_states (output_index, transaction_id)
17:43:49.430 [Test worker] INFO liquibase - master.changelog.json: migration/vault-schema.changelog-init.xml::1511451595465-47::R3.Corda: ChangeSet migration/vault-schema.changelog-init.xml::1511451595465-47::R3.Corda ran successfully in 4ms
17:43:49.431 [Test worker] DEBUG liquibase - master.changelog.json: migration/vault-schema.changelog-init.xml::1511451595465-47::R3.Corda: Executing EXECUTE database command: INSERT INTO PUBLIC.DATABASECHANGELOG (ID, AUTHOR, FILENAME, DATEEXECUTED, ORDEREXECUTED, MD5SUM, DESCRIPTION, COMMENTS, EXECTYPE, CONTEXTS, LABELS, LIQUIBASE, DEPLOYMENT_ID) VALUES ('1511451595465-47', 'R3.Corda', 'migration/vault-schema.changelog-init.xml', NOW(), 9, '7:5ebf8c6ceacd418805fef0a8d5926d22', 'addPrimaryKey constraintName=vault_fungible_states_pkey, tableName=vault_fungible_states', '', 'EXECUTED', NULL, NULL, '3.5.4', '1046229348')
17:43:49.431 [Test worker] DEBUG liquibase - master.changelog.json: migration/vault-schema.changelog-init.xml::1511451595465-48::R3.Corda: Running Changeset:migration/vault-schema.changelog-init.xml::1511451595465-48::R3.Corda
17:43:49.431 [Test worker] DEBUG liquibase - master.changelog.json: migration/vault-schema.changelog-init.xml::1511451595465-48::R3.Corda: Changeset migration/vault-schema.changelog-init.xml::1511451595465-48::R3.Corda
17:43:49.432 [Test worker] DEBUG liquibase - master.changelog.json: migration/vault-schema.changelog-init.xml::1511451595465-48::R3.Corda: Reading ChangeSet: migration/vault-schema.changelog-init.xml::1511451595465-48::R3.Corda
17:43:49.432 [Test worker] DEBUG liquibase - master.changelog.json: migration/vault-schema.changelog-init.xml::1511451595465-48::R3.Corda: Executing Statement: liquibase.statement.core.AddPrimaryKeyStatement@7955d39e
17:43:49.432 [Test worker] DEBUG liquibase - master.changelog.json: migration/vault-schema.changelog-init.xml::1511451595465-48::R3.Corda: Executing EXECUTE database command: ALTER TABLE PUBLIC.vault_linear_states ADD CONSTRAINT vault_linear_states_pkey PRIMARY KEY (output_index, transaction_id)
17:43:49.434 [Test worker] INFO liquibase - master.changelog.json: migration/vault-schema.changelog-init.xml::1511451595465-48::R3.Corda: Primary key added to vault_linear_states (output_index, transaction_id)
17:43:49.434 [Test worker] INFO liquibase - master.changelog.json: migration/vault-schema.changelog-init.xml::1511451595465-48::R3.Corda: ChangeSet migration/vault-schema.changelog-init.xml::1511451595465-48::R3.Corda ran successfully in 3ms
17:43:49.435 [Test worker] DEBUG liquibase - master.changelog.json: migration/vault-schema.changelog-init.xml::1511451595465-48::R3.Corda: Executing EXECUTE database command: INSERT INTO PUBLIC.DATABASECHANGELOG (ID, AUTHOR, FILENAME, DATEEXECUTED, ORDEREXECUTED, MD5SUM, DESCRIPTION, COMMENTS, EXECTYPE, CONTEXTS, LABELS, LIQUIBASE, DEPLOYMENT_ID) VALUES ('1511451595465-48', 'R3.Corda', 'migration/vault-schema.changelog-init.xml', NOW(), 10, '7:6852e525af1e0e841b85cbc65c3ef3eb', 'addPrimaryKey constraintName=vault_linear_states_pkey, tableName=vault_linear_states', '', 'EXECUTED', NULL, NULL, '3.5.4', '1046229348')
17:43:49.435 [Test worker] DEBUG liquibase - master.changelog.json: migration/vault-schema.changelog-init.xml::1511451595465-49::R3.Corda: Running Changeset:migration/vault-schema.changelog-init.xml::1511451595465-49::R3.Corda
17:43:49.436 [Test worker] DEBUG liquibase - master.changelog.json: migration/vault-schema.changelog-init.xml::1511451595465-49::R3.Corda: Changeset migration/vault-schema.changelog-init.xml::1511451595465-49::R3.Corda
17:43:49.436 [Test worker] DEBUG liquibase - master.changelog.json: migration/vault-schema.changelog-init.xml::1511451595465-49::R3.Corda: Reading ChangeSet: migration/vault-schema.changelog-init.xml::1511451595465-49::R3.Corda
17:43:49.436 [Test worker] DEBUG liquibase - master.changelog.json: migration/vault-schema.changelog-init.xml::1511451595465-49::R3.Corda: Executing Statement: liquibase.statement.core.AddPrimaryKeyStatement@1375ea89
17:43:49.436 [Test worker] DEBUG liquibase - master.changelog.json: migration/vault-schema.changelog-init.xml::1511451595465-49::R3.Corda: Executing EXECUTE database command: ALTER TABLE PUBLIC.vault_states ADD CONSTRAINT vault_states_pkey PRIMARY KEY (output_index, transaction_id)
17:43:49.436 [Test worker] INFO liquibase - master.changelog.json: migration/vault-schema.changelog-init.xml::1511451595465-49::R3.Corda: Primary key added to vault_states (output_index, transaction_id)
17:43:49.436 [Test worker] INFO liquibase - master.changelog.json: migration/vault-schema.changelog-init.xml::1511451595465-49::R3.Corda: ChangeSet migration/vault-schema.changelog-init.xml::1511451595465-49::R3.Corda ran successfully in 0ms
17:43:49.438 [Test worker] DEBUG liquibase - master.changelog.json: migration/vault-schema.changelog-init.xml::1511451595465-49::R3.Corda: Executing EXECUTE database command: INSERT INTO PUBLIC.DATABASECHANGELOG (ID, AUTHOR, FILENAME, DATEEXECUTED, ORDEREXECUTED, MD5SUM, DESCRIPTION, COMMENTS, EXECTYPE, CONTEXTS, LABELS, LIQUIBASE, DEPLOYMENT_ID) VALUES ('1511451595465-49', 'R3.Corda', 'migration/vault-schema.changelog-init.xml', NOW(), 11, '7:e88ace88ae32b7c6a212f749bed7f25f', 'addPrimaryKey constraintName=vault_states_pkey, tableName=vault_states', '', 'EXECUTED', NULL, NULL, '3.5.4', '1046229348')
17:43:49.438 [Test worker] DEBUG liquibase - master.changelog.json: migration/vault-schema.changelog-init.xml::1511451595465-50::R3.Corda: Running Changeset:migration/vault-schema.changelog-init.xml::1511451595465-50::R3.Corda
17:43:49.438 [Test worker] DEBUG liquibase - master.changelog.json: migration/vault-schema.changelog-init.xml::1511451595465-50::R3.Corda: Changeset migration/vault-schema.changelog-init.xml::1511451595465-50::R3.Corda
17:43:49.438 [Test worker] DEBUG liquibase - master.changelog.json: migration/vault-schema.changelog-init.xml::1511451595465-50::R3.Corda: Reading ChangeSet: migration/vault-schema.changelog-init.xml::1511451595465-50::R3.Corda
17:43:49.438 [Test worker] DEBUG liquibase - master.changelog.json: migration/vault-schema.changelog-init.xml::1511451595465-50::R3.Corda: Executing Statement: liquibase.statement.core.AddPrimaryKeyStatement@42e3672b
17:43:49.438 [Test worker] DEBUG liquibase - master.changelog.json: migration/vault-schema.changelog-init.xml::1511451595465-50::R3.Corda: Executing EXECUTE database command: ALTER TABLE PUBLIC.vault_transaction_notes ADD CONSTRAINT vault_transaction_notes_pkey PRIMARY KEY (seq_no)
17:43:49.439 [Test worker] INFO liquibase - master.changelog.json: migration/vault-schema.changelog-init.xml::1511451595465-50::R3.Corda: Primary key added to vault_transaction_notes (seq_no)
17:43:49.439 [Test worker] INFO liquibase - master.changelog.json: migration/vault-schema.changelog-init.xml::1511451595465-50::R3.Corda: ChangeSet migration/vault-schema.changelog-init.xml::1511451595465-50::R3.Corda ran successfully in 1ms
17:43:49.440 [Test worker] DEBUG liquibase - master.changelog.json: migration/vault-schema.changelog-init.xml::1511451595465-50::R3.Corda: Executing EXECUTE database command: INSERT INTO PUBLIC.DATABASECHANGELOG (ID, AUTHOR, FILENAME, DATEEXECUTED, ORDEREXECUTED, MD5SUM, DESCRIPTION, COMMENTS, EXECTYPE, CONTEXTS, LABELS, LIQUIBASE, DEPLOYMENT_ID) VALUES ('1511451595465-50', 'R3.Corda', 'migration/vault-schema.changelog-init.xml', NOW(), 12, '7:aef52cbfcee4e86a30a1175aacdae9b5', 'addPrimaryKey constraintName=vault_transaction_notes_pkey, tableName=vault_transaction_notes', '', 'EXECUTED', NULL, NULL, '3.5.4', '1046229348')
17:43:49.440 [Test worker] DEBUG liquibase - master.changelog.json: migration/vault-schema.changelog-init.xml::1511451595465-53::R3.Corda: Running Changeset:migration/vault-schema.changelog-init.xml::1511451595465-53::R3.Corda
17:43:49.440 [Test worker] DEBUG liquibase - master.changelog.json: migration/vault-schema.changelog-init.xml::1511451595465-53::R3.Corda: Changeset migration/vault-schema.changelog-init.xml::1511451595465-53::R3.Corda
17:43:49.440 [Test worker] DEBUG liquibase - master.changelog.json: migration/vault-schema.changelog-init.xml::1511451595465-53::R3.Corda: Reading ChangeSet: migration/vault-schema.changelog-init.xml::1511451595465-53::R3.Corda
17:43:49.440 [Test worker] DEBUG liquibase - master.changelog.json: migration/vault-schema.changelog-init.xml::1511451595465-53::R3.Corda: Executing Statement: liquibase.statement.core.CreateIndexStatement@55d075f
17:43:49.441 [Test worker] DEBUG liquibase - master.changelog.json: migration/vault-schema.changelog-init.xml::1511451595465-53::R3.Corda: Executing EXECUTE database command: CREATE INDEX PUBLIC.external_id_index ON PUBLIC.vault_linear_states(external_id)
17:43:49.441 [Test worker] INFO liquibase - master.changelog.json: migration/vault-schema.changelog-init.xml::1511451595465-53::R3.Corda: Index external_id_index created
17:43:49.441 [Test worker] INFO liquibase - master.changelog.json: migration/vault-schema.changelog-init.xml::1511451595465-53::R3.Corda: ChangeSet migration/vault-schema.changelog-init.xml::1511451595465-53::R3.Corda ran successfully in 1ms
17:43:49.442 [Test worker] DEBUG liquibase - master.changelog.json: migration/vault-schema.changelog-init.xml::1511451595465-53::R3.Corda: Executing EXECUTE database command: INSERT INTO PUBLIC.DATABASECHANGELOG (ID, AUTHOR, FILENAME, DATEEXECUTED, ORDEREXECUTED, MD5SUM, DESCRIPTION, COMMENTS, EXECTYPE, CONTEXTS, LABELS, LIQUIBASE, DEPLOYMENT_ID) VALUES ('1511451595465-53', 'R3.Corda', 'migration/vault-schema.changelog-init.xml', NOW(), 13, '7:7b0c95c0892fe1aba26a294d843d3c0a', 'createIndex indexName=external_id_index, tableName=vault_linear_states', '', 'EXECUTED', NULL, NULL, '3.5.4', '1046229348')
17:43:49.443 [Test worker] DEBUG liquibase - master.changelog.json: migration/vault-schema.changelog-init.xml::1511451595465-55::R3.Corda: Running Changeset:migration/vault-schema.changelog-init.xml::1511451595465-55::R3.Corda
17:43:49.443 [Test worker] DEBUG liquibase - master.changelog.json: migration/vault-schema.changelog-init.xml::1511451595465-55::R3.Corda: Changeset migration/vault-schema.changelog-init.xml::1511451595465-55::R3.Corda
17:43:49.443 [Test worker] DEBUG liquibase - master.changelog.json: migration/vault-schema.changelog-init.xml::1511451595465-55::R3.Corda: Reading ChangeSet: migration/vault-schema.changelog-init.xml::1511451595465-55::R3.Corda
17:43:49.443 [Test worker] DEBUG liquibase - master.changelog.json: migration/vault-schema.changelog-init.xml::1511451595465-55::R3.Corda: Executing Statement: liquibase.statement.core.CreateIndexStatement@79121acc
17:43:49.443 [Test worker] DEBUG liquibase - master.changelog.json: migration/vault-schema.changelog-init.xml::1511451595465-55::R3.Corda: Executing EXECUTE database command: CREATE INDEX PUBLIC.lock_id_idx ON PUBLIC.vault_states(lock_id, state_status)
17:43:49.443 [Test worker] INFO liquibase - master.changelog.json: migration/vault-schema.changelog-init.xml::1511451595465-55::R3.Corda: Index lock_id_idx created
17:43:49.443 [Test worker] INFO liquibase - master.changelog.json: migration/vault-schema.changelog-init.xml::1511451595465-55::R3.Corda: ChangeSet migration/vault-schema.changelog-init.xml::1511451595465-55::R3.Corda ran successfully in 0ms
17:43:49.445 [Test worker] DEBUG liquibase - master.changelog.json: migration/vault-schema.changelog-init.xml::1511451595465-55::R3.Corda: Executing EXECUTE database command: INSERT INTO PUBLIC.DATABASECHANGELOG (ID, AUTHOR, FILENAME, DATEEXECUTED, ORDEREXECUTED, MD5SUM, DESCRIPTION, COMMENTS, EXECTYPE, CONTEXTS, LABELS, LIQUIBASE, DEPLOYMENT_ID) VALUES ('1511451595465-55', 'R3.Corda', 'migration/vault-schema.changelog-init.xml', NOW(), 14, '7:daf1bfa84381a1c8e100c14229a6d860', 'createIndex indexName=lock_id_idx, tableName=vault_states', '', 'EXECUTED', NULL, NULL, '3.5.4', '1046229348')
17:43:49.445 [Test worker] DEBUG liquibase - master.changelog.json: migration/vault-schema.changelog-init.xml::1511451595465-58::R3.Corda: Running Changeset:migration/vault-schema.changelog-init.xml::1511451595465-58::R3.Corda
17:43:49.445 [Test worker] DEBUG liquibase - master.changelog.json: migration/vault-schema.changelog-init.xml::1511451595465-58::R3.Corda: Changeset migration/vault-schema.changelog-init.xml::1511451595465-58::R3.Corda
17:43:49.445 [Test worker] DEBUG liquibase - master.changelog.json: migration/vault-schema.changelog-init.xml::1511451595465-58::R3.Corda: Reading ChangeSet: migration/vault-schema.changelog-init.xml::1511451595465-58::R3.Corda
17:43:49.445 [Test worker] DEBUG liquibase - master.changelog.json: migration/vault-schema.changelog-init.xml::1511451595465-58::R3.Corda: Executing Statement: liquibase.statement.core.CreateIndexStatement@64229223
17:43:49.446 [Test worker] DEBUG liquibase - master.changelog.json: migration/vault-schema.changelog-init.xml::1511451595465-58::R3.Corda: Executing EXECUTE database command: CREATE INDEX PUBLIC.state_status_idx ON PUBLIC.vault_states(state_status)
17:43:49.447 [Test worker] INFO liquibase - master.changelog.json: migration/vault-schema.changelog-init.xml::1511451595465-58::R3.Corda: Index state_status_idx created
17:43:49.447 [Test worker] INFO liquibase - master.changelog.json: migration/vault-schema.changelog-init.xml::1511451595465-58::R3.Corda: ChangeSet migration/vault-schema.changelog-init.xml::1511451595465-58::R3.Corda ran successfully in 2ms
17:43:49.448 [Test worker] DEBUG liquibase - master.changelog.json: migration/vault-schema.changelog-init.xml::1511451595465-58::R3.Corda: Executing EXECUTE database command: INSERT INTO PUBLIC.DATABASECHANGELOG (ID, AUTHOR, FILENAME, DATEEXECUTED, ORDEREXECUTED, MD5SUM, DESCRIPTION, COMMENTS, EXECTYPE, CONTEXTS, LABELS, LIQUIBASE, DEPLOYMENT_ID) VALUES ('1511451595465-58', 'R3.Corda', 'migration/vault-schema.changelog-init.xml', NOW(), 15, '7:775d3c8a27b7fad84f9894db6bdf3e87', 'createIndex indexName=state_status_idx, tableName=vault_states', '', 'EXECUTED', NULL, NULL, '3.5.4', '1046229348')
17:43:49.451 [Test worker] DEBUG liquibase - master.changelog.json: migration/vault-schema.changelog-init.xml::1511451595465-59::R3.Corda: Running Changeset:migration/vault-schema.changelog-init.xml::1511451595465-59::R3.Corda
17:43:49.451 [Test worker] DEBUG liquibase - master.changelog.json: migration/vault-schema.changelog-init.xml::1511451595465-59::R3.Corda: Changeset migration/vault-schema.changelog-init.xml::1511451595465-59::R3.Corda
17:43:49.451 [Test worker] DEBUG liquibase - master.changelog.json: migration/vault-schema.changelog-init.xml::1511451595465-59::R3.Corda: Reading ChangeSet: migration/vault-schema.changelog-init.xml::1511451595465-59::R3.Corda
17:43:49.451 [Test worker] DEBUG liquibase - master.changelog.json: migration/vault-schema.changelog-init.xml::1511451595465-59::R3.Corda: Executing Statement: liquibase.statement.core.CreateIndexStatement@6434f445
17:43:49.454 [Test worker] DEBUG liquibase - master.changelog.json: migration/vault-schema.changelog-init.xml::1511451595465-59::R3.Corda: Executing EXECUTE database command: CREATE INDEX PUBLIC.transaction_id_index ON PUBLIC.vault_transaction_notes(transaction_id)
17:43:49.455 [Test worker] INFO liquibase - master.changelog.json: migration/vault-schema.changelog-init.xml::1511451595465-59::R3.Corda: Index transaction_id_index created
17:43:49.455 [Test worker] INFO liquibase - master.changelog.json: migration/vault-schema.changelog-init.xml::1511451595465-59::R3.Corda: ChangeSet migration/vault-schema.changelog-init.xml::1511451595465-59::R3.Corda ran successfully in 4ms
17:43:49.472 [Test worker] DEBUG liquibase - master.changelog.json: migration/vault-schema.changelog-init.xml::1511451595465-59::R3.Corda: Executing EXECUTE database command: INSERT INTO PUBLIC.DATABASECHANGELOG (ID, AUTHOR, FILENAME, DATEEXECUTED, ORDEREXECUTED, MD5SUM, DESCRIPTION, COMMENTS, EXECTYPE, CONTEXTS, LABELS, LIQUIBASE, DEPLOYMENT_ID) VALUES ('1511451595465-59', 'R3.Corda', 'migration/vault-schema.changelog-init.xml', NOW(), 16, '7:1be2b24f3e4fedc8252c24080b713783', 'createIndex indexName=transaction_id_index, tableName=vault_transaction_notes', '', 'EXECUTED', NULL, NULL, '3.5.4', '1046229348')
17:43:49.472 [Test worker] DEBUG liquibase - master.changelog.json: migration/vault-schema.changelog-init.xml::1511451595465-60::R3.Corda: Running Changeset:migration/vault-schema.changelog-init.xml::1511451595465-60::R3.Corda
17:43:49.472 [Test worker] DEBUG liquibase - master.changelog.json: migration/vault-schema.changelog-init.xml::1511451595465-60::R3.Corda: Changeset migration/vault-schema.changelog-init.xml::1511451595465-60::R3.Corda
17:43:49.472 [Test worker] DEBUG liquibase - master.changelog.json: migration/vault-schema.changelog-init.xml::1511451595465-60::R3.Corda: Reading ChangeSet: migration/vault-schema.changelog-init.xml::1511451595465-60::R3.Corda
17:43:49.472 [Test worker] DEBUG liquibase - master.changelog.json: migration/vault-schema.changelog-init.xml::1511451595465-60::R3.Corda: Executing Statement: liquibase.statement.core.CreateIndexStatement@6ea653
17:43:49.473 [Test worker] DEBUG liquibase - master.changelog.json: migration/vault-schema.changelog-init.xml::1511451595465-60::R3.Corda: Executing EXECUTE database command: CREATE INDEX PUBLIC.uuid_index ON PUBLIC.vault_linear_states(uuid)
17:43:49.473 [Test worker] INFO liquibase - master.changelog.json: migration/vault-schema.changelog-init.xml::1511451595465-60::R3.Corda: Index uuid_index created
17:43:49.473 [Test worker] INFO liquibase - master.changelog.json: migration/vault-schema.changelog-init.xml::1511451595465-60::R3.Corda: ChangeSet migration/vault-schema.changelog-init.xml::1511451595465-60::R3.Corda ran successfully in 1ms
17:43:49.474 [Test worker] DEBUG liquibase - master.changelog.json: migration/vault-schema.changelog-init.xml::1511451595465-60::R3.Corda: Executing EXECUTE database command: INSERT INTO PUBLIC.DATABASECHANGELOG (ID, AUTHOR, FILENAME, DATEEXECUTED, ORDEREXECUTED, MD5SUM, DESCRIPTION, COMMENTS, EXECTYPE, CONTEXTS, LABELS, LIQUIBASE, DEPLOYMENT_ID) VALUES ('1511451595465-60', 'R3.Corda', 'migration/vault-schema.changelog-init.xml', NOW(), 17, '7:f372f17dd75374bfecfde0e44d7ce36c', 'createIndex indexName=uuid_index, tableName=vault_linear_states', '', 'EXECUTED', NULL, NULL, '3.5.4', '1046229348')
17:43:49.475 [Test worker] DEBUG liquibase - master.changelog.json: migration/vault-schema.changelog-init.xml::1511451595465-64::R3.Corda: Running Changeset:migration/vault-schema.changelog-init.xml::1511451595465-64::R3.Corda
17:43:49.475 [Test worker] DEBUG liquibase - master.changelog.json: migration/vault-schema.changelog-init.xml::1511451595465-64::R3.Corda: Changeset migration/vault-schema.changelog-init.xml::1511451595465-64::R3.Corda
17:43:49.475 [Test worker] DEBUG liquibase - master.changelog.json: migration/vault-schema.changelog-init.xml::1511451595465-64::R3.Corda: Reading ChangeSet: migration/vault-schema.changelog-init.xml::1511451595465-64::R3.Corda
17:43:49.475 [Test worker] DEBUG liquibase - master.changelog.json: migration/vault-schema.changelog-init.xml::1511451595465-64::R3.Corda: Executing Statement: liquibase.statement.core.AddForeignKeyConstraintStatement@4c2bef89
17:43:49.476 [Test worker] DEBUG liquibase - master.changelog.json: migration/vault-schema.changelog-init.xml::1511451595465-64::R3.Corda: Executing EXECUTE database command: ALTER TABLE PUBLIC.vault_fungible_states_parts ADD CONSTRAINT FK__fung_st_parts__fung_st FOREIGN KEY (output_index, transaction_id) REFERENCES PUBLIC.vault_fungible_states (output_index, transaction_id)
17:43:49.477 [Test worker] INFO liquibase - master.changelog.json: migration/vault-schema.changelog-init.xml::1511451595465-64::R3.Corda: Foreign key constraint added to vault_fungible_states_parts (output_index,transaction_id)
17:43:49.477 [Test worker] INFO liquibase - master.changelog.json: migration/vault-schema.changelog-init.xml::1511451595465-64::R3.Corda: ChangeSet migration/vault-schema.changelog-init.xml::1511451595465-64::R3.Corda ran successfully in 2ms
17:43:49.478 [Test worker] DEBUG liquibase - master.changelog.json: migration/vault-schema.changelog-init.xml::1511451595465-64::R3.Corda: Executing EXECUTE database command: INSERT INTO PUBLIC.DATABASECHANGELOG (ID, AUTHOR, FILENAME, DATEEXECUTED, ORDEREXECUTED, MD5SUM, DESCRIPTION, COMMENTS, EXECTYPE, CONTEXTS, LABELS, LIQUIBASE, DEPLOYMENT_ID) VALUES ('1511451595465-64', 'R3.Corda', 'migration/vault-schema.changelog-init.xml', NOW(), 18, '7:3771038da08dbe5dbbbdffac7300198d', 'addForeignKeyConstraint baseTableName=vault_fungible_states_parts, constraintName=FK__fung_st_parts__fung_st, referencedTableName=vault_fungible_states', '', 'EXECUTED', NULL, NULL, '3.5.4', '1046229348')
17:43:49.479 [Test worker] DEBUG liquibase - master.changelog.json: migration/vault-schema.changelog-init.xml::1511451595465-65::R3.Corda: Running Changeset:migration/vault-schema.changelog-init.xml::1511451595465-65::R3.Corda
17:43:49.479 [Test worker] DEBUG liquibase - master.changelog.json: migration/vault-schema.changelog-init.xml::1511451595465-65::R3.Corda: Changeset migration/vault-schema.changelog-init.xml::1511451595465-65::R3.Corda
17:43:49.479 [Test worker] DEBUG liquibase - master.changelog.json: migration/vault-schema.changelog-init.xml::1511451595465-65::R3.Corda: Reading ChangeSet: migration/vault-schema.changelog-init.xml::1511451595465-65::R3.Corda
17:43:49.479 [Test worker] DEBUG liquibase - master.changelog.json: migration/vault-schema.changelog-init.xml::1511451595465-65::R3.Corda: Executing Statement: liquibase.statement.core.AddForeignKeyConstraintStatement@6d601195
17:43:49.479 [Test worker] DEBUG liquibase - master.changelog.json: migration/vault-schema.changelog-init.xml::1511451595465-65::R3.Corda: Executing EXECUTE database command: ALTER TABLE PUBLIC.vault_linear_states_parts ADD CONSTRAINT FK__lin_stat_parts__lin_stat FOREIGN KEY (output_index, transaction_id) REFERENCES PUBLIC.vault_linear_states (output_index, transaction_id)
17:43:49.480 [Test worker] INFO liquibase - master.changelog.json: migration/vault-schema.changelog-init.xml::1511451595465-65::R3.Corda: Foreign key constraint added to vault_linear_states_parts (output_index,transaction_id)
17:43:49.480 [Test worker] INFO liquibase - master.changelog.json: migration/vault-schema.changelog-init.xml::1511451595465-65::R3.Corda: ChangeSet migration/vault-schema.changelog-init.xml::1511451595465-65::R3.Corda ran successfully in 1ms
17:43:49.482 [Test worker] DEBUG liquibase - master.changelog.json: migration/vault-schema.changelog-init.xml::1511451595465-65::R3.Corda: Executing EXECUTE database command: INSERT INTO PUBLIC.DATABASECHANGELOG (ID, AUTHOR, FILENAME, DATEEXECUTED, ORDEREXECUTED, MD5SUM, DESCRIPTION, COMMENTS, EXECTYPE, CONTEXTS, LABELS, LIQUIBASE, DEPLOYMENT_ID) VALUES ('1511451595465-65', 'R3.Corda', 'migration/vault-schema.changelog-init.xml', NOW(), 19, '7:4cccc80aadefc753d80d33d233d426b1', 'addForeignKeyConstraint baseTableName=vault_linear_states_parts, constraintName=FK__lin_stat_parts__lin_stat, referencedTableName=vault_linear_states', '', 'EXECUTED', NULL, NULL, '3.5.4', '1046229348')
17:43:49.482 [Test worker] DEBUG liquibase - master.changelog.json: migration/vault-schema.changelog-v3.xml::clean_vault::R3.Corda: Running Changeset:migration/vault-schema.changelog-v3.xml::clean_vault::R3.Corda
17:43:49.483 [Test worker] DEBUG liquibase - master.changelog.json: migration/vault-schema.changelog-v3.xml::clean_vault::R3.Corda: Changeset migration/vault-schema.changelog-v3.xml::clean_vault::R3.Corda
17:43:49.484 [Test worker] DEBUG liquibase - master.changelog.json: migration/vault-schema.changelog-v3.xml::clean_vault::R3.Corda: Reading ChangeSet: migration/vault-schema.changelog-v3.xml::clean_vault::R3.Corda
17:43:49.484 [Test worker] DEBUG liquibase - master.changelog.json: migration/vault-schema.changelog-v3.xml::clean_vault::R3.Corda: Executing Statement: liquibase.statement.core.DeleteStatement@239ec708
17:43:49.484 [Test worker] DEBUG liquibase - master.changelog.json: migration/vault-schema.changelog-v3.xml::clean_vault::R3.Corda: Executing EXECUTE database command: DELETE FROM PUBLIC.vault_fungible_states_parts
17:43:49.484 [Test worker] INFO liquibase - master.changelog.json: migration/vault-schema.changelog-v3.xml::clean_vault::R3.Corda: Data deleted from vault_fungible_states_parts
17:43:49.484 [Test worker] DEBUG liquibase - master.changelog.json: migration/vault-schema.changelog-v3.xml::clean_vault::R3.Corda: Executing Statement: liquibase.statement.core.DeleteStatement@42835094
17:43:49.484 [Test worker] DEBUG liquibase - master.changelog.json: migration/vault-schema.changelog-v3.xml::clean_vault::R3.Corda: Executing EXECUTE database command: DELETE FROM PUBLIC.vault_fungible_states
17:43:49.484 [Test worker] INFO liquibase - master.changelog.json: migration/vault-schema.changelog-v3.xml::clean_vault::R3.Corda: Data deleted from vault_fungible_states
17:43:49.485 [Test worker] DEBUG liquibase - master.changelog.json: migration/vault-schema.changelog-v3.xml::clean_vault::R3.Corda: Executing Statement: liquibase.statement.core.DeleteStatement@7f74d088
17:43:49.485 [Test worker] DEBUG liquibase - master.changelog.json: migration/vault-schema.changelog-v3.xml::clean_vault::R3.Corda: Executing EXECUTE database command: DELETE FROM PUBLIC.vault_linear_states_parts
17:43:49.485 [Test worker] INFO liquibase - master.changelog.json: migration/vault-schema.changelog-v3.xml::clean_vault::R3.Corda: Data deleted from vault_linear_states_parts
17:43:49.485 [Test worker] DEBUG liquibase - master.changelog.json: migration/vault-schema.changelog-v3.xml::clean_vault::R3.Corda: Executing Statement: liquibase.statement.core.DeleteStatement@733f5354
17:43:49.485 [Test worker] DEBUG liquibase - master.changelog.json: migration/vault-schema.changelog-v3.xml::clean_vault::R3.Corda: Executing EXECUTE database command: DELETE FROM PUBLIC.vault_linear_states
17:43:49.485 [Test worker] INFO liquibase - master.changelog.json: migration/vault-schema.changelog-v3.xml::clean_vault::R3.Corda: Data deleted from vault_linear_states
17:43:49.507 [Test worker] DEBUG liquibase - master.changelog.json: migration/vault-schema.changelog-v3.xml::clean_vault::R3.Corda: Executing Statement: liquibase.statement.core.DeleteStatement@264c6cbc
17:43:49.507 [Test worker] DEBUG liquibase - master.changelog.json: migration/vault-schema.changelog-v3.xml::clean_vault::R3.Corda: Executing EXECUTE database command: DELETE FROM PUBLIC.vault_states
17:43:49.507 [Test worker] INFO liquibase - master.changelog.json: migration/vault-schema.changelog-v3.xml::clean_vault::R3.Corda: Data deleted from vault_states
17:43:49.507 [Test worker] DEBUG liquibase - master.changelog.json: migration/vault-schema.changelog-v3.xml::clean_vault::R3.Corda: Executing Statement: liquibase.statement.core.DeleteStatement@7e139f11
17:43:49.507 [Test worker] DEBUG liquibase - master.changelog.json: migration/vault-schema.changelog-v3.xml::clean_vault::R3.Corda: Executing EXECUTE database command: DELETE FROM PUBLIC.vault_transaction_notes
17:43:49.508 [Test worker] INFO liquibase - master.changelog.json: migration/vault-schema.changelog-v3.xml::clean_vault::R3.Corda: Data deleted from vault_transaction_notes
17:43:49.508 [Test worker] INFO liquibase - master.changelog.json: migration/vault-schema.changelog-v3.xml::clean_vault::R3.Corda: ChangeSet migration/vault-schema.changelog-v3.xml::clean_vault::R3.Corda ran successfully in 26ms
17:43:49.509 [Test worker] DEBUG liquibase - master.changelog.json: migration/vault-schema.changelog-v3.xml::clean_vault::R3.Corda: Executing EXECUTE database command: INSERT INTO PUBLIC.DATABASECHANGELOG (ID, AUTHOR, FILENAME, DATEEXECUTED, ORDEREXECUTED, MD5SUM, DESCRIPTION, COMMENTS, EXECTYPE, CONTEXTS, LABELS, LIQUIBASE, DEPLOYMENT_ID) VALUES ('clean_vault', 'R3.Corda', 'migration/vault-schema.changelog-v3.xml', NOW(), 20, '7:c16f94cc9c0418c23dfcedd33e85d2d3', 'delete tableName=vault_fungible_states_parts; delete tableName=vault_fungible_states; delete tableName=vault_linear_states_parts; delete tableName=vault_linear_states; delete tableName=vault_states; delete tableName=vault_transaction_notes', '', 'EXECUTED', NULL, NULL, '3.5.4', '1046229348')
17:43:49.509 [Test worker] DEBUG liquibase - master.changelog.json: migration/vault-schema.changelog-v4.xml::nullability::R3.Corda: Running Changeset:migration/vault-schema.changelog-v4.xml::nullability::R3.Corda
17:43:49.510 [Test worker] DEBUG liquibase - master.changelog.json: migration/vault-schema.changelog-v4.xml::nullability::R3.Corda: Changeset migration/vault-schema.changelog-v4.xml::nullability::R3.Corda
17:43:49.510 [Test worker] DEBUG liquibase - master.changelog.json: migration/vault-schema.changelog-v4.xml::nullability::R3.Corda: Reading ChangeSet: migration/vault-schema.changelog-v4.xml::nullability::R3.Corda
17:43:49.510 [Test worker] DEBUG liquibase - master.changelog.json: migration/vault-schema.changelog-v4.xml::nullability::R3.Corda: Executing Statement: liquibase.statement.core.SetNullableStatement@4f893d21
17:43:49.510 [Test worker] DEBUG liquibase - master.changelog.json: migration/vault-schema.changelog-v4.xml::nullability::R3.Corda: Executing EXECUTE database command: ALTER TABLE PUBLIC.vault_fungible_states ALTER COLUMN quantity SET NOT NULL
17:43:49.510 [Test worker] INFO liquibase - master.changelog.json: migration/vault-schema.changelog-v4.xml::nullability::R3.Corda: Null constraint has been added to vault_fungible_states.quantity
17:43:49.510 [Test worker] DEBUG liquibase - master.changelog.json: migration/vault-schema.changelog-v4.xml::nullability::R3.Corda: Executing Statement: liquibase.statement.core.SetNullableStatement@1b7ed971
17:43:49.510 [Test worker] DEBUG liquibase - master.changelog.json: migration/vault-schema.changelog-v4.xml::nullability::R3.Corda: Executing EXECUTE database command: ALTER TABLE PUBLIC.vault_states ALTER COLUMN contract_state_class_name SET NOT NULL
17:43:49.511 [Test worker] INFO liquibase - master.changelog.json: migration/vault-schema.changelog-v4.xml::nullability::R3.Corda: Null constraint has been added to vault_states.contract_state_class_name
17:43:49.511 [Test worker] DEBUG liquibase - master.changelog.json: migration/vault-schema.changelog-v4.xml::nullability::R3.Corda: Executing Statement: liquibase.statement.core.SetNullableStatement@61634a48
17:43:49.511 [Test worker] DEBUG liquibase - master.changelog.json: migration/vault-schema.changelog-v4.xml::nullability::R3.Corda: Executing EXECUTE database command: ALTER TABLE PUBLIC.vault_states ALTER COLUMN notary_name SET NOT NULL
17:43:49.511 [Test worker] INFO liquibase - master.changelog.json: migration/vault-schema.changelog-v4.xml::nullability::R3.Corda: Null constraint has been added to vault_states.notary_name
17:43:49.511 [Test worker] DEBUG liquibase - master.changelog.json: migration/vault-schema.changelog-v4.xml::nullability::R3.Corda: Executing Statement: liquibase.statement.core.SetNullableStatement@5459b048
17:43:49.511 [Test worker] DEBUG liquibase - master.changelog.json: migration/vault-schema.changelog-v4.xml::nullability::R3.Corda: Executing EXECUTE database command: ALTER TABLE PUBLIC.vault_states ALTER COLUMN recorded_timestamp SET NOT NULL
17:43:49.512 [Test worker] INFO liquibase - master.changelog.json: migration/vault-schema.changelog-v4.xml::nullability::R3.Corda: Null constraint has been added to vault_states.recorded_timestamp
17:43:49.512 [Test worker] DEBUG liquibase - master.changelog.json: migration/vault-schema.changelog-v4.xml::nullability::R3.Corda: Executing Statement: liquibase.statement.core.DropIndexStatement@6044692f
17:43:49.512 [Test worker] DEBUG liquibase - master.changelog.json: migration/vault-schema.changelog-v4.xml::nullability::R3.Corda: Executing EXECUTE database command: DROP INDEX PUBLIC.state_status_idx
17:43:49.512 [Test worker] INFO liquibase - master.changelog.json: migration/vault-schema.changelog-v4.xml::nullability::R3.Corda: Index state_status_idx dropped from table vault_states
17:43:49.513 [Test worker] DEBUG liquibase - master.changelog.json: migration/vault-schema.changelog-v4.xml::nullability::R3.Corda: Executing Statement: liquibase.statement.core.DropIndexStatement@4a2eccb9
17:43:49.513 [Test worker] DEBUG liquibase - master.changelog.json: migration/vault-schema.changelog-v4.xml::nullability::R3.Corda: Executing EXECUTE database command: DROP INDEX PUBLIC.lock_id_idx
17:43:49.513 [Test worker] INFO liquibase - master.changelog.json: migration/vault-schema.changelog-v4.xml::nullability::R3.Corda: Index lock_id_idx dropped from table vault_states
17:43:49.513 [Test worker] DEBUG liquibase - master.changelog.json: migration/vault-schema.changelog-v4.xml::nullability::R3.Corda: Executing Statement: liquibase.statement.core.SetNullableStatement@608f6a87
17:43:49.514 [Test worker] DEBUG liquibase - master.changelog.json: migration/vault-schema.changelog-v4.xml::nullability::R3.Corda: Executing EXECUTE database command: ALTER TABLE PUBLIC.vault_states ALTER COLUMN state_status SET NOT NULL
17:43:49.514 [Test worker] INFO liquibase - master.changelog.json: migration/vault-schema.changelog-v4.xml::nullability::R3.Corda: Null constraint has been added to vault_states.state_status
17:43:49.514 [Test worker] DEBUG liquibase - master.changelog.json: migration/vault-schema.changelog-v4.xml::nullability::R3.Corda: Executing Statement: liquibase.statement.core.CreateIndexStatement@684ba9dd
17:43:49.514 [Test worker] DEBUG liquibase - master.changelog.json: migration/vault-schema.changelog-v4.xml::nullability::R3.Corda: Executing EXECUTE database command: CREATE INDEX PUBLIC.state_status_idx ON PUBLIC.vault_states(state_status)
17:43:49.515 [Test worker] INFO liquibase - master.changelog.json: migration/vault-schema.changelog-v4.xml::nullability::R3.Corda: Index state_status_idx created
17:43:49.515 [Test worker] DEBUG liquibase - master.changelog.json: migration/vault-schema.changelog-v4.xml::nullability::R3.Corda: Executing Statement: liquibase.statement.core.CreateIndexStatement@4034896f
17:43:49.515 [Test worker] DEBUG liquibase - master.changelog.json: migration/vault-schema.changelog-v4.xml::nullability::R3.Corda: Executing EXECUTE database command: CREATE INDEX PUBLIC.lock_id_idx ON PUBLIC.vault_states(lock_id, state_status)
17:43:49.515 [Test worker] INFO liquibase - master.changelog.json: migration/vault-schema.changelog-v4.xml::nullability::R3.Corda: Index lock_id_idx created
17:43:49.515 [Test worker] DEBUG liquibase - master.changelog.json: migration/vault-schema.changelog-v4.xml::nullability::R3.Corda: Executing Statement: liquibase.statement.core.DropIndexStatement@5bf408bc
17:43:49.515 [Test worker] DEBUG liquibase - master.changelog.json: migration/vault-schema.changelog-v4.xml::nullability::R3.Corda: Executing EXECUTE database command: DROP INDEX PUBLIC.transaction_id_index
17:43:49.515 [Test worker] INFO liquibase - master.changelog.json: migration/vault-schema.changelog-v4.xml::nullability::R3.Corda: Index transaction_id_index dropped from table vault_transaction_notes
17:43:49.515 [Test worker] DEBUG liquibase - master.changelog.json: migration/vault-schema.changelog-v4.xml::nullability::R3.Corda: Executing Statement: liquibase.statement.core.SetNullableStatement@5d2cd56e
17:43:49.516 [Test worker] DEBUG liquibase - master.changelog.json: migration/vault-schema.changelog-v4.xml::nullability::R3.Corda: Executing EXECUTE database command: ALTER TABLE PUBLIC.vault_transaction_notes ALTER COLUMN note SET NOT NULL
17:43:49.516 [Test worker] INFO liquibase - master.changelog.json: migration/vault-schema.changelog-v4.xml::nullability::R3.Corda: Null constraint has been added to vault_transaction_notes.note
17:43:49.517 [Test worker] DEBUG liquibase - master.changelog.json: migration/vault-schema.changelog-v4.xml::nullability::R3.Corda: Executing Statement: liquibase.statement.core.SetNullableStatement@42fd1e37
17:43:49.517 [Test worker] DEBUG liquibase - master.changelog.json: migration/vault-schema.changelog-v4.xml::nullability::R3.Corda: Executing EXECUTE database command: ALTER TABLE PUBLIC.vault_transaction_notes ALTER COLUMN transaction_id SET NOT NULL
17:43:49.518 [Test worker] INFO liquibase - master.changelog.json: migration/vault-schema.changelog-v4.xml::nullability::R3.Corda: Null constraint has been added to vault_transaction_notes.transaction_id
17:43:49.518 [Test worker] DEBUG liquibase - master.changelog.json: migration/vault-schema.changelog-v4.xml::nullability::R3.Corda: Executing Statement: liquibase.statement.core.CreateIndexStatement@75b64287
17:43:49.518 [Test worker] DEBUG liquibase - master.changelog.json: migration/vault-schema.changelog-v4.xml::nullability::R3.Corda: Executing EXECUTE database command: CREATE INDEX PUBLIC.transaction_id_index ON PUBLIC.vault_transaction_notes(transaction_id)
17:43:49.519 [Test worker] INFO liquibase - master.changelog.json: migration/vault-schema.changelog-v4.xml::nullability::R3.Corda: Index transaction_id_index created
17:43:49.519 [Test worker] INFO liquibase - master.changelog.json: migration/vault-schema.changelog-v4.xml::nullability::R3.Corda: ChangeSet migration/vault-schema.changelog-v4.xml::nullability::R3.Corda ran successfully in 10ms
17:43:49.522 [Test worker] DEBUG liquibase - master.changelog.json: migration/vault-schema.changelog-v4.xml::nullability::R3.Corda: Executing EXECUTE database command: INSERT INTO PUBLIC.DATABASECHANGELOG (ID, AUTHOR, FILENAME, DATEEXECUTED, ORDEREXECUTED, MD5SUM, DESCRIPTION, COMMENTS, EXECTYPE, CONTEXTS, LABELS, LIQUIBASE, DEPLOYMENT_ID) VALUES ('nullability', 'R3.Corda', 'migration/vault-schema.changelog-v4.xml', NOW(), 21, '7:59450415a9a86b5b55d9f9347b383e6a', 'addNotNullConstraint columnName=quantity, tableName=vault_fungible_states; addNotNullConstraint columnName=contract_state_class_name, tableName=vault_states; addNotNullConstraint columnName=notary_name, tableName=vault_states; addNotNullConstraint...', '', 'EXECUTED', NULL, NULL, '3.5.4', '1046229348')
17:43:49.524 [Test worker] DEBUG liquibase - master.changelog.json: migration/vault-schema.changelog-pkey.xml::non-clustered_pk-11::R3.Corda: Running Changeset:migration/vault-schema.changelog-pkey.xml::non-clustered_pk-11::R3.Corda
17:43:49.526 [Test worker] DEBUG liquibase - master.changelog.json: migration/vault-schema.changelog-pkey.xml::non-clustered_pk-11::R3.Corda: Executing EXECUTE database command: INSERT INTO PUBLIC.DATABASECHANGELOG (ID, AUTHOR, FILENAME, DATEEXECUTED, ORDEREXECUTED, MD5SUM, DESCRIPTION, COMMENTS, EXECTYPE, CONTEXTS, LABELS, LIQUIBASE, DEPLOYMENT_ID) VALUES ('non-clustered_pk-11', 'R3.Corda', 'migration/vault-schema.changelog-pkey.xml', NOW(), 22, '7:c88a8494afc1f2507131e709b3ec4f1e', 'dropForeignKeyConstraint baseTableName=vault_fungible_states_parts, constraintName=FK__fung_st_parts__fung_st; dropPrimaryKey constraintName=vault_fungible_states_pkey, tableName=vault_fungible_states; addPrimaryKey constraintName=vault_fungible_s...', '', 'MARK_RAN', NULL, NULL, '3.5.4', '1046229348')
17:43:49.526 [Test worker] DEBUG liquibase - master.changelog.json: migration/vault-schema.changelog-pkey.xml::non-clustered_pk-12::R3.Corda: Running Changeset:migration/vault-schema.changelog-pkey.xml::non-clustered_pk-12::R3.Corda
17:43:49.530 [Test worker] DEBUG liquibase - master.changelog.json: migration/vault-schema.changelog-pkey.xml::non-clustered_pk-12::R3.Corda: Executing EXECUTE database command: INSERT INTO PUBLIC.DATABASECHANGELOG (ID, AUTHOR, FILENAME, DATEEXECUTED, ORDEREXECUTED, MD5SUM, DESCRIPTION, COMMENTS, EXECTYPE, CONTEXTS, LABELS, LIQUIBASE, DEPLOYMENT_ID) VALUES ('non-clustered_pk-12', 'R3.Corda', 'migration/vault-schema.changelog-pkey.xml', NOW(), 23, '7:5569de8454d891688bbb7510f634782f', 'dropForeignKeyConstraint baseTableName=vault_linear_states_parts, constraintName=FK__lin_stat_parts__lin_stat; dropPrimaryKey constraintName=vault_linear_states_pkey, tableName=vault_linear_states; addPrimaryKey constraintName=vault_linear_states_...', '', 'MARK_RAN', NULL, NULL, '3.5.4', '1046229348')
17:43:49.531 [Test worker] DEBUG liquibase - master.changelog.json: migration/vault-schema.changelog-pkey.xml::non-clustered_pk-13::R3.Corda: Running Changeset:migration/vault-schema.changelog-pkey.xml::non-clustered_pk-13::R3.Corda
17:43:49.536 [Test worker] DEBUG liquibase - master.changelog.json: migration/vault-schema.changelog-pkey.xml::non-clustered_pk-13::R3.Corda: Executing EXECUTE database command: INSERT INTO PUBLIC.DATABASECHANGELOG (ID, AUTHOR, FILENAME, DATEEXECUTED, ORDEREXECUTED, MD5SUM, DESCRIPTION, COMMENTS, EXECTYPE, CONTEXTS, LABELS, LIQUIBASE, DEPLOYMENT_ID) VALUES ('non-clustered_pk-13', 'R3.Corda', 'migration/vault-schema.changelog-pkey.xml', NOW(), 24, '7:c786c529ecdaa33f87d3fc9ed88111f4', 'dropPrimaryKey constraintName=vault_states_pkey, tableName=vault_states; addPrimaryKey constraintName=vault_states_pkey, tableName=vault_states', '', 'MARK_RAN', NULL, NULL, '3.5.4', '1046229348')
17:43:49.537 [Test worker] DEBUG liquibase - master.changelog.json: migration/vault-schema.changelog-v5.xml::add_relevancy_status_column::R3.Corda: Running Changeset:migration/vault-schema.changelog-v5.xml::add_relevancy_status_column::R3.Corda
17:43:49.537 [Test worker] DEBUG liquibase - master.changelog.json: migration/vault-schema.changelog-v5.xml::add_relevancy_status_column::R3.Corda: Changeset migration/vault-schema.changelog-v5.xml::add_relevancy_status_column::R3.Corda
17:43:49.538 [Test worker] DEBUG liquibase - master.changelog.json: migration/vault-schema.changelog-v5.xml::add_relevancy_status_column::R3.Corda: Reading ChangeSet: migration/vault-schema.changelog-v5.xml::add_relevancy_status_column::R3.Corda
17:43:49.538 [Test worker] DEBUG liquibase - master.changelog.json: migration/vault-schema.changelog-v5.xml::add_relevancy_status_column::R3.Corda: Executing Statement: liquibase.statement.core.AddColumnStatement@1d938438
17:43:49.538 [Test worker] DEBUG liquibase - master.changelog.json: migration/vault-schema.changelog-v5.xml::add_relevancy_status_column::R3.Corda: Executing EXECUTE database command: ALTER TABLE PUBLIC.vault_states ADD relevancy_status INT
17:43:49.543 [Test worker] INFO liquibase - master.changelog.json: migration/vault-schema.changelog-v5.xml::add_relevancy_status_column::R3.Corda: Columns relevancy_status(INT) added to vault_states
17:43:49.543 [Test worker] DEBUG liquibase - master.changelog.json: migration/vault-schema.changelog-v5.xml::add_relevancy_status_column::R3.Corda: Executing Statement: liquibase.statement.core.UpdateStatement@1b548ea7
17:43:49.543 [Test worker] DEBUG liquibase - master.changelog.json: migration/vault-schema.changelog-v5.xml::add_relevancy_status_column::R3.Corda: Executing EXECUTE database command: UPDATE PUBLIC.vault_states SET relevancy_status = 0
17:43:49.543 [Test worker] INFO liquibase - master.changelog.json: migration/vault-schema.changelog-v5.xml::add_relevancy_status_column::R3.Corda: Data updated in vault_states
17:43:49.543 [Test worker] DEBUG liquibase - master.changelog.json: migration/vault-schema.changelog-v5.xml::add_relevancy_status_column::R3.Corda: Executing Statement: liquibase.statement.core.SetNullableStatement@cfc4159
17:43:49.543 [Test worker] DEBUG liquibase - master.changelog.json: migration/vault-schema.changelog-v5.xml::add_relevancy_status_column::R3.Corda: Executing EXECUTE database command: ALTER TABLE PUBLIC.vault_states ALTER COLUMN relevancy_status SET NOT NULL
17:43:49.544 [Test worker] INFO liquibase - master.changelog.json: migration/vault-schema.changelog-v5.xml::add_relevancy_status_column::R3.Corda: Null constraint has been added to vault_states.relevancy_status
17:43:49.544 [Test worker] INFO liquibase - master.changelog.json: migration/vault-schema.changelog-v5.xml::add_relevancy_status_column::R3.Corda: ChangeSet migration/vault-schema.changelog-v5.xml::add_relevancy_status_column::R3.Corda ran successfully in 7ms
17:43:49.545 [Test worker] DEBUG liquibase - master.changelog.json: migration/vault-schema.changelog-v5.xml::add_relevancy_status_column::R3.Corda: Executing EXECUTE database command: INSERT INTO PUBLIC.DATABASECHANGELOG (ID, AUTHOR, FILENAME, DATEEXECUTED, ORDEREXECUTED, MD5SUM, DESCRIPTION, COMMENTS, EXECTYPE, CONTEXTS, LABELS, LIQUIBASE, DEPLOYMENT_ID) VALUES ('add_relevancy_status_column', 'R3.Corda', 'migration/vault-schema.changelog-v5.xml', NOW(), 25, '7:bd7c3258179f34f231f6ae51e3313fc4', 'addColumn tableName=vault_states; update tableName=vault_states; addNotNullConstraint columnName=relevancy_status, tableName=vault_states', '', 'EXECUTED', NULL, NULL, '3.5.4', '1046229348')
17:43:49.546 [Test worker] DEBUG liquibase - master.changelog.json: migration/vault-schema.changelog-v6.xml::add_is_constraint_information_columns::R3.Corda: Running Changeset:migration/vault-schema.changelog-v6.xml::add_is_constraint_information_columns::R3.Corda
17:43:49.546 [Test worker] DEBUG liquibase - master.changelog.json: migration/vault-schema.changelog-v6.xml::add_is_constraint_information_columns::R3.Corda: Changeset migration/vault-schema.changelog-v6.xml::add_is_constraint_information_columns::R3.Corda
17:43:49.546 [Test worker] DEBUG liquibase - master.changelog.json: migration/vault-schema.changelog-v6.xml::add_is_constraint_information_columns::R3.Corda: Reading ChangeSet: migration/vault-schema.changelog-v6.xml::add_is_constraint_information_columns::R3.Corda
17:43:49.546 [Test worker] DEBUG liquibase - master.changelog.json: migration/vault-schema.changelog-v6.xml::add_is_constraint_information_columns::R3.Corda: Executing Statement: liquibase.statement.core.AddColumnStatement@6c2ceff8
17:43:49.546 [Test worker] DEBUG liquibase - master.changelog.json: migration/vault-schema.changelog-v6.xml::add_is_constraint_information_columns::R3.Corda: Executing EXECUTE database command: ALTER TABLE PUBLIC.vault_states ADD constraint_type INT DEFAULT '0' NOT NULL
17:43:49.551 [Test worker] INFO liquibase - master.changelog.json: migration/vault-schema.changelog-v6.xml::add_is_constraint_information_columns::R3.Corda: Columns constraint_type(INT) added to vault_states
17:43:49.552 [Test worker] DEBUG liquibase - master.changelog.json: migration/vault-schema.changelog-v6.xml::add_is_constraint_information_columns::R3.Corda: Executing Statement: liquibase.statement.core.AddColumnStatement@3c66a6e2
17:43:49.552 [Test worker] DEBUG liquibase - master.changelog.json: migration/vault-schema.changelog-v6.xml::add_is_constraint_information_columns::R3.Corda: Executing EXECUTE database command: ALTER TABLE PUBLIC.vault_states ADD constraint_data VARBINARY(563)
17:43:49.554 [Test worker] INFO liquibase - master.changelog.json: migration/vault-schema.changelog-v6.xml::add_is_constraint_information_columns::R3.Corda: Columns constraint_data(varbinary(563)) added to vault_states
17:43:49.554 [Test worker] INFO liquibase - master.changelog.json: migration/vault-schema.changelog-v6.xml::add_is_constraint_information_columns::R3.Corda: ChangeSet migration/vault-schema.changelog-v6.xml::add_is_constraint_information_columns::R3.Corda ran successfully in 8ms
17:43:49.555 [Test worker] DEBUG liquibase - master.changelog.json: migration/vault-schema.changelog-v6.xml::add_is_constraint_information_columns::R3.Corda: Executing EXECUTE database command: INSERT INTO PUBLIC.DATABASECHANGELOG (ID, AUTHOR, FILENAME, DATEEXECUTED, ORDEREXECUTED, MD5SUM, DESCRIPTION, COMMENTS, EXECTYPE, CONTEXTS, LABELS, LIQUIBASE, DEPLOYMENT_ID) VALUES ('add_is_constraint_information_columns', 'R3.Corda', 'migration/vault-schema.changelog-v6.xml', NOW(), 26, '7:7d7cf7015d299a7fefb6e81aa563e208', 'addColumn tableName=vault_states; addColumn tableName=vault_states', '', 'EXECUTED', NULL, NULL, '3.5.4', '1046229348')
17:43:49.556 [Test worker] DEBUG liquibase - master.changelog.json: migration/vault-schema.changelog-v7.xml::make_issuer_ref_nullable::R3.Corda: Running Changeset:migration/vault-schema.changelog-v7.xml::make_issuer_ref_nullable::R3.Corda
17:43:49.556 [Test worker] DEBUG liquibase - master.changelog.json: migration/vault-schema.changelog-v7.xml::make_issuer_ref_nullable::R3.Corda: Changeset migration/vault-schema.changelog-v7.xml::make_issuer_ref_nullable::R3.Corda
17:43:49.556 [Test worker] DEBUG liquibase - master.changelog.json: migration/vault-schema.changelog-v7.xml::make_issuer_ref_nullable::R3.Corda: Reading ChangeSet: migration/vault-schema.changelog-v7.xml::make_issuer_ref_nullable::R3.Corda
17:43:49.556 [Test worker] DEBUG liquibase - master.changelog.json: migration/vault-schema.changelog-v7.xml::make_issuer_ref_nullable::R3.Corda: Executing Statement: liquibase.statement.core.SetNullableStatement@5ea28ef1
17:43:49.557 [Test worker] DEBUG liquibase - master.changelog.json: migration/vault-schema.changelog-v7.xml::make_issuer_ref_nullable::R3.Corda: Executing EXECUTE database command: ALTER TABLE PUBLIC.vault_fungible_states ALTER COLUMN issuer_ref SET NULL
17:43:49.557 [Test worker] INFO liquibase - master.changelog.json: migration/vault-schema.changelog-v7.xml::make_issuer_ref_nullable::R3.Corda: Null constraint dropped from vault_fungible_states.issuer_ref
17:43:49.557 [Test worker] INFO liquibase - master.changelog.json: migration/vault-schema.changelog-v7.xml::make_issuer_ref_nullable::R3.Corda: ChangeSet migration/vault-schema.changelog-v7.xml::make_issuer_ref_nullable::R3.Corda ran successfully in 1ms
17:43:49.558 [Test worker] DEBUG liquibase - master.changelog.json: migration/vault-schema.changelog-v7.xml::make_issuer_ref_nullable::R3.Corda: Executing EXECUTE database command: INSERT INTO PUBLIC.DATABASECHANGELOG (ID, AUTHOR, FILENAME, DATEEXECUTED, ORDEREXECUTED, MD5SUM, DESCRIPTION, COMMENTS, EXECTYPE, CONTEXTS, LABELS, LIQUIBASE, DEPLOYMENT_ID) VALUES ('make_issuer_ref_nullable', 'R3.Corda', 'migration/vault-schema.changelog-v7.xml', NOW(), 27, '7:016e083b176a76fc50d74e3fe07ca1cb', 'dropNotNullConstraint columnName=issuer_ref, tableName=vault_fungible_states', '', 'EXECUTED', NULL, NULL, '3.5.4', '1046229348')
17:43:49.559 [Test worker] DEBUG liquibase - master.changelog.json: migration/vault-schema.changelog-v8.xml::create-external-id-to-state-party-view::R3.Corda: Running Changeset:migration/vault-schema.changelog-v8.xml::create-external-id-to-state-party-view::R3.Corda
17:43:49.559 [Test worker] DEBUG liquibase - master.changelog.json: migration/vault-schema.changelog-v8.xml::create-external-id-to-state-party-view::R3.Corda: Changeset migration/vault-schema.changelog-v8.xml::create-external-id-to-state-party-view::R3.Corda
17:43:49.559 [Test worker] DEBUG liquibase - master.changelog.json: migration/vault-schema.changelog-v8.xml::create-external-id-to-state-party-view::R3.Corda: Reading ChangeSet: migration/vault-schema.changelog-v8.xml::create-external-id-to-state-party-view::R3.Corda
17:43:49.559 [Test worker] DEBUG liquibase - master.changelog.json: migration/vault-schema.changelog-v8.xml::create-external-id-to-state-party-view::R3.Corda: Executing Statement: liquibase.statement.core.CreateTableStatement@4e992
17:43:49.560 [Test worker] DEBUG liquibase - master.changelog.json: migration/vault-schema.changelog-v8.xml::create-external-id-to-state-party-view::R3.Corda: Executing EXECUTE database command: CREATE TABLE PUBLIC.state_party (output_index INT, transaction_id NVARCHAR(64), public_key_hash NVARCHAR(255) NOT NULL, x500_name NVARCHAR(255))
17:43:49.560 [Test worker] INFO liquibase - master.changelog.json: migration/vault-schema.changelog-v8.xml::create-external-id-to-state-party-view::R3.Corda: Table state_party created
17:43:49.560 [Test worker] DEBUG liquibase - master.changelog.json: migration/vault-schema.changelog-v8.xml::create-external-id-to-state-party-view::R3.Corda: Executing Statement: liquibase.statement.core.CreateIndexStatement@29f1d8dd
17:43:49.560 [Test worker] DEBUG liquibase - master.changelog.json: migration/vault-schema.changelog-v8.xml::create-external-id-to-state-party-view::R3.Corda: Executing EXECUTE database command: CREATE INDEX PUBLIC.state_pk_hash_idx ON PUBLIC.state_party(public_key_hash)
17:43:49.561 [Test worker] INFO liquibase - master.changelog.json: migration/vault-schema.changelog-v8.xml::create-external-id-to-state-party-view::R3.Corda: Index state_pk_hash_idx created
17:43:49.561 [Test worker] DEBUG liquibase - master.changelog.json: migration/vault-schema.changelog-v8.xml::create-external-id-to-state-party-view::R3.Corda: Executing Statement: liquibase.statement.core.CreateTableStatement@e229296
17:43:49.561 [Test worker] DEBUG liquibase - master.changelog.json: migration/vault-schema.changelog-v8.xml::create-external-id-to-state-party-view::R3.Corda: Executing EXECUTE database command: CREATE TABLE PUBLIC.pk_hash_to_ext_id_map (id BIGINT NOT NULL, external_id VARCHAR(255) NOT NULL, public_key_hash NVARCHAR(255) NOT NULL)
17:43:49.561 [Test worker] INFO liquibase - master.changelog.json: migration/vault-schema.changelog-v8.xml::create-external-id-to-state-party-view::R3.Corda: Table pk_hash_to_ext_id_map created
17:43:49.561 [Test worker] DEBUG liquibase - master.changelog.json: migration/vault-schema.changelog-v8.xml::create-external-id-to-state-party-view::R3.Corda: Executing Statement: liquibase.statement.core.CreateIndexStatement@25b8dd0d
17:43:49.562 [Test worker] DEBUG liquibase - master.changelog.json: migration/vault-schema.changelog-v8.xml::create-external-id-to-state-party-view::R3.Corda: Executing EXECUTE database command: CREATE INDEX PUBLIC.pk_hash_to_xid_idx ON PUBLIC.pk_hash_to_ext_id_map(public_key_hash)
17:43:49.562 [Test worker] INFO liquibase - master.changelog.json: migration/vault-schema.changelog-v8.xml::create-external-id-to-state-party-view::R3.Corda: Index pk_hash_to_xid_idx created
17:43:49.563 [Test worker] DEBUG liquibase - master.changelog.json: migration/vault-schema.changelog-v8.xml::create-external-id-to-state-party-view::R3.Corda: Executing Statement: liquibase.statement.core.CreateViewStatement@2a8ce57
17:43:49.566 [Test worker] DEBUG liquibase - master.changelog.json: migration/vault-schema.changelog-v8.xml::create-external-id-to-state-party-view::R3.Corda: Executing EXECUTE database command: CREATE VIEW PUBLIC.v_pkey_hash_ex_id_map AS select
                state_party.public_key_hash,
                state_party.transaction_id,
                state_party.output_index,
                pk_hash_to_ext_id_map.external_id
            from state_party
            join pk_hash_to_ext_id_map
            on state_party.public_key_hash = pk_hash_to_ext_id_map.public_key_hash
17:43:49.567 [Test worker] INFO liquibase - master.changelog.json: migration/vault-schema.changelog-v8.xml::create-external-id-to-state-party-view::R3.Corda: View v_pkey_hash_ex_id_map created
17:43:49.567 [Test worker] INFO liquibase - master.changelog.json: migration/vault-schema.changelog-v8.xml::create-external-id-to-state-party-view::R3.Corda: ChangeSet migration/vault-schema.changelog-v8.xml::create-external-id-to-state-party-view::R3.Corda ran successfully in 8ms
17:43:49.570 [Test worker] DEBUG liquibase - master.changelog.json: migration/vault-schema.changelog-v8.xml::create-external-id-to-state-party-view::R3.Corda: Executing EXECUTE database command: INSERT INTO PUBLIC.DATABASECHANGELOG (ID, AUTHOR, FILENAME, DATEEXECUTED, ORDEREXECUTED, MD5SUM, DESCRIPTION, COMMENTS, EXECTYPE, CONTEXTS, LABELS, LIQUIBASE, DEPLOYMENT_ID) VALUES ('create-external-id-to-state-party-view', 'R3.Corda', 'migration/vault-schema.changelog-v8.xml', NOW(), 28, '7:68a2e794e4726e4e40b28753c7a64413', 'createTable tableName=state_party; createIndex indexName=state_pk_hash_idx, tableName=state_party; createTable tableName=pk_hash_to_ext_id_map; createIndex indexName=pk_hash_to_xid_idx, tableName=pk_hash_to_ext_id_map; createView viewName=v_pkey_h...', '', 'EXECUTED', NULL, NULL, '3.5.4', '1046229348')
17:43:49.571 [Test worker] DEBUG liquibase - master.changelog.json: migration/node-info.changelog-init.xml::1511451595465-4::R3.Corda: Running Changeset:migration/node-info.changelog-init.xml::1511451595465-4::R3.Corda
17:43:49.571 [Test worker] DEBUG liquibase - master.changelog.json: migration/node-info.changelog-init.xml::1511451595465-4::R3.Corda: Changeset migration/node-info.changelog-init.xml::1511451595465-4::R3.Corda
17:43:49.571 [Test worker] DEBUG liquibase - master.changelog.json: migration/node-info.changelog-init.xml::1511451595465-4::R3.Corda: Reading ChangeSet: migration/node-info.changelog-init.xml::1511451595465-4::R3.Corda
17:43:49.571 [Test worker] DEBUG liquibase - master.changelog.json: migration/node-info.changelog-init.xml::1511451595465-4::R3.Corda: Executing Statement: liquibase.statement.core.CreateTableStatement@6b77451e
17:43:49.571 [Test worker] DEBUG liquibase - master.changelog.json: migration/node-info.changelog-init.xml::1511451595465-4::R3.Corda: Executing EXECUTE database command: CREATE TABLE PUBLIC.node_link_nodeinfo_party (node_info_id INT NOT NULL, party_name NVARCHAR(255) NOT NULL)
17:43:49.572 [Test worker] INFO liquibase - master.changelog.json: migration/node-info.changelog-init.xml::1511451595465-4::R3.Corda: Table node_link_nodeinfo_party created
17:43:49.572 [Test worker] INFO liquibase - master.changelog.json: migration/node-info.changelog-init.xml::1511451595465-4::R3.Corda: ChangeSet migration/node-info.changelog-init.xml::1511451595465-4::R3.Corda ran successfully in 1ms
17:43:49.573 [Test worker] DEBUG liquibase - master.changelog.json: migration/node-info.changelog-init.xml::1511451595465-4::R3.Corda: Executing EXECUTE database command: INSERT INTO PUBLIC.DATABASECHANGELOG (ID, AUTHOR, FILENAME, DATEEXECUTED, ORDEREXECUTED, MD5SUM, DESCRIPTION, COMMENTS, EXECTYPE, CONTEXTS, LABELS, LIQUIBASE, DEPLOYMENT_ID) VALUES ('1511451595465-4', 'R3.Corda', 'migration/node-info.changelog-init.xml', NOW(), 29, '7:86561ccea3a7fbbdb311d455076c98a8', 'createTable tableName=node_link_nodeinfo_party', '', 'EXECUTED', NULL, NULL, '3.5.4', '1046229348')
17:43:49.574 [Test worker] DEBUG liquibase - master.changelog.json: migration/node-info.changelog-init.xml::1511451595465-10::R3.Corda: Running Changeset:migration/node-info.changelog-init.xml::1511451595465-10::R3.Corda
17:43:49.574 [Test worker] DEBUG liquibase - master.changelog.json: migration/node-info.changelog-init.xml::1511451595465-10::R3.Corda: Changeset migration/node-info.changelog-init.xml::1511451595465-10::R3.Corda
17:43:49.574 [Test worker] DEBUG liquibase - master.changelog.json: migration/node-info.changelog-init.xml::1511451595465-10::R3.Corda: Reading ChangeSet: migration/node-info.changelog-init.xml::1511451595465-10::R3.Corda
17:43:49.574 [Test worker] DEBUG liquibase - master.changelog.json: migration/node-info.changelog-init.xml::1511451595465-10::R3.Corda: Executing Statement: liquibase.statement.core.CreateTableStatement@7f8b8dd9
17:43:49.574 [Test worker] DEBUG liquibase - master.changelog.json: migration/node-info.changelog-init.xml::1511451595465-10::R3.Corda: Executing EXECUTE database command: CREATE TABLE PUBLIC.node_info_hosts (host NVARCHAR(255) NOT NULL, port INT NOT NULL, node_info_id INT)
17:43:49.575 [Test worker] INFO liquibase - master.changelog.json: migration/node-info.changelog-init.xml::1511451595465-10::R3.Corda: Table node_info_hosts created
17:43:49.575 [Test worker] INFO liquibase - master.changelog.json: migration/node-info.changelog-init.xml::1511451595465-10::R3.Corda: ChangeSet migration/node-info.changelog-init.xml::1511451595465-10::R3.Corda ran successfully in 1ms
17:43:49.576 [Test worker] DEBUG liquibase - master.changelog.json: migration/node-info.changelog-init.xml::1511451595465-10::R3.Corda: Executing EXECUTE database command: INSERT INTO PUBLIC.DATABASECHANGELOG (ID, AUTHOR, FILENAME, DATEEXECUTED, ORDEREXECUTED, MD5SUM, DESCRIPTION, COMMENTS, EXECTYPE, CONTEXTS, LABELS, LIQUIBASE, DEPLOYMENT_ID) VALUES ('1511451595465-10', 'R3.Corda', 'migration/node-info.changelog-init.xml', NOW(), 30, '7:86dcf13717e5dbc4c623523618380bdd', 'createTable tableName=node_info_hosts', '', 'EXECUTED', NULL, NULL, '3.5.4', '1046229348')
17:43:49.577 [Test worker] DEBUG liquibase - master.changelog.json: migration/node-info.changelog-init.xml::1511451595465-11::R3.Corda: Running Changeset:migration/node-info.changelog-init.xml::1511451595465-11::R3.Corda
17:43:49.577 [Test worker] DEBUG liquibase - master.changelog.json: migration/node-info.changelog-init.xml::1511451595465-11::R3.Corda: Changeset migration/node-info.changelog-init.xml::1511451595465-11::R3.Corda
17:43:49.577 [Test worker] DEBUG liquibase - master.changelog.json: migration/node-info.changelog-init.xml::1511451595465-11::R3.Corda: Reading ChangeSet: migration/node-info.changelog-init.xml::1511451595465-11::R3.Corda
17:43:49.578 [Test worker] DEBUG liquibase - master.changelog.json: migration/node-info.changelog-init.xml::1511451595465-11::R3.Corda: Executing Statement: liquibase.statement.core.CreateTableStatement@2c65e59c
17:43:49.579 [Test worker] DEBUG liquibase - master.changelog.json: migration/node-info.changelog-init.xml::1511451595465-11::R3.Corda: Executing EXECUTE database command: CREATE TABLE PUBLIC.node_info_party_cert (party_name NVARCHAR(255) NOT NULL, ismain BOOLEAN NOT NULL, owning_key_hash NVARCHAR(130), party_cert_binary BLOB)
17:43:49.579 [Test worker] INFO liquibase - master.changelog.json: migration/node-info.changelog-init.xml::1511451595465-11::R3.Corda: Table node_info_party_cert created
17:43:49.585 [Test worker] INFO liquibase - master.changelog.json: migration/node-info.changelog-init.xml::1511451595465-11::R3.Corda: ChangeSet migration/node-info.changelog-init.xml::1511451595465-11::R3.Corda ran successfully in 3ms
17:43:49.587 [Test worker] DEBUG liquibase - master.changelog.json: migration/node-info.changelog-init.xml::1511451595465-11::R3.Corda: Executing EXECUTE database command: INSERT INTO PUBLIC.DATABASECHANGELOG (ID, AUTHOR, FILENAME, DATEEXECUTED, ORDEREXECUTED, MD5SUM, DESCRIPTION, COMMENTS, EXECTYPE, CONTEXTS, LABELS, LIQUIBASE, DEPLOYMENT_ID) VALUES ('1511451595465-11', 'R3.Corda', 'migration/node-info.changelog-init.xml', NOW(), 31, '7:ddf2ea133beca979abcb7e627a37db60', 'createTable tableName=node_info_party_cert', '', 'EXECUTED', NULL, NULL, '3.5.4', '1046229348')
17:43:49.633 [Test worker] DEBUG liquibase - master.changelog.json: migration/node-info.changelog-init.xml::1511451595465-12::R3.Corda: Running Changeset:migration/node-info.changelog-init.xml::1511451595465-12::R3.Corda
17:43:49.633 [Test worker] DEBUG liquibase - master.changelog.json: migration/node-info.changelog-init.xml::1511451595465-12::R3.Corda: Changeset migration/node-info.changelog-init.xml::1511451595465-12::R3.Corda
17:43:49.634 [Test worker] DEBUG liquibase - master.changelog.json: migration/node-info.changelog-init.xml::1511451595465-12::R3.Corda: Reading ChangeSet: migration/node-info.changelog-init.xml::1511451595465-12::R3.Corda
17:43:49.634 [Test worker] DEBUG liquibase - master.changelog.json: migration/node-info.changelog-init.xml::1511451595465-12::R3.Corda: Executing Statement: liquibase.statement.core.CreateTableStatement@7cbd393d
17:43:49.634 [Test worker] DEBUG liquibase - master.changelog.json: migration/node-info.changelog-init.xml::1511451595465-12::R3.Corda: Executing EXECUTE database command: CREATE TABLE PUBLIC.node_infos (node_info_id INT NOT NULL, node_info_hash NVARCHAR(64), platform_version INT, serial BIGINT)
17:43:49.635 [Test worker] INFO liquibase - master.changelog.json: migration/node-info.changelog-init.xml::1511451595465-12::R3.Corda: Table node_infos created
17:43:49.635 [Test worker] INFO liquibase - master.changelog.json: migration/node-info.changelog-init.xml::1511451595465-12::R3.Corda: ChangeSet migration/node-info.changelog-init.xml::1511451595465-12::R3.Corda ran successfully in 2ms
17:43:49.636 [Test worker] DEBUG liquibase - master.changelog.json: migration/node-info.changelog-init.xml::1511451595465-12::R3.Corda: Executing EXECUTE database command: INSERT INTO PUBLIC.DATABASECHANGELOG (ID, AUTHOR, FILENAME, DATEEXECUTED, ORDEREXECUTED, MD5SUM, DESCRIPTION, COMMENTS, EXECTYPE, CONTEXTS, LABELS, LIQUIBASE, DEPLOYMENT_ID) VALUES ('1511451595465-12', 'R3.Corda', 'migration/node-info.changelog-init.xml', NOW(), 32, '7:2a2169c32d87fdc3442c6096740a52a5', 'createTable tableName=node_infos', '', 'EXECUTED', NULL, NULL, '3.5.4', '1046229348')
17:43:49.636 [Test worker] DEBUG liquibase - master.changelog.json: migration/node-info.changelog-init.xml::1511451595465-35::R3.Corda: Running Changeset:migration/node-info.changelog-init.xml::1511451595465-35::R3.Corda
17:43:49.636 [Test worker] DEBUG liquibase - master.changelog.json: migration/node-info.changelog-init.xml::1511451595465-35::R3.Corda: Changeset migration/node-info.changelog-init.xml::1511451595465-35::R3.Corda
17:43:49.639 [Test worker] DEBUG liquibase - master.changelog.json: migration/node-info.changelog-init.xml::1511451595465-35::R3.Corda: Reading ChangeSet: migration/node-info.changelog-init.xml::1511451595465-35::R3.Corda
17:43:49.639 [Test worker] DEBUG liquibase - master.changelog.json: migration/node-info.changelog-init.xml::1511451595465-35::R3.Corda: Executing Statement: liquibase.statement.core.AddPrimaryKeyStatement@6eded5bd
17:43:49.639 [Test worker] DEBUG liquibase - master.changelog.json: migration/node-info.changelog-init.xml::1511451595465-35::R3.Corda: Executing EXECUTE database command: ALTER TABLE PUBLIC.node_info_hosts ADD CONSTRAINT node_info_hosts_pkey PRIMARY KEY (host, port)
17:43:49.640 [Test worker] INFO liquibase - master.changelog.json: migration/node-info.changelog-init.xml::1511451595465-35::R3.Corda: Primary key added to node_info_hosts (host, port)
17:43:49.640 [Test worker] INFO liquibase - master.changelog.json: migration/node-info.changelog-init.xml::1511451595465-35::R3.Corda: ChangeSet migration/node-info.changelog-init.xml::1511451595465-35::R3.Corda ran successfully in 4ms
17:43:49.641 [Test worker] DEBUG liquibase - master.changelog.json: migration/node-info.changelog-init.xml::1511451595465-35::R3.Corda: Executing EXECUTE database command: INSERT INTO PUBLIC.DATABASECHANGELOG (ID, AUTHOR, FILENAME, DATEEXECUTED, ORDEREXECUTED, MD5SUM, DESCRIPTION, COMMENTS, EXECTYPE, CONTEXTS, LABELS, LIQUIBASE, DEPLOYMENT_ID) VALUES ('1511451595465-35', 'R3.Corda', 'migration/node-info.changelog-init.xml', NOW(), 33, '7:5c8230d7f489b4b961c3b52b3335e5ff', 'addPrimaryKey constraintName=node_info_hosts_pkey, tableName=node_info_hosts', '', 'EXECUTED', NULL, NULL, '3.5.4', '1046229348')
17:43:49.642 [Test worker] DEBUG liquibase - master.changelog.json: migration/node-info.changelog-init.xml::1511451595465-36::R3.Corda: Running Changeset:migration/node-info.changelog-init.xml::1511451595465-36::R3.Corda
17:43:49.642 [Test worker] DEBUG liquibase - master.changelog.json: migration/node-info.changelog-init.xml::1511451595465-36::R3.Corda: Changeset migration/node-info.changelog-init.xml::1511451595465-36::R3.Corda
17:43:49.642 [Test worker] DEBUG liquibase - master.changelog.json: migration/node-info.changelog-init.xml::1511451595465-36::R3.Corda: Reading ChangeSet: migration/node-info.changelog-init.xml::1511451595465-36::R3.Corda
17:43:49.642 [Test worker] DEBUG liquibase - master.changelog.json: migration/node-info.changelog-init.xml::1511451595465-36::R3.Corda: Executing Statement: liquibase.statement.core.AddPrimaryKeyStatement@2b006a7d
17:43:49.643 [Test worker] DEBUG liquibase - master.changelog.json: migration/node-info.changelog-init.xml::1511451595465-36::R3.Corda: Executing EXECUTE database command: ALTER TABLE PUBLIC.node_info_party_cert ADD CONSTRAINT node_info_party_cert_pkey PRIMARY KEY (party_name)
17:43:49.643 [Test worker] INFO liquibase - master.changelog.json: migration/node-info.changelog-init.xml::1511451595465-36::R3.Corda: Primary key added to node_info_party_cert (party_name)
17:43:49.643 [Test worker] INFO liquibase - master.changelog.json: migration/node-info.changelog-init.xml::1511451595465-36::R3.Corda: ChangeSet migration/node-info.changelog-init.xml::1511451595465-36::R3.Corda ran successfully in 1ms
17:43:49.644 [Test worker] DEBUG liquibase - master.changelog.json: migration/node-info.changelog-init.xml::1511451595465-36::R3.Corda: Executing EXECUTE database command: INSERT INTO PUBLIC.DATABASECHANGELOG (ID, AUTHOR, FILENAME, DATEEXECUTED, ORDEREXECUTED, MD5SUM, DESCRIPTION, COMMENTS, EXECTYPE, CONTEXTS, LABELS, LIQUIBASE, DEPLOYMENT_ID) VALUES ('1511451595465-36', 'R3.Corda', 'migration/node-info.changelog-init.xml', NOW(), 34, '7:a4293247b9113bb0895d15e212ded67d', 'addPrimaryKey constraintName=node_info_party_cert_pkey, tableName=node_info_party_cert', '', 'EXECUTED', NULL, NULL, '3.5.4', '1046229348')
17:43:49.645 [Test worker] DEBUG liquibase - master.changelog.json: migration/node-info.changelog-init.xml::1511451595465-37::R3.Corda: Running Changeset:migration/node-info.changelog-init.xml::1511451595465-37::R3.Corda
17:43:49.645 [Test worker] DEBUG liquibase - master.changelog.json: migration/node-info.changelog-init.xml::1511451595465-37::R3.Corda: Changeset migration/node-info.changelog-init.xml::1511451595465-37::R3.Corda
17:43:49.646 [Test worker] DEBUG liquibase - master.changelog.json: migration/node-info.changelog-init.xml::1511451595465-37::R3.Corda: Reading ChangeSet: migration/node-info.changelog-init.xml::1511451595465-37::R3.Corda
17:43:49.647 [Test worker] DEBUG liquibase - master.changelog.json: migration/node-info.changelog-init.xml::1511451595465-37::R3.Corda: Executing Statement: liquibase.statement.core.AddPrimaryKeyStatement@7d4773db
17:43:49.647 [Test worker] DEBUG liquibase - master.changelog.json: migration/node-info.changelog-init.xml::1511451595465-37::R3.Corda: Executing EXECUTE database command: ALTER TABLE PUBLIC.node_infos ADD CONSTRAINT node_infos_pkey PRIMARY KEY (node_info_id)
17:43:49.647 [Test worker] INFO liquibase - master.changelog.json: migration/node-info.changelog-init.xml::1511451595465-37::R3.Corda: Primary key added to node_infos (node_info_id)
17:43:49.647 [Test worker] INFO liquibase - master.changelog.json: migration/node-info.changelog-init.xml::1511451595465-37::R3.Corda: ChangeSet migration/node-info.changelog-init.xml::1511451595465-37::R3.Corda ran successfully in 2ms
17:43:49.651 [Test worker] DEBUG liquibase - master.changelog.json: migration/node-info.changelog-init.xml::1511451595465-37::R3.Corda: Executing EXECUTE database command: INSERT INTO PUBLIC.DATABASECHANGELOG (ID, AUTHOR, FILENAME, DATEEXECUTED, ORDEREXECUTED, MD5SUM, DESCRIPTION, COMMENTS, EXECTYPE, CONTEXTS, LABELS, LIQUIBASE, DEPLOYMENT_ID) VALUES ('1511451595465-37', 'R3.Corda', 'migration/node-info.changelog-init.xml', NOW(), 35, '7:3f7b9e25544e21798cc648d8ab2056b7', 'addPrimaryKey constraintName=node_infos_pkey, tableName=node_infos', '', 'EXECUTED', NULL, NULL, '3.5.4', '1046229348')
17:43:49.651 [Test worker] DEBUG liquibase - master.changelog.json: migration/node-info.changelog-init.xml::1511451595465-62::R3.Corda: Running Changeset:migration/node-info.changelog-init.xml::1511451595465-62::R3.Corda
17:43:49.651 [Test worker] DEBUG liquibase - master.changelog.json: migration/node-info.changelog-init.xml::1511451595465-62::R3.Corda: Changeset migration/node-info.changelog-init.xml::1511451595465-62::R3.Corda
17:43:49.652 [Test worker] DEBUG liquibase - master.changelog.json: migration/node-info.changelog-init.xml::1511451595465-62::R3.Corda: Reading ChangeSet: migration/node-info.changelog-init.xml::1511451595465-62::R3.Corda
17:43:49.652 [Test worker] DEBUG liquibase - master.changelog.json: migration/node-info.changelog-init.xml::1511451595465-62::R3.Corda: Executing Statement: liquibase.statement.core.AddForeignKeyConstraintStatement@262049a0
17:43:49.652 [Test worker] DEBUG liquibase - master.changelog.json: migration/node-info.changelog-init.xml::1511451595465-62::R3.Corda: Executing EXECUTE database command: ALTER TABLE PUBLIC.node_link_nodeinfo_party ADD CONSTRAINT FK__link_nodeinfo_party__infos FOREIGN KEY (node_info_id) REFERENCES PUBLIC.node_infos (node_info_id)
17:43:49.654 [Test worker] INFO liquibase - master.changelog.json: migration/node-info.changelog-init.xml::1511451595465-62::R3.Corda: Foreign key constraint added to node_link_nodeinfo_party (node_info_id)
17:43:49.654 [Test worker] INFO liquibase - master.changelog.json: migration/node-info.changelog-init.xml::1511451595465-62::R3.Corda: ChangeSet migration/node-info.changelog-init.xml::1511451595465-62::R3.Corda ran successfully in 3ms
17:43:49.655 [Test worker] DEBUG liquibase - master.changelog.json: migration/node-info.changelog-init.xml::1511451595465-62::R3.Corda: Executing EXECUTE database command: INSERT INTO PUBLIC.DATABASECHANGELOG (ID, AUTHOR, FILENAME, DATEEXECUTED, ORDEREXECUTED, MD5SUM, DESCRIPTION, COMMENTS, EXECTYPE, CONTEXTS, LABELS, LIQUIBASE, DEPLOYMENT_ID) VALUES ('1511451595465-62', 'R3.Corda', 'migration/node-info.changelog-init.xml', NOW(), 36, '7:64add0a3b0350cfe6fa3de1428a38397', 'addForeignKeyConstraint baseTableName=node_link_nodeinfo_party, constraintName=FK__link_nodeinfo_party__infos, referencedTableName=node_infos', '', 'EXECUTED', NULL, NULL, '3.5.4', '1046229348')
17:43:49.656 [Test worker] DEBUG liquibase - master.changelog.json: migration/node-info.changelog-init.xml::1511451595465-63::R3.Corda: Running Changeset:migration/node-info.changelog-init.xml::1511451595465-63::R3.Corda
17:43:49.656 [Test worker] DEBUG liquibase - master.changelog.json: migration/node-info.changelog-init.xml::1511451595465-63::R3.Corda: Changeset migration/node-info.changelog-init.xml::1511451595465-63::R3.Corda
17:43:49.657 [Test worker] DEBUG liquibase - master.changelog.json: migration/node-info.changelog-init.xml::1511451595465-63::R3.Corda: Reading ChangeSet: migration/node-info.changelog-init.xml::1511451595465-63::R3.Corda
17:43:49.657 [Test worker] DEBUG liquibase - master.changelog.json: migration/node-info.changelog-init.xml::1511451595465-63::R3.Corda: Executing Statement: liquibase.statement.core.AddForeignKeyConstraintStatement@765dfa5
17:43:49.657 [Test worker] DEBUG liquibase - master.changelog.json: migration/node-info.changelog-init.xml::1511451595465-63::R3.Corda: Executing EXECUTE database command: ALTER TABLE PUBLIC.node_info_hosts ADD CONSTRAINT FK__info_hosts__infos FOREIGN KEY (node_info_id) REFERENCES PUBLIC.node_infos (node_info_id)
17:43:49.658 [Test worker] INFO liquibase - master.changelog.json: migration/node-info.changelog-init.xml::1511451595465-63::R3.Corda: Foreign key constraint added to node_info_hosts (node_info_id)
17:43:49.658 [Test worker] INFO liquibase - master.changelog.json: migration/node-info.changelog-init.xml::1511451595465-63::R3.Corda: ChangeSet migration/node-info.changelog-init.xml::1511451595465-63::R3.Corda ran successfully in 2ms
17:43:49.660 [Test worker] DEBUG liquibase - master.changelog.json: migration/node-info.changelog-init.xml::1511451595465-63::R3.Corda: Executing EXECUTE database command: INSERT INTO PUBLIC.DATABASECHANGELOG (ID, AUTHOR, FILENAME, DATEEXECUTED, ORDEREXECUTED, MD5SUM, DESCRIPTION, COMMENTS, EXECTYPE, CONTEXTS, LABELS, LIQUIBASE, DEPLOYMENT_ID) VALUES ('1511451595465-63', 'R3.Corda', 'migration/node-info.changelog-init.xml', NOW(), 37, '7:6ea0c3bb234d14956401b6b281531832', 'addForeignKeyConstraint baseTableName=node_info_hosts, constraintName=FK__info_hosts__infos, referencedTableName=node_infos', '', 'EXECUTED', NULL, NULL, '3.5.4', '1046229348')
17:43:49.661 [Test worker] DEBUG liquibase - master.changelog.json: migration/node-info.changelog-init.xml::remove_host_port_pk::R3.Corda: Running Changeset:migration/node-info.changelog-init.xml::remove_host_port_pk::R3.Corda
17:43:49.661 [Test worker] DEBUG liquibase - master.changelog.json: migration/node-info.changelog-init.xml::remove_host_port_pk::R3.Corda: Changeset migration/node-info.changelog-init.xml::remove_host_port_pk::R3.Corda
17:43:49.661 [Test worker] DEBUG liquibase - master.changelog.json: migration/node-info.changelog-init.xml::remove_host_port_pk::R3.Corda: Reading ChangeSet: migration/node-info.changelog-init.xml::remove_host_port_pk::R3.Corda
17:43:49.661 [Test worker] DEBUG liquibase - master.changelog.json: migration/node-info.changelog-init.xml::remove_host_port_pk::R3.Corda: Executing Statement: liquibase.statement.core.DeleteStatement@55911c09
17:43:49.661 [Test worker] DEBUG liquibase - master.changelog.json: migration/node-info.changelog-init.xml::remove_host_port_pk::R3.Corda: Executing EXECUTE database command: DELETE FROM PUBLIC.node_infos
17:43:49.661 [Test worker] INFO liquibase - master.changelog.json: migration/node-info.changelog-init.xml::remove_host_port_pk::R3.Corda: Data deleted from node_infos
17:43:49.661 [Test worker] DEBUG liquibase - master.changelog.json: migration/node-info.changelog-init.xml::remove_host_port_pk::R3.Corda: Executing Statement: liquibase.statement.core.DeleteStatement@60a85e94
17:43:49.661 [Test worker] DEBUG liquibase - master.changelog.json: migration/node-info.changelog-init.xml::remove_host_port_pk::R3.Corda: Executing EXECUTE database command: DELETE FROM PUBLIC.node_link_nodeinfo_party
17:43:49.661 [Test worker] INFO liquibase - master.changelog.json: migration/node-info.changelog-init.xml::remove_host_port_pk::R3.Corda: Data deleted from node_link_nodeinfo_party
17:43:49.662 [Test worker] DEBUG liquibase - master.changelog.json: migration/node-info.changelog-init.xml::remove_host_port_pk::R3.Corda: Executing Statement: liquibase.statement.core.DeleteStatement@6cb217c5
17:43:49.662 [Test worker] DEBUG liquibase - master.changelog.json: migration/node-info.changelog-init.xml::remove_host_port_pk::R3.Corda: Executing EXECUTE database command: DELETE FROM PUBLIC.node_info_hosts
17:43:49.662 [Test worker] INFO liquibase - master.changelog.json: migration/node-info.changelog-init.xml::remove_host_port_pk::R3.Corda: Data deleted from node_info_hosts
17:43:49.662 [Test worker] DEBUG liquibase - master.changelog.json: migration/node-info.changelog-init.xml::remove_host_port_pk::R3.Corda: Executing Statement: liquibase.statement.core.DeleteStatement@30aceb6e
17:43:49.662 [Test worker] DEBUG liquibase - master.changelog.json: migration/node-info.changelog-init.xml::remove_host_port_pk::R3.Corda: Executing EXECUTE database command: DELETE FROM PUBLIC.node_info_party_cert
17:43:49.662 [Test worker] INFO liquibase - master.changelog.json: migration/node-info.changelog-init.xml::remove_host_port_pk::R3.Corda: Data deleted from node_info_party_cert
17:43:49.662 [Test worker] DEBUG liquibase - master.changelog.json: migration/node-info.changelog-init.xml::remove_host_port_pk::R3.Corda: Executing Statement: liquibase.statement.core.DropPrimaryKeyStatement@6d80d826
17:43:49.662 [Test worker] DEBUG liquibase - master.changelog.json: migration/node-info.changelog-init.xml::remove_host_port_pk::R3.Corda: Executing EXECUTE database command: ALTER TABLE PUBLIC.node_info_hosts DROP PRIMARY KEY
17:43:49.663 [Test worker] INFO liquibase - master.changelog.json: migration/node-info.changelog-init.xml::remove_host_port_pk::R3.Corda: Primary key dropped from node_info_hosts
17:43:49.663 [Test worker] DEBUG liquibase - master.changelog.json: migration/node-info.changelog-init.xml::remove_host_port_pk::R3.Corda: Executing Statement: liquibase.statement.core.AddColumnStatement@3379d5ad
17:43:49.663 [Test worker] DEBUG liquibase - master.changelog.json: migration/node-info.changelog-init.xml::remove_host_port_pk::R3.Corda: Executing EXECUTE database command: ALTER TABLE PUBLIC.node_info_hosts ADD hosts_id INT NOT NULL
17:43:49.667 [Test worker] INFO liquibase - master.changelog.json: migration/node-info.changelog-init.xml::remove_host_port_pk::R3.Corda: Columns hosts_id(INT) added to node_info_hosts
17:43:49.667 [Test worker] DEBUG liquibase - master.changelog.json: migration/node-info.changelog-init.xml::remove_host_port_pk::R3.Corda: Executing Statement: liquibase.statement.core.AddPrimaryKeyStatement@31ceb824
17:43:49.667 [Test worker] DEBUG liquibase - master.changelog.json: migration/node-info.changelog-init.xml::remove_host_port_pk::R3.Corda: Executing EXECUTE database command: ALTER TABLE PUBLIC.node_info_hosts ADD CONSTRAINT node_info_hosts_pkey_id PRIMARY KEY (hosts_id)
17:43:49.667 [Test worker] INFO liquibase - master.changelog.json: migration/node-info.changelog-init.xml::remove_host_port_pk::R3.Corda: Primary key added to node_info_hosts (hosts_id)
17:43:49.667 [Test worker] INFO liquibase - master.changelog.json: migration/node-info.changelog-init.xml::remove_host_port_pk::R3.Corda: ChangeSet migration/node-info.changelog-init.xml::remove_host_port_pk::R3.Corda ran successfully in 6ms
17:43:49.669 [Test worker] DEBUG liquibase - master.changelog.json: migration/node-info.changelog-init.xml::remove_host_port_pk::R3.Corda: Executing EXECUTE database command: INSERT INTO PUBLIC.DATABASECHANGELOG (ID, AUTHOR, FILENAME, DATEEXECUTED, ORDEREXECUTED, MD5SUM, DESCRIPTION, COMMENTS, EXECTYPE, CONTEXTS, LABELS, LIQUIBASE, DEPLOYMENT_ID) VALUES ('remove_host_port_pk', 'R3.Corda', 'migration/node-info.changelog-init.xml', NOW(), 38, '7:cb733f12ced82860fd296bb0c94c5072', 'delete tableName=node_infos; delete tableName=node_link_nodeinfo_party; delete tableName=node_info_hosts; delete tableName=node_info_party_cert; dropPrimaryKey constraintName=node_info_hosts_pkey, tableName=node_info_hosts; addColumn tableName=nod...', '', 'EXECUTED', NULL, NULL, '3.5.4', '1046229348')
17:43:49.670 [Test worker] DEBUG liquibase - master.changelog.json: migration/node-info.changelog-v1.xml::key/value node properties table::R3.Corda: Running Changeset:migration/node-info.changelog-v1.xml::key/value node properties table::R3.Corda
17:43:49.670 [Test worker] DEBUG liquibase - master.changelog.json: migration/node-info.changelog-v1.xml::key/value node properties table::R3.Corda: Changeset migration/node-info.changelog-v1.xml::key/value node properties table::R3.Corda
17:43:49.670 [Test worker] DEBUG liquibase - master.changelog.json: migration/node-info.changelog-v1.xml::key/value node properties table::R3.Corda: Reading ChangeSet: migration/node-info.changelog-v1.xml::key/value node properties table::R3.Corda
17:43:49.670 [Test worker] DEBUG liquibase - master.changelog.json: migration/node-info.changelog-v1.xml::key/value node properties table::R3.Corda: Executing Statement: liquibase.statement.core.CreateTableStatement@57b2545
17:43:49.671 [Test worker] DEBUG liquibase - master.changelog.json: migration/node-info.changelog-v1.xml::key/value node properties table::R3.Corda: Executing EXECUTE database command: CREATE TABLE PUBLIC.node_properties (property_key NVARCHAR(255) NOT NULL, property_value NVARCHAR(255))
17:43:49.671 [Test worker] INFO liquibase - master.changelog.json: migration/node-info.changelog-v1.xml::key/value node properties table::R3.Corda: Table node_properties created
17:43:49.671 [Test worker] INFO liquibase - master.changelog.json: migration/node-info.changelog-v1.xml::key/value node properties table::R3.Corda: ChangeSet migration/node-info.changelog-v1.xml::key/value node properties table::R3.Corda ran successfully in 1ms
17:43:49.672 [Test worker] DEBUG liquibase - master.changelog.json: migration/node-info.changelog-v1.xml::key/value node properties table::R3.Corda: Executing EXECUTE database command: INSERT INTO PUBLIC.DATABASECHANGELOG (ID, AUTHOR, FILENAME, DATEEXECUTED, ORDEREXECUTED, MD5SUM, DESCRIPTION, COMMENTS, EXECTYPE, CONTEXTS, LABELS, LIQUIBASE, DEPLOYMENT_ID) VALUES ('key/value node properties table', 'R3.Corda', 'migration/node-info.changelog-v1.xml', NOW(), 39, '7:05241b402dd60a4e1eeb86ad6c5eff9e', 'createTable tableName=node_properties', '', 'EXECUTED', NULL, NULL, '3.5.4', '1046229348')
17:43:49.673 [Test worker] DEBUG liquibase - master.changelog.json: migration/node-info.changelog-v2.xml::1525962920::R3.Corda: Running Changeset:migration/node-info.changelog-v2.xml::1525962920::R3.Corda
17:43:49.673 [Test worker] DEBUG liquibase - master.changelog.json: migration/node-info.changelog-v2.xml::1525962920::R3.Corda: Changeset migration/node-info.changelog-v2.xml::1525962920::R3.Corda
17:43:49.673 [Test worker] DEBUG liquibase - master.changelog.json: migration/node-info.changelog-v2.xml::1525962920::R3.Corda: Reading ChangeSet: migration/node-info.changelog-v2.xml::1525962920::R3.Corda
17:43:49.673 [Test worker] DEBUG liquibase - master.changelog.json: migration/node-info.changelog-v2.xml::1525962920::R3.Corda: Executing Statement: liquibase.statement.core.SetNullableStatement@6227db9e
17:43:49.673 [Test worker] DEBUG liquibase - master.changelog.json: migration/node-info.changelog-v2.xml::1525962920::R3.Corda: Executing EXECUTE database command: ALTER TABLE PUBLIC.node_infos ALTER COLUMN node_info_hash SET NOT NULL
17:43:49.674 [Test worker] INFO liquibase - master.changelog.json: migration/node-info.changelog-v2.xml::1525962920::R3.Corda: Null constraint has been added to node_infos.node_info_hash
17:43:49.674 [Test worker] DEBUG liquibase - master.changelog.json: migration/node-info.changelog-v2.xml::1525962920::R3.Corda: Executing Statement: liquibase.statement.core.SetNullableStatement@46b977fb
17:43:49.674 [Test worker] DEBUG liquibase - master.changelog.json: migration/node-info.changelog-v2.xml::1525962920::R3.Corda: Executing EXECUTE database command: ALTER TABLE PUBLIC.node_infos ALTER COLUMN platform_version SET NOT NULL
17:43:49.675 [Test worker] INFO liquibase - master.changelog.json: migration/node-info.changelog-v2.xml::1525962920::R3.Corda: Null constraint has been added to node_infos.platform_version
17:43:49.675 [Test worker] DEBUG liquibase - master.changelog.json: migration/node-info.changelog-v2.xml::1525962920::R3.Corda: Executing Statement: liquibase.statement.core.SetNullableStatement@17a48668
17:43:49.675 [Test worker] DEBUG liquibase - master.changelog.json: migration/node-info.changelog-v2.xml::1525962920::R3.Corda: Executing EXECUTE database command: ALTER TABLE PUBLIC.node_infos ALTER COLUMN serial SET NOT NULL
17:43:49.675 [Test worker] INFO liquibase - master.changelog.json: migration/node-info.changelog-v2.xml::1525962920::R3.Corda: Null constraint has been added to node_infos.serial
17:43:49.676 [Test worker] DEBUG liquibase - master.changelog.json: migration/node-info.changelog-v2.xml::1525962920::R3.Corda: Executing Statement: liquibase.statement.core.SetNullableStatement@13470d79
17:43:49.676 [Test worker] DEBUG liquibase - master.changelog.json: migration/node-info.changelog-v2.xml::1525962920::R3.Corda: Executing EXECUTE database command: ALTER TABLE PUBLIC.node_info_hosts ALTER COLUMN host SET NULL
17:43:49.676 [Test worker] INFO liquibase - master.changelog.json: migration/node-info.changelog-v2.xml::1525962920::R3.Corda: Null constraint dropped from node_info_hosts.host
17:43:49.676 [Test worker] DEBUG liquibase - master.changelog.json: migration/node-info.changelog-v2.xml::1525962920::R3.Corda: Executing Statement: liquibase.statement.core.SetNullableStatement@42e8c60b
17:43:49.676 [Test worker] DEBUG liquibase - master.changelog.json: migration/node-info.changelog-v2.xml::1525962920::R3.Corda: Executing EXECUTE database command: ALTER TABLE PUBLIC.node_info_hosts ALTER COLUMN port SET NULL
17:43:49.676 [Test worker] INFO liquibase - master.changelog.json: migration/node-info.changelog-v2.xml::1525962920::R3.Corda: Null constraint dropped from node_info_hosts.port
17:43:49.677 [Test worker] DEBUG liquibase - master.changelog.json: migration/node-info.changelog-v2.xml::1525962920::R3.Corda: Executing Statement: liquibase.statement.core.SetNullableStatement@71cc9ff8
17:43:49.677 [Test worker] DEBUG liquibase - master.changelog.json: migration/node-info.changelog-v2.xml::1525962920::R3.Corda: Executing EXECUTE database command: ALTER TABLE PUBLIC.node_info_party_cert ALTER COLUMN owning_key_hash SET NOT NULL
17:43:49.677 [Test worker] INFO liquibase - master.changelog.json: migration/node-info.changelog-v2.xml::1525962920::R3.Corda: Null constraint has been added to node_info_party_cert.owning_key_hash
17:43:49.677 [Test worker] DEBUG liquibase - master.changelog.json: migration/node-info.changelog-v2.xml::1525962920::R3.Corda: Executing Statement: liquibase.statement.core.SetNullableStatement@21430d56
17:43:49.681 [Test worker] DEBUG liquibase - master.changelog.json: migration/node-info.changelog-v2.xml::1525962920::R3.Corda: Executing EXECUTE database command: ALTER TABLE PUBLIC.node_info_party_cert ALTER COLUMN party_cert_binary SET NOT NULL
17:43:49.681 [Test worker] INFO liquibase - master.changelog.json: migration/node-info.changelog-v2.xml::1525962920::R3.Corda: Null constraint has been added to node_info_party_cert.party_cert_binary
17:43:49.681 [Test worker] INFO liquibase - master.changelog.json: migration/node-info.changelog-v2.xml::1525962920::R3.Corda: ChangeSet migration/node-info.changelog-v2.xml::1525962920::R3.Corda ran successfully in 8ms
17:43:49.683 [Test worker] DEBUG liquibase - master.changelog.json: migration/node-info.changelog-v2.xml::1525962920::R3.Corda: Executing EXECUTE database command: INSERT INTO PUBLIC.DATABASECHANGELOG (ID, AUTHOR, FILENAME, DATEEXECUTED, ORDEREXECUTED, MD5SUM, DESCRIPTION, COMMENTS, EXECTYPE, CONTEXTS, LABELS, LIQUIBASE, DEPLOYMENT_ID) VALUES ('1525962920', 'R3.Corda', 'migration/node-info.changelog-v2.xml', NOW(), 40, '7:c3fd83668d5ed4acdefcad3f90944935', 'addNotNullConstraint columnName=node_info_hash, tableName=node_infos; addNotNullConstraint columnName=platform_version, tableName=node_infos; addNotNullConstraint columnName=serial, tableName=node_infos; dropNotNullConstraint columnName=host, tabl...', '', 'EXECUTED', NULL, NULL, '3.5.4', '1046229348')
17:43:49.684 [Test worker] DEBUG liquibase - master.changelog.json: migration/node-info.changelog-v3.xml::column_host_name::R3.Corda: Running Changeset:migration/node-info.changelog-v3.xml::column_host_name::R3.Corda
17:43:49.684 [Test worker] DEBUG liquibase - master.changelog.json: migration/node-info.changelog-v3.xml::column_host_name::R3.Corda: Changeset migration/node-info.changelog-v3.xml::column_host_name::R3.Corda
17:43:49.684 [Test worker] DEBUG liquibase - master.changelog.json: migration/node-info.changelog-v3.xml::column_host_name::R3.Corda: Reading ChangeSet: migration/node-info.changelog-v3.xml::column_host_name::R3.Corda
17:43:49.704 [Test worker] DEBUG liquibase - master.changelog.json: migration/node-info.changelog-v3.xml::column_host_name::R3.Corda: Executing Statement: liquibase.statement.core.RenameColumnStatement@564908cb
17:43:49.705 [Test worker] DEBUG liquibase - master.changelog.json: migration/node-info.changelog-v3.xml::column_host_name::R3.Corda: Executing EXECUTE database command: ALTER TABLE PUBLIC.node_info_hosts ALTER COLUMN host RENAME TO host_name
17:43:49.706 [Test worker] INFO liquibase - master.changelog.json: migration/node-info.changelog-v3.xml::column_host_name::R3.Corda: Column node_info_hosts.host renamed to host_name
17:43:49.706 [Test worker] INFO liquibase - master.changelog.json: migration/node-info.changelog-v3.xml::column_host_name::R3.Corda: ChangeSet migration/node-info.changelog-v3.xml::column_host_name::R3.Corda ran successfully in 22ms
17:43:49.707 [Test worker] DEBUG liquibase - master.changelog.json: migration/node-info.changelog-v3.xml::column_host_name::R3.Corda: Executing EXECUTE database command: INSERT INTO PUBLIC.DATABASECHANGELOG (ID, AUTHOR, FILENAME, DATEEXECUTED, ORDEREXECUTED, MD5SUM, DESCRIPTION, COMMENTS, EXECTYPE, CONTEXTS, LABELS, LIQUIBASE, DEPLOYMENT_ID) VALUES ('column_host_name', 'R3.Corda', 'migration/node-info.changelog-v3.xml', NOW(), 41, '7:fc4ceb3b82e44070da1fff49a7b5cccb', 'renameColumn newColumnName=host_name, oldColumnName=host, tableName=node_info_hosts', '', 'EXECUTED', NULL, NULL, '3.5.4', '1046229348')
17:43:49.708 [Test worker] DEBUG liquibase - master.changelog.json: migration/node-services.changelog-init.xml::1511451595465-5::R3.Corda: Running Changeset:migration/node-services.changelog-init.xml::1511451595465-5::R3.Corda
17:43:49.708 [Test worker] DEBUG liquibase - master.changelog.json: migration/node-services.changelog-init.xml::1511451595465-5::R3.Corda: Changeset migration/node-services.changelog-init.xml::1511451595465-5::R3.Corda
17:43:49.711 [Test worker] DEBUG liquibase - master.changelog.json: migration/node-services.changelog-init.xml::1511451595465-5::R3.Corda: Reading ChangeSet: migration/node-services.changelog-init.xml::1511451595465-5::R3.Corda
17:43:49.712 [Test worker] DEBUG liquibase - master.changelog.json: migration/node-services.changelog-init.xml::1511451595465-5::R3.Corda: Executing Statement: liquibase.statement.core.CreateTableStatement@6d1183bf
17:43:49.712 [Test worker] DEBUG liquibase - master.changelog.json: migration/node-services.changelog-init.xml::1511451595465-5::R3.Corda: Executing EXECUTE database command: CREATE TABLE PUBLIC.node_attachments (att_id NVARCHAR(255) NOT NULL, content BLOB, filename NVARCHAR(255), insertion_date TIMESTAMP NOT NULL, uploader NVARCHAR(255))
17:43:49.714 [Test worker] INFO liquibase - master.changelog.json: migration/node-services.changelog-init.xml::1511451595465-5::R3.Corda: Table node_attachments created
17:43:49.714 [Test worker] INFO liquibase - master.changelog.json: migration/node-services.changelog-init.xml::1511451595465-5::R3.Corda: ChangeSet migration/node-services.changelog-init.xml::1511451595465-5::R3.Corda ran successfully in 6ms
17:43:49.716 [Test worker] DEBUG liquibase - master.changelog.json: migration/node-services.changelog-init.xml::1511451595465-5::R3.Corda: Executing EXECUTE database command: INSERT INTO PUBLIC.DATABASECHANGELOG (ID, AUTHOR, FILENAME, DATEEXECUTED, ORDEREXECUTED, MD5SUM, DESCRIPTION, COMMENTS, EXECTYPE, CONTEXTS, LABELS, LIQUIBASE, DEPLOYMENT_ID) VALUES ('1511451595465-5', 'R3.Corda', 'migration/node-services.changelog-init.xml', NOW(), 42, '7:464a5bbaf24fe78716c38c544dc81f3c', 'createTable tableName=node_attachments', '', 'EXECUTED', NULL, NULL, '3.5.4', '1046229348')
17:43:49.723 [Test worker] DEBUG liquibase - master.changelog.json: migration/node-services.changelog-init.xml::1511451595465-7::R3.Corda: Running Changeset:migration/node-services.changelog-init.xml::1511451595465-7::R3.Corda
17:43:49.723 [Test worker] DEBUG liquibase - master.changelog.json: migration/node-services.changelog-init.xml::1511451595465-7::R3.Corda: Changeset migration/node-services.changelog-init.xml::1511451595465-7::R3.Corda
17:43:49.724 [Test worker] DEBUG liquibase - master.changelog.json: migration/node-services.changelog-init.xml::1511451595465-7::R3.Corda: Reading ChangeSet: migration/node-services.changelog-init.xml::1511451595465-7::R3.Corda
17:43:49.724 [Test worker] DEBUG liquibase - master.changelog.json: migration/node-services.changelog-init.xml::1511451595465-7::R3.Corda: Executing Statement: liquibase.statement.core.CreateTableStatement@485720d8
17:43:49.725 [Test worker] DEBUG liquibase - master.changelog.json: migration/node-services.changelog-init.xml::1511451595465-7::R3.Corda: Executing EXECUTE database command: CREATE TABLE PUBLIC.node_checkpoints (checkpoint_id NVARCHAR(64) NOT NULL, checkpoint_value BLOB)
17:43:49.727 [Test worker] INFO liquibase - master.changelog.json: migration/node-services.changelog-init.xml::1511451595465-7::R3.Corda: Table node_checkpoints created
17:43:49.727 [Test worker] INFO liquibase - master.changelog.json: migration/node-services.changelog-init.xml::1511451595465-7::R3.Corda: ChangeSet migration/node-services.changelog-init.xml::1511451595465-7::R3.Corda ran successfully in 4ms
17:43:49.729 [Test worker] DEBUG liquibase - master.changelog.json: migration/node-services.changelog-init.xml::1511451595465-7::R3.Corda: Executing EXECUTE database command: INSERT INTO PUBLIC.DATABASECHANGELOG (ID, AUTHOR, FILENAME, DATEEXECUTED, ORDEREXECUTED, MD5SUM, DESCRIPTION, COMMENTS, EXECTYPE, CONTEXTS, LABELS, LIQUIBASE, DEPLOYMENT_ID) VALUES ('1511451595465-7', 'R3.Corda', 'migration/node-services.changelog-init.xml', NOW(), 43, '7:2870aa3a468e81bab1cd24ac70ca2163', 'createTable tableName=node_checkpoints', '', 'EXECUTED', NULL, NULL, '3.5.4', '1046229348')
17:43:49.729 [Test worker] DEBUG liquibase - master.changelog.json: migration/node-services.changelog-init.xml::1511451595465-8::R3.Corda: Running Changeset:migration/node-services.changelog-init.xml::1511451595465-8::R3.Corda
17:43:49.729 [Test worker] DEBUG liquibase - master.changelog.json: migration/node-services.changelog-init.xml::1511451595465-8::R3.Corda: Changeset migration/node-services.changelog-init.xml::1511451595465-8::R3.Corda
17:43:49.729 [Test worker] DEBUG liquibase - master.changelog.json: migration/node-services.changelog-init.xml::1511451595465-8::R3.Corda: Reading ChangeSet: migration/node-services.changelog-init.xml::1511451595465-8::R3.Corda
17:43:49.730 [Test worker] DEBUG liquibase - master.changelog.json: migration/node-services.changelog-init.xml::1511451595465-8::R3.Corda: Executing Statement: liquibase.statement.core.CreateTableStatement@3412d062
17:43:49.730 [Test worker] DEBUG liquibase - master.changelog.json: migration/node-services.changelog-init.xml::1511451595465-8::R3.Corda: Executing EXECUTE database command: CREATE TABLE PUBLIC.node_contract_upgrades (state_ref NVARCHAR(96) NOT NULL, contract_class_name NVARCHAR(255))
17:43:49.730 [Test worker] INFO liquibase - master.changelog.json: migration/node-services.changelog-init.xml::1511451595465-8::R3.Corda: Table node_contract_upgrades created
17:43:49.730 [Test worker] INFO liquibase - master.changelog.json: migration/node-services.changelog-init.xml::1511451595465-8::R3.Corda: ChangeSet migration/node-services.changelog-init.xml::1511451595465-8::R3.Corda ran successfully in 1ms
17:43:49.731 [Test worker] DEBUG liquibase - master.changelog.json: migration/node-services.changelog-init.xml::1511451595465-8::R3.Corda: Executing EXECUTE database command: INSERT INTO PUBLIC.DATABASECHANGELOG (ID, AUTHOR, FILENAME, DATEEXECUTED, ORDEREXECUTED, MD5SUM, DESCRIPTION, COMMENTS, EXECTYPE, CONTEXTS, LABELS, LIQUIBASE, DEPLOYMENT_ID) VALUES ('1511451595465-8', 'R3.Corda', 'migration/node-services.changelog-init.xml', NOW(), 44, '7:bf156b1c48e915e7d8090d5162e31c02', 'createTable tableName=node_contract_upgrades', '', 'EXECUTED', NULL, NULL, '3.5.4', '1046229348')
17:43:49.732 [Test worker] DEBUG liquibase - master.changelog.json: migration/node-services.changelog-init.xml::1511451595465-9::R3.Corda: Running Changeset:migration/node-services.changelog-init.xml::1511451595465-9::R3.Corda
17:43:49.732 [Test worker] DEBUG liquibase - master.changelog.json: migration/node-services.changelog-init.xml::1511451595465-9::R3.Corda: Changeset migration/node-services.changelog-init.xml::1511451595465-9::R3.Corda
17:43:49.732 [Test worker] DEBUG liquibase - master.changelog.json: migration/node-services.changelog-init.xml::1511451595465-9::R3.Corda: Reading ChangeSet: migration/node-services.changelog-init.xml::1511451595465-9::R3.Corda
17:43:49.732 [Test worker] DEBUG liquibase - master.changelog.json: migration/node-services.changelog-init.xml::1511451595465-9::R3.Corda: Executing Statement: liquibase.statement.core.CreateTableStatement@7da73d36
17:43:49.732 [Test worker] DEBUG liquibase - master.changelog.json: migration/node-services.changelog-init.xml::1511451595465-9::R3.Corda: Executing EXECUTE database command: CREATE TABLE PUBLIC.node_identities (pk_hash NVARCHAR(130) NOT NULL, identity_value BLOB)
17:43:49.733 [Test worker] INFO liquibase - master.changelog.json: migration/node-services.changelog-init.xml::1511451595465-9::R3.Corda: Table node_identities created
17:43:49.733 [Test worker] INFO liquibase - master.changelog.json: migration/node-services.changelog-init.xml::1511451595465-9::R3.Corda: ChangeSet migration/node-services.changelog-init.xml::1511451595465-9::R3.Corda ran successfully in 1ms
17:43:49.735 [Test worker] DEBUG liquibase - master.changelog.json: migration/node-services.changelog-init.xml::1511451595465-9::R3.Corda: Executing EXECUTE database command: INSERT INTO PUBLIC.DATABASECHANGELOG (ID, AUTHOR, FILENAME, DATEEXECUTED, ORDEREXECUTED, MD5SUM, DESCRIPTION, COMMENTS, EXECTYPE, CONTEXTS, LABELS, LIQUIBASE, DEPLOYMENT_ID) VALUES ('1511451595465-9', 'R3.Corda', 'migration/node-services.changelog-init.xml', NOW(), 45, '7:ea04cf1cc4ea1112c4cbbf932bc51c56', 'createTable tableName=node_identities', '', 'EXECUTED', NULL, NULL, '3.5.4', '1046229348')
17:43:49.735 [Test worker] DEBUG liquibase - master.changelog.json: migration/node-services.changelog-init.xml::1511451595465-13::R3.Corda: Running Changeset:migration/node-services.changelog-init.xml::1511451595465-13::R3.Corda
17:43:49.735 [Test worker] DEBUG liquibase - master.changelog.json: migration/node-services.changelog-init.xml::1511451595465-13::R3.Corda: Changeset migration/node-services.changelog-init.xml::1511451595465-13::R3.Corda
17:43:49.735 [Test worker] DEBUG liquibase - master.changelog.json: migration/node-services.changelog-init.xml::1511451595465-13::R3.Corda: Reading ChangeSet: migration/node-services.changelog-init.xml::1511451595465-13::R3.Corda
17:43:49.736 [Test worker] DEBUG liquibase - master.changelog.json: migration/node-services.changelog-init.xml::1511451595465-13::R3.Corda: Executing Statement: liquibase.statement.core.CreateTableStatement@1c44420a
17:43:49.737 [Test worker] DEBUG liquibase - master.changelog.json: migration/node-services.changelog-init.xml::1511451595465-13::R3.Corda: Executing EXECUTE database command: CREATE TABLE PUBLIC.node_message_ids (message_id NVARCHAR(64) NOT NULL, insertion_time TIMESTAMP)
17:43:49.738 [Test worker] INFO liquibase - master.changelog.json: migration/node-services.changelog-init.xml::1511451595465-13::R3.Corda: Table node_message_ids created
17:43:49.738 [Test worker] INFO liquibase - master.changelog.json: migration/node-services.changelog-init.xml::1511451595465-13::R3.Corda: ChangeSet migration/node-services.changelog-init.xml::1511451595465-13::R3.Corda ran successfully in 3ms
17:43:49.739 [Test worker] DEBUG liquibase - master.changelog.json: migration/node-services.changelog-init.xml::1511451595465-13::R3.Corda: Executing EXECUTE database command: INSERT INTO PUBLIC.DATABASECHANGELOG (ID, AUTHOR, FILENAME, DATEEXECUTED, ORDEREXECUTED, MD5SUM, DESCRIPTION, COMMENTS, EXECTYPE, CONTEXTS, LABELS, LIQUIBASE, DEPLOYMENT_ID) VALUES ('1511451595465-13', 'R3.Corda', 'migration/node-services.changelog-init.xml', NOW(), 46, '7:340ca6c0b7c87b663b0449535b082f80', 'createTable tableName=node_message_ids', '', 'EXECUTED', NULL, NULL, '3.5.4', '1046229348')
17:43:49.740 [Test worker] DEBUG liquibase - master.changelog.json: migration/node-services.changelog-init.xml::1511451595465-14::R3.Corda: Running Changeset:migration/node-services.changelog-init.xml::1511451595465-14::R3.Corda
17:43:49.740 [Test worker] DEBUG liquibase - master.changelog.json: migration/node-services.changelog-init.xml::1511451595465-14::R3.Corda: Changeset migration/node-services.changelog-init.xml::1511451595465-14::R3.Corda
17:43:49.740 [Test worker] DEBUG liquibase - master.changelog.json: migration/node-services.changelog-init.xml::1511451595465-14::R3.Corda: Reading ChangeSet: migration/node-services.changelog-init.xml::1511451595465-14::R3.Corda
17:43:49.740 [Test worker] DEBUG liquibase - master.changelog.json: migration/node-services.changelog-init.xml::1511451595465-14::R3.Corda: Executing Statement: liquibase.statement.core.CreateTableStatement@350a6429
17:43:49.741 [Test worker] DEBUG liquibase - master.changelog.json: migration/node-services.changelog-init.xml::1511451595465-14::R3.Corda: Executing EXECUTE database command: CREATE TABLE PUBLIC.node_message_retry (message_id BIGINT NOT NULL, message BLOB, recipients BLOB)
17:43:49.743 [Test worker] INFO liquibase - master.changelog.json: migration/node-services.changelog-init.xml::1511451595465-14::R3.Corda: Table node_message_retry created
17:43:49.743 [Test worker] INFO liquibase - master.changelog.json: migration/node-services.changelog-init.xml::1511451595465-14::R3.Corda: ChangeSet migration/node-services.changelog-init.xml::1511451595465-14::R3.Corda ran successfully in 3ms
17:43:49.746 [Test worker] DEBUG liquibase - master.changelog.json: migration/node-services.changelog-init.xml::1511451595465-14::R3.Corda: Executing EXECUTE database command: INSERT INTO PUBLIC.DATABASECHANGELOG (ID, AUTHOR, FILENAME, DATEEXECUTED, ORDEREXECUTED, MD5SUM, DESCRIPTION, COMMENTS, EXECTYPE, CONTEXTS, LABELS, LIQUIBASE, DEPLOYMENT_ID) VALUES ('1511451595465-14', 'R3.Corda', 'migration/node-services.changelog-init.xml', NOW(), 47, '7:1dc64c73807569fb04c10a9b2d760ff0', 'createTable tableName=node_message_retry', '', 'EXECUTED', NULL, NULL, '3.5.4', '1046229348')
17:43:49.746 [Test worker] DEBUG liquibase - master.changelog.json: migration/node-services.changelog-init.xml::1511451595465-15::R3.Corda: Running Changeset:migration/node-services.changelog-init.xml::1511451595465-15::R3.Corda
17:43:49.746 [Test worker] DEBUG liquibase - master.changelog.json: migration/node-services.changelog-init.xml::1511451595465-15::R3.Corda: Changeset migration/node-services.changelog-init.xml::1511451595465-15::R3.Corda
17:43:49.747 [Test worker] DEBUG liquibase - master.changelog.json: migration/node-services.changelog-init.xml::1511451595465-15::R3.Corda: Reading ChangeSet: migration/node-services.changelog-init.xml::1511451595465-15::R3.Corda
17:43:49.747 [Test worker] DEBUG liquibase - master.changelog.json: migration/node-services.changelog-init.xml::1511451595465-15::R3.Corda: Executing Statement: liquibase.statement.core.CreateTableStatement@45c72c95
17:43:49.747 [Test worker] DEBUG liquibase - master.changelog.json: migration/node-services.changelog-init.xml::1511451595465-15::R3.Corda: Executing EXECUTE database command: CREATE TABLE PUBLIC.node_named_identities (name NVARCHAR(128) NOT NULL, pk_hash NVARCHAR(130))
17:43:49.747 [Test worker] INFO liquibase - master.changelog.json: migration/node-services.changelog-init.xml::1511451595465-15::R3.Corda: Table node_named_identities created
17:43:49.747 [Test worker] INFO liquibase - master.changelog.json: migration/node-services.changelog-init.xml::1511451595465-15::R3.Corda: ChangeSet migration/node-services.changelog-init.xml::1511451595465-15::R3.Corda ran successfully in 1ms
17:43:49.749 [Test worker] DEBUG liquibase - master.changelog.json: migration/node-services.changelog-init.xml::1511451595465-15::R3.Corda: Executing EXECUTE database command: INSERT INTO PUBLIC.DATABASECHANGELOG (ID, AUTHOR, FILENAME, DATEEXECUTED, ORDEREXECUTED, MD5SUM, DESCRIPTION, COMMENTS, EXECTYPE, CONTEXTS, LABELS, LIQUIBASE, DEPLOYMENT_ID) VALUES ('1511451595465-15', 'R3.Corda', 'migration/node-services.changelog-init.xml', NOW(), 48, '7:108b7d395f7fb3cfc8ce4e364c4008a5', 'createTable tableName=node_named_identities', '', 'EXECUTED', NULL, NULL, '3.5.4', '1046229348')
17:43:49.750 [Test worker] DEBUG liquibase - master.changelog.json: migration/node-services.changelog-init.xml::1511451595465-17::R3.Corda: Running Changeset:migration/node-services.changelog-init.xml::1511451595465-17::R3.Corda
17:43:49.750 [Test worker] DEBUG liquibase - master.changelog.json: migration/node-services.changelog-init.xml::1511451595465-17::R3.Corda: Changeset migration/node-services.changelog-init.xml::1511451595465-17::R3.Corda
17:43:49.750 [Test worker] DEBUG liquibase - master.changelog.json: migration/node-services.changelog-init.xml::1511451595465-17::R3.Corda: Reading ChangeSet: migration/node-services.changelog-init.xml::1511451595465-17::R3.Corda
17:43:49.751 [Test worker] DEBUG liquibase - master.changelog.json: migration/node-services.changelog-init.xml::1511451595465-17::R3.Corda: Executing Statement: liquibase.statement.core.CreateTableStatement@be9df44
17:43:49.751 [Test worker] DEBUG liquibase - master.changelog.json: migration/node-services.changelog-init.xml::1511451595465-17::R3.Corda: Executing EXECUTE database command: CREATE TABLE PUBLIC.node_our_key_pairs (public_key_hash NVARCHAR(130) NOT NULL, private_key BLOB, public_key BLOB)
17:43:49.752 [Test worker] INFO liquibase - master.changelog.json: migration/node-services.changelog-init.xml::1511451595465-17::R3.Corda: Table node_our_key_pairs created
17:43:49.752 [Test worker] INFO liquibase - master.changelog.json: migration/node-services.changelog-init.xml::1511451595465-17::R3.Corda: ChangeSet migration/node-services.changelog-init.xml::1511451595465-17::R3.Corda ran successfully in 2ms
17:43:49.753 [Test worker] DEBUG liquibase - master.changelog.json: migration/node-services.changelog-init.xml::1511451595465-17::R3.Corda: Executing EXECUTE database command: INSERT INTO PUBLIC.DATABASECHANGELOG (ID, AUTHOR, FILENAME, DATEEXECUTED, ORDEREXECUTED, MD5SUM, DESCRIPTION, COMMENTS, EXECTYPE, CONTEXTS, LABELS, LIQUIBASE, DEPLOYMENT_ID) VALUES ('1511451595465-17', 'R3.Corda', 'migration/node-services.changelog-init.xml', NOW(), 49, '7:a8b4ae7170f56f1df8a23b530bef4dd1', 'createTable tableName=node_our_key_pairs', '', 'EXECUTED', NULL, NULL, '3.5.4', '1046229348')
17:43:49.753 [Test worker] DEBUG liquibase - master.changelog.json: migration/node-services.changelog-init.xml::1511451595465-19::R3.Corda: Running Changeset:migration/node-services.changelog-init.xml::1511451595465-19::R3.Corda
17:43:49.753 [Test worker] DEBUG liquibase - master.changelog.json: migration/node-services.changelog-init.xml::1511451595465-19::R3.Corda: Changeset migration/node-services.changelog-init.xml::1511451595465-19::R3.Corda
17:43:49.754 [Test worker] DEBUG liquibase - master.changelog.json: migration/node-services.changelog-init.xml::1511451595465-19::R3.Corda: Reading ChangeSet: migration/node-services.changelog-init.xml::1511451595465-19::R3.Corda
17:43:49.754 [Test worker] DEBUG liquibase - master.changelog.json: migration/node-services.changelog-init.xml::1511451595465-19::R3.Corda: Executing Statement: liquibase.statement.core.CreateTableStatement@7eb3c24
17:43:49.754 [Test worker] DEBUG liquibase - master.changelog.json: migration/node-services.changelog-init.xml::1511451595465-19::R3.Corda: Executing EXECUTE database command: CREATE TABLE PUBLIC.node_scheduled_states (output_index INT NOT NULL, transaction_id NVARCHAR(64) NOT NULL, scheduled_at TIMESTAMP NOT NULL)
17:43:49.754 [Test worker] INFO liquibase - master.changelog.json: migration/node-services.changelog-init.xml::1511451595465-19::R3.Corda: Table node_scheduled_states created
17:43:49.754 [Test worker] INFO liquibase - master.changelog.json: migration/node-services.changelog-init.xml::1511451595465-19::R3.Corda: ChangeSet migration/node-services.changelog-init.xml::1511451595465-19::R3.Corda ran successfully in 1ms
17:43:49.756 [Test worker] DEBUG liquibase - master.changelog.json: migration/node-services.changelog-init.xml::1511451595465-19::R3.Corda: Executing EXECUTE database command: INSERT INTO PUBLIC.DATABASECHANGELOG (ID, AUTHOR, FILENAME, DATEEXECUTED, ORDEREXECUTED, MD5SUM, DESCRIPTION, COMMENTS, EXECTYPE, CONTEXTS, LABELS, LIQUIBASE, DEPLOYMENT_ID) VALUES ('1511451595465-19', 'R3.Corda', 'migration/node-services.changelog-init.xml', NOW(), 50, '7:2aaf3df7bdbea9c71aa8bea4e14f11ef', 'createTable tableName=node_scheduled_states', '', 'EXECUTED', NULL, NULL, '3.5.4', '1046229348')
17:43:49.757 [Test worker] DEBUG liquibase - master.changelog.json: migration/node-services.changelog-init.xml::1511451595465-20::R3.Corda: Running Changeset:migration/node-services.changelog-init.xml::1511451595465-20::R3.Corda
17:43:49.757 [Test worker] DEBUG liquibase - master.changelog.json: migration/node-services.changelog-init.xml::1511451595465-20::R3.Corda: Changeset migration/node-services.changelog-init.xml::1511451595465-20::R3.Corda
17:43:49.757 [Test worker] DEBUG liquibase - master.changelog.json: migration/node-services.changelog-init.xml::1511451595465-20::R3.Corda: Reading ChangeSet: migration/node-services.changelog-init.xml::1511451595465-20::R3.Corda
17:43:49.758 [Test worker] DEBUG liquibase - master.changelog.json: migration/node-services.changelog-init.xml::1511451595465-20::R3.Corda: Executing Statement: liquibase.statement.core.CreateTableStatement@5a18d8b4
17:43:49.758 [Test worker] DEBUG liquibase - master.changelog.json: migration/node-services.changelog-init.xml::1511451595465-20::R3.Corda: Executing EXECUTE database command: CREATE TABLE PUBLIC.node_transaction_mappings (tx_id NVARCHAR(64) NOT NULL, state_machine_run_id NVARCHAR(36))
17:43:49.758 [Test worker] INFO liquibase - master.changelog.json: migration/node-services.changelog-init.xml::1511451595465-20::R3.Corda: Table node_transaction_mappings created
17:43:49.758 [Test worker] INFO liquibase - master.changelog.json: migration/node-services.changelog-init.xml::1511451595465-20::R3.Corda: ChangeSet migration/node-services.changelog-init.xml::1511451595465-20::R3.Corda ran successfully in 1ms
17:43:49.760 [Test worker] DEBUG liquibase - master.changelog.json: migration/node-services.changelog-init.xml::1511451595465-20::R3.Corda: Executing EXECUTE database command: INSERT INTO PUBLIC.DATABASECHANGELOG (ID, AUTHOR, FILENAME, DATEEXECUTED, ORDEREXECUTED, MD5SUM, DESCRIPTION, COMMENTS, EXECTYPE, CONTEXTS, LABELS, LIQUIBASE, DEPLOYMENT_ID) VALUES ('1511451595465-20', 'R3.Corda', 'migration/node-services.changelog-init.xml', NOW(), 51, '7:f003464d28fe934c636b24e7c72d9c27', 'createTable tableName=node_transaction_mappings', '', 'EXECUTED', NULL, NULL, '3.5.4', '1046229348')
17:43:49.760 [Test worker] DEBUG liquibase - master.changelog.json: migration/node-services.changelog-init.xml::1511451595465-21::R3.Corda: Running Changeset:migration/node-services.changelog-init.xml::1511451595465-21::R3.Corda
17:43:49.760 [Test worker] DEBUG liquibase - master.changelog.json: migration/node-services.changelog-init.xml::1511451595465-21::R3.Corda: Changeset migration/node-services.changelog-init.xml::1511451595465-21::R3.Corda
17:43:49.760 [Test worker] DEBUG liquibase - master.changelog.json: migration/node-services.changelog-init.xml::1511451595465-21::R3.Corda: Reading ChangeSet: migration/node-services.changelog-init.xml::1511451595465-21::R3.Corda
17:43:49.761 [Test worker] DEBUG liquibase - master.changelog.json: migration/node-services.changelog-init.xml::1511451595465-21::R3.Corda: Executing Statement: liquibase.statement.core.CreateTableStatement@1ebf5d5
17:43:49.761 [Test worker] DEBUG liquibase - master.changelog.json: migration/node-services.changelog-init.xml::1511451595465-21::R3.Corda: Executing EXECUTE database command: CREATE TABLE PUBLIC.node_transactions (tx_id NVARCHAR(64) NOT NULL, transaction_value BLOB)
17:43:49.761 [Test worker] INFO liquibase - master.changelog.json: migration/node-services.changelog-init.xml::1511451595465-21::R3.Corda: Table node_transactions created
17:43:49.761 [Test worker] INFO liquibase - master.changelog.json: migration/node-services.changelog-init.xml::1511451595465-21::R3.Corda: ChangeSet migration/node-services.changelog-init.xml::1511451595465-21::R3.Corda ran successfully in 1ms
17:43:49.763 [Test worker] DEBUG liquibase - master.changelog.json: migration/node-services.changelog-init.xml::1511451595465-21::R3.Corda: Executing EXECUTE database command: INSERT INTO PUBLIC.DATABASECHANGELOG (ID, AUTHOR, FILENAME, DATEEXECUTED, ORDEREXECUTED, MD5SUM, DESCRIPTION, COMMENTS, EXECTYPE, CONTEXTS, LABELS, LIQUIBASE, DEPLOYMENT_ID) VALUES ('1511451595465-21', 'R3.Corda', 'migration/node-services.changelog-init.xml', NOW(), 52, '7:8b167e9074e47be66c742aec5661b5d1', 'createTable tableName=node_transactions', '', 'EXECUTED', NULL, NULL, '3.5.4', '1046229348')
17:43:49.764 [Test worker] DEBUG liquibase - master.changelog.json: migration/node-services.changelog-init.xml::1511451595465-30::R3.Corda: Running Changeset:migration/node-services.changelog-init.xml::1511451595465-30::R3.Corda
17:43:49.764 [Test worker] DEBUG liquibase - master.changelog.json: migration/node-services.changelog-init.xml::1511451595465-30::R3.Corda: Changeset migration/node-services.changelog-init.xml::1511451595465-30::R3.Corda
17:43:49.764 [Test worker] DEBUG liquibase - master.changelog.json: migration/node-services.changelog-init.xml::1511451595465-30::R3.Corda: Reading ChangeSet: migration/node-services.changelog-init.xml::1511451595465-30::R3.Corda
17:43:49.764 [Test worker] DEBUG liquibase - master.changelog.json: migration/node-services.changelog-init.xml::1511451595465-30::R3.Corda: Executing Statement: liquibase.statement.core.AddPrimaryKeyStatement@3017df46
17:43:49.764 [Test worker] DEBUG liquibase - master.changelog.json: migration/node-services.changelog-init.xml::1511451595465-30::R3.Corda: Executing EXECUTE database command: ALTER TABLE PUBLIC.node_attachments ADD CONSTRAINT node_attachments_pkey PRIMARY KEY (att_id)
17:43:49.765 [Test worker] INFO liquibase - master.changelog.json: migration/node-services.changelog-init.xml::1511451595465-30::R3.Corda: Primary key added to node_attachments (att_id)
17:43:49.765 [Test worker] INFO liquibase - master.changelog.json: migration/node-services.changelog-init.xml::1511451595465-30::R3.Corda: ChangeSet migration/node-services.changelog-init.xml::1511451595465-30::R3.Corda ran successfully in 1ms
17:43:49.767 [Test worker] DEBUG liquibase - master.changelog.json: migration/node-services.changelog-init.xml::1511451595465-30::R3.Corda: Executing EXECUTE database command: INSERT INTO PUBLIC.DATABASECHANGELOG (ID, AUTHOR, FILENAME, DATEEXECUTED, ORDEREXECUTED, MD5SUM, DESCRIPTION, COMMENTS, EXECTYPE, CONTEXTS, LABELS, LIQUIBASE, DEPLOYMENT_ID) VALUES ('1511451595465-30', 'R3.Corda', 'migration/node-services.changelog-init.xml', NOW(), 53, '7:4aa12646e41346c10ae1d18b43468b3e', 'addPrimaryKey constraintName=node_attachments_pkey, tableName=node_attachments', '', 'EXECUTED', NULL, NULL, '3.5.4', '1046229348')
17:43:49.769 [Test worker] DEBUG liquibase - master.changelog.json: migration/node-services.changelog-init.xml::1511451595465-32::R3.Corda: Running Changeset:migration/node-services.changelog-init.xml::1511451595465-32::R3.Corda
17:43:49.769 [Test worker] DEBUG liquibase - master.changelog.json: migration/node-services.changelog-init.xml::1511451595465-32::R3.Corda: Changeset migration/node-services.changelog-init.xml::1511451595465-32::R3.Corda
17:43:49.769 [Test worker] DEBUG liquibase - master.changelog.json: migration/node-services.changelog-init.xml::1511451595465-32::R3.Corda: Reading ChangeSet: migration/node-services.changelog-init.xml::1511451595465-32::R3.Corda
17:43:49.769 [Test worker] DEBUG liquibase - master.changelog.json: migration/node-services.changelog-init.xml::1511451595465-32::R3.Corda: Executing Statement: liquibase.statement.core.AddPrimaryKeyStatement@3a456f23
17:43:49.770 [Test worker] DEBUG liquibase - master.changelog.json: migration/node-services.changelog-init.xml::1511451595465-32::R3.Corda: Executing EXECUTE database command: ALTER TABLE PUBLIC.node_checkpoints ADD CONSTRAINT node_checkpoints_pkey PRIMARY KEY (checkpoint_id)
17:43:49.770 [Test worker] INFO liquibase - master.changelog.json: migration/node-services.changelog-init.xml::1511451595465-32::R3.Corda: Primary key added to node_checkpoints (checkpoint_id)
17:43:49.770 [Test worker] INFO liquibase - master.changelog.json: migration/node-services.changelog-init.xml::1511451595465-32::R3.Corda: ChangeSet migration/node-services.changelog-init.xml::1511451595465-32::R3.Corda ran successfully in 1ms
17:43:49.772 [Test worker] DEBUG liquibase - master.changelog.json: migration/node-services.changelog-init.xml::1511451595465-32::R3.Corda: Executing EXECUTE database command: INSERT INTO PUBLIC.DATABASECHANGELOG (ID, AUTHOR, FILENAME, DATEEXECUTED, ORDEREXECUTED, MD5SUM, DESCRIPTION, COMMENTS, EXECTYPE, CONTEXTS, LABELS, LIQUIBASE, DEPLOYMENT_ID) VALUES ('1511451595465-32', 'R3.Corda', 'migration/node-services.changelog-init.xml', NOW(), 54, '7:fa0f2ed27615a3fd2b799bb27b447a36', 'addPrimaryKey constraintName=node_checkpoints_pkey, tableName=node_checkpoints', '', 'EXECUTED', NULL, NULL, '3.5.4', '1046229348')
17:43:49.772 [Test worker] DEBUG liquibase - master.changelog.json: migration/node-services.changelog-init.xml::1511451595465-33::R3.Corda: Running Changeset:migration/node-services.changelog-init.xml::1511451595465-33::R3.Corda
17:43:49.773 [Test worker] DEBUG liquibase - master.changelog.json: migration/node-services.changelog-init.xml::1511451595465-33::R3.Corda: Changeset migration/node-services.changelog-init.xml::1511451595465-33::R3.Corda
17:43:49.773 [Test worker] DEBUG liquibase - master.changelog.json: migration/node-services.changelog-init.xml::1511451595465-33::R3.Corda: Reading ChangeSet: migration/node-services.changelog-init.xml::1511451595465-33::R3.Corda
17:43:49.773 [Test worker] DEBUG liquibase - master.changelog.json: migration/node-services.changelog-init.xml::1511451595465-33::R3.Corda: Executing Statement: liquibase.statement.core.AddPrimaryKeyStatement@2db91b8d
17:43:49.773 [Test worker] DEBUG liquibase - master.changelog.json: migration/node-services.changelog-init.xml::1511451595465-33::R3.Corda: Executing EXECUTE database command: ALTER TABLE PUBLIC.node_contract_upgrades ADD CONSTRAINT node_contract_upgrades_pkey PRIMARY KEY (state_ref)
17:43:49.773 [Test worker] INFO liquibase - master.changelog.json: migration/node-services.changelog-init.xml::1511451595465-33::R3.Corda: Primary key added to node_contract_upgrades (state_ref)
17:43:49.774 [Test worker] INFO liquibase - master.changelog.json: migration/node-services.changelog-init.xml::1511451595465-33::R3.Corda: ChangeSet migration/node-services.changelog-init.xml::1511451595465-33::R3.Corda ran successfully in 1ms
17:43:49.775 [Test worker] DEBUG liquibase - master.changelog.json: migration/node-services.changelog-init.xml::1511451595465-33::R3.Corda: Executing EXECUTE database command: INSERT INTO PUBLIC.DATABASECHANGELOG (ID, AUTHOR, FILENAME, DATEEXECUTED, ORDEREXECUTED, MD5SUM, DESCRIPTION, COMMENTS, EXECTYPE, CONTEXTS, LABELS, LIQUIBASE, DEPLOYMENT_ID) VALUES ('1511451595465-33', 'R3.Corda', 'migration/node-services.changelog-init.xml', NOW(), 55, '7:37e38ccee8d375f364abca393727eec7', 'addPrimaryKey constraintName=node_contract_upgrades_pkey, tableName=node_contract_upgrades', '', 'EXECUTED', NULL, NULL, '3.5.4', '1046229348')
17:43:49.775 [Test worker] DEBUG liquibase - master.changelog.json: migration/node-services.changelog-init.xml::1511451595465-34::R3.Corda: Running Changeset:migration/node-services.changelog-init.xml::1511451595465-34::R3.Corda
17:43:49.775 [Test worker] DEBUG liquibase - master.changelog.json: migration/node-services.changelog-init.xml::1511451595465-34::R3.Corda: Changeset migration/node-services.changelog-init.xml::1511451595465-34::R3.Corda
17:43:49.776 [Test worker] DEBUG liquibase - master.changelog.json: migration/node-services.changelog-init.xml::1511451595465-34::R3.Corda: Reading ChangeSet: migration/node-services.changelog-init.xml::1511451595465-34::R3.Corda
17:43:49.776 [Test worker] DEBUG liquibase - master.changelog.json: migration/node-services.changelog-init.xml::1511451595465-34::R3.Corda: Executing Statement: liquibase.statement.core.AddPrimaryKeyStatement@5b5026ea
17:43:49.776 [Test worker] DEBUG liquibase - master.changelog.json: migration/node-services.changelog-init.xml::1511451595465-34::R3.Corda: Executing EXECUTE database command: ALTER TABLE PUBLIC.node_identities ADD CONSTRAINT node_identities_pkey PRIMARY KEY (pk_hash)
17:43:49.776 [Test worker] INFO liquibase - master.changelog.json: migration/node-services.changelog-init.xml::1511451595465-34::R3.Corda: Primary key added to node_identities (pk_hash)
17:43:49.776 [Test worker] INFO liquibase - master.changelog.json: migration/node-services.changelog-init.xml::1511451595465-34::R3.Corda: ChangeSet migration/node-services.changelog-init.xml::1511451595465-34::R3.Corda ran successfully in 1ms
17:43:49.777 [Test worker] DEBUG liquibase - master.changelog.json: migration/node-services.changelog-init.xml::1511451595465-34::R3.Corda: Executing EXECUTE database command: INSERT INTO PUBLIC.DATABASECHANGELOG (ID, AUTHOR, FILENAME, DATEEXECUTED, ORDEREXECUTED, MD5SUM, DESCRIPTION, COMMENTS, EXECTYPE, CONTEXTS, LABELS, LIQUIBASE, DEPLOYMENT_ID) VALUES ('1511451595465-34', 'R3.Corda', 'migration/node-services.changelog-init.xml', NOW(), 56, '7:43d4f1fd6b4b69fcd6b046d8806c8f50', 'addPrimaryKey constraintName=node_identities_pkey, tableName=node_identities', '', 'EXECUTED', NULL, NULL, '3.5.4', '1046229348')
17:43:49.778 [Test worker] DEBUG liquibase - master.changelog.json: migration/node-services.changelog-init.xml::1511451595465-38::R3.Corda: Running Changeset:migration/node-services.changelog-init.xml::1511451595465-38::R3.Corda
17:43:49.778 [Test worker] DEBUG liquibase - master.changelog.json: migration/node-services.changelog-init.xml::1511451595465-38::R3.Corda: Changeset migration/node-services.changelog-init.xml::1511451595465-38::R3.Corda
17:43:49.778 [Test worker] DEBUG liquibase - master.changelog.json: migration/node-services.changelog-init.xml::1511451595465-38::R3.Corda: Reading ChangeSet: migration/node-services.changelog-init.xml::1511451595465-38::R3.Corda
17:43:49.779 [Test worker] DEBUG liquibase - master.changelog.json: migration/node-services.changelog-init.xml::1511451595465-38::R3.Corda: Executing Statement: liquibase.statement.core.AddPrimaryKeyStatement@12ff6154
17:43:49.779 [Test worker] DEBUG liquibase - master.changelog.json: migration/node-services.changelog-init.xml::1511451595465-38::R3.Corda: Executing EXECUTE database command: ALTER TABLE PUBLIC.node_message_ids ADD CONSTRAINT node_message_ids_pkey PRIMARY KEY (message_id)
17:43:49.779 [Test worker] INFO liquibase - master.changelog.json: migration/node-services.changelog-init.xml::1511451595465-38::R3.Corda: Primary key added to node_message_ids (message_id)
17:43:49.779 [Test worker] INFO liquibase - master.changelog.json: migration/node-services.changelog-init.xml::1511451595465-38::R3.Corda: ChangeSet migration/node-services.changelog-init.xml::1511451595465-38::R3.Corda ran successfully in 1ms
17:43:49.787 [Test worker] DEBUG liquibase - master.changelog.json: migration/node-services.changelog-init.xml::1511451595465-38::R3.Corda: Executing EXECUTE database command: INSERT INTO PUBLIC.DATABASECHANGELOG (ID, AUTHOR, FILENAME, DATEEXECUTED, ORDEREXECUTED, MD5SUM, DESCRIPTION, COMMENTS, EXECTYPE, CONTEXTS, LABELS, LIQUIBASE, DEPLOYMENT_ID) VALUES ('1511451595465-38', 'R3.Corda', 'migration/node-services.changelog-init.xml', NOW(), 57, '7:37825d1c920089f5d1d8667fae2a0770', 'addPrimaryKey constraintName=node_message_ids_pkey, tableName=node_message_ids', '', 'EXECUTED', NULL, NULL, '3.5.4', '1046229348')
17:43:49.799 [Test worker] DEBUG liquibase - master.changelog.json: migration/node-services.changelog-init.xml::1511451595465-39::R3.Corda: Running Changeset:migration/node-services.changelog-init.xml::1511451595465-39::R3.Corda
17:43:49.801 [Test worker] DEBUG liquibase - master.changelog.json: migration/node-services.changelog-init.xml::1511451595465-39::R3.Corda: Changeset migration/node-services.changelog-init.xml::1511451595465-39::R3.Corda
17:43:49.801 [Test worker] DEBUG liquibase - master.changelog.json: migration/node-services.changelog-init.xml::1511451595465-39::R3.Corda: Reading ChangeSet: migration/node-services.changelog-init.xml::1511451595465-39::R3.Corda
17:43:49.801 [Test worker] DEBUG liquibase - master.changelog.json: migration/node-services.changelog-init.xml::1511451595465-39::R3.Corda: Executing Statement: liquibase.statement.core.AddPrimaryKeyStatement@54b1aaa4
17:43:49.801 [Test worker] DEBUG liquibase - master.changelog.json: migration/node-services.changelog-init.xml::1511451595465-39::R3.Corda: Executing EXECUTE database command: ALTER TABLE PUBLIC.node_message_retry ADD CONSTRAINT node_message_retry_pkey PRIMARY KEY (message_id)
17:43:49.802 [Test worker] INFO liquibase - master.changelog.json: migration/node-services.changelog-init.xml::1511451595465-39::R3.Corda: Primary key added to node_message_retry (message_id)
17:43:49.802 [Test worker] INFO liquibase - master.changelog.json: migration/node-services.changelog-init.xml::1511451595465-39::R3.Corda: ChangeSet migration/node-services.changelog-init.xml::1511451595465-39::R3.Corda ran successfully in 1ms
17:43:49.803 [Test worker] DEBUG liquibase - master.changelog.json: migration/node-services.changelog-init.xml::1511451595465-39::R3.Corda: Executing EXECUTE database command: INSERT INTO PUBLIC.DATABASECHANGELOG (ID, AUTHOR, FILENAME, DATEEXECUTED, ORDEREXECUTED, MD5SUM, DESCRIPTION, COMMENTS, EXECTYPE, CONTEXTS, LABELS, LIQUIBASE, DEPLOYMENT_ID) VALUES ('1511451595465-39', 'R3.Corda', 'migration/node-services.changelog-init.xml', NOW(), 58, '7:7cc6fa875e39740c709235ff27960561', 'addPrimaryKey constraintName=node_message_retry_pkey, tableName=node_message_retry', '', 'EXECUTED', NULL, NULL, '3.5.4', '1046229348')
17:43:49.803 [Test worker] DEBUG liquibase - master.changelog.json: migration/node-services.changelog-init.xml::1511451595465-40::R3.Corda: Running Changeset:migration/node-services.changelog-init.xml::1511451595465-40::R3.Corda
17:43:49.803 [Test worker] DEBUG liquibase - master.changelog.json: migration/node-services.changelog-init.xml::1511451595465-40::R3.Corda: Changeset migration/node-services.changelog-init.xml::1511451595465-40::R3.Corda
17:43:49.803 [Test worker] DEBUG liquibase - master.changelog.json: migration/node-services.changelog-init.xml::1511451595465-40::R3.Corda: Reading ChangeSet: migration/node-services.changelog-init.xml::1511451595465-40::R3.Corda
17:43:49.804 [Test worker] DEBUG liquibase - master.changelog.json: migration/node-services.changelog-init.xml::1511451595465-40::R3.Corda: Executing Statement: liquibase.statement.core.AddPrimaryKeyStatement@60fdee4a
17:43:49.804 [Test worker] DEBUG liquibase - master.changelog.json: migration/node-services.changelog-init.xml::1511451595465-40::R3.Corda: Executing EXECUTE database command: ALTER TABLE PUBLIC.node_named_identities ADD CONSTRAINT node_named_identities_pkey PRIMARY KEY (name)
17:43:49.804 [Test worker] INFO liquibase - master.changelog.json: migration/node-services.changelog-init.xml::1511451595465-40::R3.Corda: Primary key added to node_named_identities (name)
17:43:49.808 [Test worker] INFO liquibase - master.changelog.json: migration/node-services.changelog-init.xml::1511451595465-40::R3.Corda: ChangeSet migration/node-services.changelog-init.xml::1511451595465-40::R3.Corda ran successfully in 5ms
17:43:49.812 [Test worker] DEBUG liquibase - master.changelog.json: migration/node-services.changelog-init.xml::1511451595465-40::R3.Corda: Executing EXECUTE database command: INSERT INTO PUBLIC.DATABASECHANGELOG (ID, AUTHOR, FILENAME, DATEEXECUTED, ORDEREXECUTED, MD5SUM, DESCRIPTION, COMMENTS, EXECTYPE, CONTEXTS, LABELS, LIQUIBASE, DEPLOYMENT_ID) VALUES ('1511451595465-40', 'R3.Corda', 'migration/node-services.changelog-init.xml', NOW(), 59, '7:9fac7485c58064b7e7ddce0bd1af86c4', 'addPrimaryKey constraintName=node_named_identities_pkey, tableName=node_named_identities', '', 'EXECUTED', NULL, NULL, '3.5.4', '1046229348')
17:43:49.813 [Test worker] DEBUG liquibase - master.changelog.json: migration/node-services.changelog-init.xml::1511451595465-42::R3.Corda: Running Changeset:migration/node-services.changelog-init.xml::1511451595465-42::R3.Corda
17:43:49.813 [Test worker] DEBUG liquibase - master.changelog.json: migration/node-services.changelog-init.xml::1511451595465-42::R3.Corda: Changeset migration/node-services.changelog-init.xml::1511451595465-42::R3.Corda
17:43:49.813 [Test worker] DEBUG liquibase - master.changelog.json: migration/node-services.changelog-init.xml::1511451595465-42::R3.Corda: Reading ChangeSet: migration/node-services.changelog-init.xml::1511451595465-42::R3.Corda
17:43:49.813 [Test worker] DEBUG liquibase - master.changelog.json: migration/node-services.changelog-init.xml::1511451595465-42::R3.Corda: Executing Statement: liquibase.statement.core.AddPrimaryKeyStatement@5274bf68
17:43:49.814 [Test worker] DEBUG liquibase - master.changelog.json: migration/node-services.changelog-init.xml::1511451595465-42::R3.Corda: Executing EXECUTE database command: ALTER TABLE PUBLIC.node_our_key_pairs ADD CONSTRAINT node_our_key_pairs_pkey PRIMARY KEY (public_key_hash)
17:43:49.816 [Test worker] INFO liquibase - master.changelog.json: migration/node-services.changelog-init.xml::1511451595465-42::R3.Corda: Primary key added to node_our_key_pairs (public_key_hash)
17:43:49.817 [Test worker] INFO liquibase - master.changelog.json: migration/node-services.changelog-init.xml::1511451595465-42::R3.Corda: ChangeSet migration/node-services.changelog-init.xml::1511451595465-42::R3.Corda ran successfully in 4ms
17:43:49.818 [Test worker] DEBUG liquibase - master.changelog.json: migration/node-services.changelog-init.xml::1511451595465-42::R3.Corda: Executing EXECUTE database command: INSERT INTO PUBLIC.DATABASECHANGELOG (ID, AUTHOR, FILENAME, DATEEXECUTED, ORDEREXECUTED, MD5SUM, DESCRIPTION, COMMENTS, EXECTYPE, CONTEXTS, LABELS, LIQUIBASE, DEPLOYMENT_ID) VALUES ('1511451595465-42', 'R3.Corda', 'migration/node-services.changelog-init.xml', NOW(), 60, '7:e3644c4b7315958cfb3a3cd4a3f40946', 'addPrimaryKey constraintName=node_our_key_pairs_pkey, tableName=node_our_key_pairs', '', 'EXECUTED', NULL, NULL, '3.5.4', '1046229348')
17:43:49.819 [Test worker] DEBUG liquibase - master.changelog.json: migration/node-services.changelog-init.xml::1511451595465-44::R3.Corda: Running Changeset:migration/node-services.changelog-init.xml::1511451595465-44::R3.Corda
17:43:49.819 [Test worker] DEBUG liquibase - master.changelog.json: migration/node-services.changelog-init.xml::1511451595465-44::R3.Corda: Changeset migration/node-services.changelog-init.xml::1511451595465-44::R3.Corda
17:43:49.820 [Test worker] DEBUG liquibase - master.changelog.json: migration/node-services.changelog-init.xml::1511451595465-44::R3.Corda: Reading ChangeSet: migration/node-services.changelog-init.xml::1511451595465-44::R3.Corda
17:43:49.820 [Test worker] DEBUG liquibase - master.changelog.json: migration/node-services.changelog-init.xml::1511451595465-44::R3.Corda: Executing Statement: liquibase.statement.core.AddPrimaryKeyStatement@29d8a449
17:43:49.822 [Test worker] DEBUG liquibase - master.changelog.json: migration/node-services.changelog-init.xml::1511451595465-44::R3.Corda: Executing EXECUTE database command: ALTER TABLE PUBLIC.node_scheduled_states ADD CONSTRAINT node_scheduled_states_pkey PRIMARY KEY (output_index, transaction_id)
17:43:49.822 [Test worker] INFO liquibase - master.changelog.json: migration/node-services.changelog-init.xml::1511451595465-44::R3.Corda: Primary key added to node_scheduled_states (output_index, transaction_id)
17:43:49.822 [Test worker] INFO liquibase - master.changelog.json: migration/node-services.changelog-init.xml::1511451595465-44::R3.Corda: ChangeSet migration/node-services.changelog-init.xml::1511451595465-44::R3.Corda ran successfully in 3ms
17:43:49.823 [Test worker] DEBUG liquibase - master.changelog.json: migration/node-services.changelog-init.xml::1511451595465-44::R3.Corda: Executing EXECUTE database command: INSERT INTO PUBLIC.DATABASECHANGELOG (ID, AUTHOR, FILENAME, DATEEXECUTED, ORDEREXECUTED, MD5SUM, DESCRIPTION, COMMENTS, EXECTYPE, CONTEXTS, LABELS, LIQUIBASE, DEPLOYMENT_ID) VALUES ('1511451595465-44', 'R3.Corda', 'migration/node-services.changelog-init.xml', NOW(), 61, '7:122e6cc40f7e50d8c9ffeb46861ed786', 'addPrimaryKey constraintName=node_scheduled_states_pkey, tableName=node_scheduled_states', '', 'EXECUTED', NULL, NULL, '3.5.4', '1046229348')
17:43:49.824 [Test worker] DEBUG liquibase - master.changelog.json: migration/node-services.changelog-init.xml::1511451595465-45::R3.Corda: Running Changeset:migration/node-services.changelog-init.xml::1511451595465-45::R3.Corda
17:43:49.824 [Test worker] DEBUG liquibase - master.changelog.json: migration/node-services.changelog-init.xml::1511451595465-45::R3.Corda: Changeset migration/node-services.changelog-init.xml::1511451595465-45::R3.Corda
17:43:49.824 [Test worker] DEBUG liquibase - master.changelog.json: migration/node-services.changelog-init.xml::1511451595465-45::R3.Corda: Reading ChangeSet: migration/node-services.changelog-init.xml::1511451595465-45::R3.Corda
17:43:49.824 [Test worker] DEBUG liquibase - master.changelog.json: migration/node-services.changelog-init.xml::1511451595465-45::R3.Corda: Executing Statement: liquibase.statement.core.AddPrimaryKeyStatement@2d87c981
17:43:49.824 [Test worker] DEBUG liquibase - master.changelog.json: migration/node-services.changelog-init.xml::1511451595465-45::R3.Corda: Executing EXECUTE database command: ALTER TABLE PUBLIC.node_transaction_mappings ADD CONSTRAINT node_transaction_mappings_pkey PRIMARY KEY (tx_id)
17:43:49.825 [Test worker] INFO liquibase - master.changelog.json: migration/node-services.changelog-init.xml::1511451595465-45::R3.Corda: Primary key added to node_transaction_mappings (tx_id)
17:43:49.825 [Test worker] INFO liquibase - master.changelog.json: migration/node-services.changelog-init.xml::1511451595465-45::R3.Corda: ChangeSet migration/node-services.changelog-init.xml::1511451595465-45::R3.Corda ran successfully in 1ms
17:43:49.826 [Test worker] DEBUG liquibase - master.changelog.json: migration/node-services.changelog-init.xml::1511451595465-45::R3.Corda: Executing EXECUTE database command: INSERT INTO PUBLIC.DATABASECHANGELOG (ID, AUTHOR, FILENAME, DATEEXECUTED, ORDEREXECUTED, MD5SUM, DESCRIPTION, COMMENTS, EXECTYPE, CONTEXTS, LABELS, LIQUIBASE, DEPLOYMENT_ID) VALUES ('1511451595465-45', 'R3.Corda', 'migration/node-services.changelog-init.xml', NOW(), 62, '7:c4ba1fcc19b22e52678633b13053eaa1', 'addPrimaryKey constraintName=node_transaction_mappings_pkey, tableName=node_transaction_mappings', '', 'EXECUTED', NULL, NULL, '3.5.4', '1046229348')
17:43:49.827 [Test worker] DEBUG liquibase - master.changelog.json: migration/node-services.changelog-init.xml::1511451595465-46::R3.Corda: Running Changeset:migration/node-services.changelog-init.xml::1511451595465-46::R3.Corda
17:43:49.827 [Test worker] DEBUG liquibase - master.changelog.json: migration/node-services.changelog-init.xml::1511451595465-46::R3.Corda: Changeset migration/node-services.changelog-init.xml::1511451595465-46::R3.Corda
17:43:49.827 [Test worker] DEBUG liquibase - master.changelog.json: migration/node-services.changelog-init.xml::1511451595465-46::R3.Corda: Reading ChangeSet: migration/node-services.changelog-init.xml::1511451595465-46::R3.Corda
17:43:49.827 [Test worker] DEBUG liquibase - master.changelog.json: migration/node-services.changelog-init.xml::1511451595465-46::R3.Corda: Executing Statement: liquibase.statement.core.AddPrimaryKeyStatement@f6a06a3
17:43:49.828 [Test worker] DEBUG liquibase - master.changelog.json: migration/node-services.changelog-init.xml::1511451595465-46::R3.Corda: Executing EXECUTE database command: ALTER TABLE PUBLIC.node_transactions ADD CONSTRAINT node_transactions_pkey PRIMARY KEY (tx_id)
17:43:49.830 [Test worker] INFO liquibase - master.changelog.json: migration/node-services.changelog-init.xml::1511451595465-46::R3.Corda: Primary key added to node_transactions (tx_id)
17:43:49.830 [Test worker] INFO liquibase - master.changelog.json: migration/node-services.changelog-init.xml::1511451595465-46::R3.Corda: ChangeSet migration/node-services.changelog-init.xml::1511451595465-46::R3.Corda ran successfully in 3ms
17:43:49.831 [Test worker] DEBUG liquibase - master.changelog.json: migration/node-services.changelog-init.xml::1511451595465-46::R3.Corda: Executing EXECUTE database command: INSERT INTO PUBLIC.DATABASECHANGELOG (ID, AUTHOR, FILENAME, DATEEXECUTED, ORDEREXECUTED, MD5SUM, DESCRIPTION, COMMENTS, EXECTYPE, CONTEXTS, LABELS, LIQUIBASE, DEPLOYMENT_ID) VALUES ('1511451595465-46', 'R3.Corda', 'migration/node-services.changelog-init.xml', NOW(), 63, '7:1a41a33c68c6f56be99cbfa9af7c2646', 'addPrimaryKey constraintName=node_transactions_pkey, tableName=node_transactions', '', 'EXECUTED', NULL, NULL, '3.5.4', '1046229348')
17:43:49.850 [Test worker] DEBUG liquibase - master.changelog.json: migration/node-services.changelog-init.xml::1511451595465-61::R3.Corda: Running Changeset:migration/node-services.changelog-init.xml::1511451595465-61::R3.Corda
17:43:49.850 [Test worker] DEBUG liquibase - master.changelog.json: migration/node-services.changelog-init.xml::1511451595465-61::R3.Corda: Changeset migration/node-services.changelog-init.xml::1511451595465-61::R3.Corda
17:43:49.850 [Test worker] DEBUG liquibase - master.changelog.json: migration/node-services.changelog-init.xml::1511451595465-61::R3.Corda: Reading ChangeSet: migration/node-services.changelog-init.xml::1511451595465-61::R3.Corda
17:43:49.850 [Test worker] DEBUG liquibase - master.changelog.json: migration/node-services.changelog-init.xml::1511451595465-61::R3.Corda: Executing Statement: liquibase.statement.core.AddForeignKeyConstraintStatement@1cef5605
17:43:49.851 [Test worker] DEBUG liquibase - master.changelog.json: migration/node-services.changelog-init.xml::1511451595465-61::R3.Corda: Executing EXECUTE database command: ALTER TABLE PUBLIC.node_link_nodeinfo_party ADD CONSTRAINT FK__link_ni_p__info_p_cert FOREIGN KEY (party_name) REFERENCES PUBLIC.node_info_party_cert (party_name)
17:43:49.853 [Test worker] INFO liquibase - master.changelog.json: migration/node-services.changelog-init.xml::1511451595465-61::R3.Corda: Foreign key constraint added to node_link_nodeinfo_party (party_name)
17:43:49.853 [Test worker] INFO liquibase - master.changelog.json: migration/node-services.changelog-init.xml::1511451595465-61::R3.Corda: ChangeSet migration/node-services.changelog-init.xml::1511451595465-61::R3.Corda ran successfully in 3ms
17:43:49.854 [Test worker] DEBUG liquibase - master.changelog.json: migration/node-services.changelog-init.xml::1511451595465-61::R3.Corda: Executing EXECUTE database command: INSERT INTO PUBLIC.DATABASECHANGELOG (ID, AUTHOR, FILENAME, DATEEXECUTED, ORDEREXECUTED, MD5SUM, DESCRIPTION, COMMENTS, EXECTYPE, CONTEXTS, LABELS, LIQUIBASE, DEPLOYMENT_ID) VALUES ('1511451595465-61', 'R3.Corda', 'migration/node-services.changelog-init.xml', NOW(), 64, '7:f753db641a982caad48d7169dafbc854', 'addForeignKeyConstraint baseTableName=node_link_nodeinfo_party, constraintName=FK__link_ni_p__info_p_cert, referencedTableName=node_info_party_cert', '', 'EXECUTED', NULL, NULL, '3.5.4', '1046229348')
17:43:49.855 [Test worker] DEBUG liquibase - master.changelog.json: migration/node-services.changelog-init.xml::add index att_id::R3.Corda: Running Changeset:migration/node-services.changelog-init.xml::add index att_id::R3.Corda
17:43:49.855 [Test worker] DEBUG liquibase - master.changelog.json: migration/node-services.changelog-init.xml::add index att_id::R3.Corda: Changeset migration/node-services.changelog-init.xml::add index att_id::R3.Corda
17:43:49.855 [Test worker] DEBUG liquibase - master.changelog.json: migration/node-services.changelog-init.xml::add index att_id::R3.Corda: Reading ChangeSet: migration/node-services.changelog-init.xml::add index att_id::R3.Corda
17:43:49.855 [Test worker] DEBUG liquibase - master.changelog.json: migration/node-services.changelog-init.xml::add index att_id::R3.Corda: Executing Statement: liquibase.statement.core.CreateIndexStatement@74f27947
17:43:49.855 [Test worker] DEBUG liquibase - master.changelog.json: migration/node-services.changelog-init.xml::add index att_id::R3.Corda: Executing EXECUTE database command: CREATE INDEX PUBLIC.att_id_idx ON PUBLIC.node_attachments(att_id)
17:43:49.855 [Test worker] INFO liquibase - master.changelog.json: migration/node-services.changelog-init.xml::add index att_id::R3.Corda: Index att_id_idx created
17:43:49.855 [Test worker] INFO liquibase - master.changelog.json: migration/node-services.changelog-init.xml::add index att_id::R3.Corda: ChangeSet migration/node-services.changelog-init.xml::add index att_id::R3.Corda ran successfully in 0ms
17:43:49.856 [Test worker] DEBUG liquibase - master.changelog.json: migration/node-services.changelog-init.xml::add index att_id::R3.Corda: Executing EXECUTE database command: INSERT INTO PUBLIC.DATABASECHANGELOG (ID, AUTHOR, FILENAME, DATEEXECUTED, ORDEREXECUTED, MD5SUM, DESCRIPTION, COMMENTS, EXECTYPE, CONTEXTS, LABELS, LIQUIBASE, DEPLOYMENT_ID) VALUES ('add index att_id', 'R3.Corda', 'migration/node-services.changelog-init.xml', NOW(), 65, '7:302188110e9124abd4ef58020255fbb0', 'createIndex indexName=att_id_idx, tableName=node_attachments', '', 'EXECUTED', NULL, NULL, '3.5.4', '1046229348')
17:43:49.857 [Test worker] DEBUG liquibase - master.changelog.json: migration/node-services.changelog-init.xml::add_contract_attachment::R3.Corda: Running Changeset:migration/node-services.changelog-init.xml::add_contract_attachment::R3.Corda
17:43:49.857 [Test worker] DEBUG liquibase - master.changelog.json: migration/node-services.changelog-init.xml::add_contract_attachment::R3.Corda: Changeset migration/node-services.changelog-init.xml::add_contract_attachment::R3.Corda
17:43:49.857 [Test worker] DEBUG liquibase - master.changelog.json: migration/node-services.changelog-init.xml::add_contract_attachment::R3.Corda: Reading ChangeSet: migration/node-services.changelog-init.xml::add_contract_attachment::R3.Corda
17:43:49.857 [Test worker] DEBUG liquibase - master.changelog.json: migration/node-services.changelog-init.xml::add_contract_attachment::R3.Corda: Executing Statement: liquibase.statement.core.CreateTableStatement@6ff25ed9
17:43:49.858 [Test worker] DEBUG liquibase - master.changelog.json: migration/node-services.changelog-init.xml::add_contract_attachment::R3.Corda: Executing EXECUTE database command: CREATE TABLE PUBLIC.node_attchments_contracts (att_id NVARCHAR(255) NOT NULL, contract_class_name NVARCHAR(255))
17:43:49.858 [Test worker] INFO liquibase - master.changelog.json: migration/node-services.changelog-init.xml::add_contract_attachment::R3.Corda: Table node_attchments_contracts created
17:43:49.858 [Test worker] DEBUG liquibase - master.changelog.json: migration/node-services.changelog-init.xml::add_contract_attachment::R3.Corda: Executing Statement: liquibase.statement.core.AddForeignKeyConstraintStatement@1f87f26f
17:43:49.858 [Test worker] DEBUG liquibase - master.changelog.json: migration/node-services.changelog-init.xml::add_contract_attachment::R3.Corda: Executing EXECUTE database command: ALTER TABLE PUBLIC.node_attchments_contracts ADD CONSTRAINT FK__ctr_class__attachments FOREIGN KEY (att_id) REFERENCES PUBLIC.node_attachments (att_id)
17:43:49.859 [Test worker] INFO liquibase - master.changelog.json: migration/node-services.changelog-init.xml::add_contract_attachment::R3.Corda: Foreign key constraint added to node_attchments_contracts (att_id)
17:43:49.859 [Test worker] DEBUG liquibase - master.changelog.json: migration/node-services.changelog-init.xml::add_contract_attachment::R3.Corda: Executing Statement: liquibase.statement.core.DeleteStatement@62a50f0e
17:43:49.859 [Test worker] DEBUG liquibase - master.changelog.json: migration/node-services.changelog-init.xml::add_contract_attachment::R3.Corda: Executing EXECUTE database command: DELETE FROM PUBLIC.node_attachments
17:43:49.859 [Test worker] INFO liquibase - master.changelog.json: migration/node-services.changelog-init.xml::add_contract_attachment::R3.Corda: Data deleted from node_attachments
17:43:49.859 [Test worker] INFO liquibase - master.changelog.json: migration/node-services.changelog-init.xml::add_contract_attachment::R3.Corda: ChangeSet migration/node-services.changelog-init.xml::add_contract_attachment::R3.Corda ran successfully in 2ms
17:43:49.861 [Test worker] DEBUG liquibase - master.changelog.json: migration/node-services.changelog-init.xml::add_contract_attachment::R3.Corda: Executing EXECUTE database command: INSERT INTO PUBLIC.DATABASECHANGELOG (ID, AUTHOR, FILENAME, DATEEXECUTED, ORDEREXECUTED, MD5SUM, DESCRIPTION, COMMENTS, EXECTYPE, CONTEXTS, LABELS, LIQUIBASE, DEPLOYMENT_ID) VALUES ('add_contract_attachment', 'R3.Corda', 'migration/node-services.changelog-init.xml', NOW(), 66, '7:2cfbc6a84cfcd7b8ce011b58aa70f584', 'createTable tableName=node_attchments_contracts; addForeignKeyConstraint baseTableName=node_attchments_contracts, constraintName=FK__ctr_class__attachments, referencedTableName=node_attachments; delete tableName=node_attachments', '', 'EXECUTED', NULL, NULL, '3.5.4', '1046229348')
17:43:49.861 [Test worker] DEBUG liquibase - master.changelog.json: migration/node-services.changelog-init.xml::add_dedup_columns::R3.Corda: Running Changeset:migration/node-services.changelog-init.xml::add_dedup_columns::R3.Corda
17:43:49.861 [Test worker] DEBUG liquibase - master.changelog.json: migration/node-services.changelog-init.xml::add_dedup_columns::R3.Corda: Changeset migration/node-services.changelog-init.xml::add_dedup_columns::R3.Corda
17:43:49.862 [Test worker] DEBUG liquibase - master.changelog.json: migration/node-services.changelog-init.xml::add_dedup_columns::R3.Corda: Reading ChangeSet: migration/node-services.changelog-init.xml::add_dedup_columns::R3.Corda
17:43:49.862 [Test worker] DEBUG liquibase - master.changelog.json: migration/node-services.changelog-init.xml::add_dedup_columns::R3.Corda: Executing Statement: liquibase.statement.core.AddColumnStatement@459c356c
17:43:49.862 [Test worker] DEBUG liquibase - master.changelog.json: migration/node-services.changelog-init.xml::add_dedup_columns::R3.Corda: Executing EXECUTE database command: ALTER TABLE PUBLIC.node_message_ids ADD sender NVARCHAR(64)
17:43:49.864 [Test worker] DEBUG liquibase - master.changelog.json: migration/node-services.changelog-init.xml::add_dedup_columns::R3.Corda: Executing EXECUTE database command: ALTER TABLE PUBLIC.node_message_ids ADD sequence_number BIGINT
17:43:49.865 [Test worker] INFO liquibase - master.changelog.json: migration/node-services.changelog-init.xml::add_dedup_columns::R3.Corda: Columns sender(NVARCHAR(64)),sequence_number(BIGINT) added to node_message_ids
17:43:49.866 [Test worker] INFO liquibase - master.changelog.json: migration/node-services.changelog-init.xml::add_dedup_columns::R3.Corda: ChangeSet migration/node-services.changelog-init.xml::add_dedup_columns::R3.Corda ran successfully in 5ms
17:43:49.867 [Test worker] DEBUG liquibase - master.changelog.json: migration/node-services.changelog-init.xml::add_dedup_columns::R3.Corda: Executing EXECUTE database command: INSERT INTO PUBLIC.DATABASECHANGELOG (ID, AUTHOR, FILENAME, DATEEXECUTED, ORDEREXECUTED, MD5SUM, DESCRIPTION, COMMENTS, EXECTYPE, CONTEXTS, LABELS, LIQUIBASE, DEPLOYMENT_ID) VALUES ('add_dedup_columns', 'R3.Corda', 'migration/node-services.changelog-init.xml', NOW(), 67, '7:376ede2552aa97e8abf9d9a808c16692', 'addColumn tableName=node_message_ids', '', 'EXECUTED', NULL, NULL, '3.5.4', '1046229348')
17:43:49.868 [Test worker] DEBUG liquibase - master.changelog.json: migration/node-core.changelog-v4.xml::attchments_rename::R3.Corda: Running Changeset:migration/node-core.changelog-v4.xml::attchments_rename::R3.Corda
17:43:49.868 [Test worker] DEBUG liquibase - master.changelog.json: migration/node-core.changelog-v4.xml::attchments_rename::R3.Corda: Changeset migration/node-core.changelog-v4.xml::attchments_rename::R3.Corda
17:43:49.868 [Test worker] DEBUG liquibase - master.changelog.json: migration/node-core.changelog-v4.xml::attchments_rename::R3.Corda: Reading ChangeSet: migration/node-core.changelog-v4.xml::attchments_rename::R3.Corda
17:43:49.868 [Test worker] DEBUG liquibase - master.changelog.json: migration/node-core.changelog-v4.xml::attchments_rename::R3.Corda: Executing Statement: liquibase.statement.core.RenameTableStatement@7d192329
17:43:49.868 [Test worker] DEBUG liquibase - master.changelog.json: migration/node-core.changelog-v4.xml::attchments_rename::R3.Corda: Executing EXECUTE database command: ALTER TABLE PUBLIC.node_attchments_contracts RENAME TO node_attachments_contracts
17:43:49.868 [Test worker] INFO liquibase - master.changelog.json: migration/node-core.changelog-v4.xml::attchments_rename::R3.Corda: Table node_attchments_contracts renamed to node_attachments_contracts
17:43:49.868 [Test worker] INFO liquibase - master.changelog.json: migration/node-core.changelog-v4.xml::attchments_rename::R3.Corda: ChangeSet migration/node-core.changelog-v4.xml::attchments_rename::R3.Corda ran successfully in 0ms
17:43:49.869 [Test worker] DEBUG liquibase - master.changelog.json: migration/node-core.changelog-v4.xml::attchments_rename::R3.Corda: Executing EXECUTE database command: INSERT INTO PUBLIC.DATABASECHANGELOG (ID, AUTHOR, FILENAME, DATEEXECUTED, ORDEREXECUTED, MD5SUM, DESCRIPTION, COMMENTS, EXECTYPE, CONTEXTS, LABELS, LIQUIBASE, DEPLOYMENT_ID) VALUES ('attchments_rename', 'R3.Corda', 'migration/node-core.changelog-v4.xml', NOW(), 68, '7:9c9553fbc45dfa0ec2117a113b1bfb13', 'renameTable newTableName=node_attachments_contracts, oldTableName=node_attchments_contracts', '', 'EXECUTED', NULL, NULL, '3.5.4', '1046229348')
17:43:49.870 [Test worker] DEBUG liquibase - master.changelog.json: migration/node-core.changelog-v4.xml::nullability::R3.Corda: Running Changeset:migration/node-core.changelog-v4.xml::nullability::R3.Corda
17:43:49.870 [Test worker] DEBUG liquibase - master.changelog.json: migration/node-core.changelog-v4.xml::nullability::R3.Corda: Changeset migration/node-core.changelog-v4.xml::nullability::R3.Corda
17:43:49.870 [Test worker] DEBUG liquibase - master.changelog.json: migration/node-core.changelog-v4.xml::nullability::R3.Corda: Reading ChangeSet: migration/node-core.changelog-v4.xml::nullability::R3.Corda
17:43:49.870 [Test worker] DEBUG liquibase - master.changelog.json: migration/node-core.changelog-v4.xml::nullability::R3.Corda: Executing Statement: liquibase.statement.core.SetNullableStatement@7e650481
17:43:49.870 [Test worker] DEBUG liquibase - master.changelog.json: migration/node-core.changelog-v4.xml::nullability::R3.Corda: Executing EXECUTE database command: ALTER TABLE PUBLIC.node_identities ALTER COLUMN identity_value SET NOT NULL
17:43:49.871 [Test worker] INFO liquibase - master.changelog.json: migration/node-core.changelog-v4.xml::nullability::R3.Corda: Null constraint has been added to node_identities.identity_value
17:43:49.871 [Test worker] DEBUG liquibase - master.changelog.json: migration/node-core.changelog-v4.xml::nullability::R3.Corda: Executing Statement: liquibase.statement.core.SetNullableStatement@2ee28b36
17:43:49.871 [Test worker] DEBUG liquibase - master.changelog.json: migration/node-core.changelog-v4.xml::nullability::R3.Corda: Executing EXECUTE database command: ALTER TABLE PUBLIC.node_attachments ALTER COLUMN content SET NOT NULL
17:43:49.871 [Test worker] INFO liquibase - master.changelog.json: migration/node-core.changelog-v4.xml::nullability::R3.Corda: Null constraint has been added to node_attachments.content
17:43:49.871 [Test worker] DEBUG liquibase - master.changelog.json: migration/node-core.changelog-v4.xml::nullability::R3.Corda: Executing Statement: liquibase.statement.core.SetNullableStatement@820931
17:43:49.871 [Test worker] DEBUG liquibase - master.changelog.json: migration/node-core.changelog-v4.xml::nullability::R3.Corda: Executing EXECUTE database command: ALTER TABLE PUBLIC.node_attachments_contracts ALTER COLUMN contract_class_name SET NOT NULL
17:43:49.872 [Test worker] INFO liquibase - master.changelog.json: migration/node-core.changelog-v4.xml::nullability::R3.Corda: Null constraint has been added to node_attachments_contracts.contract_class_name
17:43:49.872 [Test worker] DEBUG liquibase - master.changelog.json: migration/node-core.changelog-v4.xml::nullability::R3.Corda: Executing Statement: liquibase.statement.core.SetNullableStatement@7da9d5a1
17:43:49.872 [Test worker] DEBUG liquibase - master.changelog.json: migration/node-core.changelog-v4.xml::nullability::R3.Corda: Executing EXECUTE database command: ALTER TABLE PUBLIC.node_checkpoints ALTER COLUMN checkpoint_value SET NOT NULL
17:43:49.872 [Test worker] INFO liquibase - master.changelog.json: migration/node-core.changelog-v4.xml::nullability::R3.Corda: Null constraint has been added to node_checkpoints.checkpoint_value
17:43:49.872 [Test worker] DEBUG liquibase - master.changelog.json: migration/node-core.changelog-v4.xml::nullability::R3.Corda: Executing Statement: liquibase.statement.core.SetNullableStatement@11685842
17:43:49.873 [Test worker] DEBUG liquibase - master.changelog.json: migration/node-core.changelog-v4.xml::nullability::R3.Corda: Executing EXECUTE database command: ALTER TABLE PUBLIC.node_contract_upgrades ALTER COLUMN contract_class_name SET NOT NULL
17:43:49.873 [Test worker] INFO liquibase - master.changelog.json: migration/node-core.changelog-v4.xml::nullability::R3.Corda: Null constraint has been added to node_contract_upgrades.contract_class_name
17:43:49.873 [Test worker] DEBUG liquibase - master.changelog.json: migration/node-core.changelog-v4.xml::nullability::R3.Corda: Executing Statement: liquibase.statement.core.SetNullableStatement@279856da
17:43:49.874 [Test worker] DEBUG liquibase - master.changelog.json: migration/node-core.changelog-v4.xml::nullability::R3.Corda: Executing EXECUTE database command: ALTER TABLE PUBLIC.node_message_ids ALTER COLUMN insertion_time SET NOT NULL
17:43:49.874 [Test worker] INFO liquibase - master.changelog.json: migration/node-core.changelog-v4.xml::nullability::R3.Corda: Null constraint has been added to node_message_ids.insertion_time
17:43:49.874 [Test worker] DEBUG liquibase - master.changelog.json: migration/node-core.changelog-v4.xml::nullability::R3.Corda: Executing Statement: liquibase.statement.core.SetNullableStatement@6d5d3081
17:43:49.874 [Test worker] DEBUG liquibase - master.changelog.json: migration/node-core.changelog-v4.xml::nullability::R3.Corda: Executing EXECUTE database command: ALTER TABLE PUBLIC.node_message_retry ALTER COLUMN message SET NOT NULL
17:43:49.875 [Test worker] INFO liquibase - master.changelog.json: migration/node-core.changelog-v4.xml::nullability::R3.Corda: Null constraint has been added to node_message_retry.message
17:43:49.875 [Test worker] DEBUG liquibase - master.changelog.json: migration/node-core.changelog-v4.xml::nullability::R3.Corda: Executing Statement: liquibase.statement.core.SetNullableStatement@603846ee
17:43:49.875 [Test worker] DEBUG liquibase - master.changelog.json: migration/node-core.changelog-v4.xml::nullability::R3.Corda: Executing EXECUTE database command: ALTER TABLE PUBLIC.node_message_retry ALTER COLUMN recipients SET NOT NULL
17:43:49.875 [Test worker] INFO liquibase - master.changelog.json: migration/node-core.changelog-v4.xml::nullability::R3.Corda: Null constraint has been added to node_message_retry.recipients
17:43:49.875 [Test worker] DEBUG liquibase - master.changelog.json: migration/node-core.changelog-v4.xml::nullability::R3.Corda: Executing Statement: liquibase.statement.core.SetNullableStatement@7c738727
17:43:49.875 [Test worker] DEBUG liquibase - master.changelog.json: migration/node-core.changelog-v4.xml::nullability::R3.Corda: Executing EXECUTE database command: ALTER TABLE PUBLIC.node_named_identities ALTER COLUMN pk_hash SET NOT NULL
17:43:49.876 [Test worker] INFO liquibase - master.changelog.json: migration/node-core.changelog-v4.xml::nullability::R3.Corda: Null constraint has been added to node_named_identities.pk_hash
17:43:49.876 [Test worker] DEBUG liquibase - master.changelog.json: migration/node-core.changelog-v4.xml::nullability::R3.Corda: Executing Statement: liquibase.statement.core.SetNullableStatement@4447a03e
17:43:49.876 [Test worker] DEBUG liquibase - master.changelog.json: migration/node-core.changelog-v4.xml::nullability::R3.Corda: Executing EXECUTE database command: ALTER TABLE PUBLIC.node_our_key_pairs ALTER COLUMN private_key SET NOT NULL
17:43:49.876 [Test worker] INFO liquibase - master.changelog.json: migration/node-core.changelog-v4.xml::nullability::R3.Corda: Null constraint has been added to node_our_key_pairs.private_key
17:43:49.876 [Test worker] DEBUG liquibase - master.changelog.json: migration/node-core.changelog-v4.xml::nullability::R3.Corda: Executing Statement: liquibase.statement.core.SetNullableStatement@2f8407f1
17:43:49.876 [Test worker] DEBUG liquibase - master.changelog.json: migration/node-core.changelog-v4.xml::nullability::R3.Corda: Executing EXECUTE database command: ALTER TABLE PUBLIC.node_our_key_pairs ALTER COLUMN public_key SET NOT NULL
17:43:49.877 [Test worker] INFO liquibase - master.changelog.json: migration/node-core.changelog-v4.xml::nullability::R3.Corda: Null constraint has been added to node_our_key_pairs.public_key
17:43:49.878 [Test worker] DEBUG liquibase - master.changelog.json: migration/node-core.changelog-v4.xml::nullability::R3.Corda: Executing Statement: liquibase.statement.core.SetNullableStatement@64ca9937
17:43:49.878 [Test worker] DEBUG liquibase - master.changelog.json: migration/node-core.changelog-v4.xml::nullability::R3.Corda: Executing EXECUTE database command: ALTER TABLE PUBLIC.node_transaction_mappings ALTER COLUMN state_machine_run_id SET NOT NULL
17:43:49.878 [Test worker] INFO liquibase - master.changelog.json: migration/node-core.changelog-v4.xml::nullability::R3.Corda: Null constraint has been added to node_transaction_mappings.state_machine_run_id
17:43:49.878 [Test worker] DEBUG liquibase - master.changelog.json: migration/node-core.changelog-v4.xml::nullability::R3.Corda: Executing Statement: liquibase.statement.core.SetNullableStatement@5334c347
17:43:49.879 [Test worker] DEBUG liquibase - master.changelog.json: migration/node-core.changelog-v4.xml::nullability::R3.Corda: Executing EXECUTE database command: ALTER TABLE PUBLIC.node_transactions ALTER COLUMN transaction_value SET NOT NULL
17:43:49.879 [Test worker] INFO liquibase - master.changelog.json: migration/node-core.changelog-v4.xml::nullability::R3.Corda: Null constraint has been added to node_transactions.transaction_value
17:43:49.879 [Test worker] INFO liquibase - master.changelog.json: migration/node-core.changelog-v4.xml::nullability::R3.Corda: ChangeSet migration/node-core.changelog-v4.xml::nullability::R3.Corda ran successfully in 9ms
17:43:49.880 [Test worker] DEBUG liquibase - master.changelog.json: migration/node-core.changelog-v4.xml::nullability::R3.Corda: Executing EXECUTE database command: INSERT INTO PUBLIC.DATABASECHANGELOG (ID, AUTHOR, FILENAME, DATEEXECUTED, ORDEREXECUTED, MD5SUM, DESCRIPTION, COMMENTS, EXECTYPE, CONTEXTS, LABELS, LIQUIBASE, DEPLOYMENT_ID) VALUES ('nullability', 'R3.Corda', 'migration/node-core.changelog-v4.xml', NOW(), 69, '7:73b3f89cdd2a42efebeb125648c28191', 'addNotNullConstraint columnName=identity_value, tableName=node_identities; addNotNullConstraint columnName=content, tableName=node_attachments; addNotNullConstraint columnName=contract_class_name, tableName=node_attachments_contracts; addNotNullCo...', '', 'EXECUTED', NULL, NULL, '3.5.4', '1046229348')
17:43:49.881 [Test worker] DEBUG liquibase - master.changelog.json: migration/node-core.changelog-v5.xml::remove_unused_node_message_retry::R3.Corda: Running Changeset:migration/node-core.changelog-v5.xml::remove_unused_node_message_retry::R3.Corda
17:43:49.881 [Test worker] DEBUG liquibase - master.changelog.json: migration/node-core.changelog-v5.xml::remove_unused_node_message_retry::R3.Corda: Changeset migration/node-core.changelog-v5.xml::remove_unused_node_message_retry::R3.Corda
17:43:49.881 [Test worker] DEBUG liquibase - master.changelog.json: migration/node-core.changelog-v5.xml::remove_unused_node_message_retry::R3.Corda: Reading ChangeSet: migration/node-core.changelog-v5.xml::remove_unused_node_message_retry::R3.Corda
17:43:49.882 [Test worker] DEBUG liquibase - master.changelog.json: migration/node-core.changelog-v5.xml::remove_unused_node_message_retry::R3.Corda: Executing Statement: liquibase.statement.core.DropTableStatement@7db9e459
17:43:49.882 [Test worker] DEBUG liquibase - master.changelog.json: migration/node-core.changelog-v5.xml::remove_unused_node_message_retry::R3.Corda: Executing EXECUTE database command: DROP TABLE PUBLIC.node_message_retry
17:43:49.884 [Test worker] INFO liquibase - master.changelog.json: migration/node-core.changelog-v5.xml::remove_unused_node_message_retry::R3.Corda: Table node_message_retry dropped
17:43:49.884 [Test worker] INFO liquibase - master.changelog.json: migration/node-core.changelog-v5.xml::remove_unused_node_message_retry::R3.Corda: ChangeSet migration/node-core.changelog-v5.xml::remove_unused_node_message_retry::R3.Corda ran successfully in 3ms
17:43:49.885 [Test worker] DEBUG liquibase - master.changelog.json: migration/node-core.changelog-v5.xml::remove_unused_node_message_retry::R3.Corda: Executing EXECUTE database command: INSERT INTO PUBLIC.DATABASECHANGELOG (ID, AUTHOR, FILENAME, DATEEXECUTED, ORDEREXECUTED, MD5SUM, DESCRIPTION, COMMENTS, EXECTYPE, CONTEXTS, LABELS, LIQUIBASE, DEPLOYMENT_ID) VALUES ('remove_unused_node_message_retry', 'R3.Corda', 'migration/node-core.changelog-v5.xml', NOW(), 70, '7:cd120ad46e3a88b0eeaa7ffdcf8a0861', 'dropTable tableName=node_message_retry', '', 'EXECUTED', NULL, NULL, '3.5.4', '1046229348')
17:43:49.886 [Test worker] DEBUG liquibase - master.changelog.json: migration/node-core.changelog-pkey.xml::non-clustered_pk-1::R3.Corda: Running Changeset:migration/node-core.changelog-pkey.xml::non-clustered_pk-1::R3.Corda
17:43:49.917 [Test worker] DEBUG liquibase - master.changelog.json: migration/node-core.changelog-pkey.xml::non-clustered_pk-1::R3.Corda: Executing EXECUTE database command: INSERT INTO PUBLIC.DATABASECHANGELOG (ID, AUTHOR, FILENAME, DATEEXECUTED, ORDEREXECUTED, MD5SUM, DESCRIPTION, COMMENTS, EXECTYPE, CONTEXTS, LABELS, LIQUIBASE, DEPLOYMENT_ID) VALUES ('non-clustered_pk-1', 'R3.Corda', 'migration/node-core.changelog-pkey.xml', NOW(), 71, '7:eb9d9d13536371a16c05f8a89051e6b0', 'dropPrimaryKey constraintName=node_checkpoints_pkey, tableName=node_checkpoints; addPrimaryKey constraintName=node_checkpoints_pkey, tableName=node_checkpoints', '', 'MARK_RAN', NULL, NULL, '3.5.4', '1046229348')
17:43:49.918 [Test worker] DEBUG liquibase - master.changelog.json: migration/node-core.changelog-pkey.xml::non-clustered_pk-2::R3.Corda: Running Changeset:migration/node-core.changelog-pkey.xml::non-clustered_pk-2::R3.Corda
17:43:49.919 [Test worker] DEBUG liquibase - master.changelog.json: migration/node-core.changelog-pkey.xml::non-clustered_pk-2::R3.Corda: Executing EXECUTE database command: INSERT INTO PUBLIC.DATABASECHANGELOG (ID, AUTHOR, FILENAME, DATEEXECUTED, ORDEREXECUTED, MD5SUM, DESCRIPTION, COMMENTS, EXECTYPE, CONTEXTS, LABELS, LIQUIBASE, DEPLOYMENT_ID) VALUES ('non-clustered_pk-2', 'R3.Corda', 'migration/node-core.changelog-pkey.xml', NOW(), 72, '7:d4192425f4f38b39f3b09611028e5c14', 'dropPrimaryKey constraintName=node_identities_pkey, tableName=node_identities; addPrimaryKey constraintName=node_identities_pkey, tableName=node_identities', '', 'MARK_RAN', NULL, NULL, '3.5.4', '1046229348')
17:43:49.934 [Test worker] DEBUG liquibase - master.changelog.json: migration/node-core.changelog-pkey.xml::non-clustered_pk-3::R3.Corda: Running Changeset:migration/node-core.changelog-pkey.xml::non-clustered_pk-3::R3.Corda
17:43:49.936 [Test worker] DEBUG liquibase - master.changelog.json: migration/node-core.changelog-pkey.xml::non-clustered_pk-3::R3.Corda: Executing EXECUTE database command: INSERT INTO PUBLIC.DATABASECHANGELOG (ID, AUTHOR, FILENAME, DATEEXECUTED, ORDEREXECUTED, MD5SUM, DESCRIPTION, COMMENTS, EXECTYPE, CONTEXTS, LABELS, LIQUIBASE, DEPLOYMENT_ID) VALUES ('non-clustered_pk-3', 'R3.Corda', 'migration/node-core.changelog-pkey.xml', NOW(), 73, '7:9773a095cc1db7ea3a66e7e5565bb58e', 'dropPrimaryKey constraintName=node_message_ids_pkey, tableName=node_message_ids; addPrimaryKey constraintName=node_message_ids_pkey, tableName=node_message_ids', '', 'MARK_RAN', NULL, NULL, '3.5.4', '1046229348')
17:43:49.936 [Test worker] DEBUG liquibase - master.changelog.json: migration/node-core.changelog-pkey.xml::non-clustered_pk-4::R3.Corda: Running Changeset:migration/node-core.changelog-pkey.xml::non-clustered_pk-4::R3.Corda
17:43:49.938 [Test worker] DEBUG liquibase - master.changelog.json: migration/node-core.changelog-pkey.xml::non-clustered_pk-4::R3.Corda: Executing EXECUTE database command: INSERT INTO PUBLIC.DATABASECHANGELOG (ID, AUTHOR, FILENAME, DATEEXECUTED, ORDEREXECUTED, MD5SUM, DESCRIPTION, COMMENTS, EXECTYPE, CONTEXTS, LABELS, LIQUIBASE, DEPLOYMENT_ID) VALUES ('non-clustered_pk-4', 'R3.Corda', 'migration/node-core.changelog-pkey.xml', NOW(), 74, '7:f1e21d4abffbb24133e752eb9cd6a162', 'dropPrimaryKey constraintName=node_named_identities_pkey, tableName=node_named_identities; addPrimaryKey constraintName=node_named_identities_pkey, tableName=node_named_identities', '', 'MARK_RAN', NULL, NULL, '3.5.4', '1046229348')
17:43:49.938 [Test worker] DEBUG liquibase - master.changelog.json: migration/node-core.changelog-pkey.xml::non-clustered_pk-5::R3.Corda: Running Changeset:migration/node-core.changelog-pkey.xml::non-clustered_pk-5::R3.Corda
17:43:49.940 [Test worker] DEBUG liquibase - master.changelog.json: migration/node-core.changelog-pkey.xml::non-clustered_pk-5::R3.Corda: Executing EXECUTE database command: INSERT INTO PUBLIC.DATABASECHANGELOG (ID, AUTHOR, FILENAME, DATEEXECUTED, ORDEREXECUTED, MD5SUM, DESCRIPTION, COMMENTS, EXECTYPE, CONTEXTS, LABELS, LIQUIBASE, DEPLOYMENT_ID) VALUES ('non-clustered_pk-5', 'R3.Corda', 'migration/node-core.changelog-pkey.xml', NOW(), 75, '7:4ea09df2dbab99be33f8251a40d1c5a6', 'dropPrimaryKey constraintName=node_our_key_pairs_pkey, tableName=node_our_key_pairs; addPrimaryKey constraintName=node_our_key_pairs_pkey, tableName=node_our_key_pairs', '', 'MARK_RAN', NULL, NULL, '3.5.4', '1046229348')
17:43:49.942 [Test worker] DEBUG liquibase - master.changelog.json: migration/node-core.changelog-pkey.xml::non-clustered_pk-6::R3.Corda: Running Changeset:migration/node-core.changelog-pkey.xml::non-clustered_pk-6::R3.Corda
17:43:49.945 [Test worker] DEBUG liquibase - master.changelog.json: migration/node-core.changelog-pkey.xml::non-clustered_pk-6::R3.Corda: Executing EXECUTE database command: INSERT INTO PUBLIC.DATABASECHANGELOG (ID, AUTHOR, FILENAME, DATEEXECUTED, ORDEREXECUTED, MD5SUM, DESCRIPTION, COMMENTS, EXECTYPE, CONTEXTS, LABELS, LIQUIBASE, DEPLOYMENT_ID) VALUES ('non-clustered_pk-6', 'R3.Corda', 'migration/node-core.changelog-pkey.xml', NOW(), 76, '7:cb349ad07d3039e6d7d2f184988b954f', 'dropPrimaryKey constraintName=node_transaction_mappings_pkey, tableName=node_transaction_mappings; addPrimaryKey constraintName=node_transaction_mappings_pkey, tableName=node_transaction_mappings', '', 'MARK_RAN', NULL, NULL, '3.5.4', '1046229348')
17:43:49.945 [Test worker] DEBUG liquibase - master.changelog.json: migration/node-core.changelog-pkey.xml::non-clustered_pk-7::R3.Corda: Running Changeset:migration/node-core.changelog-pkey.xml::non-clustered_pk-7::R3.Corda
17:43:49.946 [Test worker] DEBUG liquibase - master.changelog.json: migration/node-core.changelog-pkey.xml::non-clustered_pk-7::R3.Corda: Executing EXECUTE database command: INSERT INTO PUBLIC.DATABASECHANGELOG (ID, AUTHOR, FILENAME, DATEEXECUTED, ORDEREXECUTED, MD5SUM, DESCRIPTION, COMMENTS, EXECTYPE, CONTEXTS, LABELS, LIQUIBASE, DEPLOYMENT_ID) VALUES ('non-clustered_pk-7', 'R3.Corda', 'migration/node-core.changelog-pkey.xml', NOW(), 77, '7:97c3ef240152c18129859ea5ae999c9e', 'dropPrimaryKey constraintName=node_transactions_pkey, tableName=node_transactions; addPrimaryKey constraintName=node_transactions_pkey, tableName=node_transactions', '', 'MARK_RAN', NULL, NULL, '3.5.4', '1046229348')
17:43:49.947 [Test worker] DEBUG liquibase - master.changelog.json: migration/node-core.changelog-v8.xml::conditional_attchments_rename::R3.Corda: Running Changeset:migration/node-core.changelog-v8.xml::conditional_attchments_rename::R3.Corda
17:43:49.947 [Test worker] DEBUG liquibase - master.changelog.json: migration/node-core.changelog-v8.xml::conditional_attchments_rename::R3.Corda: Changeset migration/node-core.changelog-v8.xml::conditional_attchments_rename::R3.Corda
17:43:49.978 [Test worker] INFO liquibase - master.changelog.json: migration/node-core.changelog-v8.xml::conditional_attchments_rename::R3.Corda: Marking ChangeSet: migration/node-core.changelog-v8.xml::conditional_attchments_rename::R3.Corda ran despite precondition failure due to onFail='MARK_RAN': 
          master.changelog.json : Table PUBLIC.NODE_ATTCHMENTS_CONTRACTS does not exist

17:43:49.978 [Test worker] DEBUG liquibase - master.changelog.json: migration/node-core.changelog-v8.xml::conditional_attchments_rename::R3.Corda: Skipping ChangeSet: migration/node-core.changelog-v8.xml::conditional_attchments_rename::R3.Corda
17:43:49.986 [Test worker] DEBUG liquibase - master.changelog.json: migration/node-core.changelog-v8.xml::conditional_attchments_rename::R3.Corda: Executing EXECUTE database command: INSERT INTO PUBLIC.DATABASECHANGELOG (ID, AUTHOR, FILENAME, DATEEXECUTED, ORDEREXECUTED, MD5SUM, DESCRIPTION, COMMENTS, EXECTYPE, CONTEXTS, LABELS, LIQUIBASE, DEPLOYMENT_ID) VALUES ('conditional_attchments_rename', 'R3.Corda', 'migration/node-core.changelog-v8.xml', NOW(), 78, '7:c7fcf1b072eb8882179623895abd6a53', 'renameTable newTableName=NODE_ATTACHMENTS_CONTRACTS, oldTableName=NODE_ATTCHMENTS_CONTRACTS', '', 'MARK_RAN', NULL, NULL, '3.5.4', '1046229348')
17:43:49.997 [Test worker] DEBUG liquibase - master.changelog.json: migration/node-core.changelog-v8.xml::conditional_attchments_contracts::R3.Corda: Running Changeset:migration/node-core.changelog-v8.xml::conditional_attchments_contracts::R3.Corda
17:43:49.997 [Test worker] DEBUG liquibase - master.changelog.json: migration/node-core.changelog-v8.xml::conditional_attchments_contracts::R3.Corda: Changeset migration/node-core.changelog-v8.xml::conditional_attchments_contracts::R3.Corda
17:43:50.025 [Test worker] INFO liquibase - master.changelog.json: migration/node-core.changelog-v8.xml::conditional_attchments_contracts::R3.Corda: Marking ChangeSet: migration/node-core.changelog-v8.xml::conditional_attchments_contracts::R3.Corda ran despite precondition failure due to onFail='MARK_RAN': 
          master.changelog.json : Table PUBLIC.NODE_ATTACHMENTS_CONTRACT_CLASS_NAME does not exist

17:43:50.026 [Test worker] DEBUG liquibase - master.changelog.json: migration/node-core.changelog-v8.xml::conditional_attchments_contracts::R3.Corda: Skipping ChangeSet: migration/node-core.changelog-v8.xml::conditional_attchments_contracts::R3.Corda
17:43:50.027 [Test worker] DEBUG liquibase - master.changelog.json: migration/node-core.changelog-v8.xml::conditional_attchments_contracts::R3.Corda: Executing EXECUTE database command: INSERT INTO PUBLIC.DATABASECHANGELOG (ID, AUTHOR, FILENAME, DATEEXECUTED, ORDEREXECUTED, MD5SUM, DESCRIPTION, COMMENTS, EXECTYPE, CONTEXTS, LABELS, LIQUIBASE, DEPLOYMENT_ID) VALUES ('conditional_attchments_contracts', 'R3.Corda', 'migration/node-core.changelog-v8.xml', NOW(), 79, '7:9ec85543b6baac8a877ad21f063a5b13', 'renameTable newTableName=NODE_ATTACHMENTS_CONTRACTS, oldTableName=NODE_ATTACHMENTS_CONTRACT_CLASS_NAME', '', 'MARK_RAN', NULL, NULL, '3.5.4', '1046229348')
17:43:50.027 [Test worker] DEBUG liquibase - master.changelog.json: migration/node-core.changelog-v8.xml::add_signers::R3.Corda: Running Changeset:migration/node-core.changelog-v8.xml::add_signers::R3.Corda
17:43:50.027 [Test worker] DEBUG liquibase - master.changelog.json: migration/node-core.changelog-v8.xml::add_signers::R3.Corda: Changeset migration/node-core.changelog-v8.xml::add_signers::R3.Corda
17:43:50.028 [Test worker] DEBUG liquibase - master.changelog.json: migration/node-core.changelog-v8.xml::add_signers::R3.Corda: Reading ChangeSet: migration/node-core.changelog-v8.xml::add_signers::R3.Corda
17:43:50.028 [Test worker] DEBUG liquibase - master.changelog.json: migration/node-core.changelog-v8.xml::add_signers::R3.Corda: Executing Statement: liquibase.statement.core.CreateTableStatement@1e041786
17:43:50.028 [Test worker] DEBUG liquibase - master.changelog.json: migration/node-core.changelog-v8.xml::add_signers::R3.Corda: Executing EXECUTE database command: CREATE TABLE PUBLIC.node_attachments_signers (att_id NVARCHAR(255) NOT NULL, signer NVARCHAR(1024))
17:43:50.028 [Test worker] INFO liquibase - master.changelog.json: migration/node-core.changelog-v8.xml::add_signers::R3.Corda: Table node_attachments_signers created
17:43:50.029 [Test worker] DEBUG liquibase - master.changelog.json: migration/node-core.changelog-v8.xml::add_signers::R3.Corda: Executing Statement: liquibase.statement.core.AddForeignKeyConstraintStatement@793d96f6
17:43:50.029 [Test worker] DEBUG liquibase - master.changelog.json: migration/node-core.changelog-v8.xml::add_signers::R3.Corda: Executing EXECUTE database command: ALTER TABLE PUBLIC.node_attachments_signers ADD CONSTRAINT FK__signers__attachments FOREIGN KEY (att_id) REFERENCES PUBLIC.node_attachments (att_id)
17:43:50.030 [Test worker] INFO liquibase - master.changelog.json: migration/node-core.changelog-v8.xml::add_signers::R3.Corda: Foreign key constraint added to node_attachments_signers (att_id)
17:43:50.030 [Test worker] INFO liquibase - master.changelog.json: migration/node-core.changelog-v8.xml::add_signers::R3.Corda: ChangeSet migration/node-core.changelog-v8.xml::add_signers::R3.Corda ran successfully in 3ms
17:43:50.031 [Test worker] DEBUG liquibase - master.changelog.json: migration/node-core.changelog-v8.xml::add_signers::R3.Corda: Executing EXECUTE database command: INSERT INTO PUBLIC.DATABASECHANGELOG (ID, AUTHOR, FILENAME, DATEEXECUTED, ORDEREXECUTED, MD5SUM, DESCRIPTION, COMMENTS, EXECTYPE, CONTEXTS, LABELS, LIQUIBASE, DEPLOYMENT_ID) VALUES ('add_signers', 'R3.Corda', 'migration/node-core.changelog-v8.xml', NOW(), 80, '7:d1356cd65d19937b81284ea078998d84', 'createTable tableName=node_attachments_signers; addForeignKeyConstraint baseTableName=node_attachments_signers, constraintName=FK__signers__attachments, referencedTableName=node_attachments', '', 'EXECUTED', NULL, NULL, '3.5.4', '1046229348')
17:43:50.032 [Test worker] DEBUG liquibase - master.changelog.json: migration/node-core.changelog-tx-mapping.xml::add_tx_mapping_column::R3.Corda: Running Changeset:migration/node-core.changelog-tx-mapping.xml::add_tx_mapping_column::R3.Corda
17:43:50.032 [Test worker] DEBUG liquibase - master.changelog.json: migration/node-core.changelog-tx-mapping.xml::add_tx_mapping_column::R3.Corda: Changeset migration/node-core.changelog-tx-mapping.xml::add_tx_mapping_column::R3.Corda
17:43:50.034 [Test worker] DEBUG liquibase - master.changelog.json: migration/node-core.changelog-tx-mapping.xml::add_tx_mapping_column::R3.Corda: Reading ChangeSet: migration/node-core.changelog-tx-mapping.xml::add_tx_mapping_column::R3.Corda
17:43:50.034 [Test worker] DEBUG liquibase - master.changelog.json: migration/node-core.changelog-tx-mapping.xml::add_tx_mapping_column::R3.Corda: Executing Statement: liquibase.statement.core.AddColumnStatement@4c254e0d
17:43:50.038 [Test worker] DEBUG liquibase - master.changelog.json: migration/node-core.changelog-tx-mapping.xml::add_tx_mapping_column::R3.Corda: Executing EXECUTE database command: ALTER TABLE PUBLIC.node_transactions ADD state_machine_run_id NVARCHAR(36)
17:43:50.040 [Test worker] INFO liquibase - master.changelog.json: migration/node-core.changelog-tx-mapping.xml::add_tx_mapping_column::R3.Corda: Columns state_machine_run_id(NVARCHAR(36)) added to node_transactions
17:43:50.041 [Test worker] DEBUG liquibase - master.changelog.json: migration/node-core.changelog-tx-mapping.xml::add_tx_mapping_column::R3.Corda: Executing Statement: update node_transactions set state_machine_run_id=(select state_machine_run_id from
            node_transaction_mappings where node_transactions.tx_id = node_transaction_mappings.tx_id)
17:43:50.042 [Test worker] DEBUG liquibase - master.changelog.json: migration/node-core.changelog-tx-mapping.xml::add_tx_mapping_column::R3.Corda: Executing EXECUTE database command: update node_transactions set state_machine_run_id=(select state_machine_run_id from
            node_transaction_mappings where node_transactions.tx_id = node_transaction_mappings.tx_id)
17:43:50.042 [Test worker] INFO liquibase - master.changelog.json: migration/node-core.changelog-tx-mapping.xml::add_tx_mapping_column::R3.Corda: Custom SQL executed
17:43:50.042 [Test worker] DEBUG liquibase - master.changelog.json: migration/node-core.changelog-tx-mapping.xml::add_tx_mapping_column::R3.Corda: Executing Statement: liquibase.statement.core.DropTableStatement@4fa3fb35
17:43:50.043 [Test worker] DEBUG liquibase - master.changelog.json: migration/node-core.changelog-tx-mapping.xml::add_tx_mapping_column::R3.Corda: Executing EXECUTE database command: DROP TABLE PUBLIC.node_transaction_mappings
17:43:50.043 [Test worker] INFO liquibase - master.changelog.json: migration/node-core.changelog-tx-mapping.xml::add_tx_mapping_column::R3.Corda: Table node_transaction_mappings dropped
17:43:50.043 [Test worker] INFO liquibase - master.changelog.json: migration/node-core.changelog-tx-mapping.xml::add_tx_mapping_column::R3.Corda: ChangeSet migration/node-core.changelog-tx-mapping.xml::add_tx_mapping_column::R3.Corda ran successfully in 11ms
17:43:50.045 [Test worker] DEBUG liquibase - master.changelog.json: migration/node-core.changelog-tx-mapping.xml::add_tx_mapping_column::R3.Corda: Executing EXECUTE database command: INSERT INTO PUBLIC.DATABASECHANGELOG (ID, AUTHOR, FILENAME, DATEEXECUTED, ORDEREXECUTED, MD5SUM, DESCRIPTION, COMMENTS, EXECTYPE, CONTEXTS, LABELS, LIQUIBASE, DEPLOYMENT_ID) VALUES ('add_tx_mapping_column', 'R3.Corda', 'migration/node-core.changelog-tx-mapping.xml', NOW(), 81, '7:a0995593179aec45250c383611edd1e2', 'addColumn tableName=node_transactions; sql; dropTable tableName=node_transaction_mappings', '', 'EXECUTED', NULL, NULL, '3.5.4', '1046229348')
17:43:50.045 [Test worker] DEBUG liquibase - master.changelog.json: migration/node-services.changelog-init.xml::add_network_parameters_storage::R3.Corda: Running Changeset:migration/node-services.changelog-init.xml::add_network_parameters_storage::R3.Corda
17:43:50.046 [Test worker] DEBUG liquibase - master.changelog.json: migration/node-services.changelog-init.xml::add_network_parameters_storage::R3.Corda: Changeset migration/node-services.changelog-init.xml::add_network_parameters_storage::R3.Corda
17:43:50.046 [Test worker] DEBUG liquibase - master.changelog.json: migration/node-services.changelog-init.xml::add_network_parameters_storage::R3.Corda: Reading ChangeSet: migration/node-services.changelog-init.xml::add_network_parameters_storage::R3.Corda
17:43:50.046 [Test worker] DEBUG liquibase - master.changelog.json: migration/node-services.changelog-init.xml::add_network_parameters_storage::R3.Corda: Executing Statement: liquibase.statement.core.CreateTableStatement@727134a4
17:43:50.047 [Test worker] DEBUG liquibase - master.changelog.json: migration/node-services.changelog-init.xml::add_network_parameters_storage::R3.Corda: Executing EXECUTE database command: CREATE TABLE PUBLIC.node_network_parameters (hash NVARCHAR(130) NOT NULL, epoch INT NOT NULL, parameters_bytes BLOB NOT NULL, signature_bytes BLOB NOT NULL, cert BLOB NOT NULL, parent_cert_path BLOB NOT NULL)
17:43:50.066 [Test worker] INFO liquibase - master.changelog.json: migration/node-services.changelog-init.xml::add_network_parameters_storage::R3.Corda: Table node_network_parameters created
17:43:50.066 [Test worker] INFO liquibase - master.changelog.json: migration/node-services.changelog-init.xml::add_network_parameters_storage::R3.Corda: ChangeSet migration/node-services.changelog-init.xml::add_network_parameters_storage::R3.Corda ran successfully in 20ms
17:43:50.067 [Test worker] DEBUG liquibase - master.changelog.json: migration/node-services.changelog-init.xml::add_network_parameters_storage::R3.Corda: Executing EXECUTE database command: INSERT INTO PUBLIC.DATABASECHANGELOG (ID, AUTHOR, FILENAME, DATEEXECUTED, ORDEREXECUTED, MD5SUM, DESCRIPTION, COMMENTS, EXECTYPE, CONTEXTS, LABELS, LIQUIBASE, DEPLOYMENT_ID) VALUES ('add_network_parameters_storage', 'R3.Corda', 'migration/node-services.changelog-init.xml', NOW(), 82, '7:8d5882f94d9f58647903210994573073', 'createTable tableName=node_network_parameters', '', 'EXECUTED', NULL, NULL, '3.5.4', '1046229348')
17:43:50.068 [Test worker] DEBUG liquibase - master.changelog.json: migration/node-services.changelog-init.xml::network_parameters_pk::R3.Corda: Running Changeset:migration/node-services.changelog-init.xml::network_parameters_pk::R3.Corda
17:43:50.068 [Test worker] DEBUG liquibase - master.changelog.json: migration/node-services.changelog-init.xml::network_parameters_pk::R3.Corda: Changeset migration/node-services.changelog-init.xml::network_parameters_pk::R3.Corda
17:43:50.068 [Test worker] DEBUG liquibase - master.changelog.json: migration/node-services.changelog-init.xml::network_parameters_pk::R3.Corda: Reading ChangeSet: migration/node-services.changelog-init.xml::network_parameters_pk::R3.Corda
17:43:50.068 [Test worker] DEBUG liquibase - master.changelog.json: migration/node-services.changelog-init.xml::network_parameters_pk::R3.Corda: Executing Statement: liquibase.statement.core.AddPrimaryKeyStatement@7836cb85
17:43:50.069 [Test worker] DEBUG liquibase - master.changelog.json: migration/node-services.changelog-init.xml::network_parameters_pk::R3.Corda: Executing EXECUTE database command: ALTER TABLE PUBLIC.node_network_parameters ADD CONSTRAINT node_network_parameters_pkey PRIMARY KEY (hash)
17:43:50.069 [Test worker] INFO liquibase - master.changelog.json: migration/node-services.changelog-init.xml::network_parameters_pk::R3.Corda: Primary key added to node_network_parameters (hash)
17:43:50.069 [Test worker] INFO liquibase - master.changelog.json: migration/node-services.changelog-init.xml::network_parameters_pk::R3.Corda: ChangeSet migration/node-services.changelog-init.xml::network_parameters_pk::R3.Corda ran successfully in 1ms
17:43:50.070 [Test worker] DEBUG liquibase - master.changelog.json: migration/node-services.changelog-init.xml::network_parameters_pk::R3.Corda: Executing EXECUTE database command: INSERT INTO PUBLIC.DATABASECHANGELOG (ID, AUTHOR, FILENAME, DATEEXECUTED, ORDEREXECUTED, MD5SUM, DESCRIPTION, COMMENTS, EXECTYPE, CONTEXTS, LABELS, LIQUIBASE, DEPLOYMENT_ID) VALUES ('network_parameters_pk', 'R3.Corda', 'migration/node-services.changelog-init.xml', NOW(), 83, '7:71635301bd498e4d52b02988795348e6', 'addPrimaryKey constraintName=node_network_parameters_pkey, tableName=node_network_parameters', '', 'EXECUTED', NULL, NULL, '3.5.4', '1046229348')
17:43:50.071 [Test worker] DEBUG liquibase - master.changelog.json: migration/node-services.changelog-init.xml::add_version_column::R3.Corda: Running Changeset:migration/node-services.changelog-init.xml::add_version_column::R3.Corda
17:43:50.072 [Test worker] DEBUG liquibase - master.changelog.json: migration/node-services.changelog-init.xml::add_version_column::R3.Corda: Changeset migration/node-services.changelog-init.xml::add_version_column::R3.Corda
17:43:50.072 [Test worker] DEBUG liquibase - master.changelog.json: migration/node-services.changelog-init.xml::add_version_column::R3.Corda: Reading ChangeSet: migration/node-services.changelog-init.xml::add_version_column::R3.Corda
17:43:50.072 [Test worker] DEBUG liquibase - master.changelog.json: migration/node-services.changelog-init.xml::add_version_column::R3.Corda: Executing Statement: liquibase.statement.core.AddColumnStatement@2babeef1
17:43:50.072 [Test worker] DEBUG liquibase - master.changelog.json: migration/node-services.changelog-init.xml::add_version_column::R3.Corda: Executing EXECUTE database command: ALTER TABLE PUBLIC.node_attachments ADD version INT
17:43:50.122 [Test worker] INFO liquibase - master.changelog.json: migration/node-services.changelog-init.xml::add_version_column::R3.Corda: Columns version(INT) added to node_attachments
17:43:50.123 [Test worker] DEBUG liquibase - master.changelog.json: migration/node-services.changelog-init.xml::add_version_column::R3.Corda: Executing Statement: update node_attachments set version = 1
17:43:50.123 [Test worker] DEBUG liquibase - master.changelog.json: migration/node-services.changelog-init.xml::add_version_column::R3.Corda: Executing EXECUTE database command: update node_attachments set version = 1
17:43:50.123 [Test worker] INFO liquibase - master.changelog.json: migration/node-services.changelog-init.xml::add_version_column::R3.Corda: Custom SQL executed
17:43:50.123 [Test worker] DEBUG liquibase - master.changelog.json: migration/node-services.changelog-init.xml::add_version_column::R3.Corda: Executing Statement: liquibase.statement.core.SetNullableStatement@5ce97ed9
17:43:50.123 [Test worker] DEBUG liquibase - master.changelog.json: migration/node-services.changelog-init.xml::add_version_column::R3.Corda: Executing EXECUTE database command: ALTER TABLE PUBLIC.node_attachments ALTER COLUMN version SET NOT NULL
17:43:50.124 [Test worker] INFO liquibase - master.changelog.json: migration/node-services.changelog-init.xml::add_version_column::R3.Corda: Null constraint has been added to node_attachments.version
17:43:50.124 [Test worker] INFO liquibase - master.changelog.json: migration/node-services.changelog-init.xml::add_version_column::R3.Corda: ChangeSet migration/node-services.changelog-init.xml::add_version_column::R3.Corda ran successfully in 52ms
17:43:50.125 [Test worker] DEBUG liquibase - master.changelog.json: migration/node-services.changelog-init.xml::add_version_column::R3.Corda: Executing EXECUTE database command: INSERT INTO PUBLIC.DATABASECHANGELOG (ID, AUTHOR, FILENAME, DATEEXECUTED, ORDEREXECUTED, MD5SUM, DESCRIPTION, COMMENTS, EXECTYPE, CONTEXTS, LABELS, LIQUIBASE, DEPLOYMENT_ID) VALUES ('add_version_column', 'R3.Corda', 'migration/node-services.changelog-init.xml', NOW(), 84, '7:7d7fb1c90fa05b5fc3b938fd7c520344', 'addColumn tableName=node_attachments; sql; addNotNullConstraint columnName=version, tableName=node_attachments', '', 'EXECUTED', NULL, NULL, '3.5.4', '1046229348')
17:43:50.126 [Test worker] DEBUG liquibase - master.changelog.json: migration/node-services.changelog-init.xml::update-version-of-whitelisted-jars::R3.Corda: Running Changeset:migration/node-services.changelog-init.xml::update-version-of-whitelisted-jars::R3.Corda
17:43:50.126 [Test worker] DEBUG liquibase - master.changelog.json: migration/node-services.changelog-init.xml::update-version-of-whitelisted-jars::R3.Corda: Changeset migration/node-services.changelog-init.xml::update-version-of-whitelisted-jars::R3.Corda
17:43:50.126 [Test worker] DEBUG liquibase - master.changelog.json: migration/node-services.changelog-init.xml::update-version-of-whitelisted-jars::R3.Corda: Reading ChangeSet: migration/node-services.changelog-init.xml::update-version-of-whitelisted-jars::R3.Corda
17:43:50.126 [Test worker] DEBUG liquibase - master.changelog.json: migration/node-services.changelog-init.xml::update-version-of-whitelisted-jars::R3.Corda: WARNING The following SQL may change each run and therefore is possibly incorrect and/or invalid:
17:43:50.126 [Test worker] INFO net.corda.nodeapi.internal.persistence.AttachmentVersionNumberMigration - Start executing...
17:43:50.129 [Test worker] INFO net.corda.nodeapi.internal.persistence.AttachmentVersionNumberMigration - Attachment version creation from whitelisted JARs using network parameters from build\mock-network\20191014-094255.202\nodes\3\network-parameters, whitelistedContractImplementations: {}.
17:43:50.130 [Test worker] INFO net.corda.nodeapi.internal.persistence.AttachmentVersionNumberMigration - Attachment version creation from whitelisted JARs skipped, no attachments not found.
17:43:50.130 [Test worker] INFO liquibase - master.changelog.json: migration/node-services.changelog-init.xml::update-version-of-whitelisted-jars::R3.Corda: null
17:43:50.130 [Test worker] INFO liquibase - master.changelog.json: migration/node-services.changelog-init.xml::update-version-of-whitelisted-jars::R3.Corda: ChangeSet migration/node-services.changelog-init.xml::update-version-of-whitelisted-jars::R3.Corda ran successfully in 4ms
17:43:50.131 [Test worker] DEBUG liquibase - master.changelog.json: migration/node-services.changelog-init.xml::update-version-of-whitelisted-jars::R3.Corda: Executing EXECUTE database command: INSERT INTO PUBLIC.DATABASECHANGELOG (ID, AUTHOR, FILENAME, DATEEXECUTED, ORDEREXECUTED, MD5SUM, DESCRIPTION, COMMENTS, EXECTYPE, CONTEXTS, LABELS, LIQUIBASE, DEPLOYMENT_ID) VALUES ('update-version-of-whitelisted-jars', 'R3.Corda', 'migration/node-services.changelog-init.xml', NOW(), 85, '7:706b589854273bdf703c4ed7a2a9191b', 'customChange', '', 'EXECUTED', NULL, NULL, '3.5.4', '1046229348')
17:43:50.132 [Test worker] DEBUG liquibase - master.changelog.json: migration/vault-schema.changelog-v9.xml::update-vault-states::R3.Corda: Running Changeset:migration/vault-schema.changelog-v9.xml::update-vault-states::R3.Corda
17:43:50.132 [Test worker] DEBUG liquibase - master.changelog.json: migration/vault-schema.changelog-v9.xml::update-vault-states::R3.Corda: Changeset migration/vault-schema.changelog-v9.xml::update-vault-states::R3.Corda
17:43:50.132 [Test worker] DEBUG liquibase - master.changelog.json: migration/vault-schema.changelog-v9.xml::update-vault-states::R3.Corda: Reading ChangeSet: migration/vault-schema.changelog-v9.xml::update-vault-states::R3.Corda
17:43:50.132 [Test worker] DEBUG liquibase - master.changelog.json: migration/vault-schema.changelog-v9.xml::update-vault-states::R3.Corda: WARNING The following SQL may change each run and therefore is possibly incorrect and/or invalid:
17:43:50.132 [Test worker] INFO net.corda.node.migration.VaultStateMigration - Migrating vault state data to V4 tables
17:43:50.139 [Test worker] INFO net.corda.nodeapi.internal.persistence.HibernateConfiguration - Init HibernateConfiguration for schemas: [VaultMigrationSchemaV1(name=net.corda.node.migration.VaultMigrationSchema, version=1), VaultSchemaV1(name=net.corda.node.services.vault.VaultSchema, version=1)]
17:43:50.139 [Test worker] INFO net.corda.nodeapi.internal.persistence.HibernateConfiguration - Creating session factory for schemas: [VaultMigrationSchemaV1(name=net.corda.node.migration.VaultMigrationSchema, version=1), VaultSchemaV1(name=net.corda.node.services.vault.VaultSchema, version=1)]
?[37m[INFO] 17:43:50,155 [Test worker] internal.ConnectionProviderInitiator.initiateService - HHH000130: Instantiating explicit connection provider: net.corda.nodeapi.internal.persistence.HibernateConfiguration$NodeDatabaseConnectionProvider
?[m?[37m[INFO] 17:43:50,162 [Test worker] dialect.Dialect.<init> - HHH000400: Using dialect: org.hibernate.dialect.H2Dialect
?[m?[37m[INFO] 17:43:50,173 [Test worker] type.BasicTypeRegistry.register - HHH000270: Type registration [materialized_blob] overrides previous : org.hibernate.type.MaterializedBlobType@12e6fc5f
?[m?[37m[INFO] 17:43:50,336 [Test worker] connections.access.getIsolatedConnection - HHH10001501: Connection obtained from JdbcConnectionAccess [org.hibernate.engine.jdbc.env.internal.JdbcEnvironmentInitiator$ConnectionProviderJdbcConnectionAccess@ecdd503] for (non-JTA) DDL execution was not in auto-commit mode; the Connection 'local transaction' will be committed and the Connection will be set into auto-commit mode.
?[m17:43:50.475 [Test worker] INFO net.corda.nodeapi.internal.persistence.HibernateConfiguration - Created session factory for schemas: [VaultMigrationSchemaV1(name=net.corda.node.migration.VaultMigrationSchema, version=1), VaultSchemaV1(name=net.corda.node.services.vault.VaultSchema, version=1)]
?[37m[INFO] 17:43:50,476 [Test worker] internal.QueryTranslatorFactoryInitiator.initiateService - HHH000397: Using ASTQueryTranslatorFactory
?[m17:43:50.506 [Test worker] DEBUG net.corda.node.migration.VaultStateIterator - Found 0 total states in the vault
17:43:50.547 [Test worker] DEBUG net.corda.node.migration.VaultStateIterator - Loaded page 1 of 0. Current page has 0 vault states
17:43:50.547 [Test worker] INFO net.corda.node.migration.VaultStateMigration - Finished performing vault state data migration for 0 states
17:43:50.548 [Test worker] INFO liquibase - master.changelog.json: migration/vault-schema.changelog-v9.xml::update-vault-states::R3.Corda: null
17:43:50.549 [Test worker] INFO liquibase - master.changelog.json: migration/vault-schema.changelog-v9.xml::update-vault-states::R3.Corda: ChangeSet migration/vault-schema.changelog-v9.xml::update-vault-states::R3.Corda ran successfully in 417ms
17:43:50.550 [Test worker] DEBUG liquibase - master.changelog.json: migration/vault-schema.changelog-v9.xml::update-vault-states::R3.Corda: Executing EXECUTE database command: INSERT INTO PUBLIC.DATABASECHANGELOG (ID, AUTHOR, FILENAME, DATEEXECUTED, ORDEREXECUTED, MD5SUM, DESCRIPTION, COMMENTS, EXECTYPE, CONTEXTS, LABELS, LIQUIBASE, DEPLOYMENT_ID) VALUES ('update-vault-states', 'R3.Corda', 'migration/vault-schema.changelog-v9.xml', NOW(), 86, '7:b005d9ddca6ae24f7eb8c275fb095a30', 'customChange', '', 'EXECUTED', NULL, NULL, '3.5.4', '1046229348')
17:43:50.551 [Test worker] DEBUG liquibase - Release Database Lock
17:43:50.551 [Test worker] DEBUG liquibase - Executing UPDATE database command: UPDATE PUBLIC.DATABASECHANGELOGLOCK SET LOCKED = FALSE, LOCKEDBY = NULL, LOCKGRANTED = NULL WHERE ID = 1
17:43:50.551 [Test worker] INFO liquibase - Successfully released change log lock
17:43:50.551 [Test worker] DEBUG com.zaxxer.hikari.pool.PoolBase - HikariPool-4 - Reset (autoCommit, isolation) on connection conn34: url=jdbc:h2:mem:node_3_net_312362915497919618_persistence user=SA
17:43:50.552 [Test worker] DEBUG com.zaxxer.hikari.pool.PoolBase - HikariPool-4 - Reset (autoCommit, isolation) on connection conn34: url=jdbc:h2:mem:node_3_net_312362915497919618_persistence user=SA
17:43:50.564 [Test worker] INFO net.corda.testing.node.internal.InternalMockNetwork$MockNode - Connected to H2 database.
17:43:50.565 [Test worker] DEBUG com.zaxxer.hikari.pool.PoolBase - HikariPool-4 - Reset (autoCommit, isolation) on connection conn34: url=jdbc:h2:mem:node_3_net_312362915497919618_persistence user=SA
17:43:50.567 [Test worker] INFO net.corda.testing.node.internal.InternalMockNetwork$MockNode - identity-private-key not found in key store, generating fresh key!
17:43:50.720 [HikariPool-1 housekeeper] DEBUG com.zaxxer.hikari.pool.HikariPool - HikariPool-1 - Pool stats (total=10, active=0, idle=10, waiting=0)
17:43:50.724 [Test worker] INFO net.corda.nodeapi.internal.persistence.HibernateConfiguration - Init HibernateConfiguration for schemas: [CommonSchemaV1(name=net.corda.core.schemas.CommonSchema, version=1), VaultSchemaV1(name=net.corda.node.services.vault.VaultSchema, version=1), NodeInfoSchemaV1(name=net.corda.node.internal.schemas.NodeInfoSchema, version=1), NodeCoreV1(name=net.corda.node.services.schema.NodeSchemaService$NodeCore, version=1)]
17:43:50.725 [Test worker] INFO net.corda.nodeapi.internal.persistence.HibernateConfiguration - Creating session factory for schemas: [CommonSchemaV1(name=net.corda.core.schemas.CommonSchema, version=1), VaultSchemaV1(name=net.corda.node.services.vault.VaultSchema, version=1), NodeInfoSchemaV1(name=net.corda.node.internal.schemas.NodeInfoSchema, version=1), NodeCoreV1(name=net.corda.node.services.schema.NodeSchemaService$NodeCore, version=1)]
?[37m[INFO] 17:43:50,742 [Test worker] internal.ConnectionProviderInitiator.initiateService - HHH000130: Instantiating explicit connection provider: net.corda.nodeapi.internal.persistence.HibernateConfiguration$NodeDatabaseConnectionProvider
?[m?[37m[INFO] 17:43:50,743 [Test worker] dialect.Dialect.<init> - HHH000400: Using dialect: org.hibernate.dialect.H2Dialect
?[m17:43:50.750 [Test worker] DEBUG com.zaxxer.hikari.pool.PoolBase - HikariPool-4 - Reset (autoCommit, isolation) on connection conn34: url=jdbc:h2:mem:node_3_net_312362915497919618_persistence user=SA
?[37m[INFO] 17:43:50,753 [Test worker] type.BasicTypeRegistry.register - HHH000270: Type registration [materialized_blob] overrides previous : org.hibernate.type.MaterializedBlobType@12e6fc5f
?[m?[37m[INFO] 17:43:51,049 [Test worker] connections.access.getIsolatedConnection - HHH10001501: Connection obtained from JdbcConnectionAccess [org.hibernate.engine.jdbc.env.internal.JdbcEnvironmentInitiator$ConnectionProviderJdbcConnectionAccess@2a6d8b78] for (non-JTA) DDL execution was not in auto-commit mode; the Connection 'local transaction' will be committed and the Connection will be set into auto-commit mode.
?[m17:43:51.127 [Test worker] DEBUG com.zaxxer.hikari.pool.PoolBase - HikariPool-4 - Reset (autoCommit, isolation) on connection conn34: url=jdbc:h2:mem:node_3_net_312362915497919618_persistence user=SA
17:43:51.150 [Test worker] INFO net.corda.nodeapi.internal.persistence.HibernateConfiguration - Created session factory for schemas: [CommonSchemaV1(name=net.corda.core.schemas.CommonSchema, version=1), VaultSchemaV1(name=net.corda.node.services.vault.VaultSchema, version=1), NodeInfoSchemaV1(name=net.corda.node.internal.schemas.NodeInfoSchema, version=1), NodeCoreV1(name=net.corda.node.services.schema.NodeSchemaService$NodeCore, version=1)]
?[37m[INFO] 17:43:51,153 [Test worker] internal.QueryTranslatorFactoryInitiator.initiateService - HHH000397: Using ASTQueryTranslatorFactory
?[m17:43:51.162 [Test worker] INFO net.corda.testing.node.internal.InternalMockNetwork$MockNode - Node-info has changed so submitting update. Old node-info was null
17:43:51.162 [Test worker] INFO net.corda.node.services.network.PersistentNetworkMapCache - Adding node with info: NodeInfo(addresses=[mock.node:1000], legalIdentitiesAndCerts=[O=Broker2, L=New York, C=US], platformVersion=4, serial=1571046231162)
17:43:51.166 [Test worker] INFO net.corda.node.services.network.PersistentNetworkMapCache - No previous node found
17:43:51.168 [Test worker] DEBUG net.corda.node.services.identity.PersistentIdentityService - Registering identity O=Broker2, L=New York, C=US
17:43:51.182 [Test worker] DEBUG net.corda.node.services.network.PersistentNetworkMapCache - Done adding node with info: NodeInfo(addresses=[mock.node:1000], legalIdentitiesAndCerts=[O=Broker2, L=New York, C=US], platformVersion=4, serial=1571046231162)
17:43:51.182 [Test worker] INFO net.corda.testing.node.internal.InternalMockNetwork$MockNode - New node-info: NodeInfo(addresses=[mock.node:1000], legalIdentitiesAndCerts=[O=Broker2, L=New York, C=US], platformVersion=4, serial=1571046231162)
17:43:51.206 [Test worker] DEBUG com.zaxxer.hikari.pool.PoolBase - HikariPool-4 - Reset (autoCommit, isolation) on connection conn34: url=jdbc:h2:mem:node_3_net_312362915497919618_persistence user=SA
17:43:51.207 [Test worker] INFO net.corda.node.services.network.NetworkMapUpdater - Auto-accept enabled for network parameter changes which modify only: [epoch, modifiedTime, packageOwnership, whitelistedContractImplementations]
17:43:51.209 [MockNode-4-2] DEBUG net.corda.node.services.network.NodeInfoWatcher - Reading SignedNodeInfo from build\mock-network\20191014-094255.202\nodes\3\additional-node-infos\nodeInfo-533D57FFE70C1898B8828196ECD1611F8404D4FA86590CB827CDB5CCBE290BB5
17:43:51.219 [MockNode-4-2] DEBUG net.corda.node.services.network.NodeInfoWatcher - Read 1 NodeInfo files from build\mock-network\20191014-094255.202\nodes\3\additional-node-infos
17:43:51.219 [MockNode-4-2] DEBUG net.corda.node.services.network.NodeInfoWatcher - Number of removed NodeInfo files 0
17:43:51.220 [MockNode-4-2] INFO net.corda.node.services.network.PersistentNetworkMapCache - Adding node with info: NodeInfo(addresses=[mock.node:1000], legalIdentitiesAndCerts=[O=Broker2, L=New York, C=US], platformVersion=4, serial=1571046231162)
17:43:51.236 [MockNode-4-2] DEBUG com.zaxxer.hikari.pool.PoolBase - HikariPool-4 - Reset (autoCommit, isolation) on connection conn34: url=jdbc:h2:mem:node_3_net_312362915497919618_persistence user=SA
17:43:51.236 [MockNode-4-2] INFO net.corda.node.services.network.PersistentNetworkMapCache - Previous node was identical to incoming one - doing nothing
17:43:51.236 [MockNode-4-2] DEBUG net.corda.node.services.network.PersistentNetworkMapCache - Done adding node with info: NodeInfo(addresses=[mock.node:1000], legalIdentitiesAndCerts=[O=Broker2, L=New York, C=US], platformVersion=4, serial=1571046231162)
17:43:51.241 [Test worker] DEBUG net.corda.node.services.identity.PersistentIdentityService - Identities loaded
17:43:51.661 [Test worker] INFO ClassloaderUtils - Contracts loading for 'C:\Users\user\AppData\Local\Temp\attachment5676729394509024275.jar' took 29 msec
17:43:51.677 [Test worker] INFO net.corda.node.services.persistence.NodeAttachmentService - Stored new attachment: id=E9B1EFC2836AFF119DC0182AAA3C93E581065B6B06F6C0A452EA5CCF4B11B2A2 uploader=app filename=null
17:43:51.690 [Test worker] INFO net.corda.node.services.statemachine.SingleThreadedStateMachineManager - Node ready, info: NodeInfo(addresses=[mock.node:1000], legalIdentitiesAndCerts=[O=Broker2, L=New York, C=US], platformVersion=4, serial=1571046231162)
17:43:51.696 [Test worker] DEBUG com.zaxxer.hikari.pool.PoolBase - HikariPool-4 - Reset (autoCommit, isolation) on connection conn34: url=jdbc:h2:mem:node_3_net_312362915497919618_persistence user=SA
17:43:51.700 [Test worker] INFO net.corda.node.services.network.PersistentNetworkMapCache - Adding node with info: NodeInfo(addresses=[mock.node:1000], legalIdentitiesAndCerts=[O=Notary Service, L=Zurich, C=CH], platformVersion=4, serial=1571046217798)
17:43:51.702 [Test worker] DEBUG com.zaxxer.hikari.pool.PoolBase - HikariPool-4 - Reset (autoCommit, isolation) on connection conn34: url=jdbc:h2:mem:node_3_net_312362915497919618_persistence user=SA
17:43:51.702 [Test worker] INFO net.corda.node.services.network.PersistentNetworkMapCache - No previous node found
17:43:51.704 [Test worker] DEBUG net.corda.node.services.identity.PersistentIdentityService - Registering identity O=Notary Service, L=Zurich, C=CH
17:43:51.706 [pool-28-thread-1] DEBUG com.zaxxer.hikari.pool.PoolBase - HikariPool-4 - Reset (autoCommit, isolation) on connection conn35: url=jdbc:h2:mem:node_3_net_312362915497919618_persistence user=SA
17:43:51.710 [Test worker] DEBUG com.zaxxer.hikari.pool.PoolBase - HikariPool-4 - Reset (autoCommit, isolation) on connection conn34: url=jdbc:h2:mem:node_3_net_312362915497919618_persistence user=SA
17:43:51.718 [Test worker] DEBUG com.zaxxer.hikari.pool.PoolBase - HikariPool-4 - Reset (autoCommit, isolation) on connection conn34: url=jdbc:h2:mem:node_3_net_312362915497919618_persistence user=SA
17:43:51.718 [Test worker] DEBUG net.corda.node.services.network.PersistentNetworkMapCache - Done adding node with info: NodeInfo(addresses=[mock.node:1000], legalIdentitiesAndCerts=[O=Notary Service, L=Zurich, C=CH], platformVersion=4, serial=1571046217798)
17:43:51.718 [Test worker] INFO net.corda.node.services.network.PersistentNetworkMapCache - Adding node with info: NodeInfo(addresses=[mock.node:1000], legalIdentitiesAndCerts=[O=Broker2, L=New York, C=US], platformVersion=4, serial=1571046231162)
17:43:51.720 [Test worker] DEBUG com.zaxxer.hikari.pool.PoolBase - HikariPool-1 - Reset (autoCommit, isolation) on connection conn2: url=jdbc:h2:mem:node_0_net_312362915497919618_persistence user=SA
17:43:51.720 [Test worker] INFO net.corda.node.services.network.PersistentNetworkMapCache - No previous node found
17:43:51.722 [Test worker] DEBUG net.corda.node.services.identity.PersistentIdentityService - Registering identity O=Broker2, L=New York, C=US
17:43:51.725 [Test worker] DEBUG com.zaxxer.hikari.pool.PoolBase - HikariPool-1 - Reset (autoCommit, isolation) on connection conn2: url=jdbc:h2:mem:node_0_net_312362915497919618_persistence user=SA
17:43:51.745 [Test worker] DEBUG com.zaxxer.hikari.pool.PoolBase - HikariPool-1 - Reset (autoCommit, isolation) on connection conn2: url=jdbc:h2:mem:node_0_net_312362915497919618_persistence user=SA
17:43:51.746 [Test worker] DEBUG net.corda.node.services.network.PersistentNetworkMapCache - Done adding node with info: NodeInfo(addresses=[mock.node:1000], legalIdentitiesAndCerts=[O=Broker2, L=New York, C=US], platformVersion=4, serial=1571046231162)
17:43:51.747 [Test worker] INFO net.corda.node.services.network.PersistentNetworkMapCache - Adding node with info: NodeInfo(addresses=[mock.node:1000], legalIdentitiesAndCerts=[O=Client1, L=New York, C=US], platformVersion=4, serial=1571046223387)
17:43:51.750 [Test worker] DEBUG com.zaxxer.hikari.pool.PoolBase - HikariPool-4 - Reset (autoCommit, isolation) on connection conn34: url=jdbc:h2:mem:node_3_net_312362915497919618_persistence user=SA
17:43:51.750 [Test worker] INFO net.corda.node.services.network.PersistentNetworkMapCache - No previous node found
17:43:51.752 [Test worker] DEBUG net.corda.node.services.identity.PersistentIdentityService - Registering identity O=Client1, L=New York, C=US
17:43:51.756 [Test worker] DEBUG com.zaxxer.hikari.pool.PoolBase - HikariPool-4 - Reset (autoCommit, isolation) on connection conn34: url=jdbc:h2:mem:node_3_net_312362915497919618_persistence user=SA
17:43:51.764 [Test worker] DEBUG com.zaxxer.hikari.pool.PoolBase - HikariPool-4 - Reset (autoCommit, isolation) on connection conn34: url=jdbc:h2:mem:node_3_net_312362915497919618_persistence user=SA
17:43:51.764 [Test worker] DEBUG net.corda.node.services.network.PersistentNetworkMapCache - Done adding node with info: NodeInfo(addresses=[mock.node:1000], legalIdentitiesAndCerts=[O=Client1, L=New York, C=US], platformVersion=4, serial=1571046223387)
17:43:51.764 [Test worker] INFO net.corda.node.services.network.PersistentNetworkMapCache - Adding node with info: NodeInfo(addresses=[mock.node:1000], legalIdentitiesAndCerts=[O=Broker2, L=New York, C=US], platformVersion=4, serial=1571046231162)
17:43:51.767 [Test worker] DEBUG com.zaxxer.hikari.pool.PoolBase - HikariPool-2 - Reset (autoCommit, isolation) on connection conn13: url=jdbc:h2:mem:node_1_net_312362915497919618_persistence user=SA
17:43:51.768 [Test worker] INFO net.corda.node.services.network.PersistentNetworkMapCache - No previous node found
17:43:51.770 [Test worker] DEBUG net.corda.node.services.identity.PersistentIdentityService - Registering identity O=Broker2, L=New York, C=US
17:43:51.773 [Test worker] DEBUG com.zaxxer.hikari.pool.PoolBase - HikariPool-2 - Reset (autoCommit, isolation) on connection conn13: url=jdbc:h2:mem:node_1_net_312362915497919618_persistence user=SA
17:43:51.784 [Test worker] DEBUG com.zaxxer.hikari.pool.PoolBase - HikariPool-2 - Reset (autoCommit, isolation) on connection conn13: url=jdbc:h2:mem:node_1_net_312362915497919618_persistence user=SA
17:43:51.785 [Test worker] DEBUG net.corda.node.services.network.PersistentNetworkMapCache - Done adding node with info: NodeInfo(addresses=[mock.node:1000], legalIdentitiesAndCerts=[O=Broker2, L=New York, C=US], platformVersion=4, serial=1571046231162)
17:43:51.785 [Test worker] INFO net.corda.node.services.network.PersistentNetworkMapCache - Adding node with info: NodeInfo(addresses=[mock.node:1000], legalIdentitiesAndCerts=[O=Broker1, L=New York, C=US], platformVersion=4, serial=1571046227292)
17:43:51.787 [Test worker] DEBUG com.zaxxer.hikari.pool.PoolBase - HikariPool-4 - Reset (autoCommit, isolation) on connection conn34: url=jdbc:h2:mem:node_3_net_312362915497919618_persistence user=SA
17:43:51.789 [Test worker] INFO net.corda.node.services.network.PersistentNetworkMapCache - No previous node found
17:43:51.792 [Test worker] DEBUG net.corda.node.services.identity.PersistentIdentityService - Registering identity O=Broker1, L=New York, C=US
17:43:51.798 [Test worker] DEBUG com.zaxxer.hikari.pool.PoolBase - HikariPool-4 - Reset (autoCommit, isolation) on connection conn34: url=jdbc:h2:mem:node_3_net_312362915497919618_persistence user=SA
17:43:51.806 [Test worker] DEBUG com.zaxxer.hikari.pool.PoolBase - HikariPool-4 - Reset (autoCommit, isolation) on connection conn34: url=jdbc:h2:mem:node_3_net_312362915497919618_persistence user=SA
17:43:51.806 [Test worker] DEBUG net.corda.node.services.network.PersistentNetworkMapCache - Done adding node with info: NodeInfo(addresses=[mock.node:1000], legalIdentitiesAndCerts=[O=Broker1, L=New York, C=US], platformVersion=4, serial=1571046227292)
17:43:51.806 [Test worker] INFO net.corda.node.services.network.PersistentNetworkMapCache - Adding node with info: NodeInfo(addresses=[mock.node:1000], legalIdentitiesAndCerts=[O=Broker2, L=New York, C=US], platformVersion=4, serial=1571046231162)
17:43:51.807 [Test worker] DEBUG com.zaxxer.hikari.pool.PoolBase - HikariPool-3 - Reset (autoCommit, isolation) on connection conn24: url=jdbc:h2:mem:node_2_net_312362915497919618_persistence user=SA
17:43:51.808 [Test worker] INFO net.corda.node.services.network.PersistentNetworkMapCache - No previous node found
17:43:51.811 [Test worker] DEBUG net.corda.node.services.identity.PersistentIdentityService - Registering identity O=Broker2, L=New York, C=US
17:43:51.815 [Test worker] DEBUG com.zaxxer.hikari.pool.PoolBase - HikariPool-3 - Reset (autoCommit, isolation) on connection conn24: url=jdbc:h2:mem:node_2_net_312362915497919618_persistence user=SA
17:43:51.825 [Test worker] DEBUG com.zaxxer.hikari.pool.PoolBase - HikariPool-3 - Reset (autoCommit, isolation) on connection conn24: url=jdbc:h2:mem:node_2_net_312362915497919618_persistence user=SA
17:43:51.826 [Test worker] DEBUG net.corda.node.services.network.PersistentNetworkMapCache - Done adding node with info: NodeInfo(addresses=[mock.node:1000], legalIdentitiesAndCerts=[O=Broker2, L=New York, C=US], platformVersion=4, serial=1571046231162)
17:43:51.827 [Test worker] INFO net.corda.node.services.network.PersistentNetworkMapCache - Adding node with info: NodeInfo(addresses=[mock.node:1000], legalIdentitiesAndCerts=[O=Broker2, L=New York, C=US], platformVersion=4, serial=1571046231162)
17:43:51.827 [Test worker] INFO net.corda.node.services.network.PersistentNetworkMapCache - Previous node was identical to incoming one - doing nothing
17:43:51.828 [Test worker] DEBUG net.corda.node.services.network.PersistentNetworkMapCache - Done adding node with info: NodeInfo(addresses=[mock.node:1000], legalIdentitiesAndCerts=[O=Broker2, L=New York, C=US], platformVersion=4, serial=1571046231162)
17:43:51.828 [Test worker] INFO net.corda.node.services.network.PersistentNetworkMapCache - Adding node with info: NodeInfo(addresses=[mock.node:1000], legalIdentitiesAndCerts=[O=Broker2, L=New York, C=US], platformVersion=4, serial=1571046231162)
17:43:51.829 [Test worker] INFO net.corda.node.services.network.PersistentNetworkMapCache - Previous node was identical to incoming one - doing nothing
17:43:51.829 [Test worker] DEBUG net.corda.node.services.network.PersistentNetworkMapCache - Done adding node with info: NodeInfo(addresses=[mock.node:1000], legalIdentitiesAndCerts=[O=Broker2, L=New York, C=US], platformVersion=4, serial=1571046231162)
17:43:51.846 [Test worker] INFO net.corda.node.internal.cordapp.JarScanningCordappLoader - Looking for CorDapps in [build\mock-network\20191014-094255.202\nodes\4\cordapps]
17:43:51.847 [Test worker] INFO net.corda.node.internal.cordapp.JarScanningCordappLoader - Loading CorDapps from RestrictedURL(url=file:/D:/Arvinth/BlockChain/DerivHack-2019/GIT/cdm-corda/cdm-support/build/mock-network/20191014-094255.202/nodes/4/cordapps/custom-cordapp_1_4_74971b5d-bcd5-4e00-bbd1-defbabc3845c.jar, rootPackageName=null), RestrictedURL(url=file:/D:/Arvinth/BlockChain/DerivHack-2019/GIT/cdm-corda/cdm-support/build/mock-network/20191014-094255.202/nodes/4/cordapps/custom-cordapp_1_4_7c525df2-1a28-4e99-b6db-03a3164f308d.jar, rootPackageName=null)
17:43:51.848 [Test worker] INFO net.corda.node.internal.cordapp.JarScanningCordappLoader - Scanning CorDapp in file:/D:/Arvinth/BlockChain/DerivHack-2019/GIT/cdm-corda/cdm-support/build/mock-network/20191014-094255.202/nodes/4/cordapps/custom-cordapp_1_4_74971b5d-bcd5-4e00-bbd1-defbabc3845c.jar
17:43:52.067 [Test worker] INFO net.corda.node.internal.cordapp.JarScanningCordappLoader - Scanning CorDapp in file:/D:/Arvinth/BlockChain/DerivHack-2019/GIT/cdm-corda/cdm-support/build/mock-network/20191014-094255.202/nodes/4/cordapps/custom-cordapp_1_4_7c525df2-1a28-4e99-b6db-03a3164f308d.jar
17:43:52.346 [MockNode-3-2] DEBUG net.corda.node.services.network.NodeInfoWatcher - Read 0 NodeInfo files from build\mock-network\20191014-094255.202\nodes\2\additional-node-infos
17:43:52.346 [MockNode-3-2] DEBUG net.corda.node.services.network.NodeInfoWatcher - Number of removed NodeInfo files 0
17:43:52.437 [Test worker] DEBUG net.corda.node.services.persistence.NodePropertiesPersistentStore - Node's flow execution mode property key: NABOB_flowsExecutionMode
17:43:52.444 [Test worker] INFO net.corda.testing.node.internal.InternalMockNetwork$MockNode - Node starting up ...
17:43:52.539 [Test worker] DEBUG net.corda.node.internal.NodeFlowManager - Installed core flow net.corda.core.flows.FinalityFlow
17:43:52.539 [Test worker] DEBUG net.corda.node.internal.NodeFlowManager - Installed core flow net.corda.core.flows.NotaryChangeFlow
17:43:52.539 [Test worker] DEBUG net.corda.node.internal.NodeFlowManager - Installed core flow net.corda.core.flows.ContractUpgradeFlow$Initiate
17:43:52.539 [Test worker] DEBUG net.corda.node.internal.NodeFlowManager - Installed core flow net.corda.confidential.SwapIdentitiesFlow
17:43:52.540 [Test worker] INFO net.corda.node.internal.NodeFlowManager - Registered com.derivhack.AffirmationFlow to initiate com.derivhack.AffirmationFlowInitiated (version 1)
17:43:52.540 [Test worker] INFO net.corda.node.internal.NodeFlowManager - Registered com.derivhack.AllocationFlow to initiate com.derivhack.AllocationFlowInitiated (version 1)
17:43:52.540 [Test worker] INFO net.corda.node.internal.NodeFlowManager - Registered com.derivhack.ConfirmationFlowGJ to initiate com.derivhack.ConfirmationFlowInitiated (version 1)
17:43:52.540 [Test worker] INFO net.corda.node.internal.NodeFlowManager - Registered com.derivhack.ConfirmationFlow to initiate com.derivhack.ConfirmationFlowResponse (version 1)
17:43:52.540 [Test worker] INFO net.corda.node.internal.NodeFlowManager - Registered com.derivhack.ExecutionFlow to initiate com.derivhack.ExecutionFlowInitiated (version 1)
17:43:52.540 [Test worker] INFO net.corda.node.internal.NodeFlowManager - Registered com.derivhack.ObserveryFlow to initiate com.derivhack.ReceiveObservableFlow (version 1)
17:43:52.540 [Test worker] INFO net.corda.node.internal.NodeFlowManager - Registered com.derivhack.SettlementFlow to initiate com.derivhack.SettlementFlowResponse (version 1)
17:43:52.542 [Test worker] INFO net.corda.node.internal.NodeFlowManager - Registered com.derivhack.TransferFlow to initiate com.derivhack.TransferResponder (version 1)
17:43:52.542 [Test worker] INFO net.corda.node.internal.NodeFlowManager - Registered net.corda.cdmsupport.testflow.TestAffirmationFlow to initiate net.corda.cdmsupport.testflow.AffirmationFlowResponder (version 1)
17:43:52.542 [Test worker] INFO net.corda.node.internal.NodeFlowManager - Registered net.corda.cdmsupport.testflow.TestObservableFlow to initiate net.corda.cdmsupport.testflow.ReceiveObservableFlow (version 1)
17:43:52.542 [Test worker] INFO net.corda.node.internal.NodeFlowManager - Registered net.corda.cdmsupport.testflow.TestFlowInitiating to initiate net.corda.cdmsupport.testflow.TestFlowInitiated (version 1)
17:43:52.549 [Test worker] INFO net.corda.testing.node.internal.InternalMockNetwork$MockNode - Loaded network parameters: NetworkParameters {
      minimumPlatformVersion=4
      notaries=[NotaryInfo(identity=O=Notary Service, L=Zurich, C=CH, validating=true)]
      maxMessageSize=10485760
      maxTransactionSize=524288000
      whitelistedContractImplementations {
        
      }
      eventHorizon=PT720H
      packageOwnership {
        
      }
      modifiedTime=2019-10-14T09:42:54.452Z
      epoch=1
  }
17:43:52.550 [Test worker] DEBUG com.zaxxer.hikari.HikariConfig - HikariPool-5 - configuration:
17:43:52.550 [Test worker] DEBUG com.zaxxer.hikari.HikariConfig - allowPoolSuspension.............false
17:43:52.550 [Test worker] DEBUG com.zaxxer.hikari.HikariConfig - autoCommit......................true
17:43:52.550 [Test worker] DEBUG com.zaxxer.hikari.HikariConfig - catalog.........................null
17:43:52.550 [Test worker] DEBUG com.zaxxer.hikari.HikariConfig - connectionInitSql...............null
17:43:52.550 [Test worker] DEBUG com.zaxxer.hikari.HikariConfig - connectionTestQuery.............null
17:43:52.550 [Test worker] DEBUG com.zaxxer.hikari.HikariConfig - connectionTimeout...............30000
17:43:52.550 [Test worker] DEBUG com.zaxxer.hikari.HikariConfig - dataSource......................null
17:43:52.550 [Test worker] DEBUG com.zaxxer.hikari.HikariConfig - dataSourceClassName............."org.h2.jdbcx.JdbcDataSource"
17:43:52.550 [Test worker] DEBUG com.zaxxer.hikari.HikariConfig - dataSourceJNDI..................null
17:43:52.550 [Test worker] DEBUG com.zaxxer.hikari.HikariConfig - dataSourceProperties............{user=sa, url=jdbc:h2:mem:node_4_net_312362915497919618_persistence;LOCK_TIMEOUT=10000;DB_CLOSE_ON_EXIT=FALSE, password=<masked>}
17:43:52.550 [Test worker] DEBUG com.zaxxer.hikari.HikariConfig - driverClassName.................null
17:43:52.551 [Test worker] DEBUG com.zaxxer.hikari.HikariConfig - healthCheckProperties...........{}
17:43:52.551 [Test worker] DEBUG com.zaxxer.hikari.HikariConfig - healthCheckRegistry.............null
17:43:52.551 [Test worker] DEBUG com.zaxxer.hikari.HikariConfig - idleTimeout.....................600000
17:43:52.551 [Test worker] DEBUG com.zaxxer.hikari.HikariConfig - initializationFailFast..........true
17:43:52.551 [Test worker] DEBUG com.zaxxer.hikari.HikariConfig - isolateInternalQueries..........false
17:43:52.551 [Test worker] DEBUG com.zaxxer.hikari.HikariConfig - jdbc4ConnectionTest.............false
17:43:52.551 [Test worker] DEBUG com.zaxxer.hikari.HikariConfig - jdbcUrl.........................null
17:43:52.551 [Test worker] DEBUG com.zaxxer.hikari.HikariConfig - leakDetectionThreshold..........0
17:43:52.551 [Test worker] DEBUG com.zaxxer.hikari.HikariConfig - maxLifetime.....................1800000
17:43:52.551 [Test worker] DEBUG com.zaxxer.hikari.HikariConfig - maximumPoolSize.................10
17:43:52.551 [Test worker] DEBUG com.zaxxer.hikari.HikariConfig - metricRegistry..................null
17:43:52.551 [Test worker] DEBUG com.zaxxer.hikari.HikariConfig - metricsTrackerFactory...........null
17:43:52.551 [Test worker] DEBUG com.zaxxer.hikari.HikariConfig - minimumIdle.....................10
17:43:52.551 [Test worker] DEBUG com.zaxxer.hikari.HikariConfig - password........................<masked>
17:43:52.551 [Test worker] DEBUG com.zaxxer.hikari.HikariConfig - poolName........................"HikariPool-5"
17:43:52.551 [Test worker] DEBUG com.zaxxer.hikari.HikariConfig - readOnly........................false
17:43:52.551 [Test worker] DEBUG com.zaxxer.hikari.HikariConfig - registerMbeans..................false
17:43:52.551 [Test worker] DEBUG com.zaxxer.hikari.HikariConfig - scheduledExecutorService........null
17:43:52.551 [Test worker] DEBUG com.zaxxer.hikari.HikariConfig - threadFactory...................null
17:43:52.551 [Test worker] DEBUG com.zaxxer.hikari.HikariConfig - transactionIsolation............null
17:43:52.551 [Test worker] DEBUG com.zaxxer.hikari.HikariConfig - username........................null
17:43:52.551 [Test worker] DEBUG com.zaxxer.hikari.HikariConfig - validationTimeout...............5000
17:43:52.551 [Test worker] INFO com.zaxxer.hikari.HikariDataSource - HikariPool-5 - Started.
17:43:52.575 [HikariPool-5 connection adder] DEBUG com.zaxxer.hikari.pool.HikariPool - HikariPool-5 - Added connection conn45: url=jdbc:h2:mem:node_4_net_312362915497919618_persistence user=SA
17:43:52.598 [Test worker] DEBUG liquibase - Connected to SA@jdbc:h2:mem:node_4_net_312362915497919618_persistence
17:43:52.599 [Test worker] DEBUG liquibase - Setting auto commit to false from true
17:43:52.604 [Test worker] DEBUG liquibase - Opening jar:file:/C:/Users/user/.gradle/caches/modules-2/files-2.1/net.corda/corda-node/4.1/45583a2ad1dc5cdd2b90b4ff6d3bfe980bbba0cc/corda-node-4.1.jar!/migration/common.changelog-master.xml as migration/common.changelog-master.xml
17:43:52.613 [Test worker] DEBUG liquibase - Resolving XML entity name='null', publicId='null', baseURI='null', systemId='http://www.liquibase.org/xml/ns/dbchangelog/dbchangelog-3.5.xsd'
17:43:52.613 [Test worker] DEBUG LiquibaseSchemaResolver - Found namespace details class liquibase.parser.core.xml.StandardNamespaceDetails for http://www.liquibase.org/xml/ns/dbchangelog/dbchangelog-3.5.xsd
17:43:52.613 [Test worker] DEBUG LiquibaseSchemaResolver - Local path for http://www.liquibase.org/xml/ns/dbchangelog/dbchangelog-3.5.xsd is liquibase/parser/core/xml/dbchangelog-3.5.xsd
17:43:52.613 [Test worker] DEBUG liquibase - Opening jar:file:/C:/Users/user/.gradle/caches/modules-2/files-2.1/org.liquibase/liquibase-core/3.5.5/c65051f327382018bd09c30380f25eac96f210da/liquibase-core-3.5.5.jar!/liquibase/parser/core/xml/dbchangelog-3.5.xsd as liquibase/parser/core/xml/dbchangelog-3.5.xsd
17:43:52.614 [Test worker] DEBUG LiquibaseSchemaResolver - Successfully loaded XSD from liquibase/parser/core/xml/dbchangelog-3.5.xsd
17:43:52.621 [Test worker] DEBUG liquibase - Opening jar:file:/C:/Users/user/.gradle/caches/modules-2/files-2.1/net.corda/corda-node/4.1/45583a2ad1dc5cdd2b90b4ff6d3bfe980bbba0cc/corda-node-4.1.jar!/migration/common.changelog-init.xml as migration/common.changelog-init.xml
17:43:52.623 [Test worker] DEBUG liquibase - Resolving XML entity name='null', publicId='null', baseURI='null', systemId='http://www.liquibase.org/xml/ns/dbchangelog/dbchangelog-3.5.xsd'
17:43:52.623 [Test worker] DEBUG LiquibaseSchemaResolver - Found namespace details class liquibase.parser.core.xml.StandardNamespaceDetails for http://www.liquibase.org/xml/ns/dbchangelog/dbchangelog-3.5.xsd
17:43:52.623 [Test worker] DEBUG LiquibaseSchemaResolver - Local path for http://www.liquibase.org/xml/ns/dbchangelog/dbchangelog-3.5.xsd is liquibase/parser/core/xml/dbchangelog-3.5.xsd
17:43:52.623 [Test worker] DEBUG liquibase - Opening jar:file:/C:/Users/user/.gradle/caches/modules-2/files-2.1/org.liquibase/liquibase-core/3.5.5/c65051f327382018bd09c30380f25eac96f210da/liquibase-core-3.5.5.jar!/liquibase/parser/core/xml/dbchangelog-3.5.xsd as liquibase/parser/core/xml/dbchangelog-3.5.xsd
17:43:52.624 [Test worker] DEBUG LiquibaseSchemaResolver - Successfully loaded XSD from liquibase/parser/core/xml/dbchangelog-3.5.xsd
17:43:52.627 [Test worker] DEBUG liquibase - Opening jar:file:/C:/Users/user/.gradle/caches/modules-2/files-2.1/net.corda/corda-node/4.1/45583a2ad1dc5cdd2b90b4ff6d3bfe980bbba0cc/corda-node-4.1.jar!/migration/vault-schema.changelog-master.xml as migration/vault-schema.changelog-master.xml
17:43:52.627 [Test worker] DEBUG liquibase - Resolving XML entity name='null', publicId='null', baseURI='null', systemId='http://www.liquibase.org/xml/ns/dbchangelog/dbchangelog-3.5.xsd'
17:43:52.627 [Test worker] DEBUG LiquibaseSchemaResolver - Found namespace details class liquibase.parser.core.xml.StandardNamespaceDetails for http://www.liquibase.org/xml/ns/dbchangelog/dbchangelog-3.5.xsd
17:43:52.627 [Test worker] DEBUG LiquibaseSchemaResolver - Local path for http://www.liquibase.org/xml/ns/dbchangelog/dbchangelog-3.5.xsd is liquibase/parser/core/xml/dbchangelog-3.5.xsd
17:43:52.627 [Test worker] DEBUG liquibase - Opening jar:file:/C:/Users/user/.gradle/caches/modules-2/files-2.1/org.liquibase/liquibase-core/3.5.5/c65051f327382018bd09c30380f25eac96f210da/liquibase-core-3.5.5.jar!/liquibase/parser/core/xml/dbchangelog-3.5.xsd as liquibase/parser/core/xml/dbchangelog-3.5.xsd
17:43:52.627 [Test worker] DEBUG LiquibaseSchemaResolver - Successfully loaded XSD from liquibase/parser/core/xml/dbchangelog-3.5.xsd
17:43:52.643 [Test worker] DEBUG liquibase - Opening jar:file:/C:/Users/user/.gradle/caches/modules-2/files-2.1/net.corda/corda-node/4.1/45583a2ad1dc5cdd2b90b4ff6d3bfe980bbba0cc/corda-node-4.1.jar!/migration/vault-schema.changelog-init.xml as migration/vault-schema.changelog-init.xml
17:43:52.643 [Test worker] DEBUG liquibase - Resolving XML entity name='null', publicId='null', baseURI='null', systemId='http://www.liquibase.org/xml/ns/dbchangelog/dbchangelog-3.5.xsd'
17:43:52.643 [Test worker] DEBUG LiquibaseSchemaResolver - Found namespace details class liquibase.parser.core.xml.StandardNamespaceDetails for http://www.liquibase.org/xml/ns/dbchangelog/dbchangelog-3.5.xsd
17:43:52.643 [Test worker] DEBUG LiquibaseSchemaResolver - Local path for http://www.liquibase.org/xml/ns/dbchangelog/dbchangelog-3.5.xsd is liquibase/parser/core/xml/dbchangelog-3.5.xsd
17:43:52.643 [Test worker] DEBUG liquibase - Opening jar:file:/C:/Users/user/.gradle/caches/modules-2/files-2.1/org.liquibase/liquibase-core/3.5.5/c65051f327382018bd09c30380f25eac96f210da/liquibase-core-3.5.5.jar!/liquibase/parser/core/xml/dbchangelog-3.5.xsd as liquibase/parser/core/xml/dbchangelog-3.5.xsd
17:43:52.643 [Test worker] DEBUG LiquibaseSchemaResolver - Successfully loaded XSD from liquibase/parser/core/xml/dbchangelog-3.5.xsd
17:43:52.676 [Test worker] DEBUG liquibase - Opening jar:file:/C:/Users/user/.gradle/caches/modules-2/files-2.1/net.corda/corda-node/4.1/45583a2ad1dc5cdd2b90b4ff6d3bfe980bbba0cc/corda-node-4.1.jar!/migration/vault-schema.changelog-v3.xml as migration/vault-schema.changelog-v3.xml
17:43:52.700 [HikariPool-5 housekeeper] DEBUG com.zaxxer.hikari.pool.HikariPool - HikariPool-5 - Pool stats (total=1, active=1, idle=0, waiting=0)
17:43:52.701 [HikariPool-5 connection adder] DEBUG com.zaxxer.hikari.pool.HikariPool - HikariPool-5 - Added connection conn46: url=jdbc:h2:mem:node_4_net_312362915497919618_persistence user=SA
17:43:52.701 [HikariPool-5 connection adder] DEBUG com.zaxxer.hikari.pool.HikariPool - HikariPool-5 - Added connection conn47: url=jdbc:h2:mem:node_4_net_312362915497919618_persistence user=SA
17:43:52.701 [HikariPool-5 connection adder] DEBUG com.zaxxer.hikari.pool.HikariPool - HikariPool-5 - Added connection conn48: url=jdbc:h2:mem:node_4_net_312362915497919618_persistence user=SA
17:43:52.702 [HikariPool-5 connection adder] DEBUG com.zaxxer.hikari.pool.HikariPool - HikariPool-5 - Added connection conn49: url=jdbc:h2:mem:node_4_net_312362915497919618_persistence user=SA
17:43:52.702 [HikariPool-5 connection adder] DEBUG com.zaxxer.hikari.pool.HikariPool - HikariPool-5 - Added connection conn50: url=jdbc:h2:mem:node_4_net_312362915497919618_persistence user=SA
17:43:52.702 [HikariPool-5 connection adder] DEBUG com.zaxxer.hikari.pool.HikariPool - HikariPool-5 - Added connection conn51: url=jdbc:h2:mem:node_4_net_312362915497919618_persistence user=SA
17:43:52.703 [HikariPool-5 connection adder] DEBUG com.zaxxer.hikari.pool.HikariPool - HikariPool-5 - Added connection conn52: url=jdbc:h2:mem:node_4_net_312362915497919618_persistence user=SA
17:43:52.703 [HikariPool-5 connection adder] DEBUG com.zaxxer.hikari.pool.HikariPool - HikariPool-5 - Added connection conn53: url=jdbc:h2:mem:node_4_net_312362915497919618_persistence user=SA
17:43:52.704 [HikariPool-5 connection adder] DEBUG com.zaxxer.hikari.pool.HikariPool - HikariPool-5 - Added connection conn54: url=jdbc:h2:mem:node_4_net_312362915497919618_persistence user=SA
17:43:52.704 [HikariPool-5 connection adder] DEBUG com.zaxxer.hikari.pool.HikariPool - HikariPool-5 - After adding stats (total=10, active=1, idle=9, waiting=0)
17:43:52.705 [Test worker] DEBUG liquibase - Resolving XML entity name='null', publicId='null', baseURI='null', systemId='http://www.liquibase.org/xml/ns/dbchangelog/dbchangelog-3.5.xsd'
17:43:52.705 [Test worker] DEBUG LiquibaseSchemaResolver - Found namespace details class liquibase.parser.core.xml.StandardNamespaceDetails for http://www.liquibase.org/xml/ns/dbchangelog/dbchangelog-3.5.xsd
17:43:52.705 [Test worker] DEBUG LiquibaseSchemaResolver - Local path for http://www.liquibase.org/xml/ns/dbchangelog/dbchangelog-3.5.xsd is liquibase/parser/core/xml/dbchangelog-3.5.xsd
17:43:52.706 [Test worker] DEBUG liquibase - Opening jar:file:/C:/Users/user/.gradle/caches/modules-2/files-2.1/org.liquibase/liquibase-core/3.5.5/c65051f327382018bd09c30380f25eac96f210da/liquibase-core-3.5.5.jar!/liquibase/parser/core/xml/dbchangelog-3.5.xsd as liquibase/parser/core/xml/dbchangelog-3.5.xsd
17:43:52.706 [Test worker] DEBUG LiquibaseSchemaResolver - Successfully loaded XSD from liquibase/parser/core/xml/dbchangelog-3.5.xsd
17:43:52.717 [Test worker] DEBUG liquibase - Opening jar:file:/C:/Users/user/.gradle/caches/modules-2/files-2.1/net.corda/corda-node/4.1/45583a2ad1dc5cdd2b90b4ff6d3bfe980bbba0cc/corda-node-4.1.jar!/migration/vault-schema.changelog-v4.xml as migration/vault-schema.changelog-v4.xml
17:43:52.721 [Test worker] DEBUG liquibase - Resolving XML entity name='null', publicId='null', baseURI='null', systemId='http://www.liquibase.org/xml/ns/dbchangelog/dbchangelog-3.5.xsd'
17:43:52.721 [Test worker] DEBUG LiquibaseSchemaResolver - Found namespace details class liquibase.parser.core.xml.StandardNamespaceDetails for http://www.liquibase.org/xml/ns/dbchangelog/dbchangelog-3.5.xsd
17:43:52.721 [Test worker] DEBUG LiquibaseSchemaResolver - Local path for http://www.liquibase.org/xml/ns/dbchangelog/dbchangelog-3.5.xsd is liquibase/parser/core/xml/dbchangelog-3.5.xsd
17:43:52.722 [Test worker] DEBUG liquibase - Opening jar:file:/C:/Users/user/.gradle/caches/modules-2/files-2.1/org.liquibase/liquibase-core/3.5.5/c65051f327382018bd09c30380f25eac96f210da/liquibase-core-3.5.5.jar!/liquibase/parser/core/xml/dbchangelog-3.5.xsd as liquibase/parser/core/xml/dbchangelog-3.5.xsd
17:43:52.722 [Test worker] DEBUG LiquibaseSchemaResolver - Successfully loaded XSD from liquibase/parser/core/xml/dbchangelog-3.5.xsd
17:43:52.732 [Test worker] DEBUG liquibase - Opening jar:file:/C:/Users/user/.gradle/caches/modules-2/files-2.1/net.corda/corda-node/4.1/45583a2ad1dc5cdd2b90b4ff6d3bfe980bbba0cc/corda-node-4.1.jar!/migration/vault-schema.changelog-pkey.xml as migration/vault-schema.changelog-pkey.xml
17:43:52.734 [Test worker] DEBUG liquibase - Resolving XML entity name='null', publicId='null', baseURI='null', systemId='http://www.liquibase.org/xml/ns/dbchangelog/dbchangelog-3.5.xsd'
17:43:52.734 [Test worker] DEBUG LiquibaseSchemaResolver - Found namespace details class liquibase.parser.core.xml.StandardNamespaceDetails for http://www.liquibase.org/xml/ns/dbchangelog/dbchangelog-3.5.xsd
17:43:52.734 [Test worker] DEBUG LiquibaseSchemaResolver - Local path for http://www.liquibase.org/xml/ns/dbchangelog/dbchangelog-3.5.xsd is liquibase/parser/core/xml/dbchangelog-3.5.xsd
17:43:52.735 [Test worker] DEBUG liquibase - Opening jar:file:/C:/Users/user/.gradle/caches/modules-2/files-2.1/org.liquibase/liquibase-core/3.5.5/c65051f327382018bd09c30380f25eac96f210da/liquibase-core-3.5.5.jar!/liquibase/parser/core/xml/dbchangelog-3.5.xsd as liquibase/parser/core/xml/dbchangelog-3.5.xsd
17:43:52.735 [Test worker] DEBUG LiquibaseSchemaResolver - Successfully loaded XSD from liquibase/parser/core/xml/dbchangelog-3.5.xsd
17:43:52.746 [Test worker] DEBUG liquibase - Opening jar:file:/C:/Users/user/.gradle/caches/modules-2/files-2.1/net.corda/corda-node/4.1/45583a2ad1dc5cdd2b90b4ff6d3bfe980bbba0cc/corda-node-4.1.jar!/migration/vault-schema.changelog-v5.xml as migration/vault-schema.changelog-v5.xml
17:43:52.762 [Test worker] DEBUG liquibase - Resolving XML entity name='null', publicId='null', baseURI='null', systemId='http://www.liquibase.org/xml/ns/dbchangelog/dbchangelog-3.5.xsd'
17:43:52.762 [Test worker] DEBUG LiquibaseSchemaResolver - Found namespace details class liquibase.parser.core.xml.StandardNamespaceDetails for http://www.liquibase.org/xml/ns/dbchangelog/dbchangelog-3.5.xsd
17:43:52.762 [Test worker] DEBUG LiquibaseSchemaResolver - Local path for http://www.liquibase.org/xml/ns/dbchangelog/dbchangelog-3.5.xsd is liquibase/parser/core/xml/dbchangelog-3.5.xsd
17:43:52.762 [Test worker] DEBUG liquibase - Opening jar:file:/C:/Users/user/.gradle/caches/modules-2/files-2.1/org.liquibase/liquibase-core/3.5.5/c65051f327382018bd09c30380f25eac96f210da/liquibase-core-3.5.5.jar!/liquibase/parser/core/xml/dbchangelog-3.5.xsd as liquibase/parser/core/xml/dbchangelog-3.5.xsd
17:43:52.762 [Test worker] DEBUG LiquibaseSchemaResolver - Successfully loaded XSD from liquibase/parser/core/xml/dbchangelog-3.5.xsd
17:43:52.777 [Test worker] DEBUG liquibase - Opening jar:file:/C:/Users/user/.gradle/caches/modules-2/files-2.1/net.corda/corda-node/4.1/45583a2ad1dc5cdd2b90b4ff6d3bfe980bbba0cc/corda-node-4.1.jar!/migration/vault-schema.changelog-v6.xml as migration/vault-schema.changelog-v6.xml
17:43:52.779 [Test worker] DEBUG liquibase - Resolving XML entity name='null', publicId='null', baseURI='null', systemId='http://www.liquibase.org/xml/ns/dbchangelog/dbchangelog-3.5.xsd'
17:43:52.780 [Test worker] DEBUG LiquibaseSchemaResolver - Found namespace details class liquibase.parser.core.xml.StandardNamespaceDetails for http://www.liquibase.org/xml/ns/dbchangelog/dbchangelog-3.5.xsd
17:43:52.780 [Test worker] DEBUG LiquibaseSchemaResolver - Local path for http://www.liquibase.org/xml/ns/dbchangelog/dbchangelog-3.5.xsd is liquibase/parser/core/xml/dbchangelog-3.5.xsd
17:43:52.780 [Test worker] DEBUG liquibase - Opening jar:file:/C:/Users/user/.gradle/caches/modules-2/files-2.1/org.liquibase/liquibase-core/3.5.5/c65051f327382018bd09c30380f25eac96f210da/liquibase-core-3.5.5.jar!/liquibase/parser/core/xml/dbchangelog-3.5.xsd as liquibase/parser/core/xml/dbchangelog-3.5.xsd
17:43:52.781 [Test worker] DEBUG LiquibaseSchemaResolver - Successfully loaded XSD from liquibase/parser/core/xml/dbchangelog-3.5.xsd
17:43:52.793 [Test worker] DEBUG liquibase - Opening jar:file:/C:/Users/user/.gradle/caches/modules-2/files-2.1/net.corda/corda-node/4.1/45583a2ad1dc5cdd2b90b4ff6d3bfe980bbba0cc/corda-node-4.1.jar!/migration/vault-schema.changelog-v7.xml as migration/vault-schema.changelog-v7.xml
17:43:52.797 [Test worker] DEBUG liquibase - Resolving XML entity name='null', publicId='null', baseURI='null', systemId='http://www.liquibase.org/xml/ns/dbchangelog/dbchangelog-3.5.xsd'
17:43:52.798 [Test worker] DEBUG LiquibaseSchemaResolver - Found namespace details class liquibase.parser.core.xml.StandardNamespaceDetails for http://www.liquibase.org/xml/ns/dbchangelog/dbchangelog-3.5.xsd
17:43:52.799 [Test worker] DEBUG LiquibaseSchemaResolver - Local path for http://www.liquibase.org/xml/ns/dbchangelog/dbchangelog-3.5.xsd is liquibase/parser/core/xml/dbchangelog-3.5.xsd
17:43:52.800 [Test worker] DEBUG liquibase - Opening jar:file:/C:/Users/user/.gradle/caches/modules-2/files-2.1/org.liquibase/liquibase-core/3.5.5/c65051f327382018bd09c30380f25eac96f210da/liquibase-core-3.5.5.jar!/liquibase/parser/core/xml/dbchangelog-3.5.xsd as liquibase/parser/core/xml/dbchangelog-3.5.xsd
17:43:52.801 [Test worker] DEBUG LiquibaseSchemaResolver - Successfully loaded XSD from liquibase/parser/core/xml/dbchangelog-3.5.xsd
17:43:52.811 [Test worker] DEBUG liquibase - Opening jar:file:/C:/Users/user/.gradle/caches/modules-2/files-2.1/net.corda/corda-node/4.1/45583a2ad1dc5cdd2b90b4ff6d3bfe980bbba0cc/corda-node-4.1.jar!/migration/vault-schema.changelog-v8.xml as migration/vault-schema.changelog-v8.xml
17:43:52.815 [Test worker] DEBUG liquibase - Resolving XML entity name='null', publicId='null', baseURI='null', systemId='http://www.liquibase.org/xml/ns/dbchangelog/dbchangelog-3.5.xsd'
17:43:52.816 [Test worker] DEBUG LiquibaseSchemaResolver - Found namespace details class liquibase.parser.core.xml.StandardNamespaceDetails for http://www.liquibase.org/xml/ns/dbchangelog/dbchangelog-3.5.xsd
17:43:52.816 [Test worker] DEBUG LiquibaseSchemaResolver - Local path for http://www.liquibase.org/xml/ns/dbchangelog/dbchangelog-3.5.xsd is liquibase/parser/core/xml/dbchangelog-3.5.xsd
17:43:52.817 [Test worker] DEBUG liquibase - Opening jar:file:/C:/Users/user/.gradle/caches/modules-2/files-2.1/org.liquibase/liquibase-core/3.5.5/c65051f327382018bd09c30380f25eac96f210da/liquibase-core-3.5.5.jar!/liquibase/parser/core/xml/dbchangelog-3.5.xsd as liquibase/parser/core/xml/dbchangelog-3.5.xsd
17:43:52.818 [Test worker] DEBUG LiquibaseSchemaResolver - Successfully loaded XSD from liquibase/parser/core/xml/dbchangelog-3.5.xsd
17:43:52.828 [Test worker] DEBUG liquibase - Opening jar:file:/C:/Users/user/.gradle/caches/modules-2/files-2.1/net.corda/corda-node/4.1/45583a2ad1dc5cdd2b90b4ff6d3bfe980bbba0cc/corda-node-4.1.jar!/migration/node-info.changelog-master.xml as migration/node-info.changelog-master.xml
17:43:52.834 [Test worker] DEBUG liquibase - Resolving XML entity name='null', publicId='null', baseURI='null', systemId='http://www.liquibase.org/xml/ns/dbchangelog/dbchangelog-3.5.xsd'
17:43:52.834 [Test worker] DEBUG LiquibaseSchemaResolver - Found namespace details class liquibase.parser.core.xml.StandardNamespaceDetails for http://www.liquibase.org/xml/ns/dbchangelog/dbchangelog-3.5.xsd
17:43:52.834 [Test worker] DEBUG LiquibaseSchemaResolver - Local path for http://www.liquibase.org/xml/ns/dbchangelog/dbchangelog-3.5.xsd is liquibase/parser/core/xml/dbchangelog-3.5.xsd
17:43:52.835 [Test worker] DEBUG liquibase - Opening jar:file:/C:/Users/user/.gradle/caches/modules-2/files-2.1/org.liquibase/liquibase-core/3.5.5/c65051f327382018bd09c30380f25eac96f210da/liquibase-core-3.5.5.jar!/liquibase/parser/core/xml/dbchangelog-3.5.xsd as liquibase/parser/core/xml/dbchangelog-3.5.xsd
17:43:52.836 [Test worker] DEBUG LiquibaseSchemaResolver - Successfully loaded XSD from liquibase/parser/core/xml/dbchangelog-3.5.xsd
17:43:52.851 [Test worker] DEBUG liquibase - Opening jar:file:/C:/Users/user/.gradle/caches/modules-2/files-2.1/net.corda/corda-node/4.1/45583a2ad1dc5cdd2b90b4ff6d3bfe980bbba0cc/corda-node-4.1.jar!/migration/node-info.changelog-init.xml as migration/node-info.changelog-init.xml
17:43:52.854 [Test worker] DEBUG liquibase - Resolving XML entity name='null', publicId='null', baseURI='null', systemId='http://www.liquibase.org/xml/ns/dbchangelog/dbchangelog-3.5.xsd'
17:43:52.855 [Test worker] DEBUG LiquibaseSchemaResolver - Found namespace details class liquibase.parser.core.xml.StandardNamespaceDetails for http://www.liquibase.org/xml/ns/dbchangelog/dbchangelog-3.5.xsd
17:43:52.855 [Test worker] DEBUG LiquibaseSchemaResolver - Local path for http://www.liquibase.org/xml/ns/dbchangelog/dbchangelog-3.5.xsd is liquibase/parser/core/xml/dbchangelog-3.5.xsd
17:43:52.856 [Test worker] DEBUG liquibase - Opening jar:file:/C:/Users/user/.gradle/caches/modules-2/files-2.1/org.liquibase/liquibase-core/3.5.5/c65051f327382018bd09c30380f25eac96f210da/liquibase-core-3.5.5.jar!/liquibase/parser/core/xml/dbchangelog-3.5.xsd as liquibase/parser/core/xml/dbchangelog-3.5.xsd
17:43:52.857 [Test worker] DEBUG LiquibaseSchemaResolver - Successfully loaded XSD from liquibase/parser/core/xml/dbchangelog-3.5.xsd
17:43:52.860 [Test worker] DEBUG liquibase - Opening jar:file:/C:/Users/user/.gradle/caches/modules-2/files-2.1/net.corda/corda-node/4.1/45583a2ad1dc5cdd2b90b4ff6d3bfe980bbba0cc/corda-node-4.1.jar!/migration/node-info.changelog-v1.xml as migration/node-info.changelog-v1.xml
17:43:52.860 [Test worker] DEBUG liquibase - Resolving XML entity name='null', publicId='null', baseURI='null', systemId='http://www.liquibase.org/xml/ns/dbchangelog/dbchangelog-3.5.xsd'
17:43:52.860 [Test worker] DEBUG LiquibaseSchemaResolver - Found namespace details class liquibase.parser.core.xml.StandardNamespaceDetails for http://www.liquibase.org/xml/ns/dbchangelog/dbchangelog-3.5.xsd
17:43:52.860 [Test worker] DEBUG LiquibaseSchemaResolver - Local path for http://www.liquibase.org/xml/ns/dbchangelog/dbchangelog-3.5.xsd is liquibase/parser/core/xml/dbchangelog-3.5.xsd
17:43:52.860 [Test worker] DEBUG liquibase - Opening jar:file:/C:/Users/user/.gradle/caches/modules-2/files-2.1/org.liquibase/liquibase-core/3.5.5/c65051f327382018bd09c30380f25eac96f210da/liquibase-core-3.5.5.jar!/liquibase/parser/core/xml/dbchangelog-3.5.xsd as liquibase/parser/core/xml/dbchangelog-3.5.xsd
17:43:52.860 [Test worker] DEBUG LiquibaseSchemaResolver - Successfully loaded XSD from liquibase/parser/core/xml/dbchangelog-3.5.xsd
17:43:52.876 [Test worker] DEBUG liquibase - Opening jar:file:/C:/Users/user/.gradle/caches/modules-2/files-2.1/net.corda/corda-node/4.1/45583a2ad1dc5cdd2b90b4ff6d3bfe980bbba0cc/corda-node-4.1.jar!/migration/node-info.changelog-v2.xml as migration/node-info.changelog-v2.xml
17:43:52.885 [Test worker] DEBUG liquibase - Resolving XML entity name='null', publicId='null', baseURI='null', systemId='http://www.liquibase.org/xml/ns/dbchangelog/dbchangelog-3.5.xsd'
17:43:52.886 [Test worker] DEBUG LiquibaseSchemaResolver - Found namespace details class liquibase.parser.core.xml.StandardNamespaceDetails for http://www.liquibase.org/xml/ns/dbchangelog/dbchangelog-3.5.xsd
17:43:52.886 [Test worker] DEBUG LiquibaseSchemaResolver - Local path for http://www.liquibase.org/xml/ns/dbchangelog/dbchangelog-3.5.xsd is liquibase/parser/core/xml/dbchangelog-3.5.xsd
17:43:52.890 [Test worker] DEBUG liquibase - Opening jar:file:/C:/Users/user/.gradle/caches/modules-2/files-2.1/org.liquibase/liquibase-core/3.5.5/c65051f327382018bd09c30380f25eac96f210da/liquibase-core-3.5.5.jar!/liquibase/parser/core/xml/dbchangelog-3.5.xsd as liquibase/parser/core/xml/dbchangelog-3.5.xsd
17:43:52.891 [Test worker] DEBUG LiquibaseSchemaResolver - Successfully loaded XSD from liquibase/parser/core/xml/dbchangelog-3.5.xsd
17:43:52.906 [Test worker] DEBUG liquibase - Opening jar:file:/C:/Users/user/.gradle/caches/modules-2/files-2.1/net.corda/corda-node/4.1/45583a2ad1dc5cdd2b90b4ff6d3bfe980bbba0cc/corda-node-4.1.jar!/migration/node-info.changelog-v3.xml as migration/node-info.changelog-v3.xml
17:43:52.909 [Test worker] DEBUG liquibase - Resolving XML entity name='null', publicId='null', baseURI='null', systemId='http://www.liquibase.org/xml/ns/dbchangelog/dbchangelog-3.5.xsd'
17:43:52.909 [Test worker] DEBUG LiquibaseSchemaResolver - Found namespace details class liquibase.parser.core.xml.StandardNamespaceDetails for http://www.liquibase.org/xml/ns/dbchangelog/dbchangelog-3.5.xsd
17:43:52.909 [Test worker] DEBUG LiquibaseSchemaResolver - Local path for http://www.liquibase.org/xml/ns/dbchangelog/dbchangelog-3.5.xsd is liquibase/parser/core/xml/dbchangelog-3.5.xsd
17:43:52.910 [Test worker] DEBUG liquibase - Opening jar:file:/C:/Users/user/.gradle/caches/modules-2/files-2.1/org.liquibase/liquibase-core/3.5.5/c65051f327382018bd09c30380f25eac96f210da/liquibase-core-3.5.5.jar!/liquibase/parser/core/xml/dbchangelog-3.5.xsd as liquibase/parser/core/xml/dbchangelog-3.5.xsd
17:43:52.910 [Test worker] DEBUG LiquibaseSchemaResolver - Successfully loaded XSD from liquibase/parser/core/xml/dbchangelog-3.5.xsd
17:43:52.918 [Test worker] DEBUG liquibase - Opening jar:file:/C:/Users/user/.gradle/caches/modules-2/files-2.1/net.corda/corda-node/4.1/45583a2ad1dc5cdd2b90b4ff6d3bfe980bbba0cc/corda-node-4.1.jar!/migration/node-core.changelog-master.xml as migration/node-core.changelog-master.xml
17:43:52.921 [Test worker] DEBUG liquibase - Resolving XML entity name='null', publicId='null', baseURI='null', systemId='http://www.liquibase.org/xml/ns/dbchangelog/dbchangelog-3.5.xsd'
17:43:52.921 [Test worker] DEBUG LiquibaseSchemaResolver - Found namespace details class liquibase.parser.core.xml.StandardNamespaceDetails for http://www.liquibase.org/xml/ns/dbchangelog/dbchangelog-3.5.xsd
17:43:52.921 [Test worker] DEBUG LiquibaseSchemaResolver - Local path for http://www.liquibase.org/xml/ns/dbchangelog/dbchangelog-3.5.xsd is liquibase/parser/core/xml/dbchangelog-3.5.xsd
17:43:52.921 [Test worker] DEBUG liquibase - Opening jar:file:/C:/Users/user/.gradle/caches/modules-2/files-2.1/org.liquibase/liquibase-core/3.5.5/c65051f327382018bd09c30380f25eac96f210da/liquibase-core-3.5.5.jar!/liquibase/parser/core/xml/dbchangelog-3.5.xsd as liquibase/parser/core/xml/dbchangelog-3.5.xsd
17:43:52.922 [Test worker] DEBUG LiquibaseSchemaResolver - Successfully loaded XSD from liquibase/parser/core/xml/dbchangelog-3.5.xsd
17:43:52.928 [Test worker] DEBUG liquibase - Opening jar:file:/C:/Users/user/.gradle/caches/modules-2/files-2.1/net.corda/corda-node/4.1/45583a2ad1dc5cdd2b90b4ff6d3bfe980bbba0cc/corda-node-4.1.jar!/migration/node-core.changelog-init.xml as migration/node-core.changelog-init.xml
17:43:52.930 [Test worker] DEBUG liquibase - Resolving XML entity name='null', publicId='null', baseURI='null', systemId='http://www.liquibase.org/xml/ns/dbchangelog/dbchangelog-3.5.xsd'
17:43:52.930 [Test worker] DEBUG LiquibaseSchemaResolver - Found namespace details class liquibase.parser.core.xml.StandardNamespaceDetails for http://www.liquibase.org/xml/ns/dbchangelog/dbchangelog-3.5.xsd
17:43:52.930 [Test worker] DEBUG LiquibaseSchemaResolver - Local path for http://www.liquibase.org/xml/ns/dbchangelog/dbchangelog-3.5.xsd is liquibase/parser/core/xml/dbchangelog-3.5.xsd
17:43:52.931 [Test worker] DEBUG liquibase - Opening jar:file:/C:/Users/user/.gradle/caches/modules-2/files-2.1/org.liquibase/liquibase-core/3.5.5/c65051f327382018bd09c30380f25eac96f210da/liquibase-core-3.5.5.jar!/liquibase/parser/core/xml/dbchangelog-3.5.xsd as liquibase/parser/core/xml/dbchangelog-3.5.xsd
17:43:52.932 [Test worker] DEBUG LiquibaseSchemaResolver - Successfully loaded XSD from liquibase/parser/core/xml/dbchangelog-3.5.xsd
17:43:52.944 [Test worker] DEBUG liquibase - Opening jar:file:/C:/Users/user/.gradle/caches/modules-2/files-2.1/net.corda/corda-node/4.1/45583a2ad1dc5cdd2b90b4ff6d3bfe980bbba0cc/corda-node-4.1.jar!/migration/node-core.changelog-v3.xml as migration/node-core.changelog-v3.xml
17:43:52.947 [Test worker] DEBUG liquibase - Resolving XML entity name='null', publicId='null', baseURI='null', systemId='http://www.liquibase.org/xml/ns/dbchangelog/dbchangelog-3.5.xsd'
17:43:52.949 [Test worker] DEBUG LiquibaseSchemaResolver - Found namespace details class liquibase.parser.core.xml.StandardNamespaceDetails for http://www.liquibase.org/xml/ns/dbchangelog/dbchangelog-3.5.xsd
17:43:52.949 [Test worker] DEBUG LiquibaseSchemaResolver - Local path for http://www.liquibase.org/xml/ns/dbchangelog/dbchangelog-3.5.xsd is liquibase/parser/core/xml/dbchangelog-3.5.xsd
17:43:52.950 [Test worker] DEBUG liquibase - Opening jar:file:/C:/Users/user/.gradle/caches/modules-2/files-2.1/org.liquibase/liquibase-core/3.5.5/c65051f327382018bd09c30380f25eac96f210da/liquibase-core-3.5.5.jar!/liquibase/parser/core/xml/dbchangelog-3.5.xsd as liquibase/parser/core/xml/dbchangelog-3.5.xsd
17:43:52.952 [Test worker] DEBUG LiquibaseSchemaResolver - Successfully loaded XSD from liquibase/parser/core/xml/dbchangelog-3.5.xsd
17:43:52.959 [Test worker] DEBUG liquibase - Opening jar:file:/C:/Users/user/.gradle/caches/modules-2/files-2.1/net.corda/corda-node/4.1/45583a2ad1dc5cdd2b90b4ff6d3bfe980bbba0cc/corda-node-4.1.jar!/migration/node-core.changelog-v4.xml as migration/node-core.changelog-v4.xml
17:43:52.960 [Test worker] DEBUG liquibase - Resolving XML entity name='null', publicId='null', baseURI='null', systemId='http://www.liquibase.org/xml/ns/dbchangelog/dbchangelog-3.5.xsd'
17:43:52.960 [Test worker] DEBUG LiquibaseSchemaResolver - Found namespace details class liquibase.parser.core.xml.StandardNamespaceDetails for http://www.liquibase.org/xml/ns/dbchangelog/dbchangelog-3.5.xsd
17:43:52.960 [Test worker] DEBUG LiquibaseSchemaResolver - Local path for http://www.liquibase.org/xml/ns/dbchangelog/dbchangelog-3.5.xsd is liquibase/parser/core/xml/dbchangelog-3.5.xsd
17:43:52.961 [Test worker] DEBUG liquibase - Opening jar:file:/C:/Users/user/.gradle/caches/modules-2/files-2.1/org.liquibase/liquibase-core/3.5.5/c65051f327382018bd09c30380f25eac96f210da/liquibase-core-3.5.5.jar!/liquibase/parser/core/xml/dbchangelog-3.5.xsd as liquibase/parser/core/xml/dbchangelog-3.5.xsd
17:43:52.961 [Test worker] DEBUG LiquibaseSchemaResolver - Successfully loaded XSD from liquibase/parser/core/xml/dbchangelog-3.5.xsd
17:43:52.969 [Test worker] DEBUG liquibase - Opening jar:file:/C:/Users/user/.gradle/caches/modules-2/files-2.1/net.corda/corda-node/4.1/45583a2ad1dc5cdd2b90b4ff6d3bfe980bbba0cc/corda-node-4.1.jar!/migration/node-core.changelog-v5.xml as migration/node-core.changelog-v5.xml
17:43:52.971 [Test worker] DEBUG liquibase - Resolving XML entity name='null', publicId='null', baseURI='null', systemId='http://www.liquibase.org/xml/ns/dbchangelog/dbchangelog-3.5.xsd'
17:43:52.971 [Test worker] DEBUG LiquibaseSchemaResolver - Found namespace details class liquibase.parser.core.xml.StandardNamespaceDetails for http://www.liquibase.org/xml/ns/dbchangelog/dbchangelog-3.5.xsd
17:43:52.971 [Test worker] DEBUG LiquibaseSchemaResolver - Local path for http://www.liquibase.org/xml/ns/dbchangelog/dbchangelog-3.5.xsd is liquibase/parser/core/xml/dbchangelog-3.5.xsd
17:43:52.971 [Test worker] DEBUG liquibase - Opening jar:file:/C:/Users/user/.gradle/caches/modules-2/files-2.1/org.liquibase/liquibase-core/3.5.5/c65051f327382018bd09c30380f25eac96f210da/liquibase-core-3.5.5.jar!/liquibase/parser/core/xml/dbchangelog-3.5.xsd as liquibase/parser/core/xml/dbchangelog-3.5.xsd
17:43:52.972 [Test worker] DEBUG LiquibaseSchemaResolver - Successfully loaded XSD from liquibase/parser/core/xml/dbchangelog-3.5.xsd
17:43:52.977 [Test worker] DEBUG liquibase - Opening jar:file:/C:/Users/user/.gradle/caches/modules-2/files-2.1/net.corda/corda-node/4.1/45583a2ad1dc5cdd2b90b4ff6d3bfe980bbba0cc/corda-node-4.1.jar!/migration/node-core.changelog-pkey.xml as migration/node-core.changelog-pkey.xml
17:43:52.977 [Test worker] DEBUG liquibase - Resolving XML entity name='null', publicId='null', baseURI='null', systemId='http://www.liquibase.org/xml/ns/dbchangelog/dbchangelog-3.5.xsd'
17:43:52.977 [Test worker] DEBUG LiquibaseSchemaResolver - Found namespace details class liquibase.parser.core.xml.StandardNamespaceDetails for http://www.liquibase.org/xml/ns/dbchangelog/dbchangelog-3.5.xsd
17:43:52.977 [Test worker] DEBUG LiquibaseSchemaResolver - Local path for http://www.liquibase.org/xml/ns/dbchangelog/dbchangelog-3.5.xsd is liquibase/parser/core/xml/dbchangelog-3.5.xsd
17:43:52.977 [Test worker] DEBUG liquibase - Opening jar:file:/C:/Users/user/.gradle/caches/modules-2/files-2.1/org.liquibase/liquibase-core/3.5.5/c65051f327382018bd09c30380f25eac96f210da/liquibase-core-3.5.5.jar!/liquibase/parser/core/xml/dbchangelog-3.5.xsd as liquibase/parser/core/xml/dbchangelog-3.5.xsd
17:43:52.977 [Test worker] DEBUG LiquibaseSchemaResolver - Successfully loaded XSD from liquibase/parser/core/xml/dbchangelog-3.5.xsd
17:43:52.977 [Test worker] DEBUG liquibase - Opening jar:file:/C:/Users/user/.gradle/caches/modules-2/files-2.1/net.corda/corda-node/4.1/45583a2ad1dc5cdd2b90b4ff6d3bfe980bbba0cc/corda-node-4.1.jar!/migration/node-core.changelog-postgres-blob.xml as migration/node-core.changelog-postgres-blob.xml
17:43:52.993 [Test worker] DEBUG liquibase - Resolving XML entity name='null', publicId='null', baseURI='null', systemId='http://www.liquibase.org/xml/ns/dbchangelog/dbchangelog-3.5.xsd'
17:43:52.993 [Test worker] DEBUG LiquibaseSchemaResolver - Found namespace details class liquibase.parser.core.xml.StandardNamespaceDetails for http://www.liquibase.org/xml/ns/dbchangelog/dbchangelog-3.5.xsd
17:43:52.993 [Test worker] DEBUG LiquibaseSchemaResolver - Local path for http://www.liquibase.org/xml/ns/dbchangelog/dbchangelog-3.5.xsd is liquibase/parser/core/xml/dbchangelog-3.5.xsd
17:43:52.993 [Test worker] DEBUG liquibase - Opening jar:file:/C:/Users/user/.gradle/caches/modules-2/files-2.1/org.liquibase/liquibase-core/3.5.5/c65051f327382018bd09c30380f25eac96f210da/liquibase-core-3.5.5.jar!/liquibase/parser/core/xml/dbchangelog-3.5.xsd as liquibase/parser/core/xml/dbchangelog-3.5.xsd
17:43:52.993 [Test worker] DEBUG LiquibaseSchemaResolver - Successfully loaded XSD from liquibase/parser/core/xml/dbchangelog-3.5.xsd
17:43:53.014 [Test worker] DEBUG liquibase - Opening jar:file:/C:/Users/user/.gradle/caches/modules-2/files-2.1/net.corda/corda-node/4.1/45583a2ad1dc5cdd2b90b4ff6d3bfe980bbba0cc/corda-node-4.1.jar!/migration/node-core.changelog-v8.xml as migration/node-core.changelog-v8.xml
17:43:53.017 [Test worker] DEBUG liquibase - Resolving XML entity name='null', publicId='null', baseURI='null', systemId='http://www.liquibase.org/xml/ns/dbchangelog/dbchangelog-3.5.xsd'
17:43:53.018 [Test worker] DEBUG LiquibaseSchemaResolver - Found namespace details class liquibase.parser.core.xml.StandardNamespaceDetails for http://www.liquibase.org/xml/ns/dbchangelog/dbchangelog-3.5.xsd
17:43:53.018 [Test worker] DEBUG LiquibaseSchemaResolver - Local path for http://www.liquibase.org/xml/ns/dbchangelog/dbchangelog-3.5.xsd is liquibase/parser/core/xml/dbchangelog-3.5.xsd
17:43:53.018 [Test worker] DEBUG liquibase - Opening jar:file:/C:/Users/user/.gradle/caches/modules-2/files-2.1/org.liquibase/liquibase-core/3.5.5/c65051f327382018bd09c30380f25eac96f210da/liquibase-core-3.5.5.jar!/liquibase/parser/core/xml/dbchangelog-3.5.xsd as liquibase/parser/core/xml/dbchangelog-3.5.xsd
17:43:53.019 [Test worker] DEBUG LiquibaseSchemaResolver - Successfully loaded XSD from liquibase/parser/core/xml/dbchangelog-3.5.xsd
17:43:53.027 [Test worker] DEBUG liquibase - Opening jar:file:/C:/Users/user/.gradle/caches/modules-2/files-2.1/net.corda/corda-node/4.1/45583a2ad1dc5cdd2b90b4ff6d3bfe980bbba0cc/corda-node-4.1.jar!/migration/node-core.changelog-tx-mapping.xml as migration/node-core.changelog-tx-mapping.xml
17:43:53.034 [Test worker] DEBUG liquibase - Resolving XML entity name='null', publicId='null', baseURI='null', systemId='http://www.liquibase.org/xml/ns/dbchangelog/dbchangelog-3.5.xsd'
17:43:53.034 [Test worker] DEBUG LiquibaseSchemaResolver - Found namespace details class liquibase.parser.core.xml.StandardNamespaceDetails for http://www.liquibase.org/xml/ns/dbchangelog/dbchangelog-3.5.xsd
17:43:53.034 [Test worker] DEBUG LiquibaseSchemaResolver - Local path for http://www.liquibase.org/xml/ns/dbchangelog/dbchangelog-3.5.xsd is liquibase/parser/core/xml/dbchangelog-3.5.xsd
17:43:53.035 [Test worker] DEBUG liquibase - Opening jar:file:/C:/Users/user/.gradle/caches/modules-2/files-2.1/org.liquibase/liquibase-core/3.5.5/c65051f327382018bd09c30380f25eac96f210da/liquibase-core-3.5.5.jar!/liquibase/parser/core/xml/dbchangelog-3.5.xsd as liquibase/parser/core/xml/dbchangelog-3.5.xsd
17:43:53.035 [Test worker] DEBUG LiquibaseSchemaResolver - Successfully loaded XSD from liquibase/parser/core/xml/dbchangelog-3.5.xsd
17:43:53.044 [Test worker] DEBUG liquibase - Opening jar:file:/C:/Users/user/.gradle/caches/modules-2/files-2.1/net.corda/corda-node/4.1/45583a2ad1dc5cdd2b90b4ff6d3bfe980bbba0cc/corda-node-4.1.jar!/migration/node-core.changelog-v9.xml as migration/node-core.changelog-v9.xml
17:43:53.046 [Test worker] DEBUG liquibase - Resolving XML entity name='null', publicId='null', baseURI='null', systemId='http://www.liquibase.org/xml/ns/dbchangelog/dbchangelog-3.5.xsd'
17:43:53.046 [Test worker] DEBUG LiquibaseSchemaResolver - Found namespace details class liquibase.parser.core.xml.StandardNamespaceDetails for http://www.liquibase.org/xml/ns/dbchangelog/dbchangelog-3.5.xsd
17:43:53.046 [Test worker] DEBUG LiquibaseSchemaResolver - Local path for http://www.liquibase.org/xml/ns/dbchangelog/dbchangelog-3.5.xsd is liquibase/parser/core/xml/dbchangelog-3.5.xsd
17:43:53.047 [Test worker] DEBUG liquibase - Opening jar:file:/C:/Users/user/.gradle/caches/modules-2/files-2.1/org.liquibase/liquibase-core/3.5.5/c65051f327382018bd09c30380f25eac96f210da/liquibase-core-3.5.5.jar!/liquibase/parser/core/xml/dbchangelog-3.5.xsd as liquibase/parser/core/xml/dbchangelog-3.5.xsd
17:43:53.050 [Test worker] DEBUG LiquibaseSchemaResolver - Successfully loaded XSD from liquibase/parser/core/xml/dbchangelog-3.5.xsd
17:43:53.063 [Test worker] DEBUG liquibase - Opening jar:file:/C:/Users/user/.gradle/caches/modules-2/files-2.1/net.corda/corda-node/4.1/45583a2ad1dc5cdd2b90b4ff6d3bfe980bbba0cc/corda-node-4.1.jar!/migration/node-core.changelog-v10.xml as migration/node-core.changelog-v10.xml
17:43:53.068 [Test worker] DEBUG liquibase - Resolving XML entity name='null', publicId='null', baseURI='null', systemId='http://www.liquibase.org/xml/ns/dbchangelog/dbchangelog-3.5.xsd'
17:43:53.068 [Test worker] DEBUG LiquibaseSchemaResolver - Found namespace details class liquibase.parser.core.xml.StandardNamespaceDetails for http://www.liquibase.org/xml/ns/dbchangelog/dbchangelog-3.5.xsd
17:43:53.069 [Test worker] DEBUG LiquibaseSchemaResolver - Local path for http://www.liquibase.org/xml/ns/dbchangelog/dbchangelog-3.5.xsd is liquibase/parser/core/xml/dbchangelog-3.5.xsd
17:43:53.070 [Test worker] DEBUG liquibase - Opening jar:file:/C:/Users/user/.gradle/caches/modules-2/files-2.1/org.liquibase/liquibase-core/3.5.5/c65051f327382018bd09c30380f25eac96f210da/liquibase-core-3.5.5.jar!/liquibase/parser/core/xml/dbchangelog-3.5.xsd as liquibase/parser/core/xml/dbchangelog-3.5.xsd
17:43:53.071 [Test worker] DEBUG LiquibaseSchemaResolver - Successfully loaded XSD from liquibase/parser/core/xml/dbchangelog-3.5.xsd
17:43:53.085 [Test worker] DEBUG liquibase - Opening jar:file:/C:/Users/user/.gradle/caches/modules-2/files-2.1/net.corda/corda-node/4.1/45583a2ad1dc5cdd2b90b4ff6d3bfe980bbba0cc/corda-node-4.1.jar!/migration/node-core.changelog-v11.xml as migration/node-core.changelog-v11.xml
17:43:53.092 [Test worker] DEBUG liquibase - Resolving XML entity name='null', publicId='null', baseURI='null', systemId='http://www.liquibase.org/xml/ns/dbchangelog/dbchangelog-3.5.xsd'
17:43:53.092 [Test worker] DEBUG LiquibaseSchemaResolver - Found namespace details class liquibase.parser.core.xml.StandardNamespaceDetails for http://www.liquibase.org/xml/ns/dbchangelog/dbchangelog-3.5.xsd
17:43:53.093 [Test worker] DEBUG LiquibaseSchemaResolver - Local path for http://www.liquibase.org/xml/ns/dbchangelog/dbchangelog-3.5.xsd is liquibase/parser/core/xml/dbchangelog-3.5.xsd
17:43:53.093 [Test worker] DEBUG liquibase - Opening jar:file:/C:/Users/user/.gradle/caches/modules-2/files-2.1/org.liquibase/liquibase-core/3.5.5/c65051f327382018bd09c30380f25eac96f210da/liquibase-core-3.5.5.jar!/liquibase/parser/core/xml/dbchangelog-3.5.xsd as liquibase/parser/core/xml/dbchangelog-3.5.xsd
17:43:53.094 [Test worker] DEBUG LiquibaseSchemaResolver - Successfully loaded XSD from liquibase/parser/core/xml/dbchangelog-3.5.xsd
17:43:53.101 [Test worker] DEBUG liquibase - Opening jar:file:/C:/Users/user/.gradle/caches/modules-2/files-2.1/net.corda/corda-node/4.1/45583a2ad1dc5cdd2b90b4ff6d3bfe980bbba0cc/corda-node-4.1.jar!/migration/vault-schema.changelog-v9.xml as migration/vault-schema.changelog-v9.xml
17:43:53.101 [Test worker] DEBUG liquibase - Resolving XML entity name='null', publicId='null', baseURI='null', systemId='http://www.liquibase.org/xml/ns/dbchangelog/dbchangelog-3.5.xsd'
17:43:53.101 [Test worker] DEBUG LiquibaseSchemaResolver - Found namespace details class liquibase.parser.core.xml.StandardNamespaceDetails for http://www.liquibase.org/xml/ns/dbchangelog/dbchangelog-3.5.xsd
17:43:53.101 [Test worker] DEBUG LiquibaseSchemaResolver - Local path for http://www.liquibase.org/xml/ns/dbchangelog/dbchangelog-3.5.xsd is liquibase/parser/core/xml/dbchangelog-3.5.xsd
17:43:53.101 [Test worker] DEBUG liquibase - Opening jar:file:/C:/Users/user/.gradle/caches/modules-2/files-2.1/org.liquibase/liquibase-core/3.5.5/c65051f327382018bd09c30380f25eac96f210da/liquibase-core-3.5.5.jar!/liquibase/parser/core/xml/dbchangelog-3.5.xsd as liquibase/parser/core/xml/dbchangelog-3.5.xsd
17:43:53.101 [Test worker] DEBUG LiquibaseSchemaResolver - Successfully loaded XSD from liquibase/parser/core/xml/dbchangelog-3.5.xsd
17:43:53.101 [Test worker] DEBUG liquibase - Create Database Change Log Table
17:43:53.101 [Test worker] INFO liquibase - Creating database history table with name: PUBLIC.DATABASECHANGELOG
17:43:53.101 [Test worker] DEBUG liquibase - Executing EXECUTE database command: CREATE TABLE PUBLIC.DATABASECHANGELOG (ID VARCHAR(255) NOT NULL, AUTHOR VARCHAR(255) NOT NULL, FILENAME VARCHAR(255) NOT NULL, DATEEXECUTED TIMESTAMP NOT NULL, ORDEREXECUTED INT NOT NULL, EXECTYPE VARCHAR(10) NOT NULL, MD5SUM VARCHAR(35), DESCRIPTION VARCHAR(255), COMMENTS VARCHAR(255), TAG VARCHAR(255), LIQUIBASE VARCHAR(20), CONTEXTS VARCHAR(255), LABELS VARCHAR(255), DEPLOYMENT_ID VARCHAR(10))
17:43:53.116 [Test worker] DEBUG liquibase - Executing QUERY database command: select count(*) from PUBLIC.DATABASECHANGELOG
17:43:53.116 [Test worker] INFO liquibase - Reading from PUBLIC.DATABASECHANGELOG
17:43:53.116 [Test worker] DEBUG liquibase - Executing QUERY database command: SELECT * FROM PUBLIC.DATABASECHANGELOG ORDER BY DATEEXECUTED ASC, ORDEREXECUTED ASC
17:43:53.116 [Test worker] DEBUG liquibase - Executing QUERY database command: select count(*) from PUBLIC.DATABASECHANGELOGLOCK
17:43:53.116 [Test worker] DEBUG liquibase - Create Database Lock Table
17:43:53.116 [Test worker] DEBUG liquibase - Executing EXECUTE database command: CREATE TABLE PUBLIC.DATABASECHANGELOGLOCK (ID INT NOT NULL, LOCKED BOOLEAN NOT NULL, LOCKGRANTED TIMESTAMP, LOCKEDBY VARCHAR(255), CONSTRAINT PK_DATABASECHANGELOGLOCK PRIMARY KEY (ID))
17:43:53.116 [Test worker] DEBUG liquibase - Created database lock table with name: PUBLIC.DATABASECHANGELOGLOCK
17:43:53.116 [Test worker] DEBUG liquibase - Executing QUERY database command: select count(*) from PUBLIC.DATABASECHANGELOGLOCK
17:43:53.116 [Test worker] DEBUG liquibase - Initialize Database Lock Table
17:43:53.116 [Test worker] DEBUG liquibase - Executing EXECUTE database command: DELETE FROM PUBLIC.DATABASECHANGELOGLOCK
17:43:53.116 [Test worker] DEBUG liquibase - Executing EXECUTE database command: INSERT INTO PUBLIC.DATABASECHANGELOGLOCK (ID, LOCKED) VALUES (1, FALSE)
17:43:53.116 [Test worker] DEBUG liquibase - master.changelog.json: migration/common.changelog-init.xml::1511451595465-1.1::R3.Corda: Computed checksum for createSequence:[
    sequenceName="hibernate_sequence"
] as 3b59bc60f6cf5c7c76b020ae29954565
17:43:53.116 [Test worker] DEBUG liquibase - master.changelog.json: migration/common.changelog-init.xml::1511451595465-1.1::R3.Corda: Computed checksum for 7:3b59bc60f6cf5c7c76b020ae29954565: as afe897bea20bc08d1681087c94d0967d
17:43:53.116 [Test worker] DEBUG liquibase - master.changelog.json: migration/common.changelog-init.xml::1511451595465-1.3::R3.Corda: Computed checksum for createSequence:[
    minValue="1"
    sequenceName="hibernate_sequence"
] as f473914cdfde3972225cdb465aeff71d
17:43:53.116 [Test worker] DEBUG liquibase - master.changelog.json: migration/common.changelog-init.xml::1511451595465-1.3::R3.Corda: Computed checksum for 7:f473914cdfde3972225cdb465aeff71d: as b775a64dd8351ca0b00329ea3e49f44b
17:43:53.116 [Test worker] INFO liquibase - master.changelog.json: migration/common.changelog-init.xml::1511451595465-1.3::R3.Corda: Skipping changeSet migration/common.changelog-init.xml::1511451595465-1.3::R3.Corda due to validation error(s): minValue is not allowed on h2
17:43:53.116 [Test worker] DEBUG liquibase - master.changelog.json: migration/vault-schema.changelog-init.xml::1511451595465-22::R3.Corda: Computed checksum for createTable:[
    columns=[
        [
            [
                nullable="false"
            ]
            name="output_index"
            type="INT"
        ],
        [
            [
                nullable="false"
            ]
            name="transaction_id"
            type="NVARCHAR(64)"
        ],
        [
            name="issuer_name"
            type="NVARCHAR(255)"
        ],
        [
            name="issuer_ref"
            type="varbinary(512)"
        ],
        [
       ... [truncated in log] as e175aecbeafccf493b3899098eb581f2
17:43:53.116 [Test worker] DEBUG liquibase - master.changelog.json: migration/vault-schema.changelog-init.xml::1511451595465-22::R3.Corda: Computed checksum for 7:e175aecbeafccf493b3899098eb581f2: as 1f8a20296ddeb0fc739bd8e7084b0bab
17:43:53.116 [Test worker] DEBUG liquibase - master.changelog.json: migration/vault-schema.changelog-init.xml::1511451595465-23::R3.Corda: Computed checksum for createTable:[
    columns=[
        [
            [
                nullable="false"
            ]
            name="output_index"
            type="INT"
        ],
        [
            [
                nullable="false"
            ]
            name="transaction_id"
            type="NVARCHAR(64)"
        ],
        [
            name="participants"
            type="NVARCHAR(255)"
        ]
    ]
    tableName="vault_fungible_states_parts"
] as add94f234be5f070e7c2a20110730809
17:43:53.116 [Test worker] DEBUG liquibase - master.changelog.json: migration/vault-schema.changelog-init.xml::1511451595465-23::R3.Corda: Computed checksum for 7:add94f234be5f070e7c2a20110730809: as 1a9f6483c225c03a3a558b5b20306741
17:43:53.132 [Test worker] DEBUG liquibase - master.changelog.json: migration/vault-schema.changelog-init.xml::1511451595465-24::R3.Corda: Computed checksum for createTable:[
    columns=[
        [
            [
                nullable="false"
            ]
            name="output_index"
            type="INT"
        ],
        [
            [
                nullable="false"
            ]
            name="transaction_id"
            type="NVARCHAR(64)"
        ],
        [
            name="external_id"
            type="NVARCHAR(255)"
        ],
        [
            [
                nullable="false"
            ]
            name="uuid"
       ... [truncated in log] as a2b34ccc00e85d4de9b82e22ec7fa971
17:43:53.132 [Test worker] DEBUG liquibase - master.changelog.json: migration/vault-schema.changelog-init.xml::1511451595465-24::R3.Corda: Computed checksum for 7:a2b34ccc00e85d4de9b82e22ec7fa971: as cc33e3b7b7db0e8613421e71352448d1
17:43:53.132 [Test worker] DEBUG liquibase - master.changelog.json: migration/vault-schema.changelog-init.xml::1511451595465-25::R3.Corda: Computed checksum for createTable:[
    columns=[
        [
            [
                nullable="false"
            ]
            name="output_index"
            type="INT"
        ],
        [
            [
                nullable="false"
            ]
            name="transaction_id"
            type="NVARCHAR(64)"
        ],
        [
            name="participants"
            type="NVARCHAR(255)"
        ]
    ]
    tableName="vault_linear_states_parts"
] as ff0db7191732aba7aa4402b9145d55d8
17:43:53.162 [Test worker] DEBUG liquibase - master.changelog.json: migration/vault-schema.changelog-init.xml::1511451595465-25::R3.Corda: Computed checksum for 7:ff0db7191732aba7aa4402b9145d55d8: as cee1c34886b737d7c86f4ba94a43d9a7
17:43:53.163 [Test worker] DEBUG liquibase - master.changelog.json: migration/vault-schema.changelog-init.xml::1511451595465-26::R3.Corda: Computed checksum for createTable:[
    columns=[
        [
            [
                nullable="false"
            ]
            name="output_index"
            type="INT"
        ],
        [
            [
                nullable="false"
            ]
            name="transaction_id"
            type="NVARCHAR(64)"
        ],
        [
            name="consumed_timestamp"
            type="timestamp"
        ],
        [
            name="contract_state_class_name"
            type="NVARCHAR(255)"
        ],
... [truncated in log] as 3590556b2783206eba7b151844f6a2e8
17:43:53.164 [Test worker] DEBUG liquibase - master.changelog.json: migration/vault-schema.changelog-init.xml::1511451595465-26::R3.Corda: Computed checksum for 7:3590556b2783206eba7b151844f6a2e8: as 47ea918c4e5894a573ed08ff7d3cfcf8
17:43:53.165 [Test worker] DEBUG liquibase - master.changelog.json: migration/vault-schema.changelog-init.xml::1511451595465-27::R3.Corda: Computed checksum for createTable:[
    columns=[
        [
            [
                nullable="false"
            ]
            name="seq_no"
            type="INT"
        ],
        [
            name="note"
            type="NVARCHAR(255)"
        ],
        [
            name="transaction_id"
            type="NVARCHAR(64)"
        ]
    ]
    tableName="vault_transaction_notes"
] as b2a3172c8e54fe287195c0f1d9d79d06
17:43:53.166 [Test worker] DEBUG liquibase - master.changelog.json: migration/vault-schema.changelog-init.xml::1511451595465-27::R3.Corda: Computed checksum for 7:b2a3172c8e54fe287195c0f1d9d79d06: as b335f04504c263e99eb1b4b78fb7b976
17:43:53.166 [Test worker] DEBUG liquibase - master.changelog.json: migration/vault-schema.changelog-init.xml::1511451595465-47::R3.Corda: Computed checksum for addPrimaryKey:[
    columnNames="output_index, transaction_id"
    constraintName="vault_fungible_states_pkey"
    tableName="vault_fungible_states"
] as 1c0d1edb717c326aca50814658fa822a
17:43:53.166 [Test worker] DEBUG liquibase - master.changelog.json: migration/vault-schema.changelog-init.xml::1511451595465-47::R3.Corda: Computed checksum for 7:1c0d1edb717c326aca50814658fa822a: as 5ebf8c6ceacd418805fef0a8d5926d22
17:43:53.168 [Test worker] DEBUG liquibase - master.changelog.json: migration/vault-schema.changelog-init.xml::1511451595465-48::R3.Corda: Computed checksum for addPrimaryKey:[
    columnNames="output_index, transaction_id"
    constraintName="vault_linear_states_pkey"
    tableName="vault_linear_states"
] as 4e3aaffa0ad01595c6c23745084763b1
17:43:53.168 [Test worker] DEBUG liquibase - master.changelog.json: migration/vault-schema.changelog-init.xml::1511451595465-48::R3.Corda: Computed checksum for 7:4e3aaffa0ad01595c6c23745084763b1: as 6852e525af1e0e841b85cbc65c3ef3eb
17:43:53.169 [Test worker] DEBUG liquibase - master.changelog.json: migration/vault-schema.changelog-init.xml::1511451595465-49::R3.Corda: Computed checksum for addPrimaryKey:[
    columnNames="output_index, transaction_id"
    constraintName="vault_states_pkey"
    tableName="vault_states"
] as 4bd501a6f3a2480ca4be1186a9ae2951
17:43:53.169 [Test worker] DEBUG liquibase - master.changelog.json: migration/vault-schema.changelog-init.xml::1511451595465-49::R3.Corda: Computed checksum for 7:4bd501a6f3a2480ca4be1186a9ae2951: as e88ace88ae32b7c6a212f749bed7f25f
17:43:53.169 [Test worker] DEBUG liquibase - master.changelog.json: migration/vault-schema.changelog-init.xml::1511451595465-50::R3.Corda: Computed checksum for addPrimaryKey:[
    columnNames="seq_no"
    constraintName="vault_transaction_notes_pkey"
    tableName="vault_transaction_notes"
] as 39e3946cfbca51e6913a1c4f38ddf0c7
17:43:53.169 [Test worker] DEBUG liquibase - master.changelog.json: migration/vault-schema.changelog-init.xml::1511451595465-50::R3.Corda: Computed checksum for 7:39e3946cfbca51e6913a1c4f38ddf0c7: as aef52cbfcee4e86a30a1175aacdae9b5
17:43:53.170 [Test worker] DEBUG liquibase - master.changelog.json: migration/vault-schema.changelog-init.xml::1511451595465-53::R3.Corda: Computed checksum for createIndex:[
    columns=[
        [
            name="external_id"
        ]
    ]
    indexName="external_id_index"
    tableName="vault_linear_states"
] as f98aafeaa30935a36db499f2104a93bf
17:43:53.170 [Test worker] DEBUG liquibase - master.changelog.json: migration/vault-schema.changelog-init.xml::1511451595465-53::R3.Corda: Computed checksum for 7:f98aafeaa30935a36db499f2104a93bf: as 7b0c95c0892fe1aba26a294d843d3c0a
17:43:53.171 [Test worker] DEBUG liquibase - master.changelog.json: migration/vault-schema.changelog-init.xml::1511451595465-55::R3.Corda: Computed checksum for createIndex:[
    columns=[
        [
            name="lock_id"
        ],
        [
            name="state_status"
        ]
    ]
    indexName="lock_id_idx"
    tableName="vault_states"
] as e42dab0002a4e906bfd484f143741150
17:43:53.171 [Test worker] DEBUG liquibase - master.changelog.json: migration/vault-schema.changelog-init.xml::1511451595465-55::R3.Corda: Computed checksum for 7:e42dab0002a4e906bfd484f143741150: as daf1bfa84381a1c8e100c14229a6d860
17:43:53.172 [Test worker] DEBUG liquibase - master.changelog.json: migration/vault-schema.changelog-init.xml::1511451595465-58::R3.Corda: Computed checksum for createIndex:[
    columns=[
        [
            name="state_status"
        ]
    ]
    indexName="state_status_idx"
    tableName="vault_states"
] as 2ff9d748b5e8cc68d2b31c3435578cef
17:43:53.172 [Test worker] DEBUG liquibase - master.changelog.json: migration/vault-schema.changelog-init.xml::1511451595465-58::R3.Corda: Computed checksum for 7:2ff9d748b5e8cc68d2b31c3435578cef: as 775d3c8a27b7fad84f9894db6bdf3e87
17:43:53.173 [Test worker] DEBUG liquibase - master.changelog.json: migration/vault-schema.changelog-init.xml::1511451595465-59::R3.Corda: Computed checksum for createIndex:[
    columns=[
        [
            name="transaction_id"
        ]
    ]
    indexName="transaction_id_index"
    tableName="vault_transaction_notes"
] as fd9eea380cef475dc54fd99e4e233920
17:43:53.173 [Test worker] DEBUG liquibase - master.changelog.json: migration/vault-schema.changelog-init.xml::1511451595465-59::R3.Corda: Computed checksum for 7:fd9eea380cef475dc54fd99e4e233920: as 1be2b24f3e4fedc8252c24080b713783
17:43:53.174 [Test worker] DEBUG liquibase - master.changelog.json: migration/vault-schema.changelog-init.xml::1511451595465-60::R3.Corda: Computed checksum for createIndex:[
    columns=[
        [
            name="uuid"
        ]
    ]
    indexName="uuid_index"
    tableName="vault_linear_states"
] as 0c3a5a186849036cd224f1c228d6dde9
17:43:53.175 [Test worker] DEBUG liquibase - master.changelog.json: migration/vault-schema.changelog-init.xml::1511451595465-60::R3.Corda: Computed checksum for 7:0c3a5a186849036cd224f1c228d6dde9: as f372f17dd75374bfecfde0e44d7ce36c
17:43:53.175 [Test worker] DEBUG liquibase - master.changelog.json: migration/vault-schema.changelog-init.xml::1511451595465-64::R3.Corda: Computed checksum for addForeignKeyConstraint:[
    baseColumnNames="output_index,transaction_id"
    baseTableName="vault_fungible_states_parts"
    constraintName="FK__fung_st_parts__fung_st"
    referencedColumnNames="output_index,transaction_id"
    referencedTableName="vault_fungible_states"
] as 0eece996759bc05f893e13edcc7012b3
17:43:53.175 [Test worker] DEBUG liquibase - master.changelog.json: migration/vault-schema.changelog-init.xml::1511451595465-64::R3.Corda: Computed checksum for 7:0eece996759bc05f893e13edcc7012b3: as 3771038da08dbe5dbbbdffac7300198d
17:43:53.176 [Test worker] DEBUG liquibase - master.changelog.json: migration/vault-schema.changelog-init.xml::1511451595465-65::R3.Corda: Computed checksum for addForeignKeyConstraint:[
    baseColumnNames="output_index,transaction_id"
    baseTableName="vault_linear_states_parts"
    constraintName="FK__lin_stat_parts__lin_stat"
    referencedColumnNames="output_index,transaction_id"
    referencedTableName="vault_linear_states"
] as c3bfc19faabd85d1ada74a704975075a
17:43:53.177 [Test worker] DEBUG liquibase - master.changelog.json: migration/vault-schema.changelog-init.xml::1511451595465-65::R3.Corda: Computed checksum for 7:c3bfc19faabd85d1ada74a704975075a: as 4cccc80aadefc753d80d33d233d426b1
17:43:53.177 [Test worker] DEBUG liquibase - master.changelog.json: migration/vault-schema.changelog-v3.xml::clean_vault::R3.Corda: Computed checksum for delete:[
    tableName="vault_fungible_states_parts"
] as b70b29b3a6bedbc5661cba016468c920
17:43:53.177 [Test worker] DEBUG liquibase - master.changelog.json: migration/vault-schema.changelog-v3.xml::clean_vault::R3.Corda: Computed checksum for delete:[
    tableName="vault_fungible_states"
] as a274055ce2143aac7ca36e5fad03b134
17:43:53.177 [Test worker] DEBUG liquibase - master.changelog.json: migration/vault-schema.changelog-v3.xml::clean_vault::R3.Corda: Computed checksum for delete:[
    tableName="vault_linear_states_parts"
] as ea0a011664469f485e1c20d3a801a95c
17:43:53.178 [Test worker] DEBUG liquibase - master.changelog.json: migration/vault-schema.changelog-v3.xml::clean_vault::R3.Corda: Computed checksum for delete:[
    tableName="vault_linear_states"
] as 3448fb16d803304ec5b23fe901463752
17:43:53.178 [Test worker] DEBUG liquibase - master.changelog.json: migration/vault-schema.changelog-v3.xml::clean_vault::R3.Corda: Computed checksum for delete:[
    tableName="vault_states"
] as 9554b12247631c9ef0b25ddf1faaa6d3
17:43:53.178 [Test worker] DEBUG liquibase - master.changelog.json: migration/vault-schema.changelog-v3.xml::clean_vault::R3.Corda: Computed checksum for delete:[
    tableName="vault_transaction_notes"
] as 0250e47826dc021ed9e01d035ea6f1b6
17:43:53.178 [Test worker] DEBUG liquibase - master.changelog.json: migration/vault-schema.changelog-v3.xml::clean_vault::R3.Corda: Computed checksum for 7:b70b29b3a6bedbc5661cba016468c920:7:a274055ce2143aac7ca36e5fad03b134:7:ea0a011664469f485e1c20d3a801a95c:7:3448fb16d803304ec5b23fe901463752:7:9554b12247631c9ef0b25ddf1faaa6d3:7:0250e47826dc021ed9e01d035ea6f1b6: as c16f94cc9c0418c23dfcedd33e85d2d3
17:43:53.179 [Test worker] DEBUG liquibase - master.changelog.json: migration/vault-schema.changelog-v4.xml::nullability::R3.Corda: Computed checksum for addNotNullConstraint:[
    columnDataType="BIGINT"
    columnName="quantity"
    tableName="vault_fungible_states"
] as d78eae5ca9adbacacf85e33e2a7f7415
17:43:53.181 [Test worker] DEBUG liquibase - master.changelog.json: migration/vault-schema.changelog-v4.xml::nullability::R3.Corda: Computed checksum for addNotNullConstraint:[
    columnDataType="NVARCHAR(255)"
    columnName="contract_state_class_name"
    tableName="vault_states"
] as 2078d56a1b5edbecbcc69079c33eb871
17:43:53.182 [Test worker] DEBUG liquibase - master.changelog.json: migration/vault-schema.changelog-v4.xml::nullability::R3.Corda: Computed checksum for addNotNullConstraint:[
    columnDataType="NVARCHAR(255)"
    columnName="notary_name"
    tableName="vault_states"
] as 2258242147cd14905eb100408de09558
17:43:53.182 [Test worker] DEBUG liquibase - master.changelog.json: migration/vault-schema.changelog-v4.xml::nullability::R3.Corda: Computed checksum for addNotNullConstraint:[
    columnDataType="timestamp"
    columnName="recorded_timestamp"
    tableName="vault_states"
] as ae7f591a2aca843f8ab716280bfd3947
17:43:53.182 [Test worker] DEBUG liquibase - master.changelog.json: migration/vault-schema.changelog-v4.xml::nullability::R3.Corda: Computed checksum for dropIndex:[
    indexName="state_status_idx"
    tableName="vault_states"
] as 6583c319aa2e4b6d1f195c77bc111ac5
17:43:53.182 [Test worker] DEBUG liquibase - master.changelog.json: migration/vault-schema.changelog-v4.xml::nullability::R3.Corda: Computed checksum for dropIndex:[
    indexName="lock_id_idx"
    tableName="vault_states"
] as e22a84c8f8873eb942f692a00ddda6c5
17:43:53.182 [Test worker] DEBUG liquibase - master.changelog.json: migration/vault-schema.changelog-v4.xml::nullability::R3.Corda: Computed checksum for addNotNullConstraint:[
    columnDataType="INT"
    columnName="state_status"
    tableName="vault_states"
] as f062ec40c033aa8c2a8ec93fcfc05443
17:43:53.183 [Test worker] DEBUG liquibase - master.changelog.json: migration/vault-schema.changelog-v4.xml::nullability::R3.Corda: Computed checksum for createIndex:[
    columns=[
        [
            name="state_status"
        ]
    ]
    indexName="state_status_idx"
    tableName="vault_states"
] as 2ff9d748b5e8cc68d2b31c3435578cef
17:43:53.183 [Test worker] DEBUG liquibase - master.changelog.json: migration/vault-schema.changelog-v4.xml::nullability::R3.Corda: Computed checksum for createIndex:[
    columns=[
        [
            name="lock_id"
        ],
        [
            name="state_status"
        ]
    ]
    indexName="lock_id_idx"
    tableName="vault_states"
] as e42dab0002a4e906bfd484f143741150
17:43:53.183 [Test worker] DEBUG liquibase - master.changelog.json: migration/vault-schema.changelog-v4.xml::nullability::R3.Corda: Computed checksum for dropIndex:[
    indexName="transaction_id_index"
    tableName="vault_transaction_notes"
] as 7677600c3adca898205158cdae636f0d
17:43:53.184 [Test worker] DEBUG liquibase - master.changelog.json: migration/vault-schema.changelog-v4.xml::nullability::R3.Corda: Computed checksum for addNotNullConstraint:[
    columnDataType="NVARCHAR(255)"
    columnName="note"
    tableName="vault_transaction_notes"
] as 4155de3b6c359ed6d735b6ae5c880ed2
17:43:53.184 [Test worker] DEBUG liquibase - master.changelog.json: migration/vault-schema.changelog-v4.xml::nullability::R3.Corda: Computed checksum for addNotNullConstraint:[
    columnDataType="NVARCHAR(64)"
    columnName="transaction_id"
    tableName="vault_transaction_notes"
] as f6eaec7b45db4b379b8485512bd873c1
17:43:53.185 [Test worker] DEBUG liquibase - master.changelog.json: migration/vault-schema.changelog-v4.xml::nullability::R3.Corda: Computed checksum for createIndex:[
    columns=[
        [
            name="transaction_id"
        ]
    ]
    indexName="transaction_id_index"
    tableName="vault_transaction_notes"
] as fd9eea380cef475dc54fd99e4e233920
17:43:53.185 [Test worker] DEBUG liquibase - master.changelog.json: migration/vault-schema.changelog-v4.xml::nullability::R3.Corda: Computed checksum for 7:d78eae5ca9adbacacf85e33e2a7f7415:7:2078d56a1b5edbecbcc69079c33eb871:7:2258242147cd14905eb100408de09558:7:ae7f591a2aca843f8ab716280bfd3947:7:6583c319aa2e4b6d1f195c77bc111ac5:7:e22a84c8f8873eb942f692a00ddda6c5:7:f062ec40c033aa8c2a8ec93fcfc05443:7:2ff9d748b5e8cc68d2b31c3435578cef:7:e42dab0002a4e906bfd484f143741150:7:7677600c3adca898205158cdae636f0d:7:4155de3b6c359ed6d735b6ae5c880ed2:7:f6eaec7b45db4b379b8485512bd873c1:7:fd9eea380cef475dc54fd99e4e233920: as 59450415a9a86b5b55d9f9347b383e6a
17:43:53.186 [Test worker] DEBUG liquibase - master.changelog.json: migration/vault-schema.changelog-pkey.xml::non-clustered_pk-11::R3.Corda: Computed checksum for dropForeignKeyConstraint:[
    baseTableName="vault_fungible_states_parts"
    constraintName="FK__fung_st_parts__fung_st"
] as 366e0c21ef7697fbe3f3045b1680d699
17:43:53.186 [Test worker] DEBUG liquibase - master.changelog.json: migration/vault-schema.changelog-pkey.xml::non-clustered_pk-11::R3.Corda: Computed checksum for dropPrimaryKey:[
    constraintName="vault_fungible_states_pkey"
    tableName="vault_fungible_states"
] as f27f6f6e80b50caaa06aa6c747243425
17:43:53.217 [Test worker] DEBUG liquibase - master.changelog.json: migration/vault-schema.changelog-pkey.xml::non-clustered_pk-11::R3.Corda: Computed checksum for addPrimaryKey:[
    clustered="false"
    columnNames="output_index, transaction_id"
    constraintName="vault_fungible_states_pkey"
    tableName="vault_fungible_states"
] as 0729afe4c34a21623a8f5744790f34c4
17:43:53.217 [Test worker] DEBUG liquibase - master.changelog.json: migration/vault-schema.changelog-pkey.xml::non-clustered_pk-11::R3.Corda: Computed checksum for addForeignKeyConstraint:[
    baseColumnNames="output_index,transaction_id"
    baseTableName="vault_fungible_states_parts"
    constraintName="FK__fung_st_parts__fung_st"
    referencedColumnNames="output_index,transaction_id"
    referencedTableName="vault_fungible_states"
] as 0eece996759bc05f893e13edcc7012b3
17:43:53.218 [Test worker] DEBUG liquibase - master.changelog.json: migration/vault-schema.changelog-pkey.xml::non-clustered_pk-11::R3.Corda: Computed checksum for 7:366e0c21ef7697fbe3f3045b1680d699:7:f27f6f6e80b50caaa06aa6c747243425:7:0729afe4c34a21623a8f5744790f34c4:7:0eece996759bc05f893e13edcc7012b3: as c88a8494afc1f2507131e709b3ec4f1e
17:43:53.218 [Test worker] INFO liquibase - master.changelog.json: migration/vault-schema.changelog-pkey.xml::non-clustered_pk-11::R3.Corda: Skipping changeSet migration/vault-schema.changelog-pkey.xml::non-clustered_pk-11::R3.Corda due to validation error(s): clustered is not allowed on h2
17:43:53.219 [Test worker] DEBUG liquibase - master.changelog.json: migration/vault-schema.changelog-pkey.xml::non-clustered_pk-12::R3.Corda: Computed checksum for dropForeignKeyConstraint:[
    baseTableName="vault_linear_states_parts"
    constraintName="FK__lin_stat_parts__lin_stat"
] as c9ce07b51242a8f54da9e570853dc34f
17:43:53.219 [Test worker] DEBUG liquibase - master.changelog.json: migration/vault-schema.changelog-pkey.xml::non-clustered_pk-12::R3.Corda: Computed checksum for dropPrimaryKey:[
    constraintName="vault_linear_states_pkey"
    tableName="vault_linear_states"
] as d986066259edad3f263694f099f02f7f
17:43:53.220 [Test worker] DEBUG liquibase - master.changelog.json: migration/vault-schema.changelog-pkey.xml::non-clustered_pk-12::R3.Corda: Computed checksum for addPrimaryKey:[
    clustered="false"
    columnNames="output_index, transaction_id"
    constraintName="vault_linear_states_pkey"
    tableName="vault_linear_states"
] as c26064d58e4f1b2610b6d01e5c0b9b5b
17:43:53.220 [Test worker] DEBUG liquibase - master.changelog.json: migration/vault-schema.changelog-pkey.xml::non-clustered_pk-12::R3.Corda: Computed checksum for addForeignKeyConstraint:[
    baseColumnNames="output_index,transaction_id"
    baseTableName="vault_linear_states_parts"
    constraintName="FK__lin_stat_parts__lin_stat"
    referencedColumnNames="output_index,transaction_id"
    referencedTableName="vault_linear_states"
] as c3bfc19faabd85d1ada74a704975075a
17:43:53.221 [Test worker] DEBUG liquibase - master.changelog.json: migration/vault-schema.changelog-pkey.xml::non-clustered_pk-12::R3.Corda: Computed checksum for 7:c9ce07b51242a8f54da9e570853dc34f:7:d986066259edad3f263694f099f02f7f:7:c26064d58e4f1b2610b6d01e5c0b9b5b:7:c3bfc19faabd85d1ada74a704975075a: as 5569de8454d891688bbb7510f634782f
17:43:53.221 [Test worker] INFO liquibase - master.changelog.json: migration/vault-schema.changelog-pkey.xml::non-clustered_pk-12::R3.Corda: Skipping changeSet migration/vault-schema.changelog-pkey.xml::non-clustered_pk-12::R3.Corda due to validation error(s): clustered is not allowed on h2
17:43:53.221 [Test worker] DEBUG liquibase - master.changelog.json: migration/vault-schema.changelog-pkey.xml::non-clustered_pk-13::R3.Corda: Computed checksum for dropPrimaryKey:[
    constraintName="vault_states_pkey"
    tableName="vault_states"
] as de17bd04796a6e54cb5606dceff73aec
17:43:53.221 [Test worker] DEBUG liquibase - master.changelog.json: migration/vault-schema.changelog-pkey.xml::non-clustered_pk-13::R3.Corda: Computed checksum for addPrimaryKey:[
    clustered="false"
    columnNames="output_index, transaction_id"
    constraintName="vault_states_pkey"
    tableName="vault_states"
] as 70c1298ee3ac2d16aba8b2ac6ed5b568
17:43:53.221 [Test worker] DEBUG liquibase - master.changelog.json: migration/vault-schema.changelog-pkey.xml::non-clustered_pk-13::R3.Corda: Computed checksum for 7:de17bd04796a6e54cb5606dceff73aec:7:70c1298ee3ac2d16aba8b2ac6ed5b568: as c786c529ecdaa33f87d3fc9ed88111f4
17:43:53.221 [Test worker] INFO liquibase - master.changelog.json: migration/vault-schema.changelog-pkey.xml::non-clustered_pk-13::R3.Corda: Skipping changeSet migration/vault-schema.changelog-pkey.xml::non-clustered_pk-13::R3.Corda due to validation error(s): clustered is not allowed on h2
17:43:53.221 [Test worker] DEBUG liquibase - master.changelog.json: migration/vault-schema.changelog-v5.xml::add_relevancy_status_column::R3.Corda: Computed checksum for addColumn:[
    columns=[
        [
            name="relevancy_status"
            type="INT"
        ]
    ]
    tableName="vault_states"
] as f4c3dbd35bfa9d2a1021acafdac959d6
17:43:53.221 [Test worker] DEBUG liquibase - master.changelog.json: migration/vault-schema.changelog-v5.xml::add_relevancy_status_column::R3.Corda: Computed checksum for update:[
    columns=[
        [
            name="relevancy_status"
            valueNumeric="0"
        ]
    ]
    tableName="vault_states"
] as c3f226e53f5bf04fd8506465c55d3a42
17:43:53.221 [Test worker] DEBUG liquibase - master.changelog.json: migration/vault-schema.changelog-v5.xml::add_relevancy_status_column::R3.Corda: Computed checksum for addNotNullConstraint:[
    columnDataType="INT"
    columnName="relevancy_status"
    tableName="vault_states"
] as a4104ab76f534885eeb63a0690843f78
17:43:53.221 [Test worker] DEBUG liquibase - master.changelog.json: migration/vault-schema.changelog-v5.xml::add_relevancy_status_column::R3.Corda: Computed checksum for 7:f4c3dbd35bfa9d2a1021acafdac959d6:7:c3f226e53f5bf04fd8506465c55d3a42:7:a4104ab76f534885eeb63a0690843f78: as bd7c3258179f34f231f6ae51e3313fc4
17:43:53.221 [Test worker] DEBUG liquibase - master.changelog.json: migration/vault-schema.changelog-v6.xml::add_is_constraint_information_columns::R3.Corda: Computed checksum for addColumn:[
    columns=[
        [
            [
                nullable="false"
            ]
            defaultValue="0"
            name="constraint_type"
            type="INT"
        ]
    ]
    tableName="vault_states"
] as ec4183b38221d9efb81468b6b58469ad
17:43:53.221 [Test worker] DEBUG liquibase - master.changelog.json: migration/vault-schema.changelog-v6.xml::add_is_constraint_information_columns::R3.Corda: Computed checksum for addColumn:[
    columns=[
        [
            [
                nullable="true"
            ]
            name="constraint_data"
            type="varbinary(563)"
        ]
    ]
    tableName="vault_states"
] as a62d1e80b99c304b04f3ac1ec994ed59
17:43:53.221 [Test worker] DEBUG liquibase - master.changelog.json: migration/vault-schema.changelog-v6.xml::add_is_constraint_information_columns::R3.Corda: Computed checksum for 7:ec4183b38221d9efb81468b6b58469ad:7:a62d1e80b99c304b04f3ac1ec994ed59: as 7d7cf7015d299a7fefb6e81aa563e208
17:43:53.221 [Test worker] DEBUG liquibase - master.changelog.json: migration/vault-schema.changelog-v7.xml::make_issuer_ref_nullable::R3.Corda: Computed checksum for dropNotNullConstraint:[
    columnDataType="varbinary(512)"
    columnName="issuer_ref"
    tableName="vault_fungible_states"
] as b549f88798da86b579f7e3421c6019ed
17:43:53.221 [Test worker] DEBUG liquibase - master.changelog.json: migration/vault-schema.changelog-v7.xml::make_issuer_ref_nullable::R3.Corda: Computed checksum for 7:b549f88798da86b579f7e3421c6019ed: as 016e083b176a76fc50d74e3fe07ca1cb
17:43:53.221 [Test worker] DEBUG liquibase - master.changelog.json: migration/vault-schema.changelog-v8.xml::create-external-id-to-state-party-view::R3.Corda: Computed checksum for createTable:[
    columns=[
        [
            name="output_index"
            type="INT"
        ],
        [
            name="transaction_id"
            type="NVARCHAR(64)"
        ],
        [
            [
                nullable="false"
            ]
            name="public_key_hash"
            type="NVARCHAR(255)"
        ],
        [
            name="x500_name"
            type="NVARCHAR(255)"
        ]
    ]
    tableName="state_party"
] as 3b063e299ebe197af7a457ea726b2800
17:43:53.221 [Test worker] DEBUG liquibase - master.changelog.json: migration/vault-schema.changelog-v8.xml::create-external-id-to-state-party-view::R3.Corda: Computed checksum for createIndex:[
    columns=[
        [
            name="public_key_hash"
        ]
    ]
    indexName="state_pk_hash_idx"
    tableName="state_party"
] as 450b82f224c850f2465386ef7a707b92
17:43:53.221 [Test worker] DEBUG liquibase - master.changelog.json: migration/vault-schema.changelog-v8.xml::create-external-id-to-state-party-view::R3.Corda: Computed checksum for createTable:[
    columns=[
        [
            [
                nullable="false"
            ]
            name="id"
            type="BIGINT"
        ],
        [
            [
                nullable="false"
            ]
            name="external_id"
            type="VARCHAR(255)"
        ],
        [
            [
                nullable="false"
            ]
            name="public_key_hash"
            type="NVARCHAR(255)"
        ]
    ]
    tableName="pk_hash_to_ext_id_map"
] as 190b235511991d2151d47c903cd91db4
17:43:53.221 [Test worker] DEBUG liquibase - master.changelog.json: migration/vault-schema.changelog-v8.xml::create-external-id-to-state-party-view::R3.Corda: Computed checksum for createIndex:[
    columns=[
        [
            name="public_key_hash"
        ]
    ]
    indexName="pk_hash_to_xid_idx"
    tableName="pk_hash_to_ext_id_map"
] as 1ee9b085d397f1a43f3b474588eddf9f
17:43:53.221 [Test worker] DEBUG liquibase - master.changelog.json: migration/vault-schema.changelog-v8.xml::create-external-id-to-state-party-view::R3.Corda: Computed checksum for createView:[
    selectQuery="select
                state_party.public_key_hash,
                state_party.transaction_id,
                state_party.output_index,
                pk_hash_to_ext_id_map.external_id
            from state_party
            join pk_hash_to_ext_id_map
            on state_party.public_key_hash = pk_hash_to_ext_id_map.public_key_hash"
    viewName="v_pkey_hash_ex_id_map"
] as 439c1337ca50f7fd62b4d377ac192053
17:43:53.221 [Test worker] DEBUG liquibase - master.changelog.json: migration/vault-schema.changelog-v8.xml::create-external-id-to-state-party-view::R3.Corda: Computed checksum for 7:3b063e299ebe197af7a457ea726b2800:7:450b82f224c850f2465386ef7a707b92:7:190b235511991d2151d47c903cd91db4:7:1ee9b085d397f1a43f3b474588eddf9f:7:439c1337ca50f7fd62b4d377ac192053: as 68a2e794e4726e4e40b28753c7a64413
17:43:53.221 [Test worker] DEBUG liquibase - master.changelog.json: migration/node-info.changelog-init.xml::1511451595465-4::R3.Corda: Computed checksum for createTable:[
    columns=[
        [
            [
                nullable="false"
            ]
            name="node_info_id"
            type="INT"
        ],
        [
            [
                nullable="false"
            ]
            name="party_name"
            type="NVARCHAR(255)"
        ]
    ]
    tableName="node_link_nodeinfo_party"
] as 5f0557f6684939cfe82574a45344afd3
17:43:53.221 [Test worker] DEBUG liquibase - master.changelog.json: migration/node-info.changelog-init.xml::1511451595465-4::R3.Corda: Computed checksum for 7:5f0557f6684939cfe82574a45344afd3: as 86561ccea3a7fbbdb311d455076c98a8
17:43:53.237 [Test worker] DEBUG liquibase - master.changelog.json: migration/node-info.changelog-init.xml::1511451595465-10::R3.Corda: Computed checksum for createTable:[
    columns=[
        [
            [
                nullable="false"
            ]
            name="host"
            type="NVARCHAR(255)"
        ],
        [
            [
                nullable="false"
            ]
            name="port"
            type="INT"
        ],
        [
            name="node_info_id"
            type="INT"
        ]
    ]
    tableName="node_info_hosts"
] as 6f08193361f660a382cf54820e056a20
17:43:53.237 [Test worker] DEBUG liquibase - master.changelog.json: migration/node-info.changelog-init.xml::1511451595465-10::R3.Corda: Computed checksum for 7:6f08193361f660a382cf54820e056a20: as 86dcf13717e5dbc4c623523618380bdd
17:43:53.237 [Test worker] DEBUG liquibase - master.changelog.json: migration/node-info.changelog-init.xml::1511451595465-11::R3.Corda: Computed checksum for createTable:[
    columns=[
        [
            [
                nullable="false"
            ]
            name="party_name"
            type="NVARCHAR(255)"
        ],
        [
            [
                nullable="false"
            ]
            name="ismain"
            type="BOOLEAN"
        ],
        [
            name="owning_key_hash"
            type="NVARCHAR(130)"
        ],
        [
            name="party_cert_binary"
            type="blob"
        ]
    ]
    tableName="n... [truncated in log] as 6e371f832176dde950fe6998501cc7aa
17:43:53.237 [Test worker] DEBUG liquibase - master.changelog.json: migration/node-info.changelog-init.xml::1511451595465-11::R3.Corda: Computed checksum for 7:6e371f832176dde950fe6998501cc7aa: as ddf2ea133beca979abcb7e627a37db60
17:43:53.237 [Test worker] DEBUG liquibase - master.changelog.json: migration/node-info.changelog-init.xml::1511451595465-12::R3.Corda: Computed checksum for createTable:[
    columns=[
        [
            [
                nullable="false"
            ]
            name="node_info_id"
            type="INT"
        ],
        [
            name="node_info_hash"
            type="NVARCHAR(64)"
        ],
        [
            name="platform_version"
            type="INT"
        ],
        [
            name="serial"
            type="BIGINT"
        ]
    ]
    tableName="node_infos"
] as c5eb4436bba09a4bfb27e08b68cc57b0
17:43:53.237 [Test worker] DEBUG liquibase - master.changelog.json: migration/node-info.changelog-init.xml::1511451595465-12::R3.Corda: Computed checksum for 7:c5eb4436bba09a4bfb27e08b68cc57b0: as 2a2169c32d87fdc3442c6096740a52a5
17:43:53.237 [Test worker] DEBUG liquibase - master.changelog.json: migration/node-info.changelog-init.xml::1511451595465-35::R3.Corda: Computed checksum for addPrimaryKey:[
    columnNames="host, port"
    constraintName="node_info_hosts_pkey"
    tableName="node_info_hosts"
] as 00c44e883bc12a3353188495f454f0f6
17:43:53.237 [Test worker] DEBUG liquibase - master.changelog.json: migration/node-info.changelog-init.xml::1511451595465-35::R3.Corda: Computed checksum for 7:00c44e883bc12a3353188495f454f0f6: as 5c8230d7f489b4b961c3b52b3335e5ff
17:43:53.237 [Test worker] DEBUG liquibase - master.changelog.json: migration/node-info.changelog-init.xml::1511451595465-36::R3.Corda: Computed checksum for addPrimaryKey:[
    columnNames="party_name"
    constraintName="node_info_party_cert_pkey"
    tableName="node_info_party_cert"
] as 14054c7885bede3bc60af5d2dd08a9c8
17:43:53.237 [Test worker] DEBUG liquibase - master.changelog.json: migration/node-info.changelog-init.xml::1511451595465-36::R3.Corda: Computed checksum for 7:14054c7885bede3bc60af5d2dd08a9c8: as a4293247b9113bb0895d15e212ded67d
17:43:53.237 [Test worker] DEBUG liquibase - master.changelog.json: migration/node-info.changelog-init.xml::1511451595465-37::R3.Corda: Computed checksum for addPrimaryKey:[
    columnNames="node_info_id"
    constraintName="node_infos_pkey"
    tableName="node_infos"
] as 6adf6458b4512d6bc5ca5813c2707e3d
17:43:53.237 [Test worker] DEBUG liquibase - master.changelog.json: migration/node-info.changelog-init.xml::1511451595465-37::R3.Corda: Computed checksum for 7:6adf6458b4512d6bc5ca5813c2707e3d: as 3f7b9e25544e21798cc648d8ab2056b7
17:43:53.237 [Test worker] DEBUG liquibase - master.changelog.json: migration/node-info.changelog-init.xml::1511451595465-62::R3.Corda: Computed checksum for addForeignKeyConstraint:[
    baseColumnNames="node_info_id"
    baseTableName="node_link_nodeinfo_party"
    constraintName="FK__link_nodeinfo_party__infos"
    referencedColumnNames="node_info_id"
    referencedTableName="node_infos"
] as 1a56cab722da6c0a210824ac187fea47
17:43:53.237 [Test worker] DEBUG liquibase - master.changelog.json: migration/node-info.changelog-init.xml::1511451595465-62::R3.Corda: Computed checksum for 7:1a56cab722da6c0a210824ac187fea47: as 64add0a3b0350cfe6fa3de1428a38397
17:43:53.237 [Test worker] DEBUG liquibase - master.changelog.json: migration/node-info.changelog-init.xml::1511451595465-63::R3.Corda: Computed checksum for addForeignKeyConstraint:[
    baseColumnNames="node_info_id"
    baseTableName="node_info_hosts"
    constraintName="FK__info_hosts__infos"
    referencedColumnNames="node_info_id"
    referencedTableName="node_infos"
] as c5982833d4ecc3f6e19b870ef3cdafdc
17:43:53.237 [Test worker] DEBUG liquibase - master.changelog.json: migration/node-info.changelog-init.xml::1511451595465-63::R3.Corda: Computed checksum for 7:c5982833d4ecc3f6e19b870ef3cdafdc: as 6ea0c3bb234d14956401b6b281531832
17:43:53.237 [Test worker] DEBUG liquibase - master.changelog.json: migration/node-info.changelog-init.xml::remove_host_port_pk::R3.Corda: Computed checksum for delete:[
    tableName="node_infos"
] as 88f0f3be4f28bb97a4eff8bb6c643615
17:43:53.237 [Test worker] DEBUG liquibase - master.changelog.json: migration/node-info.changelog-init.xml::remove_host_port_pk::R3.Corda: Computed checksum for delete:[
    tableName="node_link_nodeinfo_party"
] as 8ae8d78f410d9978c57e0e7d4383c311
17:43:53.237 [Test worker] DEBUG liquibase - master.changelog.json: migration/node-info.changelog-init.xml::remove_host_port_pk::R3.Corda: Computed checksum for delete:[
    tableName="node_info_hosts"
] as c66698861dc70f2bc2f0d1aefc556a8b
17:43:53.237 [Test worker] DEBUG liquibase - master.changelog.json: migration/node-info.changelog-init.xml::remove_host_port_pk::R3.Corda: Computed checksum for delete:[
    tableName="node_info_party_cert"
] as f57d560d22a52dd192fdb3fbbb679576
17:43:53.237 [Test worker] DEBUG liquibase - master.changelog.json: migration/node-info.changelog-init.xml::remove_host_port_pk::R3.Corda: Computed checksum for dropPrimaryKey:[
    constraintName="node_info_hosts_pkey"
    tableName="node_info_hosts"
] as 8b8f98fcef92cc953b306c56fe61762f
17:43:53.237 [Test worker] DEBUG liquibase - master.changelog.json: migration/node-info.changelog-init.xml::remove_host_port_pk::R3.Corda: Computed checksum for addColumn:[
    columns=[
        [
            [
                nullable="false"
            ]
            name="hosts_id"
            type="INT"
        ]
    ]
    tableName="node_info_hosts"
] as 2bc19defe8eb317936eb134f5cf66983
17:43:53.237 [Test worker] DEBUG liquibase - master.changelog.json: migration/node-info.changelog-init.xml::remove_host_port_pk::R3.Corda: Computed checksum for addPrimaryKey:[
    columnNames="hosts_id"
    constraintName="node_info_hosts_pkey_id"
    tableName="node_info_hosts"
] as fb8c4f0a4999978cac06928bb4f0134a
17:43:53.237 [Test worker] DEBUG liquibase - master.changelog.json: migration/node-info.changelog-init.xml::remove_host_port_pk::R3.Corda: Computed checksum for 7:88f0f3be4f28bb97a4eff8bb6c643615:7:8ae8d78f410d9978c57e0e7d4383c311:7:c66698861dc70f2bc2f0d1aefc556a8b:7:f57d560d22a52dd192fdb3fbbb679576:7:8b8f98fcef92cc953b306c56fe61762f:7:2bc19defe8eb317936eb134f5cf66983:7:fb8c4f0a4999978cac06928bb4f0134a: as cb733f12ced82860fd296bb0c94c5072
17:43:53.237 [Test worker] DEBUG liquibase - master.changelog.json: migration/node-info.changelog-v1.xml::key/value node properties table::R3.Corda: Computed checksum for createTable:[
    columns=[
        [
            [
                nullable="false"
            ]
            name="property_key"
            type="NVARCHAR(255)"
        ],
        [
            name="property_value"
            type="NVARCHAR(255)"
        ]
    ]
    tableName="node_properties"
] as 17113a8df38982bab57e5f97485915b2
17:43:53.237 [Test worker] DEBUG liquibase - master.changelog.json: migration/node-info.changelog-v1.xml::key/value node properties table::R3.Corda: Computed checksum for 7:17113a8df38982bab57e5f97485915b2: as 05241b402dd60a4e1eeb86ad6c5eff9e
17:43:53.237 [Test worker] DEBUG liquibase - master.changelog.json: migration/node-info.changelog-v2.xml::1525962920::R3.Corda: Computed checksum for addNotNullConstraint:[
    columnDataType="NVARCHAR(64)"
    columnName="node_info_hash"
    tableName="node_infos"
] as 736d3fb9862e810788216a889c726699
17:43:53.237 [Test worker] DEBUG liquibase - master.changelog.json: migration/node-info.changelog-v2.xml::1525962920::R3.Corda: Computed checksum for addNotNullConstraint:[
    columnDataType="INT"
    columnName="platform_version"
    tableName="node_infos"
] as 76d2d2c9dd1c6954d572cd5a4d47366e
17:43:53.237 [Test worker] DEBUG liquibase - master.changelog.json: migration/node-info.changelog-v2.xml::1525962920::R3.Corda: Computed checksum for addNotNullConstraint:[
    columnDataType="BIGINT"
    columnName="serial"
    tableName="node_infos"
] as 26157af814171c1d3bd6f883bb5c39e8
17:43:53.237 [Test worker] DEBUG liquibase - master.changelog.json: migration/node-info.changelog-v2.xml::1525962920::R3.Corda: Computed checksum for dropNotNullConstraint:[
    columnDataType="NVARCHAR(255)"
    columnName="host"
    tableName="node_info_hosts"
] as 603a060f34f7e4bd2d4bff3b8a6621af
17:43:53.237 [Test worker] DEBUG liquibase - master.changelog.json: migration/node-info.changelog-v2.xml::1525962920::R3.Corda: Computed checksum for dropNotNullConstraint:[
    columnDataType="INT"
    columnName="port"
    tableName="node_info_hosts"
] as 1ad496134a62a18677ebb23168117bbe
17:43:53.253 [Test worker] DEBUG liquibase - master.changelog.json: migration/node-info.changelog-v2.xml::1525962920::R3.Corda: Computed checksum for addNotNullConstraint:[
    columnDataType="NVARCHAR(130)"
    columnName="owning_key_hash"
    tableName="node_info_party_cert"
] as eb00d90a19da5f3ab4970aa0b2674aae
17:43:53.253 [Test worker] DEBUG liquibase - master.changelog.json: migration/node-info.changelog-v2.xml::1525962920::R3.Corda: Computed checksum for addNotNullConstraint:[
    columnDataType="blob"
    columnName="party_cert_binary"
    tableName="node_info_party_cert"
] as 25f38c720c603b2dea35550bedab555a
17:43:53.253 [Test worker] DEBUG liquibase - master.changelog.json: migration/node-info.changelog-v2.xml::1525962920::R3.Corda: Computed checksum for 7:736d3fb9862e810788216a889c726699:7:76d2d2c9dd1c6954d572cd5a4d47366e:7:26157af814171c1d3bd6f883bb5c39e8:7:603a060f34f7e4bd2d4bff3b8a6621af:7:1ad496134a62a18677ebb23168117bbe:7:eb00d90a19da5f3ab4970aa0b2674aae:7:25f38c720c603b2dea35550bedab555a: as c3fd83668d5ed4acdefcad3f90944935
17:43:53.253 [Test worker] DEBUG liquibase - master.changelog.json: migration/node-info.changelog-v3.xml::column_host_name::R3.Corda: Computed checksum for renameColumn:[
    newColumnName="host_name"
    oldColumnName="host"
    tableName="node_info_hosts"
] as 2492206013627f2b53e89a302025675a
17:43:53.253 [Test worker] DEBUG liquibase - master.changelog.json: migration/node-info.changelog-v3.xml::column_host_name::R3.Corda: Computed checksum for 7:2492206013627f2b53e89a302025675a: as fc4ceb3b82e44070da1fff49a7b5cccb
17:43:53.253 [Test worker] DEBUG liquibase - master.changelog.json: migration/node-services.changelog-init.xml::1511451595465-5::R3.Corda: Computed checksum for createTable:[
    columns=[
        [
            [
                nullable="false"
            ]
            name="att_id"
            type="NVARCHAR(255)"
        ],
        [
            name="content"
            type="blob"
        ],
        [
            name="filename"
            type="NVARCHAR(255)"
        ],
        [
            [
                nullable="false"
            ]
            name="insertion_date"
            type="timestamp"
        ],
        [
            name="uplo... [truncated in log] as 7eb17f5047b5f49e47197095dde1065c
17:43:53.253 [Test worker] DEBUG liquibase - master.changelog.json: migration/node-services.changelog-init.xml::1511451595465-5::R3.Corda: Computed checksum for 7:7eb17f5047b5f49e47197095dde1065c: as 464a5bbaf24fe78716c38c544dc81f3c
17:43:53.323 [Test worker] DEBUG liquibase - master.changelog.json: migration/node-services.changelog-init.xml::1511451595465-7::R3.Corda: Computed checksum for createTable:[
    columns=[
        [
            [
                nullable="false"
            ]
            name="checkpoint_id"
            type="NVARCHAR(64)"
        ],
        [
            name="checkpoint_value"
            type="blob"
        ]
    ]
    tableName="node_checkpoints"
] as 4f2d38f516c2eeb1483d86b4a25f26c6
17:43:53.324 [Test worker] DEBUG liquibase - master.changelog.json: migration/node-services.changelog-init.xml::1511451595465-7::R3.Corda: Computed checksum for 7:4f2d38f516c2eeb1483d86b4a25f26c6: as 2870aa3a468e81bab1cd24ac70ca2163
17:43:53.325 [Test worker] DEBUG liquibase - master.changelog.json: migration/node-services.changelog-init.xml::1511451595465-8::R3.Corda: Computed checksum for createTable:[
    columns=[
        [
            [
                nullable="false"
            ]
            name="state_ref"
            type="NVARCHAR(96)"
        ],
        [
            name="contract_class_name"
            type="NVARCHAR(255)"
        ]
    ]
    tableName="node_contract_upgrades"
] as bf4885aea883ac63c151d7d01a760dc1
17:43:53.325 [Test worker] DEBUG liquibase - master.changelog.json: migration/node-services.changelog-init.xml::1511451595465-8::R3.Corda: Computed checksum for 7:bf4885aea883ac63c151d7d01a760dc1: as bf156b1c48e915e7d8090d5162e31c02
17:43:53.326 [Test worker] DEBUG liquibase - master.changelog.json: migration/node-services.changelog-init.xml::1511451595465-9::R3.Corda: Computed checksum for createTable:[
    columns=[
        [
            [
                nullable="false"
            ]
            name="pk_hash"
            type="NVARCHAR(130)"
        ],
        [
            name="identity_value"
            type="blob"
        ]
    ]
    tableName="node_identities"
] as 64ced0b8682a33911d574622be63a98d
17:43:53.326 [Test worker] DEBUG liquibase - master.changelog.json: migration/node-services.changelog-init.xml::1511451595465-9::R3.Corda: Computed checksum for 7:64ced0b8682a33911d574622be63a98d: as ea04cf1cc4ea1112c4cbbf932bc51c56
17:43:53.327 [Test worker] DEBUG liquibase - master.changelog.json: migration/node-services.changelog-init.xml::1511451595465-13::R3.Corda: Computed checksum for createTable:[
    columns=[
        [
            [
                nullable="false"
            ]
            name="message_id"
            type="NVARCHAR(64)"
        ],
        [
            name="insertion_time"
            type="timestamp"
        ]
    ]
    tableName="node_message_ids"
] as 32260ae57d06eabdf47f4f4d600577ce
17:43:53.327 [Test worker] DEBUG liquibase - master.changelog.json: migration/node-services.changelog-init.xml::1511451595465-13::R3.Corda: Computed checksum for 7:32260ae57d06eabdf47f4f4d600577ce: as 340ca6c0b7c87b663b0449535b082f80
17:43:53.328 [Test worker] DEBUG liquibase - master.changelog.json: migration/node-services.changelog-init.xml::1511451595465-14::R3.Corda: Computed checksum for createTable:[
    columns=[
        [
            [
                nullable="false"
            ]
            name="message_id"
            type="BIGINT"
        ],
        [
            name="message"
            type="blob"
        ],
        [
            name="recipients"
            type="blob"
        ]
    ]
    tableName="node_message_retry"
] as c87f1cec41d842caa66dd71a14a6fa34
17:43:53.328 [Test worker] DEBUG liquibase - master.changelog.json: migration/node-services.changelog-init.xml::1511451595465-14::R3.Corda: Computed checksum for 7:c87f1cec41d842caa66dd71a14a6fa34: as 1dc64c73807569fb04c10a9b2d760ff0
17:43:53.328 [Test worker] DEBUG liquibase - master.changelog.json: migration/node-services.changelog-init.xml::1511451595465-15::R3.Corda: Computed checksum for createTable:[
    columns=[
        [
            [
                nullable="false"
            ]
            name="name"
            type="NVARCHAR(128)"
        ],
        [
            name="pk_hash"
            type="NVARCHAR(130)"
        ]
    ]
    tableName="node_named_identities"
] as 9ba9555dab34db960c8083672afee328
17:43:53.330 [Test worker] DEBUG liquibase - master.changelog.json: migration/node-services.changelog-init.xml::1511451595465-15::R3.Corda: Computed checksum for 7:9ba9555dab34db960c8083672afee328: as 108b7d395f7fb3cfc8ce4e364c4008a5
17:43:53.330 [Test worker] DEBUG liquibase - master.changelog.json: migration/node-services.changelog-init.xml::1511451595465-17::R3.Corda: Computed checksum for createTable:[
    columns=[
        [
            [
                nullable="false"
            ]
            name="public_key_hash"
            type="NVARCHAR(130)"
        ],
        [
            name="private_key"
            type="blob"
        ],
        [
            name="public_key"
            type="blob"
        ]
    ]
    tableName="node_our_key_pairs"
] as afc7fa2555c800c74f9ca1b41689a048
17:43:53.331 [Test worker] DEBUG liquibase - master.changelog.json: migration/node-services.changelog-init.xml::1511451595465-17::R3.Corda: Computed checksum for 7:afc7fa2555c800c74f9ca1b41689a048: as a8b4ae7170f56f1df8a23b530bef4dd1
17:43:53.332 [Test worker] DEBUG liquibase - master.changelog.json: migration/node-services.changelog-init.xml::1511451595465-19::R3.Corda: Computed checksum for createTable:[
    columns=[
        [
            [
                nullable="false"
            ]
            name="output_index"
            type="INT"
        ],
        [
            [
                nullable="false"
            ]
            name="transaction_id"
            type="NVARCHAR(64)"
        ],
        [
            [
                nullable="false"
            ]
            name="scheduled_at"
            type="timestamp"
        ]
    ]
    tableName="node_scheduled_states"
] as defd113d95e94bcd27bcdeb3a96be38b
17:43:53.332 [Test worker] DEBUG liquibase - master.changelog.json: migration/node-services.changelog-init.xml::1511451595465-19::R3.Corda: Computed checksum for 7:defd113d95e94bcd27bcdeb3a96be38b: as 2aaf3df7bdbea9c71aa8bea4e14f11ef
17:43:53.333 [Test worker] DEBUG liquibase - master.changelog.json: migration/node-services.changelog-init.xml::1511451595465-20::R3.Corda: Computed checksum for createTable:[
    columns=[
        [
            [
                nullable="false"
            ]
            name="tx_id"
            type="NVARCHAR(64)"
        ],
        [
            name="state_machine_run_id"
            type="NVARCHAR(36)"
        ]
    ]
    tableName="node_transaction_mappings"
] as a98109c55addd90e480a6fc1ecb48d1d
17:43:53.333 [Test worker] DEBUG liquibase - master.changelog.json: migration/node-services.changelog-init.xml::1511451595465-20::R3.Corda: Computed checksum for 7:a98109c55addd90e480a6fc1ecb48d1d: as f003464d28fe934c636b24e7c72d9c27
17:43:53.333 [Test worker] DEBUG liquibase - master.changelog.json: migration/node-services.changelog-init.xml::1511451595465-21::R3.Corda: Computed checksum for createTable:[
    columns=[
        [
            [
                nullable="false"
            ]
            name="tx_id"
            type="NVARCHAR(64)"
        ],
        [
            name="transaction_value"
            type="blob"
        ]
    ]
    tableName="node_transactions"
] as af8f3c1c7978f86414e864bc0bb9d453
17:43:53.334 [Test worker] DEBUG liquibase - master.changelog.json: migration/node-services.changelog-init.xml::1511451595465-21::R3.Corda: Computed checksum for 7:af8f3c1c7978f86414e864bc0bb9d453: as 8b167e9074e47be66c742aec5661b5d1
17:43:53.334 [Test worker] DEBUG liquibase - master.changelog.json: migration/node-services.changelog-init.xml::1511451595465-30::R3.Corda: Computed checksum for addPrimaryKey:[
    columnNames="att_id"
    constraintName="node_attachments_pkey"
    tableName="node_attachments"
] as 96b8c8009c4a24b06c8ecd3048142128
17:43:53.334 [Test worker] DEBUG liquibase - master.changelog.json: migration/node-services.changelog-init.xml::1511451595465-30::R3.Corda: Computed checksum for 7:96b8c8009c4a24b06c8ecd3048142128: as 4aa12646e41346c10ae1d18b43468b3e
17:43:53.334 [Test worker] DEBUG liquibase - master.changelog.json: migration/node-services.changelog-init.xml::1511451595465-32::R3.Corda: Computed checksum for addPrimaryKey:[
    columnNames="checkpoint_id"
    constraintName="node_checkpoints_pkey"
    tableName="node_checkpoints"
] as 26e60c36f3099cb85a85082b388391c2
17:43:53.334 [Test worker] DEBUG liquibase - master.changelog.json: migration/node-services.changelog-init.xml::1511451595465-32::R3.Corda: Computed checksum for 7:26e60c36f3099cb85a85082b388391c2: as fa0f2ed27615a3fd2b799bb27b447a36
17:43:53.335 [Test worker] DEBUG liquibase - master.changelog.json: migration/node-services.changelog-init.xml::1511451595465-33::R3.Corda: Computed checksum for addPrimaryKey:[
    columnNames="state_ref"
    constraintName="node_contract_upgrades_pkey"
    tableName="node_contract_upgrades"
] as d4c28cd597e7a32cd0d9f3d2a4104650
17:43:53.335 [Test worker] DEBUG liquibase - master.changelog.json: migration/node-services.changelog-init.xml::1511451595465-33::R3.Corda: Computed checksum for 7:d4c28cd597e7a32cd0d9f3d2a4104650: as 37e38ccee8d375f364abca393727eec7
17:43:53.335 [Test worker] DEBUG liquibase - master.changelog.json: migration/node-services.changelog-init.xml::1511451595465-34::R3.Corda: Computed checksum for addPrimaryKey:[
    columnNames="pk_hash"
    constraintName="node_identities_pkey"
    tableName="node_identities"
] as 18ff03ab4c5827e642ce637c7155bd78
17:43:53.335 [Test worker] DEBUG liquibase - master.changelog.json: migration/node-services.changelog-init.xml::1511451595465-34::R3.Corda: Computed checksum for 7:18ff03ab4c5827e642ce637c7155bd78: as 43d4f1fd6b4b69fcd6b046d8806c8f50
17:43:53.335 [Test worker] DEBUG liquibase - master.changelog.json: migration/node-services.changelog-init.xml::1511451595465-38::R3.Corda: Computed checksum for addPrimaryKey:[
    columnNames="message_id"
    constraintName="node_message_ids_pkey"
    tableName="node_message_ids"
] as 5350f5a01fe53cad542ce506faf827a5
17:43:53.335 [Test worker] DEBUG liquibase - master.changelog.json: migration/node-services.changelog-init.xml::1511451595465-38::R3.Corda: Computed checksum for 7:5350f5a01fe53cad542ce506faf827a5: as 37825d1c920089f5d1d8667fae2a0770
17:43:53.335 [Test worker] DEBUG liquibase - master.changelog.json: migration/node-services.changelog-init.xml::1511451595465-39::R3.Corda: Computed checksum for addPrimaryKey:[
    columnNames="message_id"
    constraintName="node_message_retry_pkey"
    tableName="node_message_retry"
] as 05c5906d403843ddbc494dc9314c47db
17:43:53.336 [Test worker] DEBUG liquibase - master.changelog.json: migration/node-services.changelog-init.xml::1511451595465-39::R3.Corda: Computed checksum for 7:05c5906d403843ddbc494dc9314c47db: as 7cc6fa875e39740c709235ff27960561
17:43:53.336 [Test worker] DEBUG liquibase - master.changelog.json: migration/node-services.changelog-init.xml::1511451595465-40::R3.Corda: Computed checksum for addPrimaryKey:[
    columnNames="name"
    constraintName="node_named_identities_pkey"
    tableName="node_named_identities"
] as 64274859807014ee0d62867ef274028a
17:43:53.336 [Test worker] DEBUG liquibase - master.changelog.json: migration/node-services.changelog-init.xml::1511451595465-40::R3.Corda: Computed checksum for 7:64274859807014ee0d62867ef274028a: as 9fac7485c58064b7e7ddce0bd1af86c4
17:43:53.336 [Test worker] DEBUG liquibase - master.changelog.json: migration/node-services.changelog-init.xml::1511451595465-42::R3.Corda: Computed checksum for addPrimaryKey:[
    columnNames="public_key_hash"
    constraintName="node_our_key_pairs_pkey"
    tableName="node_our_key_pairs"
] as 2dc24802cacd1ecc9195c88381d1e14a
17:43:53.336 [Test worker] DEBUG liquibase - master.changelog.json: migration/node-services.changelog-init.xml::1511451595465-42::R3.Corda: Computed checksum for 7:2dc24802cacd1ecc9195c88381d1e14a: as e3644c4b7315958cfb3a3cd4a3f40946
17:43:53.336 [Test worker] DEBUG liquibase - master.changelog.json: migration/node-services.changelog-init.xml::1511451595465-44::R3.Corda: Computed checksum for addPrimaryKey:[
    columnNames="output_index, transaction_id"
    constraintName="node_scheduled_states_pkey"
    tableName="node_scheduled_states"
] as 4c77187a59774106bd1e1d37d89ae1f1
17:43:53.336 [Test worker] DEBUG liquibase - master.changelog.json: migration/node-services.changelog-init.xml::1511451595465-44::R3.Corda: Computed checksum for 7:4c77187a59774106bd1e1d37d89ae1f1: as 122e6cc40f7e50d8c9ffeb46861ed786
17:43:53.337 [Test worker] DEBUG liquibase - master.changelog.json: migration/node-services.changelog-init.xml::1511451595465-45::R3.Corda: Computed checksum for addPrimaryKey:[
    columnNames="tx_id"
    constraintName="node_transaction_mappings_pkey"
    tableName="node_transaction_mappings"
] as 8cc604e43605d57ebbd96b86580c421d
17:43:53.337 [Test worker] DEBUG liquibase - master.changelog.json: migration/node-services.changelog-init.xml::1511451595465-45::R3.Corda: Computed checksum for 7:8cc604e43605d57ebbd96b86580c421d: as c4ba1fcc19b22e52678633b13053eaa1
17:43:53.337 [Test worker] DEBUG liquibase - master.changelog.json: migration/node-services.changelog-init.xml::1511451595465-46::R3.Corda: Computed checksum for addPrimaryKey:[
    columnNames="tx_id"
    constraintName="node_transactions_pkey"
    tableName="node_transactions"
] as 4965c0f02c5ff2bc61985685f3256218
17:43:53.337 [Test worker] DEBUG liquibase - master.changelog.json: migration/node-services.changelog-init.xml::1511451595465-46::R3.Corda: Computed checksum for 7:4965c0f02c5ff2bc61985685f3256218: as 1a41a33c68c6f56be99cbfa9af7c2646
17:43:53.337 [Test worker] DEBUG liquibase - master.changelog.json: migration/node-services.changelog-init.xml::1511451595465-61::R3.Corda: Computed checksum for addForeignKeyConstraint:[
    baseColumnNames="party_name"
    baseTableName="node_link_nodeinfo_party"
    constraintName="FK__link_ni_p__info_p_cert"
    referencedColumnNames="party_name"
    referencedTableName="node_info_party_cert"
] as 44f7bd5dcfc33807eef117a55a62eef7
17:43:53.337 [Test worker] DEBUG liquibase - master.changelog.json: migration/node-services.changelog-init.xml::1511451595465-61::R3.Corda: Computed checksum for 7:44f7bd5dcfc33807eef117a55a62eef7: as f753db641a982caad48d7169dafbc854
17:43:53.338 [Test worker] DEBUG liquibase - master.changelog.json: migration/node-services.changelog-init.xml::add index att_id::R3.Corda: Computed checksum for createIndex:[
    columns=[
        [
            name="att_id"
        ]
    ]
    indexName="att_id_idx"
    tableName="node_attachments"
] as 52e7146df14351ff7556f6d45bd4fabd
17:43:53.338 [Test worker] DEBUG liquibase - master.changelog.json: migration/node-services.changelog-init.xml::add index att_id::R3.Corda: Computed checksum for 7:52e7146df14351ff7556f6d45bd4fabd: as 302188110e9124abd4ef58020255fbb0
17:43:53.338 [Test worker] DEBUG liquibase - master.changelog.json: migration/node-services.changelog-init.xml::add_contract_attachment::R3.Corda: Computed checksum for createTable:[
    columns=[
        [
            [
                nullable="false"
            ]
            name="att_id"
            type="NVARCHAR(255)"
        ],
        [
            name="contract_class_name"
            type="NVARCHAR(255)"
        ]
    ]
    tableName="node_attchments_contracts"
] as 184098a87199f7fd6863799c29181b39
17:43:53.338 [Test worker] DEBUG liquibase - master.changelog.json: migration/node-services.changelog-init.xml::add_contract_attachment::R3.Corda: Computed checksum for addForeignKeyConstraint:[
    baseColumnNames="att_id"
    baseTableName="node_attchments_contracts"
    constraintName="FK__ctr_class__attachments"
    referencedColumnNames="att_id"
    referencedTableName="node_attachments"
] as f50a4be698e1b1efc9e456d8a396f45d
17:43:53.339 [Test worker] DEBUG liquibase - master.changelog.json: migration/node-services.changelog-init.xml::add_contract_attachment::R3.Corda: Computed checksum for delete:[
    tableName="node_attachments"
] as 6ab2de0f26c32b87fd416f7bb0b2041a
17:43:53.339 [Test worker] DEBUG liquibase - master.changelog.json: migration/node-services.changelog-init.xml::add_contract_attachment::R3.Corda: Computed checksum for 7:184098a87199f7fd6863799c29181b39:7:f50a4be698e1b1efc9e456d8a396f45d:7:6ab2de0f26c32b87fd416f7bb0b2041a: as 2cfbc6a84cfcd7b8ce011b58aa70f584
17:43:53.339 [Test worker] DEBUG liquibase - master.changelog.json: migration/node-services.changelog-init.xml::add_dedup_columns::R3.Corda: Computed checksum for addColumn:[
    columns=[
        [
            name="sender"
            type="NVARCHAR(64)"
        ],
        [
            name="sequence_number"
            type="BIGINT"
        ]
    ]
    tableName="node_message_ids"
] as 52d08b6e53239379a1a266904ac87a23
17:43:53.339 [Test worker] DEBUG liquibase - master.changelog.json: migration/node-services.changelog-init.xml::add_dedup_columns::R3.Corda: Computed checksum for 7:52d08b6e53239379a1a266904ac87a23: as 376ede2552aa97e8abf9d9a808c16692
17:43:53.340 [Test worker] DEBUG liquibase - master.changelog.json: migration/node-core.changelog-v4.xml::attchments_rename::R3.Corda: Computed checksum for renameTable:[
    newTableName="node_attachments_contracts"
    oldTableName="node_attchments_contracts"
] as 0356ef37e1bbbe5465248f9614a94dd3
17:43:53.340 [Test worker] DEBUG liquibase - master.changelog.json: migration/node-core.changelog-v4.xml::attchments_rename::R3.Corda: Computed checksum for 7:0356ef37e1bbbe5465248f9614a94dd3: as 9c9553fbc45dfa0ec2117a113b1bfb13
17:43:53.340 [Test worker] DEBUG liquibase - master.changelog.json: migration/node-core.changelog-v4.xml::nullability::R3.Corda: Computed checksum for addNotNullConstraint:[
    columnDataType="blob"
    columnName="identity_value"
    tableName="node_identities"
] as 0ff1c74277be0f57d8da467bd3af81ba
17:43:53.340 [Test worker] DEBUG liquibase - master.changelog.json: migration/node-core.changelog-v4.xml::nullability::R3.Corda: Computed checksum for addNotNullConstraint:[
    columnDataType="blob"
    columnName="content"
    tableName="node_attachments"
] as dd563134d4976b0fc550563a3a9547d0
17:43:53.340 [Test worker] DEBUG liquibase - master.changelog.json: migration/node-core.changelog-v4.xml::nullability::R3.Corda: Computed checksum for addNotNullConstraint:[
    columnDataType="NVARCHAR(255)"
    columnName="contract_class_name"
    tableName="node_attachments_contracts"
] as fcbb1bca17f3fdbb18a1857897fc06f5
17:43:53.340 [Test worker] DEBUG liquibase - master.changelog.json: migration/node-core.changelog-v4.xml::nullability::R3.Corda: Computed checksum for addNotNullConstraint:[
    columnDataType="blob"
    columnName="checkpoint_value"
    tableName="node_checkpoints"
] as 58c19f5fa79bba98f82a37d6f4b5a6b9
17:43:53.340 [Test worker] DEBUG liquibase - master.changelog.json: migration/node-core.changelog-v4.xml::nullability::R3.Corda: Computed checksum for addNotNullConstraint:[
    columnDataType="NVARCHAR(255)"
    columnName="contract_class_name"
    tableName="node_contract_upgrades"
] as c29d2d41b0a68e07a140a2368ba5bba1
17:43:53.341 [Test worker] DEBUG liquibase - master.changelog.json: migration/node-core.changelog-v4.xml::nullability::R3.Corda: Computed checksum for addNotNullConstraint:[
    columnDataType="timestamp"
    columnName="insertion_time"
    tableName="node_message_ids"
] as 790718a410431aa28f9264789001ba45
17:43:53.341 [Test worker] DEBUG liquibase - master.changelog.json: migration/node-core.changelog-v4.xml::nullability::R3.Corda: Computed checksum for addNotNullConstraint:[
    columnDataType="blob"
    columnName="message"
    tableName="node_message_retry"
] as 1898ae47388ec4edef20156ecfff9aac
17:43:53.341 [Test worker] DEBUG liquibase - master.changelog.json: migration/node-core.changelog-v4.xml::nullability::R3.Corda: Computed checksum for addNotNullConstraint:[
    columnDataType="blob"
    columnName="recipients"
    tableName="node_message_retry"
] as c8e6a209afb71510082c39b6585beccf
17:43:53.341 [Test worker] DEBUG liquibase - master.changelog.json: migration/node-core.changelog-v4.xml::nullability::R3.Corda: Computed checksum for addNotNullConstraint:[
    columnDataType="NVARCHAR(130)"
    columnName="pk_hash"
    tableName="node_named_identities"
] as a8187d893238bffdbf57cdd9d63bfdba
17:43:53.341 [Test worker] DEBUG liquibase - master.changelog.json: migration/node-core.changelog-v4.xml::nullability::R3.Corda: Computed checksum for addNotNullConstraint:[
    columnDataType="blob"
    columnName="private_key"
    tableName="node_our_key_pairs"
] as b2af64a77f468869df53c57ab50eb85b
17:43:53.341 [Test worker] DEBUG liquibase - master.changelog.json: migration/node-core.changelog-v4.xml::nullability::R3.Corda: Computed checksum for addNotNullConstraint:[
    columnDataType="blob"
    columnName="public_key"
    tableName="node_our_key_pairs"
] as 713d90dc7b4029ace717deb55694f4a5
17:43:53.342 [Test worker] DEBUG liquibase - master.changelog.json: migration/node-core.changelog-v4.xml::nullability::R3.Corda: Computed checksum for addNotNullConstraint:[
    columnDataType="NVARCHAR(36)"
    columnName="state_machine_run_id"
    tableName="node_transaction_mappings"
] as 685dff1bf416bfa2574449a7f932d6f1
17:43:53.342 [Test worker] DEBUG liquibase - master.changelog.json: migration/node-core.changelog-v4.xml::nullability::R3.Corda: Computed checksum for addNotNullConstraint:[
    columnDataType="blob"
    columnName="transaction_value"
    tableName="node_transactions"
] as 9f7524707b3715b2aa22a20bc6fcabc5
17:43:53.342 [Test worker] DEBUG liquibase - master.changelog.json: migration/node-core.changelog-v4.xml::nullability::R3.Corda: Computed checksum for 7:0ff1c74277be0f57d8da467bd3af81ba:7:dd563134d4976b0fc550563a3a9547d0:7:fcbb1bca17f3fdbb18a1857897fc06f5:7:58c19f5fa79bba98f82a37d6f4b5a6b9:7:c29d2d41b0a68e07a140a2368ba5bba1:7:790718a410431aa28f9264789001ba45:7:1898ae47388ec4edef20156ecfff9aac:7:c8e6a209afb71510082c39b6585beccf:7:a8187d893238bffdbf57cdd9d63bfdba:7:b2af64a77f468869df53c57ab50eb85b:7:713d90dc7b4029ace717deb55694f4a5:7:685dff1bf416bfa2574449a7f932d6f1:7:9f7524707b3715b2aa22a20bc6fcabc5: as 73b3f89cdd2a42efebeb125648c28191
17:43:53.342 [Test worker] DEBUG liquibase - master.changelog.json: migration/node-core.changelog-v5.xml::remove_unused_node_message_retry::R3.Corda: Computed checksum for dropTable:[
    tableName="node_message_retry"
] as 8907740960b74152d1e573f64f4ce208
17:43:53.342 [Test worker] DEBUG liquibase - master.changelog.json: migration/node-core.changelog-v5.xml::remove_unused_node_message_retry::R3.Corda: Computed checksum for 7:8907740960b74152d1e573f64f4ce208: as cd120ad46e3a88b0eeaa7ffdcf8a0861
17:43:53.343 [Test worker] DEBUG liquibase - master.changelog.json: migration/node-core.changelog-pkey.xml::non-clustered_pk-1::R3.Corda: Computed checksum for dropPrimaryKey:[
    constraintName="node_checkpoints_pkey"
    tableName="node_checkpoints"
] as 9f99a134773f14ab2cbc2cd6f156b603
17:43:53.343 [Test worker] DEBUG liquibase - master.changelog.json: migration/node-core.changelog-pkey.xml::non-clustered_pk-1::R3.Corda: Computed checksum for addPrimaryKey:[
    clustered="false"
    columnNames="checkpoint_id"
    constraintName="node_checkpoints_pkey"
    tableName="node_checkpoints"
] as a18afa1a1a70b87465896c3520a34c84
17:43:53.343 [Test worker] DEBUG liquibase - master.changelog.json: migration/node-core.changelog-pkey.xml::non-clustered_pk-1::R3.Corda: Computed checksum for 7:9f99a134773f14ab2cbc2cd6f156b603:7:a18afa1a1a70b87465896c3520a34c84: as eb9d9d13536371a16c05f8a89051e6b0
17:43:53.343 [Test worker] INFO liquibase - master.changelog.json: migration/node-core.changelog-pkey.xml::non-clustered_pk-1::R3.Corda: Skipping changeSet migration/node-core.changelog-pkey.xml::non-clustered_pk-1::R3.Corda due to validation error(s): clustered is not allowed on h2
17:43:53.343 [Test worker] DEBUG liquibase - master.changelog.json: migration/node-core.changelog-pkey.xml::non-clustered_pk-2::R3.Corda: Computed checksum for dropPrimaryKey:[
    constraintName="node_identities_pkey"
    tableName="node_identities"
] as 605c45e8edd8d52e86e00a89fe2ac35e
17:43:53.343 [Test worker] DEBUG liquibase - master.changelog.json: migration/node-core.changelog-pkey.xml::non-clustered_pk-2::R3.Corda: Computed checksum for addPrimaryKey:[
    clustered="false"
    columnNames="pk_hash"
    constraintName="node_identities_pkey"
    tableName="node_identities"
] as fbf664dd28d0f4f6c49ae6c1fa52bd3e
17:43:53.343 [Test worker] DEBUG liquibase - master.changelog.json: migration/node-core.changelog-pkey.xml::non-clustered_pk-2::R3.Corda: Computed checksum for 7:605c45e8edd8d52e86e00a89fe2ac35e:7:fbf664dd28d0f4f6c49ae6c1fa52bd3e: as d4192425f4f38b39f3b09611028e5c14
17:43:53.343 [Test worker] INFO liquibase - master.changelog.json: migration/node-core.changelog-pkey.xml::non-clustered_pk-2::R3.Corda: Skipping changeSet migration/node-core.changelog-pkey.xml::non-clustered_pk-2::R3.Corda due to validation error(s): clustered is not allowed on h2
17:43:53.344 [Test worker] DEBUG liquibase - master.changelog.json: migration/node-core.changelog-pkey.xml::non-clustered_pk-3::R3.Corda: Computed checksum for dropPrimaryKey:[
    constraintName="node_message_ids_pkey"
    tableName="node_message_ids"
] as ba87180f3d741766134d74212ca6032f
17:43:53.344 [Test worker] DEBUG liquibase - master.changelog.json: migration/node-core.changelog-pkey.xml::non-clustered_pk-3::R3.Corda: Computed checksum for addPrimaryKey:[
    clustered="false"
    columnNames="message_id"
    constraintName="node_message_ids_pkey"
    tableName="node_message_ids"
] as 8aaadb5242637738d617d395100b45a5
17:43:53.344 [Test worker] DEBUG liquibase - master.changelog.json: migration/node-core.changelog-pkey.xml::non-clustered_pk-3::R3.Corda: Computed checksum for 7:ba87180f3d741766134d74212ca6032f:7:8aaadb5242637738d617d395100b45a5: as 9773a095cc1db7ea3a66e7e5565bb58e
17:43:53.344 [Test worker] INFO liquibase - master.changelog.json: migration/node-core.changelog-pkey.xml::non-clustered_pk-3::R3.Corda: Skipping changeSet migration/node-core.changelog-pkey.xml::non-clustered_pk-3::R3.Corda due to validation error(s): clustered is not allowed on h2
17:43:53.344 [Test worker] DEBUG liquibase - master.changelog.json: migration/node-core.changelog-pkey.xml::non-clustered_pk-4::R3.Corda: Computed checksum for dropPrimaryKey:[
    constraintName="node_named_identities_pkey"
    tableName="node_named_identities"
] as d24b036e035ca98e1702e37946c90818
17:43:53.344 [MockNode-1-2] DEBUG net.corda.node.services.network.NodeInfoWatcher - Read 0 NodeInfo files from build\mock-network\20191014-094255.202\nodes\0\additional-node-infos
17:43:53.344 [MockNode-1-2] DEBUG net.corda.node.services.network.NodeInfoWatcher - Number of removed NodeInfo files 0
17:43:53.344 [Test worker] DEBUG liquibase - master.changelog.json: migration/node-core.changelog-pkey.xml::non-clustered_pk-4::R3.Corda: Computed checksum for addPrimaryKey:[
    clustered="false"
    columnNames="name"
    constraintName="node_named_identities_pkey"
    tableName="node_named_identities"
] as ae93b29e74c25596344b0d7aa14239b9
17:43:53.344 [Test worker] DEBUG liquibase - master.changelog.json: migration/node-core.changelog-pkey.xml::non-clustered_pk-4::R3.Corda: Computed checksum for 7:d24b036e035ca98e1702e37946c90818:7:ae93b29e74c25596344b0d7aa14239b9: as f1e21d4abffbb24133e752eb9cd6a162
17:43:53.344 [Test worker] INFO liquibase - master.changelog.json: migration/node-core.changelog-pkey.xml::non-clustered_pk-4::R3.Corda: Skipping changeSet migration/node-core.changelog-pkey.xml::non-clustered_pk-4::R3.Corda due to validation error(s): clustered is not allowed on h2
17:43:53.345 [Test worker] DEBUG liquibase - master.changelog.json: migration/node-core.changelog-pkey.xml::non-clustered_pk-5::R3.Corda: Computed checksum for dropPrimaryKey:[
    constraintName="node_our_key_pairs_pkey"
    tableName="node_our_key_pairs"
] as 9ac2cf82fe1a0d3a4afa3f284102f0ed
17:43:53.345 [Test worker] DEBUG liquibase - master.changelog.json: migration/node-core.changelog-pkey.xml::non-clustered_pk-5::R3.Corda: Computed checksum for addPrimaryKey:[
    clustered="false"
    columnNames="public_key_hash"
    constraintName="node_our_key_pairs_pkey"
    tableName="node_our_key_pairs"
] as b30cc3700d89cfc198fe0601af670c55
17:43:53.345 [Test worker] DEBUG liquibase - master.changelog.json: migration/node-core.changelog-pkey.xml::non-clustered_pk-5::R3.Corda: Computed checksum for 7:9ac2cf82fe1a0d3a4afa3f284102f0ed:7:b30cc3700d89cfc198fe0601af670c55: as 4ea09df2dbab99be33f8251a40d1c5a6
17:43:53.345 [Test worker] INFO liquibase - master.changelog.json: migration/node-core.changelog-pkey.xml::non-clustered_pk-5::R3.Corda: Skipping changeSet migration/node-core.changelog-pkey.xml::non-clustered_pk-5::R3.Corda due to validation error(s): clustered is not allowed on h2
17:43:53.345 [Test worker] DEBUG liquibase - master.changelog.json: migration/node-core.changelog-pkey.xml::non-clustered_pk-6::R3.Corda: Computed checksum for dropPrimaryKey:[
    constraintName="node_transaction_mappings_pkey"
    tableName="node_transaction_mappings"
] as 983db0cc88ef50f6461218ae4c516eed
17:43:53.345 [Test worker] DEBUG liquibase - master.changelog.json: migration/node-core.changelog-pkey.xml::non-clustered_pk-6::R3.Corda: Computed checksum for addPrimaryKey:[
    clustered="false"
    columnNames="tx_id"
    constraintName="node_transaction_mappings_pkey"
    tableName="node_transaction_mappings"
] as dcb9146c1054916a8af5a4fb2f9152e2
17:43:53.345 [Test worker] DEBUG liquibase - master.changelog.json: migration/node-core.changelog-pkey.xml::non-clustered_pk-6::R3.Corda: Computed checksum for 7:983db0cc88ef50f6461218ae4c516eed:7:dcb9146c1054916a8af5a4fb2f9152e2: as cb349ad07d3039e6d7d2f184988b954f
17:43:53.345 [Test worker] INFO liquibase - master.changelog.json: migration/node-core.changelog-pkey.xml::non-clustered_pk-6::R3.Corda: Skipping changeSet migration/node-core.changelog-pkey.xml::non-clustered_pk-6::R3.Corda due to validation error(s): clustered is not allowed on h2
17:43:53.346 [Test worker] DEBUG liquibase - master.changelog.json: migration/node-core.changelog-pkey.xml::non-clustered_pk-7::R3.Corda: Computed checksum for dropPrimaryKey:[
    constraintName="node_transactions_pkey"
    tableName="node_transactions"
] as f422783d78c2f5d16738c611e1317bf1
17:43:53.346 [Test worker] DEBUG liquibase - master.changelog.json: migration/node-core.changelog-pkey.xml::non-clustered_pk-7::R3.Corda: Computed checksum for addPrimaryKey:[
    clustered="false"
    columnNames="tx_id"
    constraintName="node_transactions_pkey"
    tableName="node_transactions"
] as 457dcb0ccf83fa48cc8a9643c91b9ad4
17:43:53.346 [Test worker] DEBUG liquibase - master.changelog.json: migration/node-core.changelog-pkey.xml::non-clustered_pk-7::R3.Corda: Computed checksum for 7:f422783d78c2f5d16738c611e1317bf1:7:457dcb0ccf83fa48cc8a9643c91b9ad4: as 97c3ef240152c18129859ea5ae999c9e
17:43:53.346 [Test worker] INFO liquibase - master.changelog.json: migration/node-core.changelog-pkey.xml::non-clustered_pk-7::R3.Corda: Skipping changeSet migration/node-core.changelog-pkey.xml::non-clustered_pk-7::R3.Corda due to validation error(s): clustered is not allowed on h2
17:43:53.346 [Test worker] DEBUG liquibase - master.changelog.json: migration/node-core.changelog-v8.xml::conditional_attchments_rename::R3.Corda: Computed checksum for renameTable:[
    newTableName="NODE_ATTACHMENTS_CONTRACTS"
    oldTableName="NODE_ATTCHMENTS_CONTRACTS"
] as 0dba1c02ba10df0f9c88e1631299486e
17:43:53.346 [Test worker] DEBUG liquibase - master.changelog.json: migration/node-core.changelog-v8.xml::conditional_attchments_rename::R3.Corda: Computed checksum for 7:0dba1c02ba10df0f9c88e1631299486e: as c7fcf1b072eb8882179623895abd6a53
17:43:53.348 [Test worker] DEBUG liquibase - master.changelog.json: migration/node-core.changelog-v8.xml::conditional_attchments_contracts::R3.Corda: Computed checksum for renameTable:[
    newTableName="NODE_ATTACHMENTS_CONTRACTS"
    oldTableName="NODE_ATTACHMENTS_CONTRACT_CLASS_NAME"
] as ae58ab3570282cf1723e82df8647178c
17:43:53.348 [Test worker] DEBUG liquibase - master.changelog.json: migration/node-core.changelog-v8.xml::conditional_attchments_contracts::R3.Corda: Computed checksum for 7:ae58ab3570282cf1723e82df8647178c: as 9ec85543b6baac8a877ad21f063a5b13
17:43:53.348 [Test worker] DEBUG liquibase - master.changelog.json: migration/node-core.changelog-v8.xml::add_signers::R3.Corda: Computed checksum for createTable:[
    columns=[
        [
            [
                nullable="false"
            ]
            name="att_id"
            type="NVARCHAR(255)"
        ],
        [
            name="signer"
            type="NVARCHAR(1024)"
        ]
    ]
    tableName="node_attachments_signers"
] as ec83f8cd0344429668e5c2aedd0b2ab3
17:43:53.349 [Test worker] DEBUG liquibase - master.changelog.json: migration/node-core.changelog-v8.xml::add_signers::R3.Corda: Computed checksum for addForeignKeyConstraint:[
    baseColumnNames="att_id"
    baseTableName="node_attachments_signers"
    constraintName="FK__signers__attachments"
    referencedColumnNames="att_id"
    referencedTableName="node_attachments"
] as e86b87f9584ab73e9b56daa91c983050
17:43:53.349 [Test worker] DEBUG liquibase - master.changelog.json: migration/node-core.changelog-v8.xml::add_signers::R3.Corda: Computed checksum for 7:ec83f8cd0344429668e5c2aedd0b2ab3:7:e86b87f9584ab73e9b56daa91c983050: as d1356cd65d19937b81284ea078998d84
17:43:53.350 [Test worker] DEBUG liquibase - master.changelog.json: migration/node-core.changelog-tx-mapping.xml::add_tx_mapping_column::R3.Corda: Computed checksum for addColumn:[
    columns=[
        [
            [
                nullable="true"
            ]
            name="state_machine_run_id"
            type="NVARCHAR(36)"
        ]
    ]
    tableName="node_transactions"
] as 5fdebff63e6f64287935a2e65414d2a3
17:43:53.350 [Test worker] DEBUG liquibase - master.changelog.json: migration/node-core.changelog-tx-mapping.xml::add_tx_mapping_column::R3.Corda: Computed checksum for inputStream as a8472f5cf0c2c13303109942b6dbce69
17:43:53.350 [Test worker] DEBUG liquibase - master.changelog.json: migration/node-core.changelog-tx-mapping.xml::add_tx_mapping_column::R3.Corda: Computed checksum for dropTable:[
    tableName="node_transaction_mappings"
] as b220f3903f4c1c9d2298c35db99c59ac
17:43:53.350 [Test worker] DEBUG liquibase - master.changelog.json: migration/node-core.changelog-tx-mapping.xml::add_tx_mapping_column::R3.Corda: Computed checksum for 7:5fdebff63e6f64287935a2e65414d2a3:7:a8472f5cf0c2c13303109942b6dbce69:7:b220f3903f4c1c9d2298c35db99c59ac: as a0995593179aec45250c383611edd1e2
17:43:53.351 [Test worker] DEBUG liquibase - master.changelog.json: migration/node-services.changelog-init.xml::add_network_parameters_storage::R3.Corda: Computed checksum for createTable:[
    columns=[
        [
            [
                nullable="false"
            ]
            name="hash"
            type="NVARCHAR(130)"
        ],
        [
            [
                nullable="false"
            ]
            name="epoch"
            type="INT"
        ],
        [
            [
                nullable="false"
            ]
            name="parameters_bytes"
            type="BLOB"
        ],
        [
            [
                nullable="false"
    ... [truncated in log] as 0c5ab9f5cdf1cceb5855e79ec0df5990
17:43:53.351 [Test worker] DEBUG liquibase - master.changelog.json: migration/node-services.changelog-init.xml::add_network_parameters_storage::R3.Corda: Computed checksum for 7:0c5ab9f5cdf1cceb5855e79ec0df5990: as 8d5882f94d9f58647903210994573073
17:43:53.351 [Test worker] DEBUG liquibase - master.changelog.json: migration/node-services.changelog-init.xml::network_parameters_pk::R3.Corda: Computed checksum for addPrimaryKey:[
    columnNames="hash"
    constraintName="node_network_parameters_pkey"
    tableName="node_network_parameters"
] as 7398cbb8aa8fc3cf93265e77bbc28f93
17:43:53.351 [Test worker] DEBUG liquibase - master.changelog.json: migration/node-services.changelog-init.xml::network_parameters_pk::R3.Corda: Computed checksum for 7:7398cbb8aa8fc3cf93265e77bbc28f93: as 71635301bd498e4d52b02988795348e6
17:43:53.352 [Test worker] DEBUG liquibase - master.changelog.json: migration/node-services.changelog-init.xml::add_version_column::R3.Corda: Computed checksum for addColumn:[
    columns=[
        [
            name="version"
            type="INT"
        ]
    ]
    tableName="node_attachments"
] as c4c33cea80ccf15793fa7b5e24a6746f
17:43:53.352 [Test worker] DEBUG liquibase - master.changelog.json: migration/node-services.changelog-init.xml::add_version_column::R3.Corda: Computed checksum for inputStream as 7ceaceee938a74c8cea67468ab2e68f4
17:43:53.352 [Test worker] DEBUG liquibase - master.changelog.json: migration/node-services.changelog-init.xml::add_version_column::R3.Corda: Computed checksum for addNotNullConstraint:[
    columnDataType="INT"
    columnName="version"
    tableName="node_attachments"
] as a6d4059f21164657e11caa70338e4c7b
17:43:53.352 [Test worker] DEBUG liquibase - master.changelog.json: migration/node-services.changelog-init.xml::add_version_column::R3.Corda: Computed checksum for 7:c4c33cea80ccf15793fa7b5e24a6746f:7:7ceaceee938a74c8cea67468ab2e68f4:7:a6d4059f21164657e11caa70338e4c7b: as 7d7fb1c90fa05b5fc3b938fd7c520344
17:43:53.352 [Test worker] DEBUG liquibase - master.changelog.json: migration/node-services.changelog-init.xml::update-version-of-whitelisted-jars::R3.Corda: Computed checksum for customChange:[
    class="net.corda.nodeapi.internal.persistence.AttachmentVersionNumberMigration"
    param=[]
] as cccb7fe15337dd836d74b41ef3a3c6f5
17:43:53.352 [Test worker] DEBUG liquibase - master.changelog.json: migration/node-services.changelog-init.xml::update-version-of-whitelisted-jars::R3.Corda: Computed checksum for 7:cccb7fe15337dd836d74b41ef3a3c6f5: as 706b589854273bdf703c4ed7a2a9191b
17:43:53.352 [Test worker] DEBUG liquibase - master.changelog.json: migration/vault-schema.changelog-v9.xml::update-vault-states::R3.Corda: Computed checksum for customChange:[
    class="net.corda.node.migration.VaultStateMigration"
    param=[]
] as d51d633a004ca013feeabe1129953946
17:43:53.352 [Test worker] DEBUG liquibase - master.changelog.json: migration/vault-schema.changelog-v9.xml::update-vault-states::R3.Corda: Computed checksum for 7:d51d633a004ca013feeabe1129953946: as b005d9ddca6ae24f7eb8c275fb095a30
17:43:53.353 [Test worker] DEBUG liquibase - Executing QUERY database command: select count(*) from PUBLIC.DATABASECHANGELOGLOCK
17:43:53.353 [Test worker] DEBUG liquibase - Executing QUERY database command: SELECT LOCKED FROM PUBLIC.DATABASECHANGELOGLOCK WHERE ID=1
17:43:53.353 [Test worker] DEBUG liquibase - Lock Database
17:43:53.354 [Test worker] DEBUG liquibase - Executing UPDATE database command: UPDATE PUBLIC.DATABASECHANGELOGLOCK SET LOCKED = TRUE, LOCKEDBY = 'DELL (192.168.43.160)', LOCKGRANTED = '2019-10-14 17:43:53.353' WHERE ID = 1 AND LOCKED = FALSE
17:43:53.355 [Test worker] INFO liquibase - Successfully acquired change log lock
17:43:53.355 [Test worker] INFO liquibase - master.changelog.json: migration/common.changelog-init.xml::1511451595465-1.3::R3.Corda: Skipping changeSet migration/common.changelog-init.xml::1511451595465-1.3::R3.Corda due to validation error(s): minValue is not allowed on h2
17:43:53.359 [Test worker] INFO liquibase - master.changelog.json: migration/vault-schema.changelog-pkey.xml::non-clustered_pk-11::R3.Corda: Skipping changeSet migration/vault-schema.changelog-pkey.xml::non-clustered_pk-11::R3.Corda due to validation error(s): clustered is not allowed on h2
17:43:53.359 [Test worker] INFO liquibase - master.changelog.json: migration/vault-schema.changelog-pkey.xml::non-clustered_pk-12::R3.Corda: Skipping changeSet migration/vault-schema.changelog-pkey.xml::non-clustered_pk-12::R3.Corda due to validation error(s): clustered is not allowed on h2
17:43:53.360 [Test worker] INFO liquibase - master.changelog.json: migration/vault-schema.changelog-pkey.xml::non-clustered_pk-13::R3.Corda: Skipping changeSet migration/vault-schema.changelog-pkey.xml::non-clustered_pk-13::R3.Corda due to validation error(s): clustered is not allowed on h2
17:43:53.376 [Test worker] INFO liquibase - master.changelog.json: migration/node-core.changelog-pkey.xml::non-clustered_pk-1::R3.Corda: Skipping changeSet migration/node-core.changelog-pkey.xml::non-clustered_pk-1::R3.Corda due to validation error(s): clustered is not allowed on h2
17:43:53.376 [Test worker] INFO liquibase - master.changelog.json: migration/node-core.changelog-pkey.xml::non-clustered_pk-2::R3.Corda: Skipping changeSet migration/node-core.changelog-pkey.xml::non-clustered_pk-2::R3.Corda due to validation error(s): clustered is not allowed on h2
17:43:53.377 [Test worker] INFO liquibase - master.changelog.json: migration/node-core.changelog-pkey.xml::non-clustered_pk-3::R3.Corda: Skipping changeSet migration/node-core.changelog-pkey.xml::non-clustered_pk-3::R3.Corda due to validation error(s): clustered is not allowed on h2
17:43:53.377 [Test worker] INFO liquibase - master.changelog.json: migration/node-core.changelog-pkey.xml::non-clustered_pk-4::R3.Corda: Skipping changeSet migration/node-core.changelog-pkey.xml::non-clustered_pk-4::R3.Corda due to validation error(s): clustered is not allowed on h2
17:43:53.377 [Test worker] INFO liquibase - master.changelog.json: migration/node-core.changelog-pkey.xml::non-clustered_pk-5::R3.Corda: Skipping changeSet migration/node-core.changelog-pkey.xml::non-clustered_pk-5::R3.Corda due to validation error(s): clustered is not allowed on h2
17:43:53.377 [Test worker] INFO liquibase - master.changelog.json: migration/node-core.changelog-pkey.xml::non-clustered_pk-6::R3.Corda: Skipping changeSet migration/node-core.changelog-pkey.xml::non-clustered_pk-6::R3.Corda due to validation error(s): clustered is not allowed on h2
17:43:53.377 [Test worker] INFO liquibase - master.changelog.json: migration/node-core.changelog-pkey.xml::non-clustered_pk-7::R3.Corda: Skipping changeSet migration/node-core.changelog-pkey.xml::non-clustered_pk-7::R3.Corda due to validation error(s): clustered is not allowed on h2
17:43:53.379 [Test worker] DEBUG liquibase - master.changelog.json: migration/common.changelog-init.xml::1511451595465-1.1::R3.Corda: Running Changeset:migration/common.changelog-init.xml::1511451595465-1.1::R3.Corda
17:43:53.379 [Test worker] DEBUG liquibase - master.changelog.json: migration/common.changelog-init.xml::1511451595465-1.1::R3.Corda: Changeset migration/common.changelog-init.xml::1511451595465-1.1::R3.Corda
17:43:53.379 [Test worker] DEBUG liquibase - master.changelog.json: migration/common.changelog-init.xml::1511451595465-1.1::R3.Corda: Executing QUERY database command: SELECT SEQUENCE_NAME FROM INFORMATION_SCHEMA.SEQUENCES WHERE SEQUENCE_SCHEMA = 'null' AND IS_GENERATED=FALSE
17:43:53.381 [Test worker] DEBUG liquibase - master.changelog.json: migration/common.changelog-init.xml::1511451595465-1.1::R3.Corda: Executing QUERY database command: SELECT SEQUENCE_NAME FROM INFORMATION_SCHEMA.SEQUENCES WHERE SEQUENCE_SCHEMA = 'PUBLIC' AND IS_GENERATED=FALSE
17:43:53.382 [Test worker] DEBUG liquibase - master.changelog.json: migration/common.changelog-init.xml::1511451595465-1.1::R3.Corda: Reading ChangeSet: migration/common.changelog-init.xml::1511451595465-1.1::R3.Corda
17:43:53.382 [Test worker] DEBUG liquibase - master.changelog.json: migration/common.changelog-init.xml::1511451595465-1.1::R3.Corda: Executing Statement: liquibase.statement.core.CreateSequenceStatement@3e3438e0
17:43:53.382 [Test worker] DEBUG liquibase - master.changelog.json: migration/common.changelog-init.xml::1511451595465-1.1::R3.Corda: Executing EXECUTE database command: CREATE SEQUENCE PUBLIC.hibernate_sequence
17:43:53.382 [Test worker] INFO liquibase - master.changelog.json: migration/common.changelog-init.xml::1511451595465-1.1::R3.Corda: Sequence hibernate_sequence created
17:43:53.382 [Test worker] INFO liquibase - master.changelog.json: migration/common.changelog-init.xml::1511451595465-1.1::R3.Corda: ChangeSet migration/common.changelog-init.xml::1511451595465-1.1::R3.Corda ran successfully in 3ms
17:43:53.382 [Test worker] DEBUG liquibase - master.changelog.json: migration/common.changelog-init.xml::1511451595465-1.1::R3.Corda: Executing QUERY database command: SELECT MAX(ORDEREXECUTED) FROM PUBLIC.DATABASECHANGELOG
17:43:53.383 [Test worker] DEBUG liquibase - master.changelog.json: migration/common.changelog-init.xml::1511451595465-1.1::R3.Corda: Executing EXECUTE database command: INSERT INTO PUBLIC.DATABASECHANGELOG (ID, AUTHOR, FILENAME, DATEEXECUTED, ORDEREXECUTED, MD5SUM, DESCRIPTION, COMMENTS, EXECTYPE, CONTEXTS, LABELS, LIQUIBASE, DEPLOYMENT_ID) VALUES ('1511451595465-1.1', 'R3.Corda', 'migration/common.changelog-init.xml', NOW(), 1, '7:afe897bea20bc08d1681087c94d0967d', 'createSequence sequenceName=hibernate_sequence', '', 'EXECUTED', NULL, NULL, '3.5.4', '1046233355')
17:43:53.384 [Test worker] DEBUG liquibase - master.changelog.json: migration/common.changelog-init.xml::1511451595465-1.3::R3.Corda: Running Changeset:migration/common.changelog-init.xml::1511451595465-1.3::R3.Corda
17:43:53.385 [Test worker] DEBUG liquibase - master.changelog.json: migration/common.changelog-init.xml::1511451595465-1.3::R3.Corda: Executing EXECUTE database command: INSERT INTO PUBLIC.DATABASECHANGELOG (ID, AUTHOR, FILENAME, DATEEXECUTED, ORDEREXECUTED, MD5SUM, DESCRIPTION, COMMENTS, EXECTYPE, CONTEXTS, LABELS, LIQUIBASE, DEPLOYMENT_ID) VALUES ('1511451595465-1.3', 'R3.Corda', 'migration/common.changelog-init.xml', NOW(), 2, '7:b775a64dd8351ca0b00329ea3e49f44b', 'createSequence sequenceName=hibernate_sequence', '', 'MARK_RAN', NULL, NULL, '3.5.4', '1046233355')
17:43:53.385 [Test worker] DEBUG liquibase - master.changelog.json: migration/vault-schema.changelog-init.xml::1511451595465-22::R3.Corda: Running Changeset:migration/vault-schema.changelog-init.xml::1511451595465-22::R3.Corda
17:43:53.385 [Test worker] DEBUG liquibase - master.changelog.json: migration/vault-schema.changelog-init.xml::1511451595465-22::R3.Corda: Changeset migration/vault-schema.changelog-init.xml::1511451595465-22::R3.Corda
17:43:53.385 [Test worker] DEBUG liquibase - master.changelog.json: migration/vault-schema.changelog-init.xml::1511451595465-22::R3.Corda: Reading ChangeSet: migration/vault-schema.changelog-init.xml::1511451595465-22::R3.Corda
17:43:53.386 [Test worker] DEBUG liquibase - master.changelog.json: migration/vault-schema.changelog-init.xml::1511451595465-22::R3.Corda: Executing Statement: liquibase.statement.core.CreateTableStatement@11ef3a85
17:43:53.386 [Test worker] DEBUG liquibase - master.changelog.json: migration/vault-schema.changelog-init.xml::1511451595465-22::R3.Corda: Executing EXECUTE database command: CREATE TABLE PUBLIC.vault_fungible_states (output_index INT NOT NULL, transaction_id NVARCHAR(64) NOT NULL, issuer_name NVARCHAR(255), issuer_ref VARBINARY(512), owner_name NVARCHAR(255), quantity BIGINT)
17:43:53.387 [Test worker] INFO liquibase - master.changelog.json: migration/vault-schema.changelog-init.xml::1511451595465-22::R3.Corda: Table vault_fungible_states created
17:43:53.387 [Test worker] INFO liquibase - master.changelog.json: migration/vault-schema.changelog-init.xml::1511451595465-22::R3.Corda: ChangeSet migration/vault-schema.changelog-init.xml::1511451595465-22::R3.Corda ran successfully in 2ms
17:43:53.398 [Test worker] DEBUG liquibase - master.changelog.json: migration/vault-schema.changelog-init.xml::1511451595465-22::R3.Corda: Executing EXECUTE database command: INSERT INTO PUBLIC.DATABASECHANGELOG (ID, AUTHOR, FILENAME, DATEEXECUTED, ORDEREXECUTED, MD5SUM, DESCRIPTION, COMMENTS, EXECTYPE, CONTEXTS, LABELS, LIQUIBASE, DEPLOYMENT_ID) VALUES ('1511451595465-22', 'R3.Corda', 'migration/vault-schema.changelog-init.xml', NOW(), 3, '7:1f8a20296ddeb0fc739bd8e7084b0bab', 'createTable tableName=vault_fungible_states', '', 'EXECUTED', NULL, NULL, '3.5.4', '1046233355')
17:43:53.405 [Test worker] DEBUG liquibase - master.changelog.json: migration/vault-schema.changelog-init.xml::1511451595465-23::R3.Corda: Running Changeset:migration/vault-schema.changelog-init.xml::1511451595465-23::R3.Corda
17:43:53.405 [Test worker] DEBUG liquibase - master.changelog.json: migration/vault-schema.changelog-init.xml::1511451595465-23::R3.Corda: Changeset migration/vault-schema.changelog-init.xml::1511451595465-23::R3.Corda
17:43:53.405 [Test worker] DEBUG liquibase - master.changelog.json: migration/vault-schema.changelog-init.xml::1511451595465-23::R3.Corda: Reading ChangeSet: migration/vault-schema.changelog-init.xml::1511451595465-23::R3.Corda
17:43:53.405 [Test worker] DEBUG liquibase - master.changelog.json: migration/vault-schema.changelog-init.xml::1511451595465-23::R3.Corda: Executing Statement: liquibase.statement.core.CreateTableStatement@2e457a79
17:43:53.405 [Test worker] DEBUG liquibase - master.changelog.json: migration/vault-schema.changelog-init.xml::1511451595465-23::R3.Corda: Executing EXECUTE database command: CREATE TABLE PUBLIC.vault_fungible_states_parts (output_index INT NOT NULL, transaction_id NVARCHAR(64) NOT NULL, participants NVARCHAR(255))
17:43:53.405 [Test worker] INFO liquibase - master.changelog.json: migration/vault-schema.changelog-init.xml::1511451595465-23::R3.Corda: Table vault_fungible_states_parts created
17:43:53.405 [Test worker] INFO liquibase - master.changelog.json: migration/vault-schema.changelog-init.xml::1511451595465-23::R3.Corda: ChangeSet migration/vault-schema.changelog-init.xml::1511451595465-23::R3.Corda ran successfully in 0ms
17:43:53.406 [Test worker] DEBUG liquibase - master.changelog.json: migration/vault-schema.changelog-init.xml::1511451595465-23::R3.Corda: Executing EXECUTE database command: INSERT INTO PUBLIC.DATABASECHANGELOG (ID, AUTHOR, FILENAME, DATEEXECUTED, ORDEREXECUTED, MD5SUM, DESCRIPTION, COMMENTS, EXECTYPE, CONTEXTS, LABELS, LIQUIBASE, DEPLOYMENT_ID) VALUES ('1511451595465-23', 'R3.Corda', 'migration/vault-schema.changelog-init.xml', NOW(), 4, '7:1a9f6483c225c03a3a558b5b20306741', 'createTable tableName=vault_fungible_states_parts', '', 'EXECUTED', NULL, NULL, '3.5.4', '1046233355')
17:43:53.407 [Test worker] DEBUG liquibase - master.changelog.json: migration/vault-schema.changelog-init.xml::1511451595465-24::R3.Corda: Running Changeset:migration/vault-schema.changelog-init.xml::1511451595465-24::R3.Corda
17:43:53.407 [Test worker] DEBUG liquibase - master.changelog.json: migration/vault-schema.changelog-init.xml::1511451595465-24::R3.Corda: Changeset migration/vault-schema.changelog-init.xml::1511451595465-24::R3.Corda
17:43:53.407 [Test worker] DEBUG liquibase - master.changelog.json: migration/vault-schema.changelog-init.xml::1511451595465-24::R3.Corda: Reading ChangeSet: migration/vault-schema.changelog-init.xml::1511451595465-24::R3.Corda
17:43:53.407 [Test worker] DEBUG liquibase - master.changelog.json: migration/vault-schema.changelog-init.xml::1511451595465-24::R3.Corda: Executing Statement: liquibase.statement.core.CreateTableStatement@53e74015
17:43:53.407 [Test worker] DEBUG liquibase - master.changelog.json: migration/vault-schema.changelog-init.xml::1511451595465-24::R3.Corda: Executing EXECUTE database command: CREATE TABLE PUBLIC.vault_linear_states (output_index INT NOT NULL, transaction_id NVARCHAR(64) NOT NULL, external_id NVARCHAR(255), uuid VARCHAR(255) NOT NULL)
17:43:53.407 [Test worker] INFO liquibase - master.changelog.json: migration/vault-schema.changelog-init.xml::1511451595465-24::R3.Corda: Table vault_linear_states created
17:43:53.407 [Test worker] INFO liquibase - master.changelog.json: migration/vault-schema.changelog-init.xml::1511451595465-24::R3.Corda: ChangeSet migration/vault-schema.changelog-init.xml::1511451595465-24::R3.Corda ran successfully in 0ms
17:43:53.408 [Test worker] DEBUG liquibase - master.changelog.json: migration/vault-schema.changelog-init.xml::1511451595465-24::R3.Corda: Executing EXECUTE database command: INSERT INTO PUBLIC.DATABASECHANGELOG (ID, AUTHOR, FILENAME, DATEEXECUTED, ORDEREXECUTED, MD5SUM, DESCRIPTION, COMMENTS, EXECTYPE, CONTEXTS, LABELS, LIQUIBASE, DEPLOYMENT_ID) VALUES ('1511451595465-24', 'R3.Corda', 'migration/vault-schema.changelog-init.xml', NOW(), 5, '7:cc33e3b7b7db0e8613421e71352448d1', 'createTable tableName=vault_linear_states', '', 'EXECUTED', NULL, NULL, '3.5.4', '1046233355')
17:43:53.409 [Test worker] DEBUG liquibase - master.changelog.json: migration/vault-schema.changelog-init.xml::1511451595465-25::R3.Corda: Running Changeset:migration/vault-schema.changelog-init.xml::1511451595465-25::R3.Corda
17:43:53.409 [Test worker] DEBUG liquibase - master.changelog.json: migration/vault-schema.changelog-init.xml::1511451595465-25::R3.Corda: Changeset migration/vault-schema.changelog-init.xml::1511451595465-25::R3.Corda
17:43:53.409 [Test worker] DEBUG liquibase - master.changelog.json: migration/vault-schema.changelog-init.xml::1511451595465-25::R3.Corda: Reading ChangeSet: migration/vault-schema.changelog-init.xml::1511451595465-25::R3.Corda
17:43:53.409 [Test worker] DEBUG liquibase - master.changelog.json: migration/vault-schema.changelog-init.xml::1511451595465-25::R3.Corda: Executing Statement: liquibase.statement.core.CreateTableStatement@681701d6
17:43:53.409 [Test worker] DEBUG liquibase - master.changelog.json: migration/vault-schema.changelog-init.xml::1511451595465-25::R3.Corda: Executing EXECUTE database command: CREATE TABLE PUBLIC.vault_linear_states_parts (output_index INT NOT NULL, transaction_id NVARCHAR(64) NOT NULL, participants NVARCHAR(255))
17:43:53.409 [Test worker] INFO liquibase - master.changelog.json: migration/vault-schema.changelog-init.xml::1511451595465-25::R3.Corda: Table vault_linear_states_parts created
17:43:53.409 [Test worker] INFO liquibase - master.changelog.json: migration/vault-schema.changelog-init.xml::1511451595465-25::R3.Corda: ChangeSet migration/vault-schema.changelog-init.xml::1511451595465-25::R3.Corda ran successfully in 0ms
17:43:53.410 [Test worker] DEBUG liquibase - master.changelog.json: migration/vault-schema.changelog-init.xml::1511451595465-25::R3.Corda: Executing EXECUTE database command: INSERT INTO PUBLIC.DATABASECHANGELOG (ID, AUTHOR, FILENAME, DATEEXECUTED, ORDEREXECUTED, MD5SUM, DESCRIPTION, COMMENTS, EXECTYPE, CONTEXTS, LABELS, LIQUIBASE, DEPLOYMENT_ID) VALUES ('1511451595465-25', 'R3.Corda', 'migration/vault-schema.changelog-init.xml', NOW(), 6, '7:cee1c34886b737d7c86f4ba94a43d9a7', 'createTable tableName=vault_linear_states_parts', '', 'EXECUTED', NULL, NULL, '3.5.4', '1046233355')
17:43:53.411 [Test worker] DEBUG liquibase - master.changelog.json: migration/vault-schema.changelog-init.xml::1511451595465-26::R3.Corda: Running Changeset:migration/vault-schema.changelog-init.xml::1511451595465-26::R3.Corda
17:43:53.411 [Test worker] DEBUG liquibase - master.changelog.json: migration/vault-schema.changelog-init.xml::1511451595465-26::R3.Corda: Changeset migration/vault-schema.changelog-init.xml::1511451595465-26::R3.Corda
17:43:53.411 [Test worker] DEBUG liquibase - master.changelog.json: migration/vault-schema.changelog-init.xml::1511451595465-26::R3.Corda: Reading ChangeSet: migration/vault-schema.changelog-init.xml::1511451595465-26::R3.Corda
17:43:53.411 [Test worker] DEBUG liquibase - master.changelog.json: migration/vault-schema.changelog-init.xml::1511451595465-26::R3.Corda: Executing Statement: liquibase.statement.core.CreateTableStatement@770f2d59
17:43:53.411 [Test worker] DEBUG liquibase - master.changelog.json: migration/vault-schema.changelog-init.xml::1511451595465-26::R3.Corda: Executing EXECUTE database command: CREATE TABLE PUBLIC.vault_states (output_index INT NOT NULL, transaction_id NVARCHAR(64) NOT NULL, consumed_timestamp TIMESTAMP, contract_state_class_name NVARCHAR(255), lock_id NVARCHAR(255), lock_timestamp TIMESTAMP, notary_name NVARCHAR(255), recorded_timestamp TIMESTAMP, state_status INT)
17:43:53.412 [Test worker] INFO liquibase - master.changelog.json: migration/vault-schema.changelog-init.xml::1511451595465-26::R3.Corda: Table vault_states created
17:43:53.412 [Test worker] INFO liquibase - master.changelog.json: migration/vault-schema.changelog-init.xml::1511451595465-26::R3.Corda: ChangeSet migration/vault-schema.changelog-init.xml::1511451595465-26::R3.Corda ran successfully in 1ms
17:43:53.413 [Test worker] DEBUG liquibase - master.changelog.json: migration/vault-schema.changelog-init.xml::1511451595465-26::R3.Corda: Executing EXECUTE database command: INSERT INTO PUBLIC.DATABASECHANGELOG (ID, AUTHOR, FILENAME, DATEEXECUTED, ORDEREXECUTED, MD5SUM, DESCRIPTION, COMMENTS, EXECTYPE, CONTEXTS, LABELS, LIQUIBASE, DEPLOYMENT_ID) VALUES ('1511451595465-26', 'R3.Corda', 'migration/vault-schema.changelog-init.xml', NOW(), 7, '7:47ea918c4e5894a573ed08ff7d3cfcf8', 'createTable tableName=vault_states', '', 'EXECUTED', NULL, NULL, '3.5.4', '1046233355')
17:43:53.413 [Test worker] DEBUG liquibase - master.changelog.json: migration/vault-schema.changelog-init.xml::1511451595465-27::R3.Corda: Running Changeset:migration/vault-schema.changelog-init.xml::1511451595465-27::R3.Corda
17:43:53.413 [Test worker] DEBUG liquibase - master.changelog.json: migration/vault-schema.changelog-init.xml::1511451595465-27::R3.Corda: Changeset migration/vault-schema.changelog-init.xml::1511451595465-27::R3.Corda
17:43:53.413 [Test worker] DEBUG liquibase - master.changelog.json: migration/vault-schema.changelog-init.xml::1511451595465-27::R3.Corda: Reading ChangeSet: migration/vault-schema.changelog-init.xml::1511451595465-27::R3.Corda
17:43:53.413 [Test worker] DEBUG liquibase - master.changelog.json: migration/vault-schema.changelog-init.xml::1511451595465-27::R3.Corda: Executing Statement: liquibase.statement.core.CreateTableStatement@7a7f9da
17:43:53.414 [Test worker] DEBUG liquibase - master.changelog.json: migration/vault-schema.changelog-init.xml::1511451595465-27::R3.Corda: Executing EXECUTE database command: CREATE TABLE PUBLIC.vault_transaction_notes (seq_no INT NOT NULL, note NVARCHAR(255), transaction_id NVARCHAR(64))
17:43:53.414 [Test worker] INFO liquibase - master.changelog.json: migration/vault-schema.changelog-init.xml::1511451595465-27::R3.Corda: Table vault_transaction_notes created
17:43:53.414 [Test worker] INFO liquibase - master.changelog.json: migration/vault-schema.changelog-init.xml::1511451595465-27::R3.Corda: ChangeSet migration/vault-schema.changelog-init.xml::1511451595465-27::R3.Corda ran successfully in 1ms
17:43:53.415 [Test worker] DEBUG liquibase - master.changelog.json: migration/vault-schema.changelog-init.xml::1511451595465-27::R3.Corda: Executing EXECUTE database command: INSERT INTO PUBLIC.DATABASECHANGELOG (ID, AUTHOR, FILENAME, DATEEXECUTED, ORDEREXECUTED, MD5SUM, DESCRIPTION, COMMENTS, EXECTYPE, CONTEXTS, LABELS, LIQUIBASE, DEPLOYMENT_ID) VALUES ('1511451595465-27', 'R3.Corda', 'migration/vault-schema.changelog-init.xml', NOW(), 8, '7:b335f04504c263e99eb1b4b78fb7b976', 'createTable tableName=vault_transaction_notes', '', 'EXECUTED', NULL, NULL, '3.5.4', '1046233355')
17:43:53.416 [Test worker] DEBUG liquibase - master.changelog.json: migration/vault-schema.changelog-init.xml::1511451595465-47::R3.Corda: Running Changeset:migration/vault-schema.changelog-init.xml::1511451595465-47::R3.Corda
17:43:53.416 [Test worker] DEBUG liquibase - master.changelog.json: migration/vault-schema.changelog-init.xml::1511451595465-47::R3.Corda: Changeset migration/vault-schema.changelog-init.xml::1511451595465-47::R3.Corda
17:43:53.416 [Test worker] DEBUG liquibase - master.changelog.json: migration/vault-schema.changelog-init.xml::1511451595465-47::R3.Corda: Reading ChangeSet: migration/vault-schema.changelog-init.xml::1511451595465-47::R3.Corda
17:43:53.416 [Test worker] DEBUG liquibase - master.changelog.json: migration/vault-schema.changelog-init.xml::1511451595465-47::R3.Corda: Executing Statement: liquibase.statement.core.AddPrimaryKeyStatement@7ce03263
17:43:53.416 [Test worker] DEBUG liquibase - master.changelog.json: migration/vault-schema.changelog-init.xml::1511451595465-47::R3.Corda: Executing EXECUTE database command: ALTER TABLE PUBLIC.vault_fungible_states ADD CONSTRAINT vault_fungible_states_pkey PRIMARY KEY (output_index, transaction_id)
17:43:53.416 [Test worker] INFO liquibase - master.changelog.json: migration/vault-schema.changelog-init.xml::1511451595465-47::R3.Corda: Primary key added to vault_fungible_states (output_index, transaction_id)
17:43:53.416 [Test worker] INFO liquibase - master.changelog.json: migration/vault-schema.changelog-init.xml::1511451595465-47::R3.Corda: ChangeSet migration/vault-schema.changelog-init.xml::1511451595465-47::R3.Corda ran successfully in 0ms
17:43:53.417 [Test worker] DEBUG liquibase - master.changelog.json: migration/vault-schema.changelog-init.xml::1511451595465-47::R3.Corda: Executing EXECUTE database command: INSERT INTO PUBLIC.DATABASECHANGELOG (ID, AUTHOR, FILENAME, DATEEXECUTED, ORDEREXECUTED, MD5SUM, DESCRIPTION, COMMENTS, EXECTYPE, CONTEXTS, LABELS, LIQUIBASE, DEPLOYMENT_ID) VALUES ('1511451595465-47', 'R3.Corda', 'migration/vault-schema.changelog-init.xml', NOW(), 9, '7:5ebf8c6ceacd418805fef0a8d5926d22', 'addPrimaryKey constraintName=vault_fungible_states_pkey, tableName=vault_fungible_states', '', 'EXECUTED', NULL, NULL, '3.5.4', '1046233355')
17:43:53.417 [Test worker] DEBUG liquibase - master.changelog.json: migration/vault-schema.changelog-init.xml::1511451595465-48::R3.Corda: Running Changeset:migration/vault-schema.changelog-init.xml::1511451595465-48::R3.Corda
17:43:53.417 [Test worker] DEBUG liquibase - master.changelog.json: migration/vault-schema.changelog-init.xml::1511451595465-48::R3.Corda: Changeset migration/vault-schema.changelog-init.xml::1511451595465-48::R3.Corda
17:43:53.418 [Test worker] DEBUG liquibase - master.changelog.json: migration/vault-schema.changelog-init.xml::1511451595465-48::R3.Corda: Reading ChangeSet: migration/vault-schema.changelog-init.xml::1511451595465-48::R3.Corda
17:43:53.418 [Test worker] DEBUG liquibase - master.changelog.json: migration/vault-schema.changelog-init.xml::1511451595465-48::R3.Corda: Executing Statement: liquibase.statement.core.AddPrimaryKeyStatement@74bddcfa
17:43:53.418 [Test worker] DEBUG liquibase - master.changelog.json: migration/vault-schema.changelog-init.xml::1511451595465-48::R3.Corda: Executing EXECUTE database command: ALTER TABLE PUBLIC.vault_linear_states ADD CONSTRAINT vault_linear_states_pkey PRIMARY KEY (output_index, transaction_id)
17:43:53.418 [Test worker] INFO liquibase - master.changelog.json: migration/vault-schema.changelog-init.xml::1511451595465-48::R3.Corda: Primary key added to vault_linear_states (output_index, transaction_id)
17:43:53.418 [Test worker] INFO liquibase - master.changelog.json: migration/vault-schema.changelog-init.xml::1511451595465-48::R3.Corda: ChangeSet migration/vault-schema.changelog-init.xml::1511451595465-48::R3.Corda ran successfully in 1ms
17:43:53.419 [Test worker] DEBUG liquibase - master.changelog.json: migration/vault-schema.changelog-init.xml::1511451595465-48::R3.Corda: Executing EXECUTE database command: INSERT INTO PUBLIC.DATABASECHANGELOG (ID, AUTHOR, FILENAME, DATEEXECUTED, ORDEREXECUTED, MD5SUM, DESCRIPTION, COMMENTS, EXECTYPE, CONTEXTS, LABELS, LIQUIBASE, DEPLOYMENT_ID) VALUES ('1511451595465-48', 'R3.Corda', 'migration/vault-schema.changelog-init.xml', NOW(), 10, '7:6852e525af1e0e841b85cbc65c3ef3eb', 'addPrimaryKey constraintName=vault_linear_states_pkey, tableName=vault_linear_states', '', 'EXECUTED', NULL, NULL, '3.5.4', '1046233355')
17:43:53.419 [Test worker] DEBUG liquibase - master.changelog.json: migration/vault-schema.changelog-init.xml::1511451595465-49::R3.Corda: Running Changeset:migration/vault-schema.changelog-init.xml::1511451595465-49::R3.Corda
17:43:53.419 [Test worker] DEBUG liquibase - master.changelog.json: migration/vault-schema.changelog-init.xml::1511451595465-49::R3.Corda: Changeset migration/vault-schema.changelog-init.xml::1511451595465-49::R3.Corda
17:43:53.419 [Test worker] DEBUG liquibase - master.changelog.json: migration/vault-schema.changelog-init.xml::1511451595465-49::R3.Corda: Reading ChangeSet: migration/vault-schema.changelog-init.xml::1511451595465-49::R3.Corda
17:43:53.419 [Test worker] DEBUG liquibase - master.changelog.json: migration/vault-schema.changelog-init.xml::1511451595465-49::R3.Corda: Executing Statement: liquibase.statement.core.AddPrimaryKeyStatement@7f38a8bd
17:43:53.419 [Test worker] DEBUG liquibase - master.changelog.json: migration/vault-schema.changelog-init.xml::1511451595465-49::R3.Corda: Executing EXECUTE database command: ALTER TABLE PUBLIC.vault_states ADD CONSTRAINT vault_states_pkey PRIMARY KEY (output_index, transaction_id)
17:43:53.420 [Test worker] INFO liquibase - master.changelog.json: migration/vault-schema.changelog-init.xml::1511451595465-49::R3.Corda: Primary key added to vault_states (output_index, transaction_id)
17:43:53.420 [Test worker] INFO liquibase - master.changelog.json: migration/vault-schema.changelog-init.xml::1511451595465-49::R3.Corda: ChangeSet migration/vault-schema.changelog-init.xml::1511451595465-49::R3.Corda ran successfully in 1ms
17:43:53.440 [Test worker] DEBUG liquibase - master.changelog.json: migration/vault-schema.changelog-init.xml::1511451595465-49::R3.Corda: Executing EXECUTE database command: INSERT INTO PUBLIC.DATABASECHANGELOG (ID, AUTHOR, FILENAME, DATEEXECUTED, ORDEREXECUTED, MD5SUM, DESCRIPTION, COMMENTS, EXECTYPE, CONTEXTS, LABELS, LIQUIBASE, DEPLOYMENT_ID) VALUES ('1511451595465-49', 'R3.Corda', 'migration/vault-schema.changelog-init.xml', NOW(), 11, '7:e88ace88ae32b7c6a212f749bed7f25f', 'addPrimaryKey constraintName=vault_states_pkey, tableName=vault_states', '', 'EXECUTED', NULL, NULL, '3.5.4', '1046233355')
17:43:53.441 [Test worker] DEBUG liquibase - master.changelog.json: migration/vault-schema.changelog-init.xml::1511451595465-50::R3.Corda: Running Changeset:migration/vault-schema.changelog-init.xml::1511451595465-50::R3.Corda
17:43:53.441 [Test worker] DEBUG liquibase - master.changelog.json: migration/vault-schema.changelog-init.xml::1511451595465-50::R3.Corda: Changeset migration/vault-schema.changelog-init.xml::1511451595465-50::R3.Corda
17:43:53.441 [Test worker] DEBUG liquibase - master.changelog.json: migration/vault-schema.changelog-init.xml::1511451595465-50::R3.Corda: Reading ChangeSet: migration/vault-schema.changelog-init.xml::1511451595465-50::R3.Corda
17:43:53.441 [Test worker] DEBUG liquibase - master.changelog.json: migration/vault-schema.changelog-init.xml::1511451595465-50::R3.Corda: Executing Statement: liquibase.statement.core.AddPrimaryKeyStatement@65e1b3f0
17:43:53.441 [Test worker] DEBUG liquibase - master.changelog.json: migration/vault-schema.changelog-init.xml::1511451595465-50::R3.Corda: Executing EXECUTE database command: ALTER TABLE PUBLIC.vault_transaction_notes ADD CONSTRAINT vault_transaction_notes_pkey PRIMARY KEY (seq_no)
17:43:53.443 [Test worker] INFO liquibase - master.changelog.json: migration/vault-schema.changelog-init.xml::1511451595465-50::R3.Corda: Primary key added to vault_transaction_notes (seq_no)
17:43:53.443 [Test worker] INFO liquibase - master.changelog.json: migration/vault-schema.changelog-init.xml::1511451595465-50::R3.Corda: ChangeSet migration/vault-schema.changelog-init.xml::1511451595465-50::R3.Corda ran successfully in 2ms
17:43:53.445 [Test worker] DEBUG liquibase - master.changelog.json: migration/vault-schema.changelog-init.xml::1511451595465-50::R3.Corda: Executing EXECUTE database command: INSERT INTO PUBLIC.DATABASECHANGELOG (ID, AUTHOR, FILENAME, DATEEXECUTED, ORDEREXECUTED, MD5SUM, DESCRIPTION, COMMENTS, EXECTYPE, CONTEXTS, LABELS, LIQUIBASE, DEPLOYMENT_ID) VALUES ('1511451595465-50', 'R3.Corda', 'migration/vault-schema.changelog-init.xml', NOW(), 12, '7:aef52cbfcee4e86a30a1175aacdae9b5', 'addPrimaryKey constraintName=vault_transaction_notes_pkey, tableName=vault_transaction_notes', '', 'EXECUTED', NULL, NULL, '3.5.4', '1046233355')
17:43:53.445 [Test worker] DEBUG liquibase - master.changelog.json: migration/vault-schema.changelog-init.xml::1511451595465-53::R3.Corda: Running Changeset:migration/vault-schema.changelog-init.xml::1511451595465-53::R3.Corda
17:43:53.445 [Test worker] DEBUG liquibase - master.changelog.json: migration/vault-schema.changelog-init.xml::1511451595465-53::R3.Corda: Changeset migration/vault-schema.changelog-init.xml::1511451595465-53::R3.Corda
17:43:53.446 [Test worker] DEBUG liquibase - master.changelog.json: migration/vault-schema.changelog-init.xml::1511451595465-53::R3.Corda: Reading ChangeSet: migration/vault-schema.changelog-init.xml::1511451595465-53::R3.Corda
17:43:53.446 [Test worker] DEBUG liquibase - master.changelog.json: migration/vault-schema.changelog-init.xml::1511451595465-53::R3.Corda: Executing Statement: liquibase.statement.core.CreateIndexStatement@2931c307
17:43:53.447 [Test worker] DEBUG liquibase - master.changelog.json: migration/vault-schema.changelog-init.xml::1511451595465-53::R3.Corda: Executing EXECUTE database command: CREATE INDEX PUBLIC.external_id_index ON PUBLIC.vault_linear_states(external_id)
17:43:53.448 [Test worker] INFO liquibase - master.changelog.json: migration/vault-schema.changelog-init.xml::1511451595465-53::R3.Corda: Index external_id_index created
17:43:53.449 [Test worker] INFO liquibase - master.changelog.json: migration/vault-schema.changelog-init.xml::1511451595465-53::R3.Corda: ChangeSet migration/vault-schema.changelog-init.xml::1511451595465-53::R3.Corda ran successfully in 4ms
17:43:53.450 [Test worker] DEBUG liquibase - master.changelog.json: migration/vault-schema.changelog-init.xml::1511451595465-53::R3.Corda: Executing EXECUTE database command: INSERT INTO PUBLIC.DATABASECHANGELOG (ID, AUTHOR, FILENAME, DATEEXECUTED, ORDEREXECUTED, MD5SUM, DESCRIPTION, COMMENTS, EXECTYPE, CONTEXTS, LABELS, LIQUIBASE, DEPLOYMENT_ID) VALUES ('1511451595465-53', 'R3.Corda', 'migration/vault-schema.changelog-init.xml', NOW(), 13, '7:7b0c95c0892fe1aba26a294d843d3c0a', 'createIndex indexName=external_id_index, tableName=vault_linear_states', '', 'EXECUTED', NULL, NULL, '3.5.4', '1046233355')
17:43:53.450 [Test worker] DEBUG liquibase - master.changelog.json: migration/vault-schema.changelog-init.xml::1511451595465-55::R3.Corda: Running Changeset:migration/vault-schema.changelog-init.xml::1511451595465-55::R3.Corda
17:43:53.451 [Test worker] DEBUG liquibase - master.changelog.json: migration/vault-schema.changelog-init.xml::1511451595465-55::R3.Corda: Changeset migration/vault-schema.changelog-init.xml::1511451595465-55::R3.Corda
17:43:53.451 [Test worker] DEBUG liquibase - master.changelog.json: migration/vault-schema.changelog-init.xml::1511451595465-55::R3.Corda: Reading ChangeSet: migration/vault-schema.changelog-init.xml::1511451595465-55::R3.Corda
17:43:53.451 [Test worker] DEBUG liquibase - master.changelog.json: migration/vault-schema.changelog-init.xml::1511451595465-55::R3.Corda: Executing Statement: liquibase.statement.core.CreateIndexStatement@252a3e0c
17:43:53.451 [Test worker] DEBUG liquibase - master.changelog.json: migration/vault-schema.changelog-init.xml::1511451595465-55::R3.Corda: Executing EXECUTE database command: CREATE INDEX PUBLIC.lock_id_idx ON PUBLIC.vault_states(lock_id, state_status)
17:43:53.451 [Test worker] INFO liquibase - master.changelog.json: migration/vault-schema.changelog-init.xml::1511451595465-55::R3.Corda: Index lock_id_idx created
17:43:53.451 [Test worker] INFO liquibase - master.changelog.json: migration/vault-schema.changelog-init.xml::1511451595465-55::R3.Corda: ChangeSet migration/vault-schema.changelog-init.xml::1511451595465-55::R3.Corda ran successfully in 0ms
17:43:53.453 [Test worker] DEBUG liquibase - master.changelog.json: migration/vault-schema.changelog-init.xml::1511451595465-55::R3.Corda: Executing EXECUTE database command: INSERT INTO PUBLIC.DATABASECHANGELOG (ID, AUTHOR, FILENAME, DATEEXECUTED, ORDEREXECUTED, MD5SUM, DESCRIPTION, COMMENTS, EXECTYPE, CONTEXTS, LABELS, LIQUIBASE, DEPLOYMENT_ID) VALUES ('1511451595465-55', 'R3.Corda', 'migration/vault-schema.changelog-init.xml', NOW(), 14, '7:daf1bfa84381a1c8e100c14229a6d860', 'createIndex indexName=lock_id_idx, tableName=vault_states', '', 'EXECUTED', NULL, NULL, '3.5.4', '1046233355')
17:43:53.453 [Test worker] DEBUG liquibase - master.changelog.json: migration/vault-schema.changelog-init.xml::1511451595465-58::R3.Corda: Running Changeset:migration/vault-schema.changelog-init.xml::1511451595465-58::R3.Corda
17:43:53.453 [Test worker] DEBUG liquibase - master.changelog.json: migration/vault-schema.changelog-init.xml::1511451595465-58::R3.Corda: Changeset migration/vault-schema.changelog-init.xml::1511451595465-58::R3.Corda
17:43:53.453 [Test worker] DEBUG liquibase - master.changelog.json: migration/vault-schema.changelog-init.xml::1511451595465-58::R3.Corda: Reading ChangeSet: migration/vault-schema.changelog-init.xml::1511451595465-58::R3.Corda
17:43:53.453 [Test worker] DEBUG liquibase - master.changelog.json: migration/vault-schema.changelog-init.xml::1511451595465-58::R3.Corda: Executing Statement: liquibase.statement.core.CreateIndexStatement@13b4b3f
17:43:53.453 [Test worker] DEBUG liquibase - master.changelog.json: migration/vault-schema.changelog-init.xml::1511451595465-58::R3.Corda: Executing EXECUTE database command: CREATE INDEX PUBLIC.state_status_idx ON PUBLIC.vault_states(state_status)
17:43:53.454 [Test worker] INFO liquibase - master.changelog.json: migration/vault-schema.changelog-init.xml::1511451595465-58::R3.Corda: Index state_status_idx created
17:43:53.454 [Test worker] INFO liquibase - master.changelog.json: migration/vault-schema.changelog-init.xml::1511451595465-58::R3.Corda: ChangeSet migration/vault-schema.changelog-init.xml::1511451595465-58::R3.Corda ran successfully in 1ms
17:43:53.455 [Test worker] DEBUG liquibase - master.changelog.json: migration/vault-schema.changelog-init.xml::1511451595465-58::R3.Corda: Executing EXECUTE database command: INSERT INTO PUBLIC.DATABASECHANGELOG (ID, AUTHOR, FILENAME, DATEEXECUTED, ORDEREXECUTED, MD5SUM, DESCRIPTION, COMMENTS, EXECTYPE, CONTEXTS, LABELS, LIQUIBASE, DEPLOYMENT_ID) VALUES ('1511451595465-58', 'R3.Corda', 'migration/vault-schema.changelog-init.xml', NOW(), 15, '7:775d3c8a27b7fad84f9894db6bdf3e87', 'createIndex indexName=state_status_idx, tableName=vault_states', '', 'EXECUTED', NULL, NULL, '3.5.4', '1046233355')
17:43:53.455 [Test worker] DEBUG liquibase - master.changelog.json: migration/vault-schema.changelog-init.xml::1511451595465-59::R3.Corda: Running Changeset:migration/vault-schema.changelog-init.xml::1511451595465-59::R3.Corda
17:43:53.456 [Test worker] DEBUG liquibase - master.changelog.json: migration/vault-schema.changelog-init.xml::1511451595465-59::R3.Corda: Changeset migration/vault-schema.changelog-init.xml::1511451595465-59::R3.Corda
17:43:53.456 [Test worker] DEBUG liquibase - master.changelog.json: migration/vault-schema.changelog-init.xml::1511451595465-59::R3.Corda: Reading ChangeSet: migration/vault-schema.changelog-init.xml::1511451595465-59::R3.Corda
17:43:53.456 [Test worker] DEBUG liquibase - master.changelog.json: migration/vault-schema.changelog-init.xml::1511451595465-59::R3.Corda: Executing Statement: liquibase.statement.core.CreateIndexStatement@5c0805b
17:43:53.456 [Test worker] DEBUG liquibase - master.changelog.json: migration/vault-schema.changelog-init.xml::1511451595465-59::R3.Corda: Executing EXECUTE database command: CREATE INDEX PUBLIC.transaction_id_index ON PUBLIC.vault_transaction_notes(transaction_id)
17:43:53.456 [Test worker] INFO liquibase - master.changelog.json: migration/vault-schema.changelog-init.xml::1511451595465-59::R3.Corda: Index transaction_id_index created
17:43:53.456 [Test worker] INFO liquibase - master.changelog.json: migration/vault-schema.changelog-init.xml::1511451595465-59::R3.Corda: ChangeSet migration/vault-schema.changelog-init.xml::1511451595465-59::R3.Corda ran successfully in 0ms
17:43:53.458 [Test worker] DEBUG liquibase - master.changelog.json: migration/vault-schema.changelog-init.xml::1511451595465-59::R3.Corda: Executing EXECUTE database command: INSERT INTO PUBLIC.DATABASECHANGELOG (ID, AUTHOR, FILENAME, DATEEXECUTED, ORDEREXECUTED, MD5SUM, DESCRIPTION, COMMENTS, EXECTYPE, CONTEXTS, LABELS, LIQUIBASE, DEPLOYMENT_ID) VALUES ('1511451595465-59', 'R3.Corda', 'migration/vault-schema.changelog-init.xml', NOW(), 16, '7:1be2b24f3e4fedc8252c24080b713783', 'createIndex indexName=transaction_id_index, tableName=vault_transaction_notes', '', 'EXECUTED', NULL, NULL, '3.5.4', '1046233355')
17:43:53.458 [Test worker] DEBUG liquibase - master.changelog.json: migration/vault-schema.changelog-init.xml::1511451595465-60::R3.Corda: Running Changeset:migration/vault-schema.changelog-init.xml::1511451595465-60::R3.Corda
17:43:53.458 [Test worker] DEBUG liquibase - master.changelog.json: migration/vault-schema.changelog-init.xml::1511451595465-60::R3.Corda: Changeset migration/vault-schema.changelog-init.xml::1511451595465-60::R3.Corda
17:43:53.459 [Test worker] DEBUG liquibase - master.changelog.json: migration/vault-schema.changelog-init.xml::1511451595465-60::R3.Corda: Reading ChangeSet: migration/vault-schema.changelog-init.xml::1511451595465-60::R3.Corda
17:43:53.459 [Test worker] DEBUG liquibase - master.changelog.json: migration/vault-schema.changelog-init.xml::1511451595465-60::R3.Corda: Executing Statement: liquibase.statement.core.CreateIndexStatement@40c5ce13
17:43:53.459 [Test worker] DEBUG liquibase - master.changelog.json: migration/vault-schema.changelog-init.xml::1511451595465-60::R3.Corda: Executing EXECUTE database command: CREATE INDEX PUBLIC.uuid_index ON PUBLIC.vault_linear_states(uuid)
17:43:53.459 [Test worker] INFO liquibase - master.changelog.json: migration/vault-schema.changelog-init.xml::1511451595465-60::R3.Corda: Index uuid_index created
17:43:53.459 [Test worker] INFO liquibase - master.changelog.json: migration/vault-schema.changelog-init.xml::1511451595465-60::R3.Corda: ChangeSet migration/vault-schema.changelog-init.xml::1511451595465-60::R3.Corda ran successfully in 1ms
17:43:53.461 [Test worker] DEBUG liquibase - master.changelog.json: migration/vault-schema.changelog-init.xml::1511451595465-60::R3.Corda: Executing EXECUTE database command: INSERT INTO PUBLIC.DATABASECHANGELOG (ID, AUTHOR, FILENAME, DATEEXECUTED, ORDEREXECUTED, MD5SUM, DESCRIPTION, COMMENTS, EXECTYPE, CONTEXTS, LABELS, LIQUIBASE, DEPLOYMENT_ID) VALUES ('1511451595465-60', 'R3.Corda', 'migration/vault-schema.changelog-init.xml', NOW(), 17, '7:f372f17dd75374bfecfde0e44d7ce36c', 'createIndex indexName=uuid_index, tableName=vault_linear_states', '', 'EXECUTED', NULL, NULL, '3.5.4', '1046233355')
17:43:53.461 [Test worker] DEBUG liquibase - master.changelog.json: migration/vault-schema.changelog-init.xml::1511451595465-64::R3.Corda: Running Changeset:migration/vault-schema.changelog-init.xml::1511451595465-64::R3.Corda
17:43:53.461 [Test worker] DEBUG liquibase - master.changelog.json: migration/vault-schema.changelog-init.xml::1511451595465-64::R3.Corda: Changeset migration/vault-schema.changelog-init.xml::1511451595465-64::R3.Corda
17:43:53.461 [Test worker] DEBUG liquibase - master.changelog.json: migration/vault-schema.changelog-init.xml::1511451595465-64::R3.Corda: Reading ChangeSet: migration/vault-schema.changelog-init.xml::1511451595465-64::R3.Corda
17:43:53.461 [Test worker] DEBUG liquibase - master.changelog.json: migration/vault-schema.changelog-init.xml::1511451595465-64::R3.Corda: Executing Statement: liquibase.statement.core.AddForeignKeyConstraintStatement@3b11766a
17:43:53.463 [Test worker] DEBUG liquibase - master.changelog.json: migration/vault-schema.changelog-init.xml::1511451595465-64::R3.Corda: Executing EXECUTE database command: ALTER TABLE PUBLIC.vault_fungible_states_parts ADD CONSTRAINT FK__fung_st_parts__fung_st FOREIGN KEY (output_index, transaction_id) REFERENCES PUBLIC.vault_fungible_states (output_index, transaction_id)
17:43:53.464 [Test worker] INFO liquibase - master.changelog.json: migration/vault-schema.changelog-init.xml::1511451595465-64::R3.Corda: Foreign key constraint added to vault_fungible_states_parts (output_index,transaction_id)
17:43:53.464 [Test worker] INFO liquibase - master.changelog.json: migration/vault-schema.changelog-init.xml::1511451595465-64::R3.Corda: ChangeSet migration/vault-schema.changelog-init.xml::1511451595465-64::R3.Corda ran successfully in 3ms
17:43:53.466 [Test worker] DEBUG liquibase - master.changelog.json: migration/vault-schema.changelog-init.xml::1511451595465-64::R3.Corda: Executing EXECUTE database command: INSERT INTO PUBLIC.DATABASECHANGELOG (ID, AUTHOR, FILENAME, DATEEXECUTED, ORDEREXECUTED, MD5SUM, DESCRIPTION, COMMENTS, EXECTYPE, CONTEXTS, LABELS, LIQUIBASE, DEPLOYMENT_ID) VALUES ('1511451595465-64', 'R3.Corda', 'migration/vault-schema.changelog-init.xml', NOW(), 18, '7:3771038da08dbe5dbbbdffac7300198d', 'addForeignKeyConstraint baseTableName=vault_fungible_states_parts, constraintName=FK__fung_st_parts__fung_st, referencedTableName=vault_fungible_states', '', 'EXECUTED', NULL, NULL, '3.5.4', '1046233355')
17:43:53.468 [Test worker] DEBUG liquibase - master.changelog.json: migration/vault-schema.changelog-init.xml::1511451595465-65::R3.Corda: Running Changeset:migration/vault-schema.changelog-init.xml::1511451595465-65::R3.Corda
17:43:53.469 [Test worker] DEBUG liquibase - master.changelog.json: migration/vault-schema.changelog-init.xml::1511451595465-65::R3.Corda: Changeset migration/vault-schema.changelog-init.xml::1511451595465-65::R3.Corda
17:43:53.469 [Test worker] DEBUG liquibase - master.changelog.json: migration/vault-schema.changelog-init.xml::1511451595465-65::R3.Corda: Reading ChangeSet: migration/vault-schema.changelog-init.xml::1511451595465-65::R3.Corda
17:43:53.469 [Test worker] DEBUG liquibase - master.changelog.json: migration/vault-schema.changelog-init.xml::1511451595465-65::R3.Corda: Executing Statement: liquibase.statement.core.AddForeignKeyConstraintStatement@1f7eeb3
17:43:53.469 [Test worker] DEBUG liquibase - master.changelog.json: migration/vault-schema.changelog-init.xml::1511451595465-65::R3.Corda: Executing EXECUTE database command: ALTER TABLE PUBLIC.vault_linear_states_parts ADD CONSTRAINT FK__lin_stat_parts__lin_stat FOREIGN KEY (output_index, transaction_id) REFERENCES PUBLIC.vault_linear_states (output_index, transaction_id)
17:43:53.478 [Test worker] INFO liquibase - master.changelog.json: migration/vault-schema.changelog-init.xml::1511451595465-65::R3.Corda: Foreign key constraint added to vault_linear_states_parts (output_index,transaction_id)
17:43:53.478 [Test worker] INFO liquibase - master.changelog.json: migration/vault-schema.changelog-init.xml::1511451595465-65::R3.Corda: ChangeSet migration/vault-schema.changelog-init.xml::1511451595465-65::R3.Corda ran successfully in 9ms
17:43:53.479 [Test worker] DEBUG liquibase - master.changelog.json: migration/vault-schema.changelog-init.xml::1511451595465-65::R3.Corda: Executing EXECUTE database command: INSERT INTO PUBLIC.DATABASECHANGELOG (ID, AUTHOR, FILENAME, DATEEXECUTED, ORDEREXECUTED, MD5SUM, DESCRIPTION, COMMENTS, EXECTYPE, CONTEXTS, LABELS, LIQUIBASE, DEPLOYMENT_ID) VALUES ('1511451595465-65', 'R3.Corda', 'migration/vault-schema.changelog-init.xml', NOW(), 19, '7:4cccc80aadefc753d80d33d233d426b1', 'addForeignKeyConstraint baseTableName=vault_linear_states_parts, constraintName=FK__lin_stat_parts__lin_stat, referencedTableName=vault_linear_states', '', 'EXECUTED', NULL, NULL, '3.5.4', '1046233355')
17:43:53.480 [Test worker] DEBUG liquibase - master.changelog.json: migration/vault-schema.changelog-v3.xml::clean_vault::R3.Corda: Running Changeset:migration/vault-schema.changelog-v3.xml::clean_vault::R3.Corda
17:43:53.480 [Test worker] DEBUG liquibase - master.changelog.json: migration/vault-schema.changelog-v3.xml::clean_vault::R3.Corda: Changeset migration/vault-schema.changelog-v3.xml::clean_vault::R3.Corda
17:43:53.480 [Test worker] DEBUG liquibase - master.changelog.json: migration/vault-schema.changelog-v3.xml::clean_vault::R3.Corda: Reading ChangeSet: migration/vault-schema.changelog-v3.xml::clean_vault::R3.Corda
17:43:53.480 [Test worker] DEBUG liquibase - master.changelog.json: migration/vault-schema.changelog-v3.xml::clean_vault::R3.Corda: Executing Statement: liquibase.statement.core.DeleteStatement@197e983c
17:43:53.490 [Test worker] DEBUG liquibase - master.changelog.json: migration/vault-schema.changelog-v3.xml::clean_vault::R3.Corda: Executing EXECUTE database command: DELETE FROM PUBLIC.vault_fungible_states_parts
17:43:53.491 [Test worker] INFO liquibase - master.changelog.json: migration/vault-schema.changelog-v3.xml::clean_vault::R3.Corda: Data deleted from vault_fungible_states_parts
17:43:53.491 [Test worker] DEBUG liquibase - master.changelog.json: migration/vault-schema.changelog-v3.xml::clean_vault::R3.Corda: Executing Statement: liquibase.statement.core.DeleteStatement@38a89ba2
17:43:53.492 [Test worker] DEBUG liquibase - master.changelog.json: migration/vault-schema.changelog-v3.xml::clean_vault::R3.Corda: Executing EXECUTE database command: DELETE FROM PUBLIC.vault_fungible_states
17:43:53.492 [Test worker] INFO liquibase - master.changelog.json: migration/vault-schema.changelog-v3.xml::clean_vault::R3.Corda: Data deleted from vault_fungible_states
17:43:53.492 [Test worker] DEBUG liquibase - master.changelog.json: migration/vault-schema.changelog-v3.xml::clean_vault::R3.Corda: Executing Statement: liquibase.statement.core.DeleteStatement@6f52934
17:43:53.493 [Test worker] DEBUG liquibase - master.changelog.json: migration/vault-schema.changelog-v3.xml::clean_vault::R3.Corda: Executing EXECUTE database command: DELETE FROM PUBLIC.vault_linear_states_parts
17:43:53.493 [Test worker] INFO liquibase - master.changelog.json: migration/vault-schema.changelog-v3.xml::clean_vault::R3.Corda: Data deleted from vault_linear_states_parts
17:43:53.493 [Test worker] DEBUG liquibase - master.changelog.json: migration/vault-schema.changelog-v3.xml::clean_vault::R3.Corda: Executing Statement: liquibase.statement.core.DeleteStatement@49b7fffb
17:43:53.493 [Test worker] DEBUG liquibase - master.changelog.json: migration/vault-schema.changelog-v3.xml::clean_vault::R3.Corda: Executing EXECUTE database command: DELETE FROM PUBLIC.vault_linear_states
17:43:53.494 [Test worker] INFO liquibase - master.changelog.json: migration/vault-schema.changelog-v3.xml::clean_vault::R3.Corda: Data deleted from vault_linear_states
17:43:53.494 [Test worker] DEBUG liquibase - master.changelog.json: migration/vault-schema.changelog-v3.xml::clean_vault::R3.Corda: Executing Statement: liquibase.statement.core.DeleteStatement@24e52189
17:43:53.495 [Test worker] DEBUG liquibase - master.changelog.json: migration/vault-schema.changelog-v3.xml::clean_vault::R3.Corda: Executing EXECUTE database command: DELETE FROM PUBLIC.vault_states
17:43:53.495 [Test worker] INFO liquibase - master.changelog.json: migration/vault-schema.changelog-v3.xml::clean_vault::R3.Corda: Data deleted from vault_states
17:43:53.495 [Test worker] DEBUG liquibase - master.changelog.json: migration/vault-schema.changelog-v3.xml::clean_vault::R3.Corda: Executing Statement: liquibase.statement.core.DeleteStatement@586cdb3c
17:43:53.495 [Test worker] DEBUG liquibase - master.changelog.json: migration/vault-schema.changelog-v3.xml::clean_vault::R3.Corda: Executing EXECUTE database command: DELETE FROM PUBLIC.vault_transaction_notes
17:43:53.495 [Test worker] INFO liquibase - master.changelog.json: migration/vault-schema.changelog-v3.xml::clean_vault::R3.Corda: Data deleted from vault_transaction_notes
17:43:53.495 [Test worker] INFO liquibase - master.changelog.json: migration/vault-schema.changelog-v3.xml::clean_vault::R3.Corda: ChangeSet migration/vault-schema.changelog-v3.xml::clean_vault::R3.Corda ran successfully in 15ms
17:43:53.497 [Test worker] DEBUG liquibase - master.changelog.json: migration/vault-schema.changelog-v3.xml::clean_vault::R3.Corda: Executing EXECUTE database command: INSERT INTO PUBLIC.DATABASECHANGELOG (ID, AUTHOR, FILENAME, DATEEXECUTED, ORDEREXECUTED, MD5SUM, DESCRIPTION, COMMENTS, EXECTYPE, CONTEXTS, LABELS, LIQUIBASE, DEPLOYMENT_ID) VALUES ('clean_vault', 'R3.Corda', 'migration/vault-schema.changelog-v3.xml', NOW(), 20, '7:c16f94cc9c0418c23dfcedd33e85d2d3', 'delete tableName=vault_fungible_states_parts; delete tableName=vault_fungible_states; delete tableName=vault_linear_states_parts; delete tableName=vault_linear_states; delete tableName=vault_states; delete tableName=vault_transaction_notes', '', 'EXECUTED', NULL, NULL, '3.5.4', '1046233355')
17:43:53.498 [Test worker] DEBUG liquibase - master.changelog.json: migration/vault-schema.changelog-v4.xml::nullability::R3.Corda: Running Changeset:migration/vault-schema.changelog-v4.xml::nullability::R3.Corda
17:43:53.499 [Test worker] DEBUG liquibase - master.changelog.json: migration/vault-schema.changelog-v4.xml::nullability::R3.Corda: Changeset migration/vault-schema.changelog-v4.xml::nullability::R3.Corda
17:43:53.499 [Test worker] DEBUG liquibase - master.changelog.json: migration/vault-schema.changelog-v4.xml::nullability::R3.Corda: Reading ChangeSet: migration/vault-schema.changelog-v4.xml::nullability::R3.Corda
17:43:53.499 [Test worker] DEBUG liquibase - master.changelog.json: migration/vault-schema.changelog-v4.xml::nullability::R3.Corda: Executing Statement: liquibase.statement.core.SetNullableStatement@55093035
17:43:53.499 [Test worker] DEBUG liquibase - master.changelog.json: migration/vault-schema.changelog-v4.xml::nullability::R3.Corda: Executing EXECUTE database command: ALTER TABLE PUBLIC.vault_fungible_states ALTER COLUMN quantity SET NOT NULL
17:43:53.500 [Test worker] INFO liquibase - master.changelog.json: migration/vault-schema.changelog-v4.xml::nullability::R3.Corda: Null constraint has been added to vault_fungible_states.quantity
17:43:53.501 [Test worker] DEBUG liquibase - master.changelog.json: migration/vault-schema.changelog-v4.xml::nullability::R3.Corda: Executing Statement: liquibase.statement.core.SetNullableStatement@105d44c8
17:43:53.501 [Test worker] DEBUG liquibase - master.changelog.json: migration/vault-schema.changelog-v4.xml::nullability::R3.Corda: Executing EXECUTE database command: ALTER TABLE PUBLIC.vault_states ALTER COLUMN contract_state_class_name SET NOT NULL
17:43:53.503 [Test worker] INFO liquibase - master.changelog.json: migration/vault-schema.changelog-v4.xml::nullability::R3.Corda: Null constraint has been added to vault_states.contract_state_class_name
17:43:53.503 [Test worker] DEBUG liquibase - master.changelog.json: migration/vault-schema.changelog-v4.xml::nullability::R3.Corda: Executing Statement: liquibase.statement.core.SetNullableStatement@6c5332fb
17:43:53.504 [Test worker] DEBUG liquibase - master.changelog.json: migration/vault-schema.changelog-v4.xml::nullability::R3.Corda: Executing EXECUTE database command: ALTER TABLE PUBLIC.vault_states ALTER COLUMN notary_name SET NOT NULL
17:43:53.504 [Test worker] INFO liquibase - master.changelog.json: migration/vault-schema.changelog-v4.xml::nullability::R3.Corda: Null constraint has been added to vault_states.notary_name
17:43:53.504 [Test worker] DEBUG liquibase - master.changelog.json: migration/vault-schema.changelog-v4.xml::nullability::R3.Corda: Executing Statement: liquibase.statement.core.SetNullableStatement@5b679d07
17:43:53.505 [Test worker] DEBUG liquibase - master.changelog.json: migration/vault-schema.changelog-v4.xml::nullability::R3.Corda: Executing EXECUTE database command: ALTER TABLE PUBLIC.vault_states ALTER COLUMN recorded_timestamp SET NOT NULL
17:43:53.505 [Test worker] INFO liquibase - master.changelog.json: migration/vault-schema.changelog-v4.xml::nullability::R3.Corda: Null constraint has been added to vault_states.recorded_timestamp
17:43:53.505 [Test worker] DEBUG liquibase - master.changelog.json: migration/vault-schema.changelog-v4.xml::nullability::R3.Corda: Executing Statement: liquibase.statement.core.DropIndexStatement@67ba4339
17:43:53.505 [Test worker] DEBUG liquibase - master.changelog.json: migration/vault-schema.changelog-v4.xml::nullability::R3.Corda: Executing EXECUTE database command: DROP INDEX PUBLIC.state_status_idx
17:43:53.510 [Test worker] INFO liquibase - master.changelog.json: migration/vault-schema.changelog-v4.xml::nullability::R3.Corda: Index state_status_idx dropped from table vault_states
17:43:53.510 [Test worker] DEBUG liquibase - master.changelog.json: migration/vault-schema.changelog-v4.xml::nullability::R3.Corda: Executing Statement: liquibase.statement.core.DropIndexStatement@1615e46a
17:43:53.511 [Test worker] DEBUG liquibase - master.changelog.json: migration/vault-schema.changelog-v4.xml::nullability::R3.Corda: Executing EXECUTE database command: DROP INDEX PUBLIC.lock_id_idx
17:43:53.512 [Test worker] INFO liquibase - master.changelog.json: migration/vault-schema.changelog-v4.xml::nullability::R3.Corda: Index lock_id_idx dropped from table vault_states
17:43:53.512 [Test worker] DEBUG liquibase - master.changelog.json: migration/vault-schema.changelog-v4.xml::nullability::R3.Corda: Executing Statement: liquibase.statement.core.SetNullableStatement@6a3a9231
17:43:53.512 [Test worker] DEBUG liquibase - master.changelog.json: migration/vault-schema.changelog-v4.xml::nullability::R3.Corda: Executing EXECUTE database command: ALTER TABLE PUBLIC.vault_states ALTER COLUMN state_status SET NOT NULL
17:43:53.512 [Test worker] INFO liquibase - master.changelog.json: migration/vault-schema.changelog-v4.xml::nullability::R3.Corda: Null constraint has been added to vault_states.state_status
17:43:53.512 [Test worker] DEBUG liquibase - master.changelog.json: migration/vault-schema.changelog-v4.xml::nullability::R3.Corda: Executing Statement: liquibase.statement.core.CreateIndexStatement@4c50019c
17:43:53.513 [Test worker] DEBUG liquibase - master.changelog.json: migration/vault-schema.changelog-v4.xml::nullability::R3.Corda: Executing EXECUTE database command: CREATE INDEX PUBLIC.state_status_idx ON PUBLIC.vault_states(state_status)
17:43:53.513 [Test worker] INFO liquibase - master.changelog.json: migration/vault-schema.changelog-v4.xml::nullability::R3.Corda: Index state_status_idx created
17:43:53.513 [Test worker] DEBUG liquibase - master.changelog.json: migration/vault-schema.changelog-v4.xml::nullability::R3.Corda: Executing Statement: liquibase.statement.core.CreateIndexStatement@764dae71
17:43:53.513 [Test worker] DEBUG liquibase - master.changelog.json: migration/vault-schema.changelog-v4.xml::nullability::R3.Corda: Executing EXECUTE database command: CREATE INDEX PUBLIC.lock_id_idx ON PUBLIC.vault_states(lock_id, state_status)
17:43:53.514 [Test worker] INFO liquibase - master.changelog.json: migration/vault-schema.changelog-v4.xml::nullability::R3.Corda: Index lock_id_idx created
17:43:53.514 [Test worker] DEBUG liquibase - master.changelog.json: migration/vault-schema.changelog-v4.xml::nullability::R3.Corda: Executing Statement: liquibase.statement.core.DropIndexStatement@48d81193
17:43:53.514 [Test worker] DEBUG liquibase - master.changelog.json: migration/vault-schema.changelog-v4.xml::nullability::R3.Corda: Executing EXECUTE database command: DROP INDEX PUBLIC.transaction_id_index
17:43:53.514 [Test worker] INFO liquibase - master.changelog.json: migration/vault-schema.changelog-v4.xml::nullability::R3.Corda: Index transaction_id_index dropped from table vault_transaction_notes
17:43:53.515 [Test worker] DEBUG liquibase - master.changelog.json: migration/vault-schema.changelog-v4.xml::nullability::R3.Corda: Executing Statement: liquibase.statement.core.SetNullableStatement@d71c8e5
17:43:53.515 [Test worker] DEBUG liquibase - master.changelog.json: migration/vault-schema.changelog-v4.xml::nullability::R3.Corda: Executing EXECUTE database command: ALTER TABLE PUBLIC.vault_transaction_notes ALTER COLUMN note SET NOT NULL
17:43:53.515 [Test worker] INFO liquibase - master.changelog.json: migration/vault-schema.changelog-v4.xml::nullability::R3.Corda: Null constraint has been added to vault_transaction_notes.note
17:43:53.515 [Test worker] DEBUG liquibase - master.changelog.json: migration/vault-schema.changelog-v4.xml::nullability::R3.Corda: Executing Statement: liquibase.statement.core.SetNullableStatement@1e880ecc
17:43:53.516 [Test worker] DEBUG liquibase - master.changelog.json: migration/vault-schema.changelog-v4.xml::nullability::R3.Corda: Executing EXECUTE database command: ALTER TABLE PUBLIC.vault_transaction_notes ALTER COLUMN transaction_id SET NOT NULL
17:43:53.516 [Test worker] INFO liquibase - master.changelog.json: migration/vault-schema.changelog-v4.xml::nullability::R3.Corda: Null constraint has been added to vault_transaction_notes.transaction_id
17:43:53.520 [MockNode-2-2] DEBUG net.corda.node.services.network.NodeInfoWatcher - Read 0 NodeInfo files from build\mock-network\20191014-094255.202\nodes\1\additional-node-infos
17:43:53.520 [MockNode-2-2] DEBUG net.corda.node.services.network.NodeInfoWatcher - Number of removed NodeInfo files 0
17:43:53.525 [Test worker] DEBUG liquibase - master.changelog.json: migration/vault-schema.changelog-v4.xml::nullability::R3.Corda: Executing Statement: liquibase.statement.core.CreateIndexStatement@57fb80f8
17:43:53.525 [Test worker] DEBUG liquibase - master.changelog.json: migration/vault-schema.changelog-v4.xml::nullability::R3.Corda: Executing EXECUTE database command: CREATE INDEX PUBLIC.transaction_id_index ON PUBLIC.vault_transaction_notes(transaction_id)
17:43:53.525 [Test worker] INFO liquibase - master.changelog.json: migration/vault-schema.changelog-v4.xml::nullability::R3.Corda: Index transaction_id_index created
17:43:53.525 [Test worker] INFO liquibase - master.changelog.json: migration/vault-schema.changelog-v4.xml::nullability::R3.Corda: ChangeSet migration/vault-schema.changelog-v4.xml::nullability::R3.Corda ran successfully in 26ms
17:43:53.527 [Test worker] DEBUG liquibase - master.changelog.json: migration/vault-schema.changelog-v4.xml::nullability::R3.Corda: Executing EXECUTE database command: INSERT INTO PUBLIC.DATABASECHANGELOG (ID, AUTHOR, FILENAME, DATEEXECUTED, ORDEREXECUTED, MD5SUM, DESCRIPTION, COMMENTS, EXECTYPE, CONTEXTS, LABELS, LIQUIBASE, DEPLOYMENT_ID) VALUES ('nullability', 'R3.Corda', 'migration/vault-schema.changelog-v4.xml', NOW(), 21, '7:59450415a9a86b5b55d9f9347b383e6a', 'addNotNullConstraint columnName=quantity, tableName=vault_fungible_states; addNotNullConstraint columnName=contract_state_class_name, tableName=vault_states; addNotNullConstraint columnName=notary_name, tableName=vault_states; addNotNullConstraint...', '', 'EXECUTED', NULL, NULL, '3.5.4', '1046233355')
17:43:53.528 [Test worker] DEBUG liquibase - master.changelog.json: migration/vault-schema.changelog-pkey.xml::non-clustered_pk-11::R3.Corda: Running Changeset:migration/vault-schema.changelog-pkey.xml::non-clustered_pk-11::R3.Corda
17:43:53.529 [Test worker] DEBUG liquibase - master.changelog.json: migration/vault-schema.changelog-pkey.xml::non-clustered_pk-11::R3.Corda: Executing EXECUTE database command: INSERT INTO PUBLIC.DATABASECHANGELOG (ID, AUTHOR, FILENAME, DATEEXECUTED, ORDEREXECUTED, MD5SUM, DESCRIPTION, COMMENTS, EXECTYPE, CONTEXTS, LABELS, LIQUIBASE, DEPLOYMENT_ID) VALUES ('non-clustered_pk-11', 'R3.Corda', 'migration/vault-schema.changelog-pkey.xml', NOW(), 22, '7:c88a8494afc1f2507131e709b3ec4f1e', 'dropForeignKeyConstraint baseTableName=vault_fungible_states_parts, constraintName=FK__fung_st_parts__fung_st; dropPrimaryKey constraintName=vault_fungible_states_pkey, tableName=vault_fungible_states; addPrimaryKey constraintName=vault_fungible_s...', '', 'MARK_RAN', NULL, NULL, '3.5.4', '1046233355')
17:43:53.530 [Test worker] DEBUG liquibase - master.changelog.json: migration/vault-schema.changelog-pkey.xml::non-clustered_pk-12::R3.Corda: Running Changeset:migration/vault-schema.changelog-pkey.xml::non-clustered_pk-12::R3.Corda
17:43:53.531 [Test worker] DEBUG liquibase - master.changelog.json: migration/vault-schema.changelog-pkey.xml::non-clustered_pk-12::R3.Corda: Executing EXECUTE database command: INSERT INTO PUBLIC.DATABASECHANGELOG (ID, AUTHOR, FILENAME, DATEEXECUTED, ORDEREXECUTED, MD5SUM, DESCRIPTION, COMMENTS, EXECTYPE, CONTEXTS, LABELS, LIQUIBASE, DEPLOYMENT_ID) VALUES ('non-clustered_pk-12', 'R3.Corda', 'migration/vault-schema.changelog-pkey.xml', NOW(), 23, '7:5569de8454d891688bbb7510f634782f', 'dropForeignKeyConstraint baseTableName=vault_linear_states_parts, constraintName=FK__lin_stat_parts__lin_stat; dropPrimaryKey constraintName=vault_linear_states_pkey, tableName=vault_linear_states; addPrimaryKey constraintName=vault_linear_states_...', '', 'MARK_RAN', NULL, NULL, '3.5.4', '1046233355')
17:43:53.532 [Test worker] DEBUG liquibase - master.changelog.json: migration/vault-schema.changelog-pkey.xml::non-clustered_pk-13::R3.Corda: Running Changeset:migration/vault-schema.changelog-pkey.xml::non-clustered_pk-13::R3.Corda
17:43:53.533 [Test worker] DEBUG liquibase - master.changelog.json: migration/vault-schema.changelog-pkey.xml::non-clustered_pk-13::R3.Corda: Executing EXECUTE database command: INSERT INTO PUBLIC.DATABASECHANGELOG (ID, AUTHOR, FILENAME, DATEEXECUTED, ORDEREXECUTED, MD5SUM, DESCRIPTION, COMMENTS, EXECTYPE, CONTEXTS, LABELS, LIQUIBASE, DEPLOYMENT_ID) VALUES ('non-clustered_pk-13', 'R3.Corda', 'migration/vault-schema.changelog-pkey.xml', NOW(), 24, '7:c786c529ecdaa33f87d3fc9ed88111f4', 'dropPrimaryKey constraintName=vault_states_pkey, tableName=vault_states; addPrimaryKey constraintName=vault_states_pkey, tableName=vault_states', '', 'MARK_RAN', NULL, NULL, '3.5.4', '1046233355')
17:43:53.534 [Test worker] DEBUG liquibase - master.changelog.json: migration/vault-schema.changelog-v5.xml::add_relevancy_status_column::R3.Corda: Running Changeset:migration/vault-schema.changelog-v5.xml::add_relevancy_status_column::R3.Corda
17:43:53.534 [Test worker] DEBUG liquibase - master.changelog.json: migration/vault-schema.changelog-v5.xml::add_relevancy_status_column::R3.Corda: Changeset migration/vault-schema.changelog-v5.xml::add_relevancy_status_column::R3.Corda
17:43:53.534 [Test worker] DEBUG liquibase - master.changelog.json: migration/vault-schema.changelog-v5.xml::add_relevancy_status_column::R3.Corda: Reading ChangeSet: migration/vault-schema.changelog-v5.xml::add_relevancy_status_column::R3.Corda
17:43:53.535 [Test worker] DEBUG liquibase - master.changelog.json: migration/vault-schema.changelog-v5.xml::add_relevancy_status_column::R3.Corda: Executing Statement: liquibase.statement.core.AddColumnStatement@e104a98
17:43:53.535 [Test worker] DEBUG liquibase - master.changelog.json: migration/vault-schema.changelog-v5.xml::add_relevancy_status_column::R3.Corda: Executing EXECUTE database command: ALTER TABLE PUBLIC.vault_states ADD relevancy_status INT
17:43:53.537 [Test worker] INFO liquibase - master.changelog.json: migration/vault-schema.changelog-v5.xml::add_relevancy_status_column::R3.Corda: Columns relevancy_status(INT) added to vault_states
17:43:53.537 [Test worker] DEBUG liquibase - master.changelog.json: migration/vault-schema.changelog-v5.xml::add_relevancy_status_column::R3.Corda: Executing Statement: liquibase.statement.core.UpdateStatement@45b00246
17:43:53.537 [Test worker] DEBUG liquibase - master.changelog.json: migration/vault-schema.changelog-v5.xml::add_relevancy_status_column::R3.Corda: Executing EXECUTE database command: UPDATE PUBLIC.vault_states SET relevancy_status = 0
17:43:53.538 [Test worker] INFO liquibase - master.changelog.json: migration/vault-schema.changelog-v5.xml::add_relevancy_status_column::R3.Corda: Data updated in vault_states
17:43:53.538 [Test worker] DEBUG liquibase - master.changelog.json: migration/vault-schema.changelog-v5.xml::add_relevancy_status_column::R3.Corda: Executing Statement: liquibase.statement.core.SetNullableStatement@6e75715d
17:43:53.538 [Test worker] DEBUG liquibase - master.changelog.json: migration/vault-schema.changelog-v5.xml::add_relevancy_status_column::R3.Corda: Executing EXECUTE database command: ALTER TABLE PUBLIC.vault_states ALTER COLUMN relevancy_status SET NOT NULL
17:43:53.538 [Test worker] INFO liquibase - master.changelog.json: migration/vault-schema.changelog-v5.xml::add_relevancy_status_column::R3.Corda: Null constraint has been added to vault_states.relevancy_status
17:43:53.538 [Test worker] INFO liquibase - master.changelog.json: migration/vault-schema.changelog-v5.xml::add_relevancy_status_column::R3.Corda: ChangeSet migration/vault-schema.changelog-v5.xml::add_relevancy_status_column::R3.Corda ran successfully in 4ms
17:43:53.539 [Test worker] DEBUG liquibase - master.changelog.json: migration/vault-schema.changelog-v5.xml::add_relevancy_status_column::R3.Corda: Executing EXECUTE database command: INSERT INTO PUBLIC.DATABASECHANGELOG (ID, AUTHOR, FILENAME, DATEEXECUTED, ORDEREXECUTED, MD5SUM, DESCRIPTION, COMMENTS, EXECTYPE, CONTEXTS, LABELS, LIQUIBASE, DEPLOYMENT_ID) VALUES ('add_relevancy_status_column', 'R3.Corda', 'migration/vault-schema.changelog-v5.xml', NOW(), 25, '7:bd7c3258179f34f231f6ae51e3313fc4', 'addColumn tableName=vault_states; update tableName=vault_states; addNotNullConstraint columnName=relevancy_status, tableName=vault_states', '', 'EXECUTED', NULL, NULL, '3.5.4', '1046233355')
17:43:53.540 [Test worker] DEBUG liquibase - master.changelog.json: migration/vault-schema.changelog-v6.xml::add_is_constraint_information_columns::R3.Corda: Running Changeset:migration/vault-schema.changelog-v6.xml::add_is_constraint_information_columns::R3.Corda
17:43:53.540 [Test worker] DEBUG liquibase - master.changelog.json: migration/vault-schema.changelog-v6.xml::add_is_constraint_information_columns::R3.Corda: Changeset migration/vault-schema.changelog-v6.xml::add_is_constraint_information_columns::R3.Corda
17:43:53.540 [Test worker] DEBUG liquibase - master.changelog.json: migration/vault-schema.changelog-v6.xml::add_is_constraint_information_columns::R3.Corda: Reading ChangeSet: migration/vault-schema.changelog-v6.xml::add_is_constraint_information_columns::R3.Corda
17:43:53.540 [Test worker] DEBUG liquibase - master.changelog.json: migration/vault-schema.changelog-v6.xml::add_is_constraint_information_columns::R3.Corda: Executing Statement: liquibase.statement.core.AddColumnStatement@308cf23e
17:43:53.541 [Test worker] DEBUG liquibase - master.changelog.json: migration/vault-schema.changelog-v6.xml::add_is_constraint_information_columns::R3.Corda: Executing EXECUTE database command: ALTER TABLE PUBLIC.vault_states ADD constraint_type INT DEFAULT '0' NOT NULL
17:43:53.555 [Test worker] INFO liquibase - master.changelog.json: migration/vault-schema.changelog-v6.xml::add_is_constraint_information_columns::R3.Corda: Columns constraint_type(INT) added to vault_states
17:43:53.555 [Test worker] DEBUG liquibase - master.changelog.json: migration/vault-schema.changelog-v6.xml::add_is_constraint_information_columns::R3.Corda: Executing Statement: liquibase.statement.core.AddColumnStatement@7ae7bbb2
17:43:53.556 [Test worker] DEBUG liquibase - master.changelog.json: migration/vault-schema.changelog-v6.xml::add_is_constraint_information_columns::R3.Corda: Executing EXECUTE database command: ALTER TABLE PUBLIC.vault_states ADD constraint_data VARBINARY(563)
17:43:53.558 [Test worker] INFO liquibase - master.changelog.json: migration/vault-schema.changelog-v6.xml::add_is_constraint_information_columns::R3.Corda: Columns constraint_data(varbinary(563)) added to vault_states
17:43:53.559 [Test worker] INFO liquibase - master.changelog.json: migration/vault-schema.changelog-v6.xml::add_is_constraint_information_columns::R3.Corda: ChangeSet migration/vault-schema.changelog-v6.xml::add_is_constraint_information_columns::R3.Corda ran successfully in 19ms
17:43:53.560 [Test worker] DEBUG liquibase - master.changelog.json: migration/vault-schema.changelog-v6.xml::add_is_constraint_information_columns::R3.Corda: Executing EXECUTE database command: INSERT INTO PUBLIC.DATABASECHANGELOG (ID, AUTHOR, FILENAME, DATEEXECUTED, ORDEREXECUTED, MD5SUM, DESCRIPTION, COMMENTS, EXECTYPE, CONTEXTS, LABELS, LIQUIBASE, DEPLOYMENT_ID) VALUES ('add_is_constraint_information_columns', 'R3.Corda', 'migration/vault-schema.changelog-v6.xml', NOW(), 26, '7:7d7cf7015d299a7fefb6e81aa563e208', 'addColumn tableName=vault_states; addColumn tableName=vault_states', '', 'EXECUTED', NULL, NULL, '3.5.4', '1046233355')
17:43:53.561 [Test worker] DEBUG liquibase - master.changelog.json: migration/vault-schema.changelog-v7.xml::make_issuer_ref_nullable::R3.Corda: Running Changeset:migration/vault-schema.changelog-v7.xml::make_issuer_ref_nullable::R3.Corda
17:43:53.561 [Test worker] DEBUG liquibase - master.changelog.json: migration/vault-schema.changelog-v7.xml::make_issuer_ref_nullable::R3.Corda: Changeset migration/vault-schema.changelog-v7.xml::make_issuer_ref_nullable::R3.Corda
17:43:53.561 [Test worker] DEBUG liquibase - master.changelog.json: migration/vault-schema.changelog-v7.xml::make_issuer_ref_nullable::R3.Corda: Reading ChangeSet: migration/vault-schema.changelog-v7.xml::make_issuer_ref_nullable::R3.Corda
17:43:53.561 [Test worker] DEBUG liquibase - master.changelog.json: migration/vault-schema.changelog-v7.xml::make_issuer_ref_nullable::R3.Corda: Executing Statement: liquibase.statement.core.SetNullableStatement@633e2ce1
17:43:53.561 [Test worker] DEBUG liquibase - master.changelog.json: migration/vault-schema.changelog-v7.xml::make_issuer_ref_nullable::R3.Corda: Executing EXECUTE database command: ALTER TABLE PUBLIC.vault_fungible_states ALTER COLUMN issuer_ref SET NULL
17:43:53.562 [Test worker] INFO liquibase - master.changelog.json: migration/vault-schema.changelog-v7.xml::make_issuer_ref_nullable::R3.Corda: Null constraint dropped from vault_fungible_states.issuer_ref
17:43:53.562 [Test worker] INFO liquibase - master.changelog.json: migration/vault-schema.changelog-v7.xml::make_issuer_ref_nullable::R3.Corda: ChangeSet migration/vault-schema.changelog-v7.xml::make_issuer_ref_nullable::R3.Corda ran successfully in 1ms
17:43:53.563 [Test worker] DEBUG liquibase - master.changelog.json: migration/vault-schema.changelog-v7.xml::make_issuer_ref_nullable::R3.Corda: Executing EXECUTE database command: INSERT INTO PUBLIC.DATABASECHANGELOG (ID, AUTHOR, FILENAME, DATEEXECUTED, ORDEREXECUTED, MD5SUM, DESCRIPTION, COMMENTS, EXECTYPE, CONTEXTS, LABELS, LIQUIBASE, DEPLOYMENT_ID) VALUES ('make_issuer_ref_nullable', 'R3.Corda', 'migration/vault-schema.changelog-v7.xml', NOW(), 27, '7:016e083b176a76fc50d74e3fe07ca1cb', 'dropNotNullConstraint columnName=issuer_ref, tableName=vault_fungible_states', '', 'EXECUTED', NULL, NULL, '3.5.4', '1046233355')
17:43:53.564 [Test worker] DEBUG liquibase - master.changelog.json: migration/vault-schema.changelog-v8.xml::create-external-id-to-state-party-view::R3.Corda: Running Changeset:migration/vault-schema.changelog-v8.xml::create-external-id-to-state-party-view::R3.Corda
17:43:53.564 [Test worker] DEBUG liquibase - master.changelog.json: migration/vault-schema.changelog-v8.xml::create-external-id-to-state-party-view::R3.Corda: Changeset migration/vault-schema.changelog-v8.xml::create-external-id-to-state-party-view::R3.Corda
17:43:53.564 [Test worker] DEBUG liquibase - master.changelog.json: migration/vault-schema.changelog-v8.xml::create-external-id-to-state-party-view::R3.Corda: Reading ChangeSet: migration/vault-schema.changelog-v8.xml::create-external-id-to-state-party-view::R3.Corda
17:43:53.565 [Test worker] DEBUG liquibase - master.changelog.json: migration/vault-schema.changelog-v8.xml::create-external-id-to-state-party-view::R3.Corda: Executing Statement: liquibase.statement.core.CreateTableStatement@5c271ed9
17:43:53.565 [Test worker] DEBUG liquibase - master.changelog.json: migration/vault-schema.changelog-v8.xml::create-external-id-to-state-party-view::R3.Corda: Executing EXECUTE database command: CREATE TABLE PUBLIC.state_party (output_index INT, transaction_id NVARCHAR(64), public_key_hash NVARCHAR(255) NOT NULL, x500_name NVARCHAR(255))
17:43:53.565 [Test worker] INFO liquibase - master.changelog.json: migration/vault-schema.changelog-v8.xml::create-external-id-to-state-party-view::R3.Corda: Table state_party created
17:43:53.565 [Test worker] DEBUG liquibase - master.changelog.json: migration/vault-schema.changelog-v8.xml::create-external-id-to-state-party-view::R3.Corda: Executing Statement: liquibase.statement.core.CreateIndexStatement@345e3777
17:43:53.566 [Test worker] DEBUG liquibase - master.changelog.json: migration/vault-schema.changelog-v8.xml::create-external-id-to-state-party-view::R3.Corda: Executing EXECUTE database command: CREATE INDEX PUBLIC.state_pk_hash_idx ON PUBLIC.state_party(public_key_hash)
17:43:53.566 [Test worker] INFO liquibase - master.changelog.json: migration/vault-schema.changelog-v8.xml::create-external-id-to-state-party-view::R3.Corda: Index state_pk_hash_idx created
17:43:53.566 [Test worker] DEBUG liquibase - master.changelog.json: migration/vault-schema.changelog-v8.xml::create-external-id-to-state-party-view::R3.Corda: Executing Statement: liquibase.statement.core.CreateTableStatement@1bbcab87
17:43:53.567 [Test worker] DEBUG liquibase - master.changelog.json: migration/vault-schema.changelog-v8.xml::create-external-id-to-state-party-view::R3.Corda: Executing EXECUTE database command: CREATE TABLE PUBLIC.pk_hash_to_ext_id_map (id BIGINT NOT NULL, external_id VARCHAR(255) NOT NULL, public_key_hash NVARCHAR(255) NOT NULL)
17:43:53.567 [Test worker] INFO liquibase - master.changelog.json: migration/vault-schema.changelog-v8.xml::create-external-id-to-state-party-view::R3.Corda: Table pk_hash_to_ext_id_map created
17:43:53.567 [Test worker] DEBUG liquibase - master.changelog.json: migration/vault-schema.changelog-v8.xml::create-external-id-to-state-party-view::R3.Corda: Executing Statement: liquibase.statement.core.CreateIndexStatement@310dd99e
17:43:53.567 [Test worker] DEBUG liquibase - master.changelog.json: migration/vault-schema.changelog-v8.xml::create-external-id-to-state-party-view::R3.Corda: Executing EXECUTE database command: CREATE INDEX PUBLIC.pk_hash_to_xid_idx ON PUBLIC.pk_hash_to_ext_id_map(public_key_hash)
17:43:53.568 [Test worker] INFO liquibase - master.changelog.json: migration/vault-schema.changelog-v8.xml::create-external-id-to-state-party-view::R3.Corda: Index pk_hash_to_xid_idx created
17:43:53.568 [Test worker] DEBUG liquibase - master.changelog.json: migration/vault-schema.changelog-v8.xml::create-external-id-to-state-party-view::R3.Corda: Executing Statement: liquibase.statement.core.CreateViewStatement@742db547
17:43:53.570 [Test worker] DEBUG liquibase - master.changelog.json: migration/vault-schema.changelog-v8.xml::create-external-id-to-state-party-view::R3.Corda: Executing EXECUTE database command: CREATE VIEW PUBLIC.v_pkey_hash_ex_id_map AS select
                state_party.public_key_hash,
                state_party.transaction_id,
                state_party.output_index,
                pk_hash_to_ext_id_map.external_id
            from state_party
            join pk_hash_to_ext_id_map
            on state_party.public_key_hash = pk_hash_to_ext_id_map.public_key_hash
17:43:53.571 [Test worker] INFO liquibase - master.changelog.json: migration/vault-schema.changelog-v8.xml::create-external-id-to-state-party-view::R3.Corda: View v_pkey_hash_ex_id_map created
17:43:53.572 [Test worker] INFO liquibase - master.changelog.json: migration/vault-schema.changelog-v8.xml::create-external-id-to-state-party-view::R3.Corda: ChangeSet migration/vault-schema.changelog-v8.xml::create-external-id-to-state-party-view::R3.Corda ran successfully in 8ms
17:43:53.573 [Test worker] DEBUG liquibase - master.changelog.json: migration/vault-schema.changelog-v8.xml::create-external-id-to-state-party-view::R3.Corda: Executing EXECUTE database command: INSERT INTO PUBLIC.DATABASECHANGELOG (ID, AUTHOR, FILENAME, DATEEXECUTED, ORDEREXECUTED, MD5SUM, DESCRIPTION, COMMENTS, EXECTYPE, CONTEXTS, LABELS, LIQUIBASE, DEPLOYMENT_ID) VALUES ('create-external-id-to-state-party-view', 'R3.Corda', 'migration/vault-schema.changelog-v8.xml', NOW(), 28, '7:68a2e794e4726e4e40b28753c7a64413', 'createTable tableName=state_party; createIndex indexName=state_pk_hash_idx, tableName=state_party; createTable tableName=pk_hash_to_ext_id_map; createIndex indexName=pk_hash_to_xid_idx, tableName=pk_hash_to_ext_id_map; createView viewName=v_pkey_h...', '', 'EXECUTED', NULL, NULL, '3.5.4', '1046233355')
17:43:53.574 [Test worker] DEBUG liquibase - master.changelog.json: migration/node-info.changelog-init.xml::1511451595465-4::R3.Corda: Running Changeset:migration/node-info.changelog-init.xml::1511451595465-4::R3.Corda
17:43:53.574 [Test worker] DEBUG liquibase - master.changelog.json: migration/node-info.changelog-init.xml::1511451595465-4::R3.Corda: Changeset migration/node-info.changelog-init.xml::1511451595465-4::R3.Corda
17:43:53.574 [Test worker] DEBUG liquibase - master.changelog.json: migration/node-info.changelog-init.xml::1511451595465-4::R3.Corda: Reading ChangeSet: migration/node-info.changelog-init.xml::1511451595465-4::R3.Corda
17:43:53.574 [Test worker] DEBUG liquibase - master.changelog.json: migration/node-info.changelog-init.xml::1511451595465-4::R3.Corda: Executing Statement: liquibase.statement.core.CreateTableStatement@e51462
17:43:53.574 [Test worker] DEBUG liquibase - master.changelog.json: migration/node-info.changelog-init.xml::1511451595465-4::R3.Corda: Executing EXECUTE database command: CREATE TABLE PUBLIC.node_link_nodeinfo_party (node_info_id INT NOT NULL, party_name NVARCHAR(255) NOT NULL)
17:43:53.575 [Test worker] INFO liquibase - master.changelog.json: migration/node-info.changelog-init.xml::1511451595465-4::R3.Corda: Table node_link_nodeinfo_party created
17:43:53.637 [Test worker] INFO liquibase - master.changelog.json: migration/node-info.changelog-init.xml::1511451595465-4::R3.Corda: ChangeSet migration/node-info.changelog-init.xml::1511451595465-4::R3.Corda ran successfully in 63ms
17:43:53.638 [Test worker] DEBUG liquibase - master.changelog.json: migration/node-info.changelog-init.xml::1511451595465-4::R3.Corda: Executing EXECUTE database command: INSERT INTO PUBLIC.DATABASECHANGELOG (ID, AUTHOR, FILENAME, DATEEXECUTED, ORDEREXECUTED, MD5SUM, DESCRIPTION, COMMENTS, EXECTYPE, CONTEXTS, LABELS, LIQUIBASE, DEPLOYMENT_ID) VALUES ('1511451595465-4', 'R3.Corda', 'migration/node-info.changelog-init.xml', NOW(), 29, '7:86561ccea3a7fbbdb311d455076c98a8', 'createTable tableName=node_link_nodeinfo_party', '', 'EXECUTED', NULL, NULL, '3.5.4', '1046233355')
17:43:53.644 [Test worker] DEBUG liquibase - master.changelog.json: migration/node-info.changelog-init.xml::1511451595465-10::R3.Corda: Running Changeset:migration/node-info.changelog-init.xml::1511451595465-10::R3.Corda
17:43:53.644 [Test worker] DEBUG liquibase - master.changelog.json: migration/node-info.changelog-init.xml::1511451595465-10::R3.Corda: Changeset migration/node-info.changelog-init.xml::1511451595465-10::R3.Corda
17:43:53.644 [Test worker] DEBUG liquibase - master.changelog.json: migration/node-info.changelog-init.xml::1511451595465-10::R3.Corda: Reading ChangeSet: migration/node-info.changelog-init.xml::1511451595465-10::R3.Corda
17:43:53.645 [Test worker] DEBUG liquibase - master.changelog.json: migration/node-info.changelog-init.xml::1511451595465-10::R3.Corda: Executing Statement: liquibase.statement.core.CreateTableStatement@4b8601f
17:43:53.645 [Test worker] DEBUG liquibase - master.changelog.json: migration/node-info.changelog-init.xml::1511451595465-10::R3.Corda: Executing EXECUTE database command: CREATE TABLE PUBLIC.node_info_hosts (host NVARCHAR(255) NOT NULL, port INT NOT NULL, node_info_id INT)
17:43:53.645 [Test worker] INFO liquibase - master.changelog.json: migration/node-info.changelog-init.xml::1511451595465-10::R3.Corda: Table node_info_hosts created
17:43:53.646 [Test worker] INFO liquibase - master.changelog.json: migration/node-info.changelog-init.xml::1511451595465-10::R3.Corda: ChangeSet migration/node-info.changelog-init.xml::1511451595465-10::R3.Corda ran successfully in 1ms
17:43:53.647 [Test worker] DEBUG liquibase - master.changelog.json: migration/node-info.changelog-init.xml::1511451595465-10::R3.Corda: Executing EXECUTE database command: INSERT INTO PUBLIC.DATABASECHANGELOG (ID, AUTHOR, FILENAME, DATEEXECUTED, ORDEREXECUTED, MD5SUM, DESCRIPTION, COMMENTS, EXECTYPE, CONTEXTS, LABELS, LIQUIBASE, DEPLOYMENT_ID) VALUES ('1511451595465-10', 'R3.Corda', 'migration/node-info.changelog-init.xml', NOW(), 30, '7:86dcf13717e5dbc4c623523618380bdd', 'createTable tableName=node_info_hosts', '', 'EXECUTED', NULL, NULL, '3.5.4', '1046233355')
17:43:53.649 [Test worker] DEBUG liquibase - master.changelog.json: migration/node-info.changelog-init.xml::1511451595465-11::R3.Corda: Running Changeset:migration/node-info.changelog-init.xml::1511451595465-11::R3.Corda
17:43:53.649 [Test worker] DEBUG liquibase - master.changelog.json: migration/node-info.changelog-init.xml::1511451595465-11::R3.Corda: Changeset migration/node-info.changelog-init.xml::1511451595465-11::R3.Corda
17:43:53.650 [Test worker] DEBUG liquibase - master.changelog.json: migration/node-info.changelog-init.xml::1511451595465-11::R3.Corda: Reading ChangeSet: migration/node-info.changelog-init.xml::1511451595465-11::R3.Corda
17:43:53.650 [Test worker] DEBUG liquibase - master.changelog.json: migration/node-info.changelog-init.xml::1511451595465-11::R3.Corda: Executing Statement: liquibase.statement.core.CreateTableStatement@62886646
17:43:53.650 [Test worker] DEBUG liquibase - master.changelog.json: migration/node-info.changelog-init.xml::1511451595465-11::R3.Corda: Executing EXECUTE database command: CREATE TABLE PUBLIC.node_info_party_cert (party_name NVARCHAR(255) NOT NULL, ismain BOOLEAN NOT NULL, owning_key_hash NVARCHAR(130), party_cert_binary BLOB)
17:43:53.656 [Test worker] INFO liquibase - master.changelog.json: migration/node-info.changelog-init.xml::1511451595465-11::R3.Corda: Table node_info_party_cert created
17:43:53.656 [Test worker] INFO liquibase - master.changelog.json: migration/node-info.changelog-init.xml::1511451595465-11::R3.Corda: ChangeSet migration/node-info.changelog-init.xml::1511451595465-11::R3.Corda ran successfully in 7ms
17:43:53.658 [Test worker] DEBUG liquibase - master.changelog.json: migration/node-info.changelog-init.xml::1511451595465-11::R3.Corda: Executing EXECUTE database command: INSERT INTO PUBLIC.DATABASECHANGELOG (ID, AUTHOR, FILENAME, DATEEXECUTED, ORDEREXECUTED, MD5SUM, DESCRIPTION, COMMENTS, EXECTYPE, CONTEXTS, LABELS, LIQUIBASE, DEPLOYMENT_ID) VALUES ('1511451595465-11', 'R3.Corda', 'migration/node-info.changelog-init.xml', NOW(), 31, '7:ddf2ea133beca979abcb7e627a37db60', 'createTable tableName=node_info_party_cert', '', 'EXECUTED', NULL, NULL, '3.5.4', '1046233355')
17:43:53.658 [Test worker] DEBUG liquibase - master.changelog.json: migration/node-info.changelog-init.xml::1511451595465-12::R3.Corda: Running Changeset:migration/node-info.changelog-init.xml::1511451595465-12::R3.Corda
17:43:53.658 [Test worker] DEBUG liquibase - master.changelog.json: migration/node-info.changelog-init.xml::1511451595465-12::R3.Corda: Changeset migration/node-info.changelog-init.xml::1511451595465-12::R3.Corda
17:43:53.659 [Test worker] DEBUG liquibase - master.changelog.json: migration/node-info.changelog-init.xml::1511451595465-12::R3.Corda: Reading ChangeSet: migration/node-info.changelog-init.xml::1511451595465-12::R3.Corda
17:43:53.659 [Test worker] DEBUG liquibase - master.changelog.json: migration/node-info.changelog-init.xml::1511451595465-12::R3.Corda: Executing Statement: liquibase.statement.core.CreateTableStatement@435dae49
17:43:53.659 [Test worker] DEBUG liquibase - master.changelog.json: migration/node-info.changelog-init.xml::1511451595465-12::R3.Corda: Executing EXECUTE database command: CREATE TABLE PUBLIC.node_infos (node_info_id INT NOT NULL, node_info_hash NVARCHAR(64), platform_version INT, serial BIGINT)
17:43:53.659 [Test worker] INFO liquibase - master.changelog.json: migration/node-info.changelog-init.xml::1511451595465-12::R3.Corda: Table node_infos created
17:43:53.660 [Test worker] INFO liquibase - master.changelog.json: migration/node-info.changelog-init.xml::1511451595465-12::R3.Corda: ChangeSet migration/node-info.changelog-init.xml::1511451595465-12::R3.Corda ran successfully in 2ms
17:43:53.661 [Test worker] DEBUG liquibase - master.changelog.json: migration/node-info.changelog-init.xml::1511451595465-12::R3.Corda: Executing EXECUTE database command: INSERT INTO PUBLIC.DATABASECHANGELOG (ID, AUTHOR, FILENAME, DATEEXECUTED, ORDEREXECUTED, MD5SUM, DESCRIPTION, COMMENTS, EXECTYPE, CONTEXTS, LABELS, LIQUIBASE, DEPLOYMENT_ID) VALUES ('1511451595465-12', 'R3.Corda', 'migration/node-info.changelog-init.xml', NOW(), 32, '7:2a2169c32d87fdc3442c6096740a52a5', 'createTable tableName=node_infos', '', 'EXECUTED', NULL, NULL, '3.5.4', '1046233355')
17:43:53.661 [Test worker] DEBUG liquibase - master.changelog.json: migration/node-info.changelog-init.xml::1511451595465-35::R3.Corda: Running Changeset:migration/node-info.changelog-init.xml::1511451595465-35::R3.Corda
17:43:53.661 [Test worker] DEBUG liquibase - master.changelog.json: migration/node-info.changelog-init.xml::1511451595465-35::R3.Corda: Changeset migration/node-info.changelog-init.xml::1511451595465-35::R3.Corda
17:43:53.662 [Test worker] DEBUG liquibase - master.changelog.json: migration/node-info.changelog-init.xml::1511451595465-35::R3.Corda: Reading ChangeSet: migration/node-info.changelog-init.xml::1511451595465-35::R3.Corda
17:43:53.662 [Test worker] DEBUG liquibase - master.changelog.json: migration/node-info.changelog-init.xml::1511451595465-35::R3.Corda: Executing Statement: liquibase.statement.core.AddPrimaryKeyStatement@481f0b8d
17:43:53.662 [Test worker] DEBUG liquibase - master.changelog.json: migration/node-info.changelog-init.xml::1511451595465-35::R3.Corda: Executing EXECUTE database command: ALTER TABLE PUBLIC.node_info_hosts ADD CONSTRAINT node_info_hosts_pkey PRIMARY KEY (host, port)
17:43:53.662 [Test worker] INFO liquibase - master.changelog.json: migration/node-info.changelog-init.xml::1511451595465-35::R3.Corda: Primary key added to node_info_hosts (host, port)
17:43:53.662 [Test worker] INFO liquibase - master.changelog.json: migration/node-info.changelog-init.xml::1511451595465-35::R3.Corda: ChangeSet migration/node-info.changelog-init.xml::1511451595465-35::R3.Corda ran successfully in 1ms
17:43:53.669 [Test worker] DEBUG liquibase - master.changelog.json: migration/node-info.changelog-init.xml::1511451595465-35::R3.Corda: Executing EXECUTE database command: INSERT INTO PUBLIC.DATABASECHANGELOG (ID, AUTHOR, FILENAME, DATEEXECUTED, ORDEREXECUTED, MD5SUM, DESCRIPTION, COMMENTS, EXECTYPE, CONTEXTS, LABELS, LIQUIBASE, DEPLOYMENT_ID) VALUES ('1511451595465-35', 'R3.Corda', 'migration/node-info.changelog-init.xml', NOW(), 33, '7:5c8230d7f489b4b961c3b52b3335e5ff', 'addPrimaryKey constraintName=node_info_hosts_pkey, tableName=node_info_hosts', '', 'EXECUTED', NULL, NULL, '3.5.4', '1046233355')
17:43:53.669 [Test worker] DEBUG liquibase - master.changelog.json: migration/node-info.changelog-init.xml::1511451595465-36::R3.Corda: Running Changeset:migration/node-info.changelog-init.xml::1511451595465-36::R3.Corda
17:43:53.669 [Test worker] DEBUG liquibase - master.changelog.json: migration/node-info.changelog-init.xml::1511451595465-36::R3.Corda: Changeset migration/node-info.changelog-init.xml::1511451595465-36::R3.Corda
17:43:53.670 [Test worker] DEBUG liquibase - master.changelog.json: migration/node-info.changelog-init.xml::1511451595465-36::R3.Corda: Reading ChangeSet: migration/node-info.changelog-init.xml::1511451595465-36::R3.Corda
17:43:53.670 [Test worker] DEBUG liquibase - master.changelog.json: migration/node-info.changelog-init.xml::1511451595465-36::R3.Corda: Executing Statement: liquibase.statement.core.AddPrimaryKeyStatement@5ede1d86
17:43:53.670 [Test worker] DEBUG liquibase - master.changelog.json: migration/node-info.changelog-init.xml::1511451595465-36::R3.Corda: Executing EXECUTE database command: ALTER TABLE PUBLIC.node_info_party_cert ADD CONSTRAINT node_info_party_cert_pkey PRIMARY KEY (party_name)
17:43:53.670 [Test worker] INFO liquibase - master.changelog.json: migration/node-info.changelog-init.xml::1511451595465-36::R3.Corda: Primary key added to node_info_party_cert (party_name)
17:43:53.670 [Test worker] INFO liquibase - master.changelog.json: migration/node-info.changelog-init.xml::1511451595465-36::R3.Corda: ChangeSet migration/node-info.changelog-init.xml::1511451595465-36::R3.Corda ran successfully in 1ms
17:43:53.672 [Test worker] DEBUG liquibase - master.changelog.json: migration/node-info.changelog-init.xml::1511451595465-36::R3.Corda: Executing EXECUTE database command: INSERT INTO PUBLIC.DATABASECHANGELOG (ID, AUTHOR, FILENAME, DATEEXECUTED, ORDEREXECUTED, MD5SUM, DESCRIPTION, COMMENTS, EXECTYPE, CONTEXTS, LABELS, LIQUIBASE, DEPLOYMENT_ID) VALUES ('1511451595465-36', 'R3.Corda', 'migration/node-info.changelog-init.xml', NOW(), 34, '7:a4293247b9113bb0895d15e212ded67d', 'addPrimaryKey constraintName=node_info_party_cert_pkey, tableName=node_info_party_cert', '', 'EXECUTED', NULL, NULL, '3.5.4', '1046233355')
17:43:53.672 [Test worker] DEBUG liquibase - master.changelog.json: migration/node-info.changelog-init.xml::1511451595465-37::R3.Corda: Running Changeset:migration/node-info.changelog-init.xml::1511451595465-37::R3.Corda
17:43:53.672 [Test worker] DEBUG liquibase - master.changelog.json: migration/node-info.changelog-init.xml::1511451595465-37::R3.Corda: Changeset migration/node-info.changelog-init.xml::1511451595465-37::R3.Corda
17:43:53.673 [Test worker] DEBUG liquibase - master.changelog.json: migration/node-info.changelog-init.xml::1511451595465-37::R3.Corda: Reading ChangeSet: migration/node-info.changelog-init.xml::1511451595465-37::R3.Corda
17:43:53.673 [Test worker] DEBUG liquibase - master.changelog.json: migration/node-info.changelog-init.xml::1511451595465-37::R3.Corda: Executing Statement: liquibase.statement.core.AddPrimaryKeyStatement@7d3c5dc2
17:43:53.673 [Test worker] DEBUG liquibase - master.changelog.json: migration/node-info.changelog-init.xml::1511451595465-37::R3.Corda: Executing EXECUTE database command: ALTER TABLE PUBLIC.node_infos ADD CONSTRAINT node_infos_pkey PRIMARY KEY (node_info_id)
17:43:53.674 [Test worker] INFO liquibase - master.changelog.json: migration/node-info.changelog-init.xml::1511451595465-37::R3.Corda: Primary key added to node_infos (node_info_id)
17:43:53.674 [Test worker] INFO liquibase - master.changelog.json: migration/node-info.changelog-init.xml::1511451595465-37::R3.Corda: ChangeSet migration/node-info.changelog-init.xml::1511451595465-37::R3.Corda ran successfully in 2ms
17:43:53.680 [Test worker] DEBUG liquibase - master.changelog.json: migration/node-info.changelog-init.xml::1511451595465-37::R3.Corda: Executing EXECUTE database command: INSERT INTO PUBLIC.DATABASECHANGELOG (ID, AUTHOR, FILENAME, DATEEXECUTED, ORDEREXECUTED, MD5SUM, DESCRIPTION, COMMENTS, EXECTYPE, CONTEXTS, LABELS, LIQUIBASE, DEPLOYMENT_ID) VALUES ('1511451595465-37', 'R3.Corda', 'migration/node-info.changelog-init.xml', NOW(), 35, '7:3f7b9e25544e21798cc648d8ab2056b7', 'addPrimaryKey constraintName=node_infos_pkey, tableName=node_infos', '', 'EXECUTED', NULL, NULL, '3.5.4', '1046233355')
17:43:53.682 [Test worker] DEBUG liquibase - master.changelog.json: migration/node-info.changelog-init.xml::1511451595465-62::R3.Corda: Running Changeset:migration/node-info.changelog-init.xml::1511451595465-62::R3.Corda
17:43:53.682 [Test worker] DEBUG liquibase - master.changelog.json: migration/node-info.changelog-init.xml::1511451595465-62::R3.Corda: Changeset migration/node-info.changelog-init.xml::1511451595465-62::R3.Corda
17:43:53.683 [Test worker] DEBUG liquibase - master.changelog.json: migration/node-info.changelog-init.xml::1511451595465-62::R3.Corda: Reading ChangeSet: migration/node-info.changelog-init.xml::1511451595465-62::R3.Corda
17:43:53.683 [Test worker] DEBUG liquibase - master.changelog.json: migration/node-info.changelog-init.xml::1511451595465-62::R3.Corda: Executing Statement: liquibase.statement.core.AddForeignKeyConstraintStatement@f9ba52a
17:43:53.683 [Test worker] DEBUG liquibase - master.changelog.json: migration/node-info.changelog-init.xml::1511451595465-62::R3.Corda: Executing EXECUTE database command: ALTER TABLE PUBLIC.node_link_nodeinfo_party ADD CONSTRAINT FK__link_nodeinfo_party__infos FOREIGN KEY (node_info_id) REFERENCES PUBLIC.node_infos (node_info_id)
17:43:53.684 [Test worker] INFO liquibase - master.changelog.json: migration/node-info.changelog-init.xml::1511451595465-62::R3.Corda: Foreign key constraint added to node_link_nodeinfo_party (node_info_id)
17:43:53.685 [Test worker] INFO liquibase - master.changelog.json: migration/node-info.changelog-init.xml::1511451595465-62::R3.Corda: ChangeSet migration/node-info.changelog-init.xml::1511451595465-62::R3.Corda ran successfully in 2ms
17:43:53.693 [Test worker] DEBUG liquibase - master.changelog.json: migration/node-info.changelog-init.xml::1511451595465-62::R3.Corda: Executing EXECUTE database command: INSERT INTO PUBLIC.DATABASECHANGELOG (ID, AUTHOR, FILENAME, DATEEXECUTED, ORDEREXECUTED, MD5SUM, DESCRIPTION, COMMENTS, EXECTYPE, CONTEXTS, LABELS, LIQUIBASE, DEPLOYMENT_ID) VALUES ('1511451595465-62', 'R3.Corda', 'migration/node-info.changelog-init.xml', NOW(), 36, '7:64add0a3b0350cfe6fa3de1428a38397', 'addForeignKeyConstraint baseTableName=node_link_nodeinfo_party, constraintName=FK__link_nodeinfo_party__infos, referencedTableName=node_infos', '', 'EXECUTED', NULL, NULL, '3.5.4', '1046233355')
17:43:53.694 [Test worker] DEBUG liquibase - master.changelog.json: migration/node-info.changelog-init.xml::1511451595465-63::R3.Corda: Running Changeset:migration/node-info.changelog-init.xml::1511451595465-63::R3.Corda
17:43:53.694 [Test worker] DEBUG liquibase - master.changelog.json: migration/node-info.changelog-init.xml::1511451595465-63::R3.Corda: Changeset migration/node-info.changelog-init.xml::1511451595465-63::R3.Corda
17:43:53.694 [Test worker] DEBUG liquibase - master.changelog.json: migration/node-info.changelog-init.xml::1511451595465-63::R3.Corda: Reading ChangeSet: migration/node-info.changelog-init.xml::1511451595465-63::R3.Corda
17:43:53.694 [Test worker] DEBUG liquibase - master.changelog.json: migration/node-info.changelog-init.xml::1511451595465-63::R3.Corda: Executing Statement: liquibase.statement.core.AddForeignKeyConstraintStatement@5c6b983b
17:43:53.695 [Test worker] DEBUG liquibase - master.changelog.json: migration/node-info.changelog-init.xml::1511451595465-63::R3.Corda: Executing EXECUTE database command: ALTER TABLE PUBLIC.node_info_hosts ADD CONSTRAINT FK__info_hosts__infos FOREIGN KEY (node_info_id) REFERENCES PUBLIC.node_infos (node_info_id)
17:43:53.696 [Test worker] INFO liquibase - master.changelog.json: migration/node-info.changelog-init.xml::1511451595465-63::R3.Corda: Foreign key constraint added to node_info_hosts (node_info_id)
17:43:53.696 [Test worker] INFO liquibase - master.changelog.json: migration/node-info.changelog-init.xml::1511451595465-63::R3.Corda: ChangeSet migration/node-info.changelog-init.xml::1511451595465-63::R3.Corda ran successfully in 2ms
17:43:53.697 [Test worker] DEBUG liquibase - master.changelog.json: migration/node-info.changelog-init.xml::1511451595465-63::R3.Corda: Executing EXECUTE database command: INSERT INTO PUBLIC.DATABASECHANGELOG (ID, AUTHOR, FILENAME, DATEEXECUTED, ORDEREXECUTED, MD5SUM, DESCRIPTION, COMMENTS, EXECTYPE, CONTEXTS, LABELS, LIQUIBASE, DEPLOYMENT_ID) VALUES ('1511451595465-63', 'R3.Corda', 'migration/node-info.changelog-init.xml', NOW(), 37, '7:6ea0c3bb234d14956401b6b281531832', 'addForeignKeyConstraint baseTableName=node_info_hosts, constraintName=FK__info_hosts__infos, referencedTableName=node_infos', '', 'EXECUTED', NULL, NULL, '3.5.4', '1046233355')
17:43:53.704 [Test worker] DEBUG liquibase - master.changelog.json: migration/node-info.changelog-init.xml::remove_host_port_pk::R3.Corda: Running Changeset:migration/node-info.changelog-init.xml::remove_host_port_pk::R3.Corda
17:43:53.704 [Test worker] DEBUG liquibase - master.changelog.json: migration/node-info.changelog-init.xml::remove_host_port_pk::R3.Corda: Changeset migration/node-info.changelog-init.xml::remove_host_port_pk::R3.Corda
17:43:53.704 [Test worker] DEBUG liquibase - master.changelog.json: migration/node-info.changelog-init.xml::remove_host_port_pk::R3.Corda: Reading ChangeSet: migration/node-info.changelog-init.xml::remove_host_port_pk::R3.Corda
17:43:53.704 [Test worker] DEBUG liquibase - master.changelog.json: migration/node-info.changelog-init.xml::remove_host_port_pk::R3.Corda: Executing Statement: liquibase.statement.core.DeleteStatement@5d1388b6
17:43:53.705 [Test worker] DEBUG liquibase - master.changelog.json: migration/node-info.changelog-init.xml::remove_host_port_pk::R3.Corda: Executing EXECUTE database command: DELETE FROM PUBLIC.node_infos
17:43:53.705 [Test worker] INFO liquibase - master.changelog.json: migration/node-info.changelog-init.xml::remove_host_port_pk::R3.Corda: Data deleted from node_infos
17:43:53.705 [Test worker] DEBUG liquibase - master.changelog.json: migration/node-info.changelog-init.xml::remove_host_port_pk::R3.Corda: Executing Statement: liquibase.statement.core.DeleteStatement@279d0f6a
17:43:53.705 [Test worker] DEBUG liquibase - master.changelog.json: migration/node-info.changelog-init.xml::remove_host_port_pk::R3.Corda: Executing EXECUTE database command: DELETE FROM PUBLIC.node_link_nodeinfo_party
17:43:53.705 [Test worker] INFO liquibase - master.changelog.json: migration/node-info.changelog-init.xml::remove_host_port_pk::R3.Corda: Data deleted from node_link_nodeinfo_party
17:43:53.705 [Test worker] DEBUG liquibase - master.changelog.json: migration/node-info.changelog-init.xml::remove_host_port_pk::R3.Corda: Executing Statement: liquibase.statement.core.DeleteStatement@1bc36532
17:43:53.705 [Test worker] DEBUG liquibase - master.changelog.json: migration/node-info.changelog-init.xml::remove_host_port_pk::R3.Corda: Executing EXECUTE database command: DELETE FROM PUBLIC.node_info_hosts
17:43:53.705 [Test worker] INFO liquibase - master.changelog.json: migration/node-info.changelog-init.xml::remove_host_port_pk::R3.Corda: Data deleted from node_info_hosts
17:43:53.705 [Test worker] DEBUG liquibase - master.changelog.json: migration/node-info.changelog-init.xml::remove_host_port_pk::R3.Corda: Executing Statement: liquibase.statement.core.DeleteStatement@3de14cc8
17:43:53.706 [Test worker] DEBUG liquibase - master.changelog.json: migration/node-info.changelog-init.xml::remove_host_port_pk::R3.Corda: Executing EXECUTE database command: DELETE FROM PUBLIC.node_info_party_cert
17:43:53.706 [Test worker] INFO liquibase - master.changelog.json: migration/node-info.changelog-init.xml::remove_host_port_pk::R3.Corda: Data deleted from node_info_party_cert
17:43:53.706 [Test worker] DEBUG liquibase - master.changelog.json: migration/node-info.changelog-init.xml::remove_host_port_pk::R3.Corda: Executing Statement: liquibase.statement.core.DropPrimaryKeyStatement@7cf635fa
17:43:53.706 [Test worker] DEBUG liquibase - master.changelog.json: migration/node-info.changelog-init.xml::remove_host_port_pk::R3.Corda: Executing EXECUTE database command: ALTER TABLE PUBLIC.node_info_hosts DROP PRIMARY KEY
17:43:53.707 [Test worker] INFO liquibase - master.changelog.json: migration/node-info.changelog-init.xml::remove_host_port_pk::R3.Corda: Primary key dropped from node_info_hosts
17:43:53.707 [Test worker] DEBUG liquibase - master.changelog.json: migration/node-info.changelog-init.xml::remove_host_port_pk::R3.Corda: Executing Statement: liquibase.statement.core.AddColumnStatement@61b6cb8
17:43:53.707 [Test worker] DEBUG liquibase - master.changelog.json: migration/node-info.changelog-init.xml::remove_host_port_pk::R3.Corda: Executing EXECUTE database command: ALTER TABLE PUBLIC.node_info_hosts ADD hosts_id INT NOT NULL
17:43:53.716 [Test worker] INFO liquibase - master.changelog.json: migration/node-info.changelog-init.xml::remove_host_port_pk::R3.Corda: Columns hosts_id(INT) added to node_info_hosts
17:43:53.716 [Test worker] DEBUG liquibase - master.changelog.json: migration/node-info.changelog-init.xml::remove_host_port_pk::R3.Corda: Executing Statement: liquibase.statement.core.AddPrimaryKeyStatement@2cdd8116
17:43:53.716 [Test worker] DEBUG liquibase - master.changelog.json: migration/node-info.changelog-init.xml::remove_host_port_pk::R3.Corda: Executing EXECUTE database command: ALTER TABLE PUBLIC.node_info_hosts ADD CONSTRAINT node_info_hosts_pkey_id PRIMARY KEY (hosts_id)
17:43:53.716 [Test worker] INFO liquibase - master.changelog.json: migration/node-info.changelog-init.xml::remove_host_port_pk::R3.Corda: Primary key added to node_info_hosts (hosts_id)
17:43:53.717 [Test worker] INFO liquibase - master.changelog.json: migration/node-info.changelog-init.xml::remove_host_port_pk::R3.Corda: ChangeSet migration/node-info.changelog-init.xml::remove_host_port_pk::R3.Corda ran successfully in 13ms
17:43:53.718 [Test worker] DEBUG liquibase - master.changelog.json: migration/node-info.changelog-init.xml::remove_host_port_pk::R3.Corda: Executing EXECUTE database command: INSERT INTO PUBLIC.DATABASECHANGELOG (ID, AUTHOR, FILENAME, DATEEXECUTED, ORDEREXECUTED, MD5SUM, DESCRIPTION, COMMENTS, EXECTYPE, CONTEXTS, LABELS, LIQUIBASE, DEPLOYMENT_ID) VALUES ('remove_host_port_pk', 'R3.Corda', 'migration/node-info.changelog-init.xml', NOW(), 38, '7:cb733f12ced82860fd296bb0c94c5072', 'delete tableName=node_infos; delete tableName=node_link_nodeinfo_party; delete tableName=node_info_hosts; delete tableName=node_info_party_cert; dropPrimaryKey constraintName=node_info_hosts_pkey, tableName=node_info_hosts; addColumn tableName=nod...', '', 'EXECUTED', NULL, NULL, '3.5.4', '1046233355')
17:43:53.719 [Test worker] DEBUG liquibase - master.changelog.json: migration/node-info.changelog-v1.xml::key/value node properties table::R3.Corda: Running Changeset:migration/node-info.changelog-v1.xml::key/value node properties table::R3.Corda
17:43:53.719 [Test worker] DEBUG liquibase - master.changelog.json: migration/node-info.changelog-v1.xml::key/value node properties table::R3.Corda: Changeset migration/node-info.changelog-v1.xml::key/value node properties table::R3.Corda
17:43:53.719 [Test worker] DEBUG liquibase - master.changelog.json: migration/node-info.changelog-v1.xml::key/value node properties table::R3.Corda: Reading ChangeSet: migration/node-info.changelog-v1.xml::key/value node properties table::R3.Corda
17:43:53.720 [Test worker] DEBUG liquibase - master.changelog.json: migration/node-info.changelog-v1.xml::key/value node properties table::R3.Corda: Executing Statement: liquibase.statement.core.CreateTableStatement@25b83cca
17:43:53.720 [Test worker] DEBUG liquibase - master.changelog.json: migration/node-info.changelog-v1.xml::key/value node properties table::R3.Corda: Executing EXECUTE database command: CREATE TABLE PUBLIC.node_properties (property_key NVARCHAR(255) NOT NULL, property_value NVARCHAR(255))
17:43:53.720 [Test worker] INFO liquibase - master.changelog.json: migration/node-info.changelog-v1.xml::key/value node properties table::R3.Corda: Table node_properties created
17:43:53.720 [Test worker] INFO liquibase - master.changelog.json: migration/node-info.changelog-v1.xml::key/value node properties table::R3.Corda: ChangeSet migration/node-info.changelog-v1.xml::key/value node properties table::R3.Corda ran successfully in 1ms
17:43:53.721 [Test worker] DEBUG liquibase - master.changelog.json: migration/node-info.changelog-v1.xml::key/value node properties table::R3.Corda: Executing EXECUTE database command: INSERT INTO PUBLIC.DATABASECHANGELOG (ID, AUTHOR, FILENAME, DATEEXECUTED, ORDEREXECUTED, MD5SUM, DESCRIPTION, COMMENTS, EXECTYPE, CONTEXTS, LABELS, LIQUIBASE, DEPLOYMENT_ID) VALUES ('key/value node properties table', 'R3.Corda', 'migration/node-info.changelog-v1.xml', NOW(), 39, '7:05241b402dd60a4e1eeb86ad6c5eff9e', 'createTable tableName=node_properties', '', 'EXECUTED', NULL, NULL, '3.5.4', '1046233355')
17:43:53.740 [Test worker] DEBUG liquibase - master.changelog.json: migration/node-info.changelog-v2.xml::1525962920::R3.Corda: Running Changeset:migration/node-info.changelog-v2.xml::1525962920::R3.Corda
17:43:53.740 [Test worker] DEBUG liquibase - master.changelog.json: migration/node-info.changelog-v2.xml::1525962920::R3.Corda: Changeset migration/node-info.changelog-v2.xml::1525962920::R3.Corda
17:43:53.740 [Test worker] DEBUG liquibase - master.changelog.json: migration/node-info.changelog-v2.xml::1525962920::R3.Corda: Reading ChangeSet: migration/node-info.changelog-v2.xml::1525962920::R3.Corda
17:43:53.740 [Test worker] DEBUG liquibase - master.changelog.json: migration/node-info.changelog-v2.xml::1525962920::R3.Corda: Executing Statement: liquibase.statement.core.SetNullableStatement@38e93f0b
17:43:53.740 [Test worker] DEBUG liquibase - master.changelog.json: migration/node-info.changelog-v2.xml::1525962920::R3.Corda: Executing EXECUTE database command: ALTER TABLE PUBLIC.node_infos ALTER COLUMN node_info_hash SET NOT NULL
17:43:53.741 [Test worker] INFO liquibase - master.changelog.json: migration/node-info.changelog-v2.xml::1525962920::R3.Corda: Null constraint has been added to node_infos.node_info_hash
17:43:53.742 [Test worker] DEBUG liquibase - master.changelog.json: migration/node-info.changelog-v2.xml::1525962920::R3.Corda: Executing Statement: liquibase.statement.core.SetNullableStatement@21cae414
17:43:53.742 [Test worker] DEBUG liquibase - master.changelog.json: migration/node-info.changelog-v2.xml::1525962920::R3.Corda: Executing EXECUTE database command: ALTER TABLE PUBLIC.node_infos ALTER COLUMN platform_version SET NOT NULL
17:43:53.742 [Test worker] INFO liquibase - master.changelog.json: migration/node-info.changelog-v2.xml::1525962920::R3.Corda: Null constraint has been added to node_infos.platform_version
17:43:53.742 [Test worker] DEBUG liquibase - master.changelog.json: migration/node-info.changelog-v2.xml::1525962920::R3.Corda: Executing Statement: liquibase.statement.core.SetNullableStatement@1ce20485
17:43:53.742 [Test worker] DEBUG liquibase - master.changelog.json: migration/node-info.changelog-v2.xml::1525962920::R3.Corda: Executing EXECUTE database command: ALTER TABLE PUBLIC.node_infos ALTER COLUMN serial SET NOT NULL
17:43:53.745 [Test worker] INFO liquibase - master.changelog.json: migration/node-info.changelog-v2.xml::1525962920::R3.Corda: Null constraint has been added to node_infos.serial
17:43:53.745 [Test worker] DEBUG liquibase - master.changelog.json: migration/node-info.changelog-v2.xml::1525962920::R3.Corda: Executing Statement: liquibase.statement.core.SetNullableStatement@73a56b8b
17:43:53.745 [Test worker] DEBUG liquibase - master.changelog.json: migration/node-info.changelog-v2.xml::1525962920::R3.Corda: Executing EXECUTE database command: ALTER TABLE PUBLIC.node_info_hosts ALTER COLUMN host SET NULL
17:43:53.745 [Test worker] INFO liquibase - master.changelog.json: migration/node-info.changelog-v2.xml::1525962920::R3.Corda: Null constraint dropped from node_info_hosts.host
17:43:53.745 [Test worker] DEBUG liquibase - master.changelog.json: migration/node-info.changelog-v2.xml::1525962920::R3.Corda: Executing Statement: liquibase.statement.core.SetNullableStatement@d233a91
17:43:53.745 [Test worker] DEBUG liquibase - master.changelog.json: migration/node-info.changelog-v2.xml::1525962920::R3.Corda: Executing EXECUTE database command: ALTER TABLE PUBLIC.node_info_hosts ALTER COLUMN port SET NULL
17:43:53.746 [Test worker] INFO liquibase - master.changelog.json: migration/node-info.changelog-v2.xml::1525962920::R3.Corda: Null constraint dropped from node_info_hosts.port
17:43:53.746 [Test worker] DEBUG liquibase - master.changelog.json: migration/node-info.changelog-v2.xml::1525962920::R3.Corda: Executing Statement: liquibase.statement.core.SetNullableStatement@1e9c19c
17:43:53.746 [Test worker] DEBUG liquibase - master.changelog.json: migration/node-info.changelog-v2.xml::1525962920::R3.Corda: Executing EXECUTE database command: ALTER TABLE PUBLIC.node_info_party_cert ALTER COLUMN owning_key_hash SET NOT NULL
17:43:53.746 [Test worker] INFO liquibase - master.changelog.json: migration/node-info.changelog-v2.xml::1525962920::R3.Corda: Null constraint has been added to node_info_party_cert.owning_key_hash
17:43:53.746 [Test worker] DEBUG liquibase - master.changelog.json: migration/node-info.changelog-v2.xml::1525962920::R3.Corda: Executing Statement: liquibase.statement.core.SetNullableStatement@1211a596
17:43:53.746 [Test worker] DEBUG liquibase - master.changelog.json: migration/node-info.changelog-v2.xml::1525962920::R3.Corda: Executing EXECUTE database command: ALTER TABLE PUBLIC.node_info_party_cert ALTER COLUMN party_cert_binary SET NOT NULL
17:43:53.749 [Test worker] INFO liquibase - master.changelog.json: migration/node-info.changelog-v2.xml::1525962920::R3.Corda: Null constraint has been added to node_info_party_cert.party_cert_binary
17:43:53.749 [Test worker] INFO liquibase - master.changelog.json: migration/node-info.changelog-v2.xml::1525962920::R3.Corda: ChangeSet migration/node-info.changelog-v2.xml::1525962920::R3.Corda ran successfully in 9ms
17:43:53.750 [Test worker] DEBUG liquibase - master.changelog.json: migration/node-info.changelog-v2.xml::1525962920::R3.Corda: Executing EXECUTE database command: INSERT INTO PUBLIC.DATABASECHANGELOG (ID, AUTHOR, FILENAME, DATEEXECUTED, ORDEREXECUTED, MD5SUM, DESCRIPTION, COMMENTS, EXECTYPE, CONTEXTS, LABELS, LIQUIBASE, DEPLOYMENT_ID) VALUES ('1525962920', 'R3.Corda', 'migration/node-info.changelog-v2.xml', NOW(), 40, '7:c3fd83668d5ed4acdefcad3f90944935', 'addNotNullConstraint columnName=node_info_hash, tableName=node_infos; addNotNullConstraint columnName=platform_version, tableName=node_infos; addNotNullConstraint columnName=serial, tableName=node_infos; dropNotNullConstraint columnName=host, tabl...', '', 'EXECUTED', NULL, NULL, '3.5.4', '1046233355')
17:43:53.751 [Test worker] DEBUG liquibase - master.changelog.json: migration/node-info.changelog-v3.xml::column_host_name::R3.Corda: Running Changeset:migration/node-info.changelog-v3.xml::column_host_name::R3.Corda
17:43:53.751 [Test worker] DEBUG liquibase - master.changelog.json: migration/node-info.changelog-v3.xml::column_host_name::R3.Corda: Changeset migration/node-info.changelog-v3.xml::column_host_name::R3.Corda
17:43:53.752 [Test worker] DEBUG liquibase - master.changelog.json: migration/node-info.changelog-v3.xml::column_host_name::R3.Corda: Reading ChangeSet: migration/node-info.changelog-v3.xml::column_host_name::R3.Corda
17:43:53.752 [Test worker] DEBUG liquibase - master.changelog.json: migration/node-info.changelog-v3.xml::column_host_name::R3.Corda: Executing Statement: liquibase.statement.core.RenameColumnStatement@26d747be
17:43:53.752 [Test worker] DEBUG liquibase - master.changelog.json: migration/node-info.changelog-v3.xml::column_host_name::R3.Corda: Executing EXECUTE database command: ALTER TABLE PUBLIC.node_info_hosts ALTER COLUMN host RENAME TO host_name
17:43:53.753 [Test worker] INFO liquibase - master.changelog.json: migration/node-info.changelog-v3.xml::column_host_name::R3.Corda: Column node_info_hosts.host renamed to host_name
17:43:53.753 [Test worker] INFO liquibase - master.changelog.json: migration/node-info.changelog-v3.xml::column_host_name::R3.Corda: ChangeSet migration/node-info.changelog-v3.xml::column_host_name::R3.Corda ran successfully in 2ms
17:43:53.754 [Test worker] DEBUG liquibase - master.changelog.json: migration/node-info.changelog-v3.xml::column_host_name::R3.Corda: Executing EXECUTE database command: INSERT INTO PUBLIC.DATABASECHANGELOG (ID, AUTHOR, FILENAME, DATEEXECUTED, ORDEREXECUTED, MD5SUM, DESCRIPTION, COMMENTS, EXECTYPE, CONTEXTS, LABELS, LIQUIBASE, DEPLOYMENT_ID) VALUES ('column_host_name', 'R3.Corda', 'migration/node-info.changelog-v3.xml', NOW(), 41, '7:fc4ceb3b82e44070da1fff49a7b5cccb', 'renameColumn newColumnName=host_name, oldColumnName=host, tableName=node_info_hosts', '', 'EXECUTED', NULL, NULL, '3.5.4', '1046233355')
17:43:53.755 [Test worker] DEBUG liquibase - master.changelog.json: migration/node-services.changelog-init.xml::1511451595465-5::R3.Corda: Running Changeset:migration/node-services.changelog-init.xml::1511451595465-5::R3.Corda
17:43:53.755 [Test worker] DEBUG liquibase - master.changelog.json: migration/node-services.changelog-init.xml::1511451595465-5::R3.Corda: Changeset migration/node-services.changelog-init.xml::1511451595465-5::R3.Corda
17:43:53.755 [Test worker] DEBUG liquibase - master.changelog.json: migration/node-services.changelog-init.xml::1511451595465-5::R3.Corda: Reading ChangeSet: migration/node-services.changelog-init.xml::1511451595465-5::R3.Corda
17:43:53.755 [Test worker] DEBUG liquibase - master.changelog.json: migration/node-services.changelog-init.xml::1511451595465-5::R3.Corda: Executing Statement: liquibase.statement.core.CreateTableStatement@3e911e5f
17:43:53.755 [Test worker] DEBUG liquibase - master.changelog.json: migration/node-services.changelog-init.xml::1511451595465-5::R3.Corda: Executing EXECUTE database command: CREATE TABLE PUBLIC.node_attachments (att_id NVARCHAR(255) NOT NULL, content BLOB, filename NVARCHAR(255), insertion_date TIMESTAMP NOT NULL, uploader NVARCHAR(255))
17:43:53.756 [Test worker] INFO liquibase - master.changelog.json: migration/node-services.changelog-init.xml::1511451595465-5::R3.Corda: Table node_attachments created
17:43:53.756 [Test worker] INFO liquibase - master.changelog.json: migration/node-services.changelog-init.xml::1511451595465-5::R3.Corda: ChangeSet migration/node-services.changelog-init.xml::1511451595465-5::R3.Corda ran successfully in 1ms
17:43:53.757 [Test worker] DEBUG liquibase - master.changelog.json: migration/node-services.changelog-init.xml::1511451595465-5::R3.Corda: Executing EXECUTE database command: INSERT INTO PUBLIC.DATABASECHANGELOG (ID, AUTHOR, FILENAME, DATEEXECUTED, ORDEREXECUTED, MD5SUM, DESCRIPTION, COMMENTS, EXECTYPE, CONTEXTS, LABELS, LIQUIBASE, DEPLOYMENT_ID) VALUES ('1511451595465-5', 'R3.Corda', 'migration/node-services.changelog-init.xml', NOW(), 42, '7:464a5bbaf24fe78716c38c544dc81f3c', 'createTable tableName=node_attachments', '', 'EXECUTED', NULL, NULL, '3.5.4', '1046233355')
17:43:53.757 [Test worker] DEBUG liquibase - master.changelog.json: migration/node-services.changelog-init.xml::1511451595465-7::R3.Corda: Running Changeset:migration/node-services.changelog-init.xml::1511451595465-7::R3.Corda
17:43:53.757 [Test worker] DEBUG liquibase - master.changelog.json: migration/node-services.changelog-init.xml::1511451595465-7::R3.Corda: Changeset migration/node-services.changelog-init.xml::1511451595465-7::R3.Corda
17:43:53.757 [Test worker] DEBUG liquibase - master.changelog.json: migration/node-services.changelog-init.xml::1511451595465-7::R3.Corda: Reading ChangeSet: migration/node-services.changelog-init.xml::1511451595465-7::R3.Corda
17:43:53.758 [Test worker] DEBUG liquibase - master.changelog.json: migration/node-services.changelog-init.xml::1511451595465-7::R3.Corda: Executing Statement: liquibase.statement.core.CreateTableStatement@484e2b2d
17:43:53.758 [Test worker] DEBUG liquibase - master.changelog.json: migration/node-services.changelog-init.xml::1511451595465-7::R3.Corda: Executing EXECUTE database command: CREATE TABLE PUBLIC.node_checkpoints (checkpoint_id NVARCHAR(64) NOT NULL, checkpoint_value BLOB)
17:43:53.758 [Test worker] INFO liquibase - master.changelog.json: migration/node-services.changelog-init.xml::1511451595465-7::R3.Corda: Table node_checkpoints created
17:43:53.758 [Test worker] INFO liquibase - master.changelog.json: migration/node-services.changelog-init.xml::1511451595465-7::R3.Corda: ChangeSet migration/node-services.changelog-init.xml::1511451595465-7::R3.Corda ran successfully in 1ms
17:43:53.759 [Test worker] DEBUG liquibase - master.changelog.json: migration/node-services.changelog-init.xml::1511451595465-7::R3.Corda: Executing EXECUTE database command: INSERT INTO PUBLIC.DATABASECHANGELOG (ID, AUTHOR, FILENAME, DATEEXECUTED, ORDEREXECUTED, MD5SUM, DESCRIPTION, COMMENTS, EXECTYPE, CONTEXTS, LABELS, LIQUIBASE, DEPLOYMENT_ID) VALUES ('1511451595465-7', 'R3.Corda', 'migration/node-services.changelog-init.xml', NOW(), 43, '7:2870aa3a468e81bab1cd24ac70ca2163', 'createTable tableName=node_checkpoints', '', 'EXECUTED', NULL, NULL, '3.5.4', '1046233355')
17:43:53.760 [Test worker] DEBUG liquibase - master.changelog.json: migration/node-services.changelog-init.xml::1511451595465-8::R3.Corda: Running Changeset:migration/node-services.changelog-init.xml::1511451595465-8::R3.Corda
17:43:53.760 [Test worker] DEBUG liquibase - master.changelog.json: migration/node-services.changelog-init.xml::1511451595465-8::R3.Corda: Changeset migration/node-services.changelog-init.xml::1511451595465-8::R3.Corda
17:43:53.760 [Test worker] DEBUG liquibase - master.changelog.json: migration/node-services.changelog-init.xml::1511451595465-8::R3.Corda: Reading ChangeSet: migration/node-services.changelog-init.xml::1511451595465-8::R3.Corda
17:43:53.760 [Test worker] DEBUG liquibase - master.changelog.json: migration/node-services.changelog-init.xml::1511451595465-8::R3.Corda: Executing Statement: liquibase.statement.core.CreateTableStatement@6c2b0dfb
17:43:53.760 [Test worker] DEBUG liquibase - master.changelog.json: migration/node-services.changelog-init.xml::1511451595465-8::R3.Corda: Executing EXECUTE database command: CREATE TABLE PUBLIC.node_contract_upgrades (state_ref NVARCHAR(96) NOT NULL, contract_class_name NVARCHAR(255))
17:43:53.761 [Test worker] INFO liquibase - master.changelog.json: migration/node-services.changelog-init.xml::1511451595465-8::R3.Corda: Table node_contract_upgrades created
17:43:53.761 [Test worker] INFO liquibase - master.changelog.json: migration/node-services.changelog-init.xml::1511451595465-8::R3.Corda: ChangeSet migration/node-services.changelog-init.xml::1511451595465-8::R3.Corda ran successfully in 1ms
17:43:53.762 [Test worker] DEBUG liquibase - master.changelog.json: migration/node-services.changelog-init.xml::1511451595465-8::R3.Corda: Executing EXECUTE database command: INSERT INTO PUBLIC.DATABASECHANGELOG (ID, AUTHOR, FILENAME, DATEEXECUTED, ORDEREXECUTED, MD5SUM, DESCRIPTION, COMMENTS, EXECTYPE, CONTEXTS, LABELS, LIQUIBASE, DEPLOYMENT_ID) VALUES ('1511451595465-8', 'R3.Corda', 'migration/node-services.changelog-init.xml', NOW(), 44, '7:bf156b1c48e915e7d8090d5162e31c02', 'createTable tableName=node_contract_upgrades', '', 'EXECUTED', NULL, NULL, '3.5.4', '1046233355')
17:43:53.762 [Test worker] DEBUG liquibase - master.changelog.json: migration/node-services.changelog-init.xml::1511451595465-9::R3.Corda: Running Changeset:migration/node-services.changelog-init.xml::1511451595465-9::R3.Corda
17:43:53.763 [Test worker] DEBUG liquibase - master.changelog.json: migration/node-services.changelog-init.xml::1511451595465-9::R3.Corda: Changeset migration/node-services.changelog-init.xml::1511451595465-9::R3.Corda
17:43:53.763 [Test worker] DEBUG liquibase - master.changelog.json: migration/node-services.changelog-init.xml::1511451595465-9::R3.Corda: Reading ChangeSet: migration/node-services.changelog-init.xml::1511451595465-9::R3.Corda
17:43:53.763 [Test worker] DEBUG liquibase - master.changelog.json: migration/node-services.changelog-init.xml::1511451595465-9::R3.Corda: Executing Statement: liquibase.statement.core.CreateTableStatement@73dccd6b
17:43:53.763 [Test worker] DEBUG liquibase - master.changelog.json: migration/node-services.changelog-init.xml::1511451595465-9::R3.Corda: Executing EXECUTE database command: CREATE TABLE PUBLIC.node_identities (pk_hash NVARCHAR(130) NOT NULL, identity_value BLOB)
17:43:53.763 [Test worker] INFO liquibase - master.changelog.json: migration/node-services.changelog-init.xml::1511451595465-9::R3.Corda: Table node_identities created
17:43:53.764 [Test worker] INFO liquibase - master.changelog.json: migration/node-services.changelog-init.xml::1511451595465-9::R3.Corda: ChangeSet migration/node-services.changelog-init.xml::1511451595465-9::R3.Corda ran successfully in 1ms
17:43:53.765 [Test worker] DEBUG liquibase - master.changelog.json: migration/node-services.changelog-init.xml::1511451595465-9::R3.Corda: Executing EXECUTE database command: INSERT INTO PUBLIC.DATABASECHANGELOG (ID, AUTHOR, FILENAME, DATEEXECUTED, ORDEREXECUTED, MD5SUM, DESCRIPTION, COMMENTS, EXECTYPE, CONTEXTS, LABELS, LIQUIBASE, DEPLOYMENT_ID) VALUES ('1511451595465-9', 'R3.Corda', 'migration/node-services.changelog-init.xml', NOW(), 45, '7:ea04cf1cc4ea1112c4cbbf932bc51c56', 'createTable tableName=node_identities', '', 'EXECUTED', NULL, NULL, '3.5.4', '1046233355')
17:43:53.766 [Test worker] DEBUG liquibase - master.changelog.json: migration/node-services.changelog-init.xml::1511451595465-13::R3.Corda: Running Changeset:migration/node-services.changelog-init.xml::1511451595465-13::R3.Corda
17:43:53.766 [Test worker] DEBUG liquibase - master.changelog.json: migration/node-services.changelog-init.xml::1511451595465-13::R3.Corda: Changeset migration/node-services.changelog-init.xml::1511451595465-13::R3.Corda
17:43:53.766 [Test worker] DEBUG liquibase - master.changelog.json: migration/node-services.changelog-init.xml::1511451595465-13::R3.Corda: Reading ChangeSet: migration/node-services.changelog-init.xml::1511451595465-13::R3.Corda
17:43:53.766 [Test worker] DEBUG liquibase - master.changelog.json: migration/node-services.changelog-init.xml::1511451595465-13::R3.Corda: Executing Statement: liquibase.statement.core.CreateTableStatement@3b85ae7c
17:43:53.766 [Test worker] DEBUG liquibase - master.changelog.json: migration/node-services.changelog-init.xml::1511451595465-13::R3.Corda: Executing EXECUTE database command: CREATE TABLE PUBLIC.node_message_ids (message_id NVARCHAR(64) NOT NULL, insertion_time TIMESTAMP)
17:43:53.767 [Test worker] INFO liquibase - master.changelog.json: migration/node-services.changelog-init.xml::1511451595465-13::R3.Corda: Table node_message_ids created
17:43:53.767 [Test worker] INFO liquibase - master.changelog.json: migration/node-services.changelog-init.xml::1511451595465-13::R3.Corda: ChangeSet migration/node-services.changelog-init.xml::1511451595465-13::R3.Corda ran successfully in 1ms
17:43:53.768 [Test worker] DEBUG liquibase - master.changelog.json: migration/node-services.changelog-init.xml::1511451595465-13::R3.Corda: Executing EXECUTE database command: INSERT INTO PUBLIC.DATABASECHANGELOG (ID, AUTHOR, FILENAME, DATEEXECUTED, ORDEREXECUTED, MD5SUM, DESCRIPTION, COMMENTS, EXECTYPE, CONTEXTS, LABELS, LIQUIBASE, DEPLOYMENT_ID) VALUES ('1511451595465-13', 'R3.Corda', 'migration/node-services.changelog-init.xml', NOW(), 46, '7:340ca6c0b7c87b663b0449535b082f80', 'createTable tableName=node_message_ids', '', 'EXECUTED', NULL, NULL, '3.5.4', '1046233355')
17:43:53.769 [Test worker] DEBUG liquibase - master.changelog.json: migration/node-services.changelog-init.xml::1511451595465-14::R3.Corda: Running Changeset:migration/node-services.changelog-init.xml::1511451595465-14::R3.Corda
17:43:53.769 [Test worker] DEBUG liquibase - master.changelog.json: migration/node-services.changelog-init.xml::1511451595465-14::R3.Corda: Changeset migration/node-services.changelog-init.xml::1511451595465-14::R3.Corda
17:43:53.769 [Test worker] DEBUG liquibase - master.changelog.json: migration/node-services.changelog-init.xml::1511451595465-14::R3.Corda: Reading ChangeSet: migration/node-services.changelog-init.xml::1511451595465-14::R3.Corda
17:43:53.769 [Test worker] DEBUG liquibase - master.changelog.json: migration/node-services.changelog-init.xml::1511451595465-14::R3.Corda: Executing Statement: liquibase.statement.core.CreateTableStatement@6d5a3c72
17:43:53.769 [Test worker] DEBUG liquibase - master.changelog.json: migration/node-services.changelog-init.xml::1511451595465-14::R3.Corda: Executing EXECUTE database command: CREATE TABLE PUBLIC.node_message_retry (message_id BIGINT NOT NULL, message BLOB, recipients BLOB)
17:43:53.769 [Test worker] INFO liquibase - master.changelog.json: migration/node-services.changelog-init.xml::1511451595465-14::R3.Corda: Table node_message_retry created
17:43:53.770 [Test worker] INFO liquibase - master.changelog.json: migration/node-services.changelog-init.xml::1511451595465-14::R3.Corda: ChangeSet migration/node-services.changelog-init.xml::1511451595465-14::R3.Corda ran successfully in 1ms
17:43:53.771 [Test worker] DEBUG liquibase - master.changelog.json: migration/node-services.changelog-init.xml::1511451595465-14::R3.Corda: Executing EXECUTE database command: INSERT INTO PUBLIC.DATABASECHANGELOG (ID, AUTHOR, FILENAME, DATEEXECUTED, ORDEREXECUTED, MD5SUM, DESCRIPTION, COMMENTS, EXECTYPE, CONTEXTS, LABELS, LIQUIBASE, DEPLOYMENT_ID) VALUES ('1511451595465-14', 'R3.Corda', 'migration/node-services.changelog-init.xml', NOW(), 47, '7:1dc64c73807569fb04c10a9b2d760ff0', 'createTable tableName=node_message_retry', '', 'EXECUTED', NULL, NULL, '3.5.4', '1046233355')
17:43:53.773 [Test worker] DEBUG liquibase - master.changelog.json: migration/node-services.changelog-init.xml::1511451595465-15::R3.Corda: Running Changeset:migration/node-services.changelog-init.xml::1511451595465-15::R3.Corda
17:43:53.773 [Test worker] DEBUG liquibase - master.changelog.json: migration/node-services.changelog-init.xml::1511451595465-15::R3.Corda: Changeset migration/node-services.changelog-init.xml::1511451595465-15::R3.Corda
17:43:53.773 [Test worker] DEBUG liquibase - master.changelog.json: migration/node-services.changelog-init.xml::1511451595465-15::R3.Corda: Reading ChangeSet: migration/node-services.changelog-init.xml::1511451595465-15::R3.Corda
17:43:53.774 [Test worker] DEBUG liquibase - master.changelog.json: migration/node-services.changelog-init.xml::1511451595465-15::R3.Corda: Executing Statement: liquibase.statement.core.CreateTableStatement@8dfa321
17:43:53.774 [Test worker] DEBUG liquibase - master.changelog.json: migration/node-services.changelog-init.xml::1511451595465-15::R3.Corda: Executing EXECUTE database command: CREATE TABLE PUBLIC.node_named_identities (name NVARCHAR(128) NOT NULL, pk_hash NVARCHAR(130))
17:43:53.774 [Test worker] INFO liquibase - master.changelog.json: migration/node-services.changelog-init.xml::1511451595465-15::R3.Corda: Table node_named_identities created
17:43:53.774 [Test worker] INFO liquibase - master.changelog.json: migration/node-services.changelog-init.xml::1511451595465-15::R3.Corda: ChangeSet migration/node-services.changelog-init.xml::1511451595465-15::R3.Corda ran successfully in 1ms
17:43:53.775 [Test worker] DEBUG liquibase - master.changelog.json: migration/node-services.changelog-init.xml::1511451595465-15::R3.Corda: Executing EXECUTE database command: INSERT INTO PUBLIC.DATABASECHANGELOG (ID, AUTHOR, FILENAME, DATEEXECUTED, ORDEREXECUTED, MD5SUM, DESCRIPTION, COMMENTS, EXECTYPE, CONTEXTS, LABELS, LIQUIBASE, DEPLOYMENT_ID) VALUES ('1511451595465-15', 'R3.Corda', 'migration/node-services.changelog-init.xml', NOW(), 48, '7:108b7d395f7fb3cfc8ce4e364c4008a5', 'createTable tableName=node_named_identities', '', 'EXECUTED', NULL, NULL, '3.5.4', '1046233355')
17:43:53.776 [Test worker] DEBUG liquibase - master.changelog.json: migration/node-services.changelog-init.xml::1511451595465-17::R3.Corda: Running Changeset:migration/node-services.changelog-init.xml::1511451595465-17::R3.Corda
17:43:53.776 [Test worker] DEBUG liquibase - master.changelog.json: migration/node-services.changelog-init.xml::1511451595465-17::R3.Corda: Changeset migration/node-services.changelog-init.xml::1511451595465-17::R3.Corda
17:43:53.776 [Test worker] DEBUG liquibase - master.changelog.json: migration/node-services.changelog-init.xml::1511451595465-17::R3.Corda: Reading ChangeSet: migration/node-services.changelog-init.xml::1511451595465-17::R3.Corda
17:43:53.776 [Test worker] DEBUG liquibase - master.changelog.json: migration/node-services.changelog-init.xml::1511451595465-17::R3.Corda: Executing Statement: liquibase.statement.core.CreateTableStatement@2b53c96c
17:43:53.776 [Test worker] DEBUG liquibase - master.changelog.json: migration/node-services.changelog-init.xml::1511451595465-17::R3.Corda: Executing EXECUTE database command: CREATE TABLE PUBLIC.node_our_key_pairs (public_key_hash NVARCHAR(130) NOT NULL, private_key BLOB, public_key BLOB)
17:43:53.776 [Test worker] INFO liquibase - master.changelog.json: migration/node-services.changelog-init.xml::1511451595465-17::R3.Corda: Table node_our_key_pairs created
17:43:53.777 [Test worker] INFO liquibase - master.changelog.json: migration/node-services.changelog-init.xml::1511451595465-17::R3.Corda: ChangeSet migration/node-services.changelog-init.xml::1511451595465-17::R3.Corda ran successfully in 1ms
17:43:53.777 [Test worker] DEBUG liquibase - master.changelog.json: migration/node-services.changelog-init.xml::1511451595465-17::R3.Corda: Executing EXECUTE database command: INSERT INTO PUBLIC.DATABASECHANGELOG (ID, AUTHOR, FILENAME, DATEEXECUTED, ORDEREXECUTED, MD5SUM, DESCRIPTION, COMMENTS, EXECTYPE, CONTEXTS, LABELS, LIQUIBASE, DEPLOYMENT_ID) VALUES ('1511451595465-17', 'R3.Corda', 'migration/node-services.changelog-init.xml', NOW(), 49, '7:a8b4ae7170f56f1df8a23b530bef4dd1', 'createTable tableName=node_our_key_pairs', '', 'EXECUTED', NULL, NULL, '3.5.4', '1046233355')
17:43:53.778 [Test worker] DEBUG liquibase - master.changelog.json: migration/node-services.changelog-init.xml::1511451595465-19::R3.Corda: Running Changeset:migration/node-services.changelog-init.xml::1511451595465-19::R3.Corda
17:43:53.778 [Test worker] DEBUG liquibase - master.changelog.json: migration/node-services.changelog-init.xml::1511451595465-19::R3.Corda: Changeset migration/node-services.changelog-init.xml::1511451595465-19::R3.Corda
17:43:53.778 [Test worker] DEBUG liquibase - master.changelog.json: migration/node-services.changelog-init.xml::1511451595465-19::R3.Corda: Reading ChangeSet: migration/node-services.changelog-init.xml::1511451595465-19::R3.Corda
17:43:53.778 [Test worker] DEBUG liquibase - master.changelog.json: migration/node-services.changelog-init.xml::1511451595465-19::R3.Corda: Executing Statement: liquibase.statement.core.CreateTableStatement@1b58bf83
17:43:53.778 [Test worker] DEBUG liquibase - master.changelog.json: migration/node-services.changelog-init.xml::1511451595465-19::R3.Corda: Executing EXECUTE database command: CREATE TABLE PUBLIC.node_scheduled_states (output_index INT NOT NULL, transaction_id NVARCHAR(64) NOT NULL, scheduled_at TIMESTAMP NOT NULL)
17:43:53.779 [Test worker] INFO liquibase - master.changelog.json: migration/node-services.changelog-init.xml::1511451595465-19::R3.Corda: Table node_scheduled_states created
17:43:53.779 [Test worker] INFO liquibase - master.changelog.json: migration/node-services.changelog-init.xml::1511451595465-19::R3.Corda: ChangeSet migration/node-services.changelog-init.xml::1511451595465-19::R3.Corda ran successfully in 1ms
17:43:53.780 [Test worker] DEBUG liquibase - master.changelog.json: migration/node-services.changelog-init.xml::1511451595465-19::R3.Corda: Executing EXECUTE database command: INSERT INTO PUBLIC.DATABASECHANGELOG (ID, AUTHOR, FILENAME, DATEEXECUTED, ORDEREXECUTED, MD5SUM, DESCRIPTION, COMMENTS, EXECTYPE, CONTEXTS, LABELS, LIQUIBASE, DEPLOYMENT_ID) VALUES ('1511451595465-19', 'R3.Corda', 'migration/node-services.changelog-init.xml', NOW(), 50, '7:2aaf3df7bdbea9c71aa8bea4e14f11ef', 'createTable tableName=node_scheduled_states', '', 'EXECUTED', NULL, NULL, '3.5.4', '1046233355')
17:43:53.781 [Test worker] DEBUG liquibase - master.changelog.json: migration/node-services.changelog-init.xml::1511451595465-20::R3.Corda: Running Changeset:migration/node-services.changelog-init.xml::1511451595465-20::R3.Corda
17:43:53.781 [Test worker] DEBUG liquibase - master.changelog.json: migration/node-services.changelog-init.xml::1511451595465-20::R3.Corda: Changeset migration/node-services.changelog-init.xml::1511451595465-20::R3.Corda
17:43:53.782 [Test worker] DEBUG liquibase - master.changelog.json: migration/node-services.changelog-init.xml::1511451595465-20::R3.Corda: Reading ChangeSet: migration/node-services.changelog-init.xml::1511451595465-20::R3.Corda
17:43:53.783 [Test worker] DEBUG liquibase - master.changelog.json: migration/node-services.changelog-init.xml::1511451595465-20::R3.Corda: Executing Statement: liquibase.statement.core.CreateTableStatement@72c7ad1
17:43:53.783 [Test worker] DEBUG liquibase - master.changelog.json: migration/node-services.changelog-init.xml::1511451595465-20::R3.Corda: Executing EXECUTE database command: CREATE TABLE PUBLIC.node_transaction_mappings (tx_id NVARCHAR(64) NOT NULL, state_machine_run_id NVARCHAR(36))
17:43:53.784 [Test worker] INFO liquibase - master.changelog.json: migration/node-services.changelog-init.xml::1511451595465-20::R3.Corda: Table node_transaction_mappings created
17:43:53.784 [Test worker] INFO liquibase - master.changelog.json: migration/node-services.changelog-init.xml::1511451595465-20::R3.Corda: ChangeSet migration/node-services.changelog-init.xml::1511451595465-20::R3.Corda ran successfully in 3ms
17:43:53.785 [Test worker] DEBUG liquibase - master.changelog.json: migration/node-services.changelog-init.xml::1511451595465-20::R3.Corda: Executing EXECUTE database command: INSERT INTO PUBLIC.DATABASECHANGELOG (ID, AUTHOR, FILENAME, DATEEXECUTED, ORDEREXECUTED, MD5SUM, DESCRIPTION, COMMENTS, EXECTYPE, CONTEXTS, LABELS, LIQUIBASE, DEPLOYMENT_ID) VALUES ('1511451595465-20', 'R3.Corda', 'migration/node-services.changelog-init.xml', NOW(), 51, '7:f003464d28fe934c636b24e7c72d9c27', 'createTable tableName=node_transaction_mappings', '', 'EXECUTED', NULL, NULL, '3.5.4', '1046233355')
17:43:53.786 [Test worker] DEBUG liquibase - master.changelog.json: migration/node-services.changelog-init.xml::1511451595465-21::R3.Corda: Running Changeset:migration/node-services.changelog-init.xml::1511451595465-21::R3.Corda
17:43:53.786 [Test worker] DEBUG liquibase - master.changelog.json: migration/node-services.changelog-init.xml::1511451595465-21::R3.Corda: Changeset migration/node-services.changelog-init.xml::1511451595465-21::R3.Corda
17:43:53.794 [Test worker] DEBUG liquibase - master.changelog.json: migration/node-services.changelog-init.xml::1511451595465-21::R3.Corda: Reading ChangeSet: migration/node-services.changelog-init.xml::1511451595465-21::R3.Corda
17:43:53.795 [Test worker] DEBUG liquibase - master.changelog.json: migration/node-services.changelog-init.xml::1511451595465-21::R3.Corda: Executing Statement: liquibase.statement.core.CreateTableStatement@28203689
17:43:53.796 [Test worker] DEBUG liquibase - master.changelog.json: migration/node-services.changelog-init.xml::1511451595465-21::R3.Corda: Executing EXECUTE database command: CREATE TABLE PUBLIC.node_transactions (tx_id NVARCHAR(64) NOT NULL, transaction_value BLOB)
17:43:53.797 [Test worker] INFO liquibase - master.changelog.json: migration/node-services.changelog-init.xml::1511451595465-21::R3.Corda: Table node_transactions created
17:43:53.797 [Test worker] INFO liquibase - master.changelog.json: migration/node-services.changelog-init.xml::1511451595465-21::R3.Corda: ChangeSet migration/node-services.changelog-init.xml::1511451595465-21::R3.Corda ran successfully in 11ms
17:43:53.798 [Test worker] DEBUG liquibase - master.changelog.json: migration/node-services.changelog-init.xml::1511451595465-21::R3.Corda: Executing EXECUTE database command: INSERT INTO PUBLIC.DATABASECHANGELOG (ID, AUTHOR, FILENAME, DATEEXECUTED, ORDEREXECUTED, MD5SUM, DESCRIPTION, COMMENTS, EXECTYPE, CONTEXTS, LABELS, LIQUIBASE, DEPLOYMENT_ID) VALUES ('1511451595465-21', 'R3.Corda', 'migration/node-services.changelog-init.xml', NOW(), 52, '7:8b167e9074e47be66c742aec5661b5d1', 'createTable tableName=node_transactions', '', 'EXECUTED', NULL, NULL, '3.5.4', '1046233355')
17:43:53.845 [Test worker] DEBUG liquibase - master.changelog.json: migration/node-services.changelog-init.xml::1511451595465-30::R3.Corda: Running Changeset:migration/node-services.changelog-init.xml::1511451595465-30::R3.Corda
17:43:53.846 [Test worker] DEBUG liquibase - master.changelog.json: migration/node-services.changelog-init.xml::1511451595465-30::R3.Corda: Changeset migration/node-services.changelog-init.xml::1511451595465-30::R3.Corda
17:43:53.846 [Test worker] DEBUG liquibase - master.changelog.json: migration/node-services.changelog-init.xml::1511451595465-30::R3.Corda: Reading ChangeSet: migration/node-services.changelog-init.xml::1511451595465-30::R3.Corda
17:43:53.846 [Test worker] DEBUG liquibase - master.changelog.json: migration/node-services.changelog-init.xml::1511451595465-30::R3.Corda: Executing Statement: liquibase.statement.core.AddPrimaryKeyStatement@47ea6e32
17:43:53.846 [Test worker] DEBUG liquibase - master.changelog.json: migration/node-services.changelog-init.xml::1511451595465-30::R3.Corda: Executing EXECUTE database command: ALTER TABLE PUBLIC.node_attachments ADD CONSTRAINT node_attachments_pkey PRIMARY KEY (att_id)
17:43:53.847 [Test worker] INFO liquibase - master.changelog.json: migration/node-services.changelog-init.xml::1511451595465-30::R3.Corda: Primary key added to node_attachments (att_id)
17:43:53.847 [Test worker] INFO liquibase - master.changelog.json: migration/node-services.changelog-init.xml::1511451595465-30::R3.Corda: ChangeSet migration/node-services.changelog-init.xml::1511451595465-30::R3.Corda ran successfully in 1ms
17:43:53.848 [Test worker] DEBUG liquibase - master.changelog.json: migration/node-services.changelog-init.xml::1511451595465-30::R3.Corda: Executing EXECUTE database command: INSERT INTO PUBLIC.DATABASECHANGELOG (ID, AUTHOR, FILENAME, DATEEXECUTED, ORDEREXECUTED, MD5SUM, DESCRIPTION, COMMENTS, EXECTYPE, CONTEXTS, LABELS, LIQUIBASE, DEPLOYMENT_ID) VALUES ('1511451595465-30', 'R3.Corda', 'migration/node-services.changelog-init.xml', NOW(), 53, '7:4aa12646e41346c10ae1d18b43468b3e', 'addPrimaryKey constraintName=node_attachments_pkey, tableName=node_attachments', '', 'EXECUTED', NULL, NULL, '3.5.4', '1046233355')
17:43:53.849 [Test worker] DEBUG liquibase - master.changelog.json: migration/node-services.changelog-init.xml::1511451595465-32::R3.Corda: Running Changeset:migration/node-services.changelog-init.xml::1511451595465-32::R3.Corda
17:43:53.849 [Test worker] DEBUG liquibase - master.changelog.json: migration/node-services.changelog-init.xml::1511451595465-32::R3.Corda: Changeset migration/node-services.changelog-init.xml::1511451595465-32::R3.Corda
17:43:53.849 [Test worker] DEBUG liquibase - master.changelog.json: migration/node-services.changelog-init.xml::1511451595465-32::R3.Corda: Reading ChangeSet: migration/node-services.changelog-init.xml::1511451595465-32::R3.Corda
17:43:53.849 [Test worker] DEBUG liquibase - master.changelog.json: migration/node-services.changelog-init.xml::1511451595465-32::R3.Corda: Executing Statement: liquibase.statement.core.AddPrimaryKeyStatement@1fbd9d06
17:43:53.850 [Test worker] DEBUG liquibase - master.changelog.json: migration/node-services.changelog-init.xml::1511451595465-32::R3.Corda: Executing EXECUTE database command: ALTER TABLE PUBLIC.node_checkpoints ADD CONSTRAINT node_checkpoints_pkey PRIMARY KEY (checkpoint_id)
17:43:53.851 [Test worker] INFO liquibase - master.changelog.json: migration/node-services.changelog-init.xml::1511451595465-32::R3.Corda: Primary key added to node_checkpoints (checkpoint_id)
17:43:53.851 [Test worker] INFO liquibase - master.changelog.json: migration/node-services.changelog-init.xml::1511451595465-32::R3.Corda: ChangeSet migration/node-services.changelog-init.xml::1511451595465-32::R3.Corda ran successfully in 2ms
17:43:53.853 [Test worker] DEBUG liquibase - master.changelog.json: migration/node-services.changelog-init.xml::1511451595465-32::R3.Corda: Executing EXECUTE database command: INSERT INTO PUBLIC.DATABASECHANGELOG (ID, AUTHOR, FILENAME, DATEEXECUTED, ORDEREXECUTED, MD5SUM, DESCRIPTION, COMMENTS, EXECTYPE, CONTEXTS, LABELS, LIQUIBASE, DEPLOYMENT_ID) VALUES ('1511451595465-32', 'R3.Corda', 'migration/node-services.changelog-init.xml', NOW(), 54, '7:fa0f2ed27615a3fd2b799bb27b447a36', 'addPrimaryKey constraintName=node_checkpoints_pkey, tableName=node_checkpoints', '', 'EXECUTED', NULL, NULL, '3.5.4', '1046233355')
17:43:53.853 [Test worker] DEBUG liquibase - master.changelog.json: migration/node-services.changelog-init.xml::1511451595465-33::R3.Corda: Running Changeset:migration/node-services.changelog-init.xml::1511451595465-33::R3.Corda
17:43:53.853 [Test worker] DEBUG liquibase - master.changelog.json: migration/node-services.changelog-init.xml::1511451595465-33::R3.Corda: Changeset migration/node-services.changelog-init.xml::1511451595465-33::R3.Corda
17:43:53.853 [Test worker] DEBUG liquibase - master.changelog.json: migration/node-services.changelog-init.xml::1511451595465-33::R3.Corda: Reading ChangeSet: migration/node-services.changelog-init.xml::1511451595465-33::R3.Corda
17:43:53.854 [Test worker] DEBUG liquibase - master.changelog.json: migration/node-services.changelog-init.xml::1511451595465-33::R3.Corda: Executing Statement: liquibase.statement.core.AddPrimaryKeyStatement@4bce2f0b
17:43:53.854 [Test worker] DEBUG liquibase - master.changelog.json: migration/node-services.changelog-init.xml::1511451595465-33::R3.Corda: Executing EXECUTE database command: ALTER TABLE PUBLIC.node_contract_upgrades ADD CONSTRAINT node_contract_upgrades_pkey PRIMARY KEY (state_ref)
17:43:53.854 [Test worker] INFO liquibase - master.changelog.json: migration/node-services.changelog-init.xml::1511451595465-33::R3.Corda: Primary key added to node_contract_upgrades (state_ref)
17:43:53.854 [Test worker] INFO liquibase - master.changelog.json: migration/node-services.changelog-init.xml::1511451595465-33::R3.Corda: ChangeSet migration/node-services.changelog-init.xml::1511451595465-33::R3.Corda ran successfully in 1ms
17:43:53.855 [Test worker] DEBUG liquibase - master.changelog.json: migration/node-services.changelog-init.xml::1511451595465-33::R3.Corda: Executing EXECUTE database command: INSERT INTO PUBLIC.DATABASECHANGELOG (ID, AUTHOR, FILENAME, DATEEXECUTED, ORDEREXECUTED, MD5SUM, DESCRIPTION, COMMENTS, EXECTYPE, CONTEXTS, LABELS, LIQUIBASE, DEPLOYMENT_ID) VALUES ('1511451595465-33', 'R3.Corda', 'migration/node-services.changelog-init.xml', NOW(), 55, '7:37e38ccee8d375f364abca393727eec7', 'addPrimaryKey constraintName=node_contract_upgrades_pkey, tableName=node_contract_upgrades', '', 'EXECUTED', NULL, NULL, '3.5.4', '1046233355')
17:43:53.856 [Test worker] DEBUG liquibase - master.changelog.json: migration/node-services.changelog-init.xml::1511451595465-34::R3.Corda: Running Changeset:migration/node-services.changelog-init.xml::1511451595465-34::R3.Corda
17:43:53.857 [Test worker] DEBUG liquibase - master.changelog.json: migration/node-services.changelog-init.xml::1511451595465-34::R3.Corda: Changeset migration/node-services.changelog-init.xml::1511451595465-34::R3.Corda
17:43:53.857 [Test worker] DEBUG liquibase - master.changelog.json: migration/node-services.changelog-init.xml::1511451595465-34::R3.Corda: Reading ChangeSet: migration/node-services.changelog-init.xml::1511451595465-34::R3.Corda
17:43:53.857 [Test worker] DEBUG liquibase - master.changelog.json: migration/node-services.changelog-init.xml::1511451595465-34::R3.Corda: Executing Statement: liquibase.statement.core.AddPrimaryKeyStatement@3816d2c5
17:43:53.857 [Test worker] DEBUG liquibase - master.changelog.json: migration/node-services.changelog-init.xml::1511451595465-34::R3.Corda: Executing EXECUTE database command: ALTER TABLE PUBLIC.node_identities ADD CONSTRAINT node_identities_pkey PRIMARY KEY (pk_hash)
17:43:53.858 [Test worker] INFO liquibase - master.changelog.json: migration/node-services.changelog-init.xml::1511451595465-34::R3.Corda: Primary key added to node_identities (pk_hash)
17:43:53.858 [Test worker] INFO liquibase - master.changelog.json: migration/node-services.changelog-init.xml::1511451595465-34::R3.Corda: ChangeSet migration/node-services.changelog-init.xml::1511451595465-34::R3.Corda ran successfully in 1ms
17:43:53.859 [Test worker] DEBUG liquibase - master.changelog.json: migration/node-services.changelog-init.xml::1511451595465-34::R3.Corda: Executing EXECUTE database command: INSERT INTO PUBLIC.DATABASECHANGELOG (ID, AUTHOR, FILENAME, DATEEXECUTED, ORDEREXECUTED, MD5SUM, DESCRIPTION, COMMENTS, EXECTYPE, CONTEXTS, LABELS, LIQUIBASE, DEPLOYMENT_ID) VALUES ('1511451595465-34', 'R3.Corda', 'migration/node-services.changelog-init.xml', NOW(), 56, '7:43d4f1fd6b4b69fcd6b046d8806c8f50', 'addPrimaryKey constraintName=node_identities_pkey, tableName=node_identities', '', 'EXECUTED', NULL, NULL, '3.5.4', '1046233355')
17:43:53.859 [Test worker] DEBUG liquibase - master.changelog.json: migration/node-services.changelog-init.xml::1511451595465-38::R3.Corda: Running Changeset:migration/node-services.changelog-init.xml::1511451595465-38::R3.Corda
17:43:53.859 [Test worker] DEBUG liquibase - master.changelog.json: migration/node-services.changelog-init.xml::1511451595465-38::R3.Corda: Changeset migration/node-services.changelog-init.xml::1511451595465-38::R3.Corda
17:43:53.860 [Test worker] DEBUG liquibase - master.changelog.json: migration/node-services.changelog-init.xml::1511451595465-38::R3.Corda: Reading ChangeSet: migration/node-services.changelog-init.xml::1511451595465-38::R3.Corda
17:43:53.860 [Test worker] DEBUG liquibase - master.changelog.json: migration/node-services.changelog-init.xml::1511451595465-38::R3.Corda: Executing Statement: liquibase.statement.core.AddPrimaryKeyStatement@201c3ebd
17:43:53.860 [Test worker] DEBUG liquibase - master.changelog.json: migration/node-services.changelog-init.xml::1511451595465-38::R3.Corda: Executing EXECUTE database command: ALTER TABLE PUBLIC.node_message_ids ADD CONSTRAINT node_message_ids_pkey PRIMARY KEY (message_id)
17:43:53.860 [Test worker] INFO liquibase - master.changelog.json: migration/node-services.changelog-init.xml::1511451595465-38::R3.Corda: Primary key added to node_message_ids (message_id)
17:43:53.860 [Test worker] INFO liquibase - master.changelog.json: migration/node-services.changelog-init.xml::1511451595465-38::R3.Corda: ChangeSet migration/node-services.changelog-init.xml::1511451595465-38::R3.Corda ran successfully in 1ms
17:43:53.862 [Test worker] DEBUG liquibase - master.changelog.json: migration/node-services.changelog-init.xml::1511451595465-38::R3.Corda: Executing EXECUTE database command: INSERT INTO PUBLIC.DATABASECHANGELOG (ID, AUTHOR, FILENAME, DATEEXECUTED, ORDEREXECUTED, MD5SUM, DESCRIPTION, COMMENTS, EXECTYPE, CONTEXTS, LABELS, LIQUIBASE, DEPLOYMENT_ID) VALUES ('1511451595465-38', 'R3.Corda', 'migration/node-services.changelog-init.xml', NOW(), 57, '7:37825d1c920089f5d1d8667fae2a0770', 'addPrimaryKey constraintName=node_message_ids_pkey, tableName=node_message_ids', '', 'EXECUTED', NULL, NULL, '3.5.4', '1046233355')
17:43:53.862 [Test worker] DEBUG liquibase - master.changelog.json: migration/node-services.changelog-init.xml::1511451595465-39::R3.Corda: Running Changeset:migration/node-services.changelog-init.xml::1511451595465-39::R3.Corda
17:43:53.862 [Test worker] DEBUG liquibase - master.changelog.json: migration/node-services.changelog-init.xml::1511451595465-39::R3.Corda: Changeset migration/node-services.changelog-init.xml::1511451595465-39::R3.Corda
17:43:53.862 [Test worker] DEBUG liquibase - master.changelog.json: migration/node-services.changelog-init.xml::1511451595465-39::R3.Corda: Reading ChangeSet: migration/node-services.changelog-init.xml::1511451595465-39::R3.Corda
17:43:53.862 [Test worker] DEBUG liquibase - master.changelog.json: migration/node-services.changelog-init.xml::1511451595465-39::R3.Corda: Executing Statement: liquibase.statement.core.AddPrimaryKeyStatement@20c29ed1
17:43:53.862 [Test worker] DEBUG liquibase - master.changelog.json: migration/node-services.changelog-init.xml::1511451595465-39::R3.Corda: Executing EXECUTE database command: ALTER TABLE PUBLIC.node_message_retry ADD CONSTRAINT node_message_retry_pkey PRIMARY KEY (message_id)
17:43:53.863 [Test worker] INFO liquibase - master.changelog.json: migration/node-services.changelog-init.xml::1511451595465-39::R3.Corda: Primary key added to node_message_retry (message_id)
17:43:53.863 [Test worker] INFO liquibase - master.changelog.json: migration/node-services.changelog-init.xml::1511451595465-39::R3.Corda: ChangeSet migration/node-services.changelog-init.xml::1511451595465-39::R3.Corda ran successfully in 1ms
17:43:53.864 [Test worker] DEBUG liquibase - master.changelog.json: migration/node-services.changelog-init.xml::1511451595465-39::R3.Corda: Executing EXECUTE database command: INSERT INTO PUBLIC.DATABASECHANGELOG (ID, AUTHOR, FILENAME, DATEEXECUTED, ORDEREXECUTED, MD5SUM, DESCRIPTION, COMMENTS, EXECTYPE, CONTEXTS, LABELS, LIQUIBASE, DEPLOYMENT_ID) VALUES ('1511451595465-39', 'R3.Corda', 'migration/node-services.changelog-init.xml', NOW(), 58, '7:7cc6fa875e39740c709235ff27960561', 'addPrimaryKey constraintName=node_message_retry_pkey, tableName=node_message_retry', '', 'EXECUTED', NULL, NULL, '3.5.4', '1046233355')
17:43:53.864 [Test worker] DEBUG liquibase - master.changelog.json: migration/node-services.changelog-init.xml::1511451595465-40::R3.Corda: Running Changeset:migration/node-services.changelog-init.xml::1511451595465-40::R3.Corda
17:43:53.864 [Test worker] DEBUG liquibase - master.changelog.json: migration/node-services.changelog-init.xml::1511451595465-40::R3.Corda: Changeset migration/node-services.changelog-init.xml::1511451595465-40::R3.Corda
17:43:53.864 [Test worker] DEBUG liquibase - master.changelog.json: migration/node-services.changelog-init.xml::1511451595465-40::R3.Corda: Reading ChangeSet: migration/node-services.changelog-init.xml::1511451595465-40::R3.Corda
17:43:53.864 [Test worker] DEBUG liquibase - master.changelog.json: migration/node-services.changelog-init.xml::1511451595465-40::R3.Corda: Executing Statement: liquibase.statement.core.AddPrimaryKeyStatement@259bf491
17:43:53.864 [Test worker] DEBUG liquibase - master.changelog.json: migration/node-services.changelog-init.xml::1511451595465-40::R3.Corda: Executing EXECUTE database command: ALTER TABLE PUBLIC.node_named_identities ADD CONSTRAINT node_named_identities_pkey PRIMARY KEY (name)
17:43:53.865 [Test worker] INFO liquibase - master.changelog.json: migration/node-services.changelog-init.xml::1511451595465-40::R3.Corda: Primary key added to node_named_identities (name)
17:43:53.865 [Test worker] INFO liquibase - master.changelog.json: migration/node-services.changelog-init.xml::1511451595465-40::R3.Corda: ChangeSet migration/node-services.changelog-init.xml::1511451595465-40::R3.Corda ran successfully in 1ms
17:43:53.866 [Test worker] DEBUG liquibase - master.changelog.json: migration/node-services.changelog-init.xml::1511451595465-40::R3.Corda: Executing EXECUTE database command: INSERT INTO PUBLIC.DATABASECHANGELOG (ID, AUTHOR, FILENAME, DATEEXECUTED, ORDEREXECUTED, MD5SUM, DESCRIPTION, COMMENTS, EXECTYPE, CONTEXTS, LABELS, LIQUIBASE, DEPLOYMENT_ID) VALUES ('1511451595465-40', 'R3.Corda', 'migration/node-services.changelog-init.xml', NOW(), 59, '7:9fac7485c58064b7e7ddce0bd1af86c4', 'addPrimaryKey constraintName=node_named_identities_pkey, tableName=node_named_identities', '', 'EXECUTED', NULL, NULL, '3.5.4', '1046233355')
17:43:53.866 [Test worker] DEBUG liquibase - master.changelog.json: migration/node-services.changelog-init.xml::1511451595465-42::R3.Corda: Running Changeset:migration/node-services.changelog-init.xml::1511451595465-42::R3.Corda
17:43:53.866 [Test worker] DEBUG liquibase - master.changelog.json: migration/node-services.changelog-init.xml::1511451595465-42::R3.Corda: Changeset migration/node-services.changelog-init.xml::1511451595465-42::R3.Corda
17:43:53.866 [Test worker] DEBUG liquibase - master.changelog.json: migration/node-services.changelog-init.xml::1511451595465-42::R3.Corda: Reading ChangeSet: migration/node-services.changelog-init.xml::1511451595465-42::R3.Corda
17:43:53.866 [Test worker] DEBUG liquibase - master.changelog.json: migration/node-services.changelog-init.xml::1511451595465-42::R3.Corda: Executing Statement: liquibase.statement.core.AddPrimaryKeyStatement@2dc075f5
17:43:53.866 [Test worker] DEBUG liquibase - master.changelog.json: migration/node-services.changelog-init.xml::1511451595465-42::R3.Corda: Executing EXECUTE database command: ALTER TABLE PUBLIC.node_our_key_pairs ADD CONSTRAINT node_our_key_pairs_pkey PRIMARY KEY (public_key_hash)
17:43:53.867 [Test worker] INFO liquibase - master.changelog.json: migration/node-services.changelog-init.xml::1511451595465-42::R3.Corda: Primary key added to node_our_key_pairs (public_key_hash)
17:43:53.867 [Test worker] INFO liquibase - master.changelog.json: migration/node-services.changelog-init.xml::1511451595465-42::R3.Corda: ChangeSet migration/node-services.changelog-init.xml::1511451595465-42::R3.Corda ran successfully in 1ms
17:43:53.868 [Test worker] DEBUG liquibase - master.changelog.json: migration/node-services.changelog-init.xml::1511451595465-42::R3.Corda: Executing EXECUTE database command: INSERT INTO PUBLIC.DATABASECHANGELOG (ID, AUTHOR, FILENAME, DATEEXECUTED, ORDEREXECUTED, MD5SUM, DESCRIPTION, COMMENTS, EXECTYPE, CONTEXTS, LABELS, LIQUIBASE, DEPLOYMENT_ID) VALUES ('1511451595465-42', 'R3.Corda', 'migration/node-services.changelog-init.xml', NOW(), 60, '7:e3644c4b7315958cfb3a3cd4a3f40946', 'addPrimaryKey constraintName=node_our_key_pairs_pkey, tableName=node_our_key_pairs', '', 'EXECUTED', NULL, NULL, '3.5.4', '1046233355')
17:43:53.868 [Test worker] DEBUG liquibase - master.changelog.json: migration/node-services.changelog-init.xml::1511451595465-44::R3.Corda: Running Changeset:migration/node-services.changelog-init.xml::1511451595465-44::R3.Corda
17:43:53.868 [Test worker] DEBUG liquibase - master.changelog.json: migration/node-services.changelog-init.xml::1511451595465-44::R3.Corda: Changeset migration/node-services.changelog-init.xml::1511451595465-44::R3.Corda
17:43:53.868 [Test worker] DEBUG liquibase - master.changelog.json: migration/node-services.changelog-init.xml::1511451595465-44::R3.Corda: Reading ChangeSet: migration/node-services.changelog-init.xml::1511451595465-44::R3.Corda
17:43:53.868 [Test worker] DEBUG liquibase - master.changelog.json: migration/node-services.changelog-init.xml::1511451595465-44::R3.Corda: Executing Statement: liquibase.statement.core.AddPrimaryKeyStatement@2763e167
17:43:53.868 [Test worker] DEBUG liquibase - master.changelog.json: migration/node-services.changelog-init.xml::1511451595465-44::R3.Corda: Executing EXECUTE database command: ALTER TABLE PUBLIC.node_scheduled_states ADD CONSTRAINT node_scheduled_states_pkey PRIMARY KEY (output_index, transaction_id)
17:43:53.869 [Test worker] INFO liquibase - master.changelog.json: migration/node-services.changelog-init.xml::1511451595465-44::R3.Corda: Primary key added to node_scheduled_states (output_index, transaction_id)
17:43:53.869 [Test worker] INFO liquibase - master.changelog.json: migration/node-services.changelog-init.xml::1511451595465-44::R3.Corda: ChangeSet migration/node-services.changelog-init.xml::1511451595465-44::R3.Corda ran successfully in 1ms
17:43:53.870 [Test worker] DEBUG liquibase - master.changelog.json: migration/node-services.changelog-init.xml::1511451595465-44::R3.Corda: Executing EXECUTE database command: INSERT INTO PUBLIC.DATABASECHANGELOG (ID, AUTHOR, FILENAME, DATEEXECUTED, ORDEREXECUTED, MD5SUM, DESCRIPTION, COMMENTS, EXECTYPE, CONTEXTS, LABELS, LIQUIBASE, DEPLOYMENT_ID) VALUES ('1511451595465-44', 'R3.Corda', 'migration/node-services.changelog-init.xml', NOW(), 61, '7:122e6cc40f7e50d8c9ffeb46861ed786', 'addPrimaryKey constraintName=node_scheduled_states_pkey, tableName=node_scheduled_states', '', 'EXECUTED', NULL, NULL, '3.5.4', '1046233355')
17:43:53.870 [Test worker] DEBUG liquibase - master.changelog.json: migration/node-services.changelog-init.xml::1511451595465-45::R3.Corda: Running Changeset:migration/node-services.changelog-init.xml::1511451595465-45::R3.Corda
17:43:53.870 [Test worker] DEBUG liquibase - master.changelog.json: migration/node-services.changelog-init.xml::1511451595465-45::R3.Corda: Changeset migration/node-services.changelog-init.xml::1511451595465-45::R3.Corda
17:43:53.870 [Test worker] DEBUG liquibase - master.changelog.json: migration/node-services.changelog-init.xml::1511451595465-45::R3.Corda: Reading ChangeSet: migration/node-services.changelog-init.xml::1511451595465-45::R3.Corda
17:43:53.870 [Test worker] DEBUG liquibase - master.changelog.json: migration/node-services.changelog-init.xml::1511451595465-45::R3.Corda: Executing Statement: liquibase.statement.core.AddPrimaryKeyStatement@1cbf115a
17:43:53.870 [Test worker] DEBUG liquibase - master.changelog.json: migration/node-services.changelog-init.xml::1511451595465-45::R3.Corda: Executing EXECUTE database command: ALTER TABLE PUBLIC.node_transaction_mappings ADD CONSTRAINT node_transaction_mappings_pkey PRIMARY KEY (tx_id)
17:43:53.871 [Test worker] INFO liquibase - master.changelog.json: migration/node-services.changelog-init.xml::1511451595465-45::R3.Corda: Primary key added to node_transaction_mappings (tx_id)
17:43:53.871 [Test worker] INFO liquibase - master.changelog.json: migration/node-services.changelog-init.xml::1511451595465-45::R3.Corda: ChangeSet migration/node-services.changelog-init.xml::1511451595465-45::R3.Corda ran successfully in 1ms
17:43:53.872 [Test worker] DEBUG liquibase - master.changelog.json: migration/node-services.changelog-init.xml::1511451595465-45::R3.Corda: Executing EXECUTE database command: INSERT INTO PUBLIC.DATABASECHANGELOG (ID, AUTHOR, FILENAME, DATEEXECUTED, ORDEREXECUTED, MD5SUM, DESCRIPTION, COMMENTS, EXECTYPE, CONTEXTS, LABELS, LIQUIBASE, DEPLOYMENT_ID) VALUES ('1511451595465-45', 'R3.Corda', 'migration/node-services.changelog-init.xml', NOW(), 62, '7:c4ba1fcc19b22e52678633b13053eaa1', 'addPrimaryKey constraintName=node_transaction_mappings_pkey, tableName=node_transaction_mappings', '', 'EXECUTED', NULL, NULL, '3.5.4', '1046233355')
17:43:53.872 [Test worker] DEBUG liquibase - master.changelog.json: migration/node-services.changelog-init.xml::1511451595465-46::R3.Corda: Running Changeset:migration/node-services.changelog-init.xml::1511451595465-46::R3.Corda
17:43:53.873 [Test worker] DEBUG liquibase - master.changelog.json: migration/node-services.changelog-init.xml::1511451595465-46::R3.Corda: Changeset migration/node-services.changelog-init.xml::1511451595465-46::R3.Corda
17:43:53.873 [Test worker] DEBUG liquibase - master.changelog.json: migration/node-services.changelog-init.xml::1511451595465-46::R3.Corda: Reading ChangeSet: migration/node-services.changelog-init.xml::1511451595465-46::R3.Corda
17:43:53.873 [Test worker] DEBUG liquibase - master.changelog.json: migration/node-services.changelog-init.xml::1511451595465-46::R3.Corda: Executing Statement: liquibase.statement.core.AddPrimaryKeyStatement@2ba7e93
17:43:53.873 [Test worker] DEBUG liquibase - master.changelog.json: migration/node-services.changelog-init.xml::1511451595465-46::R3.Corda: Executing EXECUTE database command: ALTER TABLE PUBLIC.node_transactions ADD CONSTRAINT node_transactions_pkey PRIMARY KEY (tx_id)
17:43:53.873 [Test worker] INFO liquibase - master.changelog.json: migration/node-services.changelog-init.xml::1511451595465-46::R3.Corda: Primary key added to node_transactions (tx_id)
17:43:53.873 [Test worker] INFO liquibase - master.changelog.json: migration/node-services.changelog-init.xml::1511451595465-46::R3.Corda: ChangeSet migration/node-services.changelog-init.xml::1511451595465-46::R3.Corda ran successfully in 1ms
17:43:53.874 [Test worker] DEBUG liquibase - master.changelog.json: migration/node-services.changelog-init.xml::1511451595465-46::R3.Corda: Executing EXECUTE database command: INSERT INTO PUBLIC.DATABASECHANGELOG (ID, AUTHOR, FILENAME, DATEEXECUTED, ORDEREXECUTED, MD5SUM, DESCRIPTION, COMMENTS, EXECTYPE, CONTEXTS, LABELS, LIQUIBASE, DEPLOYMENT_ID) VALUES ('1511451595465-46', 'R3.Corda', 'migration/node-services.changelog-init.xml', NOW(), 63, '7:1a41a33c68c6f56be99cbfa9af7c2646', 'addPrimaryKey constraintName=node_transactions_pkey, tableName=node_transactions', '', 'EXECUTED', NULL, NULL, '3.5.4', '1046233355')
17:43:53.874 [Test worker] DEBUG liquibase - master.changelog.json: migration/node-services.changelog-init.xml::1511451595465-61::R3.Corda: Running Changeset:migration/node-services.changelog-init.xml::1511451595465-61::R3.Corda
17:43:53.874 [Test worker] DEBUG liquibase - master.changelog.json: migration/node-services.changelog-init.xml::1511451595465-61::R3.Corda: Changeset migration/node-services.changelog-init.xml::1511451595465-61::R3.Corda
17:43:53.874 [Test worker] DEBUG liquibase - master.changelog.json: migration/node-services.changelog-init.xml::1511451595465-61::R3.Corda: Reading ChangeSet: migration/node-services.changelog-init.xml::1511451595465-61::R3.Corda
17:43:53.875 [Test worker] DEBUG liquibase - master.changelog.json: migration/node-services.changelog-init.xml::1511451595465-61::R3.Corda: Executing Statement: liquibase.statement.core.AddForeignKeyConstraintStatement@6028386c
17:43:53.875 [Test worker] DEBUG liquibase - master.changelog.json: migration/node-services.changelog-init.xml::1511451595465-61::R3.Corda: Executing EXECUTE database command: ALTER TABLE PUBLIC.node_link_nodeinfo_party ADD CONSTRAINT FK__link_ni_p__info_p_cert FOREIGN KEY (party_name) REFERENCES PUBLIC.node_info_party_cert (party_name)
17:43:53.876 [Test worker] INFO liquibase - master.changelog.json: migration/node-services.changelog-init.xml::1511451595465-61::R3.Corda: Foreign key constraint added to node_link_nodeinfo_party (party_name)
17:43:53.876 [Test worker] INFO liquibase - master.changelog.json: migration/node-services.changelog-init.xml::1511451595465-61::R3.Corda: ChangeSet migration/node-services.changelog-init.xml::1511451595465-61::R3.Corda ran successfully in 2ms
17:43:53.877 [Test worker] DEBUG liquibase - master.changelog.json: migration/node-services.changelog-init.xml::1511451595465-61::R3.Corda: Executing EXECUTE database command: INSERT INTO PUBLIC.DATABASECHANGELOG (ID, AUTHOR, FILENAME, DATEEXECUTED, ORDEREXECUTED, MD5SUM, DESCRIPTION, COMMENTS, EXECTYPE, CONTEXTS, LABELS, LIQUIBASE, DEPLOYMENT_ID) VALUES ('1511451595465-61', 'R3.Corda', 'migration/node-services.changelog-init.xml', NOW(), 64, '7:f753db641a982caad48d7169dafbc854', 'addForeignKeyConstraint baseTableName=node_link_nodeinfo_party, constraintName=FK__link_ni_p__info_p_cert, referencedTableName=node_info_party_cert', '', 'EXECUTED', NULL, NULL, '3.5.4', '1046233355')
17:43:53.877 [Test worker] DEBUG liquibase - master.changelog.json: migration/node-services.changelog-init.xml::add index att_id::R3.Corda: Running Changeset:migration/node-services.changelog-init.xml::add index att_id::R3.Corda
17:43:53.877 [Test worker] DEBUG liquibase - master.changelog.json: migration/node-services.changelog-init.xml::add index att_id::R3.Corda: Changeset migration/node-services.changelog-init.xml::add index att_id::R3.Corda
17:43:53.877 [Test worker] DEBUG liquibase - master.changelog.json: migration/node-services.changelog-init.xml::add index att_id::R3.Corda: Reading ChangeSet: migration/node-services.changelog-init.xml::add index att_id::R3.Corda
17:43:53.877 [Test worker] DEBUG liquibase - master.changelog.json: migration/node-services.changelog-init.xml::add index att_id::R3.Corda: Executing Statement: liquibase.statement.core.CreateIndexStatement@75d940dc
17:43:53.877 [Test worker] DEBUG liquibase - master.changelog.json: migration/node-services.changelog-init.xml::add index att_id::R3.Corda: Executing EXECUTE database command: CREATE INDEX PUBLIC.att_id_idx ON PUBLIC.node_attachments(att_id)
17:43:53.878 [Test worker] INFO liquibase - master.changelog.json: migration/node-services.changelog-init.xml::add index att_id::R3.Corda: Index att_id_idx created
17:43:53.878 [Test worker] INFO liquibase - master.changelog.json: migration/node-services.changelog-init.xml::add index att_id::R3.Corda: ChangeSet migration/node-services.changelog-init.xml::add index att_id::R3.Corda ran successfully in 1ms
17:43:53.879 [Test worker] DEBUG liquibase - master.changelog.json: migration/node-services.changelog-init.xml::add index att_id::R3.Corda: Executing EXECUTE database command: INSERT INTO PUBLIC.DATABASECHANGELOG (ID, AUTHOR, FILENAME, DATEEXECUTED, ORDEREXECUTED, MD5SUM, DESCRIPTION, COMMENTS, EXECTYPE, CONTEXTS, LABELS, LIQUIBASE, DEPLOYMENT_ID) VALUES ('add index att_id', 'R3.Corda', 'migration/node-services.changelog-init.xml', NOW(), 65, '7:302188110e9124abd4ef58020255fbb0', 'createIndex indexName=att_id_idx, tableName=node_attachments', '', 'EXECUTED', NULL, NULL, '3.5.4', '1046233355')
17:43:53.879 [Test worker] DEBUG liquibase - master.changelog.json: migration/node-services.changelog-init.xml::add_contract_attachment::R3.Corda: Running Changeset:migration/node-services.changelog-init.xml::add_contract_attachment::R3.Corda
17:43:53.879 [Test worker] DEBUG liquibase - master.changelog.json: migration/node-services.changelog-init.xml::add_contract_attachment::R3.Corda: Changeset migration/node-services.changelog-init.xml::add_contract_attachment::R3.Corda
17:43:53.879 [Test worker] DEBUG liquibase - master.changelog.json: migration/node-services.changelog-init.xml::add_contract_attachment::R3.Corda: Reading ChangeSet: migration/node-services.changelog-init.xml::add_contract_attachment::R3.Corda
17:43:53.879 [Test worker] DEBUG liquibase - master.changelog.json: migration/node-services.changelog-init.xml::add_contract_attachment::R3.Corda: Executing Statement: liquibase.statement.core.CreateTableStatement@226336bf
17:43:53.880 [Test worker] DEBUG liquibase - master.changelog.json: migration/node-services.changelog-init.xml::add_contract_attachment::R3.Corda: Executing EXECUTE database command: CREATE TABLE PUBLIC.node_attchments_contracts (att_id NVARCHAR(255) NOT NULL, contract_class_name NVARCHAR(255))
17:43:53.880 [Test worker] INFO liquibase - master.changelog.json: migration/node-services.changelog-init.xml::add_contract_attachment::R3.Corda: Table node_attchments_contracts created
17:43:53.880 [Test worker] DEBUG liquibase - master.changelog.json: migration/node-services.changelog-init.xml::add_contract_attachment::R3.Corda: Executing Statement: liquibase.statement.core.AddForeignKeyConstraintStatement@3cbf5d77
17:43:53.880 [Test worker] DEBUG liquibase - master.changelog.json: migration/node-services.changelog-init.xml::add_contract_attachment::R3.Corda: Executing EXECUTE database command: ALTER TABLE PUBLIC.node_attchments_contracts ADD CONSTRAINT FK__ctr_class__attachments FOREIGN KEY (att_id) REFERENCES PUBLIC.node_attachments (att_id)
17:43:53.881 [Test worker] INFO liquibase - master.changelog.json: migration/node-services.changelog-init.xml::add_contract_attachment::R3.Corda: Foreign key constraint added to node_attchments_contracts (att_id)
17:43:53.881 [Test worker] DEBUG liquibase - master.changelog.json: migration/node-services.changelog-init.xml::add_contract_attachment::R3.Corda: Executing Statement: liquibase.statement.core.DeleteStatement@6cdcc059
17:43:53.881 [Test worker] DEBUG liquibase - master.changelog.json: migration/node-services.changelog-init.xml::add_contract_attachment::R3.Corda: Executing EXECUTE database command: DELETE FROM PUBLIC.node_attachments
17:43:53.882 [Test worker] INFO liquibase - master.changelog.json: migration/node-services.changelog-init.xml::add_contract_attachment::R3.Corda: Data deleted from node_attachments
17:43:53.882 [Test worker] INFO liquibase - master.changelog.json: migration/node-services.changelog-init.xml::add_contract_attachment::R3.Corda: ChangeSet migration/node-services.changelog-init.xml::add_contract_attachment::R3.Corda ran successfully in 3ms
17:43:53.923 [Test worker] DEBUG liquibase - master.changelog.json: migration/node-services.changelog-init.xml::add_contract_attachment::R3.Corda: Executing EXECUTE database command: INSERT INTO PUBLIC.DATABASECHANGELOG (ID, AUTHOR, FILENAME, DATEEXECUTED, ORDEREXECUTED, MD5SUM, DESCRIPTION, COMMENTS, EXECTYPE, CONTEXTS, LABELS, LIQUIBASE, DEPLOYMENT_ID) VALUES ('add_contract_attachment', 'R3.Corda', 'migration/node-services.changelog-init.xml', NOW(), 66, '7:2cfbc6a84cfcd7b8ce011b58aa70f584', 'createTable tableName=node_attchments_contracts; addForeignKeyConstraint baseTableName=node_attchments_contracts, constraintName=FK__ctr_class__attachments, referencedTableName=node_attachments; delete tableName=node_attachments', '', 'EXECUTED', NULL, NULL, '3.5.4', '1046233355')
17:43:53.924 [Test worker] DEBUG liquibase - master.changelog.json: migration/node-services.changelog-init.xml::add_dedup_columns::R3.Corda: Running Changeset:migration/node-services.changelog-init.xml::add_dedup_columns::R3.Corda
17:43:53.924 [Test worker] DEBUG liquibase - master.changelog.json: migration/node-services.changelog-init.xml::add_dedup_columns::R3.Corda: Changeset migration/node-services.changelog-init.xml::add_dedup_columns::R3.Corda
17:43:53.924 [Test worker] DEBUG liquibase - master.changelog.json: migration/node-services.changelog-init.xml::add_dedup_columns::R3.Corda: Reading ChangeSet: migration/node-services.changelog-init.xml::add_dedup_columns::R3.Corda
17:43:53.924 [Test worker] DEBUG liquibase - master.changelog.json: migration/node-services.changelog-init.xml::add_dedup_columns::R3.Corda: Executing Statement: liquibase.statement.core.AddColumnStatement@5d7cc728
17:43:53.925 [Test worker] DEBUG liquibase - master.changelog.json: migration/node-services.changelog-init.xml::add_dedup_columns::R3.Corda: Executing EXECUTE database command: ALTER TABLE PUBLIC.node_message_ids ADD sender NVARCHAR(64)
17:43:53.927 [Test worker] DEBUG liquibase - master.changelog.json: migration/node-services.changelog-init.xml::add_dedup_columns::R3.Corda: Executing EXECUTE database command: ALTER TABLE PUBLIC.node_message_ids ADD sequence_number BIGINT
17:43:53.929 [Test worker] INFO liquibase - master.changelog.json: migration/node-services.changelog-init.xml::add_dedup_columns::R3.Corda: Columns sender(NVARCHAR(64)),sequence_number(BIGINT) added to node_message_ids
17:43:53.929 [Test worker] INFO liquibase - master.changelog.json: migration/node-services.changelog-init.xml::add_dedup_columns::R3.Corda: ChangeSet migration/node-services.changelog-init.xml::add_dedup_columns::R3.Corda ran successfully in 5ms
17:43:53.930 [Test worker] DEBUG liquibase - master.changelog.json: migration/node-services.changelog-init.xml::add_dedup_columns::R3.Corda: Executing EXECUTE database command: INSERT INTO PUBLIC.DATABASECHANGELOG (ID, AUTHOR, FILENAME, DATEEXECUTED, ORDEREXECUTED, MD5SUM, DESCRIPTION, COMMENTS, EXECTYPE, CONTEXTS, LABELS, LIQUIBASE, DEPLOYMENT_ID) VALUES ('add_dedup_columns', 'R3.Corda', 'migration/node-services.changelog-init.xml', NOW(), 67, '7:376ede2552aa97e8abf9d9a808c16692', 'addColumn tableName=node_message_ids', '', 'EXECUTED', NULL, NULL, '3.5.4', '1046233355')
17:43:53.932 [Test worker] DEBUG liquibase - master.changelog.json: migration/node-core.changelog-v4.xml::attchments_rename::R3.Corda: Running Changeset:migration/node-core.changelog-v4.xml::attchments_rename::R3.Corda
17:43:53.932 [Test worker] DEBUG liquibase - master.changelog.json: migration/node-core.changelog-v4.xml::attchments_rename::R3.Corda: Changeset migration/node-core.changelog-v4.xml::attchments_rename::R3.Corda
17:43:53.932 [Test worker] DEBUG liquibase - master.changelog.json: migration/node-core.changelog-v4.xml::attchments_rename::R3.Corda: Reading ChangeSet: migration/node-core.changelog-v4.xml::attchments_rename::R3.Corda
17:43:53.933 [Test worker] DEBUG liquibase - master.changelog.json: migration/node-core.changelog-v4.xml::attchments_rename::R3.Corda: Executing Statement: liquibase.statement.core.RenameTableStatement@65ccf244
17:43:53.933 [Test worker] DEBUG liquibase - master.changelog.json: migration/node-core.changelog-v4.xml::attchments_rename::R3.Corda: Executing EXECUTE database command: ALTER TABLE PUBLIC.node_attchments_contracts RENAME TO node_attachments_contracts
17:43:53.933 [Test worker] INFO liquibase - master.changelog.json: migration/node-core.changelog-v4.xml::attchments_rename::R3.Corda: Table node_attchments_contracts renamed to node_attachments_contracts
17:43:53.933 [Test worker] INFO liquibase - master.changelog.json: migration/node-core.changelog-v4.xml::attchments_rename::R3.Corda: ChangeSet migration/node-core.changelog-v4.xml::attchments_rename::R3.Corda ran successfully in 1ms
17:43:53.935 [Test worker] DEBUG liquibase - master.changelog.json: migration/node-core.changelog-v4.xml::attchments_rename::R3.Corda: Executing EXECUTE database command: INSERT INTO PUBLIC.DATABASECHANGELOG (ID, AUTHOR, FILENAME, DATEEXECUTED, ORDEREXECUTED, MD5SUM, DESCRIPTION, COMMENTS, EXECTYPE, CONTEXTS, LABELS, LIQUIBASE, DEPLOYMENT_ID) VALUES ('attchments_rename', 'R3.Corda', 'migration/node-core.changelog-v4.xml', NOW(), 68, '7:9c9553fbc45dfa0ec2117a113b1bfb13', 'renameTable newTableName=node_attachments_contracts, oldTableName=node_attchments_contracts', '', 'EXECUTED', NULL, NULL, '3.5.4', '1046233355')
17:43:53.935 [Test worker] DEBUG liquibase - master.changelog.json: migration/node-core.changelog-v4.xml::nullability::R3.Corda: Running Changeset:migration/node-core.changelog-v4.xml::nullability::R3.Corda
17:43:53.935 [Test worker] DEBUG liquibase - master.changelog.json: migration/node-core.changelog-v4.xml::nullability::R3.Corda: Changeset migration/node-core.changelog-v4.xml::nullability::R3.Corda
17:43:53.936 [Test worker] DEBUG liquibase - master.changelog.json: migration/node-core.changelog-v4.xml::nullability::R3.Corda: Reading ChangeSet: migration/node-core.changelog-v4.xml::nullability::R3.Corda
17:43:53.936 [Test worker] DEBUG liquibase - master.changelog.json: migration/node-core.changelog-v4.xml::nullability::R3.Corda: Executing Statement: liquibase.statement.core.SetNullableStatement@6160067e
17:43:53.936 [Test worker] DEBUG liquibase - master.changelog.json: migration/node-core.changelog-v4.xml::nullability::R3.Corda: Executing EXECUTE database command: ALTER TABLE PUBLIC.node_identities ALTER COLUMN identity_value SET NOT NULL
17:43:53.936 [Test worker] INFO liquibase - master.changelog.json: migration/node-core.changelog-v4.xml::nullability::R3.Corda: Null constraint has been added to node_identities.identity_value
17:43:53.937 [Test worker] DEBUG liquibase - master.changelog.json: migration/node-core.changelog-v4.xml::nullability::R3.Corda: Executing Statement: liquibase.statement.core.SetNullableStatement@66573815
17:43:53.937 [Test worker] DEBUG liquibase - master.changelog.json: migration/node-core.changelog-v4.xml::nullability::R3.Corda: Executing EXECUTE database command: ALTER TABLE PUBLIC.node_attachments ALTER COLUMN content SET NOT NULL
17:43:53.937 [Test worker] INFO liquibase - master.changelog.json: migration/node-core.changelog-v4.xml::nullability::R3.Corda: Null constraint has been added to node_attachments.content
17:43:53.937 [Test worker] DEBUG liquibase - master.changelog.json: migration/node-core.changelog-v4.xml::nullability::R3.Corda: Executing Statement: liquibase.statement.core.SetNullableStatement@784f1da0
17:43:53.937 [Test worker] DEBUG liquibase - master.changelog.json: migration/node-core.changelog-v4.xml::nullability::R3.Corda: Executing EXECUTE database command: ALTER TABLE PUBLIC.node_attachments_contracts ALTER COLUMN contract_class_name SET NOT NULL
17:43:53.937 [Test worker] INFO liquibase - master.changelog.json: migration/node-core.changelog-v4.xml::nullability::R3.Corda: Null constraint has been added to node_attachments_contracts.contract_class_name
17:43:53.937 [Test worker] DEBUG liquibase - master.changelog.json: migration/node-core.changelog-v4.xml::nullability::R3.Corda: Executing Statement: liquibase.statement.core.SetNullableStatement@3d5db206
17:43:53.938 [Test worker] DEBUG liquibase - master.changelog.json: migration/node-core.changelog-v4.xml::nullability::R3.Corda: Executing EXECUTE database command: ALTER TABLE PUBLIC.node_checkpoints ALTER COLUMN checkpoint_value SET NOT NULL
17:43:53.938 [Test worker] INFO liquibase - master.changelog.json: migration/node-core.changelog-v4.xml::nullability::R3.Corda: Null constraint has been added to node_checkpoints.checkpoint_value
17:43:53.938 [Test worker] DEBUG liquibase - master.changelog.json: migration/node-core.changelog-v4.xml::nullability::R3.Corda: Executing Statement: liquibase.statement.core.SetNullableStatement@49ae3535
17:43:53.938 [Test worker] DEBUG liquibase - master.changelog.json: migration/node-core.changelog-v4.xml::nullability::R3.Corda: Executing EXECUTE database command: ALTER TABLE PUBLIC.node_contract_upgrades ALTER COLUMN contract_class_name SET NOT NULL
17:43:53.938 [Test worker] INFO liquibase - master.changelog.json: migration/node-core.changelog-v4.xml::nullability::R3.Corda: Null constraint has been added to node_contract_upgrades.contract_class_name
17:43:53.938 [Test worker] DEBUG liquibase - master.changelog.json: migration/node-core.changelog-v4.xml::nullability::R3.Corda: Executing Statement: liquibase.statement.core.SetNullableStatement@562709a3
17:43:53.938 [Test worker] DEBUG liquibase - master.changelog.json: migration/node-core.changelog-v4.xml::nullability::R3.Corda: Executing EXECUTE database command: ALTER TABLE PUBLIC.node_message_ids ALTER COLUMN insertion_time SET NOT NULL
17:43:53.939 [Test worker] INFO liquibase - master.changelog.json: migration/node-core.changelog-v4.xml::nullability::R3.Corda: Null constraint has been added to node_message_ids.insertion_time
17:43:53.939 [Test worker] DEBUG liquibase - master.changelog.json: migration/node-core.changelog-v4.xml::nullability::R3.Corda: Executing Statement: liquibase.statement.core.SetNullableStatement@43a4cc5e
17:43:53.939 [Test worker] DEBUG liquibase - master.changelog.json: migration/node-core.changelog-v4.xml::nullability::R3.Corda: Executing EXECUTE database command: ALTER TABLE PUBLIC.node_message_retry ALTER COLUMN message SET NOT NULL
17:43:53.939 [Test worker] INFO liquibase - master.changelog.json: migration/node-core.changelog-v4.xml::nullability::R3.Corda: Null constraint has been added to node_message_retry.message
17:43:53.939 [Test worker] DEBUG liquibase - master.changelog.json: migration/node-core.changelog-v4.xml::nullability::R3.Corda: Executing Statement: liquibase.statement.core.SetNullableStatement@797966c1
17:43:53.939 [Test worker] DEBUG liquibase - master.changelog.json: migration/node-core.changelog-v4.xml::nullability::R3.Corda: Executing EXECUTE database command: ALTER TABLE PUBLIC.node_message_retry ALTER COLUMN recipients SET NOT NULL
17:43:53.940 [Test worker] INFO liquibase - master.changelog.json: migration/node-core.changelog-v4.xml::nullability::R3.Corda: Null constraint has been added to node_message_retry.recipients
17:43:53.940 [Test worker] DEBUG liquibase - master.changelog.json: migration/node-core.changelog-v4.xml::nullability::R3.Corda: Executing Statement: liquibase.statement.core.SetNullableStatement@3dac2e79
17:43:53.940 [Test worker] DEBUG liquibase - master.changelog.json: migration/node-core.changelog-v4.xml::nullability::R3.Corda: Executing EXECUTE database command: ALTER TABLE PUBLIC.node_named_identities ALTER COLUMN pk_hash SET NOT NULL
17:43:53.940 [Test worker] INFO liquibase - master.changelog.json: migration/node-core.changelog-v4.xml::nullability::R3.Corda: Null constraint has been added to node_named_identities.pk_hash
17:43:53.940 [Test worker] DEBUG liquibase - master.changelog.json: migration/node-core.changelog-v4.xml::nullability::R3.Corda: Executing Statement: liquibase.statement.core.SetNullableStatement@70afee4a
17:43:53.940 [Test worker] DEBUG liquibase - master.changelog.json: migration/node-core.changelog-v4.xml::nullability::R3.Corda: Executing EXECUTE database command: ALTER TABLE PUBLIC.node_our_key_pairs ALTER COLUMN private_key SET NOT NULL
17:43:53.941 [Test worker] INFO liquibase - master.changelog.json: migration/node-core.changelog-v4.xml::nullability::R3.Corda: Null constraint has been added to node_our_key_pairs.private_key
17:43:53.941 [Test worker] DEBUG liquibase - master.changelog.json: migration/node-core.changelog-v4.xml::nullability::R3.Corda: Executing Statement: liquibase.statement.core.SetNullableStatement@a7dab8a
17:43:53.941 [Test worker] DEBUG liquibase - master.changelog.json: migration/node-core.changelog-v4.xml::nullability::R3.Corda: Executing EXECUTE database command: ALTER TABLE PUBLIC.node_our_key_pairs ALTER COLUMN public_key SET NOT NULL
17:43:53.941 [Test worker] INFO liquibase - master.changelog.json: migration/node-core.changelog-v4.xml::nullability::R3.Corda: Null constraint has been added to node_our_key_pairs.public_key
17:43:53.941 [Test worker] DEBUG liquibase - master.changelog.json: migration/node-core.changelog-v4.xml::nullability::R3.Corda: Executing Statement: liquibase.statement.core.SetNullableStatement@51940279
17:43:53.941 [Test worker] DEBUG liquibase - master.changelog.json: migration/node-core.changelog-v4.xml::nullability::R3.Corda: Executing EXECUTE database command: ALTER TABLE PUBLIC.node_transaction_mappings ALTER COLUMN state_machine_run_id SET NOT NULL
17:43:53.941 [Test worker] INFO liquibase - master.changelog.json: migration/node-core.changelog-v4.xml::nullability::R3.Corda: Null constraint has been added to node_transaction_mappings.state_machine_run_id
17:43:53.942 [Test worker] DEBUG liquibase - master.changelog.json: migration/node-core.changelog-v4.xml::nullability::R3.Corda: Executing Statement: liquibase.statement.core.SetNullableStatement@1448bc49
17:43:53.942 [Test worker] DEBUG liquibase - master.changelog.json: migration/node-core.changelog-v4.xml::nullability::R3.Corda: Executing EXECUTE database command: ALTER TABLE PUBLIC.node_transactions ALTER COLUMN transaction_value SET NOT NULL
17:43:53.942 [Test worker] INFO liquibase - master.changelog.json: migration/node-core.changelog-v4.xml::nullability::R3.Corda: Null constraint has been added to node_transactions.transaction_value
17:43:53.942 [Test worker] INFO liquibase - master.changelog.json: migration/node-core.changelog-v4.xml::nullability::R3.Corda: ChangeSet migration/node-core.changelog-v4.xml::nullability::R3.Corda ran successfully in 7ms
17:43:53.943 [Test worker] DEBUG liquibase - master.changelog.json: migration/node-core.changelog-v4.xml::nullability::R3.Corda: Executing EXECUTE database command: INSERT INTO PUBLIC.DATABASECHANGELOG (ID, AUTHOR, FILENAME, DATEEXECUTED, ORDEREXECUTED, MD5SUM, DESCRIPTION, COMMENTS, EXECTYPE, CONTEXTS, LABELS, LIQUIBASE, DEPLOYMENT_ID) VALUES ('nullability', 'R3.Corda', 'migration/node-core.changelog-v4.xml', NOW(), 69, '7:73b3f89cdd2a42efebeb125648c28191', 'addNotNullConstraint columnName=identity_value, tableName=node_identities; addNotNullConstraint columnName=content, tableName=node_attachments; addNotNullConstraint columnName=contract_class_name, tableName=node_attachments_contracts; addNotNullCo...', '', 'EXECUTED', NULL, NULL, '3.5.4', '1046233355')
17:43:53.944 [Test worker] DEBUG liquibase - master.changelog.json: migration/node-core.changelog-v5.xml::remove_unused_node_message_retry::R3.Corda: Running Changeset:migration/node-core.changelog-v5.xml::remove_unused_node_message_retry::R3.Corda
17:43:53.944 [Test worker] DEBUG liquibase - master.changelog.json: migration/node-core.changelog-v5.xml::remove_unused_node_message_retry::R3.Corda: Changeset migration/node-core.changelog-v5.xml::remove_unused_node_message_retry::R3.Corda
17:43:53.945 [Test worker] DEBUG liquibase - master.changelog.json: migration/node-core.changelog-v5.xml::remove_unused_node_message_retry::R3.Corda: Reading ChangeSet: migration/node-core.changelog-v5.xml::remove_unused_node_message_retry::R3.Corda
17:43:53.945 [Test worker] DEBUG liquibase - master.changelog.json: migration/node-core.changelog-v5.xml::remove_unused_node_message_retry::R3.Corda: Executing Statement: liquibase.statement.core.DropTableStatement@332efbf6
17:43:53.945 [Test worker] DEBUG liquibase - master.changelog.json: migration/node-core.changelog-v5.xml::remove_unused_node_message_retry::R3.Corda: Executing EXECUTE database command: DROP TABLE PUBLIC.node_message_retry
17:43:53.945 [Test worker] INFO liquibase - master.changelog.json: migration/node-core.changelog-v5.xml::remove_unused_node_message_retry::R3.Corda: Table node_message_retry dropped
17:43:53.945 [Test worker] INFO liquibase - master.changelog.json: migration/node-core.changelog-v5.xml::remove_unused_node_message_retry::R3.Corda: ChangeSet migration/node-core.changelog-v5.xml::remove_unused_node_message_retry::R3.Corda ran successfully in 1ms
17:43:53.946 [Test worker] DEBUG liquibase - master.changelog.json: migration/node-core.changelog-v5.xml::remove_unused_node_message_retry::R3.Corda: Executing EXECUTE database command: INSERT INTO PUBLIC.DATABASECHANGELOG (ID, AUTHOR, FILENAME, DATEEXECUTED, ORDEREXECUTED, MD5SUM, DESCRIPTION, COMMENTS, EXECTYPE, CONTEXTS, LABELS, LIQUIBASE, DEPLOYMENT_ID) VALUES ('remove_unused_node_message_retry', 'R3.Corda', 'migration/node-core.changelog-v5.xml', NOW(), 70, '7:cd120ad46e3a88b0eeaa7ffdcf8a0861', 'dropTable tableName=node_message_retry', '', 'EXECUTED', NULL, NULL, '3.5.4', '1046233355')
17:43:53.947 [Test worker] DEBUG liquibase - master.changelog.json: migration/node-core.changelog-pkey.xml::non-clustered_pk-1::R3.Corda: Running Changeset:migration/node-core.changelog-pkey.xml::non-clustered_pk-1::R3.Corda
17:43:53.950 [Test worker] DEBUG liquibase - master.changelog.json: migration/node-core.changelog-pkey.xml::non-clustered_pk-1::R3.Corda: Executing EXECUTE database command: INSERT INTO PUBLIC.DATABASECHANGELOG (ID, AUTHOR, FILENAME, DATEEXECUTED, ORDEREXECUTED, MD5SUM, DESCRIPTION, COMMENTS, EXECTYPE, CONTEXTS, LABELS, LIQUIBASE, DEPLOYMENT_ID) VALUES ('non-clustered_pk-1', 'R3.Corda', 'migration/node-core.changelog-pkey.xml', NOW(), 71, '7:eb9d9d13536371a16c05f8a89051e6b0', 'dropPrimaryKey constraintName=node_checkpoints_pkey, tableName=node_checkpoints; addPrimaryKey constraintName=node_checkpoints_pkey, tableName=node_checkpoints', '', 'MARK_RAN', NULL, NULL, '3.5.4', '1046233355')
17:43:53.951 [Test worker] DEBUG liquibase - master.changelog.json: migration/node-core.changelog-pkey.xml::non-clustered_pk-2::R3.Corda: Running Changeset:migration/node-core.changelog-pkey.xml::non-clustered_pk-2::R3.Corda
17:43:53.952 [Test worker] DEBUG liquibase - master.changelog.json: migration/node-core.changelog-pkey.xml::non-clustered_pk-2::R3.Corda: Executing EXECUTE database command: INSERT INTO PUBLIC.DATABASECHANGELOG (ID, AUTHOR, FILENAME, DATEEXECUTED, ORDEREXECUTED, MD5SUM, DESCRIPTION, COMMENTS, EXECTYPE, CONTEXTS, LABELS, LIQUIBASE, DEPLOYMENT_ID) VALUES ('non-clustered_pk-2', 'R3.Corda', 'migration/node-core.changelog-pkey.xml', NOW(), 72, '7:d4192425f4f38b39f3b09611028e5c14', 'dropPrimaryKey constraintName=node_identities_pkey, tableName=node_identities; addPrimaryKey constraintName=node_identities_pkey, tableName=node_identities', '', 'MARK_RAN', NULL, NULL, '3.5.4', '1046233355')
17:43:53.952 [Test worker] DEBUG liquibase - master.changelog.json: migration/node-core.changelog-pkey.xml::non-clustered_pk-3::R3.Corda: Running Changeset:migration/node-core.changelog-pkey.xml::non-clustered_pk-3::R3.Corda
17:43:53.953 [Test worker] DEBUG liquibase - master.changelog.json: migration/node-core.changelog-pkey.xml::non-clustered_pk-3::R3.Corda: Executing EXECUTE database command: INSERT INTO PUBLIC.DATABASECHANGELOG (ID, AUTHOR, FILENAME, DATEEXECUTED, ORDEREXECUTED, MD5SUM, DESCRIPTION, COMMENTS, EXECTYPE, CONTEXTS, LABELS, LIQUIBASE, DEPLOYMENT_ID) VALUES ('non-clustered_pk-3', 'R3.Corda', 'migration/node-core.changelog-pkey.xml', NOW(), 73, '7:9773a095cc1db7ea3a66e7e5565bb58e', 'dropPrimaryKey constraintName=node_message_ids_pkey, tableName=node_message_ids; addPrimaryKey constraintName=node_message_ids_pkey, tableName=node_message_ids', '', 'MARK_RAN', NULL, NULL, '3.5.4', '1046233355')
17:43:53.954 [Test worker] DEBUG liquibase - master.changelog.json: migration/node-core.changelog-pkey.xml::non-clustered_pk-4::R3.Corda: Running Changeset:migration/node-core.changelog-pkey.xml::non-clustered_pk-4::R3.Corda
17:43:53.956 [Test worker] DEBUG liquibase - master.changelog.json: migration/node-core.changelog-pkey.xml::non-clustered_pk-4::R3.Corda: Executing EXECUTE database command: INSERT INTO PUBLIC.DATABASECHANGELOG (ID, AUTHOR, FILENAME, DATEEXECUTED, ORDEREXECUTED, MD5SUM, DESCRIPTION, COMMENTS, EXECTYPE, CONTEXTS, LABELS, LIQUIBASE, DEPLOYMENT_ID) VALUES ('non-clustered_pk-4', 'R3.Corda', 'migration/node-core.changelog-pkey.xml', NOW(), 74, '7:f1e21d4abffbb24133e752eb9cd6a162', 'dropPrimaryKey constraintName=node_named_identities_pkey, tableName=node_named_identities; addPrimaryKey constraintName=node_named_identities_pkey, tableName=node_named_identities', '', 'MARK_RAN', NULL, NULL, '3.5.4', '1046233355')
17:43:53.957 [Test worker] DEBUG liquibase - master.changelog.json: migration/node-core.changelog-pkey.xml::non-clustered_pk-5::R3.Corda: Running Changeset:migration/node-core.changelog-pkey.xml::non-clustered_pk-5::R3.Corda
17:43:53.959 [Test worker] DEBUG liquibase - master.changelog.json: migration/node-core.changelog-pkey.xml::non-clustered_pk-5::R3.Corda: Executing EXECUTE database command: INSERT INTO PUBLIC.DATABASECHANGELOG (ID, AUTHOR, FILENAME, DATEEXECUTED, ORDEREXECUTED, MD5SUM, DESCRIPTION, COMMENTS, EXECTYPE, CONTEXTS, LABELS, LIQUIBASE, DEPLOYMENT_ID) VALUES ('non-clustered_pk-5', 'R3.Corda', 'migration/node-core.changelog-pkey.xml', NOW(), 75, '7:4ea09df2dbab99be33f8251a40d1c5a6', 'dropPrimaryKey constraintName=node_our_key_pairs_pkey, tableName=node_our_key_pairs; addPrimaryKey constraintName=node_our_key_pairs_pkey, tableName=node_our_key_pairs', '', 'MARK_RAN', NULL, NULL, '3.5.4', '1046233355')
17:43:53.959 [Test worker] DEBUG liquibase - master.changelog.json: migration/node-core.changelog-pkey.xml::non-clustered_pk-6::R3.Corda: Running Changeset:migration/node-core.changelog-pkey.xml::non-clustered_pk-6::R3.Corda
17:43:53.961 [Test worker] DEBUG liquibase - master.changelog.json: migration/node-core.changelog-pkey.xml::non-clustered_pk-6::R3.Corda: Executing EXECUTE database command: INSERT INTO PUBLIC.DATABASECHANGELOG (ID, AUTHOR, FILENAME, DATEEXECUTED, ORDEREXECUTED, MD5SUM, DESCRIPTION, COMMENTS, EXECTYPE, CONTEXTS, LABELS, LIQUIBASE, DEPLOYMENT_ID) VALUES ('non-clustered_pk-6', 'R3.Corda', 'migration/node-core.changelog-pkey.xml', NOW(), 76, '7:cb349ad07d3039e6d7d2f184988b954f', 'dropPrimaryKey constraintName=node_transaction_mappings_pkey, tableName=node_transaction_mappings; addPrimaryKey constraintName=node_transaction_mappings_pkey, tableName=node_transaction_mappings', '', 'MARK_RAN', NULL, NULL, '3.5.4', '1046233355')
17:43:53.961 [Test worker] DEBUG liquibase - master.changelog.json: migration/node-core.changelog-pkey.xml::non-clustered_pk-7::R3.Corda: Running Changeset:migration/node-core.changelog-pkey.xml::non-clustered_pk-7::R3.Corda
17:43:53.963 [Test worker] DEBUG liquibase - master.changelog.json: migration/node-core.changelog-pkey.xml::non-clustered_pk-7::R3.Corda: Executing EXECUTE database command: INSERT INTO PUBLIC.DATABASECHANGELOG (ID, AUTHOR, FILENAME, DATEEXECUTED, ORDEREXECUTED, MD5SUM, DESCRIPTION, COMMENTS, EXECTYPE, CONTEXTS, LABELS, LIQUIBASE, DEPLOYMENT_ID) VALUES ('non-clustered_pk-7', 'R3.Corda', 'migration/node-core.changelog-pkey.xml', NOW(), 77, '7:97c3ef240152c18129859ea5ae999c9e', 'dropPrimaryKey constraintName=node_transactions_pkey, tableName=node_transactions; addPrimaryKey constraintName=node_transactions_pkey, tableName=node_transactions', '', 'MARK_RAN', NULL, NULL, '3.5.4', '1046233355')
17:43:53.964 [Test worker] DEBUG liquibase - master.changelog.json: migration/node-core.changelog-v8.xml::conditional_attchments_rename::R3.Corda: Running Changeset:migration/node-core.changelog-v8.xml::conditional_attchments_rename::R3.Corda
17:43:53.964 [Test worker] DEBUG liquibase - master.changelog.json: migration/node-core.changelog-v8.xml::conditional_attchments_rename::R3.Corda: Changeset migration/node-core.changelog-v8.xml::conditional_attchments_rename::R3.Corda
17:43:54.007 [Test worker] INFO liquibase - master.changelog.json: migration/node-core.changelog-v8.xml::conditional_attchments_rename::R3.Corda: Marking ChangeSet: migration/node-core.changelog-v8.xml::conditional_attchments_rename::R3.Corda ran despite precondition failure due to onFail='MARK_RAN': 
          master.changelog.json : Table PUBLIC.NODE_ATTCHMENTS_CONTRACTS does not exist

17:43:54.007 [Test worker] DEBUG liquibase - master.changelog.json: migration/node-core.changelog-v8.xml::conditional_attchments_rename::R3.Corda: Skipping ChangeSet: migration/node-core.changelog-v8.xml::conditional_attchments_rename::R3.Corda
17:43:54.008 [Test worker] DEBUG liquibase - master.changelog.json: migration/node-core.changelog-v8.xml::conditional_attchments_rename::R3.Corda: Executing EXECUTE database command: INSERT INTO PUBLIC.DATABASECHANGELOG (ID, AUTHOR, FILENAME, DATEEXECUTED, ORDEREXECUTED, MD5SUM, DESCRIPTION, COMMENTS, EXECTYPE, CONTEXTS, LABELS, LIQUIBASE, DEPLOYMENT_ID) VALUES ('conditional_attchments_rename', 'R3.Corda', 'migration/node-core.changelog-v8.xml', NOW(), 78, '7:c7fcf1b072eb8882179623895abd6a53', 'renameTable newTableName=NODE_ATTACHMENTS_CONTRACTS, oldTableName=NODE_ATTCHMENTS_CONTRACTS', '', 'MARK_RAN', NULL, NULL, '3.5.4', '1046233355')
17:43:54.022 [Test worker] DEBUG liquibase - master.changelog.json: migration/node-core.changelog-v8.xml::conditional_attchments_contracts::R3.Corda: Running Changeset:migration/node-core.changelog-v8.xml::conditional_attchments_contracts::R3.Corda
17:43:54.022 [Test worker] DEBUG liquibase - master.changelog.json: migration/node-core.changelog-v8.xml::conditional_attchments_contracts::R3.Corda: Changeset migration/node-core.changelog-v8.xml::conditional_attchments_contracts::R3.Corda
17:43:54.065 [Test worker] INFO liquibase - master.changelog.json: migration/node-core.changelog-v8.xml::conditional_attchments_contracts::R3.Corda: Marking ChangeSet: migration/node-core.changelog-v8.xml::conditional_attchments_contracts::R3.Corda ran despite precondition failure due to onFail='MARK_RAN': 
          master.changelog.json : Table PUBLIC.NODE_ATTACHMENTS_CONTRACT_CLASS_NAME does not exist

17:43:54.066 [Test worker] DEBUG liquibase - master.changelog.json: migration/node-core.changelog-v8.xml::conditional_attchments_contracts::R3.Corda: Skipping ChangeSet: migration/node-core.changelog-v8.xml::conditional_attchments_contracts::R3.Corda
17:43:54.068 [Test worker] DEBUG liquibase - master.changelog.json: migration/node-core.changelog-v8.xml::conditional_attchments_contracts::R3.Corda: Executing EXECUTE database command: INSERT INTO PUBLIC.DATABASECHANGELOG (ID, AUTHOR, FILENAME, DATEEXECUTED, ORDEREXECUTED, MD5SUM, DESCRIPTION, COMMENTS, EXECTYPE, CONTEXTS, LABELS, LIQUIBASE, DEPLOYMENT_ID) VALUES ('conditional_attchments_contracts', 'R3.Corda', 'migration/node-core.changelog-v8.xml', NOW(), 79, '7:9ec85543b6baac8a877ad21f063a5b13', 'renameTable newTableName=NODE_ATTACHMENTS_CONTRACTS, oldTableName=NODE_ATTACHMENTS_CONTRACT_CLASS_NAME', '', 'MARK_RAN', NULL, NULL, '3.5.4', '1046233355')
17:43:54.068 [Test worker] DEBUG liquibase - master.changelog.json: migration/node-core.changelog-v8.xml::add_signers::R3.Corda: Running Changeset:migration/node-core.changelog-v8.xml::add_signers::R3.Corda
17:43:54.068 [Test worker] DEBUG liquibase - master.changelog.json: migration/node-core.changelog-v8.xml::add_signers::R3.Corda: Changeset migration/node-core.changelog-v8.xml::add_signers::R3.Corda
17:43:54.068 [Test worker] DEBUG liquibase - master.changelog.json: migration/node-core.changelog-v8.xml::add_signers::R3.Corda: Reading ChangeSet: migration/node-core.changelog-v8.xml::add_signers::R3.Corda
17:43:54.069 [Test worker] DEBUG liquibase - master.changelog.json: migration/node-core.changelog-v8.xml::add_signers::R3.Corda: Executing Statement: liquibase.statement.core.CreateTableStatement@5fc8fbfa
17:43:54.069 [Test worker] DEBUG liquibase - master.changelog.json: migration/node-core.changelog-v8.xml::add_signers::R3.Corda: Executing EXECUTE database command: CREATE TABLE PUBLIC.node_attachments_signers (att_id NVARCHAR(255) NOT NULL, signer NVARCHAR(1024))
17:43:54.069 [Test worker] INFO liquibase - master.changelog.json: migration/node-core.changelog-v8.xml::add_signers::R3.Corda: Table node_attachments_signers created
17:43:54.069 [Test worker] DEBUG liquibase - master.changelog.json: migration/node-core.changelog-v8.xml::add_signers::R3.Corda: Executing Statement: liquibase.statement.core.AddForeignKeyConstraintStatement@33322823
17:43:54.069 [Test worker] DEBUG liquibase - master.changelog.json: migration/node-core.changelog-v8.xml::add_signers::R3.Corda: Executing EXECUTE database command: ALTER TABLE PUBLIC.node_attachments_signers ADD CONSTRAINT FK__signers__attachments FOREIGN KEY (att_id) REFERENCES PUBLIC.node_attachments (att_id)
17:43:54.071 [Test worker] INFO liquibase - master.changelog.json: migration/node-core.changelog-v8.xml::add_signers::R3.Corda: Foreign key constraint added to node_attachments_signers (att_id)
17:43:54.071 [Test worker] INFO liquibase - master.changelog.json: migration/node-core.changelog-v8.xml::add_signers::R3.Corda: ChangeSet migration/node-core.changelog-v8.xml::add_signers::R3.Corda ran successfully in 3ms
17:43:54.072 [Test worker] DEBUG liquibase - master.changelog.json: migration/node-core.changelog-v8.xml::add_signers::R3.Corda: Executing EXECUTE database command: INSERT INTO PUBLIC.DATABASECHANGELOG (ID, AUTHOR, FILENAME, DATEEXECUTED, ORDEREXECUTED, MD5SUM, DESCRIPTION, COMMENTS, EXECTYPE, CONTEXTS, LABELS, LIQUIBASE, DEPLOYMENT_ID) VALUES ('add_signers', 'R3.Corda', 'migration/node-core.changelog-v8.xml', NOW(), 80, '7:d1356cd65d19937b81284ea078998d84', 'createTable tableName=node_attachments_signers; addForeignKeyConstraint baseTableName=node_attachments_signers, constraintName=FK__signers__attachments, referencedTableName=node_attachments', '', 'EXECUTED', NULL, NULL, '3.5.4', '1046233355')
17:43:54.072 [Test worker] DEBUG liquibase - master.changelog.json: migration/node-core.changelog-tx-mapping.xml::add_tx_mapping_column::R3.Corda: Running Changeset:migration/node-core.changelog-tx-mapping.xml::add_tx_mapping_column::R3.Corda
17:43:54.073 [Test worker] DEBUG liquibase - master.changelog.json: migration/node-core.changelog-tx-mapping.xml::add_tx_mapping_column::R3.Corda: Changeset migration/node-core.changelog-tx-mapping.xml::add_tx_mapping_column::R3.Corda
17:43:54.073 [Test worker] DEBUG liquibase - master.changelog.json: migration/node-core.changelog-tx-mapping.xml::add_tx_mapping_column::R3.Corda: Reading ChangeSet: migration/node-core.changelog-tx-mapping.xml::add_tx_mapping_column::R3.Corda
17:43:54.073 [Test worker] DEBUG liquibase - master.changelog.json: migration/node-core.changelog-tx-mapping.xml::add_tx_mapping_column::R3.Corda: Executing Statement: liquibase.statement.core.AddColumnStatement@53f8ed46
17:43:54.074 [Test worker] DEBUG liquibase - master.changelog.json: migration/node-core.changelog-tx-mapping.xml::add_tx_mapping_column::R3.Corda: Executing EXECUTE database command: ALTER TABLE PUBLIC.node_transactions ADD state_machine_run_id NVARCHAR(36)
17:43:54.075 [Test worker] INFO liquibase - master.changelog.json: migration/node-core.changelog-tx-mapping.xml::add_tx_mapping_column::R3.Corda: Columns state_machine_run_id(NVARCHAR(36)) added to node_transactions
17:43:54.077 [Test worker] DEBUG liquibase - master.changelog.json: migration/node-core.changelog-tx-mapping.xml::add_tx_mapping_column::R3.Corda: Executing Statement: update node_transactions set state_machine_run_id=(select state_machine_run_id from
            node_transaction_mappings where node_transactions.tx_id = node_transaction_mappings.tx_id)
17:43:54.077 [Test worker] DEBUG liquibase - master.changelog.json: migration/node-core.changelog-tx-mapping.xml::add_tx_mapping_column::R3.Corda: Executing EXECUTE database command: update node_transactions set state_machine_run_id=(select state_machine_run_id from
            node_transaction_mappings where node_transactions.tx_id = node_transaction_mappings.tx_id)
17:43:54.077 [Test worker] INFO liquibase - master.changelog.json: migration/node-core.changelog-tx-mapping.xml::add_tx_mapping_column::R3.Corda: Custom SQL executed
17:43:54.077 [Test worker] DEBUG liquibase - master.changelog.json: migration/node-core.changelog-tx-mapping.xml::add_tx_mapping_column::R3.Corda: Executing Statement: liquibase.statement.core.DropTableStatement@7a1ee04c
17:43:54.077 [Test worker] DEBUG liquibase - master.changelog.json: migration/node-core.changelog-tx-mapping.xml::add_tx_mapping_column::R3.Corda: Executing EXECUTE database command: DROP TABLE PUBLIC.node_transaction_mappings
17:43:54.078 [Test worker] INFO liquibase - master.changelog.json: migration/node-core.changelog-tx-mapping.xml::add_tx_mapping_column::R3.Corda: Table node_transaction_mappings dropped
17:43:54.078 [Test worker] INFO liquibase - master.changelog.json: migration/node-core.changelog-tx-mapping.xml::add_tx_mapping_column::R3.Corda: ChangeSet migration/node-core.changelog-tx-mapping.xml::add_tx_mapping_column::R3.Corda ran successfully in 5ms
17:43:54.079 [Test worker] DEBUG liquibase - master.changelog.json: migration/node-core.changelog-tx-mapping.xml::add_tx_mapping_column::R3.Corda: Executing EXECUTE database command: INSERT INTO PUBLIC.DATABASECHANGELOG (ID, AUTHOR, FILENAME, DATEEXECUTED, ORDEREXECUTED, MD5SUM, DESCRIPTION, COMMENTS, EXECTYPE, CONTEXTS, LABELS, LIQUIBASE, DEPLOYMENT_ID) VALUES ('add_tx_mapping_column', 'R3.Corda', 'migration/node-core.changelog-tx-mapping.xml', NOW(), 81, '7:a0995593179aec45250c383611edd1e2', 'addColumn tableName=node_transactions; sql; dropTable tableName=node_transaction_mappings', '', 'EXECUTED', NULL, NULL, '3.5.4', '1046233355')
17:43:54.079 [Test worker] DEBUG liquibase - master.changelog.json: migration/node-services.changelog-init.xml::add_network_parameters_storage::R3.Corda: Running Changeset:migration/node-services.changelog-init.xml::add_network_parameters_storage::R3.Corda
17:43:54.079 [Test worker] DEBUG liquibase - master.changelog.json: migration/node-services.changelog-init.xml::add_network_parameters_storage::R3.Corda: Changeset migration/node-services.changelog-init.xml::add_network_parameters_storage::R3.Corda
17:43:54.079 [Test worker] DEBUG liquibase - master.changelog.json: migration/node-services.changelog-init.xml::add_network_parameters_storage::R3.Corda: Reading ChangeSet: migration/node-services.changelog-init.xml::add_network_parameters_storage::R3.Corda
17:43:54.080 [Test worker] DEBUG liquibase - master.changelog.json: migration/node-services.changelog-init.xml::add_network_parameters_storage::R3.Corda: Executing Statement: liquibase.statement.core.CreateTableStatement@3947331
17:43:54.080 [Test worker] DEBUG liquibase - master.changelog.json: migration/node-services.changelog-init.xml::add_network_parameters_storage::R3.Corda: Executing EXECUTE database command: CREATE TABLE PUBLIC.node_network_parameters (hash NVARCHAR(130) NOT NULL, epoch INT NOT NULL, parameters_bytes BLOB NOT NULL, signature_bytes BLOB NOT NULL, cert BLOB NOT NULL, parent_cert_path BLOB NOT NULL)
17:43:54.080 [Test worker] INFO liquibase - master.changelog.json: migration/node-services.changelog-init.xml::add_network_parameters_storage::R3.Corda: Table node_network_parameters created
17:43:54.080 [Test worker] INFO liquibase - master.changelog.json: migration/node-services.changelog-init.xml::add_network_parameters_storage::R3.Corda: ChangeSet migration/node-services.changelog-init.xml::add_network_parameters_storage::R3.Corda ran successfully in 1ms
17:43:54.081 [Test worker] DEBUG liquibase - master.changelog.json: migration/node-services.changelog-init.xml::add_network_parameters_storage::R3.Corda: Executing EXECUTE database command: INSERT INTO PUBLIC.DATABASECHANGELOG (ID, AUTHOR, FILENAME, DATEEXECUTED, ORDEREXECUTED, MD5SUM, DESCRIPTION, COMMENTS, EXECTYPE, CONTEXTS, LABELS, LIQUIBASE, DEPLOYMENT_ID) VALUES ('add_network_parameters_storage', 'R3.Corda', 'migration/node-services.changelog-init.xml', NOW(), 82, '7:8d5882f94d9f58647903210994573073', 'createTable tableName=node_network_parameters', '', 'EXECUTED', NULL, NULL, '3.5.4', '1046233355')
17:43:54.082 [Test worker] DEBUG liquibase - master.changelog.json: migration/node-services.changelog-init.xml::network_parameters_pk::R3.Corda: Running Changeset:migration/node-services.changelog-init.xml::network_parameters_pk::R3.Corda
17:43:54.082 [Test worker] DEBUG liquibase - master.changelog.json: migration/node-services.changelog-init.xml::network_parameters_pk::R3.Corda: Changeset migration/node-services.changelog-init.xml::network_parameters_pk::R3.Corda
17:43:54.082 [Test worker] DEBUG liquibase - master.changelog.json: migration/node-services.changelog-init.xml::network_parameters_pk::R3.Corda: Reading ChangeSet: migration/node-services.changelog-init.xml::network_parameters_pk::R3.Corda
17:43:54.082 [Test worker] DEBUG liquibase - master.changelog.json: migration/node-services.changelog-init.xml::network_parameters_pk::R3.Corda: Executing Statement: liquibase.statement.core.AddPrimaryKeyStatement@3e863b03
17:43:54.083 [Test worker] DEBUG liquibase - master.changelog.json: migration/node-services.changelog-init.xml::network_parameters_pk::R3.Corda: Executing EXECUTE database command: ALTER TABLE PUBLIC.node_network_parameters ADD CONSTRAINT node_network_parameters_pkey PRIMARY KEY (hash)
17:43:54.083 [Test worker] INFO liquibase - master.changelog.json: migration/node-services.changelog-init.xml::network_parameters_pk::R3.Corda: Primary key added to node_network_parameters (hash)
17:43:54.083 [Test worker] INFO liquibase - master.changelog.json: migration/node-services.changelog-init.xml::network_parameters_pk::R3.Corda: ChangeSet migration/node-services.changelog-init.xml::network_parameters_pk::R3.Corda ran successfully in 1ms
17:43:54.084 [Test worker] DEBUG liquibase - master.changelog.json: migration/node-services.changelog-init.xml::network_parameters_pk::R3.Corda: Executing EXECUTE database command: INSERT INTO PUBLIC.DATABASECHANGELOG (ID, AUTHOR, FILENAME, DATEEXECUTED, ORDEREXECUTED, MD5SUM, DESCRIPTION, COMMENTS, EXECTYPE, CONTEXTS, LABELS, LIQUIBASE, DEPLOYMENT_ID) VALUES ('network_parameters_pk', 'R3.Corda', 'migration/node-services.changelog-init.xml', NOW(), 83, '7:71635301bd498e4d52b02988795348e6', 'addPrimaryKey constraintName=node_network_parameters_pkey, tableName=node_network_parameters', '', 'EXECUTED', NULL, NULL, '3.5.4', '1046233355')
17:43:54.085 [Test worker] DEBUG liquibase - master.changelog.json: migration/node-services.changelog-init.xml::add_version_column::R3.Corda: Running Changeset:migration/node-services.changelog-init.xml::add_version_column::R3.Corda
17:43:54.085 [Test worker] DEBUG liquibase - master.changelog.json: migration/node-services.changelog-init.xml::add_version_column::R3.Corda: Changeset migration/node-services.changelog-init.xml::add_version_column::R3.Corda
17:43:54.085 [Test worker] DEBUG liquibase - master.changelog.json: migration/node-services.changelog-init.xml::add_version_column::R3.Corda: Reading ChangeSet: migration/node-services.changelog-init.xml::add_version_column::R3.Corda
17:43:54.086 [Test worker] DEBUG liquibase - master.changelog.json: migration/node-services.changelog-init.xml::add_version_column::R3.Corda: Executing Statement: liquibase.statement.core.AddColumnStatement@55704ba3
17:43:54.086 [Test worker] DEBUG liquibase - master.changelog.json: migration/node-services.changelog-init.xml::add_version_column::R3.Corda: Executing EXECUTE database command: ALTER TABLE PUBLIC.node_attachments ADD version INT
17:43:54.114 [Test worker] INFO liquibase - master.changelog.json: migration/node-services.changelog-init.xml::add_version_column::R3.Corda: Columns version(INT) added to node_attachments
17:43:54.115 [Test worker] DEBUG liquibase - master.changelog.json: migration/node-services.changelog-init.xml::add_version_column::R3.Corda: Executing Statement: update node_attachments set version = 1
17:43:54.115 [Test worker] DEBUG liquibase - master.changelog.json: migration/node-services.changelog-init.xml::add_version_column::R3.Corda: Executing EXECUTE database command: update node_attachments set version = 1
17:43:54.115 [Test worker] INFO liquibase - master.changelog.json: migration/node-services.changelog-init.xml::add_version_column::R3.Corda: Custom SQL executed
17:43:54.115 [Test worker] DEBUG liquibase - master.changelog.json: migration/node-services.changelog-init.xml::add_version_column::R3.Corda: Executing Statement: liquibase.statement.core.SetNullableStatement@7230c420
17:43:54.115 [Test worker] DEBUG liquibase - master.changelog.json: migration/node-services.changelog-init.xml::add_version_column::R3.Corda: Executing EXECUTE database command: ALTER TABLE PUBLIC.node_attachments ALTER COLUMN version SET NOT NULL
17:43:54.116 [Test worker] INFO liquibase - master.changelog.json: migration/node-services.changelog-init.xml::add_version_column::R3.Corda: Null constraint has been added to node_attachments.version
17:43:54.116 [Test worker] INFO liquibase - master.changelog.json: migration/node-services.changelog-init.xml::add_version_column::R3.Corda: ChangeSet migration/node-services.changelog-init.xml::add_version_column::R3.Corda ran successfully in 31ms
17:43:54.122 [Test worker] DEBUG liquibase - master.changelog.json: migration/node-services.changelog-init.xml::add_version_column::R3.Corda: Executing EXECUTE database command: INSERT INTO PUBLIC.DATABASECHANGELOG (ID, AUTHOR, FILENAME, DATEEXECUTED, ORDEREXECUTED, MD5SUM, DESCRIPTION, COMMENTS, EXECTYPE, CONTEXTS, LABELS, LIQUIBASE, DEPLOYMENT_ID) VALUES ('add_version_column', 'R3.Corda', 'migration/node-services.changelog-init.xml', NOW(), 84, '7:7d7fb1c90fa05b5fc3b938fd7c520344', 'addColumn tableName=node_attachments; sql; addNotNullConstraint columnName=version, tableName=node_attachments', '', 'EXECUTED', NULL, NULL, '3.5.4', '1046233355')
17:43:54.123 [Test worker] DEBUG liquibase - master.changelog.json: migration/node-services.changelog-init.xml::update-version-of-whitelisted-jars::R3.Corda: Running Changeset:migration/node-services.changelog-init.xml::update-version-of-whitelisted-jars::R3.Corda
17:43:54.123 [Test worker] DEBUG liquibase - master.changelog.json: migration/node-services.changelog-init.xml::update-version-of-whitelisted-jars::R3.Corda: Changeset migration/node-services.changelog-init.xml::update-version-of-whitelisted-jars::R3.Corda
17:43:54.123 [Test worker] DEBUG liquibase - master.changelog.json: migration/node-services.changelog-init.xml::update-version-of-whitelisted-jars::R3.Corda: Reading ChangeSet: migration/node-services.changelog-init.xml::update-version-of-whitelisted-jars::R3.Corda
17:43:54.123 [Test worker] DEBUG liquibase - master.changelog.json: migration/node-services.changelog-init.xml::update-version-of-whitelisted-jars::R3.Corda: WARNING The following SQL may change each run and therefore is possibly incorrect and/or invalid:
17:43:54.123 [Test worker] INFO net.corda.nodeapi.internal.persistence.AttachmentVersionNumberMigration - Start executing...
17:43:54.127 [Test worker] INFO net.corda.nodeapi.internal.persistence.AttachmentVersionNumberMigration - Attachment version creation from whitelisted JARs using network parameters from build\mock-network\20191014-094255.202\nodes\4\network-parameters, whitelistedContractImplementations: {}.
17:43:54.127 [Test worker] INFO net.corda.nodeapi.internal.persistence.AttachmentVersionNumberMigration - Attachment version creation from whitelisted JARs skipped, no attachments not found.
17:43:54.127 [Test worker] INFO liquibase - master.changelog.json: migration/node-services.changelog-init.xml::update-version-of-whitelisted-jars::R3.Corda: null
17:43:54.127 [Test worker] INFO liquibase - master.changelog.json: migration/node-services.changelog-init.xml::update-version-of-whitelisted-jars::R3.Corda: ChangeSet migration/node-services.changelog-init.xml::update-version-of-whitelisted-jars::R3.Corda ran successfully in 4ms
17:43:54.128 [Test worker] DEBUG liquibase - master.changelog.json: migration/node-services.changelog-init.xml::update-version-of-whitelisted-jars::R3.Corda: Executing EXECUTE database command: INSERT INTO PUBLIC.DATABASECHANGELOG (ID, AUTHOR, FILENAME, DATEEXECUTED, ORDEREXECUTED, MD5SUM, DESCRIPTION, COMMENTS, EXECTYPE, CONTEXTS, LABELS, LIQUIBASE, DEPLOYMENT_ID) VALUES ('update-version-of-whitelisted-jars', 'R3.Corda', 'migration/node-services.changelog-init.xml', NOW(), 85, '7:706b589854273bdf703c4ed7a2a9191b', 'customChange', '', 'EXECUTED', NULL, NULL, '3.5.4', '1046233355')
17:43:54.129 [Test worker] DEBUG liquibase - master.changelog.json: migration/vault-schema.changelog-v9.xml::update-vault-states::R3.Corda: Running Changeset:migration/vault-schema.changelog-v9.xml::update-vault-states::R3.Corda
17:43:54.129 [Test worker] DEBUG liquibase - master.changelog.json: migration/vault-schema.changelog-v9.xml::update-vault-states::R3.Corda: Changeset migration/vault-schema.changelog-v9.xml::update-vault-states::R3.Corda
17:43:54.129 [Test worker] DEBUG liquibase - master.changelog.json: migration/vault-schema.changelog-v9.xml::update-vault-states::R3.Corda: Reading ChangeSet: migration/vault-schema.changelog-v9.xml::update-vault-states::R3.Corda
17:43:54.129 [Test worker] DEBUG liquibase - master.changelog.json: migration/vault-schema.changelog-v9.xml::update-vault-states::R3.Corda: WARNING The following SQL may change each run and therefore is possibly incorrect and/or invalid:
17:43:54.129 [Test worker] INFO net.corda.node.migration.VaultStateMigration - Migrating vault state data to V4 tables
17:43:54.147 [Test worker] INFO net.corda.nodeapi.internal.persistence.HibernateConfiguration - Init HibernateConfiguration for schemas: [VaultMigrationSchemaV1(name=net.corda.node.migration.VaultMigrationSchema, version=1), VaultSchemaV1(name=net.corda.node.services.vault.VaultSchema, version=1)]
17:43:54.148 [Test worker] INFO net.corda.nodeapi.internal.persistence.HibernateConfiguration - Creating session factory for schemas: [VaultMigrationSchemaV1(name=net.corda.node.migration.VaultMigrationSchema, version=1), VaultSchemaV1(name=net.corda.node.services.vault.VaultSchema, version=1)]
?[37m[INFO] 17:43:54,174 [Test worker] internal.ConnectionProviderInitiator.initiateService - HHH000130: Instantiating explicit connection provider: net.corda.nodeapi.internal.persistence.HibernateConfiguration$NodeDatabaseConnectionProvider
?[m?[37m[INFO] 17:43:54,175 [Test worker] dialect.Dialect.<init> - HHH000400: Using dialect: org.hibernate.dialect.H2Dialect
?[m?[37m[INFO] 17:43:54,188 [Test worker] type.BasicTypeRegistry.register - HHH000270: Type registration [materialized_blob] overrides previous : org.hibernate.type.MaterializedBlobType@12e6fc5f
?[m?[37m[INFO] 17:43:54,327 [Test worker] connections.access.getIsolatedConnection - HHH10001501: Connection obtained from JdbcConnectionAccess [org.hibernate.engine.jdbc.env.internal.JdbcEnvironmentInitiator$ConnectionProviderJdbcConnectionAccess@4f5099ee] for (non-JTA) DDL execution was not in auto-commit mode; the Connection 'local transaction' will be committed and the Connection will be set into auto-commit mode.
?[m17:43:54.506 [Test worker] INFO net.corda.nodeapi.internal.persistence.HibernateConfiguration - Created session factory for schemas: [VaultMigrationSchemaV1(name=net.corda.node.migration.VaultMigrationSchema, version=1), VaultSchemaV1(name=net.corda.node.services.vault.VaultSchema, version=1)]
?[37m[INFO] 17:43:54,508 [Test worker] internal.QueryTranslatorFactoryInitiator.initiateService - HHH000397: Using ASTQueryTranslatorFactory
?[m17:43:54.606 [Test worker] DEBUG net.corda.node.migration.VaultStateIterator - Found 0 total states in the vault
17:43:54.610 [Test worker] DEBUG net.corda.node.migration.VaultStateIterator - Loaded page 1 of 0. Current page has 0 vault states
17:43:54.611 [Test worker] INFO net.corda.node.migration.VaultStateMigration - Finished performing vault state data migration for 0 states
17:43:54.611 [Test worker] INFO liquibase - master.changelog.json: migration/vault-schema.changelog-v9.xml::update-vault-states::R3.Corda: null
17:43:54.612 [Test worker] INFO liquibase - master.changelog.json: migration/vault-schema.changelog-v9.xml::update-vault-states::R3.Corda: ChangeSet migration/vault-schema.changelog-v9.xml::update-vault-states::R3.Corda ran successfully in 483ms
17:43:54.613 [Test worker] DEBUG liquibase - master.changelog.json: migration/vault-schema.changelog-v9.xml::update-vault-states::R3.Corda: Executing EXECUTE database command: INSERT INTO PUBLIC.DATABASECHANGELOG (ID, AUTHOR, FILENAME, DATEEXECUTED, ORDEREXECUTED, MD5SUM, DESCRIPTION, COMMENTS, EXECTYPE, CONTEXTS, LABELS, LIQUIBASE, DEPLOYMENT_ID) VALUES ('update-vault-states', 'R3.Corda', 'migration/vault-schema.changelog-v9.xml', NOW(), 86, '7:b005d9ddca6ae24f7eb8c275fb095a30', 'customChange', '', 'EXECUTED', NULL, NULL, '3.5.4', '1046233355')
17:43:54.613 [Test worker] DEBUG liquibase - Release Database Lock
17:43:54.613 [Test worker] DEBUG liquibase - Executing UPDATE database command: UPDATE PUBLIC.DATABASECHANGELOGLOCK SET LOCKED = FALSE, LOCKEDBY = NULL, LOCKGRANTED = NULL WHERE ID = 1
17:43:54.615 [Test worker] INFO liquibase - Successfully released change log lock
17:43:54.616 [Test worker] DEBUG com.zaxxer.hikari.pool.PoolBase - HikariPool-5 - Reset (autoCommit, isolation) on connection conn45: url=jdbc:h2:mem:node_4_net_312362915497919618_persistence user=SA
17:43:54.617 [Test worker] DEBUG com.zaxxer.hikari.pool.PoolBase - HikariPool-5 - Reset (autoCommit, isolation) on connection conn45: url=jdbc:h2:mem:node_4_net_312362915497919618_persistence user=SA
17:43:54.617 [Test worker] INFO net.corda.testing.node.internal.InternalMockNetwork$MockNode - Connected to H2 database.
17:43:54.618 [Test worker] DEBUG com.zaxxer.hikari.pool.PoolBase - HikariPool-5 - Reset (autoCommit, isolation) on connection conn45: url=jdbc:h2:mem:node_4_net_312362915497919618_persistence user=SA
17:43:54.618 [Test worker] INFO net.corda.testing.node.internal.InternalMockNetwork$MockNode - identity-private-key not found in key store, generating fresh key!
17:43:54.749 [Test worker] INFO net.corda.nodeapi.internal.persistence.HibernateConfiguration - Init HibernateConfiguration for schemas: [CommonSchemaV1(name=net.corda.core.schemas.CommonSchema, version=1), VaultSchemaV1(name=net.corda.node.services.vault.VaultSchema, version=1), NodeInfoSchemaV1(name=net.corda.node.internal.schemas.NodeInfoSchema, version=1), NodeCoreV1(name=net.corda.node.services.schema.NodeSchemaService$NodeCore, version=1)]
17:43:54.750 [Test worker] INFO net.corda.nodeapi.internal.persistence.HibernateConfiguration - Creating session factory for schemas: [CommonSchemaV1(name=net.corda.core.schemas.CommonSchema, version=1), VaultSchemaV1(name=net.corda.node.services.vault.VaultSchema, version=1), NodeInfoSchemaV1(name=net.corda.node.internal.schemas.NodeInfoSchema, version=1), NodeCoreV1(name=net.corda.node.services.schema.NodeSchemaService$NodeCore, version=1)]
?[37m[INFO] 17:43:54,760 [Test worker] internal.ConnectionProviderInitiator.initiateService - HHH000130: Instantiating explicit connection provider: net.corda.nodeapi.internal.persistence.HibernateConfiguration$NodeDatabaseConnectionProvider
?[m?[37m[INFO] 17:43:54,765 [Test worker] dialect.Dialect.<init> - HHH000400: Using dialect: org.hibernate.dialect.H2Dialect
?[m17:43:54.769 [Test worker] DEBUG com.zaxxer.hikari.pool.PoolBase - HikariPool-5 - Reset (autoCommit, isolation) on connection conn45: url=jdbc:h2:mem:node_4_net_312362915497919618_persistence user=SA
?[37m[INFO] 17:43:54,772 [Test worker] type.BasicTypeRegistry.register - HHH000270: Type registration [materialized_blob] overrides previous : org.hibernate.type.MaterializedBlobType@12e6fc5f
?[m?[37m[INFO] 17:43:54,984 [Test worker] connections.access.getIsolatedConnection - HHH10001501: Connection obtained from JdbcConnectionAccess [org.hibernate.engine.jdbc.env.internal.JdbcEnvironmentInitiator$ConnectionProviderJdbcConnectionAccess@535425db] for (non-JTA) DDL execution was not in auto-commit mode; the Connection 'local transaction' will be committed and the Connection will be set into auto-commit mode.
?[m17:43:55.088 [Test worker] DEBUG com.zaxxer.hikari.pool.PoolBase - HikariPool-5 - Reset (autoCommit, isolation) on connection conn45: url=jdbc:h2:mem:node_4_net_312362915497919618_persistence user=SA
17:43:55.115 [Test worker] INFO net.corda.nodeapi.internal.persistence.HibernateConfiguration - Created session factory for schemas: [CommonSchemaV1(name=net.corda.core.schemas.CommonSchema, version=1), VaultSchemaV1(name=net.corda.node.services.vault.VaultSchema, version=1), NodeInfoSchemaV1(name=net.corda.node.internal.schemas.NodeInfoSchema, version=1), NodeCoreV1(name=net.corda.node.services.schema.NodeSchemaService$NodeCore, version=1)]
?[37m[INFO] 17:43:55,119 [Test worker] internal.QueryTranslatorFactoryInitiator.initiateService - HHH000397: Using ASTQueryTranslatorFactory
?[m17:43:55.128 [Test worker] INFO net.corda.testing.node.internal.InternalMockNetwork$MockNode - Node-info has changed so submitting update. Old node-info was null
17:43:55.128 [Test worker] INFO net.corda.node.services.network.PersistentNetworkMapCache - Adding node with info: NodeInfo(addresses=[mock.node:1000], legalIdentitiesAndCerts=[O=Observery, L=New York, C=US], platformVersion=4, serial=1571046235128)
17:43:55.133 [Test worker] INFO net.corda.node.services.network.PersistentNetworkMapCache - No previous node found
17:43:55.134 [Test worker] DEBUG net.corda.node.services.identity.PersistentIdentityService - Registering identity O=Observery, L=New York, C=US
17:43:55.142 [Test worker] DEBUG net.corda.node.services.network.PersistentNetworkMapCache - Done adding node with info: NodeInfo(addresses=[mock.node:1000], legalIdentitiesAndCerts=[O=Observery, L=New York, C=US], platformVersion=4, serial=1571046235128)
17:43:55.142 [Test worker] INFO net.corda.testing.node.internal.InternalMockNetwork$MockNode - New node-info: NodeInfo(addresses=[mock.node:1000], legalIdentitiesAndCerts=[O=Observery, L=New York, C=US], platformVersion=4, serial=1571046235128)
17:43:55.176 [Test worker] DEBUG com.zaxxer.hikari.pool.PoolBase - HikariPool-5 - Reset (autoCommit, isolation) on connection conn45: url=jdbc:h2:mem:node_4_net_312362915497919618_persistence user=SA
17:43:55.176 [Test worker] INFO net.corda.node.services.network.NetworkMapUpdater - Auto-accept enabled for network parameter changes which modify only: [epoch, modifiedTime, packageOwnership, whitelistedContractImplementations]
17:43:55.184 [Test worker] DEBUG net.corda.node.services.identity.PersistentIdentityService - Identities loaded
17:43:55.214 [MockNode-5-2] DEBUG net.corda.node.services.network.NodeInfoWatcher - Reading SignedNodeInfo from build\mock-network\20191014-094255.202\nodes\4\additional-node-infos\nodeInfo-B5D36ED634C4528FBB089ABF980F867721DAA978DCA9836649C0FA02A1C76EB8
17:43:55.218 [MockNode-5-2] DEBUG net.corda.node.services.network.NodeInfoWatcher - Read 1 NodeInfo files from build\mock-network\20191014-094255.202\nodes\4\additional-node-infos
17:43:55.218 [MockNode-5-2] DEBUG net.corda.node.services.network.NodeInfoWatcher - Number of removed NodeInfo files 0
17:43:55.218 [MockNode-5-2] INFO net.corda.node.services.network.PersistentNetworkMapCache - Adding node with info: NodeInfo(addresses=[mock.node:1000], legalIdentitiesAndCerts=[O=Observery, L=New York, C=US], platformVersion=4, serial=1571046235128)
17:43:55.226 [MockNode-5-2] DEBUG com.zaxxer.hikari.pool.PoolBase - HikariPool-5 - Reset (autoCommit, isolation) on connection conn46: url=jdbc:h2:mem:node_4_net_312362915497919618_persistence user=SA
17:43:55.226 [MockNode-5-2] INFO net.corda.node.services.network.PersistentNetworkMapCache - Previous node was identical to incoming one - doing nothing
17:43:55.226 [MockNode-5-2] DEBUG net.corda.node.services.network.PersistentNetworkMapCache - Done adding node with info: NodeInfo(addresses=[mock.node:1000], legalIdentitiesAndCerts=[O=Observery, L=New York, C=US], platformVersion=4, serial=1571046235128)
17:43:55.526 [Test worker] INFO ClassloaderUtils - Contracts loading for 'C:\Users\user\AppData\Local\Temp\attachment3889090428024618703.jar' took 29 msec
17:43:55.558 [Test worker] INFO net.corda.node.services.persistence.NodeAttachmentService - Stored new attachment: id=E9B1EFC2836AFF119DC0182AAA3C93E581065B6B06F6C0A452EA5CCF4B11B2A2 uploader=app filename=null
17:43:55.571 [Test worker] INFO net.corda.node.services.statemachine.SingleThreadedStateMachineManager - Node ready, info: NodeInfo(addresses=[mock.node:1000], legalIdentitiesAndCerts=[O=Observery, L=New York, C=US], platformVersion=4, serial=1571046235128)
17:43:55.575 [Test worker] DEBUG com.zaxxer.hikari.pool.PoolBase - HikariPool-5 - Reset (autoCommit, isolation) on connection conn45: url=jdbc:h2:mem:node_4_net_312362915497919618_persistence user=SA
17:43:55.575 [Test worker] INFO net.corda.node.services.network.PersistentNetworkMapCache - Adding node with info: NodeInfo(addresses=[mock.node:1000], legalIdentitiesAndCerts=[O=Notary Service, L=Zurich, C=CH], platformVersion=4, serial=1571046217798)
17:43:55.577 [Test worker] DEBUG com.zaxxer.hikari.pool.PoolBase - HikariPool-5 - Reset (autoCommit, isolation) on connection conn45: url=jdbc:h2:mem:node_4_net_312362915497919618_persistence user=SA
17:43:55.577 [Test worker] INFO net.corda.node.services.network.PersistentNetworkMapCache - No previous node found
17:43:55.579 [Test worker] DEBUG net.corda.node.services.identity.PersistentIdentityService - Registering identity O=Notary Service, L=Zurich, C=CH
17:43:55.584 [Test worker] DEBUG com.zaxxer.hikari.pool.PoolBase - HikariPool-5 - Reset (autoCommit, isolation) on connection conn45: url=jdbc:h2:mem:node_4_net_312362915497919618_persistence user=SA
17:43:55.588 [pool-35-thread-1] DEBUG com.zaxxer.hikari.pool.PoolBase - HikariPool-5 - Reset (autoCommit, isolation) on connection conn46: url=jdbc:h2:mem:node_4_net_312362915497919618_persistence user=SA
17:43:55.593 [Test worker] DEBUG com.zaxxer.hikari.pool.PoolBase - HikariPool-5 - Reset (autoCommit, isolation) on connection conn45: url=jdbc:h2:mem:node_4_net_312362915497919618_persistence user=SA
17:43:55.593 [Test worker] DEBUG net.corda.node.services.network.PersistentNetworkMapCache - Done adding node with info: NodeInfo(addresses=[mock.node:1000], legalIdentitiesAndCerts=[O=Notary Service, L=Zurich, C=CH], platformVersion=4, serial=1571046217798)
17:43:55.593 [Test worker] INFO net.corda.node.services.network.PersistentNetworkMapCache - Adding node with info: NodeInfo(addresses=[mock.node:1000], legalIdentitiesAndCerts=[O=Observery, L=New York, C=US], platformVersion=4, serial=1571046235128)
17:43:55.595 [Test worker] DEBUG com.zaxxer.hikari.pool.PoolBase - HikariPool-1 - Reset (autoCommit, isolation) on connection conn2: url=jdbc:h2:mem:node_0_net_312362915497919618_persistence user=SA
17:43:55.595 [Test worker] INFO net.corda.node.services.network.PersistentNetworkMapCache - No previous node found
17:43:55.598 [Test worker] DEBUG net.corda.node.services.identity.PersistentIdentityService - Registering identity O=Observery, L=New York, C=US
17:43:55.602 [Test worker] DEBUG com.zaxxer.hikari.pool.PoolBase - HikariPool-1 - Reset (autoCommit, isolation) on connection conn2: url=jdbc:h2:mem:node_0_net_312362915497919618_persistence user=SA
17:43:55.614 [Test worker] DEBUG com.zaxxer.hikari.pool.PoolBase - HikariPool-1 - Reset (autoCommit, isolation) on connection conn2: url=jdbc:h2:mem:node_0_net_312362915497919618_persistence user=SA
17:43:55.614 [Test worker] DEBUG net.corda.node.services.network.PersistentNetworkMapCache - Done adding node with info: NodeInfo(addresses=[mock.node:1000], legalIdentitiesAndCerts=[O=Observery, L=New York, C=US], platformVersion=4, serial=1571046235128)
17:43:55.615 [Test worker] INFO net.corda.node.services.network.PersistentNetworkMapCache - Adding node with info: NodeInfo(addresses=[mock.node:1000], legalIdentitiesAndCerts=[O=Client1, L=New York, C=US], platformVersion=4, serial=1571046223387)
17:43:55.617 [Test worker] DEBUG com.zaxxer.hikari.pool.PoolBase - HikariPool-5 - Reset (autoCommit, isolation) on connection conn45: url=jdbc:h2:mem:node_4_net_312362915497919618_persistence user=SA
17:43:55.617 [Test worker] INFO net.corda.node.services.network.PersistentNetworkMapCache - No previous node found
17:43:55.619 [Test worker] DEBUG net.corda.node.services.identity.PersistentIdentityService - Registering identity O=Client1, L=New York, C=US
17:43:55.623 [Test worker] DEBUG com.zaxxer.hikari.pool.PoolBase - HikariPool-5 - Reset (autoCommit, isolation) on connection conn45: url=jdbc:h2:mem:node_4_net_312362915497919618_persistence user=SA
17:43:55.633 [Test worker] DEBUG com.zaxxer.hikari.pool.PoolBase - HikariPool-5 - Reset (autoCommit, isolation) on connection conn45: url=jdbc:h2:mem:node_4_net_312362915497919618_persistence user=SA
17:43:55.634 [Test worker] DEBUG net.corda.node.services.network.PersistentNetworkMapCache - Done adding node with info: NodeInfo(addresses=[mock.node:1000], legalIdentitiesAndCerts=[O=Client1, L=New York, C=US], platformVersion=4, serial=1571046223387)
17:43:55.634 [Test worker] INFO net.corda.node.services.network.PersistentNetworkMapCache - Adding node with info: NodeInfo(addresses=[mock.node:1000], legalIdentitiesAndCerts=[O=Observery, L=New York, C=US], platformVersion=4, serial=1571046235128)
17:43:55.636 [Test worker] DEBUG com.zaxxer.hikari.pool.PoolBase - HikariPool-2 - Reset (autoCommit, isolation) on connection conn13: url=jdbc:h2:mem:node_1_net_312362915497919618_persistence user=SA
17:43:55.636 [Test worker] INFO net.corda.node.services.network.PersistentNetworkMapCache - No previous node found
17:43:55.639 [Test worker] DEBUG net.corda.node.services.identity.PersistentIdentityService - Registering identity O=Observery, L=New York, C=US
17:43:55.643 [Test worker] DEBUG com.zaxxer.hikari.pool.PoolBase - HikariPool-2 - Reset (autoCommit, isolation) on connection conn13: url=jdbc:h2:mem:node_1_net_312362915497919618_persistence user=SA
17:43:55.657 [Test worker] DEBUG com.zaxxer.hikari.pool.PoolBase - HikariPool-2 - Reset (autoCommit, isolation) on connection conn13: url=jdbc:h2:mem:node_1_net_312362915497919618_persistence user=SA
17:43:55.657 [Test worker] DEBUG net.corda.node.services.network.PersistentNetworkMapCache - Done adding node with info: NodeInfo(addresses=[mock.node:1000], legalIdentitiesAndCerts=[O=Observery, L=New York, C=US], platformVersion=4, serial=1571046235128)
17:43:55.657 [Test worker] INFO net.corda.node.services.network.PersistentNetworkMapCache - Adding node with info: NodeInfo(addresses=[mock.node:1000], legalIdentitiesAndCerts=[O=Broker1, L=New York, C=US], platformVersion=4, serial=1571046227292)
17:43:55.659 [Test worker] DEBUG com.zaxxer.hikari.pool.PoolBase - HikariPool-5 - Reset (autoCommit, isolation) on connection conn45: url=jdbc:h2:mem:node_4_net_312362915497919618_persistence user=SA
17:43:55.659 [Test worker] INFO net.corda.node.services.network.PersistentNetworkMapCache - No previous node found
17:43:55.661 [Test worker] DEBUG net.corda.node.services.identity.PersistentIdentityService - Registering identity O=Broker1, L=New York, C=US
17:43:55.665 [Test worker] DEBUG com.zaxxer.hikari.pool.PoolBase - HikariPool-5 - Reset (autoCommit, isolation) on connection conn45: url=jdbc:h2:mem:node_4_net_312362915497919618_persistence user=SA
17:43:55.673 [Test worker] DEBUG com.zaxxer.hikari.pool.PoolBase - HikariPool-5 - Reset (autoCommit, isolation) on connection conn45: url=jdbc:h2:mem:node_4_net_312362915497919618_persistence user=SA
17:43:55.673 [Test worker] DEBUG net.corda.node.services.network.PersistentNetworkMapCache - Done adding node with info: NodeInfo(addresses=[mock.node:1000], legalIdentitiesAndCerts=[O=Broker1, L=New York, C=US], platformVersion=4, serial=1571046227292)
17:43:55.673 [Test worker] INFO net.corda.node.services.network.PersistentNetworkMapCache - Adding node with info: NodeInfo(addresses=[mock.node:1000], legalIdentitiesAndCerts=[O=Observery, L=New York, C=US], platformVersion=4, serial=1571046235128)
17:43:55.675 [Test worker] DEBUG com.zaxxer.hikari.pool.PoolBase - HikariPool-3 - Reset (autoCommit, isolation) on connection conn24: url=jdbc:h2:mem:node_2_net_312362915497919618_persistence user=SA
17:43:55.676 [Test worker] INFO net.corda.node.services.network.PersistentNetworkMapCache - No previous node found
17:43:55.677 [Test worker] DEBUG net.corda.node.services.identity.PersistentIdentityService - Registering identity O=Observery, L=New York, C=US
17:43:55.681 [Test worker] DEBUG com.zaxxer.hikari.pool.PoolBase - HikariPool-3 - Reset (autoCommit, isolation) on connection conn24: url=jdbc:h2:mem:node_2_net_312362915497919618_persistence user=SA
17:43:55.701 [Test worker] DEBUG com.zaxxer.hikari.pool.PoolBase - HikariPool-3 - Reset (autoCommit, isolation) on connection conn24: url=jdbc:h2:mem:node_2_net_312362915497919618_persistence user=SA
17:43:55.701 [Test worker] DEBUG net.corda.node.services.network.PersistentNetworkMapCache - Done adding node with info: NodeInfo(addresses=[mock.node:1000], legalIdentitiesAndCerts=[O=Observery, L=New York, C=US], platformVersion=4, serial=1571046235128)
17:43:55.701 [Test worker] INFO net.corda.node.services.network.PersistentNetworkMapCache - Adding node with info: NodeInfo(addresses=[mock.node:1000], legalIdentitiesAndCerts=[O=Broker2, L=New York, C=US], platformVersion=4, serial=1571046231162)
17:43:55.704 [Test worker] DEBUG com.zaxxer.hikari.pool.PoolBase - HikariPool-5 - Reset (autoCommit, isolation) on connection conn45: url=jdbc:h2:mem:node_4_net_312362915497919618_persistence user=SA
17:43:55.704 [Test worker] INFO net.corda.node.services.network.PersistentNetworkMapCache - No previous node found
17:43:55.707 [Test worker] DEBUG net.corda.node.services.identity.PersistentIdentityService - Registering identity O=Broker2, L=New York, C=US
17:43:55.712 [Test worker] DEBUG com.zaxxer.hikari.pool.PoolBase - HikariPool-5 - Reset (autoCommit, isolation) on connection conn45: url=jdbc:h2:mem:node_4_net_312362915497919618_persistence user=SA
17:43:55.721 [Test worker] DEBUG com.zaxxer.hikari.pool.PoolBase - HikariPool-5 - Reset (autoCommit, isolation) on connection conn45: url=jdbc:h2:mem:node_4_net_312362915497919618_persistence user=SA
17:43:55.721 [Test worker] DEBUG net.corda.node.services.network.PersistentNetworkMapCache - Done adding node with info: NodeInfo(addresses=[mock.node:1000], legalIdentitiesAndCerts=[O=Broker2, L=New York, C=US], platformVersion=4, serial=1571046231162)
17:43:55.721 [Test worker] INFO net.corda.node.services.network.PersistentNetworkMapCache - Adding node with info: NodeInfo(addresses=[mock.node:1000], legalIdentitiesAndCerts=[O=Observery, L=New York, C=US], platformVersion=4, serial=1571046235128)
17:43:55.724 [Test worker] DEBUG com.zaxxer.hikari.pool.PoolBase - HikariPool-4 - Reset (autoCommit, isolation) on connection conn34: url=jdbc:h2:mem:node_3_net_312362915497919618_persistence user=SA
17:43:55.724 [Test worker] INFO net.corda.node.services.network.PersistentNetworkMapCache - No previous node found
17:43:55.726 [Test worker] DEBUG net.corda.node.services.identity.PersistentIdentityService - Registering identity O=Observery, L=New York, C=US
17:43:55.730 [Test worker] DEBUG com.zaxxer.hikari.pool.PoolBase - HikariPool-4 - Reset (autoCommit, isolation) on connection conn34: url=jdbc:h2:mem:node_3_net_312362915497919618_persistence user=SA
17:43:55.751 [Test worker] DEBUG com.zaxxer.hikari.pool.PoolBase - HikariPool-4 - Reset (autoCommit, isolation) on connection conn34: url=jdbc:h2:mem:node_3_net_312362915497919618_persistence user=SA
17:43:55.751 [Test worker] DEBUG net.corda.node.services.network.PersistentNetworkMapCache - Done adding node with info: NodeInfo(addresses=[mock.node:1000], legalIdentitiesAndCerts=[O=Observery, L=New York, C=US], platformVersion=4, serial=1571046235128)
17:43:55.751 [Test worker] INFO net.corda.node.services.network.PersistentNetworkMapCache - Adding node with info: NodeInfo(addresses=[mock.node:1000], legalIdentitiesAndCerts=[O=Observery, L=New York, C=US], platformVersion=4, serial=1571046235128)
17:43:55.751 [Test worker] INFO net.corda.node.services.network.PersistentNetworkMapCache - Previous node was identical to incoming one - doing nothing
17:43:55.751 [Test worker] DEBUG net.corda.node.services.network.PersistentNetworkMapCache - Done adding node with info: NodeInfo(addresses=[mock.node:1000], legalIdentitiesAndCerts=[O=Observery, L=New York, C=US], platformVersion=4, serial=1571046235128)
17:43:55.751 [Test worker] INFO net.corda.node.services.network.PersistentNetworkMapCache - Adding node with info: NodeInfo(addresses=[mock.node:1000], legalIdentitiesAndCerts=[O=Observery, L=New York, C=US], platformVersion=4, serial=1571046235128)
17:43:55.751 [Test worker] INFO net.corda.node.services.network.PersistentNetworkMapCache - Previous node was identical to incoming one - doing nothing
17:43:55.751 [Test worker] DEBUG net.corda.node.services.network.PersistentNetworkMapCache - Done adding node with info: NodeInfo(addresses=[mock.node:1000], legalIdentitiesAndCerts=[O=Observery, L=New York, C=US], platformVersion=4, serial=1571046235128)
17:43:55.766 [Test worker] INFO net.corda.node.internal.cordapp.JarScanningCordappLoader - Looking for CorDapps in [build\mock-network\20191014-094255.202\nodes\5\cordapps]
17:43:55.766 [Test worker] INFO net.corda.node.internal.cordapp.JarScanningCordappLoader - Loading CorDapps from RestrictedURL(url=file:/D:/Arvinth/BlockChain/DerivHack-2019/GIT/cdm-corda/cdm-support/build/mock-network/20191014-094255.202/nodes/5/cordapps/custom-cordapp_1_4_74971b5d-bcd5-4e00-bbd1-defbabc3845c.jar, rootPackageName=null), RestrictedURL(url=file:/D:/Arvinth/BlockChain/DerivHack-2019/GIT/cdm-corda/cdm-support/build/mock-network/20191014-094255.202/nodes/5/cordapps/custom-cordapp_1_4_7c525df2-1a28-4e99-b6db-03a3164f308d.jar, rootPackageName=null)
17:43:55.766 [Test worker] INFO net.corda.node.internal.cordapp.JarScanningCordappLoader - Scanning CorDapp in file:/D:/Arvinth/BlockChain/DerivHack-2019/GIT/cdm-corda/cdm-support/build/mock-network/20191014-094255.202/nodes/5/cordapps/custom-cordapp_1_4_74971b5d-bcd5-4e00-bbd1-defbabc3845c.jar
17:43:55.938 [Test worker] INFO net.corda.node.internal.cordapp.JarScanningCordappLoader - Scanning CorDapp in file:/D:/Arvinth/BlockChain/DerivHack-2019/GIT/cdm-corda/cdm-support/build/mock-network/20191014-094255.202/nodes/5/cordapps/custom-cordapp_1_4_7c525df2-1a28-4e99-b6db-03a3164f308d.jar
17:43:56.209 [MockNode-4-2] DEBUG net.corda.node.services.network.NodeInfoWatcher - Read 0 NodeInfo files from build\mock-network\20191014-094255.202\nodes\3\additional-node-infos
17:43:56.209 [MockNode-4-2] DEBUG net.corda.node.services.network.NodeInfoWatcher - Number of removed NodeInfo files 0
17:43:56.290 [Test worker] DEBUG net.corda.node.services.persistence.NodePropertiesPersistentStore - Node's flow execution mode property key: NABOB_flowsExecutionMode
17:43:56.295 [Test worker] INFO net.corda.testing.node.internal.InternalMockNetwork$MockNode - Node starting up ...
17:43:56.374 [Test worker] DEBUG net.corda.node.internal.NodeFlowManager - Installed core flow net.corda.core.flows.FinalityFlow
17:43:56.374 [Test worker] DEBUG net.corda.node.internal.NodeFlowManager - Installed core flow net.corda.core.flows.NotaryChangeFlow
17:43:56.374 [Test worker] DEBUG net.corda.node.internal.NodeFlowManager - Installed core flow net.corda.core.flows.ContractUpgradeFlow$Initiate
17:43:56.374 [Test worker] DEBUG net.corda.node.internal.NodeFlowManager - Installed core flow net.corda.confidential.SwapIdentitiesFlow
17:43:56.374 [Test worker] INFO net.corda.node.internal.NodeFlowManager - Registered com.derivhack.AffirmationFlow to initiate com.derivhack.AffirmationFlowInitiated (version 1)
17:43:56.374 [Test worker] INFO net.corda.node.internal.NodeFlowManager - Registered com.derivhack.AllocationFlow to initiate com.derivhack.AllocationFlowInitiated (version 1)
17:43:56.374 [Test worker] INFO net.corda.node.internal.NodeFlowManager - Registered com.derivhack.ConfirmationFlowGJ to initiate com.derivhack.ConfirmationFlowInitiated (version 1)
17:43:56.374 [Test worker] INFO net.corda.node.internal.NodeFlowManager - Registered com.derivhack.ConfirmationFlow to initiate com.derivhack.ConfirmationFlowResponse (version 1)
17:43:56.374 [Test worker] INFO net.corda.node.internal.NodeFlowManager - Registered com.derivhack.ExecutionFlow to initiate com.derivhack.ExecutionFlowInitiated (version 1)
17:43:56.374 [Test worker] INFO net.corda.node.internal.NodeFlowManager - Registered com.derivhack.ObserveryFlow to initiate com.derivhack.ReceiveObservableFlow (version 1)
17:43:56.374 [Test worker] INFO net.corda.node.internal.NodeFlowManager - Registered com.derivhack.SettlementFlow to initiate com.derivhack.SettlementFlowResponse (version 1)
17:43:56.374 [Test worker] INFO net.corda.node.internal.NodeFlowManager - Registered com.derivhack.TransferFlow to initiate com.derivhack.TransferResponder (version 1)
17:43:56.374 [Test worker] INFO net.corda.node.internal.NodeFlowManager - Registered net.corda.cdmsupport.testflow.TestAffirmationFlow to initiate net.corda.cdmsupport.testflow.AffirmationFlowResponder (version 1)
17:43:56.374 [Test worker] INFO net.corda.node.internal.NodeFlowManager - Registered net.corda.cdmsupport.testflow.TestObservableFlow to initiate net.corda.cdmsupport.testflow.ReceiveObservableFlow (version 1)
17:43:56.374 [Test worker] INFO net.corda.node.internal.NodeFlowManager - Registered net.corda.cdmsupport.testflow.TestFlowInitiating to initiate net.corda.cdmsupport.testflow.TestFlowInitiated (version 1)
17:43:56.389 [Test worker] INFO net.corda.testing.node.internal.InternalMockNetwork$MockNode - Loaded network parameters: NetworkParameters {
      minimumPlatformVersion=4
      notaries=[NotaryInfo(identity=O=Notary Service, L=Zurich, C=CH, validating=true)]
      maxMessageSize=10485760
      maxTransactionSize=524288000
      whitelistedContractImplementations {
        
      }
      eventHorizon=PT720H
      packageOwnership {
        
      }
      modifiedTime=2019-10-14T09:42:54.452Z
      epoch=1
  }
17:43:56.389 [Test worker] DEBUG com.zaxxer.hikari.HikariConfig - HikariPool-6 - configuration:
17:43:56.389 [Test worker] DEBUG com.zaxxer.hikari.HikariConfig - allowPoolSuspension.............false
17:43:56.389 [Test worker] DEBUG com.zaxxer.hikari.HikariConfig - autoCommit......................true
17:43:56.389 [Test worker] DEBUG com.zaxxer.hikari.HikariConfig - catalog.........................null
17:43:56.389 [Test worker] DEBUG com.zaxxer.hikari.HikariConfig - connectionInitSql...............null
17:43:56.389 [Test worker] DEBUG com.zaxxer.hikari.HikariConfig - connectionTestQuery.............null
17:43:56.389 [Test worker] DEBUG com.zaxxer.hikari.HikariConfig - connectionTimeout...............30000
17:43:56.389 [Test worker] DEBUG com.zaxxer.hikari.HikariConfig - dataSource......................null
17:43:56.389 [Test worker] DEBUG com.zaxxer.hikari.HikariConfig - dataSourceClassName............."org.h2.jdbcx.JdbcDataSource"
17:43:56.389 [Test worker] DEBUG com.zaxxer.hikari.HikariConfig - dataSourceJNDI..................null
17:43:56.389 [Test worker] DEBUG com.zaxxer.hikari.HikariConfig - dataSourceProperties............{user=sa, url=jdbc:h2:mem:node_5_net_312362915497919618_persistence;LOCK_TIMEOUT=10000;DB_CLOSE_ON_EXIT=FALSE, password=<masked>}
17:43:56.389 [Test worker] DEBUG com.zaxxer.hikari.HikariConfig - driverClassName.................null
17:43:56.389 [Test worker] DEBUG com.zaxxer.hikari.HikariConfig - healthCheckProperties...........{}
17:43:56.389 [Test worker] DEBUG com.zaxxer.hikari.HikariConfig - healthCheckRegistry.............null
17:43:56.389 [Test worker] DEBUG com.zaxxer.hikari.HikariConfig - idleTimeout.....................600000
17:43:56.389 [Test worker] DEBUG com.zaxxer.hikari.HikariConfig - initializationFailFast..........true
17:43:56.389 [Test worker] DEBUG com.zaxxer.hikari.HikariConfig - isolateInternalQueries..........false
17:43:56.389 [Test worker] DEBUG com.zaxxer.hikari.HikariConfig - jdbc4ConnectionTest.............false
17:43:56.389 [Test worker] DEBUG com.zaxxer.hikari.HikariConfig - jdbcUrl.........................null
17:43:56.389 [Test worker] DEBUG com.zaxxer.hikari.HikariConfig - leakDetectionThreshold..........0
17:43:56.389 [Test worker] DEBUG com.zaxxer.hikari.HikariConfig - maxLifetime.....................1800000
17:43:56.389 [Test worker] DEBUG com.zaxxer.hikari.HikariConfig - maximumPoolSize.................10
17:43:56.389 [Test worker] DEBUG com.zaxxer.hikari.HikariConfig - metricRegistry..................null
17:43:56.389 [Test worker] DEBUG com.zaxxer.hikari.HikariConfig - metricsTrackerFactory...........null
17:43:56.389 [Test worker] DEBUG com.zaxxer.hikari.HikariConfig - minimumIdle.....................10
17:43:56.389 [Test worker] DEBUG com.zaxxer.hikari.HikariConfig - password........................<masked>
17:43:56.389 [Test worker] DEBUG com.zaxxer.hikari.HikariConfig - poolName........................"HikariPool-6"
17:43:56.389 [Test worker] DEBUG com.zaxxer.hikari.HikariConfig - readOnly........................false
17:43:56.389 [Test worker] DEBUG com.zaxxer.hikari.HikariConfig - registerMbeans..................false
17:43:56.389 [Test worker] DEBUG com.zaxxer.hikari.HikariConfig - scheduledExecutorService........null
17:43:56.389 [Test worker] DEBUG com.zaxxer.hikari.HikariConfig - threadFactory...................null
17:43:56.389 [Test worker] DEBUG com.zaxxer.hikari.HikariConfig - transactionIsolation............null
17:43:56.389 [Test worker] DEBUG com.zaxxer.hikari.HikariConfig - username........................null
17:43:56.389 [Test worker] DEBUG com.zaxxer.hikari.HikariConfig - validationTimeout...............5000
17:43:56.389 [Test worker] INFO com.zaxxer.hikari.HikariDataSource - HikariPool-6 - Started.
17:43:56.406 [HikariPool-6 connection adder] DEBUG com.zaxxer.hikari.pool.HikariPool - HikariPool-6 - Added connection conn56: url=jdbc:h2:mem:node_5_net_312362915497919618_persistence user=SA
17:43:56.417 [Test worker] DEBUG liquibase - Connected to SA@jdbc:h2:mem:node_5_net_312362915497919618_persistence
17:43:56.417 [Test worker] DEBUG liquibase - Setting auto commit to false from true
17:43:56.421 [Test worker] DEBUG liquibase - Opening jar:file:/C:/Users/user/.gradle/caches/modules-2/files-2.1/net.corda/corda-node/4.1/45583a2ad1dc5cdd2b90b4ff6d3bfe980bbba0cc/corda-node-4.1.jar!/migration/common.changelog-master.xml as migration/common.changelog-master.xml
17:43:56.424 [Test worker] DEBUG liquibase - Resolving XML entity name='null', publicId='null', baseURI='null', systemId='http://www.liquibase.org/xml/ns/dbchangelog/dbchangelog-3.5.xsd'
17:43:56.424 [Test worker] DEBUG LiquibaseSchemaResolver - Found namespace details class liquibase.parser.core.xml.StandardNamespaceDetails for http://www.liquibase.org/xml/ns/dbchangelog/dbchangelog-3.5.xsd
17:43:56.424 [Test worker] DEBUG LiquibaseSchemaResolver - Local path for http://www.liquibase.org/xml/ns/dbchangelog/dbchangelog-3.5.xsd is liquibase/parser/core/xml/dbchangelog-3.5.xsd
17:43:56.424 [Test worker] DEBUG liquibase - Opening jar:file:/C:/Users/user/.gradle/caches/modules-2/files-2.1/org.liquibase/liquibase-core/3.5.5/c65051f327382018bd09c30380f25eac96f210da/liquibase-core-3.5.5.jar!/liquibase/parser/core/xml/dbchangelog-3.5.xsd as liquibase/parser/core/xml/dbchangelog-3.5.xsd
17:43:56.425 [Test worker] DEBUG LiquibaseSchemaResolver - Successfully loaded XSD from liquibase/parser/core/xml/dbchangelog-3.5.xsd
17:43:56.432 [Test worker] DEBUG liquibase - Opening jar:file:/C:/Users/user/.gradle/caches/modules-2/files-2.1/net.corda/corda-node/4.1/45583a2ad1dc5cdd2b90b4ff6d3bfe980bbba0cc/corda-node-4.1.jar!/migration/common.changelog-init.xml as migration/common.changelog-init.xml
17:43:56.434 [Test worker] DEBUG liquibase - Resolving XML entity name='null', publicId='null', baseURI='null', systemId='http://www.liquibase.org/xml/ns/dbchangelog/dbchangelog-3.5.xsd'
17:43:56.434 [Test worker] DEBUG LiquibaseSchemaResolver - Found namespace details class liquibase.parser.core.xml.StandardNamespaceDetails for http://www.liquibase.org/xml/ns/dbchangelog/dbchangelog-3.5.xsd
17:43:56.434 [Test worker] DEBUG LiquibaseSchemaResolver - Local path for http://www.liquibase.org/xml/ns/dbchangelog/dbchangelog-3.5.xsd is liquibase/parser/core/xml/dbchangelog-3.5.xsd
17:43:56.435 [Test worker] DEBUG liquibase - Opening jar:file:/C:/Users/user/.gradle/caches/modules-2/files-2.1/org.liquibase/liquibase-core/3.5.5/c65051f327382018bd09c30380f25eac96f210da/liquibase-core-3.5.5.jar!/liquibase/parser/core/xml/dbchangelog-3.5.xsd as liquibase/parser/core/xml/dbchangelog-3.5.xsd
17:43:56.435 [Test worker] DEBUG LiquibaseSchemaResolver - Successfully loaded XSD from liquibase/parser/core/xml/dbchangelog-3.5.xsd
17:43:56.444 [Test worker] DEBUG liquibase - Opening jar:file:/C:/Users/user/.gradle/caches/modules-2/files-2.1/net.corda/corda-node/4.1/45583a2ad1dc5cdd2b90b4ff6d3bfe980bbba0cc/corda-node-4.1.jar!/migration/vault-schema.changelog-master.xml as migration/vault-schema.changelog-master.xml
17:43:56.446 [Test worker] DEBUG liquibase - Resolving XML entity name='null', publicId='null', baseURI='null', systemId='http://www.liquibase.org/xml/ns/dbchangelog/dbchangelog-3.5.xsd'
17:43:56.446 [Test worker] DEBUG LiquibaseSchemaResolver - Found namespace details class liquibase.parser.core.xml.StandardNamespaceDetails for http://www.liquibase.org/xml/ns/dbchangelog/dbchangelog-3.5.xsd
17:43:56.446 [Test worker] DEBUG LiquibaseSchemaResolver - Local path for http://www.liquibase.org/xml/ns/dbchangelog/dbchangelog-3.5.xsd is liquibase/parser/core/xml/dbchangelog-3.5.xsd
17:43:56.447 [Test worker] DEBUG liquibase - Opening jar:file:/C:/Users/user/.gradle/caches/modules-2/files-2.1/org.liquibase/liquibase-core/3.5.5/c65051f327382018bd09c30380f25eac96f210da/liquibase-core-3.5.5.jar!/liquibase/parser/core/xml/dbchangelog-3.5.xsd as liquibase/parser/core/xml/dbchangelog-3.5.xsd
17:43:56.448 [Test worker] DEBUG LiquibaseSchemaResolver - Successfully loaded XSD from liquibase/parser/core/xml/dbchangelog-3.5.xsd
17:43:56.455 [Test worker] DEBUG liquibase - Opening jar:file:/C:/Users/user/.gradle/caches/modules-2/files-2.1/net.corda/corda-node/4.1/45583a2ad1dc5cdd2b90b4ff6d3bfe980bbba0cc/corda-node-4.1.jar!/migration/vault-schema.changelog-init.xml as migration/vault-schema.changelog-init.xml
17:43:56.457 [Test worker] DEBUG liquibase - Resolving XML entity name='null', publicId='null', baseURI='null', systemId='http://www.liquibase.org/xml/ns/dbchangelog/dbchangelog-3.5.xsd'
17:43:56.458 [Test worker] DEBUG LiquibaseSchemaResolver - Found namespace details class liquibase.parser.core.xml.StandardNamespaceDetails for http://www.liquibase.org/xml/ns/dbchangelog/dbchangelog-3.5.xsd
17:43:56.458 [Test worker] DEBUG LiquibaseSchemaResolver - Local path for http://www.liquibase.org/xml/ns/dbchangelog/dbchangelog-3.5.xsd is liquibase/parser/core/xml/dbchangelog-3.5.xsd
17:43:56.458 [Test worker] DEBUG liquibase - Opening jar:file:/C:/Users/user/.gradle/caches/modules-2/files-2.1/org.liquibase/liquibase-core/3.5.5/c65051f327382018bd09c30380f25eac96f210da/liquibase-core-3.5.5.jar!/liquibase/parser/core/xml/dbchangelog-3.5.xsd as liquibase/parser/core/xml/dbchangelog-3.5.xsd
17:43:56.459 [Test worker] DEBUG LiquibaseSchemaResolver - Successfully loaded XSD from liquibase/parser/core/xml/dbchangelog-3.5.xsd
17:43:56.468 [Test worker] DEBUG liquibase - Opening jar:file:/C:/Users/user/.gradle/caches/modules-2/files-2.1/net.corda/corda-node/4.1/45583a2ad1dc5cdd2b90b4ff6d3bfe980bbba0cc/corda-node-4.1.jar!/migration/vault-schema.changelog-v3.xml as migration/vault-schema.changelog-v3.xml
17:43:56.472 [Test worker] DEBUG liquibase - Resolving XML entity name='null', publicId='null', baseURI='null', systemId='http://www.liquibase.org/xml/ns/dbchangelog/dbchangelog-3.5.xsd'
17:43:56.473 [Test worker] DEBUG LiquibaseSchemaResolver - Found namespace details class liquibase.parser.core.xml.StandardNamespaceDetails for http://www.liquibase.org/xml/ns/dbchangelog/dbchangelog-3.5.xsd
17:43:56.473 [Test worker] DEBUG LiquibaseSchemaResolver - Local path for http://www.liquibase.org/xml/ns/dbchangelog/dbchangelog-3.5.xsd is liquibase/parser/core/xml/dbchangelog-3.5.xsd
17:43:56.474 [Test worker] DEBUG liquibase - Opening jar:file:/C:/Users/user/.gradle/caches/modules-2/files-2.1/org.liquibase/liquibase-core/3.5.5/c65051f327382018bd09c30380f25eac96f210da/liquibase-core-3.5.5.jar!/liquibase/parser/core/xml/dbchangelog-3.5.xsd as liquibase/parser/core/xml/dbchangelog-3.5.xsd
17:43:56.475 [Test worker] DEBUG LiquibaseSchemaResolver - Successfully loaded XSD from liquibase/parser/core/xml/dbchangelog-3.5.xsd
17:43:56.483 [Test worker] DEBUG liquibase - Opening jar:file:/C:/Users/user/.gradle/caches/modules-2/files-2.1/net.corda/corda-node/4.1/45583a2ad1dc5cdd2b90b4ff6d3bfe980bbba0cc/corda-node-4.1.jar!/migration/vault-schema.changelog-v4.xml as migration/vault-schema.changelog-v4.xml
17:43:56.485 [Test worker] DEBUG liquibase - Resolving XML entity name='null', publicId='null', baseURI='null', systemId='http://www.liquibase.org/xml/ns/dbchangelog/dbchangelog-3.5.xsd'
17:43:56.485 [Test worker] DEBUG LiquibaseSchemaResolver - Found namespace details class liquibase.parser.core.xml.StandardNamespaceDetails for http://www.liquibase.org/xml/ns/dbchangelog/dbchangelog-3.5.xsd
17:43:56.485 [Test worker] DEBUG LiquibaseSchemaResolver - Local path for http://www.liquibase.org/xml/ns/dbchangelog/dbchangelog-3.5.xsd is liquibase/parser/core/xml/dbchangelog-3.5.xsd
17:43:56.485 [Test worker] DEBUG liquibase - Opening jar:file:/C:/Users/user/.gradle/caches/modules-2/files-2.1/org.liquibase/liquibase-core/3.5.5/c65051f327382018bd09c30380f25eac96f210da/liquibase-core-3.5.5.jar!/liquibase/parser/core/xml/dbchangelog-3.5.xsd as liquibase/parser/core/xml/dbchangelog-3.5.xsd
17:43:56.495 [Test worker] DEBUG LiquibaseSchemaResolver - Successfully loaded XSD from liquibase/parser/core/xml/dbchangelog-3.5.xsd
17:43:56.502 [HikariPool-6 housekeeper] DEBUG com.zaxxer.hikari.pool.HikariPool - HikariPool-6 - Pool stats (total=1, active=1, idle=0, waiting=0)
17:43:56.503 [HikariPool-6 connection adder] DEBUG com.zaxxer.hikari.pool.HikariPool - HikariPool-6 - Added connection conn57: url=jdbc:h2:mem:node_5_net_312362915497919618_persistence user=SA
17:43:56.503 [HikariPool-6 connection adder] DEBUG com.zaxxer.hikari.pool.HikariPool - HikariPool-6 - Added connection conn58: url=jdbc:h2:mem:node_5_net_312362915497919618_persistence user=SA
17:43:56.504 [HikariPool-6 connection adder] DEBUG com.zaxxer.hikari.pool.HikariPool - HikariPool-6 - Added connection conn59: url=jdbc:h2:mem:node_5_net_312362915497919618_persistence user=SA
17:43:56.505 [HikariPool-6 connection adder] DEBUG com.zaxxer.hikari.pool.HikariPool - HikariPool-6 - Added connection conn60: url=jdbc:h2:mem:node_5_net_312362915497919618_persistence user=SA
17:43:56.506 [HikariPool-6 connection adder] DEBUG com.zaxxer.hikari.pool.HikariPool - HikariPool-6 - Added connection conn61: url=jdbc:h2:mem:node_5_net_312362915497919618_persistence user=SA
17:43:56.507 [HikariPool-6 connection adder] DEBUG com.zaxxer.hikari.pool.HikariPool - HikariPool-6 - Added connection conn62: url=jdbc:h2:mem:node_5_net_312362915497919618_persistence user=SA
17:43:56.509 [HikariPool-6 connection adder] DEBUG com.zaxxer.hikari.pool.HikariPool - HikariPool-6 - Added connection conn63: url=jdbc:h2:mem:node_5_net_312362915497919618_persistence user=SA
17:43:56.510 [HikariPool-6 connection adder] DEBUG com.zaxxer.hikari.pool.HikariPool - HikariPool-6 - Added connection conn64: url=jdbc:h2:mem:node_5_net_312362915497919618_persistence user=SA
17:43:56.510 [HikariPool-6 connection adder] DEBUG com.zaxxer.hikari.pool.HikariPool - HikariPool-6 - Added connection conn65: url=jdbc:h2:mem:node_5_net_312362915497919618_persistence user=SA
17:43:56.511 [HikariPool-6 connection adder] DEBUG com.zaxxer.hikari.pool.HikariPool - HikariPool-6 - After adding stats (total=10, active=1, idle=9, waiting=0)
17:43:56.516 [Test worker] DEBUG liquibase - Opening jar:file:/C:/Users/user/.gradle/caches/modules-2/files-2.1/net.corda/corda-node/4.1/45583a2ad1dc5cdd2b90b4ff6d3bfe980bbba0cc/corda-node-4.1.jar!/migration/vault-schema.changelog-pkey.xml as migration/vault-schema.changelog-pkey.xml
17:43:56.520 [Test worker] DEBUG liquibase - Resolving XML entity name='null', publicId='null', baseURI='null', systemId='http://www.liquibase.org/xml/ns/dbchangelog/dbchangelog-3.5.xsd'
17:43:56.521 [Test worker] DEBUG LiquibaseSchemaResolver - Found namespace details class liquibase.parser.core.xml.StandardNamespaceDetails for http://www.liquibase.org/xml/ns/dbchangelog/dbchangelog-3.5.xsd
17:43:56.522 [Test worker] DEBUG LiquibaseSchemaResolver - Local path for http://www.liquibase.org/xml/ns/dbchangelog/dbchangelog-3.5.xsd is liquibase/parser/core/xml/dbchangelog-3.5.xsd
17:43:56.522 [Test worker] DEBUG liquibase - Opening jar:file:/C:/Users/user/.gradle/caches/modules-2/files-2.1/org.liquibase/liquibase-core/3.5.5/c65051f327382018bd09c30380f25eac96f210da/liquibase-core-3.5.5.jar!/liquibase/parser/core/xml/dbchangelog-3.5.xsd as liquibase/parser/core/xml/dbchangelog-3.5.xsd
17:43:56.523 [Test worker] DEBUG LiquibaseSchemaResolver - Successfully loaded XSD from liquibase/parser/core/xml/dbchangelog-3.5.xsd
17:43:56.535 [Test worker] DEBUG liquibase - Opening jar:file:/C:/Users/user/.gradle/caches/modules-2/files-2.1/net.corda/corda-node/4.1/45583a2ad1dc5cdd2b90b4ff6d3bfe980bbba0cc/corda-node-4.1.jar!/migration/vault-schema.changelog-v5.xml as migration/vault-schema.changelog-v5.xml
17:43:56.540 [Test worker] DEBUG liquibase - Resolving XML entity name='null', publicId='null', baseURI='null', systemId='http://www.liquibase.org/xml/ns/dbchangelog/dbchangelog-3.5.xsd'
17:43:56.541 [Test worker] DEBUG LiquibaseSchemaResolver - Found namespace details class liquibase.parser.core.xml.StandardNamespaceDetails for http://www.liquibase.org/xml/ns/dbchangelog/dbchangelog-3.5.xsd
17:43:56.542 [Test worker] DEBUG LiquibaseSchemaResolver - Local path for http://www.liquibase.org/xml/ns/dbchangelog/dbchangelog-3.5.xsd is liquibase/parser/core/xml/dbchangelog-3.5.xsd
17:43:56.543 [Test worker] DEBUG liquibase - Opening jar:file:/C:/Users/user/.gradle/caches/modules-2/files-2.1/org.liquibase/liquibase-core/3.5.5/c65051f327382018bd09c30380f25eac96f210da/liquibase-core-3.5.5.jar!/liquibase/parser/core/xml/dbchangelog-3.5.xsd as liquibase/parser/core/xml/dbchangelog-3.5.xsd
17:43:56.544 [Test worker] DEBUG LiquibaseSchemaResolver - Successfully loaded XSD from liquibase/parser/core/xml/dbchangelog-3.5.xsd
17:43:56.556 [Test worker] DEBUG liquibase - Opening jar:file:/C:/Users/user/.gradle/caches/modules-2/files-2.1/net.corda/corda-node/4.1/45583a2ad1dc5cdd2b90b4ff6d3bfe980bbba0cc/corda-node-4.1.jar!/migration/vault-schema.changelog-v6.xml as migration/vault-schema.changelog-v6.xml
17:43:56.559 [Test worker] DEBUG liquibase - Resolving XML entity name='null', publicId='null', baseURI='null', systemId='http://www.liquibase.org/xml/ns/dbchangelog/dbchangelog-3.5.xsd'
17:43:56.559 [Test worker] DEBUG LiquibaseSchemaResolver - Found namespace details class liquibase.parser.core.xml.StandardNamespaceDetails for http://www.liquibase.org/xml/ns/dbchangelog/dbchangelog-3.5.xsd
17:43:56.559 [Test worker] DEBUG LiquibaseSchemaResolver - Local path for http://www.liquibase.org/xml/ns/dbchangelog/dbchangelog-3.5.xsd is liquibase/parser/core/xml/dbchangelog-3.5.xsd
17:43:56.560 [Test worker] DEBUG liquibase - Opening jar:file:/C:/Users/user/.gradle/caches/modules-2/files-2.1/org.liquibase/liquibase-core/3.5.5/c65051f327382018bd09c30380f25eac96f210da/liquibase-core-3.5.5.jar!/liquibase/parser/core/xml/dbchangelog-3.5.xsd as liquibase/parser/core/xml/dbchangelog-3.5.xsd
17:43:56.560 [Test worker] DEBUG LiquibaseSchemaResolver - Successfully loaded XSD from liquibase/parser/core/xml/dbchangelog-3.5.xsd
17:43:56.570 [Test worker] DEBUG liquibase - Opening jar:file:/C:/Users/user/.gradle/caches/modules-2/files-2.1/net.corda/corda-node/4.1/45583a2ad1dc5cdd2b90b4ff6d3bfe980bbba0cc/corda-node-4.1.jar!/migration/vault-schema.changelog-v7.xml as migration/vault-schema.changelog-v7.xml
17:43:56.573 [Test worker] DEBUG liquibase - Resolving XML entity name='null', publicId='null', baseURI='null', systemId='http://www.liquibase.org/xml/ns/dbchangelog/dbchangelog-3.5.xsd'
17:43:56.573 [Test worker] DEBUG LiquibaseSchemaResolver - Found namespace details class liquibase.parser.core.xml.StandardNamespaceDetails for http://www.liquibase.org/xml/ns/dbchangelog/dbchangelog-3.5.xsd
17:43:56.573 [Test worker] DEBUG LiquibaseSchemaResolver - Local path for http://www.liquibase.org/xml/ns/dbchangelog/dbchangelog-3.5.xsd is liquibase/parser/core/xml/dbchangelog-3.5.xsd
17:43:56.574 [Test worker] DEBUG liquibase - Opening jar:file:/C:/Users/user/.gradle/caches/modules-2/files-2.1/org.liquibase/liquibase-core/3.5.5/c65051f327382018bd09c30380f25eac96f210da/liquibase-core-3.5.5.jar!/liquibase/parser/core/xml/dbchangelog-3.5.xsd as liquibase/parser/core/xml/dbchangelog-3.5.xsd
17:43:56.574 [Test worker] DEBUG LiquibaseSchemaResolver - Successfully loaded XSD from liquibase/parser/core/xml/dbchangelog-3.5.xsd
17:43:56.584 [Test worker] DEBUG liquibase - Opening jar:file:/C:/Users/user/.gradle/caches/modules-2/files-2.1/net.corda/corda-node/4.1/45583a2ad1dc5cdd2b90b4ff6d3bfe980bbba0cc/corda-node-4.1.jar!/migration/vault-schema.changelog-v8.xml as migration/vault-schema.changelog-v8.xml
17:43:56.590 [Test worker] DEBUG liquibase - Resolving XML entity name='null', publicId='null', baseURI='null', systemId='http://www.liquibase.org/xml/ns/dbchangelog/dbchangelog-3.5.xsd'
17:43:56.591 [Test worker] DEBUG LiquibaseSchemaResolver - Found namespace details class liquibase.parser.core.xml.StandardNamespaceDetails for http://www.liquibase.org/xml/ns/dbchangelog/dbchangelog-3.5.xsd
17:43:56.591 [Test worker] DEBUG LiquibaseSchemaResolver - Local path for http://www.liquibase.org/xml/ns/dbchangelog/dbchangelog-3.5.xsd is liquibase/parser/core/xml/dbchangelog-3.5.xsd
17:43:56.592 [Test worker] DEBUG liquibase - Opening jar:file:/C:/Users/user/.gradle/caches/modules-2/files-2.1/org.liquibase/liquibase-core/3.5.5/c65051f327382018bd09c30380f25eac96f210da/liquibase-core-3.5.5.jar!/liquibase/parser/core/xml/dbchangelog-3.5.xsd as liquibase/parser/core/xml/dbchangelog-3.5.xsd
17:43:56.594 [Test worker] DEBUG LiquibaseSchemaResolver - Successfully loaded XSD from liquibase/parser/core/xml/dbchangelog-3.5.xsd
17:43:56.601 [Test worker] DEBUG liquibase - Opening jar:file:/C:/Users/user/.gradle/caches/modules-2/files-2.1/net.corda/corda-node/4.1/45583a2ad1dc5cdd2b90b4ff6d3bfe980bbba0cc/corda-node-4.1.jar!/migration/node-info.changelog-master.xml as migration/node-info.changelog-master.xml
17:43:56.602 [Test worker] DEBUG liquibase - Resolving XML entity name='null', publicId='null', baseURI='null', systemId='http://www.liquibase.org/xml/ns/dbchangelog/dbchangelog-3.5.xsd'
17:43:56.602 [Test worker] DEBUG LiquibaseSchemaResolver - Found namespace details class liquibase.parser.core.xml.StandardNamespaceDetails for http://www.liquibase.org/xml/ns/dbchangelog/dbchangelog-3.5.xsd
17:43:56.602 [Test worker] DEBUG LiquibaseSchemaResolver - Local path for http://www.liquibase.org/xml/ns/dbchangelog/dbchangelog-3.5.xsd is liquibase/parser/core/xml/dbchangelog-3.5.xsd
17:43:56.603 [Test worker] DEBUG liquibase - Opening jar:file:/C:/Users/user/.gradle/caches/modules-2/files-2.1/org.liquibase/liquibase-core/3.5.5/c65051f327382018bd09c30380f25eac96f210da/liquibase-core-3.5.5.jar!/liquibase/parser/core/xml/dbchangelog-3.5.xsd as liquibase/parser/core/xml/dbchangelog-3.5.xsd
17:43:56.604 [Test worker] DEBUG LiquibaseSchemaResolver - Successfully loaded XSD from liquibase/parser/core/xml/dbchangelog-3.5.xsd
17:43:56.610 [Test worker] DEBUG liquibase - Opening jar:file:/C:/Users/user/.gradle/caches/modules-2/files-2.1/net.corda/corda-node/4.1/45583a2ad1dc5cdd2b90b4ff6d3bfe980bbba0cc/corda-node-4.1.jar!/migration/node-info.changelog-init.xml as migration/node-info.changelog-init.xml
17:43:56.612 [Test worker] DEBUG liquibase - Resolving XML entity name='null', publicId='null', baseURI='null', systemId='http://www.liquibase.org/xml/ns/dbchangelog/dbchangelog-3.5.xsd'
17:43:56.613 [Test worker] DEBUG LiquibaseSchemaResolver - Found namespace details class liquibase.parser.core.xml.StandardNamespaceDetails for http://www.liquibase.org/xml/ns/dbchangelog/dbchangelog-3.5.xsd
17:43:56.614 [Test worker] DEBUG LiquibaseSchemaResolver - Local path for http://www.liquibase.org/xml/ns/dbchangelog/dbchangelog-3.5.xsd is liquibase/parser/core/xml/dbchangelog-3.5.xsd
17:43:56.614 [Test worker] DEBUG liquibase - Opening jar:file:/C:/Users/user/.gradle/caches/modules-2/files-2.1/org.liquibase/liquibase-core/3.5.5/c65051f327382018bd09c30380f25eac96f210da/liquibase-core-3.5.5.jar!/liquibase/parser/core/xml/dbchangelog-3.5.xsd as liquibase/parser/core/xml/dbchangelog-3.5.xsd
17:43:56.615 [Test worker] DEBUG LiquibaseSchemaResolver - Successfully loaded XSD from liquibase/parser/core/xml/dbchangelog-3.5.xsd
17:43:56.625 [Test worker] DEBUG liquibase - Opening jar:file:/C:/Users/user/.gradle/caches/modules-2/files-2.1/net.corda/corda-node/4.1/45583a2ad1dc5cdd2b90b4ff6d3bfe980bbba0cc/corda-node-4.1.jar!/migration/node-info.changelog-v1.xml as migration/node-info.changelog-v1.xml
17:43:56.627 [Test worker] DEBUG liquibase - Resolving XML entity name='null', publicId='null', baseURI='null', systemId='http://www.liquibase.org/xml/ns/dbchangelog/dbchangelog-3.5.xsd'
17:43:56.627 [Test worker] DEBUG LiquibaseSchemaResolver - Found namespace details class liquibase.parser.core.xml.StandardNamespaceDetails for http://www.liquibase.org/xml/ns/dbchangelog/dbchangelog-3.5.xsd
17:43:56.627 [Test worker] DEBUG LiquibaseSchemaResolver - Local path for http://www.liquibase.org/xml/ns/dbchangelog/dbchangelog-3.5.xsd is liquibase/parser/core/xml/dbchangelog-3.5.xsd
17:43:56.628 [Test worker] DEBUG liquibase - Opening jar:file:/C:/Users/user/.gradle/caches/modules-2/files-2.1/org.liquibase/liquibase-core/3.5.5/c65051f327382018bd09c30380f25eac96f210da/liquibase-core-3.5.5.jar!/liquibase/parser/core/xml/dbchangelog-3.5.xsd as liquibase/parser/core/xml/dbchangelog-3.5.xsd
17:43:56.628 [Test worker] DEBUG LiquibaseSchemaResolver - Successfully loaded XSD from liquibase/parser/core/xml/dbchangelog-3.5.xsd
17:43:56.635 [Test worker] DEBUG liquibase - Opening jar:file:/C:/Users/user/.gradle/caches/modules-2/files-2.1/net.corda/corda-node/4.1/45583a2ad1dc5cdd2b90b4ff6d3bfe980bbba0cc/corda-node-4.1.jar!/migration/node-info.changelog-v2.xml as migration/node-info.changelog-v2.xml
17:43:56.638 [Test worker] DEBUG liquibase - Resolving XML entity name='null', publicId='null', baseURI='null', systemId='http://www.liquibase.org/xml/ns/dbchangelog/dbchangelog-3.5.xsd'
17:43:56.638 [Test worker] DEBUG LiquibaseSchemaResolver - Found namespace details class liquibase.parser.core.xml.StandardNamespaceDetails for http://www.liquibase.org/xml/ns/dbchangelog/dbchangelog-3.5.xsd
17:43:56.638 [Test worker] DEBUG LiquibaseSchemaResolver - Local path for http://www.liquibase.org/xml/ns/dbchangelog/dbchangelog-3.5.xsd is liquibase/parser/core/xml/dbchangelog-3.5.xsd
17:43:56.638 [Test worker] DEBUG liquibase - Opening jar:file:/C:/Users/user/.gradle/caches/modules-2/files-2.1/org.liquibase/liquibase-core/3.5.5/c65051f327382018bd09c30380f25eac96f210da/liquibase-core-3.5.5.jar!/liquibase/parser/core/xml/dbchangelog-3.5.xsd as liquibase/parser/core/xml/dbchangelog-3.5.xsd
17:43:56.639 [Test worker] DEBUG LiquibaseSchemaResolver - Successfully loaded XSD from liquibase/parser/core/xml/dbchangelog-3.5.xsd
17:43:56.646 [Test worker] DEBUG liquibase - Opening jar:file:/C:/Users/user/.gradle/caches/modules-2/files-2.1/net.corda/corda-node/4.1/45583a2ad1dc5cdd2b90b4ff6d3bfe980bbba0cc/corda-node-4.1.jar!/migration/node-info.changelog-v3.xml as migration/node-info.changelog-v3.xml
17:43:56.648 [Test worker] DEBUG liquibase - Resolving XML entity name='null', publicId='null', baseURI='null', systemId='http://www.liquibase.org/xml/ns/dbchangelog/dbchangelog-3.5.xsd'
17:43:56.648 [Test worker] DEBUG LiquibaseSchemaResolver - Found namespace details class liquibase.parser.core.xml.StandardNamespaceDetails for http://www.liquibase.org/xml/ns/dbchangelog/dbchangelog-3.5.xsd
17:43:56.648 [Test worker] DEBUG LiquibaseSchemaResolver - Local path for http://www.liquibase.org/xml/ns/dbchangelog/dbchangelog-3.5.xsd is liquibase/parser/core/xml/dbchangelog-3.5.xsd
17:43:56.649 [Test worker] DEBUG liquibase - Opening jar:file:/C:/Users/user/.gradle/caches/modules-2/files-2.1/org.liquibase/liquibase-core/3.5.5/c65051f327382018bd09c30380f25eac96f210da/liquibase-core-3.5.5.jar!/liquibase/parser/core/xml/dbchangelog-3.5.xsd as liquibase/parser/core/xml/dbchangelog-3.5.xsd
17:43:56.649 [Test worker] DEBUG LiquibaseSchemaResolver - Successfully loaded XSD from liquibase/parser/core/xml/dbchangelog-3.5.xsd
17:43:56.655 [Test worker] DEBUG liquibase - Opening jar:file:/C:/Users/user/.gradle/caches/modules-2/files-2.1/net.corda/corda-node/4.1/45583a2ad1dc5cdd2b90b4ff6d3bfe980bbba0cc/corda-node-4.1.jar!/migration/node-core.changelog-master.xml as migration/node-core.changelog-master.xml
17:43:56.658 [Test worker] DEBUG liquibase - Resolving XML entity name='null', publicId='null', baseURI='null', systemId='http://www.liquibase.org/xml/ns/dbchangelog/dbchangelog-3.5.xsd'
17:43:56.658 [Test worker] DEBUG LiquibaseSchemaResolver - Found namespace details class liquibase.parser.core.xml.StandardNamespaceDetails for http://www.liquibase.org/xml/ns/dbchangelog/dbchangelog-3.5.xsd
17:43:56.658 [Test worker] DEBUG LiquibaseSchemaResolver - Local path for http://www.liquibase.org/xml/ns/dbchangelog/dbchangelog-3.5.xsd is liquibase/parser/core/xml/dbchangelog-3.5.xsd
17:43:56.658 [Test worker] DEBUG liquibase - Opening jar:file:/C:/Users/user/.gradle/caches/modules-2/files-2.1/org.liquibase/liquibase-core/3.5.5/c65051f327382018bd09c30380f25eac96f210da/liquibase-core-3.5.5.jar!/liquibase/parser/core/xml/dbchangelog-3.5.xsd as liquibase/parser/core/xml/dbchangelog-3.5.xsd
17:43:56.659 [Test worker] DEBUG LiquibaseSchemaResolver - Successfully loaded XSD from liquibase/parser/core/xml/dbchangelog-3.5.xsd
17:43:56.665 [Test worker] DEBUG liquibase - Opening jar:file:/C:/Users/user/.gradle/caches/modules-2/files-2.1/net.corda/corda-node/4.1/45583a2ad1dc5cdd2b90b4ff6d3bfe980bbba0cc/corda-node-4.1.jar!/migration/node-core.changelog-init.xml as migration/node-core.changelog-init.xml
17:43:56.669 [Test worker] DEBUG liquibase - Resolving XML entity name='null', publicId='null', baseURI='null', systemId='http://www.liquibase.org/xml/ns/dbchangelog/dbchangelog-3.5.xsd'
17:43:56.670 [Test worker] DEBUG LiquibaseSchemaResolver - Found namespace details class liquibase.parser.core.xml.StandardNamespaceDetails for http://www.liquibase.org/xml/ns/dbchangelog/dbchangelog-3.5.xsd
17:43:56.671 [Test worker] DEBUG LiquibaseSchemaResolver - Local path for http://www.liquibase.org/xml/ns/dbchangelog/dbchangelog-3.5.xsd is liquibase/parser/core/xml/dbchangelog-3.5.xsd
17:43:56.671 [Test worker] DEBUG liquibase - Opening jar:file:/C:/Users/user/.gradle/caches/modules-2/files-2.1/org.liquibase/liquibase-core/3.5.5/c65051f327382018bd09c30380f25eac96f210da/liquibase-core-3.5.5.jar!/liquibase/parser/core/xml/dbchangelog-3.5.xsd as liquibase/parser/core/xml/dbchangelog-3.5.xsd
17:43:56.672 [Test worker] DEBUG LiquibaseSchemaResolver - Successfully loaded XSD from liquibase/parser/core/xml/dbchangelog-3.5.xsd
17:43:56.683 [Test worker] DEBUG liquibase - Opening jar:file:/C:/Users/user/.gradle/caches/modules-2/files-2.1/net.corda/corda-node/4.1/45583a2ad1dc5cdd2b90b4ff6d3bfe980bbba0cc/corda-node-4.1.jar!/migration/node-core.changelog-v3.xml as migration/node-core.changelog-v3.xml
17:43:56.685 [Test worker] DEBUG liquibase - Resolving XML entity name='null', publicId='null', baseURI='null', systemId='http://www.liquibase.org/xml/ns/dbchangelog/dbchangelog-3.5.xsd'
17:43:56.686 [Test worker] DEBUG LiquibaseSchemaResolver - Found namespace details class liquibase.parser.core.xml.StandardNamespaceDetails for http://www.liquibase.org/xml/ns/dbchangelog/dbchangelog-3.5.xsd
17:43:56.686 [Test worker] DEBUG LiquibaseSchemaResolver - Local path for http://www.liquibase.org/xml/ns/dbchangelog/dbchangelog-3.5.xsd is liquibase/parser/core/xml/dbchangelog-3.5.xsd
17:43:56.687 [Test worker] DEBUG liquibase - Opening jar:file:/C:/Users/user/.gradle/caches/modules-2/files-2.1/org.liquibase/liquibase-core/3.5.5/c65051f327382018bd09c30380f25eac96f210da/liquibase-core-3.5.5.jar!/liquibase/parser/core/xml/dbchangelog-3.5.xsd as liquibase/parser/core/xml/dbchangelog-3.5.xsd
17:43:56.693 [Test worker] DEBUG LiquibaseSchemaResolver - Successfully loaded XSD from liquibase/parser/core/xml/dbchangelog-3.5.xsd
17:43:56.709 [Test worker] DEBUG liquibase - Opening jar:file:/C:/Users/user/.gradle/caches/modules-2/files-2.1/net.corda/corda-node/4.1/45583a2ad1dc5cdd2b90b4ff6d3bfe980bbba0cc/corda-node-4.1.jar!/migration/node-core.changelog-v4.xml as migration/node-core.changelog-v4.xml
17:43:56.712 [Test worker] DEBUG liquibase - Resolving XML entity name='null', publicId='null', baseURI='null', systemId='http://www.liquibase.org/xml/ns/dbchangelog/dbchangelog-3.5.xsd'
17:43:56.713 [Test worker] DEBUG LiquibaseSchemaResolver - Found namespace details class liquibase.parser.core.xml.StandardNamespaceDetails for http://www.liquibase.org/xml/ns/dbchangelog/dbchangelog-3.5.xsd
17:43:56.714 [Test worker] DEBUG LiquibaseSchemaResolver - Local path for http://www.liquibase.org/xml/ns/dbchangelog/dbchangelog-3.5.xsd is liquibase/parser/core/xml/dbchangelog-3.5.xsd
17:43:56.715 [Test worker] DEBUG liquibase - Opening jar:file:/C:/Users/user/.gradle/caches/modules-2/files-2.1/org.liquibase/liquibase-core/3.5.5/c65051f327382018bd09c30380f25eac96f210da/liquibase-core-3.5.5.jar!/liquibase/parser/core/xml/dbchangelog-3.5.xsd as liquibase/parser/core/xml/dbchangelog-3.5.xsd
17:43:56.716 [Test worker] DEBUG LiquibaseSchemaResolver - Successfully loaded XSD from liquibase/parser/core/xml/dbchangelog-3.5.xsd
17:43:56.731 [Test worker] DEBUG liquibase - Opening jar:file:/C:/Users/user/.gradle/caches/modules-2/files-2.1/net.corda/corda-node/4.1/45583a2ad1dc5cdd2b90b4ff6d3bfe980bbba0cc/corda-node-4.1.jar!/migration/node-core.changelog-v5.xml as migration/node-core.changelog-v5.xml
17:43:56.735 [Test worker] DEBUG liquibase - Resolving XML entity name='null', publicId='null', baseURI='null', systemId='http://www.liquibase.org/xml/ns/dbchangelog/dbchangelog-3.5.xsd'
17:43:56.736 [Test worker] DEBUG LiquibaseSchemaResolver - Found namespace details class liquibase.parser.core.xml.StandardNamespaceDetails for http://www.liquibase.org/xml/ns/dbchangelog/dbchangelog-3.5.xsd
17:43:56.736 [Test worker] DEBUG LiquibaseSchemaResolver - Local path for http://www.liquibase.org/xml/ns/dbchangelog/dbchangelog-3.5.xsd is liquibase/parser/core/xml/dbchangelog-3.5.xsd
17:43:56.736 [Test worker] DEBUG liquibase - Opening jar:file:/C:/Users/user/.gradle/caches/modules-2/files-2.1/org.liquibase/liquibase-core/3.5.5/c65051f327382018bd09c30380f25eac96f210da/liquibase-core-3.5.5.jar!/liquibase/parser/core/xml/dbchangelog-3.5.xsd as liquibase/parser/core/xml/dbchangelog-3.5.xsd
17:43:56.738 [Test worker] DEBUG LiquibaseSchemaResolver - Successfully loaded XSD from liquibase/parser/core/xml/dbchangelog-3.5.xsd
17:43:56.747 [Test worker] DEBUG liquibase - Opening jar:file:/C:/Users/user/.gradle/caches/modules-2/files-2.1/net.corda/corda-node/4.1/45583a2ad1dc5cdd2b90b4ff6d3bfe980bbba0cc/corda-node-4.1.jar!/migration/node-core.changelog-pkey.xml as migration/node-core.changelog-pkey.xml
17:43:56.751 [Test worker] DEBUG liquibase - Resolving XML entity name='null', publicId='null', baseURI='null', systemId='http://www.liquibase.org/xml/ns/dbchangelog/dbchangelog-3.5.xsd'
17:43:56.752 [Test worker] DEBUG LiquibaseSchemaResolver - Found namespace details class liquibase.parser.core.xml.StandardNamespaceDetails for http://www.liquibase.org/xml/ns/dbchangelog/dbchangelog-3.5.xsd
17:43:56.753 [Test worker] DEBUG LiquibaseSchemaResolver - Local path for http://www.liquibase.org/xml/ns/dbchangelog/dbchangelog-3.5.xsd is liquibase/parser/core/xml/dbchangelog-3.5.xsd
17:43:56.753 [Test worker] DEBUG liquibase - Opening jar:file:/C:/Users/user/.gradle/caches/modules-2/files-2.1/org.liquibase/liquibase-core/3.5.5/c65051f327382018bd09c30380f25eac96f210da/liquibase-core-3.5.5.jar!/liquibase/parser/core/xml/dbchangelog-3.5.xsd as liquibase/parser/core/xml/dbchangelog-3.5.xsd
17:43:56.755 [Test worker] DEBUG LiquibaseSchemaResolver - Successfully loaded XSD from liquibase/parser/core/xml/dbchangelog-3.5.xsd
17:43:56.767 [Test worker] DEBUG liquibase - Opening jar:file:/C:/Users/user/.gradle/caches/modules-2/files-2.1/net.corda/corda-node/4.1/45583a2ad1dc5cdd2b90b4ff6d3bfe980bbba0cc/corda-node-4.1.jar!/migration/node-core.changelog-postgres-blob.xml as migration/node-core.changelog-postgres-blob.xml
17:43:56.771 [Test worker] DEBUG liquibase - Resolving XML entity name='null', publicId='null', baseURI='null', systemId='http://www.liquibase.org/xml/ns/dbchangelog/dbchangelog-3.5.xsd'
17:43:56.771 [Test worker] DEBUG LiquibaseSchemaResolver - Found namespace details class liquibase.parser.core.xml.StandardNamespaceDetails for http://www.liquibase.org/xml/ns/dbchangelog/dbchangelog-3.5.xsd
17:43:56.772 [Test worker] DEBUG LiquibaseSchemaResolver - Local path for http://www.liquibase.org/xml/ns/dbchangelog/dbchangelog-3.5.xsd is liquibase/parser/core/xml/dbchangelog-3.5.xsd
17:43:56.772 [Test worker] DEBUG liquibase - Opening jar:file:/C:/Users/user/.gradle/caches/modules-2/files-2.1/org.liquibase/liquibase-core/3.5.5/c65051f327382018bd09c30380f25eac96f210da/liquibase-core-3.5.5.jar!/liquibase/parser/core/xml/dbchangelog-3.5.xsd as liquibase/parser/core/xml/dbchangelog-3.5.xsd
17:43:56.773 [Test worker] DEBUG LiquibaseSchemaResolver - Successfully loaded XSD from liquibase/parser/core/xml/dbchangelog-3.5.xsd
17:43:56.785 [Test worker] DEBUG liquibase - Opening jar:file:/C:/Users/user/.gradle/caches/modules-2/files-2.1/net.corda/corda-node/4.1/45583a2ad1dc5cdd2b90b4ff6d3bfe980bbba0cc/corda-node-4.1.jar!/migration/node-core.changelog-v8.xml as migration/node-core.changelog-v8.xml
17:43:56.791 [Test worker] DEBUG liquibase - Resolving XML entity name='null', publicId='null', baseURI='null', systemId='http://www.liquibase.org/xml/ns/dbchangelog/dbchangelog-3.5.xsd'
17:43:56.791 [Test worker] DEBUG LiquibaseSchemaResolver - Found namespace details class liquibase.parser.core.xml.StandardNamespaceDetails for http://www.liquibase.org/xml/ns/dbchangelog/dbchangelog-3.5.xsd
17:43:56.791 [Test worker] DEBUG LiquibaseSchemaResolver - Local path for http://www.liquibase.org/xml/ns/dbchangelog/dbchangelog-3.5.xsd is liquibase/parser/core/xml/dbchangelog-3.5.xsd
17:43:56.792 [Test worker] DEBUG liquibase - Opening jar:file:/C:/Users/user/.gradle/caches/modules-2/files-2.1/org.liquibase/liquibase-core/3.5.5/c65051f327382018bd09c30380f25eac96f210da/liquibase-core-3.5.5.jar!/liquibase/parser/core/xml/dbchangelog-3.5.xsd as liquibase/parser/core/xml/dbchangelog-3.5.xsd
17:43:56.792 [Test worker] DEBUG LiquibaseSchemaResolver - Successfully loaded XSD from liquibase/parser/core/xml/dbchangelog-3.5.xsd
17:43:56.804 [Test worker] DEBUG liquibase - Opening jar:file:/C:/Users/user/.gradle/caches/modules-2/files-2.1/net.corda/corda-node/4.1/45583a2ad1dc5cdd2b90b4ff6d3bfe980bbba0cc/corda-node-4.1.jar!/migration/node-core.changelog-tx-mapping.xml as migration/node-core.changelog-tx-mapping.xml
17:43:56.806 [Test worker] DEBUG liquibase - Resolving XML entity name='null', publicId='null', baseURI='null', systemId='http://www.liquibase.org/xml/ns/dbchangelog/dbchangelog-3.5.xsd'
17:43:56.806 [Test worker] DEBUG LiquibaseSchemaResolver - Found namespace details class liquibase.parser.core.xml.StandardNamespaceDetails for http://www.liquibase.org/xml/ns/dbchangelog/dbchangelog-3.5.xsd
17:43:56.806 [Test worker] DEBUG LiquibaseSchemaResolver - Local path for http://www.liquibase.org/xml/ns/dbchangelog/dbchangelog-3.5.xsd is liquibase/parser/core/xml/dbchangelog-3.5.xsd
17:43:56.807 [Test worker] DEBUG liquibase - Opening jar:file:/C:/Users/user/.gradle/caches/modules-2/files-2.1/org.liquibase/liquibase-core/3.5.5/c65051f327382018bd09c30380f25eac96f210da/liquibase-core-3.5.5.jar!/liquibase/parser/core/xml/dbchangelog-3.5.xsd as liquibase/parser/core/xml/dbchangelog-3.5.xsd
17:43:56.807 [Test worker] DEBUG LiquibaseSchemaResolver - Successfully loaded XSD from liquibase/parser/core/xml/dbchangelog-3.5.xsd
17:43:56.817 [Test worker] DEBUG liquibase - Opening jar:file:/C:/Users/user/.gradle/caches/modules-2/files-2.1/net.corda/corda-node/4.1/45583a2ad1dc5cdd2b90b4ff6d3bfe980bbba0cc/corda-node-4.1.jar!/migration/node-core.changelog-v9.xml as migration/node-core.changelog-v9.xml
17:43:56.820 [Test worker] DEBUG liquibase - Resolving XML entity name='null', publicId='null', baseURI='null', systemId='http://www.liquibase.org/xml/ns/dbchangelog/dbchangelog-3.5.xsd'
17:43:56.821 [Test worker] DEBUG LiquibaseSchemaResolver - Found namespace details class liquibase.parser.core.xml.StandardNamespaceDetails for http://www.liquibase.org/xml/ns/dbchangelog/dbchangelog-3.5.xsd
17:43:56.821 [Test worker] DEBUG LiquibaseSchemaResolver - Local path for http://www.liquibase.org/xml/ns/dbchangelog/dbchangelog-3.5.xsd is liquibase/parser/core/xml/dbchangelog-3.5.xsd
17:43:56.821 [Test worker] DEBUG liquibase - Opening jar:file:/C:/Users/user/.gradle/caches/modules-2/files-2.1/org.liquibase/liquibase-core/3.5.5/c65051f327382018bd09c30380f25eac96f210da/liquibase-core-3.5.5.jar!/liquibase/parser/core/xml/dbchangelog-3.5.xsd as liquibase/parser/core/xml/dbchangelog-3.5.xsd
17:43:56.822 [Test worker] DEBUG LiquibaseSchemaResolver - Successfully loaded XSD from liquibase/parser/core/xml/dbchangelog-3.5.xsd
17:43:56.830 [Test worker] DEBUG liquibase - Opening jar:file:/C:/Users/user/.gradle/caches/modules-2/files-2.1/net.corda/corda-node/4.1/45583a2ad1dc5cdd2b90b4ff6d3bfe980bbba0cc/corda-node-4.1.jar!/migration/node-core.changelog-v10.xml as migration/node-core.changelog-v10.xml
17:43:56.832 [Test worker] DEBUG liquibase - Resolving XML entity name='null', publicId='null', baseURI='null', systemId='http://www.liquibase.org/xml/ns/dbchangelog/dbchangelog-3.5.xsd'
17:43:56.832 [Test worker] DEBUG LiquibaseSchemaResolver - Found namespace details class liquibase.parser.core.xml.StandardNamespaceDetails for http://www.liquibase.org/xml/ns/dbchangelog/dbchangelog-3.5.xsd
17:43:56.832 [Test worker] DEBUG LiquibaseSchemaResolver - Local path for http://www.liquibase.org/xml/ns/dbchangelog/dbchangelog-3.5.xsd is liquibase/parser/core/xml/dbchangelog-3.5.xsd
17:43:56.833 [Test worker] DEBUG liquibase - Opening jar:file:/C:/Users/user/.gradle/caches/modules-2/files-2.1/org.liquibase/liquibase-core/3.5.5/c65051f327382018bd09c30380f25eac96f210da/liquibase-core-3.5.5.jar!/liquibase/parser/core/xml/dbchangelog-3.5.xsd as liquibase/parser/core/xml/dbchangelog-3.5.xsd
17:43:56.833 [Test worker] DEBUG LiquibaseSchemaResolver - Successfully loaded XSD from liquibase/parser/core/xml/dbchangelog-3.5.xsd
17:43:56.835 [Test worker] DEBUG liquibase - Opening jar:file:/C:/Users/user/.gradle/caches/modules-2/files-2.1/net.corda/corda-node/4.1/45583a2ad1dc5cdd2b90b4ff6d3bfe980bbba0cc/corda-node-4.1.jar!/migration/node-core.changelog-v11.xml as migration/node-core.changelog-v11.xml
17:43:56.835 [Test worker] DEBUG liquibase - Resolving XML entity name='null', publicId='null', baseURI='null', systemId='http://www.liquibase.org/xml/ns/dbchangelog/dbchangelog-3.5.xsd'
17:43:56.835 [Test worker] DEBUG LiquibaseSchemaResolver - Found namespace details class liquibase.parser.core.xml.StandardNamespaceDetails for http://www.liquibase.org/xml/ns/dbchangelog/dbchangelog-3.5.xsd
17:43:56.835 [Test worker] DEBUG LiquibaseSchemaResolver - Local path for http://www.liquibase.org/xml/ns/dbchangelog/dbchangelog-3.5.xsd is liquibase/parser/core/xml/dbchangelog-3.5.xsd
17:43:56.835 [Test worker] DEBUG liquibase - Opening jar:file:/C:/Users/user/.gradle/caches/modules-2/files-2.1/org.liquibase/liquibase-core/3.5.5/c65051f327382018bd09c30380f25eac96f210da/liquibase-core-3.5.5.jar!/liquibase/parser/core/xml/dbchangelog-3.5.xsd as liquibase/parser/core/xml/dbchangelog-3.5.xsd
17:43:56.835 [Test worker] DEBUG LiquibaseSchemaResolver - Successfully loaded XSD from liquibase/parser/core/xml/dbchangelog-3.5.xsd
17:43:56.835 [Test worker] DEBUG liquibase - Opening jar:file:/C:/Users/user/.gradle/caches/modules-2/files-2.1/net.corda/corda-node/4.1/45583a2ad1dc5cdd2b90b4ff6d3bfe980bbba0cc/corda-node-4.1.jar!/migration/vault-schema.changelog-v9.xml as migration/vault-schema.changelog-v9.xml
17:43:56.850 [Test worker] DEBUG liquibase - Resolving XML entity name='null', publicId='null', baseURI='null', systemId='http://www.liquibase.org/xml/ns/dbchangelog/dbchangelog-3.5.xsd'
17:43:56.850 [Test worker] DEBUG LiquibaseSchemaResolver - Found namespace details class liquibase.parser.core.xml.StandardNamespaceDetails for http://www.liquibase.org/xml/ns/dbchangelog/dbchangelog-3.5.xsd
17:43:56.850 [Test worker] DEBUG LiquibaseSchemaResolver - Local path for http://www.liquibase.org/xml/ns/dbchangelog/dbchangelog-3.5.xsd is liquibase/parser/core/xml/dbchangelog-3.5.xsd
17:43:56.850 [Test worker] DEBUG liquibase - Opening jar:file:/C:/Users/user/.gradle/caches/modules-2/files-2.1/org.liquibase/liquibase-core/3.5.5/c65051f327382018bd09c30380f25eac96f210da/liquibase-core-3.5.5.jar!/liquibase/parser/core/xml/dbchangelog-3.5.xsd as liquibase/parser/core/xml/dbchangelog-3.5.xsd
17:43:56.850 [Test worker] DEBUG LiquibaseSchemaResolver - Successfully loaded XSD from liquibase/parser/core/xml/dbchangelog-3.5.xsd
17:43:56.864 [Test worker] DEBUG liquibase - Create Database Change Log Table
17:43:56.864 [Test worker] INFO liquibase - Creating database history table with name: PUBLIC.DATABASECHANGELOG
17:43:56.865 [Test worker] DEBUG liquibase - Executing EXECUTE database command: CREATE TABLE PUBLIC.DATABASECHANGELOG (ID VARCHAR(255) NOT NULL, AUTHOR VARCHAR(255) NOT NULL, FILENAME VARCHAR(255) NOT NULL, DATEEXECUTED TIMESTAMP NOT NULL, ORDEREXECUTED INT NOT NULL, EXECTYPE VARCHAR(10) NOT NULL, MD5SUM VARCHAR(35), DESCRIPTION VARCHAR(255), COMMENTS VARCHAR(255), TAG VARCHAR(255), LIQUIBASE VARCHAR(20), CONTEXTS VARCHAR(255), LABELS VARCHAR(255), DEPLOYMENT_ID VARCHAR(10))
17:43:56.868 [Test worker] DEBUG liquibase - Executing QUERY database command: select count(*) from PUBLIC.DATABASECHANGELOG
17:43:56.868 [Test worker] INFO liquibase - Reading from PUBLIC.DATABASECHANGELOG
17:43:56.868 [Test worker] DEBUG liquibase - Executing QUERY database command: SELECT * FROM PUBLIC.DATABASECHANGELOG ORDER BY DATEEXECUTED ASC, ORDEREXECUTED ASC
17:43:56.868 [Test worker] DEBUG liquibase - Executing QUERY database command: select count(*) from PUBLIC.DATABASECHANGELOGLOCK
17:43:56.869 [Test worker] DEBUG liquibase - Create Database Lock Table
17:43:56.869 [Test worker] DEBUG liquibase - Executing EXECUTE database command: CREATE TABLE PUBLIC.DATABASECHANGELOGLOCK (ID INT NOT NULL, LOCKED BOOLEAN NOT NULL, LOCKGRANTED TIMESTAMP, LOCKEDBY VARCHAR(255), CONSTRAINT PK_DATABASECHANGELOGLOCK PRIMARY KEY (ID))
17:43:56.870 [Test worker] DEBUG liquibase - Created database lock table with name: PUBLIC.DATABASECHANGELOGLOCK
17:43:56.870 [Test worker] DEBUG liquibase - Executing QUERY database command: select count(*) from PUBLIC.DATABASECHANGELOGLOCK
17:43:56.870 [Test worker] DEBUG liquibase - Initialize Database Lock Table
17:43:56.870 [Test worker] DEBUG liquibase - Executing EXECUTE database command: DELETE FROM PUBLIC.DATABASECHANGELOGLOCK
17:43:56.870 [Test worker] DEBUG liquibase - Executing EXECUTE database command: INSERT INTO PUBLIC.DATABASECHANGELOGLOCK (ID, LOCKED) VALUES (1, FALSE)
17:43:56.871 [Test worker] DEBUG liquibase - master.changelog.json: migration/common.changelog-init.xml::1511451595465-1.1::R3.Corda: Computed checksum for createSequence:[
    sequenceName="hibernate_sequence"
] as 3b59bc60f6cf5c7c76b020ae29954565
17:43:56.871 [Test worker] DEBUG liquibase - master.changelog.json: migration/common.changelog-init.xml::1511451595465-1.1::R3.Corda: Computed checksum for 7:3b59bc60f6cf5c7c76b020ae29954565: as afe897bea20bc08d1681087c94d0967d
17:43:56.871 [Test worker] DEBUG liquibase - master.changelog.json: migration/common.changelog-init.xml::1511451595465-1.3::R3.Corda: Computed checksum for createSequence:[
    minValue="1"
    sequenceName="hibernate_sequence"
] as f473914cdfde3972225cdb465aeff71d
17:43:56.871 [Test worker] DEBUG liquibase - master.changelog.json: migration/common.changelog-init.xml::1511451595465-1.3::R3.Corda: Computed checksum for 7:f473914cdfde3972225cdb465aeff71d: as b775a64dd8351ca0b00329ea3e49f44b
17:43:56.871 [Test worker] INFO liquibase - master.changelog.json: migration/common.changelog-init.xml::1511451595465-1.3::R3.Corda: Skipping changeSet migration/common.changelog-init.xml::1511451595465-1.3::R3.Corda due to validation error(s): minValue is not allowed on h2
17:43:56.872 [Test worker] DEBUG liquibase - master.changelog.json: migration/vault-schema.changelog-init.xml::1511451595465-22::R3.Corda: Computed checksum for createTable:[
    columns=[
        [
            [
                nullable="false"
            ]
            name="output_index"
            type="INT"
        ],
        [
            [
                nullable="false"
            ]
            name="transaction_id"
            type="NVARCHAR(64)"
        ],
        [
            name="issuer_name"
            type="NVARCHAR(255)"
        ],
        [
            name="issuer_ref"
            type="varbinary(512)"
        ],
        [
       ... [truncated in log] as e175aecbeafccf493b3899098eb581f2
17:43:56.872 [Test worker] DEBUG liquibase - master.changelog.json: migration/vault-schema.changelog-init.xml::1511451595465-22::R3.Corda: Computed checksum for 7:e175aecbeafccf493b3899098eb581f2: as 1f8a20296ddeb0fc739bd8e7084b0bab
17:43:56.872 [Test worker] DEBUG liquibase - master.changelog.json: migration/vault-schema.changelog-init.xml::1511451595465-23::R3.Corda: Computed checksum for createTable:[
    columns=[
        [
            [
                nullable="false"
            ]
            name="output_index"
            type="INT"
        ],
        [
            [
                nullable="false"
            ]
            name="transaction_id"
            type="NVARCHAR(64)"
        ],
        [
            name="participants"
            type="NVARCHAR(255)"
        ]
    ]
    tableName="vault_fungible_states_parts"
] as add94f234be5f070e7c2a20110730809
17:43:56.873 [Test worker] DEBUG liquibase - master.changelog.json: migration/vault-schema.changelog-init.xml::1511451595465-23::R3.Corda: Computed checksum for 7:add94f234be5f070e7c2a20110730809: as 1a9f6483c225c03a3a558b5b20306741
17:43:56.873 [Test worker] DEBUG liquibase - master.changelog.json: migration/vault-schema.changelog-init.xml::1511451595465-24::R3.Corda: Computed checksum for createTable:[
    columns=[
        [
            [
                nullable="false"
            ]
            name="output_index"
            type="INT"
        ],
        [
            [
                nullable="false"
            ]
            name="transaction_id"
            type="NVARCHAR(64)"
        ],
        [
            name="external_id"
            type="NVARCHAR(255)"
        ],
        [
            [
                nullable="false"
            ]
            name="uuid"
       ... [truncated in log] as a2b34ccc00e85d4de9b82e22ec7fa971
17:43:56.873 [Test worker] DEBUG liquibase - master.changelog.json: migration/vault-schema.changelog-init.xml::1511451595465-24::R3.Corda: Computed checksum for 7:a2b34ccc00e85d4de9b82e22ec7fa971: as cc33e3b7b7db0e8613421e71352448d1
17:43:56.874 [Test worker] DEBUG liquibase - master.changelog.json: migration/vault-schema.changelog-init.xml::1511451595465-25::R3.Corda: Computed checksum for createTable:[
    columns=[
        [
            [
                nullable="false"
            ]
            name="output_index"
            type="INT"
        ],
        [
            [
                nullable="false"
            ]
            name="transaction_id"
            type="NVARCHAR(64)"
        ],
        [
            name="participants"
            type="NVARCHAR(255)"
        ]
    ]
    tableName="vault_linear_states_parts"
] as ff0db7191732aba7aa4402b9145d55d8
17:43:56.874 [Test worker] DEBUG liquibase - master.changelog.json: migration/vault-schema.changelog-init.xml::1511451595465-25::R3.Corda: Computed checksum for 7:ff0db7191732aba7aa4402b9145d55d8: as cee1c34886b737d7c86f4ba94a43d9a7
17:43:56.875 [Test worker] DEBUG liquibase - master.changelog.json: migration/vault-schema.changelog-init.xml::1511451595465-26::R3.Corda: Computed checksum for createTable:[
    columns=[
        [
            [
                nullable="false"
            ]
            name="output_index"
            type="INT"
        ],
        [
            [
                nullable="false"
            ]
            name="transaction_id"
            type="NVARCHAR(64)"
        ],
        [
            name="consumed_timestamp"
            type="timestamp"
        ],
        [
            name="contract_state_class_name"
            type="NVARCHAR(255)"
        ],
... [truncated in log] as 3590556b2783206eba7b151844f6a2e8
17:43:56.875 [Test worker] DEBUG liquibase - master.changelog.json: migration/vault-schema.changelog-init.xml::1511451595465-26::R3.Corda: Computed checksum for 7:3590556b2783206eba7b151844f6a2e8: as 47ea918c4e5894a573ed08ff7d3cfcf8
17:43:56.876 [Test worker] DEBUG liquibase - master.changelog.json: migration/vault-schema.changelog-init.xml::1511451595465-27::R3.Corda: Computed checksum for createTable:[
    columns=[
        [
            [
                nullable="false"
            ]
            name="seq_no"
            type="INT"
        ],
        [
            name="note"
            type="NVARCHAR(255)"
        ],
        [
            name="transaction_id"
            type="NVARCHAR(64)"
        ]
    ]
    tableName="vault_transaction_notes"
] as b2a3172c8e54fe287195c0f1d9d79d06
17:43:56.876 [Test worker] DEBUG liquibase - master.changelog.json: migration/vault-schema.changelog-init.xml::1511451595465-27::R3.Corda: Computed checksum for 7:b2a3172c8e54fe287195c0f1d9d79d06: as b335f04504c263e99eb1b4b78fb7b976
17:43:56.876 [Test worker] DEBUG liquibase - master.changelog.json: migration/vault-schema.changelog-init.xml::1511451595465-47::R3.Corda: Computed checksum for addPrimaryKey:[
    columnNames="output_index, transaction_id"
    constraintName="vault_fungible_states_pkey"
    tableName="vault_fungible_states"
] as 1c0d1edb717c326aca50814658fa822a
17:43:56.876 [Test worker] DEBUG liquibase - master.changelog.json: migration/vault-schema.changelog-init.xml::1511451595465-47::R3.Corda: Computed checksum for 7:1c0d1edb717c326aca50814658fa822a: as 5ebf8c6ceacd418805fef0a8d5926d22
17:43:56.877 [Test worker] DEBUG liquibase - master.changelog.json: migration/vault-schema.changelog-init.xml::1511451595465-48::R3.Corda: Computed checksum for addPrimaryKey:[
    columnNames="output_index, transaction_id"
    constraintName="vault_linear_states_pkey"
    tableName="vault_linear_states"
] as 4e3aaffa0ad01595c6c23745084763b1
17:43:56.877 [Test worker] DEBUG liquibase - master.changelog.json: migration/vault-schema.changelog-init.xml::1511451595465-48::R3.Corda: Computed checksum for 7:4e3aaffa0ad01595c6c23745084763b1: as 6852e525af1e0e841b85cbc65c3ef3eb
17:43:56.877 [Test worker] DEBUG liquibase - master.changelog.json: migration/vault-schema.changelog-init.xml::1511451595465-49::R3.Corda: Computed checksum for addPrimaryKey:[
    columnNames="output_index, transaction_id"
    constraintName="vault_states_pkey"
    tableName="vault_states"
] as 4bd501a6f3a2480ca4be1186a9ae2951
17:43:56.877 [Test worker] DEBUG liquibase - master.changelog.json: migration/vault-schema.changelog-init.xml::1511451595465-49::R3.Corda: Computed checksum for 7:4bd501a6f3a2480ca4be1186a9ae2951: as e88ace88ae32b7c6a212f749bed7f25f
17:43:56.877 [Test worker] DEBUG liquibase - master.changelog.json: migration/vault-schema.changelog-init.xml::1511451595465-50::R3.Corda: Computed checksum for addPrimaryKey:[
    columnNames="seq_no"
    constraintName="vault_transaction_notes_pkey"
    tableName="vault_transaction_notes"
] as 39e3946cfbca51e6913a1c4f38ddf0c7
17:43:56.877 [Test worker] DEBUG liquibase - master.changelog.json: migration/vault-schema.changelog-init.xml::1511451595465-50::R3.Corda: Computed checksum for 7:39e3946cfbca51e6913a1c4f38ddf0c7: as aef52cbfcee4e86a30a1175aacdae9b5
17:43:56.878 [Test worker] DEBUG liquibase - master.changelog.json: migration/vault-schema.changelog-init.xml::1511451595465-53::R3.Corda: Computed checksum for createIndex:[
    columns=[
        [
            name="external_id"
        ]
    ]
    indexName="external_id_index"
    tableName="vault_linear_states"
] as f98aafeaa30935a36db499f2104a93bf
17:43:56.878 [Test worker] DEBUG liquibase - master.changelog.json: migration/vault-schema.changelog-init.xml::1511451595465-53::R3.Corda: Computed checksum for 7:f98aafeaa30935a36db499f2104a93bf: as 7b0c95c0892fe1aba26a294d843d3c0a
17:43:56.878 [Test worker] DEBUG liquibase - master.changelog.json: migration/vault-schema.changelog-init.xml::1511451595465-55::R3.Corda: Computed checksum for createIndex:[
    columns=[
        [
            name="lock_id"
        ],
        [
            name="state_status"
        ]
    ]
    indexName="lock_id_idx"
    tableName="vault_states"
] as e42dab0002a4e906bfd484f143741150
17:43:56.878 [Test worker] DEBUG liquibase - master.changelog.json: migration/vault-schema.changelog-init.xml::1511451595465-55::R3.Corda: Computed checksum for 7:e42dab0002a4e906bfd484f143741150: as daf1bfa84381a1c8e100c14229a6d860
17:43:56.878 [Test worker] DEBUG liquibase - master.changelog.json: migration/vault-schema.changelog-init.xml::1511451595465-58::R3.Corda: Computed checksum for createIndex:[
    columns=[
        [
            name="state_status"
        ]
    ]
    indexName="state_status_idx"
    tableName="vault_states"
] as 2ff9d748b5e8cc68d2b31c3435578cef
17:43:56.878 [Test worker] DEBUG liquibase - master.changelog.json: migration/vault-schema.changelog-init.xml::1511451595465-58::R3.Corda: Computed checksum for 7:2ff9d748b5e8cc68d2b31c3435578cef: as 775d3c8a27b7fad84f9894db6bdf3e87
17:43:56.879 [Test worker] DEBUG liquibase - master.changelog.json: migration/vault-schema.changelog-init.xml::1511451595465-59::R3.Corda: Computed checksum for createIndex:[
    columns=[
        [
            name="transaction_id"
        ]
    ]
    indexName="transaction_id_index"
    tableName="vault_transaction_notes"
] as fd9eea380cef475dc54fd99e4e233920
17:43:56.879 [Test worker] DEBUG liquibase - master.changelog.json: migration/vault-schema.changelog-init.xml::1511451595465-59::R3.Corda: Computed checksum for 7:fd9eea380cef475dc54fd99e4e233920: as 1be2b24f3e4fedc8252c24080b713783
17:43:56.879 [Test worker] DEBUG liquibase - master.changelog.json: migration/vault-schema.changelog-init.xml::1511451595465-60::R3.Corda: Computed checksum for createIndex:[
    columns=[
        [
            name="uuid"
        ]
    ]
    indexName="uuid_index"
    tableName="vault_linear_states"
] as 0c3a5a186849036cd224f1c228d6dde9
17:43:56.879 [Test worker] DEBUG liquibase - master.changelog.json: migration/vault-schema.changelog-init.xml::1511451595465-60::R3.Corda: Computed checksum for 7:0c3a5a186849036cd224f1c228d6dde9: as f372f17dd75374bfecfde0e44d7ce36c
17:43:56.879 [Test worker] DEBUG liquibase - master.changelog.json: migration/vault-schema.changelog-init.xml::1511451595465-64::R3.Corda: Computed checksum for addForeignKeyConstraint:[
    baseColumnNames="output_index,transaction_id"
    baseTableName="vault_fungible_states_parts"
    constraintName="FK__fung_st_parts__fung_st"
    referencedColumnNames="output_index,transaction_id"
    referencedTableName="vault_fungible_states"
] as 0eece996759bc05f893e13edcc7012b3
17:43:56.880 [Test worker] DEBUG liquibase - master.changelog.json: migration/vault-schema.changelog-init.xml::1511451595465-64::R3.Corda: Computed checksum for 7:0eece996759bc05f893e13edcc7012b3: as 3771038da08dbe5dbbbdffac7300198d
17:43:56.880 [Test worker] DEBUG liquibase - master.changelog.json: migration/vault-schema.changelog-init.xml::1511451595465-65::R3.Corda: Computed checksum for addForeignKeyConstraint:[
    baseColumnNames="output_index,transaction_id"
    baseTableName="vault_linear_states_parts"
    constraintName="FK__lin_stat_parts__lin_stat"
    referencedColumnNames="output_index,transaction_id"
    referencedTableName="vault_linear_states"
] as c3bfc19faabd85d1ada74a704975075a
17:43:56.880 [Test worker] DEBUG liquibase - master.changelog.json: migration/vault-schema.changelog-init.xml::1511451595465-65::R3.Corda: Computed checksum for 7:c3bfc19faabd85d1ada74a704975075a: as 4cccc80aadefc753d80d33d233d426b1
17:43:56.880 [Test worker] DEBUG liquibase - master.changelog.json: migration/vault-schema.changelog-v3.xml::clean_vault::R3.Corda: Computed checksum for delete:[
    tableName="vault_fungible_states_parts"
] as b70b29b3a6bedbc5661cba016468c920
17:43:56.881 [Test worker] DEBUG liquibase - master.changelog.json: migration/vault-schema.changelog-v3.xml::clean_vault::R3.Corda: Computed checksum for delete:[
    tableName="vault_fungible_states"
] as a274055ce2143aac7ca36e5fad03b134
17:43:56.881 [Test worker] DEBUG liquibase - master.changelog.json: migration/vault-schema.changelog-v3.xml::clean_vault::R3.Corda: Computed checksum for delete:[
    tableName="vault_linear_states_parts"
] as ea0a011664469f485e1c20d3a801a95c
17:43:56.881 [Test worker] DEBUG liquibase - master.changelog.json: migration/vault-schema.changelog-v3.xml::clean_vault::R3.Corda: Computed checksum for delete:[
    tableName="vault_linear_states"
] as 3448fb16d803304ec5b23fe901463752
17:43:56.881 [Test worker] DEBUG liquibase - master.changelog.json: migration/vault-schema.changelog-v3.xml::clean_vault::R3.Corda: Computed checksum for delete:[
    tableName="vault_states"
] as 9554b12247631c9ef0b25ddf1faaa6d3
17:43:56.881 [Test worker] DEBUG liquibase - master.changelog.json: migration/vault-schema.changelog-v3.xml::clean_vault::R3.Corda: Computed checksum for delete:[
    tableName="vault_transaction_notes"
] as 0250e47826dc021ed9e01d035ea6f1b6
17:43:56.881 [Test worker] DEBUG liquibase - master.changelog.json: migration/vault-schema.changelog-v3.xml::clean_vault::R3.Corda: Computed checksum for 7:b70b29b3a6bedbc5661cba016468c920:7:a274055ce2143aac7ca36e5fad03b134:7:ea0a011664469f485e1c20d3a801a95c:7:3448fb16d803304ec5b23fe901463752:7:9554b12247631c9ef0b25ddf1faaa6d3:7:0250e47826dc021ed9e01d035ea6f1b6: as c16f94cc9c0418c23dfcedd33e85d2d3
17:43:56.881 [Test worker] DEBUG liquibase - master.changelog.json: migration/vault-schema.changelog-v4.xml::nullability::R3.Corda: Computed checksum for addNotNullConstraint:[
    columnDataType="BIGINT"
    columnName="quantity"
    tableName="vault_fungible_states"
] as d78eae5ca9adbacacf85e33e2a7f7415
17:43:56.881 [Test worker] DEBUG liquibase - master.changelog.json: migration/vault-schema.changelog-v4.xml::nullability::R3.Corda: Computed checksum for addNotNullConstraint:[
    columnDataType="NVARCHAR(255)"
    columnName="contract_state_class_name"
    tableName="vault_states"
] as 2078d56a1b5edbecbcc69079c33eb871
17:43:56.882 [Test worker] DEBUG liquibase - master.changelog.json: migration/vault-schema.changelog-v4.xml::nullability::R3.Corda: Computed checksum for addNotNullConstraint:[
    columnDataType="NVARCHAR(255)"
    columnName="notary_name"
    tableName="vault_states"
] as 2258242147cd14905eb100408de09558
17:43:56.882 [Test worker] DEBUG liquibase - master.changelog.json: migration/vault-schema.changelog-v4.xml::nullability::R3.Corda: Computed checksum for addNotNullConstraint:[
    columnDataType="timestamp"
    columnName="recorded_timestamp"
    tableName="vault_states"
] as ae7f591a2aca843f8ab716280bfd3947
17:43:56.885 [Test worker] DEBUG liquibase - master.changelog.json: migration/vault-schema.changelog-v4.xml::nullability::R3.Corda: Computed checksum for dropIndex:[
    indexName="state_status_idx"
    tableName="vault_states"
] as 6583c319aa2e4b6d1f195c77bc111ac5
17:43:56.885 [Test worker] DEBUG liquibase - master.changelog.json: migration/vault-schema.changelog-v4.xml::nullability::R3.Corda: Computed checksum for dropIndex:[
    indexName="lock_id_idx"
    tableName="vault_states"
] as e22a84c8f8873eb942f692a00ddda6c5
17:43:56.886 [Test worker] DEBUG liquibase - master.changelog.json: migration/vault-schema.changelog-v4.xml::nullability::R3.Corda: Computed checksum for addNotNullConstraint:[
    columnDataType="INT"
    columnName="state_status"
    tableName="vault_states"
] as f062ec40c033aa8c2a8ec93fcfc05443
17:43:56.886 [Test worker] DEBUG liquibase - master.changelog.json: migration/vault-schema.changelog-v4.xml::nullability::R3.Corda: Computed checksum for createIndex:[
    columns=[
        [
            name="state_status"
        ]
    ]
    indexName="state_status_idx"
    tableName="vault_states"
] as 2ff9d748b5e8cc68d2b31c3435578cef
17:43:56.886 [Test worker] DEBUG liquibase - master.changelog.json: migration/vault-schema.changelog-v4.xml::nullability::R3.Corda: Computed checksum for createIndex:[
    columns=[
        [
            name="lock_id"
        ],
        [
            name="state_status"
        ]
    ]
    indexName="lock_id_idx"
    tableName="vault_states"
] as e42dab0002a4e906bfd484f143741150
17:43:56.886 [Test worker] DEBUG liquibase - master.changelog.json: migration/vault-schema.changelog-v4.xml::nullability::R3.Corda: Computed checksum for dropIndex:[
    indexName="transaction_id_index"
    tableName="vault_transaction_notes"
] as 7677600c3adca898205158cdae636f0d
17:43:56.887 [Test worker] DEBUG liquibase - master.changelog.json: migration/vault-schema.changelog-v4.xml::nullability::R3.Corda: Computed checksum for addNotNullConstraint:[
    columnDataType="NVARCHAR(255)"
    columnName="note"
    tableName="vault_transaction_notes"
] as 4155de3b6c359ed6d735b6ae5c880ed2
17:43:56.887 [Test worker] DEBUG liquibase - master.changelog.json: migration/vault-schema.changelog-v4.xml::nullability::R3.Corda: Computed checksum for addNotNullConstraint:[
    columnDataType="NVARCHAR(64)"
    columnName="transaction_id"
    tableName="vault_transaction_notes"
] as f6eaec7b45db4b379b8485512bd873c1
17:43:56.888 [Test worker] DEBUG liquibase - master.changelog.json: migration/vault-schema.changelog-v4.xml::nullability::R3.Corda: Computed checksum for createIndex:[
    columns=[
        [
            name="transaction_id"
        ]
    ]
    indexName="transaction_id_index"
    tableName="vault_transaction_notes"
] as fd9eea380cef475dc54fd99e4e233920
17:43:56.888 [Test worker] DEBUG liquibase - master.changelog.json: migration/vault-schema.changelog-v4.xml::nullability::R3.Corda: Computed checksum for 7:d78eae5ca9adbacacf85e33e2a7f7415:7:2078d56a1b5edbecbcc69079c33eb871:7:2258242147cd14905eb100408de09558:7:ae7f591a2aca843f8ab716280bfd3947:7:6583c319aa2e4b6d1f195c77bc111ac5:7:e22a84c8f8873eb942f692a00ddda6c5:7:f062ec40c033aa8c2a8ec93fcfc05443:7:2ff9d748b5e8cc68d2b31c3435578cef:7:e42dab0002a4e906bfd484f143741150:7:7677600c3adca898205158cdae636f0d:7:4155de3b6c359ed6d735b6ae5c880ed2:7:f6eaec7b45db4b379b8485512bd873c1:7:fd9eea380cef475dc54fd99e4e233920: as 59450415a9a86b5b55d9f9347b383e6a
17:43:56.889 [Test worker] DEBUG liquibase - master.changelog.json: migration/vault-schema.changelog-pkey.xml::non-clustered_pk-11::R3.Corda: Computed checksum for dropForeignKeyConstraint:[
    baseTableName="vault_fungible_states_parts"
    constraintName="FK__fung_st_parts__fung_st"
] as 366e0c21ef7697fbe3f3045b1680d699
17:43:56.890 [Test worker] DEBUG liquibase - master.changelog.json: migration/vault-schema.changelog-pkey.xml::non-clustered_pk-11::R3.Corda: Computed checksum for dropPrimaryKey:[
    constraintName="vault_fungible_states_pkey"
    tableName="vault_fungible_states"
] as f27f6f6e80b50caaa06aa6c747243425
17:43:56.891 [Test worker] DEBUG liquibase - master.changelog.json: migration/vault-schema.changelog-pkey.xml::non-clustered_pk-11::R3.Corda: Computed checksum for addPrimaryKey:[
    clustered="false"
    columnNames="output_index, transaction_id"
    constraintName="vault_fungible_states_pkey"
    tableName="vault_fungible_states"
] as 0729afe4c34a21623a8f5744790f34c4
17:43:56.891 [Test worker] DEBUG liquibase - master.changelog.json: migration/vault-schema.changelog-pkey.xml::non-clustered_pk-11::R3.Corda: Computed checksum for addForeignKeyConstraint:[
    baseColumnNames="output_index,transaction_id"
    baseTableName="vault_fungible_states_parts"
    constraintName="FK__fung_st_parts__fung_st"
    referencedColumnNames="output_index,transaction_id"
    referencedTableName="vault_fungible_states"
] as 0eece996759bc05f893e13edcc7012b3
17:43:56.891 [Test worker] DEBUG liquibase - master.changelog.json: migration/vault-schema.changelog-pkey.xml::non-clustered_pk-11::R3.Corda: Computed checksum for 7:366e0c21ef7697fbe3f3045b1680d699:7:f27f6f6e80b50caaa06aa6c747243425:7:0729afe4c34a21623a8f5744790f34c4:7:0eece996759bc05f893e13edcc7012b3: as c88a8494afc1f2507131e709b3ec4f1e
17:43:56.891 [Test worker] INFO liquibase - master.changelog.json: migration/vault-schema.changelog-pkey.xml::non-clustered_pk-11::R3.Corda: Skipping changeSet migration/vault-schema.changelog-pkey.xml::non-clustered_pk-11::R3.Corda due to validation error(s): clustered is not allowed on h2
17:43:56.892 [Test worker] DEBUG liquibase - master.changelog.json: migration/vault-schema.changelog-pkey.xml::non-clustered_pk-12::R3.Corda: Computed checksum for dropForeignKeyConstraint:[
    baseTableName="vault_linear_states_parts"
    constraintName="FK__lin_stat_parts__lin_stat"
] as c9ce07b51242a8f54da9e570853dc34f
17:43:56.892 [Test worker] DEBUG liquibase - master.changelog.json: migration/vault-schema.changelog-pkey.xml::non-clustered_pk-12::R3.Corda: Computed checksum for dropPrimaryKey:[
    constraintName="vault_linear_states_pkey"
    tableName="vault_linear_states"
] as d986066259edad3f263694f099f02f7f
17:43:56.892 [Test worker] DEBUG liquibase - master.changelog.json: migration/vault-schema.changelog-pkey.xml::non-clustered_pk-12::R3.Corda: Computed checksum for addPrimaryKey:[
    clustered="false"
    columnNames="output_index, transaction_id"
    constraintName="vault_linear_states_pkey"
    tableName="vault_linear_states"
] as c26064d58e4f1b2610b6d01e5c0b9b5b
17:43:56.892 [Test worker] DEBUG liquibase - master.changelog.json: migration/vault-schema.changelog-pkey.xml::non-clustered_pk-12::R3.Corda: Computed checksum for addForeignKeyConstraint:[
    baseColumnNames="output_index,transaction_id"
    baseTableName="vault_linear_states_parts"
    constraintName="FK__lin_stat_parts__lin_stat"
    referencedColumnNames="output_index,transaction_id"
    referencedTableName="vault_linear_states"
] as c3bfc19faabd85d1ada74a704975075a
17:43:56.892 [Test worker] DEBUG liquibase - master.changelog.json: migration/vault-schema.changelog-pkey.xml::non-clustered_pk-12::R3.Corda: Computed checksum for 7:c9ce07b51242a8f54da9e570853dc34f:7:d986066259edad3f263694f099f02f7f:7:c26064d58e4f1b2610b6d01e5c0b9b5b:7:c3bfc19faabd85d1ada74a704975075a: as 5569de8454d891688bbb7510f634782f
17:43:56.892 [Test worker] INFO liquibase - master.changelog.json: migration/vault-schema.changelog-pkey.xml::non-clustered_pk-12::R3.Corda: Skipping changeSet migration/vault-schema.changelog-pkey.xml::non-clustered_pk-12::R3.Corda due to validation error(s): clustered is not allowed on h2
17:43:56.893 [Test worker] DEBUG liquibase - master.changelog.json: migration/vault-schema.changelog-pkey.xml::non-clustered_pk-13::R3.Corda: Computed checksum for dropPrimaryKey:[
    constraintName="vault_states_pkey"
    tableName="vault_states"
] as de17bd04796a6e54cb5606dceff73aec
17:43:56.893 [Test worker] DEBUG liquibase - master.changelog.json: migration/vault-schema.changelog-pkey.xml::non-clustered_pk-13::R3.Corda: Computed checksum for addPrimaryKey:[
    clustered="false"
    columnNames="output_index, transaction_id"
    constraintName="vault_states_pkey"
    tableName="vault_states"
] as 70c1298ee3ac2d16aba8b2ac6ed5b568
17:43:56.893 [Test worker] DEBUG liquibase - master.changelog.json: migration/vault-schema.changelog-pkey.xml::non-clustered_pk-13::R3.Corda: Computed checksum for 7:de17bd04796a6e54cb5606dceff73aec:7:70c1298ee3ac2d16aba8b2ac6ed5b568: as c786c529ecdaa33f87d3fc9ed88111f4
17:43:56.893 [Test worker] INFO liquibase - master.changelog.json: migration/vault-schema.changelog-pkey.xml::non-clustered_pk-13::R3.Corda: Skipping changeSet migration/vault-schema.changelog-pkey.xml::non-clustered_pk-13::R3.Corda due to validation error(s): clustered is not allowed on h2
17:43:56.893 [Test worker] DEBUG liquibase - master.changelog.json: migration/vault-schema.changelog-v5.xml::add_relevancy_status_column::R3.Corda: Computed checksum for addColumn:[
    columns=[
        [
            name="relevancy_status"
            type="INT"
        ]
    ]
    tableName="vault_states"
] as f4c3dbd35bfa9d2a1021acafdac959d6
17:43:56.894 [Test worker] DEBUG liquibase - master.changelog.json: migration/vault-schema.changelog-v5.xml::add_relevancy_status_column::R3.Corda: Computed checksum for update:[
    columns=[
        [
            name="relevancy_status"
            valueNumeric="0"
        ]
    ]
    tableName="vault_states"
] as c3f226e53f5bf04fd8506465c55d3a42
17:43:56.894 [Test worker] DEBUG liquibase - master.changelog.json: migration/vault-schema.changelog-v5.xml::add_relevancy_status_column::R3.Corda: Computed checksum for addNotNullConstraint:[
    columnDataType="INT"
    columnName="relevancy_status"
    tableName="vault_states"
] as a4104ab76f534885eeb63a0690843f78
17:43:56.894 [Test worker] DEBUG liquibase - master.changelog.json: migration/vault-schema.changelog-v5.xml::add_relevancy_status_column::R3.Corda: Computed checksum for 7:f4c3dbd35bfa9d2a1021acafdac959d6:7:c3f226e53f5bf04fd8506465c55d3a42:7:a4104ab76f534885eeb63a0690843f78: as bd7c3258179f34f231f6ae51e3313fc4
17:43:56.895 [Test worker] DEBUG liquibase - master.changelog.json: migration/vault-schema.changelog-v6.xml::add_is_constraint_information_columns::R3.Corda: Computed checksum for addColumn:[
    columns=[
        [
            [
                nullable="false"
            ]
            defaultValue="0"
            name="constraint_type"
            type="INT"
        ]
    ]
    tableName="vault_states"
] as ec4183b38221d9efb81468b6b58469ad
17:43:56.895 [Test worker] DEBUG liquibase - master.changelog.json: migration/vault-schema.changelog-v6.xml::add_is_constraint_information_columns::R3.Corda: Computed checksum for addColumn:[
    columns=[
        [
            [
                nullable="true"
            ]
            name="constraint_data"
            type="varbinary(563)"
        ]
    ]
    tableName="vault_states"
] as a62d1e80b99c304b04f3ac1ec994ed59
17:43:56.895 [Test worker] DEBUG liquibase - master.changelog.json: migration/vault-schema.changelog-v6.xml::add_is_constraint_information_columns::R3.Corda: Computed checksum for 7:ec4183b38221d9efb81468b6b58469ad:7:a62d1e80b99c304b04f3ac1ec994ed59: as 7d7cf7015d299a7fefb6e81aa563e208
17:43:56.919 [Test worker] DEBUG liquibase - master.changelog.json: migration/vault-schema.changelog-v7.xml::make_issuer_ref_nullable::R3.Corda: Computed checksum for dropNotNullConstraint:[
    columnDataType="varbinary(512)"
    columnName="issuer_ref"
    tableName="vault_fungible_states"
] as b549f88798da86b579f7e3421c6019ed
17:43:56.919 [Test worker] DEBUG liquibase - master.changelog.json: migration/vault-schema.changelog-v7.xml::make_issuer_ref_nullable::R3.Corda: Computed checksum for 7:b549f88798da86b579f7e3421c6019ed: as 016e083b176a76fc50d74e3fe07ca1cb
17:43:56.920 [Test worker] DEBUG liquibase - master.changelog.json: migration/vault-schema.changelog-v8.xml::create-external-id-to-state-party-view::R3.Corda: Computed checksum for createTable:[
    columns=[
        [
            name="output_index"
            type="INT"
        ],
        [
            name="transaction_id"
            type="NVARCHAR(64)"
        ],
        [
            [
                nullable="false"
            ]
            name="public_key_hash"
            type="NVARCHAR(255)"
        ],
        [
            name="x500_name"
            type="NVARCHAR(255)"
        ]
    ]
    tableName="state_party"
] as 3b063e299ebe197af7a457ea726b2800
17:43:56.921 [Test worker] DEBUG liquibase - master.changelog.json: migration/vault-schema.changelog-v8.xml::create-external-id-to-state-party-view::R3.Corda: Computed checksum for createIndex:[
    columns=[
        [
            name="public_key_hash"
        ]
    ]
    indexName="state_pk_hash_idx"
    tableName="state_party"
] as 450b82f224c850f2465386ef7a707b92
17:43:56.923 [Test worker] DEBUG liquibase - master.changelog.json: migration/vault-schema.changelog-v8.xml::create-external-id-to-state-party-view::R3.Corda: Computed checksum for createTable:[
    columns=[
        [
            [
                nullable="false"
            ]
            name="id"
            type="BIGINT"
        ],
        [
            [
                nullable="false"
            ]
            name="external_id"
            type="VARCHAR(255)"
        ],
        [
            [
                nullable="false"
            ]
            name="public_key_hash"
            type="NVARCHAR(255)"
        ]
    ]
    tableName="pk_hash_to_ext_id_map"
] as 190b235511991d2151d47c903cd91db4
17:43:56.925 [Test worker] DEBUG liquibase - master.changelog.json: migration/vault-schema.changelog-v8.xml::create-external-id-to-state-party-view::R3.Corda: Computed checksum for createIndex:[
    columns=[
        [
            name="public_key_hash"
        ]
    ]
    indexName="pk_hash_to_xid_idx"
    tableName="pk_hash_to_ext_id_map"
] as 1ee9b085d397f1a43f3b474588eddf9f
17:43:56.926 [Test worker] DEBUG liquibase - master.changelog.json: migration/vault-schema.changelog-v8.xml::create-external-id-to-state-party-view::R3.Corda: Computed checksum for createView:[
    selectQuery="select
                state_party.public_key_hash,
                state_party.transaction_id,
                state_party.output_index,
                pk_hash_to_ext_id_map.external_id
            from state_party
            join pk_hash_to_ext_id_map
            on state_party.public_key_hash = pk_hash_to_ext_id_map.public_key_hash"
    viewName="v_pkey_hash_ex_id_map"
] as 439c1337ca50f7fd62b4d377ac192053
17:43:56.927 [Test worker] DEBUG liquibase - master.changelog.json: migration/vault-schema.changelog-v8.xml::create-external-id-to-state-party-view::R3.Corda: Computed checksum for 7:3b063e299ebe197af7a457ea726b2800:7:450b82f224c850f2465386ef7a707b92:7:190b235511991d2151d47c903cd91db4:7:1ee9b085d397f1a43f3b474588eddf9f:7:439c1337ca50f7fd62b4d377ac192053: as 68a2e794e4726e4e40b28753c7a64413
17:43:56.931 [Test worker] DEBUG liquibase - master.changelog.json: migration/node-info.changelog-init.xml::1511451595465-4::R3.Corda: Computed checksum for createTable:[
    columns=[
        [
            [
                nullable="false"
            ]
            name="node_info_id"
            type="INT"
        ],
        [
            [
                nullable="false"
            ]
            name="party_name"
            type="NVARCHAR(255)"
        ]
    ]
    tableName="node_link_nodeinfo_party"
] as 5f0557f6684939cfe82574a45344afd3
17:43:56.931 [Test worker] DEBUG liquibase - master.changelog.json: migration/node-info.changelog-init.xml::1511451595465-4::R3.Corda: Computed checksum for 7:5f0557f6684939cfe82574a45344afd3: as 86561ccea3a7fbbdb311d455076c98a8
17:43:56.932 [Test worker] DEBUG liquibase - master.changelog.json: migration/node-info.changelog-init.xml::1511451595465-10::R3.Corda: Computed checksum for createTable:[
    columns=[
        [
            [
                nullable="false"
            ]
            name="host"
            type="NVARCHAR(255)"
        ],
        [
            [
                nullable="false"
            ]
            name="port"
            type="INT"
        ],
        [
            name="node_info_id"
            type="INT"
        ]
    ]
    tableName="node_info_hosts"
] as 6f08193361f660a382cf54820e056a20
17:43:56.932 [Test worker] DEBUG liquibase - master.changelog.json: migration/node-info.changelog-init.xml::1511451595465-10::R3.Corda: Computed checksum for 7:6f08193361f660a382cf54820e056a20: as 86dcf13717e5dbc4c623523618380bdd
17:43:56.940 [Test worker] DEBUG liquibase - master.changelog.json: migration/node-info.changelog-init.xml::1511451595465-11::R3.Corda: Computed checksum for createTable:[
    columns=[
        [
            [
                nullable="false"
            ]
            name="party_name"
            type="NVARCHAR(255)"
        ],
        [
            [
                nullable="false"
            ]
            name="ismain"
            type="BOOLEAN"
        ],
        [
            name="owning_key_hash"
            type="NVARCHAR(130)"
        ],
        [
            name="party_cert_binary"
            type="blob"
        ]
    ]
    tableName="n... [truncated in log] as 6e371f832176dde950fe6998501cc7aa
17:43:56.940 [Test worker] DEBUG liquibase - master.changelog.json: migration/node-info.changelog-init.xml::1511451595465-11::R3.Corda: Computed checksum for 7:6e371f832176dde950fe6998501cc7aa: as ddf2ea133beca979abcb7e627a37db60
17:43:56.941 [Test worker] DEBUG liquibase - master.changelog.json: migration/node-info.changelog-init.xml::1511451595465-12::R3.Corda: Computed checksum for createTable:[
    columns=[
        [
            [
                nullable="false"
            ]
            name="node_info_id"
            type="INT"
        ],
        [
            name="node_info_hash"
            type="NVARCHAR(64)"
        ],
        [
            name="platform_version"
            type="INT"
        ],
        [
            name="serial"
            type="BIGINT"
        ]
    ]
    tableName="node_infos"
] as c5eb4436bba09a4bfb27e08b68cc57b0
17:43:56.941 [Test worker] DEBUG liquibase - master.changelog.json: migration/node-info.changelog-init.xml::1511451595465-12::R3.Corda: Computed checksum for 7:c5eb4436bba09a4bfb27e08b68cc57b0: as 2a2169c32d87fdc3442c6096740a52a5
17:43:56.941 [Test worker] DEBUG liquibase - master.changelog.json: migration/node-info.changelog-init.xml::1511451595465-35::R3.Corda: Computed checksum for addPrimaryKey:[
    columnNames="host, port"
    constraintName="node_info_hosts_pkey"
    tableName="node_info_hosts"
] as 00c44e883bc12a3353188495f454f0f6
17:43:56.941 [Test worker] DEBUG liquibase - master.changelog.json: migration/node-info.changelog-init.xml::1511451595465-35::R3.Corda: Computed checksum for 7:00c44e883bc12a3353188495f454f0f6: as 5c8230d7f489b4b961c3b52b3335e5ff
17:43:56.942 [Test worker] DEBUG liquibase - master.changelog.json: migration/node-info.changelog-init.xml::1511451595465-36::R3.Corda: Computed checksum for addPrimaryKey:[
    columnNames="party_name"
    constraintName="node_info_party_cert_pkey"
    tableName="node_info_party_cert"
] as 14054c7885bede3bc60af5d2dd08a9c8
17:43:56.942 [Test worker] DEBUG liquibase - master.changelog.json: migration/node-info.changelog-init.xml::1511451595465-36::R3.Corda: Computed checksum for 7:14054c7885bede3bc60af5d2dd08a9c8: as a4293247b9113bb0895d15e212ded67d
17:43:56.942 [Test worker] DEBUG liquibase - master.changelog.json: migration/node-info.changelog-init.xml::1511451595465-37::R3.Corda: Computed checksum for addPrimaryKey:[
    columnNames="node_info_id"
    constraintName="node_infos_pkey"
    tableName="node_infos"
] as 6adf6458b4512d6bc5ca5813c2707e3d
17:43:56.942 [Test worker] DEBUG liquibase - master.changelog.json: migration/node-info.changelog-init.xml::1511451595465-37::R3.Corda: Computed checksum for 7:6adf6458b4512d6bc5ca5813c2707e3d: as 3f7b9e25544e21798cc648d8ab2056b7
17:43:56.943 [Test worker] DEBUG liquibase - master.changelog.json: migration/node-info.changelog-init.xml::1511451595465-62::R3.Corda: Computed checksum for addForeignKeyConstraint:[
    baseColumnNames="node_info_id"
    baseTableName="node_link_nodeinfo_party"
    constraintName="FK__link_nodeinfo_party__infos"
    referencedColumnNames="node_info_id"
    referencedTableName="node_infos"
] as 1a56cab722da6c0a210824ac187fea47
17:43:56.943 [Test worker] DEBUG liquibase - master.changelog.json: migration/node-info.changelog-init.xml::1511451595465-62::R3.Corda: Computed checksum for 7:1a56cab722da6c0a210824ac187fea47: as 64add0a3b0350cfe6fa3de1428a38397
17:43:56.944 [Test worker] DEBUG liquibase - master.changelog.json: migration/node-info.changelog-init.xml::1511451595465-63::R3.Corda: Computed checksum for addForeignKeyConstraint:[
    baseColumnNames="node_info_id"
    baseTableName="node_info_hosts"
    constraintName="FK__info_hosts__infos"
    referencedColumnNames="node_info_id"
    referencedTableName="node_infos"
] as c5982833d4ecc3f6e19b870ef3cdafdc
17:43:56.944 [Test worker] DEBUG liquibase - master.changelog.json: migration/node-info.changelog-init.xml::1511451595465-63::R3.Corda: Computed checksum for 7:c5982833d4ecc3f6e19b870ef3cdafdc: as 6ea0c3bb234d14956401b6b281531832
17:43:56.952 [Test worker] DEBUG liquibase - master.changelog.json: migration/node-info.changelog-init.xml::remove_host_port_pk::R3.Corda: Computed checksum for delete:[
    tableName="node_infos"
] as 88f0f3be4f28bb97a4eff8bb6c643615
17:43:56.952 [Test worker] DEBUG liquibase - master.changelog.json: migration/node-info.changelog-init.xml::remove_host_port_pk::R3.Corda: Computed checksum for delete:[
    tableName="node_link_nodeinfo_party"
] as 8ae8d78f410d9978c57e0e7d4383c311
17:43:56.953 [Test worker] DEBUG liquibase - master.changelog.json: migration/node-info.changelog-init.xml::remove_host_port_pk::R3.Corda: Computed checksum for delete:[
    tableName="node_info_hosts"
] as c66698861dc70f2bc2f0d1aefc556a8b
17:43:56.953 [Test worker] DEBUG liquibase - master.changelog.json: migration/node-info.changelog-init.xml::remove_host_port_pk::R3.Corda: Computed checksum for delete:[
    tableName="node_info_party_cert"
] as f57d560d22a52dd192fdb3fbbb679576
17:43:56.953 [Test worker] DEBUG liquibase - master.changelog.json: migration/node-info.changelog-init.xml::remove_host_port_pk::R3.Corda: Computed checksum for dropPrimaryKey:[
    constraintName="node_info_hosts_pkey"
    tableName="node_info_hosts"
] as 8b8f98fcef92cc953b306c56fe61762f
17:43:56.954 [Test worker] DEBUG liquibase - master.changelog.json: migration/node-info.changelog-init.xml::remove_host_port_pk::R3.Corda: Computed checksum for addColumn:[
    columns=[
        [
            [
                nullable="false"
            ]
            name="hosts_id"
            type="INT"
        ]
    ]
    tableName="node_info_hosts"
] as 2bc19defe8eb317936eb134f5cf66983
17:43:56.954 [Test worker] DEBUG liquibase - master.changelog.json: migration/node-info.changelog-init.xml::remove_host_port_pk::R3.Corda: Computed checksum for addPrimaryKey:[
    columnNames="hosts_id"
    constraintName="node_info_hosts_pkey_id"
    tableName="node_info_hosts"
] as fb8c4f0a4999978cac06928bb4f0134a
17:43:56.954 [Test worker] DEBUG liquibase - master.changelog.json: migration/node-info.changelog-init.xml::remove_host_port_pk::R3.Corda: Computed checksum for 7:88f0f3be4f28bb97a4eff8bb6c643615:7:8ae8d78f410d9978c57e0e7d4383c311:7:c66698861dc70f2bc2f0d1aefc556a8b:7:f57d560d22a52dd192fdb3fbbb679576:7:8b8f98fcef92cc953b306c56fe61762f:7:2bc19defe8eb317936eb134f5cf66983:7:fb8c4f0a4999978cac06928bb4f0134a: as cb733f12ced82860fd296bb0c94c5072
17:43:56.955 [Test worker] DEBUG liquibase - master.changelog.json: migration/node-info.changelog-v1.xml::key/value node properties table::R3.Corda: Computed checksum for createTable:[
    columns=[
        [
            [
                nullable="false"
            ]
            name="property_key"
            type="NVARCHAR(255)"
        ],
        [
            name="property_value"
            type="NVARCHAR(255)"
        ]
    ]
    tableName="node_properties"
] as 17113a8df38982bab57e5f97485915b2
17:43:56.956 [Test worker] DEBUG liquibase - master.changelog.json: migration/node-info.changelog-v1.xml::key/value node properties table::R3.Corda: Computed checksum for 7:17113a8df38982bab57e5f97485915b2: as 05241b402dd60a4e1eeb86ad6c5eff9e
17:43:56.956 [Test worker] DEBUG liquibase - master.changelog.json: migration/node-info.changelog-v2.xml::1525962920::R3.Corda: Computed checksum for addNotNullConstraint:[
    columnDataType="NVARCHAR(64)"
    columnName="node_info_hash"
    tableName="node_infos"
] as 736d3fb9862e810788216a889c726699
17:43:56.958 [Test worker] DEBUG liquibase - master.changelog.json: migration/node-info.changelog-v2.xml::1525962920::R3.Corda: Computed checksum for addNotNullConstraint:[
    columnDataType="INT"
    columnName="platform_version"
    tableName="node_infos"
] as 76d2d2c9dd1c6954d572cd5a4d47366e
17:43:56.958 [Test worker] DEBUG liquibase - master.changelog.json: migration/node-info.changelog-v2.xml::1525962920::R3.Corda: Computed checksum for addNotNullConstraint:[
    columnDataType="BIGINT"
    columnName="serial"
    tableName="node_infos"
] as 26157af814171c1d3bd6f883bb5c39e8
17:43:56.959 [Test worker] DEBUG liquibase - master.changelog.json: migration/node-info.changelog-v2.xml::1525962920::R3.Corda: Computed checksum for dropNotNullConstraint:[
    columnDataType="NVARCHAR(255)"
    columnName="host"
    tableName="node_info_hosts"
] as 603a060f34f7e4bd2d4bff3b8a6621af
17:43:56.959 [Test worker] DEBUG liquibase - master.changelog.json: migration/node-info.changelog-v2.xml::1525962920::R3.Corda: Computed checksum for dropNotNullConstraint:[
    columnDataType="INT"
    columnName="port"
    tableName="node_info_hosts"
] as 1ad496134a62a18677ebb23168117bbe
17:43:56.960 [Test worker] DEBUG liquibase - master.changelog.json: migration/node-info.changelog-v2.xml::1525962920::R3.Corda: Computed checksum for addNotNullConstraint:[
    columnDataType="NVARCHAR(130)"
    columnName="owning_key_hash"
    tableName="node_info_party_cert"
] as eb00d90a19da5f3ab4970aa0b2674aae
17:43:56.960 [Test worker] DEBUG liquibase - master.changelog.json: migration/node-info.changelog-v2.xml::1525962920::R3.Corda: Computed checksum for addNotNullConstraint:[
    columnDataType="blob"
    columnName="party_cert_binary"
    tableName="node_info_party_cert"
] as 25f38c720c603b2dea35550bedab555a
17:43:56.961 [Test worker] DEBUG liquibase - master.changelog.json: migration/node-info.changelog-v2.xml::1525962920::R3.Corda: Computed checksum for 7:736d3fb9862e810788216a889c726699:7:76d2d2c9dd1c6954d572cd5a4d47366e:7:26157af814171c1d3bd6f883bb5c39e8:7:603a060f34f7e4bd2d4bff3b8a6621af:7:1ad496134a62a18677ebb23168117bbe:7:eb00d90a19da5f3ab4970aa0b2674aae:7:25f38c720c603b2dea35550bedab555a: as c3fd83668d5ed4acdefcad3f90944935
17:43:56.961 [Test worker] DEBUG liquibase - master.changelog.json: migration/node-info.changelog-v3.xml::column_host_name::R3.Corda: Computed checksum for renameColumn:[
    newColumnName="host_name"
    oldColumnName="host"
    tableName="node_info_hosts"
] as 2492206013627f2b53e89a302025675a
17:43:56.962 [Test worker] DEBUG liquibase - master.changelog.json: migration/node-info.changelog-v3.xml::column_host_name::R3.Corda: Computed checksum for 7:2492206013627f2b53e89a302025675a: as fc4ceb3b82e44070da1fff49a7b5cccb
17:43:56.964 [Test worker] DEBUG liquibase - master.changelog.json: migration/node-services.changelog-init.xml::1511451595465-5::R3.Corda: Computed checksum for createTable:[
    columns=[
        [
            [
                nullable="false"
            ]
            name="att_id"
            type="NVARCHAR(255)"
        ],
        [
            name="content"
            type="blob"
        ],
        [
            name="filename"
            type="NVARCHAR(255)"
        ],
        [
            [
                nullable="false"
            ]
            name="insertion_date"
            type="timestamp"
        ],
        [
            name="uplo... [truncated in log] as 7eb17f5047b5f49e47197095dde1065c
17:43:56.965 [Test worker] DEBUG liquibase - master.changelog.json: migration/node-services.changelog-init.xml::1511451595465-5::R3.Corda: Computed checksum for 7:7eb17f5047b5f49e47197095dde1065c: as 464a5bbaf24fe78716c38c544dc81f3c
17:43:56.966 [Test worker] DEBUG liquibase - master.changelog.json: migration/node-services.changelog-init.xml::1511451595465-7::R3.Corda: Computed checksum for createTable:[
    columns=[
        [
            [
                nullable="false"
            ]
            name="checkpoint_id"
            type="NVARCHAR(64)"
        ],
        [
            name="checkpoint_value"
            type="blob"
        ]
    ]
    tableName="node_checkpoints"
] as 4f2d38f516c2eeb1483d86b4a25f26c6
17:43:56.967 [Test worker] DEBUG liquibase - master.changelog.json: migration/node-services.changelog-init.xml::1511451595465-7::R3.Corda: Computed checksum for 7:4f2d38f516c2eeb1483d86b4a25f26c6: as 2870aa3a468e81bab1cd24ac70ca2163
17:43:56.967 [Test worker] DEBUG liquibase - master.changelog.json: migration/node-services.changelog-init.xml::1511451595465-8::R3.Corda: Computed checksum for createTable:[
    columns=[
        [
            [
                nullable="false"
            ]
            name="state_ref"
            type="NVARCHAR(96)"
        ],
        [
            name="contract_class_name"
            type="NVARCHAR(255)"
        ]
    ]
    tableName="node_contract_upgrades"
] as bf4885aea883ac63c151d7d01a760dc1
17:43:56.967 [Test worker] DEBUG liquibase - master.changelog.json: migration/node-services.changelog-init.xml::1511451595465-8::R3.Corda: Computed checksum for 7:bf4885aea883ac63c151d7d01a760dc1: as bf156b1c48e915e7d8090d5162e31c02
17:43:56.968 [Test worker] DEBUG liquibase - master.changelog.json: migration/node-services.changelog-init.xml::1511451595465-9::R3.Corda: Computed checksum for createTable:[
    columns=[
        [
            [
                nullable="false"
            ]
            name="pk_hash"
            type="NVARCHAR(130)"
        ],
        [
            name="identity_value"
            type="blob"
        ]
    ]
    tableName="node_identities"
] as 64ced0b8682a33911d574622be63a98d
17:43:56.968 [Test worker] DEBUG liquibase - master.changelog.json: migration/node-services.changelog-init.xml::1511451595465-9::R3.Corda: Computed checksum for 7:64ced0b8682a33911d574622be63a98d: as ea04cf1cc4ea1112c4cbbf932bc51c56
17:43:56.969 [Test worker] DEBUG liquibase - master.changelog.json: migration/node-services.changelog-init.xml::1511451595465-13::R3.Corda: Computed checksum for createTable:[
    columns=[
        [
            [
                nullable="false"
            ]
            name="message_id"
            type="NVARCHAR(64)"
        ],
        [
            name="insertion_time"
            type="timestamp"
        ]
    ]
    tableName="node_message_ids"
] as 32260ae57d06eabdf47f4f4d600577ce
17:43:56.970 [Test worker] DEBUG liquibase - master.changelog.json: migration/node-services.changelog-init.xml::1511451595465-13::R3.Corda: Computed checksum for 7:32260ae57d06eabdf47f4f4d600577ce: as 340ca6c0b7c87b663b0449535b082f80
17:43:56.971 [Test worker] DEBUG liquibase - master.changelog.json: migration/node-services.changelog-init.xml::1511451595465-14::R3.Corda: Computed checksum for createTable:[
    columns=[
        [
            [
                nullable="false"
            ]
            name="message_id"
            type="BIGINT"
        ],
        [
            name="message"
            type="blob"
        ],
        [
            name="recipients"
            type="blob"
        ]
    ]
    tableName="node_message_retry"
] as c87f1cec41d842caa66dd71a14a6fa34
17:43:56.972 [Test worker] DEBUG liquibase - master.changelog.json: migration/node-services.changelog-init.xml::1511451595465-14::R3.Corda: Computed checksum for 7:c87f1cec41d842caa66dd71a14a6fa34: as 1dc64c73807569fb04c10a9b2d760ff0
17:43:56.973 [Test worker] DEBUG liquibase - master.changelog.json: migration/node-services.changelog-init.xml::1511451595465-15::R3.Corda: Computed checksum for createTable:[
    columns=[
        [
            [
                nullable="false"
            ]
            name="name"
            type="NVARCHAR(128)"
        ],
        [
            name="pk_hash"
            type="NVARCHAR(130)"
        ]
    ]
    tableName="node_named_identities"
] as 9ba9555dab34db960c8083672afee328
17:43:56.974 [Test worker] DEBUG liquibase - master.changelog.json: migration/node-services.changelog-init.xml::1511451595465-15::R3.Corda: Computed checksum for 7:9ba9555dab34db960c8083672afee328: as 108b7d395f7fb3cfc8ce4e364c4008a5
17:43:56.974 [Test worker] DEBUG liquibase - master.changelog.json: migration/node-services.changelog-init.xml::1511451595465-17::R3.Corda: Computed checksum for createTable:[
    columns=[
        [
            [
                nullable="false"
            ]
            name="public_key_hash"
            type="NVARCHAR(130)"
        ],
        [
            name="private_key"
            type="blob"
        ],
        [
            name="public_key"
            type="blob"
        ]
    ]
    tableName="node_our_key_pairs"
] as afc7fa2555c800c74f9ca1b41689a048
17:43:56.974 [Test worker] DEBUG liquibase - master.changelog.json: migration/node-services.changelog-init.xml::1511451595465-17::R3.Corda: Computed checksum for 7:afc7fa2555c800c74f9ca1b41689a048: as a8b4ae7170f56f1df8a23b530bef4dd1
17:43:56.975 [Test worker] DEBUG liquibase - master.changelog.json: migration/node-services.changelog-init.xml::1511451595465-19::R3.Corda: Computed checksum for createTable:[
    columns=[
        [
            [
                nullable="false"
            ]
            name="output_index"
            type="INT"
        ],
        [
            [
                nullable="false"
            ]
            name="transaction_id"
            type="NVARCHAR(64)"
        ],
        [
            [
                nullable="false"
            ]
            name="scheduled_at"
            type="timestamp"
        ]
    ]
    tableName="node_scheduled_states"
] as defd113d95e94bcd27bcdeb3a96be38b
17:43:56.975 [Test worker] DEBUG liquibase - master.changelog.json: migration/node-services.changelog-init.xml::1511451595465-19::R3.Corda: Computed checksum for 7:defd113d95e94bcd27bcdeb3a96be38b: as 2aaf3df7bdbea9c71aa8bea4e14f11ef
17:43:56.975 [Test worker] DEBUG liquibase - master.changelog.json: migration/node-services.changelog-init.xml::1511451595465-20::R3.Corda: Computed checksum for createTable:[
    columns=[
        [
            [
                nullable="false"
            ]
            name="tx_id"
            type="NVARCHAR(64)"
        ],
        [
            name="state_machine_run_id"
            type="NVARCHAR(36)"
        ]
    ]
    tableName="node_transaction_mappings"
] as a98109c55addd90e480a6fc1ecb48d1d
17:43:56.976 [Test worker] DEBUG liquibase - master.changelog.json: migration/node-services.changelog-init.xml::1511451595465-20::R3.Corda: Computed checksum for 7:a98109c55addd90e480a6fc1ecb48d1d: as f003464d28fe934c636b24e7c72d9c27
17:43:56.976 [Test worker] DEBUG liquibase - master.changelog.json: migration/node-services.changelog-init.xml::1511451595465-21::R3.Corda: Computed checksum for createTable:[
    columns=[
        [
            [
                nullable="false"
            ]
            name="tx_id"
            type="NVARCHAR(64)"
        ],
        [
            name="transaction_value"
            type="blob"
        ]
    ]
    tableName="node_transactions"
] as af8f3c1c7978f86414e864bc0bb9d453
17:43:56.976 [Test worker] DEBUG liquibase - master.changelog.json: migration/node-services.changelog-init.xml::1511451595465-21::R3.Corda: Computed checksum for 7:af8f3c1c7978f86414e864bc0bb9d453: as 8b167e9074e47be66c742aec5661b5d1
17:43:56.977 [Test worker] DEBUG liquibase - master.changelog.json: migration/node-services.changelog-init.xml::1511451595465-30::R3.Corda: Computed checksum for addPrimaryKey:[
    columnNames="att_id"
    constraintName="node_attachments_pkey"
    tableName="node_attachments"
] as 96b8c8009c4a24b06c8ecd3048142128
17:43:56.977 [Test worker] DEBUG liquibase - master.changelog.json: migration/node-services.changelog-init.xml::1511451595465-30::R3.Corda: Computed checksum for 7:96b8c8009c4a24b06c8ecd3048142128: as 4aa12646e41346c10ae1d18b43468b3e
17:43:56.977 [Test worker] DEBUG liquibase - master.changelog.json: migration/node-services.changelog-init.xml::1511451595465-32::R3.Corda: Computed checksum for addPrimaryKey:[
    columnNames="checkpoint_id"
    constraintName="node_checkpoints_pkey"
    tableName="node_checkpoints"
] as 26e60c36f3099cb85a85082b388391c2
17:43:56.977 [Test worker] DEBUG liquibase - master.changelog.json: migration/node-services.changelog-init.xml::1511451595465-32::R3.Corda: Computed checksum for 7:26e60c36f3099cb85a85082b388391c2: as fa0f2ed27615a3fd2b799bb27b447a36
17:43:56.977 [Test worker] DEBUG liquibase - master.changelog.json: migration/node-services.changelog-init.xml::1511451595465-33::R3.Corda: Computed checksum for addPrimaryKey:[
    columnNames="state_ref"
    constraintName="node_contract_upgrades_pkey"
    tableName="node_contract_upgrades"
] as d4c28cd597e7a32cd0d9f3d2a4104650
17:43:56.977 [Test worker] DEBUG liquibase - master.changelog.json: migration/node-services.changelog-init.xml::1511451595465-33::R3.Corda: Computed checksum for 7:d4c28cd597e7a32cd0d9f3d2a4104650: as 37e38ccee8d375f364abca393727eec7
17:43:56.977 [Test worker] DEBUG liquibase - master.changelog.json: migration/node-services.changelog-init.xml::1511451595465-34::R3.Corda: Computed checksum for addPrimaryKey:[
    columnNames="pk_hash"
    constraintName="node_identities_pkey"
    tableName="node_identities"
] as 18ff03ab4c5827e642ce637c7155bd78
17:43:56.977 [Test worker] DEBUG liquibase - master.changelog.json: migration/node-services.changelog-init.xml::1511451595465-34::R3.Corda: Computed checksum for 7:18ff03ab4c5827e642ce637c7155bd78: as 43d4f1fd6b4b69fcd6b046d8806c8f50
17:43:56.978 [Test worker] DEBUG liquibase - master.changelog.json: migration/node-services.changelog-init.xml::1511451595465-38::R3.Corda: Computed checksum for addPrimaryKey:[
    columnNames="message_id"
    constraintName="node_message_ids_pkey"
    tableName="node_message_ids"
] as 5350f5a01fe53cad542ce506faf827a5
17:43:56.978 [Test worker] DEBUG liquibase - master.changelog.json: migration/node-services.changelog-init.xml::1511451595465-38::R3.Corda: Computed checksum for 7:5350f5a01fe53cad542ce506faf827a5: as 37825d1c920089f5d1d8667fae2a0770
17:43:56.978 [Test worker] DEBUG liquibase - master.changelog.json: migration/node-services.changelog-init.xml::1511451595465-39::R3.Corda: Computed checksum for addPrimaryKey:[
    columnNames="message_id"
    constraintName="node_message_retry_pkey"
    tableName="node_message_retry"
] as 05c5906d403843ddbc494dc9314c47db
17:43:56.978 [Test worker] DEBUG liquibase - master.changelog.json: migration/node-services.changelog-init.xml::1511451595465-39::R3.Corda: Computed checksum for 7:05c5906d403843ddbc494dc9314c47db: as 7cc6fa875e39740c709235ff27960561
17:43:56.978 [Test worker] DEBUG liquibase - master.changelog.json: migration/node-services.changelog-init.xml::1511451595465-40::R3.Corda: Computed checksum for addPrimaryKey:[
    columnNames="name"
    constraintName="node_named_identities_pkey"
    tableName="node_named_identities"
] as 64274859807014ee0d62867ef274028a
17:43:56.978 [Test worker] DEBUG liquibase - master.changelog.json: migration/node-services.changelog-init.xml::1511451595465-40::R3.Corda: Computed checksum for 7:64274859807014ee0d62867ef274028a: as 9fac7485c58064b7e7ddce0bd1af86c4
17:43:56.980 [Test worker] DEBUG liquibase - master.changelog.json: migration/node-services.changelog-init.xml::1511451595465-42::R3.Corda: Computed checksum for addPrimaryKey:[
    columnNames="public_key_hash"
    constraintName="node_our_key_pairs_pkey"
    tableName="node_our_key_pairs"
] as 2dc24802cacd1ecc9195c88381d1e14a
17:43:56.980 [Test worker] DEBUG liquibase - master.changelog.json: migration/node-services.changelog-init.xml::1511451595465-42::R3.Corda: Computed checksum for 7:2dc24802cacd1ecc9195c88381d1e14a: as e3644c4b7315958cfb3a3cd4a3f40946
17:43:56.981 [Test worker] DEBUG liquibase - master.changelog.json: migration/node-services.changelog-init.xml::1511451595465-44::R3.Corda: Computed checksum for addPrimaryKey:[
    columnNames="output_index, transaction_id"
    constraintName="node_scheduled_states_pkey"
    tableName="node_scheduled_states"
] as 4c77187a59774106bd1e1d37d89ae1f1
17:43:56.981 [Test worker] DEBUG liquibase - master.changelog.json: migration/node-services.changelog-init.xml::1511451595465-44::R3.Corda: Computed checksum for 7:4c77187a59774106bd1e1d37d89ae1f1: as 122e6cc40f7e50d8c9ffeb46861ed786
17:43:56.981 [Test worker] DEBUG liquibase - master.changelog.json: migration/node-services.changelog-init.xml::1511451595465-45::R3.Corda: Computed checksum for addPrimaryKey:[
    columnNames="tx_id"
    constraintName="node_transaction_mappings_pkey"
    tableName="node_transaction_mappings"
] as 8cc604e43605d57ebbd96b86580c421d
17:43:56.981 [Test worker] DEBUG liquibase - master.changelog.json: migration/node-services.changelog-init.xml::1511451595465-45::R3.Corda: Computed checksum for 7:8cc604e43605d57ebbd96b86580c421d: as c4ba1fcc19b22e52678633b13053eaa1
17:43:56.981 [Test worker] DEBUG liquibase - master.changelog.json: migration/node-services.changelog-init.xml::1511451595465-46::R3.Corda: Computed checksum for addPrimaryKey:[
    columnNames="tx_id"
    constraintName="node_transactions_pkey"
    tableName="node_transactions"
] as 4965c0f02c5ff2bc61985685f3256218
17:43:56.981 [Test worker] DEBUG liquibase - master.changelog.json: migration/node-services.changelog-init.xml::1511451595465-46::R3.Corda: Computed checksum for 7:4965c0f02c5ff2bc61985685f3256218: as 1a41a33c68c6f56be99cbfa9af7c2646
17:43:56.982 [Test worker] DEBUG liquibase - master.changelog.json: migration/node-services.changelog-init.xml::1511451595465-61::R3.Corda: Computed checksum for addForeignKeyConstraint:[
    baseColumnNames="party_name"
    baseTableName="node_link_nodeinfo_party"
    constraintName="FK__link_ni_p__info_p_cert"
    referencedColumnNames="party_name"
    referencedTableName="node_info_party_cert"
] as 44f7bd5dcfc33807eef117a55a62eef7
17:43:56.982 [Test worker] DEBUG liquibase - master.changelog.json: migration/node-services.changelog-init.xml::1511451595465-61::R3.Corda: Computed checksum for 7:44f7bd5dcfc33807eef117a55a62eef7: as f753db641a982caad48d7169dafbc854
17:43:56.982 [Test worker] DEBUG liquibase - master.changelog.json: migration/node-services.changelog-init.xml::add index att_id::R3.Corda: Computed checksum for createIndex:[
    columns=[
        [
            name="att_id"
        ]
    ]
    indexName="att_id_idx"
    tableName="node_attachments"
] as 52e7146df14351ff7556f6d45bd4fabd
17:43:56.982 [Test worker] DEBUG liquibase - master.changelog.json: migration/node-services.changelog-init.xml::add index att_id::R3.Corda: Computed checksum for 7:52e7146df14351ff7556f6d45bd4fabd: as 302188110e9124abd4ef58020255fbb0
17:43:56.983 [Test worker] DEBUG liquibase - master.changelog.json: migration/node-services.changelog-init.xml::add_contract_attachment::R3.Corda: Computed checksum for createTable:[
    columns=[
        [
            [
                nullable="false"
            ]
            name="att_id"
            type="NVARCHAR(255)"
        ],
        [
            name="contract_class_name"
            type="NVARCHAR(255)"
        ]
    ]
    tableName="node_attchments_contracts"
] as 184098a87199f7fd6863799c29181b39
17:43:56.983 [Test worker] DEBUG liquibase - master.changelog.json: migration/node-services.changelog-init.xml::add_contract_attachment::R3.Corda: Computed checksum for addForeignKeyConstraint:[
    baseColumnNames="att_id"
    baseTableName="node_attchments_contracts"
    constraintName="FK__ctr_class__attachments"
    referencedColumnNames="att_id"
    referencedTableName="node_attachments"
] as f50a4be698e1b1efc9e456d8a396f45d
17:43:56.983 [Test worker] DEBUG liquibase - master.changelog.json: migration/node-services.changelog-init.xml::add_contract_attachment::R3.Corda: Computed checksum for delete:[
    tableName="node_attachments"
] as 6ab2de0f26c32b87fd416f7bb0b2041a
17:43:56.983 [Test worker] DEBUG liquibase - master.changelog.json: migration/node-services.changelog-init.xml::add_contract_attachment::R3.Corda: Computed checksum for 7:184098a87199f7fd6863799c29181b39:7:f50a4be698e1b1efc9e456d8a396f45d:7:6ab2de0f26c32b87fd416f7bb0b2041a: as 2cfbc6a84cfcd7b8ce011b58aa70f584
17:43:56.984 [Test worker] DEBUG liquibase - master.changelog.json: migration/node-services.changelog-init.xml::add_dedup_columns::R3.Corda: Computed checksum for addColumn:[
    columns=[
        [
            name="sender"
            type="NVARCHAR(64)"
        ],
        [
            name="sequence_number"
            type="BIGINT"
        ]
    ]
    tableName="node_message_ids"
] as 52d08b6e53239379a1a266904ac87a23
17:43:56.984 [Test worker] DEBUG liquibase - master.changelog.json: migration/node-services.changelog-init.xml::add_dedup_columns::R3.Corda: Computed checksum for 7:52d08b6e53239379a1a266904ac87a23: as 376ede2552aa97e8abf9d9a808c16692
17:43:56.984 [Test worker] DEBUG liquibase - master.changelog.json: migration/node-core.changelog-v4.xml::attchments_rename::R3.Corda: Computed checksum for renameTable:[
    newTableName="node_attachments_contracts"
    oldTableName="node_attchments_contracts"
] as 0356ef37e1bbbe5465248f9614a94dd3
17:43:56.984 [Test worker] DEBUG liquibase - master.changelog.json: migration/node-core.changelog-v4.xml::attchments_rename::R3.Corda: Computed checksum for 7:0356ef37e1bbbe5465248f9614a94dd3: as 9c9553fbc45dfa0ec2117a113b1bfb13
17:43:56.985 [Test worker] DEBUG liquibase - master.changelog.json: migration/node-core.changelog-v4.xml::nullability::R3.Corda: Computed checksum for addNotNullConstraint:[
    columnDataType="blob"
    columnName="identity_value"
    tableName="node_identities"
] as 0ff1c74277be0f57d8da467bd3af81ba
17:43:56.985 [Test worker] DEBUG liquibase - master.changelog.json: migration/node-core.changelog-v4.xml::nullability::R3.Corda: Computed checksum for addNotNullConstraint:[
    columnDataType="blob"
    columnName="content"
    tableName="node_attachments"
] as dd563134d4976b0fc550563a3a9547d0
17:43:56.985 [Test worker] DEBUG liquibase - master.changelog.json: migration/node-core.changelog-v4.xml::nullability::R3.Corda: Computed checksum for addNotNullConstraint:[
    columnDataType="NVARCHAR(255)"
    columnName="contract_class_name"
    tableName="node_attachments_contracts"
] as fcbb1bca17f3fdbb18a1857897fc06f5
17:43:56.985 [Test worker] DEBUG liquibase - master.changelog.json: migration/node-core.changelog-v4.xml::nullability::R3.Corda: Computed checksum for addNotNullConstraint:[
    columnDataType="blob"
    columnName="checkpoint_value"
    tableName="node_checkpoints"
] as 58c19f5fa79bba98f82a37d6f4b5a6b9
17:43:56.985 [Test worker] DEBUG liquibase - master.changelog.json: migration/node-core.changelog-v4.xml::nullability::R3.Corda: Computed checksum for addNotNullConstraint:[
    columnDataType="NVARCHAR(255)"
    columnName="contract_class_name"
    tableName="node_contract_upgrades"
] as c29d2d41b0a68e07a140a2368ba5bba1
17:43:56.985 [Test worker] DEBUG liquibase - master.changelog.json: migration/node-core.changelog-v4.xml::nullability::R3.Corda: Computed checksum for addNotNullConstraint:[
    columnDataType="timestamp"
    columnName="insertion_time"
    tableName="node_message_ids"
] as 790718a410431aa28f9264789001ba45
17:43:56.985 [Test worker] DEBUG liquibase - master.changelog.json: migration/node-core.changelog-v4.xml::nullability::R3.Corda: Computed checksum for addNotNullConstraint:[
    columnDataType="blob"
    columnName="message"
    tableName="node_message_retry"
] as 1898ae47388ec4edef20156ecfff9aac
17:43:56.986 [Test worker] DEBUG liquibase - master.changelog.json: migration/node-core.changelog-v4.xml::nullability::R3.Corda: Computed checksum for addNotNullConstraint:[
    columnDataType="blob"
    columnName="recipients"
    tableName="node_message_retry"
] as c8e6a209afb71510082c39b6585beccf
17:43:56.987 [Test worker] DEBUG liquibase - master.changelog.json: migration/node-core.changelog-v4.xml::nullability::R3.Corda: Computed checksum for addNotNullConstraint:[
    columnDataType="NVARCHAR(130)"
    columnName="pk_hash"
    tableName="node_named_identities"
] as a8187d893238bffdbf57cdd9d63bfdba
17:43:56.987 [Test worker] DEBUG liquibase - master.changelog.json: migration/node-core.changelog-v4.xml::nullability::R3.Corda: Computed checksum for addNotNullConstraint:[
    columnDataType="blob"
    columnName="private_key"
    tableName="node_our_key_pairs"
] as b2af64a77f468869df53c57ab50eb85b
17:43:56.987 [Test worker] DEBUG liquibase - master.changelog.json: migration/node-core.changelog-v4.xml::nullability::R3.Corda: Computed checksum for addNotNullConstraint:[
    columnDataType="blob"
    columnName="public_key"
    tableName="node_our_key_pairs"
] as 713d90dc7b4029ace717deb55694f4a5
17:43:56.987 [Test worker] DEBUG liquibase - master.changelog.json: migration/node-core.changelog-v4.xml::nullability::R3.Corda: Computed checksum for addNotNullConstraint:[
    columnDataType="NVARCHAR(36)"
    columnName="state_machine_run_id"
    tableName="node_transaction_mappings"
] as 685dff1bf416bfa2574449a7f932d6f1
17:43:56.987 [Test worker] DEBUG liquibase - master.changelog.json: migration/node-core.changelog-v4.xml::nullability::R3.Corda: Computed checksum for addNotNullConstraint:[
    columnDataType="blob"
    columnName="transaction_value"
    tableName="node_transactions"
] as 9f7524707b3715b2aa22a20bc6fcabc5
17:43:56.987 [Test worker] DEBUG liquibase - master.changelog.json: migration/node-core.changelog-v4.xml::nullability::R3.Corda: Computed checksum for 7:0ff1c74277be0f57d8da467bd3af81ba:7:dd563134d4976b0fc550563a3a9547d0:7:fcbb1bca17f3fdbb18a1857897fc06f5:7:58c19f5fa79bba98f82a37d6f4b5a6b9:7:c29d2d41b0a68e07a140a2368ba5bba1:7:790718a410431aa28f9264789001ba45:7:1898ae47388ec4edef20156ecfff9aac:7:c8e6a209afb71510082c39b6585beccf:7:a8187d893238bffdbf57cdd9d63bfdba:7:b2af64a77f468869df53c57ab50eb85b:7:713d90dc7b4029ace717deb55694f4a5:7:685dff1bf416bfa2574449a7f932d6f1:7:9f7524707b3715b2aa22a20bc6fcabc5: as 73b3f89cdd2a42efebeb125648c28191
17:43:56.988 [Test worker] DEBUG liquibase - master.changelog.json: migration/node-core.changelog-v5.xml::remove_unused_node_message_retry::R3.Corda: Computed checksum for dropTable:[
    tableName="node_message_retry"
] as 8907740960b74152d1e573f64f4ce208
17:43:56.988 [Test worker] DEBUG liquibase - master.changelog.json: migration/node-core.changelog-v5.xml::remove_unused_node_message_retry::R3.Corda: Computed checksum for 7:8907740960b74152d1e573f64f4ce208: as cd120ad46e3a88b0eeaa7ffdcf8a0861
17:43:56.988 [Test worker] DEBUG liquibase - master.changelog.json: migration/node-core.changelog-pkey.xml::non-clustered_pk-1::R3.Corda: Computed checksum for dropPrimaryKey:[
    constraintName="node_checkpoints_pkey"
    tableName="node_checkpoints"
] as 9f99a134773f14ab2cbc2cd6f156b603
17:43:57.028 [Test worker] DEBUG liquibase - master.changelog.json: migration/node-core.changelog-pkey.xml::non-clustered_pk-1::R3.Corda: Computed checksum for addPrimaryKey:[
    clustered="false"
    columnNames="checkpoint_id"
    constraintName="node_checkpoints_pkey"
    tableName="node_checkpoints"
] as a18afa1a1a70b87465896c3520a34c84
17:43:57.029 [Test worker] DEBUG liquibase - master.changelog.json: migration/node-core.changelog-pkey.xml::non-clustered_pk-1::R3.Corda: Computed checksum for 7:9f99a134773f14ab2cbc2cd6f156b603:7:a18afa1a1a70b87465896c3520a34c84: as eb9d9d13536371a16c05f8a89051e6b0
17:43:57.029 [Test worker] INFO liquibase - master.changelog.json: migration/node-core.changelog-pkey.xml::non-clustered_pk-1::R3.Corda: Skipping changeSet migration/node-core.changelog-pkey.xml::non-clustered_pk-1::R3.Corda due to validation error(s): clustered is not allowed on h2
17:43:57.029 [Test worker] DEBUG liquibase - master.changelog.json: migration/node-core.changelog-pkey.xml::non-clustered_pk-2::R3.Corda: Computed checksum for dropPrimaryKey:[
    constraintName="node_identities_pkey"
    tableName="node_identities"
] as 605c45e8edd8d52e86e00a89fe2ac35e
17:43:57.030 [Test worker] DEBUG liquibase - master.changelog.json: migration/node-core.changelog-pkey.xml::non-clustered_pk-2::R3.Corda: Computed checksum for addPrimaryKey:[
    clustered="false"
    columnNames="pk_hash"
    constraintName="node_identities_pkey"
    tableName="node_identities"
] as fbf664dd28d0f4f6c49ae6c1fa52bd3e
17:43:57.030 [Test worker] DEBUG liquibase - master.changelog.json: migration/node-core.changelog-pkey.xml::non-clustered_pk-2::R3.Corda: Computed checksum for 7:605c45e8edd8d52e86e00a89fe2ac35e:7:fbf664dd28d0f4f6c49ae6c1fa52bd3e: as d4192425f4f38b39f3b09611028e5c14
17:43:57.031 [Test worker] INFO liquibase - master.changelog.json: migration/node-core.changelog-pkey.xml::non-clustered_pk-2::R3.Corda: Skipping changeSet migration/node-core.changelog-pkey.xml::non-clustered_pk-2::R3.Corda due to validation error(s): clustered is not allowed on h2
17:43:57.031 [Test worker] DEBUG liquibase - master.changelog.json: migration/node-core.changelog-pkey.xml::non-clustered_pk-3::R3.Corda: Computed checksum for dropPrimaryKey:[
    constraintName="node_message_ids_pkey"
    tableName="node_message_ids"
] as ba87180f3d741766134d74212ca6032f
17:43:57.031 [Test worker] DEBUG liquibase - master.changelog.json: migration/node-core.changelog-pkey.xml::non-clustered_pk-3::R3.Corda: Computed checksum for addPrimaryKey:[
    clustered="false"
    columnNames="message_id"
    constraintName="node_message_ids_pkey"
    tableName="node_message_ids"
] as 8aaadb5242637738d617d395100b45a5
17:43:57.032 [Test worker] DEBUG liquibase - master.changelog.json: migration/node-core.changelog-pkey.xml::non-clustered_pk-3::R3.Corda: Computed checksum for 7:ba87180f3d741766134d74212ca6032f:7:8aaadb5242637738d617d395100b45a5: as 9773a095cc1db7ea3a66e7e5565bb58e
17:43:57.032 [Test worker] INFO liquibase - master.changelog.json: migration/node-core.changelog-pkey.xml::non-clustered_pk-3::R3.Corda: Skipping changeSet migration/node-core.changelog-pkey.xml::non-clustered_pk-3::R3.Corda due to validation error(s): clustered is not allowed on h2
17:43:57.032 [Test worker] DEBUG liquibase - master.changelog.json: migration/node-core.changelog-pkey.xml::non-clustered_pk-4::R3.Corda: Computed checksum for dropPrimaryKey:[
    constraintName="node_named_identities_pkey"
    tableName="node_named_identities"
] as d24b036e035ca98e1702e37946c90818
17:43:57.033 [Test worker] DEBUG liquibase - master.changelog.json: migration/node-core.changelog-pkey.xml::non-clustered_pk-4::R3.Corda: Computed checksum for addPrimaryKey:[
    clustered="false"
    columnNames="name"
    constraintName="node_named_identities_pkey"
    tableName="node_named_identities"
] as ae93b29e74c25596344b0d7aa14239b9
17:43:57.033 [Test worker] DEBUG liquibase - master.changelog.json: migration/node-core.changelog-pkey.xml::non-clustered_pk-4::R3.Corda: Computed checksum for 7:d24b036e035ca98e1702e37946c90818:7:ae93b29e74c25596344b0d7aa14239b9: as f1e21d4abffbb24133e752eb9cd6a162
17:43:57.033 [Test worker] INFO liquibase - master.changelog.json: migration/node-core.changelog-pkey.xml::non-clustered_pk-4::R3.Corda: Skipping changeSet migration/node-core.changelog-pkey.xml::non-clustered_pk-4::R3.Corda due to validation error(s): clustered is not allowed on h2
17:43:57.033 [Test worker] DEBUG liquibase - master.changelog.json: migration/node-core.changelog-pkey.xml::non-clustered_pk-5::R3.Corda: Computed checksum for dropPrimaryKey:[
    constraintName="node_our_key_pairs_pkey"
    tableName="node_our_key_pairs"
] as 9ac2cf82fe1a0d3a4afa3f284102f0ed
17:43:57.034 [Test worker] DEBUG liquibase - master.changelog.json: migration/node-core.changelog-pkey.xml::non-clustered_pk-5::R3.Corda: Computed checksum for addPrimaryKey:[
    clustered="false"
    columnNames="public_key_hash"
    constraintName="node_our_key_pairs_pkey"
    tableName="node_our_key_pairs"
] as b30cc3700d89cfc198fe0601af670c55
17:43:57.034 [Test worker] DEBUG liquibase - master.changelog.json: migration/node-core.changelog-pkey.xml::non-clustered_pk-5::R3.Corda: Computed checksum for 7:9ac2cf82fe1a0d3a4afa3f284102f0ed:7:b30cc3700d89cfc198fe0601af670c55: as 4ea09df2dbab99be33f8251a40d1c5a6
17:43:57.034 [Test worker] INFO liquibase - master.changelog.json: migration/node-core.changelog-pkey.xml::non-clustered_pk-5::R3.Corda: Skipping changeSet migration/node-core.changelog-pkey.xml::non-clustered_pk-5::R3.Corda due to validation error(s): clustered is not allowed on h2
17:43:57.035 [Test worker] DEBUG liquibase - master.changelog.json: migration/node-core.changelog-pkey.xml::non-clustered_pk-6::R3.Corda: Computed checksum for dropPrimaryKey:[
    constraintName="node_transaction_mappings_pkey"
    tableName="node_transaction_mappings"
] as 983db0cc88ef50f6461218ae4c516eed
17:43:57.035 [Test worker] DEBUG liquibase - master.changelog.json: migration/node-core.changelog-pkey.xml::non-clustered_pk-6::R3.Corda: Computed checksum for addPrimaryKey:[
    clustered="false"
    columnNames="tx_id"
    constraintName="node_transaction_mappings_pkey"
    tableName="node_transaction_mappings"
] as dcb9146c1054916a8af5a4fb2f9152e2
17:43:57.035 [Test worker] DEBUG liquibase - master.changelog.json: migration/node-core.changelog-pkey.xml::non-clustered_pk-6::R3.Corda: Computed checksum for 7:983db0cc88ef50f6461218ae4c516eed:7:dcb9146c1054916a8af5a4fb2f9152e2: as cb349ad07d3039e6d7d2f184988b954f
17:43:57.035 [Test worker] INFO liquibase - master.changelog.json: migration/node-core.changelog-pkey.xml::non-clustered_pk-6::R3.Corda: Skipping changeSet migration/node-core.changelog-pkey.xml::non-clustered_pk-6::R3.Corda due to validation error(s): clustered is not allowed on h2
17:43:57.035 [Test worker] DEBUG liquibase - master.changelog.json: migration/node-core.changelog-pkey.xml::non-clustered_pk-7::R3.Corda: Computed checksum for dropPrimaryKey:[
    constraintName="node_transactions_pkey"
    tableName="node_transactions"
] as f422783d78c2f5d16738c611e1317bf1
17:43:57.036 [Test worker] DEBUG liquibase - master.changelog.json: migration/node-core.changelog-pkey.xml::non-clustered_pk-7::R3.Corda: Computed checksum for addPrimaryKey:[
    clustered="false"
    columnNames="tx_id"
    constraintName="node_transactions_pkey"
    tableName="node_transactions"
] as 457dcb0ccf83fa48cc8a9643c91b9ad4
17:43:57.036 [Test worker] DEBUG liquibase - master.changelog.json: migration/node-core.changelog-pkey.xml::non-clustered_pk-7::R3.Corda: Computed checksum for 7:f422783d78c2f5d16738c611e1317bf1:7:457dcb0ccf83fa48cc8a9643c91b9ad4: as 97c3ef240152c18129859ea5ae999c9e
17:43:57.036 [Test worker] INFO liquibase - master.changelog.json: migration/node-core.changelog-pkey.xml::non-clustered_pk-7::R3.Corda: Skipping changeSet migration/node-core.changelog-pkey.xml::non-clustered_pk-7::R3.Corda due to validation error(s): clustered is not allowed on h2
17:43:57.036 [Test worker] DEBUG liquibase - master.changelog.json: migration/node-core.changelog-v8.xml::conditional_attchments_rename::R3.Corda: Computed checksum for renameTable:[
    newTableName="NODE_ATTACHMENTS_CONTRACTS"
    oldTableName="NODE_ATTCHMENTS_CONTRACTS"
] as 0dba1c02ba10df0f9c88e1631299486e
17:43:57.037 [Test worker] DEBUG liquibase - master.changelog.json: migration/node-core.changelog-v8.xml::conditional_attchments_rename::R3.Corda: Computed checksum for 7:0dba1c02ba10df0f9c88e1631299486e: as c7fcf1b072eb8882179623895abd6a53
17:43:57.037 [Test worker] DEBUG liquibase - master.changelog.json: migration/node-core.changelog-v8.xml::conditional_attchments_contracts::R3.Corda: Computed checksum for renameTable:[
    newTableName="NODE_ATTACHMENTS_CONTRACTS"
    oldTableName="NODE_ATTACHMENTS_CONTRACT_CLASS_NAME"
] as ae58ab3570282cf1723e82df8647178c
17:43:57.037 [Test worker] DEBUG liquibase - master.changelog.json: migration/node-core.changelog-v8.xml::conditional_attchments_contracts::R3.Corda: Computed checksum for 7:ae58ab3570282cf1723e82df8647178c: as 9ec85543b6baac8a877ad21f063a5b13
17:43:57.037 [Test worker] DEBUG liquibase - master.changelog.json: migration/node-core.changelog-v8.xml::add_signers::R3.Corda: Computed checksum for createTable:[
    columns=[
        [
            [
                nullable="false"
            ]
            name="att_id"
            type="NVARCHAR(255)"
        ],
        [
            name="signer"
            type="NVARCHAR(1024)"
        ]
    ]
    tableName="node_attachments_signers"
] as ec83f8cd0344429668e5c2aedd0b2ab3
17:43:57.038 [Test worker] DEBUG liquibase - master.changelog.json: migration/node-core.changelog-v8.xml::add_signers::R3.Corda: Computed checksum for addForeignKeyConstraint:[
    baseColumnNames="att_id"
    baseTableName="node_attachments_signers"
    constraintName="FK__signers__attachments"
    referencedColumnNames="att_id"
    referencedTableName="node_attachments"
] as e86b87f9584ab73e9b56daa91c983050
17:43:57.038 [Test worker] DEBUG liquibase - master.changelog.json: migration/node-core.changelog-v8.xml::add_signers::R3.Corda: Computed checksum for 7:ec83f8cd0344429668e5c2aedd0b2ab3:7:e86b87f9584ab73e9b56daa91c983050: as d1356cd65d19937b81284ea078998d84
17:43:57.039 [Test worker] DEBUG liquibase - master.changelog.json: migration/node-core.changelog-tx-mapping.xml::add_tx_mapping_column::R3.Corda: Computed checksum for addColumn:[
    columns=[
        [
            [
                nullable="true"
            ]
            name="state_machine_run_id"
            type="NVARCHAR(36)"
        ]
    ]
    tableName="node_transactions"
] as 5fdebff63e6f64287935a2e65414d2a3
17:43:57.040 [Test worker] DEBUG liquibase - master.changelog.json: migration/node-core.changelog-tx-mapping.xml::add_tx_mapping_column::R3.Corda: Computed checksum for inputStream as a8472f5cf0c2c13303109942b6dbce69
17:43:57.040 [Test worker] DEBUG liquibase - master.changelog.json: migration/node-core.changelog-tx-mapping.xml::add_tx_mapping_column::R3.Corda: Computed checksum for dropTable:[
    tableName="node_transaction_mappings"
] as b220f3903f4c1c9d2298c35db99c59ac
17:43:57.040 [Test worker] DEBUG liquibase - master.changelog.json: migration/node-core.changelog-tx-mapping.xml::add_tx_mapping_column::R3.Corda: Computed checksum for 7:5fdebff63e6f64287935a2e65414d2a3:7:a8472f5cf0c2c13303109942b6dbce69:7:b220f3903f4c1c9d2298c35db99c59ac: as a0995593179aec45250c383611edd1e2
17:43:57.041 [Test worker] DEBUG liquibase - master.changelog.json: migration/node-services.changelog-init.xml::add_network_parameters_storage::R3.Corda: Computed checksum for createTable:[
    columns=[
        [
            [
                nullable="false"
            ]
            name="hash"
            type="NVARCHAR(130)"
        ],
        [
            [
                nullable="false"
            ]
            name="epoch"
            type="INT"
        ],
        [
            [
                nullable="false"
            ]
            name="parameters_bytes"
            type="BLOB"
        ],
        [
            [
                nullable="false"
    ... [truncated in log] as 0c5ab9f5cdf1cceb5855e79ec0df5990
17:43:57.043 [Test worker] DEBUG liquibase - master.changelog.json: migration/node-services.changelog-init.xml::add_network_parameters_storage::R3.Corda: Computed checksum for 7:0c5ab9f5cdf1cceb5855e79ec0df5990: as 8d5882f94d9f58647903210994573073
17:43:57.043 [Test worker] DEBUG liquibase - master.changelog.json: migration/node-services.changelog-init.xml::network_parameters_pk::R3.Corda: Computed checksum for addPrimaryKey:[
    columnNames="hash"
    constraintName="node_network_parameters_pkey"
    tableName="node_network_parameters"
] as 7398cbb8aa8fc3cf93265e77bbc28f93
17:43:57.044 [Test worker] DEBUG liquibase - master.changelog.json: migration/node-services.changelog-init.xml::network_parameters_pk::R3.Corda: Computed checksum for 7:7398cbb8aa8fc3cf93265e77bbc28f93: as 71635301bd498e4d52b02988795348e6
17:43:57.044 [Test worker] DEBUG liquibase - master.changelog.json: migration/node-services.changelog-init.xml::add_version_column::R3.Corda: Computed checksum for addColumn:[
    columns=[
        [
            name="version"
            type="INT"
        ]
    ]
    tableName="node_attachments"
] as c4c33cea80ccf15793fa7b5e24a6746f
17:43:57.045 [Test worker] DEBUG liquibase - master.changelog.json: migration/node-services.changelog-init.xml::add_version_column::R3.Corda: Computed checksum for inputStream as 7ceaceee938a74c8cea67468ab2e68f4
17:43:57.046 [Test worker] DEBUG liquibase - master.changelog.json: migration/node-services.changelog-init.xml::add_version_column::R3.Corda: Computed checksum for addNotNullConstraint:[
    columnDataType="INT"
    columnName="version"
    tableName="node_attachments"
] as a6d4059f21164657e11caa70338e4c7b
17:43:57.047 [Test worker] DEBUG liquibase - master.changelog.json: migration/node-services.changelog-init.xml::add_version_column::R3.Corda: Computed checksum for 7:c4c33cea80ccf15793fa7b5e24a6746f:7:7ceaceee938a74c8cea67468ab2e68f4:7:a6d4059f21164657e11caa70338e4c7b: as 7d7fb1c90fa05b5fc3b938fd7c520344
17:43:57.047 [Test worker] DEBUG liquibase - master.changelog.json: migration/node-services.changelog-init.xml::update-version-of-whitelisted-jars::R3.Corda: Computed checksum for customChange:[
    class="net.corda.nodeapi.internal.persistence.AttachmentVersionNumberMigration"
    param=[]
] as cccb7fe15337dd836d74b41ef3a3c6f5
17:43:57.048 [Test worker] DEBUG liquibase - master.changelog.json: migration/node-services.changelog-init.xml::update-version-of-whitelisted-jars::R3.Corda: Computed checksum for 7:cccb7fe15337dd836d74b41ef3a3c6f5: as 706b589854273bdf703c4ed7a2a9191b
17:43:57.048 [Test worker] DEBUG liquibase - master.changelog.json: migration/vault-schema.changelog-v9.xml::update-vault-states::R3.Corda: Computed checksum for customChange:[
    class="net.corda.node.migration.VaultStateMigration"
    param=[]
] as d51d633a004ca013feeabe1129953946
17:43:57.048 [Test worker] DEBUG liquibase - master.changelog.json: migration/vault-schema.changelog-v9.xml::update-vault-states::R3.Corda: Computed checksum for 7:d51d633a004ca013feeabe1129953946: as b005d9ddca6ae24f7eb8c275fb095a30
17:43:57.049 [Test worker] DEBUG liquibase - Executing QUERY database command: select count(*) from PUBLIC.DATABASECHANGELOGLOCK
17:43:57.049 [Test worker] DEBUG liquibase - Executing QUERY database command: SELECT LOCKED FROM PUBLIC.DATABASECHANGELOGLOCK WHERE ID=1
17:43:57.050 [Test worker] DEBUG liquibase - Lock Database
17:43:57.052 [Test worker] DEBUG liquibase - Executing UPDATE database command: UPDATE PUBLIC.DATABASECHANGELOGLOCK SET LOCKED = TRUE, LOCKEDBY = 'DELL (192.168.43.160)', LOCKGRANTED = '2019-10-14 17:43:57.050' WHERE ID = 1 AND LOCKED = FALSE
17:43:57.053 [Test worker] INFO liquibase - Successfully acquired change log lock
17:43:57.053 [Test worker] INFO liquibase - master.changelog.json: migration/common.changelog-init.xml::1511451595465-1.3::R3.Corda: Skipping changeSet migration/common.changelog-init.xml::1511451595465-1.3::R3.Corda due to validation error(s): minValue is not allowed on h2
17:43:57.057 [Test worker] INFO liquibase - master.changelog.json: migration/vault-schema.changelog-pkey.xml::non-clustered_pk-11::R3.Corda: Skipping changeSet migration/vault-schema.changelog-pkey.xml::non-clustered_pk-11::R3.Corda due to validation error(s): clustered is not allowed on h2
17:43:57.058 [Test worker] INFO liquibase - master.changelog.json: migration/vault-schema.changelog-pkey.xml::non-clustered_pk-12::R3.Corda: Skipping changeSet migration/vault-schema.changelog-pkey.xml::non-clustered_pk-12::R3.Corda due to validation error(s): clustered is not allowed on h2
17:43:57.058 [Test worker] INFO liquibase - master.changelog.json: migration/vault-schema.changelog-pkey.xml::non-clustered_pk-13::R3.Corda: Skipping changeSet migration/vault-schema.changelog-pkey.xml::non-clustered_pk-13::R3.Corda due to validation error(s): clustered is not allowed on h2
17:43:57.084 [Test worker] INFO liquibase - master.changelog.json: migration/node-core.changelog-pkey.xml::non-clustered_pk-1::R3.Corda: Skipping changeSet migration/node-core.changelog-pkey.xml::non-clustered_pk-1::R3.Corda due to validation error(s): clustered is not allowed on h2
17:43:57.084 [Test worker] INFO liquibase - master.changelog.json: migration/node-core.changelog-pkey.xml::non-clustered_pk-2::R3.Corda: Skipping changeSet migration/node-core.changelog-pkey.xml::non-clustered_pk-2::R3.Corda due to validation error(s): clustered is not allowed on h2
17:43:57.085 [Test worker] INFO liquibase - master.changelog.json: migration/node-core.changelog-pkey.xml::non-clustered_pk-3::R3.Corda: Skipping changeSet migration/node-core.changelog-pkey.xml::non-clustered_pk-3::R3.Corda due to validation error(s): clustered is not allowed on h2
17:43:57.085 [Test worker] INFO liquibase - master.changelog.json: migration/node-core.changelog-pkey.xml::non-clustered_pk-4::R3.Corda: Skipping changeSet migration/node-core.changelog-pkey.xml::non-clustered_pk-4::R3.Corda due to validation error(s): clustered is not allowed on h2
17:43:57.111 [Test worker] INFO liquibase - master.changelog.json: migration/node-core.changelog-pkey.xml::non-clustered_pk-5::R3.Corda: Skipping changeSet migration/node-core.changelog-pkey.xml::non-clustered_pk-5::R3.Corda due to validation error(s): clustered is not allowed on h2
17:43:57.112 [Test worker] INFO liquibase - master.changelog.json: migration/node-core.changelog-pkey.xml::non-clustered_pk-6::R3.Corda: Skipping changeSet migration/node-core.changelog-pkey.xml::non-clustered_pk-6::R3.Corda due to validation error(s): clustered is not allowed on h2
17:43:57.112 [Test worker] INFO liquibase - master.changelog.json: migration/node-core.changelog-pkey.xml::non-clustered_pk-7::R3.Corda: Skipping changeSet migration/node-core.changelog-pkey.xml::non-clustered_pk-7::R3.Corda due to validation error(s): clustered is not allowed on h2
17:43:57.115 [Test worker] DEBUG liquibase - master.changelog.json: migration/common.changelog-init.xml::1511451595465-1.1::R3.Corda: Running Changeset:migration/common.changelog-init.xml::1511451595465-1.1::R3.Corda
17:43:57.140 [Test worker] DEBUG liquibase - master.changelog.json: migration/common.changelog-init.xml::1511451595465-1.1::R3.Corda: Changeset migration/common.changelog-init.xml::1511451595465-1.1::R3.Corda
17:43:57.140 [Test worker] DEBUG liquibase - master.changelog.json: migration/common.changelog-init.xml::1511451595465-1.1::R3.Corda: Executing QUERY database command: SELECT SEQUENCE_NAME FROM INFORMATION_SCHEMA.SEQUENCES WHERE SEQUENCE_SCHEMA = 'null' AND IS_GENERATED=FALSE
17:43:57.144 [Test worker] DEBUG liquibase - master.changelog.json: migration/common.changelog-init.xml::1511451595465-1.1::R3.Corda: Executing QUERY database command: SELECT SEQUENCE_NAME FROM INFORMATION_SCHEMA.SEQUENCES WHERE SEQUENCE_SCHEMA = 'PUBLIC' AND IS_GENERATED=FALSE
17:43:57.145 [Test worker] DEBUG liquibase - master.changelog.json: migration/common.changelog-init.xml::1511451595465-1.1::R3.Corda: Reading ChangeSet: migration/common.changelog-init.xml::1511451595465-1.1::R3.Corda
17:43:57.147 [Test worker] DEBUG liquibase - master.changelog.json: migration/common.changelog-init.xml::1511451595465-1.1::R3.Corda: Executing Statement: liquibase.statement.core.CreateSequenceStatement@35710a4e
17:43:57.147 [Test worker] DEBUG liquibase - master.changelog.json: migration/common.changelog-init.xml::1511451595465-1.1::R3.Corda: Executing EXECUTE database command: CREATE SEQUENCE PUBLIC.hibernate_sequence
17:43:57.147 [Test worker] INFO liquibase - master.changelog.json: migration/common.changelog-init.xml::1511451595465-1.1::R3.Corda: Sequence hibernate_sequence created
17:43:57.148 [Test worker] INFO liquibase - master.changelog.json: migration/common.changelog-init.xml::1511451595465-1.1::R3.Corda: ChangeSet migration/common.changelog-init.xml::1511451595465-1.1::R3.Corda ran successfully in 8ms
17:43:57.148 [Test worker] DEBUG liquibase - master.changelog.json: migration/common.changelog-init.xml::1511451595465-1.1::R3.Corda: Executing QUERY database command: SELECT MAX(ORDEREXECUTED) FROM PUBLIC.DATABASECHANGELOG
17:43:57.149 [Test worker] DEBUG liquibase - master.changelog.json: migration/common.changelog-init.xml::1511451595465-1.1::R3.Corda: Executing EXECUTE database command: INSERT INTO PUBLIC.DATABASECHANGELOG (ID, AUTHOR, FILENAME, DATEEXECUTED, ORDEREXECUTED, MD5SUM, DESCRIPTION, COMMENTS, EXECTYPE, CONTEXTS, LABELS, LIQUIBASE, DEPLOYMENT_ID) VALUES ('1511451595465-1.1', 'R3.Corda', 'migration/common.changelog-init.xml', NOW(), 1, '7:afe897bea20bc08d1681087c94d0967d', 'createSequence sequenceName=hibernate_sequence', '', 'EXECUTED', NULL, NULL, '3.5.4', '1046237053')
17:43:57.150 [Test worker] DEBUG liquibase - master.changelog.json: migration/common.changelog-init.xml::1511451595465-1.3::R3.Corda: Running Changeset:migration/common.changelog-init.xml::1511451595465-1.3::R3.Corda
17:43:57.151 [Test worker] DEBUG liquibase - master.changelog.json: migration/common.changelog-init.xml::1511451595465-1.3::R3.Corda: Executing EXECUTE database command: INSERT INTO PUBLIC.DATABASECHANGELOG (ID, AUTHOR, FILENAME, DATEEXECUTED, ORDEREXECUTED, MD5SUM, DESCRIPTION, COMMENTS, EXECTYPE, CONTEXTS, LABELS, LIQUIBASE, DEPLOYMENT_ID) VALUES ('1511451595465-1.3', 'R3.Corda', 'migration/common.changelog-init.xml', NOW(), 2, '7:b775a64dd8351ca0b00329ea3e49f44b', 'createSequence sequenceName=hibernate_sequence', '', 'MARK_RAN', NULL, NULL, '3.5.4', '1046237053')
17:43:57.152 [Test worker] DEBUG liquibase - master.changelog.json: migration/vault-schema.changelog-init.xml::1511451595465-22::R3.Corda: Running Changeset:migration/vault-schema.changelog-init.xml::1511451595465-22::R3.Corda
17:43:57.152 [Test worker] DEBUG liquibase - master.changelog.json: migration/vault-schema.changelog-init.xml::1511451595465-22::R3.Corda: Changeset migration/vault-schema.changelog-init.xml::1511451595465-22::R3.Corda
17:43:57.152 [Test worker] DEBUG liquibase - master.changelog.json: migration/vault-schema.changelog-init.xml::1511451595465-22::R3.Corda: Reading ChangeSet: migration/vault-schema.changelog-init.xml::1511451595465-22::R3.Corda
17:43:57.152 [Test worker] DEBUG liquibase - master.changelog.json: migration/vault-schema.changelog-init.xml::1511451595465-22::R3.Corda: Executing Statement: liquibase.statement.core.CreateTableStatement@c476b4
17:43:57.152 [Test worker] DEBUG liquibase - master.changelog.json: migration/vault-schema.changelog-init.xml::1511451595465-22::R3.Corda: Executing EXECUTE database command: CREATE TABLE PUBLIC.vault_fungible_states (output_index INT NOT NULL, transaction_id NVARCHAR(64) NOT NULL, issuer_name NVARCHAR(255), issuer_ref VARBINARY(512), owner_name NVARCHAR(255), quantity BIGINT)
17:43:57.153 [Test worker] INFO liquibase - master.changelog.json: migration/vault-schema.changelog-init.xml::1511451595465-22::R3.Corda: Table vault_fungible_states created
17:43:57.153 [Test worker] INFO liquibase - master.changelog.json: migration/vault-schema.changelog-init.xml::1511451595465-22::R3.Corda: ChangeSet migration/vault-schema.changelog-init.xml::1511451595465-22::R3.Corda ran successfully in 1ms
17:43:57.154 [Test worker] DEBUG liquibase - master.changelog.json: migration/vault-schema.changelog-init.xml::1511451595465-22::R3.Corda: Executing EXECUTE database command: INSERT INTO PUBLIC.DATABASECHANGELOG (ID, AUTHOR, FILENAME, DATEEXECUTED, ORDEREXECUTED, MD5SUM, DESCRIPTION, COMMENTS, EXECTYPE, CONTEXTS, LABELS, LIQUIBASE, DEPLOYMENT_ID) VALUES ('1511451595465-22', 'R3.Corda', 'migration/vault-schema.changelog-init.xml', NOW(), 3, '7:1f8a20296ddeb0fc739bd8e7084b0bab', 'createTable tableName=vault_fungible_states', '', 'EXECUTED', NULL, NULL, '3.5.4', '1046237053')
17:43:57.154 [Test worker] DEBUG liquibase - master.changelog.json: migration/vault-schema.changelog-init.xml::1511451595465-23::R3.Corda: Running Changeset:migration/vault-schema.changelog-init.xml::1511451595465-23::R3.Corda
17:43:57.154 [Test worker] DEBUG liquibase - master.changelog.json: migration/vault-schema.changelog-init.xml::1511451595465-23::R3.Corda: Changeset migration/vault-schema.changelog-init.xml::1511451595465-23::R3.Corda
17:43:57.155 [Test worker] DEBUG liquibase - master.changelog.json: migration/vault-schema.changelog-init.xml::1511451595465-23::R3.Corda: Reading ChangeSet: migration/vault-schema.changelog-init.xml::1511451595465-23::R3.Corda
17:43:57.155 [Test worker] DEBUG liquibase - master.changelog.json: migration/vault-schema.changelog-init.xml::1511451595465-23::R3.Corda: Executing Statement: liquibase.statement.core.CreateTableStatement@743297
17:43:57.155 [Test worker] DEBUG liquibase - master.changelog.json: migration/vault-schema.changelog-init.xml::1511451595465-23::R3.Corda: Executing EXECUTE database command: CREATE TABLE PUBLIC.vault_fungible_states_parts (output_index INT NOT NULL, transaction_id NVARCHAR(64) NOT NULL, participants NVARCHAR(255))
17:43:57.160 [Test worker] INFO liquibase - master.changelog.json: migration/vault-schema.changelog-init.xml::1511451595465-23::R3.Corda: Table vault_fungible_states_parts created
17:43:57.161 [Test worker] INFO liquibase - master.changelog.json: migration/vault-schema.changelog-init.xml::1511451595465-23::R3.Corda: ChangeSet migration/vault-schema.changelog-init.xml::1511451595465-23::R3.Corda ran successfully in 7ms
17:43:57.162 [Test worker] DEBUG liquibase - master.changelog.json: migration/vault-schema.changelog-init.xml::1511451595465-23::R3.Corda: Executing EXECUTE database command: INSERT INTO PUBLIC.DATABASECHANGELOG (ID, AUTHOR, FILENAME, DATEEXECUTED, ORDEREXECUTED, MD5SUM, DESCRIPTION, COMMENTS, EXECTYPE, CONTEXTS, LABELS, LIQUIBASE, DEPLOYMENT_ID) VALUES ('1511451595465-23', 'R3.Corda', 'migration/vault-schema.changelog-init.xml', NOW(), 4, '7:1a9f6483c225c03a3a558b5b20306741', 'createTable tableName=vault_fungible_states_parts', '', 'EXECUTED', NULL, NULL, '3.5.4', '1046237053')
17:43:57.164 [Test worker] DEBUG liquibase - master.changelog.json: migration/vault-schema.changelog-init.xml::1511451595465-24::R3.Corda: Running Changeset:migration/vault-schema.changelog-init.xml::1511451595465-24::R3.Corda
17:43:57.164 [Test worker] DEBUG liquibase - master.changelog.json: migration/vault-schema.changelog-init.xml::1511451595465-24::R3.Corda: Changeset migration/vault-schema.changelog-init.xml::1511451595465-24::R3.Corda
17:43:57.164 [Test worker] DEBUG liquibase - master.changelog.json: migration/vault-schema.changelog-init.xml::1511451595465-24::R3.Corda: Reading ChangeSet: migration/vault-schema.changelog-init.xml::1511451595465-24::R3.Corda
17:43:57.165 [Test worker] DEBUG liquibase - master.changelog.json: migration/vault-schema.changelog-init.xml::1511451595465-24::R3.Corda: Executing Statement: liquibase.statement.core.CreateTableStatement@7123e8f2
17:43:57.165 [Test worker] DEBUG liquibase - master.changelog.json: migration/vault-schema.changelog-init.xml::1511451595465-24::R3.Corda: Executing EXECUTE database command: CREATE TABLE PUBLIC.vault_linear_states (output_index INT NOT NULL, transaction_id NVARCHAR(64) NOT NULL, external_id NVARCHAR(255), uuid VARCHAR(255) NOT NULL)
17:43:57.165 [Test worker] INFO liquibase - master.changelog.json: migration/vault-schema.changelog-init.xml::1511451595465-24::R3.Corda: Table vault_linear_states created
17:43:57.165 [Test worker] INFO liquibase - master.changelog.json: migration/vault-schema.changelog-init.xml::1511451595465-24::R3.Corda: ChangeSet migration/vault-schema.changelog-init.xml::1511451595465-24::R3.Corda ran successfully in 1ms
17:43:57.166 [Test worker] DEBUG liquibase - master.changelog.json: migration/vault-schema.changelog-init.xml::1511451595465-24::R3.Corda: Executing EXECUTE database command: INSERT INTO PUBLIC.DATABASECHANGELOG (ID, AUTHOR, FILENAME, DATEEXECUTED, ORDEREXECUTED, MD5SUM, DESCRIPTION, COMMENTS, EXECTYPE, CONTEXTS, LABELS, LIQUIBASE, DEPLOYMENT_ID) VALUES ('1511451595465-24', 'R3.Corda', 'migration/vault-schema.changelog-init.xml', NOW(), 5, '7:cc33e3b7b7db0e8613421e71352448d1', 'createTable tableName=vault_linear_states', '', 'EXECUTED', NULL, NULL, '3.5.4', '1046237053')
17:43:57.166 [Test worker] DEBUG liquibase - master.changelog.json: migration/vault-schema.changelog-init.xml::1511451595465-25::R3.Corda: Running Changeset:migration/vault-schema.changelog-init.xml::1511451595465-25::R3.Corda
17:43:57.167 [Test worker] DEBUG liquibase - master.changelog.json: migration/vault-schema.changelog-init.xml::1511451595465-25::R3.Corda: Changeset migration/vault-schema.changelog-init.xml::1511451595465-25::R3.Corda
17:43:57.167 [Test worker] DEBUG liquibase - master.changelog.json: migration/vault-schema.changelog-init.xml::1511451595465-25::R3.Corda: Reading ChangeSet: migration/vault-schema.changelog-init.xml::1511451595465-25::R3.Corda
17:43:57.167 [Test worker] DEBUG liquibase - master.changelog.json: migration/vault-schema.changelog-init.xml::1511451595465-25::R3.Corda: Executing Statement: liquibase.statement.core.CreateTableStatement@65873291
17:43:57.167 [Test worker] DEBUG liquibase - master.changelog.json: migration/vault-schema.changelog-init.xml::1511451595465-25::R3.Corda: Executing EXECUTE database command: CREATE TABLE PUBLIC.vault_linear_states_parts (output_index INT NOT NULL, transaction_id NVARCHAR(64) NOT NULL, participants NVARCHAR(255))
17:43:57.167 [Test worker] INFO liquibase - master.changelog.json: migration/vault-schema.changelog-init.xml::1511451595465-25::R3.Corda: Table vault_linear_states_parts created
17:43:57.167 [Test worker] INFO liquibase - master.changelog.json: migration/vault-schema.changelog-init.xml::1511451595465-25::R3.Corda: ChangeSet migration/vault-schema.changelog-init.xml::1511451595465-25::R3.Corda ran successfully in 0ms
17:43:57.173 [Test worker] DEBUG liquibase - master.changelog.json: migration/vault-schema.changelog-init.xml::1511451595465-25::R3.Corda: Executing EXECUTE database command: INSERT INTO PUBLIC.DATABASECHANGELOG (ID, AUTHOR, FILENAME, DATEEXECUTED, ORDEREXECUTED, MD5SUM, DESCRIPTION, COMMENTS, EXECTYPE, CONTEXTS, LABELS, LIQUIBASE, DEPLOYMENT_ID) VALUES ('1511451595465-25', 'R3.Corda', 'migration/vault-schema.changelog-init.xml', NOW(), 6, '7:cee1c34886b737d7c86f4ba94a43d9a7', 'createTable tableName=vault_linear_states_parts', '', 'EXECUTED', NULL, NULL, '3.5.4', '1046237053')
17:43:57.173 [Test worker] DEBUG liquibase - master.changelog.json: migration/vault-schema.changelog-init.xml::1511451595465-26::R3.Corda: Running Changeset:migration/vault-schema.changelog-init.xml::1511451595465-26::R3.Corda
17:43:57.173 [Test worker] DEBUG liquibase - master.changelog.json: migration/vault-schema.changelog-init.xml::1511451595465-26::R3.Corda: Changeset migration/vault-schema.changelog-init.xml::1511451595465-26::R3.Corda
17:43:57.173 [Test worker] DEBUG liquibase - master.changelog.json: migration/vault-schema.changelog-init.xml::1511451595465-26::R3.Corda: Reading ChangeSet: migration/vault-schema.changelog-init.xml::1511451595465-26::R3.Corda
17:43:57.174 [Test worker] DEBUG liquibase - master.changelog.json: migration/vault-schema.changelog-init.xml::1511451595465-26::R3.Corda: Executing Statement: liquibase.statement.core.CreateTableStatement@6bcb4bd4
17:43:57.174 [Test worker] DEBUG liquibase - master.changelog.json: migration/vault-schema.changelog-init.xml::1511451595465-26::R3.Corda: Executing EXECUTE database command: CREATE TABLE PUBLIC.vault_states (output_index INT NOT NULL, transaction_id NVARCHAR(64) NOT NULL, consumed_timestamp TIMESTAMP, contract_state_class_name NVARCHAR(255), lock_id NVARCHAR(255), lock_timestamp TIMESTAMP, notary_name NVARCHAR(255), recorded_timestamp TIMESTAMP, state_status INT)
17:43:57.175 [Test worker] INFO liquibase - master.changelog.json: migration/vault-schema.changelog-init.xml::1511451595465-26::R3.Corda: Table vault_states created
17:43:57.175 [Test worker] INFO liquibase - master.changelog.json: migration/vault-schema.changelog-init.xml::1511451595465-26::R3.Corda: ChangeSet migration/vault-schema.changelog-init.xml::1511451595465-26::R3.Corda ran successfully in 2ms
17:43:57.176 [Test worker] DEBUG liquibase - master.changelog.json: migration/vault-schema.changelog-init.xml::1511451595465-26::R3.Corda: Executing EXECUTE database command: INSERT INTO PUBLIC.DATABASECHANGELOG (ID, AUTHOR, FILENAME, DATEEXECUTED, ORDEREXECUTED, MD5SUM, DESCRIPTION, COMMENTS, EXECTYPE, CONTEXTS, LABELS, LIQUIBASE, DEPLOYMENT_ID) VALUES ('1511451595465-26', 'R3.Corda', 'migration/vault-schema.changelog-init.xml', NOW(), 7, '7:47ea918c4e5894a573ed08ff7d3cfcf8', 'createTable tableName=vault_states', '', 'EXECUTED', NULL, NULL, '3.5.4', '1046237053')
17:43:57.176 [Test worker] DEBUG liquibase - master.changelog.json: migration/vault-schema.changelog-init.xml::1511451595465-27::R3.Corda: Running Changeset:migration/vault-schema.changelog-init.xml::1511451595465-27::R3.Corda
17:43:57.176 [Test worker] DEBUG liquibase - master.changelog.json: migration/vault-schema.changelog-init.xml::1511451595465-27::R3.Corda: Changeset migration/vault-schema.changelog-init.xml::1511451595465-27::R3.Corda
17:43:57.177 [Test worker] DEBUG liquibase - master.changelog.json: migration/vault-schema.changelog-init.xml::1511451595465-27::R3.Corda: Reading ChangeSet: migration/vault-schema.changelog-init.xml::1511451595465-27::R3.Corda
17:43:57.177 [Test worker] DEBUG liquibase - master.changelog.json: migration/vault-schema.changelog-init.xml::1511451595465-27::R3.Corda: Executing Statement: liquibase.statement.core.CreateTableStatement@78c47fcd
17:43:57.177 [Test worker] DEBUG liquibase - master.changelog.json: migration/vault-schema.changelog-init.xml::1511451595465-27::R3.Corda: Executing EXECUTE database command: CREATE TABLE PUBLIC.vault_transaction_notes (seq_no INT NOT NULL, note NVARCHAR(255), transaction_id NVARCHAR(64))
17:43:57.177 [Test worker] INFO liquibase - master.changelog.json: migration/vault-schema.changelog-init.xml::1511451595465-27::R3.Corda: Table vault_transaction_notes created
17:43:57.177 [Test worker] INFO liquibase - master.changelog.json: migration/vault-schema.changelog-init.xml::1511451595465-27::R3.Corda: ChangeSet migration/vault-schema.changelog-init.xml::1511451595465-27::R3.Corda ran successfully in 1ms
17:43:57.178 [Test worker] DEBUG liquibase - master.changelog.json: migration/vault-schema.changelog-init.xml::1511451595465-27::R3.Corda: Executing EXECUTE database command: INSERT INTO PUBLIC.DATABASECHANGELOG (ID, AUTHOR, FILENAME, DATEEXECUTED, ORDEREXECUTED, MD5SUM, DESCRIPTION, COMMENTS, EXECTYPE, CONTEXTS, LABELS, LIQUIBASE, DEPLOYMENT_ID) VALUES ('1511451595465-27', 'R3.Corda', 'migration/vault-schema.changelog-init.xml', NOW(), 8, '7:b335f04504c263e99eb1b4b78fb7b976', 'createTable tableName=vault_transaction_notes', '', 'EXECUTED', NULL, NULL, '3.5.4', '1046237053')
17:43:57.180 [Test worker] DEBUG liquibase - master.changelog.json: migration/vault-schema.changelog-init.xml::1511451595465-47::R3.Corda: Running Changeset:migration/vault-schema.changelog-init.xml::1511451595465-47::R3.Corda
17:43:57.181 [Test worker] DEBUG liquibase - master.changelog.json: migration/vault-schema.changelog-init.xml::1511451595465-47::R3.Corda: Changeset migration/vault-schema.changelog-init.xml::1511451595465-47::R3.Corda
17:43:57.181 [Test worker] DEBUG liquibase - master.changelog.json: migration/vault-schema.changelog-init.xml::1511451595465-47::R3.Corda: Reading ChangeSet: migration/vault-schema.changelog-init.xml::1511451595465-47::R3.Corda
17:43:57.181 [Test worker] DEBUG liquibase - master.changelog.json: migration/vault-schema.changelog-init.xml::1511451595465-47::R3.Corda: Executing Statement: liquibase.statement.core.AddPrimaryKeyStatement@2f96bdca
17:43:57.181 [Test worker] DEBUG liquibase - master.changelog.json: migration/vault-schema.changelog-init.xml::1511451595465-47::R3.Corda: Executing EXECUTE database command: ALTER TABLE PUBLIC.vault_fungible_states ADD CONSTRAINT vault_fungible_states_pkey PRIMARY KEY (output_index, transaction_id)
17:43:57.183 [Test worker] INFO liquibase - master.changelog.json: migration/vault-schema.changelog-init.xml::1511451595465-47::R3.Corda: Primary key added to vault_fungible_states (output_index, transaction_id)
17:43:57.184 [Test worker] INFO liquibase - master.changelog.json: migration/vault-schema.changelog-init.xml::1511451595465-47::R3.Corda: ChangeSet migration/vault-schema.changelog-init.xml::1511451595465-47::R3.Corda ran successfully in 4ms
17:43:57.186 [Test worker] DEBUG liquibase - master.changelog.json: migration/vault-schema.changelog-init.xml::1511451595465-47::R3.Corda: Executing EXECUTE database command: INSERT INTO PUBLIC.DATABASECHANGELOG (ID, AUTHOR, FILENAME, DATEEXECUTED, ORDEREXECUTED, MD5SUM, DESCRIPTION, COMMENTS, EXECTYPE, CONTEXTS, LABELS, LIQUIBASE, DEPLOYMENT_ID) VALUES ('1511451595465-47', 'R3.Corda', 'migration/vault-schema.changelog-init.xml', NOW(), 9, '7:5ebf8c6ceacd418805fef0a8d5926d22', 'addPrimaryKey constraintName=vault_fungible_states_pkey, tableName=vault_fungible_states', '', 'EXECUTED', NULL, NULL, '3.5.4', '1046237053')
17:43:57.186 [Test worker] DEBUG liquibase - master.changelog.json: migration/vault-schema.changelog-init.xml::1511451595465-48::R3.Corda: Running Changeset:migration/vault-schema.changelog-init.xml::1511451595465-48::R3.Corda
17:43:57.186 [Test worker] DEBUG liquibase - master.changelog.json: migration/vault-schema.changelog-init.xml::1511451595465-48::R3.Corda: Changeset migration/vault-schema.changelog-init.xml::1511451595465-48::R3.Corda
17:43:57.186 [Test worker] DEBUG liquibase - master.changelog.json: migration/vault-schema.changelog-init.xml::1511451595465-48::R3.Corda: Reading ChangeSet: migration/vault-schema.changelog-init.xml::1511451595465-48::R3.Corda
17:43:57.186 [Test worker] DEBUG liquibase - master.changelog.json: migration/vault-schema.changelog-init.xml::1511451595465-48::R3.Corda: Executing Statement: liquibase.statement.core.AddPrimaryKeyStatement@52eded8a
17:43:57.188 [Test worker] DEBUG liquibase - master.changelog.json: migration/vault-schema.changelog-init.xml::1511451595465-48::R3.Corda: Executing EXECUTE database command: ALTER TABLE PUBLIC.vault_linear_states ADD CONSTRAINT vault_linear_states_pkey PRIMARY KEY (output_index, transaction_id)
17:43:57.200 [Test worker] INFO liquibase - master.changelog.json: migration/vault-schema.changelog-init.xml::1511451595465-48::R3.Corda: Primary key added to vault_linear_states (output_index, transaction_id)
17:43:57.200 [Test worker] INFO liquibase - master.changelog.json: migration/vault-schema.changelog-init.xml::1511451595465-48::R3.Corda: ChangeSet migration/vault-schema.changelog-init.xml::1511451595465-48::R3.Corda ran successfully in 14ms
17:43:57.202 [Test worker] DEBUG liquibase - master.changelog.json: migration/vault-schema.changelog-init.xml::1511451595465-48::R3.Corda: Executing EXECUTE database command: INSERT INTO PUBLIC.DATABASECHANGELOG (ID, AUTHOR, FILENAME, DATEEXECUTED, ORDEREXECUTED, MD5SUM, DESCRIPTION, COMMENTS, EXECTYPE, CONTEXTS, LABELS, LIQUIBASE, DEPLOYMENT_ID) VALUES ('1511451595465-48', 'R3.Corda', 'migration/vault-schema.changelog-init.xml', NOW(), 10, '7:6852e525af1e0e841b85cbc65c3ef3eb', 'addPrimaryKey constraintName=vault_linear_states_pkey, tableName=vault_linear_states', '', 'EXECUTED', NULL, NULL, '3.5.4', '1046237053')
17:43:57.202 [Test worker] DEBUG liquibase - master.changelog.json: migration/vault-schema.changelog-init.xml::1511451595465-49::R3.Corda: Running Changeset:migration/vault-schema.changelog-init.xml::1511451595465-49::R3.Corda
17:43:57.202 [Test worker] DEBUG liquibase - master.changelog.json: migration/vault-schema.changelog-init.xml::1511451595465-49::R3.Corda: Changeset migration/vault-schema.changelog-init.xml::1511451595465-49::R3.Corda
17:43:57.202 [Test worker] DEBUG liquibase - master.changelog.json: migration/vault-schema.changelog-init.xml::1511451595465-49::R3.Corda: Reading ChangeSet: migration/vault-schema.changelog-init.xml::1511451595465-49::R3.Corda
17:43:57.203 [Test worker] DEBUG liquibase - master.changelog.json: migration/vault-schema.changelog-init.xml::1511451595465-49::R3.Corda: Executing Statement: liquibase.statement.core.AddPrimaryKeyStatement@b3df4d
17:43:57.203 [Test worker] DEBUG liquibase - master.changelog.json: migration/vault-schema.changelog-init.xml::1511451595465-49::R3.Corda: Executing EXECUTE database command: ALTER TABLE PUBLIC.vault_states ADD CONSTRAINT vault_states_pkey PRIMARY KEY (output_index, transaction_id)
17:43:57.203 [Test worker] INFO liquibase - master.changelog.json: migration/vault-schema.changelog-init.xml::1511451595465-49::R3.Corda: Primary key added to vault_states (output_index, transaction_id)
17:43:57.203 [Test worker] INFO liquibase - master.changelog.json: migration/vault-schema.changelog-init.xml::1511451595465-49::R3.Corda: ChangeSet migration/vault-schema.changelog-init.xml::1511451595465-49::R3.Corda ran successfully in 1ms
17:43:57.204 [Test worker] DEBUG liquibase - master.changelog.json: migration/vault-schema.changelog-init.xml::1511451595465-49::R3.Corda: Executing EXECUTE database command: INSERT INTO PUBLIC.DATABASECHANGELOG (ID, AUTHOR, FILENAME, DATEEXECUTED, ORDEREXECUTED, MD5SUM, DESCRIPTION, COMMENTS, EXECTYPE, CONTEXTS, LABELS, LIQUIBASE, DEPLOYMENT_ID) VALUES ('1511451595465-49', 'R3.Corda', 'migration/vault-schema.changelog-init.xml', NOW(), 11, '7:e88ace88ae32b7c6a212f749bed7f25f', 'addPrimaryKey constraintName=vault_states_pkey, tableName=vault_states', '', 'EXECUTED', NULL, NULL, '3.5.4', '1046237053')
17:43:57.205 [Test worker] DEBUG liquibase - master.changelog.json: migration/vault-schema.changelog-init.xml::1511451595465-50::R3.Corda: Running Changeset:migration/vault-schema.changelog-init.xml::1511451595465-50::R3.Corda
17:43:57.205 [Test worker] DEBUG liquibase - master.changelog.json: migration/vault-schema.changelog-init.xml::1511451595465-50::R3.Corda: Changeset migration/vault-schema.changelog-init.xml::1511451595465-50::R3.Corda
17:43:57.205 [Test worker] DEBUG liquibase - master.changelog.json: migration/vault-schema.changelog-init.xml::1511451595465-50::R3.Corda: Reading ChangeSet: migration/vault-schema.changelog-init.xml::1511451595465-50::R3.Corda
17:43:57.205 [Test worker] DEBUG liquibase - master.changelog.json: migration/vault-schema.changelog-init.xml::1511451595465-50::R3.Corda: Executing Statement: liquibase.statement.core.AddPrimaryKeyStatement@7becccd8
17:43:57.205 [Test worker] DEBUG liquibase - master.changelog.json: migration/vault-schema.changelog-init.xml::1511451595465-50::R3.Corda: Executing EXECUTE database command: ALTER TABLE PUBLIC.vault_transaction_notes ADD CONSTRAINT vault_transaction_notes_pkey PRIMARY KEY (seq_no)
17:43:57.206 [Test worker] INFO liquibase - master.changelog.json: migration/vault-schema.changelog-init.xml::1511451595465-50::R3.Corda: Primary key added to vault_transaction_notes (seq_no)
17:43:57.206 [Test worker] INFO liquibase - master.changelog.json: migration/vault-schema.changelog-init.xml::1511451595465-50::R3.Corda: ChangeSet migration/vault-schema.changelog-init.xml::1511451595465-50::R3.Corda ran successfully in 1ms
17:43:57.207 [Test worker] DEBUG liquibase - master.changelog.json: migration/vault-schema.changelog-init.xml::1511451595465-50::R3.Corda: Executing EXECUTE database command: INSERT INTO PUBLIC.DATABASECHANGELOG (ID, AUTHOR, FILENAME, DATEEXECUTED, ORDEREXECUTED, MD5SUM, DESCRIPTION, COMMENTS, EXECTYPE, CONTEXTS, LABELS, LIQUIBASE, DEPLOYMENT_ID) VALUES ('1511451595465-50', 'R3.Corda', 'migration/vault-schema.changelog-init.xml', NOW(), 12, '7:aef52cbfcee4e86a30a1175aacdae9b5', 'addPrimaryKey constraintName=vault_transaction_notes_pkey, tableName=vault_transaction_notes', '', 'EXECUTED', NULL, NULL, '3.5.4', '1046237053')
17:43:57.207 [Test worker] DEBUG liquibase - master.changelog.json: migration/vault-schema.changelog-init.xml::1511451595465-53::R3.Corda: Running Changeset:migration/vault-schema.changelog-init.xml::1511451595465-53::R3.Corda
17:43:57.207 [Test worker] DEBUG liquibase - master.changelog.json: migration/vault-schema.changelog-init.xml::1511451595465-53::R3.Corda: Changeset migration/vault-schema.changelog-init.xml::1511451595465-53::R3.Corda
17:43:57.207 [Test worker] DEBUG liquibase - master.changelog.json: migration/vault-schema.changelog-init.xml::1511451595465-53::R3.Corda: Reading ChangeSet: migration/vault-schema.changelog-init.xml::1511451595465-53::R3.Corda
17:43:57.207 [Test worker] DEBUG liquibase - master.changelog.json: migration/vault-schema.changelog-init.xml::1511451595465-53::R3.Corda: Executing Statement: liquibase.statement.core.CreateIndexStatement@2b3d64de
17:43:57.207 [Test worker] DEBUG liquibase - master.changelog.json: migration/vault-schema.changelog-init.xml::1511451595465-53::R3.Corda: Executing EXECUTE database command: CREATE INDEX PUBLIC.external_id_index ON PUBLIC.vault_linear_states(external_id)
17:43:57.208 [Test worker] INFO liquibase - master.changelog.json: migration/vault-schema.changelog-init.xml::1511451595465-53::R3.Corda: Index external_id_index created
17:43:57.208 [Test worker] INFO liquibase - master.changelog.json: migration/vault-schema.changelog-init.xml::1511451595465-53::R3.Corda: ChangeSet migration/vault-schema.changelog-init.xml::1511451595465-53::R3.Corda ran successfully in 1ms
17:43:57.209 [Test worker] DEBUG liquibase - master.changelog.json: migration/vault-schema.changelog-init.xml::1511451595465-53::R3.Corda: Executing EXECUTE database command: INSERT INTO PUBLIC.DATABASECHANGELOG (ID, AUTHOR, FILENAME, DATEEXECUTED, ORDEREXECUTED, MD5SUM, DESCRIPTION, COMMENTS, EXECTYPE, CONTEXTS, LABELS, LIQUIBASE, DEPLOYMENT_ID) VALUES ('1511451595465-53', 'R3.Corda', 'migration/vault-schema.changelog-init.xml', NOW(), 13, '7:7b0c95c0892fe1aba26a294d843d3c0a', 'createIndex indexName=external_id_index, tableName=vault_linear_states', '', 'EXECUTED', NULL, NULL, '3.5.4', '1046237053')
17:43:57.209 [Test worker] DEBUG liquibase - master.changelog.json: migration/vault-schema.changelog-init.xml::1511451595465-55::R3.Corda: Running Changeset:migration/vault-schema.changelog-init.xml::1511451595465-55::R3.Corda
17:43:57.209 [Test worker] DEBUG liquibase - master.changelog.json: migration/vault-schema.changelog-init.xml::1511451595465-55::R3.Corda: Changeset migration/vault-schema.changelog-init.xml::1511451595465-55::R3.Corda
17:43:57.209 [Test worker] DEBUG liquibase - master.changelog.json: migration/vault-schema.changelog-init.xml::1511451595465-55::R3.Corda: Reading ChangeSet: migration/vault-schema.changelog-init.xml::1511451595465-55::R3.Corda
17:43:57.209 [Test worker] DEBUG liquibase - master.changelog.json: migration/vault-schema.changelog-init.xml::1511451595465-55::R3.Corda: Executing Statement: liquibase.statement.core.CreateIndexStatement@72adf198
17:43:57.210 [Test worker] DEBUG liquibase - master.changelog.json: migration/vault-schema.changelog-init.xml::1511451595465-55::R3.Corda: Executing EXECUTE database command: CREATE INDEX PUBLIC.lock_id_idx ON PUBLIC.vault_states(lock_id, state_status)
17:43:57.210 [Test worker] INFO liquibase - master.changelog.json: migration/vault-schema.changelog-init.xml::1511451595465-55::R3.Corda: Index lock_id_idx created
17:43:57.210 [Test worker] INFO liquibase - master.changelog.json: migration/vault-schema.changelog-init.xml::1511451595465-55::R3.Corda: ChangeSet migration/vault-schema.changelog-init.xml::1511451595465-55::R3.Corda ran successfully in 1ms
17:43:57.211 [Test worker] DEBUG liquibase - master.changelog.json: migration/vault-schema.changelog-init.xml::1511451595465-55::R3.Corda: Executing EXECUTE database command: INSERT INTO PUBLIC.DATABASECHANGELOG (ID, AUTHOR, FILENAME, DATEEXECUTED, ORDEREXECUTED, MD5SUM, DESCRIPTION, COMMENTS, EXECTYPE, CONTEXTS, LABELS, LIQUIBASE, DEPLOYMENT_ID) VALUES ('1511451595465-55', 'R3.Corda', 'migration/vault-schema.changelog-init.xml', NOW(), 14, '7:daf1bfa84381a1c8e100c14229a6d860', 'createIndex indexName=lock_id_idx, tableName=vault_states', '', 'EXECUTED', NULL, NULL, '3.5.4', '1046237053')
17:43:57.212 [Test worker] DEBUG liquibase - master.changelog.json: migration/vault-schema.changelog-init.xml::1511451595465-58::R3.Corda: Running Changeset:migration/vault-schema.changelog-init.xml::1511451595465-58::R3.Corda
17:43:57.212 [Test worker] DEBUG liquibase - master.changelog.json: migration/vault-schema.changelog-init.xml::1511451595465-58::R3.Corda: Changeset migration/vault-schema.changelog-init.xml::1511451595465-58::R3.Corda
17:43:57.212 [Test worker] DEBUG liquibase - master.changelog.json: migration/vault-schema.changelog-init.xml::1511451595465-58::R3.Corda: Reading ChangeSet: migration/vault-schema.changelog-init.xml::1511451595465-58::R3.Corda
17:43:57.212 [Test worker] DEBUG liquibase - master.changelog.json: migration/vault-schema.changelog-init.xml::1511451595465-58::R3.Corda: Executing Statement: liquibase.statement.core.CreateIndexStatement@4c3e6c4
17:43:57.212 [Test worker] DEBUG liquibase - master.changelog.json: migration/vault-schema.changelog-init.xml::1511451595465-58::R3.Corda: Executing EXECUTE database command: CREATE INDEX PUBLIC.state_status_idx ON PUBLIC.vault_states(state_status)
17:43:57.255 [Test worker] INFO liquibase - master.changelog.json: migration/vault-schema.changelog-init.xml::1511451595465-58::R3.Corda: Index state_status_idx created
17:43:57.255 [Test worker] INFO liquibase - master.changelog.json: migration/vault-schema.changelog-init.xml::1511451595465-58::R3.Corda: ChangeSet migration/vault-schema.changelog-init.xml::1511451595465-58::R3.Corda ran successfully in 43ms
17:43:57.256 [Test worker] DEBUG liquibase - master.changelog.json: migration/vault-schema.changelog-init.xml::1511451595465-58::R3.Corda: Executing EXECUTE database command: INSERT INTO PUBLIC.DATABASECHANGELOG (ID, AUTHOR, FILENAME, DATEEXECUTED, ORDEREXECUTED, MD5SUM, DESCRIPTION, COMMENTS, EXECTYPE, CONTEXTS, LABELS, LIQUIBASE, DEPLOYMENT_ID) VALUES ('1511451595465-58', 'R3.Corda', 'migration/vault-schema.changelog-init.xml', NOW(), 15, '7:775d3c8a27b7fad84f9894db6bdf3e87', 'createIndex indexName=state_status_idx, tableName=vault_states', '', 'EXECUTED', NULL, NULL, '3.5.4', '1046237053')
17:43:57.256 [Test worker] DEBUG liquibase - master.changelog.json: migration/vault-schema.changelog-init.xml::1511451595465-59::R3.Corda: Running Changeset:migration/vault-schema.changelog-init.xml::1511451595465-59::R3.Corda
17:43:57.256 [Test worker] DEBUG liquibase - master.changelog.json: migration/vault-schema.changelog-init.xml::1511451595465-59::R3.Corda: Changeset migration/vault-schema.changelog-init.xml::1511451595465-59::R3.Corda
17:43:57.257 [Test worker] DEBUG liquibase - master.changelog.json: migration/vault-schema.changelog-init.xml::1511451595465-59::R3.Corda: Reading ChangeSet: migration/vault-schema.changelog-init.xml::1511451595465-59::R3.Corda
17:43:57.257 [Test worker] DEBUG liquibase - master.changelog.json: migration/vault-schema.changelog-init.xml::1511451595465-59::R3.Corda: Executing Statement: liquibase.statement.core.CreateIndexStatement@507212ee
17:43:57.257 [Test worker] DEBUG liquibase - master.changelog.json: migration/vault-schema.changelog-init.xml::1511451595465-59::R3.Corda: Executing EXECUTE database command: CREATE INDEX PUBLIC.transaction_id_index ON PUBLIC.vault_transaction_notes(transaction_id)
17:43:57.257 [Test worker] INFO liquibase - master.changelog.json: migration/vault-schema.changelog-init.xml::1511451595465-59::R3.Corda: Index transaction_id_index created
17:43:57.257 [Test worker] INFO liquibase - master.changelog.json: migration/vault-schema.changelog-init.xml::1511451595465-59::R3.Corda: ChangeSet migration/vault-schema.changelog-init.xml::1511451595465-59::R3.Corda ran successfully in 1ms
17:43:57.258 [Test worker] DEBUG liquibase - master.changelog.json: migration/vault-schema.changelog-init.xml::1511451595465-59::R3.Corda: Executing EXECUTE database command: INSERT INTO PUBLIC.DATABASECHANGELOG (ID, AUTHOR, FILENAME, DATEEXECUTED, ORDEREXECUTED, MD5SUM, DESCRIPTION, COMMENTS, EXECTYPE, CONTEXTS, LABELS, LIQUIBASE, DEPLOYMENT_ID) VALUES ('1511451595465-59', 'R3.Corda', 'migration/vault-schema.changelog-init.xml', NOW(), 16, '7:1be2b24f3e4fedc8252c24080b713783', 'createIndex indexName=transaction_id_index, tableName=vault_transaction_notes', '', 'EXECUTED', NULL, NULL, '3.5.4', '1046237053')
17:43:57.259 [Test worker] DEBUG liquibase - master.changelog.json: migration/vault-schema.changelog-init.xml::1511451595465-60::R3.Corda: Running Changeset:migration/vault-schema.changelog-init.xml::1511451595465-60::R3.Corda
17:43:57.259 [Test worker] DEBUG liquibase - master.changelog.json: migration/vault-schema.changelog-init.xml::1511451595465-60::R3.Corda: Changeset migration/vault-schema.changelog-init.xml::1511451595465-60::R3.Corda
17:43:57.259 [Test worker] DEBUG liquibase - master.changelog.json: migration/vault-schema.changelog-init.xml::1511451595465-60::R3.Corda: Reading ChangeSet: migration/vault-schema.changelog-init.xml::1511451595465-60::R3.Corda
17:43:57.259 [Test worker] DEBUG liquibase - master.changelog.json: migration/vault-schema.changelog-init.xml::1511451595465-60::R3.Corda: Executing Statement: liquibase.statement.core.CreateIndexStatement@4b4109bf
17:43:57.259 [Test worker] DEBUG liquibase - master.changelog.json: migration/vault-schema.changelog-init.xml::1511451595465-60::R3.Corda: Executing EXECUTE database command: CREATE INDEX PUBLIC.uuid_index ON PUBLIC.vault_linear_states(uuid)
17:43:57.260 [Test worker] INFO liquibase - master.changelog.json: migration/vault-schema.changelog-init.xml::1511451595465-60::R3.Corda: Index uuid_index created
17:43:57.260 [Test worker] INFO liquibase - master.changelog.json: migration/vault-schema.changelog-init.xml::1511451595465-60::R3.Corda: ChangeSet migration/vault-schema.changelog-init.xml::1511451595465-60::R3.Corda ran successfully in 1ms
17:43:57.261 [Test worker] DEBUG liquibase - master.changelog.json: migration/vault-schema.changelog-init.xml::1511451595465-60::R3.Corda: Executing EXECUTE database command: INSERT INTO PUBLIC.DATABASECHANGELOG (ID, AUTHOR, FILENAME, DATEEXECUTED, ORDEREXECUTED, MD5SUM, DESCRIPTION, COMMENTS, EXECTYPE, CONTEXTS, LABELS, LIQUIBASE, DEPLOYMENT_ID) VALUES ('1511451595465-60', 'R3.Corda', 'migration/vault-schema.changelog-init.xml', NOW(), 17, '7:f372f17dd75374bfecfde0e44d7ce36c', 'createIndex indexName=uuid_index, tableName=vault_linear_states', '', 'EXECUTED', NULL, NULL, '3.5.4', '1046237053')
17:43:57.261 [Test worker] DEBUG liquibase - master.changelog.json: migration/vault-schema.changelog-init.xml::1511451595465-64::R3.Corda: Running Changeset:migration/vault-schema.changelog-init.xml::1511451595465-64::R3.Corda
17:43:57.262 [Test worker] DEBUG liquibase - master.changelog.json: migration/vault-schema.changelog-init.xml::1511451595465-64::R3.Corda: Changeset migration/vault-schema.changelog-init.xml::1511451595465-64::R3.Corda
17:43:57.262 [Test worker] DEBUG liquibase - master.changelog.json: migration/vault-schema.changelog-init.xml::1511451595465-64::R3.Corda: Reading ChangeSet: migration/vault-schema.changelog-init.xml::1511451595465-64::R3.Corda
17:43:57.262 [Test worker] DEBUG liquibase - master.changelog.json: migration/vault-schema.changelog-init.xml::1511451595465-64::R3.Corda: Executing Statement: liquibase.statement.core.AddForeignKeyConstraintStatement@622b312
17:43:57.264 [Test worker] DEBUG liquibase - master.changelog.json: migration/vault-schema.changelog-init.xml::1511451595465-64::R3.Corda: Executing EXECUTE database command: ALTER TABLE PUBLIC.vault_fungible_states_parts ADD CONSTRAINT FK__fung_st_parts__fung_st FOREIGN KEY (output_index, transaction_id) REFERENCES PUBLIC.vault_fungible_states (output_index, transaction_id)
17:43:57.265 [Test worker] INFO liquibase - master.changelog.json: migration/vault-schema.changelog-init.xml::1511451595465-64::R3.Corda: Foreign key constraint added to vault_fungible_states_parts (output_index,transaction_id)
17:43:57.265 [Test worker] INFO liquibase - master.changelog.json: migration/vault-schema.changelog-init.xml::1511451595465-64::R3.Corda: ChangeSet migration/vault-schema.changelog-init.xml::1511451595465-64::R3.Corda ran successfully in 3ms
17:43:57.266 [Test worker] DEBUG liquibase - master.changelog.json: migration/vault-schema.changelog-init.xml::1511451595465-64::R3.Corda: Executing EXECUTE database command: INSERT INTO PUBLIC.DATABASECHANGELOG (ID, AUTHOR, FILENAME, DATEEXECUTED, ORDEREXECUTED, MD5SUM, DESCRIPTION, COMMENTS, EXECTYPE, CONTEXTS, LABELS, LIQUIBASE, DEPLOYMENT_ID) VALUES ('1511451595465-64', 'R3.Corda', 'migration/vault-schema.changelog-init.xml', NOW(), 18, '7:3771038da08dbe5dbbbdffac7300198d', 'addForeignKeyConstraint baseTableName=vault_fungible_states_parts, constraintName=FK__fung_st_parts__fung_st, referencedTableName=vault_fungible_states', '', 'EXECUTED', NULL, NULL, '3.5.4', '1046237053')
17:43:57.267 [Test worker] DEBUG liquibase - master.changelog.json: migration/vault-schema.changelog-init.xml::1511451595465-65::R3.Corda: Running Changeset:migration/vault-schema.changelog-init.xml::1511451595465-65::R3.Corda
17:43:57.267 [Test worker] DEBUG liquibase - master.changelog.json: migration/vault-schema.changelog-init.xml::1511451595465-65::R3.Corda: Changeset migration/vault-schema.changelog-init.xml::1511451595465-65::R3.Corda
17:43:57.267 [Test worker] DEBUG liquibase - master.changelog.json: migration/vault-schema.changelog-init.xml::1511451595465-65::R3.Corda: Reading ChangeSet: migration/vault-schema.changelog-init.xml::1511451595465-65::R3.Corda
17:43:57.267 [Test worker] DEBUG liquibase - master.changelog.json: migration/vault-schema.changelog-init.xml::1511451595465-65::R3.Corda: Executing Statement: liquibase.statement.core.AddForeignKeyConstraintStatement@165845c4
17:43:57.269 [Test worker] DEBUG liquibase - master.changelog.json: migration/vault-schema.changelog-init.xml::1511451595465-65::R3.Corda: Executing EXECUTE database command: ALTER TABLE PUBLIC.vault_linear_states_parts ADD CONSTRAINT FK__lin_stat_parts__lin_stat FOREIGN KEY (output_index, transaction_id) REFERENCES PUBLIC.vault_linear_states (output_index, transaction_id)
17:43:57.270 [Test worker] INFO liquibase - master.changelog.json: migration/vault-schema.changelog-init.xml::1511451595465-65::R3.Corda: Foreign key constraint added to vault_linear_states_parts (output_index,transaction_id)
17:43:57.270 [Test worker] INFO liquibase - master.changelog.json: migration/vault-schema.changelog-init.xml::1511451595465-65::R3.Corda: ChangeSet migration/vault-schema.changelog-init.xml::1511451595465-65::R3.Corda ran successfully in 3ms
17:43:57.271 [Test worker] DEBUG liquibase - master.changelog.json: migration/vault-schema.changelog-init.xml::1511451595465-65::R3.Corda: Executing EXECUTE database command: INSERT INTO PUBLIC.DATABASECHANGELOG (ID, AUTHOR, FILENAME, DATEEXECUTED, ORDEREXECUTED, MD5SUM, DESCRIPTION, COMMENTS, EXECTYPE, CONTEXTS, LABELS, LIQUIBASE, DEPLOYMENT_ID) VALUES ('1511451595465-65', 'R3.Corda', 'migration/vault-schema.changelog-init.xml', NOW(), 19, '7:4cccc80aadefc753d80d33d233d426b1', 'addForeignKeyConstraint baseTableName=vault_linear_states_parts, constraintName=FK__lin_stat_parts__lin_stat, referencedTableName=vault_linear_states', '', 'EXECUTED', NULL, NULL, '3.5.4', '1046237053')
17:43:57.272 [Test worker] DEBUG liquibase - master.changelog.json: migration/vault-schema.changelog-v3.xml::clean_vault::R3.Corda: Running Changeset:migration/vault-schema.changelog-v3.xml::clean_vault::R3.Corda
17:43:57.272 [Test worker] DEBUG liquibase - master.changelog.json: migration/vault-schema.changelog-v3.xml::clean_vault::R3.Corda: Changeset migration/vault-schema.changelog-v3.xml::clean_vault::R3.Corda
17:43:57.272 [Test worker] DEBUG liquibase - master.changelog.json: migration/vault-schema.changelog-v3.xml::clean_vault::R3.Corda: Reading ChangeSet: migration/vault-schema.changelog-v3.xml::clean_vault::R3.Corda
17:43:57.272 [Test worker] DEBUG liquibase - master.changelog.json: migration/vault-schema.changelog-v3.xml::clean_vault::R3.Corda: Executing Statement: liquibase.statement.core.DeleteStatement@2c670047
17:43:57.272 [Test worker] DEBUG liquibase - master.changelog.json: migration/vault-schema.changelog-v3.xml::clean_vault::R3.Corda: Executing EXECUTE database command: DELETE FROM PUBLIC.vault_fungible_states_parts
17:43:57.272 [Test worker] INFO liquibase - master.changelog.json: migration/vault-schema.changelog-v3.xml::clean_vault::R3.Corda: Data deleted from vault_fungible_states_parts
17:43:57.272 [Test worker] DEBUG liquibase - master.changelog.json: migration/vault-schema.changelog-v3.xml::clean_vault::R3.Corda: Executing Statement: liquibase.statement.core.DeleteStatement@38055575
17:43:57.273 [Test worker] DEBUG liquibase - master.changelog.json: migration/vault-schema.changelog-v3.xml::clean_vault::R3.Corda: Executing EXECUTE database command: DELETE FROM PUBLIC.vault_fungible_states
17:43:57.273 [Test worker] INFO liquibase - master.changelog.json: migration/vault-schema.changelog-v3.xml::clean_vault::R3.Corda: Data deleted from vault_fungible_states
17:43:57.273 [Test worker] DEBUG liquibase - master.changelog.json: migration/vault-schema.changelog-v3.xml::clean_vault::R3.Corda: Executing Statement: liquibase.statement.core.DeleteStatement@5acd295c
17:43:57.273 [Test worker] DEBUG liquibase - master.changelog.json: migration/vault-schema.changelog-v3.xml::clean_vault::R3.Corda: Executing EXECUTE database command: DELETE FROM PUBLIC.vault_linear_states_parts
17:43:57.274 [Test worker] INFO liquibase - master.changelog.json: migration/vault-schema.changelog-v3.xml::clean_vault::R3.Corda: Data deleted from vault_linear_states_parts
17:43:57.274 [Test worker] DEBUG liquibase - master.changelog.json: migration/vault-schema.changelog-v3.xml::clean_vault::R3.Corda: Executing Statement: liquibase.statement.core.DeleteStatement@3704fadb
17:43:57.274 [Test worker] DEBUG liquibase - master.changelog.json: migration/vault-schema.changelog-v3.xml::clean_vault::R3.Corda: Executing EXECUTE database command: DELETE FROM PUBLIC.vault_linear_states
17:43:57.274 [Test worker] INFO liquibase - master.changelog.json: migration/vault-schema.changelog-v3.xml::clean_vault::R3.Corda: Data deleted from vault_linear_states
17:43:57.274 [Test worker] DEBUG liquibase - master.changelog.json: migration/vault-schema.changelog-v3.xml::clean_vault::R3.Corda: Executing Statement: liquibase.statement.core.DeleteStatement@23f5b144
17:43:57.274 [Test worker] DEBUG liquibase - master.changelog.json: migration/vault-schema.changelog-v3.xml::clean_vault::R3.Corda: Executing EXECUTE database command: DELETE FROM PUBLIC.vault_states
17:43:57.274 [Test worker] INFO liquibase - master.changelog.json: migration/vault-schema.changelog-v3.xml::clean_vault::R3.Corda: Data deleted from vault_states
17:43:57.274 [Test worker] DEBUG liquibase - master.changelog.json: migration/vault-schema.changelog-v3.xml::clean_vault::R3.Corda: Executing Statement: liquibase.statement.core.DeleteStatement@31c9e6b2
17:43:57.275 [Test worker] DEBUG liquibase - master.changelog.json: migration/vault-schema.changelog-v3.xml::clean_vault::R3.Corda: Executing EXECUTE database command: DELETE FROM PUBLIC.vault_transaction_notes
17:43:57.275 [Test worker] INFO liquibase - master.changelog.json: migration/vault-schema.changelog-v3.xml::clean_vault::R3.Corda: Data deleted from vault_transaction_notes
17:43:57.275 [Test worker] INFO liquibase - master.changelog.json: migration/vault-schema.changelog-v3.xml::clean_vault::R3.Corda: ChangeSet migration/vault-schema.changelog-v3.xml::clean_vault::R3.Corda ran successfully in 3ms
17:43:57.276 [Test worker] DEBUG liquibase - master.changelog.json: migration/vault-schema.changelog-v3.xml::clean_vault::R3.Corda: Executing EXECUTE database command: INSERT INTO PUBLIC.DATABASECHANGELOG (ID, AUTHOR, FILENAME, DATEEXECUTED, ORDEREXECUTED, MD5SUM, DESCRIPTION, COMMENTS, EXECTYPE, CONTEXTS, LABELS, LIQUIBASE, DEPLOYMENT_ID) VALUES ('clean_vault', 'R3.Corda', 'migration/vault-schema.changelog-v3.xml', NOW(), 20, '7:c16f94cc9c0418c23dfcedd33e85d2d3', 'delete tableName=vault_fungible_states_parts; delete tableName=vault_fungible_states; delete tableName=vault_linear_states_parts; delete tableName=vault_linear_states; delete tableName=vault_states; delete tableName=vault_transaction_notes', '', 'EXECUTED', NULL, NULL, '3.5.4', '1046237053')
17:43:57.276 [Test worker] DEBUG liquibase - master.changelog.json: migration/vault-schema.changelog-v4.xml::nullability::R3.Corda: Running Changeset:migration/vault-schema.changelog-v4.xml::nullability::R3.Corda
17:43:57.277 [Test worker] DEBUG liquibase - master.changelog.json: migration/vault-schema.changelog-v4.xml::nullability::R3.Corda: Changeset migration/vault-schema.changelog-v4.xml::nullability::R3.Corda
17:43:57.277 [Test worker] DEBUG liquibase - master.changelog.json: migration/vault-schema.changelog-v4.xml::nullability::R3.Corda: Reading ChangeSet: migration/vault-schema.changelog-v4.xml::nullability::R3.Corda
17:43:57.277 [Test worker] DEBUG liquibase - master.changelog.json: migration/vault-schema.changelog-v4.xml::nullability::R3.Corda: Executing Statement: liquibase.statement.core.SetNullableStatement@f2e9567
17:43:57.277 [Test worker] DEBUG liquibase - master.changelog.json: migration/vault-schema.changelog-v4.xml::nullability::R3.Corda: Executing EXECUTE database command: ALTER TABLE PUBLIC.vault_fungible_states ALTER COLUMN quantity SET NOT NULL
17:43:57.277 [Test worker] INFO liquibase - master.changelog.json: migration/vault-schema.changelog-v4.xml::nullability::R3.Corda: Null constraint has been added to vault_fungible_states.quantity
17:43:57.277 [Test worker] DEBUG liquibase - master.changelog.json: migration/vault-schema.changelog-v4.xml::nullability::R3.Corda: Executing Statement: liquibase.statement.core.SetNullableStatement@715a5d77
17:43:57.278 [Test worker] DEBUG liquibase - master.changelog.json: migration/vault-schema.changelog-v4.xml::nullability::R3.Corda: Executing EXECUTE database command: ALTER TABLE PUBLIC.vault_states ALTER COLUMN contract_state_class_name SET NOT NULL
17:43:57.278 [Test worker] INFO liquibase - master.changelog.json: migration/vault-schema.changelog-v4.xml::nullability::R3.Corda: Null constraint has been added to vault_states.contract_state_class_name
17:43:57.278 [Test worker] DEBUG liquibase - master.changelog.json: migration/vault-schema.changelog-v4.xml::nullability::R3.Corda: Executing Statement: liquibase.statement.core.SetNullableStatement@56466095
17:43:57.278 [Test worker] DEBUG liquibase - master.changelog.json: migration/vault-schema.changelog-v4.xml::nullability::R3.Corda: Executing EXECUTE database command: ALTER TABLE PUBLIC.vault_states ALTER COLUMN notary_name SET NOT NULL
17:43:57.278 [Test worker] INFO liquibase - master.changelog.json: migration/vault-schema.changelog-v4.xml::nullability::R3.Corda: Null constraint has been added to vault_states.notary_name
17:43:57.278 [Test worker] DEBUG liquibase - master.changelog.json: migration/vault-schema.changelog-v4.xml::nullability::R3.Corda: Executing Statement: liquibase.statement.core.SetNullableStatement@485bdc03
17:43:57.279 [Test worker] DEBUG liquibase - master.changelog.json: migration/vault-schema.changelog-v4.xml::nullability::R3.Corda: Executing EXECUTE database command: ALTER TABLE PUBLIC.vault_states ALTER COLUMN recorded_timestamp SET NOT NULL
17:43:57.279 [Test worker] INFO liquibase - master.changelog.json: migration/vault-schema.changelog-v4.xml::nullability::R3.Corda: Null constraint has been added to vault_states.recorded_timestamp
17:43:57.279 [Test worker] DEBUG liquibase - master.changelog.json: migration/vault-schema.changelog-v4.xml::nullability::R3.Corda: Executing Statement: liquibase.statement.core.DropIndexStatement@4244915c
17:43:57.279 [Test worker] DEBUG liquibase - master.changelog.json: migration/vault-schema.changelog-v4.xml::nullability::R3.Corda: Executing EXECUTE database command: DROP INDEX PUBLIC.state_status_idx
17:43:57.280 [Test worker] INFO liquibase - master.changelog.json: migration/vault-schema.changelog-v4.xml::nullability::R3.Corda: Index state_status_idx dropped from table vault_states
17:43:57.280 [Test worker] DEBUG liquibase - master.changelog.json: migration/vault-schema.changelog-v4.xml::nullability::R3.Corda: Executing Statement: liquibase.statement.core.DropIndexStatement@7328495e
17:43:57.280 [Test worker] DEBUG liquibase - master.changelog.json: migration/vault-schema.changelog-v4.xml::nullability::R3.Corda: Executing EXECUTE database command: DROP INDEX PUBLIC.lock_id_idx
17:43:57.280 [Test worker] INFO liquibase - master.changelog.json: migration/vault-schema.changelog-v4.xml::nullability::R3.Corda: Index lock_id_idx dropped from table vault_states
17:43:57.280 [Test worker] DEBUG liquibase - master.changelog.json: migration/vault-schema.changelog-v4.xml::nullability::R3.Corda: Executing Statement: liquibase.statement.core.SetNullableStatement@2a231a1d
17:43:57.280 [Test worker] DEBUG liquibase - master.changelog.json: migration/vault-schema.changelog-v4.xml::nullability::R3.Corda: Executing EXECUTE database command: ALTER TABLE PUBLIC.vault_states ALTER COLUMN state_status SET NOT NULL
17:43:57.281 [Test worker] INFO liquibase - master.changelog.json: migration/vault-schema.changelog-v4.xml::nullability::R3.Corda: Null constraint has been added to vault_states.state_status
17:43:57.281 [Test worker] DEBUG liquibase - master.changelog.json: migration/vault-schema.changelog-v4.xml::nullability::R3.Corda: Executing Statement: liquibase.statement.core.CreateIndexStatement@57e86e32
17:43:57.281 [Test worker] DEBUG liquibase - master.changelog.json: migration/vault-schema.changelog-v4.xml::nullability::R3.Corda: Executing EXECUTE database command: CREATE INDEX PUBLIC.state_status_idx ON PUBLIC.vault_states(state_status)
17:43:57.322 [Test worker] INFO liquibase - master.changelog.json: migration/vault-schema.changelog-v4.xml::nullability::R3.Corda: Index state_status_idx created
17:43:57.322 [Test worker] DEBUG liquibase - master.changelog.json: migration/vault-schema.changelog-v4.xml::nullability::R3.Corda: Executing Statement: liquibase.statement.core.CreateIndexStatement@4617aeda
17:43:57.323 [Test worker] DEBUG liquibase - master.changelog.json: migration/vault-schema.changelog-v4.xml::nullability::R3.Corda: Executing EXECUTE database command: CREATE INDEX PUBLIC.lock_id_idx ON PUBLIC.vault_states(lock_id, state_status)
17:43:57.323 [Test worker] INFO liquibase - master.changelog.json: migration/vault-schema.changelog-v4.xml::nullability::R3.Corda: Index lock_id_idx created
17:43:57.323 [Test worker] DEBUG liquibase - master.changelog.json: migration/vault-schema.changelog-v4.xml::nullability::R3.Corda: Executing Statement: liquibase.statement.core.DropIndexStatement@7456a7f7
17:43:57.323 [Test worker] DEBUG liquibase - master.changelog.json: migration/vault-schema.changelog-v4.xml::nullability::R3.Corda: Executing EXECUTE database command: DROP INDEX PUBLIC.transaction_id_index
17:43:57.323 [Test worker] INFO liquibase - master.changelog.json: migration/vault-schema.changelog-v4.xml::nullability::R3.Corda: Index transaction_id_index dropped from table vault_transaction_notes
17:43:57.323 [Test worker] DEBUG liquibase - master.changelog.json: migration/vault-schema.changelog-v4.xml::nullability::R3.Corda: Executing Statement: liquibase.statement.core.SetNullableStatement@5b130d69
17:43:57.325 [Test worker] DEBUG liquibase - master.changelog.json: migration/vault-schema.changelog-v4.xml::nullability::R3.Corda: Executing EXECUTE database command: ALTER TABLE PUBLIC.vault_transaction_notes ALTER COLUMN note SET NOT NULL
17:43:57.325 [Test worker] INFO liquibase - master.changelog.json: migration/vault-schema.changelog-v4.xml::nullability::R3.Corda: Null constraint has been added to vault_transaction_notes.note
17:43:57.325 [Test worker] DEBUG liquibase - master.changelog.json: migration/vault-schema.changelog-v4.xml::nullability::R3.Corda: Executing Statement: liquibase.statement.core.SetNullableStatement@61a17b56
17:43:57.325 [Test worker] DEBUG liquibase - master.changelog.json: migration/vault-schema.changelog-v4.xml::nullability::R3.Corda: Executing EXECUTE database command: ALTER TABLE PUBLIC.vault_transaction_notes ALTER COLUMN transaction_id SET NOT NULL
17:43:57.326 [Test worker] INFO liquibase - master.changelog.json: migration/vault-schema.changelog-v4.xml::nullability::R3.Corda: Null constraint has been added to vault_transaction_notes.transaction_id
17:43:57.326 [Test worker] DEBUG liquibase - master.changelog.json: migration/vault-schema.changelog-v4.xml::nullability::R3.Corda: Executing Statement: liquibase.statement.core.CreateIndexStatement@1e2206f8
17:43:57.326 [Test worker] DEBUG liquibase - master.changelog.json: migration/vault-schema.changelog-v4.xml::nullability::R3.Corda: Executing EXECUTE database command: CREATE INDEX PUBLIC.transaction_id_index ON PUBLIC.vault_transaction_notes(transaction_id)
17:43:57.327 [Test worker] INFO liquibase - master.changelog.json: migration/vault-schema.changelog-v4.xml::nullability::R3.Corda: Index transaction_id_index created
17:43:57.328 [Test worker] INFO liquibase - master.changelog.json: migration/vault-schema.changelog-v4.xml::nullability::R3.Corda: ChangeSet migration/vault-schema.changelog-v4.xml::nullability::R3.Corda ran successfully in 51ms
17:43:57.338 [Test worker] DEBUG liquibase - master.changelog.json: migration/vault-schema.changelog-v4.xml::nullability::R3.Corda: Executing EXECUTE database command: INSERT INTO PUBLIC.DATABASECHANGELOG (ID, AUTHOR, FILENAME, DATEEXECUTED, ORDEREXECUTED, MD5SUM, DESCRIPTION, COMMENTS, EXECTYPE, CONTEXTS, LABELS, LIQUIBASE, DEPLOYMENT_ID) VALUES ('nullability', 'R3.Corda', 'migration/vault-schema.changelog-v4.xml', NOW(), 21, '7:59450415a9a86b5b55d9f9347b383e6a', 'addNotNullConstraint columnName=quantity, tableName=vault_fungible_states; addNotNullConstraint columnName=contract_state_class_name, tableName=vault_states; addNotNullConstraint columnName=notary_name, tableName=vault_states; addNotNullConstraint...', '', 'EXECUTED', NULL, NULL, '3.5.4', '1046237053')
17:43:57.339 [Test worker] DEBUG liquibase - master.changelog.json: migration/vault-schema.changelog-pkey.xml::non-clustered_pk-11::R3.Corda: Running Changeset:migration/vault-schema.changelog-pkey.xml::non-clustered_pk-11::R3.Corda
17:43:57.340 [Test worker] DEBUG liquibase - master.changelog.json: migration/vault-schema.changelog-pkey.xml::non-clustered_pk-11::R3.Corda: Executing EXECUTE database command: INSERT INTO PUBLIC.DATABASECHANGELOG (ID, AUTHOR, FILENAME, DATEEXECUTED, ORDEREXECUTED, MD5SUM, DESCRIPTION, COMMENTS, EXECTYPE, CONTEXTS, LABELS, LIQUIBASE, DEPLOYMENT_ID) VALUES ('non-clustered_pk-11', 'R3.Corda', 'migration/vault-schema.changelog-pkey.xml', NOW(), 22, '7:c88a8494afc1f2507131e709b3ec4f1e', 'dropForeignKeyConstraint baseTableName=vault_fungible_states_parts, constraintName=FK__fung_st_parts__fung_st; dropPrimaryKey constraintName=vault_fungible_states_pkey, tableName=vault_fungible_states; addPrimaryKey constraintName=vault_fungible_s...', '', 'MARK_RAN', NULL, NULL, '3.5.4', '1046237053')
17:43:57.347 [Test worker] DEBUG liquibase - master.changelog.json: migration/vault-schema.changelog-pkey.xml::non-clustered_pk-12::R3.Corda: Running Changeset:migration/vault-schema.changelog-pkey.xml::non-clustered_pk-12::R3.Corda
17:43:57.349 [Test worker] DEBUG liquibase - master.changelog.json: migration/vault-schema.changelog-pkey.xml::non-clustered_pk-12::R3.Corda: Executing EXECUTE database command: INSERT INTO PUBLIC.DATABASECHANGELOG (ID, AUTHOR, FILENAME, DATEEXECUTED, ORDEREXECUTED, MD5SUM, DESCRIPTION, COMMENTS, EXECTYPE, CONTEXTS, LABELS, LIQUIBASE, DEPLOYMENT_ID) VALUES ('non-clustered_pk-12', 'R3.Corda', 'migration/vault-schema.changelog-pkey.xml', NOW(), 23, '7:5569de8454d891688bbb7510f634782f', 'dropForeignKeyConstraint baseTableName=vault_linear_states_parts, constraintName=FK__lin_stat_parts__lin_stat; dropPrimaryKey constraintName=vault_linear_states_pkey, tableName=vault_linear_states; addPrimaryKey constraintName=vault_linear_states_...', '', 'MARK_RAN', NULL, NULL, '3.5.4', '1046237053')
17:43:57.350 [Test worker] DEBUG liquibase - master.changelog.json: migration/vault-schema.changelog-pkey.xml::non-clustered_pk-13::R3.Corda: Running Changeset:migration/vault-schema.changelog-pkey.xml::non-clustered_pk-13::R3.Corda
17:43:57.360 [Test worker] DEBUG liquibase - master.changelog.json: migration/vault-schema.changelog-pkey.xml::non-clustered_pk-13::R3.Corda: Executing EXECUTE database command: INSERT INTO PUBLIC.DATABASECHANGELOG (ID, AUTHOR, FILENAME, DATEEXECUTED, ORDEREXECUTED, MD5SUM, DESCRIPTION, COMMENTS, EXECTYPE, CONTEXTS, LABELS, LIQUIBASE, DEPLOYMENT_ID) VALUES ('non-clustered_pk-13', 'R3.Corda', 'migration/vault-schema.changelog-pkey.xml', NOW(), 24, '7:c786c529ecdaa33f87d3fc9ed88111f4', 'dropPrimaryKey constraintName=vault_states_pkey, tableName=vault_states; addPrimaryKey constraintName=vault_states_pkey, tableName=vault_states', '', 'MARK_RAN', NULL, NULL, '3.5.4', '1046237053')
17:43:57.360 [Test worker] DEBUG liquibase - master.changelog.json: migration/vault-schema.changelog-v5.xml::add_relevancy_status_column::R3.Corda: Running Changeset:migration/vault-schema.changelog-v5.xml::add_relevancy_status_column::R3.Corda
17:43:57.360 [Test worker] DEBUG liquibase - master.changelog.json: migration/vault-schema.changelog-v5.xml::add_relevancy_status_column::R3.Corda: Changeset migration/vault-schema.changelog-v5.xml::add_relevancy_status_column::R3.Corda
17:43:57.386 [Test worker] DEBUG liquibase - master.changelog.json: migration/vault-schema.changelog-v5.xml::add_relevancy_status_column::R3.Corda: Reading ChangeSet: migration/vault-schema.changelog-v5.xml::add_relevancy_status_column::R3.Corda
17:43:57.386 [Test worker] DEBUG liquibase - master.changelog.json: migration/vault-schema.changelog-v5.xml::add_relevancy_status_column::R3.Corda: Executing Statement: liquibase.statement.core.AddColumnStatement@5776bebb
17:43:57.386 [Test worker] DEBUG liquibase - master.changelog.json: migration/vault-schema.changelog-v5.xml::add_relevancy_status_column::R3.Corda: Executing EXECUTE database command: ALTER TABLE PUBLIC.vault_states ADD relevancy_status INT
17:43:57.400 [MockNode-3-2] DEBUG net.corda.node.services.network.NodeInfoWatcher - Read 0 NodeInfo files from build\mock-network\20191014-094255.202\nodes\2\additional-node-infos
17:43:57.400 [MockNode-3-2] DEBUG net.corda.node.services.network.NodeInfoWatcher - Number of removed NodeInfo files 0
17:43:57.400 [Test worker] INFO liquibase - master.changelog.json: migration/vault-schema.changelog-v5.xml::add_relevancy_status_column::R3.Corda: Columns relevancy_status(INT) added to vault_states
17:43:57.400 [Test worker] DEBUG liquibase - master.changelog.json: migration/vault-schema.changelog-v5.xml::add_relevancy_status_column::R3.Corda: Executing Statement: liquibase.statement.core.UpdateStatement@471a337
17:43:57.401 [Test worker] DEBUG liquibase - master.changelog.json: migration/vault-schema.changelog-v5.xml::add_relevancy_status_column::R3.Corda: Executing EXECUTE database command: UPDATE PUBLIC.vault_states SET relevancy_status = 0
17:43:57.401 [Test worker] INFO liquibase - master.changelog.json: migration/vault-schema.changelog-v5.xml::add_relevancy_status_column::R3.Corda: Data updated in vault_states
17:43:57.401 [Test worker] DEBUG liquibase - master.changelog.json: migration/vault-schema.changelog-v5.xml::add_relevancy_status_column::R3.Corda: Executing Statement: liquibase.statement.core.SetNullableStatement@13ed5ab8
17:43:57.401 [Test worker] DEBUG liquibase - master.changelog.json: migration/vault-schema.changelog-v5.xml::add_relevancy_status_column::R3.Corda: Executing EXECUTE database command: ALTER TABLE PUBLIC.vault_states ALTER COLUMN relevancy_status SET NOT NULL
17:43:57.401 [Test worker] INFO liquibase - master.changelog.json: migration/vault-schema.changelog-v5.xml::add_relevancy_status_column::R3.Corda: Null constraint has been added to vault_states.relevancy_status
17:43:57.401 [Test worker] INFO liquibase - master.changelog.json: migration/vault-schema.changelog-v5.xml::add_relevancy_status_column::R3.Corda: ChangeSet migration/vault-schema.changelog-v5.xml::add_relevancy_status_column::R3.Corda ran successfully in 41ms
17:43:57.402 [Test worker] DEBUG liquibase - master.changelog.json: migration/vault-schema.changelog-v5.xml::add_relevancy_status_column::R3.Corda: Executing EXECUTE database command: INSERT INTO PUBLIC.DATABASECHANGELOG (ID, AUTHOR, FILENAME, DATEEXECUTED, ORDEREXECUTED, MD5SUM, DESCRIPTION, COMMENTS, EXECTYPE, CONTEXTS, LABELS, LIQUIBASE, DEPLOYMENT_ID) VALUES ('add_relevancy_status_column', 'R3.Corda', 'migration/vault-schema.changelog-v5.xml', NOW(), 25, '7:bd7c3258179f34f231f6ae51e3313fc4', 'addColumn tableName=vault_states; update tableName=vault_states; addNotNullConstraint columnName=relevancy_status, tableName=vault_states', '', 'EXECUTED', NULL, NULL, '3.5.4', '1046237053')
17:43:57.403 [Test worker] DEBUG liquibase - master.changelog.json: migration/vault-schema.changelog-v6.xml::add_is_constraint_information_columns::R3.Corda: Running Changeset:migration/vault-schema.changelog-v6.xml::add_is_constraint_information_columns::R3.Corda
17:43:57.403 [Test worker] DEBUG liquibase - master.changelog.json: migration/vault-schema.changelog-v6.xml::add_is_constraint_information_columns::R3.Corda: Changeset migration/vault-schema.changelog-v6.xml::add_is_constraint_information_columns::R3.Corda
17:43:57.403 [Test worker] DEBUG liquibase - master.changelog.json: migration/vault-schema.changelog-v6.xml::add_is_constraint_information_columns::R3.Corda: Reading ChangeSet: migration/vault-schema.changelog-v6.xml::add_is_constraint_information_columns::R3.Corda
17:43:57.403 [Test worker] DEBUG liquibase - master.changelog.json: migration/vault-schema.changelog-v6.xml::add_is_constraint_information_columns::R3.Corda: Executing Statement: liquibase.statement.core.AddColumnStatement@369ce356
17:43:57.403 [Test worker] DEBUG liquibase - master.changelog.json: migration/vault-schema.changelog-v6.xml::add_is_constraint_information_columns::R3.Corda: Executing EXECUTE database command: ALTER TABLE PUBLIC.vault_states ADD constraint_type INT DEFAULT '0' NOT NULL
17:43:57.408 [Test worker] INFO liquibase - master.changelog.json: migration/vault-schema.changelog-v6.xml::add_is_constraint_information_columns::R3.Corda: Columns constraint_type(INT) added to vault_states
17:43:57.408 [Test worker] DEBUG liquibase - master.changelog.json: migration/vault-schema.changelog-v6.xml::add_is_constraint_information_columns::R3.Corda: Executing Statement: liquibase.statement.core.AddColumnStatement@6d5aa9a8
17:43:57.408 [Test worker] DEBUG liquibase - master.changelog.json: migration/vault-schema.changelog-v6.xml::add_is_constraint_information_columns::R3.Corda: Executing EXECUTE database command: ALTER TABLE PUBLIC.vault_states ADD constraint_data VARBINARY(563)
17:43:57.410 [Test worker] INFO liquibase - master.changelog.json: migration/vault-schema.changelog-v6.xml::add_is_constraint_information_columns::R3.Corda: Columns constraint_data(varbinary(563)) added to vault_states
17:43:57.410 [Test worker] INFO liquibase - master.changelog.json: migration/vault-schema.changelog-v6.xml::add_is_constraint_information_columns::R3.Corda: ChangeSet migration/vault-schema.changelog-v6.xml::add_is_constraint_information_columns::R3.Corda ran successfully in 7ms
17:43:57.412 [Test worker] DEBUG liquibase - master.changelog.json: migration/vault-schema.changelog-v6.xml::add_is_constraint_information_columns::R3.Corda: Executing EXECUTE database command: INSERT INTO PUBLIC.DATABASECHANGELOG (ID, AUTHOR, FILENAME, DATEEXECUTED, ORDEREXECUTED, MD5SUM, DESCRIPTION, COMMENTS, EXECTYPE, CONTEXTS, LABELS, LIQUIBASE, DEPLOYMENT_ID) VALUES ('add_is_constraint_information_columns', 'R3.Corda', 'migration/vault-schema.changelog-v6.xml', NOW(), 26, '7:7d7cf7015d299a7fefb6e81aa563e208', 'addColumn tableName=vault_states; addColumn tableName=vault_states', '', 'EXECUTED', NULL, NULL, '3.5.4', '1046237053')
17:43:57.412 [Test worker] DEBUG liquibase - master.changelog.json: migration/vault-schema.changelog-v7.xml::make_issuer_ref_nullable::R3.Corda: Running Changeset:migration/vault-schema.changelog-v7.xml::make_issuer_ref_nullable::R3.Corda
17:43:57.412 [Test worker] DEBUG liquibase - master.changelog.json: migration/vault-schema.changelog-v7.xml::make_issuer_ref_nullable::R3.Corda: Changeset migration/vault-schema.changelog-v7.xml::make_issuer_ref_nullable::R3.Corda
17:43:57.414 [Test worker] DEBUG liquibase - master.changelog.json: migration/vault-schema.changelog-v7.xml::make_issuer_ref_nullable::R3.Corda: Reading ChangeSet: migration/vault-schema.changelog-v7.xml::make_issuer_ref_nullable::R3.Corda
17:43:57.414 [Test worker] DEBUG liquibase - master.changelog.json: migration/vault-schema.changelog-v7.xml::make_issuer_ref_nullable::R3.Corda: Executing Statement: liquibase.statement.core.SetNullableStatement@43ac8755
17:43:57.414 [Test worker] DEBUG liquibase - master.changelog.json: migration/vault-schema.changelog-v7.xml::make_issuer_ref_nullable::R3.Corda: Executing EXECUTE database command: ALTER TABLE PUBLIC.vault_fungible_states ALTER COLUMN issuer_ref SET NULL
17:43:57.414 [Test worker] INFO liquibase - master.changelog.json: migration/vault-schema.changelog-v7.xml::make_issuer_ref_nullable::R3.Corda: Null constraint dropped from vault_fungible_states.issuer_ref
17:43:57.414 [Test worker] INFO liquibase - master.changelog.json: migration/vault-schema.changelog-v7.xml::make_issuer_ref_nullable::R3.Corda: ChangeSet migration/vault-schema.changelog-v7.xml::make_issuer_ref_nullable::R3.Corda ran successfully in 2ms
17:43:57.415 [Test worker] DEBUG liquibase - master.changelog.json: migration/vault-schema.changelog-v7.xml::make_issuer_ref_nullable::R3.Corda: Executing EXECUTE database command: INSERT INTO PUBLIC.DATABASECHANGELOG (ID, AUTHOR, FILENAME, DATEEXECUTED, ORDEREXECUTED, MD5SUM, DESCRIPTION, COMMENTS, EXECTYPE, CONTEXTS, LABELS, LIQUIBASE, DEPLOYMENT_ID) VALUES ('make_issuer_ref_nullable', 'R3.Corda', 'migration/vault-schema.changelog-v7.xml', NOW(), 27, '7:016e083b176a76fc50d74e3fe07ca1cb', 'dropNotNullConstraint columnName=issuer_ref, tableName=vault_fungible_states', '', 'EXECUTED', NULL, NULL, '3.5.4', '1046237053')
17:43:57.416 [Test worker] DEBUG liquibase - master.changelog.json: migration/vault-schema.changelog-v8.xml::create-external-id-to-state-party-view::R3.Corda: Running Changeset:migration/vault-schema.changelog-v8.xml::create-external-id-to-state-party-view::R3.Corda
17:43:57.416 [Test worker] DEBUG liquibase - master.changelog.json: migration/vault-schema.changelog-v8.xml::create-external-id-to-state-party-view::R3.Corda: Changeset migration/vault-schema.changelog-v8.xml::create-external-id-to-state-party-view::R3.Corda
17:43:57.416 [Test worker] DEBUG liquibase - master.changelog.json: migration/vault-schema.changelog-v8.xml::create-external-id-to-state-party-view::R3.Corda: Reading ChangeSet: migration/vault-schema.changelog-v8.xml::create-external-id-to-state-party-view::R3.Corda
17:43:57.416 [Test worker] DEBUG liquibase - master.changelog.json: migration/vault-schema.changelog-v8.xml::create-external-id-to-state-party-view::R3.Corda: Executing Statement: liquibase.statement.core.CreateTableStatement@56a68faf
17:43:57.416 [Test worker] DEBUG liquibase - master.changelog.json: migration/vault-schema.changelog-v8.xml::create-external-id-to-state-party-view::R3.Corda: Executing EXECUTE database command: CREATE TABLE PUBLIC.state_party (output_index INT, transaction_id NVARCHAR(64), public_key_hash NVARCHAR(255) NOT NULL, x500_name NVARCHAR(255))
17:43:57.416 [Test worker] INFO liquibase - master.changelog.json: migration/vault-schema.changelog-v8.xml::create-external-id-to-state-party-view::R3.Corda: Table state_party created
17:43:57.416 [Test worker] DEBUG liquibase - master.changelog.json: migration/vault-schema.changelog-v8.xml::create-external-id-to-state-party-view::R3.Corda: Executing Statement: liquibase.statement.core.CreateIndexStatement@43afa042
17:43:57.416 [Test worker] DEBUG liquibase - master.changelog.json: migration/vault-schema.changelog-v8.xml::create-external-id-to-state-party-view::R3.Corda: Executing EXECUTE database command: CREATE INDEX PUBLIC.state_pk_hash_idx ON PUBLIC.state_party(public_key_hash)
17:43:57.417 [Test worker] INFO liquibase - master.changelog.json: migration/vault-schema.changelog-v8.xml::create-external-id-to-state-party-view::R3.Corda: Index state_pk_hash_idx created
17:43:57.417 [Test worker] DEBUG liquibase - master.changelog.json: migration/vault-schema.changelog-v8.xml::create-external-id-to-state-party-view::R3.Corda: Executing Statement: liquibase.statement.core.CreateTableStatement@129cfdc1
17:43:57.417 [Test worker] DEBUG liquibase - master.changelog.json: migration/vault-schema.changelog-v8.xml::create-external-id-to-state-party-view::R3.Corda: Executing EXECUTE database command: CREATE TABLE PUBLIC.pk_hash_to_ext_id_map (id BIGINT NOT NULL, external_id VARCHAR(255) NOT NULL, public_key_hash NVARCHAR(255) NOT NULL)
17:43:57.417 [Test worker] INFO liquibase - master.changelog.json: migration/vault-schema.changelog-v8.xml::create-external-id-to-state-party-view::R3.Corda: Table pk_hash_to_ext_id_map created
17:43:57.417 [Test worker] DEBUG liquibase - master.changelog.json: migration/vault-schema.changelog-v8.xml::create-external-id-to-state-party-view::R3.Corda: Executing Statement: liquibase.statement.core.CreateIndexStatement@2bae68bf
17:43:57.417 [Test worker] DEBUG liquibase - master.changelog.json: migration/vault-schema.changelog-v8.xml::create-external-id-to-state-party-view::R3.Corda: Executing EXECUTE database command: CREATE INDEX PUBLIC.pk_hash_to_xid_idx ON PUBLIC.pk_hash_to_ext_id_map(public_key_hash)
17:43:57.418 [Test worker] INFO liquibase - master.changelog.json: migration/vault-schema.changelog-v8.xml::create-external-id-to-state-party-view::R3.Corda: Index pk_hash_to_xid_idx created
17:43:57.418 [Test worker] DEBUG liquibase - master.changelog.json: migration/vault-schema.changelog-v8.xml::create-external-id-to-state-party-view::R3.Corda: Executing Statement: liquibase.statement.core.CreateViewStatement@15bd7038
17:43:57.420 [Test worker] DEBUG liquibase - master.changelog.json: migration/vault-schema.changelog-v8.xml::create-external-id-to-state-party-view::R3.Corda: Executing EXECUTE database command: CREATE VIEW PUBLIC.v_pkey_hash_ex_id_map AS select
                state_party.public_key_hash,
                state_party.transaction_id,
                state_party.output_index,
                pk_hash_to_ext_id_map.external_id
            from state_party
            join pk_hash_to_ext_id_map
            on state_party.public_key_hash = pk_hash_to_ext_id_map.public_key_hash
17:43:57.420 [Test worker] INFO liquibase - master.changelog.json: migration/vault-schema.changelog-v8.xml::create-external-id-to-state-party-view::R3.Corda: View v_pkey_hash_ex_id_map created
17:43:57.420 [Test worker] INFO liquibase - master.changelog.json: migration/vault-schema.changelog-v8.xml::create-external-id-to-state-party-view::R3.Corda: ChangeSet migration/vault-schema.changelog-v8.xml::create-external-id-to-state-party-view::R3.Corda ran successfully in 4ms
17:43:57.421 [Test worker] DEBUG liquibase - master.changelog.json: migration/vault-schema.changelog-v8.xml::create-external-id-to-state-party-view::R3.Corda: Executing EXECUTE database command: INSERT INTO PUBLIC.DATABASECHANGELOG (ID, AUTHOR, FILENAME, DATEEXECUTED, ORDEREXECUTED, MD5SUM, DESCRIPTION, COMMENTS, EXECTYPE, CONTEXTS, LABELS, LIQUIBASE, DEPLOYMENT_ID) VALUES ('create-external-id-to-state-party-view', 'R3.Corda', 'migration/vault-schema.changelog-v8.xml', NOW(), 28, '7:68a2e794e4726e4e40b28753c7a64413', 'createTable tableName=state_party; createIndex indexName=state_pk_hash_idx, tableName=state_party; createTable tableName=pk_hash_to_ext_id_map; createIndex indexName=pk_hash_to_xid_idx, tableName=pk_hash_to_ext_id_map; createView viewName=v_pkey_h...', '', 'EXECUTED', NULL, NULL, '3.5.4', '1046237053')
17:43:57.422 [Test worker] DEBUG liquibase - master.changelog.json: migration/node-info.changelog-init.xml::1511451595465-4::R3.Corda: Running Changeset:migration/node-info.changelog-init.xml::1511451595465-4::R3.Corda
17:43:57.422 [Test worker] DEBUG liquibase - master.changelog.json: migration/node-info.changelog-init.xml::1511451595465-4::R3.Corda: Changeset migration/node-info.changelog-init.xml::1511451595465-4::R3.Corda
17:43:57.422 [Test worker] DEBUG liquibase - master.changelog.json: migration/node-info.changelog-init.xml::1511451595465-4::R3.Corda: Reading ChangeSet: migration/node-info.changelog-init.xml::1511451595465-4::R3.Corda
17:43:57.422 [Test worker] DEBUG liquibase - master.changelog.json: migration/node-info.changelog-init.xml::1511451595465-4::R3.Corda: Executing Statement: liquibase.statement.core.CreateTableStatement@534c0a7
17:43:57.422 [Test worker] DEBUG liquibase - master.changelog.json: migration/node-info.changelog-init.xml::1511451595465-4::R3.Corda: Executing EXECUTE database command: CREATE TABLE PUBLIC.node_link_nodeinfo_party (node_info_id INT NOT NULL, party_name NVARCHAR(255) NOT NULL)
17:43:57.422 [Test worker] INFO liquibase - master.changelog.json: migration/node-info.changelog-init.xml::1511451595465-4::R3.Corda: Table node_link_nodeinfo_party created
17:43:57.422 [Test worker] INFO liquibase - master.changelog.json: migration/node-info.changelog-init.xml::1511451595465-4::R3.Corda: ChangeSet migration/node-info.changelog-init.xml::1511451595465-4::R3.Corda ran successfully in 0ms
17:43:57.423 [Test worker] DEBUG liquibase - master.changelog.json: migration/node-info.changelog-init.xml::1511451595465-4::R3.Corda: Executing EXECUTE database command: INSERT INTO PUBLIC.DATABASECHANGELOG (ID, AUTHOR, FILENAME, DATEEXECUTED, ORDEREXECUTED, MD5SUM, DESCRIPTION, COMMENTS, EXECTYPE, CONTEXTS, LABELS, LIQUIBASE, DEPLOYMENT_ID) VALUES ('1511451595465-4', 'R3.Corda', 'migration/node-info.changelog-init.xml', NOW(), 29, '7:86561ccea3a7fbbdb311d455076c98a8', 'createTable tableName=node_link_nodeinfo_party', '', 'EXECUTED', NULL, NULL, '3.5.4', '1046237053')
17:43:57.424 [Test worker] DEBUG liquibase - master.changelog.json: migration/node-info.changelog-init.xml::1511451595465-10::R3.Corda: Running Changeset:migration/node-info.changelog-init.xml::1511451595465-10::R3.Corda
17:43:57.424 [Test worker] DEBUG liquibase - master.changelog.json: migration/node-info.changelog-init.xml::1511451595465-10::R3.Corda: Changeset migration/node-info.changelog-init.xml::1511451595465-10::R3.Corda
17:43:57.424 [Test worker] DEBUG liquibase - master.changelog.json: migration/node-info.changelog-init.xml::1511451595465-10::R3.Corda: Reading ChangeSet: migration/node-info.changelog-init.xml::1511451595465-10::R3.Corda
17:43:57.424 [Test worker] DEBUG liquibase - master.changelog.json: migration/node-info.changelog-init.xml::1511451595465-10::R3.Corda: Executing Statement: liquibase.statement.core.CreateTableStatement@3295cb98
17:43:57.424 [Test worker] DEBUG liquibase - master.changelog.json: migration/node-info.changelog-init.xml::1511451595465-10::R3.Corda: Executing EXECUTE database command: CREATE TABLE PUBLIC.node_info_hosts (host NVARCHAR(255) NOT NULL, port INT NOT NULL, node_info_id INT)
17:43:57.425 [Test worker] INFO liquibase - master.changelog.json: migration/node-info.changelog-init.xml::1511451595465-10::R3.Corda: Table node_info_hosts created
17:43:57.425 [Test worker] INFO liquibase - master.changelog.json: migration/node-info.changelog-init.xml::1511451595465-10::R3.Corda: ChangeSet migration/node-info.changelog-init.xml::1511451595465-10::R3.Corda ran successfully in 1ms
17:43:57.426 [Test worker] DEBUG liquibase - master.changelog.json: migration/node-info.changelog-init.xml::1511451595465-10::R3.Corda: Executing EXECUTE database command: INSERT INTO PUBLIC.DATABASECHANGELOG (ID, AUTHOR, FILENAME, DATEEXECUTED, ORDEREXECUTED, MD5SUM, DESCRIPTION, COMMENTS, EXECTYPE, CONTEXTS, LABELS, LIQUIBASE, DEPLOYMENT_ID) VALUES ('1511451595465-10', 'R3.Corda', 'migration/node-info.changelog-init.xml', NOW(), 30, '7:86dcf13717e5dbc4c623523618380bdd', 'createTable tableName=node_info_hosts', '', 'EXECUTED', NULL, NULL, '3.5.4', '1046237053')
17:43:57.426 [Test worker] DEBUG liquibase - master.changelog.json: migration/node-info.changelog-init.xml::1511451595465-11::R3.Corda: Running Changeset:migration/node-info.changelog-init.xml::1511451595465-11::R3.Corda
17:43:57.426 [Test worker] DEBUG liquibase - master.changelog.json: migration/node-info.changelog-init.xml::1511451595465-11::R3.Corda: Changeset migration/node-info.changelog-init.xml::1511451595465-11::R3.Corda
17:43:57.426 [Test worker] DEBUG liquibase - master.changelog.json: migration/node-info.changelog-init.xml::1511451595465-11::R3.Corda: Reading ChangeSet: migration/node-info.changelog-init.xml::1511451595465-11::R3.Corda
17:43:57.426 [Test worker] DEBUG liquibase - master.changelog.json: migration/node-info.changelog-init.xml::1511451595465-11::R3.Corda: Executing Statement: liquibase.statement.core.CreateTableStatement@9a81c98
17:43:57.427 [Test worker] DEBUG liquibase - master.changelog.json: migration/node-info.changelog-init.xml::1511451595465-11::R3.Corda: Executing EXECUTE database command: CREATE TABLE PUBLIC.node_info_party_cert (party_name NVARCHAR(255) NOT NULL, ismain BOOLEAN NOT NULL, owning_key_hash NVARCHAR(130), party_cert_binary BLOB)
17:43:57.427 [Test worker] INFO liquibase - master.changelog.json: migration/node-info.changelog-init.xml::1511451595465-11::R3.Corda: Table node_info_party_cert created
17:43:57.427 [Test worker] INFO liquibase - master.changelog.json: migration/node-info.changelog-init.xml::1511451595465-11::R3.Corda: ChangeSet migration/node-info.changelog-init.xml::1511451595465-11::R3.Corda ran successfully in 1ms
17:43:57.428 [Test worker] DEBUG liquibase - master.changelog.json: migration/node-info.changelog-init.xml::1511451595465-11::R3.Corda: Executing EXECUTE database command: INSERT INTO PUBLIC.DATABASECHANGELOG (ID, AUTHOR, FILENAME, DATEEXECUTED, ORDEREXECUTED, MD5SUM, DESCRIPTION, COMMENTS, EXECTYPE, CONTEXTS, LABELS, LIQUIBASE, DEPLOYMENT_ID) VALUES ('1511451595465-11', 'R3.Corda', 'migration/node-info.changelog-init.xml', NOW(), 31, '7:ddf2ea133beca979abcb7e627a37db60', 'createTable tableName=node_info_party_cert', '', 'EXECUTED', NULL, NULL, '3.5.4', '1046237053')
17:43:57.428 [Test worker] DEBUG liquibase - master.changelog.json: migration/node-info.changelog-init.xml::1511451595465-12::R3.Corda: Running Changeset:migration/node-info.changelog-init.xml::1511451595465-12::R3.Corda
17:43:57.428 [Test worker] DEBUG liquibase - master.changelog.json: migration/node-info.changelog-init.xml::1511451595465-12::R3.Corda: Changeset migration/node-info.changelog-init.xml::1511451595465-12::R3.Corda
17:43:57.428 [Test worker] DEBUG liquibase - master.changelog.json: migration/node-info.changelog-init.xml::1511451595465-12::R3.Corda: Reading ChangeSet: migration/node-info.changelog-init.xml::1511451595465-12::R3.Corda
17:43:57.429 [Test worker] DEBUG liquibase - master.changelog.json: migration/node-info.changelog-init.xml::1511451595465-12::R3.Corda: Executing Statement: liquibase.statement.core.CreateTableStatement@51a06c4c
17:43:57.429 [Test worker] DEBUG liquibase - master.changelog.json: migration/node-info.changelog-init.xml::1511451595465-12::R3.Corda: Executing EXECUTE database command: CREATE TABLE PUBLIC.node_infos (node_info_id INT NOT NULL, node_info_hash NVARCHAR(64), platform_version INT, serial BIGINT)
17:43:57.429 [Test worker] INFO liquibase - master.changelog.json: migration/node-info.changelog-init.xml::1511451595465-12::R3.Corda: Table node_infos created
17:43:57.429 [Test worker] INFO liquibase - master.changelog.json: migration/node-info.changelog-init.xml::1511451595465-12::R3.Corda: ChangeSet migration/node-info.changelog-init.xml::1511451595465-12::R3.Corda ran successfully in 1ms
17:43:57.431 [Test worker] DEBUG liquibase - master.changelog.json: migration/node-info.changelog-init.xml::1511451595465-12::R3.Corda: Executing EXECUTE database command: INSERT INTO PUBLIC.DATABASECHANGELOG (ID, AUTHOR, FILENAME, DATEEXECUTED, ORDEREXECUTED, MD5SUM, DESCRIPTION, COMMENTS, EXECTYPE, CONTEXTS, LABELS, LIQUIBASE, DEPLOYMENT_ID) VALUES ('1511451595465-12', 'R3.Corda', 'migration/node-info.changelog-init.xml', NOW(), 32, '7:2a2169c32d87fdc3442c6096740a52a5', 'createTable tableName=node_infos', '', 'EXECUTED', NULL, NULL, '3.5.4', '1046237053')
17:43:57.431 [Test worker] DEBUG liquibase - master.changelog.json: migration/node-info.changelog-init.xml::1511451595465-35::R3.Corda: Running Changeset:migration/node-info.changelog-init.xml::1511451595465-35::R3.Corda
17:43:57.431 [Test worker] DEBUG liquibase - master.changelog.json: migration/node-info.changelog-init.xml::1511451595465-35::R3.Corda: Changeset migration/node-info.changelog-init.xml::1511451595465-35::R3.Corda
17:43:57.431 [Test worker] DEBUG liquibase - master.changelog.json: migration/node-info.changelog-init.xml::1511451595465-35::R3.Corda: Reading ChangeSet: migration/node-info.changelog-init.xml::1511451595465-35::R3.Corda
17:43:57.431 [Test worker] DEBUG liquibase - master.changelog.json: migration/node-info.changelog-init.xml::1511451595465-35::R3.Corda: Executing Statement: liquibase.statement.core.AddPrimaryKeyStatement@73a97b44
17:43:57.431 [Test worker] DEBUG liquibase - master.changelog.json: migration/node-info.changelog-init.xml::1511451595465-35::R3.Corda: Executing EXECUTE database command: ALTER TABLE PUBLIC.node_info_hosts ADD CONSTRAINT node_info_hosts_pkey PRIMARY KEY (host, port)
17:43:57.432 [Test worker] INFO liquibase - master.changelog.json: migration/node-info.changelog-init.xml::1511451595465-35::R3.Corda: Primary key added to node_info_hosts (host, port)
17:43:57.432 [Test worker] INFO liquibase - master.changelog.json: migration/node-info.changelog-init.xml::1511451595465-35::R3.Corda: ChangeSet migration/node-info.changelog-init.xml::1511451595465-35::R3.Corda ran successfully in 1ms
17:43:57.453 [Test worker] DEBUG liquibase - master.changelog.json: migration/node-info.changelog-init.xml::1511451595465-35::R3.Corda: Executing EXECUTE database command: INSERT INTO PUBLIC.DATABASECHANGELOG (ID, AUTHOR, FILENAME, DATEEXECUTED, ORDEREXECUTED, MD5SUM, DESCRIPTION, COMMENTS, EXECTYPE, CONTEXTS, LABELS, LIQUIBASE, DEPLOYMENT_ID) VALUES ('1511451595465-35', 'R3.Corda', 'migration/node-info.changelog-init.xml', NOW(), 33, '7:5c8230d7f489b4b961c3b52b3335e5ff', 'addPrimaryKey constraintName=node_info_hosts_pkey, tableName=node_info_hosts', '', 'EXECUTED', NULL, NULL, '3.5.4', '1046237053')
17:43:57.456 [Test worker] DEBUG liquibase - master.changelog.json: migration/node-info.changelog-init.xml::1511451595465-36::R3.Corda: Running Changeset:migration/node-info.changelog-init.xml::1511451595465-36::R3.Corda
17:43:57.456 [Test worker] DEBUG liquibase - master.changelog.json: migration/node-info.changelog-init.xml::1511451595465-36::R3.Corda: Changeset migration/node-info.changelog-init.xml::1511451595465-36::R3.Corda
17:43:57.456 [Test worker] DEBUG liquibase - master.changelog.json: migration/node-info.changelog-init.xml::1511451595465-36::R3.Corda: Reading ChangeSet: migration/node-info.changelog-init.xml::1511451595465-36::R3.Corda
17:43:57.456 [Test worker] DEBUG liquibase - master.changelog.json: migration/node-info.changelog-init.xml::1511451595465-36::R3.Corda: Executing Statement: liquibase.statement.core.AddPrimaryKeyStatement@781a7edb
17:43:57.457 [Test worker] DEBUG liquibase - master.changelog.json: migration/node-info.changelog-init.xml::1511451595465-36::R3.Corda: Executing EXECUTE database command: ALTER TABLE PUBLIC.node_info_party_cert ADD CONSTRAINT node_info_party_cert_pkey PRIMARY KEY (party_name)
17:43:57.459 [Test worker] INFO liquibase - master.changelog.json: migration/node-info.changelog-init.xml::1511451595465-36::R3.Corda: Primary key added to node_info_party_cert (party_name)
17:43:57.459 [Test worker] INFO liquibase - master.changelog.json: migration/node-info.changelog-init.xml::1511451595465-36::R3.Corda: ChangeSet migration/node-info.changelog-init.xml::1511451595465-36::R3.Corda ran successfully in 3ms
17:43:57.461 [Test worker] DEBUG liquibase - master.changelog.json: migration/node-info.changelog-init.xml::1511451595465-36::R3.Corda: Executing EXECUTE database command: INSERT INTO PUBLIC.DATABASECHANGELOG (ID, AUTHOR, FILENAME, DATEEXECUTED, ORDEREXECUTED, MD5SUM, DESCRIPTION, COMMENTS, EXECTYPE, CONTEXTS, LABELS, LIQUIBASE, DEPLOYMENT_ID) VALUES ('1511451595465-36', 'R3.Corda', 'migration/node-info.changelog-init.xml', NOW(), 34, '7:a4293247b9113bb0895d15e212ded67d', 'addPrimaryKey constraintName=node_info_party_cert_pkey, tableName=node_info_party_cert', '', 'EXECUTED', NULL, NULL, '3.5.4', '1046237053')
17:43:57.462 [Test worker] DEBUG liquibase - master.changelog.json: migration/node-info.changelog-init.xml::1511451595465-37::R3.Corda: Running Changeset:migration/node-info.changelog-init.xml::1511451595465-37::R3.Corda
17:43:57.462 [Test worker] DEBUG liquibase - master.changelog.json: migration/node-info.changelog-init.xml::1511451595465-37::R3.Corda: Changeset migration/node-info.changelog-init.xml::1511451595465-37::R3.Corda
17:43:57.462 [Test worker] DEBUG liquibase - master.changelog.json: migration/node-info.changelog-init.xml::1511451595465-37::R3.Corda: Reading ChangeSet: migration/node-info.changelog-init.xml::1511451595465-37::R3.Corda
17:43:57.462 [Test worker] DEBUG liquibase - master.changelog.json: migration/node-info.changelog-init.xml::1511451595465-37::R3.Corda: Executing Statement: liquibase.statement.core.AddPrimaryKeyStatement@119c3bcc
17:43:57.462 [Test worker] DEBUG liquibase - master.changelog.json: migration/node-info.changelog-init.xml::1511451595465-37::R3.Corda: Executing EXECUTE database command: ALTER TABLE PUBLIC.node_infos ADD CONSTRAINT node_infos_pkey PRIMARY KEY (node_info_id)
17:43:57.463 [Test worker] INFO liquibase - master.changelog.json: migration/node-info.changelog-init.xml::1511451595465-37::R3.Corda: Primary key added to node_infos (node_info_id)
17:43:57.463 [Test worker] INFO liquibase - master.changelog.json: migration/node-info.changelog-init.xml::1511451595465-37::R3.Corda: ChangeSet migration/node-info.changelog-init.xml::1511451595465-37::R3.Corda ran successfully in 1ms
17:43:57.469 [Test worker] DEBUG liquibase - master.changelog.json: migration/node-info.changelog-init.xml::1511451595465-37::R3.Corda: Executing EXECUTE database command: INSERT INTO PUBLIC.DATABASECHANGELOG (ID, AUTHOR, FILENAME, DATEEXECUTED, ORDEREXECUTED, MD5SUM, DESCRIPTION, COMMENTS, EXECTYPE, CONTEXTS, LABELS, LIQUIBASE, DEPLOYMENT_ID) VALUES ('1511451595465-37', 'R3.Corda', 'migration/node-info.changelog-init.xml', NOW(), 35, '7:3f7b9e25544e21798cc648d8ab2056b7', 'addPrimaryKey constraintName=node_infos_pkey, tableName=node_infos', '', 'EXECUTED', NULL, NULL, '3.5.4', '1046237053')
17:43:57.471 [Test worker] DEBUG liquibase - master.changelog.json: migration/node-info.changelog-init.xml::1511451595465-62::R3.Corda: Running Changeset:migration/node-info.changelog-init.xml::1511451595465-62::R3.Corda
17:43:57.471 [Test worker] DEBUG liquibase - master.changelog.json: migration/node-info.changelog-init.xml::1511451595465-62::R3.Corda: Changeset migration/node-info.changelog-init.xml::1511451595465-62::R3.Corda
17:43:57.472 [Test worker] DEBUG liquibase - master.changelog.json: migration/node-info.changelog-init.xml::1511451595465-62::R3.Corda: Reading ChangeSet: migration/node-info.changelog-init.xml::1511451595465-62::R3.Corda
17:43:57.472 [Test worker] DEBUG liquibase - master.changelog.json: migration/node-info.changelog-init.xml::1511451595465-62::R3.Corda: Executing Statement: liquibase.statement.core.AddForeignKeyConstraintStatement@6b4c3b54
17:43:57.473 [Test worker] DEBUG liquibase - master.changelog.json: migration/node-info.changelog-init.xml::1511451595465-62::R3.Corda: Executing EXECUTE database command: ALTER TABLE PUBLIC.node_link_nodeinfo_party ADD CONSTRAINT FK__link_nodeinfo_party__infos FOREIGN KEY (node_info_id) REFERENCES PUBLIC.node_infos (node_info_id)
17:43:57.480 [Test worker] INFO liquibase - master.changelog.json: migration/node-info.changelog-init.xml::1511451595465-62::R3.Corda: Foreign key constraint added to node_link_nodeinfo_party (node_info_id)
17:43:57.480 [Test worker] INFO liquibase - master.changelog.json: migration/node-info.changelog-init.xml::1511451595465-62::R3.Corda: ChangeSet migration/node-info.changelog-init.xml::1511451595465-62::R3.Corda ran successfully in 9ms
17:43:57.481 [Test worker] DEBUG liquibase - master.changelog.json: migration/node-info.changelog-init.xml::1511451595465-62::R3.Corda: Executing EXECUTE database command: INSERT INTO PUBLIC.DATABASECHANGELOG (ID, AUTHOR, FILENAME, DATEEXECUTED, ORDEREXECUTED, MD5SUM, DESCRIPTION, COMMENTS, EXECTYPE, CONTEXTS, LABELS, LIQUIBASE, DEPLOYMENT_ID) VALUES ('1511451595465-62', 'R3.Corda', 'migration/node-info.changelog-init.xml', NOW(), 36, '7:64add0a3b0350cfe6fa3de1428a38397', 'addForeignKeyConstraint baseTableName=node_link_nodeinfo_party, constraintName=FK__link_nodeinfo_party__infos, referencedTableName=node_infos', '', 'EXECUTED', NULL, NULL, '3.5.4', '1046237053')
17:43:57.481 [Test worker] DEBUG liquibase - master.changelog.json: migration/node-info.changelog-init.xml::1511451595465-63::R3.Corda: Running Changeset:migration/node-info.changelog-init.xml::1511451595465-63::R3.Corda
17:43:57.481 [Test worker] DEBUG liquibase - master.changelog.json: migration/node-info.changelog-init.xml::1511451595465-63::R3.Corda: Changeset migration/node-info.changelog-init.xml::1511451595465-63::R3.Corda
17:43:57.481 [Test worker] DEBUG liquibase - master.changelog.json: migration/node-info.changelog-init.xml::1511451595465-63::R3.Corda: Reading ChangeSet: migration/node-info.changelog-init.xml::1511451595465-63::R3.Corda
17:43:57.482 [Test worker] DEBUG liquibase - master.changelog.json: migration/node-info.changelog-init.xml::1511451595465-63::R3.Corda: Executing Statement: liquibase.statement.core.AddForeignKeyConstraintStatement@595d5f47
17:43:57.482 [Test worker] DEBUG liquibase - master.changelog.json: migration/node-info.changelog-init.xml::1511451595465-63::R3.Corda: Executing EXECUTE database command: ALTER TABLE PUBLIC.node_info_hosts ADD CONSTRAINT FK__info_hosts__infos FOREIGN KEY (node_info_id) REFERENCES PUBLIC.node_infos (node_info_id)
17:43:57.483 [Test worker] INFO liquibase - master.changelog.json: migration/node-info.changelog-init.xml::1511451595465-63::R3.Corda: Foreign key constraint added to node_info_hosts (node_info_id)
17:43:57.483 [Test worker] INFO liquibase - master.changelog.json: migration/node-info.changelog-init.xml::1511451595465-63::R3.Corda: ChangeSet migration/node-info.changelog-init.xml::1511451595465-63::R3.Corda ran successfully in 2ms
17:43:57.484 [Test worker] DEBUG liquibase - master.changelog.json: migration/node-info.changelog-init.xml::1511451595465-63::R3.Corda: Executing EXECUTE database command: INSERT INTO PUBLIC.DATABASECHANGELOG (ID, AUTHOR, FILENAME, DATEEXECUTED, ORDEREXECUTED, MD5SUM, DESCRIPTION, COMMENTS, EXECTYPE, CONTEXTS, LABELS, LIQUIBASE, DEPLOYMENT_ID) VALUES ('1511451595465-63', 'R3.Corda', 'migration/node-info.changelog-init.xml', NOW(), 37, '7:6ea0c3bb234d14956401b6b281531832', 'addForeignKeyConstraint baseTableName=node_info_hosts, constraintName=FK__info_hosts__infos, referencedTableName=node_infos', '', 'EXECUTED', NULL, NULL, '3.5.4', '1046237053')
17:43:57.484 [Test worker] DEBUG liquibase - master.changelog.json: migration/node-info.changelog-init.xml::remove_host_port_pk::R3.Corda: Running Changeset:migration/node-info.changelog-init.xml::remove_host_port_pk::R3.Corda
17:43:57.484 [Test worker] DEBUG liquibase - master.changelog.json: migration/node-info.changelog-init.xml::remove_host_port_pk::R3.Corda: Changeset migration/node-info.changelog-init.xml::remove_host_port_pk::R3.Corda
17:43:57.484 [Test worker] DEBUG liquibase - master.changelog.json: migration/node-info.changelog-init.xml::remove_host_port_pk::R3.Corda: Reading ChangeSet: migration/node-info.changelog-init.xml::remove_host_port_pk::R3.Corda
17:43:57.484 [Test worker] DEBUG liquibase - master.changelog.json: migration/node-info.changelog-init.xml::remove_host_port_pk::R3.Corda: Executing Statement: liquibase.statement.core.DeleteStatement@3d015fc6
17:43:57.484 [Test worker] DEBUG liquibase - master.changelog.json: migration/node-info.changelog-init.xml::remove_host_port_pk::R3.Corda: Executing EXECUTE database command: DELETE FROM PUBLIC.node_infos
17:43:57.484 [Test worker] INFO liquibase - master.changelog.json: migration/node-info.changelog-init.xml::remove_host_port_pk::R3.Corda: Data deleted from node_infos
17:43:57.484 [Test worker] DEBUG liquibase - master.changelog.json: migration/node-info.changelog-init.xml::remove_host_port_pk::R3.Corda: Executing Statement: liquibase.statement.core.DeleteStatement@6fe08b26
17:43:57.484 [Test worker] DEBUG liquibase - master.changelog.json: migration/node-info.changelog-init.xml::remove_host_port_pk::R3.Corda: Executing EXECUTE database command: DELETE FROM PUBLIC.node_link_nodeinfo_party
17:43:57.484 [Test worker] INFO liquibase - master.changelog.json: migration/node-info.changelog-init.xml::remove_host_port_pk::R3.Corda: Data deleted from node_link_nodeinfo_party
17:43:57.485 [Test worker] DEBUG liquibase - master.changelog.json: migration/node-info.changelog-init.xml::remove_host_port_pk::R3.Corda: Executing Statement: liquibase.statement.core.DeleteStatement@55f04b39
17:43:57.485 [Test worker] DEBUG liquibase - master.changelog.json: migration/node-info.changelog-init.xml::remove_host_port_pk::R3.Corda: Executing EXECUTE database command: DELETE FROM PUBLIC.node_info_hosts
17:43:57.485 [Test worker] INFO liquibase - master.changelog.json: migration/node-info.changelog-init.xml::remove_host_port_pk::R3.Corda: Data deleted from node_info_hosts
17:43:57.485 [Test worker] DEBUG liquibase - master.changelog.json: migration/node-info.changelog-init.xml::remove_host_port_pk::R3.Corda: Executing Statement: liquibase.statement.core.DeleteStatement@92eb1a5
17:43:57.485 [Test worker] DEBUG liquibase - master.changelog.json: migration/node-info.changelog-init.xml::remove_host_port_pk::R3.Corda: Executing EXECUTE database command: DELETE FROM PUBLIC.node_info_party_cert
17:43:57.485 [Test worker] INFO liquibase - master.changelog.json: migration/node-info.changelog-init.xml::remove_host_port_pk::R3.Corda: Data deleted from node_info_party_cert
17:43:57.485 [Test worker] DEBUG liquibase - master.changelog.json: migration/node-info.changelog-init.xml::remove_host_port_pk::R3.Corda: Executing Statement: liquibase.statement.core.DropPrimaryKeyStatement@3ee63029
17:43:57.485 [Test worker] DEBUG liquibase - master.changelog.json: migration/node-info.changelog-init.xml::remove_host_port_pk::R3.Corda: Executing EXECUTE database command: ALTER TABLE PUBLIC.node_info_hosts DROP PRIMARY KEY
17:43:57.485 [Test worker] INFO liquibase - master.changelog.json: migration/node-info.changelog-init.xml::remove_host_port_pk::R3.Corda: Primary key dropped from node_info_hosts
17:43:57.485 [Test worker] DEBUG liquibase - master.changelog.json: migration/node-info.changelog-init.xml::remove_host_port_pk::R3.Corda: Executing Statement: liquibase.statement.core.AddColumnStatement@5965ba0
17:43:57.485 [Test worker] DEBUG liquibase - master.changelog.json: migration/node-info.changelog-init.xml::remove_host_port_pk::R3.Corda: Executing EXECUTE database command: ALTER TABLE PUBLIC.node_info_hosts ADD hosts_id INT NOT NULL
17:43:57.488 [Test worker] INFO liquibase - master.changelog.json: migration/node-info.changelog-init.xml::remove_host_port_pk::R3.Corda: Columns hosts_id(INT) added to node_info_hosts
17:43:57.488 [Test worker] DEBUG liquibase - master.changelog.json: migration/node-info.changelog-init.xml::remove_host_port_pk::R3.Corda: Executing Statement: liquibase.statement.core.AddPrimaryKeyStatement@2ffa72c4
17:43:57.488 [Test worker] DEBUG liquibase - master.changelog.json: migration/node-info.changelog-init.xml::remove_host_port_pk::R3.Corda: Executing EXECUTE database command: ALTER TABLE PUBLIC.node_info_hosts ADD CONSTRAINT node_info_hosts_pkey_id PRIMARY KEY (hosts_id)
17:43:57.489 [Test worker] INFO liquibase - master.changelog.json: migration/node-info.changelog-init.xml::remove_host_port_pk::R3.Corda: Primary key added to node_info_hosts (hosts_id)
17:43:57.489 [Test worker] INFO liquibase - master.changelog.json: migration/node-info.changelog-init.xml::remove_host_port_pk::R3.Corda: ChangeSet migration/node-info.changelog-init.xml::remove_host_port_pk::R3.Corda ran successfully in 5ms
17:43:57.492 [Test worker] DEBUG liquibase - master.changelog.json: migration/node-info.changelog-init.xml::remove_host_port_pk::R3.Corda: Executing EXECUTE database command: INSERT INTO PUBLIC.DATABASECHANGELOG (ID, AUTHOR, FILENAME, DATEEXECUTED, ORDEREXECUTED, MD5SUM, DESCRIPTION, COMMENTS, EXECTYPE, CONTEXTS, LABELS, LIQUIBASE, DEPLOYMENT_ID) VALUES ('remove_host_port_pk', 'R3.Corda', 'migration/node-info.changelog-init.xml', NOW(), 38, '7:cb733f12ced82860fd296bb0c94c5072', 'delete tableName=node_infos; delete tableName=node_link_nodeinfo_party; delete tableName=node_info_hosts; delete tableName=node_info_party_cert; dropPrimaryKey constraintName=node_info_hosts_pkey, tableName=node_info_hosts; addColumn tableName=nod...', '', 'EXECUTED', NULL, NULL, '3.5.4', '1046237053')
17:43:57.494 [Test worker] DEBUG liquibase - master.changelog.json: migration/node-info.changelog-v1.xml::key/value node properties table::R3.Corda: Running Changeset:migration/node-info.changelog-v1.xml::key/value node properties table::R3.Corda
17:43:57.494 [Test worker] DEBUG liquibase - master.changelog.json: migration/node-info.changelog-v1.xml::key/value node properties table::R3.Corda: Changeset migration/node-info.changelog-v1.xml::key/value node properties table::R3.Corda
17:43:57.494 [Test worker] DEBUG liquibase - master.changelog.json: migration/node-info.changelog-v1.xml::key/value node properties table::R3.Corda: Reading ChangeSet: migration/node-info.changelog-v1.xml::key/value node properties table::R3.Corda
17:43:57.495 [Test worker] DEBUG liquibase - master.changelog.json: migration/node-info.changelog-v1.xml::key/value node properties table::R3.Corda: Executing Statement: liquibase.statement.core.CreateTableStatement@74ac0667
17:43:57.495 [Test worker] DEBUG liquibase - master.changelog.json: migration/node-info.changelog-v1.xml::key/value node properties table::R3.Corda: Executing EXECUTE database command: CREATE TABLE PUBLIC.node_properties (property_key NVARCHAR(255) NOT NULL, property_value NVARCHAR(255))
17:43:57.496 [Test worker] INFO liquibase - master.changelog.json: migration/node-info.changelog-v1.xml::key/value node properties table::R3.Corda: Table node_properties created
17:43:57.496 [Test worker] INFO liquibase - master.changelog.json: migration/node-info.changelog-v1.xml::key/value node properties table::R3.Corda: ChangeSet migration/node-info.changelog-v1.xml::key/value node properties table::R3.Corda ran successfully in 2ms
17:43:57.498 [Test worker] DEBUG liquibase - master.changelog.json: migration/node-info.changelog-v1.xml::key/value node properties table::R3.Corda: Executing EXECUTE database command: INSERT INTO PUBLIC.DATABASECHANGELOG (ID, AUTHOR, FILENAME, DATEEXECUTED, ORDEREXECUTED, MD5SUM, DESCRIPTION, COMMENTS, EXECTYPE, CONTEXTS, LABELS, LIQUIBASE, DEPLOYMENT_ID) VALUES ('key/value node properties table', 'R3.Corda', 'migration/node-info.changelog-v1.xml', NOW(), 39, '7:05241b402dd60a4e1eeb86ad6c5eff9e', 'createTable tableName=node_properties', '', 'EXECUTED', NULL, NULL, '3.5.4', '1046237053')
17:43:57.498 [Test worker] DEBUG liquibase - master.changelog.json: migration/node-info.changelog-v2.xml::1525962920::R3.Corda: Running Changeset:migration/node-info.changelog-v2.xml::1525962920::R3.Corda
17:43:57.498 [Test worker] DEBUG liquibase - master.changelog.json: migration/node-info.changelog-v2.xml::1525962920::R3.Corda: Changeset migration/node-info.changelog-v2.xml::1525962920::R3.Corda
17:43:57.498 [Test worker] DEBUG liquibase - master.changelog.json: migration/node-info.changelog-v2.xml::1525962920::R3.Corda: Reading ChangeSet: migration/node-info.changelog-v2.xml::1525962920::R3.Corda
17:43:57.498 [Test worker] DEBUG liquibase - master.changelog.json: migration/node-info.changelog-v2.xml::1525962920::R3.Corda: Executing Statement: liquibase.statement.core.SetNullableStatement@555c520b
17:43:57.498 [Test worker] DEBUG liquibase - master.changelog.json: migration/node-info.changelog-v2.xml::1525962920::R3.Corda: Executing EXECUTE database command: ALTER TABLE PUBLIC.node_infos ALTER COLUMN node_info_hash SET NOT NULL
17:43:57.499 [Test worker] INFO liquibase - master.changelog.json: migration/node-info.changelog-v2.xml::1525962920::R3.Corda: Null constraint has been added to node_infos.node_info_hash
17:43:57.499 [Test worker] DEBUG liquibase - master.changelog.json: migration/node-info.changelog-v2.xml::1525962920::R3.Corda: Executing Statement: liquibase.statement.core.SetNullableStatement@27288542
17:43:57.499 [Test worker] DEBUG liquibase - master.changelog.json: migration/node-info.changelog-v2.xml::1525962920::R3.Corda: Executing EXECUTE database command: ALTER TABLE PUBLIC.node_infos ALTER COLUMN platform_version SET NOT NULL
17:43:57.499 [Test worker] INFO liquibase - master.changelog.json: migration/node-info.changelog-v2.xml::1525962920::R3.Corda: Null constraint has been added to node_infos.platform_version
17:43:57.499 [Test worker] DEBUG liquibase - master.changelog.json: migration/node-info.changelog-v2.xml::1525962920::R3.Corda: Executing Statement: liquibase.statement.core.SetNullableStatement@58852a1e
17:43:57.499 [Test worker] DEBUG liquibase - master.changelog.json: migration/node-info.changelog-v2.xml::1525962920::R3.Corda: Executing EXECUTE database command: ALTER TABLE PUBLIC.node_infos ALTER COLUMN serial SET NOT NULL
17:43:57.499 [Test worker] INFO liquibase - master.changelog.json: migration/node-info.changelog-v2.xml::1525962920::R3.Corda: Null constraint has been added to node_infos.serial
17:43:57.499 [Test worker] DEBUG liquibase - master.changelog.json: migration/node-info.changelog-v2.xml::1525962920::R3.Corda: Executing Statement: liquibase.statement.core.SetNullableStatement@45de2186
17:43:57.499 [Test worker] DEBUG liquibase - master.changelog.json: migration/node-info.changelog-v2.xml::1525962920::R3.Corda: Executing EXECUTE database command: ALTER TABLE PUBLIC.node_info_hosts ALTER COLUMN host SET NULL
17:43:57.499 [Test worker] INFO liquibase - master.changelog.json: migration/node-info.changelog-v2.xml::1525962920::R3.Corda: Null constraint dropped from node_info_hosts.host
17:43:57.499 [Test worker] DEBUG liquibase - master.changelog.json: migration/node-info.changelog-v2.xml::1525962920::R3.Corda: Executing Statement: liquibase.statement.core.SetNullableStatement@5d37a9bc
17:43:57.499 [Test worker] DEBUG liquibase - master.changelog.json: migration/node-info.changelog-v2.xml::1525962920::R3.Corda: Executing EXECUTE database command: ALTER TABLE PUBLIC.node_info_hosts ALTER COLUMN port SET NULL
17:43:57.500 [Test worker] INFO liquibase - master.changelog.json: migration/node-info.changelog-v2.xml::1525962920::R3.Corda: Null constraint dropped from node_info_hosts.port
17:43:57.500 [Test worker] DEBUG liquibase - master.changelog.json: migration/node-info.changelog-v2.xml::1525962920::R3.Corda: Executing Statement: liquibase.statement.core.SetNullableStatement@2c13adde
17:43:57.500 [Test worker] DEBUG liquibase - master.changelog.json: migration/node-info.changelog-v2.xml::1525962920::R3.Corda: Executing EXECUTE database command: ALTER TABLE PUBLIC.node_info_party_cert ALTER COLUMN owning_key_hash SET NOT NULL
17:43:57.500 [Test worker] INFO liquibase - master.changelog.json: migration/node-info.changelog-v2.xml::1525962920::R3.Corda: Null constraint has been added to node_info_party_cert.owning_key_hash
17:43:57.500 [Test worker] DEBUG liquibase - master.changelog.json: migration/node-info.changelog-v2.xml::1525962920::R3.Corda: Executing Statement: liquibase.statement.core.SetNullableStatement@43055ca3
17:43:57.500 [Test worker] DEBUG liquibase - master.changelog.json: migration/node-info.changelog-v2.xml::1525962920::R3.Corda: Executing EXECUTE database command: ALTER TABLE PUBLIC.node_info_party_cert ALTER COLUMN party_cert_binary SET NOT NULL
17:43:57.500 [Test worker] INFO liquibase - master.changelog.json: migration/node-info.changelog-v2.xml::1525962920::R3.Corda: Null constraint has been added to node_info_party_cert.party_cert_binary
17:43:57.500 [Test worker] INFO liquibase - master.changelog.json: migration/node-info.changelog-v2.xml::1525962920::R3.Corda: ChangeSet migration/node-info.changelog-v2.xml::1525962920::R3.Corda ran successfully in 2ms
17:43:57.502 [Test worker] DEBUG liquibase - master.changelog.json: migration/node-info.changelog-v2.xml::1525962920::R3.Corda: Executing EXECUTE database command: INSERT INTO PUBLIC.DATABASECHANGELOG (ID, AUTHOR, FILENAME, DATEEXECUTED, ORDEREXECUTED, MD5SUM, DESCRIPTION, COMMENTS, EXECTYPE, CONTEXTS, LABELS, LIQUIBASE, DEPLOYMENT_ID) VALUES ('1525962920', 'R3.Corda', 'migration/node-info.changelog-v2.xml', NOW(), 40, '7:c3fd83668d5ed4acdefcad3f90944935', 'addNotNullConstraint columnName=node_info_hash, tableName=node_infos; addNotNullConstraint columnName=platform_version, tableName=node_infos; addNotNullConstraint columnName=serial, tableName=node_infos; dropNotNullConstraint columnName=host, tabl...', '', 'EXECUTED', NULL, NULL, '3.5.4', '1046237053')
17:43:57.502 [Test worker] DEBUG liquibase - master.changelog.json: migration/node-info.changelog-v3.xml::column_host_name::R3.Corda: Running Changeset:migration/node-info.changelog-v3.xml::column_host_name::R3.Corda
17:43:57.502 [Test worker] DEBUG liquibase - master.changelog.json: migration/node-info.changelog-v3.xml::column_host_name::R3.Corda: Changeset migration/node-info.changelog-v3.xml::column_host_name::R3.Corda
17:43:57.502 [Test worker] DEBUG liquibase - master.changelog.json: migration/node-info.changelog-v3.xml::column_host_name::R3.Corda: Reading ChangeSet: migration/node-info.changelog-v3.xml::column_host_name::R3.Corda
17:43:57.502 [Test worker] DEBUG liquibase - master.changelog.json: migration/node-info.changelog-v3.xml::column_host_name::R3.Corda: Executing Statement: liquibase.statement.core.RenameColumnStatement@39423e45
17:43:57.502 [Test worker] DEBUG liquibase - master.changelog.json: migration/node-info.changelog-v3.xml::column_host_name::R3.Corda: Executing EXECUTE database command: ALTER TABLE PUBLIC.node_info_hosts ALTER COLUMN host RENAME TO host_name
17:43:57.503 [Test worker] INFO liquibase - master.changelog.json: migration/node-info.changelog-v3.xml::column_host_name::R3.Corda: Column node_info_hosts.host renamed to host_name
17:43:57.503 [Test worker] INFO liquibase - master.changelog.json: migration/node-info.changelog-v3.xml::column_host_name::R3.Corda: ChangeSet migration/node-info.changelog-v3.xml::column_host_name::R3.Corda ran successfully in 1ms
17:43:57.504 [Test worker] DEBUG liquibase - master.changelog.json: migration/node-info.changelog-v3.xml::column_host_name::R3.Corda: Executing EXECUTE database command: INSERT INTO PUBLIC.DATABASECHANGELOG (ID, AUTHOR, FILENAME, DATEEXECUTED, ORDEREXECUTED, MD5SUM, DESCRIPTION, COMMENTS, EXECTYPE, CONTEXTS, LABELS, LIQUIBASE, DEPLOYMENT_ID) VALUES ('column_host_name', 'R3.Corda', 'migration/node-info.changelog-v3.xml', NOW(), 41, '7:fc4ceb3b82e44070da1fff49a7b5cccb', 'renameColumn newColumnName=host_name, oldColumnName=host, tableName=node_info_hosts', '', 'EXECUTED', NULL, NULL, '3.5.4', '1046237053')
17:43:57.504 [Test worker] DEBUG liquibase - master.changelog.json: migration/node-services.changelog-init.xml::1511451595465-5::R3.Corda: Running Changeset:migration/node-services.changelog-init.xml::1511451595465-5::R3.Corda
17:43:57.504 [Test worker] DEBUG liquibase - master.changelog.json: migration/node-services.changelog-init.xml::1511451595465-5::R3.Corda: Changeset migration/node-services.changelog-init.xml::1511451595465-5::R3.Corda
17:43:57.504 [Test worker] DEBUG liquibase - master.changelog.json: migration/node-services.changelog-init.xml::1511451595465-5::R3.Corda: Reading ChangeSet: migration/node-services.changelog-init.xml::1511451595465-5::R3.Corda
17:43:57.504 [Test worker] DEBUG liquibase - master.changelog.json: migration/node-services.changelog-init.xml::1511451595465-5::R3.Corda: Executing Statement: liquibase.statement.core.CreateTableStatement@1c1abd04
17:43:57.505 [Test worker] DEBUG liquibase - master.changelog.json: migration/node-services.changelog-init.xml::1511451595465-5::R3.Corda: Executing EXECUTE database command: CREATE TABLE PUBLIC.node_attachments (att_id NVARCHAR(255) NOT NULL, content BLOB, filename NVARCHAR(255), insertion_date TIMESTAMP NOT NULL, uploader NVARCHAR(255))
17:43:57.505 [Test worker] INFO liquibase - master.changelog.json: migration/node-services.changelog-init.xml::1511451595465-5::R3.Corda: Table node_attachments created
17:43:57.505 [Test worker] INFO liquibase - master.changelog.json: migration/node-services.changelog-init.xml::1511451595465-5::R3.Corda: ChangeSet migration/node-services.changelog-init.xml::1511451595465-5::R3.Corda ran successfully in 1ms
17:43:57.506 [Test worker] DEBUG liquibase - master.changelog.json: migration/node-services.changelog-init.xml::1511451595465-5::R3.Corda: Executing EXECUTE database command: INSERT INTO PUBLIC.DATABASECHANGELOG (ID, AUTHOR, FILENAME, DATEEXECUTED, ORDEREXECUTED, MD5SUM, DESCRIPTION, COMMENTS, EXECTYPE, CONTEXTS, LABELS, LIQUIBASE, DEPLOYMENT_ID) VALUES ('1511451595465-5', 'R3.Corda', 'migration/node-services.changelog-init.xml', NOW(), 42, '7:464a5bbaf24fe78716c38c544dc81f3c', 'createTable tableName=node_attachments', '', 'EXECUTED', NULL, NULL, '3.5.4', '1046237053')
17:43:57.506 [Test worker] DEBUG liquibase - master.changelog.json: migration/node-services.changelog-init.xml::1511451595465-7::R3.Corda: Running Changeset:migration/node-services.changelog-init.xml::1511451595465-7::R3.Corda
17:43:57.506 [Test worker] DEBUG liquibase - master.changelog.json: migration/node-services.changelog-init.xml::1511451595465-7::R3.Corda: Changeset migration/node-services.changelog-init.xml::1511451595465-7::R3.Corda
17:43:57.506 [Test worker] DEBUG liquibase - master.changelog.json: migration/node-services.changelog-init.xml::1511451595465-7::R3.Corda: Reading ChangeSet: migration/node-services.changelog-init.xml::1511451595465-7::R3.Corda
17:43:57.507 [Test worker] DEBUG liquibase - master.changelog.json: migration/node-services.changelog-init.xml::1511451595465-7::R3.Corda: Executing Statement: liquibase.statement.core.CreateTableStatement@d76a01e
17:43:57.507 [Test worker] DEBUG liquibase - master.changelog.json: migration/node-services.changelog-init.xml::1511451595465-7::R3.Corda: Executing EXECUTE database command: CREATE TABLE PUBLIC.node_checkpoints (checkpoint_id NVARCHAR(64) NOT NULL, checkpoint_value BLOB)
17:43:57.507 [Test worker] INFO liquibase - master.changelog.json: migration/node-services.changelog-init.xml::1511451595465-7::R3.Corda: Table node_checkpoints created
17:43:57.507 [Test worker] INFO liquibase - master.changelog.json: migration/node-services.changelog-init.xml::1511451595465-7::R3.Corda: ChangeSet migration/node-services.changelog-init.xml::1511451595465-7::R3.Corda ran successfully in 1ms
17:43:57.533 [Test worker] DEBUG liquibase - master.changelog.json: migration/node-services.changelog-init.xml::1511451595465-7::R3.Corda: Executing EXECUTE database command: INSERT INTO PUBLIC.DATABASECHANGELOG (ID, AUTHOR, FILENAME, DATEEXECUTED, ORDEREXECUTED, MD5SUM, DESCRIPTION, COMMENTS, EXECTYPE, CONTEXTS, LABELS, LIQUIBASE, DEPLOYMENT_ID) VALUES ('1511451595465-7', 'R3.Corda', 'migration/node-services.changelog-init.xml', NOW(), 43, '7:2870aa3a468e81bab1cd24ac70ca2163', 'createTable tableName=node_checkpoints', '', 'EXECUTED', NULL, NULL, '3.5.4', '1046237053')
17:43:57.534 [Test worker] DEBUG liquibase - master.changelog.json: migration/node-services.changelog-init.xml::1511451595465-8::R3.Corda: Running Changeset:migration/node-services.changelog-init.xml::1511451595465-8::R3.Corda
17:43:57.534 [Test worker] DEBUG liquibase - master.changelog.json: migration/node-services.changelog-init.xml::1511451595465-8::R3.Corda: Changeset migration/node-services.changelog-init.xml::1511451595465-8::R3.Corda
17:43:57.534 [Test worker] DEBUG liquibase - master.changelog.json: migration/node-services.changelog-init.xml::1511451595465-8::R3.Corda: Reading ChangeSet: migration/node-services.changelog-init.xml::1511451595465-8::R3.Corda
17:43:57.534 [Test worker] DEBUG liquibase - master.changelog.json: migration/node-services.changelog-init.xml::1511451595465-8::R3.Corda: Executing Statement: liquibase.statement.core.CreateTableStatement@76195636
17:43:57.535 [Test worker] DEBUG liquibase - master.changelog.json: migration/node-services.changelog-init.xml::1511451595465-8::R3.Corda: Executing EXECUTE database command: CREATE TABLE PUBLIC.node_contract_upgrades (state_ref NVARCHAR(96) NOT NULL, contract_class_name NVARCHAR(255))
17:43:57.535 [Test worker] INFO liquibase - master.changelog.json: migration/node-services.changelog-init.xml::1511451595465-8::R3.Corda: Table node_contract_upgrades created
17:43:57.535 [Test worker] INFO liquibase - master.changelog.json: migration/node-services.changelog-init.xml::1511451595465-8::R3.Corda: ChangeSet migration/node-services.changelog-init.xml::1511451595465-8::R3.Corda ran successfully in 1ms
17:43:57.536 [Test worker] DEBUG liquibase - master.changelog.json: migration/node-services.changelog-init.xml::1511451595465-8::R3.Corda: Executing EXECUTE database command: INSERT INTO PUBLIC.DATABASECHANGELOG (ID, AUTHOR, FILENAME, DATEEXECUTED, ORDEREXECUTED, MD5SUM, DESCRIPTION, COMMENTS, EXECTYPE, CONTEXTS, LABELS, LIQUIBASE, DEPLOYMENT_ID) VALUES ('1511451595465-8', 'R3.Corda', 'migration/node-services.changelog-init.xml', NOW(), 44, '7:bf156b1c48e915e7d8090d5162e31c02', 'createTable tableName=node_contract_upgrades', '', 'EXECUTED', NULL, NULL, '3.5.4', '1046237053')
17:43:57.536 [Test worker] DEBUG liquibase - master.changelog.json: migration/node-services.changelog-init.xml::1511451595465-9::R3.Corda: Running Changeset:migration/node-services.changelog-init.xml::1511451595465-9::R3.Corda
17:43:57.536 [Test worker] DEBUG liquibase - master.changelog.json: migration/node-services.changelog-init.xml::1511451595465-9::R3.Corda: Changeset migration/node-services.changelog-init.xml::1511451595465-9::R3.Corda
17:43:57.536 [Test worker] DEBUG liquibase - master.changelog.json: migration/node-services.changelog-init.xml::1511451595465-9::R3.Corda: Reading ChangeSet: migration/node-services.changelog-init.xml::1511451595465-9::R3.Corda
17:43:57.537 [Test worker] DEBUG liquibase - master.changelog.json: migration/node-services.changelog-init.xml::1511451595465-9::R3.Corda: Executing Statement: liquibase.statement.core.CreateTableStatement@14a6aa74
17:43:57.537 [Test worker] DEBUG liquibase - master.changelog.json: migration/node-services.changelog-init.xml::1511451595465-9::R3.Corda: Executing EXECUTE database command: CREATE TABLE PUBLIC.node_identities (pk_hash NVARCHAR(130) NOT NULL, identity_value BLOB)
17:43:57.537 [Test worker] INFO liquibase - master.changelog.json: migration/node-services.changelog-init.xml::1511451595465-9::R3.Corda: Table node_identities created
17:43:57.537 [Test worker] INFO liquibase - master.changelog.json: migration/node-services.changelog-init.xml::1511451595465-9::R3.Corda: ChangeSet migration/node-services.changelog-init.xml::1511451595465-9::R3.Corda ran successfully in 1ms
17:43:57.538 [Test worker] DEBUG liquibase - master.changelog.json: migration/node-services.changelog-init.xml::1511451595465-9::R3.Corda: Executing EXECUTE database command: INSERT INTO PUBLIC.DATABASECHANGELOG (ID, AUTHOR, FILENAME, DATEEXECUTED, ORDEREXECUTED, MD5SUM, DESCRIPTION, COMMENTS, EXECTYPE, CONTEXTS, LABELS, LIQUIBASE, DEPLOYMENT_ID) VALUES ('1511451595465-9', 'R3.Corda', 'migration/node-services.changelog-init.xml', NOW(), 45, '7:ea04cf1cc4ea1112c4cbbf932bc51c56', 'createTable tableName=node_identities', '', 'EXECUTED', NULL, NULL, '3.5.4', '1046237053')
17:43:57.538 [Test worker] DEBUG liquibase - master.changelog.json: migration/node-services.changelog-init.xml::1511451595465-13::R3.Corda: Running Changeset:migration/node-services.changelog-init.xml::1511451595465-13::R3.Corda
17:43:57.539 [Test worker] DEBUG liquibase - master.changelog.json: migration/node-services.changelog-init.xml::1511451595465-13::R3.Corda: Changeset migration/node-services.changelog-init.xml::1511451595465-13::R3.Corda
17:43:57.539 [Test worker] DEBUG liquibase - master.changelog.json: migration/node-services.changelog-init.xml::1511451595465-13::R3.Corda: Reading ChangeSet: migration/node-services.changelog-init.xml::1511451595465-13::R3.Corda
17:43:57.539 [Test worker] DEBUG liquibase - master.changelog.json: migration/node-services.changelog-init.xml::1511451595465-13::R3.Corda: Executing Statement: liquibase.statement.core.CreateTableStatement@6cf05de0
17:43:57.539 [Test worker] DEBUG liquibase - master.changelog.json: migration/node-services.changelog-init.xml::1511451595465-13::R3.Corda: Executing EXECUTE database command: CREATE TABLE PUBLIC.node_message_ids (message_id NVARCHAR(64) NOT NULL, insertion_time TIMESTAMP)
17:43:57.544 [Test worker] INFO liquibase - master.changelog.json: migration/node-services.changelog-init.xml::1511451595465-13::R3.Corda: Table node_message_ids created
17:43:57.545 [Test worker] INFO liquibase - master.changelog.json: migration/node-services.changelog-init.xml::1511451595465-13::R3.Corda: ChangeSet migration/node-services.changelog-init.xml::1511451595465-13::R3.Corda ran successfully in 6ms
17:43:57.547 [Test worker] DEBUG liquibase - master.changelog.json: migration/node-services.changelog-init.xml::1511451595465-13::R3.Corda: Executing EXECUTE database command: INSERT INTO PUBLIC.DATABASECHANGELOG (ID, AUTHOR, FILENAME, DATEEXECUTED, ORDEREXECUTED, MD5SUM, DESCRIPTION, COMMENTS, EXECTYPE, CONTEXTS, LABELS, LIQUIBASE, DEPLOYMENT_ID) VALUES ('1511451595465-13', 'R3.Corda', 'migration/node-services.changelog-init.xml', NOW(), 46, '7:340ca6c0b7c87b663b0449535b082f80', 'createTable tableName=node_message_ids', '', 'EXECUTED', NULL, NULL, '3.5.4', '1046237053')
17:43:57.547 [Test worker] DEBUG liquibase - master.changelog.json: migration/node-services.changelog-init.xml::1511451595465-14::R3.Corda: Running Changeset:migration/node-services.changelog-init.xml::1511451595465-14::R3.Corda
17:43:57.547 [Test worker] DEBUG liquibase - master.changelog.json: migration/node-services.changelog-init.xml::1511451595465-14::R3.Corda: Changeset migration/node-services.changelog-init.xml::1511451595465-14::R3.Corda
17:43:57.547 [Test worker] DEBUG liquibase - master.changelog.json: migration/node-services.changelog-init.xml::1511451595465-14::R3.Corda: Reading ChangeSet: migration/node-services.changelog-init.xml::1511451595465-14::R3.Corda
17:43:57.549 [Test worker] DEBUG liquibase - master.changelog.json: migration/node-services.changelog-init.xml::1511451595465-14::R3.Corda: Executing Statement: liquibase.statement.core.CreateTableStatement@6a5b3767
17:43:57.550 [Test worker] DEBUG liquibase - master.changelog.json: migration/node-services.changelog-init.xml::1511451595465-14::R3.Corda: Executing EXECUTE database command: CREATE TABLE PUBLIC.node_message_retry (message_id BIGINT NOT NULL, message BLOB, recipients BLOB)
17:43:57.557 [Test worker] INFO liquibase - master.changelog.json: migration/node-services.changelog-init.xml::1511451595465-14::R3.Corda: Table node_message_retry created
17:43:57.557 [Test worker] INFO liquibase - master.changelog.json: migration/node-services.changelog-init.xml::1511451595465-14::R3.Corda: ChangeSet migration/node-services.changelog-init.xml::1511451595465-14::R3.Corda ran successfully in 10ms
17:43:57.558 [Test worker] DEBUG liquibase - master.changelog.json: migration/node-services.changelog-init.xml::1511451595465-14::R3.Corda: Executing EXECUTE database command: INSERT INTO PUBLIC.DATABASECHANGELOG (ID, AUTHOR, FILENAME, DATEEXECUTED, ORDEREXECUTED, MD5SUM, DESCRIPTION, COMMENTS, EXECTYPE, CONTEXTS, LABELS, LIQUIBASE, DEPLOYMENT_ID) VALUES ('1511451595465-14', 'R3.Corda', 'migration/node-services.changelog-init.xml', NOW(), 47, '7:1dc64c73807569fb04c10a9b2d760ff0', 'createTable tableName=node_message_retry', '', 'EXECUTED', NULL, NULL, '3.5.4', '1046237053')
17:43:57.561 [Test worker] DEBUG liquibase - master.changelog.json: migration/node-services.changelog-init.xml::1511451595465-15::R3.Corda: Running Changeset:migration/node-services.changelog-init.xml::1511451595465-15::R3.Corda
17:43:57.562 [Test worker] DEBUG liquibase - master.changelog.json: migration/node-services.changelog-init.xml::1511451595465-15::R3.Corda: Changeset migration/node-services.changelog-init.xml::1511451595465-15::R3.Corda
17:43:57.562 [Test worker] DEBUG liquibase - master.changelog.json: migration/node-services.changelog-init.xml::1511451595465-15::R3.Corda: Reading ChangeSet: migration/node-services.changelog-init.xml::1511451595465-15::R3.Corda
17:43:57.562 [Test worker] DEBUG liquibase - master.changelog.json: migration/node-services.changelog-init.xml::1511451595465-15::R3.Corda: Executing Statement: liquibase.statement.core.CreateTableStatement@5d3563a8
17:43:57.564 [Test worker] DEBUG liquibase - master.changelog.json: migration/node-services.changelog-init.xml::1511451595465-15::R3.Corda: Executing EXECUTE database command: CREATE TABLE PUBLIC.node_named_identities (name NVARCHAR(128) NOT NULL, pk_hash NVARCHAR(130))
17:43:57.564 [Test worker] INFO liquibase - master.changelog.json: migration/node-services.changelog-init.xml::1511451595465-15::R3.Corda: Table node_named_identities created
17:43:57.564 [Test worker] INFO liquibase - master.changelog.json: migration/node-services.changelog-init.xml::1511451595465-15::R3.Corda: ChangeSet migration/node-services.changelog-init.xml::1511451595465-15::R3.Corda ran successfully in 2ms
17:43:57.566 [Test worker] DEBUG liquibase - master.changelog.json: migration/node-services.changelog-init.xml::1511451595465-15::R3.Corda: Executing EXECUTE database command: INSERT INTO PUBLIC.DATABASECHANGELOG (ID, AUTHOR, FILENAME, DATEEXECUTED, ORDEREXECUTED, MD5SUM, DESCRIPTION, COMMENTS, EXECTYPE, CONTEXTS, LABELS, LIQUIBASE, DEPLOYMENT_ID) VALUES ('1511451595465-15', 'R3.Corda', 'migration/node-services.changelog-init.xml', NOW(), 48, '7:108b7d395f7fb3cfc8ce4e364c4008a5', 'createTable tableName=node_named_identities', '', 'EXECUTED', NULL, NULL, '3.5.4', '1046237053')
17:43:57.566 [Test worker] DEBUG liquibase - master.changelog.json: migration/node-services.changelog-init.xml::1511451595465-17::R3.Corda: Running Changeset:migration/node-services.changelog-init.xml::1511451595465-17::R3.Corda
17:43:57.566 [Test worker] DEBUG liquibase - master.changelog.json: migration/node-services.changelog-init.xml::1511451595465-17::R3.Corda: Changeset migration/node-services.changelog-init.xml::1511451595465-17::R3.Corda
17:43:57.567 [Test worker] DEBUG liquibase - master.changelog.json: migration/node-services.changelog-init.xml::1511451595465-17::R3.Corda: Reading ChangeSet: migration/node-services.changelog-init.xml::1511451595465-17::R3.Corda
17:43:57.567 [Test worker] DEBUG liquibase - master.changelog.json: migration/node-services.changelog-init.xml::1511451595465-17::R3.Corda: Executing Statement: liquibase.statement.core.CreateTableStatement@32ed42c6
17:43:57.567 [Test worker] DEBUG liquibase - master.changelog.json: migration/node-services.changelog-init.xml::1511451595465-17::R3.Corda: Executing EXECUTE database command: CREATE TABLE PUBLIC.node_our_key_pairs (public_key_hash NVARCHAR(130) NOT NULL, private_key BLOB, public_key BLOB)
17:43:57.567 [Test worker] INFO liquibase - master.changelog.json: migration/node-services.changelog-init.xml::1511451595465-17::R3.Corda: Table node_our_key_pairs created
17:43:57.568 [Test worker] INFO liquibase - master.changelog.json: migration/node-services.changelog-init.xml::1511451595465-17::R3.Corda: ChangeSet migration/node-services.changelog-init.xml::1511451595465-17::R3.Corda ran successfully in 2ms
17:43:57.569 [Test worker] DEBUG liquibase - master.changelog.json: migration/node-services.changelog-init.xml::1511451595465-17::R3.Corda: Executing EXECUTE database command: INSERT INTO PUBLIC.DATABASECHANGELOG (ID, AUTHOR, FILENAME, DATEEXECUTED, ORDEREXECUTED, MD5SUM, DESCRIPTION, COMMENTS, EXECTYPE, CONTEXTS, LABELS, LIQUIBASE, DEPLOYMENT_ID) VALUES ('1511451595465-17', 'R3.Corda', 'migration/node-services.changelog-init.xml', NOW(), 49, '7:a8b4ae7170f56f1df8a23b530bef4dd1', 'createTable tableName=node_our_key_pairs', '', 'EXECUTED', NULL, NULL, '3.5.4', '1046237053')
17:43:57.569 [Test worker] DEBUG liquibase - master.changelog.json: migration/node-services.changelog-init.xml::1511451595465-19::R3.Corda: Running Changeset:migration/node-services.changelog-init.xml::1511451595465-19::R3.Corda
17:43:57.570 [Test worker] DEBUG liquibase - master.changelog.json: migration/node-services.changelog-init.xml::1511451595465-19::R3.Corda: Changeset migration/node-services.changelog-init.xml::1511451595465-19::R3.Corda
17:43:57.570 [Test worker] DEBUG liquibase - master.changelog.json: migration/node-services.changelog-init.xml::1511451595465-19::R3.Corda: Reading ChangeSet: migration/node-services.changelog-init.xml::1511451595465-19::R3.Corda
17:43:57.571 [Test worker] DEBUG liquibase - master.changelog.json: migration/node-services.changelog-init.xml::1511451595465-19::R3.Corda: Executing Statement: liquibase.statement.core.CreateTableStatement@8eb0d51
17:43:57.572 [Test worker] DEBUG liquibase - master.changelog.json: migration/node-services.changelog-init.xml::1511451595465-19::R3.Corda: Executing EXECUTE database command: CREATE TABLE PUBLIC.node_scheduled_states (output_index INT NOT NULL, transaction_id NVARCHAR(64) NOT NULL, scheduled_at TIMESTAMP NOT NULL)
17:43:57.572 [Test worker] INFO liquibase - master.changelog.json: migration/node-services.changelog-init.xml::1511451595465-19::R3.Corda: Table node_scheduled_states created
17:43:57.572 [Test worker] INFO liquibase - master.changelog.json: migration/node-services.changelog-init.xml::1511451595465-19::R3.Corda: ChangeSet migration/node-services.changelog-init.xml::1511451595465-19::R3.Corda ran successfully in 2ms
17:43:57.573 [Test worker] DEBUG liquibase - master.changelog.json: migration/node-services.changelog-init.xml::1511451595465-19::R3.Corda: Executing EXECUTE database command: INSERT INTO PUBLIC.DATABASECHANGELOG (ID, AUTHOR, FILENAME, DATEEXECUTED, ORDEREXECUTED, MD5SUM, DESCRIPTION, COMMENTS, EXECTYPE, CONTEXTS, LABELS, LIQUIBASE, DEPLOYMENT_ID) VALUES ('1511451595465-19', 'R3.Corda', 'migration/node-services.changelog-init.xml', NOW(), 50, '7:2aaf3df7bdbea9c71aa8bea4e14f11ef', 'createTable tableName=node_scheduled_states', '', 'EXECUTED', NULL, NULL, '3.5.4', '1046237053')
17:43:57.574 [Test worker] DEBUG liquibase - master.changelog.json: migration/node-services.changelog-init.xml::1511451595465-20::R3.Corda: Running Changeset:migration/node-services.changelog-init.xml::1511451595465-20::R3.Corda
17:43:57.574 [Test worker] DEBUG liquibase - master.changelog.json: migration/node-services.changelog-init.xml::1511451595465-20::R3.Corda: Changeset migration/node-services.changelog-init.xml::1511451595465-20::R3.Corda
17:43:57.574 [Test worker] DEBUG liquibase - master.changelog.json: migration/node-services.changelog-init.xml::1511451595465-20::R3.Corda: Reading ChangeSet: migration/node-services.changelog-init.xml::1511451595465-20::R3.Corda
17:43:57.574 [Test worker] DEBUG liquibase - master.changelog.json: migration/node-services.changelog-init.xml::1511451595465-20::R3.Corda: Executing Statement: liquibase.statement.core.CreateTableStatement@19251069
17:43:57.574 [Test worker] DEBUG liquibase - master.changelog.json: migration/node-services.changelog-init.xml::1511451595465-20::R3.Corda: Executing EXECUTE database command: CREATE TABLE PUBLIC.node_transaction_mappings (tx_id NVARCHAR(64) NOT NULL, state_machine_run_id NVARCHAR(36))
17:43:57.574 [Test worker] INFO liquibase - master.changelog.json: migration/node-services.changelog-init.xml::1511451595465-20::R3.Corda: Table node_transaction_mappings created
17:43:57.575 [Test worker] INFO liquibase - master.changelog.json: migration/node-services.changelog-init.xml::1511451595465-20::R3.Corda: ChangeSet migration/node-services.changelog-init.xml::1511451595465-20::R3.Corda ran successfully in 1ms
17:43:57.577 [Test worker] DEBUG liquibase - master.changelog.json: migration/node-services.changelog-init.xml::1511451595465-20::R3.Corda: Executing EXECUTE database command: INSERT INTO PUBLIC.DATABASECHANGELOG (ID, AUTHOR, FILENAME, DATEEXECUTED, ORDEREXECUTED, MD5SUM, DESCRIPTION, COMMENTS, EXECTYPE, CONTEXTS, LABELS, LIQUIBASE, DEPLOYMENT_ID) VALUES ('1511451595465-20', 'R3.Corda', 'migration/node-services.changelog-init.xml', NOW(), 51, '7:f003464d28fe934c636b24e7c72d9c27', 'createTable tableName=node_transaction_mappings', '', 'EXECUTED', NULL, NULL, '3.5.4', '1046237053')
17:43:57.577 [Test worker] DEBUG liquibase - master.changelog.json: migration/node-services.changelog-init.xml::1511451595465-21::R3.Corda: Running Changeset:migration/node-services.changelog-init.xml::1511451595465-21::R3.Corda
17:43:57.577 [Test worker] DEBUG liquibase - master.changelog.json: migration/node-services.changelog-init.xml::1511451595465-21::R3.Corda: Changeset migration/node-services.changelog-init.xml::1511451595465-21::R3.Corda
17:43:57.578 [Test worker] DEBUG liquibase - master.changelog.json: migration/node-services.changelog-init.xml::1511451595465-21::R3.Corda: Reading ChangeSet: migration/node-services.changelog-init.xml::1511451595465-21::R3.Corda
17:43:57.578 [Test worker] DEBUG liquibase - master.changelog.json: migration/node-services.changelog-init.xml::1511451595465-21::R3.Corda: Executing Statement: liquibase.statement.core.CreateTableStatement@503078b3
17:43:57.578 [Test worker] DEBUG liquibase - master.changelog.json: migration/node-services.changelog-init.xml::1511451595465-21::R3.Corda: Executing EXECUTE database command: CREATE TABLE PUBLIC.node_transactions (tx_id NVARCHAR(64) NOT NULL, transaction_value BLOB)
17:43:57.578 [Test worker] INFO liquibase - master.changelog.json: migration/node-services.changelog-init.xml::1511451595465-21::R3.Corda: Table node_transactions created
17:43:57.579 [Test worker] INFO liquibase - master.changelog.json: migration/node-services.changelog-init.xml::1511451595465-21::R3.Corda: ChangeSet migration/node-services.changelog-init.xml::1511451595465-21::R3.Corda ran successfully in 2ms
17:43:57.581 [Test worker] DEBUG liquibase - master.changelog.json: migration/node-services.changelog-init.xml::1511451595465-21::R3.Corda: Executing EXECUTE database command: INSERT INTO PUBLIC.DATABASECHANGELOG (ID, AUTHOR, FILENAME, DATEEXECUTED, ORDEREXECUTED, MD5SUM, DESCRIPTION, COMMENTS, EXECTYPE, CONTEXTS, LABELS, LIQUIBASE, DEPLOYMENT_ID) VALUES ('1511451595465-21', 'R3.Corda', 'migration/node-services.changelog-init.xml', NOW(), 52, '7:8b167e9074e47be66c742aec5661b5d1', 'createTable tableName=node_transactions', '', 'EXECUTED', NULL, NULL, '3.5.4', '1046237053')
17:43:57.582 [Test worker] DEBUG liquibase - master.changelog.json: migration/node-services.changelog-init.xml::1511451595465-30::R3.Corda: Running Changeset:migration/node-services.changelog-init.xml::1511451595465-30::R3.Corda
17:43:57.582 [Test worker] DEBUG liquibase - master.changelog.json: migration/node-services.changelog-init.xml::1511451595465-30::R3.Corda: Changeset migration/node-services.changelog-init.xml::1511451595465-30::R3.Corda
17:43:57.582 [Test worker] DEBUG liquibase - master.changelog.json: migration/node-services.changelog-init.xml::1511451595465-30::R3.Corda: Reading ChangeSet: migration/node-services.changelog-init.xml::1511451595465-30::R3.Corda
17:43:57.582 [Test worker] DEBUG liquibase - master.changelog.json: migration/node-services.changelog-init.xml::1511451595465-30::R3.Corda: Executing Statement: liquibase.statement.core.AddPrimaryKeyStatement@457f4bd0
17:43:57.582 [Test worker] DEBUG liquibase - master.changelog.json: migration/node-services.changelog-init.xml::1511451595465-30::R3.Corda: Executing EXECUTE database command: ALTER TABLE PUBLIC.node_attachments ADD CONSTRAINT node_attachments_pkey PRIMARY KEY (att_id)
17:43:57.583 [Test worker] INFO liquibase - master.changelog.json: migration/node-services.changelog-init.xml::1511451595465-30::R3.Corda: Primary key added to node_attachments (att_id)
17:43:57.583 [Test worker] INFO liquibase - master.changelog.json: migration/node-services.changelog-init.xml::1511451595465-30::R3.Corda: ChangeSet migration/node-services.changelog-init.xml::1511451595465-30::R3.Corda ran successfully in 1ms
17:43:57.584 [Test worker] DEBUG liquibase - master.changelog.json: migration/node-services.changelog-init.xml::1511451595465-30::R3.Corda: Executing EXECUTE database command: INSERT INTO PUBLIC.DATABASECHANGELOG (ID, AUTHOR, FILENAME, DATEEXECUTED, ORDEREXECUTED, MD5SUM, DESCRIPTION, COMMENTS, EXECTYPE, CONTEXTS, LABELS, LIQUIBASE, DEPLOYMENT_ID) VALUES ('1511451595465-30', 'R3.Corda', 'migration/node-services.changelog-init.xml', NOW(), 53, '7:4aa12646e41346c10ae1d18b43468b3e', 'addPrimaryKey constraintName=node_attachments_pkey, tableName=node_attachments', '', 'EXECUTED', NULL, NULL, '3.5.4', '1046237053')
17:43:57.584 [Test worker] DEBUG liquibase - master.changelog.json: migration/node-services.changelog-init.xml::1511451595465-32::R3.Corda: Running Changeset:migration/node-services.changelog-init.xml::1511451595465-32::R3.Corda
17:43:57.585 [Test worker] DEBUG liquibase - master.changelog.json: migration/node-services.changelog-init.xml::1511451595465-32::R3.Corda: Changeset migration/node-services.changelog-init.xml::1511451595465-32::R3.Corda
17:43:57.585 [Test worker] DEBUG liquibase - master.changelog.json: migration/node-services.changelog-init.xml::1511451595465-32::R3.Corda: Reading ChangeSet: migration/node-services.changelog-init.xml::1511451595465-32::R3.Corda
17:43:57.585 [Test worker] DEBUG liquibase - master.changelog.json: migration/node-services.changelog-init.xml::1511451595465-32::R3.Corda: Executing Statement: liquibase.statement.core.AddPrimaryKeyStatement@4718addc
17:43:57.585 [Test worker] DEBUG liquibase - master.changelog.json: migration/node-services.changelog-init.xml::1511451595465-32::R3.Corda: Executing EXECUTE database command: ALTER TABLE PUBLIC.node_checkpoints ADD CONSTRAINT node_checkpoints_pkey PRIMARY KEY (checkpoint_id)
17:43:57.585 [Test worker] INFO liquibase - master.changelog.json: migration/node-services.changelog-init.xml::1511451595465-32::R3.Corda: Primary key added to node_checkpoints (checkpoint_id)
17:43:57.585 [Test worker] INFO liquibase - master.changelog.json: migration/node-services.changelog-init.xml::1511451595465-32::R3.Corda: ChangeSet migration/node-services.changelog-init.xml::1511451595465-32::R3.Corda ran successfully in 0ms
17:43:57.586 [Test worker] DEBUG liquibase - master.changelog.json: migration/node-services.changelog-init.xml::1511451595465-32::R3.Corda: Executing EXECUTE database command: INSERT INTO PUBLIC.DATABASECHANGELOG (ID, AUTHOR, FILENAME, DATEEXECUTED, ORDEREXECUTED, MD5SUM, DESCRIPTION, COMMENTS, EXECTYPE, CONTEXTS, LABELS, LIQUIBASE, DEPLOYMENT_ID) VALUES ('1511451595465-32', 'R3.Corda', 'migration/node-services.changelog-init.xml', NOW(), 54, '7:fa0f2ed27615a3fd2b799bb27b447a36', 'addPrimaryKey constraintName=node_checkpoints_pkey, tableName=node_checkpoints', '', 'EXECUTED', NULL, NULL, '3.5.4', '1046237053')
17:43:57.595 [Test worker] DEBUG liquibase - master.changelog.json: migration/node-services.changelog-init.xml::1511451595465-33::R3.Corda: Running Changeset:migration/node-services.changelog-init.xml::1511451595465-33::R3.Corda
17:43:57.595 [Test worker] DEBUG liquibase - master.changelog.json: migration/node-services.changelog-init.xml::1511451595465-33::R3.Corda: Changeset migration/node-services.changelog-init.xml::1511451595465-33::R3.Corda
17:43:57.595 [Test worker] DEBUG liquibase - master.changelog.json: migration/node-services.changelog-init.xml::1511451595465-33::R3.Corda: Reading ChangeSet: migration/node-services.changelog-init.xml::1511451595465-33::R3.Corda
17:43:57.595 [Test worker] DEBUG liquibase - master.changelog.json: migration/node-services.changelog-init.xml::1511451595465-33::R3.Corda: Executing Statement: liquibase.statement.core.AddPrimaryKeyStatement@3a915949
17:43:57.596 [Test worker] DEBUG liquibase - master.changelog.json: migration/node-services.changelog-init.xml::1511451595465-33::R3.Corda: Executing EXECUTE database command: ALTER TABLE PUBLIC.node_contract_upgrades ADD CONSTRAINT node_contract_upgrades_pkey PRIMARY KEY (state_ref)
17:43:57.597 [Test worker] INFO liquibase - master.changelog.json: migration/node-services.changelog-init.xml::1511451595465-33::R3.Corda: Primary key added to node_contract_upgrades (state_ref)
17:43:57.597 [Test worker] INFO liquibase - master.changelog.json: migration/node-services.changelog-init.xml::1511451595465-33::R3.Corda: ChangeSet migration/node-services.changelog-init.xml::1511451595465-33::R3.Corda ran successfully in 2ms
17:43:57.598 [Test worker] DEBUG liquibase - master.changelog.json: migration/node-services.changelog-init.xml::1511451595465-33::R3.Corda: Executing EXECUTE database command: INSERT INTO PUBLIC.DATABASECHANGELOG (ID, AUTHOR, FILENAME, DATEEXECUTED, ORDEREXECUTED, MD5SUM, DESCRIPTION, COMMENTS, EXECTYPE, CONTEXTS, LABELS, LIQUIBASE, DEPLOYMENT_ID) VALUES ('1511451595465-33', 'R3.Corda', 'migration/node-services.changelog-init.xml', NOW(), 55, '7:37e38ccee8d375f364abca393727eec7', 'addPrimaryKey constraintName=node_contract_upgrades_pkey, tableName=node_contract_upgrades', '', 'EXECUTED', NULL, NULL, '3.5.4', '1046237053')
17:43:57.599 [Test worker] DEBUG liquibase - master.changelog.json: migration/node-services.changelog-init.xml::1511451595465-34::R3.Corda: Running Changeset:migration/node-services.changelog-init.xml::1511451595465-34::R3.Corda
17:43:57.599 [Test worker] DEBUG liquibase - master.changelog.json: migration/node-services.changelog-init.xml::1511451595465-34::R3.Corda: Changeset migration/node-services.changelog-init.xml::1511451595465-34::R3.Corda
17:43:57.599 [Test worker] DEBUG liquibase - master.changelog.json: migration/node-services.changelog-init.xml::1511451595465-34::R3.Corda: Reading ChangeSet: migration/node-services.changelog-init.xml::1511451595465-34::R3.Corda
17:43:57.599 [Test worker] DEBUG liquibase - master.changelog.json: migration/node-services.changelog-init.xml::1511451595465-34::R3.Corda: Executing Statement: liquibase.statement.core.AddPrimaryKeyStatement@32d7e04a
17:43:57.599 [Test worker] DEBUG liquibase - master.changelog.json: migration/node-services.changelog-init.xml::1511451595465-34::R3.Corda: Executing EXECUTE database command: ALTER TABLE PUBLIC.node_identities ADD CONSTRAINT node_identities_pkey PRIMARY KEY (pk_hash)
17:43:57.600 [Test worker] INFO liquibase - master.changelog.json: migration/node-services.changelog-init.xml::1511451595465-34::R3.Corda: Primary key added to node_identities (pk_hash)
17:43:57.600 [Test worker] INFO liquibase - master.changelog.json: migration/node-services.changelog-init.xml::1511451595465-34::R3.Corda: ChangeSet migration/node-services.changelog-init.xml::1511451595465-34::R3.Corda ran successfully in 1ms
17:43:57.601 [Test worker] DEBUG liquibase - master.changelog.json: migration/node-services.changelog-init.xml::1511451595465-34::R3.Corda: Executing EXECUTE database command: INSERT INTO PUBLIC.DATABASECHANGELOG (ID, AUTHOR, FILENAME, DATEEXECUTED, ORDEREXECUTED, MD5SUM, DESCRIPTION, COMMENTS, EXECTYPE, CONTEXTS, LABELS, LIQUIBASE, DEPLOYMENT_ID) VALUES ('1511451595465-34', 'R3.Corda', 'migration/node-services.changelog-init.xml', NOW(), 56, '7:43d4f1fd6b4b69fcd6b046d8806c8f50', 'addPrimaryKey constraintName=node_identities_pkey, tableName=node_identities', '', 'EXECUTED', NULL, NULL, '3.5.4', '1046237053')
17:43:57.647 [Test worker] DEBUG liquibase - master.changelog.json: migration/node-services.changelog-init.xml::1511451595465-38::R3.Corda: Running Changeset:migration/node-services.changelog-init.xml::1511451595465-38::R3.Corda
17:43:57.647 [Test worker] DEBUG liquibase - master.changelog.json: migration/node-services.changelog-init.xml::1511451595465-38::R3.Corda: Changeset migration/node-services.changelog-init.xml::1511451595465-38::R3.Corda
17:43:57.648 [Test worker] DEBUG liquibase - master.changelog.json: migration/node-services.changelog-init.xml::1511451595465-38::R3.Corda: Reading ChangeSet: migration/node-services.changelog-init.xml::1511451595465-38::R3.Corda
17:43:57.648 [Test worker] DEBUG liquibase - master.changelog.json: migration/node-services.changelog-init.xml::1511451595465-38::R3.Corda: Executing Statement: liquibase.statement.core.AddPrimaryKeyStatement@314abd5b
17:43:57.649 [Test worker] DEBUG liquibase - master.changelog.json: migration/node-services.changelog-init.xml::1511451595465-38::R3.Corda: Executing EXECUTE database command: ALTER TABLE PUBLIC.node_message_ids ADD CONSTRAINT node_message_ids_pkey PRIMARY KEY (message_id)
17:43:57.649 [Test worker] INFO liquibase - master.changelog.json: migration/node-services.changelog-init.xml::1511451595465-38::R3.Corda: Primary key added to node_message_ids (message_id)
17:43:57.649 [Test worker] INFO liquibase - master.changelog.json: migration/node-services.changelog-init.xml::1511451595465-38::R3.Corda: ChangeSet migration/node-services.changelog-init.xml::1511451595465-38::R3.Corda ran successfully in 2ms
17:43:57.651 [Test worker] DEBUG liquibase - master.changelog.json: migration/node-services.changelog-init.xml::1511451595465-38::R3.Corda: Executing EXECUTE database command: INSERT INTO PUBLIC.DATABASECHANGELOG (ID, AUTHOR, FILENAME, DATEEXECUTED, ORDEREXECUTED, MD5SUM, DESCRIPTION, COMMENTS, EXECTYPE, CONTEXTS, LABELS, LIQUIBASE, DEPLOYMENT_ID) VALUES ('1511451595465-38', 'R3.Corda', 'migration/node-services.changelog-init.xml', NOW(), 57, '7:37825d1c920089f5d1d8667fae2a0770', 'addPrimaryKey constraintName=node_message_ids_pkey, tableName=node_message_ids', '', 'EXECUTED', NULL, NULL, '3.5.4', '1046237053')
17:43:57.652 [Test worker] DEBUG liquibase - master.changelog.json: migration/node-services.changelog-init.xml::1511451595465-39::R3.Corda: Running Changeset:migration/node-services.changelog-init.xml::1511451595465-39::R3.Corda
17:43:57.652 [Test worker] DEBUG liquibase - master.changelog.json: migration/node-services.changelog-init.xml::1511451595465-39::R3.Corda: Changeset migration/node-services.changelog-init.xml::1511451595465-39::R3.Corda
17:43:57.652 [Test worker] DEBUG liquibase - master.changelog.json: migration/node-services.changelog-init.xml::1511451595465-39::R3.Corda: Reading ChangeSet: migration/node-services.changelog-init.xml::1511451595465-39::R3.Corda
17:43:57.652 [Test worker] DEBUG liquibase - master.changelog.json: migration/node-services.changelog-init.xml::1511451595465-39::R3.Corda: Executing Statement: liquibase.statement.core.AddPrimaryKeyStatement@3d80fa44
17:43:57.652 [Test worker] DEBUG liquibase - master.changelog.json: migration/node-services.changelog-init.xml::1511451595465-39::R3.Corda: Executing EXECUTE database command: ALTER TABLE PUBLIC.node_message_retry ADD CONSTRAINT node_message_retry_pkey PRIMARY KEY (message_id)
17:43:57.652 [Test worker] INFO liquibase - master.changelog.json: migration/node-services.changelog-init.xml::1511451595465-39::R3.Corda: Primary key added to node_message_retry (message_id)
17:43:57.653 [Test worker] INFO liquibase - master.changelog.json: migration/node-services.changelog-init.xml::1511451595465-39::R3.Corda: ChangeSet migration/node-services.changelog-init.xml::1511451595465-39::R3.Corda ran successfully in 1ms
17:43:57.654 [Test worker] DEBUG liquibase - master.changelog.json: migration/node-services.changelog-init.xml::1511451595465-39::R3.Corda: Executing EXECUTE database command: INSERT INTO PUBLIC.DATABASECHANGELOG (ID, AUTHOR, FILENAME, DATEEXECUTED, ORDEREXECUTED, MD5SUM, DESCRIPTION, COMMENTS, EXECTYPE, CONTEXTS, LABELS, LIQUIBASE, DEPLOYMENT_ID) VALUES ('1511451595465-39', 'R3.Corda', 'migration/node-services.changelog-init.xml', NOW(), 58, '7:7cc6fa875e39740c709235ff27960561', 'addPrimaryKey constraintName=node_message_retry_pkey, tableName=node_message_retry', '', 'EXECUTED', NULL, NULL, '3.5.4', '1046237053')
17:43:57.654 [Test worker] DEBUG liquibase - master.changelog.json: migration/node-services.changelog-init.xml::1511451595465-40::R3.Corda: Running Changeset:migration/node-services.changelog-init.xml::1511451595465-40::R3.Corda
17:43:57.654 [Test worker] DEBUG liquibase - master.changelog.json: migration/node-services.changelog-init.xml::1511451595465-40::R3.Corda: Changeset migration/node-services.changelog-init.xml::1511451595465-40::R3.Corda
17:43:57.655 [Test worker] DEBUG liquibase - master.changelog.json: migration/node-services.changelog-init.xml::1511451595465-40::R3.Corda: Reading ChangeSet: migration/node-services.changelog-init.xml::1511451595465-40::R3.Corda
17:43:57.655 [Test worker] DEBUG liquibase - master.changelog.json: migration/node-services.changelog-init.xml::1511451595465-40::R3.Corda: Executing Statement: liquibase.statement.core.AddPrimaryKeyStatement@6ea3e102
17:43:57.655 [Test worker] DEBUG liquibase - master.changelog.json: migration/node-services.changelog-init.xml::1511451595465-40::R3.Corda: Executing EXECUTE database command: ALTER TABLE PUBLIC.node_named_identities ADD CONSTRAINT node_named_identities_pkey PRIMARY KEY (name)
17:43:57.655 [Test worker] INFO liquibase - master.changelog.json: migration/node-services.changelog-init.xml::1511451595465-40::R3.Corda: Primary key added to node_named_identities (name)
17:43:57.655 [Test worker] INFO liquibase - master.changelog.json: migration/node-services.changelog-init.xml::1511451595465-40::R3.Corda: ChangeSet migration/node-services.changelog-init.xml::1511451595465-40::R3.Corda ran successfully in 1ms
17:43:57.656 [Test worker] DEBUG liquibase - master.changelog.json: migration/node-services.changelog-init.xml::1511451595465-40::R3.Corda: Executing EXECUTE database command: INSERT INTO PUBLIC.DATABASECHANGELOG (ID, AUTHOR, FILENAME, DATEEXECUTED, ORDEREXECUTED, MD5SUM, DESCRIPTION, COMMENTS, EXECTYPE, CONTEXTS, LABELS, LIQUIBASE, DEPLOYMENT_ID) VALUES ('1511451595465-40', 'R3.Corda', 'migration/node-services.changelog-init.xml', NOW(), 59, '7:9fac7485c58064b7e7ddce0bd1af86c4', 'addPrimaryKey constraintName=node_named_identities_pkey, tableName=node_named_identities', '', 'EXECUTED', NULL, NULL, '3.5.4', '1046237053')
17:43:57.657 [Test worker] DEBUG liquibase - master.changelog.json: migration/node-services.changelog-init.xml::1511451595465-42::R3.Corda: Running Changeset:migration/node-services.changelog-init.xml::1511451595465-42::R3.Corda
17:43:57.657 [Test worker] DEBUG liquibase - master.changelog.json: migration/node-services.changelog-init.xml::1511451595465-42::R3.Corda: Changeset migration/node-services.changelog-init.xml::1511451595465-42::R3.Corda
17:43:57.657 [Test worker] DEBUG liquibase - master.changelog.json: migration/node-services.changelog-init.xml::1511451595465-42::R3.Corda: Reading ChangeSet: migration/node-services.changelog-init.xml::1511451595465-42::R3.Corda
17:43:57.657 [Test worker] DEBUG liquibase - master.changelog.json: migration/node-services.changelog-init.xml::1511451595465-42::R3.Corda: Executing Statement: liquibase.statement.core.AddPrimaryKeyStatement@50efb33c
17:43:57.657 [Test worker] DEBUG liquibase - master.changelog.json: migration/node-services.changelog-init.xml::1511451595465-42::R3.Corda: Executing EXECUTE database command: ALTER TABLE PUBLIC.node_our_key_pairs ADD CONSTRAINT node_our_key_pairs_pkey PRIMARY KEY (public_key_hash)
17:43:57.658 [Test worker] INFO liquibase - master.changelog.json: migration/node-services.changelog-init.xml::1511451595465-42::R3.Corda: Primary key added to node_our_key_pairs (public_key_hash)
17:43:57.658 [Test worker] INFO liquibase - master.changelog.json: migration/node-services.changelog-init.xml::1511451595465-42::R3.Corda: ChangeSet migration/node-services.changelog-init.xml::1511451595465-42::R3.Corda ran successfully in 1ms
17:43:57.659 [Test worker] DEBUG liquibase - master.changelog.json: migration/node-services.changelog-init.xml::1511451595465-42::R3.Corda: Executing EXECUTE database command: INSERT INTO PUBLIC.DATABASECHANGELOG (ID, AUTHOR, FILENAME, DATEEXECUTED, ORDEREXECUTED, MD5SUM, DESCRIPTION, COMMENTS, EXECTYPE, CONTEXTS, LABELS, LIQUIBASE, DEPLOYMENT_ID) VALUES ('1511451595465-42', 'R3.Corda', 'migration/node-services.changelog-init.xml', NOW(), 60, '7:e3644c4b7315958cfb3a3cd4a3f40946', 'addPrimaryKey constraintName=node_our_key_pairs_pkey, tableName=node_our_key_pairs', '', 'EXECUTED', NULL, NULL, '3.5.4', '1046237053')
17:43:57.659 [Test worker] DEBUG liquibase - master.changelog.json: migration/node-services.changelog-init.xml::1511451595465-44::R3.Corda: Running Changeset:migration/node-services.changelog-init.xml::1511451595465-44::R3.Corda
17:43:57.659 [Test worker] DEBUG liquibase - master.changelog.json: migration/node-services.changelog-init.xml::1511451595465-44::R3.Corda: Changeset migration/node-services.changelog-init.xml::1511451595465-44::R3.Corda
17:43:57.659 [Test worker] DEBUG liquibase - master.changelog.json: migration/node-services.changelog-init.xml::1511451595465-44::R3.Corda: Reading ChangeSet: migration/node-services.changelog-init.xml::1511451595465-44::R3.Corda
17:43:57.660 [Test worker] DEBUG liquibase - master.changelog.json: migration/node-services.changelog-init.xml::1511451595465-44::R3.Corda: Executing Statement: liquibase.statement.core.AddPrimaryKeyStatement@63154dc
17:43:57.660 [Test worker] DEBUG liquibase - master.changelog.json: migration/node-services.changelog-init.xml::1511451595465-44::R3.Corda: Executing EXECUTE database command: ALTER TABLE PUBLIC.node_scheduled_states ADD CONSTRAINT node_scheduled_states_pkey PRIMARY KEY (output_index, transaction_id)
17:43:57.660 [Test worker] INFO liquibase - master.changelog.json: migration/node-services.changelog-init.xml::1511451595465-44::R3.Corda: Primary key added to node_scheduled_states (output_index, transaction_id)
17:43:57.660 [Test worker] INFO liquibase - master.changelog.json: migration/node-services.changelog-init.xml::1511451595465-44::R3.Corda: ChangeSet migration/node-services.changelog-init.xml::1511451595465-44::R3.Corda ran successfully in 1ms
17:43:57.661 [Test worker] DEBUG liquibase - master.changelog.json: migration/node-services.changelog-init.xml::1511451595465-44::R3.Corda: Executing EXECUTE database command: INSERT INTO PUBLIC.DATABASECHANGELOG (ID, AUTHOR, FILENAME, DATEEXECUTED, ORDEREXECUTED, MD5SUM, DESCRIPTION, COMMENTS, EXECTYPE, CONTEXTS, LABELS, LIQUIBASE, DEPLOYMENT_ID) VALUES ('1511451595465-44', 'R3.Corda', 'migration/node-services.changelog-init.xml', NOW(), 61, '7:122e6cc40f7e50d8c9ffeb46861ed786', 'addPrimaryKey constraintName=node_scheduled_states_pkey, tableName=node_scheduled_states', '', 'EXECUTED', NULL, NULL, '3.5.4', '1046237053')
17:43:57.662 [Test worker] DEBUG liquibase - master.changelog.json: migration/node-services.changelog-init.xml::1511451595465-45::R3.Corda: Running Changeset:migration/node-services.changelog-init.xml::1511451595465-45::R3.Corda
17:43:57.662 [Test worker] DEBUG liquibase - master.changelog.json: migration/node-services.changelog-init.xml::1511451595465-45::R3.Corda: Changeset migration/node-services.changelog-init.xml::1511451595465-45::R3.Corda
17:43:57.662 [Test worker] DEBUG liquibase - master.changelog.json: migration/node-services.changelog-init.xml::1511451595465-45::R3.Corda: Reading ChangeSet: migration/node-services.changelog-init.xml::1511451595465-45::R3.Corda
17:43:57.662 [Test worker] DEBUG liquibase - master.changelog.json: migration/node-services.changelog-init.xml::1511451595465-45::R3.Corda: Executing Statement: liquibase.statement.core.AddPrimaryKeyStatement@702a1b1b
17:43:57.662 [Test worker] DEBUG liquibase - master.changelog.json: migration/node-services.changelog-init.xml::1511451595465-45::R3.Corda: Executing EXECUTE database command: ALTER TABLE PUBLIC.node_transaction_mappings ADD CONSTRAINT node_transaction_mappings_pkey PRIMARY KEY (tx_id)
17:43:57.663 [Test worker] INFO liquibase - master.changelog.json: migration/node-services.changelog-init.xml::1511451595465-45::R3.Corda: Primary key added to node_transaction_mappings (tx_id)
17:43:57.663 [Test worker] INFO liquibase - master.changelog.json: migration/node-services.changelog-init.xml::1511451595465-45::R3.Corda: ChangeSet migration/node-services.changelog-init.xml::1511451595465-45::R3.Corda ran successfully in 1ms
17:43:57.664 [Test worker] DEBUG liquibase - master.changelog.json: migration/node-services.changelog-init.xml::1511451595465-45::R3.Corda: Executing EXECUTE database command: INSERT INTO PUBLIC.DATABASECHANGELOG (ID, AUTHOR, FILENAME, DATEEXECUTED, ORDEREXECUTED, MD5SUM, DESCRIPTION, COMMENTS, EXECTYPE, CONTEXTS, LABELS, LIQUIBASE, DEPLOYMENT_ID) VALUES ('1511451595465-45', 'R3.Corda', 'migration/node-services.changelog-init.xml', NOW(), 62, '7:c4ba1fcc19b22e52678633b13053eaa1', 'addPrimaryKey constraintName=node_transaction_mappings_pkey, tableName=node_transaction_mappings', '', 'EXECUTED', NULL, NULL, '3.5.4', '1046237053')
17:43:57.665 [Test worker] DEBUG liquibase - master.changelog.json: migration/node-services.changelog-init.xml::1511451595465-46::R3.Corda: Running Changeset:migration/node-services.changelog-init.xml::1511451595465-46::R3.Corda
17:43:57.665 [Test worker] DEBUG liquibase - master.changelog.json: migration/node-services.changelog-init.xml::1511451595465-46::R3.Corda: Changeset migration/node-services.changelog-init.xml::1511451595465-46::R3.Corda
17:43:57.665 [Test worker] DEBUG liquibase - master.changelog.json: migration/node-services.changelog-init.xml::1511451595465-46::R3.Corda: Reading ChangeSet: migration/node-services.changelog-init.xml::1511451595465-46::R3.Corda
17:43:57.665 [Test worker] DEBUG liquibase - master.changelog.json: migration/node-services.changelog-init.xml::1511451595465-46::R3.Corda: Executing Statement: liquibase.statement.core.AddPrimaryKeyStatement@4ea71d76
17:43:57.665 [Test worker] DEBUG liquibase - master.changelog.json: migration/node-services.changelog-init.xml::1511451595465-46::R3.Corda: Executing EXECUTE database command: ALTER TABLE PUBLIC.node_transactions ADD CONSTRAINT node_transactions_pkey PRIMARY KEY (tx_id)
17:43:57.666 [Test worker] INFO liquibase - master.changelog.json: migration/node-services.changelog-init.xml::1511451595465-46::R3.Corda: Primary key added to node_transactions (tx_id)
17:43:57.666 [Test worker] INFO liquibase - master.changelog.json: migration/node-services.changelog-init.xml::1511451595465-46::R3.Corda: ChangeSet migration/node-services.changelog-init.xml::1511451595465-46::R3.Corda ran successfully in 1ms
17:43:57.667 [Test worker] DEBUG liquibase - master.changelog.json: migration/node-services.changelog-init.xml::1511451595465-46::R3.Corda: Executing EXECUTE database command: INSERT INTO PUBLIC.DATABASECHANGELOG (ID, AUTHOR, FILENAME, DATEEXECUTED, ORDEREXECUTED, MD5SUM, DESCRIPTION, COMMENTS, EXECTYPE, CONTEXTS, LABELS, LIQUIBASE, DEPLOYMENT_ID) VALUES ('1511451595465-46', 'R3.Corda', 'migration/node-services.changelog-init.xml', NOW(), 63, '7:1a41a33c68c6f56be99cbfa9af7c2646', 'addPrimaryKey constraintName=node_transactions_pkey, tableName=node_transactions', '', 'EXECUTED', NULL, NULL, '3.5.4', '1046237053')
17:43:57.668 [Test worker] DEBUG liquibase - master.changelog.json: migration/node-services.changelog-init.xml::1511451595465-61::R3.Corda: Running Changeset:migration/node-services.changelog-init.xml::1511451595465-61::R3.Corda
17:43:57.668 [Test worker] DEBUG liquibase - master.changelog.json: migration/node-services.changelog-init.xml::1511451595465-61::R3.Corda: Changeset migration/node-services.changelog-init.xml::1511451595465-61::R3.Corda
17:43:57.668 [Test worker] DEBUG liquibase - master.changelog.json: migration/node-services.changelog-init.xml::1511451595465-61::R3.Corda: Reading ChangeSet: migration/node-services.changelog-init.xml::1511451595465-61::R3.Corda
17:43:57.668 [Test worker] DEBUG liquibase - master.changelog.json: migration/node-services.changelog-init.xml::1511451595465-61::R3.Corda: Executing Statement: liquibase.statement.core.AddForeignKeyConstraintStatement@184981ad
17:43:57.668 [Test worker] DEBUG liquibase - master.changelog.json: migration/node-services.changelog-init.xml::1511451595465-61::R3.Corda: Executing EXECUTE database command: ALTER TABLE PUBLIC.node_link_nodeinfo_party ADD CONSTRAINT FK__link_ni_p__info_p_cert FOREIGN KEY (party_name) REFERENCES PUBLIC.node_info_party_cert (party_name)
17:43:57.669 [Test worker] INFO liquibase - master.changelog.json: migration/node-services.changelog-init.xml::1511451595465-61::R3.Corda: Foreign key constraint added to node_link_nodeinfo_party (party_name)
17:43:57.669 [Test worker] INFO liquibase - master.changelog.json: migration/node-services.changelog-init.xml::1511451595465-61::R3.Corda: ChangeSet migration/node-services.changelog-init.xml::1511451595465-61::R3.Corda ran successfully in 1ms
17:43:57.670 [Test worker] DEBUG liquibase - master.changelog.json: migration/node-services.changelog-init.xml::1511451595465-61::R3.Corda: Executing EXECUTE database command: INSERT INTO PUBLIC.DATABASECHANGELOG (ID, AUTHOR, FILENAME, DATEEXECUTED, ORDEREXECUTED, MD5SUM, DESCRIPTION, COMMENTS, EXECTYPE, CONTEXTS, LABELS, LIQUIBASE, DEPLOYMENT_ID) VALUES ('1511451595465-61', 'R3.Corda', 'migration/node-services.changelog-init.xml', NOW(), 64, '7:f753db641a982caad48d7169dafbc854', 'addForeignKeyConstraint baseTableName=node_link_nodeinfo_party, constraintName=FK__link_ni_p__info_p_cert, referencedTableName=node_info_party_cert', '', 'EXECUTED', NULL, NULL, '3.5.4', '1046237053')
17:43:57.671 [Test worker] DEBUG liquibase - master.changelog.json: migration/node-services.changelog-init.xml::add index att_id::R3.Corda: Running Changeset:migration/node-services.changelog-init.xml::add index att_id::R3.Corda
17:43:57.671 [Test worker] DEBUG liquibase - master.changelog.json: migration/node-services.changelog-init.xml::add index att_id::R3.Corda: Changeset migration/node-services.changelog-init.xml::add index att_id::R3.Corda
17:43:57.671 [Test worker] DEBUG liquibase - master.changelog.json: migration/node-services.changelog-init.xml::add index att_id::R3.Corda: Reading ChangeSet: migration/node-services.changelog-init.xml::add index att_id::R3.Corda
17:43:57.671 [Test worker] DEBUG liquibase - master.changelog.json: migration/node-services.changelog-init.xml::add index att_id::R3.Corda: Executing Statement: liquibase.statement.core.CreateIndexStatement@32c61a70
17:43:57.672 [Test worker] DEBUG liquibase - master.changelog.json: migration/node-services.changelog-init.xml::add index att_id::R3.Corda: Executing EXECUTE database command: CREATE INDEX PUBLIC.att_id_idx ON PUBLIC.node_attachments(att_id)
17:43:57.672 [Test worker] INFO liquibase - master.changelog.json: migration/node-services.changelog-init.xml::add index att_id::R3.Corda: Index att_id_idx created
17:43:57.672 [Test worker] INFO liquibase - master.changelog.json: migration/node-services.changelog-init.xml::add index att_id::R3.Corda: ChangeSet migration/node-services.changelog-init.xml::add index att_id::R3.Corda ran successfully in 1ms
17:43:57.673 [Test worker] DEBUG liquibase - master.changelog.json: migration/node-services.changelog-init.xml::add index att_id::R3.Corda: Executing EXECUTE database command: INSERT INTO PUBLIC.DATABASECHANGELOG (ID, AUTHOR, FILENAME, DATEEXECUTED, ORDEREXECUTED, MD5SUM, DESCRIPTION, COMMENTS, EXECTYPE, CONTEXTS, LABELS, LIQUIBASE, DEPLOYMENT_ID) VALUES ('add index att_id', 'R3.Corda', 'migration/node-services.changelog-init.xml', NOW(), 65, '7:302188110e9124abd4ef58020255fbb0', 'createIndex indexName=att_id_idx, tableName=node_attachments', '', 'EXECUTED', NULL, NULL, '3.5.4', '1046237053')
17:43:57.674 [Test worker] DEBUG liquibase - master.changelog.json: migration/node-services.changelog-init.xml::add_contract_attachment::R3.Corda: Running Changeset:migration/node-services.changelog-init.xml::add_contract_attachment::R3.Corda
17:43:57.674 [Test worker] DEBUG liquibase - master.changelog.json: migration/node-services.changelog-init.xml::add_contract_attachment::R3.Corda: Changeset migration/node-services.changelog-init.xml::add_contract_attachment::R3.Corda
17:43:57.674 [Test worker] DEBUG liquibase - master.changelog.json: migration/node-services.changelog-init.xml::add_contract_attachment::R3.Corda: Reading ChangeSet: migration/node-services.changelog-init.xml::add_contract_attachment::R3.Corda
17:43:57.674 [Test worker] DEBUG liquibase - master.changelog.json: migration/node-services.changelog-init.xml::add_contract_attachment::R3.Corda: Executing Statement: liquibase.statement.core.CreateTableStatement@21b2d0e4
17:43:57.675 [Test worker] DEBUG liquibase - master.changelog.json: migration/node-services.changelog-init.xml::add_contract_attachment::R3.Corda: Executing EXECUTE database command: CREATE TABLE PUBLIC.node_attchments_contracts (att_id NVARCHAR(255) NOT NULL, contract_class_name NVARCHAR(255))
17:43:57.675 [Test worker] INFO liquibase - master.changelog.json: migration/node-services.changelog-init.xml::add_contract_attachment::R3.Corda: Table node_attchments_contracts created
17:43:57.675 [Test worker] DEBUG liquibase - master.changelog.json: migration/node-services.changelog-init.xml::add_contract_attachment::R3.Corda: Executing Statement: liquibase.statement.core.AddForeignKeyConstraintStatement@447e362e
17:43:57.675 [Test worker] DEBUG liquibase - master.changelog.json: migration/node-services.changelog-init.xml::add_contract_attachment::R3.Corda: Executing EXECUTE database command: ALTER TABLE PUBLIC.node_attchments_contracts ADD CONSTRAINT FK__ctr_class__attachments FOREIGN KEY (att_id) REFERENCES PUBLIC.node_attachments (att_id)
17:43:57.676 [Test worker] INFO liquibase - master.changelog.json: migration/node-services.changelog-init.xml::add_contract_attachment::R3.Corda: Foreign key constraint added to node_attchments_contracts (att_id)
17:43:57.676 [Test worker] DEBUG liquibase - master.changelog.json: migration/node-services.changelog-init.xml::add_contract_attachment::R3.Corda: Executing Statement: liquibase.statement.core.DeleteStatement@74ec3fd6
17:43:57.676 [Test worker] DEBUG liquibase - master.changelog.json: migration/node-services.changelog-init.xml::add_contract_attachment::R3.Corda: Executing EXECUTE database command: DELETE FROM PUBLIC.node_attachments
17:43:57.677 [Test worker] INFO liquibase - master.changelog.json: migration/node-services.changelog-init.xml::add_contract_attachment::R3.Corda: Data deleted from node_attachments
17:43:57.677 [Test worker] INFO liquibase - master.changelog.json: migration/node-services.changelog-init.xml::add_contract_attachment::R3.Corda: ChangeSet migration/node-services.changelog-init.xml::add_contract_attachment::R3.Corda ran successfully in 3ms
17:43:57.678 [Test worker] DEBUG liquibase - master.changelog.json: migration/node-services.changelog-init.xml::add_contract_attachment::R3.Corda: Executing EXECUTE database command: INSERT INTO PUBLIC.DATABASECHANGELOG (ID, AUTHOR, FILENAME, DATEEXECUTED, ORDEREXECUTED, MD5SUM, DESCRIPTION, COMMENTS, EXECTYPE, CONTEXTS, LABELS, LIQUIBASE, DEPLOYMENT_ID) VALUES ('add_contract_attachment', 'R3.Corda', 'migration/node-services.changelog-init.xml', NOW(), 66, '7:2cfbc6a84cfcd7b8ce011b58aa70f584', 'createTable tableName=node_attchments_contracts; addForeignKeyConstraint baseTableName=node_attchments_contracts, constraintName=FK__ctr_class__attachments, referencedTableName=node_attachments; delete tableName=node_attachments', '', 'EXECUTED', NULL, NULL, '3.5.4', '1046237053')
17:43:57.679 [Test worker] DEBUG liquibase - master.changelog.json: migration/node-services.changelog-init.xml::add_dedup_columns::R3.Corda: Running Changeset:migration/node-services.changelog-init.xml::add_dedup_columns::R3.Corda
17:43:57.679 [Test worker] DEBUG liquibase - master.changelog.json: migration/node-services.changelog-init.xml::add_dedup_columns::R3.Corda: Changeset migration/node-services.changelog-init.xml::add_dedup_columns::R3.Corda
17:43:57.679 [Test worker] DEBUG liquibase - master.changelog.json: migration/node-services.changelog-init.xml::add_dedup_columns::R3.Corda: Reading ChangeSet: migration/node-services.changelog-init.xml::add_dedup_columns::R3.Corda
17:43:57.679 [Test worker] DEBUG liquibase - master.changelog.json: migration/node-services.changelog-init.xml::add_dedup_columns::R3.Corda: Executing Statement: liquibase.statement.core.AddColumnStatement@22a49c17
17:43:57.679 [Test worker] DEBUG liquibase - master.changelog.json: migration/node-services.changelog-init.xml::add_dedup_columns::R3.Corda: Executing EXECUTE database command: ALTER TABLE PUBLIC.node_message_ids ADD sender NVARCHAR(64)
17:43:57.681 [Test worker] DEBUG liquibase - master.changelog.json: migration/node-services.changelog-init.xml::add_dedup_columns::R3.Corda: Executing EXECUTE database command: ALTER TABLE PUBLIC.node_message_ids ADD sequence_number BIGINT
17:43:57.683 [Test worker] INFO liquibase - master.changelog.json: migration/node-services.changelog-init.xml::add_dedup_columns::R3.Corda: Columns sender(NVARCHAR(64)),sequence_number(BIGINT) added to node_message_ids
17:43:57.683 [Test worker] INFO liquibase - master.changelog.json: migration/node-services.changelog-init.xml::add_dedup_columns::R3.Corda: ChangeSet migration/node-services.changelog-init.xml::add_dedup_columns::R3.Corda ran successfully in 4ms
17:43:57.684 [Test worker] DEBUG liquibase - master.changelog.json: migration/node-services.changelog-init.xml::add_dedup_columns::R3.Corda: Executing EXECUTE database command: INSERT INTO PUBLIC.DATABASECHANGELOG (ID, AUTHOR, FILENAME, DATEEXECUTED, ORDEREXECUTED, MD5SUM, DESCRIPTION, COMMENTS, EXECTYPE, CONTEXTS, LABELS, LIQUIBASE, DEPLOYMENT_ID) VALUES ('add_dedup_columns', 'R3.Corda', 'migration/node-services.changelog-init.xml', NOW(), 67, '7:376ede2552aa97e8abf9d9a808c16692', 'addColumn tableName=node_message_ids', '', 'EXECUTED', NULL, NULL, '3.5.4', '1046237053')
17:43:57.685 [Test worker] DEBUG liquibase - master.changelog.json: migration/node-core.changelog-v4.xml::attchments_rename::R3.Corda: Running Changeset:migration/node-core.changelog-v4.xml::attchments_rename::R3.Corda
17:43:57.685 [Test worker] DEBUG liquibase - master.changelog.json: migration/node-core.changelog-v4.xml::attchments_rename::R3.Corda: Changeset migration/node-core.changelog-v4.xml::attchments_rename::R3.Corda
17:43:57.685 [Test worker] DEBUG liquibase - master.changelog.json: migration/node-core.changelog-v4.xml::attchments_rename::R3.Corda: Reading ChangeSet: migration/node-core.changelog-v4.xml::attchments_rename::R3.Corda
17:43:57.685 [Test worker] DEBUG liquibase - master.changelog.json: migration/node-core.changelog-v4.xml::attchments_rename::R3.Corda: Executing Statement: liquibase.statement.core.RenameTableStatement@45375a88
17:43:57.685 [Test worker] DEBUG liquibase - master.changelog.json: migration/node-core.changelog-v4.xml::attchments_rename::R3.Corda: Executing EXECUTE database command: ALTER TABLE PUBLIC.node_attchments_contracts RENAME TO node_attachments_contracts
17:43:57.686 [Test worker] INFO liquibase - master.changelog.json: migration/node-core.changelog-v4.xml::attchments_rename::R3.Corda: Table node_attchments_contracts renamed to node_attachments_contracts
17:43:57.686 [Test worker] INFO liquibase - master.changelog.json: migration/node-core.changelog-v4.xml::attchments_rename::R3.Corda: ChangeSet migration/node-core.changelog-v4.xml::attchments_rename::R3.Corda ran successfully in 1ms
17:43:57.687 [Test worker] DEBUG liquibase - master.changelog.json: migration/node-core.changelog-v4.xml::attchments_rename::R3.Corda: Executing EXECUTE database command: INSERT INTO PUBLIC.DATABASECHANGELOG (ID, AUTHOR, FILENAME, DATEEXECUTED, ORDEREXECUTED, MD5SUM, DESCRIPTION, COMMENTS, EXECTYPE, CONTEXTS, LABELS, LIQUIBASE, DEPLOYMENT_ID) VALUES ('attchments_rename', 'R3.Corda', 'migration/node-core.changelog-v4.xml', NOW(), 68, '7:9c9553fbc45dfa0ec2117a113b1bfb13', 'renameTable newTableName=node_attachments_contracts, oldTableName=node_attchments_contracts', '', 'EXECUTED', NULL, NULL, '3.5.4', '1046237053')
17:43:57.687 [Test worker] DEBUG liquibase - master.changelog.json: migration/node-core.changelog-v4.xml::nullability::R3.Corda: Running Changeset:migration/node-core.changelog-v4.xml::nullability::R3.Corda
17:43:57.699 [Test worker] DEBUG liquibase - master.changelog.json: migration/node-core.changelog-v4.xml::nullability::R3.Corda: Changeset migration/node-core.changelog-v4.xml::nullability::R3.Corda
17:43:57.699 [Test worker] DEBUG liquibase - master.changelog.json: migration/node-core.changelog-v4.xml::nullability::R3.Corda: Reading ChangeSet: migration/node-core.changelog-v4.xml::nullability::R3.Corda
17:43:57.699 [Test worker] DEBUG liquibase - master.changelog.json: migration/node-core.changelog-v4.xml::nullability::R3.Corda: Executing Statement: liquibase.statement.core.SetNullableStatement@378dfdd2
17:43:57.699 [Test worker] DEBUG liquibase - master.changelog.json: migration/node-core.changelog-v4.xml::nullability::R3.Corda: Executing EXECUTE database command: ALTER TABLE PUBLIC.node_identities ALTER COLUMN identity_value SET NOT NULL
17:43:57.699 [Test worker] INFO liquibase - master.changelog.json: migration/node-core.changelog-v4.xml::nullability::R3.Corda: Null constraint has been added to node_identities.identity_value
17:43:57.699 [Test worker] DEBUG liquibase - master.changelog.json: migration/node-core.changelog-v4.xml::nullability::R3.Corda: Executing Statement: liquibase.statement.core.SetNullableStatement@41983e25
17:43:57.699 [Test worker] DEBUG liquibase - master.changelog.json: migration/node-core.changelog-v4.xml::nullability::R3.Corda: Executing EXECUTE database command: ALTER TABLE PUBLIC.node_attachments ALTER COLUMN content SET NOT NULL
17:43:57.699 [Test worker] INFO liquibase - master.changelog.json: migration/node-core.changelog-v4.xml::nullability::R3.Corda: Null constraint has been added to node_attachments.content
17:43:57.699 [Test worker] DEBUG liquibase - master.changelog.json: migration/node-core.changelog-v4.xml::nullability::R3.Corda: Executing Statement: liquibase.statement.core.SetNullableStatement@43653bd6
17:43:57.699 [Test worker] DEBUG liquibase - master.changelog.json: migration/node-core.changelog-v4.xml::nullability::R3.Corda: Executing EXECUTE database command: ALTER TABLE PUBLIC.node_attachments_contracts ALTER COLUMN contract_class_name SET NOT NULL
17:43:57.699 [Test worker] INFO liquibase - master.changelog.json: migration/node-core.changelog-v4.xml::nullability::R3.Corda: Null constraint has been added to node_attachments_contracts.contract_class_name
17:43:57.699 [Test worker] DEBUG liquibase - master.changelog.json: migration/node-core.changelog-v4.xml::nullability::R3.Corda: Executing Statement: liquibase.statement.core.SetNullableStatement@5a749737
17:43:57.699 [Test worker] DEBUG liquibase - master.changelog.json: migration/node-core.changelog-v4.xml::nullability::R3.Corda: Executing EXECUTE database command: ALTER TABLE PUBLIC.node_checkpoints ALTER COLUMN checkpoint_value SET NOT NULL
17:43:57.699 [Test worker] INFO liquibase - master.changelog.json: migration/node-core.changelog-v4.xml::nullability::R3.Corda: Null constraint has been added to node_checkpoints.checkpoint_value
17:43:57.699 [Test worker] DEBUG liquibase - master.changelog.json: migration/node-core.changelog-v4.xml::nullability::R3.Corda: Executing Statement: liquibase.statement.core.SetNullableStatement@5aa1728e
17:43:57.699 [Test worker] DEBUG liquibase - master.changelog.json: migration/node-core.changelog-v4.xml::nullability::R3.Corda: Executing EXECUTE database command: ALTER TABLE PUBLIC.node_contract_upgrades ALTER COLUMN contract_class_name SET NOT NULL
17:43:57.699 [Test worker] INFO liquibase - master.changelog.json: migration/node-core.changelog-v4.xml::nullability::R3.Corda: Null constraint has been added to node_contract_upgrades.contract_class_name
17:43:57.699 [Test worker] DEBUG liquibase - master.changelog.json: migration/node-core.changelog-v4.xml::nullability::R3.Corda: Executing Statement: liquibase.statement.core.SetNullableStatement@11205a3c
17:43:57.699 [Test worker] DEBUG liquibase - master.changelog.json: migration/node-core.changelog-v4.xml::nullability::R3.Corda: Executing EXECUTE database command: ALTER TABLE PUBLIC.node_message_ids ALTER COLUMN insertion_time SET NOT NULL
17:43:57.699 [Test worker] INFO liquibase - master.changelog.json: migration/node-core.changelog-v4.xml::nullability::R3.Corda: Null constraint has been added to node_message_ids.insertion_time
17:43:57.699 [Test worker] DEBUG liquibase - master.changelog.json: migration/node-core.changelog-v4.xml::nullability::R3.Corda: Executing Statement: liquibase.statement.core.SetNullableStatement@72a0811d
17:43:57.699 [Test worker] DEBUG liquibase - master.changelog.json: migration/node-core.changelog-v4.xml::nullability::R3.Corda: Executing EXECUTE database command: ALTER TABLE PUBLIC.node_message_retry ALTER COLUMN message SET NOT NULL
17:43:57.699 [Test worker] INFO liquibase - master.changelog.json: migration/node-core.changelog-v4.xml::nullability::R3.Corda: Null constraint has been added to node_message_retry.message
17:43:57.699 [Test worker] DEBUG liquibase - master.changelog.json: migration/node-core.changelog-v4.xml::nullability::R3.Corda: Executing Statement: liquibase.statement.core.SetNullableStatement@138dec11
17:43:57.699 [Test worker] DEBUG liquibase - master.changelog.json: migration/node-core.changelog-v4.xml::nullability::R3.Corda: Executing EXECUTE database command: ALTER TABLE PUBLIC.node_message_retry ALTER COLUMN recipients SET NOT NULL
17:43:57.699 [Test worker] INFO liquibase - master.changelog.json: migration/node-core.changelog-v4.xml::nullability::R3.Corda: Null constraint has been added to node_message_retry.recipients
17:43:57.699 [Test worker] DEBUG liquibase - master.changelog.json: migration/node-core.changelog-v4.xml::nullability::R3.Corda: Executing Statement: liquibase.statement.core.SetNullableStatement@6386042c
17:43:57.699 [Test worker] DEBUG liquibase - master.changelog.json: migration/node-core.changelog-v4.xml::nullability::R3.Corda: Executing EXECUTE database command: ALTER TABLE PUBLIC.node_named_identities ALTER COLUMN pk_hash SET NOT NULL
17:43:57.699 [Test worker] INFO liquibase - master.changelog.json: migration/node-core.changelog-v4.xml::nullability::R3.Corda: Null constraint has been added to node_named_identities.pk_hash
17:43:57.699 [Test worker] DEBUG liquibase - master.changelog.json: migration/node-core.changelog-v4.xml::nullability::R3.Corda: Executing Statement: liquibase.statement.core.SetNullableStatement@62b92601
17:43:57.699 [Test worker] DEBUG liquibase - master.changelog.json: migration/node-core.changelog-v4.xml::nullability::R3.Corda: Executing EXECUTE database command: ALTER TABLE PUBLIC.node_our_key_pairs ALTER COLUMN private_key SET NOT NULL
17:43:57.699 [Test worker] INFO liquibase - master.changelog.json: migration/node-core.changelog-v4.xml::nullability::R3.Corda: Null constraint has been added to node_our_key_pairs.private_key
17:43:57.699 [Test worker] DEBUG liquibase - master.changelog.json: migration/node-core.changelog-v4.xml::nullability::R3.Corda: Executing Statement: liquibase.statement.core.SetNullableStatement@62f9c793
17:43:57.699 [Test worker] DEBUG liquibase - master.changelog.json: migration/node-core.changelog-v4.xml::nullability::R3.Corda: Executing EXECUTE database command: ALTER TABLE PUBLIC.node_our_key_pairs ALTER COLUMN public_key SET NOT NULL
17:43:57.699 [Test worker] INFO liquibase - master.changelog.json: migration/node-core.changelog-v4.xml::nullability::R3.Corda: Null constraint has been added to node_our_key_pairs.public_key
17:43:57.699 [Test worker] DEBUG liquibase - master.changelog.json: migration/node-core.changelog-v4.xml::nullability::R3.Corda: Executing Statement: liquibase.statement.core.SetNullableStatement@124d82db
17:43:57.699 [Test worker] DEBUG liquibase - master.changelog.json: migration/node-core.changelog-v4.xml::nullability::R3.Corda: Executing EXECUTE database command: ALTER TABLE PUBLIC.node_transaction_mappings ALTER COLUMN state_machine_run_id SET NOT NULL
17:43:57.699 [Test worker] INFO liquibase - master.changelog.json: migration/node-core.changelog-v4.xml::nullability::R3.Corda: Null constraint has been added to node_transaction_mappings.state_machine_run_id
17:43:57.699 [Test worker] DEBUG liquibase - master.changelog.json: migration/node-core.changelog-v4.xml::nullability::R3.Corda: Executing Statement: liquibase.statement.core.SetNullableStatement@67e75b07
17:43:57.699 [Test worker] DEBUG liquibase - master.changelog.json: migration/node-core.changelog-v4.xml::nullability::R3.Corda: Executing EXECUTE database command: ALTER TABLE PUBLIC.node_transactions ALTER COLUMN transaction_value SET NOT NULL
17:43:57.699 [Test worker] INFO liquibase - master.changelog.json: migration/node-core.changelog-v4.xml::nullability::R3.Corda: Null constraint has been added to node_transactions.transaction_value
17:43:57.699 [Test worker] INFO liquibase - master.changelog.json: migration/node-core.changelog-v4.xml::nullability::R3.Corda: ChangeSet migration/node-core.changelog-v4.xml::nullability::R3.Corda ran successfully in 0ms
17:43:57.699 [Test worker] DEBUG liquibase - master.changelog.json: migration/node-core.changelog-v4.xml::nullability::R3.Corda: Executing EXECUTE database command: INSERT INTO PUBLIC.DATABASECHANGELOG (ID, AUTHOR, FILENAME, DATEEXECUTED, ORDEREXECUTED, MD5SUM, DESCRIPTION, COMMENTS, EXECTYPE, CONTEXTS, LABELS, LIQUIBASE, DEPLOYMENT_ID) VALUES ('nullability', 'R3.Corda', 'migration/node-core.changelog-v4.xml', NOW(), 69, '7:73b3f89cdd2a42efebeb125648c28191', 'addNotNullConstraint columnName=identity_value, tableName=node_identities; addNotNullConstraint columnName=content, tableName=node_attachments; addNotNullConstraint columnName=contract_class_name, tableName=node_attachments_contracts; addNotNullCo...', '', 'EXECUTED', NULL, NULL, '3.5.4', '1046237053')
17:43:57.699 [Test worker] DEBUG liquibase - master.changelog.json: migration/node-core.changelog-v5.xml::remove_unused_node_message_retry::R3.Corda: Running Changeset:migration/node-core.changelog-v5.xml::remove_unused_node_message_retry::R3.Corda
17:43:57.699 [Test worker] DEBUG liquibase - master.changelog.json: migration/node-core.changelog-v5.xml::remove_unused_node_message_retry::R3.Corda: Changeset migration/node-core.changelog-v5.xml::remove_unused_node_message_retry::R3.Corda
17:43:57.699 [Test worker] DEBUG liquibase - master.changelog.json: migration/node-core.changelog-v5.xml::remove_unused_node_message_retry::R3.Corda: Reading ChangeSet: migration/node-core.changelog-v5.xml::remove_unused_node_message_retry::R3.Corda
17:43:57.699 [Test worker] DEBUG liquibase - master.changelog.json: migration/node-core.changelog-v5.xml::remove_unused_node_message_retry::R3.Corda: Executing Statement: liquibase.statement.core.DropTableStatement@79133d86
17:43:57.699 [Test worker] DEBUG liquibase - master.changelog.json: migration/node-core.changelog-v5.xml::remove_unused_node_message_retry::R3.Corda: Executing EXECUTE database command: DROP TABLE PUBLIC.node_message_retry
17:43:57.699 [Test worker] INFO liquibase - master.changelog.json: migration/node-core.changelog-v5.xml::remove_unused_node_message_retry::R3.Corda: Table node_message_retry dropped
17:43:57.699 [Test worker] INFO liquibase - master.changelog.json: migration/node-core.changelog-v5.xml::remove_unused_node_message_retry::R3.Corda: ChangeSet migration/node-core.changelog-v5.xml::remove_unused_node_message_retry::R3.Corda ran successfully in 0ms
17:43:57.699 [Test worker] DEBUG liquibase - master.changelog.json: migration/node-core.changelog-v5.xml::remove_unused_node_message_retry::R3.Corda: Executing EXECUTE database command: INSERT INTO PUBLIC.DATABASECHANGELOG (ID, AUTHOR, FILENAME, DATEEXECUTED, ORDEREXECUTED, MD5SUM, DESCRIPTION, COMMENTS, EXECTYPE, CONTEXTS, LABELS, LIQUIBASE, DEPLOYMENT_ID) VALUES ('remove_unused_node_message_retry', 'R3.Corda', 'migration/node-core.changelog-v5.xml', NOW(), 70, '7:cd120ad46e3a88b0eeaa7ffdcf8a0861', 'dropTable tableName=node_message_retry', '', 'EXECUTED', NULL, NULL, '3.5.4', '1046237053')
17:43:57.699 [Test worker] DEBUG liquibase - master.changelog.json: migration/node-core.changelog-pkey.xml::non-clustered_pk-1::R3.Corda: Running Changeset:migration/node-core.changelog-pkey.xml::non-clustered_pk-1::R3.Corda
17:43:57.699 [Test worker] DEBUG liquibase - master.changelog.json: migration/node-core.changelog-pkey.xml::non-clustered_pk-1::R3.Corda: Executing EXECUTE database command: INSERT INTO PUBLIC.DATABASECHANGELOG (ID, AUTHOR, FILENAME, DATEEXECUTED, ORDEREXECUTED, MD5SUM, DESCRIPTION, COMMENTS, EXECTYPE, CONTEXTS, LABELS, LIQUIBASE, DEPLOYMENT_ID) VALUES ('non-clustered_pk-1', 'R3.Corda', 'migration/node-core.changelog-pkey.xml', NOW(), 71, '7:eb9d9d13536371a16c05f8a89051e6b0', 'dropPrimaryKey constraintName=node_checkpoints_pkey, tableName=node_checkpoints; addPrimaryKey constraintName=node_checkpoints_pkey, tableName=node_checkpoints', '', 'MARK_RAN', NULL, NULL, '3.5.4', '1046237053')
17:43:57.699 [Test worker] DEBUG liquibase - master.changelog.json: migration/node-core.changelog-pkey.xml::non-clustered_pk-2::R3.Corda: Running Changeset:migration/node-core.changelog-pkey.xml::non-clustered_pk-2::R3.Corda
17:43:57.699 [Test worker] DEBUG liquibase - master.changelog.json: migration/node-core.changelog-pkey.xml::non-clustered_pk-2::R3.Corda: Executing EXECUTE database command: INSERT INTO PUBLIC.DATABASECHANGELOG (ID, AUTHOR, FILENAME, DATEEXECUTED, ORDEREXECUTED, MD5SUM, DESCRIPTION, COMMENTS, EXECTYPE, CONTEXTS, LABELS, LIQUIBASE, DEPLOYMENT_ID) VALUES ('non-clustered_pk-2', 'R3.Corda', 'migration/node-core.changelog-pkey.xml', NOW(), 72, '7:d4192425f4f38b39f3b09611028e5c14', 'dropPrimaryKey constraintName=node_identities_pkey, tableName=node_identities; addPrimaryKey constraintName=node_identities_pkey, tableName=node_identities', '', 'MARK_RAN', NULL, NULL, '3.5.4', '1046237053')
17:43:57.699 [Test worker] DEBUG liquibase - master.changelog.json: migration/node-core.changelog-pkey.xml::non-clustered_pk-3::R3.Corda: Running Changeset:migration/node-core.changelog-pkey.xml::non-clustered_pk-3::R3.Corda
17:43:57.699 [Test worker] DEBUG liquibase - master.changelog.json: migration/node-core.changelog-pkey.xml::non-clustered_pk-3::R3.Corda: Executing EXECUTE database command: INSERT INTO PUBLIC.DATABASECHANGELOG (ID, AUTHOR, FILENAME, DATEEXECUTED, ORDEREXECUTED, MD5SUM, DESCRIPTION, COMMENTS, EXECTYPE, CONTEXTS, LABELS, LIQUIBASE, DEPLOYMENT_ID) VALUES ('non-clustered_pk-3', 'R3.Corda', 'migration/node-core.changelog-pkey.xml', NOW(), 73, '7:9773a095cc1db7ea3a66e7e5565bb58e', 'dropPrimaryKey constraintName=node_message_ids_pkey, tableName=node_message_ids; addPrimaryKey constraintName=node_message_ids_pkey, tableName=node_message_ids', '', 'MARK_RAN', NULL, NULL, '3.5.4', '1046237053')
17:43:57.715 [Test worker] DEBUG liquibase - master.changelog.json: migration/node-core.changelog-pkey.xml::non-clustered_pk-4::R3.Corda: Running Changeset:migration/node-core.changelog-pkey.xml::non-clustered_pk-4::R3.Corda
17:43:57.715 [Test worker] DEBUG liquibase - master.changelog.json: migration/node-core.changelog-pkey.xml::non-clustered_pk-4::R3.Corda: Executing EXECUTE database command: INSERT INTO PUBLIC.DATABASECHANGELOG (ID, AUTHOR, FILENAME, DATEEXECUTED, ORDEREXECUTED, MD5SUM, DESCRIPTION, COMMENTS, EXECTYPE, CONTEXTS, LABELS, LIQUIBASE, DEPLOYMENT_ID) VALUES ('non-clustered_pk-4', 'R3.Corda', 'migration/node-core.changelog-pkey.xml', NOW(), 74, '7:f1e21d4abffbb24133e752eb9cd6a162', 'dropPrimaryKey constraintName=node_named_identities_pkey, tableName=node_named_identities; addPrimaryKey constraintName=node_named_identities_pkey, tableName=node_named_identities', '', 'MARK_RAN', NULL, NULL, '3.5.4', '1046237053')
17:43:57.715 [Test worker] DEBUG liquibase - master.changelog.json: migration/node-core.changelog-pkey.xml::non-clustered_pk-5::R3.Corda: Running Changeset:migration/node-core.changelog-pkey.xml::non-clustered_pk-5::R3.Corda
17:43:57.715 [Test worker] DEBUG liquibase - master.changelog.json: migration/node-core.changelog-pkey.xml::non-clustered_pk-5::R3.Corda: Executing EXECUTE database command: INSERT INTO PUBLIC.DATABASECHANGELOG (ID, AUTHOR, FILENAME, DATEEXECUTED, ORDEREXECUTED, MD5SUM, DESCRIPTION, COMMENTS, EXECTYPE, CONTEXTS, LABELS, LIQUIBASE, DEPLOYMENT_ID) VALUES ('non-clustered_pk-5', 'R3.Corda', 'migration/node-core.changelog-pkey.xml', NOW(), 75, '7:4ea09df2dbab99be33f8251a40d1c5a6', 'dropPrimaryKey constraintName=node_our_key_pairs_pkey, tableName=node_our_key_pairs; addPrimaryKey constraintName=node_our_key_pairs_pkey, tableName=node_our_key_pairs', '', 'MARK_RAN', NULL, NULL, '3.5.4', '1046237053')
17:43:57.715 [Test worker] DEBUG liquibase - master.changelog.json: migration/node-core.changelog-pkey.xml::non-clustered_pk-6::R3.Corda: Running Changeset:migration/node-core.changelog-pkey.xml::non-clustered_pk-6::R3.Corda
17:43:57.715 [Test worker] DEBUG liquibase - master.changelog.json: migration/node-core.changelog-pkey.xml::non-clustered_pk-6::R3.Corda: Executing EXECUTE database command: INSERT INTO PUBLIC.DATABASECHANGELOG (ID, AUTHOR, FILENAME, DATEEXECUTED, ORDEREXECUTED, MD5SUM, DESCRIPTION, COMMENTS, EXECTYPE, CONTEXTS, LABELS, LIQUIBASE, DEPLOYMENT_ID) VALUES ('non-clustered_pk-6', 'R3.Corda', 'migration/node-core.changelog-pkey.xml', NOW(), 76, '7:cb349ad07d3039e6d7d2f184988b954f', 'dropPrimaryKey constraintName=node_transaction_mappings_pkey, tableName=node_transaction_mappings; addPrimaryKey constraintName=node_transaction_mappings_pkey, tableName=node_transaction_mappings', '', 'MARK_RAN', NULL, NULL, '3.5.4', '1046237053')
17:43:57.715 [Test worker] DEBUG liquibase - master.changelog.json: migration/node-core.changelog-pkey.xml::non-clustered_pk-7::R3.Corda: Running Changeset:migration/node-core.changelog-pkey.xml::non-clustered_pk-7::R3.Corda
17:43:57.715 [Test worker] DEBUG liquibase - master.changelog.json: migration/node-core.changelog-pkey.xml::non-clustered_pk-7::R3.Corda: Executing EXECUTE database command: INSERT INTO PUBLIC.DATABASECHANGELOG (ID, AUTHOR, FILENAME, DATEEXECUTED, ORDEREXECUTED, MD5SUM, DESCRIPTION, COMMENTS, EXECTYPE, CONTEXTS, LABELS, LIQUIBASE, DEPLOYMENT_ID) VALUES ('non-clustered_pk-7', 'R3.Corda', 'migration/node-core.changelog-pkey.xml', NOW(), 77, '7:97c3ef240152c18129859ea5ae999c9e', 'dropPrimaryKey constraintName=node_transactions_pkey, tableName=node_transactions; addPrimaryKey constraintName=node_transactions_pkey, tableName=node_transactions', '', 'MARK_RAN', NULL, NULL, '3.5.4', '1046237053')
17:43:57.715 [Test worker] DEBUG liquibase - master.changelog.json: migration/node-core.changelog-v8.xml::conditional_attchments_rename::R3.Corda: Running Changeset:migration/node-core.changelog-v8.xml::conditional_attchments_rename::R3.Corda
17:43:57.715 [Test worker] DEBUG liquibase - master.changelog.json: migration/node-core.changelog-v8.xml::conditional_attchments_rename::R3.Corda: Changeset migration/node-core.changelog-v8.xml::conditional_attchments_rename::R3.Corda
17:43:57.750 [Test worker] INFO liquibase - master.changelog.json: migration/node-core.changelog-v8.xml::conditional_attchments_rename::R3.Corda: Marking ChangeSet: migration/node-core.changelog-v8.xml::conditional_attchments_rename::R3.Corda ran despite precondition failure due to onFail='MARK_RAN': 
          master.changelog.json : Table PUBLIC.NODE_ATTCHMENTS_CONTRACTS does not exist

17:43:57.751 [Test worker] DEBUG liquibase - master.changelog.json: migration/node-core.changelog-v8.xml::conditional_attchments_rename::R3.Corda: Skipping ChangeSet: migration/node-core.changelog-v8.xml::conditional_attchments_rename::R3.Corda
17:43:57.752 [Test worker] DEBUG liquibase - master.changelog.json: migration/node-core.changelog-v8.xml::conditional_attchments_rename::R3.Corda: Executing EXECUTE database command: INSERT INTO PUBLIC.DATABASECHANGELOG (ID, AUTHOR, FILENAME, DATEEXECUTED, ORDEREXECUTED, MD5SUM, DESCRIPTION, COMMENTS, EXECTYPE, CONTEXTS, LABELS, LIQUIBASE, DEPLOYMENT_ID) VALUES ('conditional_attchments_rename', 'R3.Corda', 'migration/node-core.changelog-v8.xml', NOW(), 78, '7:c7fcf1b072eb8882179623895abd6a53', 'renameTable newTableName=NODE_ATTACHMENTS_CONTRACTS, oldTableName=NODE_ATTCHMENTS_CONTRACTS', '', 'MARK_RAN', NULL, NULL, '3.5.4', '1046237053')
17:43:57.757 [Test worker] DEBUG liquibase - master.changelog.json: migration/node-core.changelog-v8.xml::conditional_attchments_contracts::R3.Corda: Running Changeset:migration/node-core.changelog-v8.xml::conditional_attchments_contracts::R3.Corda
17:43:57.757 [Test worker] DEBUG liquibase - master.changelog.json: migration/node-core.changelog-v8.xml::conditional_attchments_contracts::R3.Corda: Changeset migration/node-core.changelog-v8.xml::conditional_attchments_contracts::R3.Corda
17:43:57.782 [Test worker] INFO liquibase - master.changelog.json: migration/node-core.changelog-v8.xml::conditional_attchments_contracts::R3.Corda: Marking ChangeSet: migration/node-core.changelog-v8.xml::conditional_attchments_contracts::R3.Corda ran despite precondition failure due to onFail='MARK_RAN': 
          master.changelog.json : Table PUBLIC.NODE_ATTACHMENTS_CONTRACT_CLASS_NAME does not exist

17:43:57.782 [Test worker] DEBUG liquibase - master.changelog.json: migration/node-core.changelog-v8.xml::conditional_attchments_contracts::R3.Corda: Skipping ChangeSet: migration/node-core.changelog-v8.xml::conditional_attchments_contracts::R3.Corda
17:43:57.783 [Test worker] DEBUG liquibase - master.changelog.json: migration/node-core.changelog-v8.xml::conditional_attchments_contracts::R3.Corda: Executing EXECUTE database command: INSERT INTO PUBLIC.DATABASECHANGELOG (ID, AUTHOR, FILENAME, DATEEXECUTED, ORDEREXECUTED, MD5SUM, DESCRIPTION, COMMENTS, EXECTYPE, CONTEXTS, LABELS, LIQUIBASE, DEPLOYMENT_ID) VALUES ('conditional_attchments_contracts', 'R3.Corda', 'migration/node-core.changelog-v8.xml', NOW(), 79, '7:9ec85543b6baac8a877ad21f063a5b13', 'renameTable newTableName=NODE_ATTACHMENTS_CONTRACTS, oldTableName=NODE_ATTACHMENTS_CONTRACT_CLASS_NAME', '', 'MARK_RAN', NULL, NULL, '3.5.4', '1046237053')
17:43:57.784 [Test worker] DEBUG liquibase - master.changelog.json: migration/node-core.changelog-v8.xml::add_signers::R3.Corda: Running Changeset:migration/node-core.changelog-v8.xml::add_signers::R3.Corda
17:43:57.784 [Test worker] DEBUG liquibase - master.changelog.json: migration/node-core.changelog-v8.xml::add_signers::R3.Corda: Changeset migration/node-core.changelog-v8.xml::add_signers::R3.Corda
17:43:57.784 [Test worker] DEBUG liquibase - master.changelog.json: migration/node-core.changelog-v8.xml::add_signers::R3.Corda: Reading ChangeSet: migration/node-core.changelog-v8.xml::add_signers::R3.Corda
17:43:57.784 [Test worker] DEBUG liquibase - master.changelog.json: migration/node-core.changelog-v8.xml::add_signers::R3.Corda: Executing Statement: liquibase.statement.core.CreateTableStatement@543035e2
17:43:57.784 [Test worker] DEBUG liquibase - master.changelog.json: migration/node-core.changelog-v8.xml::add_signers::R3.Corda: Executing EXECUTE database command: CREATE TABLE PUBLIC.node_attachments_signers (att_id NVARCHAR(255) NOT NULL, signer NVARCHAR(1024))
17:43:57.785 [Test worker] INFO liquibase - master.changelog.json: migration/node-core.changelog-v8.xml::add_signers::R3.Corda: Table node_attachments_signers created
17:43:57.785 [Test worker] DEBUG liquibase - master.changelog.json: migration/node-core.changelog-v8.xml::add_signers::R3.Corda: Executing Statement: liquibase.statement.core.AddForeignKeyConstraintStatement@573c8489
17:43:57.785 [Test worker] DEBUG liquibase - master.changelog.json: migration/node-core.changelog-v8.xml::add_signers::R3.Corda: Executing EXECUTE database command: ALTER TABLE PUBLIC.node_attachments_signers ADD CONSTRAINT FK__signers__attachments FOREIGN KEY (att_id) REFERENCES PUBLIC.node_attachments (att_id)
17:43:57.786 [Test worker] INFO liquibase - master.changelog.json: migration/node-core.changelog-v8.xml::add_signers::R3.Corda: Foreign key constraint added to node_attachments_signers (att_id)
17:43:57.786 [Test worker] INFO liquibase - master.changelog.json: migration/node-core.changelog-v8.xml::add_signers::R3.Corda: ChangeSet migration/node-core.changelog-v8.xml::add_signers::R3.Corda ran successfully in 2ms
17:43:57.787 [Test worker] DEBUG liquibase - master.changelog.json: migration/node-core.changelog-v8.xml::add_signers::R3.Corda: Executing EXECUTE database command: INSERT INTO PUBLIC.DATABASECHANGELOG (ID, AUTHOR, FILENAME, DATEEXECUTED, ORDEREXECUTED, MD5SUM, DESCRIPTION, COMMENTS, EXECTYPE, CONTEXTS, LABELS, LIQUIBASE, DEPLOYMENT_ID) VALUES ('add_signers', 'R3.Corda', 'migration/node-core.changelog-v8.xml', NOW(), 80, '7:d1356cd65d19937b81284ea078998d84', 'createTable tableName=node_attachments_signers; addForeignKeyConstraint baseTableName=node_attachments_signers, constraintName=FK__signers__attachments, referencedTableName=node_attachments', '', 'EXECUTED', NULL, NULL, '3.5.4', '1046237053')
17:43:57.788 [Test worker] DEBUG liquibase - master.changelog.json: migration/node-core.changelog-tx-mapping.xml::add_tx_mapping_column::R3.Corda: Running Changeset:migration/node-core.changelog-tx-mapping.xml::add_tx_mapping_column::R3.Corda
17:43:57.788 [Test worker] DEBUG liquibase - master.changelog.json: migration/node-core.changelog-tx-mapping.xml::add_tx_mapping_column::R3.Corda: Changeset migration/node-core.changelog-tx-mapping.xml::add_tx_mapping_column::R3.Corda
17:43:57.811 [Test worker] DEBUG liquibase - master.changelog.json: migration/node-core.changelog-tx-mapping.xml::add_tx_mapping_column::R3.Corda: Reading ChangeSet: migration/node-core.changelog-tx-mapping.xml::add_tx_mapping_column::R3.Corda
17:43:57.811 [Test worker] DEBUG liquibase - master.changelog.json: migration/node-core.changelog-tx-mapping.xml::add_tx_mapping_column::R3.Corda: Executing Statement: liquibase.statement.core.AddColumnStatement@6687ad7f
17:43:57.814 [Test worker] DEBUG liquibase - master.changelog.json: migration/node-core.changelog-tx-mapping.xml::add_tx_mapping_column::R3.Corda: Executing EXECUTE database command: ALTER TABLE PUBLIC.node_transactions ADD state_machine_run_id NVARCHAR(36)
17:43:57.821 [Test worker] INFO liquibase - master.changelog.json: migration/node-core.changelog-tx-mapping.xml::add_tx_mapping_column::R3.Corda: Columns state_machine_run_id(NVARCHAR(36)) added to node_transactions
17:43:57.822 [Test worker] DEBUG liquibase - master.changelog.json: migration/node-core.changelog-tx-mapping.xml::add_tx_mapping_column::R3.Corda: Executing Statement: update node_transactions set state_machine_run_id=(select state_machine_run_id from
            node_transaction_mappings where node_transactions.tx_id = node_transaction_mappings.tx_id)
17:43:57.822 [Test worker] DEBUG liquibase - master.changelog.json: migration/node-core.changelog-tx-mapping.xml::add_tx_mapping_column::R3.Corda: Executing EXECUTE database command: update node_transactions set state_machine_run_id=(select state_machine_run_id from
            node_transaction_mappings where node_transactions.tx_id = node_transaction_mappings.tx_id)
17:43:57.884 [Test worker] INFO liquibase - master.changelog.json: migration/node-core.changelog-tx-mapping.xml::add_tx_mapping_column::R3.Corda: Custom SQL executed
17:43:57.884 [Test worker] DEBUG liquibase - master.changelog.json: migration/node-core.changelog-tx-mapping.xml::add_tx_mapping_column::R3.Corda: Executing Statement: liquibase.statement.core.DropTableStatement@30afb63d
17:43:57.884 [Test worker] DEBUG liquibase - master.changelog.json: migration/node-core.changelog-tx-mapping.xml::add_tx_mapping_column::R3.Corda: Executing EXECUTE database command: DROP TABLE PUBLIC.node_transaction_mappings
17:43:57.898 [Test worker] INFO liquibase - master.changelog.json: migration/node-core.changelog-tx-mapping.xml::add_tx_mapping_column::R3.Corda: Table node_transaction_mappings dropped
17:43:57.898 [Test worker] INFO liquibase - master.changelog.json: migration/node-core.changelog-tx-mapping.xml::add_tx_mapping_column::R3.Corda: ChangeSet migration/node-core.changelog-tx-mapping.xml::add_tx_mapping_column::R3.Corda ran successfully in 110ms
17:43:57.901 [Test worker] DEBUG liquibase - master.changelog.json: migration/node-core.changelog-tx-mapping.xml::add_tx_mapping_column::R3.Corda: Executing EXECUTE database command: INSERT INTO PUBLIC.DATABASECHANGELOG (ID, AUTHOR, FILENAME, DATEEXECUTED, ORDEREXECUTED, MD5SUM, DESCRIPTION, COMMENTS, EXECTYPE, CONTEXTS, LABELS, LIQUIBASE, DEPLOYMENT_ID) VALUES ('add_tx_mapping_column', 'R3.Corda', 'migration/node-core.changelog-tx-mapping.xml', NOW(), 81, '7:a0995593179aec45250c383611edd1e2', 'addColumn tableName=node_transactions; sql; dropTable tableName=node_transaction_mappings', '', 'EXECUTED', NULL, NULL, '3.5.4', '1046237053')
17:43:57.904 [Test worker] DEBUG liquibase - master.changelog.json: migration/node-services.changelog-init.xml::add_network_parameters_storage::R3.Corda: Running Changeset:migration/node-services.changelog-init.xml::add_network_parameters_storage::R3.Corda
17:43:57.904 [Test worker] DEBUG liquibase - master.changelog.json: migration/node-services.changelog-init.xml::add_network_parameters_storage::R3.Corda: Changeset migration/node-services.changelog-init.xml::add_network_parameters_storage::R3.Corda
17:43:57.905 [Test worker] DEBUG liquibase - master.changelog.json: migration/node-services.changelog-init.xml::add_network_parameters_storage::R3.Corda: Reading ChangeSet: migration/node-services.changelog-init.xml::add_network_parameters_storage::R3.Corda
17:43:57.905 [Test worker] DEBUG liquibase - master.changelog.json: migration/node-services.changelog-init.xml::add_network_parameters_storage::R3.Corda: Executing Statement: liquibase.statement.core.CreateTableStatement@2a70026f
17:43:57.905 [Test worker] DEBUG liquibase - master.changelog.json: migration/node-services.changelog-init.xml::add_network_parameters_storage::R3.Corda: Executing EXECUTE database command: CREATE TABLE PUBLIC.node_network_parameters (hash NVARCHAR(130) NOT NULL, epoch INT NOT NULL, parameters_bytes BLOB NOT NULL, signature_bytes BLOB NOT NULL, cert BLOB NOT NULL, parent_cert_path BLOB NOT NULL)
17:43:57.906 [Test worker] INFO liquibase - master.changelog.json: migration/node-services.changelog-init.xml::add_network_parameters_storage::R3.Corda: Table node_network_parameters created
17:43:57.906 [Test worker] INFO liquibase - master.changelog.json: migration/node-services.changelog-init.xml::add_network_parameters_storage::R3.Corda: ChangeSet migration/node-services.changelog-init.xml::add_network_parameters_storage::R3.Corda ran successfully in 2ms
17:43:57.907 [Test worker] DEBUG liquibase - master.changelog.json: migration/node-services.changelog-init.xml::add_network_parameters_storage::R3.Corda: Executing EXECUTE database command: INSERT INTO PUBLIC.DATABASECHANGELOG (ID, AUTHOR, FILENAME, DATEEXECUTED, ORDEREXECUTED, MD5SUM, DESCRIPTION, COMMENTS, EXECTYPE, CONTEXTS, LABELS, LIQUIBASE, DEPLOYMENT_ID) VALUES ('add_network_parameters_storage', 'R3.Corda', 'migration/node-services.changelog-init.xml', NOW(), 82, '7:8d5882f94d9f58647903210994573073', 'createTable tableName=node_network_parameters', '', 'EXECUTED', NULL, NULL, '3.5.4', '1046237053')
17:43:57.907 [Test worker] DEBUG liquibase - master.changelog.json: migration/node-services.changelog-init.xml::network_parameters_pk::R3.Corda: Running Changeset:migration/node-services.changelog-init.xml::network_parameters_pk::R3.Corda
17:43:57.907 [Test worker] DEBUG liquibase - master.changelog.json: migration/node-services.changelog-init.xml::network_parameters_pk::R3.Corda: Changeset migration/node-services.changelog-init.xml::network_parameters_pk::R3.Corda
17:43:57.908 [Test worker] DEBUG liquibase - master.changelog.json: migration/node-services.changelog-init.xml::network_parameters_pk::R3.Corda: Reading ChangeSet: migration/node-services.changelog-init.xml::network_parameters_pk::R3.Corda
17:43:57.908 [Test worker] DEBUG liquibase - master.changelog.json: migration/node-services.changelog-init.xml::network_parameters_pk::R3.Corda: Executing Statement: liquibase.statement.core.AddPrimaryKeyStatement@7cd1d61e
17:43:57.908 [Test worker] DEBUG liquibase - master.changelog.json: migration/node-services.changelog-init.xml::network_parameters_pk::R3.Corda: Executing EXECUTE database command: ALTER TABLE PUBLIC.node_network_parameters ADD CONSTRAINT node_network_parameters_pkey PRIMARY KEY (hash)
17:43:57.908 [Test worker] INFO liquibase - master.changelog.json: migration/node-services.changelog-init.xml::network_parameters_pk::R3.Corda: Primary key added to node_network_parameters (hash)
17:43:57.908 [Test worker] INFO liquibase - master.changelog.json: migration/node-services.changelog-init.xml::network_parameters_pk::R3.Corda: ChangeSet migration/node-services.changelog-init.xml::network_parameters_pk::R3.Corda ran successfully in 1ms
17:43:57.909 [Test worker] DEBUG liquibase - master.changelog.json: migration/node-services.changelog-init.xml::network_parameters_pk::R3.Corda: Executing EXECUTE database command: INSERT INTO PUBLIC.DATABASECHANGELOG (ID, AUTHOR, FILENAME, DATEEXECUTED, ORDEREXECUTED, MD5SUM, DESCRIPTION, COMMENTS, EXECTYPE, CONTEXTS, LABELS, LIQUIBASE, DEPLOYMENT_ID) VALUES ('network_parameters_pk', 'R3.Corda', 'migration/node-services.changelog-init.xml', NOW(), 83, '7:71635301bd498e4d52b02988795348e6', 'addPrimaryKey constraintName=node_network_parameters_pkey, tableName=node_network_parameters', '', 'EXECUTED', NULL, NULL, '3.5.4', '1046237053')
17:43:57.910 [Test worker] DEBUG liquibase - master.changelog.json: migration/node-services.changelog-init.xml::add_version_column::R3.Corda: Running Changeset:migration/node-services.changelog-init.xml::add_version_column::R3.Corda
17:43:57.910 [Test worker] DEBUG liquibase - master.changelog.json: migration/node-services.changelog-init.xml::add_version_column::R3.Corda: Changeset migration/node-services.changelog-init.xml::add_version_column::R3.Corda
17:43:57.910 [Test worker] DEBUG liquibase - master.changelog.json: migration/node-services.changelog-init.xml::add_version_column::R3.Corda: Reading ChangeSet: migration/node-services.changelog-init.xml::add_version_column::R3.Corda
17:43:57.910 [Test worker] DEBUG liquibase - master.changelog.json: migration/node-services.changelog-init.xml::add_version_column::R3.Corda: Executing Statement: liquibase.statement.core.AddColumnStatement@1fe3a675
17:43:57.911 [Test worker] DEBUG liquibase - master.changelog.json: migration/node-services.changelog-init.xml::add_version_column::R3.Corda: Executing EXECUTE database command: ALTER TABLE PUBLIC.node_attachments ADD version INT
17:43:57.919 [Test worker] INFO liquibase - master.changelog.json: migration/node-services.changelog-init.xml::add_version_column::R3.Corda: Columns version(INT) added to node_attachments
17:43:57.921 [Test worker] DEBUG liquibase - master.changelog.json: migration/node-services.changelog-init.xml::add_version_column::R3.Corda: Executing Statement: update node_attachments set version = 1
17:43:57.921 [Test worker] DEBUG liquibase - master.changelog.json: migration/node-services.changelog-init.xml::add_version_column::R3.Corda: Executing EXECUTE database command: update node_attachments set version = 1
17:43:57.921 [Test worker] INFO liquibase - master.changelog.json: migration/node-services.changelog-init.xml::add_version_column::R3.Corda: Custom SQL executed
17:43:57.921 [Test worker] DEBUG liquibase - master.changelog.json: migration/node-services.changelog-init.xml::add_version_column::R3.Corda: Executing Statement: liquibase.statement.core.SetNullableStatement@3a583e30
17:43:57.921 [Test worker] DEBUG liquibase - master.changelog.json: migration/node-services.changelog-init.xml::add_version_column::R3.Corda: Executing EXECUTE database command: ALTER TABLE PUBLIC.node_attachments ALTER COLUMN version SET NOT NULL
17:43:57.922 [Test worker] INFO liquibase - master.changelog.json: migration/node-services.changelog-init.xml::add_version_column::R3.Corda: Null constraint has been added to node_attachments.version
17:43:57.922 [Test worker] INFO liquibase - master.changelog.json: migration/node-services.changelog-init.xml::add_version_column::R3.Corda: ChangeSet migration/node-services.changelog-init.xml::add_version_column::R3.Corda ran successfully in 12ms
17:43:57.923 [Test worker] DEBUG liquibase - master.changelog.json: migration/node-services.changelog-init.xml::add_version_column::R3.Corda: Executing EXECUTE database command: INSERT INTO PUBLIC.DATABASECHANGELOG (ID, AUTHOR, FILENAME, DATEEXECUTED, ORDEREXECUTED, MD5SUM, DESCRIPTION, COMMENTS, EXECTYPE, CONTEXTS, LABELS, LIQUIBASE, DEPLOYMENT_ID) VALUES ('add_version_column', 'R3.Corda', 'migration/node-services.changelog-init.xml', NOW(), 84, '7:7d7fb1c90fa05b5fc3b938fd7c520344', 'addColumn tableName=node_attachments; sql; addNotNullConstraint columnName=version, tableName=node_attachments', '', 'EXECUTED', NULL, NULL, '3.5.4', '1046237053')
17:43:57.923 [Test worker] DEBUG liquibase - master.changelog.json: migration/node-services.changelog-init.xml::update-version-of-whitelisted-jars::R3.Corda: Running Changeset:migration/node-services.changelog-init.xml::update-version-of-whitelisted-jars::R3.Corda
17:43:57.924 [Test worker] DEBUG liquibase - master.changelog.json: migration/node-services.changelog-init.xml::update-version-of-whitelisted-jars::R3.Corda: Changeset migration/node-services.changelog-init.xml::update-version-of-whitelisted-jars::R3.Corda
17:43:57.924 [Test worker] DEBUG liquibase - master.changelog.json: migration/node-services.changelog-init.xml::update-version-of-whitelisted-jars::R3.Corda: Reading ChangeSet: migration/node-services.changelog-init.xml::update-version-of-whitelisted-jars::R3.Corda
17:43:57.924 [Test worker] DEBUG liquibase - master.changelog.json: migration/node-services.changelog-init.xml::update-version-of-whitelisted-jars::R3.Corda: WARNING The following SQL may change each run and therefore is possibly incorrect and/or invalid:
17:43:57.924 [Test worker] INFO net.corda.nodeapi.internal.persistence.AttachmentVersionNumberMigration - Start executing...
17:43:57.927 [Test worker] INFO net.corda.nodeapi.internal.persistence.AttachmentVersionNumberMigration - Attachment version creation from whitelisted JARs using network parameters from build\mock-network\20191014-094255.202\nodes\5\network-parameters, whitelistedContractImplementations: {}.
17:43:57.927 [Test worker] INFO net.corda.nodeapi.internal.persistence.AttachmentVersionNumberMigration - Attachment version creation from whitelisted JARs skipped, no attachments not found.
17:43:57.927 [Test worker] INFO liquibase - master.changelog.json: migration/node-services.changelog-init.xml::update-version-of-whitelisted-jars::R3.Corda: null
17:43:57.927 [Test worker] INFO liquibase - master.changelog.json: migration/node-services.changelog-init.xml::update-version-of-whitelisted-jars::R3.Corda: ChangeSet migration/node-services.changelog-init.xml::update-version-of-whitelisted-jars::R3.Corda ran successfully in 4ms
17:43:57.932 [Test worker] DEBUG liquibase - master.changelog.json: migration/node-services.changelog-init.xml::update-version-of-whitelisted-jars::R3.Corda: Executing EXECUTE database command: INSERT INTO PUBLIC.DATABASECHANGELOG (ID, AUTHOR, FILENAME, DATEEXECUTED, ORDEREXECUTED, MD5SUM, DESCRIPTION, COMMENTS, EXECTYPE, CONTEXTS, LABELS, LIQUIBASE, DEPLOYMENT_ID) VALUES ('update-version-of-whitelisted-jars', 'R3.Corda', 'migration/node-services.changelog-init.xml', NOW(), 85, '7:706b589854273bdf703c4ed7a2a9191b', 'customChange', '', 'EXECUTED', NULL, NULL, '3.5.4', '1046237053')
17:43:57.934 [Test worker] DEBUG liquibase - master.changelog.json: migration/vault-schema.changelog-v9.xml::update-vault-states::R3.Corda: Running Changeset:migration/vault-schema.changelog-v9.xml::update-vault-states::R3.Corda
17:43:57.934 [Test worker] DEBUG liquibase - master.changelog.json: migration/vault-schema.changelog-v9.xml::update-vault-states::R3.Corda: Changeset migration/vault-schema.changelog-v9.xml::update-vault-states::R3.Corda
17:43:57.934 [Test worker] DEBUG liquibase - master.changelog.json: migration/vault-schema.changelog-v9.xml::update-vault-states::R3.Corda: Reading ChangeSet: migration/vault-schema.changelog-v9.xml::update-vault-states::R3.Corda
17:43:57.934 [Test worker] DEBUG liquibase - master.changelog.json: migration/vault-schema.changelog-v9.xml::update-vault-states::R3.Corda: WARNING The following SQL may change each run and therefore is possibly incorrect and/or invalid:
17:43:57.934 [Test worker] INFO net.corda.node.migration.VaultStateMigration - Migrating vault state data to V4 tables
17:43:57.938 [Test worker] INFO net.corda.nodeapi.internal.persistence.HibernateConfiguration - Init HibernateConfiguration for schemas: [VaultMigrationSchemaV1(name=net.corda.node.migration.VaultMigrationSchema, version=1), VaultSchemaV1(name=net.corda.node.services.vault.VaultSchema, version=1)]
17:43:57.938 [Test worker] INFO net.corda.nodeapi.internal.persistence.HibernateConfiguration - Creating session factory for schemas: [VaultMigrationSchemaV1(name=net.corda.node.migration.VaultMigrationSchema, version=1), VaultSchemaV1(name=net.corda.node.services.vault.VaultSchema, version=1)]
?[37m[INFO] 17:43:57,958 [Test worker] internal.ConnectionProviderInitiator.initiateService - HHH000130: Instantiating explicit connection provider: net.corda.nodeapi.internal.persistence.HibernateConfiguration$NodeDatabaseConnectionProvider
?[m?[37m[INFO] 17:43:57,960 [Test worker] dialect.Dialect.<init> - HHH000400: Using dialect: org.hibernate.dialect.H2Dialect
?[m?[37m[INFO] 17:43:57,964 [Test worker] type.BasicTypeRegistry.register - HHH000270: Type registration [materialized_blob] overrides previous : org.hibernate.type.MaterializedBlobType@12e6fc5f
?[m?[37m[INFO] 17:43:58,135 [Test worker] connections.access.getIsolatedConnection - HHH10001501: Connection obtained from JdbcConnectionAccess [org.hibernate.engine.jdbc.env.internal.JdbcEnvironmentInitiator$ConnectionProviderJdbcConnectionAccess@7ceeac4c] for (non-JTA) DDL execution was not in auto-commit mode; the Connection 'local transaction' will be committed and the Connection will be set into auto-commit mode.
?[m17:43:58.299 [Test worker] INFO net.corda.nodeapi.internal.persistence.HibernateConfiguration - Created session factory for schemas: [VaultMigrationSchemaV1(name=net.corda.node.migration.VaultMigrationSchema, version=1), VaultSchemaV1(name=net.corda.node.services.vault.VaultSchema, version=1)]
?[37m[INFO] 17:43:58,307 [Test worker] internal.QueryTranslatorFactoryInitiator.initiateService - HHH000397: Using ASTQueryTranslatorFactory
?[m17:43:58.348 [MockNode-1-2] DEBUG net.corda.node.services.network.NodeInfoWatcher - Read 0 NodeInfo files from build\mock-network\20191014-094255.202\nodes\0\additional-node-infos
17:43:58.348 [Test worker] DEBUG net.corda.node.migration.VaultStateIterator - Found 0 total states in the vault
17:43:58.348 [MockNode-1-2] DEBUG net.corda.node.services.network.NodeInfoWatcher - Number of removed NodeInfo files 0
17:43:58.352 [Test worker] DEBUG net.corda.node.migration.VaultStateIterator - Loaded page 1 of 0. Current page has 0 vault states
17:43:58.352 [Test worker] INFO net.corda.node.migration.VaultStateMigration - Finished performing vault state data migration for 0 states
17:43:58.352 [Test worker] INFO liquibase - master.changelog.json: migration/vault-schema.changelog-v9.xml::update-vault-states::R3.Corda: null
17:43:58.352 [Test worker] INFO liquibase - master.changelog.json: migration/vault-schema.changelog-v9.xml::update-vault-states::R3.Corda: ChangeSet migration/vault-schema.changelog-v9.xml::update-vault-states::R3.Corda ran successfully in 418ms
17:43:58.353 [Test worker] DEBUG liquibase - master.changelog.json: migration/vault-schema.changelog-v9.xml::update-vault-states::R3.Corda: Executing EXECUTE database command: INSERT INTO PUBLIC.DATABASECHANGELOG (ID, AUTHOR, FILENAME, DATEEXECUTED, ORDEREXECUTED, MD5SUM, DESCRIPTION, COMMENTS, EXECTYPE, CONTEXTS, LABELS, LIQUIBASE, DEPLOYMENT_ID) VALUES ('update-vault-states', 'R3.Corda', 'migration/vault-schema.changelog-v9.xml', NOW(), 86, '7:b005d9ddca6ae24f7eb8c275fb095a30', 'customChange', '', 'EXECUTED', NULL, NULL, '3.5.4', '1046237053')
17:43:58.353 [Test worker] DEBUG liquibase - Release Database Lock
17:43:58.353 [Test worker] DEBUG liquibase - Executing UPDATE database command: UPDATE PUBLIC.DATABASECHANGELOGLOCK SET LOCKED = FALSE, LOCKEDBY = NULL, LOCKGRANTED = NULL WHERE ID = 1
17:43:58.354 [Test worker] INFO liquibase - Successfully released change log lock
17:43:58.354 [Test worker] DEBUG com.zaxxer.hikari.pool.PoolBase - HikariPool-6 - Reset (autoCommit, isolation) on connection conn56: url=jdbc:h2:mem:node_5_net_312362915497919618_persistence user=SA
17:43:58.354 [Test worker] DEBUG com.zaxxer.hikari.pool.PoolBase - HikariPool-6 - Reset (autoCommit, isolation) on connection conn56: url=jdbc:h2:mem:node_5_net_312362915497919618_persistence user=SA
17:43:58.355 [Test worker] INFO net.corda.testing.node.internal.InternalMockNetwork$MockNode - Connected to H2 database.
17:43:58.355 [Test worker] DEBUG com.zaxxer.hikari.pool.PoolBase - HikariPool-6 - Reset (autoCommit, isolation) on connection conn56: url=jdbc:h2:mem:node_5_net_312362915497919618_persistence user=SA
17:43:58.355 [Test worker] INFO net.corda.testing.node.internal.InternalMockNetwork$MockNode - identity-private-key not found in key store, generating fresh key!
17:43:58.450 [Test worker] INFO net.corda.nodeapi.internal.persistence.HibernateConfiguration - Init HibernateConfiguration for schemas: [CommonSchemaV1(name=net.corda.core.schemas.CommonSchema, version=1), VaultSchemaV1(name=net.corda.node.services.vault.VaultSchema, version=1), NodeInfoSchemaV1(name=net.corda.node.internal.schemas.NodeInfoSchema, version=1), NodeCoreV1(name=net.corda.node.services.schema.NodeSchemaService$NodeCore, version=1)]
17:43:58.450 [Test worker] INFO net.corda.nodeapi.internal.persistence.HibernateConfiguration - Creating session factory for schemas: [CommonSchemaV1(name=net.corda.core.schemas.CommonSchema, version=1), VaultSchemaV1(name=net.corda.node.services.vault.VaultSchema, version=1), NodeInfoSchemaV1(name=net.corda.node.internal.schemas.NodeInfoSchema, version=1), NodeCoreV1(name=net.corda.node.services.schema.NodeSchemaService$NodeCore, version=1)]
17:43:58.466 [MockNode-2-2] DEBUG net.corda.node.services.network.NodeInfoWatcher - Read 0 NodeInfo files from build\mock-network\20191014-094255.202\nodes\1\additional-node-infos
17:43:58.466 [MockNode-2-2] DEBUG net.corda.node.services.network.NodeInfoWatcher - Number of removed NodeInfo files 0
17:43:58.473 [Test worker] DEBUG com.zaxxer.hikari.pool.PoolBase - HikariPool-6 - Reset (autoCommit, isolation) on connection conn56: url=jdbc:h2:mem:node_5_net_312362915497919618_persistence user=SA
?[37m[INFO] 17:43:58,467 [Test worker] internal.ConnectionProviderInitiator.initiateService - HHH000130: Instantiating explicit connection provider: net.corda.nodeapi.internal.persistence.HibernateConfiguration$NodeDatabaseConnectionProvider
?[m?[37m[INFO] 17:43:58,468 [Test worker] dialect.Dialect.<init> - HHH000400: Using dialect: org.hibernate.dialect.H2Dialect
?[m?[37m[INFO] 17:43:58,477 [Test worker] type.BasicTypeRegistry.register - HHH000270: Type registration [materialized_blob] overrides previous : org.hibernate.type.MaterializedBlobType@12e6fc5f
?[m?[37m[INFO] 17:43:58,625 [Test worker] connections.access.getIsolatedConnection - HHH10001501: Connection obtained from JdbcConnectionAccess [org.hibernate.engine.jdbc.env.internal.JdbcEnvironmentInitiator$ConnectionProviderJdbcConnectionAccess@316f4156] for (non-JTA) DDL execution was not in auto-commit mode; the Connection 'local transaction' will be committed and the Connection will be set into auto-commit mode.
?[m17:43:58.721 [Test worker] DEBUG com.zaxxer.hikari.pool.PoolBase - HikariPool-6 - Reset (autoCommit, isolation) on connection conn56: url=jdbc:h2:mem:node_5_net_312362915497919618_persistence user=SA
17:43:58.741 [Test worker] INFO net.corda.nodeapi.internal.persistence.HibernateConfiguration - Created session factory for schemas: [CommonSchemaV1(name=net.corda.core.schemas.CommonSchema, version=1), VaultSchemaV1(name=net.corda.node.services.vault.VaultSchema, version=1), NodeInfoSchemaV1(name=net.corda.node.internal.schemas.NodeInfoSchema, version=1), NodeCoreV1(name=net.corda.node.services.schema.NodeSchemaService$NodeCore, version=1)]
?[37m[INFO] 17:43:58,744 [Test worker] internal.QueryTranslatorFactoryInitiator.initiateService - HHH000397: Using ASTQueryTranslatorFactory
?[m17:43:58.751 [Test worker] INFO net.corda.testing.node.internal.InternalMockNetwork$MockNode - Node-info has changed so submitting update. Old node-info was null
17:43:58.751 [Test worker] INFO net.corda.node.services.network.PersistentNetworkMapCache - Adding node with info: NodeInfo(addresses=[mock.node:1000], legalIdentitiesAndCerts=[O=SettlementAgent, L=New York, C=US], platformVersion=4, serial=1571046238751)
17:43:58.751 [Test worker] INFO net.corda.node.services.network.PersistentNetworkMapCache - No previous node found
17:43:58.751 [Test worker] DEBUG net.corda.node.services.identity.PersistentIdentityService - Registering identity O=SettlementAgent, L=New York, C=US
17:43:58.767 [Test worker] DEBUG net.corda.node.services.network.PersistentNetworkMapCache - Done adding node with info: NodeInfo(addresses=[mock.node:1000], legalIdentitiesAndCerts=[O=SettlementAgent, L=New York, C=US], platformVersion=4, serial=1571046238751)
17:43:58.767 [Test worker] INFO net.corda.testing.node.internal.InternalMockNetwork$MockNode - New node-info: NodeInfo(addresses=[mock.node:1000], legalIdentitiesAndCerts=[O=SettlementAgent, L=New York, C=US], platformVersion=4, serial=1571046238751)
17:43:58.796 [Test worker] DEBUG com.zaxxer.hikari.pool.PoolBase - HikariPool-6 - Reset (autoCommit, isolation) on connection conn56: url=jdbc:h2:mem:node_5_net_312362915497919618_persistence user=SA
17:43:58.796 [Test worker] INFO net.corda.node.services.network.NetworkMapUpdater - Auto-accept enabled for network parameter changes which modify only: [epoch, modifiedTime, packageOwnership, whitelistedContractImplementations]
17:43:58.798 [MockNode-6-2] DEBUG net.corda.node.services.network.NodeInfoWatcher - Reading SignedNodeInfo from build\mock-network\20191014-094255.202\nodes\5\additional-node-infos\nodeInfo-DE33CA95631DAF3D2FF8267EA3E93E06DE7A615BAB0BC08FBC3EFA29DB1F3EE4
17:43:58.803 [MockNode-6-2] DEBUG net.corda.node.services.network.NodeInfoWatcher - Read 1 NodeInfo files from build\mock-network\20191014-094255.202\nodes\5\additional-node-infos
17:43:58.803 [MockNode-6-2] DEBUG net.corda.node.services.network.NodeInfoWatcher - Number of removed NodeInfo files 0
17:43:58.804 [MockNode-6-2] INFO net.corda.node.services.network.PersistentNetworkMapCache - Adding node with info: NodeInfo(addresses=[mock.node:1000], legalIdentitiesAndCerts=[O=SettlementAgent, L=New York, C=US], platformVersion=4, serial=1571046238751)
17:43:58.804 [Test worker] DEBUG net.corda.node.services.identity.PersistentIdentityService - Identities loaded
17:43:58.813 [MockNode-6-2] DEBUG com.zaxxer.hikari.pool.PoolBase - HikariPool-6 - Reset (autoCommit, isolation) on connection conn57: url=jdbc:h2:mem:node_5_net_312362915497919618_persistence user=SA
17:43:58.813 [MockNode-6-2] INFO net.corda.node.services.network.PersistentNetworkMapCache - Previous node was identical to incoming one - doing nothing
17:43:58.813 [MockNode-6-2] DEBUG net.corda.node.services.network.PersistentNetworkMapCache - Done adding node with info: NodeInfo(addresses=[mock.node:1000], legalIdentitiesAndCerts=[O=SettlementAgent, L=New York, C=US], platformVersion=4, serial=1571046238751)
17:43:59.061 [Test worker] INFO ClassloaderUtils - Contracts loading for 'C:\Users\user\AppData\Local\Temp\attachment8108557923271573330.jar' took 24 msec
17:43:59.075 [Test worker] INFO net.corda.node.services.persistence.NodeAttachmentService - Stored new attachment: id=E9B1EFC2836AFF119DC0182AAA3C93E581065B6B06F6C0A452EA5CCF4B11B2A2 uploader=app filename=null
17:43:59.101 [Test worker] INFO net.corda.node.services.statemachine.SingleThreadedStateMachineManager - Node ready, info: NodeInfo(addresses=[mock.node:1000], legalIdentitiesAndCerts=[O=SettlementAgent, L=New York, C=US], platformVersion=4, serial=1571046238751)
17:43:59.109 [Test worker] DEBUG com.zaxxer.hikari.pool.PoolBase - HikariPool-6 - Reset (autoCommit, isolation) on connection conn56: url=jdbc:h2:mem:node_5_net_312362915497919618_persistence user=SA
17:43:59.110 [Test worker] INFO net.corda.node.services.network.PersistentNetworkMapCache - Adding node with info: NodeInfo(addresses=[mock.node:1000], legalIdentitiesAndCerts=[O=Notary Service, L=Zurich, C=CH], platformVersion=4, serial=1571046217798)
17:43:59.113 [Test worker] DEBUG com.zaxxer.hikari.pool.PoolBase - HikariPool-6 - Reset (autoCommit, isolation) on connection conn56: url=jdbc:h2:mem:node_5_net_312362915497919618_persistence user=SA
17:43:59.114 [Test worker] INFO net.corda.node.services.network.PersistentNetworkMapCache - No previous node found
17:43:59.117 [pool-42-thread-1] DEBUG com.zaxxer.hikari.pool.PoolBase - HikariPool-6 - Reset (autoCommit, isolation) on connection conn57: url=jdbc:h2:mem:node_5_net_312362915497919618_persistence user=SA
17:43:59.118 [Test worker] DEBUG net.corda.node.services.identity.PersistentIdentityService - Registering identity O=Notary Service, L=Zurich, C=CH
17:43:59.122 [Test worker] DEBUG com.zaxxer.hikari.pool.PoolBase - HikariPool-6 - Reset (autoCommit, isolation) on connection conn56: url=jdbc:h2:mem:node_5_net_312362915497919618_persistence user=SA
17:43:59.131 [Test worker] DEBUG com.zaxxer.hikari.pool.PoolBase - HikariPool-6 - Reset (autoCommit, isolation) on connection conn56: url=jdbc:h2:mem:node_5_net_312362915497919618_persistence user=SA
17:43:59.132 [Test worker] DEBUG net.corda.node.services.network.PersistentNetworkMapCache - Done adding node with info: NodeInfo(addresses=[mock.node:1000], legalIdentitiesAndCerts=[O=Notary Service, L=Zurich, C=CH], platformVersion=4, serial=1571046217798)
17:43:59.132 [Test worker] INFO net.corda.node.services.network.PersistentNetworkMapCache - Adding node with info: NodeInfo(addresses=[mock.node:1000], legalIdentitiesAndCerts=[O=SettlementAgent, L=New York, C=US], platformVersion=4, serial=1571046238751)
17:43:59.133 [Test worker] DEBUG com.zaxxer.hikari.pool.PoolBase - HikariPool-1 - Reset (autoCommit, isolation) on connection conn2: url=jdbc:h2:mem:node_0_net_312362915497919618_persistence user=SA
17:43:59.134 [Test worker] INFO net.corda.node.services.network.PersistentNetworkMapCache - No previous node found
17:43:59.135 [Test worker] DEBUG net.corda.node.services.identity.PersistentIdentityService - Registering identity O=SettlementAgent, L=New York, C=US
17:43:59.139 [Test worker] DEBUG com.zaxxer.hikari.pool.PoolBase - HikariPool-1 - Reset (autoCommit, isolation) on connection conn2: url=jdbc:h2:mem:node_0_net_312362915497919618_persistence user=SA
17:43:59.148 [Test worker] DEBUG com.zaxxer.hikari.pool.PoolBase - HikariPool-1 - Reset (autoCommit, isolation) on connection conn2: url=jdbc:h2:mem:node_0_net_312362915497919618_persistence user=SA
17:43:59.149 [Test worker] DEBUG net.corda.node.services.network.PersistentNetworkMapCache - Done adding node with info: NodeInfo(addresses=[mock.node:1000], legalIdentitiesAndCerts=[O=SettlementAgent, L=New York, C=US], platformVersion=4, serial=1571046238751)
17:43:59.149 [Test worker] INFO net.corda.node.services.network.PersistentNetworkMapCache - Adding node with info: NodeInfo(addresses=[mock.node:1000], legalIdentitiesAndCerts=[O=Client1, L=New York, C=US], platformVersion=4, serial=1571046223387)
17:43:59.150 [Test worker] DEBUG com.zaxxer.hikari.pool.PoolBase - HikariPool-6 - Reset (autoCommit, isolation) on connection conn56: url=jdbc:h2:mem:node_5_net_312362915497919618_persistence user=SA
17:43:59.150 [Test worker] INFO net.corda.node.services.network.PersistentNetworkMapCache - No previous node found
17:43:59.152 [Test worker] DEBUG net.corda.node.services.identity.PersistentIdentityService - Registering identity O=Client1, L=New York, C=US
17:43:59.160 [Test worker] DEBUG com.zaxxer.hikari.pool.PoolBase - HikariPool-6 - Reset (autoCommit, isolation) on connection conn56: url=jdbc:h2:mem:node_5_net_312362915497919618_persistence user=SA
17:43:59.173 [Test worker] DEBUG com.zaxxer.hikari.pool.PoolBase - HikariPool-6 - Reset (autoCommit, isolation) on connection conn56: url=jdbc:h2:mem:node_5_net_312362915497919618_persistence user=SA
17:43:59.173 [Test worker] DEBUG net.corda.node.services.network.PersistentNetworkMapCache - Done adding node with info: NodeInfo(addresses=[mock.node:1000], legalIdentitiesAndCerts=[O=Client1, L=New York, C=US], platformVersion=4, serial=1571046223387)
17:43:59.173 [Test worker] INFO net.corda.node.services.network.PersistentNetworkMapCache - Adding node with info: NodeInfo(addresses=[mock.node:1000], legalIdentitiesAndCerts=[O=SettlementAgent, L=New York, C=US], platformVersion=4, serial=1571046238751)
17:43:59.175 [Test worker] DEBUG com.zaxxer.hikari.pool.PoolBase - HikariPool-2 - Reset (autoCommit, isolation) on connection conn13: url=jdbc:h2:mem:node_1_net_312362915497919618_persistence user=SA
17:43:59.175 [Test worker] INFO net.corda.node.services.network.PersistentNetworkMapCache - No previous node found
17:43:59.176 [Test worker] DEBUG net.corda.node.services.identity.PersistentIdentityService - Registering identity O=SettlementAgent, L=New York, C=US
17:43:59.182 [Test worker] DEBUG com.zaxxer.hikari.pool.PoolBase - HikariPool-2 - Reset (autoCommit, isolation) on connection conn13: url=jdbc:h2:mem:node_1_net_312362915497919618_persistence user=SA
17:43:59.194 [Test worker] DEBUG com.zaxxer.hikari.pool.PoolBase - HikariPool-2 - Reset (autoCommit, isolation) on connection conn13: url=jdbc:h2:mem:node_1_net_312362915497919618_persistence user=SA
17:43:59.194 [Test worker] DEBUG net.corda.node.services.network.PersistentNetworkMapCache - Done adding node with info: NodeInfo(addresses=[mock.node:1000], legalIdentitiesAndCerts=[O=SettlementAgent, L=New York, C=US], platformVersion=4, serial=1571046238751)
17:43:59.194 [Test worker] INFO net.corda.node.services.network.PersistentNetworkMapCache - Adding node with info: NodeInfo(addresses=[mock.node:1000], legalIdentitiesAndCerts=[O=Broker1, L=New York, C=US], platformVersion=4, serial=1571046227292)
17:43:59.197 [Test worker] DEBUG com.zaxxer.hikari.pool.PoolBase - HikariPool-6 - Reset (autoCommit, isolation) on connection conn56: url=jdbc:h2:mem:node_5_net_312362915497919618_persistence user=SA
17:43:59.197 [Test worker] INFO net.corda.node.services.network.PersistentNetworkMapCache - No previous node found
17:43:59.199 [Test worker] DEBUG net.corda.node.services.identity.PersistentIdentityService - Registering identity O=Broker1, L=New York, C=US
17:43:59.204 [Test worker] DEBUG com.zaxxer.hikari.pool.PoolBase - HikariPool-6 - Reset (autoCommit, isolation) on connection conn56: url=jdbc:h2:mem:node_5_net_312362915497919618_persistence user=SA
17:43:59.214 [Test worker] DEBUG com.zaxxer.hikari.pool.PoolBase - HikariPool-6 - Reset (autoCommit, isolation) on connection conn56: url=jdbc:h2:mem:node_5_net_312362915497919618_persistence user=SA
17:43:59.215 [Test worker] DEBUG net.corda.node.services.network.PersistentNetworkMapCache - Done adding node with info: NodeInfo(addresses=[mock.node:1000], legalIdentitiesAndCerts=[O=Broker1, L=New York, C=US], platformVersion=4, serial=1571046227292)
17:43:59.215 [Test worker] INFO net.corda.node.services.network.PersistentNetworkMapCache - Adding node with info: NodeInfo(addresses=[mock.node:1000], legalIdentitiesAndCerts=[O=SettlementAgent, L=New York, C=US], platformVersion=4, serial=1571046238751)
17:43:59.218 [Test worker] DEBUG com.zaxxer.hikari.pool.PoolBase - HikariPool-3 - Reset (autoCommit, isolation) on connection conn24: url=jdbc:h2:mem:node_2_net_312362915497919618_persistence user=SA
17:43:59.218 [Test worker] INFO net.corda.node.services.network.PersistentNetworkMapCache - No previous node found
17:43:59.220 [Test worker] DEBUG net.corda.node.services.identity.PersistentIdentityService - Registering identity O=SettlementAgent, L=New York, C=US
17:43:59.224 [Test worker] DEBUG com.zaxxer.hikari.pool.PoolBase - HikariPool-3 - Reset (autoCommit, isolation) on connection conn24: url=jdbc:h2:mem:node_2_net_312362915497919618_persistence user=SA
17:43:59.233 [Test worker] DEBUG com.zaxxer.hikari.pool.PoolBase - HikariPool-3 - Reset (autoCommit, isolation) on connection conn24: url=jdbc:h2:mem:node_2_net_312362915497919618_persistence user=SA
17:43:59.234 [Test worker] DEBUG net.corda.node.services.network.PersistentNetworkMapCache - Done adding node with info: NodeInfo(addresses=[mock.node:1000], legalIdentitiesAndCerts=[O=SettlementAgent, L=New York, C=US], platformVersion=4, serial=1571046238751)
17:43:59.234 [Test worker] INFO net.corda.node.services.network.PersistentNetworkMapCache - Adding node with info: NodeInfo(addresses=[mock.node:1000], legalIdentitiesAndCerts=[O=Broker2, L=New York, C=US], platformVersion=4, serial=1571046231162)
17:43:59.236 [Test worker] DEBUG com.zaxxer.hikari.pool.PoolBase - HikariPool-6 - Reset (autoCommit, isolation) on connection conn56: url=jdbc:h2:mem:node_5_net_312362915497919618_persistence user=SA
17:43:59.236 [Test worker] INFO net.corda.node.services.network.PersistentNetworkMapCache - No previous node found
17:43:59.239 [Test worker] DEBUG net.corda.node.services.identity.PersistentIdentityService - Registering identity O=Broker2, L=New York, C=US
17:43:59.242 [Test worker] DEBUG com.zaxxer.hikari.pool.PoolBase - HikariPool-6 - Reset (autoCommit, isolation) on connection conn56: url=jdbc:h2:mem:node_5_net_312362915497919618_persistence user=SA
17:43:59.253 [Test worker] DEBUG com.zaxxer.hikari.pool.PoolBase - HikariPool-6 - Reset (autoCommit, isolation) on connection conn56: url=jdbc:h2:mem:node_5_net_312362915497919618_persistence user=SA
17:43:59.253 [Test worker] DEBUG net.corda.node.services.network.PersistentNetworkMapCache - Done adding node with info: NodeInfo(addresses=[mock.node:1000], legalIdentitiesAndCerts=[O=Broker2, L=New York, C=US], platformVersion=4, serial=1571046231162)
17:43:59.253 [Test worker] INFO net.corda.node.services.network.PersistentNetworkMapCache - Adding node with info: NodeInfo(addresses=[mock.node:1000], legalIdentitiesAndCerts=[O=SettlementAgent, L=New York, C=US], platformVersion=4, serial=1571046238751)
17:43:59.255 [Test worker] DEBUG com.zaxxer.hikari.pool.PoolBase - HikariPool-4 - Reset (autoCommit, isolation) on connection conn34: url=jdbc:h2:mem:node_3_net_312362915497919618_persistence user=SA
17:43:59.255 [Test worker] INFO net.corda.node.services.network.PersistentNetworkMapCache - No previous node found
17:43:59.257 [Test worker] DEBUG net.corda.node.services.identity.PersistentIdentityService - Registering identity O=SettlementAgent, L=New York, C=US
17:43:59.260 [Test worker] DEBUG com.zaxxer.hikari.pool.PoolBase - HikariPool-4 - Reset (autoCommit, isolation) on connection conn34: url=jdbc:h2:mem:node_3_net_312362915497919618_persistence user=SA
17:43:59.268 [Test worker] DEBUG com.zaxxer.hikari.pool.PoolBase - HikariPool-4 - Reset (autoCommit, isolation) on connection conn34: url=jdbc:h2:mem:node_3_net_312362915497919618_persistence user=SA
17:43:59.269 [Test worker] DEBUG net.corda.node.services.network.PersistentNetworkMapCache - Done adding node with info: NodeInfo(addresses=[mock.node:1000], legalIdentitiesAndCerts=[O=SettlementAgent, L=New York, C=US], platformVersion=4, serial=1571046238751)
17:43:59.269 [Test worker] INFO net.corda.node.services.network.PersistentNetworkMapCache - Adding node with info: NodeInfo(addresses=[mock.node:1000], legalIdentitiesAndCerts=[O=Observery, L=New York, C=US], platformVersion=4, serial=1571046235128)
17:43:59.271 [Test worker] DEBUG com.zaxxer.hikari.pool.PoolBase - HikariPool-6 - Reset (autoCommit, isolation) on connection conn56: url=jdbc:h2:mem:node_5_net_312362915497919618_persistence user=SA
17:43:59.271 [Test worker] INFO net.corda.node.services.network.PersistentNetworkMapCache - No previous node found
17:43:59.273 [Test worker] DEBUG net.corda.node.services.identity.PersistentIdentityService - Registering identity O=Observery, L=New York, C=US
17:43:59.278 [Test worker] DEBUG com.zaxxer.hikari.pool.PoolBase - HikariPool-6 - Reset (autoCommit, isolation) on connection conn56: url=jdbc:h2:mem:node_5_net_312362915497919618_persistence user=SA
17:43:59.281 [Test worker] DEBUG com.zaxxer.hikari.pool.PoolBase - HikariPool-6 - Reset (autoCommit, isolation) on connection conn56: url=jdbc:h2:mem:node_5_net_312362915497919618_persistence user=SA
17:43:59.281 [Test worker] DEBUG net.corda.node.services.network.PersistentNetworkMapCache - Done adding node with info: NodeInfo(addresses=[mock.node:1000], legalIdentitiesAndCerts=[O=Observery, L=New York, C=US], platformVersion=4, serial=1571046235128)
17:43:59.281 [Test worker] INFO net.corda.node.services.network.PersistentNetworkMapCache - Adding node with info: NodeInfo(addresses=[mock.node:1000], legalIdentitiesAndCerts=[O=SettlementAgent, L=New York, C=US], platformVersion=4, serial=1571046238751)
17:43:59.281 [Test worker] DEBUG com.zaxxer.hikari.pool.PoolBase - HikariPool-5 - Reset (autoCommit, isolation) on connection conn45: url=jdbc:h2:mem:node_4_net_312362915497919618_persistence user=SA
17:43:59.281 [Test worker] INFO net.corda.node.services.network.PersistentNetworkMapCache - No previous node found
17:43:59.281 [Test worker] DEBUG net.corda.node.services.identity.PersistentIdentityService - Registering identity O=SettlementAgent, L=New York, C=US
17:43:59.297 [Test worker] DEBUG com.zaxxer.hikari.pool.PoolBase - HikariPool-5 - Reset (autoCommit, isolation) on connection conn45: url=jdbc:h2:mem:node_4_net_312362915497919618_persistence user=SA
17:43:59.312 [Test worker] DEBUG com.zaxxer.hikari.pool.PoolBase - HikariPool-5 - Reset (autoCommit, isolation) on connection conn45: url=jdbc:h2:mem:node_4_net_312362915497919618_persistence user=SA
17:43:59.312 [Test worker] DEBUG net.corda.node.services.network.PersistentNetworkMapCache - Done adding node with info: NodeInfo(addresses=[mock.node:1000], legalIdentitiesAndCerts=[O=SettlementAgent, L=New York, C=US], platformVersion=4, serial=1571046238751)
17:43:59.312 [Test worker] INFO net.corda.node.services.network.PersistentNetworkMapCache - Adding node with info: NodeInfo(addresses=[mock.node:1000], legalIdentitiesAndCerts=[O=SettlementAgent, L=New York, C=US], platformVersion=4, serial=1571046238751)
17:43:59.312 [Test worker] INFO net.corda.node.services.network.PersistentNetworkMapCache - Previous node was identical to incoming one - doing nothing
17:43:59.312 [Test worker] DEBUG net.corda.node.services.network.PersistentNetworkMapCache - Done adding node with info: NodeInfo(addresses=[mock.node:1000], legalIdentitiesAndCerts=[O=SettlementAgent, L=New York, C=US], platformVersion=4, serial=1571046238751)
17:43:59.312 [Test worker] INFO net.corda.node.services.network.PersistentNetworkMapCache - Adding node with info: NodeInfo(addresses=[mock.node:1000], legalIdentitiesAndCerts=[O=SettlementAgent, L=New York, C=US], platformVersion=4, serial=1571046238751)
17:43:59.312 [Test worker] INFO net.corda.node.services.network.PersistentNetworkMapCache - Previous node was identical to incoming one - doing nothing
17:43:59.312 [Test worker] DEBUG net.corda.node.services.network.PersistentNetworkMapCache - Done adding node with info: NodeInfo(addresses=[mock.node:1000], legalIdentitiesAndCerts=[O=SettlementAgent, L=New York, C=US], platformVersion=4, serial=1571046238751)
17:43:59.737 [Mock node 2 thread] DEBUG net.corda.node.services.persistence.DBCheckpointStorage - Checkpoint 29d4d244-fdcc-46f1-9057-d6d9b4e9dcf4, size=15952
17:43:59.758 [Mock node 2 thread] DEBUG com.zaxxer.hikari.pool.PoolBase - HikariPool-3 - Reset (autoCommit, isolation) on connection conn23: url=jdbc:h2:mem:node_2_net_312362915497919618_persistence user=SA
17:43:59.790 [Mock node 2 thread] INFO net.corda.node.services.statemachine.interceptors.PrintingInterceptor - Transition for flow [29d4d244-fdcc-46f1-9057-d6d9b4e9dcf4] 
 --- Transition of flow [29d4d244-fdcc-46f1-9057-d6d9b4e9dcf4] ---
  Timestamp: 2019-10-14T09:43:59.776Z
  Event: DoRemainingWork
  Actions: 
    CreateTransaction
    PersistCheckpoint(id=[29d4d244-fdcc-46f1-9057-d6d9b4e9dcf4], checkpoint=Checkpoint(invocationContext=InvocationContext(origin=RPC(actor=Actor(id=Id(value=Only For Testing), serviceId=AuthServiceId(value=TEST), owningLegalIdentity=O=Broker1, L=New York, C=US)), trace=Trace(invocationId=88be134d-5c0b-4ac9-b09d-d8261f2f0818, timestamp: 2019-10-14T09:43:59.420Z, entityType: Invocation, sessionId=88be134d-5c0b-4ac9-b09d-d8261f2f0818, timestamp: 2019-10-14T09:43:59.420Z, entityType: Session), actor=Actor(id=Id(value=Only For Testing), serviceId=AuthServiceId(value=TEST), owningLegalIdentity=O=Broker1, L=New York, C=US), externalTrace=null, impersonatedActor=null), ourIdentity=O=Broker1, L=New York, C=US, sessions={}, subFlowStack=[Initiating(flowClass=class com.derivhack.ExecutionFlow, classToInitiateWith=class com.derivhack.ExecutionFlow, flowInfo=FlowInfo(flowVersion=1, appName=cordapp-0.1), subFlowVersion=CorDappFlow(platformVersion=4, corDappName=custom-cordapp_1_4_74971b5d-bcd5-4e00-bbd1-defbabc3845c, corDappHash=DE4C268C4E6FB82D6A14FFE52A34E054B91C7FCCBF8014879159F6B98B0B0A8C), isEnabledTimedFlow=false)], flowState=Unstarted(flowStart=Explicit, frozenFlowLogic=ACD68E732A7C4AEDAA2B39F91BF8001D8A6CC53560C015432252F9FAE56B9035), errorState=Clean, numberOfSuspends=0), isCheckpointUpdate=false)
    PersistDeduplicationFacts(deduplicationHandlers=[net.corda.node.internal.FlowStarterImpl$startFlow$startFlowEvent$1@62c568bd])
    CommitTransaction
    AcknowledgeMessages(deduplicationHandlers=[net.corda.node.internal.FlowStarterImpl$startFlow$startFlowEvent$1@62c568bd])
    SignalFlowHasStarted(flowId=[29d4d244-fdcc-46f1-9057-d6d9b4e9dcf4])
    CreateTransaction
  Continuation: Resume(result=null)
  Diff between previous and next state:
isAnyCheckpointPersisted: 
    false
    true
pendingDeduplicationHandlers: 
    [net.corda.node.internal.FlowStarterImpl$startFlow$startFlowEvent$1@62c568bd]
    []
isFlowResumed: 
    false
    true

17:43:59.791 [Mock node 2 thread] DEBUG net.corda.flow - Calling flow: com.derivhack.ExecutionFlow@43cd5c56
17:44:00.181 [MockNode-5-2] DEBUG net.corda.node.services.network.NodeInfoWatcher - Read 0 NodeInfo files from build\mock-network\20191014-094255.202\nodes\4\additional-node-infos
17:44:00.181 [MockNode-5-2] DEBUG net.corda.node.services.network.NodeInfoWatcher - Number of removed NodeInfo files 0
17:44:01.208 [MockNode-4-2] DEBUG net.corda.node.services.network.NodeInfoWatcher - Read 0 NodeInfo files from build\mock-network\20191014-094255.202\nodes\3\additional-node-infos
17:44:01.208 [MockNode-4-2] DEBUG net.corda.node.services.network.NodeInfoWatcher - Number of removed NodeInfo files 0
17:44:02.513 [MockNode-3-2] DEBUG net.corda.node.services.network.NodeInfoWatcher - Read 0 NodeInfo files from build\mock-network\20191014-094255.202\nodes\2\additional-node-infos
17:44:02.513 [MockNode-3-2] DEBUG net.corda.node.services.network.NodeInfoWatcher - Number of removed NodeInfo files 0
17:44:03.330 [MockNode-1-2] DEBUG net.corda.node.services.network.NodeInfoWatcher - Read 0 NodeInfo files from build\mock-network\20191014-094255.202\nodes\0\additional-node-infos
17:44:03.330 [MockNode-1-2] DEBUG net.corda.node.services.network.NodeInfoWatcher - Number of removed NodeInfo files 0
17:44:03.458 [MockNode-2-2] DEBUG net.corda.node.services.network.NodeInfoWatcher - Read 0 NodeInfo files from build\mock-network\20191014-094255.202\nodes\1\additional-node-infos
17:44:03.458 [MockNode-2-2] DEBUG net.corda.node.services.network.NodeInfoWatcher - Number of removed NodeInfo files 0
17:44:03.798 [MockNode-6-2] DEBUG net.corda.node.services.network.NodeInfoWatcher - Read 0 NodeInfo files from build\mock-network\20191014-094255.202\nodes\5\additional-node-infos
17:44:03.798 [MockNode-6-2] DEBUG net.corda.node.services.network.NodeInfoWatcher - Number of removed NodeInfo files 0
17:44:05.186 [MockNode-5-2] DEBUG net.corda.node.services.network.NodeInfoWatcher - Read 0 NodeInfo files from build\mock-network\20191014-094255.202\nodes\4\additional-node-infos
17:44:05.186 [MockNode-5-2] DEBUG net.corda.node.services.network.NodeInfoWatcher - Number of removed NodeInfo files 0
17:44:06.210 [MockNode-4-2] DEBUG net.corda.node.services.network.NodeInfoWatcher - Read 0 NodeInfo files from build\mock-network\20191014-094255.202\nodes\3\additional-node-infos
17:44:06.210 [MockNode-4-2] DEBUG net.corda.node.services.network.NodeInfoWatcher - Number of removed NodeInfo files 0
17:44:07.134 [Mock node 2 thread] DEBUG net.corda.node.services.vault.NodeVaultService - Vault Query for contract type: class net.corda.cdmsupport.states.ExecutionState, criteria: VaultQueryCriteria(status=UNCONSUMED, contractStateTypes=null, stateRefs=null, notary=null, softLockingCondition=null, timeCondition=null, relevancyStatus=ALL, constraintTypes=[], constraints=[], participants=null), pagination: PageSpecification(pageNumber=-1, pageSize=200), sorting: Sort(columns=[])
17:44:07.347 [MockNode-3-2] DEBUG net.corda.node.services.network.NodeInfoWatcher - Read 0 NodeInfo files from build\mock-network\20191014-094255.202\nodes\2\additional-node-infos
17:44:07.348 [MockNode-3-2] DEBUG net.corda.node.services.network.NodeInfoWatcher - Number of removed NodeInfo files 0
17:44:07.386 [Mock node 2 thread] DEBUG net.corda.core.contracts.AttachmentConstraint - Checking attachment uploader app is trusted
17:44:07.418 [Mock node 2 thread] DEBUG net.corda.serialization.internal.amqp.DefaultLocalSerializerFactory - class=SHA256, type=class net.corda.core.crypto.SecureHash$SHA256 is a composite type
17:44:07.482 [Mock node 2 thread] DEBUG net.corda.serialization.internal.amqp.DefaultLocalSerializerFactory - class=TransactionState, type=class net.corda.core.contracts.TransactionState is a composite type
17:44:07.482 [Mock node 2 thread] DEBUG net.corda.serialization.internal.amqp.DefaultLocalSerializerFactory - class=AttachmentConstraint, type=interface net.corda.core.contracts.AttachmentConstraint is a composite type
17:44:07.482 [Mock node 2 thread] DEBUG net.corda.serialization.internal.amqp.DefaultLocalSerializerFactory - class=ContractState, type=interface net.corda.core.contracts.ContractState is a composite type
17:44:07.501 [Mock node 2 thread] DEBUG net.corda.serialization.internal.amqp.DefaultLocalSerializerFactory - class=HashAttachmentConstraint, type=class net.corda.core.contracts.HashAttachmentConstraint is a composite type
17:44:07.517 [Mock node 2 thread] DEBUG net.corda.serialization.internal.amqp.DefaultLocalSerializerFactory - class=ExecutionState, type=class net.corda.cdmsupport.states.ExecutionState is a composite type
17:44:07.518 [Mock node 2 thread] DEBUG net.corda.serialization.internal.amqp.DefaultLocalSerializerFactory - class=LinearState, type=interface net.corda.core.contracts.LinearState is a composite type
17:44:07.518 [Mock node 2 thread] DEBUG net.corda.serialization.internal.amqp.DefaultLocalSerializerFactory - class=UniqueIdentifier, type=class net.corda.core.contracts.UniqueIdentifier is a composite type
17:44:07.535 [Mock node 2 thread] DEBUG net.corda.serialization.internal.amqp.DefaultLocalSerializerFactory - class=Execution, type=class net.corda.cdmsupport.CDMEvent$Commands$Execution is a composite type
17:44:07.535 [Mock node 2 thread] DEBUG net.corda.serialization.internal.amqp.DefaultLocalSerializerFactory - class=Commands, type=interface net.corda.cdmsupport.CDMEvent$Commands is a composite type
17:44:07.535 [Mock node 2 thread] DEBUG net.corda.serialization.internal.amqp.DefaultLocalSerializerFactory - class=CommandData, type=interface net.corda.core.contracts.CommandData is a composite type
17:44:07.537 [Mock node 2 thread] DEBUG net.corda.serialization.internal.amqp.CachingCustomSerializerRegistry - action="Using custom serializer", class=net.i2p.crypto.eddsa.EdDSAPublicKey, declaredType=net.i2p.crypto.eddsa.EdDSAPublicKey
17:44:07.582 [Mock node 2 thread] DEBUG net.corda.core.serialization.internal.AttachmentsClassLoader - Adding new entry for net/corda/cdmsupport/testflow/testflowinitiating.class
17:44:07.582 [Mock node 2 thread] DEBUG net.corda.core.serialization.internal.AttachmentsClassLoader - Adding new entry for net/corda/cdmsupport/states/executionstate.class
17:44:07.582 [Mock node 2 thread] DEBUG net.corda.core.serialization.internal.AttachmentsClassLoader - Adding new entry for net/corda/cdmsupport/functions/agentholder$factory.class
17:44:07.583 [Mock node 2 thread] DEBUG net.corda.core.serialization.internal.AttachmentsClassLoader - Adding new entry for net/corda/cdmsupport/states/affirmationstate.class
17:44:07.583 [Mock node 2 thread] DEBUG net.corda.core.serialization.internal.AttachmentsClassLoader - Adding new entry for net/corda/cdmsupport/transactionbuilding/cdmtransactionbuilder.class
17:44:07.583 [Mock node 2 thread] DEBUG net.corda.core.serialization.internal.AttachmentsClassLoader - Adding new entry for net/corda/cdmsupport/functions/confirmationbuilderfromexecutiongjkt.class
17:44:07.583 [Mock node 2 thread] DEBUG net.corda.core.serialization.internal.AttachmentsClassLoader - Adding new entry for net/corda/cdmsupport/executionalreadyexists.class
17:44:07.583 [Mock node 2 thread] DEBUG net.corda.core.serialization.internal.AttachmentsClassLoader - Adding new entry for net/corda/cdmsupport/testflow/testobservableflow.class
17:44:07.584 [Mock node 2 thread] DEBUG net.corda.core.serialization.internal.AttachmentsClassLoader - Adding new entry for net/corda/cdmsupport/cdmevent$companion.class
17:44:07.584 [Mock node 2 thread] DEBUG net.corda.core.serialization.internal.AttachmentsClassLoader - Adding new entry for net/corda/cdmsupport/states/transferstate.class
17:44:07.584 [Mock node 2 thread] DEBUG net.corda.core.serialization.internal.AttachmentsClassLoader - Adding new entry for net/corda/cdmsupport/cdmevent$commands$settlement.class
17:44:07.584 [Mock node 2 thread] DEBUG net.corda.core.serialization.internal.AttachmentsClassLoader - Adding new entry for net/corda/cdmsupport/events/transfertestgj.class
17:44:07.584 [Mock node 2 thread] DEBUG net.corda.core.serialization.internal.AttachmentsClassLoader - Adding new entry for net/corda/cdmsupport/allocatedtotalsnotmatch.class
17:44:07.584 [Mock node 2 thread] DEBUG net.corda.core.serialization.internal.AttachmentsClassLoader - Adding new entry for net/corda/cdmsupport/validators/cdmvalidatorsgj.class
17:44:07.584 [Mock node 2 thread] DEBUG net.corda.core.serialization.internal.AttachmentsClassLoader - Adding new entry for net/corda/cdmsupport/validationunsuccessfull.class
17:44:07.585 [Mock node 2 thread] DEBUG net.corda.core.serialization.internal.AttachmentsClassLoader - Adding new entry for net/corda/cdmsupport/eventparsing/eventdeseralizationkt.class
17:44:07.585 [Mock node 2 thread] DEBUG net.corda.core.serialization.internal.AttachmentsClassLoader - Adding new entry for net/corda/cdmsupport/extensions/executionextensionskt.class
17:44:07.585 [Mock node 2 thread] DEBUG net.corda.core.serialization.internal.AttachmentsClassLoader - Adding new entry for net/corda/cdmsupport/testflow/testflowinitiated.class
17:44:07.585 [Mock node 2 thread] DEBUG net.corda.core.serialization.internal.AttachmentsClassLoader - Adding new entry for net/corda/cdmsupport/allocationlineagenotmatch.class
17:44:07.585 [Mock node 2 thread] DEBUG net.corda.core.serialization.internal.AttachmentsClassLoader - Adding new entry for net/corda/cdmsupport/events/affirmationtests.class
17:44:07.586 [Mock node 2 thread] DEBUG net.corda.core.serialization.internal.AttachmentsClassLoader - Adding new entry for net/corda/cdmsupport/functions/transferbuilderfromexecution.class
17:44:07.586 [Mock node 2 thread] DEBUG net.corda.core.serialization.internal.AttachmentsClassLoader - Adding new entry for net/corda/cdmsupport/events/executiontest.class
17:44:07.586 [Mock node 2 thread] DEBUG net.corda.core.serialization.internal.AttachmentsClassLoader - Adding new entry for net/corda/cdmsupport/vaultquerying/cdmvaultquery.class
17:44:07.586 [Mock node 2 thread] DEBUG net.corda.core.serialization.internal.AttachmentsClassLoader - Adding new entry for net/corda/cdmsupport/events/baseeventtest.class
17:44:07.586 [Mock node 2 thread] DEBUG net.corda.core.serialization.internal.AttachmentsClassLoader - Adding new entry for net/corda/cdmsupport/testflow/testflowinitiated$call$signedtransactionflow$1.class
17:44:07.586 [Mock node 2 thread] DEBUG net.corda.core.serialization.internal.AttachmentsClassLoader - Adding new entry for net/corda/cdmsupport/events/allocationtestgj.class
17:44:07.587 [Mock node 2 thread] DEBUG net.corda.core.serialization.internal.AttachmentsClassLoader - Adding new entry for net/corda/cdmsupport/events/settlementtestgj.class
17:44:07.587 [Mock node 2 thread] DEBUG net.corda.core.serialization.internal.AttachmentsClassLoader - Adding new entry for net/corda/cdmsupport/functions/cdmutilskt.class
17:44:07.587 [Mock node 2 thread] DEBUG net.corda.core.serialization.internal.AttachmentsClassLoader - Adding new entry for net/corda/cdmsupport/events/affirmationtestgj.class
17:44:07.587 [Mock node 2 thread] DEBUG net.corda.core.serialization.internal.AttachmentsClassLoader - Adding new entry for net/corda/cdmsupport/cdmevent$commands$execution.class
17:44:07.587 [Mock node 2 thread] DEBUG net.corda.core.serialization.internal.AttachmentsClassLoader - Adding new entry for net/corda/cdmsupport/states/confirmationstate.class
17:44:07.587 [Mock node 2 thread] DEBUG net.corda.core.serialization.internal.AttachmentsClassLoader - Adding new entry for net/corda/cdmsupport/testflow/affirmationflowresponder.class
17:44:07.588 [Mock node 2 thread] DEBUG net.corda.core.serialization.internal.AttachmentsClassLoader - Adding new entry for net/corda/cdmsupport/eventparsing/eventserializationkt.class
17:44:07.588 [Mock node 2 thread] DEBUG net.corda.core.serialization.internal.AttachmentsClassLoader - Adding new entry for net/corda/cdmsupport/cdmevent$commands$confirmation.class
17:44:07.588 [Mock node 2 thread] DEBUG net.corda.core.serialization.internal.AttachmentsClassLoader - Adding new entry for net/corda/cdmsupport/functions/affirmationbuilderfromexecutionkt.class
17:44:07.589 [Mock node 2 thread] DEBUG net.corda.core.serialization.internal.AttachmentsClassLoader - Adding new entry for net/corda/cdmsupport/extensions/allocationvalidationkt.class
17:44:07.589 [Mock node 2 thread] DEBUG net.corda.core.serialization.internal.AttachmentsClassLoader - Adding new entry for net/corda/cdmsupport/vaultquerying/defaultcdmvaultquery.class
17:44:07.589 [Mock node 2 thread] DEBUG net.corda.core.serialization.internal.AttachmentsClassLoader - Adding new entry for net/corda/cdmsupport/cdmevent$commands.class
17:44:07.589 [Mock node 2 thread] DEBUG net.corda.core.serialization.internal.AttachmentsClassLoader - Adding new entry for net/corda/cdmsupport/functions/confirmationbuilderfromexecutionkt.class
17:44:07.589 [Mock node 2 thread] DEBUG net.corda.core.serialization.internal.AttachmentsClassLoader - Adding new entry for net/corda/cdmsupport/validators/cdmvalidators.class
17:44:07.590 [Mock node 2 thread] DEBUG net.corda.core.serialization.internal.AttachmentsClassLoader - Adding new entry for net/corda/cdmsupport/events/baseeventtestgj.class
17:44:07.590 [Mock node 2 thread] DEBUG net.corda.core.serialization.internal.AttachmentsClassLoader - Adding new entry for net/corda/cdmsupport/events/executiontestgj.class
17:44:07.590 [Mock node 2 thread] DEBUG net.corda.core.serialization.internal.AttachmentsClassLoader - Adding new entry for net/corda/cdmsupport/testflow/receiveobservableflow.class
17:44:07.590 [Mock node 2 thread] DEBUG net.corda.core.serialization.internal.AttachmentsClassLoader - Adding new entry for net/corda/cdmsupport/testflow/testaffirmationflow.class
17:44:07.591 [Mock node 2 thread] DEBUG net.corda.core.serialization.internal.AttachmentsClassLoader - Adding new entry for net/corda/cdmsupport/cdmevent.class
17:44:07.591 [Mock node 2 thread] DEBUG net.corda.core.serialization.internal.AttachmentsClassLoader - Adding new entry for net/corda/cdmsupport/cdmevent$commands$allocation.class
17:44:07.591 [Mock node 2 thread] DEBUG net.corda.core.serialization.internal.AttachmentsClassLoader - Adding new entry for net/corda/cdmsupport/functions/agentholder.class
17:44:07.592 [Mock node 2 thread] DEBUG net.corda.core.serialization.internal.AttachmentsClassLoader - Adding new entry for net/corda/cdmsupport/cdmexecutionformetaglobalkeynotfound.class
17:44:07.592 [Mock node 2 thread] DEBUG net.corda.core.serialization.internal.AttachmentsClassLoader - Adding new entry for net/corda/cdmsupport/multiplecdmexecutionsformetaglobalkeyfound.class
17:44:07.592 [Mock node 2 thread] DEBUG net.corda.core.serialization.internal.AttachmentsClassLoader - Adding new entry for net/corda/cdmsupport/testflow/affirmationflowresponder$call$signedtransactionflow$1.class
17:44:07.592 [Mock node 2 thread] DEBUG net.corda.core.serialization.internal.AttachmentsClassLoader - Adding new entry for net/corda/cdmsupport/events/accounttestgj.class
17:44:07.592 [Mock node 2 thread] DEBUG net.corda.core.serialization.internal.AttachmentsClassLoader - Adding new entry for net/corda/cdmsupport/events/allocationtests.class
17:44:07.592 [Mock node 2 thread] DEBUG net.corda.core.serialization.internal.AttachmentsClassLoader - Adding new entry for net/corda/cdmsupport/events/confirmationtestgj.class
17:44:07.592 [Mock node 2 thread] DEBUG net.corda.core.serialization.internal.AttachmentsClassLoader - Adding new entry for net/corda/cdmsupport/cdmevent$commands$affirmation.class
17:44:07.593 [Mock node 2 thread] DEBUG net.corda.core.serialization.internal.AttachmentsClassLoader - Adding new entry for net/corda/cdmsupport/cdmevent$commands$transfer.class
17:44:07.593 [Mock node 2 thread] DEBUG net.corda.core.serialization.internal.AttachmentsClassLoader - 55 classloaded entries for ContractAttachment(attachment=E9B1EFC2836AFF119DC0182AAA3C93E581065B6B06F6C0A452EA5CCF4B11B2A2, contracts='[net.corda.cdmsupport.CDMEvent]', uploader='app', signed='false', version='1')
17:44:08.360 [MockNode-1-2] DEBUG net.corda.node.services.network.NodeInfoWatcher - Read 0 NodeInfo files from build\mock-network\20191014-094255.202\nodes\0\additional-node-infos
17:44:08.361 [MockNode-1-2] DEBUG net.corda.node.services.network.NodeInfoWatcher - Number of removed NodeInfo files 0
17:44:08.469 [MockNode-2-2] DEBUG net.corda.node.services.network.NodeInfoWatcher - Read 0 NodeInfo files from build\mock-network\20191014-094255.202\nodes\1\additional-node-infos
17:44:08.470 [MockNode-2-2] DEBUG net.corda.node.services.network.NodeInfoWatcher - Number of removed NodeInfo files 0
17:44:08.920 [MockNode-6-2] DEBUG net.corda.node.services.network.NodeInfoWatcher - Read 0 NodeInfo files from build\mock-network\20191014-094255.202\nodes\5\additional-node-infos
17:44:08.921 [MockNode-6-2] DEBUG net.corda.node.services.network.NodeInfoWatcher - Number of removed NodeInfo files 0
17:44:10.281 [MockNode-5-2] DEBUG net.corda.node.services.network.NodeInfoWatcher - Read 0 NodeInfo files from build\mock-network\20191014-094255.202\nodes\4\additional-node-infos
17:44:10.282 [MockNode-5-2] DEBUG net.corda.node.services.network.NodeInfoWatcher - Number of removed NodeInfo files 0
17:44:10.461 [HikariPool-2 housekeeper] DEBUG com.zaxxer.hikari.pool.HikariPool - HikariPool-2 - Pool stats (total=10, active=0, idle=10, waiting=0)
17:44:11.267 [MockNode-4-2] DEBUG net.corda.node.services.network.NodeInfoWatcher - Read 0 NodeInfo files from build\mock-network\20191014-094255.202\nodes\3\additional-node-infos
17:44:11.268 [MockNode-4-2] DEBUG net.corda.node.services.network.NodeInfoWatcher - Number of removed NodeInfo files 0
17:44:12.281 [Mock node 2 thread] DEBUG net.corda.serialization.internal.amqp.DefaultLocalSerializerFactory - class=Execution, type=class net.corda.cdmsupport.CDMEvent$Commands$Execution is a composite type
17:44:12.282 [Mock node 2 thread] DEBUG net.corda.serialization.internal.amqp.DefaultLocalSerializerFactory - class=Commands, type=interface net.corda.cdmsupport.CDMEvent$Commands is a composite type
17:44:12.283 [Mock node 2 thread] DEBUG net.corda.serialization.internal.amqp.DefaultLocalSerializerFactory - class=CommandData, type=interface net.corda.core.contracts.CommandData is a composite type
17:44:12.304 [Mock node 2 thread] DEBUG net.corda.serialization.internal.amqp.CachingCustomSerializerRegistry - action="Using custom serializer", class=java.security.PublicKey, declaredType=java.security.PublicKey
17:44:12.326 [Mock node 2 thread] DEBUG net.corda.serialization.internal.amqp.DefaultLocalSerializerFactory - class=TransactionState, type=class net.corda.core.contracts.TransactionState is a composite type
17:44:12.326 [Mock node 2 thread] DEBUG net.corda.serialization.internal.amqp.DefaultLocalSerializerFactory - class=AttachmentConstraint, type=interface net.corda.core.contracts.AttachmentConstraint is a composite type
17:44:12.327 [Mock node 2 thread] DEBUG net.corda.serialization.internal.amqp.DefaultLocalSerializerFactory - class=ContractState, type=interface net.corda.core.contracts.ContractState is a composite type
17:44:12.327 [Mock node 2 thread] DEBUG net.corda.serialization.internal.amqp.DefaultLocalSerializerFactory - class=Party, type=class net.corda.core.identity.Party is a composite type
17:44:12.327 [Mock node 2 thread] DEBUG net.corda.serialization.internal.amqp.DefaultLocalSerializerFactory - class=CordaX500Name, type=class net.corda.core.identity.CordaX500Name is a composite type
17:44:12.327 [Mock node 2 thread] DEBUG net.corda.serialization.internal.amqp.DefaultLocalSerializerFactory - class=HashAttachmentConstraint, type=class net.corda.core.contracts.HashAttachmentConstraint is a composite type
17:44:12.328 [Mock node 2 thread] DEBUG net.corda.serialization.internal.amqp.DefaultLocalSerializerFactory - class=SecureHash, type=class net.corda.core.crypto.SecureHash is a composite type
17:44:12.328 [Mock node 2 thread] DEBUG net.corda.serialization.internal.amqp.DefaultLocalSerializerFactory - class=SHA256, type=class net.corda.core.crypto.SecureHash$SHA256 is a composite type
17:44:12.328 [Mock node 2 thread] DEBUG net.corda.serialization.internal.amqp.DefaultLocalSerializerFactory - class=ExecutionState, type=class net.corda.cdmsupport.states.ExecutionState is a composite type
17:44:12.329 [Mock node 2 thread] DEBUG net.corda.serialization.internal.amqp.DefaultLocalSerializerFactory - class=LinearState, type=interface net.corda.core.contracts.LinearState is a composite type
17:44:12.329 [Mock node 2 thread] DEBUG net.corda.serialization.internal.amqp.DefaultLocalSerializerFactory - class=UniqueIdentifier, type=class net.corda.core.contracts.UniqueIdentifier is a composite type
17:44:12.332 [Mock node 2 thread] DEBUG net.corda.core.contracts.AttachmentConstraint - Checking attachment uploader app is trusted
17:44:12.333 [Mock node 2 thread] DEBUG net.corda.core.contracts.StateAndContract - print command - CommandWithParties(signers=[net.i2p.crypto.eddsa.EdDSAPublicKey@8e16152b, net.i2p.crypto.eddsa.EdDSAPublicKey@9498d7a3], signingParties=[O=Broker1, L=New York, C=US, O=Broker2, L=New York, C=US], value=net.corda.cdmsupport.CDMEvent$Commands$Execution@39ab61f7)
17:44:12.333 [Mock node 2 thread] DEBUG net.corda.core.contracts.StateAndContract - ------ Execution outputIndex: 0
17:44:12.333 [Mock node 2 thread] DEBUG net.corda.core.contracts.StateAndContract - ------ InputStates Count: 0
17:44:12.333 [Mock node 2 thread] DEBUG net.corda.core.contracts.StateAndContract - ------ OutputStates Count: 1
17:44:12.333 [Mock node 2 thread] DEBUG net.corda.core.contracts.StateAndContract - ------ RefStates Count: 0
17:44:12.333 [Mock node 2 thread] DEBUG net.corda.core.contracts.AttachmentConstraint - Checking attachment uploader app is trusted
17:44:12.333 [Mock node 2 thread] DEBUG net.corda.core.contracts.StateAndContract - print command - CommandWithParties(signers=[net.i2p.crypto.eddsa.EdDSAPublicKey@8e16152b, net.i2p.crypto.eddsa.EdDSAPublicKey@9498d7a3], signingParties=[O=Broker1, L=New York, C=US, O=Broker2, L=New York, C=US], value=net.corda.cdmsupport.CDMEvent$Commands$Execution@727b89eb)
17:44:12.333 [Mock node 2 thread] DEBUG net.corda.core.contracts.StateAndContract - ------ Execution outputIndex: 0
17:44:12.333 [Mock node 2 thread] DEBUG net.corda.core.contracts.StateAndContract - ------ InputStates Count: 0
17:44:12.333 [Mock node 2 thread] DEBUG net.corda.core.contracts.StateAndContract - ------ OutputStates Count: 1
17:44:12.333 [Mock node 2 thread] DEBUG net.corda.core.contracts.StateAndContract - ------ RefStates Count: 0
17:44:12.349 [MockNode-3-2] DEBUG net.corda.node.services.network.NodeInfoWatcher - Read 0 NodeInfo files from build\mock-network\20191014-094255.202\nodes\2\additional-node-infos
17:44:12.349 [MockNode-3-2] DEBUG net.corda.node.services.network.NodeInfoWatcher - Number of removed NodeInfo files 0
17:44:12.354 [Mock node 2 thread] DEBUG net.corda.core.contracts.AttachmentConstraint - Checking attachment uploader app is trusted
17:44:12.366 [Mock node 2 thread] DEBUG net.corda.core.contracts.AttachmentConstraint - Checking attachment uploader app is trusted
17:44:12.366 [Mock node 2 thread] DEBUG net.corda.core.contracts.StateAndContract - print command - CommandWithParties(signers=[net.i2p.crypto.eddsa.EdDSAPublicKey@8e16152b, net.i2p.crypto.eddsa.EdDSAPublicKey@9498d7a3], signingParties=[O=Broker1, L=New York, C=US, O=Broker2, L=New York, C=US], value=net.corda.cdmsupport.CDMEvent$Commands$Execution@51b9ffa7)
17:44:12.366 [Mock node 2 thread] DEBUG net.corda.core.contracts.StateAndContract - ------ Execution outputIndex: 0
17:44:12.366 [Mock node 2 thread] DEBUG net.corda.core.contracts.StateAndContract - ------ InputStates Count: 0
17:44:12.366 [Mock node 2 thread] DEBUG net.corda.core.contracts.StateAndContract - ------ OutputStates Count: 1
17:44:12.366 [Mock node 2 thread] DEBUG net.corda.core.contracts.StateAndContract - ------ RefStates Count: 0
17:44:12.375 [Mock node 2 thread] DEBUG net.corda.serialization.internal.amqp.DefaultLocalSerializerFactory - class=SignableData, type=class net.corda.core.crypto.SignableData is a composite type
17:44:12.376 [Mock node 2 thread] DEBUG net.corda.serialization.internal.amqp.DefaultLocalSerializerFactory - class=SignatureMetadata, type=class net.corda.core.crypto.SignatureMetadata is a composite type
17:44:12.570 [Mock node 2 thread] DEBUG net.corda.serialization.internal.amqp.DefaultLocalSerializerFactory - class=WireTransaction, type=class net.corda.core.transactions.WireTransaction is a composite type
17:44:12.573 [Mock node 2 thread] DEBUG net.corda.serialization.internal.amqp.DefaultLocalSerializerFactory - class=ComponentGroup, type=class net.corda.core.transactions.ComponentGroup is a composite type
17:44:12.574 [Mock node 2 thread] DEBUG net.corda.serialization.internal.amqp.DefaultLocalSerializerFactory - class=OpaqueBytes, type=class net.corda.core.utilities.OpaqueBytes is a composite type
17:44:12.575 [Mock node 2 thread] DEBUG net.corda.serialization.internal.amqp.DefaultLocalSerializerFactory - class=PrivacySalt, type=class net.corda.core.contracts.PrivacySalt is a composite type
17:44:12.578 [Mock node 2 thread] DEBUG net.corda.serialization.internal.amqp.DefaultLocalSerializerFactory - class=SerializedBytes, type=class net.corda.core.serialization.SerializedBytes is a composite type
17:44:12.639 [Mock node 2 thread] INFO net.corda.node.services.statemachine.interceptors.PrintingInterceptor - Transition for flow [29d4d244-fdcc-46f1-9057-d6d9b4e9dcf4] 
 --- Transition of flow [29d4d244-fdcc-46f1-9057-d6d9b4e9dcf4] ---
  Timestamp: 2019-10-14T09:44:12.637Z
  Event: InitiateFlow(party=O=Broker2, L=New York, C=US)
  Actions: 
    AddSessionBinding(flowId=[29d4d244-fdcc-46f1-9057-d6d9b4e9dcf4], sessionId=SessionId(toLong=-729299975262938117))
  Continuation: Resume(result=class net.corda.node.services.statemachine.FlowSessionImpl)
  Diff between previous and next state:
checkpoint.sessions.SessionId(toLong=-729299975262938117): 
    null
    Uninitiated(party=O=Broker2, L=New York, C=US, initiatingSubFlow=Initiating(flowClass=class com.derivhack.ExecutionFlow, classToInitiateWith=class com.derivhack.ExecutionFlow, flowInfo=FlowInfo(flowVersion=1, appName=cordapp-0.1), subFlowVersion=CorDappFlow(platformVersion=4, corDappName=custom-cordapp_1_4_74971b5d-bcd5-4e00-bbd1-defbabc3845c, corDappHash=DE4C268C4E6FB82D6A14FFE52A34E054B91C7FCCBF8014879159F6B98B0B0A8C), isEnabledTimedFlow=false), sourceSessionId=SessionId(toLong=-729299975262938117), additionalEntropy=-85958386881741014)

17:44:12.658 [Mock node 2 thread] DEBUG net.corda.flow - Calling subflow: net.corda.core.flows.CollectSignaturesFlow@a5d5a7a
17:44:12.658 [Mock node 2 thread] INFO net.corda.node.services.statemachine.interceptors.PrintingInterceptor - Transition for flow [29d4d244-fdcc-46f1-9057-d6d9b4e9dcf4] 
 --- Transition of flow [29d4d244-fdcc-46f1-9057-d6d9b4e9dcf4] ---
  Timestamp: 2019-10-14T09:44:12.658Z
  Event: EnterSubFlow(subFlowClass=class net.corda.core.flows.CollectSignaturesFlow, subFlowVersion=CoreFlow(platformVersion=4), isEnabledTimedFlow=false)
  Actions: 
    
  Continuation: ProcessEvents
  Diff between previous and next state:
checkpoint.subFlowStack: 
    [Initiating(flowClass=class com.derivhack.ExecutionFlow, classToInitiateWith=class com.derivhack.ExecutionFlow, flowInfo=FlowInfo(flowVersion=1, appName=cordapp-0.1), subFlowVersion=CorDappFlow(platformVersion=4, corDappName=custom-cordapp_1_4_74971b5d-bcd5-4e00-bbd1-defbabc3845c, corDappHash=DE4C268C4E6FB82D6A14FFE52A34E054B91C7FCCBF8014879159F6B98B0B0A8C), isEnabledTimedFlow=false)]
    [Initiating(flowClass=class com.derivhack.ExecutionFlow, classToInitiateWith=class com.derivhack.ExecutionFlow, flowInfo=FlowInfo(flowVersion=1, appName=cordapp-0.1), subFlowVersion=CorDappFlow(platformVersion=4, corDappName=custom-cordapp_1_4_74971b5d-bcd5-4e00-bbd1-defbabc3845c, corDappHash=DE4C268C4E6FB82D6A14FFE52A34E054B91C7FCCBF8014879159F6B98B0B0A8C), isEnabledTimedFlow=false), Inlined(flowClass=class net.corda.core.flows.CollectSignaturesFlow, subFlowVersion=CoreFlow(platformVersion=4), isEnabledTimedFlow=false)]

17:44:12.681 [Mock node 2 thread] DEBUG net.corda.core.contracts.AttachmentConstraint - Checking attachment uploader app is trusted
17:44:12.681 [Mock node 2 thread] DEBUG net.corda.core.contracts.StateAndContract - print command - CommandWithParties(signers=[net.i2p.crypto.eddsa.EdDSAPublicKey@8e16152b, net.i2p.crypto.eddsa.EdDSAPublicKey@9498d7a3], signingParties=[O=Broker1, L=New York, C=US, O=Broker2, L=New York, C=US], value=net.corda.cdmsupport.CDMEvent$Commands$Execution@2e9aa1e2)
17:44:12.681 [Mock node 2 thread] DEBUG net.corda.core.contracts.StateAndContract - ------ Execution outputIndex: 0
17:44:12.681 [Mock node 2 thread] DEBUG net.corda.core.contracts.StateAndContract - ------ InputStates Count: 0
17:44:12.681 [Mock node 2 thread] DEBUG net.corda.core.contracts.StateAndContract - ------ OutputStates Count: 1
17:44:12.681 [Mock node 2 thread] DEBUG net.corda.core.contracts.StateAndContract - ------ RefStates Count: 0
17:44:12.695 [Mock node 2 thread] DEBUG net.corda.flow - Calling subflow: net.corda.core.flows.CollectSignatureFlow@7e52d19f
17:44:12.700 [Mock node 2 thread] INFO net.corda.node.services.statemachine.interceptors.PrintingInterceptor - Transition for flow [29d4d244-fdcc-46f1-9057-d6d9b4e9dcf4] 
 --- Transition of flow [29d4d244-fdcc-46f1-9057-d6d9b4e9dcf4] ---
  Timestamp: 2019-10-14T09:44:12.697Z
  Event: EnterSubFlow(subFlowClass=class net.corda.core.flows.CollectSignatureFlow, subFlowVersion=CoreFlow(platformVersion=4), isEnabledTimedFlow=false)
  Actions: 
    
  Continuation: ProcessEvents
  Diff between previous and next state:
checkpoint.subFlowStack: 
    [Initiating(flowClass=class com.derivhack.ExecutionFlow, classToInitiateWith=class com.derivhack.ExecutionFlow, flowInfo=FlowInfo(flowVersion=1, appName=cordapp-0.1), subFlowVersion=CorDappFlow(platformVersion=4, corDappName=custom-cordapp_1_4_74971b5d-bcd5-4e00-bbd1-defbabc3845c, corDappHash=DE4C268C4E6FB82D6A14FFE52A34E054B91C7FCCBF8014879159F6B98B0B0A8C), isEnabledTimedFlow=false), Inlined(flowClass=class net.corda.core.flows.CollectSignaturesFlow, subFlowVersion=CoreFlow(platformVersion=4), isEnabledTimedFlow=false)]
    [Initiating(flowClass=class com.derivhack.ExecutionFlow, classToInitiateWith=class com.derivhack.ExecutionFlow, flowInfo=FlowInfo(flowVersion=1, appName=cordapp-0.1), subFlowVersion=CorDappFlow(platformVersion=4, corDappName=custom-cordapp_1_4_74971b5d-bcd5-4e00-bbd1-defbabc3845c, corDappHash=DE4C268C4E6FB82D6A14FFE52A34E054B91C7FCCBF8014879159F6B98B0B0A8C), isEnabledTimedFlow=false), Inlined(flowClass=class net.corda.core.flows.CollectSignaturesFlow, subFlowVersion=CoreFlow(platformVersion=4), isEnabledTimedFlow=false), Inlined(flowClass=class net.corda.core.flows.CollectSignatureFlow, subFlowVersion=CoreFlow(platformVersion=4), isEnabledTimedFlow=false)]

17:44:12.724 [Mock node 2 thread] DEBUG net.corda.flow - Initializing the progress tracker for flow: net.corda.core.flows.CollectSignatureFlow.
17:44:12.726 [Mock node 2 thread] DEBUG net.corda.flow - Calling subflow: net.corda.core.flows.SendTransactionFlow@168fca63
17:44:12.729 [Mock node 2 thread] INFO net.corda.node.services.statemachine.interceptors.PrintingInterceptor - Transition for flow [29d4d244-fdcc-46f1-9057-d6d9b4e9dcf4] 
 --- Transition of flow [29d4d244-fdcc-46f1-9057-d6d9b4e9dcf4] ---
  Timestamp: 2019-10-14T09:44:12.726Z
  Event: EnterSubFlow(subFlowClass=class net.corda.core.flows.SendTransactionFlow, subFlowVersion=CoreFlow(platformVersion=4), isEnabledTimedFlow=false)
  Actions: 
    
  Continuation: ProcessEvents
  Diff between previous and next state:
checkpoint.subFlowStack: 
    [Initiating(flowClass=class com.derivhack.ExecutionFlow, classToInitiateWith=class com.derivhack.ExecutionFlow, flowInfo=FlowInfo(flowVersion=1, appName=cordapp-0.1), subFlowVersion=CorDappFlow(platformVersion=4, corDappName=custom-cordapp_1_4_74971b5d-bcd5-4e00-bbd1-defbabc3845c, corDappHash=DE4C268C4E6FB82D6A14FFE52A34E054B91C7FCCBF8014879159F6B98B0B0A8C), isEnabledTimedFlow=false), Inlined(flowClass=class net.corda.core.flows.CollectSignaturesFlow, subFlowVersion=CoreFlow(platformVersion=4), isEnabledTimedFlow=false), Inlined(flowClass=class net.corda.core.flows.CollectSignatureFlow, subFlowVersion=CoreFlow(platformVersion=4), isEnabledTimedFlow=false)]
    [Initiating(flowClass=class com.derivhack.ExecutionFlow, classToInitiateWith=class com.derivhack.ExecutionFlow, flowInfo=FlowInfo(flowVersion=1, appName=cordapp-0.1), subFlowVersion=CorDappFlow(platformVersion=4, corDappName=custom-cordapp_1_4_74971b5d-bcd5-4e00-bbd1-defbabc3845c, corDappHash=DE4C268C4E6FB82D6A14FFE52A34E054B91C7FCCBF8014879159F6B98B0B0A8C), isEnabledTimedFlow=false), Inlined(flowClass=class net.corda.core.flows.CollectSignaturesFlow, subFlowVersion=CoreFlow(platformVersion=4), isEnabledTimedFlow=false), Inlined(flowClass=class net.corda.core.flows.CollectSignatureFlow, subFlowVersion=CoreFlow(platformVersion=4), isEnabledTimedFlow=false), Inlined(flowClass=class net.corda.core.flows.SendTransactionFlow, subFlowVersion=CoreFlow(platformVersion=4), isEnabledTimedFlow=false)]

17:44:12.841 [Mock node 2 thread] DEBUG net.corda.serialization.internal.amqp.DefaultLocalSerializerFactory - class=SignedTransaction, type=class net.corda.core.transactions.SignedTransaction is a composite type
17:44:12.842 [Mock node 2 thread] DEBUG net.corda.serialization.internal.amqp.DefaultLocalSerializerFactory - class=TransactionSignature, type=class net.corda.core.crypto.TransactionSignature is a composite type
17:44:12.843 [Mock node 2 thread] DEBUG net.corda.serialization.internal.amqp.DefaultLocalSerializerFactory - class=PartialMerkleTree, type=class net.corda.core.crypto.PartialMerkleTree is a composite type
17:44:12.843 [Mock node 2 thread] DEBUG net.corda.serialization.internal.amqp.DefaultLocalSerializerFactory - class=PartialTree, type=class net.corda.core.crypto.PartialMerkleTree$PartialTree is a composite type
17:44:12.843 [Mock node 2 thread] DEBUG net.corda.serialization.internal.amqp.DefaultLocalSerializerFactory - class=SerializedBytes, type=net.corda.core.serialization.SerializedBytes<net.corda.core.transactions.CoreTransaction> is a composite type
17:44:12.970 [Mock node 2 thread] DEBUG net.corda.node.services.persistence.DBCheckpointStorage - Checkpoint 29d4d244-fdcc-46f1-9057-d6d9b4e9dcf4, size=88400
17:44:12.977 [Mock node 2 thread] DEBUG com.zaxxer.hikari.pool.PoolBase - HikariPool-3 - Reset (autoCommit, isolation) on connection conn23: url=jdbc:h2:mem:node_2_net_312362915497919618_persistence user=SA
17:44:12.979 [Mock node 2 thread] INFO net.corda.node.services.statemachine.interceptors.PrintingInterceptor - Transition for flow [29d4d244-fdcc-46f1-9057-d6d9b4e9dcf4] 
 --- Transition of flow [29d4d244-fdcc-46f1-9057-d6d9b4e9dcf4] ---
  Timestamp: 2019-10-14T09:44:12.979Z
  Event: Suspend(ioRequest=SendAndReceive({FlowSessionImpl(counterparty=O=Broker2, L=New York, C=US, sourceSessionId=SessionId(toLong=-729299975262938117))=FlowSessionImpl(counterparty=O=Broker2, L=New York, C=US, sourceSessionId=SessionId(toLong=-729299975262938117))=FE51F1BC8D0CE057B5815E9FF26A5F8ED4AD374E2A8585D1DDED5FFA2B73EAD9}, shouldRetrySend=false), maySkipCheckpoint=false, fiber=23F0347B241350D8C1D158932F5812265772A4539B356A0D760136F2C32FB113, )
  Actions: 
    PersistCheckpoint(id=[29d4d244-fdcc-46f1-9057-d6d9b4e9dcf4], checkpoint=Checkpoint(invocationContext=InvocationContext(origin=RPC(actor=Actor(id=Id(value=Only For Testing), serviceId=AuthServiceId(value=TEST), owningLegalIdentity=O=Broker1, L=New York, C=US)), trace=Trace(invocationId=88be134d-5c0b-4ac9-b09d-d8261f2f0818, timestamp: 2019-10-14T09:43:59.420Z, entityType: Invocation, sessionId=88be134d-5c0b-4ac9-b09d-d8261f2f0818, timestamp: 2019-10-14T09:43:59.420Z, entityType: Session), actor=Actor(id=Id(value=Only For Testing), serviceId=AuthServiceId(value=TEST), owningLegalIdentity=O=Broker1, L=New York, C=US), externalTrace=null, impersonatedActor=null), ourIdentity=O=Broker1, L=New York, C=US, sessions={SessionId(toLong=-729299975262938117)=Uninitiated(party=O=Broker2, L=New York, C=US, initiatingSubFlow=Initiating(flowClass=class com.derivhack.ExecutionFlow, classToInitiateWith=class com.derivhack.ExecutionFlow, flowInfo=FlowInfo(flowVersion=1, appName=cordapp-0.1), subFlowVersion=CorDappFlow(platformVersion=4, corDappName=custom-cordapp_1_4_74971b5d-bcd5-4e00-bbd1-defbabc3845c, corDappHash=DE4C268C4E6FB82D6A14FFE52A34E054B91C7FCCBF8014879159F6B98B0B0A8C), isEnabledTimedFlow=false), sourceSessionId=SessionId(toLong=-729299975262938117), additionalEntropy=-85958386881741014)}, subFlowStack=[Initiating(flowClass=class com.derivhack.ExecutionFlow, classToInitiateWith=class com.derivhack.ExecutionFlow, flowInfo=FlowInfo(flowVersion=1, appName=cordapp-0.1), subFlowVersion=CorDappFlow(platformVersion=4, corDappName=custom-cordapp_1_4_74971b5d-bcd5-4e00-bbd1-defbabc3845c, corDappHash=DE4C268C4E6FB82D6A14FFE52A34E054B91C7FCCBF8014879159F6B98B0B0A8C), isEnabledTimedFlow=false), Inlined(flowClass=class net.corda.core.flows.CollectSignaturesFlow, subFlowVersion=CoreFlow(platformVersion=4), isEnabledTimedFlow=false), Inlined(flowClass=class net.corda.core.flows.CollectSignatureFlow, subFlowVersion=CoreFlow(platformVersion=4), isEnabledTimedFlow=false), Inlined(flowClass=class net.corda.core.flows.SendTransactionFlow, subFlowVersion=CoreFlow(platformVersion=4), isEnabledTimedFlow=false)], flowState=Started(flowIORequest=SendAndReceive({FlowSessionImpl(counterparty=O=Broker2, L=New York, C=US, sourceSessionId=SessionId(toLong=-729299975262938117))=FlowSessionImpl(counterparty=O=Broker2, L=New York, C=US, sourceSessionId=SessionId(toLong=-729299975262938117))=FE51F1BC8D0CE057B5815E9FF26A5F8ED4AD374E2A8585D1DDED5FFA2B73EAD9}, shouldRetrySend=false), frozenFiber=23F0347B241350D8C1D158932F5812265772A4539B356A0D760136F2C32FB113), errorState=Clean, numberOfSuspends=1), isCheckpointUpdate=true)
    PersistDeduplicationFacts(deduplicationHandlers=[])
    CommitTransaction
    AcknowledgeMessages(deduplicationHandlers=[])
    ScheduleEvent(event=DoRemainingWork)
  Continuation: ProcessEvents
  Diff between previous and next state:
checkpoint.flowState: 
    Unstarted(flowStart=Explicit, frozenFlowLogic=ACD68E732A7C4AEDAA2B39F91BF8001D8A6CC53560C015432252F9FAE56B9035)
    Started(flowIORequest=SendAndReceive({FlowSessionImpl(counterparty=O=Broker2, L=New York, C=US, sourceSessionId=SessionId(toLong=-729299975262938117))=FlowSessionImpl(counterparty=O=Broker2, L=New York, C=US, sourceSessionId=SessionId(toLong=-729299975262938117))=FE51F1BC8D0CE057B5815E9FF26A5F8ED4AD374E2A8585D1DDED5FFA2B73EAD9}, shouldRetrySend=false), frozenFiber=23F0347B241350D8C1D158932F5812265772A4539B356A0D760136F2C32FB113)
checkpoint.numberOfSuspends: 
    0
    1
isFlowResumed: 
    true
    false

17:44:13.030 [Mock node 2 thread] DEBUG net.corda.serialization.internal.amqp.DefaultLocalSerializerFactory - class=InitialSessionMessage, type=class net.corda.node.services.statemachine.InitialSessionMessage is a composite type
17:44:13.030 [Mock node 2 thread] DEBUG net.corda.serialization.internal.amqp.DefaultLocalSerializerFactory - class=SessionId, type=class net.corda.node.services.statemachine.SessionId is a composite type
17:44:13.049 [Mock node 2 thread] INFO net.corda.node.services.statemachine.interceptors.PrintingInterceptor - Transition for flow [29d4d244-fdcc-46f1-9057-d6d9b4e9dcf4] 
 --- Transition of flow [29d4d244-fdcc-46f1-9057-d6d9b4e9dcf4] ---
  Timestamp: 2019-10-14T09:44:13.044Z
  Event: DoRemainingWork
  Actions: 
    SendInitial(party=O=Broker2, L=New York, C=US, initialise=InitialSessionMessage(initiatorSessionId=SessionId(toLong=-729299975262938117), initiationEntropy=-85958386881741014, initiatorFlowClassName=com.derivhack.ExecutionFlow, appName=cordapp-0.1, firstPayload=class net.corda.core.serialization.SerializedBytes), deduplicationId=SenderDeduplicationId(deduplicationId=DeduplicationId(toString=N-R--729299975262938117--85958386881741014-1-0), senderUUID=8c2f979e-1d9c-4233-9e8b-785f40f8cea8))
  Continuation: ProcessEvents
  Diff between previous and next state:
checkpoint.flowState.flowIORequest: 
    SendAndReceive({FlowSessionImpl(counterparty=O=Broker2, L=New York, C=US, sourceSessionId=SessionId(toLong=-729299975262938117))=FlowSessionImpl(counterparty=O=Broker2, L=New York, C=US, sourceSessionId=SessionId(toLong=-729299975262938117))=FE51F1BC8D0CE057B5815E9FF26A5F8ED4AD374E2A8585D1DDED5FFA2B73EAD9}, shouldRetrySend=false)
    Receive(sessions=[FlowSessionImpl(counterparty=O=Broker2, L=New York, C=US, sourceSessionId=SessionId(toLong=-729299975262938117))])
checkpoint.sessions.SessionId(toLong=-729299975262938117): 
    Uninitiated(party=O=Broker2, L=New York, C=US, initiatingSubFlow=Initiating(flowClass=class com.derivhack.ExecutionFlow, classToInitiateWith=class com.derivhack.ExecutionFlow, flowInfo=FlowInfo(flowVersion=1, appName=cordapp-0.1), subFlowVersion=CorDappFlow(platformVersion=4, corDappName=custom-cordapp_1_4_74971b5d-bcd5-4e00-bbd1-defbabc3845c, corDappHash=DE4C268C4E6FB82D6A14FFE52A34E054B91C7FCCBF8014879159F6B98B0B0A8C), isEnabledTimedFlow=false), sourceSessionId=SessionId(toLong=-729299975262938117), additionalEntropy=-85958386881741014)
    Initiating(bufferedMessages=[], rejectionError=null, deduplicationSeed=R--729299975262938117--85958386881741014)

17:44:13.092 [Mock node 3 thread] DEBUG com.zaxxer.hikari.pool.PoolBase - HikariPool-4 - Reset (autoCommit, isolation) on connection conn34: url=jdbc:h2:mem:node_3_net_312362915497919618_persistence user=SA
17:44:13.163 [Mock node 3 thread] DEBUG net.corda.node.services.persistence.DBCheckpointStorage - Checkpoint 4abe30ec-4fc8-49f0-b6d3-3e2cf9bc5a8f, size=20683
17:44:13.169 [Mock node 3 thread] DEBUG com.zaxxer.hikari.pool.PoolBase - HikariPool-4 - Reset (autoCommit, isolation) on connection conn34: url=jdbc:h2:mem:node_3_net_312362915497919618_persistence user=SA
17:44:13.177 [Mock node 3 thread] DEBUG net.corda.serialization.internal.amqp.DefaultLocalSerializerFactory - class=ExistingSessionMessage, type=class net.corda.node.services.statemachine.ExistingSessionMessage is a composite type
17:44:13.178 [Mock node 3 thread] DEBUG net.corda.serialization.internal.amqp.DefaultLocalSerializerFactory - class=ExistingSessionMessagePayload, type=class net.corda.node.services.statemachine.ExistingSessionMessagePayload is a composite type
17:44:13.194 [Mock node 3 thread] DEBUG net.corda.serialization.internal.amqp.DefaultLocalSerializerFactory - class=ConfirmSessionMessage, type=class net.corda.node.services.statemachine.ConfirmSessionMessage is a composite type
17:44:13.194 [Mock node 3 thread] DEBUG net.corda.serialization.internal.amqp.DefaultLocalSerializerFactory - class=FlowInfo, type=class net.corda.core.flows.FlowInfo is a composite type
17:44:13.222 [Mock node 3 thread] DEBUG com.zaxxer.hikari.pool.PoolBase - HikariPool-4 - Reset (autoCommit, isolation) on connection conn34: url=jdbc:h2:mem:node_3_net_312362915497919618_persistence user=SA
17:44:13.234 [Mock node 2 thread] DEBUG com.zaxxer.hikari.pool.PoolBase - HikariPool-3 - Reset (autoCommit, isolation) on connection conn23: url=jdbc:h2:mem:node_2_net_312362915497919618_persistence user=SA
17:44:13.256 [Mock node 3 thread] INFO net.corda.node.services.statemachine.interceptors.PrintingInterceptor - Transition for flow [4abe30ec-4fc8-49f0-b6d3-3e2cf9bc5a8f] 
 --- Transition of flow [4abe30ec-4fc8-49f0-b6d3-3e2cf9bc5a8f] ---
  Timestamp: 2019-10-14T09:44:13.230Z
  Event: DoRemainingWork
  Actions: 
    CreateTransaction
    PersistCheckpoint(id=[4abe30ec-4fc8-49f0-b6d3-3e2cf9bc5a8f], checkpoint=Checkpoint(invocationContext=InvocationContext(origin=Peer(party=O=Broker1, L=New York, C=US), trace=Trace(invocationId=7cb39508-e929-41a2-98cb-ea9a72358115, timestamp: 2019-10-14T09:44:13.092Z, entityType: Invocation, sessionId=7cb39508-e929-41a2-98cb-ea9a72358115, timestamp: 2019-10-14T09:44:13.092Z, entityType: Session), actor=null, externalTrace=null, impersonatedActor=null), ourIdentity=O=Broker2, L=New York, C=US, sessions={}, subFlowStack=[Inlined(flowClass=class com.derivhack.ExecutionFlowInitiated, subFlowVersion=CorDappFlow(platformVersion=4, corDappName=custom-cordapp_1_4_74971b5d-bcd5-4e00-bbd1-defbabc3845c, corDappHash=DE4C268C4E6FB82D6A14FFE52A34E054B91C7FCCBF8014879159F6B98B0B0A8C), isEnabledTimedFlow=false)], flowState=Unstarted(flowStart=Initiated, frozenFlowLogic=A3A2C9CA09A07EB62B8D6A9E2106C705889C204E072FDF47701720A8DE9E48AB), errorState=Clean, numberOfSuspends=0), isCheckpointUpdate=false)
    PersistDeduplicationFacts(deduplicationHandlers=[net.corda.testing.node.internal.MockNodeMessagingService$InMemoryDeduplicationHandler@fb87adc])
    CommitTransaction
    AcknowledgeMessages(deduplicationHandlers=[net.corda.testing.node.internal.MockNodeMessagingService$InMemoryDeduplicationHandler@fb87adc])
    SignalFlowHasStarted(flowId=[4abe30ec-4fc8-49f0-b6d3-3e2cf9bc5a8f])
    SendExisting(peerParty=O=Broker1, L=New York, C=US, message=ExistingSessionMessage(recipientSessionId=SessionId(toLong=-729299975262938117), payload=ConfirmSessionMessage(initiatedSessionId=SessionId(toLong=2307173543249687862), initiatedFlowInfo=FlowInfo(flowVersion=1, appName=cordapp-0.1))), deduplicationId=SenderDeduplicationId(deduplicationId=DeduplicationId(toString=N-D--729299975262938117--85958386881741014-0-0), senderUUID=e18b8bc5-11a0-4565-ba8a-9048353590c5))
    CreateTransaction
  Continuation: Resume(result=null)
  Diff between previous and next state:
checkpoint.sessions.SessionId(toLong=2307173543249687862): 
    null
    Initiated(peerParty=O=Broker1, L=New York, C=US, peerFlowInfo=FlowInfo(flowVersion=1, appName=cordapp-0.1), receivedMessages=[DataSessionMessage(payload=class net.corda.core.serialization.SerializedBytes)], initiatedState=Live(peerSinkSessionId=SessionId(toLong=-729299975262938117)), errors=[], deduplicationSeed=D--729299975262938117--85958386881741014)
isAnyCheckpointPersisted: 
    false
    true
pendingDeduplicationHandlers: 
    [net.corda.testing.node.internal.MockNodeMessagingService$InMemoryDeduplicationHandler@fb87adc]
    []
isFlowResumed: 
    false
    true

17:44:13.263 [Mock node 2 thread] INFO net.corda.node.services.statemachine.interceptors.PrintingInterceptor - Transition for flow [29d4d244-fdcc-46f1-9057-d6d9b4e9dcf4] 
 --- Transition of flow [29d4d244-fdcc-46f1-9057-d6d9b4e9dcf4] ---
  Timestamp: 2019-10-14T09:44:13.261Z
  Event: DeliverSessionMessage(sessionMessage=ExistingSessionMessage(recipientSessionId=SessionId(toLong=-729299975262938117), payload=ConfirmSessionMessage(initiatedSessionId=SessionId(toLong=2307173543249687862), initiatedFlowInfo=FlowInfo(flowVersion=1, appName=cordapp-0.1))), deduplicationHandler=net.corda.testing.node.internal.MockNodeMessagingService$InMemoryDeduplicationHandler@4824d2cb, sender=O=Broker2, L=New York, C=US)
  Actions: 
    ScheduleEvent(event=DoRemainingWork)
  Continuation: ProcessEvents
  Diff between previous and next state:
checkpoint.sessions.SessionId(toLong=-729299975262938117): 
    Initiating(bufferedMessages=[], rejectionError=null, deduplicationSeed=R--729299975262938117--85958386881741014)
    Initiated(peerParty=O=Broker2, L=New York, C=US, peerFlowInfo=FlowInfo(flowVersion=1, appName=cordapp-0.1), receivedMessages=[], initiatedState=Live(peerSinkSessionId=SessionId(toLong=2307173543249687862)), errors=[], deduplicationSeed=R--729299975262938117--85958386881741014)
pendingDeduplicationHandlers: 
    []
    [net.corda.testing.node.internal.MockNodeMessagingService$InMemoryDeduplicationHandler@4824d2cb]

17:44:13.276 [Mock node 2 thread] INFO net.corda.node.services.statemachine.interceptors.PrintingInterceptor - Transition for flow [29d4d244-fdcc-46f1-9057-d6d9b4e9dcf4] 
 --- Transition of flow [29d4d244-fdcc-46f1-9057-d6d9b4e9dcf4] ---
  Timestamp: 2019-10-14T09:44:13.275Z
  Event: DoRemainingWork
  Actions: 
    
  Continuation: ProcessEvents
  Diff between previous and next state:
null
17:44:13.280 [Mock node 3 thread] DEBUG net.corda.flow - Calling flow: com.derivhack.ExecutionFlowInitiated@122603cc
17:44:13.334 [Mock node 3 thread] DEBUG net.corda.flow - Calling subflow: com.derivhack.ExecutionFlowInitiated$call$signedTransactionFlow$1@75d61000
17:44:13.337 [Mock node 3 thread] INFO net.corda.node.services.statemachine.interceptors.PrintingInterceptor - Transition for flow [4abe30ec-4fc8-49f0-b6d3-3e2cf9bc5a8f] 
 --- Transition of flow [4abe30ec-4fc8-49f0-b6d3-3e2cf9bc5a8f] ---
  Timestamp: 2019-10-14T09:44:13.336Z
  Event: EnterSubFlow(subFlowClass=class com.derivhack.ExecutionFlowInitiated$call$signedTransactionFlow$1, subFlowVersion=CoreFlow(platformVersion=4), isEnabledTimedFlow=false)
  Actions: 
    
  Continuation: ProcessEvents
  Diff between previous and next state:
checkpoint.subFlowStack: 
    [Inlined(flowClass=class com.derivhack.ExecutionFlowInitiated, subFlowVersion=CorDappFlow(platformVersion=4, corDappName=custom-cordapp_1_4_74971b5d-bcd5-4e00-bbd1-defbabc3845c, corDappHash=DE4C268C4E6FB82D6A14FFE52A34E054B91C7FCCBF8014879159F6B98B0B0A8C), isEnabledTimedFlow=false)]
    [Inlined(flowClass=class com.derivhack.ExecutionFlowInitiated, subFlowVersion=CorDappFlow(platformVersion=4, corDappName=custom-cordapp_1_4_74971b5d-bcd5-4e00-bbd1-defbabc3845c, corDappHash=DE4C268C4E6FB82D6A14FFE52A34E054B91C7FCCBF8014879159F6B98B0B0A8C), isEnabledTimedFlow=false), Inlined(flowClass=class com.derivhack.ExecutionFlowInitiated$call$signedTransactionFlow$1, subFlowVersion=CoreFlow(platformVersion=4), isEnabledTimedFlow=false)]

17:44:13.357 [MockNode-1-2] DEBUG net.corda.node.services.network.NodeInfoWatcher - Read 0 NodeInfo files from build\mock-network\20191014-094255.202\nodes\0\additional-node-infos
17:44:13.357 [MockNode-1-2] DEBUG net.corda.node.services.network.NodeInfoWatcher - Number of removed NodeInfo files 0
17:44:13.364 [Mock node 3 thread] DEBUG net.corda.flow - Calling subflow: net.corda.core.flows.ReceiveTransactionFlow@27cc0c0c
17:44:13.366 [Mock node 3 thread] INFO net.corda.node.services.statemachine.interceptors.PrintingInterceptor - Transition for flow [4abe30ec-4fc8-49f0-b6d3-3e2cf9bc5a8f] 
 --- Transition of flow [4abe30ec-4fc8-49f0-b6d3-3e2cf9bc5a8f] ---
  Timestamp: 2019-10-14T09:44:13.365Z
  Event: EnterSubFlow(subFlowClass=class net.corda.core.flows.ReceiveTransactionFlow, subFlowVersion=CoreFlow(platformVersion=4), isEnabledTimedFlow=false)
  Actions: 
    
  Continuation: ProcessEvents
  Diff between previous and next state:
checkpoint.subFlowStack: 
    [Inlined(flowClass=class com.derivhack.ExecutionFlowInitiated, subFlowVersion=CorDappFlow(platformVersion=4, corDappName=custom-cordapp_1_4_74971b5d-bcd5-4e00-bbd1-defbabc3845c, corDappHash=DE4C268C4E6FB82D6A14FFE52A34E054B91C7FCCBF8014879159F6B98B0B0A8C), isEnabledTimedFlow=false), Inlined(flowClass=class com.derivhack.ExecutionFlowInitiated$call$signedTransactionFlow$1, subFlowVersion=CoreFlow(platformVersion=4), isEnabledTimedFlow=false)]
    [Inlined(flowClass=class com.derivhack.ExecutionFlowInitiated, subFlowVersion=CorDappFlow(platformVersion=4, corDappName=custom-cordapp_1_4_74971b5d-bcd5-4e00-bbd1-defbabc3845c, corDappHash=DE4C268C4E6FB82D6A14FFE52A34E054B91C7FCCBF8014879159F6B98B0B0A8C), isEnabledTimedFlow=false), Inlined(flowClass=class com.derivhack.ExecutionFlowInitiated$call$signedTransactionFlow$1, subFlowVersion=CoreFlow(platformVersion=4), isEnabledTimedFlow=false), Inlined(flowClass=class net.corda.core.flows.ReceiveTransactionFlow, subFlowVersion=CoreFlow(platformVersion=4), isEnabledTimedFlow=false)]

17:44:13.461 [Mock node 3 thread] DEBUG net.corda.node.services.persistence.DBCheckpointStorage - Checkpoint 4abe30ec-4fc8-49f0-b6d3-3e2cf9bc5a8f, size=24214
17:44:13.464 [Mock node 3 thread] DEBUG com.zaxxer.hikari.pool.PoolBase - HikariPool-4 - Reset (autoCommit, isolation) on connection conn34: url=jdbc:h2:mem:node_3_net_312362915497919618_persistence user=SA
17:44:13.474 [Mock node 3 thread] INFO net.corda.node.services.statemachine.interceptors.PrintingInterceptor - Transition for flow [4abe30ec-4fc8-49f0-b6d3-3e2cf9bc5a8f] 
 --- Transition of flow [4abe30ec-4fc8-49f0-b6d3-3e2cf9bc5a8f] ---
  Timestamp: 2019-10-14T09:44:13.465Z
  Event: Suspend(ioRequest=Receive(sessions=[FlowSessionImpl(counterparty=O=Broker1, L=New York, C=US, sourceSessionId=SessionId(toLong=2307173543249687862))]), maySkipCheckpoint=false, fiber=9A8E7A1A2F78C78850E1BA6DA9B05919D36AB2059CD1D70651488F049FEA0A74, )
  Actions: 
    PersistCheckpoint(id=[4abe30ec-4fc8-49f0-b6d3-3e2cf9bc5a8f], checkpoint=Checkpoint(invocationContext=InvocationContext(origin=Peer(party=O=Broker1, L=New York, C=US), trace=Trace(invocationId=7cb39508-e929-41a2-98cb-ea9a72358115, timestamp: 2019-10-14T09:44:13.092Z, entityType: Invocation, sessionId=7cb39508-e929-41a2-98cb-ea9a72358115, timestamp: 2019-10-14T09:44:13.092Z, entityType: Session), actor=null, externalTrace=null, impersonatedActor=null), ourIdentity=O=Broker2, L=New York, C=US, sessions={SessionId(toLong=2307173543249687862)=Initiated(peerParty=O=Broker1, L=New York, C=US, peerFlowInfo=FlowInfo(flowVersion=1, appName=cordapp-0.1), receivedMessages=[DataSessionMessage(payload=class net.corda.core.serialization.SerializedBytes)], initiatedState=Live(peerSinkSessionId=SessionId(toLong=-729299975262938117)), errors=[], deduplicationSeed=D--729299975262938117--85958386881741014)}, subFlowStack=[Inlined(flowClass=class com.derivhack.ExecutionFlowInitiated, subFlowVersion=CorDappFlow(platformVersion=4, corDappName=custom-cordapp_1_4_74971b5d-bcd5-4e00-bbd1-defbabc3845c, corDappHash=DE4C268C4E6FB82D6A14FFE52A34E054B91C7FCCBF8014879159F6B98B0B0A8C), isEnabledTimedFlow=false), Inlined(flowClass=class com.derivhack.ExecutionFlowInitiated$call$signedTransactionFlow$1, subFlowVersion=CoreFlow(platformVersion=4), isEnabledTimedFlow=false), Inlined(flowClass=class net.corda.core.flows.ReceiveTransactionFlow, subFlowVersion=CoreFlow(platformVersion=4), isEnabledTimedFlow=false)], flowState=Started(flowIORequest=Receive(sessions=[FlowSessionImpl(counterparty=O=Broker1, L=New York, C=US, sourceSessionId=SessionId(toLong=2307173543249687862))]), frozenFiber=9A8E7A1A2F78C78850E1BA6DA9B05919D36AB2059CD1D70651488F049FEA0A74), errorState=Clean, numberOfSuspends=1), isCheckpointUpdate=true)
    PersistDeduplicationFacts(deduplicationHandlers=[])
    CommitTransaction
    AcknowledgeMessages(deduplicationHandlers=[])
    ScheduleEvent(event=DoRemainingWork)
  Continuation: ProcessEvents
  Diff between previous and next state:
checkpoint.flowState: 
    Unstarted(flowStart=Initiated, frozenFlowLogic=A3A2C9CA09A07EB62B8D6A9E2106C705889C204E072FDF47701720A8DE9E48AB)
    Started(flowIORequest=Receive(sessions=[FlowSessionImpl(counterparty=O=Broker1, L=New York, C=US, sourceSessionId=SessionId(toLong=2307173543249687862))]), frozenFiber=9A8E7A1A2F78C78850E1BA6DA9B05919D36AB2059CD1D70651488F049FEA0A74)
checkpoint.numberOfSuspends: 
    0
    1
isFlowResumed: 
    true
    false

17:44:13.496 [Mock node 3 thread] INFO net.corda.node.services.statemachine.interceptors.PrintingInterceptor - Transition for flow [4abe30ec-4fc8-49f0-b6d3-3e2cf9bc5a8f] 
 --- Transition of flow [4abe30ec-4fc8-49f0-b6d3-3e2cf9bc5a8f] ---
  Timestamp: 2019-10-14T09:44:13.496Z
  Event: DoRemainingWork
  Actions: 
    CreateTransaction
  Continuation: Resume(result=class java.util.LinkedHashMap)
  Diff between previous and next state:
checkpoint.sessions.SessionId(toLong=2307173543249687862).receivedMessages: 
    [DataSessionMessage(payload=class net.corda.core.serialization.SerializedBytes)]
    []
isFlowResumed: 
    false
    true

17:44:13.496 [Mock node 3 thread] INFO net.corda.flow - Received transaction acknowledgement request from party O=Broker1, L=New York, C=US.
17:44:13.541 [MockNode-2-2] DEBUG net.corda.node.services.network.NodeInfoWatcher - Read 0 NodeInfo files from build\mock-network\20191014-094255.202\nodes\1\additional-node-infos
17:44:13.542 [MockNode-2-2] DEBUG net.corda.node.services.network.NodeInfoWatcher - Number of removed NodeInfo files 0
17:44:13.569 [Mock node 3 thread] DEBUG net.corda.flow - Initializing the progress tracker for flow: net.corda.core.flows.ReceiveTransactionFlow.
17:44:13.569 [Mock node 3 thread] DEBUG net.corda.flow - Calling subflow: net.corda.core.internal.ResolveTransactionsFlow@7887cd3f
17:44:13.571 [Mock node 3 thread] INFO net.corda.node.services.statemachine.interceptors.PrintingInterceptor - Transition for flow [4abe30ec-4fc8-49f0-b6d3-3e2cf9bc5a8f] 
 --- Transition of flow [4abe30ec-4fc8-49f0-b6d3-3e2cf9bc5a8f] ---
  Timestamp: 2019-10-14T09:44:13.570Z
  Event: EnterSubFlow(subFlowClass=class net.corda.core.internal.ResolveTransactionsFlow, subFlowVersion=CoreFlow(platformVersion=4), isEnabledTimedFlow=false)
  Actions: 
    
  Continuation: ProcessEvents
  Diff between previous and next state:
checkpoint.subFlowStack: 
    [Inlined(flowClass=class com.derivhack.ExecutionFlowInitiated, subFlowVersion=CorDappFlow(platformVersion=4, corDappName=custom-cordapp_1_4_74971b5d-bcd5-4e00-bbd1-defbabc3845c, corDappHash=DE4C268C4E6FB82D6A14FFE52A34E054B91C7FCCBF8014879159F6B98B0B0A8C), isEnabledTimedFlow=false), Inlined(flowClass=class com.derivhack.ExecutionFlowInitiated$call$signedTransactionFlow$1, subFlowVersion=CoreFlow(platformVersion=4), isEnabledTimedFlow=false), Inlined(flowClass=class net.corda.core.flows.ReceiveTransactionFlow, subFlowVersion=CoreFlow(platformVersion=4), isEnabledTimedFlow=false)]
    [Inlined(flowClass=class com.derivhack.ExecutionFlowInitiated, subFlowVersion=CorDappFlow(platformVersion=4, corDappName=custom-cordapp_1_4_74971b5d-bcd5-4e00-bbd1-defbabc3845c, corDappHash=DE4C268C4E6FB82D6A14FFE52A34E054B91C7FCCBF8014879159F6B98B0B0A8C), isEnabledTimedFlow=false), Inlined(flowClass=class com.derivhack.ExecutionFlowInitiated$call$signedTransactionFlow$1, subFlowVersion=CoreFlow(platformVersion=4), isEnabledTimedFlow=false), Inlined(flowClass=class net.corda.core.flows.ReceiveTransactionFlow, subFlowVersion=CoreFlow(platformVersion=4), isEnabledTimedFlow=false), Inlined(flowClass=class net.corda.core.internal.ResolveTransactionsFlow, subFlowVersion=CoreFlow(platformVersion=4), isEnabledTimedFlow=false)]

17:44:13.601 [Mock node 3 thread] DEBUG net.corda.serialization.internal.amqp.DefaultLocalSerializerFactory - class=End, type=class net.corda.core.internal.FetchDataFlow$Request$End is a composite type
17:44:13.620 [Mock node 3 thread] DEBUG net.corda.node.services.persistence.DBCheckpointStorage - Checkpoint 4abe30ec-4fc8-49f0-b6d3-3e2cf9bc5a8f, size=24254
17:44:13.623 [Mock node 3 thread] DEBUG com.zaxxer.hikari.pool.PoolBase - HikariPool-4 - Reset (autoCommit, isolation) on connection conn34: url=jdbc:h2:mem:node_3_net_312362915497919618_persistence user=SA
17:44:13.627 [Mock node 3 thread] INFO net.corda.node.services.statemachine.interceptors.PrintingInterceptor - Transition for flow [4abe30ec-4fc8-49f0-b6d3-3e2cf9bc5a8f] 
 --- Transition of flow [4abe30ec-4fc8-49f0-b6d3-3e2cf9bc5a8f] ---
  Timestamp: 2019-10-14T09:44:13.624Z
  Event: Suspend(ioRequest=Send(sessionToMessage={FlowSessionImpl(counterparty=O=Broker1, L=New York, C=US, sourceSessionId=SessionId(toLong=2307173543249687862))=768AED61FD2A58D74D7316731407E0600065080E1F3E6397EE4FA5AEFEE79295}), maySkipCheckpoint=false, fiber=051F3E9C3624295416DB822C4897D770341760C9703E00CB2A351C5BBF3C2A50, )
  Actions: 
    PersistCheckpoint(id=[4abe30ec-4fc8-49f0-b6d3-3e2cf9bc5a8f], checkpoint=Checkpoint(invocationContext=InvocationContext(origin=Peer(party=O=Broker1, L=New York, C=US), trace=Trace(invocationId=7cb39508-e929-41a2-98cb-ea9a72358115, timestamp: 2019-10-14T09:44:13.092Z, entityType: Invocation, sessionId=7cb39508-e929-41a2-98cb-ea9a72358115, timestamp: 2019-10-14T09:44:13.092Z, entityType: Session), actor=null, externalTrace=null, impersonatedActor=null), ourIdentity=O=Broker2, L=New York, C=US, sessions={SessionId(toLong=2307173543249687862)=Initiated(peerParty=O=Broker1, L=New York, C=US, peerFlowInfo=FlowInfo(flowVersion=1, appName=cordapp-0.1), receivedMessages=[], initiatedState=Live(peerSinkSessionId=SessionId(toLong=-729299975262938117)), errors=[], deduplicationSeed=D--729299975262938117--85958386881741014)}, subFlowStack=[Inlined(flowClass=class com.derivhack.ExecutionFlowInitiated, subFlowVersion=CorDappFlow(platformVersion=4, corDappName=custom-cordapp_1_4_74971b5d-bcd5-4e00-bbd1-defbabc3845c, corDappHash=DE4C268C4E6FB82D6A14FFE52A34E054B91C7FCCBF8014879159F6B98B0B0A8C), isEnabledTimedFlow=false), Inlined(flowClass=class com.derivhack.ExecutionFlowInitiated$call$signedTransactionFlow$1, subFlowVersion=CoreFlow(platformVersion=4), isEnabledTimedFlow=false), Inlined(flowClass=class net.corda.core.flows.ReceiveTransactionFlow, subFlowVersion=CoreFlow(platformVersion=4), isEnabledTimedFlow=false), Inlined(flowClass=class net.corda.core.internal.ResolveTransactionsFlow, subFlowVersion=CoreFlow(platformVersion=4), isEnabledTimedFlow=false)], flowState=Started(flowIORequest=Send(sessionToMessage={FlowSessionImpl(counterparty=O=Broker1, L=New York, C=US, sourceSessionId=SessionId(toLong=2307173543249687862))=768AED61FD2A58D74D7316731407E0600065080E1F3E6397EE4FA5AEFEE79295}), frozenFiber=051F3E9C3624295416DB822C4897D770341760C9703E00CB2A351C5BBF3C2A50), errorState=Clean, numberOfSuspends=2), isCheckpointUpdate=true)
    PersistDeduplicationFacts(deduplicationHandlers=[])
    CommitTransaction
    AcknowledgeMessages(deduplicationHandlers=[])
    ScheduleEvent(event=DoRemainingWork)
  Continuation: ProcessEvents
  Diff between previous and next state:
checkpoint.flowState.flowIORequest: 
    Receive(sessions=[FlowSessionImpl(counterparty=O=Broker1, L=New York, C=US, sourceSessionId=SessionId(toLong=2307173543249687862))])
    Send(sessionToMessage={FlowSessionImpl(counterparty=O=Broker1, L=New York, C=US, sourceSessionId=SessionId(toLong=2307173543249687862))=768AED61FD2A58D74D7316731407E0600065080E1F3E6397EE4FA5AEFEE79295})
checkpoint.flowState.frozenFiber.hash: 
    9A8E7A1A2F78C78850E1BA6DA9B05919D36AB2059CD1D70651488F049FEA0A74
    051F3E9C3624295416DB822C4897D770341760C9703E00CB2A351C5BBF3C2A50
checkpoint.numberOfSuspends: 
    1
    2
isFlowResumed: 
    true
    false

17:44:13.639 [Mock node 3 thread] DEBUG net.corda.serialization.internal.amqp.DefaultLocalSerializerFactory - class=DataSessionMessage, type=class net.corda.node.services.statemachine.DataSessionMessage is a composite type
17:44:13.643 [Mock node 2 thread] INFO net.corda.node.services.statemachine.interceptors.PrintingInterceptor - Transition for flow [29d4d244-fdcc-46f1-9057-d6d9b4e9dcf4] 
 --- Transition of flow [29d4d244-fdcc-46f1-9057-d6d9b4e9dcf4] ---
  Timestamp: 2019-10-14T09:44:13.642Z
  Event: DeliverSessionMessage(sessionMessage=ExistingSessionMessage(recipientSessionId=SessionId(toLong=-729299975262938117), payload=DataSessionMessage(payload=class net.corda.core.serialization.SerializedBytes)), deduplicationHandler=net.corda.testing.node.internal.MockNodeMessagingService$InMemoryDeduplicationHandler@7d24442d, sender=O=Broker2, L=New York, C=US)
  Actions: 
    ScheduleEvent(event=DoRemainingWork)
  Continuation: ProcessEvents
  Diff between previous and next state:
checkpoint.sessions.SessionId(toLong=-729299975262938117).receivedMessages: 
    []
    [DataSessionMessage(payload=class net.corda.core.serialization.SerializedBytes)]
pendingDeduplicationHandlers: 
    [net.corda.testing.node.internal.MockNodeMessagingService$InMemoryDeduplicationHandler@4824d2cb]
    [net.corda.testing.node.internal.MockNodeMessagingService$InMemoryDeduplicationHandler@4824d2cb, net.corda.testing.node.internal.MockNodeMessagingService$InMemoryDeduplicationHandler@7d24442d]

17:44:13.644 [Mock node 2 thread] INFO net.corda.node.services.statemachine.interceptors.PrintingInterceptor - Transition for flow [29d4d244-fdcc-46f1-9057-d6d9b4e9dcf4] 
 --- Transition of flow [29d4d244-fdcc-46f1-9057-d6d9b4e9dcf4] ---
  Timestamp: 2019-10-14T09:44:13.644Z
  Event: DoRemainingWork
  Actions: 
    CreateTransaction
  Continuation: Resume(result=class java.util.LinkedHashMap)
  Diff between previous and next state:
checkpoint.sessions.SessionId(toLong=-729299975262938117).receivedMessages: 
    [DataSessionMessage(payload=class net.corda.core.serialization.SerializedBytes)]
    []
isFlowResumed: 
    false
    true

17:44:13.648 [Mock node 2 thread] INFO net.corda.node.services.statemachine.interceptors.PrintingInterceptor - Transition for flow [29d4d244-fdcc-46f1-9057-d6d9b4e9dcf4] 
 --- Transition of flow [29d4d244-fdcc-46f1-9057-d6d9b4e9dcf4] ---
  Timestamp: 2019-10-14T09:44:13.647Z
  Event: LeaveSubFlow
  Actions: 
    
  Continuation: ProcessEvents
  Diff between previous and next state:
checkpoint.subFlowStack: 
    [Initiating(flowClass=class com.derivhack.ExecutionFlow, classToInitiateWith=class com.derivhack.ExecutionFlow, flowInfo=FlowInfo(flowVersion=1, appName=cordapp-0.1), subFlowVersion=CorDappFlow(platformVersion=4, corDappName=custom-cordapp_1_4_74971b5d-bcd5-4e00-bbd1-defbabc3845c, corDappHash=DE4C268C4E6FB82D6A14FFE52A34E054B91C7FCCBF8014879159F6B98B0B0A8C), isEnabledTimedFlow=false), Inlined(flowClass=class net.corda.core.flows.CollectSignaturesFlow, subFlowVersion=CoreFlow(platformVersion=4), isEnabledTimedFlow=false), Inlined(flowClass=class net.corda.core.flows.CollectSignatureFlow, subFlowVersion=CoreFlow(platformVersion=4), isEnabledTimedFlow=false), Inlined(flowClass=class net.corda.core.flows.SendTransactionFlow, subFlowVersion=CoreFlow(platformVersion=4), isEnabledTimedFlow=false)]
    [Initiating(flowClass=class com.derivhack.ExecutionFlow, classToInitiateWith=class com.derivhack.ExecutionFlow, flowInfo=FlowInfo(flowVersion=1, appName=cordapp-0.1), subFlowVersion=CorDappFlow(platformVersion=4, corDappName=custom-cordapp_1_4_74971b5d-bcd5-4e00-bbd1-defbabc3845c, corDappHash=DE4C268C4E6FB82D6A14FFE52A34E054B91C7FCCBF8014879159F6B98B0B0A8C), isEnabledTimedFlow=false), Inlined(flowClass=class net.corda.core.flows.CollectSignaturesFlow, subFlowVersion=CoreFlow(platformVersion=4), isEnabledTimedFlow=false), Inlined(flowClass=class net.corda.core.flows.CollectSignatureFlow, subFlowVersion=CoreFlow(platformVersion=4), isEnabledTimedFlow=false)]

17:44:13.648 [Mock node 2 thread] DEBUG net.corda.flow - Subflow finished with result null
17:44:13.676 [Mock node 2 thread] DEBUG net.corda.node.services.persistence.DBCheckpointStorage - Checkpoint 29d4d244-fdcc-46f1-9057-d6d9b4e9dcf4, size=58407
17:44:13.677 [Mock node 3 thread] INFO net.corda.node.services.statemachine.interceptors.PrintingInterceptor - Transition for flow [4abe30ec-4fc8-49f0-b6d3-3e2cf9bc5a8f] 
 --- Transition of flow [4abe30ec-4fc8-49f0-b6d3-3e2cf9bc5a8f] ---
  Timestamp: 2019-10-14T09:44:13.677Z
  Event: DoRemainingWork
  Actions: 
    SendExisting(peerParty=O=Broker1, L=New York, C=US, message=ExistingSessionMessage(recipientSessionId=SessionId(toLong=-729299975262938117), payload=DataSessionMessage(payload=class net.corda.core.serialization.SerializedBytes)), deduplicationId=SenderDeduplicationId(deduplicationId=DeduplicationId(toString=N-D--729299975262938117--85958386881741014-2-0), senderUUID=e18b8bc5-11a0-4565-ba8a-9048353590c5))
    CreateTransaction
  Continuation: Resume(result=class kotlin.Unit)
  Diff between previous and next state:
isFlowResumed: 
    false
    true

17:44:13.678 [Mock node 2 thread] DEBUG com.zaxxer.hikari.pool.PoolBase - HikariPool-3 - Reset (autoCommit, isolation) on connection conn23: url=jdbc:h2:mem:node_2_net_312362915497919618_persistence user=SA
17:44:13.680 [Mock node 2 thread] INFO net.corda.node.services.statemachine.interceptors.PrintingInterceptor - Transition for flow [29d4d244-fdcc-46f1-9057-d6d9b4e9dcf4] 
 --- Transition of flow [29d4d244-fdcc-46f1-9057-d6d9b4e9dcf4] ---
  Timestamp: 2019-10-14T09:44:13.678Z
  Event: Suspend(ioRequest=Send(sessionToMessage={FlowSessionImpl(counterparty=O=Broker2, L=New York, C=US, sourceSessionId=SessionId(toLong=-729299975262938117))=B88B05ADF928B5708F2AC276096C0E5A71B636F35ED20AD2A55366A54EFE802F}), maySkipCheckpoint=false, fiber=F4B54857EC70A99565F0AF11A1B699996541A9C0C68233DD838FECD872E32996, )
  Actions: 
    PersistCheckpoint(id=[29d4d244-fdcc-46f1-9057-d6d9b4e9dcf4], checkpoint=Checkpoint(invocationContext=InvocationContext(origin=RPC(actor=Actor(id=Id(value=Only For Testing), serviceId=AuthServiceId(value=TEST), owningLegalIdentity=O=Broker1, L=New York, C=US)), trace=Trace(invocationId=88be134d-5c0b-4ac9-b09d-d8261f2f0818, timestamp: 2019-10-14T09:43:59.420Z, entityType: Invocation, sessionId=88be134d-5c0b-4ac9-b09d-d8261f2f0818, timestamp: 2019-10-14T09:43:59.420Z, entityType: Session), actor=Actor(id=Id(value=Only For Testing), serviceId=AuthServiceId(value=TEST), owningLegalIdentity=O=Broker1, L=New York, C=US), externalTrace=null, impersonatedActor=null), ourIdentity=O=Broker1, L=New York, C=US, sessions={SessionId(toLong=-729299975262938117)=Initiated(peerParty=O=Broker2, L=New York, C=US, peerFlowInfo=FlowInfo(flowVersion=1, appName=cordapp-0.1), receivedMessages=[], initiatedState=Live(peerSinkSessionId=SessionId(toLong=2307173543249687862)), errors=[], deduplicationSeed=R--729299975262938117--85958386881741014)}, subFlowStack=[Initiating(flowClass=class com.derivhack.ExecutionFlow, classToInitiateWith=class com.derivhack.ExecutionFlow, flowInfo=FlowInfo(flowVersion=1, appName=cordapp-0.1), subFlowVersion=CorDappFlow(platformVersion=4, corDappName=custom-cordapp_1_4_74971b5d-bcd5-4e00-bbd1-defbabc3845c, corDappHash=DE4C268C4E6FB82D6A14FFE52A34E054B91C7FCCBF8014879159F6B98B0B0A8C), isEnabledTimedFlow=false), Inlined(flowClass=class net.corda.core.flows.CollectSignaturesFlow, subFlowVersion=CoreFlow(platformVersion=4), isEnabledTimedFlow=false), Inlined(flowClass=class net.corda.core.flows.CollectSignatureFlow, subFlowVersion=CoreFlow(platformVersion=4), isEnabledTimedFlow=false)], flowState=Started(flowIORequest=Send(sessionToMessage={FlowSessionImpl(counterparty=O=Broker2, L=New York, C=US, sourceSessionId=SessionId(toLong=-729299975262938117))=B88B05ADF928B5708F2AC276096C0E5A71B636F35ED20AD2A55366A54EFE802F}), frozenFiber=F4B54857EC70A99565F0AF11A1B699996541A9C0C68233DD838FECD872E32996), errorState=Clean, numberOfSuspends=2), isCheckpointUpdate=true)
    PersistDeduplicationFacts(deduplicationHandlers=[net.corda.testing.node.internal.MockNodeMessagingService$InMemoryDeduplicationHandler@4824d2cb, net.corda.testing.node.internal.MockNodeMessagingService$InMemoryDeduplicationHandler@7d24442d])
    CommitTransaction
    AcknowledgeMessages(deduplicationHandlers=[net.corda.testing.node.internal.MockNodeMessagingService$InMemoryDeduplicationHandler@4824d2cb, net.corda.testing.node.internal.MockNodeMessagingService$InMemoryDeduplicationHandler@7d24442d])
    ScheduleEvent(event=DoRemainingWork)
  Continuation: ProcessEvents
  Diff between previous and next state:
checkpoint.flowState.flowIORequest: 
    Receive(sessions=[FlowSessionImpl(counterparty=O=Broker2, L=New York, C=US, sourceSessionId=SessionId(toLong=-729299975262938117))])
    Send(sessionToMessage={FlowSessionImpl(counterparty=O=Broker2, L=New York, C=US, sourceSessionId=SessionId(toLong=-729299975262938117))=B88B05ADF928B5708F2AC276096C0E5A71B636F35ED20AD2A55366A54EFE802F})
checkpoint.flowState.frozenFiber.hash: 
    23F0347B241350D8C1D158932F5812265772A4539B356A0D760136F2C32FB113
    F4B54857EC70A99565F0AF11A1B699996541A9C0C68233DD838FECD872E32996
checkpoint.numberOfSuspends: 
    1
    2
pendingDeduplicationHandlers: 
    [net.corda.testing.node.internal.MockNodeMessagingService$InMemoryDeduplicationHandler@4824d2cb, net.corda.testing.node.internal.MockNodeMessagingService$InMemoryDeduplicationHandler@7d24442d]
    []
isFlowResumed: 
    true
    false

17:44:13.682 [Mock node 2 thread] INFO net.corda.node.services.statemachine.interceptors.PrintingInterceptor - Transition for flow [29d4d244-fdcc-46f1-9057-d6d9b4e9dcf4] 
 --- Transition of flow [29d4d244-fdcc-46f1-9057-d6d9b4e9dcf4] ---
  Timestamp: 2019-10-14T09:44:13.682Z
  Event: DoRemainingWork
  Actions: 
    SendExisting(peerParty=O=Broker2, L=New York, C=US, message=ExistingSessionMessage(recipientSessionId=SessionId(toLong=2307173543249687862), payload=DataSessionMessage(payload=class net.corda.core.serialization.SerializedBytes)), deduplicationId=SenderDeduplicationId(deduplicationId=DeduplicationId(toString=N-R--729299975262938117--85958386881741014-2-0), senderUUID=8c2f979e-1d9c-4233-9e8b-785f40f8cea8))
    CreateTransaction
  Continuation: Resume(result=class kotlin.Unit)
  Diff between previous and next state:
isFlowResumed: 
    false
    true

17:44:13.732 [Mock node 3 thread] INFO net.corda.node.services.statemachine.interceptors.PrintingInterceptor - Transition for flow [4abe30ec-4fc8-49f0-b6d3-3e2cf9bc5a8f] 
 --- Transition of flow [4abe30ec-4fc8-49f0-b6d3-3e2cf9bc5a8f] ---
  Timestamp: 2019-10-14T09:44:13.690Z
  Event: LeaveSubFlow
  Actions: 
    
  Continuation: ProcessEvents
  Diff between previous and next state:
checkpoint.subFlowStack: 
    [Inlined(flowClass=class com.derivhack.ExecutionFlowInitiated, subFlowVersion=CorDappFlow(platformVersion=4, corDappName=custom-cordapp_1_4_74971b5d-bcd5-4e00-bbd1-defbabc3845c, corDappHash=DE4C268C4E6FB82D6A14FFE52A34E054B91C7FCCBF8014879159F6B98B0B0A8C), isEnabledTimedFlow=false), Inlined(flowClass=class com.derivhack.ExecutionFlowInitiated$call$signedTransactionFlow$1, subFlowVersion=CoreFlow(platformVersion=4), isEnabledTimedFlow=false), Inlined(flowClass=class net.corda.core.flows.ReceiveTransactionFlow, subFlowVersion=CoreFlow(platformVersion=4), isEnabledTimedFlow=false), Inlined(flowClass=class net.corda.core.internal.ResolveTransactionsFlow, subFlowVersion=CoreFlow(platformVersion=4), isEnabledTimedFlow=false)]
    [Inlined(flowClass=class com.derivhack.ExecutionFlowInitiated, subFlowVersion=CorDappFlow(platformVersion=4, corDappName=custom-cordapp_1_4_74971b5d-bcd5-4e00-bbd1-defbabc3845c, corDappHash=DE4C268C4E6FB82D6A14FFE52A34E054B91C7FCCBF8014879159F6B98B0B0A8C), isEnabledTimedFlow=false), Inlined(flowClass=class com.derivhack.ExecutionFlowInitiated$call$signedTransactionFlow$1, subFlowVersion=CoreFlow(platformVersion=4), isEnabledTimedFlow=false), Inlined(flowClass=class net.corda.core.flows.ReceiveTransactionFlow, subFlowVersion=CoreFlow(platformVersion=4), isEnabledTimedFlow=false)]

17:44:13.732 [Mock node 3 thread] DEBUG net.corda.flow - Subflow finished with result kotlin.Unit
17:44:13.732 [Mock node 3 thread] INFO net.corda.flow - Transaction dependencies resolution completed.
17:44:13.749 [Mock node 3 thread] DEBUG net.corda.core.contracts.AttachmentConstraint - Checking attachment uploader app is trusted
17:44:13.749 [Mock node 3 thread] DEBUG net.corda.core.contracts.StateAndContract - print command - CommandWithParties(signers=[net.i2p.crypto.eddsa.EdDSAPublicKey@8e16152b, net.i2p.crypto.eddsa.EdDSAPublicKey@9498d7a3], signingParties=[O=Broker1, L=New York, C=US, O=Broker2, L=New York, C=US], value=net.corda.cdmsupport.CDMEvent$Commands$Execution@52126627)
17:44:13.749 [Mock node 3 thread] DEBUG net.corda.core.contracts.StateAndContract - ------ Execution outputIndex: 0
17:44:13.749 [Mock node 3 thread] DEBUG net.corda.core.contracts.StateAndContract - ------ InputStates Count: 0
17:44:13.749 [Mock node 3 thread] DEBUG net.corda.core.contracts.StateAndContract - ------ OutputStates Count: 1
17:44:13.749 [Mock node 3 thread] DEBUG net.corda.core.contracts.StateAndContract - ------ RefStates Count: 0
17:44:13.750 [Mock node 3 thread] INFO net.corda.node.services.statemachine.interceptors.PrintingInterceptor - Transition for flow [4abe30ec-4fc8-49f0-b6d3-3e2cf9bc5a8f] 
 --- Transition of flow [4abe30ec-4fc8-49f0-b6d3-3e2cf9bc5a8f] ---
  Timestamp: 2019-10-14T09:44:13.750Z
  Event: LeaveSubFlow
  Actions: 
    
  Continuation: ProcessEvents
  Diff between previous and next state:
checkpoint.subFlowStack: 
    [Inlined(flowClass=class com.derivhack.ExecutionFlowInitiated, subFlowVersion=CorDappFlow(platformVersion=4, corDappName=custom-cordapp_1_4_74971b5d-bcd5-4e00-bbd1-defbabc3845c, corDappHash=DE4C268C4E6FB82D6A14FFE52A34E054B91C7FCCBF8014879159F6B98B0B0A8C), isEnabledTimedFlow=false), Inlined(flowClass=class com.derivhack.ExecutionFlowInitiated$call$signedTransactionFlow$1, subFlowVersion=CoreFlow(platformVersion=4), isEnabledTimedFlow=false), Inlined(flowClass=class net.corda.core.flows.ReceiveTransactionFlow, subFlowVersion=CoreFlow(platformVersion=4), isEnabledTimedFlow=false)]
    [Inlined(flowClass=class com.derivhack.ExecutionFlowInitiated, subFlowVersion=CorDappFlow(platformVersion=4, corDappName=custom-cordapp_1_4_74971b5d-bcd5-4e00-bbd1-defbabc3845c, corDappHash=DE4C268C4E6FB82D6A14FFE52A34E054B91C7FCCBF8014879159F6B98B0B0A8C), isEnabledTimedFlow=false), Inlined(flowClass=class com.derivhack.ExecutionFlowInitiated$call$signedTransactionFlow$1, subFlowVersion=CoreFlow(platformVersion=4), isEnabledTimedFlow=false)]

17:44:13.750 [Mock node 3 thread] DEBUG net.corda.flow - Subflow finished with result SignedTransaction(id=4EB1B45C4D245981CC2B0EA4B7C4A8D4D5D409244F165E705463881BCCD83A62)
17:44:13.756 [Mock node 2 thread] DEBUG net.corda.node.services.persistence.DBCheckpointStorage - Checkpoint 29d4d244-fdcc-46f1-9057-d6d9b4e9dcf4, size=57772
17:44:13.757 [Mock node 2 thread] DEBUG com.zaxxer.hikari.pool.PoolBase - HikariPool-3 - Reset (autoCommit, isolation) on connection conn23: url=jdbc:h2:mem:node_2_net_312362915497919618_persistence user=SA
17:44:13.759 [Mock node 2 thread] INFO net.corda.node.services.statemachine.interceptors.PrintingInterceptor - Transition for flow [29d4d244-fdcc-46f1-9057-d6d9b4e9dcf4] 
 --- Transition of flow [29d4d244-fdcc-46f1-9057-d6d9b4e9dcf4] ---
  Timestamp: 2019-10-14T09:44:13.757Z
  Event: Suspend(ioRequest=Receive(sessions=[FlowSessionImpl(counterparty=O=Broker2, L=New York, C=US, sourceSessionId=SessionId(toLong=-729299975262938117))]), maySkipCheckpoint=false, fiber=90F1AFC999D3FB2A66D1FD2F0590D638D5305236FA2A1FDDACD3E62F11D8F4E6, )
  Actions: 
    PersistCheckpoint(id=[29d4d244-fdcc-46f1-9057-d6d9b4e9dcf4], checkpoint=Checkpoint(invocationContext=InvocationContext(origin=RPC(actor=Actor(id=Id(value=Only For Testing), serviceId=AuthServiceId(value=TEST), owningLegalIdentity=O=Broker1, L=New York, C=US)), trace=Trace(invocationId=88be134d-5c0b-4ac9-b09d-d8261f2f0818, timestamp: 2019-10-14T09:43:59.420Z, entityType: Invocation, sessionId=88be134d-5c0b-4ac9-b09d-d8261f2f0818, timestamp: 2019-10-14T09:43:59.420Z, entityType: Session), actor=Actor(id=Id(value=Only For Testing), serviceId=AuthServiceId(value=TEST), owningLegalIdentity=O=Broker1, L=New York, C=US), externalTrace=null, impersonatedActor=null), ourIdentity=O=Broker1, L=New York, C=US, sessions={SessionId(toLong=-729299975262938117)=Initiated(peerParty=O=Broker2, L=New York, C=US, peerFlowInfo=FlowInfo(flowVersion=1, appName=cordapp-0.1), receivedMessages=[], initiatedState=Live(peerSinkSessionId=SessionId(toLong=2307173543249687862)), errors=[], deduplicationSeed=R--729299975262938117--85958386881741014)}, subFlowStack=[Initiating(flowClass=class com.derivhack.ExecutionFlow, classToInitiateWith=class com.derivhack.ExecutionFlow, flowInfo=FlowInfo(flowVersion=1, appName=cordapp-0.1), subFlowVersion=CorDappFlow(platformVersion=4, corDappName=custom-cordapp_1_4_74971b5d-bcd5-4e00-bbd1-defbabc3845c, corDappHash=DE4C268C4E6FB82D6A14FFE52A34E054B91C7FCCBF8014879159F6B98B0B0A8C), isEnabledTimedFlow=false), Inlined(flowClass=class net.corda.core.flows.CollectSignaturesFlow, subFlowVersion=CoreFlow(platformVersion=4), isEnabledTimedFlow=false), Inlined(flowClass=class net.corda.core.flows.CollectSignatureFlow, subFlowVersion=CoreFlow(platformVersion=4), isEnabledTimedFlow=false)], flowState=Started(flowIORequest=Receive(sessions=[FlowSessionImpl(counterparty=O=Broker2, L=New York, C=US, sourceSessionId=SessionId(toLong=-729299975262938117))]), frozenFiber=90F1AFC999D3FB2A66D1FD2F0590D638D5305236FA2A1FDDACD3E62F11D8F4E6), errorState=Clean, numberOfSuspends=3), isCheckpointUpdate=true)
    PersistDeduplicationFacts(deduplicationHandlers=[])
    CommitTransaction
    AcknowledgeMessages(deduplicationHandlers=[])
    ScheduleEvent(event=DoRemainingWork)
  Continuation: ProcessEvents
  Diff between previous and next state:
checkpoint.flowState.flowIORequest: 
    Send(sessionToMessage={FlowSessionImpl(counterparty=O=Broker2, L=New York, C=US, sourceSessionId=SessionId(toLong=-729299975262938117))=B88B05ADF928B5708F2AC276096C0E5A71B636F35ED20AD2A55366A54EFE802F})
    Receive(sessions=[FlowSessionImpl(counterparty=O=Broker2, L=New York, C=US, sourceSessionId=SessionId(toLong=-729299975262938117))])
checkpoint.flowState.frozenFiber.hash: 
    F4B54857EC70A99565F0AF11A1B699996541A9C0C68233DD838FECD872E32996
    90F1AFC999D3FB2A66D1FD2F0590D638D5305236FA2A1FDDACD3E62F11D8F4E6
checkpoint.numberOfSuspends: 
    2
    3
isFlowResumed: 
    true
    false

17:44:13.760 [Mock node 2 thread] INFO net.corda.node.services.statemachine.interceptors.PrintingInterceptor - Transition for flow [29d4d244-fdcc-46f1-9057-d6d9b4e9dcf4] 
 --- Transition of flow [29d4d244-fdcc-46f1-9057-d6d9b4e9dcf4] ---
  Timestamp: 2019-10-14T09:44:13.760Z
  Event: DoRemainingWork
  Actions: 
    
  Continuation: ProcessEvents
  Diff between previous and next state:
null
17:44:13.761 [Mock node 3 thread] DEBUG net.corda.node.services.persistence.DBCheckpointStorage - Checkpoint 4abe30ec-4fc8-49f0-b6d3-3e2cf9bc5a8f, size=22612
17:44:13.765 [Mock node 3 thread] DEBUG com.zaxxer.hikari.pool.PoolBase - HikariPool-4 - Reset (autoCommit, isolation) on connection conn34: url=jdbc:h2:mem:node_3_net_312362915497919618_persistence user=SA
17:44:13.767 [Mock node 3 thread] INFO net.corda.node.services.statemachine.interceptors.PrintingInterceptor - Transition for flow [4abe30ec-4fc8-49f0-b6d3-3e2cf9bc5a8f] 
 --- Transition of flow [4abe30ec-4fc8-49f0-b6d3-3e2cf9bc5a8f] ---
  Timestamp: 2019-10-14T09:44:13.765Z
  Event: Suspend(ioRequest=Receive(sessions=[FlowSessionImpl(counterparty=O=Broker1, L=New York, C=US, sourceSessionId=SessionId(toLong=2307173543249687862))]), maySkipCheckpoint=false, fiber=FEB8A159A51407D25F542CF06B1812772D4947761F3783B8C2467C8CDFAE32E3, )
  Actions: 
    PersistCheckpoint(id=[4abe30ec-4fc8-49f0-b6d3-3e2cf9bc5a8f], checkpoint=Checkpoint(invocationContext=InvocationContext(origin=Peer(party=O=Broker1, L=New York, C=US), trace=Trace(invocationId=7cb39508-e929-41a2-98cb-ea9a72358115, timestamp: 2019-10-14T09:44:13.092Z, entityType: Invocation, sessionId=7cb39508-e929-41a2-98cb-ea9a72358115, timestamp: 2019-10-14T09:44:13.092Z, entityType: Session), actor=null, externalTrace=null, impersonatedActor=null), ourIdentity=O=Broker2, L=New York, C=US, sessions={SessionId(toLong=2307173543249687862)=Initiated(peerParty=O=Broker1, L=New York, C=US, peerFlowInfo=FlowInfo(flowVersion=1, appName=cordapp-0.1), receivedMessages=[], initiatedState=Live(peerSinkSessionId=SessionId(toLong=-729299975262938117)), errors=[], deduplicationSeed=D--729299975262938117--85958386881741014)}, subFlowStack=[Inlined(flowClass=class com.derivhack.ExecutionFlowInitiated, subFlowVersion=CorDappFlow(platformVersion=4, corDappName=custom-cordapp_1_4_74971b5d-bcd5-4e00-bbd1-defbabc3845c, corDappHash=DE4C268C4E6FB82D6A14FFE52A34E054B91C7FCCBF8014879159F6B98B0B0A8C), isEnabledTimedFlow=false), Inlined(flowClass=class com.derivhack.ExecutionFlowInitiated$call$signedTransactionFlow$1, subFlowVersion=CoreFlow(platformVersion=4), isEnabledTimedFlow=false)], flowState=Started(flowIORequest=Receive(sessions=[FlowSessionImpl(counterparty=O=Broker1, L=New York, C=US, sourceSessionId=SessionId(toLong=2307173543249687862))]), frozenFiber=FEB8A159A51407D25F542CF06B1812772D4947761F3783B8C2467C8CDFAE32E3), errorState=Clean, numberOfSuspends=3), isCheckpointUpdate=true)
    PersistDeduplicationFacts(deduplicationHandlers=[])
    CommitTransaction
    AcknowledgeMessages(deduplicationHandlers=[])
    ScheduleEvent(event=DoRemainingWork)
  Continuation: ProcessEvents
  Diff between previous and next state:
checkpoint.flowState.flowIORequest: 
    Send(sessionToMessage={FlowSessionImpl(counterparty=O=Broker1, L=New York, C=US, sourceSessionId=SessionId(toLong=2307173543249687862))=768AED61FD2A58D74D7316731407E0600065080E1F3E6397EE4FA5AEFEE79295})
    Receive(sessions=[FlowSessionImpl(counterparty=O=Broker1, L=New York, C=US, sourceSessionId=SessionId(toLong=2307173543249687862))])
checkpoint.flowState.frozenFiber.hash: 
    051F3E9C3624295416DB822C4897D770341760C9703E00CB2A351C5BBF3C2A50
    FEB8A159A51407D25F542CF06B1812772D4947761F3783B8C2467C8CDFAE32E3
checkpoint.numberOfSuspends: 
    2
    3
isFlowResumed: 
    true
    false

17:44:13.772 [Mock node 3 thread] INFO net.corda.node.services.statemachine.interceptors.PrintingInterceptor - Transition for flow [4abe30ec-4fc8-49f0-b6d3-3e2cf9bc5a8f] 
 --- Transition of flow [4abe30ec-4fc8-49f0-b6d3-3e2cf9bc5a8f] ---
  Timestamp: 2019-10-14T09:44:13.771Z
  Event: DoRemainingWork
  Actions: 
    
  Continuation: ProcessEvents
  Diff between previous and next state:
null
17:44:13.841 [MockNode-6-2] DEBUG net.corda.node.services.network.NodeInfoWatcher - Read 0 NodeInfo files from build\mock-network\20191014-094255.202\nodes\5\additional-node-infos
17:44:13.841 [MockNode-6-2] DEBUG net.corda.node.services.network.NodeInfoWatcher - Number of removed NodeInfo files 0
17:44:13.851 [Mock node 3 thread] INFO net.corda.node.services.statemachine.interceptors.PrintingInterceptor - Transition for flow [4abe30ec-4fc8-49f0-b6d3-3e2cf9bc5a8f] 
 --- Transition of flow [4abe30ec-4fc8-49f0-b6d3-3e2cf9bc5a8f] ---
  Timestamp: 2019-10-14T09:44:13.806Z
  Event: DeliverSessionMessage(sessionMessage=ExistingSessionMessage(recipientSessionId=SessionId(toLong=2307173543249687862), payload=DataSessionMessage(payload=class net.corda.core.serialization.SerializedBytes)), deduplicationHandler=net.corda.testing.node.internal.MockNodeMessagingService$InMemoryDeduplicationHandler@564db823, sender=O=Broker1, L=New York, C=US)
  Actions: 
    ScheduleEvent(event=DoRemainingWork)
  Continuation: ProcessEvents
  Diff between previous and next state:
checkpoint.sessions.SessionId(toLong=2307173543249687862).receivedMessages: 
    []
    [DataSessionMessage(payload=class net.corda.core.serialization.SerializedBytes)]
pendingDeduplicationHandlers: 
    []
    [net.corda.testing.node.internal.MockNodeMessagingService$InMemoryDeduplicationHandler@564db823]

17:44:13.855 [Mock node 3 thread] INFO net.corda.node.services.statemachine.interceptors.PrintingInterceptor - Transition for flow [4abe30ec-4fc8-49f0-b6d3-3e2cf9bc5a8f] 
 --- Transition of flow [4abe30ec-4fc8-49f0-b6d3-3e2cf9bc5a8f] ---
  Timestamp: 2019-10-14T09:44:13.852Z
  Event: DoRemainingWork
  Actions: 
    CreateTransaction
  Continuation: Resume(result=class java.util.LinkedHashMap)
  Diff between previous and next state:
checkpoint.sessions.SessionId(toLong=2307173543249687862).receivedMessages: 
    [DataSessionMessage(payload=class net.corda.core.serialization.SerializedBytes)]
    []
isFlowResumed: 
    false
    true

17:44:13.884 [Mock node 3 thread] DEBUG net.corda.core.contracts.AttachmentConstraint - Checking attachment uploader app is trusted
17:44:13.884 [Mock node 3 thread] DEBUG net.corda.core.contracts.StateAndContract - print command - CommandWithParties(signers=[net.i2p.crypto.eddsa.EdDSAPublicKey@8e16152b, net.i2p.crypto.eddsa.EdDSAPublicKey@9498d7a3], signingParties=[O=Broker1, L=New York, C=US, O=Broker2, L=New York, C=US], value=net.corda.cdmsupport.CDMEvent$Commands$Execution@36d2b736)
17:44:13.884 [Mock node 3 thread] DEBUG net.corda.core.contracts.StateAndContract - ------ Execution outputIndex: 0
17:44:13.884 [Mock node 3 thread] DEBUG net.corda.core.contracts.StateAndContract - ------ InputStates Count: 0
17:44:13.884 [Mock node 3 thread] DEBUG net.corda.core.contracts.StateAndContract - ------ OutputStates Count: 1
17:44:13.884 [Mock node 3 thread] DEBUG net.corda.core.contracts.StateAndContract - ------ RefStates Count: 0
17:44:13.924 [Mock node 3 thread] DEBUG net.corda.node.services.persistence.DBCheckpointStorage - Checkpoint 4abe30ec-4fc8-49f0-b6d3-3e2cf9bc5a8f, size=25579
17:44:13.927 [Mock node 3 thread] DEBUG com.zaxxer.hikari.pool.PoolBase - HikariPool-4 - Reset (autoCommit, isolation) on connection conn34: url=jdbc:h2:mem:node_3_net_312362915497919618_persistence user=SA
17:44:13.928 [Mock node 3 thread] INFO net.corda.node.services.statemachine.interceptors.PrintingInterceptor - Transition for flow [4abe30ec-4fc8-49f0-b6d3-3e2cf9bc5a8f] 
 --- Transition of flow [4abe30ec-4fc8-49f0-b6d3-3e2cf9bc5a8f] ---
  Timestamp: 2019-10-14T09:44:13.927Z
  Event: Suspend(ioRequest=Send(sessionToMessage={FlowSessionImpl(counterparty=O=Broker1, L=New York, C=US, sourceSessionId=SessionId(toLong=2307173543249687862))=FB0951672F71339A41D446B83F106B531A7B38E40BF730E021FA06A72EAE8B4E}), maySkipCheckpoint=false, fiber=AF44178D3F5B0074774420B9083F981631B5BFD706B37F44790CFBA06EC673C4, )
  Actions: 
    PersistCheckpoint(id=[4abe30ec-4fc8-49f0-b6d3-3e2cf9bc5a8f], checkpoint=Checkpoint(invocationContext=InvocationContext(origin=Peer(party=O=Broker1, L=New York, C=US), trace=Trace(invocationId=7cb39508-e929-41a2-98cb-ea9a72358115, timestamp: 2019-10-14T09:44:13.092Z, entityType: Invocation, sessionId=7cb39508-e929-41a2-98cb-ea9a72358115, timestamp: 2019-10-14T09:44:13.092Z, entityType: Session), actor=null, externalTrace=null, impersonatedActor=null), ourIdentity=O=Broker2, L=New York, C=US, sessions={SessionId(toLong=2307173543249687862)=Initiated(peerParty=O=Broker1, L=New York, C=US, peerFlowInfo=FlowInfo(flowVersion=1, appName=cordapp-0.1), receivedMessages=[], initiatedState=Live(peerSinkSessionId=SessionId(toLong=-729299975262938117)), errors=[], deduplicationSeed=D--729299975262938117--85958386881741014)}, subFlowStack=[Inlined(flowClass=class com.derivhack.ExecutionFlowInitiated, subFlowVersion=CorDappFlow(platformVersion=4, corDappName=custom-cordapp_1_4_74971b5d-bcd5-4e00-bbd1-defbabc3845c, corDappHash=DE4C268C4E6FB82D6A14FFE52A34E054B91C7FCCBF8014879159F6B98B0B0A8C), isEnabledTimedFlow=false), Inlined(flowClass=class com.derivhack.ExecutionFlowInitiated$call$signedTransactionFlow$1, subFlowVersion=CoreFlow(platformVersion=4), isEnabledTimedFlow=false)], flowState=Started(flowIORequest=Send(sessionToMessage={FlowSessionImpl(counterparty=O=Broker1, L=New York, C=US, sourceSessionId=SessionId(toLong=2307173543249687862))=FB0951672F71339A41D446B83F106B531A7B38E40BF730E021FA06A72EAE8B4E}), frozenFiber=AF44178D3F5B0074774420B9083F981631B5BFD706B37F44790CFBA06EC673C4), errorState=Clean, numberOfSuspends=4), isCheckpointUpdate=true)
    PersistDeduplicationFacts(deduplicationHandlers=[net.corda.testing.node.internal.MockNodeMessagingService$InMemoryDeduplicationHandler@564db823])
    CommitTransaction
    AcknowledgeMessages(deduplicationHandlers=[net.corda.testing.node.internal.MockNodeMessagingService$InMemoryDeduplicationHandler@564db823])
    ScheduleEvent(event=DoRemainingWork)
  Continuation: ProcessEvents
  Diff between previous and next state:
checkpoint.flowState.flowIORequest: 
    Receive(sessions=[FlowSessionImpl(counterparty=O=Broker1, L=New York, C=US, sourceSessionId=SessionId(toLong=2307173543249687862))])
    Send(sessionToMessage={FlowSessionImpl(counterparty=O=Broker1, L=New York, C=US, sourceSessionId=SessionId(toLong=2307173543249687862))=FB0951672F71339A41D446B83F106B531A7B38E40BF730E021FA06A72EAE8B4E})
checkpoint.flowState.frozenFiber.hash: 
    FEB8A159A51407D25F542CF06B1812772D4947761F3783B8C2467C8CDFAE32E3
    AF44178D3F5B0074774420B9083F981631B5BFD706B37F44790CFBA06EC673C4
checkpoint.numberOfSuspends: 
    3
    4
pendingDeduplicationHandlers: 
    [net.corda.testing.node.internal.MockNodeMessagingService$InMemoryDeduplicationHandler@564db823]
    []
isFlowResumed: 
    true
    false

17:44:13.932 [Mock node 3 thread] INFO net.corda.node.services.statemachine.interceptors.PrintingInterceptor - Transition for flow [4abe30ec-4fc8-49f0-b6d3-3e2cf9bc5a8f] 
 --- Transition of flow [4abe30ec-4fc8-49f0-b6d3-3e2cf9bc5a8f] ---
  Timestamp: 2019-10-14T09:44:13.932Z
  Event: DoRemainingWork
  Actions: 
    SendExisting(peerParty=O=Broker1, L=New York, C=US, message=ExistingSessionMessage(recipientSessionId=SessionId(toLong=-729299975262938117), payload=DataSessionMessage(payload=class net.corda.core.serialization.SerializedBytes)), deduplicationId=SenderDeduplicationId(deduplicationId=DeduplicationId(toString=N-D--729299975262938117--85958386881741014-4-0), senderUUID=e18b8bc5-11a0-4565-ba8a-9048353590c5))
    CreateTransaction
  Continuation: Resume(result=class kotlin.Unit)
  Diff between previous and next state:
isFlowResumed: 
    false
    true

17:44:13.932 [Mock node 3 thread] INFO net.corda.node.services.statemachine.interceptors.PrintingInterceptor - Transition for flow [4abe30ec-4fc8-49f0-b6d3-3e2cf9bc5a8f] 
 --- Transition of flow [4abe30ec-4fc8-49f0-b6d3-3e2cf9bc5a8f] ---
  Timestamp: 2019-10-14T09:44:13.932Z
  Event: LeaveSubFlow
  Actions: 
    
  Continuation: ProcessEvents
  Diff between previous and next state:
checkpoint.subFlowStack: 
    [Inlined(flowClass=class com.derivhack.ExecutionFlowInitiated, subFlowVersion=CorDappFlow(platformVersion=4, corDappName=custom-cordapp_1_4_74971b5d-bcd5-4e00-bbd1-defbabc3845c, corDappHash=DE4C268C4E6FB82D6A14FFE52A34E054B91C7FCCBF8014879159F6B98B0B0A8C), isEnabledTimedFlow=false), Inlined(flowClass=class com.derivhack.ExecutionFlowInitiated$call$signedTransactionFlow$1, subFlowVersion=CoreFlow(platformVersion=4), isEnabledTimedFlow=false)]
    [Inlined(flowClass=class com.derivhack.ExecutionFlowInitiated, subFlowVersion=CorDappFlow(platformVersion=4, corDappName=custom-cordapp_1_4_74971b5d-bcd5-4e00-bbd1-defbabc3845c, corDappHash=DE4C268C4E6FB82D6A14FFE52A34E054B91C7FCCBF8014879159F6B98B0B0A8C), isEnabledTimedFlow=false)]

17:44:13.933 [Mock node 3 thread] DEBUG net.corda.flow - Subflow finished with result SignedTransaction(id=4EB1B45C4D245981CC2B0EA4B7C4A8D4D5D409244F165E705463881BCCD83A62)
17:44:13.938 [Mock node 3 thread] DEBUG net.corda.flow - Calling subflow: net.corda.core.flows.ReceiveFinalityFlow@527d81e
17:44:13.939 [Mock node 3 thread] INFO net.corda.node.services.statemachine.interceptors.PrintingInterceptor - Transition for flow [4abe30ec-4fc8-49f0-b6d3-3e2cf9bc5a8f] 
 --- Transition of flow [4abe30ec-4fc8-49f0-b6d3-3e2cf9bc5a8f] ---
  Timestamp: 2019-10-14T09:44:13.938Z
  Event: EnterSubFlow(subFlowClass=class net.corda.core.flows.ReceiveFinalityFlow, subFlowVersion=CoreFlow(platformVersion=4), isEnabledTimedFlow=false)
  Actions: 
    
  Continuation: ProcessEvents
  Diff between previous and next state:
checkpoint.subFlowStack: 
    [Inlined(flowClass=class com.derivhack.ExecutionFlowInitiated, subFlowVersion=CorDappFlow(platformVersion=4, corDappName=custom-cordapp_1_4_74971b5d-bcd5-4e00-bbd1-defbabc3845c, corDappHash=DE4C268C4E6FB82D6A14FFE52A34E054B91C7FCCBF8014879159F6B98B0B0A8C), isEnabledTimedFlow=false)]
    [Inlined(flowClass=class com.derivhack.ExecutionFlowInitiated, subFlowVersion=CorDappFlow(platformVersion=4, corDappName=custom-cordapp_1_4_74971b5d-bcd5-4e00-bbd1-defbabc3845c, corDappHash=DE4C268C4E6FB82D6A14FFE52A34E054B91C7FCCBF8014879159F6B98B0B0A8C), isEnabledTimedFlow=false), Inlined(flowClass=class net.corda.core.flows.ReceiveFinalityFlow, subFlowVersion=CoreFlow(platformVersion=4), isEnabledTimedFlow=false)]

17:44:13.940 [Mock node 3 thread] DEBUG net.corda.flow - Initializing the progress tracker for flow: net.corda.core.flows.ReceiveFinalityFlow.
17:44:13.941 [Mock node 3 thread] DEBUG net.corda.flow - Calling subflow: net.corda.core.flows.ReceiveFinalityFlow$call$1@61f0ab76
17:44:13.941 [Mock node 3 thread] INFO net.corda.node.services.statemachine.interceptors.PrintingInterceptor - Transition for flow [4abe30ec-4fc8-49f0-b6d3-3e2cf9bc5a8f] 
 --- Transition of flow [4abe30ec-4fc8-49f0-b6d3-3e2cf9bc5a8f] ---
  Timestamp: 2019-10-14T09:44:13.941Z
  Event: EnterSubFlow(subFlowClass=class net.corda.core.flows.ReceiveFinalityFlow$call$1, subFlowVersion=CoreFlow(platformVersion=4), isEnabledTimedFlow=false)
  Actions: 
    
  Continuation: ProcessEvents
  Diff between previous and next state:
checkpoint.subFlowStack: 
    [Inlined(flowClass=class com.derivhack.ExecutionFlowInitiated, subFlowVersion=CorDappFlow(platformVersion=4, corDappName=custom-cordapp_1_4_74971b5d-bcd5-4e00-bbd1-defbabc3845c, corDappHash=DE4C268C4E6FB82D6A14FFE52A34E054B91C7FCCBF8014879159F6B98B0B0A8C), isEnabledTimedFlow=false), Inlined(flowClass=class net.corda.core.flows.ReceiveFinalityFlow, subFlowVersion=CoreFlow(platformVersion=4), isEnabledTimedFlow=false)]
    [Inlined(flowClass=class com.derivhack.ExecutionFlowInitiated, subFlowVersion=CorDappFlow(platformVersion=4, corDappName=custom-cordapp_1_4_74971b5d-bcd5-4e00-bbd1-defbabc3845c, corDappHash=DE4C268C4E6FB82D6A14FFE52A34E054B91C7FCCBF8014879159F6B98B0B0A8C), isEnabledTimedFlow=false), Inlined(flowClass=class net.corda.core.flows.ReceiveFinalityFlow, subFlowVersion=CoreFlow(platformVersion=4), isEnabledTimedFlow=false), Inlined(flowClass=class net.corda.core.flows.ReceiveFinalityFlow$call$1, subFlowVersion=CoreFlow(platformVersion=4), isEnabledTimedFlow=false)]

17:44:13.946 [Mock node 2 thread] INFO net.corda.node.services.statemachine.interceptors.PrintingInterceptor - Transition for flow [29d4d244-fdcc-46f1-9057-d6d9b4e9dcf4] 
 --- Transition of flow [29d4d244-fdcc-46f1-9057-d6d9b4e9dcf4] ---
  Timestamp: 2019-10-14T09:44:13.945Z
  Event: DeliverSessionMessage(sessionMessage=ExistingSessionMessage(recipientSessionId=SessionId(toLong=-729299975262938117), payload=DataSessionMessage(payload=class net.corda.core.serialization.SerializedBytes)), deduplicationHandler=net.corda.testing.node.internal.MockNodeMessagingService$InMemoryDeduplicationHandler@6af4cbcf, sender=O=Broker2, L=New York, C=US)
  Actions: 
    ScheduleEvent(event=DoRemainingWork)
  Continuation: ProcessEvents
  Diff between previous and next state:
checkpoint.sessions.SessionId(toLong=-729299975262938117).receivedMessages: 
    []
    [DataSessionMessage(payload=class net.corda.core.serialization.SerializedBytes)]
pendingDeduplicationHandlers: 
    []
    [net.corda.testing.node.internal.MockNodeMessagingService$InMemoryDeduplicationHandler@6af4cbcf]

17:44:13.947 [Mock node 2 thread] INFO net.corda.node.services.statemachine.interceptors.PrintingInterceptor - Transition for flow [29d4d244-fdcc-46f1-9057-d6d9b4e9dcf4] 
 --- Transition of flow [29d4d244-fdcc-46f1-9057-d6d9b4e9dcf4] ---
  Timestamp: 2019-10-14T09:44:13.947Z
  Event: DoRemainingWork
  Actions: 
    CreateTransaction
  Continuation: Resume(result=class java.util.LinkedHashMap)
  Diff between previous and next state:
checkpoint.sessions.SessionId(toLong=-729299975262938117).receivedMessages: 
    [DataSessionMessage(payload=class net.corda.core.serialization.SerializedBytes)]
    []
isFlowResumed: 
    false
    true

17:44:13.949 [Mock node 2 thread] INFO net.corda.node.services.statemachine.interceptors.PrintingInterceptor - Transition for flow [29d4d244-fdcc-46f1-9057-d6d9b4e9dcf4] 
 --- Transition of flow [29d4d244-fdcc-46f1-9057-d6d9b4e9dcf4] ---
  Timestamp: 2019-10-14T09:44:13.949Z
  Event: LeaveSubFlow
  Actions: 
    
  Continuation: ProcessEvents
  Diff between previous and next state:
checkpoint.subFlowStack: 
    [Initiating(flowClass=class com.derivhack.ExecutionFlow, classToInitiateWith=class com.derivhack.ExecutionFlow, flowInfo=FlowInfo(flowVersion=1, appName=cordapp-0.1), subFlowVersion=CorDappFlow(platformVersion=4, corDappName=custom-cordapp_1_4_74971b5d-bcd5-4e00-bbd1-defbabc3845c, corDappHash=DE4C268C4E6FB82D6A14FFE52A34E054B91C7FCCBF8014879159F6B98B0B0A8C), isEnabledTimedFlow=false), Inlined(flowClass=class net.corda.core.flows.CollectSignaturesFlow, subFlowVersion=CoreFlow(platformVersion=4), isEnabledTimedFlow=false), Inlined(flowClass=class net.corda.core.flows.CollectSignatureFlow, subFlowVersion=CoreFlow(platformVersion=4), isEnabledTimedFlow=false)]
    [Initiating(flowClass=class com.derivhack.ExecutionFlow, classToInitiateWith=class com.derivhack.ExecutionFlow, flowInfo=FlowInfo(flowVersion=1, appName=cordapp-0.1), subFlowVersion=CorDappFlow(platformVersion=4, corDappName=custom-cordapp_1_4_74971b5d-bcd5-4e00-bbd1-defbabc3845c, corDappHash=DE4C268C4E6FB82D6A14FFE52A34E054B91C7FCCBF8014879159F6B98B0B0A8C), isEnabledTimedFlow=false), Inlined(flowClass=class net.corda.core.flows.CollectSignaturesFlow, subFlowVersion=CoreFlow(platformVersion=4), isEnabledTimedFlow=false)]

17:44:13.949 [Mock node 2 thread] DEBUG net.corda.flow - Subflow finished with result [[81DF927F4AEAAF3DA7C6F978CD2B522E27E34A1D936BF8E73EEF62CCA70C69903A0EEC982C41AA3D5B1C230D3F2FACD8DBB1E7574C083333CDDA53E3294D5902]]
17:44:13.953 [Mock node 2 thread] INFO net.corda.node.services.statemachine.interceptors.PrintingInterceptor - Transition for flow [29d4d244-fdcc-46f1-9057-d6d9b4e9dcf4] 
 --- Transition of flow [29d4d244-fdcc-46f1-9057-d6d9b4e9dcf4] ---
  Timestamp: 2019-10-14T09:44:13.953Z
  Event: LeaveSubFlow
  Actions: 
    
  Continuation: ProcessEvents
  Diff between previous and next state:
checkpoint.subFlowStack: 
    [Initiating(flowClass=class com.derivhack.ExecutionFlow, classToInitiateWith=class com.derivhack.ExecutionFlow, flowInfo=FlowInfo(flowVersion=1, appName=cordapp-0.1), subFlowVersion=CorDappFlow(platformVersion=4, corDappName=custom-cordapp_1_4_74971b5d-bcd5-4e00-bbd1-defbabc3845c, corDappHash=DE4C268C4E6FB82D6A14FFE52A34E054B91C7FCCBF8014879159F6B98B0B0A8C), isEnabledTimedFlow=false), Inlined(flowClass=class net.corda.core.flows.CollectSignaturesFlow, subFlowVersion=CoreFlow(platformVersion=4), isEnabledTimedFlow=false)]
    [Initiating(flowClass=class com.derivhack.ExecutionFlow, classToInitiateWith=class com.derivhack.ExecutionFlow, flowInfo=FlowInfo(flowVersion=1, appName=cordapp-0.1), subFlowVersion=CorDappFlow(platformVersion=4, corDappName=custom-cordapp_1_4_74971b5d-bcd5-4e00-bbd1-defbabc3845c, corDappHash=DE4C268C4E6FB82D6A14FFE52A34E054B91C7FCCBF8014879159F6B98B0B0A8C), isEnabledTimedFlow=false)]

17:44:13.953 [Mock node 2 thread] DEBUG net.corda.flow - Subflow finished with result SignedTransaction(id=4EB1B45C4D245981CC2B0EA4B7C4A8D4D5D409244F165E705463881BCCD83A62)
17:44:13.961 [Mock node 3 thread] DEBUG net.corda.node.services.persistence.DBCheckpointStorage - Checkpoint 4abe30ec-4fc8-49f0-b6d3-3e2cf9bc5a8f, size=23956
17:44:13.962 [Mock node 3 thread] DEBUG com.zaxxer.hikari.pool.PoolBase - HikariPool-4 - Reset (autoCommit, isolation) on connection conn34: url=jdbc:h2:mem:node_3_net_312362915497919618_persistence user=SA
17:44:13.974 [Mock node 2 thread] DEBUG net.corda.flow - Calling subflow: net.corda.core.flows.FinalityFlow@5fc38d5d
17:44:13.975 [Mock node 2 thread] INFO net.corda.node.services.statemachine.interceptors.PrintingInterceptor - Transition for flow [29d4d244-fdcc-46f1-9057-d6d9b4e9dcf4] 
 --- Transition of flow [29d4d244-fdcc-46f1-9057-d6d9b4e9dcf4] ---
  Timestamp: 2019-10-14T09:44:13.975Z
  Event: EnterSubFlow(subFlowClass=class net.corda.core.flows.FinalityFlow, subFlowVersion=CoreFlow(platformVersion=4), isEnabledTimedFlow=false)
  Actions: 
    
  Continuation: ProcessEvents
  Diff between previous and next state:
checkpoint.subFlowStack: 
    [Initiating(flowClass=class com.derivhack.ExecutionFlow, classToInitiateWith=class com.derivhack.ExecutionFlow, flowInfo=FlowInfo(flowVersion=1, appName=cordapp-0.1), subFlowVersion=CorDappFlow(platformVersion=4, corDappName=custom-cordapp_1_4_74971b5d-bcd5-4e00-bbd1-defbabc3845c, corDappHash=DE4C268C4E6FB82D6A14FFE52A34E054B91C7FCCBF8014879159F6B98B0B0A8C), isEnabledTimedFlow=false)]
    [Initiating(flowClass=class com.derivhack.ExecutionFlow, classToInitiateWith=class com.derivhack.ExecutionFlow, flowInfo=FlowInfo(flowVersion=1, appName=cordapp-0.1), subFlowVersion=CorDappFlow(platformVersion=4, corDappName=custom-cordapp_1_4_74971b5d-bcd5-4e00-bbd1-defbabc3845c, corDappHash=DE4C268C4E6FB82D6A14FFE52A34E054B91C7FCCBF8014879159F6B98B0B0A8C), isEnabledTimedFlow=false), Initiating(flowClass=class net.corda.core.flows.FinalityFlow, classToInitiateWith=class net.corda.core.flows.FinalityFlow, flowInfo=FlowInfo(flowVersion=1, appName=corda-core-4.1), subFlowVersion=CoreFlow(platformVersion=4), isEnabledTimedFlow=false)]

17:44:13.982 [Mock node 3 thread] INFO net.corda.node.services.statemachine.interceptors.PrintingInterceptor - Transition for flow [4abe30ec-4fc8-49f0-b6d3-3e2cf9bc5a8f] 
 --- Transition of flow [4abe30ec-4fc8-49f0-b6d3-3e2cf9bc5a8f] ---
  Timestamp: 2019-10-14T09:44:13.963Z
  Event: Suspend(ioRequest=Receive(sessions=[FlowSessionImpl(counterparty=O=Broker1, L=New York, C=US, sourceSessionId=SessionId(toLong=2307173543249687862))]), maySkipCheckpoint=false, fiber=138D667859AD886EB746B843746D3B5F997F8E18E5996B2E1E069575504BFF71, )
  Actions: 
    PersistCheckpoint(id=[4abe30ec-4fc8-49f0-b6d3-3e2cf9bc5a8f], checkpoint=Checkpoint(invocationContext=InvocationContext(origin=Peer(party=O=Broker1, L=New York, C=US), trace=Trace(invocationId=7cb39508-e929-41a2-98cb-ea9a72358115, timestamp: 2019-10-14T09:44:13.092Z, entityType: Invocation, sessionId=7cb39508-e929-41a2-98cb-ea9a72358115, timestamp: 2019-10-14T09:44:13.092Z, entityType: Session), actor=null, externalTrace=null, impersonatedActor=null), ourIdentity=O=Broker2, L=New York, C=US, sessions={SessionId(toLong=2307173543249687862)=Initiated(peerParty=O=Broker1, L=New York, C=US, peerFlowInfo=FlowInfo(flowVersion=1, appName=cordapp-0.1), receivedMessages=[], initiatedState=Live(peerSinkSessionId=SessionId(toLong=-729299975262938117)), errors=[], deduplicationSeed=D--729299975262938117--85958386881741014)}, subFlowStack=[Inlined(flowClass=class com.derivhack.ExecutionFlowInitiated, subFlowVersion=CorDappFlow(platformVersion=4, corDappName=custom-cordapp_1_4_74971b5d-bcd5-4e00-bbd1-defbabc3845c, corDappHash=DE4C268C4E6FB82D6A14FFE52A34E054B91C7FCCBF8014879159F6B98B0B0A8C), isEnabledTimedFlow=false), Inlined(flowClass=class net.corda.core.flows.ReceiveFinalityFlow, subFlowVersion=CoreFlow(platformVersion=4), isEnabledTimedFlow=false), Inlined(flowClass=class net.corda.core.flows.ReceiveFinalityFlow$call$1, subFlowVersion=CoreFlow(platformVersion=4), isEnabledTimedFlow=false)], flowState=Started(flowIORequest=Receive(sessions=[FlowSessionImpl(counterparty=O=Broker1, L=New York, C=US, sourceSessionId=SessionId(toLong=2307173543249687862))]), frozenFiber=138D667859AD886EB746B843746D3B5F997F8E18E5996B2E1E069575504BFF71), errorState=Clean, numberOfSuspends=5), isCheckpointUpdate=true)
    PersistDeduplicationFacts(deduplicationHandlers=[])
    CommitTransaction
    AcknowledgeMessages(deduplicationHandlers=[])
    ScheduleEvent(event=DoRemainingWork)
  Continuation: ProcessEvents
  Diff between previous and next state:
checkpoint.flowState.flowIORequest: 
    Send(sessionToMessage={FlowSessionImpl(counterparty=O=Broker1, L=New York, C=US, sourceSessionId=SessionId(toLong=2307173543249687862))=FB0951672F71339A41D446B83F106B531A7B38E40BF730E021FA06A72EAE8B4E})
    Receive(sessions=[FlowSessionImpl(counterparty=O=Broker1, L=New York, C=US, sourceSessionId=SessionId(toLong=2307173543249687862))])
checkpoint.flowState.frozenFiber.hash: 
    AF44178D3F5B0074774420B9083F981631B5BFD706B37F44790CFBA06EC673C4
    138D667859AD886EB746B843746D3B5F997F8E18E5996B2E1E069575504BFF71
checkpoint.numberOfSuspends: 
    4
    5
isFlowResumed: 
    true
    false

17:44:13.982 [Mock node 3 thread] INFO net.corda.node.services.statemachine.interceptors.PrintingInterceptor - Transition for flow [4abe30ec-4fc8-49f0-b6d3-3e2cf9bc5a8f] 
 --- Transition of flow [4abe30ec-4fc8-49f0-b6d3-3e2cf9bc5a8f] ---
  Timestamp: 2019-10-14T09:44:13.982Z
  Event: DoRemainingWork
  Actions: 
    
  Continuation: ProcessEvents
  Diff between previous and next state:
null
17:44:14.014 [Mock node 2 thread] DEBUG net.corda.flow - Started finalization, commands are [net.corda.cdmsupport.CDMEvent.Commands.Execution].
17:44:14.047 [Mock node 2 thread] DEBUG net.corda.core.contracts.AttachmentConstraint - Checking attachment uploader app is trusted
17:44:14.047 [Mock node 2 thread] DEBUG net.corda.core.contracts.StateAndContract - print command - CommandWithParties(signers=[net.i2p.crypto.eddsa.EdDSAPublicKey@8e16152b, net.i2p.crypto.eddsa.EdDSAPublicKey@9498d7a3], signingParties=[O=Broker1, L=New York, C=US, O=Broker2, L=New York, C=US], value=net.corda.cdmsupport.CDMEvent$Commands$Execution@38f7a75f)
17:44:14.047 [Mock node 2 thread] DEBUG net.corda.core.contracts.StateAndContract - ------ Execution outputIndex: 0
17:44:14.047 [Mock node 2 thread] DEBUG net.corda.core.contracts.StateAndContract - ------ InputStates Count: 0
17:44:14.047 [Mock node 2 thread] DEBUG net.corda.core.contracts.StateAndContract - ------ OutputStates Count: 1
17:44:14.047 [Mock node 2 thread] DEBUG net.corda.core.contracts.StateAndContract - ------ RefStates Count: 0
17:44:14.048 [Mock node 2 thread] INFO net.corda.flow - No need to notarise this transaction.
17:44:14.048 [Mock node 2 thread] INFO net.corda.flow - Recording transaction locally.
17:44:14.101 [Mock node 2 thread] DEBUG net.corda.serialization.internal.amqp.CachingCustomSerializerRegistry - action="Using custom serializer", class=java.security.PublicKey, declaredType=java.security.PublicKey
17:44:14.109 [Mock node 2 thread] DEBUG net.corda.serialization.internal.amqp.DefaultLocalSerializerFactory - class=SignedTransaction, type=class net.corda.core.transactions.SignedTransaction is a composite type
17:44:14.109 [Mock node 2 thread] DEBUG net.corda.serialization.internal.amqp.DefaultLocalSerializerFactory - class=TransactionWithSignatures, type=interface net.corda.core.transactions.TransactionWithSignatures is a composite type
17:44:14.110 [Mock node 2 thread] DEBUG net.corda.serialization.internal.amqp.DefaultLocalSerializerFactory - class=NamedByHash, type=interface net.corda.core.contracts.NamedByHash is a composite type
17:44:14.111 [Mock node 2 thread] DEBUG net.corda.serialization.internal.amqp.DefaultLocalSerializerFactory - class=TransactionSignature, type=class net.corda.core.crypto.TransactionSignature is a composite type
17:44:14.112 [Mock node 2 thread] DEBUG net.corda.serialization.internal.amqp.DefaultLocalSerializerFactory - class=Comparable, type=java.lang.Comparable<net.corda.core.utilities.ByteSequence> is a composite type
17:44:14.113 [Mock node 2 thread] DEBUG net.corda.serialization.internal.amqp.DefaultLocalSerializerFactory - class=PartialMerkleTree, type=class net.corda.core.crypto.PartialMerkleTree is a composite type
17:44:14.113 [Mock node 2 thread] DEBUG net.corda.serialization.internal.amqp.DefaultLocalSerializerFactory - class=PartialTree, type=class net.corda.core.crypto.PartialMerkleTree$PartialTree is a composite type
17:44:14.114 [Mock node 2 thread] DEBUG net.corda.serialization.internal.amqp.DefaultLocalSerializerFactory - class=SignatureMetadata, type=class net.corda.core.crypto.SignatureMetadata is a composite type
17:44:14.114 [Mock node 2 thread] DEBUG net.corda.serialization.internal.amqp.DefaultLocalSerializerFactory - class=SerializedBytes, type=net.corda.core.serialization.SerializedBytes<net.corda.core.transactions.CoreTransaction> is a composite type
17:44:14.115 [Mock node 2 thread] DEBUG net.corda.serialization.internal.amqp.CachingCustomSerializerRegistry - action="Using custom serializer", class=net.i2p.crypto.eddsa.EdDSAPublicKey, declaredType=java.security.PublicKey
17:44:14.116 [Mock node 2 thread] DEBUG net.corda.serialization.internal.amqp.DefaultLocalSerializerFactory - class=byte[], type=class [B is a composite type
17:44:14.172 [Mock node 2 thread] DEBUG net.corda.node.services.schema.PersistentStateService - Asked to persist state 4EB1B45C4D245981CC2B0EA4B7C4A8D4D5D409244F165E705463881BCCD83A62(0)
17:44:14.177 [Mock node 2 thread] INFO net.corda.flow - Recorded transaction locally successfully.
17:44:14.178 [Mock node 2 thread] DEBUG net.corda.flow - Calling subflow: net.corda.core.flows.SendTransactionFlow@5a6f5e16
17:44:14.178 [Mock node 2 thread] INFO net.corda.node.services.statemachine.interceptors.PrintingInterceptor - Transition for flow [29d4d244-fdcc-46f1-9057-d6d9b4e9dcf4] 
 --- Transition of flow [29d4d244-fdcc-46f1-9057-d6d9b4e9dcf4] ---
  Timestamp: 2019-10-14T09:44:14.178Z
  Event: EnterSubFlow(subFlowClass=class net.corda.core.flows.SendTransactionFlow, subFlowVersion=CoreFlow(platformVersion=4), isEnabledTimedFlow=false)
  Actions: 
    
  Continuation: ProcessEvents
  Diff between previous and next state:
checkpoint.subFlowStack: 
    [Initiating(flowClass=class com.derivhack.ExecutionFlow, classToInitiateWith=class com.derivhack.ExecutionFlow, flowInfo=FlowInfo(flowVersion=1, appName=cordapp-0.1), subFlowVersion=CorDappFlow(platformVersion=4, corDappName=custom-cordapp_1_4_74971b5d-bcd5-4e00-bbd1-defbabc3845c, corDappHash=DE4C268C4E6FB82D6A14FFE52A34E054B91C7FCCBF8014879159F6B98B0B0A8C), isEnabledTimedFlow=false), Initiating(flowClass=class net.corda.core.flows.FinalityFlow, classToInitiateWith=class net.corda.core.flows.FinalityFlow, flowInfo=FlowInfo(flowVersion=1, appName=corda-core-4.1), subFlowVersion=CoreFlow(platformVersion=4), isEnabledTimedFlow=false)]
    [Initiating(flowClass=class com.derivhack.ExecutionFlow, classToInitiateWith=class com.derivhack.ExecutionFlow, flowInfo=FlowInfo(flowVersion=1, appName=cordapp-0.1), subFlowVersion=CorDappFlow(platformVersion=4, corDappName=custom-cordapp_1_4_74971b5d-bcd5-4e00-bbd1-defbabc3845c, corDappHash=DE4C268C4E6FB82D6A14FFE52A34E054B91C7FCCBF8014879159F6B98B0B0A8C), isEnabledTimedFlow=false), Initiating(flowClass=class net.corda.core.flows.FinalityFlow, classToInitiateWith=class net.corda.core.flows.FinalityFlow, flowInfo=FlowInfo(flowVersion=1, appName=corda-core-4.1), subFlowVersion=CoreFlow(platformVersion=4), isEnabledTimedFlow=false), Inlined(flowClass=class net.corda.core.flows.SendTransactionFlow, subFlowVersion=CoreFlow(platformVersion=4), isEnabledTimedFlow=false)]

17:44:14.242 [Mock node 2 thread] DEBUG net.corda.node.services.persistence.DBCheckpointStorage - Checkpoint 29d4d244-fdcc-46f1-9057-d6d9b4e9dcf4, size=102802
17:44:14.265 [Mock node 2 thread] DEBUG com.zaxxer.hikari.pool.PoolBase - HikariPool-3 - Reset (autoCommit, isolation) on connection conn23: url=jdbc:h2:mem:node_2_net_312362915497919618_persistence user=SA
17:44:14.278 [Mock node 2 thread] INFO net.corda.node.services.statemachine.interceptors.PrintingInterceptor - Transition for flow [29d4d244-fdcc-46f1-9057-d6d9b4e9dcf4] 
 --- Transition of flow [29d4d244-fdcc-46f1-9057-d6d9b4e9dcf4] ---
  Timestamp: 2019-10-14T09:44:14.266Z
  Event: Suspend(ioRequest=SendAndReceive({FlowSessionImpl(counterparty=O=Broker2, L=New York, C=US, sourceSessionId=SessionId(toLong=-729299975262938117))=FlowSessionImpl(counterparty=O=Broker2, L=New York, C=US, sourceSessionId=SessionId(toLong=-729299975262938117))=CA29EAA592277B4035FB95DED0B9C62B4B4169EDD42A57515559157F9D514C0A}, shouldRetrySend=false), maySkipCheckpoint=false, fiber=08220A291F272200794205E77FC39654CD355B3A633C5EDCD0249DE6BD20793B, )
  Actions: 
    PersistCheckpoint(id=[29d4d244-fdcc-46f1-9057-d6d9b4e9dcf4], checkpoint=Checkpoint(invocationContext=InvocationContext(origin=RPC(actor=Actor(id=Id(value=Only For Testing), serviceId=AuthServiceId(value=TEST), owningLegalIdentity=O=Broker1, L=New York, C=US)), trace=Trace(invocationId=88be134d-5c0b-4ac9-b09d-d8261f2f0818, timestamp: 2019-10-14T09:43:59.420Z, entityType: Invocation, sessionId=88be134d-5c0b-4ac9-b09d-d8261f2f0818, timestamp: 2019-10-14T09:43:59.420Z, entityType: Session), actor=Actor(id=Id(value=Only For Testing), serviceId=AuthServiceId(value=TEST), owningLegalIdentity=O=Broker1, L=New York, C=US), externalTrace=null, impersonatedActor=null), ourIdentity=O=Broker1, L=New York, C=US, sessions={SessionId(toLong=-729299975262938117)=Initiated(peerParty=O=Broker2, L=New York, C=US, peerFlowInfo=FlowInfo(flowVersion=1, appName=cordapp-0.1), receivedMessages=[], initiatedState=Live(peerSinkSessionId=SessionId(toLong=2307173543249687862)), errors=[], deduplicationSeed=R--729299975262938117--85958386881741014)}, subFlowStack=[Initiating(flowClass=class com.derivhack.ExecutionFlow, classToInitiateWith=class com.derivhack.ExecutionFlow, flowInfo=FlowInfo(flowVersion=1, appName=cordapp-0.1), subFlowVersion=CorDappFlow(platformVersion=4, corDappName=custom-cordapp_1_4_74971b5d-bcd5-4e00-bbd1-defbabc3845c, corDappHash=DE4C268C4E6FB82D6A14FFE52A34E054B91C7FCCBF8014879159F6B98B0B0A8C), isEnabledTimedFlow=false), Initiating(flowClass=class net.corda.core.flows.FinalityFlow, classToInitiateWith=class net.corda.core.flows.FinalityFlow, flowInfo=FlowInfo(flowVersion=1, appName=corda-core-4.1), subFlowVersion=CoreFlow(platformVersion=4), isEnabledTimedFlow=false), Inlined(flowClass=class net.corda.core.flows.SendTransactionFlow, subFlowVersion=CoreFlow(platformVersion=4), isEnabledTimedFlow=false)], flowState=Started(flowIORequest=SendAndReceive({FlowSessionImpl(counterparty=O=Broker2, L=New York, C=US, sourceSessionId=SessionId(toLong=-729299975262938117))=FlowSessionImpl(counterparty=O=Broker2, L=New York, C=US, sourceSessionId=SessionId(toLong=-729299975262938117))=CA29EAA592277B4035FB95DED0B9C62B4B4169EDD42A57515559157F9D514C0A}, shouldRetrySend=false), frozenFiber=08220A291F272200794205E77FC39654CD355B3A633C5EDCD0249DE6BD20793B), errorState=Clean, numberOfSuspends=4), isCheckpointUpdate=true)
    PersistDeduplicationFacts(deduplicationHandlers=[net.corda.testing.node.internal.MockNodeMessagingService$InMemoryDeduplicationHandler@6af4cbcf])
    CommitTransaction
    AcknowledgeMessages(deduplicationHandlers=[net.corda.testing.node.internal.MockNodeMessagingService$InMemoryDeduplicationHandler@6af4cbcf])
    ScheduleEvent(event=DoRemainingWork)
  Continuation: ProcessEvents
  Diff between previous and next state:
checkpoint.flowState.flowIORequest: 
    Receive(sessions=[FlowSessionImpl(counterparty=O=Broker2, L=New York, C=US, sourceSessionId=SessionId(toLong=-729299975262938117))])
    SendAndReceive({FlowSessionImpl(counterparty=O=Broker2, L=New York, C=US, sourceSessionId=SessionId(toLong=-729299975262938117))=FlowSessionImpl(counterparty=O=Broker2, L=New York, C=US, sourceSessionId=SessionId(toLong=-729299975262938117))=CA29EAA592277B4035FB95DED0B9C62B4B4169EDD42A57515559157F9D514C0A}, shouldRetrySend=false)
checkpoint.flowState.frozenFiber.hash: 
    90F1AFC999D3FB2A66D1FD2F0590D638D5305236FA2A1FDDACD3E62F11D8F4E6
    08220A291F272200794205E77FC39654CD355B3A633C5EDCD0249DE6BD20793B
checkpoint.numberOfSuspends: 
    3
    4
pendingDeduplicationHandlers: 
    [net.corda.testing.node.internal.MockNodeMessagingService$InMemoryDeduplicationHandler@6af4cbcf]
    []
isFlowResumed: 
    true
    false

17:44:14.297 [Mock node 2 thread] INFO net.corda.node.services.statemachine.interceptors.PrintingInterceptor - Transition for flow [29d4d244-fdcc-46f1-9057-d6d9b4e9dcf4] 
 --- Transition of flow [29d4d244-fdcc-46f1-9057-d6d9b4e9dcf4] ---
  Timestamp: 2019-10-14T09:44:14.295Z
  Event: DoRemainingWork
  Actions: 
    SendExisting(peerParty=O=Broker2, L=New York, C=US, message=ExistingSessionMessage(recipientSessionId=SessionId(toLong=2307173543249687862), payload=DataSessionMessage(payload=class net.corda.core.serialization.SerializedBytes)), deduplicationId=SenderDeduplicationId(deduplicationId=DeduplicationId(toString=N-R--729299975262938117--85958386881741014-4-0), senderUUID=8c2f979e-1d9c-4233-9e8b-785f40f8cea8))
  Continuation: ProcessEvents
  Diff between previous and next state:
checkpoint.flowState.flowIORequest: 
    SendAndReceive({FlowSessionImpl(counterparty=O=Broker2, L=New York, C=US, sourceSessionId=SessionId(toLong=-729299975262938117))=FlowSessionImpl(counterparty=O=Broker2, L=New York, C=US, sourceSessionId=SessionId(toLong=-729299975262938117))=CA29EAA592277B4035FB95DED0B9C62B4B4169EDD42A57515559157F9D514C0A}, shouldRetrySend=false)
    Receive(sessions=[FlowSessionImpl(counterparty=O=Broker2, L=New York, C=US, sourceSessionId=SessionId(toLong=-729299975262938117))])

17:44:14.329 [Mock node 3 thread] INFO net.corda.node.services.statemachine.interceptors.PrintingInterceptor - Transition for flow [4abe30ec-4fc8-49f0-b6d3-3e2cf9bc5a8f] 
 --- Transition of flow [4abe30ec-4fc8-49f0-b6d3-3e2cf9bc5a8f] ---
  Timestamp: 2019-10-14T09:44:14.328Z
  Event: DeliverSessionMessage(sessionMessage=ExistingSessionMessage(recipientSessionId=SessionId(toLong=2307173543249687862), payload=DataSessionMessage(payload=class net.corda.core.serialization.SerializedBytes)), deduplicationHandler=net.corda.testing.node.internal.MockNodeMessagingService$InMemoryDeduplicationHandler@4d103ffe, sender=O=Broker1, L=New York, C=US)
  Actions: 
    ScheduleEvent(event=DoRemainingWork)
  Continuation: ProcessEvents
  Diff between previous and next state:
checkpoint.sessions.SessionId(toLong=2307173543249687862).receivedMessages: 
    []
    [DataSessionMessage(payload=class net.corda.core.serialization.SerializedBytes)]
pendingDeduplicationHandlers: 
    []
    [net.corda.testing.node.internal.MockNodeMessagingService$InMemoryDeduplicationHandler@4d103ffe]

17:44:14.330 [Mock node 3 thread] INFO net.corda.node.services.statemachine.interceptors.PrintingInterceptor - Transition for flow [4abe30ec-4fc8-49f0-b6d3-3e2cf9bc5a8f] 
 --- Transition of flow [4abe30ec-4fc8-49f0-b6d3-3e2cf9bc5a8f] ---
  Timestamp: 2019-10-14T09:44:14.329Z
  Event: DoRemainingWork
  Actions: 
    CreateTransaction
  Continuation: Resume(result=class java.util.LinkedHashMap)
  Diff between previous and next state:
checkpoint.sessions.SessionId(toLong=2307173543249687862).receivedMessages: 
    [DataSessionMessage(payload=class net.corda.core.serialization.SerializedBytes)]
    []
isFlowResumed: 
    false
    true

17:44:14.340 [Mock node 3 thread] INFO net.corda.flow - Received transaction acknowledgement request from party O=Broker1, L=New York, C=US.
17:44:14.340 [Mock node 3 thread] DEBUG net.corda.flow - Initializing the progress tracker for flow: net.corda.core.flows.ReceiveFinalityFlow$call$1.
17:44:14.340 [Mock node 3 thread] DEBUG net.corda.flow - Calling subflow: net.corda.core.internal.ResolveTransactionsFlow@613cc5b2
17:44:14.341 [Mock node 3 thread] INFO net.corda.node.services.statemachine.interceptors.PrintingInterceptor - Transition for flow [4abe30ec-4fc8-49f0-b6d3-3e2cf9bc5a8f] 
 --- Transition of flow [4abe30ec-4fc8-49f0-b6d3-3e2cf9bc5a8f] ---
  Timestamp: 2019-10-14T09:44:14.340Z
  Event: EnterSubFlow(subFlowClass=class net.corda.core.internal.ResolveTransactionsFlow, subFlowVersion=CoreFlow(platformVersion=4), isEnabledTimedFlow=false)
  Actions: 
    
  Continuation: ProcessEvents
  Diff between previous and next state:
checkpoint.subFlowStack: 
    [Inlined(flowClass=class com.derivhack.ExecutionFlowInitiated, subFlowVersion=CorDappFlow(platformVersion=4, corDappName=custom-cordapp_1_4_74971b5d-bcd5-4e00-bbd1-defbabc3845c, corDappHash=DE4C268C4E6FB82D6A14FFE52A34E054B91C7FCCBF8014879159F6B98B0B0A8C), isEnabledTimedFlow=false), Inlined(flowClass=class net.corda.core.flows.ReceiveFinalityFlow, subFlowVersion=CoreFlow(platformVersion=4), isEnabledTimedFlow=false), Inlined(flowClass=class net.corda.core.flows.ReceiveFinalityFlow$call$1, subFlowVersion=CoreFlow(platformVersion=4), isEnabledTimedFlow=false)]
    [Inlined(flowClass=class com.derivhack.ExecutionFlowInitiated, subFlowVersion=CorDappFlow(platformVersion=4, corDappName=custom-cordapp_1_4_74971b5d-bcd5-4e00-bbd1-defbabc3845c, corDappHash=DE4C268C4E6FB82D6A14FFE52A34E054B91C7FCCBF8014879159F6B98B0B0A8C), isEnabledTimedFlow=false), Inlined(flowClass=class net.corda.core.flows.ReceiveFinalityFlow, subFlowVersion=CoreFlow(platformVersion=4), isEnabledTimedFlow=false), Inlined(flowClass=class net.corda.core.flows.ReceiveFinalityFlow$call$1, subFlowVersion=CoreFlow(platformVersion=4), isEnabledTimedFlow=false), Inlined(flowClass=class net.corda.core.internal.ResolveTransactionsFlow, subFlowVersion=CoreFlow(platformVersion=4), isEnabledTimedFlow=false)]

17:44:14.353 [Mock node 3 thread] DEBUG net.corda.node.services.persistence.DBCheckpointStorage - Checkpoint 4abe30ec-4fc8-49f0-b6d3-3e2cf9bc5a8f, size=39384
17:44:14.356 [Mock node 3 thread] DEBUG com.zaxxer.hikari.pool.PoolBase - HikariPool-4 - Reset (autoCommit, isolation) on connection conn34: url=jdbc:h2:mem:node_3_net_312362915497919618_persistence user=SA
17:44:14.357 [Mock node 3 thread] INFO net.corda.node.services.statemachine.interceptors.PrintingInterceptor - Transition for flow [4abe30ec-4fc8-49f0-b6d3-3e2cf9bc5a8f] 
 --- Transition of flow [4abe30ec-4fc8-49f0-b6d3-3e2cf9bc5a8f] ---
  Timestamp: 2019-10-14T09:44:14.356Z
  Event: Suspend(ioRequest=Send(sessionToMessage={FlowSessionImpl(counterparty=O=Broker1, L=New York, C=US, sourceSessionId=SessionId(toLong=2307173543249687862))=768AED61FD2A58D74D7316731407E0600065080E1F3E6397EE4FA5AEFEE79295}), maySkipCheckpoint=false, fiber=CA0AF86CE048584BD7BF2D60EE2A5FB44B12F3FC1ACAD7AAA029349F79E400E9, )
  Actions: 
    PersistCheckpoint(id=[4abe30ec-4fc8-49f0-b6d3-3e2cf9bc5a8f], checkpoint=Checkpoint(invocationContext=InvocationContext(origin=Peer(party=O=Broker1, L=New York, C=US), trace=Trace(invocationId=7cb39508-e929-41a2-98cb-ea9a72358115, timestamp: 2019-10-14T09:44:13.092Z, entityType: Invocation, sessionId=7cb39508-e929-41a2-98cb-ea9a72358115, timestamp: 2019-10-14T09:44:13.092Z, entityType: Session), actor=null, externalTrace=null, impersonatedActor=null), ourIdentity=O=Broker2, L=New York, C=US, sessions={SessionId(toLong=2307173543249687862)=Initiated(peerParty=O=Broker1, L=New York, C=US, peerFlowInfo=FlowInfo(flowVersion=1, appName=cordapp-0.1), receivedMessages=[], initiatedState=Live(peerSinkSessionId=SessionId(toLong=-729299975262938117)), errors=[], deduplicationSeed=D--729299975262938117--85958386881741014)}, subFlowStack=[Inlined(flowClass=class com.derivhack.ExecutionFlowInitiated, subFlowVersion=CorDappFlow(platformVersion=4, corDappName=custom-cordapp_1_4_74971b5d-bcd5-4e00-bbd1-defbabc3845c, corDappHash=DE4C268C4E6FB82D6A14FFE52A34E054B91C7FCCBF8014879159F6B98B0B0A8C), isEnabledTimedFlow=false), Inlined(flowClass=class net.corda.core.flows.ReceiveFinalityFlow, subFlowVersion=CoreFlow(platformVersion=4), isEnabledTimedFlow=false), Inlined(flowClass=class net.corda.core.flows.ReceiveFinalityFlow$call$1, subFlowVersion=CoreFlow(platformVersion=4), isEnabledTimedFlow=false), Inlined(flowClass=class net.corda.core.internal.ResolveTransactionsFlow, subFlowVersion=CoreFlow(platformVersion=4), isEnabledTimedFlow=false)], flowState=Started(flowIORequest=Send(sessionToMessage={FlowSessionImpl(counterparty=O=Broker1, L=New York, C=US, sourceSessionId=SessionId(toLong=2307173543249687862))=768AED61FD2A58D74D7316731407E0600065080E1F3E6397EE4FA5AEFEE79295}), frozenFiber=CA0AF86CE048584BD7BF2D60EE2A5FB44B12F3FC1ACAD7AAA029349F79E400E9), errorState=Clean, numberOfSuspends=6), isCheckpointUpdate=true)
    PersistDeduplicationFacts(deduplicationHandlers=[net.corda.testing.node.internal.MockNodeMessagingService$InMemoryDeduplicationHandler@4d103ffe])
    CommitTransaction
    AcknowledgeMessages(deduplicationHandlers=[net.corda.testing.node.internal.MockNodeMessagingService$InMemoryDeduplicationHandler@4d103ffe])
    ScheduleEvent(event=DoRemainingWork)
  Continuation: ProcessEvents
  Diff between previous and next state:
checkpoint.flowState.flowIORequest: 
    Receive(sessions=[FlowSessionImpl(counterparty=O=Broker1, L=New York, C=US, sourceSessionId=SessionId(toLong=2307173543249687862))])
    Send(sessionToMessage={FlowSessionImpl(counterparty=O=Broker1, L=New York, C=US, sourceSessionId=SessionId(toLong=2307173543249687862))=768AED61FD2A58D74D7316731407E0600065080E1F3E6397EE4FA5AEFEE79295})
checkpoint.flowState.frozenFiber.hash: 
    138D667859AD886EB746B843746D3B5F997F8E18E5996B2E1E069575504BFF71
    CA0AF86CE048584BD7BF2D60EE2A5FB44B12F3FC1ACAD7AAA029349F79E400E9
checkpoint.numberOfSuspends: 
    5
    6
pendingDeduplicationHandlers: 
    [net.corda.testing.node.internal.MockNodeMessagingService$InMemoryDeduplicationHandler@4d103ffe]
    []
isFlowResumed: 
    true
    false

17:44:14.359 [Mock node 3 thread] INFO net.corda.node.services.statemachine.interceptors.PrintingInterceptor - Transition for flow [4abe30ec-4fc8-49f0-b6d3-3e2cf9bc5a8f] 
 --- Transition of flow [4abe30ec-4fc8-49f0-b6d3-3e2cf9bc5a8f] ---
  Timestamp: 2019-10-14T09:44:14.359Z
  Event: DoRemainingWork
  Actions: 
    SendExisting(peerParty=O=Broker1, L=New York, C=US, message=ExistingSessionMessage(recipientSessionId=SessionId(toLong=-729299975262938117), payload=DataSessionMessage(payload=class net.corda.core.serialization.SerializedBytes)), deduplicationId=SenderDeduplicationId(deduplicationId=DeduplicationId(toString=N-D--729299975262938117--85958386881741014-6-0), senderUUID=e18b8bc5-11a0-4565-ba8a-9048353590c5))
    CreateTransaction
  Continuation: Resume(result=class kotlin.Unit)
  Diff between previous and next state:
isFlowResumed: 
    false
    true

17:44:14.360 [Mock node 3 thread] INFO net.corda.node.services.statemachine.interceptors.PrintingInterceptor - Transition for flow [4abe30ec-4fc8-49f0-b6d3-3e2cf9bc5a8f] 
 --- Transition of flow [4abe30ec-4fc8-49f0-b6d3-3e2cf9bc5a8f] ---
  Timestamp: 2019-10-14T09:44:14.360Z
  Event: LeaveSubFlow
  Actions: 
    
  Continuation: ProcessEvents
  Diff between previous and next state:
checkpoint.subFlowStack: 
    [Inlined(flowClass=class com.derivhack.ExecutionFlowInitiated, subFlowVersion=CorDappFlow(platformVersion=4, corDappName=custom-cordapp_1_4_74971b5d-bcd5-4e00-bbd1-defbabc3845c, corDappHash=DE4C268C4E6FB82D6A14FFE52A34E054B91C7FCCBF8014879159F6B98B0B0A8C), isEnabledTimedFlow=false), Inlined(flowClass=class net.corda.core.flows.ReceiveFinalityFlow, subFlowVersion=CoreFlow(platformVersion=4), isEnabledTimedFlow=false), Inlined(flowClass=class net.corda.core.flows.ReceiveFinalityFlow$call$1, subFlowVersion=CoreFlow(platformVersion=4), isEnabledTimedFlow=false), Inlined(flowClass=class net.corda.core.internal.ResolveTransactionsFlow, subFlowVersion=CoreFlow(platformVersion=4), isEnabledTimedFlow=false)]
    [Inlined(flowClass=class com.derivhack.ExecutionFlowInitiated, subFlowVersion=CorDappFlow(platformVersion=4, corDappName=custom-cordapp_1_4_74971b5d-bcd5-4e00-bbd1-defbabc3845c, corDappHash=DE4C268C4E6FB82D6A14FFE52A34E054B91C7FCCBF8014879159F6B98B0B0A8C), isEnabledTimedFlow=false), Inlined(flowClass=class net.corda.core.flows.ReceiveFinalityFlow, subFlowVersion=CoreFlow(platformVersion=4), isEnabledTimedFlow=false), Inlined(flowClass=class net.corda.core.flows.ReceiveFinalityFlow$call$1, subFlowVersion=CoreFlow(platformVersion=4), isEnabledTimedFlow=false)]

17:44:14.360 [Mock node 3 thread] DEBUG net.corda.flow - Subflow finished with result kotlin.Unit
17:44:14.360 [Mock node 3 thread] INFO net.corda.flow - Transaction dependencies resolution completed.
17:44:14.370 [Mock node 2 thread] INFO net.corda.node.services.statemachine.interceptors.PrintingInterceptor - Transition for flow [29d4d244-fdcc-46f1-9057-d6d9b4e9dcf4] 
 --- Transition of flow [29d4d244-fdcc-46f1-9057-d6d9b4e9dcf4] ---
  Timestamp: 2019-10-14T09:44:14.369Z
  Event: DeliverSessionMessage(sessionMessage=ExistingSessionMessage(recipientSessionId=SessionId(toLong=-729299975262938117), payload=DataSessionMessage(payload=class net.corda.core.serialization.SerializedBytes)), deduplicationHandler=net.corda.testing.node.internal.MockNodeMessagingService$InMemoryDeduplicationHandler@4aaebd6c, sender=O=Broker2, L=New York, C=US)
  Actions: 
    ScheduleEvent(event=DoRemainingWork)
  Continuation: ProcessEvents
  Diff between previous and next state:
checkpoint.sessions.SessionId(toLong=-729299975262938117).receivedMessages: 
    []
    [DataSessionMessage(payload=class net.corda.core.serialization.SerializedBytes)]
pendingDeduplicationHandlers: 
    []
    [net.corda.testing.node.internal.MockNodeMessagingService$InMemoryDeduplicationHandler@4aaebd6c]

17:44:14.371 [Mock node 2 thread] INFO net.corda.node.services.statemachine.interceptors.PrintingInterceptor - Transition for flow [29d4d244-fdcc-46f1-9057-d6d9b4e9dcf4] 
 --- Transition of flow [29d4d244-fdcc-46f1-9057-d6d9b4e9dcf4] ---
  Timestamp: 2019-10-14T09:44:14.371Z
  Event: DoRemainingWork
  Actions: 
    CreateTransaction
  Continuation: Resume(result=class java.util.LinkedHashMap)
  Diff between previous and next state:
checkpoint.sessions.SessionId(toLong=-729299975262938117).receivedMessages: 
    [DataSessionMessage(payload=class net.corda.core.serialization.SerializedBytes)]
    []
isFlowResumed: 
    false
    true

17:44:14.372 [Mock node 2 thread] INFO net.corda.node.services.statemachine.interceptors.PrintingInterceptor - Transition for flow [29d4d244-fdcc-46f1-9057-d6d9b4e9dcf4] 
 --- Transition of flow [29d4d244-fdcc-46f1-9057-d6d9b4e9dcf4] ---
  Timestamp: 2019-10-14T09:44:14.372Z
  Event: LeaveSubFlow
  Actions: 
    
  Continuation: ProcessEvents
  Diff between previous and next state:
checkpoint.subFlowStack: 
    [Initiating(flowClass=class com.derivhack.ExecutionFlow, classToInitiateWith=class com.derivhack.ExecutionFlow, flowInfo=FlowInfo(flowVersion=1, appName=cordapp-0.1), subFlowVersion=CorDappFlow(platformVersion=4, corDappName=custom-cordapp_1_4_74971b5d-bcd5-4e00-bbd1-defbabc3845c, corDappHash=DE4C268C4E6FB82D6A14FFE52A34E054B91C7FCCBF8014879159F6B98B0B0A8C), isEnabledTimedFlow=false), Initiating(flowClass=class net.corda.core.flows.FinalityFlow, classToInitiateWith=class net.corda.core.flows.FinalityFlow, flowInfo=FlowInfo(flowVersion=1, appName=corda-core-4.1), subFlowVersion=CoreFlow(platformVersion=4), isEnabledTimedFlow=false), Inlined(flowClass=class net.corda.core.flows.SendTransactionFlow, subFlowVersion=CoreFlow(platformVersion=4), isEnabledTimedFlow=false)]
    [Initiating(flowClass=class com.derivhack.ExecutionFlow, classToInitiateWith=class com.derivhack.ExecutionFlow, flowInfo=FlowInfo(flowVersion=1, appName=cordapp-0.1), subFlowVersion=CorDappFlow(platformVersion=4, corDappName=custom-cordapp_1_4_74971b5d-bcd5-4e00-bbd1-defbabc3845c, corDappHash=DE4C268C4E6FB82D6A14FFE52A34E054B91C7FCCBF8014879159F6B98B0B0A8C), isEnabledTimedFlow=false), Initiating(flowClass=class net.corda.core.flows.FinalityFlow, classToInitiateWith=class net.corda.core.flows.FinalityFlow, flowInfo=FlowInfo(flowVersion=1, appName=corda-core-4.1), subFlowVersion=CoreFlow(platformVersion=4), isEnabledTimedFlow=false)]

17:44:14.373 [Mock node 2 thread] DEBUG net.corda.flow - Subflow finished with result null
17:44:14.373 [Mock node 2 thread] INFO net.corda.flow - Party O=Broker2, L=New York, C=US received the transaction.
17:44:14.373 [Mock node 2 thread] INFO net.corda.flow - All parties received the transaction successfully.
17:44:14.376 [Mock node 2 thread] INFO net.corda.node.services.statemachine.interceptors.PrintingInterceptor - Transition for flow [29d4d244-fdcc-46f1-9057-d6d9b4e9dcf4] 
 --- Transition of flow [29d4d244-fdcc-46f1-9057-d6d9b4e9dcf4] ---
  Timestamp: 2019-10-14T09:44:14.376Z
  Event: LeaveSubFlow
  Actions: 
    
  Continuation: ProcessEvents
  Diff between previous and next state:
checkpoint.subFlowStack: 
    [Initiating(flowClass=class com.derivhack.ExecutionFlow, classToInitiateWith=class com.derivhack.ExecutionFlow, flowInfo=FlowInfo(flowVersion=1, appName=cordapp-0.1), subFlowVersion=CorDappFlow(platformVersion=4, corDappName=custom-cordapp_1_4_74971b5d-bcd5-4e00-bbd1-defbabc3845c, corDappHash=DE4C268C4E6FB82D6A14FFE52A34E054B91C7FCCBF8014879159F6B98B0B0A8C), isEnabledTimedFlow=false), Initiating(flowClass=class net.corda.core.flows.FinalityFlow, classToInitiateWith=class net.corda.core.flows.FinalityFlow, flowInfo=FlowInfo(flowVersion=1, appName=corda-core-4.1), subFlowVersion=CoreFlow(platformVersion=4), isEnabledTimedFlow=false)]
    [Initiating(flowClass=class com.derivhack.ExecutionFlow, classToInitiateWith=class com.derivhack.ExecutionFlow, flowInfo=FlowInfo(flowVersion=1, appName=cordapp-0.1), subFlowVersion=CorDappFlow(platformVersion=4, corDappName=custom-cordapp_1_4_74971b5d-bcd5-4e00-bbd1-defbabc3845c, corDappHash=DE4C268C4E6FB82D6A14FFE52A34E054B91C7FCCBF8014879159F6B98B0B0A8C), isEnabledTimedFlow=false)]

17:44:14.376 [Mock node 2 thread] DEBUG net.corda.flow - Subflow finished with result SignedTransaction(id=4EB1B45C4D245981CC2B0EA4B7C4A8D4D5D409244F165E705463881BCCD83A62)
17:44:14.387 [Mock node 2 thread] DEBUG net.corda.flow - Calling subflow: com.derivhack.ObserveryFlow@47480f20
17:44:14.388 [Mock node 2 thread] INFO net.corda.node.services.statemachine.interceptors.PrintingInterceptor - Transition for flow [29d4d244-fdcc-46f1-9057-d6d9b4e9dcf4] 
 --- Transition of flow [29d4d244-fdcc-46f1-9057-d6d9b4e9dcf4] ---
  Timestamp: 2019-10-14T09:44:14.388Z
  Event: EnterSubFlow(subFlowClass=class com.derivhack.ObserveryFlow, subFlowVersion=CorDappFlow(platformVersion=4, corDappName=custom-cordapp_1_4_74971b5d-bcd5-4e00-bbd1-defbabc3845c, corDappHash=DE4C268C4E6FB82D6A14FFE52A34E054B91C7FCCBF8014879159F6B98B0B0A8C), isEnabledTimedFlow=false)
  Actions: 
    
  Continuation: ProcessEvents
  Diff between previous and next state:
checkpoint.subFlowStack: 
    [Initiating(flowClass=class com.derivhack.ExecutionFlow, classToInitiateWith=class com.derivhack.ExecutionFlow, flowInfo=FlowInfo(flowVersion=1, appName=cordapp-0.1), subFlowVersion=CorDappFlow(platformVersion=4, corDappName=custom-cordapp_1_4_74971b5d-bcd5-4e00-bbd1-defbabc3845c, corDappHash=DE4C268C4E6FB82D6A14FFE52A34E054B91C7FCCBF8014879159F6B98B0B0A8C), isEnabledTimedFlow=false)]
    [Initiating(flowClass=class com.derivhack.ExecutionFlow, classToInitiateWith=class com.derivhack.ExecutionFlow, flowInfo=FlowInfo(flowVersion=1, appName=cordapp-0.1), subFlowVersion=CorDappFlow(platformVersion=4, corDappName=custom-cordapp_1_4_74971b5d-bcd5-4e00-bbd1-defbabc3845c, corDappHash=DE4C268C4E6FB82D6A14FFE52A34E054B91C7FCCBF8014879159F6B98B0B0A8C), isEnabledTimedFlow=false), Initiating(flowClass=class com.derivhack.ObserveryFlow, classToInitiateWith=class com.derivhack.ObserveryFlow, flowInfo=FlowInfo(flowVersion=1, appName=cordapp-0.1), subFlowVersion=CorDappFlow(platformVersion=4, corDappName=custom-cordapp_1_4_74971b5d-bcd5-4e00-bbd1-defbabc3845c, corDappHash=DE4C268C4E6FB82D6A14FFE52A34E054B91C7FCCBF8014879159F6B98B0B0A8C), isEnabledTimedFlow=false)]

17:44:14.390 [Mock node 2 thread] INFO net.corda.node.services.statemachine.interceptors.PrintingInterceptor - Transition for flow [29d4d244-fdcc-46f1-9057-d6d9b4e9dcf4] 
 --- Transition of flow [29d4d244-fdcc-46f1-9057-d6d9b4e9dcf4] ---
  Timestamp: 2019-10-14T09:44:14.390Z
  Event: InitiateFlow(party=O=Observery, L=New York, C=US)
  Actions: 
    AddSessionBinding(flowId=[29d4d244-fdcc-46f1-9057-d6d9b4e9dcf4], sessionId=SessionId(toLong=1322132125206087474))
  Continuation: Resume(result=class net.corda.node.services.statemachine.FlowSessionImpl)
  Diff between previous and next state:
checkpoint.sessions.SessionId(toLong=1322132125206087474): 
    null
    Uninitiated(party=O=Observery, L=New York, C=US, initiatingSubFlow=Initiating(flowClass=class com.derivhack.ObserveryFlow, classToInitiateWith=class com.derivhack.ObserveryFlow, flowInfo=FlowInfo(flowVersion=1, appName=cordapp-0.1), subFlowVersion=CorDappFlow(platformVersion=4, corDappName=custom-cordapp_1_4_74971b5d-bcd5-4e00-bbd1-defbabc3845c, corDappHash=DE4C268C4E6FB82D6A14FFE52A34E054B91C7FCCBF8014879159F6B98B0B0A8C), isEnabledTimedFlow=false), sourceSessionId=SessionId(toLong=1322132125206087474), additionalEntropy=-8934575403477779263)

17:44:14.393 [Mock node 3 thread] DEBUG net.corda.core.contracts.AttachmentConstraint - Checking attachment uploader app is trusted
17:44:14.393 [Mock node 3 thread] DEBUG net.corda.core.contracts.StateAndContract - print command - CommandWithParties(signers=[net.i2p.crypto.eddsa.EdDSAPublicKey@8e16152b, net.i2p.crypto.eddsa.EdDSAPublicKey@9498d7a3], signingParties=[O=Broker1, L=New York, C=US, O=Broker2, L=New York, C=US], value=net.corda.cdmsupport.CDMEvent$Commands$Execution@3f2bbf1b)
17:44:14.393 [Mock node 3 thread] DEBUG net.corda.core.contracts.StateAndContract - ------ Execution outputIndex: 0
17:44:14.394 [Mock node 3 thread] DEBUG net.corda.core.contracts.StateAndContract - ------ InputStates Count: 0
17:44:14.394 [Mock node 3 thread] DEBUG net.corda.core.contracts.StateAndContract - ------ OutputStates Count: 1
17:44:14.394 [Mock node 3 thread] DEBUG net.corda.core.contracts.StateAndContract - ------ RefStates Count: 0
17:44:14.394 [Mock node 3 thread] INFO net.corda.flow - Successfully received fully signed tx. Sending it to the vault for processing.
17:44:14.405 [Mock node 2 thread] DEBUG net.corda.node.services.persistence.DBCheckpointStorage - Checkpoint 29d4d244-fdcc-46f1-9057-d6d9b4e9dcf4, size=87679
17:44:14.406 [Mock node 3 thread] DEBUG net.corda.node.services.schema.PersistentStateService - Asked to persist state 4EB1B45C4D245981CC2B0EA4B7C4A8D4D5D409244F165E705463881BCCD83A62(0)
17:44:14.406 [Mock node 3 thread] INFO net.corda.flow - Successfully recorded received transaction locally.
17:44:14.406 [Mock node 3 thread] INFO net.corda.node.services.statemachine.interceptors.PrintingInterceptor - Transition for flow [4abe30ec-4fc8-49f0-b6d3-3e2cf9bc5a8f] 
 --- Transition of flow [4abe30ec-4fc8-49f0-b6d3-3e2cf9bc5a8f] ---
  Timestamp: 2019-10-14T09:44:14.406Z
  Event: LeaveSubFlow
  Actions: 
    
  Continuation: ProcessEvents
  Diff between previous and next state:
checkpoint.subFlowStack: 
    [Inlined(flowClass=class com.derivhack.ExecutionFlowInitiated, subFlowVersion=CorDappFlow(platformVersion=4, corDappName=custom-cordapp_1_4_74971b5d-bcd5-4e00-bbd1-defbabc3845c, corDappHash=DE4C268C4E6FB82D6A14FFE52A34E054B91C7FCCBF8014879159F6B98B0B0A8C), isEnabledTimedFlow=false), Inlined(flowClass=class net.corda.core.flows.ReceiveFinalityFlow, subFlowVersion=CoreFlow(platformVersion=4), isEnabledTimedFlow=false), Inlined(flowClass=class net.corda.core.flows.ReceiveFinalityFlow$call$1, subFlowVersion=CoreFlow(platformVersion=4), isEnabledTimedFlow=false)]
    [Inlined(flowClass=class com.derivhack.ExecutionFlowInitiated, subFlowVersion=CorDappFlow(platformVersion=4, corDappName=custom-cordapp_1_4_74971b5d-bcd5-4e00-bbd1-defbabc3845c, corDappHash=DE4C268C4E6FB82D6A14FFE52A34E054B91C7FCCBF8014879159F6B98B0B0A8C), isEnabledTimedFlow=false), Inlined(flowClass=class net.corda.core.flows.ReceiveFinalityFlow, subFlowVersion=CoreFlow(platformVersion=4), isEnabledTimedFlow=false)]

17:44:14.407 [Mock node 3 thread] DEBUG net.corda.flow - Subflow finished with result SignedTransaction(id=4EB1B45C4D245981CC2B0EA4B7C4A8D4D5D409244F165E705463881BCCD83A62)
17:44:14.407 [Mock node 3 thread] INFO net.corda.node.services.statemachine.interceptors.PrintingInterceptor - Transition for flow [4abe30ec-4fc8-49f0-b6d3-3e2cf9bc5a8f] 
 --- Transition of flow [4abe30ec-4fc8-49f0-b6d3-3e2cf9bc5a8f] ---
  Timestamp: 2019-10-14T09:44:14.407Z
  Event: LeaveSubFlow
  Actions: 
    
  Continuation: ProcessEvents
  Diff between previous and next state:
checkpoint.subFlowStack: 
    [Inlined(flowClass=class com.derivhack.ExecutionFlowInitiated, subFlowVersion=CorDappFlow(platformVersion=4, corDappName=custom-cordapp_1_4_74971b5d-bcd5-4e00-bbd1-defbabc3845c, corDappHash=DE4C268C4E6FB82D6A14FFE52A34E054B91C7FCCBF8014879159F6B98B0B0A8C), isEnabledTimedFlow=false), Inlined(flowClass=class net.corda.core.flows.ReceiveFinalityFlow, subFlowVersion=CoreFlow(platformVersion=4), isEnabledTimedFlow=false)]
    [Inlined(flowClass=class com.derivhack.ExecutionFlowInitiated, subFlowVersion=CorDappFlow(platformVersion=4, corDappName=custom-cordapp_1_4_74971b5d-bcd5-4e00-bbd1-defbabc3845c, corDappHash=DE4C268C4E6FB82D6A14FFE52A34E054B91C7FCCBF8014879159F6B98B0B0A8C), isEnabledTimedFlow=false)]

17:44:14.407 [Mock node 3 thread] DEBUG net.corda.flow - Subflow finished with result SignedTransaction(id=4EB1B45C4D245981CC2B0EA4B7C4A8D4D5D409244F165E705463881BCCD83A62)
17:44:14.407 [Mock node 2 thread] DEBUG com.zaxxer.hikari.pool.PoolBase - HikariPool-3 - Reset (autoCommit, isolation) on connection conn23: url=jdbc:h2:mem:node_2_net_312362915497919618_persistence user=SA
17:44:14.423 [Mock node 3 thread] DEBUG com.zaxxer.hikari.pool.PoolBase - HikariPool-4 - Reset (autoCommit, isolation) on connection conn34: url=jdbc:h2:mem:node_3_net_312362915497919618_persistence user=SA
17:44:14.424 [Mock node 3 thread] INFO net.corda.node.services.statemachine.interceptors.PrintingInterceptor - Transition for flow [4abe30ec-4fc8-49f0-b6d3-3e2cf9bc5a8f] 
 --- Transition of flow [4abe30ec-4fc8-49f0-b6d3-3e2cf9bc5a8f] ---
  Timestamp: 2019-10-14T09:44:14.423Z
  Event: Suspend(ioRequest=net.corda.core.internal.FlowIORequest$WaitForSessionConfirmations@52904b3, maySkipCheckpoint=true, fiber=58E5EA1F5FA15C152F31B6C043A5D39742F27B58A6A3F3F40E56373648530B16, )
  Actions: 
    CommitTransaction
    ScheduleEvent(event=DoRemainingWork)
  Continuation: ProcessEvents
  Diff between previous and next state:
checkpoint.flowState.flowIORequest: 
    Send(sessionToMessage={FlowSessionImpl(counterparty=O=Broker1, L=New York, C=US, sourceSessionId=SessionId(toLong=2307173543249687862))=768AED61FD2A58D74D7316731407E0600065080E1F3E6397EE4FA5AEFEE79295})
    net.corda.core.internal.FlowIORequest$WaitForSessionConfirmations@52904b3
checkpoint.flowState.frozenFiber.hash: 
    CA0AF86CE048584BD7BF2D60EE2A5FB44B12F3FC1ACAD7AAA029349F79E400E9
    58E5EA1F5FA15C152F31B6C043A5D39742F27B58A6A3F3F40E56373648530B16
checkpoint.numberOfSuspends: 
    6
    7
isFlowResumed: 
    true
    false

17:44:14.427 [Mock node 2 thread] INFO net.corda.node.services.statemachine.interceptors.PrintingInterceptor - Transition for flow [29d4d244-fdcc-46f1-9057-d6d9b4e9dcf4] 
 --- Transition of flow [29d4d244-fdcc-46f1-9057-d6d9b4e9dcf4] ---
  Timestamp: 2019-10-14T09:44:14.408Z
  Event: Suspend(ioRequest=Send(sessionToMessage={FlowSessionImpl(counterparty=O=Observery, L=New York, C=US, sourceSessionId=SessionId(toLong=1322132125206087474))=CA29EAA592277B4035FB95DED0B9C62B4B4169EDD42A57515559157F9D514C0A}), maySkipCheckpoint=false, fiber=92DA129AEC82D2B81405BA6598C96092A0BEC9845441526FC594F643A8221CE9, )
  Actions: 
    PersistCheckpoint(id=[29d4d244-fdcc-46f1-9057-d6d9b4e9dcf4], checkpoint=Checkpoint(invocationContext=InvocationContext(origin=RPC(actor=Actor(id=Id(value=Only For Testing), serviceId=AuthServiceId(value=TEST), owningLegalIdentity=O=Broker1, L=New York, C=US)), trace=Trace(invocationId=88be134d-5c0b-4ac9-b09d-d8261f2f0818, timestamp: 2019-10-14T09:43:59.420Z, entityType: Invocation, sessionId=88be134d-5c0b-4ac9-b09d-d8261f2f0818, timestamp: 2019-10-14T09:43:59.420Z, entityType: Session), actor=Actor(id=Id(value=Only For Testing), serviceId=AuthServiceId(value=TEST), owningLegalIdentity=O=Broker1, L=New York, C=US), externalTrace=null, impersonatedActor=null), ourIdentity=O=Broker1, L=New York, C=US, sessions={SessionId(toLong=-729299975262938117)=Initiated(peerParty=O=Broker2, L=New York, C=US, peerFlowInfo=FlowInfo(flowVersion=1, appName=cordapp-0.1), receivedMessages=[], initiatedState=Live(peerSinkSessionId=SessionId(toLong=2307173543249687862)), errors=[], deduplicationSeed=R--729299975262938117--85958386881741014), SessionId(toLong=1322132125206087474)=Uninitiated(party=O=Observery, L=New York, C=US, initiatingSubFlow=Initiating(flowClass=class com.derivhack.ObserveryFlow, classToInitiateWith=class com.derivhack.ObserveryFlow, flowInfo=FlowInfo(flowVersion=1, appName=cordapp-0.1), subFlowVersion=CorDappFlow(platformVersion=4, corDappName=custom-cordapp_1_4_74971b5d-bcd5-4e00-bbd1-defbabc3845c, corDappHash=DE4C268C4E6FB82D6A14FFE52A34E054B91C7FCCBF8014879159F6B98B0B0A8C), isEnabledTimedFlow=false), sourceSessionId=SessionId(toLong=1322132125206087474), additionalEntropy=-8934575403477779263)}, subFlowStack=[Initiating(flowClass=class com.derivhack.ExecutionFlow, classToInitiateWith=class com.derivhack.ExecutionFlow, flowInfo=FlowInfo(flowVersion=1, appName=cordapp-0.1), subFlowVersion=CorDappFlow(platformVersion=4, corDappName=custom-cordapp_1_4_74971b5d-bcd5-4e00-bbd1-defbabc3845c, corDappHash=DE4C268C4E6FB82D6A14FFE52A34E054B91C7FCCBF8014879159F6B98B0B0A8C), isEnabledTimedFlow=false), Initiating(flowClass=class com.derivhack.ObserveryFlow, classToInitiateWith=class com.derivhack.ObserveryFlow, flowInfo=FlowInfo(flowVersion=1, appName=cordapp-0.1), subFlowVersion=CorDappFlow(platformVersion=4, corDappName=custom-cordapp_1_4_74971b5d-bcd5-4e00-bbd1-defbabc3845c, corDappHash=DE4C268C4E6FB82D6A14FFE52A34E054B91C7FCCBF8014879159F6B98B0B0A8C), isEnabledTimedFlow=false)], flowState=Started(flowIORequest=Send(sessionToMessage={FlowSessionImpl(counterparty=O=Observery, L=New York, C=US, sourceSessionId=SessionId(toLong=1322132125206087474))=CA29EAA592277B4035FB95DED0B9C62B4B4169EDD42A57515559157F9D514C0A}), frozenFiber=92DA129AEC82D2B81405BA6598C96092A0BEC9845441526FC594F643A8221CE9), errorState=Clean, numberOfSuspends=5), isCheckpointUpdate=true)
    PersistDeduplicationFacts(deduplicationHandlers=[net.corda.testing.node.internal.MockNodeMessagingService$InMemoryDeduplicationHandler@4aaebd6c])
    CommitTransaction
    AcknowledgeMessages(deduplicationHandlers=[net.corda.testing.node.internal.MockNodeMessagingService$InMemoryDeduplicationHandler@4aaebd6c])
    ScheduleEvent(event=DoRemainingWork)
  Continuation: ProcessEvents
  Diff between previous and next state:
checkpoint.flowState.flowIORequest: 
    Receive(sessions=[FlowSessionImpl(counterparty=O=Broker2, L=New York, C=US, sourceSessionId=SessionId(toLong=-729299975262938117))])
    Send(sessionToMessage={FlowSessionImpl(counterparty=O=Observery, L=New York, C=US, sourceSessionId=SessionId(toLong=1322132125206087474))=CA29EAA592277B4035FB95DED0B9C62B4B4169EDD42A57515559157F9D514C0A})
checkpoint.flowState.frozenFiber.hash: 
    08220A291F272200794205E77FC39654CD355B3A633C5EDCD0249DE6BD20793B
    92DA129AEC82D2B81405BA6598C96092A0BEC9845441526FC594F643A8221CE9
checkpoint.numberOfSuspends: 
    4
    5
pendingDeduplicationHandlers: 
    [net.corda.testing.node.internal.MockNodeMessagingService$InMemoryDeduplicationHandler@4aaebd6c]
    []
isFlowResumed: 
    true
    false

17:44:14.434 [Mock node 3 thread] INFO net.corda.node.services.statemachine.interceptors.PrintingInterceptor - Transition for flow [4abe30ec-4fc8-49f0-b6d3-3e2cf9bc5a8f] 
 --- Transition of flow [4abe30ec-4fc8-49f0-b6d3-3e2cf9bc5a8f] ---
  Timestamp: 2019-10-14T09:44:14.434Z
  Event: DoRemainingWork
  Actions: 
    CreateTransaction
  Continuation: Resume(result=class kotlin.Unit)
  Diff between previous and next state:
isFlowResumed: 
    false
    true

17:44:14.503 [Mock node 2 thread] DEBUG com.zaxxer.hikari.pool.PoolBase - HikariPool-3 - Reset (autoCommit, isolation) on connection conn23: url=jdbc:h2:mem:node_2_net_312362915497919618_persistence user=SA
17:44:14.506 [Mock node 2 thread] INFO net.corda.node.services.statemachine.interceptors.PrintingInterceptor - Transition for flow [29d4d244-fdcc-46f1-9057-d6d9b4e9dcf4] 
 --- Transition of flow [29d4d244-fdcc-46f1-9057-d6d9b4e9dcf4] ---
  Timestamp: 2019-10-14T09:44:14.505Z
  Event: DoRemainingWork
  Actions: 
    SendInitial(party=O=Observery, L=New York, C=US, initialise=InitialSessionMessage(initiatorSessionId=SessionId(toLong=1322132125206087474), initiationEntropy=-8934575403477779263, initiatorFlowClassName=com.derivhack.ObserveryFlow, appName=cordapp-0.1, firstPayload=class net.corda.core.serialization.SerializedBytes), deduplicationId=SenderDeduplicationId(deduplicationId=DeduplicationId(toString=N-R-1322132125206087474--8934575403477779263-5-0), senderUUID=8c2f979e-1d9c-4233-9e8b-785f40f8cea8))
    CreateTransaction
  Continuation: Resume(result=class kotlin.Unit)
  Diff between previous and next state:
checkpoint.sessions.SessionId(toLong=1322132125206087474): 
    Uninitiated(party=O=Observery, L=New York, C=US, initiatingSubFlow=Initiating(flowClass=class com.derivhack.ObserveryFlow, classToInitiateWith=class com.derivhack.ObserveryFlow, flowInfo=FlowInfo(flowVersion=1, appName=cordapp-0.1), subFlowVersion=CorDappFlow(platformVersion=4, corDappName=custom-cordapp_1_4_74971b5d-bcd5-4e00-bbd1-defbabc3845c, corDappHash=DE4C268C4E6FB82D6A14FFE52A34E054B91C7FCCBF8014879159F6B98B0B0A8C), isEnabledTimedFlow=false), sourceSessionId=SessionId(toLong=1322132125206087474), additionalEntropy=-8934575403477779263)
    Initiating(bufferedMessages=[], rejectionError=null, deduplicationSeed=R-1322132125206087474--8934575403477779263)
isFlowResumed: 
    false
    true

17:44:14.507 [Mock node 2 thread] INFO net.corda.node.services.statemachine.interceptors.PrintingInterceptor - Transition for flow [29d4d244-fdcc-46f1-9057-d6d9b4e9dcf4] 
 --- Transition of flow [29d4d244-fdcc-46f1-9057-d6d9b4e9dcf4] ---
  Timestamp: 2019-10-14T09:44:14.507Z
  Event: LeaveSubFlow
  Actions: 
    
  Continuation: ProcessEvents
  Diff between previous and next state:
checkpoint.subFlowStack: 
    [Initiating(flowClass=class com.derivhack.ExecutionFlow, classToInitiateWith=class com.derivhack.ExecutionFlow, flowInfo=FlowInfo(flowVersion=1, appName=cordapp-0.1), subFlowVersion=CorDappFlow(platformVersion=4, corDappName=custom-cordapp_1_4_74971b5d-bcd5-4e00-bbd1-defbabc3845c, corDappHash=DE4C268C4E6FB82D6A14FFE52A34E054B91C7FCCBF8014879159F6B98B0B0A8C), isEnabledTimedFlow=false), Initiating(flowClass=class com.derivhack.ObserveryFlow, classToInitiateWith=class com.derivhack.ObserveryFlow, flowInfo=FlowInfo(flowVersion=1, appName=cordapp-0.1), subFlowVersion=CorDappFlow(platformVersion=4, corDappName=custom-cordapp_1_4_74971b5d-bcd5-4e00-bbd1-defbabc3845c, corDappHash=DE4C268C4E6FB82D6A14FFE52A34E054B91C7FCCBF8014879159F6B98B0B0A8C), isEnabledTimedFlow=false)]
    [Initiating(flowClass=class com.derivhack.ExecutionFlow, classToInitiateWith=class com.derivhack.ExecutionFlow, flowInfo=FlowInfo(flowVersion=1, appName=cordapp-0.1), subFlowVersion=CorDappFlow(platformVersion=4, corDappName=custom-cordapp_1_4_74971b5d-bcd5-4e00-bbd1-defbabc3845c, corDappHash=DE4C268C4E6FB82D6A14FFE52A34E054B91C7FCCBF8014879159F6B98B0B0A8C), isEnabledTimedFlow=false)]

17:44:14.508 [Mock node 2 thread] DEBUG net.corda.flow - Subflow finished with result kotlin.Unit
17:44:14.531 [Mock node 2 thread] DEBUG com.zaxxer.hikari.pool.PoolBase - HikariPool-3 - Reset (autoCommit, isolation) on connection conn23: url=jdbc:h2:mem:node_2_net_312362915497919618_persistence user=SA
17:44:14.533 [Mock node 2 thread] INFO net.corda.node.services.statemachine.interceptors.PrintingInterceptor - Transition for flow [29d4d244-fdcc-46f1-9057-d6d9b4e9dcf4] 
 --- Transition of flow [29d4d244-fdcc-46f1-9057-d6d9b4e9dcf4] ---
  Timestamp: 2019-10-14T09:44:14.531Z
  Event: Suspend(ioRequest=net.corda.core.internal.FlowIORequest$WaitForSessionConfirmations@52904b3, maySkipCheckpoint=true, fiber=EE42002FCD02EB46A00086B86A684B3F3B47A6138338607728B7CF52669741C7, )
  Actions: 
    CommitTransaction
    ScheduleEvent(event=DoRemainingWork)
  Continuation: ProcessEvents
  Diff between previous and next state:
checkpoint.flowState.flowIORequest: 
    Send(sessionToMessage={FlowSessionImpl(counterparty=O=Observery, L=New York, C=US, sourceSessionId=SessionId(toLong=1322132125206087474))=CA29EAA592277B4035FB95DED0B9C62B4B4169EDD42A57515559157F9D514C0A})
    net.corda.core.internal.FlowIORequest$WaitForSessionConfirmations@52904b3
checkpoint.flowState.frozenFiber.hash: 
    92DA129AEC82D2B81405BA6598C96092A0BEC9845441526FC594F643A8221CE9
    EE42002FCD02EB46A00086B86A684B3F3B47A6138338607728B7CF52669741C7
checkpoint.numberOfSuspends: 
    5
    6
isFlowResumed: 
    true
    false

17:44:14.535 [Mock node 2 thread] INFO net.corda.node.services.statemachine.interceptors.PrintingInterceptor - Transition for flow [29d4d244-fdcc-46f1-9057-d6d9b4e9dcf4] 
 --- Transition of flow [29d4d244-fdcc-46f1-9057-d6d9b4e9dcf4] ---
  Timestamp: 2019-10-14T09:44:14.535Z
  Event: DoRemainingWork
  Actions: 
    
  Continuation: ProcessEvents
  Diff between previous and next state:
null
17:44:14.569 [Mock node 3 thread] DEBUG com.zaxxer.hikari.pool.PoolBase - HikariPool-4 - Reset (autoCommit, isolation) on connection conn34: url=jdbc:h2:mem:node_3_net_312362915497919618_persistence user=SA
17:44:14.576 [Mock node 3 thread] DEBUG net.corda.serialization.internal.amqp.DefaultLocalSerializerFactory - class=EndSessionMessage, type=class net.corda.node.services.statemachine.EndSessionMessage is a composite type
17:44:14.579 [Mock node 3 thread] INFO net.corda.node.services.statemachine.interceptors.PrintingInterceptor - Transition for flow [4abe30ec-4fc8-49f0-b6d3-3e2cf9bc5a8f] 
 --- Transition of flow [4abe30ec-4fc8-49f0-b6d3-3e2cf9bc5a8f] ---
  Timestamp: 2019-10-14T09:44:14.579Z
  Event: FlowFinish(returnValue=SignedTransaction(id=4EB1B45C4D245981CC2B0EA4B7C4A8D4D5D409244F165E705463881BCCD83A62), softLocksId=null)
  Actions: 
    RemoveCheckpoint(id=[4abe30ec-4fc8-49f0-b6d3-3e2cf9bc5a8f])
    PersistDeduplicationFacts(deduplicationHandlers=[])
    ReleaseSoftLocks(uuid=null)
    CommitTransaction
    AcknowledgeMessages(deduplicationHandlers=[])
    RemoveSessionBindings(sessionIds=[SessionId(toLong=2307173543249687862)])
    RemoveFlow(flowId=[4abe30ec-4fc8-49f0-b6d3-3e2cf9bc5a8f], removalReason=OrderlyFinish(flowReturnValue=SignedTransaction(id=4EB1B45C4D245981CC2B0EA4B7C4A8D4D5D409244F165E705463881BCCD83A62)), lastState=StateMachineState(checkpoint=Checkpoint(invocationContext=InvocationContext(origin=Peer(party=O=Broker1, L=New York, C=US), trace=Trace(invocationId=7cb39508-e929-41a2-98cb-ea9a72358115, timestamp: 2019-10-14T09:44:13.092Z, entityType: Invocation, sessionId=7cb39508-e929-41a2-98cb-ea9a72358115, timestamp: 2019-10-14T09:44:13.092Z, entityType: Session), actor=null, externalTrace=null, impersonatedActor=null), ourIdentity=O=Broker2, L=New York, C=US, sessions={SessionId(toLong=2307173543249687862)=Initiated(peerParty=O=Broker1, L=New York, C=US, peerFlowInfo=FlowInfo(flowVersion=1, appName=cordapp-0.1), receivedMessages=[], initiatedState=Live(peerSinkSessionId=SessionId(toLong=-729299975262938117)), errors=[], deduplicationSeed=D--729299975262938117--85958386881741014)}, subFlowStack=[Inlined(flowClass=class com.derivhack.ExecutionFlowInitiated, subFlowVersion=CorDappFlow(platformVersion=4, corDappName=custom-cordapp_1_4_74971b5d-bcd5-4e00-bbd1-defbabc3845c, corDappHash=DE4C268C4E6FB82D6A14FFE52A34E054B91C7FCCBF8014879159F6B98B0B0A8C), isEnabledTimedFlow=false)], flowState=Started(flowIORequest=net.corda.core.internal.FlowIORequest$WaitForSessionConfirmations@52904b3, frozenFiber=58E5EA1F5FA15C152F31B6C043A5D39742F27B58A6A3F3F40E56373648530B16), errorState=Clean, numberOfSuspends=8), flowLogic=com.derivhack.ExecutionFlowInitiated@122603cc, pendingDeduplicationHandlers=[], isFlowResumed=false, isTransactionTracked=false, isAnyCheckpointPersisted=true, isStartIdempotent=false, isRemoved=true, senderUUID=e18b8bc5-11a0-4565-ba8a-9048353590c5))
    SendExisting(peerParty=O=Broker1, L=New York, C=US, message=ExistingSessionMessage(recipientSessionId=SessionId(toLong=-729299975262938117), payload=net.corda.node.services.statemachine.EndSessionMessage@5dab6cb1), deduplicationId=SenderDeduplicationId(deduplicationId=DeduplicationId(toString=N-D--729299975262938117--85958386881741014-8-0), senderUUID=e18b8bc5-11a0-4565-ba8a-9048353590c5))
  Continuation: Resume(result=null)
  Diff between previous and next state:
checkpoint.numberOfSuspends: 
    7
    8
isRemoved: 
    false
    true
isFlowResumed: 
    true
    false

17:44:14.581 [Mock node 2 thread] INFO net.corda.node.services.statemachine.interceptors.PrintingInterceptor - Transition for flow [29d4d244-fdcc-46f1-9057-d6d9b4e9dcf4] 
 --- Transition of flow [29d4d244-fdcc-46f1-9057-d6d9b4e9dcf4] ---
  Timestamp: 2019-10-14T09:44:14.580Z
  Event: DeliverSessionMessage(sessionMessage=ExistingSessionMessage(recipientSessionId=SessionId(toLong=-729299975262938117), payload=net.corda.node.services.statemachine.EndSessionMessage@5dab6cb1), deduplicationHandler=net.corda.testing.node.internal.MockNodeMessagingService$InMemoryDeduplicationHandler@2982976c, sender=O=Broker2, L=New York, C=US)
  Actions: 
    ScheduleEvent(event=DoRemainingWork)
  Continuation: ProcessEvents
  Diff between previous and next state:
checkpoint.sessions.SessionId(toLong=-729299975262938117).initiatedState: 
    Live(peerSinkSessionId=SessionId(toLong=2307173543249687862))
    Ended
pendingDeduplicationHandlers: 
    []
    [net.corda.testing.node.internal.MockNodeMessagingService$InMemoryDeduplicationHandler@2982976c]

17:44:14.582 [Mock node 2 thread] INFO net.corda.node.services.statemachine.interceptors.PrintingInterceptor - Transition for flow [29d4d244-fdcc-46f1-9057-d6d9b4e9dcf4] 
 --- Transition of flow [29d4d244-fdcc-46f1-9057-d6d9b4e9dcf4] ---
  Timestamp: 2019-10-14T09:44:14.582Z
  Event: DoRemainingWork
  Actions: 
    
  Continuation: ProcessEvents
  Diff between previous and next state:
null
17:44:14.601 [Mock node 4 thread] DEBUG com.zaxxer.hikari.pool.PoolBase - HikariPool-5 - Reset (autoCommit, isolation) on connection conn45: url=jdbc:h2:mem:node_4_net_312362915497919618_persistence user=SA
17:44:14.610 [Mock node 4 thread] DEBUG net.corda.node.services.persistence.DBCheckpointStorage - Checkpoint 1206a726-bdee-479e-9078-2a88157ebde0, size=20941
17:44:14.612 [Mock node 4 thread] DEBUG com.zaxxer.hikari.pool.PoolBase - HikariPool-5 - Reset (autoCommit, isolation) on connection conn45: url=jdbc:h2:mem:node_4_net_312362915497919618_persistence user=SA
17:44:14.617 [Mock node 4 thread] DEBUG com.zaxxer.hikari.pool.PoolBase - HikariPool-5 - Reset (autoCommit, isolation) on connection conn45: url=jdbc:h2:mem:node_4_net_312362915497919618_persistence user=SA
17:44:14.619 [Mock node 4 thread] INFO net.corda.node.services.statemachine.interceptors.PrintingInterceptor - Transition for flow [1206a726-bdee-479e-9078-2a88157ebde0] 
 --- Transition of flow [1206a726-bdee-479e-9078-2a88157ebde0] ---
  Timestamp: 2019-10-14T09:44:14.617Z
  Event: DoRemainingWork
  Actions: 
    CreateTransaction
    PersistCheckpoint(id=[1206a726-bdee-479e-9078-2a88157ebde0], checkpoint=Checkpoint(invocationContext=InvocationContext(origin=Peer(party=O=Broker1, L=New York, C=US), trace=Trace(invocationId=8f0cceae-1a61-4bbe-85bf-536ba2a2e4ca, timestamp: 2019-10-14T09:44:14.602Z, entityType: Invocation, sessionId=8f0cceae-1a61-4bbe-85bf-536ba2a2e4ca, timestamp: 2019-10-14T09:44:14.602Z, entityType: Session), actor=null, externalTrace=null, impersonatedActor=null), ourIdentity=O=Observery, L=New York, C=US, sessions={}, subFlowStack=[Inlined(flowClass=class com.derivhack.ReceiveObservableFlow, subFlowVersion=CorDappFlow(platformVersion=4, corDappName=custom-cordapp_1_4_74971b5d-bcd5-4e00-bbd1-defbabc3845c, corDappHash=DE4C268C4E6FB82D6A14FFE52A34E054B91C7FCCBF8014879159F6B98B0B0A8C), isEnabledTimedFlow=false)], flowState=Unstarted(flowStart=Initiated, frozenFlowLogic=00322E43162BDA79034533974CD7E5FC6A6575009BCDC6B6DD7A8FD484D4DA3D), errorState=Clean, numberOfSuspends=0), isCheckpointUpdate=false)
    PersistDeduplicationFacts(deduplicationHandlers=[net.corda.testing.node.internal.MockNodeMessagingService$InMemoryDeduplicationHandler@38d1f7e9])
    CommitTransaction
    AcknowledgeMessages(deduplicationHandlers=[net.corda.testing.node.internal.MockNodeMessagingService$InMemoryDeduplicationHandler@38d1f7e9])
    SignalFlowHasStarted(flowId=[1206a726-bdee-479e-9078-2a88157ebde0])
    SendExisting(peerParty=O=Broker1, L=New York, C=US, message=ExistingSessionMessage(recipientSessionId=SessionId(toLong=1322132125206087474), payload=ConfirmSessionMessage(initiatedSessionId=SessionId(toLong=5386277807130458942), initiatedFlowInfo=FlowInfo(flowVersion=1, appName=cordapp-0.1))), deduplicationId=SenderDeduplicationId(deduplicationId=DeduplicationId(toString=N-D-1322132125206087474--8934575403477779263-0-0), senderUUID=9ad4a7f2-d1a2-4b5b-a02c-d1a400eae872))
    CreateTransaction
  Continuation: Resume(result=null)
  Diff between previous and next state:
checkpoint.sessions.SessionId(toLong=5386277807130458942): 
    null
    Initiated(peerParty=O=Broker1, L=New York, C=US, peerFlowInfo=FlowInfo(flowVersion=1, appName=cordapp-0.1), receivedMessages=[DataSessionMessage(payload=class net.corda.core.serialization.SerializedBytes)], initiatedState=Live(peerSinkSessionId=SessionId(toLong=1322132125206087474)), errors=[], deduplicationSeed=D-1322132125206087474--8934575403477779263)
isAnyCheckpointPersisted: 
    false
    true
pendingDeduplicationHandlers: 
    [net.corda.testing.node.internal.MockNodeMessagingService$InMemoryDeduplicationHandler@38d1f7e9]
    []
isFlowResumed: 
    false
    true

17:44:14.619 [Mock node 4 thread] DEBUG net.corda.flow - Calling flow: com.derivhack.ReceiveObservableFlow@5ec230a
17:44:14.620 [Mock node 2 thread] DEBUG com.zaxxer.hikari.pool.PoolBase - HikariPool-3 - Reset (autoCommit, isolation) on connection conn23: url=jdbc:h2:mem:node_2_net_312362915497919618_persistence user=SA
17:44:14.622 [Mock node 2 thread] INFO net.corda.node.services.statemachine.interceptors.PrintingInterceptor - Transition for flow [29d4d244-fdcc-46f1-9057-d6d9b4e9dcf4] 
 --- Transition of flow [29d4d244-fdcc-46f1-9057-d6d9b4e9dcf4] ---
  Timestamp: 2019-10-14T09:44:14.621Z
  Event: DeliverSessionMessage(sessionMessage=ExistingSessionMessage(recipientSessionId=SessionId(toLong=1322132125206087474), payload=ConfirmSessionMessage(initiatedSessionId=SessionId(toLong=5386277807130458942), initiatedFlowInfo=FlowInfo(flowVersion=1, appName=cordapp-0.1))), deduplicationHandler=net.corda.testing.node.internal.MockNodeMessagingService$InMemoryDeduplicationHandler@4cdd36dc, sender=O=Observery, L=New York, C=US)
  Actions: 
    ScheduleEvent(event=DoRemainingWork)
  Continuation: ProcessEvents
  Diff between previous and next state:
checkpoint.sessions.SessionId(toLong=1322132125206087474): 
    Initiating(bufferedMessages=[], rejectionError=null, deduplicationSeed=R-1322132125206087474--8934575403477779263)
    Initiated(peerParty=O=Observery, L=New York, C=US, peerFlowInfo=FlowInfo(flowVersion=1, appName=cordapp-0.1), receivedMessages=[], initiatedState=Live(peerSinkSessionId=SessionId(toLong=5386277807130458942)), errors=[], deduplicationSeed=R-1322132125206087474--8934575403477779263)
pendingDeduplicationHandlers: 
    [net.corda.testing.node.internal.MockNodeMessagingService$InMemoryDeduplicationHandler@2982976c]
    [net.corda.testing.node.internal.MockNodeMessagingService$InMemoryDeduplicationHandler@2982976c, net.corda.testing.node.internal.MockNodeMessagingService$InMemoryDeduplicationHandler@4cdd36dc]

17:44:14.623 [Mock node 2 thread] INFO net.corda.node.services.statemachine.interceptors.PrintingInterceptor - Transition for flow [29d4d244-fdcc-46f1-9057-d6d9b4e9dcf4] 
 --- Transition of flow [29d4d244-fdcc-46f1-9057-d6d9b4e9dcf4] ---
  Timestamp: 2019-10-14T09:44:14.623Z
  Event: DoRemainingWork
  Actions: 
    CreateTransaction
  Continuation: Resume(result=class kotlin.Unit)
  Diff between previous and next state:
isFlowResumed: 
    false
    true

17:44:14.626 [Mock node 4 thread] DEBUG net.corda.node.services.persistence.DBCheckpointStorage - Checkpoint 1206a726-bdee-479e-9078-2a88157ebde0, size=22369
17:44:14.627 [Mock node 4 thread] DEBUG com.zaxxer.hikari.pool.PoolBase - HikariPool-5 - Reset (autoCommit, isolation) on connection conn45: url=jdbc:h2:mem:node_4_net_312362915497919618_persistence user=SA
17:44:14.628 [Mock node 4 thread] INFO net.corda.node.services.statemachine.interceptors.PrintingInterceptor - Transition for flow [1206a726-bdee-479e-9078-2a88157ebde0] 
 --- Transition of flow [1206a726-bdee-479e-9078-2a88157ebde0] ---
  Timestamp: 2019-10-14T09:44:14.628Z
  Event: Suspend(ioRequest=Receive(sessions=[FlowSessionImpl(counterparty=O=Broker1, L=New York, C=US, sourceSessionId=SessionId(toLong=5386277807130458942))]), maySkipCheckpoint=false, fiber=3D940A210C9641E5BA9B016AAFC537F9F8F59A9203A81FB351776C3A91209979, )
  Actions: 
    PersistCheckpoint(id=[1206a726-bdee-479e-9078-2a88157ebde0], checkpoint=Checkpoint(invocationContext=InvocationContext(origin=Peer(party=O=Broker1, L=New York, C=US), trace=Trace(invocationId=8f0cceae-1a61-4bbe-85bf-536ba2a2e4ca, timestamp: 2019-10-14T09:44:14.602Z, entityType: Invocation, sessionId=8f0cceae-1a61-4bbe-85bf-536ba2a2e4ca, timestamp: 2019-10-14T09:44:14.602Z, entityType: Session), actor=null, externalTrace=null, impersonatedActor=null), ourIdentity=O=Observery, L=New York, C=US, sessions={SessionId(toLong=5386277807130458942)=Initiated(peerParty=O=Broker1, L=New York, C=US, peerFlowInfo=FlowInfo(flowVersion=1, appName=cordapp-0.1), receivedMessages=[DataSessionMessage(payload=class net.corda.core.serialization.SerializedBytes)], initiatedState=Live(peerSinkSessionId=SessionId(toLong=1322132125206087474)), errors=[], deduplicationSeed=D-1322132125206087474--8934575403477779263)}, subFlowStack=[Inlined(flowClass=class com.derivhack.ReceiveObservableFlow, subFlowVersion=CorDappFlow(platformVersion=4, corDappName=custom-cordapp_1_4_74971b5d-bcd5-4e00-bbd1-defbabc3845c, corDappHash=DE4C268C4E6FB82D6A14FFE52A34E054B91C7FCCBF8014879159F6B98B0B0A8C), isEnabledTimedFlow=false)], flowState=Started(flowIORequest=Receive(sessions=[FlowSessionImpl(counterparty=O=Broker1, L=New York, C=US, sourceSessionId=SessionId(toLong=5386277807130458942))]), frozenFiber=3D940A210C9641E5BA9B016AAFC537F9F8F59A9203A81FB351776C3A91209979), errorState=Clean, numberOfSuspends=1), isCheckpointUpdate=true)
    PersistDeduplicationFacts(deduplicationHandlers=[])
    CommitTransaction
    AcknowledgeMessages(deduplicationHandlers=[])
    ScheduleEvent(event=DoRemainingWork)
  Continuation: ProcessEvents
  Diff between previous and next state:
checkpoint.flowState: 
    Unstarted(flowStart=Initiated, frozenFlowLogic=00322E43162BDA79034533974CD7E5FC6A6575009BCDC6B6DD7A8FD484D4DA3D)
    Started(flowIORequest=Receive(sessions=[FlowSessionImpl(counterparty=O=Broker1, L=New York, C=US, sourceSessionId=SessionId(toLong=5386277807130458942))]), frozenFiber=3D940A210C9641E5BA9B016AAFC537F9F8F59A9203A81FB351776C3A91209979)
checkpoint.numberOfSuspends: 
    0
    1
isFlowResumed: 
    true
    false

17:44:14.629 [Mock node 2 thread] DEBUG com.zaxxer.hikari.pool.PoolBase - HikariPool-3 - Reset (autoCommit, isolation) on connection conn23: url=jdbc:h2:mem:node_2_net_312362915497919618_persistence user=SA
17:44:14.630 [Mock node 2 thread] INFO net.corda.node.services.statemachine.interceptors.PrintingInterceptor - Transition for flow [29d4d244-fdcc-46f1-9057-d6d9b4e9dcf4] 
 --- Transition of flow [29d4d244-fdcc-46f1-9057-d6d9b4e9dcf4] ---
  Timestamp: 2019-10-14T09:44:14.629Z
  Event: FlowFinish(returnValue=SignedTransaction(id=4EB1B45C4D245981CC2B0EA4B7C4A8D4D5D409244F165E705463881BCCD83A62), softLocksId=null)
  Actions: 
    RemoveCheckpoint(id=[29d4d244-fdcc-46f1-9057-d6d9b4e9dcf4])
    PersistDeduplicationFacts(deduplicationHandlers=[net.corda.testing.node.internal.MockNodeMessagingService$InMemoryDeduplicationHandler@2982976c, net.corda.testing.node.internal.MockNodeMessagingService$InMemoryDeduplicationHandler@4cdd36dc])
    ReleaseSoftLocks(uuid=null)
    CommitTransaction
    AcknowledgeMessages(deduplicationHandlers=[net.corda.testing.node.internal.MockNodeMessagingService$InMemoryDeduplicationHandler@2982976c, net.corda.testing.node.internal.MockNodeMessagingService$InMemoryDeduplicationHandler@4cdd36dc])
    RemoveSessionBindings(sessionIds=[SessionId(toLong=-729299975262938117), SessionId(toLong=1322132125206087474)])
    RemoveFlow(flowId=[29d4d244-fdcc-46f1-9057-d6d9b4e9dcf4], removalReason=OrderlyFinish(flowReturnValue=SignedTransaction(id=4EB1B45C4D245981CC2B0EA4B7C4A8D4D5D409244F165E705463881BCCD83A62)), lastState=StateMachineState(checkpoint=Checkpoint(invocationContext=InvocationContext(origin=RPC(actor=Actor(id=Id(value=Only For Testing), serviceId=AuthServiceId(value=TEST), owningLegalIdentity=O=Broker1, L=New York, C=US)), trace=Trace(invocationId=88be134d-5c0b-4ac9-b09d-d8261f2f0818, timestamp: 2019-10-14T09:43:59.420Z, entityType: Invocation, sessionId=88be134d-5c0b-4ac9-b09d-d8261f2f0818, timestamp: 2019-10-14T09:43:59.420Z, entityType: Session), actor=Actor(id=Id(value=Only For Testing), serviceId=AuthServiceId(value=TEST), owningLegalIdentity=O=Broker1, L=New York, C=US), externalTrace=null, impersonatedActor=null), ourIdentity=O=Broker1, L=New York, C=US, sessions={SessionId(toLong=-729299975262938117)=Initiated(peerParty=O=Broker2, L=New York, C=US, peerFlowInfo=FlowInfo(flowVersion=1, appName=cordapp-0.1), receivedMessages=[], initiatedState=Ended, errors=[], deduplicationSeed=R--729299975262938117--85958386881741014), SessionId(toLong=1322132125206087474)=Initiated(peerParty=O=Observery, L=New York, C=US, peerFlowInfo=FlowInfo(flowVersion=1, appName=cordapp-0.1), receivedMessages=[], initiatedState=Live(peerSinkSessionId=SessionId(toLong=5386277807130458942)), errors=[], deduplicationSeed=R-1322132125206087474--8934575403477779263)}, subFlowStack=[Initiating(flowClass=class com.derivhack.ExecutionFlow, classToInitiateWith=class com.derivhack.ExecutionFlow, flowInfo=FlowInfo(flowVersion=1, appName=cordapp-0.1), subFlowVersion=CorDappFlow(platformVersion=4, corDappName=custom-cordapp_1_4_74971b5d-bcd5-4e00-bbd1-defbabc3845c, corDappHash=DE4C268C4E6FB82D6A14FFE52A34E054B91C7FCCBF8014879159F6B98B0B0A8C), isEnabledTimedFlow=false)], flowState=Started(flowIORequest=net.corda.core.internal.FlowIORequest$WaitForSessionConfirmations@52904b3, frozenFiber=EE42002FCD02EB46A00086B86A684B3F3B47A6138338607728B7CF52669741C7), errorState=Clean, numberOfSuspends=7), flowLogic=com.derivhack.ExecutionFlow@43cd5c56, pendingDeduplicationHandlers=[], isFlowResumed=false, isTransactionTracked=false, isAnyCheckpointPersisted=true, isStartIdempotent=false, isRemoved=true, senderUUID=8c2f979e-1d9c-4233-9e8b-785f40f8cea8))
    SendExisting(peerParty=O=Observery, L=New York, C=US, message=ExistingSessionMessage(recipientSessionId=SessionId(toLong=5386277807130458942), payload=net.corda.node.services.statemachine.EndSessionMessage@5dab6cb1), deduplicationId=SenderDeduplicationId(deduplicationId=DeduplicationId(toString=N-R-1322132125206087474--8934575403477779263-7-1), senderUUID=8c2f979e-1d9c-4233-9e8b-785f40f8cea8))
  Continuation: Resume(result=null)
  Diff between previous and next state:
checkpoint.numberOfSuspends: 
    6
    7
isRemoved: 
    false
    true
pendingDeduplicationHandlers: 
    [net.corda.testing.node.internal.MockNodeMessagingService$InMemoryDeduplicationHandler@2982976c, net.corda.testing.node.internal.MockNodeMessagingService$InMemoryDeduplicationHandler@4cdd36dc]
    []
isFlowResumed: 
    true
    false

17:44:14.631 [Mock node 4 thread] INFO net.corda.node.services.statemachine.interceptors.PrintingInterceptor - Transition for flow [1206a726-bdee-479e-9078-2a88157ebde0] 
 --- Transition of flow [1206a726-bdee-479e-9078-2a88157ebde0] ---
  Timestamp: 2019-10-14T09:44:14.629Z
  Event: DoRemainingWork
  Actions: 
    CreateTransaction
  Continuation: Resume(result=class java.util.LinkedHashMap)
  Diff between previous and next state:
checkpoint.sessions.SessionId(toLong=5386277807130458942).receivedMessages: 
    [DataSessionMessage(payload=class net.corda.core.serialization.SerializedBytes)]
    []
isFlowResumed: 
    false
    true

17:44:14.674 [Mock node 4 thread] DEBUG net.corda.node.services.schema.PersistentStateService - Asked to persist state 4EB1B45C4D245981CC2B0EA4B7C4A8D4D5D409244F165E705463881BCCD83A62(0)
17:44:14.682 [Mock node 4 thread] DEBUG com.zaxxer.hikari.pool.PoolBase - HikariPool-5 - Reset (autoCommit, isolation) on connection conn45: url=jdbc:h2:mem:node_4_net_312362915497919618_persistence user=SA
17:44:14.683 [Mock node 4 thread] INFO net.corda.node.services.statemachine.interceptors.PrintingInterceptor - Transition for flow [1206a726-bdee-479e-9078-2a88157ebde0] 
 --- Transition of flow [1206a726-bdee-479e-9078-2a88157ebde0] ---
  Timestamp: 2019-10-14T09:44:14.682Z
  Event: Suspend(ioRequest=net.corda.core.internal.FlowIORequest$WaitForSessionConfirmations@52904b3, maySkipCheckpoint=true, fiber=707E3BDC41ECD8BD00920D115B9BED589CA8963FF40C7D6FE27C84CEE6B09AC3, )
  Actions: 
    CommitTransaction
    ScheduleEvent(event=DoRemainingWork)
  Continuation: ProcessEvents
  Diff between previous and next state:
checkpoint.flowState.flowIORequest: 
    Receive(sessions=[FlowSessionImpl(counterparty=O=Broker1, L=New York, C=US, sourceSessionId=SessionId(toLong=5386277807130458942))])
    net.corda.core.internal.FlowIORequest$WaitForSessionConfirmations@52904b3
checkpoint.flowState.frozenFiber.hash: 
    3D940A210C9641E5BA9B016AAFC537F9F8F59A9203A81FB351776C3A91209979
    707E3BDC41ECD8BD00920D115B9BED589CA8963FF40C7D6FE27C84CEE6B09AC3
checkpoint.numberOfSuspends: 
    1
    2
isFlowResumed: 
    true
    false

17:44:14.684 [Mock node 4 thread] INFO net.corda.node.services.statemachine.interceptors.PrintingInterceptor - Transition for flow [1206a726-bdee-479e-9078-2a88157ebde0] 
 --- Transition of flow [1206a726-bdee-479e-9078-2a88157ebde0] ---
  Timestamp: 2019-10-14T09:44:14.684Z
  Event: DoRemainingWork
  Actions: 
    CreateTransaction
  Continuation: Resume(result=class kotlin.Unit)
  Diff between previous and next state:
isFlowResumed: 
    false
    true

17:44:14.687 [Mock node 4 thread] DEBUG com.zaxxer.hikari.pool.PoolBase - HikariPool-5 - Reset (autoCommit, isolation) on connection conn45: url=jdbc:h2:mem:node_4_net_312362915497919618_persistence user=SA
17:44:14.693 [Mock node 4 thread] INFO net.corda.node.services.statemachine.interceptors.PrintingInterceptor - Transition for flow [1206a726-bdee-479e-9078-2a88157ebde0] 
 --- Transition of flow [1206a726-bdee-479e-9078-2a88157ebde0] ---
  Timestamp: 2019-10-14T09:44:14.692Z
  Event: FlowFinish(returnValue=kotlin.Unit, softLocksId=null)
  Actions: 
    RemoveCheckpoint(id=[1206a726-bdee-479e-9078-2a88157ebde0])
    PersistDeduplicationFacts(deduplicationHandlers=[])
    ReleaseSoftLocks(uuid=null)
    CommitTransaction
    AcknowledgeMessages(deduplicationHandlers=[])
    RemoveSessionBindings(sessionIds=[SessionId(toLong=5386277807130458942)])
    RemoveFlow(flowId=[1206a726-bdee-479e-9078-2a88157ebde0], removalReason=OrderlyFinish(flowReturnValue=kotlin.Unit), lastState=StateMachineState(checkpoint=Checkpoint(invocationContext=InvocationContext(origin=Peer(party=O=Broker1, L=New York, C=US), trace=Trace(invocationId=8f0cceae-1a61-4bbe-85bf-536ba2a2e4ca, timestamp: 2019-10-14T09:44:14.602Z, entityType: Invocation, sessionId=8f0cceae-1a61-4bbe-85bf-536ba2a2e4ca, timestamp: 2019-10-14T09:44:14.602Z, entityType: Session), actor=null, externalTrace=null, impersonatedActor=null), ourIdentity=O=Observery, L=New York, C=US, sessions={SessionId(toLong=5386277807130458942)=Initiated(peerParty=O=Broker1, L=New York, C=US, peerFlowInfo=FlowInfo(flowVersion=1, appName=cordapp-0.1), receivedMessages=[], initiatedState=Live(peerSinkSessionId=SessionId(toLong=1322132125206087474)), errors=[], deduplicationSeed=D-1322132125206087474--8934575403477779263)}, subFlowStack=[Inlined(flowClass=class com.derivhack.ReceiveObservableFlow, subFlowVersion=CorDappFlow(platformVersion=4, corDappName=custom-cordapp_1_4_74971b5d-bcd5-4e00-bbd1-defbabc3845c, corDappHash=DE4C268C4E6FB82D6A14FFE52A34E054B91C7FCCBF8014879159F6B98B0B0A8C), isEnabledTimedFlow=false)], flowState=Started(flowIORequest=net.corda.core.internal.FlowIORequest$WaitForSessionConfirmations@52904b3, frozenFiber=707E3BDC41ECD8BD00920D115B9BED589CA8963FF40C7D6FE27C84CEE6B09AC3), errorState=Clean, numberOfSuspends=3), flowLogic=com.derivhack.ReceiveObservableFlow@5ec230a, pendingDeduplicationHandlers=[], isFlowResumed=false, isTransactionTracked=false, isAnyCheckpointPersisted=true, isStartIdempotent=false, isRemoved=true, senderUUID=9ad4a7f2-d1a2-4b5b-a02c-d1a400eae872))
    SendExisting(peerParty=O=Broker1, L=New York, C=US, message=ExistingSessionMessage(recipientSessionId=SessionId(toLong=1322132125206087474), payload=net.corda.node.services.statemachine.EndSessionMessage@5dab6cb1), deduplicationId=SenderDeduplicationId(deduplicationId=DeduplicationId(toString=N-D-1322132125206087474--8934575403477779263-3-0), senderUUID=9ad4a7f2-d1a2-4b5b-a02c-d1a400eae872))
  Continuation: Resume(result=null)
  Diff between previous and next state:
checkpoint.numberOfSuspends: 
    2
    3
isRemoved: 
    false
    true
isFlowResumed: 
    true
    false

17:44:14.694 [Mock node 4 thread] DEBUG net.corda.node.services.statemachine.SingleThreadedStateMachineManager - Got EndSessionMessage for unknown session SessionId(toLong=5386277807130458942), discarding...
17:44:14.697 [Mock node 2 thread] DEBUG net.corda.node.services.statemachine.SingleThreadedStateMachineManager - Got EndSessionMessage for unknown session SessionId(toLong=1322132125206087474), discarding...
17:44:14.775 [HikariPool-3 housekeeper] DEBUG com.zaxxer.hikari.pool.HikariPool - HikariPool-3 - Pool stats (total=10, active=0, idle=10, waiting=0)
17:44:14.811 [Mock node 2 thread] DEBUG net.corda.node.services.persistence.DBCheckpointStorage - Checkpoint 3eec2e90-aecf-4e17-96a2-8d635674e331, size=41114
17:44:14.812 [Mock node 2 thread] DEBUG com.zaxxer.hikari.pool.PoolBase - HikariPool-3 - Reset (autoCommit, isolation) on connection conn23: url=jdbc:h2:mem:node_2_net_312362915497919618_persistence user=SA
17:44:14.814 [Mock node 2 thread] INFO net.corda.node.services.statemachine.interceptors.PrintingInterceptor - Transition for flow [3eec2e90-aecf-4e17-96a2-8d635674e331] 
 --- Transition of flow [3eec2e90-aecf-4e17-96a2-8d635674e331] ---
  Timestamp: 2019-10-14T09:44:14.813Z
  Event: DoRemainingWork
  Actions: 
    CreateTransaction
    PersistCheckpoint(id=[3eec2e90-aecf-4e17-96a2-8d635674e331], checkpoint=Checkpoint(invocationContext=InvocationContext(origin=RPC(actor=Actor(id=Id(value=Only For Testing), serviceId=AuthServiceId(value=TEST), owningLegalIdentity=O=Broker1, L=New York, C=US)), trace=Trace(invocationId=6692ef0f-60cb-482c-8a18-6cc07cbe6c24, timestamp: 2019-10-14T09:44:14.806Z, entityType: Invocation, sessionId=6692ef0f-60cb-482c-8a18-6cc07cbe6c24, timestamp: 2019-10-14T09:44:14.806Z, entityType: Session), actor=Actor(id=Id(value=Only For Testing), serviceId=AuthServiceId(value=TEST), owningLegalIdentity=O=Broker1, L=New York, C=US), externalTrace=null, impersonatedActor=null), ourIdentity=O=Broker1, L=New York, C=US, sessions={}, subFlowStack=[Initiating(flowClass=class com.derivhack.AllocationFlow, classToInitiateWith=class com.derivhack.AllocationFlow, flowInfo=FlowInfo(flowVersion=1, appName=cordapp-0.1), subFlowVersion=CorDappFlow(platformVersion=4, corDappName=custom-cordapp_1_4_74971b5d-bcd5-4e00-bbd1-defbabc3845c, corDappHash=DE4C268C4E6FB82D6A14FFE52A34E054B91C7FCCBF8014879159F6B98B0B0A8C), isEnabledTimedFlow=false)], flowState=Unstarted(flowStart=Explicit, frozenFlowLogic=D38D222DEF61BFE2E6EDFBC891302970C9D198D9D0A61256A6952628F5F8D9C3), errorState=Clean, numberOfSuspends=0), isCheckpointUpdate=false)
    PersistDeduplicationFacts(deduplicationHandlers=[net.corda.node.internal.FlowStarterImpl$startFlow$startFlowEvent$1@7262d115])
    CommitTransaction
    AcknowledgeMessages(deduplicationHandlers=[net.corda.node.internal.FlowStarterImpl$startFlow$startFlowEvent$1@7262d115])
    SignalFlowHasStarted(flowId=[3eec2e90-aecf-4e17-96a2-8d635674e331])
    CreateTransaction
  Continuation: Resume(result=null)
  Diff between previous and next state:
isAnyCheckpointPersisted: 
    false
    true
pendingDeduplicationHandlers: 
    [net.corda.node.internal.FlowStarterImpl$startFlow$startFlowEvent$1@7262d115]
    []
isFlowResumed: 
    false
    true

17:44:14.814 [Mock node 2 thread] DEBUG net.corda.flow - Calling flow: com.derivhack.AllocationFlow@41b434be
17:44:36.610 [HikariPool-1 housekeeper] WARN com.zaxxer.hikari.pool.HikariPool - HikariPool-1 - Thread starvation or clock leap detected (housekeeper delta=45s888ms920µs700ns).
17:44:36.611 [MockNode-3-2] DEBUG net.corda.node.services.network.NodeInfoWatcher - Read 0 NodeInfo files from build\mock-network\20191014-094255.202\nodes\2\additional-node-infos
17:44:36.611 [MockNode-3-2] DEBUG net.corda.node.services.network.NodeInfoWatcher - Number of removed NodeInfo files 0
17:44:36.611 [HikariPool-1 housekeeper] DEBUG com.zaxxer.hikari.pool.HikariPool - HikariPool-1 - Pool stats (total=10, active=0, idle=10, waiting=0)
17:44:36.612 [MockNode-1-2] DEBUG net.corda.node.services.network.NodeInfoWatcher - Read 0 NodeInfo files from build\mock-network\20191014-094255.202\nodes\0\additional-node-infos
17:44:36.612 [MockNode-1-2] DEBUG net.corda.node.services.network.NodeInfoWatcher - Number of removed NodeInfo files 0
17:44:36.613 [MockNode-1-2] DEBUG net.corda.node.services.network.NodeInfoWatcher - Read 0 NodeInfo files from build\mock-network\20191014-094255.202\nodes\0\additional-node-infos
17:44:36.613 [MockNode-1-2] DEBUG net.corda.node.services.network.NodeInfoWatcher - Number of removed NodeInfo files 0
17:44:36.614 [MockNode-3-2] DEBUG net.corda.node.services.network.NodeInfoWatcher - Read 0 NodeInfo files from build\mock-network\20191014-094255.202\nodes\2\additional-node-infos
17:44:36.614 [MockNode-3-2] DEBUG net.corda.node.services.network.NodeInfoWatcher - Number of removed NodeInfo files 0
17:44:36.615 [HikariPool-4 housekeeper] WARN com.zaxxer.hikari.pool.HikariPool - HikariPool-4 - Thread starvation or clock leap detected (housekeeper delta=47s890ms402µs300ns).
17:44:36.615 [MockNode-1-2] DEBUG net.corda.node.services.network.NodeInfoWatcher - Read 0 NodeInfo files from build\mock-network\20191014-094255.202\nodes\0\additional-node-infos
17:44:36.615 [MockNode-1-2] DEBUG net.corda.node.services.network.NodeInfoWatcher - Number of removed NodeInfo files 0
17:44:36.612 [MockNode-2-2] DEBUG net.corda.node.services.network.NodeInfoWatcher - Read 0 NodeInfo files from build\mock-network\20191014-094255.202\nodes\1\additional-node-infos
17:44:36.616 [MockNode-2-2] DEBUG net.corda.node.services.network.NodeInfoWatcher - Number of removed NodeInfo files 0
17:44:36.616 [HikariPool-4 housekeeper] DEBUG com.zaxxer.hikari.pool.HikariPool - HikariPool-4 - Pool stats (total=10, active=0, idle=10, waiting=0)
17:44:36.617 [MockNode-1-2] DEBUG net.corda.node.services.network.NodeInfoWatcher - Read 0 NodeInfo files from build\mock-network\20191014-094255.202\nodes\0\additional-node-infos
17:44:36.617 [MockNode-1-2] DEBUG net.corda.node.services.network.NodeInfoWatcher - Number of removed NodeInfo files 0
17:44:36.618 [MockNode-2-2] DEBUG net.corda.node.services.network.NodeInfoWatcher - Read 0 NodeInfo files from build\mock-network\20191014-094255.202\nodes\1\additional-node-infos
17:44:36.618 [MockNode-2-2] DEBUG net.corda.node.services.network.NodeInfoWatcher - Number of removed NodeInfo files 0
17:44:36.618 [MockNode-4-2] DEBUG net.corda.node.services.network.NodeInfoWatcher - Read 0 NodeInfo files from build\mock-network\20191014-094255.202\nodes\3\additional-node-infos
17:44:36.618 [MockNode-4-2] DEBUG net.corda.node.services.network.NodeInfoWatcher - Number of removed NodeInfo files 0
17:44:36.619 [MockNode-2-2] DEBUG net.corda.node.services.network.NodeInfoWatcher - Read 0 NodeInfo files from build\mock-network\20191014-094255.202\nodes\1\additional-node-infos
17:44:36.619 [MockNode-2-2] DEBUG net.corda.node.services.network.NodeInfoWatcher - Number of removed NodeInfo files 0
17:44:36.620 [MockNode-4-2] DEBUG net.corda.node.services.network.NodeInfoWatcher - Read 0 NodeInfo files from build\mock-network\20191014-094255.202\nodes\3\additional-node-infos
17:44:36.620 [MockNode-4-2] DEBUG net.corda.node.services.network.NodeInfoWatcher - Number of removed NodeInfo files 0
17:44:36.621 [MockNode-2-2] DEBUG net.corda.node.services.network.NodeInfoWatcher - Read 0 NodeInfo files from build\mock-network\20191014-094255.202\nodes\1\additional-node-infos
17:44:36.621 [MockNode-2-2] DEBUG net.corda.node.services.network.NodeInfoWatcher - Number of removed NodeInfo files 0
17:44:36.621 [MockNode-4-2] DEBUG net.corda.node.services.network.NodeInfoWatcher - Read 0 NodeInfo files from build\mock-network\20191014-094255.202\nodes\3\additional-node-infos
17:44:36.621 [MockNode-4-2] DEBUG net.corda.node.services.network.NodeInfoWatcher - Number of removed NodeInfo files 0
17:44:36.622 [MockNode-3-2] DEBUG net.corda.node.services.network.NodeInfoWatcher - Read 0 NodeInfo files from build\mock-network\20191014-094255.202\nodes\2\additional-node-infos
17:44:36.622 [MockNode-3-2] DEBUG net.corda.node.services.network.NodeInfoWatcher - Number of removed NodeInfo files 0
17:44:36.623 [MockNode-3-2] DEBUG net.corda.node.services.network.NodeInfoWatcher - Read 0 NodeInfo files from build\mock-network\20191014-094255.202\nodes\2\additional-node-infos
17:44:36.623 [MockNode-3-2] DEBUG net.corda.node.services.network.NodeInfoWatcher - Number of removed NodeInfo files 0
17:44:36.625 [MockNode-4-2] DEBUG net.corda.node.services.network.NodeInfoWatcher - Read 0 NodeInfo files from build\mock-network\20191014-094255.202\nodes\3\additional-node-infos
17:44:36.625 [MockNode-4-2] DEBUG net.corda.node.services.network.NodeInfoWatcher - Number of removed NodeInfo files 0
17:44:36.628 [MockNode-4-2] DEBUG net.corda.node.services.network.NodeInfoWatcher - Read 0 NodeInfo files from build\mock-network\20191014-094255.202\nodes\3\additional-node-infos
17:44:36.628 [MockNode-4-2] DEBUG net.corda.node.services.network.NodeInfoWatcher - Number of removed NodeInfo files 0
17:44:36.630 [HikariPool-5 housekeeper] DEBUG com.zaxxer.hikari.pool.HikariPool - HikariPool-5 - Pool stats (total=10, active=0, idle=10, waiting=0)
17:44:36.631 [MockNode-5-2] DEBUG net.corda.node.services.network.NodeInfoWatcher - Read 0 NodeInfo files from build\mock-network\20191014-094255.202\nodes\4\additional-node-infos
17:44:36.631 [MockNode-5-2] DEBUG net.corda.node.services.network.NodeInfoWatcher - Number of removed NodeInfo files 0
17:44:36.633 [MockNode-5-2] DEBUG net.corda.node.services.network.NodeInfoWatcher - Read 0 NodeInfo files from build\mock-network\20191014-094255.202\nodes\4\additional-node-infos
17:44:36.634 [MockNode-5-2] DEBUG net.corda.node.services.network.NodeInfoWatcher - Number of removed NodeInfo files 0
17:44:36.636 [MockNode-5-2] DEBUG net.corda.node.services.network.NodeInfoWatcher - Read 0 NodeInfo files from build\mock-network\20191014-094255.202\nodes\4\additional-node-infos
17:44:36.636 [MockNode-5-2] DEBUG net.corda.node.services.network.NodeInfoWatcher - Number of removed NodeInfo files 0
17:44:36.637 [MockNode-6-2] DEBUG net.corda.node.services.network.NodeInfoWatcher - Read 0 NodeInfo files from build\mock-network\20191014-094255.202\nodes\5\additional-node-infos
17:44:36.637 [MockNode-6-2] DEBUG net.corda.node.services.network.NodeInfoWatcher - Number of removed NodeInfo files 0
17:44:36.638 [HikariPool-6 housekeeper] DEBUG com.zaxxer.hikari.pool.HikariPool - HikariPool-6 - Pool stats (total=10, active=0, idle=10, waiting=0)
17:44:36.638 [MockNode-5-2] DEBUG net.corda.node.services.network.NodeInfoWatcher - Read 0 NodeInfo files from build\mock-network\20191014-094255.202\nodes\4\additional-node-infos
17:44:36.638 [MockNode-6-2] DEBUG net.corda.node.services.network.NodeInfoWatcher - Read 0 NodeInfo files from build\mock-network\20191014-094255.202\nodes\5\additional-node-infos
17:44:36.638 [MockNode-5-2] DEBUG net.corda.node.services.network.NodeInfoWatcher - Number of removed NodeInfo files 0
17:44:36.638 [MockNode-6-2] DEBUG net.corda.node.services.network.NodeInfoWatcher - Number of removed NodeInfo files 0
17:44:36.639 [MockNode-6-2] DEBUG net.corda.node.services.network.NodeInfoWatcher - Read 0 NodeInfo files from build\mock-network\20191014-094255.202\nodes\5\additional-node-infos
17:44:36.639 [MockNode-6-2] DEBUG net.corda.node.services.network.NodeInfoWatcher - Number of removed NodeInfo files 0
17:44:36.639 [MockNode-5-2] DEBUG net.corda.node.services.network.NodeInfoWatcher - Read 0 NodeInfo files from build\mock-network\20191014-094255.202\nodes\4\additional-node-infos
17:44:36.640 [MockNode-5-2] DEBUG net.corda.node.services.network.NodeInfoWatcher - Number of removed NodeInfo files 0
17:44:36.642 [MockNode-6-2] DEBUG net.corda.node.services.network.NodeInfoWatcher - Read 0 NodeInfo files from build\mock-network\20191014-094255.202\nodes\5\additional-node-infos
17:44:36.642 [MockNode-6-2] DEBUG net.corda.node.services.network.NodeInfoWatcher - Number of removed NodeInfo files 0
17:44:46.647 [MockNode-1-2] DEBUG net.corda.node.services.network.NodeInfoWatcher - Read 0 NodeInfo files from build\mock-network\20191014-094255.202\nodes\0\additional-node-infos
17:44:46.647 [MockNode-1-2] DEBUG net.corda.node.services.network.NodeInfoWatcher - Number of removed NodeInfo files 0
17:44:46.647 [MockNode-2-2] DEBUG net.corda.node.services.network.NodeInfoWatcher - Read 0 NodeInfo files from build\mock-network\20191014-094255.202\nodes\1\additional-node-infos
17:44:46.647 [MockNode-2-2] DEBUG net.corda.node.services.network.NodeInfoWatcher - Number of removed NodeInfo files 0
17:44:46.647 [HikariPool-2 housekeeper] DEBUG com.zaxxer.hikari.pool.HikariPool - HikariPool-2 - Pool stats (total=10, active=0, idle=10, waiting=0)
17:44:46.647 [MockNode-1-2] DEBUG net.corda.node.services.network.NodeInfoWatcher - Read 0 NodeInfo files from build\mock-network\20191014-094255.202\nodes\0\additional-node-infos
17:44:46.647 [MockNode-1-2] DEBUG net.corda.node.services.network.NodeInfoWatcher - Number of removed NodeInfo files 0
17:44:46.647 [MockNode-2-2] DEBUG net.corda.node.services.network.NodeInfoWatcher - Read 0 NodeInfo files from build\mock-network\20191014-094255.202\nodes\1\additional-node-infos
17:44:46.647 [MockNode-2-2] DEBUG net.corda.node.services.network.NodeInfoWatcher - Number of removed NodeInfo files 0
17:44:46.647 [HikariPool-3 housekeeper] DEBUG com.zaxxer.hikari.pool.HikariPool - HikariPool-3 - Pool stats (total=10, active=0, idle=10, waiting=0)
17:44:46.647 [pool-7-thread-1] DEBUG com.zaxxer.hikari.pool.PoolBase - HikariPool-1 - Reset (autoCommit, isolation) on connection conn1: url=jdbc:h2:mem:node_0_net_312362915497919618_persistence user=SA
17:44:46.647 [MockNode-3-2] DEBUG net.corda.node.services.network.NodeInfoWatcher - Read 0 NodeInfo files from build\mock-network\20191014-094255.202\nodes\2\additional-node-infos
17:44:46.647 [MockNode-3-2] DEBUG net.corda.node.services.network.NodeInfoWatcher - Number of removed NodeInfo files 0
17:44:46.647 [MockNode-3-2] DEBUG net.corda.node.services.network.NodeInfoWatcher - Read 0 NodeInfo files from build\mock-network\20191014-094255.202\nodes\2\additional-node-infos
17:44:46.647 [MockNode-3-2] DEBUG net.corda.node.services.network.NodeInfoWatcher - Number of removed NodeInfo files 0
17:44:46.647 [pool-14-thread-1] DEBUG com.zaxxer.hikari.pool.PoolBase - HikariPool-2 - Reset (autoCommit, isolation) on connection conn12: url=jdbc:h2:mem:node_1_net_312362915497919618_persistence user=SA
17:44:46.647 [MockNode-4-2] DEBUG net.corda.node.services.network.NodeInfoWatcher - Read 0 NodeInfo files from build\mock-network\20191014-094255.202\nodes\3\additional-node-infos
17:44:46.647 [MockNode-4-2] DEBUG net.corda.node.services.network.NodeInfoWatcher - Number of removed NodeInfo files 0
17:44:46.647 [MockNode-5-2] DEBUG net.corda.node.services.network.NodeInfoWatcher - Read 0 NodeInfo files from build\mock-network\20191014-094255.202\nodes\4\additional-node-infos
17:44:46.647 [MockNode-5-2] DEBUG net.corda.node.services.network.NodeInfoWatcher - Number of removed NodeInfo files 0
17:44:46.663 [MockNode-4-2] DEBUG net.corda.node.services.network.NodeInfoWatcher - Read 0 NodeInfo files from build\mock-network\20191014-094255.202\nodes\3\additional-node-infos
17:44:46.663 [MockNode-4-2] DEBUG net.corda.node.services.network.NodeInfoWatcher - Number of removed NodeInfo files 0
17:44:46.663 [MockNode-5-2] DEBUG net.corda.node.services.network.NodeInfoWatcher - Read 0 NodeInfo files from build\mock-network\20191014-094255.202\nodes\4\additional-node-infos
17:44:46.663 [MockNode-5-2] DEBUG net.corda.node.services.network.NodeInfoWatcher - Number of removed NodeInfo files 0
17:44:46.663 [MockNode-6-2] DEBUG net.corda.node.services.network.NodeInfoWatcher - Read 0 NodeInfo files from build\mock-network\20191014-094255.202\nodes\5\additional-node-infos
17:44:46.663 [MockNode-6-2] DEBUG net.corda.node.services.network.NodeInfoWatcher - Number of removed NodeInfo files 0
17:44:57.646 [MockNode-6-2] DEBUG net.corda.node.services.network.NodeInfoWatcher - Read 0 NodeInfo files from build\mock-network\20191014-094255.202\nodes\5\additional-node-infos
17:44:57.646 [MockNode-6-2] DEBUG net.corda.node.services.network.NodeInfoWatcher - Number of removed NodeInfo files 0
17:44:57.647 [MockNode-6-2] DEBUG net.corda.node.services.network.NodeInfoWatcher - Read 0 NodeInfo files from build\mock-network\20191014-094255.202\nodes\5\additional-node-infos
17:44:57.647 [MockNode-6-2] DEBUG net.corda.node.services.network.NodeInfoWatcher - Number of removed NodeInfo files 0
17:44:57.649 [MockNode-6-2] DEBUG net.corda.node.services.network.NodeInfoWatcher - Read 0 NodeInfo files from build\mock-network\20191014-094255.202\nodes\5\additional-node-infos
17:44:57.649 [MockNode-6-2] DEBUG net.corda.node.services.network.NodeInfoWatcher - Number of removed NodeInfo files 0
17:44:57.649 [MockNode-4-2] DEBUG net.corda.node.services.network.NodeInfoWatcher - Read 0 NodeInfo files from build\mock-network\20191014-094255.202\nodes\3\additional-node-infos
17:44:57.649 [MockNode-4-2] DEBUG net.corda.node.services.network.NodeInfoWatcher - Number of removed NodeInfo files 0
17:44:57.651 [MockNode-4-2] DEBUG net.corda.node.services.network.NodeInfoWatcher - Read 0 NodeInfo files from build\mock-network\20191014-094255.202\nodes\3\additional-node-infos
17:44:57.651 [MockNode-4-2] DEBUG net.corda.node.services.network.NodeInfoWatcher - Number of removed NodeInfo files 0
17:44:57.653 [pool-35-thread-1] DEBUG com.zaxxer.hikari.pool.PoolBase - HikariPool-5 - Reset (autoCommit, isolation) on connection conn46: url=jdbc:h2:mem:node_4_net_312362915497919618_persistence user=SA
17:44:57.654 [pool-28-thread-1] DEBUG com.zaxxer.hikari.pool.PoolBase - HikariPool-4 - Reset (autoCommit, isolation) on connection conn35: url=jdbc:h2:mem:node_3_net_312362915497919618_persistence user=SA
17:44:57.657 [pool-21-thread-1] DEBUG com.zaxxer.hikari.pool.PoolBase - HikariPool-3 - Reset (autoCommit, isolation) on connection conn23: url=jdbc:h2:mem:node_2_net_312362915497919618_persistence user=SA
17:44:57.647 [MockNode-5-2] DEBUG net.corda.node.services.network.NodeInfoWatcher - Read 0 NodeInfo files from build\mock-network\20191014-094255.202\nodes\4\additional-node-infos
17:44:57.658 [MockNode-5-2] DEBUG net.corda.node.services.network.NodeInfoWatcher - Number of removed NodeInfo files 0
17:44:57.659 [MockNode-3-2] DEBUG net.corda.node.services.network.NodeInfoWatcher - Read 0 NodeInfo files from build\mock-network\20191014-094255.202\nodes\2\additional-node-infos
17:44:57.659 [MockNode-3-2] DEBUG net.corda.node.services.network.NodeInfoWatcher - Number of removed NodeInfo files 0
17:44:57.660 [MockNode-5-2] DEBUG net.corda.node.services.network.NodeInfoWatcher - Read 0 NodeInfo files from build\mock-network\20191014-094255.202\nodes\4\additional-node-infos
17:44:57.660 [MockNode-5-2] DEBUG net.corda.node.services.network.NodeInfoWatcher - Number of removed NodeInfo files 0
17:44:57.660 [MockNode-3-2] DEBUG net.corda.node.services.network.NodeInfoWatcher - Read 0 NodeInfo files from build\mock-network\20191014-094255.202\nodes\2\additional-node-infos
17:44:57.660 [MockNode-3-2] DEBUG net.corda.node.services.network.NodeInfoWatcher - Number of removed NodeInfo files 0
17:44:57.662 [MockNode-1-2] DEBUG net.corda.node.services.network.NodeInfoWatcher - Read 0 NodeInfo files from build\mock-network\20191014-094255.202\nodes\0\additional-node-infos
17:44:57.662 [MockNode-1-2] DEBUG net.corda.node.services.network.NodeInfoWatcher - Number of removed NodeInfo files 0
17:44:57.662 [MockNode-3-2] DEBUG net.corda.node.services.network.NodeInfoWatcher - Read 0 NodeInfo files from build\mock-network\20191014-094255.202\nodes\2\additional-node-infos
17:44:57.662 [MockNode-3-2] DEBUG net.corda.node.services.network.NodeInfoWatcher - Number of removed NodeInfo files 0
17:44:57.662 [MockNode-1-2] DEBUG net.corda.node.services.network.NodeInfoWatcher - Read 0 NodeInfo files from build\mock-network\20191014-094255.202\nodes\0\additional-node-infos
17:44:57.662 [MockNode-1-2] DEBUG net.corda.node.services.network.NodeInfoWatcher - Number of removed NodeInfo files 0
17:44:57.662 [MockNode-2-2] DEBUG net.corda.node.services.network.NodeInfoWatcher - Read 0 NodeInfo files from build\mock-network\20191014-094255.202\nodes\1\additional-node-infos
17:44:57.662 [MockNode-2-2] DEBUG net.corda.node.services.network.NodeInfoWatcher - Number of removed NodeInfo files 0
17:44:57.663 [MockNode-2-2] DEBUG net.corda.node.services.network.NodeInfoWatcher - Read 0 NodeInfo files from build\mock-network\20191014-094255.202\nodes\1\additional-node-infos
17:44:57.663 [MockNode-2-2] DEBUG net.corda.node.services.network.NodeInfoWatcher - Number of removed NodeInfo files 0
17:44:57.689 [Mock node 2 thread] DEBUG net.corda.node.services.vault.NodeVaultService - Vault Query for contract type: class net.corda.cdmsupport.states.ExecutionState, criteria: VaultQueryCriteria(status=UNCONSUMED, contractStateTypes=null, stateRefs=null, notary=null, softLockingCondition=null, timeCondition=null, relevancyStatus=ALL, constraintTypes=[], constraints=[], participants=null), pagination: PageSpecification(pageNumber=1, pageSize=1000), sorting: Sort(columns=[])
17:44:58.263 [Mock node 2 thread] DEBUG net.corda.node.services.vault.NodeVaultService - Vault Query for contract type: class net.corda.cdmsupport.states.ExecutionState, criteria: net.corda.core.node.services.vault.QueryCriteria$AndComposition@474dfa82, pagination: PageSpecification(pageNumber=-1, pageSize=200), sorting: Sort(columns=[])
17:44:58.328 [MockNode-1-2] DEBUG net.corda.node.services.network.NodeInfoWatcher - Read 0 NodeInfo files from build\mock-network\20191014-094255.202\nodes\0\additional-node-infos
17:44:58.328 [MockNode-1-2] DEBUG net.corda.node.services.network.NodeInfoWatcher - Number of removed NodeInfo files 0
17:44:58.457 [MockNode-2-2] DEBUG net.corda.node.services.network.NodeInfoWatcher - Read 0 NodeInfo files from build\mock-network\20191014-094255.202\nodes\1\additional-node-infos
17:44:58.457 [MockNode-2-2] DEBUG net.corda.node.services.network.NodeInfoWatcher - Number of removed NodeInfo files 0
17:44:58.468 [Mock node 2 thread] DEBUG net.corda.node.services.vault.NodeVaultService - OtherResults: [1]
17:45:30.059 [HikariPool-6 housekeeper] WARN com.zaxxer.hikari.pool.HikariPool - HikariPool-6 - Thread starvation or clock leap detected (housekeeper delta=53s425ms14µs700ns).
17:45:30.059 [MockNode-6-2] DEBUG net.corda.node.services.network.NodeInfoWatcher - Read 0 NodeInfo files from build\mock-network\20191014-094255.202\nodes\5\additional-node-infos
17:45:30.059 [MockNode-6-2] DEBUG net.corda.node.services.network.NodeInfoWatcher - Number of removed NodeInfo files 0
17:45:30.060 [HikariPool-6 housekeeper] DEBUG com.zaxxer.hikari.pool.HikariPool - HikariPool-6 - Pool stats (total=10, active=1, idle=9, waiting=0)
17:45:30.061 [MockNode-6-2] DEBUG net.corda.node.services.network.NodeInfoWatcher - Read 0 NodeInfo files from build\mock-network\20191014-094255.202\nodes\5\additional-node-infos
17:45:30.062 [MockNode-6-2] DEBUG net.corda.node.services.network.NodeInfoWatcher - Number of removed NodeInfo files 0
17:45:30.062 [HikariPool-5 housekeeper] WARN com.zaxxer.hikari.pool.HikariPool - HikariPool-5 - Thread starvation or clock leap detected (housekeeper delta=53s432ms601µs100ns).
17:45:30.062 [MockNode-4-2] DEBUG net.corda.node.services.network.NodeInfoWatcher - Read 0 NodeInfo files from build\mock-network\20191014-094255.202\nodes\3\additional-node-infos
17:45:30.062 [MockNode-4-2] DEBUG net.corda.node.services.network.NodeInfoWatcher - Number of removed NodeInfo files 0
17:45:30.063 [MockNode-6-2] DEBUG net.corda.node.services.network.NodeInfoWatcher - Read 0 NodeInfo files from build\mock-network\20191014-094255.202\nodes\5\additional-node-infos
17:45:30.063 [MockNode-6-2] DEBUG net.corda.node.services.network.NodeInfoWatcher - Number of removed NodeInfo files 0
17:45:30.063 [HikariPool-5 housekeeper] DEBUG com.zaxxer.hikari.pool.HikariPool - HikariPool-5 - Pool stats (total=10, active=0, idle=10, waiting=0)
17:45:30.064 [MockNode-4-2] DEBUG net.corda.node.services.network.NodeInfoWatcher - Read 0 NodeInfo files from build\mock-network\20191014-094255.202\nodes\3\additional-node-infos
17:45:30.064 [MockNode-4-2] DEBUG net.corda.node.services.network.NodeInfoWatcher - Number of removed NodeInfo files 0
17:45:30.064 [HikariPool-4 housekeeper] WARN com.zaxxer.hikari.pool.HikariPool - HikariPool-4 - Thread starvation or clock leap detected (housekeeper delta=53s449ms207µs500ns).
17:45:30.065 [HikariPool-4 housekeeper] DEBUG com.zaxxer.hikari.pool.HikariPool - HikariPool-4 - Pool stats (total=10, active=0, idle=10, waiting=0)
17:45:30.066 [MockNode-4-2] DEBUG net.corda.node.services.network.NodeInfoWatcher - Read 0 NodeInfo files from build\mock-network\20191014-094255.202\nodes\3\additional-node-infos
17:45:30.066 [MockNode-4-2] DEBUG net.corda.node.services.network.NodeInfoWatcher - Number of removed NodeInfo files 0
17:45:30.068 [MockNode-6-2] DEBUG net.corda.node.services.network.NodeInfoWatcher - Read 0 NodeInfo files from build\mock-network\20191014-094255.202\nodes\5\additional-node-infos
17:45:30.068 [MockNode-6-2] DEBUG net.corda.node.services.network.NodeInfoWatcher - Number of removed NodeInfo files 0
17:45:30.068 [MockNode-4-2] DEBUG net.corda.node.services.network.NodeInfoWatcher - Read 0 NodeInfo files from build\mock-network\20191014-094255.202\nodes\3\additional-node-infos
17:45:30.068 [MockNode-4-2] DEBUG net.corda.node.services.network.NodeInfoWatcher - Number of removed NodeInfo files 0
17:45:30.069 [MockNode-3-2] DEBUG net.corda.node.services.network.NodeInfoWatcher - Read 0 NodeInfo files from build\mock-network\20191014-094255.202\nodes\2\additional-node-infos
17:45:30.069 [MockNode-3-2] DEBUG net.corda.node.services.network.NodeInfoWatcher - Number of removed NodeInfo files 0
17:45:30.069 [MockNode-6-2] DEBUG net.corda.node.services.network.NodeInfoWatcher - Read 0 NodeInfo files from build\mock-network\20191014-094255.202\nodes\5\additional-node-infos
17:45:30.069 [MockNode-6-2] DEBUG net.corda.node.services.network.NodeInfoWatcher - Number of removed NodeInfo files 0
17:45:30.070 [MockNode-4-2] DEBUG net.corda.node.services.network.NodeInfoWatcher - Read 0 NodeInfo files from build\mock-network\20191014-094255.202\nodes\3\additional-node-infos
17:45:30.070 [MockNode-4-2] DEBUG net.corda.node.services.network.NodeInfoWatcher - Number of removed NodeInfo files 0
17:45:30.070 [MockNode-6-2] DEBUG net.corda.node.services.network.NodeInfoWatcher - Read 0 NodeInfo files from build\mock-network\20191014-094255.202\nodes\5\additional-node-infos
17:45:30.070 [MockNode-6-2] DEBUG net.corda.node.services.network.NodeInfoWatcher - Number of removed NodeInfo files 0
17:45:30.071 [MockNode-4-2] DEBUG net.corda.node.services.network.NodeInfoWatcher - Read 0 NodeInfo files from build\mock-network\20191014-094255.202\nodes\3\additional-node-infos
17:45:30.071 [MockNode-4-2] DEBUG net.corda.node.services.network.NodeInfoWatcher - Number of removed NodeInfo files 0
17:45:30.072 [MockNode-6-2] DEBUG net.corda.node.services.network.NodeInfoWatcher - Read 0 NodeInfo files from build\mock-network\20191014-094255.202\nodes\5\additional-node-infos
17:45:30.072 [MockNode-6-2] DEBUG net.corda.node.services.network.NodeInfoWatcher - Number of removed NodeInfo files 0
17:45:30.072 [HikariPool-3 housekeeper] DEBUG com.zaxxer.hikari.pool.HikariPool - HikariPool-3 - Pool stats (total=10, active=1, idle=9, waiting=0)
17:45:30.072 [MockNode-2-2] DEBUG net.corda.node.services.network.NodeInfoWatcher - Read 0 NodeInfo files from build\mock-network\20191014-094255.202\nodes\1\additional-node-infos
17:45:30.072 [MockNode-2-2] DEBUG net.corda.node.services.network.NodeInfoWatcher - Number of removed NodeInfo files 0
17:45:30.073 [MockNode-1-2] DEBUG net.corda.node.services.network.NodeInfoWatcher - Read 0 NodeInfo files from build\mock-network\20191014-094255.202\nodes\0\additional-node-infos
17:45:30.073 [MockNode-1-2] DEBUG net.corda.node.services.network.NodeInfoWatcher - Number of removed NodeInfo files 0
17:45:30.073 [HikariPool-2 housekeeper] DEBUG com.zaxxer.hikari.pool.HikariPool - HikariPool-2 - Pool stats (total=10, active=0, idle=10, waiting=0)
17:45:30.073 [MockNode-2-2] DEBUG net.corda.node.services.network.NodeInfoWatcher - Read 0 NodeInfo files from build\mock-network\20191014-094255.202\nodes\1\additional-node-infos
17:45:30.073 [MockNode-2-2] DEBUG net.corda.node.services.network.NodeInfoWatcher - Number of removed NodeInfo files 0
17:45:30.074 [MockNode-1-2] DEBUG net.corda.node.services.network.NodeInfoWatcher - Read 0 NodeInfo files from build\mock-network\20191014-094255.202\nodes\0\additional-node-infos
17:45:30.074 [MockNode-1-2] DEBUG net.corda.node.services.network.NodeInfoWatcher - Number of removed NodeInfo files 0
17:45:30.074 [HikariPool-1 housekeeper] WARN com.zaxxer.hikari.pool.HikariPool - HikariPool-1 - Thread starvation or clock leap detected (housekeeper delta=53s465ms253µs800ns).
17:45:30.075 [MockNode-2-2] DEBUG net.corda.node.services.network.NodeInfoWatcher - Read 0 NodeInfo files from build\mock-network\20191014-094255.202\nodes\1\additional-node-infos
17:45:30.075 [MockNode-2-2] DEBUG net.corda.node.services.network.NodeInfoWatcher - Number of removed NodeInfo files 0
17:45:30.075 [MockNode-1-2] DEBUG net.corda.node.services.network.NodeInfoWatcher - Read 0 NodeInfo files from build\mock-network\20191014-094255.202\nodes\0\additional-node-infos
17:45:30.075 [MockNode-1-2] DEBUG net.corda.node.services.network.NodeInfoWatcher - Number of removed NodeInfo files 0
17:45:30.075 [HikariPool-1 housekeeper] DEBUG com.zaxxer.hikari.pool.HikariPool - HikariPool-1 - Pool stats (total=10, active=0, idle=10, waiting=0)
17:45:30.076 [MockNode-2-2] DEBUG net.corda.node.services.network.NodeInfoWatcher - Read 0 NodeInfo files from build\mock-network\20191014-094255.202\nodes\1\additional-node-infos
17:45:30.076 [MockNode-2-2] DEBUG net.corda.node.services.network.NodeInfoWatcher - Number of removed NodeInfo files 0
17:45:30.061 [MockNode-5-2] DEBUG net.corda.node.services.network.NodeInfoWatcher - Read 0 NodeInfo files from build\mock-network\20191014-094255.202\nodes\4\additional-node-infos
17:45:30.077 [MockNode-5-2] DEBUG net.corda.node.services.network.NodeInfoWatcher - Number of removed NodeInfo files 0
17:45:30.070 [MockNode-3-2] DEBUG net.corda.node.services.network.NodeInfoWatcher - Read 0 NodeInfo files from build\mock-network\20191014-094255.202\nodes\2\additional-node-infos
17:45:30.077 [MockNode-3-2] DEBUG net.corda.node.services.network.NodeInfoWatcher - Number of removed NodeInfo files 0
17:45:30.077 [MockNode-1-2] DEBUG net.corda.node.services.network.NodeInfoWatcher - Read 0 NodeInfo files from build\mock-network\20191014-094255.202\nodes\0\additional-node-infos
17:45:30.077 [MockNode-1-2] DEBUG net.corda.node.services.network.NodeInfoWatcher - Number of removed NodeInfo files 0
17:45:37.251 [MockNode-3-2] DEBUG net.corda.node.services.network.NodeInfoWatcher - Read 0 NodeInfo files from build\mock-network\20191014-094255.202\nodes\2\additional-node-infos
17:45:37.251 [MockNode-3-2] DEBUG net.corda.node.services.network.NodeInfoWatcher - Number of removed NodeInfo files 0
17:45:37.251 [MockNode-3-2] DEBUG net.corda.node.services.network.NodeInfoWatcher - Read 0 NodeInfo files from build\mock-network\20191014-094255.202\nodes\2\additional-node-infos
17:45:37.251 [MockNode-3-2] DEBUG net.corda.node.services.network.NodeInfoWatcher - Number of removed NodeInfo files 0
17:45:37.251 [pool-42-thread-1] DEBUG com.zaxxer.hikari.pool.PoolBase - HikariPool-6 - Reset (autoCommit, isolation) on connection conn57: url=jdbc:h2:mem:node_5_net_312362915497919618_persistence user=SA
17:45:37.252 [MockNode-3-2] DEBUG net.corda.node.services.network.NodeInfoWatcher - Read 0 NodeInfo files from build\mock-network\20191014-094255.202\nodes\2\additional-node-infos
17:45:37.252 [MockNode-3-2] DEBUG net.corda.node.services.network.NodeInfoWatcher - Number of removed NodeInfo files 0
17:45:37.254 [MockNode-3-2] DEBUG net.corda.node.services.network.NodeInfoWatcher - Read 0 NodeInfo files from build\mock-network\20191014-094255.202\nodes\2\additional-node-infos
17:45:37.254 [MockNode-3-2] DEBUG net.corda.node.services.network.NodeInfoWatcher - Number of removed NodeInfo files 0
17:45:37.255 [MockNode-3-2] DEBUG net.corda.node.services.network.NodeInfoWatcher - Read 0 NodeInfo files from build\mock-network\20191014-094255.202\nodes\2\additional-node-infos
17:45:37.255 [MockNode-3-2] DEBUG net.corda.node.services.network.NodeInfoWatcher - Number of removed NodeInfo files 0
17:45:48.319 [MockNode-5-2] DEBUG net.corda.node.services.network.NodeInfoWatcher - Read 0 NodeInfo files from build\mock-network\20191014-094255.202\nodes\4\additional-node-infos
17:45:48.319 [MockNode-5-2] DEBUG net.corda.node.services.network.NodeInfoWatcher - Number of removed NodeInfo files 0
17:45:48.319 [MockNode-6-2] DEBUG net.corda.node.services.network.NodeInfoWatcher - Read 0 NodeInfo files from build\mock-network\20191014-094255.202\nodes\5\additional-node-infos
17:45:48.319 [MockNode-6-2] DEBUG net.corda.node.services.network.NodeInfoWatcher - Number of removed NodeInfo files 0
17:45:48.321 [MockNode-6-2] DEBUG net.corda.node.services.network.NodeInfoWatcher - Read 0 NodeInfo files from build\mock-network\20191014-094255.202\nodes\5\additional-node-infos
17:45:48.321 [MockNode-6-2] DEBUG net.corda.node.services.network.NodeInfoWatcher - Number of removed NodeInfo files 0
17:45:48.322 [MockNode-5-2] DEBUG net.corda.node.services.network.NodeInfoWatcher - Read 0 NodeInfo files from build\mock-network\20191014-094255.202\nodes\4\additional-node-infos
17:45:48.322 [MockNode-5-2] DEBUG net.corda.node.services.network.NodeInfoWatcher - Number of removed NodeInfo files 0
17:45:48.322 [MockNode-6-2] DEBUG net.corda.node.services.network.NodeInfoWatcher - Read 0 NodeInfo files from build\mock-network\20191014-094255.202\nodes\5\additional-node-infos
17:45:48.322 [MockNode-6-2] DEBUG net.corda.node.services.network.NodeInfoWatcher - Number of removed NodeInfo files 0
17:45:48.326 [MockNode-5-2] DEBUG net.corda.node.services.network.NodeInfoWatcher - Read 0 NodeInfo files from build\mock-network\20191014-094255.202\nodes\4\additional-node-infos
17:45:48.326 [MockNode-5-2] DEBUG net.corda.node.services.network.NodeInfoWatcher - Number of removed NodeInfo files 0
17:45:48.327 [MockNode-5-2] DEBUG net.corda.node.services.network.NodeInfoWatcher - Read 0 NodeInfo files from build\mock-network\20191014-094255.202\nodes\4\additional-node-infos
17:45:48.327 [MockNode-5-2] DEBUG net.corda.node.services.network.NodeInfoWatcher - Number of removed NodeInfo files 0
17:45:48.328 [MockNode-5-2] DEBUG net.corda.node.services.network.NodeInfoWatcher - Read 0 NodeInfo files from build\mock-network\20191014-094255.202\nodes\4\additional-node-infos
17:45:48.328 [MockNode-5-2] DEBUG net.corda.node.services.network.NodeInfoWatcher - Number of removed NodeInfo files 0
17:45:48.329 [MockNode-5-2] DEBUG net.corda.node.services.network.NodeInfoWatcher - Read 0 NodeInfo files from build\mock-network\20191014-094255.202\nodes\4\additional-node-infos
17:45:48.330 [MockNode-5-2] DEBUG net.corda.node.services.network.NodeInfoWatcher - Number of removed NodeInfo files 0
17:45:48.331 [MockNode-4-2] DEBUG net.corda.node.services.network.NodeInfoWatcher - Read 0 NodeInfo files from build\mock-network\20191014-094255.202\nodes\3\additional-node-infos
17:45:48.331 [MockNode-4-2] DEBUG net.corda.node.services.network.NodeInfoWatcher - Number of removed NodeInfo files 0
17:45:48.331 [MockNode-5-2] DEBUG net.corda.node.services.network.NodeInfoWatcher - Read 0 NodeInfo files from build\mock-network\20191014-094255.202\nodes\4\additional-node-infos
17:45:48.331 [MockNode-5-2] DEBUG net.corda.node.services.network.NodeInfoWatcher - Number of removed NodeInfo files 0
17:45:48.332 [MockNode-4-2] DEBUG net.corda.node.services.network.NodeInfoWatcher - Read 0 NodeInfo files from build\mock-network\20191014-094255.202\nodes\3\additional-node-infos
17:45:48.332 [MockNode-4-2] DEBUG net.corda.node.services.network.NodeInfoWatcher - Number of removed NodeInfo files 0
17:45:48.332 [MockNode-5-2] DEBUG net.corda.node.services.network.NodeInfoWatcher - Read 0 NodeInfo files from build\mock-network\20191014-094255.202\nodes\4\additional-node-infos
17:45:48.332 [MockNode-5-2] DEBUG net.corda.node.services.network.NodeInfoWatcher - Number of removed NodeInfo files 0
17:45:48.332 [MockNode-3-2] DEBUG net.corda.node.services.network.NodeInfoWatcher - Read 0 NodeInfo files from build\mock-network\20191014-094255.202\nodes\2\additional-node-infos
17:45:48.332 [MockNode-3-2] DEBUG net.corda.node.services.network.NodeInfoWatcher - Number of removed NodeInfo files 0
17:45:48.333 [MockNode-4-2] DEBUG net.corda.node.services.network.NodeInfoWatcher - Read 0 NodeInfo files from build\mock-network\20191014-094255.202\nodes\3\additional-node-infos
17:45:48.333 [MockNode-4-2] DEBUG net.corda.node.services.network.NodeInfoWatcher - Number of removed NodeInfo files 0
17:45:48.333 [MockNode-3-2] DEBUG net.corda.node.services.network.NodeInfoWatcher - Read 0 NodeInfo files from build\mock-network\20191014-094255.202\nodes\2\additional-node-infos
17:45:48.333 [MockNode-3-2] DEBUG net.corda.node.services.network.NodeInfoWatcher - Number of removed NodeInfo files 0
17:45:48.334 [MockNode-4-2] DEBUG net.corda.node.services.network.NodeInfoWatcher - Read 0 NodeInfo files from build\mock-network\20191014-094255.202\nodes\3\additional-node-infos
17:45:48.334 [MockNode-4-2] DEBUG net.corda.node.services.network.NodeInfoWatcher - Number of removed NodeInfo files 0
17:45:48.335 [MockNode-2-2] DEBUG net.corda.node.services.network.NodeInfoWatcher - Read 0 NodeInfo files from build\mock-network\20191014-094255.202\nodes\1\additional-node-infos
17:45:48.335 [MockNode-2-2] DEBUG net.corda.node.services.network.NodeInfoWatcher - Number of removed NodeInfo files 0
17:45:48.335 [MockNode-3-2] DEBUG net.corda.node.services.network.NodeInfoWatcher - Read 0 NodeInfo files from build\mock-network\20191014-094255.202\nodes\2\additional-node-infos
17:45:48.335 [MockNode-3-2] DEBUG net.corda.node.services.network.NodeInfoWatcher - Number of removed NodeInfo files 0
17:45:48.336 [MockNode-2-2] DEBUG net.corda.node.services.network.NodeInfoWatcher - Read 0 NodeInfo files from build\mock-network\20191014-094255.202\nodes\1\additional-node-infos
17:45:48.336 [MockNode-2-2] DEBUG net.corda.node.services.network.NodeInfoWatcher - Number of removed NodeInfo files 0
17:45:48.339 [pool-14-thread-1] DEBUG com.zaxxer.hikari.pool.PoolBase - HikariPool-2 - Reset (autoCommit, isolation) on connection conn12: url=jdbc:h2:mem:node_1_net_312362915497919618_persistence user=SA
17:45:48.342 [pool-7-thread-1] DEBUG com.zaxxer.hikari.pool.PoolBase - HikariPool-1 - Reset (autoCommit, isolation) on connection conn1: url=jdbc:h2:mem:node_0_net_312362915497919618_persistence user=SA
17:45:48.333 [MockNode-5-2] DEBUG net.corda.node.services.network.NodeInfoWatcher - Read 0 NodeInfo files from build\mock-network\20191014-094255.202\nodes\4\additional-node-infos
17:45:48.345 [MockNode-5-2] DEBUG net.corda.node.services.network.NodeInfoWatcher - Number of removed NodeInfo files 0
17:45:51.871 [MockNode-1-2] DEBUG net.corda.node.services.network.NodeInfoWatcher - Read 0 NodeInfo files from build\mock-network\20191014-094255.202\nodes\0\additional-node-infos
17:45:51.872 [MockNode-1-2] DEBUG net.corda.node.services.network.NodeInfoWatcher - Number of removed NodeInfo files 0
17:45:51.872 [MockNode-4-2] DEBUG net.corda.node.services.network.NodeInfoWatcher - Read 0 NodeInfo files from build\mock-network\20191014-094255.202\nodes\3\additional-node-infos
17:45:51.872 [MockNode-4-2] DEBUG net.corda.node.services.network.NodeInfoWatcher - Number of removed NodeInfo files 0
17:45:51.872 [MockNode-1-2] DEBUG net.corda.node.services.network.NodeInfoWatcher - Read 0 NodeInfo files from build\mock-network\20191014-094255.202\nodes\0\additional-node-infos
17:45:51.872 [MockNode-1-2] DEBUG net.corda.node.services.network.NodeInfoWatcher - Number of removed NodeInfo files 0
17:45:51.872 [MockNode-1-2] DEBUG net.corda.node.services.network.NodeInfoWatcher - Read 0 NodeInfo files from build\mock-network\20191014-094255.202\nodes\0\additional-node-infos
17:45:51.872 [MockNode-1-2] DEBUG net.corda.node.services.network.NodeInfoWatcher - Number of removed NodeInfo files 0
17:45:51.873 [MockNode-1-2] DEBUG net.corda.node.services.network.NodeInfoWatcher - Read 0 NodeInfo files from build\mock-network\20191014-094255.202\nodes\0\additional-node-infos
17:45:51.873 [MockNode-1-2] DEBUG net.corda.node.services.network.NodeInfoWatcher - Number of removed NodeInfo files 0
17:45:51.873 [MockNode-5-2] DEBUG net.corda.node.services.network.NodeInfoWatcher - Read 0 NodeInfo files from build\mock-network\20191014-094255.202\nodes\4\additional-node-infos
17:45:51.873 [MockNode-5-2] DEBUG net.corda.node.services.network.NodeInfoWatcher - Number of removed NodeInfo files 0
17:45:51.873 [MockNode-1-2] DEBUG net.corda.node.services.network.NodeInfoWatcher - Read 0 NodeInfo files from build\mock-network\20191014-094255.202\nodes\0\additional-node-infos
17:45:51.873 [MockNode-1-2] DEBUG net.corda.node.services.network.NodeInfoWatcher - Number of removed NodeInfo files 0
17:45:51.873 [MockNode-1-2] DEBUG net.corda.node.services.network.NodeInfoWatcher - Read 0 NodeInfo files from build\mock-network\20191014-094255.202\nodes\0\additional-node-infos
17:45:51.873 [MockNode-1-2] DEBUG net.corda.node.services.network.NodeInfoWatcher - Number of removed NodeInfo files 0
17:45:51.875 [MockNode-6-2] DEBUG net.corda.node.services.network.NodeInfoWatcher - Read 0 NodeInfo files from build\mock-network\20191014-094255.202\nodes\5\additional-node-infos
17:45:51.875 [MockNode-6-2] DEBUG net.corda.node.services.network.NodeInfoWatcher - Number of removed NodeInfo files 0
17:45:51.878 [MockNode-2-2] DEBUG net.corda.node.services.network.NodeInfoWatcher - Read 0 NodeInfo files from build\mock-network\20191014-094255.202\nodes\1\additional-node-infos
17:45:51.878 [MockNode-2-2] DEBUG net.corda.node.services.network.NodeInfoWatcher - Number of removed NodeInfo files 0
17:45:51.880 [MockNode-2-2] DEBUG net.corda.node.services.network.NodeInfoWatcher - Read 0 NodeInfo files from build\mock-network\20191014-094255.202\nodes\1\additional-node-infos
17:45:51.880 [MockNode-2-2] DEBUG net.corda.node.services.network.NodeInfoWatcher - Number of removed NodeInfo files 0
17:45:51.881 [MockNode-2-2] DEBUG net.corda.node.services.network.NodeInfoWatcher - Read 0 NodeInfo files from build\mock-network\20191014-094255.202\nodes\1\additional-node-infos
17:45:51.881 [MockNode-2-2] DEBUG net.corda.node.services.network.NodeInfoWatcher - Number of removed NodeInfo files 0
17:45:51.881 [MockNode-2-2] DEBUG net.corda.node.services.network.NodeInfoWatcher - Read 0 NodeInfo files from build\mock-network\20191014-094255.202\nodes\1\additional-node-infos
17:45:51.881 [MockNode-2-2] DEBUG net.corda.node.services.network.NodeInfoWatcher - Number of removed NodeInfo files 0
17:45:51.887 [Mock node 2 thread] INFO net.corda.flow - Flow raised an error: Allocated quantity not match - originalTrade : 800000.00, allocated: 790000.00. Sending it to flow hospital to be triaged.
17:46:00.582 [MockNode-6-2] DEBUG net.corda.node.services.network.NodeInfoWatcher - Read 0 NodeInfo files from build\mock-network\20191014-094255.202\nodes\5\additional-node-infos
17:46:00.582 [MockNode-6-2] DEBUG net.corda.node.services.network.NodeInfoWatcher - Number of removed NodeInfo files 0
17:46:00.583 [HikariPool-6 housekeeper] DEBUG com.zaxxer.hikari.pool.HikariPool - HikariPool-6 - Pool stats (total=10, active=0, idle=10, waiting=0)
17:46:00.584 [MockNode-5-2] DEBUG net.corda.node.services.network.NodeInfoWatcher - Read 0 NodeInfo files from build\mock-network\20191014-094255.202\nodes\4\additional-node-infos
17:46:00.585 [MockNode-5-2] DEBUG net.corda.node.services.network.NodeInfoWatcher - Number of removed NodeInfo files 0
17:46:00.585 [MockNode-5-2] DEBUG net.corda.node.services.network.NodeInfoWatcher - Read 0 NodeInfo files from build\mock-network\20191014-094255.202\nodes\4\additional-node-infos
17:46:00.586 [MockNode-5-2] DEBUG net.corda.node.services.network.NodeInfoWatcher - Number of removed NodeInfo files 0
17:46:00.585 [HikariPool-5 housekeeper] DEBUG com.zaxxer.hikari.pool.HikariPool - HikariPool-5 - Pool stats (total=10, active=1, idle=9, waiting=0)
17:46:00.588 [MockNode-4-2] DEBUG net.corda.node.services.network.NodeInfoWatcher - Read 0 NodeInfo files from build\mock-network\20191014-094255.202\nodes\3\additional-node-infos
17:46:00.588 [MockNode-4-2] DEBUG net.corda.node.services.network.NodeInfoWatcher - Number of removed NodeInfo files 0
17:46:00.590 [HikariPool-4 housekeeper] DEBUG com.zaxxer.hikari.pool.HikariPool - HikariPool-4 - Pool stats (total=10, active=1, idle=9, waiting=0)
17:46:00.591 [MockNode-3-2] DEBUG net.corda.node.services.network.NodeInfoWatcher - Read 0 NodeInfo files from build\mock-network\20191014-094255.202\nodes\2\additional-node-infos
17:46:00.591 [MockNode-3-2] DEBUG net.corda.node.services.network.NodeInfoWatcher - Number of removed NodeInfo files 0
17:46:00.591 [HikariPool-3 housekeeper] DEBUG com.zaxxer.hikari.pool.HikariPool - HikariPool-3 - Pool stats (total=10, active=1, idle=9, waiting=0)
17:46:00.592 [MockNode-3-2] DEBUG net.corda.node.services.network.NodeInfoWatcher - Read 0 NodeInfo files from build\mock-network\20191014-094255.202\nodes\2\additional-node-infos
17:46:00.592 [MockNode-3-2] DEBUG net.corda.node.services.network.NodeInfoWatcher - Number of removed NodeInfo files 0
17:46:00.593 [MockNode-2-2] DEBUG net.corda.node.services.network.NodeInfoWatcher - Read 0 NodeInfo files from build\mock-network\20191014-094255.202\nodes\1\additional-node-infos
17:46:00.593 [MockNode-2-2] DEBUG net.corda.node.services.network.NodeInfoWatcher - Number of removed NodeInfo files 0
17:46:00.593 [pool-28-thread-1] DEBUG com.zaxxer.hikari.pool.PoolBase - HikariPool-4 - Reset (autoCommit, isolation) on connection conn35: url=jdbc:h2:mem:node_3_net_312362915497919618_persistence user=SA
17:46:00.594 [MockNode-2-2] DEBUG net.corda.node.services.network.NodeInfoWatcher - Read 0 NodeInfo files from build\mock-network\20191014-094255.202\nodes\1\additional-node-infos
17:46:00.594 [MockNode-2-2] DEBUG net.corda.node.services.network.NodeInfoWatcher - Number of removed NodeInfo files 0
17:46:00.596 [HikariPool-2 housekeeper] DEBUG com.zaxxer.hikari.pool.HikariPool - HikariPool-2 - Pool stats (total=10, active=0, idle=10, waiting=0)
17:46:00.597 [MockNode-1-2] DEBUG net.corda.node.services.network.NodeInfoWatcher - Read 0 NodeInfo files from build\mock-network\20191014-094255.202\nodes\0\additional-node-infos
17:46:00.597 [MockNode-1-2] DEBUG net.corda.node.services.network.NodeInfoWatcher - Number of removed NodeInfo files 0
17:46:00.598 [pool-21-thread-1] DEBUG com.zaxxer.hikari.pool.PoolBase - HikariPool-3 - Reset (autoCommit, isolation) on connection conn24: url=jdbc:h2:mem:node_2_net_312362915497919618_persistence user=SA
17:46:00.598 [MockNode-1-2] DEBUG net.corda.node.services.network.NodeInfoWatcher - Read 0 NodeInfo files from build\mock-network\20191014-094255.202\nodes\0\additional-node-infos
17:46:00.598 [MockNode-1-2] DEBUG net.corda.node.services.network.NodeInfoWatcher - Number of removed NodeInfo files 0
17:46:00.600 [HikariPool-1 housekeeper] DEBUG com.zaxxer.hikari.pool.HikariPool - HikariPool-1 - Pool stats (total=10, active=0, idle=10, waiting=0)
17:46:00.590 [pool-35-thread-1] DEBUG com.zaxxer.hikari.pool.PoolBase - HikariPool-5 - Reset (autoCommit, isolation) on connection conn46: url=jdbc:h2:mem:node_4_net_312362915497919618_persistence user=SA
17:46:00.602 [MockNode-6-2] DEBUG net.corda.node.services.network.NodeInfoWatcher - Read 0 NodeInfo files from build\mock-network\20191014-094255.202\nodes\5\additional-node-infos
17:46:00.602 [MockNode-6-2] DEBUG net.corda.node.services.network.NodeInfoWatcher - Number of removed NodeInfo files 0
17:46:12.203 [MockNode-6-2] DEBUG net.corda.node.services.network.NodeInfoWatcher - Read 0 NodeInfo files from build\mock-network\20191014-094255.202\nodes\5\additional-node-infos
17:46:12.203 [MockNode-6-2] DEBUG net.corda.node.services.network.NodeInfoWatcher - Number of removed NodeInfo files 0
17:46:12.203 [MockNode-4-2] DEBUG net.corda.node.services.network.NodeInfoWatcher - Read 0 NodeInfo files from build\mock-network\20191014-094255.202\nodes\3\additional-node-infos
17:46:12.204 [MockNode-6-2] DEBUG net.corda.node.services.network.NodeInfoWatcher - Read 0 NodeInfo files from build\mock-network\20191014-094255.202\nodes\5\additional-node-infos
17:46:12.204 [MockNode-6-2] DEBUG net.corda.node.services.network.NodeInfoWatcher - Number of removed NodeInfo files 0
17:46:12.204 [MockNode-4-2] DEBUG net.corda.node.services.network.NodeInfoWatcher - Number of removed NodeInfo files 0
17:46:12.205 [MockNode-5-2] DEBUG net.corda.node.services.network.NodeInfoWatcher - Read 0 NodeInfo files from build\mock-network\20191014-094255.202\nodes\4\additional-node-infos
17:46:12.205 [MockNode-5-2] DEBUG net.corda.node.services.network.NodeInfoWatcher - Number of removed NodeInfo files 0
17:46:12.206 [MockNode-5-2] DEBUG net.corda.node.services.network.NodeInfoWatcher - Read 0 NodeInfo files from build\mock-network\20191014-094255.202\nodes\4\additional-node-infos
17:46:12.206 [MockNode-5-2] DEBUG net.corda.node.services.network.NodeInfoWatcher - Number of removed NodeInfo files 0
17:46:12.206 [MockNode-4-2] DEBUG net.corda.node.services.network.NodeInfoWatcher - Read 0 NodeInfo files from build\mock-network\20191014-094255.202\nodes\3\additional-node-infos
17:46:12.206 [MockNode-4-2] DEBUG net.corda.node.services.network.NodeInfoWatcher - Number of removed NodeInfo files 0
17:46:12.207 [MockNode-4-2] DEBUG net.corda.node.services.network.NodeInfoWatcher - Read 0 NodeInfo files from build\mock-network\20191014-094255.202\nodes\3\additional-node-infos
17:46:12.207 [MockNode-4-2] DEBUG net.corda.node.services.network.NodeInfoWatcher - Number of removed NodeInfo files 0
17:46:12.208 [MockNode-2-2] DEBUG net.corda.node.services.network.NodeInfoWatcher - Read 0 NodeInfo files from build\mock-network\20191014-094255.202\nodes\1\additional-node-infos
17:46:12.208 [MockNode-2-2] DEBUG net.corda.node.services.network.NodeInfoWatcher - Number of removed NodeInfo files 0
17:46:12.209 [MockNode-2-2] DEBUG net.corda.node.services.network.NodeInfoWatcher - Read 0 NodeInfo files from build\mock-network\20191014-094255.202\nodes\1\additional-node-infos
17:46:12.209 [MockNode-2-2] DEBUG net.corda.node.services.network.NodeInfoWatcher - Number of removed NodeInfo files 0
17:46:12.210 [MockNode-1-2] DEBUG net.corda.node.services.network.NodeInfoWatcher - Read 0 NodeInfo files from build\mock-network\20191014-094255.202\nodes\0\additional-node-infos
17:46:12.210 [MockNode-1-2] DEBUG net.corda.node.services.network.NodeInfoWatcher - Number of removed NodeInfo files 0
17:46:12.210 [MockNode-3-2] DEBUG net.corda.node.services.network.NodeInfoWatcher - Read 0 NodeInfo files from build\mock-network\20191014-094255.202\nodes\2\additional-node-infos
17:46:12.210 [MockNode-3-2] DEBUG net.corda.node.services.network.NodeInfoWatcher - Number of removed NodeInfo files 0
17:46:12.211 [MockNode-1-2] DEBUG net.corda.node.services.network.NodeInfoWatcher - Read 0 NodeInfo files from build\mock-network\20191014-094255.202\nodes\0\additional-node-infos
17:46:12.211 [MockNode-1-2] DEBUG net.corda.node.services.network.NodeInfoWatcher - Number of removed NodeInfo files 0
17:46:12.211 [MockNode-3-2] DEBUG net.corda.node.services.network.NodeInfoWatcher - Read 0 NodeInfo files from build\mock-network\20191014-094255.202\nodes\2\additional-node-infos
17:46:12.211 [MockNode-3-2] DEBUG net.corda.node.services.network.NodeInfoWatcher - Number of removed NodeInfo files 0
17:46:13.665 [MockNode-1-2] DEBUG net.corda.node.services.network.NodeInfoWatcher - Read 0 NodeInfo files from build\mock-network\20191014-094255.202\nodes\0\additional-node-infos
17:46:13.665 [MockNode-1-2] DEBUG net.corda.node.services.network.NodeInfoWatcher - Number of removed NodeInfo files 0
17:46:13.665 [MockNode-2-2] DEBUG net.corda.node.services.network.NodeInfoWatcher - Read 0 NodeInfo files from build\mock-network\20191014-094255.202\nodes\1\additional-node-infos
17:46:13.666 [MockNode-2-2] DEBUG net.corda.node.services.network.NodeInfoWatcher - Number of removed NodeInfo files 0
17:46:13.665 [MockNode-3-2] DEBUG net.corda.node.services.network.NodeInfoWatcher - Read 0 NodeInfo files from build\mock-network\20191014-094255.202\nodes\2\additional-node-infos
17:46:13.666 [MockNode-3-2] DEBUG net.corda.node.services.network.NodeInfoWatcher - Number of removed NodeInfo files 0
17:46:20.082 [MockNode-6-2] DEBUG net.corda.node.services.network.NodeInfoWatcher - Read 0 NodeInfo files from build\mock-network\20191014-094255.202\nodes\5\additional-node-infos
17:46:20.082 [MockNode-6-2] DEBUG net.corda.node.services.network.NodeInfoWatcher - Number of removed NodeInfo files 0
17:46:20.098 [MockNode-3-2] DEBUG net.corda.node.services.network.NodeInfoWatcher - Read 0 NodeInfo files from build\mock-network\20191014-094255.202\nodes\2\additional-node-infos
17:46:20.098 [MockNode-3-2] DEBUG net.corda.node.services.network.NodeInfoWatcher - Number of removed NodeInfo files 0
17:46:20.098 [MockNode-6-2] DEBUG net.corda.node.services.network.NodeInfoWatcher - Read 0 NodeInfo files from build\mock-network\20191014-094255.202\nodes\5\additional-node-infos
17:46:20.098 [MockNode-6-2] DEBUG net.corda.node.services.network.NodeInfoWatcher - Number of removed NodeInfo files 0
17:46:20.098 [MockNode-4-2] DEBUG net.corda.node.services.network.NodeInfoWatcher - Read 0 NodeInfo files from build\mock-network\20191014-094255.202\nodes\3\additional-node-infos
17:46:20.098 [MockNode-4-2] DEBUG net.corda.node.services.network.NodeInfoWatcher - Number of removed NodeInfo files 0
17:46:20.098 [MockNode-2-2] DEBUG net.corda.node.services.network.NodeInfoWatcher - Read 0 NodeInfo files from build\mock-network\20191014-094255.202\nodes\1\additional-node-infos
17:46:20.098 [MockNode-2-2] DEBUG net.corda.node.services.network.NodeInfoWatcher - Number of removed NodeInfo files 0
17:46:20.098 [MockNode-1-2] DEBUG net.corda.node.services.network.NodeInfoWatcher - Read 0 NodeInfo files from build\mock-network\20191014-094255.202\nodes\0\additional-node-infos
17:46:20.098 [MockNode-1-2] DEBUG net.corda.node.services.network.NodeInfoWatcher - Number of removed NodeInfo files 0
17:46:20.082 [MockNode-5-2] DEBUG net.corda.node.services.network.NodeInfoWatcher - Read 0 NodeInfo files from build\mock-network\20191014-094255.202\nodes\4\additional-node-infos
17:46:20.098 [MockNode-5-2] DEBUG net.corda.node.services.network.NodeInfoWatcher - Number of removed NodeInfo files 0
17:46:22.316 [MockNode-5-2] DEBUG net.corda.node.services.network.NodeInfoWatcher - Read 0 NodeInfo files from build\mock-network\20191014-094255.202\nodes\4\additional-node-infos
17:46:22.316 [MockNode-5-2] DEBUG net.corda.node.services.network.NodeInfoWatcher - Number of removed NodeInfo files 0
17:46:22.316 [MockNode-4-2] DEBUG net.corda.node.services.network.NodeInfoWatcher - Read 0 NodeInfo files from build\mock-network\20191014-094255.202\nodes\3\additional-node-infos
17:46:22.316 [MockNode-4-2] DEBUG net.corda.node.services.network.NodeInfoWatcher - Number of removed NodeInfo files 0
17:46:23.884 [MockNode-6-2] DEBUG net.corda.node.services.network.NodeInfoWatcher - Read 0 NodeInfo files from build\mock-network\20191014-094255.202\nodes\5\additional-node-infos
17:46:23.884 [MockNode-6-2] DEBUG net.corda.node.services.network.NodeInfoWatcher - Number of removed NodeInfo files 0
17:46:23.885 [MockNode-2-2] DEBUG net.corda.node.services.network.NodeInfoWatcher - Read 0 NodeInfo files from build\mock-network\20191014-094255.202\nodes\1\additional-node-infos
17:46:23.885 [MockNode-2-2] DEBUG net.corda.node.services.network.NodeInfoWatcher - Number of removed NodeInfo files 0
17:46:23.885 [MockNode-3-2] DEBUG net.corda.node.services.network.NodeInfoWatcher - Read 0 NodeInfo files from build\mock-network\20191014-094255.202\nodes\2\additional-node-infos
17:46:23.885 [MockNode-3-2] DEBUG net.corda.node.services.network.NodeInfoWatcher - Number of removed NodeInfo files 0
17:46:27.431 [MockNode-4-2] DEBUG net.corda.node.services.network.NodeInfoWatcher - Read 0 NodeInfo files from build\mock-network\20191014-094255.202\nodes\3\additional-node-infos
17:46:27.431 [MockNode-4-2] DEBUG net.corda.node.services.network.NodeInfoWatcher - Number of removed NodeInfo files 0
17:46:27.431 [MockNode-5-2] DEBUG net.corda.node.services.network.NodeInfoWatcher - Read 0 NodeInfo files from build\mock-network\20191014-094255.202\nodes\4\additional-node-infos
17:46:27.431 [MockNode-5-2] DEBUG net.corda.node.services.network.NodeInfoWatcher - Number of removed NodeInfo files 0
17:46:27.432 [MockNode-1-2] DEBUG net.corda.node.services.network.NodeInfoWatcher - Read 0 NodeInfo files from build\mock-network\20191014-094255.202\nodes\0\additional-node-infos
17:46:27.432 [MockNode-1-2] DEBUG net.corda.node.services.network.NodeInfoWatcher - Number of removed NodeInfo files 0
17:46:27.432 [MockNode-3-2] DEBUG net.corda.node.services.network.NodeInfoWatcher - Read 0 NodeInfo files from build\mock-network\20191014-094255.202\nodes\2\additional-node-infos
17:46:27.432 [MockNode-3-2] DEBUG net.corda.node.services.network.NodeInfoWatcher - Number of removed NodeInfo files 0
17:46:31.386 [MockNode-6-2] DEBUG net.corda.node.services.network.NodeInfoWatcher - Read 0 NodeInfo files from build\mock-network\20191014-094255.202\nodes\5\additional-node-infos
17:46:31.386 [MockNode-6-2] DEBUG net.corda.node.services.network.NodeInfoWatcher - Number of removed NodeInfo files 0
17:46:31.386 [MockNode-5-2] DEBUG net.corda.node.services.network.NodeInfoWatcher - Read 0 NodeInfo files from build\mock-network\20191014-094255.202\nodes\4\additional-node-infos
17:46:31.387 [MockNode-5-2] DEBUG net.corda.node.services.network.NodeInfoWatcher - Number of removed NodeInfo files 0
17:46:31.386 [HikariPool-6 housekeeper] DEBUG com.zaxxer.hikari.pool.HikariPool - HikariPool-6 - Pool stats (total=10, active=0, idle=10, waiting=0)
17:46:31.388 [MockNode-4-2] DEBUG net.corda.node.services.network.NodeInfoWatcher - Read 0 NodeInfo files from build\mock-network\20191014-094255.202\nodes\3\additional-node-infos
17:46:31.389 [MockNode-4-2] DEBUG net.corda.node.services.network.NodeInfoWatcher - Number of removed NodeInfo files 0
17:46:31.390 [HikariPool-4 housekeeper] DEBUG com.zaxxer.hikari.pool.HikariPool - HikariPool-4 - Pool stats (total=10, active=0, idle=10, waiting=0)
17:46:31.390 [HikariPool-5 housekeeper] DEBUG com.zaxxer.hikari.pool.HikariPool - HikariPool-5 - Pool stats (total=10, active=0, idle=10, waiting=0)
17:46:31.392 [HikariPool-3 housekeeper] DEBUG com.zaxxer.hikari.pool.HikariPool - HikariPool-3 - Pool stats (total=10, active=1, idle=9, waiting=0)
17:46:31.393 [MockNode-2-2] DEBUG net.corda.node.services.network.NodeInfoWatcher - Read 0 NodeInfo files from build\mock-network\20191014-094255.202\nodes\1\additional-node-infos
17:46:31.393 [MockNode-2-2] DEBUG net.corda.node.services.network.NodeInfoWatcher - Number of removed NodeInfo files 0
17:46:31.395 [HikariPool-2 housekeeper] DEBUG com.zaxxer.hikari.pool.HikariPool - HikariPool-2 - Pool stats (total=10, active=0, idle=10, waiting=0)
17:46:31.395 [MockNode-1-2] DEBUG net.corda.node.services.network.NodeInfoWatcher - Read 0 NodeInfo files from build\mock-network\20191014-094255.202\nodes\0\additional-node-infos
17:46:31.395 [MockNode-1-2] DEBUG net.corda.node.services.network.NodeInfoWatcher - Number of removed NodeInfo files 0
17:46:31.396 [HikariPool-1 housekeeper] DEBUG com.zaxxer.hikari.pool.HikariPool - HikariPool-1 - Pool stats (total=10, active=0, idle=10, waiting=0)
17:46:33.875 [MockNode-3-2] DEBUG net.corda.node.services.network.NodeInfoWatcher - Read 0 NodeInfo files from build\mock-network\20191014-094255.202\nodes\2\additional-node-infos
17:46:33.875 [MockNode-3-2] DEBUG net.corda.node.services.network.NodeInfoWatcher - Number of removed NodeInfo files 0
17:46:33.875 [MockNode-6-2] DEBUG net.corda.node.services.network.NodeInfoWatcher - Read 0 NodeInfo files from build\mock-network\20191014-094255.202\nodes\5\additional-node-infos
17:46:33.875 [MockNode-6-2] DEBUG net.corda.node.services.network.NodeInfoWatcher - Number of removed NodeInfo files 0
17:46:33.875 [MockNode-2-2] DEBUG net.corda.node.services.network.NodeInfoWatcher - Read 0 NodeInfo files from build\mock-network\20191014-094255.202\nodes\1\additional-node-infos
17:46:33.875 [MockNode-2-2] DEBUG net.corda.node.services.network.NodeInfoWatcher - Number of removed NodeInfo files 0
17:46:33.877 [MockNode-1-2] DEBUG net.corda.node.services.network.NodeInfoWatcher - Read 0 NodeInfo files from build\mock-network\20191014-094255.202\nodes\0\additional-node-infos
17:46:33.877 [MockNode-1-2] DEBUG net.corda.node.services.network.NodeInfoWatcher - Number of removed NodeInfo files 0
17:46:33.912 [Mock node 2 thread] DEBUG com.zaxxer.hikari.pool.ProxyConnection - HikariPool-3 - Executed rollback on connection conn23: url=jdbc:h2:mem:node_2_net_312362915497919618_persistence user=SA due to dirty commit state on close().
17:46:33.917 [Mock node 2 thread] DEBUG com.zaxxer.hikari.pool.PoolBase - HikariPool-3 - Reset (autoCommit, isolation) on connection conn23: url=jdbc:h2:mem:node_2_net_312362915497919618_persistence user=SA
17:46:33.921 [Mock node 2 thread] INFO net.corda.node.services.statemachine.StaffedFlowHospital - Flow [3eec2e90-aecf-4e17-96a2-8d635674e331] admitted to hospital in state StateMachineState(checkpoint=Checkpoint(invocationContext=InvocationContext(origin=RPC(actor=Actor(id=Id(value=Only For Testing), serviceId=AuthServiceId(value=TEST), owningLegalIdentity=O=Broker1, L=New York, C=US)), trace=Trace(invocationId=6692ef0f-60cb-482c-8a18-6cc07cbe6c24, timestamp: 2019-10-14T09:44:14.806Z, entityType: Invocation, sessionId=6692ef0f-60cb-482c-8a18-6cc07cbe6c24, timestamp: 2019-10-14T09:44:14.806Z, entityType: Session), actor=Actor(id=Id(value=Only For Testing), serviceId=AuthServiceId(value=TEST), owningLegalIdentity=O=Broker1, L=New York, C=US), externalTrace=null, impersonatedActor=null), ourIdentity=O=Broker1, L=New York, C=US, sessions={}, subFlowStack=[Initiating(flowClass=class com.derivhack.AllocationFlow, classToInitiateWith=class com.derivhack.AllocationFlow, flowInfo=FlowInfo(flowVersion=1, appName=cordapp-0.1), subFlowVersion=CorDappFlow(platformVersion=4, corDappName=custom-cordapp_1_4_74971b5d-bcd5-4e00-bbd1-defbabc3845c, corDappHash=DE4C268C4E6FB82D6A14FFE52A34E054B91C7FCCBF8014879159F6B98B0B0A8C), isEnabledTimedFlow=false)], flowState=Unstarted(flowStart=Explicit, frozenFlowLogic=D38D222DEF61BFE2E6EDFBC891302970C9D198D9D0A61256A6952628F5F8D9C3), errorState=Clean, numberOfSuspends=0), flowLogic=com.derivhack.AllocationFlow@41b434be, pendingDeduplicationHandlers=[], isFlowResumed=true, isTransactionTracked=false, isAnyCheckpointPersisted=true, isStartIdempotent=false, isRemoved=false, senderUUID=8c2f979e-1d9c-4233-9e8b-785f40f8cea8)
17:46:34.126 [Mock node 2 thread] INFO net.corda.node.services.statemachine.StaffedFlowHospital - Error 1 of 1:
net.corda.cdmsupport.AllocatedTotalsNotMatch: Allocated quantity not match - originalTrade : 800000.00, allocated: 790000.00
	at net.corda.cdmsupport.extensions.AllocationValidationKt.validateLineageAndTotals(AllocationValidation.kt:36)
	at net.corda.cdmsupport.transactionbuilding.CdmTransactionBuilder.processAllocationPrimitive(CdmTransactionBuilder.kt:37)
	at net.corda.cdmsupport.transactionbuilding.CdmTransactionBuilder.<init>(CdmTransactionBuilder.kt:27)
	at com.derivhack.AllocationFlow.call(AllocationFlow.kt:42)
	at com.derivhack.AllocationFlow.call(AllocationFlow.kt:18)
	at net.corda.node.services.statemachine.FlowStateMachineImpl.run(FlowStateMachineImpl.kt:269)
	at net.corda.node.services.statemachine.FlowStateMachineImpl.run(FlowStateMachineImpl.kt:45)
	at co.paralleluniverse.fibers.Fiber.run1(Fiber.java:1092)
	at co.paralleluniverse.fibers.Fiber.exec(Fiber.java:788)
	at co.paralleluniverse.fibers.RunnableFiberTask.doExec(RunnableFiberTask.java:100)
	at co.paralleluniverse.fibers.RunnableFiberTask.run(RunnableFiberTask.java:91)
	at java.util.concurrent.Executors$RunnableAdapter.call(Executors.java:511)
	at java.util.concurrent.FutureTask.run(FutureTask.java:266)
	at java.util.concurrent.ScheduledThreadPoolExecutor$ScheduledFutureTask.access$201(ScheduledThreadPoolExecutor.java:180)
	at java.util.concurrent.ScheduledThreadPoolExecutor$ScheduledFutureTask.run(ScheduledThreadPoolExecutor.java:293)
	at java.util.concurrent.ThreadPoolExecutor.runWorker(ThreadPoolExecutor.java:1149)
	at java.util.concurrent.ThreadPoolExecutor$Worker.run(ThreadPoolExecutor.java:624)
	at net.corda.node.utilities.AffinityExecutor$ServiceAffinityExecutor$1$thread$1.run(AffinityExecutor.kt:63)
17:46:34.153 [Mock node 2 thread] INFO net.corda.node.services.statemachine.StaffedFlowHospital - Flow error allowed to propagate
net.corda.cdmsupport.AllocatedTotalsNotMatch: Allocated quantity not match - originalTrade : 800000.00, allocated: 790000.00
	at net.corda.cdmsupport.extensions.AllocationValidationKt.validateLineageAndTotals(AllocationValidation.kt:36)
	at net.corda.cdmsupport.transactionbuilding.CdmTransactionBuilder.processAllocationPrimitive(CdmTransactionBuilder.kt:37)
	at net.corda.cdmsupport.transactionbuilding.CdmTransactionBuilder.<init>(CdmTransactionBuilder.kt:27)
	at com.derivhack.AllocationFlow.call(AllocationFlow.kt:42)
	at com.derivhack.AllocationFlow.call(AllocationFlow.kt:18)
	at net.corda.node.services.statemachine.FlowStateMachineImpl.run(FlowStateMachineImpl.kt:269)
	at net.corda.node.services.statemachine.FlowStateMachineImpl.run(FlowStateMachineImpl.kt:45)
	at co.paralleluniverse.fibers.Fiber.run1(Fiber.java:1092)
	at co.paralleluniverse.fibers.Fiber.exec(Fiber.java:788)
	at co.paralleluniverse.fibers.RunnableFiberTask.doExec(RunnableFiberTask.java:100)
	at co.paralleluniverse.fibers.RunnableFiberTask.run(RunnableFiberTask.java:91)
	at java.util.concurrent.Executors$RunnableAdapter.call(Executors.java:511)
	at java.util.concurrent.FutureTask.run(FutureTask.java:266)
	at java.util.concurrent.ScheduledThreadPoolExecutor$ScheduledFutureTask.access$201(ScheduledThreadPoolExecutor.java:180)
	at java.util.concurrent.ScheduledThreadPoolExecutor$ScheduledFutureTask.run(ScheduledThreadPoolExecutor.java:293)
	at java.util.concurrent.ThreadPoolExecutor.runWorker(ThreadPoolExecutor.java:1149)
	at java.util.concurrent.ThreadPoolExecutor$Worker.run(ThreadPoolExecutor.java:624)
	at net.corda.node.utilities.AffinityExecutor$ServiceAffinityExecutor$1$thread$1.run(AffinityExecutor.kt:63)
17:46:34.217 [Mock node 2 thread] INFO net.corda.node.services.statemachine.interceptors.PrintingInterceptor - Transition for flow [3eec2e90-aecf-4e17-96a2-8d635674e331] 
 --- Transition of flow [3eec2e90-aecf-4e17-96a2-8d635674e331] ---
  Timestamp: 2019-10-14T09:46:34.210Z
  Event: Error(exception=net.corda.cdmsupport.AllocatedTotalsNotMatch: Allocated quantity not match - originalTrade : 800000.00, allocated: 790000.00)
  Actions: 
    RollbackTransaction
    ScheduleEvent(event=DoRemainingWork)
  Continuation: ProcessEvents
  Diff between previous and next state:
checkpoint.errorState: 
    Clean
    Errored(errors=[FlowError(errorId=-7746818775335768146, exception=net.corda.cdmsupport.AllocatedTotalsNotMatch: Allocated quantity not match - originalTrade : 800000.00, allocated: 790000.00)], propagatedIndex=0, propagating=false)
isFlowResumed: 
    true
    false

17:46:35.299 [MockNode-5-2] DEBUG net.corda.node.services.network.NodeInfoWatcher - Read 0 NodeInfo files from build\mock-network\20191014-094255.202\nodes\4\additional-node-infos
17:46:35.299 [MockNode-5-2] DEBUG net.corda.node.services.network.NodeInfoWatcher - Number of removed NodeInfo files 0
17:46:39.577 [MockNode-6-2] DEBUG net.corda.node.services.network.NodeInfoWatcher - Read 0 NodeInfo files from build\mock-network\20191014-094255.202\nodes\5\additional-node-infos
17:46:39.577 [MockNode-6-2] DEBUG net.corda.node.services.network.NodeInfoWatcher - Number of removed NodeInfo files 0
17:46:39.578 [MockNode-4-2] DEBUG net.corda.node.services.network.NodeInfoWatcher - Read 0 NodeInfo files from build\mock-network\20191014-094255.202\nodes\3\additional-node-infos
17:46:39.578 [MockNode-4-2] DEBUG net.corda.node.services.network.NodeInfoWatcher - Number of removed NodeInfo files 0
17:46:39.578 [MockNode-3-2] DEBUG net.corda.node.services.network.NodeInfoWatcher - Read 0 NodeInfo files from build\mock-network\20191014-094255.202\nodes\2\additional-node-infos
17:46:39.578 [MockNode-3-2] DEBUG net.corda.node.services.network.NodeInfoWatcher - Number of removed NodeInfo files 0
17:46:41.435 [MockNode-5-2] DEBUG net.corda.node.services.network.NodeInfoWatcher - Read 0 NodeInfo files from build\mock-network\20191014-094255.202\nodes\4\additional-node-infos
17:46:41.435 [MockNode-5-2] DEBUG net.corda.node.services.network.NodeInfoWatcher - Number of removed NodeInfo files 0
17:46:41.435 [MockNode-4-2] DEBUG net.corda.node.services.network.NodeInfoWatcher - Read 0 NodeInfo files from build\mock-network\20191014-094255.202\nodes\3\additional-node-infos
17:46:41.435 [MockNode-4-2] DEBUG net.corda.node.services.network.NodeInfoWatcher - Number of removed NodeInfo files 0
17:46:41.436 [MockNode-2-2] DEBUG net.corda.node.services.network.NodeInfoWatcher - Read 0 NodeInfo files from build\mock-network\20191014-094255.202\nodes\1\additional-node-infos
17:46:41.436 [MockNode-2-2] DEBUG net.corda.node.services.network.NodeInfoWatcher - Number of removed NodeInfo files 0
17:46:41.436 [MockNode-1-2] DEBUG net.corda.node.services.network.NodeInfoWatcher - Read 0 NodeInfo files from build\mock-network\20191014-094255.202\nodes\0\additional-node-infos
17:46:41.436 [MockNode-1-2] DEBUG net.corda.node.services.network.NodeInfoWatcher - Number of removed NodeInfo files 0
17:46:48.945 [pool-42-thread-1] DEBUG com.zaxxer.hikari.pool.PoolBase - HikariPool-6 - Reset (autoCommit, isolation) on connection conn57: url=jdbc:h2:mem:node_5_net_312362915497919618_persistence user=SA
17:46:48.946 [MockNode-6-2] DEBUG net.corda.node.services.network.NodeInfoWatcher - Read 0 NodeInfo files from build\mock-network\20191014-094255.202\nodes\5\additional-node-infos
17:46:48.946 [MockNode-6-2] DEBUG net.corda.node.services.network.NodeInfoWatcher - Number of removed NodeInfo files 0
17:46:48.946 [MockNode-5-2] DEBUG net.corda.node.services.network.NodeInfoWatcher - Read 0 NodeInfo files from build\mock-network\20191014-094255.202\nodes\4\additional-node-infos
17:46:48.946 [MockNode-5-2] DEBUG net.corda.node.services.network.NodeInfoWatcher - Number of removed NodeInfo files 0
17:46:48.947 [MockNode-6-2] DEBUG net.corda.node.services.network.NodeInfoWatcher - Read 0 NodeInfo files from build\mock-network\20191014-094255.202\nodes\5\additional-node-infos
17:46:48.947 [MockNode-6-2] DEBUG net.corda.node.services.network.NodeInfoWatcher - Number of removed NodeInfo files 0
17:46:48.948 [MockNode-4-2] DEBUG net.corda.node.services.network.NodeInfoWatcher - Read 0 NodeInfo files from build\mock-network\20191014-094255.202\nodes\3\additional-node-infos
17:46:48.948 [MockNode-4-2] DEBUG net.corda.node.services.network.NodeInfoWatcher - Number of removed NodeInfo files 0
17:46:48.949 [MockNode-3-2] DEBUG net.corda.node.services.network.NodeInfoWatcher - Read 0 NodeInfo files from build\mock-network\20191014-094255.202\nodes\2\additional-node-infos
17:46:48.949 [MockNode-3-2] DEBUG net.corda.node.services.network.NodeInfoWatcher - Number of removed NodeInfo files 0
17:46:48.949 [MockNode-2-2] DEBUG net.corda.node.services.network.NodeInfoWatcher - Read 0 NodeInfo files from build\mock-network\20191014-094255.202\nodes\1\additional-node-infos
17:46:48.949 [MockNode-2-2] DEBUG net.corda.node.services.network.NodeInfoWatcher - Number of removed NodeInfo files 0
17:46:48.949 [MockNode-3-2] DEBUG net.corda.node.services.network.NodeInfoWatcher - Read 0 NodeInfo files from build\mock-network\20191014-094255.202\nodes\2\additional-node-infos
17:46:48.949 [MockNode-3-2] DEBUG net.corda.node.services.network.NodeInfoWatcher - Number of removed NodeInfo files 0
17:46:48.950 [MockNode-2-2] DEBUG net.corda.node.services.network.NodeInfoWatcher - Read 0 NodeInfo files from build\mock-network\20191014-094255.202\nodes\1\additional-node-infos
17:46:48.950 [MockNode-2-2] DEBUG net.corda.node.services.network.NodeInfoWatcher - Number of removed NodeInfo files 0
17:46:48.951 [MockNode-1-2] DEBUG net.corda.node.services.network.NodeInfoWatcher - Read 0 NodeInfo files from build\mock-network\20191014-094255.202\nodes\0\additional-node-infos
17:46:48.951 [MockNode-1-2] DEBUG net.corda.node.services.network.NodeInfoWatcher - Number of removed NodeInfo files 0
17:46:48.952 [MockNode-1-2] DEBUG net.corda.node.services.network.NodeInfoWatcher - Read 0 NodeInfo files from build\mock-network\20191014-094255.202\nodes\0\additional-node-infos
17:46:48.953 [MockNode-1-2] DEBUG net.corda.node.services.network.NodeInfoWatcher - Number of removed NodeInfo files 0
17:46:48.955 [pool-14-thread-1] DEBUG com.zaxxer.hikari.pool.PoolBase - HikariPool-2 - Reset (autoCommit, isolation) on connection conn12: url=jdbc:h2:mem:node_1_net_312362915497919618_persistence user=SA
17:46:48.958 [pool-7-thread-1] DEBUG com.zaxxer.hikari.pool.PoolBase - HikariPool-1 - Reset (autoCommit, isolation) on connection conn1: url=jdbc:h2:mem:node_0_net_312362915497919618_persistence user=SA
17:46:49.089 [Mock node 2 thread] INFO net.corda.node.services.statemachine.interceptors.PrintingInterceptor - Transition for flow [3eec2e90-aecf-4e17-96a2-8d635674e331] 
 --- Transition of flow [3eec2e90-aecf-4e17-96a2-8d635674e331] ---
  Timestamp: 2019-10-14T09:46:49.088Z
  Event: DoRemainingWork
  Actions: 
    
  Continuation: ProcessEvents
  Diff between previous and next state:
null
17:46:49.159 [Mock node 2 thread] WARN net.corda.node.services.statemachine.interceptors.DumpHistoryOnErrorInterceptor - Flow [3eec2e90-aecf-4e17-96a2-8d635674e331] errored, dumping all transitions:

 --- Transition of flow [3eec2e90-aecf-4e17-96a2-8d635674e331] ---
  Timestamp: 2019-10-14T09:44:14.813Z
  Event: DoRemainingWork
  Actions: 
    CreateTransaction
    PersistCheckpoint(id=[3eec2e90-aecf-4e17-96a2-8d635674e331], checkpoint=Checkpoint(invocationContext=InvocationContext(origin=RPC(actor=Actor(id=Id(value=Only For Testing), serviceId=AuthServiceId(value=TEST), owningLegalIdentity=O=Broker1, L=New York, C=US)), trace=Trace(invocationId=6692ef0f-60cb-482c-8a18-6cc07cbe6c24, timestamp: 2019-10-14T09:44:14.806Z, entityType: Invocation, sessionId=6692ef0f-60cb-482c-8a18-6cc07cbe6c24, timestamp: 2019-10-14T09:44:14.806Z, entityType: Session), actor=Actor(id=Id(value=Only For Testing), serviceId=AuthServiceId(value=TEST), owningLegalIdentity=O=Broker1, L=New York, C=US), externalTrace=null, impersonatedActor=null), ourIdentity=O=Broker1, L=New York, C=US, sessions={}, subFlowStack=[Initiating(flowClass=class com.derivhack.AllocationFlow, classToInitiateWith=class com.derivhack.AllocationFlow, flowInfo=FlowInfo(flowVersion=1, appName=cordapp-0.1), subFlowVersion=CorDappFlow(platformVersion=4, corDappName=custom-cordapp_1_4_74971b5d-bcd5-4e00-bbd1-defbabc3845c, corDappHash=DE4C268C4E6FB82D6A14FFE52A34E054B91C7FCCBF8014879159F6B98B0B0A8C), isEnabledTimedFlow=false)], flowState=Unstarted(flowStart=Explicit, frozenFlowLogic=D38D222DEF61BFE2E6EDFBC891302970C9D198D9D0A61256A6952628F5F8D9C3), errorState=Clean, numberOfSuspends=0), isCheckpointUpdate=false)
    PersistDeduplicationFacts(deduplicationHandlers=[net.corda.node.internal.FlowStarterImpl$startFlow$startFlowEvent$1@7262d115])
    CommitTransaction
    AcknowledgeMessages(deduplicationHandlers=[net.corda.node.internal.FlowStarterImpl$startFlow$startFlowEvent$1@7262d115])
    SignalFlowHasStarted(flowId=[3eec2e90-aecf-4e17-96a2-8d635674e331])
    CreateTransaction
  Continuation: Resume(result=null)
  Diff between previous and next state:
isAnyCheckpointPersisted: 
    false
    true
pendingDeduplicationHandlers: 
    [net.corda.node.internal.FlowStarterImpl$startFlow$startFlowEvent$1@7262d115]
    []
isFlowResumed: 
    false
    true


 --- Transition of flow [3eec2e90-aecf-4e17-96a2-8d635674e331] ---
  Timestamp: 2019-10-14T09:46:34.210Z
  Event: Error(exception=net.corda.cdmsupport.AllocatedTotalsNotMatch: Allocated quantity not match - originalTrade : 800000.00, allocated: 790000.00)
  Actions: 
    RollbackTransaction
    ScheduleEvent(event=DoRemainingWork)
  Continuation: ProcessEvents
  Diff between previous and next state:
checkpoint.errorState: 
    Clean
    Errored(errors=[FlowError(errorId=-7746818775335768146, exception=net.corda.cdmsupport.AllocatedTotalsNotMatch: Allocated quantity not match - originalTrade : 800000.00, allocated: 790000.00)], propagatedIndex=0, propagating=false)
isFlowResumed: 
    true
    false


 --- Transition of flow [3eec2e90-aecf-4e17-96a2-8d635674e331] ---
  Timestamp: 2019-10-14T09:46:49.088Z
  Event: DoRemainingWork
  Actions: 
    
  Continuation: ProcessEvents
  Diff between previous and next state:
null

 --- Transition of flow [3eec2e90-aecf-4e17-96a2-8d635674e331] ---
  Timestamp: 2019-10-14T09:46:49.137Z
  Event: StartErrorPropagation
  Actions: 
    ScheduleEvent(event=DoRemainingWork)
  Continuation: ProcessEvents
  Diff between previous and next state:
checkpoint.errorState.propagating: 
    false
    true

17:46:49.188 [Mock node 2 thread] WARN net.corda.node.services.statemachine.interceptors.DumpHistoryOnErrorInterceptor - Flow [3eec2e90-aecf-4e17-96a2-8d635674e331] error
net.corda.cdmsupport.AllocatedTotalsNotMatch: Allocated quantity not match - originalTrade : 800000.00, allocated: 790000.00
	at net.corda.cdmsupport.extensions.AllocationValidationKt.validateLineageAndTotals(AllocationValidation.kt:36)
	at net.corda.cdmsupport.transactionbuilding.CdmTransactionBuilder.processAllocationPrimitive(CdmTransactionBuilder.kt:37)
	at net.corda.cdmsupport.transactionbuilding.CdmTransactionBuilder.<init>(CdmTransactionBuilder.kt:27)
	at com.derivhack.AllocationFlow.call(AllocationFlow.kt:42)
	at com.derivhack.AllocationFlow.call(AllocationFlow.kt:18)
	at net.corda.node.services.statemachine.FlowStateMachineImpl.run(FlowStateMachineImpl.kt:269)
	at net.corda.node.services.statemachine.FlowStateMachineImpl.run(FlowStateMachineImpl.kt:45)
	at co.paralleluniverse.fibers.Fiber.run1(Fiber.java:1092)
	at co.paralleluniverse.fibers.Fiber.exec(Fiber.java:788)
	at co.paralleluniverse.fibers.RunnableFiberTask.doExec(RunnableFiberTask.java:100)
	at co.paralleluniverse.fibers.RunnableFiberTask.run(RunnableFiberTask.java:91)
	at java.util.concurrent.Executors$RunnableAdapter.call(Executors.java:511)
	at java.util.concurrent.FutureTask.run(FutureTask.java:266)
	at java.util.concurrent.ScheduledThreadPoolExecutor$ScheduledFutureTask.access$201(ScheduledThreadPoolExecutor.java:180)
	at java.util.concurrent.ScheduledThreadPoolExecutor$ScheduledFutureTask.run(ScheduledThreadPoolExecutor.java:293)
	at java.util.concurrent.ThreadPoolExecutor.runWorker(ThreadPoolExecutor.java:1149)
	at java.util.concurrent.ThreadPoolExecutor$Worker.run(ThreadPoolExecutor.java:624)
	at net.corda.node.utilities.AffinityExecutor$ServiceAffinityExecutor$1$thread$1.run(AffinityExecutor.kt:63)
17:46:49.213 [Mock node 2 thread] INFO net.corda.node.services.statemachine.interceptors.PrintingInterceptor - Transition for flow [3eec2e90-aecf-4e17-96a2-8d635674e331] 
 --- Transition of flow [3eec2e90-aecf-4e17-96a2-8d635674e331] ---
  Timestamp: 2019-10-14T09:46:49.188Z
  Event: StartErrorPropagation
  Actions: 
    ScheduleEvent(event=DoRemainingWork)
  Continuation: ProcessEvents
  Diff between previous and next state:
checkpoint.errorState.propagating: 
    false
    true

17:46:49.250 [Mock node 2 thread] WARN net.corda.node.services.statemachine.ActionExecutorImpl - Propagating error
17:46:49.694 [Mock node 2 thread] DEBUG com.zaxxer.hikari.pool.PoolBase - HikariPool-3 - Reset (autoCommit, isolation) on connection conn23: url=jdbc:h2:mem:node_2_net_312362915497919618_persistence user=SA
17:46:49.698 [Test worker] INFO com.zaxxer.hikari.pool.HikariPool - HikariPool-1 - Close initiated...
17:46:49.699 [Test worker] DEBUG com.zaxxer.hikari.pool.HikariPool - HikariPool-1 - Before closing stats (total=10, active=0, idle=10, waiting=0)
17:46:49.701 [HikariPool-1 connection closer] DEBUG com.zaxxer.hikari.pool.PoolBase - HikariPool-1 - Closing connection conn1: url=jdbc:h2:mem:node_0_net_312362915497919618_persistence user=SA: (connection evicted)
17:46:49.701 [HikariPool-1 connection closer] DEBUG com.zaxxer.hikari.pool.PoolBase - HikariPool-1 - Closing connection conn2: url=jdbc:h2:mem:node_0_net_312362915497919618_persistence user=SA: (connection evicted)
17:46:49.701 [HikariPool-1 connection closer] DEBUG com.zaxxer.hikari.pool.PoolBase - HikariPool-1 - Closing connection conn3: url=jdbc:h2:mem:node_0_net_312362915497919618_persistence user=SA: (connection evicted)
17:46:49.702 [HikariPool-1 connection closer] DEBUG com.zaxxer.hikari.pool.PoolBase - HikariPool-1 - Closing connection conn4: url=jdbc:h2:mem:node_0_net_312362915497919618_persistence user=SA: (connection evicted)
17:46:49.702 [HikariPool-1 connection closer] DEBUG com.zaxxer.hikari.pool.PoolBase - HikariPool-1 - Closing connection conn5: url=jdbc:h2:mem:node_0_net_312362915497919618_persistence user=SA: (connection evicted)
17:46:49.703 [HikariPool-1 connection closer] DEBUG com.zaxxer.hikari.pool.PoolBase - HikariPool-1 - Closing connection conn6: url=jdbc:h2:mem:node_0_net_312362915497919618_persistence user=SA: (connection evicted)
17:46:49.703 [HikariPool-1 connection closer] DEBUG com.zaxxer.hikari.pool.PoolBase - HikariPool-1 - Closing connection conn7: url=jdbc:h2:mem:node_0_net_312362915497919618_persistence user=SA: (connection evicted)
17:46:49.704 [HikariPool-1 connection closer] DEBUG com.zaxxer.hikari.pool.PoolBase - HikariPool-1 - Closing connection conn8: url=jdbc:h2:mem:node_0_net_312362915497919618_persistence user=SA: (connection evicted)
17:46:49.705 [HikariPool-1 connection closer] DEBUG com.zaxxer.hikari.pool.PoolBase - HikariPool-1 - Closing connection conn9: url=jdbc:h2:mem:node_0_net_312362915497919618_persistence user=SA: (connection evicted)
17:46:49.705 [HikariPool-1 connection closer] DEBUG com.zaxxer.hikari.pool.PoolBase - HikariPool-1 - Closing connection conn10: url=jdbc:h2:mem:node_0_net_312362915497919618_persistence user=SA: (connection evicted)
17:46:49.708 [Test worker] DEBUG com.zaxxer.hikari.pool.HikariPool - HikariPool-1 - After closing stats (total=0, active=0, idle=0, waiting=0)
17:46:49.708 [Test worker] INFO com.zaxxer.hikari.pool.HikariPool - HikariPool-1 - Closed.
17:46:49.732 [Test worker] INFO com.zaxxer.hikari.pool.HikariPool - HikariPool-2 - Close initiated...
17:46:49.732 [Test worker] DEBUG com.zaxxer.hikari.pool.HikariPool - HikariPool-2 - Before closing stats (total=10, active=0, idle=10, waiting=0)
17:46:49.750 [HikariPool-2 connection closer] DEBUG com.zaxxer.hikari.pool.PoolBase - HikariPool-2 - Closing connection conn12: url=jdbc:h2:mem:node_1_net_312362915497919618_persistence user=SA: (connection evicted)
17:46:49.750 [HikariPool-2 connection closer] DEBUG com.zaxxer.hikari.pool.PoolBase - HikariPool-2 - Closing connection conn13: url=jdbc:h2:mem:node_1_net_312362915497919618_persistence user=SA: (connection evicted)
17:46:49.750 [HikariPool-2 connection closer] DEBUG com.zaxxer.hikari.pool.PoolBase - HikariPool-2 - Closing connection conn14: url=jdbc:h2:mem:node_1_net_312362915497919618_persistence user=SA: (connection evicted)
17:46:49.750 [HikariPool-2 connection closer] DEBUG com.zaxxer.hikari.pool.PoolBase - HikariPool-2 - Closing connection conn15: url=jdbc:h2:mem:node_1_net_312362915497919618_persistence user=SA: (connection evicted)
17:46:49.750 [HikariPool-2 connection closer] DEBUG com.zaxxer.hikari.pool.PoolBase - HikariPool-2 - Closing connection conn16: url=jdbc:h2:mem:node_1_net_312362915497919618_persistence user=SA: (connection evicted)
17:46:49.750 [HikariPool-2 connection closer] DEBUG com.zaxxer.hikari.pool.PoolBase - HikariPool-2 - Closing connection conn17: url=jdbc:h2:mem:node_1_net_312362915497919618_persistence user=SA: (connection evicted)
17:46:49.750 [HikariPool-2 connection closer] DEBUG com.zaxxer.hikari.pool.PoolBase - HikariPool-2 - Closing connection conn18: url=jdbc:h2:mem:node_1_net_312362915497919618_persistence user=SA: (connection evicted)
17:46:49.750 [HikariPool-2 connection closer] DEBUG com.zaxxer.hikari.pool.PoolBase - HikariPool-2 - Closing connection conn19: url=jdbc:h2:mem:node_1_net_312362915497919618_persistence user=SA: (connection evicted)
17:46:49.750 [HikariPool-2 connection closer] DEBUG com.zaxxer.hikari.pool.PoolBase - HikariPool-2 - Closing connection conn20: url=jdbc:h2:mem:node_1_net_312362915497919618_persistence user=SA: (connection evicted)
17:46:49.750 [HikariPool-2 connection closer] DEBUG com.zaxxer.hikari.pool.PoolBase - HikariPool-2 - Closing connection conn21: url=jdbc:h2:mem:node_1_net_312362915497919618_persistence user=SA: (connection evicted)
17:46:49.753 [Test worker] DEBUG com.zaxxer.hikari.pool.HikariPool - HikariPool-2 - After closing stats (total=0, active=0, idle=0, waiting=0)
17:46:49.754 [Test worker] INFO com.zaxxer.hikari.pool.HikariPool - HikariPool-2 - Closed.
17:46:49.760 [Test worker] INFO com.zaxxer.hikari.pool.HikariPool - HikariPool-3 - Close initiated...
17:46:49.760 [Test worker] DEBUG com.zaxxer.hikari.pool.HikariPool - HikariPool-3 - Before closing stats (total=10, active=0, idle=10, waiting=0)
17:46:49.770 [Mock node 2 thread] WARN net.corda.node.services.statemachine.interceptors.DumpHistoryOnErrorInterceptor - Flow [3eec2e90-aecf-4e17-96a2-8d635674e331] errored, dumping all transitions:

 --- Transition of flow [3eec2e90-aecf-4e17-96a2-8d635674e331] ---
  Timestamp: 2019-10-14T09:44:14.813Z
  Event: DoRemainingWork
  Actions: 
    CreateTransaction
    PersistCheckpoint(id=[3eec2e90-aecf-4e17-96a2-8d635674e331], checkpoint=Checkpoint(invocationContext=InvocationContext(origin=RPC(actor=Actor(id=Id(value=Only For Testing), serviceId=AuthServiceId(value=TEST), owningLegalIdentity=O=Broker1, L=New York, C=US)), trace=Trace(invocationId=6692ef0f-60cb-482c-8a18-6cc07cbe6c24, timestamp: 2019-10-14T09:44:14.806Z, entityType: Invocation, sessionId=6692ef0f-60cb-482c-8a18-6cc07cbe6c24, timestamp: 2019-10-14T09:44:14.806Z, entityType: Session), actor=Actor(id=Id(value=Only For Testing), serviceId=AuthServiceId(value=TEST), owningLegalIdentity=O=Broker1, L=New York, C=US), externalTrace=null, impersonatedActor=null), ourIdentity=O=Broker1, L=New York, C=US, sessions={}, subFlowStack=[Initiating(flowClass=class com.derivhack.AllocationFlow, classToInitiateWith=class com.derivhack.AllocationFlow, flowInfo=FlowInfo(flowVersion=1, appName=cordapp-0.1), subFlowVersion=CorDappFlow(platformVersion=4, corDappName=custom-cordapp_1_4_74971b5d-bcd5-4e00-bbd1-defbabc3845c, corDappHash=DE4C268C4E6FB82D6A14FFE52A34E054B91C7FCCBF8014879159F6B98B0B0A8C), isEnabledTimedFlow=false)], flowState=Unstarted(flowStart=Explicit, frozenFlowLogic=D38D222DEF61BFE2E6EDFBC891302970C9D198D9D0A61256A6952628F5F8D9C3), errorState=Clean, numberOfSuspends=0), isCheckpointUpdate=false)
    PersistDeduplicationFacts(deduplicationHandlers=[net.corda.node.internal.FlowStarterImpl$startFlow$startFlowEvent$1@7262d115])
    CommitTransaction
    AcknowledgeMessages(deduplicationHandlers=[net.corda.node.internal.FlowStarterImpl$startFlow$startFlowEvent$1@7262d115])
    SignalFlowHasStarted(flowId=[3eec2e90-aecf-4e17-96a2-8d635674e331])
    CreateTransaction
  Continuation: Resume(result=null)
  Diff between previous and next state:
isAnyCheckpointPersisted: 
    false
    true
pendingDeduplicationHandlers: 
    [net.corda.node.internal.FlowStarterImpl$startFlow$startFlowEvent$1@7262d115]
    []
isFlowResumed: 
    false
    true


 --- Transition of flow [3eec2e90-aecf-4e17-96a2-8d635674e331] ---
  Timestamp: 2019-10-14T09:46:34.210Z
  Event: Error(exception=net.corda.cdmsupport.AllocatedTotalsNotMatch: Allocated quantity not match - originalTrade : 800000.00, allocated: 790000.00)
  Actions: 
    RollbackTransaction
    ScheduleEvent(event=DoRemainingWork)
  Continuation: ProcessEvents
  Diff between previous and next state:
checkpoint.errorState: 
    Clean
    Errored(errors=[FlowError(errorId=-7746818775335768146, exception=net.corda.cdmsupport.AllocatedTotalsNotMatch: Allocated quantity not match - originalTrade : 800000.00, allocated: 790000.00)], propagatedIndex=0, propagating=false)
isFlowResumed: 
    true
    false


 --- Transition of flow [3eec2e90-aecf-4e17-96a2-8d635674e331] ---
  Timestamp: 2019-10-14T09:46:49.088Z
  Event: DoRemainingWork
  Actions: 
    
  Continuation: ProcessEvents
  Diff between previous and next state:
null

 --- Transition of flow [3eec2e90-aecf-4e17-96a2-8d635674e331] ---
  Timestamp: 2019-10-14T09:46:49.137Z
  Event: StartErrorPropagation
  Actions: 
    ScheduleEvent(event=DoRemainingWork)
  Continuation: ProcessEvents
  Diff between previous and next state:
checkpoint.errorState.propagating: 
    false
    true


 --- Transition of flow [3eec2e90-aecf-4e17-96a2-8d635674e331] ---
  Timestamp: 2019-10-14T09:46:49.696Z
  Event: DoRemainingWork
  Actions: 
    PropagateErrors(errorMessages=[ErrorSessionMessage(flowException=null, errorId=-7746818775335768146)], sessions=[], senderUUID=8c2f979e-1d9c-4233-9e8b-785f40f8cea8)
    CreateTransaction
    RemoveCheckpoint(id=[3eec2e90-aecf-4e17-96a2-8d635674e331])
    PersistDeduplicationFacts(deduplicationHandlers=[])
    ReleaseSoftLocks(uuid=3eec2e90-aecf-4e17-96a2-8d635674e331)
    CommitTransaction
    AcknowledgeMessages(deduplicationHandlers=[])
    RemoveSessionBindings(sessionIds=[])
    RemoveFlow(flowId=[3eec2e90-aecf-4e17-96a2-8d635674e331], removalReason=ErrorFinish(flowErrors=[FlowError(errorId=-7746818775335768146, exception=net.corda.cdmsupport.AllocatedTotalsNotMatch: Allocated quantity not match - originalTrade : 800000.00, allocated: 790000.00)]), lastState=StateMachineState(checkpoint=Checkpoint(invocationContext=InvocationContext(origin=RPC(actor=Actor(id=Id(value=Only For Testing), serviceId=AuthServiceId(value=TEST), owningLegalIdentity=O=Broker1, L=New York, C=US)), trace=Trace(invocationId=6692ef0f-60cb-482c-8a18-6cc07cbe6c24, timestamp: 2019-10-14T09:44:14.806Z, entityType: Invocation, sessionId=6692ef0f-60cb-482c-8a18-6cc07cbe6c24, timestamp: 2019-10-14T09:44:14.806Z, entityType: Session), actor=Actor(id=Id(value=Only For Testing), serviceId=AuthServiceId(value=TEST), owningLegalIdentity=O=Broker1, L=New York, C=US), externalTrace=null, impersonatedActor=null), ourIdentity=O=Broker1, L=New York, C=US, sessions={}, subFlowStack=[Initiating(flowClass=class com.derivhack.AllocationFlow, classToInitiateWith=class com.derivhack.AllocationFlow, flowInfo=FlowInfo(flowVersion=1, appName=cordapp-0.1), subFlowVersion=CorDappFlow(platformVersion=4, corDappName=custom-cordapp_1_4_74971b5d-bcd5-4e00-bbd1-defbabc3845c, corDappHash=DE4C268C4E6FB82D6A14FFE52A34E054B91C7FCCBF8014879159F6B98B0B0A8C), isEnabledTimedFlow=false)], flowState=Unstarted(flowStart=Explicit, frozenFlowLogic=D38D222DEF61BFE2E6EDFBC891302970C9D198D9D0A61256A6952628F5F8D9C3), errorState=Errored(errors=[FlowError(errorId=-7746818775335768146, exception=net.corda.cdmsupport.AllocatedTotalsNotMatch: Allocated quantity not match - originalTrade : 800000.00, allocated: 790000.00)], propagatedIndex=1, propagating=true), numberOfSuspends=0), flowLogic=com.derivhack.AllocationFlow@41b434be, pendingDeduplicationHandlers=[], isFlowResumed=false, isTransactionTracked=false, isAnyCheckpointPersisted=true, isStartIdempotent=false, isRemoved=true, senderUUID=8c2f979e-1d9c-4233-9e8b-785f40f8cea8))
  Continuation: Abort
  Diff between previous and next state:
checkpoint.errorState.propagatedIndex: 
    0
    1
isRemoved: 
    false
    true

17:46:49.779 [HikariPool-3 connection closer] DEBUG com.zaxxer.hikari.pool.PoolBase - HikariPool-3 - Closing connection conn23: url=jdbc:h2:mem:node_2_net_312362915497919618_persistence user=SA: (connection evicted)
17:46:49.837 [HikariPool-3 connection closer] DEBUG com.zaxxer.hikari.pool.PoolBase - HikariPool-3 - Closing connection conn24: url=jdbc:h2:mem:node_2_net_312362915497919618_persistence user=SA: (connection evicted)
17:46:49.837 [HikariPool-3 connection closer] DEBUG com.zaxxer.hikari.pool.PoolBase - HikariPool-3 - Closing connection conn25: url=jdbc:h2:mem:node_2_net_312362915497919618_persistence user=SA: (connection evicted)
17:46:49.837 [HikariPool-3 connection closer] DEBUG com.zaxxer.hikari.pool.PoolBase - HikariPool-3 - Closing connection conn26: url=jdbc:h2:mem:node_2_net_312362915497919618_persistence user=SA: (connection evicted)
17:46:49.838 [HikariPool-3 connection closer] DEBUG com.zaxxer.hikari.pool.PoolBase - HikariPool-3 - Closing connection conn27: url=jdbc:h2:mem:node_2_net_312362915497919618_persistence user=SA: (connection evicted)
17:46:49.838 [HikariPool-3 connection closer] DEBUG com.zaxxer.hikari.pool.PoolBase - HikariPool-3 - Closing connection conn28: url=jdbc:h2:mem:node_2_net_312362915497919618_persistence user=SA: (connection evicted)
17:46:49.838 [HikariPool-3 connection closer] DEBUG com.zaxxer.hikari.pool.PoolBase - HikariPool-3 - Closing connection conn29: url=jdbc:h2:mem:node_2_net_312362915497919618_persistence user=SA: (connection evicted)
17:46:49.838 [HikariPool-3 connection closer] DEBUG com.zaxxer.hikari.pool.PoolBase - HikariPool-3 - Closing connection conn30: url=jdbc:h2:mem:node_2_net_312362915497919618_persistence user=SA: (connection evicted)
17:46:49.838 [HikariPool-3 connection closer] DEBUG com.zaxxer.hikari.pool.PoolBase - HikariPool-3 - Closing connection conn31: url=jdbc:h2:mem:node_2_net_312362915497919618_persistence user=SA: (connection evicted)
17:46:49.838 [HikariPool-3 connection closer] DEBUG com.zaxxer.hikari.pool.PoolBase - HikariPool-3 - Closing connection conn32: url=jdbc:h2:mem:node_2_net_312362915497919618_persistence user=SA: (connection evicted)
17:46:49.839 [Mock node 2 thread] WARN net.corda.node.services.statemachine.interceptors.DumpHistoryOnErrorInterceptor - Flow [3eec2e90-aecf-4e17-96a2-8d635674e331] error
net.corda.cdmsupport.AllocatedTotalsNotMatch: Allocated quantity not match - originalTrade : 800000.00, allocated: 790000.00
	at net.corda.cdmsupport.extensions.AllocationValidationKt.validateLineageAndTotals(AllocationValidation.kt:36)
	at net.corda.cdmsupport.transactionbuilding.CdmTransactionBuilder.processAllocationPrimitive(CdmTransactionBuilder.kt:37)
	at net.corda.cdmsupport.transactionbuilding.CdmTransactionBuilder.<init>(CdmTransactionBuilder.kt:27)
	at com.derivhack.AllocationFlow.call(AllocationFlow.kt:42)
	at com.derivhack.AllocationFlow.call(AllocationFlow.kt:18)
	at net.corda.node.services.statemachine.FlowStateMachineImpl.run(FlowStateMachineImpl.kt:269)
	at net.corda.node.services.statemachine.FlowStateMachineImpl.run(FlowStateMachineImpl.kt:45)
	at co.paralleluniverse.fibers.Fiber.run1(Fiber.java:1092)
	at co.paralleluniverse.fibers.Fiber.exec(Fiber.java:788)
	at co.paralleluniverse.fibers.RunnableFiberTask.doExec(RunnableFiberTask.java:100)
	at co.paralleluniverse.fibers.RunnableFiberTask.run(RunnableFiberTask.java:91)
	at java.util.concurrent.Executors$RunnableAdapter.call(Executors.java:511)
	at java.util.concurrent.FutureTask.run(FutureTask.java:266)
	at java.util.concurrent.ScheduledThreadPoolExecutor$ScheduledFutureTask.access$201(ScheduledThreadPoolExecutor.java:180)
	at java.util.concurrent.ScheduledThreadPoolExecutor$ScheduledFutureTask.run(ScheduledThreadPoolExecutor.java:293)
	at java.util.concurrent.ThreadPoolExecutor.runWorker(ThreadPoolExecutor.java:1149)
	at java.util.concurrent.ThreadPoolExecutor$Worker.run(ThreadPoolExecutor.java:624)
	at net.corda.node.utilities.AffinityExecutor$ServiceAffinityExecutor$1$thread$1.run(AffinityExecutor.kt:63)
17:46:49.846 [Test worker] DEBUG com.zaxxer.hikari.pool.HikariPool - HikariPool-3 - After closing stats (total=0, active=0, idle=0, waiting=0)
17:46:49.854 [Test worker] INFO com.zaxxer.hikari.pool.HikariPool - HikariPool-3 - Closed.
17:46:49.870 [Mock node 2 thread] INFO net.corda.node.services.statemachine.interceptors.PrintingInterceptor - Transition for flow [3eec2e90-aecf-4e17-96a2-8d635674e331] 
 --- Transition of flow [3eec2e90-aecf-4e17-96a2-8d635674e331] ---
  Timestamp: 2019-10-14T09:46:49.854Z
  Event: DoRemainingWork
  Actions: 
    PropagateErrors(errorMessages=[ErrorSessionMessage(flowException=null, errorId=-7746818775335768146)], sessions=[], senderUUID=8c2f979e-1d9c-4233-9e8b-785f40f8cea8)
    CreateTransaction
    RemoveCheckpoint(id=[3eec2e90-aecf-4e17-96a2-8d635674e331])
    PersistDeduplicationFacts(deduplicationHandlers=[])
    ReleaseSoftLocks(uuid=3eec2e90-aecf-4e17-96a2-8d635674e331)
    CommitTransaction
    AcknowledgeMessages(deduplicationHandlers=[])
    RemoveSessionBindings(sessionIds=[])
    RemoveFlow(flowId=[3eec2e90-aecf-4e17-96a2-8d635674e331], removalReason=ErrorFinish(flowErrors=[FlowError(errorId=-7746818775335768146, exception=net.corda.cdmsupport.AllocatedTotalsNotMatch: Allocated quantity not match - originalTrade : 800000.00, allocated: 790000.00)]), lastState=StateMachineState(checkpoint=Checkpoint(invocationContext=InvocationContext(origin=RPC(actor=Actor(id=Id(value=Only For Testing), serviceId=AuthServiceId(value=TEST), owningLegalIdentity=O=Broker1, L=New York, C=US)), trace=Trace(invocationId=6692ef0f-60cb-482c-8a18-6cc07cbe6c24, timestamp: 2019-10-14T09:44:14.806Z, entityType: Invocation, sessionId=6692ef0f-60cb-482c-8a18-6cc07cbe6c24, timestamp: 2019-10-14T09:44:14.806Z, entityType: Session), actor=Actor(id=Id(value=Only For Testing), serviceId=AuthServiceId(value=TEST), owningLegalIdentity=O=Broker1, L=New York, C=US), externalTrace=null, impersonatedActor=null), ourIdentity=O=Broker1, L=New York, C=US, sessions={}, subFlowStack=[Initiating(flowClass=class com.derivhack.AllocationFlow, classToInitiateWith=class com.derivhack.AllocationFlow, flowInfo=FlowInfo(flowVersion=1, appName=cordapp-0.1), subFlowVersion=CorDappFlow(platformVersion=4, corDappName=custom-cordapp_1_4_74971b5d-bcd5-4e00-bbd1-defbabc3845c, corDappHash=DE4C268C4E6FB82D6A14FFE52A34E054B91C7FCCBF8014879159F6B98B0B0A8C), isEnabledTimedFlow=false)], flowState=Unstarted(flowStart=Explicit, frozenFlowLogic=D38D222DEF61BFE2E6EDFBC891302970C9D198D9D0A61256A6952628F5F8D9C3), errorState=Errored(errors=[FlowError(errorId=-7746818775335768146, exception=net.corda.cdmsupport.AllocatedTotalsNotMatch: Allocated quantity not match - originalTrade : 800000.00, allocated: 790000.00)], propagatedIndex=1, propagating=true), numberOfSuspends=0), flowLogic=com.derivhack.AllocationFlow@41b434be, pendingDeduplicationHandlers=[], isFlowResumed=false, isTransactionTracked=false, isAnyCheckpointPersisted=true, isStartIdempotent=false, isRemoved=true, senderUUID=8c2f979e-1d9c-4233-9e8b-785f40f8cea8))
  Continuation: Abort
  Diff between previous and next state:
checkpoint.errorState.propagatedIndex: 
    0
    1
isRemoved: 
    false
    true

17:46:53.694 [MockNode-5-2] DEBUG net.corda.node.services.network.NodeInfoWatcher - Read 0 NodeInfo files from build\mock-network\20191014-094255.202\nodes\4\additional-node-infos
17:46:53.694 [MockNode-5-2] DEBUG net.corda.node.services.network.NodeInfoWatcher - Number of removed NodeInfo files 0
17:46:53.694 [MockNode-4-2] DEBUG net.corda.node.services.network.NodeInfoWatcher - Read 0 NodeInfo files from build\mock-network\20191014-094255.202\nodes\3\additional-node-infos
17:46:53.694 [MockNode-4-2] DEBUG net.corda.node.services.network.NodeInfoWatcher - Number of removed NodeInfo files 0
17:46:54.281 [MockNode-6-2] DEBUG net.corda.node.services.network.NodeInfoWatcher - Read 0 NodeInfo files from build\mock-network\20191014-094255.202\nodes\5\additional-node-infos
17:46:54.281 [MockNode-6-2] DEBUG net.corda.node.services.network.NodeInfoWatcher - Number of removed NodeInfo files 0
17:46:55.628 [MockNode-5-2] DEBUG net.corda.node.services.network.NodeInfoWatcher - Read 0 NodeInfo files from build\mock-network\20191014-094255.202\nodes\4\additional-node-infos
17:46:55.628 [MockNode-5-2] DEBUG net.corda.node.services.network.NodeInfoWatcher - Number of removed NodeInfo files 0
17:46:56.612 [MockNode-4-2] DEBUG net.corda.node.services.network.NodeInfoWatcher - Read 0 NodeInfo files from build\mock-network\20191014-094255.202\nodes\3\additional-node-infos
17:46:56.612 [MockNode-4-2] DEBUG net.corda.node.services.network.NodeInfoWatcher - Number of removed NodeInfo files 0
17:46:59.148 [MockNode-6-2] DEBUG net.corda.node.services.network.NodeInfoWatcher - Read 0 NodeInfo files from build\mock-network\20191014-094255.202\nodes\5\additional-node-infos
17:46:59.148 [MockNode-6-2] DEBUG net.corda.node.services.network.NodeInfoWatcher - Number of removed NodeInfo files 0
17:47:00.707 [MockNode-5-2] DEBUG net.corda.node.services.network.NodeInfoWatcher - Read 0 NodeInfo files from build\mock-network\20191014-094255.202\nodes\4\additional-node-infos
17:47:00.707 [MockNode-5-2] DEBUG net.corda.node.services.network.NodeInfoWatcher - Number of removed NodeInfo files 0
17:47:00.708 [pool-35-thread-1] DEBUG com.zaxxer.hikari.pool.PoolBase - HikariPool-5 - Reset (autoCommit, isolation) on connection conn46: url=jdbc:h2:mem:node_4_net_312362915497919618_persistence user=SA
17:47:00.710 [pool-28-thread-1] DEBUG com.zaxxer.hikari.pool.PoolBase - HikariPool-4 - Reset (autoCommit, isolation) on connection conn35: url=jdbc:h2:mem:node_3_net_312362915497919618_persistence user=SA
17:47:01.579 [HikariPool-6 housekeeper] DEBUG com.zaxxer.hikari.pool.HikariPool - HikariPool-6 - Pool stats (total=10, active=0, idle=10, waiting=0)
17:47:01.579 [HikariPool-5 housekeeper] DEBUG com.zaxxer.hikari.pool.HikariPool - HikariPool-5 - Pool stats (total=10, active=0, idle=10, waiting=0)
17:47:01.580 [MockNode-4-2] DEBUG net.corda.node.services.network.NodeInfoWatcher - Read 0 NodeInfo files from build\mock-network\20191014-094255.202\nodes\3\additional-node-infos
17:47:01.580 [MockNode-4-2] DEBUG net.corda.node.services.network.NodeInfoWatcher - Number of removed NodeInfo files 0
17:47:01.580 [HikariPool-4 housekeeper] DEBUG com.zaxxer.hikari.pool.HikariPool - HikariPool-4 - Pool stats (total=10, active=0, idle=10, waiting=0)
17:47:04.110 [MockNode-6-2] DEBUG net.corda.node.services.network.NodeInfoWatcher - Read 0 NodeInfo files from build\mock-network\20191014-094255.202\nodes\5\additional-node-infos
17:47:04.110 [MockNode-6-2] DEBUG net.corda.node.services.network.NodeInfoWatcher - Number of removed NodeInfo files 0
17:47:05.194 [MockNode-5-2] DEBUG net.corda.node.services.network.NodeInfoWatcher - Read 0 NodeInfo files from build\mock-network\20191014-094255.202\nodes\4\additional-node-infos
17:47:05.194 [MockNode-5-2] DEBUG net.corda.node.services.network.NodeInfoWatcher - Number of removed NodeInfo files 0
17:47:06.459 [MockNode-4-2] DEBUG net.corda.node.services.network.NodeInfoWatcher - Read 0 NodeInfo files from build\mock-network\20191014-094255.202\nodes\3\additional-node-infos
17:47:06.459 [MockNode-4-2] DEBUG net.corda.node.services.network.NodeInfoWatcher - Number of removed NodeInfo files 0
17:47:09.856 [MockNode-6-2] DEBUG net.corda.node.services.network.NodeInfoWatcher - Read 0 NodeInfo files from build\mock-network\20191014-094255.202\nodes\5\additional-node-infos
17:47:09.857 [MockNode-6-2] DEBUG net.corda.node.services.network.NodeInfoWatcher - Number of removed NodeInfo files 0
17:47:10.768 [MockNode-5-2] DEBUG net.corda.node.services.network.NodeInfoWatcher - Read 0 NodeInfo files from build\mock-network\20191014-094255.202\nodes\4\additional-node-infos
17:47:10.768 [MockNode-5-2] DEBUG net.corda.node.services.network.NodeInfoWatcher - Number of removed NodeInfo files 0
17:47:13.228 [MockNode-4-2] DEBUG net.corda.node.services.network.NodeInfoWatcher - Read 0 NodeInfo files from build\mock-network\20191014-094255.202\nodes\3\additional-node-infos
17:47:13.229 [MockNode-4-2] DEBUG net.corda.node.services.network.NodeInfoWatcher - Number of removed NodeInfo files 0
17:47:14.079 [MockNode-6-2] DEBUG net.corda.node.services.network.NodeInfoWatcher - Read 0 NodeInfo files from build\mock-network\20191014-094255.202\nodes\5\additional-node-infos
17:47:14.079 [MockNode-6-2] DEBUG net.corda.node.services.network.NodeInfoWatcher - Number of removed NodeInfo files 0
17:47:16.034 [MockNode-5-2] DEBUG net.corda.node.services.network.NodeInfoWatcher - Read 0 NodeInfo files from build\mock-network\20191014-094255.202\nodes\4\additional-node-infos
17:47:16.034 [MockNode-5-2] DEBUG net.corda.node.services.network.NodeInfoWatcher - Number of removed NodeInfo files 0
17:47:14.084 [Test worker] INFO com.zaxxer.hikari.pool.HikariPool - HikariPool-4 - Close initiated...
17:47:16.034 [Test worker] DEBUG com.zaxxer.hikari.pool.HikariPool - HikariPool-4 - Before closing stats (total=10, active=0, idle=10, waiting=0)
17:47:16.038 [HikariPool-4 connection closer] DEBUG com.zaxxer.hikari.pool.PoolBase - HikariPool-4 - Closing connection conn34: url=jdbc:h2:mem:node_3_net_312362915497919618_persistence user=SA: (connection evicted)
17:47:16.040 [HikariPool-4 connection closer] DEBUG com.zaxxer.hikari.pool.PoolBase - HikariPool-4 - Closing connection conn35: url=jdbc:h2:mem:node_3_net_312362915497919618_persistence user=SA: (connection evicted)
17:47:16.040 [HikariPool-4 connection closer] DEBUG com.zaxxer.hikari.pool.PoolBase - HikariPool-4 - Closing connection conn36: url=jdbc:h2:mem:node_3_net_312362915497919618_persistence user=SA: (connection evicted)
17:47:16.040 [HikariPool-4 connection closer] DEBUG com.zaxxer.hikari.pool.PoolBase - HikariPool-4 - Closing connection conn37: url=jdbc:h2:mem:node_3_net_312362915497919618_persistence user=SA: (connection evicted)
17:47:16.040 [HikariPool-4 connection closer] DEBUG com.zaxxer.hikari.pool.PoolBase - HikariPool-4 - Closing connection conn38: url=jdbc:h2:mem:node_3_net_312362915497919618_persistence user=SA: (connection evicted)
17:47:16.040 [HikariPool-4 connection closer] DEBUG com.zaxxer.hikari.pool.PoolBase - HikariPool-4 - Closing connection conn39: url=jdbc:h2:mem:node_3_net_312362915497919618_persistence user=SA: (connection evicted)
17:47:16.040 [HikariPool-4 connection closer] DEBUG com.zaxxer.hikari.pool.PoolBase - HikariPool-4 - Closing connection conn40: url=jdbc:h2:mem:node_3_net_312362915497919618_persistence user=SA: (connection evicted)
17:47:16.040 [HikariPool-4 connection closer] DEBUG com.zaxxer.hikari.pool.PoolBase - HikariPool-4 - Closing connection conn41: url=jdbc:h2:mem:node_3_net_312362915497919618_persistence user=SA: (connection evicted)
17:47:16.040 [HikariPool-4 connection closer] DEBUG com.zaxxer.hikari.pool.PoolBase - HikariPool-4 - Closing connection conn42: url=jdbc:h2:mem:node_3_net_312362915497919618_persistence user=SA: (connection evicted)
17:47:16.040 [HikariPool-4 connection closer] DEBUG com.zaxxer.hikari.pool.PoolBase - HikariPool-4 - Closing connection conn43: url=jdbc:h2:mem:node_3_net_312362915497919618_persistence user=SA: (connection evicted)
17:47:16.041 [Test worker] DEBUG com.zaxxer.hikari.pool.HikariPool - HikariPool-4 - After closing stats (total=0, active=0, idle=0, waiting=0)
17:47:16.042 [Test worker] INFO com.zaxxer.hikari.pool.HikariPool - HikariPool-4 - Closed.
17:47:18.503 [MockNode-4-2] DEBUG net.corda.node.services.network.NodeInfoWatcher - Read 0 NodeInfo files from build\mock-network\20191014-094255.202\nodes\3\additional-node-infos
17:47:18.503 [MockNode-4-2] DEBUG net.corda.node.services.network.NodeInfoWatcher - Number of removed NodeInfo files 0
17:47:18.510 [Test worker] INFO com.zaxxer.hikari.pool.HikariPool - HikariPool-5 - Close initiated...
17:47:18.510 [Test worker] DEBUG com.zaxxer.hikari.pool.HikariPool - HikariPool-5 - Before closing stats (total=10, active=0, idle=10, waiting=0)
17:47:18.515 [HikariPool-5 connection closer] DEBUG com.zaxxer.hikari.pool.PoolBase - HikariPool-5 - Closing connection conn45: url=jdbc:h2:mem:node_4_net_312362915497919618_persistence user=SA: (connection evicted)
17:47:18.517 [HikariPool-5 connection closer] DEBUG com.zaxxer.hikari.pool.PoolBase - HikariPool-5 - Closing connection conn46: url=jdbc:h2:mem:node_4_net_312362915497919618_persistence user=SA: (connection evicted)
17:47:18.518 [HikariPool-5 connection closer] DEBUG com.zaxxer.hikari.pool.PoolBase - HikariPool-5 - Closing connection conn47: url=jdbc:h2:mem:node_4_net_312362915497919618_persistence user=SA: (connection evicted)
17:47:18.518 [HikariPool-5 connection closer] DEBUG com.zaxxer.hikari.pool.PoolBase - HikariPool-5 - Closing connection conn48: url=jdbc:h2:mem:node_4_net_312362915497919618_persistence user=SA: (connection evicted)
17:47:18.518 [HikariPool-5 connection closer] DEBUG com.zaxxer.hikari.pool.PoolBase - HikariPool-5 - Closing connection conn49: url=jdbc:h2:mem:node_4_net_312362915497919618_persistence user=SA: (connection evicted)
17:47:18.518 [HikariPool-5 connection closer] DEBUG com.zaxxer.hikari.pool.PoolBase - HikariPool-5 - Closing connection conn50: url=jdbc:h2:mem:node_4_net_312362915497919618_persistence user=SA: (connection evicted)
17:47:18.519 [HikariPool-5 connection closer] DEBUG com.zaxxer.hikari.pool.PoolBase - HikariPool-5 - Closing connection conn51: url=jdbc:h2:mem:node_4_net_312362915497919618_persistence user=SA: (connection evicted)
17:47:18.519 [HikariPool-5 connection closer] DEBUG com.zaxxer.hikari.pool.PoolBase - HikariPool-5 - Closing connection conn52: url=jdbc:h2:mem:node_4_net_312362915497919618_persistence user=SA: (connection evicted)
17:47:18.519 [HikariPool-5 connection closer] DEBUG com.zaxxer.hikari.pool.PoolBase - HikariPool-5 - Closing connection conn53: url=jdbc:h2:mem:node_4_net_312362915497919618_persistence user=SA: (connection evicted)
17:47:18.520 [HikariPool-5 connection closer] DEBUG com.zaxxer.hikari.pool.PoolBase - HikariPool-5 - Closing connection conn54: url=jdbc:h2:mem:node_4_net_312362915497919618_persistence user=SA: (connection evicted)
17:47:18.522 [Test worker] DEBUG com.zaxxer.hikari.pool.HikariPool - HikariPool-5 - After closing stats (total=0, active=0, idle=0, waiting=0)
17:47:18.523 [Test worker] INFO com.zaxxer.hikari.pool.HikariPool - HikariPool-5 - Closed.
17:47:18.533 [Test worker] INFO com.zaxxer.hikari.pool.HikariPool - HikariPool-6 - Close initiated...
17:47:18.539 [Test worker] DEBUG com.zaxxer.hikari.pool.HikariPool - HikariPool-6 - Before closing stats (total=10, active=0, idle=10, waiting=0)
17:47:18.540 [HikariPool-6 connection closer] DEBUG com.zaxxer.hikari.pool.PoolBase - HikariPool-6 - Closing connection conn56: url=jdbc:h2:mem:node_5_net_312362915497919618_persistence user=SA: (connection evicted)
17:47:18.541 [HikariPool-6 connection closer] DEBUG com.zaxxer.hikari.pool.PoolBase - HikariPool-6 - Closing connection conn57: url=jdbc:h2:mem:node_5_net_312362915497919618_persistence user=SA: (connection evicted)
17:47:18.541 [HikariPool-6 connection closer] DEBUG com.zaxxer.hikari.pool.PoolBase - HikariPool-6 - Closing connection conn58: url=jdbc:h2:mem:node_5_net_312362915497919618_persistence user=SA: (connection evicted)
17:47:18.542 [HikariPool-6 connection closer] DEBUG com.zaxxer.hikari.pool.PoolBase - HikariPool-6 - Closing connection conn59: url=jdbc:h2:mem:node_5_net_312362915497919618_persistence user=SA: (connection evicted)
17:47:18.542 [HikariPool-6 connection closer] DEBUG com.zaxxer.hikari.pool.PoolBase - HikariPool-6 - Closing connection conn60: url=jdbc:h2:mem:node_5_net_312362915497919618_persistence user=SA: (connection evicted)
17:47:18.542 [HikariPool-6 connection closer] DEBUG com.zaxxer.hikari.pool.PoolBase - HikariPool-6 - Closing connection conn61: url=jdbc:h2:mem:node_5_net_312362915497919618_persistence user=SA: (connection evicted)
17:47:18.542 [HikariPool-6 connection closer] DEBUG com.zaxxer.hikari.pool.PoolBase - HikariPool-6 - Closing connection conn62: url=jdbc:h2:mem:node_5_net_312362915497919618_persistence user=SA: (connection evicted)
17:47:18.543 [HikariPool-6 connection closer] DEBUG com.zaxxer.hikari.pool.PoolBase - HikariPool-6 - Closing connection conn63: url=jdbc:h2:mem:node_5_net_312362915497919618_persistence user=SA: (connection evicted)
17:47:18.543 [HikariPool-6 connection closer] DEBUG com.zaxxer.hikari.pool.PoolBase - HikariPool-6 - Closing connection conn64: url=jdbc:h2:mem:node_5_net_312362915497919618_persistence user=SA: (connection evicted)
17:47:18.543 [HikariPool-6 connection closer] DEBUG com.zaxxer.hikari.pool.PoolBase - HikariPool-6 - Closing connection conn65: url=jdbc:h2:mem:node_5_net_312362915497919618_persistence user=SA: (connection evicted)
17:47:18.551 [Test worker] DEBUG com.zaxxer.hikari.pool.HikariPool - HikariPool-6 - After closing stats (total=0, active=0, idle=0, waiting=0)
17:47:18.552 [Test worker] INFO com.zaxxer.hikari.pool.HikariPool - HikariPool-6 - Closed.
]]></system-out>
  <system-err><![CDATA[SLF4J: Class path contains multiple SLF4J bindings.
SLF4J: Found binding in [jar:file:/D:/Arvinth/BlockChain/DerivHack-2019/GIT/cdm-corda/cdm-support-contracts-states/build/libs/cdm-support-contracts-states-0.1.jar!/org/slf4j/impl/StaticLoggerBinder.class]
SLF4J: Found binding in [jar:file:/D:/Arvinth/BlockChain/DerivHack-2019/GIT/cdm-corda/lib/dependencies/logback-classic-1.2.3.jar!/org/slf4j/impl/StaticLoggerBinder.class]
SLF4J: Found binding in [jar:file:/C:/Users/user/.gradle/caches/modules-2/files-2.1/org.apache.logging.log4j/log4j-slf4j-impl/2.9.1/a97a849b18b3798c4af1a2ca5b10c66cef17e3a/log4j-slf4j-impl-2.9.1.jar!/org/slf4j/impl/StaticLoggerBinder.class]
SLF4J: See http://www.slf4j.org/codes.html#multiple_bindings for an explanation.
SLF4J: Actual binding is of type [ch.qos.logback.classic.util.ContextSelectorStaticBinder]
QUASAR WARNING: Assertions enabled. This may harm performance.
QUASAR WARNING: Fibers are set to verify instrumentation. This may *severely* harm performance.
]]></system-err>
</testsuite>
