<?xml version="1.0" encoding="UTF-8"?>
<testsuite name="net.corda.cdmsupport.events.ExecutionTest" tests="1" skipped="0" failures="0" errors="0" timestamp="2019-10-12T06:01:32" hostname="DELL" time="62.316">
  <properties/>
  <testcase name="execution" classname="net.corda.cdmsupport.events.ExecutionTest" time="62.316"/>
  <system-out><![CDATA[14:01:36.820 [Test worker] DEBUG net.corda.serialization.internal.amqp.AbstractAMQPSerializationScheme - scanSpec not set, not scanning for Custom Serializers
14:01:39.311 [Test worker] DEBUG net.corda.serialization.internal.amqp.CachingCustomSerializerRegistry - action="Using custom serializer", class=java.security.PublicKey, declaredType=java.security.PublicKey
14:01:39.774 [Test worker] DEBUG net.corda.serialization.internal.amqp.CachingCustomSerializerRegistry - action="Using custom serializer", class=java.time.Instant, declaredType=java.time.Instant
14:01:40.244 [Test worker] DEBUG net.corda.serialization.internal.amqp.CachingCustomSerializerRegistry - action="Using custom serializer", class=java.time.Duration, declaredType=java.time.Duration
14:01:40.298 [Test worker] DEBUG net.corda.serialization.internal.amqp.DefaultLocalSerializerFactory - class=NetworkParameters, type=class net.corda.core.node.NetworkParameters is a composite type
14:01:40.451 [Test worker] DEBUG net.corda.serialization.internal.amqp.DefaultLocalSerializerFactory - class=NotaryInfo, type=class net.corda.core.node.NotaryInfo is a composite type
14:01:40.453 [Test worker] DEBUG net.corda.serialization.internal.amqp.DefaultLocalSerializerFactory - class=Party, type=class net.corda.core.identity.Party is a composite type
14:01:40.454 [Test worker] DEBUG net.corda.serialization.internal.amqp.DefaultLocalSerializerFactory - class=CordaX500Name, type=class net.corda.core.identity.CordaX500Name is a composite type
14:01:40.474 [Test worker] DEBUG net.corda.serialization.internal.amqp.DefaultLocalSerializerFactory - class=String, type=class java.lang.String is a composite type
14:01:40.478 [Test worker] DEBUG net.corda.serialization.internal.amqp.DefaultLocalSerializerFactory - class=SecureHash, type=class net.corda.core.crypto.SecureHash is a composite type
14:01:40.528 [Test worker] DEBUG net.corda.serialization.internal.amqp.CachingCustomSerializerRegistry - action="Using custom serializer", class=net.i2p.crypto.eddsa.EdDSAPublicKey, declaredType=java.security.PublicKey
14:01:40.529 [Test worker] DEBUG net.corda.serialization.internal.amqp.DefaultLocalSerializerFactory - class=byte[], type=class [B is a composite type
14:01:40.615 [Test worker] DEBUG net.corda.serialization.internal.amqp.CachingCustomSerializerRegistry - action="Using custom serializer", class=java.security.cert.X509Certificate, declaredType=java.security.cert.X509Certificate
14:01:40.775 [Test worker] DEBUG net.corda.serialization.internal.amqp.DefaultLocalSerializerFactory - class=SignedDataWithCert, type=class net.corda.core.internal.SignedDataWithCert is a composite type
14:01:40.778 [Test worker] DEBUG net.corda.serialization.internal.amqp.DefaultLocalSerializerFactory - class=SerializedBytes, type=net.corda.core.serialization.SerializedBytes<*> is a composite type
14:01:40.778 [Test worker] DEBUG net.corda.serialization.internal.amqp.DefaultLocalSerializerFactory - class=DigitalSignatureWithCert, type=class net.corda.core.internal.DigitalSignatureWithCert is a composite type
14:01:40.779 [Test worker] DEBUG net.corda.serialization.internal.amqp.CachingCustomSerializerRegistry - action="Using custom serializer", class=sun.security.x509.X509CertImpl, declaredType=java.security.cert.X509Certificate
14:01:46.334 [Test worker] DEBUG net.corda.testing.node.internal.CustomCordapp - Unsigned Jar: D:\Arvinth\BlockChain\DerivHack-2019\GIT\cdm-corda\cdm-support\build\generated-custom-cordapps\20191012-060133.177\custom-cordapp_1_4_55b4176a-1736-4c21-a214-762875044d4b.jar
14:01:46.335 [Test worker] DEBUG net.corda.testing.node.internal.CustomCordapp - CustomCordapp(packages=[net.corda.cdmsupport], name=custom-cordapp, versionId=1, targetPlatformVersion=4, classes=[], signingInfo=null, config={}) packaged into D:\Arvinth\BlockChain\DerivHack-2019\GIT\cdm-corda\cdm-support\build\generated-custom-cordapps\20191012-060133.177\custom-cordapp_1_4_55b4176a-1736-4c21-a214-762875044d4b.jar
14:01:47.006 [Test worker] INFO net.corda.node.internal.cordapp.JarScanningCordappLoader - Looking for CorDapps in [build\mock-network\20191012-060133.950\nodes\0\cordapps]
14:01:47.042 [Test worker] INFO net.corda.node.internal.cordapp.JarScanningCordappLoader - Loading CorDapps from RestrictedURL(url=file:/D:/Arvinth/BlockChain/DerivHack-2019/GIT/cdm-corda/cdm-support/build/mock-network/20191012-060133.950/nodes/0/cordapps/custom-cordapp_1_4_55b4176a-1736-4c21-a214-762875044d4b.jar, rootPackageName=null)
14:01:47.102 [Test worker] INFO net.corda.node.internal.cordapp.JarScanningCordappLoader - Scanning CorDapp in file:/D:/Arvinth/BlockChain/DerivHack-2019/GIT/cdm-corda/cdm-support/build/mock-network/20191012-060133.950/nodes/0/cordapps/custom-cordapp_1_4_55b4176a-1736-4c21-a214-762875044d4b.jar
2019-10-12 14:01:51,895 Test worker WARN Unable to instantiate org.fusesource.jansi.WindowsAnsiOutputStream
2019-10-12 14:01:51,897 Test worker WARN Unable to instantiate org.fusesource.jansi.WindowsAnsiOutputStream
14:01:52.636 [Test worker] DEBUG net.corda.node.services.persistence.NodePropertiesPersistentStore - Node's flow execution mode property key: NABOB_flowsExecutionMode
14:01:52.936 [Test worker] INFO net.corda.testing.node.internal.InternalMockNetwork$MockNode - Node starting up ...
14:01:53.042 [Test worker] DEBUG net.corda.node.internal.NodeFlowManager - Installed core flow net.corda.core.flows.FinalityFlow
14:01:53.056 [Test worker] DEBUG net.corda.node.internal.NodeFlowManager - Installed core flow net.corda.core.flows.NotaryChangeFlow
14:01:53.060 [Test worker] DEBUG net.corda.node.internal.NodeFlowManager - Installed core flow net.corda.core.flows.ContractUpgradeFlow$Initiate
14:01:53.088 [Test worker] DEBUG net.corda.node.internal.NodeFlowManager - Installed core flow net.corda.confidential.SwapIdentitiesFlow
14:01:53.100 [Test worker] INFO net.corda.node.internal.NodeFlowManager - Registered net.corda.cdmsupport.testflow.TestAffirmationFlow to initiate net.corda.cdmsupport.testflow.AffirmationFlowResponder (version 1)
14:01:53.102 [Test worker] INFO net.corda.node.internal.NodeFlowManager - Registered net.corda.cdmsupport.testflow.TestObservableFlow to initiate net.corda.cdmsupport.testflow.ReceiveObservableFlow (version 1)
14:01:53.103 [Test worker] INFO net.corda.node.internal.NodeFlowManager - Registered net.corda.cdmsupport.testflow.TestFlowInitiating to initiate net.corda.cdmsupport.testflow.TestFlowInitiated (version 1)
14:01:53.471 [Test worker] INFO net.corda.testing.node.internal.InternalMockNetwork$MockNode - Loaded network parameters: NetworkParameters {
      minimumPlatformVersion=4
      notaries=[NotaryInfo(identity=O=Notary Service, L=Zurich, C=CH, validating=true)]
      maxMessageSize=10485760
      maxTransactionSize=524288000
      whitelistedContractImplementations {
        
      }
      eventHorizon=PT720H
      packageOwnership {
        
      }
      modifiedTime=2019-10-12T06:01:33.321Z
      epoch=1
  }
14:01:53.488 [Test worker] DEBUG net.corda.node.internal.DataSourceFactory - Applying H2 fix.
14:01:53.555 [Test worker] DEBUG com.zaxxer.hikari.HikariConfig - HikariPool-1 - configuration:
14:01:53.562 [Test worker] DEBUG com.zaxxer.hikari.HikariConfig - allowPoolSuspension.............false
14:01:53.563 [Test worker] DEBUG com.zaxxer.hikari.HikariConfig - autoCommit......................true
14:01:53.564 [Test worker] DEBUG com.zaxxer.hikari.HikariConfig - catalog.........................null
14:01:53.565 [Test worker] DEBUG com.zaxxer.hikari.HikariConfig - connectionInitSql...............null
14:01:53.566 [Test worker] DEBUG com.zaxxer.hikari.HikariConfig - connectionTestQuery.............null
14:01:53.567 [Test worker] DEBUG com.zaxxer.hikari.HikariConfig - connectionTimeout...............30000
14:01:53.568 [Test worker] DEBUG com.zaxxer.hikari.HikariConfig - dataSource......................null
14:01:53.568 [Test worker] DEBUG com.zaxxer.hikari.HikariConfig - dataSourceClassName............."org.h2.jdbcx.JdbcDataSource"
14:01:53.569 [Test worker] DEBUG com.zaxxer.hikari.HikariConfig - dataSourceJNDI..................null
14:01:53.570 [Test worker] DEBUG com.zaxxer.hikari.HikariConfig - dataSourceProperties............{user=sa, url=jdbc:h2:mem:node_0_net_6416157275649019694_persistence;LOCK_TIMEOUT=10000;DB_CLOSE_ON_EXIT=FALSE, password=<masked>}
14:01:53.570 [Test worker] DEBUG com.zaxxer.hikari.HikariConfig - driverClassName.................null
14:01:53.571 [Test worker] DEBUG com.zaxxer.hikari.HikariConfig - healthCheckProperties...........{}
14:01:53.572 [Test worker] DEBUG com.zaxxer.hikari.HikariConfig - healthCheckRegistry.............null
14:01:53.573 [Test worker] DEBUG com.zaxxer.hikari.HikariConfig - idleTimeout.....................600000
14:01:53.574 [Test worker] DEBUG com.zaxxer.hikari.HikariConfig - initializationFailFast..........true
14:01:53.575 [Test worker] DEBUG com.zaxxer.hikari.HikariConfig - isolateInternalQueries..........false
14:01:53.576 [Test worker] DEBUG com.zaxxer.hikari.HikariConfig - jdbc4ConnectionTest.............false
14:01:53.576 [Test worker] DEBUG com.zaxxer.hikari.HikariConfig - jdbcUrl.........................null
14:01:53.577 [Test worker] DEBUG com.zaxxer.hikari.HikariConfig - leakDetectionThreshold..........0
14:01:53.578 [Test worker] DEBUG com.zaxxer.hikari.HikariConfig - maxLifetime.....................1800000
14:01:53.578 [Test worker] DEBUG com.zaxxer.hikari.HikariConfig - maximumPoolSize.................10
14:01:53.579 [Test worker] DEBUG com.zaxxer.hikari.HikariConfig - metricRegistry..................null
14:01:53.580 [Test worker] DEBUG com.zaxxer.hikari.HikariConfig - metricsTrackerFactory...........null
14:01:53.580 [Test worker] DEBUG com.zaxxer.hikari.HikariConfig - minimumIdle.....................10
14:01:53.582 [Test worker] DEBUG com.zaxxer.hikari.HikariConfig - password........................<masked>
14:01:53.583 [Test worker] DEBUG com.zaxxer.hikari.HikariConfig - poolName........................"HikariPool-1"
14:01:53.583 [Test worker] DEBUG com.zaxxer.hikari.HikariConfig - readOnly........................false
14:01:53.584 [Test worker] DEBUG com.zaxxer.hikari.HikariConfig - registerMbeans..................false
14:01:53.585 [Test worker] DEBUG com.zaxxer.hikari.HikariConfig - scheduledExecutorService........null
14:01:53.586 [Test worker] DEBUG com.zaxxer.hikari.HikariConfig - threadFactory...................null
14:01:53.586 [Test worker] DEBUG com.zaxxer.hikari.HikariConfig - transactionIsolation............null
14:01:53.587 [Test worker] DEBUG com.zaxxer.hikari.HikariConfig - username........................null
14:01:53.588 [Test worker] DEBUG com.zaxxer.hikari.HikariConfig - validationTimeout...............5000
14:01:53.590 [Test worker] INFO com.zaxxer.hikari.HikariDataSource - HikariPool-1 - Started.
14:01:54.605 [HikariPool-1 connection adder] DEBUG com.zaxxer.hikari.pool.HikariPool - HikariPool-1 - Added connection conn1: url=jdbc:h2:mem:node_0_net_6416157275649019694_persistence user=SA
14:01:54.658 [HikariPool-1 housekeeper] DEBUG com.zaxxer.hikari.pool.HikariPool - HikariPool-1 - Pool stats (total=1, active=0, idle=1, waiting=0)
14:01:54.660 [HikariPool-1 connection adder] DEBUG com.zaxxer.hikari.pool.HikariPool - HikariPool-1 - Added connection conn2: url=jdbc:h2:mem:node_0_net_6416157275649019694_persistence user=SA
14:01:54.661 [HikariPool-1 connection adder] DEBUG com.zaxxer.hikari.pool.HikariPool - HikariPool-1 - Added connection conn3: url=jdbc:h2:mem:node_0_net_6416157275649019694_persistence user=SA
14:01:54.662 [HikariPool-1 connection adder] DEBUG com.zaxxer.hikari.pool.HikariPool - HikariPool-1 - Added connection conn4: url=jdbc:h2:mem:node_0_net_6416157275649019694_persistence user=SA
14:01:54.662 [HikariPool-1 connection adder] DEBUG com.zaxxer.hikari.pool.HikariPool - HikariPool-1 - Added connection conn5: url=jdbc:h2:mem:node_0_net_6416157275649019694_persistence user=SA
14:01:54.663 [HikariPool-1 connection adder] DEBUG com.zaxxer.hikari.pool.HikariPool - HikariPool-1 - Added connection conn6: url=jdbc:h2:mem:node_0_net_6416157275649019694_persistence user=SA
14:01:54.663 [HikariPool-1 connection adder] DEBUG com.zaxxer.hikari.pool.HikariPool - HikariPool-1 - Added connection conn7: url=jdbc:h2:mem:node_0_net_6416157275649019694_persistence user=SA
14:01:54.664 [HikariPool-1 connection adder] DEBUG com.zaxxer.hikari.pool.HikariPool - HikariPool-1 - Added connection conn8: url=jdbc:h2:mem:node_0_net_6416157275649019694_persistence user=SA
14:01:54.668 [HikariPool-1 connection adder] DEBUG com.zaxxer.hikari.pool.HikariPool - HikariPool-1 - Added connection conn9: url=jdbc:h2:mem:node_0_net_6416157275649019694_persistence user=SA
14:01:54.668 [HikariPool-1 connection adder] DEBUG com.zaxxer.hikari.pool.HikariPool - HikariPool-1 - Added connection conn10: url=jdbc:h2:mem:node_0_net_6416157275649019694_persistence user=SA
14:01:54.669 [HikariPool-1 connection adder] DEBUG com.zaxxer.hikari.pool.HikariPool - HikariPool-1 - After adding stats (total=10, active=0, idle=10, waiting=0)
14:01:56.519 [Test worker] DEBUG liquibase - Connected to SA@jdbc:h2:mem:node_0_net_6416157275649019694_persistence
14:01:56.519 [Test worker] DEBUG liquibase - Setting auto commit to false from true
14:01:57.758 [Test worker] DEBUG liquibase - Opening jar:file:/C:/Users/user/.gradle/caches/modules-2/files-2.1/net.corda/corda-node/4.1/45583a2ad1dc5cdd2b90b4ff6d3bfe980bbba0cc/corda-node-4.1.jar!/migration/common.changelog-master.xml as migration/common.changelog-master.xml
14:01:58.840 [Test worker] DEBUG liquibase - Resolving XML entity name='null', publicId='null', baseURI='null', systemId='http://www.liquibase.org/xml/ns/dbchangelog/dbchangelog-3.5.xsd'
14:01:58.843 [Test worker] DEBUG LiquibaseSchemaResolver - Found namespace details class liquibase.parser.core.xml.StandardNamespaceDetails for http://www.liquibase.org/xml/ns/dbchangelog/dbchangelog-3.5.xsd
14:01:58.843 [Test worker] DEBUG LiquibaseSchemaResolver - Local path for http://www.liquibase.org/xml/ns/dbchangelog/dbchangelog-3.5.xsd is liquibase/parser/core/xml/dbchangelog-3.5.xsd
14:01:58.844 [Test worker] DEBUG liquibase - Opening jar:file:/C:/Users/user/.gradle/caches/modules-2/files-2.1/org.liquibase/liquibase-core/3.5.5/c65051f327382018bd09c30380f25eac96f210da/liquibase-core-3.5.5.jar!/liquibase/parser/core/xml/dbchangelog-3.5.xsd as liquibase/parser/core/xml/dbchangelog-3.5.xsd
14:01:58.845 [Test worker] DEBUG LiquibaseSchemaResolver - Successfully loaded XSD from liquibase/parser/core/xml/dbchangelog-3.5.xsd
14:01:58.950 [Test worker] DEBUG liquibase - Opening jar:file:/C:/Users/user/.gradle/caches/modules-2/files-2.1/net.corda/corda-node/4.1/45583a2ad1dc5cdd2b90b4ff6d3bfe980bbba0cc/corda-node-4.1.jar!/migration/common.changelog-init.xml as migration/common.changelog-init.xml
14:01:58.952 [Test worker] DEBUG liquibase - Resolving XML entity name='null', publicId='null', baseURI='null', systemId='http://www.liquibase.org/xml/ns/dbchangelog/dbchangelog-3.5.xsd'
14:01:58.952 [Test worker] DEBUG LiquibaseSchemaResolver - Found namespace details class liquibase.parser.core.xml.StandardNamespaceDetails for http://www.liquibase.org/xml/ns/dbchangelog/dbchangelog-3.5.xsd
14:01:58.952 [Test worker] DEBUG LiquibaseSchemaResolver - Local path for http://www.liquibase.org/xml/ns/dbchangelog/dbchangelog-3.5.xsd is liquibase/parser/core/xml/dbchangelog-3.5.xsd
14:01:58.953 [Test worker] DEBUG liquibase - Opening jar:file:/C:/Users/user/.gradle/caches/modules-2/files-2.1/org.liquibase/liquibase-core/3.5.5/c65051f327382018bd09c30380f25eac96f210da/liquibase-core-3.5.5.jar!/liquibase/parser/core/xml/dbchangelog-3.5.xsd as liquibase/parser/core/xml/dbchangelog-3.5.xsd
14:01:58.953 [Test worker] DEBUG LiquibaseSchemaResolver - Successfully loaded XSD from liquibase/parser/core/xml/dbchangelog-3.5.xsd
14:01:59.016 [Test worker] DEBUG liquibase - Opening jar:file:/C:/Users/user/.gradle/caches/modules-2/files-2.1/net.corda/corda-node/4.1/45583a2ad1dc5cdd2b90b4ff6d3bfe980bbba0cc/corda-node-4.1.jar!/migration/vault-schema.changelog-master.xml as migration/vault-schema.changelog-master.xml
14:01:59.019 [Test worker] DEBUG liquibase - Resolving XML entity name='null', publicId='null', baseURI='null', systemId='http://www.liquibase.org/xml/ns/dbchangelog/dbchangelog-3.5.xsd'
14:01:59.019 [Test worker] DEBUG LiquibaseSchemaResolver - Found namespace details class liquibase.parser.core.xml.StandardNamespaceDetails for http://www.liquibase.org/xml/ns/dbchangelog/dbchangelog-3.5.xsd
14:01:59.019 [Test worker] DEBUG LiquibaseSchemaResolver - Local path for http://www.liquibase.org/xml/ns/dbchangelog/dbchangelog-3.5.xsd is liquibase/parser/core/xml/dbchangelog-3.5.xsd
14:01:59.020 [Test worker] DEBUG liquibase - Opening jar:file:/C:/Users/user/.gradle/caches/modules-2/files-2.1/org.liquibase/liquibase-core/3.5.5/c65051f327382018bd09c30380f25eac96f210da/liquibase-core-3.5.5.jar!/liquibase/parser/core/xml/dbchangelog-3.5.xsd as liquibase/parser/core/xml/dbchangelog-3.5.xsd
14:01:59.020 [Test worker] DEBUG LiquibaseSchemaResolver - Successfully loaded XSD from liquibase/parser/core/xml/dbchangelog-3.5.xsd
14:01:59.053 [Test worker] DEBUG liquibase - Opening jar:file:/C:/Users/user/.gradle/caches/modules-2/files-2.1/net.corda/corda-node/4.1/45583a2ad1dc5cdd2b90b4ff6d3bfe980bbba0cc/corda-node-4.1.jar!/migration/vault-schema.changelog-init.xml as migration/vault-schema.changelog-init.xml
14:01:59.061 [Test worker] DEBUG liquibase - Resolving XML entity name='null', publicId='null', baseURI='null', systemId='http://www.liquibase.org/xml/ns/dbchangelog/dbchangelog-3.5.xsd'
14:01:59.061 [Test worker] DEBUG LiquibaseSchemaResolver - Found namespace details class liquibase.parser.core.xml.StandardNamespaceDetails for http://www.liquibase.org/xml/ns/dbchangelog/dbchangelog-3.5.xsd
14:01:59.061 [Test worker] DEBUG LiquibaseSchemaResolver - Local path for http://www.liquibase.org/xml/ns/dbchangelog/dbchangelog-3.5.xsd is liquibase/parser/core/xml/dbchangelog-3.5.xsd
14:01:59.062 [Test worker] DEBUG liquibase - Opening jar:file:/C:/Users/user/.gradle/caches/modules-2/files-2.1/org.liquibase/liquibase-core/3.5.5/c65051f327382018bd09c30380f25eac96f210da/liquibase-core-3.5.5.jar!/liquibase/parser/core/xml/dbchangelog-3.5.xsd as liquibase/parser/core/xml/dbchangelog-3.5.xsd
14:01:59.062 [Test worker] DEBUG LiquibaseSchemaResolver - Successfully loaded XSD from liquibase/parser/core/xml/dbchangelog-3.5.xsd
14:01:59.126 [Test worker] DEBUG liquibase - Opening jar:file:/C:/Users/user/.gradle/caches/modules-2/files-2.1/net.corda/corda-node/4.1/45583a2ad1dc5cdd2b90b4ff6d3bfe980bbba0cc/corda-node-4.1.jar!/migration/vault-schema.changelog-v3.xml as migration/vault-schema.changelog-v3.xml
14:01:59.133 [Test worker] DEBUG liquibase - Resolving XML entity name='null', publicId='null', baseURI='null', systemId='http://www.liquibase.org/xml/ns/dbchangelog/dbchangelog-3.5.xsd'
14:01:59.135 [Test worker] DEBUG LiquibaseSchemaResolver - Found namespace details class liquibase.parser.core.xml.StandardNamespaceDetails for http://www.liquibase.org/xml/ns/dbchangelog/dbchangelog-3.5.xsd
14:01:59.136 [Test worker] DEBUG LiquibaseSchemaResolver - Local path for http://www.liquibase.org/xml/ns/dbchangelog/dbchangelog-3.5.xsd is liquibase/parser/core/xml/dbchangelog-3.5.xsd
14:01:59.138 [Test worker] DEBUG liquibase - Opening jar:file:/C:/Users/user/.gradle/caches/modules-2/files-2.1/org.liquibase/liquibase-core/3.5.5/c65051f327382018bd09c30380f25eac96f210da/liquibase-core-3.5.5.jar!/liquibase/parser/core/xml/dbchangelog-3.5.xsd as liquibase/parser/core/xml/dbchangelog-3.5.xsd
14:01:59.142 [Test worker] DEBUG LiquibaseSchemaResolver - Successfully loaded XSD from liquibase/parser/core/xml/dbchangelog-3.5.xsd
14:01:59.228 [Test worker] DEBUG liquibase - Opening jar:file:/C:/Users/user/.gradle/caches/modules-2/files-2.1/net.corda/corda-node/4.1/45583a2ad1dc5cdd2b90b4ff6d3bfe980bbba0cc/corda-node-4.1.jar!/migration/vault-schema.changelog-v4.xml as migration/vault-schema.changelog-v4.xml
14:01:59.233 [Test worker] DEBUG liquibase - Resolving XML entity name='null', publicId='null', baseURI='null', systemId='http://www.liquibase.org/xml/ns/dbchangelog/dbchangelog-3.5.xsd'
14:01:59.233 [Test worker] DEBUG LiquibaseSchemaResolver - Found namespace details class liquibase.parser.core.xml.StandardNamespaceDetails for http://www.liquibase.org/xml/ns/dbchangelog/dbchangelog-3.5.xsd
14:01:59.233 [Test worker] DEBUG LiquibaseSchemaResolver - Local path for http://www.liquibase.org/xml/ns/dbchangelog/dbchangelog-3.5.xsd is liquibase/parser/core/xml/dbchangelog-3.5.xsd
14:01:59.234 [Test worker] DEBUG liquibase - Opening jar:file:/C:/Users/user/.gradle/caches/modules-2/files-2.1/org.liquibase/liquibase-core/3.5.5/c65051f327382018bd09c30380f25eac96f210da/liquibase-core-3.5.5.jar!/liquibase/parser/core/xml/dbchangelog-3.5.xsd as liquibase/parser/core/xml/dbchangelog-3.5.xsd
14:01:59.235 [Test worker] DEBUG LiquibaseSchemaResolver - Successfully loaded XSD from liquibase/parser/core/xml/dbchangelog-3.5.xsd
14:01:59.265 [Test worker] DEBUG liquibase - Opening jar:file:/C:/Users/user/.gradle/caches/modules-2/files-2.1/net.corda/corda-node/4.1/45583a2ad1dc5cdd2b90b4ff6d3bfe980bbba0cc/corda-node-4.1.jar!/migration/vault-schema.changelog-pkey.xml as migration/vault-schema.changelog-pkey.xml
14:01:59.268 [Test worker] DEBUG liquibase - Resolving XML entity name='null', publicId='null', baseURI='null', systemId='http://www.liquibase.org/xml/ns/dbchangelog/dbchangelog-3.5.xsd'
14:01:59.268 [Test worker] DEBUG LiquibaseSchemaResolver - Found namespace details class liquibase.parser.core.xml.StandardNamespaceDetails for http://www.liquibase.org/xml/ns/dbchangelog/dbchangelog-3.5.xsd
14:01:59.268 [Test worker] DEBUG LiquibaseSchemaResolver - Local path for http://www.liquibase.org/xml/ns/dbchangelog/dbchangelog-3.5.xsd is liquibase/parser/core/xml/dbchangelog-3.5.xsd
14:01:59.269 [Test worker] DEBUG liquibase - Opening jar:file:/C:/Users/user/.gradle/caches/modules-2/files-2.1/org.liquibase/liquibase-core/3.5.5/c65051f327382018bd09c30380f25eac96f210da/liquibase-core-3.5.5.jar!/liquibase/parser/core/xml/dbchangelog-3.5.xsd as liquibase/parser/core/xml/dbchangelog-3.5.xsd
14:01:59.269 [Test worker] DEBUG LiquibaseSchemaResolver - Successfully loaded XSD from liquibase/parser/core/xml/dbchangelog-3.5.xsd
14:01:59.290 [Test worker] DEBUG liquibase - Opening jar:file:/C:/Users/user/.gradle/caches/modules-2/files-2.1/net.corda/corda-node/4.1/45583a2ad1dc5cdd2b90b4ff6d3bfe980bbba0cc/corda-node-4.1.jar!/migration/vault-schema.changelog-v5.xml as migration/vault-schema.changelog-v5.xml
14:01:59.292 [Test worker] DEBUG liquibase - Resolving XML entity name='null', publicId='null', baseURI='null', systemId='http://www.liquibase.org/xml/ns/dbchangelog/dbchangelog-3.5.xsd'
14:01:59.292 [Test worker] DEBUG LiquibaseSchemaResolver - Found namespace details class liquibase.parser.core.xml.StandardNamespaceDetails for http://www.liquibase.org/xml/ns/dbchangelog/dbchangelog-3.5.xsd
14:01:59.296 [Test worker] DEBUG LiquibaseSchemaResolver - Local path for http://www.liquibase.org/xml/ns/dbchangelog/dbchangelog-3.5.xsd is liquibase/parser/core/xml/dbchangelog-3.5.xsd
14:01:59.297 [Test worker] DEBUG liquibase - Opening jar:file:/C:/Users/user/.gradle/caches/modules-2/files-2.1/org.liquibase/liquibase-core/3.5.5/c65051f327382018bd09c30380f25eac96f210da/liquibase-core-3.5.5.jar!/liquibase/parser/core/xml/dbchangelog-3.5.xsd as liquibase/parser/core/xml/dbchangelog-3.5.xsd
14:01:59.298 [Test worker] DEBUG LiquibaseSchemaResolver - Successfully loaded XSD from liquibase/parser/core/xml/dbchangelog-3.5.xsd
14:01:59.326 [Test worker] DEBUG liquibase - Opening jar:file:/C:/Users/user/.gradle/caches/modules-2/files-2.1/net.corda/corda-node/4.1/45583a2ad1dc5cdd2b90b4ff6d3bfe980bbba0cc/corda-node-4.1.jar!/migration/vault-schema.changelog-v6.xml as migration/vault-schema.changelog-v6.xml
14:01:59.331 [Test worker] DEBUG liquibase - Resolving XML entity name='null', publicId='null', baseURI='null', systemId='http://www.liquibase.org/xml/ns/dbchangelog/dbchangelog-3.5.xsd'
14:01:59.332 [Test worker] DEBUG LiquibaseSchemaResolver - Found namespace details class liquibase.parser.core.xml.StandardNamespaceDetails for http://www.liquibase.org/xml/ns/dbchangelog/dbchangelog-3.5.xsd
14:01:59.332 [Test worker] DEBUG LiquibaseSchemaResolver - Local path for http://www.liquibase.org/xml/ns/dbchangelog/dbchangelog-3.5.xsd is liquibase/parser/core/xml/dbchangelog-3.5.xsd
14:01:59.332 [Test worker] DEBUG liquibase - Opening jar:file:/C:/Users/user/.gradle/caches/modules-2/files-2.1/org.liquibase/liquibase-core/3.5.5/c65051f327382018bd09c30380f25eac96f210da/liquibase-core-3.5.5.jar!/liquibase/parser/core/xml/dbchangelog-3.5.xsd as liquibase/parser/core/xml/dbchangelog-3.5.xsd
14:01:59.333 [Test worker] DEBUG LiquibaseSchemaResolver - Successfully loaded XSD from liquibase/parser/core/xml/dbchangelog-3.5.xsd
14:01:59.417 [Test worker] DEBUG liquibase - Opening jar:file:/C:/Users/user/.gradle/caches/modules-2/files-2.1/net.corda/corda-node/4.1/45583a2ad1dc5cdd2b90b4ff6d3bfe980bbba0cc/corda-node-4.1.jar!/migration/vault-schema.changelog-v7.xml as migration/vault-schema.changelog-v7.xml
14:01:59.426 [Test worker] DEBUG liquibase - Resolving XML entity name='null', publicId='null', baseURI='null', systemId='http://www.liquibase.org/xml/ns/dbchangelog/dbchangelog-3.5.xsd'
14:01:59.428 [Test worker] DEBUG LiquibaseSchemaResolver - Found namespace details class liquibase.parser.core.xml.StandardNamespaceDetails for http://www.liquibase.org/xml/ns/dbchangelog/dbchangelog-3.5.xsd
14:01:59.429 [Test worker] DEBUG LiquibaseSchemaResolver - Local path for http://www.liquibase.org/xml/ns/dbchangelog/dbchangelog-3.5.xsd is liquibase/parser/core/xml/dbchangelog-3.5.xsd
14:01:59.430 [Test worker] DEBUG liquibase - Opening jar:file:/C:/Users/user/.gradle/caches/modules-2/files-2.1/org.liquibase/liquibase-core/3.5.5/c65051f327382018bd09c30380f25eac96f210da/liquibase-core-3.5.5.jar!/liquibase/parser/core/xml/dbchangelog-3.5.xsd as liquibase/parser/core/xml/dbchangelog-3.5.xsd
14:01:59.431 [Test worker] DEBUG LiquibaseSchemaResolver - Successfully loaded XSD from liquibase/parser/core/xml/dbchangelog-3.5.xsd
14:01:59.511 [Test worker] DEBUG liquibase - Opening jar:file:/C:/Users/user/.gradle/caches/modules-2/files-2.1/net.corda/corda-node/4.1/45583a2ad1dc5cdd2b90b4ff6d3bfe980bbba0cc/corda-node-4.1.jar!/migration/vault-schema.changelog-v8.xml as migration/vault-schema.changelog-v8.xml
14:01:59.514 [Test worker] DEBUG liquibase - Resolving XML entity name='null', publicId='null', baseURI='null', systemId='http://www.liquibase.org/xml/ns/dbchangelog/dbchangelog-3.5.xsd'
14:01:59.515 [Test worker] DEBUG LiquibaseSchemaResolver - Found namespace details class liquibase.parser.core.xml.StandardNamespaceDetails for http://www.liquibase.org/xml/ns/dbchangelog/dbchangelog-3.5.xsd
14:01:59.515 [Test worker] DEBUG LiquibaseSchemaResolver - Local path for http://www.liquibase.org/xml/ns/dbchangelog/dbchangelog-3.5.xsd is liquibase/parser/core/xml/dbchangelog-3.5.xsd
14:01:59.515 [Test worker] DEBUG liquibase - Opening jar:file:/C:/Users/user/.gradle/caches/modules-2/files-2.1/org.liquibase/liquibase-core/3.5.5/c65051f327382018bd09c30380f25eac96f210da/liquibase-core-3.5.5.jar!/liquibase/parser/core/xml/dbchangelog-3.5.xsd as liquibase/parser/core/xml/dbchangelog-3.5.xsd
14:01:59.516 [Test worker] DEBUG LiquibaseSchemaResolver - Successfully loaded XSD from liquibase/parser/core/xml/dbchangelog-3.5.xsd
14:01:59.570 [Test worker] DEBUG liquibase - Opening jar:file:/C:/Users/user/.gradle/caches/modules-2/files-2.1/net.corda/corda-node/4.1/45583a2ad1dc5cdd2b90b4ff6d3bfe980bbba0cc/corda-node-4.1.jar!/migration/node-info.changelog-master.xml as migration/node-info.changelog-master.xml
14:01:59.578 [Test worker] DEBUG liquibase - Resolving XML entity name='null', publicId='null', baseURI='null', systemId='http://www.liquibase.org/xml/ns/dbchangelog/dbchangelog-3.5.xsd'
14:01:59.579 [Test worker] DEBUG LiquibaseSchemaResolver - Found namespace details class liquibase.parser.core.xml.StandardNamespaceDetails for http://www.liquibase.org/xml/ns/dbchangelog/dbchangelog-3.5.xsd
14:01:59.580 [Test worker] DEBUG LiquibaseSchemaResolver - Local path for http://www.liquibase.org/xml/ns/dbchangelog/dbchangelog-3.5.xsd is liquibase/parser/core/xml/dbchangelog-3.5.xsd
14:01:59.583 [Test worker] DEBUG liquibase - Opening jar:file:/C:/Users/user/.gradle/caches/modules-2/files-2.1/org.liquibase/liquibase-core/3.5.5/c65051f327382018bd09c30380f25eac96f210da/liquibase-core-3.5.5.jar!/liquibase/parser/core/xml/dbchangelog-3.5.xsd as liquibase/parser/core/xml/dbchangelog-3.5.xsd
14:01:59.584 [Test worker] DEBUG LiquibaseSchemaResolver - Successfully loaded XSD from liquibase/parser/core/xml/dbchangelog-3.5.xsd
14:01:59.625 [Test worker] DEBUG liquibase - Opening jar:file:/C:/Users/user/.gradle/caches/modules-2/files-2.1/net.corda/corda-node/4.1/45583a2ad1dc5cdd2b90b4ff6d3bfe980bbba0cc/corda-node-4.1.jar!/migration/node-info.changelog-init.xml as migration/node-info.changelog-init.xml
14:01:59.628 [Test worker] DEBUG liquibase - Resolving XML entity name='null', publicId='null', baseURI='null', systemId='http://www.liquibase.org/xml/ns/dbchangelog/dbchangelog-3.5.xsd'
14:01:59.628 [Test worker] DEBUG LiquibaseSchemaResolver - Found namespace details class liquibase.parser.core.xml.StandardNamespaceDetails for http://www.liquibase.org/xml/ns/dbchangelog/dbchangelog-3.5.xsd
14:01:59.628 [Test worker] DEBUG LiquibaseSchemaResolver - Local path for http://www.liquibase.org/xml/ns/dbchangelog/dbchangelog-3.5.xsd is liquibase/parser/core/xml/dbchangelog-3.5.xsd
14:01:59.629 [Test worker] DEBUG liquibase - Opening jar:file:/C:/Users/user/.gradle/caches/modules-2/files-2.1/org.liquibase/liquibase-core/3.5.5/c65051f327382018bd09c30380f25eac96f210da/liquibase-core-3.5.5.jar!/liquibase/parser/core/xml/dbchangelog-3.5.xsd as liquibase/parser/core/xml/dbchangelog-3.5.xsd
14:01:59.630 [Test worker] DEBUG LiquibaseSchemaResolver - Successfully loaded XSD from liquibase/parser/core/xml/dbchangelog-3.5.xsd
14:01:59.658 [Test worker] DEBUG liquibase - Opening jar:file:/C:/Users/user/.gradle/caches/modules-2/files-2.1/net.corda/corda-node/4.1/45583a2ad1dc5cdd2b90b4ff6d3bfe980bbba0cc/corda-node-4.1.jar!/migration/node-info.changelog-v1.xml as migration/node-info.changelog-v1.xml
14:01:59.662 [Test worker] DEBUG liquibase - Resolving XML entity name='null', publicId='null', baseURI='null', systemId='http://www.liquibase.org/xml/ns/dbchangelog/dbchangelog-3.5.xsd'
14:01:59.663 [Test worker] DEBUG LiquibaseSchemaResolver - Found namespace details class liquibase.parser.core.xml.StandardNamespaceDetails for http://www.liquibase.org/xml/ns/dbchangelog/dbchangelog-3.5.xsd
14:01:59.664 [Test worker] DEBUG LiquibaseSchemaResolver - Local path for http://www.liquibase.org/xml/ns/dbchangelog/dbchangelog-3.5.xsd is liquibase/parser/core/xml/dbchangelog-3.5.xsd
14:01:59.665 [Test worker] DEBUG liquibase - Opening jar:file:/C:/Users/user/.gradle/caches/modules-2/files-2.1/org.liquibase/liquibase-core/3.5.5/c65051f327382018bd09c30380f25eac96f210da/liquibase-core-3.5.5.jar!/liquibase/parser/core/xml/dbchangelog-3.5.xsd as liquibase/parser/core/xml/dbchangelog-3.5.xsd
14:01:59.666 [Test worker] DEBUG LiquibaseSchemaResolver - Successfully loaded XSD from liquibase/parser/core/xml/dbchangelog-3.5.xsd
14:01:59.680 [Test worker] DEBUG liquibase - Opening jar:file:/C:/Users/user/.gradle/caches/modules-2/files-2.1/net.corda/corda-node/4.1/45583a2ad1dc5cdd2b90b4ff6d3bfe980bbba0cc/corda-node-4.1.jar!/migration/node-info.changelog-v2.xml as migration/node-info.changelog-v2.xml
14:01:59.683 [Test worker] DEBUG liquibase - Resolving XML entity name='null', publicId='null', baseURI='null', systemId='http://www.liquibase.org/xml/ns/dbchangelog/dbchangelog-3.5.xsd'
14:01:59.684 [Test worker] DEBUG LiquibaseSchemaResolver - Found namespace details class liquibase.parser.core.xml.StandardNamespaceDetails for http://www.liquibase.org/xml/ns/dbchangelog/dbchangelog-3.5.xsd
14:01:59.684 [Test worker] DEBUG LiquibaseSchemaResolver - Local path for http://www.liquibase.org/xml/ns/dbchangelog/dbchangelog-3.5.xsd is liquibase/parser/core/xml/dbchangelog-3.5.xsd
14:01:59.685 [Test worker] DEBUG liquibase - Opening jar:file:/C:/Users/user/.gradle/caches/modules-2/files-2.1/org.liquibase/liquibase-core/3.5.5/c65051f327382018bd09c30380f25eac96f210da/liquibase-core-3.5.5.jar!/liquibase/parser/core/xml/dbchangelog-3.5.xsd as liquibase/parser/core/xml/dbchangelog-3.5.xsd
14:01:59.685 [Test worker] DEBUG LiquibaseSchemaResolver - Successfully loaded XSD from liquibase/parser/core/xml/dbchangelog-3.5.xsd
14:01:59.701 [Test worker] DEBUG liquibase - Opening jar:file:/C:/Users/user/.gradle/caches/modules-2/files-2.1/net.corda/corda-node/4.1/45583a2ad1dc5cdd2b90b4ff6d3bfe980bbba0cc/corda-node-4.1.jar!/migration/node-info.changelog-v3.xml as migration/node-info.changelog-v3.xml
14:01:59.708 [Test worker] DEBUG liquibase - Resolving XML entity name='null', publicId='null', baseURI='null', systemId='http://www.liquibase.org/xml/ns/dbchangelog/dbchangelog-3.5.xsd'
14:01:59.708 [Test worker] DEBUG LiquibaseSchemaResolver - Found namespace details class liquibase.parser.core.xml.StandardNamespaceDetails for http://www.liquibase.org/xml/ns/dbchangelog/dbchangelog-3.5.xsd
14:01:59.708 [Test worker] DEBUG LiquibaseSchemaResolver - Local path for http://www.liquibase.org/xml/ns/dbchangelog/dbchangelog-3.5.xsd is liquibase/parser/core/xml/dbchangelog-3.5.xsd
14:01:59.709 [Test worker] DEBUG liquibase - Opening jar:file:/C:/Users/user/.gradle/caches/modules-2/files-2.1/org.liquibase/liquibase-core/3.5.5/c65051f327382018bd09c30380f25eac96f210da/liquibase-core-3.5.5.jar!/liquibase/parser/core/xml/dbchangelog-3.5.xsd as liquibase/parser/core/xml/dbchangelog-3.5.xsd
14:01:59.712 [Test worker] DEBUG LiquibaseSchemaResolver - Successfully loaded XSD from liquibase/parser/core/xml/dbchangelog-3.5.xsd
14:01:59.730 [Test worker] DEBUG liquibase - Opening jar:file:/C:/Users/user/.gradle/caches/modules-2/files-2.1/net.corda/corda-node/4.1/45583a2ad1dc5cdd2b90b4ff6d3bfe980bbba0cc/corda-node-4.1.jar!/migration/node-core.changelog-master.xml as migration/node-core.changelog-master.xml
14:01:59.733 [Test worker] DEBUG liquibase - Resolving XML entity name='null', publicId='null', baseURI='null', systemId='http://www.liquibase.org/xml/ns/dbchangelog/dbchangelog-3.5.xsd'
14:01:59.734 [Test worker] DEBUG LiquibaseSchemaResolver - Found namespace details class liquibase.parser.core.xml.StandardNamespaceDetails for http://www.liquibase.org/xml/ns/dbchangelog/dbchangelog-3.5.xsd
14:01:59.735 [Test worker] DEBUG LiquibaseSchemaResolver - Local path for http://www.liquibase.org/xml/ns/dbchangelog/dbchangelog-3.5.xsd is liquibase/parser/core/xml/dbchangelog-3.5.xsd
14:01:59.736 [Test worker] DEBUG liquibase - Opening jar:file:/C:/Users/user/.gradle/caches/modules-2/files-2.1/org.liquibase/liquibase-core/3.5.5/c65051f327382018bd09c30380f25eac96f210da/liquibase-core-3.5.5.jar!/liquibase/parser/core/xml/dbchangelog-3.5.xsd as liquibase/parser/core/xml/dbchangelog-3.5.xsd
14:01:59.737 [Test worker] DEBUG LiquibaseSchemaResolver - Successfully loaded XSD from liquibase/parser/core/xml/dbchangelog-3.5.xsd
14:01:59.755 [Test worker] DEBUG liquibase - Opening jar:file:/C:/Users/user/.gradle/caches/modules-2/files-2.1/net.corda/corda-node/4.1/45583a2ad1dc5cdd2b90b4ff6d3bfe980bbba0cc/corda-node-4.1.jar!/migration/node-core.changelog-init.xml as migration/node-core.changelog-init.xml
14:01:59.761 [Test worker] DEBUG liquibase - Resolving XML entity name='null', publicId='null', baseURI='null', systemId='http://www.liquibase.org/xml/ns/dbchangelog/dbchangelog-3.5.xsd'
14:01:59.762 [Test worker] DEBUG LiquibaseSchemaResolver - Found namespace details class liquibase.parser.core.xml.StandardNamespaceDetails for http://www.liquibase.org/xml/ns/dbchangelog/dbchangelog-3.5.xsd
14:01:59.763 [Test worker] DEBUG LiquibaseSchemaResolver - Local path for http://www.liquibase.org/xml/ns/dbchangelog/dbchangelog-3.5.xsd is liquibase/parser/core/xml/dbchangelog-3.5.xsd
14:01:59.763 [Test worker] DEBUG liquibase - Opening jar:file:/C:/Users/user/.gradle/caches/modules-2/files-2.1/org.liquibase/liquibase-core/3.5.5/c65051f327382018bd09c30380f25eac96f210da/liquibase-core-3.5.5.jar!/liquibase/parser/core/xml/dbchangelog-3.5.xsd as liquibase/parser/core/xml/dbchangelog-3.5.xsd
14:01:59.764 [Test worker] DEBUG LiquibaseSchemaResolver - Successfully loaded XSD from liquibase/parser/core/xml/dbchangelog-3.5.xsd
14:01:59.794 [Test worker] DEBUG liquibase - Opening jar:file:/C:/Users/user/.gradle/caches/modules-2/files-2.1/net.corda/corda-node/4.1/45583a2ad1dc5cdd2b90b4ff6d3bfe980bbba0cc/corda-node-4.1.jar!/migration/node-core.changelog-v3.xml as migration/node-core.changelog-v3.xml
14:01:59.797 [Test worker] DEBUG liquibase - Resolving XML entity name='null', publicId='null', baseURI='null', systemId='http://www.liquibase.org/xml/ns/dbchangelog/dbchangelog-3.5.xsd'
14:01:59.798 [Test worker] DEBUG LiquibaseSchemaResolver - Found namespace details class liquibase.parser.core.xml.StandardNamespaceDetails for http://www.liquibase.org/xml/ns/dbchangelog/dbchangelog-3.5.xsd
14:01:59.799 [Test worker] DEBUG LiquibaseSchemaResolver - Local path for http://www.liquibase.org/xml/ns/dbchangelog/dbchangelog-3.5.xsd is liquibase/parser/core/xml/dbchangelog-3.5.xsd
14:01:59.800 [Test worker] DEBUG liquibase - Opening jar:file:/C:/Users/user/.gradle/caches/modules-2/files-2.1/org.liquibase/liquibase-core/3.5.5/c65051f327382018bd09c30380f25eac96f210da/liquibase-core-3.5.5.jar!/liquibase/parser/core/xml/dbchangelog-3.5.xsd as liquibase/parser/core/xml/dbchangelog-3.5.xsd
14:01:59.805 [Test worker] DEBUG LiquibaseSchemaResolver - Successfully loaded XSD from liquibase/parser/core/xml/dbchangelog-3.5.xsd
14:01:59.827 [Test worker] DEBUG liquibase - Opening jar:file:/C:/Users/user/.gradle/caches/modules-2/files-2.1/net.corda/corda-node/4.1/45583a2ad1dc5cdd2b90b4ff6d3bfe980bbba0cc/corda-node-4.1.jar!/migration/node-core.changelog-v4.xml as migration/node-core.changelog-v4.xml
14:01:59.833 [Test worker] DEBUG liquibase - Resolving XML entity name='null', publicId='null', baseURI='null', systemId='http://www.liquibase.org/xml/ns/dbchangelog/dbchangelog-3.5.xsd'
14:01:59.834 [Test worker] DEBUG LiquibaseSchemaResolver - Found namespace details class liquibase.parser.core.xml.StandardNamespaceDetails for http://www.liquibase.org/xml/ns/dbchangelog/dbchangelog-3.5.xsd
14:01:59.835 [Test worker] DEBUG LiquibaseSchemaResolver - Local path for http://www.liquibase.org/xml/ns/dbchangelog/dbchangelog-3.5.xsd is liquibase/parser/core/xml/dbchangelog-3.5.xsd
14:01:59.835 [Test worker] DEBUG liquibase - Opening jar:file:/C:/Users/user/.gradle/caches/modules-2/files-2.1/org.liquibase/liquibase-core/3.5.5/c65051f327382018bd09c30380f25eac96f210da/liquibase-core-3.5.5.jar!/liquibase/parser/core/xml/dbchangelog-3.5.xsd as liquibase/parser/core/xml/dbchangelog-3.5.xsd
14:01:59.836 [Test worker] DEBUG LiquibaseSchemaResolver - Successfully loaded XSD from liquibase/parser/core/xml/dbchangelog-3.5.xsd
14:01:59.911 [Test worker] DEBUG liquibase - Opening jar:file:/C:/Users/user/.gradle/caches/modules-2/files-2.1/net.corda/corda-node/4.1/45583a2ad1dc5cdd2b90b4ff6d3bfe980bbba0cc/corda-node-4.1.jar!/migration/node-core.changelog-v5.xml as migration/node-core.changelog-v5.xml
14:01:59.916 [Test worker] DEBUG liquibase - Resolving XML entity name='null', publicId='null', baseURI='null', systemId='http://www.liquibase.org/xml/ns/dbchangelog/dbchangelog-3.5.xsd'
14:01:59.917 [Test worker] DEBUG LiquibaseSchemaResolver - Found namespace details class liquibase.parser.core.xml.StandardNamespaceDetails for http://www.liquibase.org/xml/ns/dbchangelog/dbchangelog-3.5.xsd
14:01:59.918 [Test worker] DEBUG LiquibaseSchemaResolver - Local path for http://www.liquibase.org/xml/ns/dbchangelog/dbchangelog-3.5.xsd is liquibase/parser/core/xml/dbchangelog-3.5.xsd
14:01:59.920 [Test worker] DEBUG liquibase - Opening jar:file:/C:/Users/user/.gradle/caches/modules-2/files-2.1/org.liquibase/liquibase-core/3.5.5/c65051f327382018bd09c30380f25eac96f210da/liquibase-core-3.5.5.jar!/liquibase/parser/core/xml/dbchangelog-3.5.xsd as liquibase/parser/core/xml/dbchangelog-3.5.xsd
14:01:59.922 [Test worker] DEBUG LiquibaseSchemaResolver - Successfully loaded XSD from liquibase/parser/core/xml/dbchangelog-3.5.xsd
14:01:59.937 [Test worker] DEBUG liquibase - Opening jar:file:/C:/Users/user/.gradle/caches/modules-2/files-2.1/net.corda/corda-node/4.1/45583a2ad1dc5cdd2b90b4ff6d3bfe980bbba0cc/corda-node-4.1.jar!/migration/node-core.changelog-pkey.xml as migration/node-core.changelog-pkey.xml
14:01:59.942 [Test worker] DEBUG liquibase - Resolving XML entity name='null', publicId='null', baseURI='null', systemId='http://www.liquibase.org/xml/ns/dbchangelog/dbchangelog-3.5.xsd'
14:01:59.942 [Test worker] DEBUG LiquibaseSchemaResolver - Found namespace details class liquibase.parser.core.xml.StandardNamespaceDetails for http://www.liquibase.org/xml/ns/dbchangelog/dbchangelog-3.5.xsd
14:01:59.942 [Test worker] DEBUG LiquibaseSchemaResolver - Local path for http://www.liquibase.org/xml/ns/dbchangelog/dbchangelog-3.5.xsd is liquibase/parser/core/xml/dbchangelog-3.5.xsd
14:01:59.943 [Test worker] DEBUG liquibase - Opening jar:file:/C:/Users/user/.gradle/caches/modules-2/files-2.1/org.liquibase/liquibase-core/3.5.5/c65051f327382018bd09c30380f25eac96f210da/liquibase-core-3.5.5.jar!/liquibase/parser/core/xml/dbchangelog-3.5.xsd as liquibase/parser/core/xml/dbchangelog-3.5.xsd
14:01:59.944 [Test worker] DEBUG LiquibaseSchemaResolver - Successfully loaded XSD from liquibase/parser/core/xml/dbchangelog-3.5.xsd
14:01:59.961 [Test worker] DEBUG liquibase - Opening jar:file:/C:/Users/user/.gradle/caches/modules-2/files-2.1/net.corda/corda-node/4.1/45583a2ad1dc5cdd2b90b4ff6d3bfe980bbba0cc/corda-node-4.1.jar!/migration/node-core.changelog-postgres-blob.xml as migration/node-core.changelog-postgres-blob.xml
14:01:59.965 [Test worker] DEBUG liquibase - Resolving XML entity name='null', publicId='null', baseURI='null', systemId='http://www.liquibase.org/xml/ns/dbchangelog/dbchangelog-3.5.xsd'
14:01:59.965 [Test worker] DEBUG LiquibaseSchemaResolver - Found namespace details class liquibase.parser.core.xml.StandardNamespaceDetails for http://www.liquibase.org/xml/ns/dbchangelog/dbchangelog-3.5.xsd
14:01:59.965 [Test worker] DEBUG LiquibaseSchemaResolver - Local path for http://www.liquibase.org/xml/ns/dbchangelog/dbchangelog-3.5.xsd is liquibase/parser/core/xml/dbchangelog-3.5.xsd
14:01:59.965 [Test worker] DEBUG liquibase - Opening jar:file:/C:/Users/user/.gradle/caches/modules-2/files-2.1/org.liquibase/liquibase-core/3.5.5/c65051f327382018bd09c30380f25eac96f210da/liquibase-core-3.5.5.jar!/liquibase/parser/core/xml/dbchangelog-3.5.xsd as liquibase/parser/core/xml/dbchangelog-3.5.xsd
14:01:59.966 [Test worker] DEBUG LiquibaseSchemaResolver - Successfully loaded XSD from liquibase/parser/core/xml/dbchangelog-3.5.xsd
14:01:59.978 [Test worker] DEBUG liquibase - Opening jar:file:/C:/Users/user/.gradle/caches/modules-2/files-2.1/net.corda/corda-node/4.1/45583a2ad1dc5cdd2b90b4ff6d3bfe980bbba0cc/corda-node-4.1.jar!/migration/node-core.changelog-v8.xml as migration/node-core.changelog-v8.xml
14:01:59.980 [Test worker] DEBUG liquibase - Resolving XML entity name='null', publicId='null', baseURI='null', systemId='http://www.liquibase.org/xml/ns/dbchangelog/dbchangelog-3.5.xsd'
14:01:59.986 [Test worker] DEBUG LiquibaseSchemaResolver - Found namespace details class liquibase.parser.core.xml.StandardNamespaceDetails for http://www.liquibase.org/xml/ns/dbchangelog/dbchangelog-3.5.xsd
14:01:59.987 [Test worker] DEBUG LiquibaseSchemaResolver - Local path for http://www.liquibase.org/xml/ns/dbchangelog/dbchangelog-3.5.xsd is liquibase/parser/core/xml/dbchangelog-3.5.xsd
14:01:59.989 [Test worker] DEBUG liquibase - Opening jar:file:/C:/Users/user/.gradle/caches/modules-2/files-2.1/org.liquibase/liquibase-core/3.5.5/c65051f327382018bd09c30380f25eac96f210da/liquibase-core-3.5.5.jar!/liquibase/parser/core/xml/dbchangelog-3.5.xsd as liquibase/parser/core/xml/dbchangelog-3.5.xsd
14:01:59.993 [Test worker] DEBUG LiquibaseSchemaResolver - Successfully loaded XSD from liquibase/parser/core/xml/dbchangelog-3.5.xsd
14:02:00.010 [Test worker] DEBUG liquibase - Opening jar:file:/C:/Users/user/.gradle/caches/modules-2/files-2.1/net.corda/corda-node/4.1/45583a2ad1dc5cdd2b90b4ff6d3bfe980bbba0cc/corda-node-4.1.jar!/migration/node-core.changelog-tx-mapping.xml as migration/node-core.changelog-tx-mapping.xml
14:02:00.015 [Test worker] DEBUG liquibase - Resolving XML entity name='null', publicId='null', baseURI='null', systemId='http://www.liquibase.org/xml/ns/dbchangelog/dbchangelog-3.5.xsd'
14:02:00.016 [Test worker] DEBUG LiquibaseSchemaResolver - Found namespace details class liquibase.parser.core.xml.StandardNamespaceDetails for http://www.liquibase.org/xml/ns/dbchangelog/dbchangelog-3.5.xsd
14:02:00.022 [Test worker] DEBUG LiquibaseSchemaResolver - Local path for http://www.liquibase.org/xml/ns/dbchangelog/dbchangelog-3.5.xsd is liquibase/parser/core/xml/dbchangelog-3.5.xsd
14:02:00.023 [Test worker] DEBUG liquibase - Opening jar:file:/C:/Users/user/.gradle/caches/modules-2/files-2.1/org.liquibase/liquibase-core/3.5.5/c65051f327382018bd09c30380f25eac96f210da/liquibase-core-3.5.5.jar!/liquibase/parser/core/xml/dbchangelog-3.5.xsd as liquibase/parser/core/xml/dbchangelog-3.5.xsd
14:02:00.025 [Test worker] DEBUG LiquibaseSchemaResolver - Successfully loaded XSD from liquibase/parser/core/xml/dbchangelog-3.5.xsd
14:02:00.102 [Test worker] DEBUG liquibase - Opening jar:file:/C:/Users/user/.gradle/caches/modules-2/files-2.1/net.corda/corda-node/4.1/45583a2ad1dc5cdd2b90b4ff6d3bfe980bbba0cc/corda-node-4.1.jar!/migration/node-core.changelog-v9.xml as migration/node-core.changelog-v9.xml
14:02:00.107 [Test worker] DEBUG liquibase - Resolving XML entity name='null', publicId='null', baseURI='null', systemId='http://www.liquibase.org/xml/ns/dbchangelog/dbchangelog-3.5.xsd'
14:02:00.108 [Test worker] DEBUG LiquibaseSchemaResolver - Found namespace details class liquibase.parser.core.xml.StandardNamespaceDetails for http://www.liquibase.org/xml/ns/dbchangelog/dbchangelog-3.5.xsd
14:02:00.108 [Test worker] DEBUG LiquibaseSchemaResolver - Local path for http://www.liquibase.org/xml/ns/dbchangelog/dbchangelog-3.5.xsd is liquibase/parser/core/xml/dbchangelog-3.5.xsd
14:02:00.108 [Test worker] DEBUG liquibase - Opening jar:file:/C:/Users/user/.gradle/caches/modules-2/files-2.1/org.liquibase/liquibase-core/3.5.5/c65051f327382018bd09c30380f25eac96f210da/liquibase-core-3.5.5.jar!/liquibase/parser/core/xml/dbchangelog-3.5.xsd as liquibase/parser/core/xml/dbchangelog-3.5.xsd
14:02:00.109 [Test worker] DEBUG LiquibaseSchemaResolver - Successfully loaded XSD from liquibase/parser/core/xml/dbchangelog-3.5.xsd
14:02:00.133 [Test worker] DEBUG liquibase - Opening jar:file:/C:/Users/user/.gradle/caches/modules-2/files-2.1/net.corda/corda-node/4.1/45583a2ad1dc5cdd2b90b4ff6d3bfe980bbba0cc/corda-node-4.1.jar!/migration/node-core.changelog-v10.xml as migration/node-core.changelog-v10.xml
14:02:00.138 [Test worker] DEBUG liquibase - Resolving XML entity name='null', publicId='null', baseURI='null', systemId='http://www.liquibase.org/xml/ns/dbchangelog/dbchangelog-3.5.xsd'
14:02:00.138 [Test worker] DEBUG LiquibaseSchemaResolver - Found namespace details class liquibase.parser.core.xml.StandardNamespaceDetails for http://www.liquibase.org/xml/ns/dbchangelog/dbchangelog-3.5.xsd
14:02:00.138 [Test worker] DEBUG LiquibaseSchemaResolver - Local path for http://www.liquibase.org/xml/ns/dbchangelog/dbchangelog-3.5.xsd is liquibase/parser/core/xml/dbchangelog-3.5.xsd
14:02:00.139 [Test worker] DEBUG liquibase - Opening jar:file:/C:/Users/user/.gradle/caches/modules-2/files-2.1/org.liquibase/liquibase-core/3.5.5/c65051f327382018bd09c30380f25eac96f210da/liquibase-core-3.5.5.jar!/liquibase/parser/core/xml/dbchangelog-3.5.xsd as liquibase/parser/core/xml/dbchangelog-3.5.xsd
14:02:00.140 [Test worker] DEBUG LiquibaseSchemaResolver - Successfully loaded XSD from liquibase/parser/core/xml/dbchangelog-3.5.xsd
14:02:00.181 [Test worker] DEBUG liquibase - Opening jar:file:/C:/Users/user/.gradle/caches/modules-2/files-2.1/net.corda/corda-node/4.1/45583a2ad1dc5cdd2b90b4ff6d3bfe980bbba0cc/corda-node-4.1.jar!/migration/node-core.changelog-v11.xml as migration/node-core.changelog-v11.xml
14:02:00.185 [Test worker] DEBUG liquibase - Resolving XML entity name='null', publicId='null', baseURI='null', systemId='http://www.liquibase.org/xml/ns/dbchangelog/dbchangelog-3.5.xsd'
14:02:00.185 [Test worker] DEBUG LiquibaseSchemaResolver - Found namespace details class liquibase.parser.core.xml.StandardNamespaceDetails for http://www.liquibase.org/xml/ns/dbchangelog/dbchangelog-3.5.xsd
14:02:00.186 [Test worker] DEBUG LiquibaseSchemaResolver - Local path for http://www.liquibase.org/xml/ns/dbchangelog/dbchangelog-3.5.xsd is liquibase/parser/core/xml/dbchangelog-3.5.xsd
14:02:00.187 [Test worker] DEBUG liquibase - Opening jar:file:/C:/Users/user/.gradle/caches/modules-2/files-2.1/org.liquibase/liquibase-core/3.5.5/c65051f327382018bd09c30380f25eac96f210da/liquibase-core-3.5.5.jar!/liquibase/parser/core/xml/dbchangelog-3.5.xsd as liquibase/parser/core/xml/dbchangelog-3.5.xsd
14:02:00.188 [Test worker] DEBUG LiquibaseSchemaResolver - Successfully loaded XSD from liquibase/parser/core/xml/dbchangelog-3.5.xsd
14:02:00.228 [Test worker] DEBUG liquibase - Opening jar:file:/C:/Users/user/.gradle/caches/modules-2/files-2.1/net.corda/corda-node/4.1/45583a2ad1dc5cdd2b90b4ff6d3bfe980bbba0cc/corda-node-4.1.jar!/migration/vault-schema.changelog-v9.xml as migration/vault-schema.changelog-v9.xml
14:02:00.231 [Test worker] DEBUG liquibase - Resolving XML entity name='null', publicId='null', baseURI='null', systemId='http://www.liquibase.org/xml/ns/dbchangelog/dbchangelog-3.5.xsd'
14:02:00.232 [Test worker] DEBUG LiquibaseSchemaResolver - Found namespace details class liquibase.parser.core.xml.StandardNamespaceDetails for http://www.liquibase.org/xml/ns/dbchangelog/dbchangelog-3.5.xsd
14:02:00.232 [Test worker] DEBUG LiquibaseSchemaResolver - Local path for http://www.liquibase.org/xml/ns/dbchangelog/dbchangelog-3.5.xsd is liquibase/parser/core/xml/dbchangelog-3.5.xsd
14:02:00.233 [Test worker] DEBUG liquibase - Opening jar:file:/C:/Users/user/.gradle/caches/modules-2/files-2.1/org.liquibase/liquibase-core/3.5.5/c65051f327382018bd09c30380f25eac96f210da/liquibase-core-3.5.5.jar!/liquibase/parser/core/xml/dbchangelog-3.5.xsd as liquibase/parser/core/xml/dbchangelog-3.5.xsd
14:02:00.234 [Test worker] DEBUG LiquibaseSchemaResolver - Successfully loaded XSD from liquibase/parser/core/xml/dbchangelog-3.5.xsd
14:02:00.326 [Test worker] DEBUG liquibase - Opening jar:file:/C:/Users/user/.gradle/caches/modules-2/files-2.1/net.corda/corda-node/4.1/45583a2ad1dc5cdd2b90b4ff6d3bfe980bbba0cc/corda-node-4.1.jar!/migration/node-notary.changelog-master.xml as migration/node-notary.changelog-master.xml
14:02:00.331 [Test worker] DEBUG liquibase - Resolving XML entity name='null', publicId='null', baseURI='null', systemId='http://www.liquibase.org/xml/ns/dbchangelog/dbchangelog-3.5.xsd'
14:02:00.332 [Test worker] DEBUG LiquibaseSchemaResolver - Found namespace details class liquibase.parser.core.xml.StandardNamespaceDetails for http://www.liquibase.org/xml/ns/dbchangelog/dbchangelog-3.5.xsd
14:02:00.333 [Test worker] DEBUG LiquibaseSchemaResolver - Local path for http://www.liquibase.org/xml/ns/dbchangelog/dbchangelog-3.5.xsd is liquibase/parser/core/xml/dbchangelog-3.5.xsd
14:02:00.334 [Test worker] DEBUG liquibase - Opening jar:file:/C:/Users/user/.gradle/caches/modules-2/files-2.1/org.liquibase/liquibase-core/3.5.5/c65051f327382018bd09c30380f25eac96f210da/liquibase-core-3.5.5.jar!/liquibase/parser/core/xml/dbchangelog-3.5.xsd as liquibase/parser/core/xml/dbchangelog-3.5.xsd
14:02:00.367 [Test worker] DEBUG LiquibaseSchemaResolver - Successfully loaded XSD from liquibase/parser/core/xml/dbchangelog-3.5.xsd
14:02:00.434 [Test worker] DEBUG liquibase - Opening jar:file:/C:/Users/user/.gradle/caches/modules-2/files-2.1/net.corda/corda-node/4.1/45583a2ad1dc5cdd2b90b4ff6d3bfe980bbba0cc/corda-node-4.1.jar!/migration/node-notary.changelog-init.xml as migration/node-notary.changelog-init.xml
14:02:00.443 [Test worker] DEBUG liquibase - Resolving XML entity name='null', publicId='null', baseURI='null', systemId='http://www.liquibase.org/xml/ns/dbchangelog/dbchangelog-3.5.xsd'
14:02:00.446 [Test worker] DEBUG LiquibaseSchemaResolver - Found namespace details class liquibase.parser.core.xml.StandardNamespaceDetails for http://www.liquibase.org/xml/ns/dbchangelog/dbchangelog-3.5.xsd
14:02:00.447 [Test worker] DEBUG LiquibaseSchemaResolver - Local path for http://www.liquibase.org/xml/ns/dbchangelog/dbchangelog-3.5.xsd is liquibase/parser/core/xml/dbchangelog-3.5.xsd
14:02:00.448 [Test worker] DEBUG liquibase - Opening jar:file:/C:/Users/user/.gradle/caches/modules-2/files-2.1/org.liquibase/liquibase-core/3.5.5/c65051f327382018bd09c30380f25eac96f210da/liquibase-core-3.5.5.jar!/liquibase/parser/core/xml/dbchangelog-3.5.xsd as liquibase/parser/core/xml/dbchangelog-3.5.xsd
14:02:00.451 [Test worker] DEBUG LiquibaseSchemaResolver - Successfully loaded XSD from liquibase/parser/core/xml/dbchangelog-3.5.xsd
14:02:00.494 [Test worker] DEBUG liquibase - Opening jar:file:/C:/Users/user/.gradle/caches/modules-2/files-2.1/net.corda/corda-node/4.1/45583a2ad1dc5cdd2b90b4ff6d3bfe980bbba0cc/corda-node-4.1.jar!/migration/node-notary.changelog-v1.xml as migration/node-notary.changelog-v1.xml
14:02:00.501 [Test worker] DEBUG liquibase - Resolving XML entity name='null', publicId='null', baseURI='null', systemId='http://www.liquibase.org/xml/ns/dbchangelog/dbchangelog-3.5.xsd'
14:02:00.501 [Test worker] DEBUG LiquibaseSchemaResolver - Found namespace details class liquibase.parser.core.xml.StandardNamespaceDetails for http://www.liquibase.org/xml/ns/dbchangelog/dbchangelog-3.5.xsd
14:02:00.501 [Test worker] DEBUG LiquibaseSchemaResolver - Local path for http://www.liquibase.org/xml/ns/dbchangelog/dbchangelog-3.5.xsd is liquibase/parser/core/xml/dbchangelog-3.5.xsd
14:02:00.505 [Test worker] DEBUG liquibase - Opening jar:file:/C:/Users/user/.gradle/caches/modules-2/files-2.1/org.liquibase/liquibase-core/3.5.5/c65051f327382018bd09c30380f25eac96f210da/liquibase-core-3.5.5.jar!/liquibase/parser/core/xml/dbchangelog-3.5.xsd as liquibase/parser/core/xml/dbchangelog-3.5.xsd
14:02:00.506 [Test worker] DEBUG LiquibaseSchemaResolver - Successfully loaded XSD from liquibase/parser/core/xml/dbchangelog-3.5.xsd
14:02:00.535 [Test worker] DEBUG liquibase - Opening jar:file:/C:/Users/user/.gradle/caches/modules-2/files-2.1/net.corda/corda-node/4.1/45583a2ad1dc5cdd2b90b4ff6d3bfe980bbba0cc/corda-node-4.1.jar!/migration/node-notary.changelog-v2.xml as migration/node-notary.changelog-v2.xml
14:02:00.540 [Test worker] DEBUG liquibase - Resolving XML entity name='null', publicId='null', baseURI='null', systemId='http://www.liquibase.org/xml/ns/dbchangelog/dbchangelog-3.5.xsd'
14:02:00.543 [Test worker] DEBUG LiquibaseSchemaResolver - Found namespace details class liquibase.parser.core.xml.StandardNamespaceDetails for http://www.liquibase.org/xml/ns/dbchangelog/dbchangelog-3.5.xsd
14:02:00.547 [Test worker] DEBUG LiquibaseSchemaResolver - Local path for http://www.liquibase.org/xml/ns/dbchangelog/dbchangelog-3.5.xsd is liquibase/parser/core/xml/dbchangelog-3.5.xsd
14:02:00.548 [Test worker] DEBUG liquibase - Opening jar:file:/C:/Users/user/.gradle/caches/modules-2/files-2.1/org.liquibase/liquibase-core/3.5.5/c65051f327382018bd09c30380f25eac96f210da/liquibase-core-3.5.5.jar!/liquibase/parser/core/xml/dbchangelog-3.5.xsd as liquibase/parser/core/xml/dbchangelog-3.5.xsd
14:02:00.548 [Test worker] DEBUG LiquibaseSchemaResolver - Successfully loaded XSD from liquibase/parser/core/xml/dbchangelog-3.5.xsd
14:02:00.592 [Test worker] DEBUG liquibase - Opening jar:file:/C:/Users/user/.gradle/caches/modules-2/files-2.1/net.corda/corda-node/4.1/45583a2ad1dc5cdd2b90b4ff6d3bfe980bbba0cc/corda-node-4.1.jar!/migration/node-notary.changelog-pkey.xml as migration/node-notary.changelog-pkey.xml
14:02:00.597 [Test worker] DEBUG liquibase - Resolving XML entity name='null', publicId='null', baseURI='null', systemId='http://www.liquibase.org/xml/ns/dbchangelog/dbchangelog-3.5.xsd'
14:02:00.598 [Test worker] DEBUG LiquibaseSchemaResolver - Found namespace details class liquibase.parser.core.xml.StandardNamespaceDetails for http://www.liquibase.org/xml/ns/dbchangelog/dbchangelog-3.5.xsd
14:02:00.598 [Test worker] DEBUG LiquibaseSchemaResolver - Local path for http://www.liquibase.org/xml/ns/dbchangelog/dbchangelog-3.5.xsd is liquibase/parser/core/xml/dbchangelog-3.5.xsd
14:02:00.599 [Test worker] DEBUG liquibase - Opening jar:file:/C:/Users/user/.gradle/caches/modules-2/files-2.1/org.liquibase/liquibase-core/3.5.5/c65051f327382018bd09c30380f25eac96f210da/liquibase-core-3.5.5.jar!/liquibase/parser/core/xml/dbchangelog-3.5.xsd as liquibase/parser/core/xml/dbchangelog-3.5.xsd
14:02:00.601 [Test worker] DEBUG LiquibaseSchemaResolver - Successfully loaded XSD from liquibase/parser/core/xml/dbchangelog-3.5.xsd
14:02:00.618 [Test worker] DEBUG liquibase - Opening jar:file:/C:/Users/user/.gradle/caches/modules-2/files-2.1/net.corda/corda-node/4.1/45583a2ad1dc5cdd2b90b4ff6d3bfe980bbba0cc/corda-node-4.1.jar!/migration/node-notary.changelog-committed-transactions-table.xml as migration/node-notary.changelog-committed-transactions-table.xml
14:02:00.625 [Test worker] DEBUG liquibase - Resolving XML entity name='null', publicId='null', baseURI='null', systemId='http://www.liquibase.org/xml/ns/dbchangelog/dbchangelog-3.5.xsd'
14:02:00.625 [Test worker] DEBUG LiquibaseSchemaResolver - Found namespace details class liquibase.parser.core.xml.StandardNamespaceDetails for http://www.liquibase.org/xml/ns/dbchangelog/dbchangelog-3.5.xsd
14:02:00.626 [Test worker] DEBUG LiquibaseSchemaResolver - Local path for http://www.liquibase.org/xml/ns/dbchangelog/dbchangelog-3.5.xsd is liquibase/parser/core/xml/dbchangelog-3.5.xsd
14:02:00.628 [Test worker] DEBUG liquibase - Opening jar:file:/C:/Users/user/.gradle/caches/modules-2/files-2.1/org.liquibase/liquibase-core/3.5.5/c65051f327382018bd09c30380f25eac96f210da/liquibase-core-3.5.5.jar!/liquibase/parser/core/xml/dbchangelog-3.5.xsd as liquibase/parser/core/xml/dbchangelog-3.5.xsd
14:02:00.629 [Test worker] DEBUG LiquibaseSchemaResolver - Successfully loaded XSD from liquibase/parser/core/xml/dbchangelog-3.5.xsd
14:02:00.685 [Test worker] DEBUG liquibase - Computed checksum for 1570860120682 as 342dce68a749573c5f3d2f0ab7dff76b
14:02:00.758 [Test worker] DEBUG liquibase - Create Database Change Log Table
14:02:00.758 [Test worker] INFO liquibase - Creating database history table with name: PUBLIC.DATABASECHANGELOG
14:02:00.774 [Test worker] DEBUG liquibase - Executing EXECUTE database command: CREATE TABLE PUBLIC.DATABASECHANGELOG (ID VARCHAR(255) NOT NULL, AUTHOR VARCHAR(255) NOT NULL, FILENAME VARCHAR(255) NOT NULL, DATEEXECUTED TIMESTAMP NOT NULL, ORDEREXECUTED INT NOT NULL, EXECTYPE VARCHAR(10) NOT NULL, MD5SUM VARCHAR(35), DESCRIPTION VARCHAR(255), COMMENTS VARCHAR(255), TAG VARCHAR(255), LIQUIBASE VARCHAR(20), CONTEXTS VARCHAR(255), LABELS VARCHAR(255), DEPLOYMENT_ID VARCHAR(10))
14:02:00.806 [Test worker] DEBUG liquibase - Executing QUERY database command: select count(*) from PUBLIC.DATABASECHANGELOG
14:02:00.824 [Test worker] INFO liquibase - Reading from PUBLIC.DATABASECHANGELOG
14:02:00.825 [Test worker] DEBUG liquibase - Executing QUERY database command: SELECT * FROM PUBLIC.DATABASECHANGELOG ORDER BY DATEEXECUTED ASC, ORDEREXECUTED ASC
14:02:00.829 [Test worker] DEBUG liquibase - Executing QUERY database command: select count(*) from PUBLIC.DATABASECHANGELOGLOCK
14:02:00.830 [Test worker] DEBUG liquibase - Create Database Lock Table
14:02:00.832 [Test worker] DEBUG liquibase - Executing EXECUTE database command: CREATE TABLE PUBLIC.DATABASECHANGELOGLOCK (ID INT NOT NULL, LOCKED BOOLEAN NOT NULL, LOCKGRANTED TIMESTAMP, LOCKEDBY VARCHAR(255), CONSTRAINT PK_DATABASECHANGELOGLOCK PRIMARY KEY (ID))
14:02:00.855 [Test worker] DEBUG liquibase - Created database lock table with name: PUBLIC.DATABASECHANGELOGLOCK
14:02:00.855 [Test worker] DEBUG liquibase - Executing QUERY database command: select count(*) from PUBLIC.DATABASECHANGELOGLOCK
14:02:00.856 [Test worker] DEBUG liquibase - Initialize Database Lock Table
14:02:00.859 [Test worker] DEBUG liquibase - Executing EXECUTE database command: DELETE FROM PUBLIC.DATABASECHANGELOGLOCK
14:02:00.864 [Test worker] DEBUG liquibase - Executing EXECUTE database command: INSERT INTO PUBLIC.DATABASECHANGELOGLOCK (ID, LOCKED) VALUES (1, FALSE)
14:02:00.883 [Test worker] DEBUG liquibase - master.changelog.json: migration/common.changelog-init.xml::1511451595465-1.1::R3.Corda: Computed checksum for createSequence:[
    sequenceName="hibernate_sequence"
] as 3b59bc60f6cf5c7c76b020ae29954565
14:02:00.901 [Test worker] DEBUG liquibase - master.changelog.json: migration/common.changelog-init.xml::1511451595465-1.1::R3.Corda: Computed checksum for 7:3b59bc60f6cf5c7c76b020ae29954565: as afe897bea20bc08d1681087c94d0967d
14:02:00.905 [Test worker] DEBUG liquibase - master.changelog.json: migration/common.changelog-init.xml::1511451595465-1.3::R3.Corda: Computed checksum for createSequence:[
    minValue="1"
    sequenceName="hibernate_sequence"
] as f473914cdfde3972225cdb465aeff71d
14:02:00.906 [Test worker] DEBUG liquibase - master.changelog.json: migration/common.changelog-init.xml::1511451595465-1.3::R3.Corda: Computed checksum for 7:f473914cdfde3972225cdb465aeff71d: as b775a64dd8351ca0b00329ea3e49f44b
14:02:00.906 [Test worker] INFO liquibase - master.changelog.json: migration/common.changelog-init.xml::1511451595465-1.3::R3.Corda: Skipping changeSet migration/common.changelog-init.xml::1511451595465-1.3::R3.Corda due to validation error(s): minValue is not allowed on h2
14:02:00.915 [Test worker] DEBUG liquibase - master.changelog.json: migration/vault-schema.changelog-init.xml::1511451595465-22::R3.Corda: Computed checksum for createTable:[
    columns=[
        [
            [
                nullable="false"
            ]
            name="output_index"
            type="INT"
        ],
        [
            [
                nullable="false"
            ]
            name="transaction_id"
            type="NVARCHAR(64)"
        ],
        [
            name="issuer_name"
            type="NVARCHAR(255)"
        ],
        [
            name="issuer_ref"
            type="varbinary(512)"
        ],
        [
       ... [truncated in log] as e175aecbeafccf493b3899098eb581f2
14:02:00.918 [Test worker] DEBUG liquibase - master.changelog.json: migration/vault-schema.changelog-init.xml::1511451595465-22::R3.Corda: Computed checksum for 7:e175aecbeafccf493b3899098eb581f2: as 1f8a20296ddeb0fc739bd8e7084b0bab
14:02:00.934 [Test worker] DEBUG liquibase - master.changelog.json: migration/vault-schema.changelog-init.xml::1511451595465-23::R3.Corda: Computed checksum for createTable:[
    columns=[
        [
            [
                nullable="false"
            ]
            name="output_index"
            type="INT"
        ],
        [
            [
                nullable="false"
            ]
            name="transaction_id"
            type="NVARCHAR(64)"
        ],
        [
            name="participants"
            type="NVARCHAR(255)"
        ]
    ]
    tableName="vault_fungible_states_parts"
] as add94f234be5f070e7c2a20110730809
14:02:00.934 [Test worker] DEBUG liquibase - master.changelog.json: migration/vault-schema.changelog-init.xml::1511451595465-23::R3.Corda: Computed checksum for 7:add94f234be5f070e7c2a20110730809: as 1a9f6483c225c03a3a558b5b20306741
14:02:00.940 [Test worker] DEBUG liquibase - master.changelog.json: migration/vault-schema.changelog-init.xml::1511451595465-24::R3.Corda: Computed checksum for createTable:[
    columns=[
        [
            [
                nullable="false"
            ]
            name="output_index"
            type="INT"
        ],
        [
            [
                nullable="false"
            ]
            name="transaction_id"
            type="NVARCHAR(64)"
        ],
        [
            name="external_id"
            type="NVARCHAR(255)"
        ],
        [
            [
                nullable="false"
            ]
            name="uuid"
       ... [truncated in log] as a2b34ccc00e85d4de9b82e22ec7fa971
14:02:00.940 [Test worker] DEBUG liquibase - master.changelog.json: migration/vault-schema.changelog-init.xml::1511451595465-24::R3.Corda: Computed checksum for 7:a2b34ccc00e85d4de9b82e22ec7fa971: as cc33e3b7b7db0e8613421e71352448d1
14:02:00.943 [Test worker] DEBUG liquibase - master.changelog.json: migration/vault-schema.changelog-init.xml::1511451595465-25::R3.Corda: Computed checksum for createTable:[
    columns=[
        [
            [
                nullable="false"
            ]
            name="output_index"
            type="INT"
        ],
        [
            [
                nullable="false"
            ]
            name="transaction_id"
            type="NVARCHAR(64)"
        ],
        [
            name="participants"
            type="NVARCHAR(255)"
        ]
    ]
    tableName="vault_linear_states_parts"
] as ff0db7191732aba7aa4402b9145d55d8
14:02:00.943 [Test worker] DEBUG liquibase - master.changelog.json: migration/vault-schema.changelog-init.xml::1511451595465-25::R3.Corda: Computed checksum for 7:ff0db7191732aba7aa4402b9145d55d8: as cee1c34886b737d7c86f4ba94a43d9a7
14:02:00.945 [Test worker] DEBUG liquibase - master.changelog.json: migration/vault-schema.changelog-init.xml::1511451595465-26::R3.Corda: Computed checksum for createTable:[
    columns=[
        [
            [
                nullable="false"
            ]
            name="output_index"
            type="INT"
        ],
        [
            [
                nullable="false"
            ]
            name="transaction_id"
            type="NVARCHAR(64)"
        ],
        [
            name="consumed_timestamp"
            type="timestamp"
        ],
        [
            name="contract_state_class_name"
            type="NVARCHAR(255)"
        ],
... [truncated in log] as 3590556b2783206eba7b151844f6a2e8
14:02:00.949 [Test worker] DEBUG liquibase - master.changelog.json: migration/vault-schema.changelog-init.xml::1511451595465-26::R3.Corda: Computed checksum for 7:3590556b2783206eba7b151844f6a2e8: as 47ea918c4e5894a573ed08ff7d3cfcf8
14:02:00.953 [Test worker] DEBUG liquibase - master.changelog.json: migration/vault-schema.changelog-init.xml::1511451595465-27::R3.Corda: Computed checksum for createTable:[
    columns=[
        [
            [
                nullable="false"
            ]
            name="seq_no"
            type="INT"
        ],
        [
            name="note"
            type="NVARCHAR(255)"
        ],
        [
            name="transaction_id"
            type="NVARCHAR(64)"
        ]
    ]
    tableName="vault_transaction_notes"
] as b2a3172c8e54fe287195c0f1d9d79d06
14:02:00.953 [Test worker] DEBUG liquibase - master.changelog.json: migration/vault-schema.changelog-init.xml::1511451595465-27::R3.Corda: Computed checksum for 7:b2a3172c8e54fe287195c0f1d9d79d06: as b335f04504c263e99eb1b4b78fb7b976
14:02:00.955 [Test worker] DEBUG liquibase - master.changelog.json: migration/vault-schema.changelog-init.xml::1511451595465-47::R3.Corda: Computed checksum for addPrimaryKey:[
    columnNames="output_index, transaction_id"
    constraintName="vault_fungible_states_pkey"
    tableName="vault_fungible_states"
] as 1c0d1edb717c326aca50814658fa822a
14:02:00.955 [Test worker] DEBUG liquibase - master.changelog.json: migration/vault-schema.changelog-init.xml::1511451595465-47::R3.Corda: Computed checksum for 7:1c0d1edb717c326aca50814658fa822a: as 5ebf8c6ceacd418805fef0a8d5926d22
14:02:00.957 [Test worker] DEBUG liquibase - master.changelog.json: migration/vault-schema.changelog-init.xml::1511451595465-48::R3.Corda: Computed checksum for addPrimaryKey:[
    columnNames="output_index, transaction_id"
    constraintName="vault_linear_states_pkey"
    tableName="vault_linear_states"
] as 4e3aaffa0ad01595c6c23745084763b1
14:02:00.957 [Test worker] DEBUG liquibase - master.changelog.json: migration/vault-schema.changelog-init.xml::1511451595465-48::R3.Corda: Computed checksum for 7:4e3aaffa0ad01595c6c23745084763b1: as 6852e525af1e0e841b85cbc65c3ef3eb
14:02:00.961 [Test worker] DEBUG liquibase - master.changelog.json: migration/vault-schema.changelog-init.xml::1511451595465-49::R3.Corda: Computed checksum for addPrimaryKey:[
    columnNames="output_index, transaction_id"
    constraintName="vault_states_pkey"
    tableName="vault_states"
] as 4bd501a6f3a2480ca4be1186a9ae2951
14:02:00.961 [Test worker] DEBUG liquibase - master.changelog.json: migration/vault-schema.changelog-init.xml::1511451595465-49::R3.Corda: Computed checksum for 7:4bd501a6f3a2480ca4be1186a9ae2951: as e88ace88ae32b7c6a212f749bed7f25f
14:02:00.962 [Test worker] DEBUG liquibase - master.changelog.json: migration/vault-schema.changelog-init.xml::1511451595465-50::R3.Corda: Computed checksum for addPrimaryKey:[
    columnNames="seq_no"
    constraintName="vault_transaction_notes_pkey"
    tableName="vault_transaction_notes"
] as 39e3946cfbca51e6913a1c4f38ddf0c7
14:02:00.962 [Test worker] DEBUG liquibase - master.changelog.json: migration/vault-schema.changelog-init.xml::1511451595465-50::R3.Corda: Computed checksum for 7:39e3946cfbca51e6913a1c4f38ddf0c7: as aef52cbfcee4e86a30a1175aacdae9b5
14:02:00.964 [Test worker] DEBUG liquibase - master.changelog.json: migration/vault-schema.changelog-init.xml::1511451595465-53::R3.Corda: Computed checksum for createIndex:[
    columns=[
        [
            name="external_id"
        ]
    ]
    indexName="external_id_index"
    tableName="vault_linear_states"
] as f98aafeaa30935a36db499f2104a93bf
14:02:00.965 [Test worker] DEBUG liquibase - master.changelog.json: migration/vault-schema.changelog-init.xml::1511451595465-53::R3.Corda: Computed checksum for 7:f98aafeaa30935a36db499f2104a93bf: as 7b0c95c0892fe1aba26a294d843d3c0a
14:02:00.966 [Test worker] DEBUG liquibase - master.changelog.json: migration/vault-schema.changelog-init.xml::1511451595465-55::R3.Corda: Computed checksum for createIndex:[
    columns=[
        [
            name="lock_id"
        ],
        [
            name="state_status"
        ]
    ]
    indexName="lock_id_idx"
    tableName="vault_states"
] as e42dab0002a4e906bfd484f143741150
14:02:00.966 [Test worker] DEBUG liquibase - master.changelog.json: migration/vault-schema.changelog-init.xml::1511451595465-55::R3.Corda: Computed checksum for 7:e42dab0002a4e906bfd484f143741150: as daf1bfa84381a1c8e100c14229a6d860
14:02:00.967 [Test worker] DEBUG liquibase - master.changelog.json: migration/vault-schema.changelog-init.xml::1511451595465-58::R3.Corda: Computed checksum for createIndex:[
    columns=[
        [
            name="state_status"
        ]
    ]
    indexName="state_status_idx"
    tableName="vault_states"
] as 2ff9d748b5e8cc68d2b31c3435578cef
14:02:00.967 [Test worker] DEBUG liquibase - master.changelog.json: migration/vault-schema.changelog-init.xml::1511451595465-58::R3.Corda: Computed checksum for 7:2ff9d748b5e8cc68d2b31c3435578cef: as 775d3c8a27b7fad84f9894db6bdf3e87
14:02:00.968 [Test worker] DEBUG liquibase - master.changelog.json: migration/vault-schema.changelog-init.xml::1511451595465-59::R3.Corda: Computed checksum for createIndex:[
    columns=[
        [
            name="transaction_id"
        ]
    ]
    indexName="transaction_id_index"
    tableName="vault_transaction_notes"
] as fd9eea380cef475dc54fd99e4e233920
14:02:00.968 [Test worker] DEBUG liquibase - master.changelog.json: migration/vault-schema.changelog-init.xml::1511451595465-59::R3.Corda: Computed checksum for 7:fd9eea380cef475dc54fd99e4e233920: as 1be2b24f3e4fedc8252c24080b713783
14:02:00.968 [Test worker] DEBUG liquibase - master.changelog.json: migration/vault-schema.changelog-init.xml::1511451595465-60::R3.Corda: Computed checksum for createIndex:[
    columns=[
        [
            name="uuid"
        ]
    ]
    indexName="uuid_index"
    tableName="vault_linear_states"
] as 0c3a5a186849036cd224f1c228d6dde9
14:02:00.969 [Test worker] DEBUG liquibase - master.changelog.json: migration/vault-schema.changelog-init.xml::1511451595465-60::R3.Corda: Computed checksum for 7:0c3a5a186849036cd224f1c228d6dde9: as f372f17dd75374bfecfde0e44d7ce36c
14:02:00.969 [Test worker] DEBUG liquibase - master.changelog.json: migration/vault-schema.changelog-init.xml::1511451595465-64::R3.Corda: Computed checksum for addForeignKeyConstraint:[
    baseColumnNames="output_index,transaction_id"
    baseTableName="vault_fungible_states_parts"
    constraintName="FK__fung_st_parts__fung_st"
    referencedColumnNames="output_index,transaction_id"
    referencedTableName="vault_fungible_states"
] as 0eece996759bc05f893e13edcc7012b3
14:02:00.970 [Test worker] DEBUG liquibase - master.changelog.json: migration/vault-schema.changelog-init.xml::1511451595465-64::R3.Corda: Computed checksum for 7:0eece996759bc05f893e13edcc7012b3: as 3771038da08dbe5dbbbdffac7300198d
14:02:00.972 [Test worker] DEBUG liquibase - master.changelog.json: migration/vault-schema.changelog-init.xml::1511451595465-65::R3.Corda: Computed checksum for addForeignKeyConstraint:[
    baseColumnNames="output_index,transaction_id"
    baseTableName="vault_linear_states_parts"
    constraintName="FK__lin_stat_parts__lin_stat"
    referencedColumnNames="output_index,transaction_id"
    referencedTableName="vault_linear_states"
] as c3bfc19faabd85d1ada74a704975075a
14:02:00.972 [Test worker] DEBUG liquibase - master.changelog.json: migration/vault-schema.changelog-init.xml::1511451595465-65::R3.Corda: Computed checksum for 7:c3bfc19faabd85d1ada74a704975075a: as 4cccc80aadefc753d80d33d233d426b1
14:02:00.974 [Test worker] DEBUG liquibase - master.changelog.json: migration/vault-schema.changelog-v3.xml::clean_vault::R3.Corda: Computed checksum for delete:[
    tableName="vault_fungible_states_parts"
] as b70b29b3a6bedbc5661cba016468c920
14:02:00.974 [Test worker] DEBUG liquibase - master.changelog.json: migration/vault-schema.changelog-v3.xml::clean_vault::R3.Corda: Computed checksum for delete:[
    tableName="vault_fungible_states"
] as a274055ce2143aac7ca36e5fad03b134
14:02:00.974 [Test worker] DEBUG liquibase - master.changelog.json: migration/vault-schema.changelog-v3.xml::clean_vault::R3.Corda: Computed checksum for delete:[
    tableName="vault_linear_states_parts"
] as ea0a011664469f485e1c20d3a801a95c
14:02:00.975 [Test worker] DEBUG liquibase - master.changelog.json: migration/vault-schema.changelog-v3.xml::clean_vault::R3.Corda: Computed checksum for delete:[
    tableName="vault_linear_states"
] as 3448fb16d803304ec5b23fe901463752
14:02:00.975 [Test worker] DEBUG liquibase - master.changelog.json: migration/vault-schema.changelog-v3.xml::clean_vault::R3.Corda: Computed checksum for delete:[
    tableName="vault_states"
] as 9554b12247631c9ef0b25ddf1faaa6d3
14:02:00.995 [Test worker] DEBUG liquibase - master.changelog.json: migration/vault-schema.changelog-v3.xml::clean_vault::R3.Corda: Computed checksum for delete:[
    tableName="vault_transaction_notes"
] as 0250e47826dc021ed9e01d035ea6f1b6
14:02:01.011 [Test worker] DEBUG liquibase - master.changelog.json: migration/vault-schema.changelog-v3.xml::clean_vault::R3.Corda: Computed checksum for 7:b70b29b3a6bedbc5661cba016468c920:7:a274055ce2143aac7ca36e5fad03b134:7:ea0a011664469f485e1c20d3a801a95c:7:3448fb16d803304ec5b23fe901463752:7:9554b12247631c9ef0b25ddf1faaa6d3:7:0250e47826dc021ed9e01d035ea6f1b6: as c16f94cc9c0418c23dfcedd33e85d2d3
14:02:01.013 [Test worker] DEBUG liquibase - master.changelog.json: migration/vault-schema.changelog-v4.xml::nullability::R3.Corda: Computed checksum for addNotNullConstraint:[
    columnDataType="BIGINT"
    columnName="quantity"
    tableName="vault_fungible_states"
] as d78eae5ca9adbacacf85e33e2a7f7415
14:02:01.014 [Test worker] DEBUG liquibase - master.changelog.json: migration/vault-schema.changelog-v4.xml::nullability::R3.Corda: Computed checksum for addNotNullConstraint:[
    columnDataType="NVARCHAR(255)"
    columnName="contract_state_class_name"
    tableName="vault_states"
] as 2078d56a1b5edbecbcc69079c33eb871
14:02:01.015 [Test worker] DEBUG liquibase - master.changelog.json: migration/vault-schema.changelog-v4.xml::nullability::R3.Corda: Computed checksum for addNotNullConstraint:[
    columnDataType="NVARCHAR(255)"
    columnName="notary_name"
    tableName="vault_states"
] as 2258242147cd14905eb100408de09558
14:02:01.016 [Test worker] DEBUG liquibase - master.changelog.json: migration/vault-schema.changelog-v4.xml::nullability::R3.Corda: Computed checksum for addNotNullConstraint:[
    columnDataType="timestamp"
    columnName="recorded_timestamp"
    tableName="vault_states"
] as ae7f591a2aca843f8ab716280bfd3947
14:02:01.017 [Test worker] DEBUG liquibase - master.changelog.json: migration/vault-schema.changelog-v4.xml::nullability::R3.Corda: Computed checksum for dropIndex:[
    indexName="state_status_idx"
    tableName="vault_states"
] as 6583c319aa2e4b6d1f195c77bc111ac5
14:02:01.018 [Test worker] DEBUG liquibase - master.changelog.json: migration/vault-schema.changelog-v4.xml::nullability::R3.Corda: Computed checksum for dropIndex:[
    indexName="lock_id_idx"
    tableName="vault_states"
] as e22a84c8f8873eb942f692a00ddda6c5
14:02:01.018 [Test worker] DEBUG liquibase - master.changelog.json: migration/vault-schema.changelog-v4.xml::nullability::R3.Corda: Computed checksum for addNotNullConstraint:[
    columnDataType="INT"
    columnName="state_status"
    tableName="vault_states"
] as f062ec40c033aa8c2a8ec93fcfc05443
14:02:01.020 [Test worker] DEBUG liquibase - master.changelog.json: migration/vault-schema.changelog-v4.xml::nullability::R3.Corda: Computed checksum for createIndex:[
    columns=[
        [
            name="state_status"
        ]
    ]
    indexName="state_status_idx"
    tableName="vault_states"
] as 2ff9d748b5e8cc68d2b31c3435578cef
14:02:01.022 [Test worker] DEBUG liquibase - master.changelog.json: migration/vault-schema.changelog-v4.xml::nullability::R3.Corda: Computed checksum for createIndex:[
    columns=[
        [
            name="lock_id"
        ],
        [
            name="state_status"
        ]
    ]
    indexName="lock_id_idx"
    tableName="vault_states"
] as e42dab0002a4e906bfd484f143741150
14:02:01.022 [Test worker] DEBUG liquibase - master.changelog.json: migration/vault-schema.changelog-v4.xml::nullability::R3.Corda: Computed checksum for dropIndex:[
    indexName="transaction_id_index"
    tableName="vault_transaction_notes"
] as 7677600c3adca898205158cdae636f0d
14:02:01.023 [Test worker] DEBUG liquibase - master.changelog.json: migration/vault-schema.changelog-v4.xml::nullability::R3.Corda: Computed checksum for addNotNullConstraint:[
    columnDataType="NVARCHAR(255)"
    columnName="note"
    tableName="vault_transaction_notes"
] as 4155de3b6c359ed6d735b6ae5c880ed2
14:02:01.028 [Test worker] DEBUG liquibase - master.changelog.json: migration/vault-schema.changelog-v4.xml::nullability::R3.Corda: Computed checksum for addNotNullConstraint:[
    columnDataType="NVARCHAR(64)"
    columnName="transaction_id"
    tableName="vault_transaction_notes"
] as f6eaec7b45db4b379b8485512bd873c1
14:02:01.029 [Test worker] DEBUG liquibase - master.changelog.json: migration/vault-schema.changelog-v4.xml::nullability::R3.Corda: Computed checksum for createIndex:[
    columns=[
        [
            name="transaction_id"
        ]
    ]
    indexName="transaction_id_index"
    tableName="vault_transaction_notes"
] as fd9eea380cef475dc54fd99e4e233920
14:02:01.030 [Test worker] DEBUG liquibase - master.changelog.json: migration/vault-schema.changelog-v4.xml::nullability::R3.Corda: Computed checksum for 7:d78eae5ca9adbacacf85e33e2a7f7415:7:2078d56a1b5edbecbcc69079c33eb871:7:2258242147cd14905eb100408de09558:7:ae7f591a2aca843f8ab716280bfd3947:7:6583c319aa2e4b6d1f195c77bc111ac5:7:e22a84c8f8873eb942f692a00ddda6c5:7:f062ec40c033aa8c2a8ec93fcfc05443:7:2ff9d748b5e8cc68d2b31c3435578cef:7:e42dab0002a4e906bfd484f143741150:7:7677600c3adca898205158cdae636f0d:7:4155de3b6c359ed6d735b6ae5c880ed2:7:f6eaec7b45db4b379b8485512bd873c1:7:fd9eea380cef475dc54fd99e4e233920: as 59450415a9a86b5b55d9f9347b383e6a
14:02:01.042 [Test worker] DEBUG liquibase - master.changelog.json: migration/vault-schema.changelog-pkey.xml::non-clustered_pk-11::R3.Corda: Computed checksum for dropForeignKeyConstraint:[
    baseTableName="vault_fungible_states_parts"
    constraintName="FK__fung_st_parts__fung_st"
] as 366e0c21ef7697fbe3f3045b1680d699
14:02:01.043 [Test worker] DEBUG liquibase - master.changelog.json: migration/vault-schema.changelog-pkey.xml::non-clustered_pk-11::R3.Corda: Computed checksum for dropPrimaryKey:[
    constraintName="vault_fungible_states_pkey"
    tableName="vault_fungible_states"
] as f27f6f6e80b50caaa06aa6c747243425
14:02:01.044 [Test worker] DEBUG liquibase - master.changelog.json: migration/vault-schema.changelog-pkey.xml::non-clustered_pk-11::R3.Corda: Computed checksum for addPrimaryKey:[
    clustered="false"
    columnNames="output_index, transaction_id"
    constraintName="vault_fungible_states_pkey"
    tableName="vault_fungible_states"
] as 0729afe4c34a21623a8f5744790f34c4
14:02:01.045 [Test worker] DEBUG liquibase - master.changelog.json: migration/vault-schema.changelog-pkey.xml::non-clustered_pk-11::R3.Corda: Computed checksum for addForeignKeyConstraint:[
    baseColumnNames="output_index,transaction_id"
    baseTableName="vault_fungible_states_parts"
    constraintName="FK__fung_st_parts__fung_st"
    referencedColumnNames="output_index,transaction_id"
    referencedTableName="vault_fungible_states"
] as 0eece996759bc05f893e13edcc7012b3
14:02:01.051 [Test worker] DEBUG liquibase - master.changelog.json: migration/vault-schema.changelog-pkey.xml::non-clustered_pk-11::R3.Corda: Computed checksum for 7:366e0c21ef7697fbe3f3045b1680d699:7:f27f6f6e80b50caaa06aa6c747243425:7:0729afe4c34a21623a8f5744790f34c4:7:0eece996759bc05f893e13edcc7012b3: as c88a8494afc1f2507131e709b3ec4f1e
14:02:01.053 [Test worker] INFO liquibase - master.changelog.json: migration/vault-schema.changelog-pkey.xml::non-clustered_pk-11::R3.Corda: Skipping changeSet migration/vault-schema.changelog-pkey.xml::non-clustered_pk-11::R3.Corda due to validation error(s): clustered is not allowed on h2
14:02:01.054 [Test worker] DEBUG liquibase - master.changelog.json: migration/vault-schema.changelog-pkey.xml::non-clustered_pk-12::R3.Corda: Computed checksum for dropForeignKeyConstraint:[
    baseTableName="vault_linear_states_parts"
    constraintName="FK__lin_stat_parts__lin_stat"
] as c9ce07b51242a8f54da9e570853dc34f
14:02:01.055 [Test worker] DEBUG liquibase - master.changelog.json: migration/vault-schema.changelog-pkey.xml::non-clustered_pk-12::R3.Corda: Computed checksum for dropPrimaryKey:[
    constraintName="vault_linear_states_pkey"
    tableName="vault_linear_states"
] as d986066259edad3f263694f099f02f7f
14:02:01.056 [Test worker] DEBUG liquibase - master.changelog.json: migration/vault-schema.changelog-pkey.xml::non-clustered_pk-12::R3.Corda: Computed checksum for addPrimaryKey:[
    clustered="false"
    columnNames="output_index, transaction_id"
    constraintName="vault_linear_states_pkey"
    tableName="vault_linear_states"
] as c26064d58e4f1b2610b6d01e5c0b9b5b
14:02:01.057 [Test worker] DEBUG liquibase - master.changelog.json: migration/vault-schema.changelog-pkey.xml::non-clustered_pk-12::R3.Corda: Computed checksum for addForeignKeyConstraint:[
    baseColumnNames="output_index,transaction_id"
    baseTableName="vault_linear_states_parts"
    constraintName="FK__lin_stat_parts__lin_stat"
    referencedColumnNames="output_index,transaction_id"
    referencedTableName="vault_linear_states"
] as c3bfc19faabd85d1ada74a704975075a
14:02:01.057 [Test worker] DEBUG liquibase - master.changelog.json: migration/vault-schema.changelog-pkey.xml::non-clustered_pk-12::R3.Corda: Computed checksum for 7:c9ce07b51242a8f54da9e570853dc34f:7:d986066259edad3f263694f099f02f7f:7:c26064d58e4f1b2610b6d01e5c0b9b5b:7:c3bfc19faabd85d1ada74a704975075a: as 5569de8454d891688bbb7510f634782f
14:02:01.057 [Test worker] INFO liquibase - master.changelog.json: migration/vault-schema.changelog-pkey.xml::non-clustered_pk-12::R3.Corda: Skipping changeSet migration/vault-schema.changelog-pkey.xml::non-clustered_pk-12::R3.Corda due to validation error(s): clustered is not allowed on h2
14:02:01.058 [Test worker] DEBUG liquibase - master.changelog.json: migration/vault-schema.changelog-pkey.xml::non-clustered_pk-13::R3.Corda: Computed checksum for dropPrimaryKey:[
    constraintName="vault_states_pkey"
    tableName="vault_states"
] as de17bd04796a6e54cb5606dceff73aec
14:02:01.059 [Test worker] DEBUG liquibase - master.changelog.json: migration/vault-schema.changelog-pkey.xml::non-clustered_pk-13::R3.Corda: Computed checksum for addPrimaryKey:[
    clustered="false"
    columnNames="output_index, transaction_id"
    constraintName="vault_states_pkey"
    tableName="vault_states"
] as 70c1298ee3ac2d16aba8b2ac6ed5b568
14:02:01.059 [Test worker] DEBUG liquibase - master.changelog.json: migration/vault-schema.changelog-pkey.xml::non-clustered_pk-13::R3.Corda: Computed checksum for 7:de17bd04796a6e54cb5606dceff73aec:7:70c1298ee3ac2d16aba8b2ac6ed5b568: as c786c529ecdaa33f87d3fc9ed88111f4
14:02:01.060 [Test worker] INFO liquibase - master.changelog.json: migration/vault-schema.changelog-pkey.xml::non-clustered_pk-13::R3.Corda: Skipping changeSet migration/vault-schema.changelog-pkey.xml::non-clustered_pk-13::R3.Corda due to validation error(s): clustered is not allowed on h2
14:02:01.062 [Test worker] DEBUG liquibase - master.changelog.json: migration/vault-schema.changelog-v5.xml::add_relevancy_status_column::R3.Corda: Computed checksum for addColumn:[
    columns=[
        [
            name="relevancy_status"
            type="INT"
        ]
    ]
    tableName="vault_states"
] as f4c3dbd35bfa9d2a1021acafdac959d6
14:02:01.063 [Test worker] DEBUG liquibase - master.changelog.json: migration/vault-schema.changelog-v5.xml::add_relevancy_status_column::R3.Corda: Computed checksum for update:[
    columns=[
        [
            name="relevancy_status"
            valueNumeric="0"
        ]
    ]
    tableName="vault_states"
] as c3f226e53f5bf04fd8506465c55d3a42
14:02:01.064 [Test worker] DEBUG liquibase - master.changelog.json: migration/vault-schema.changelog-v5.xml::add_relevancy_status_column::R3.Corda: Computed checksum for addNotNullConstraint:[
    columnDataType="INT"
    columnName="relevancy_status"
    tableName="vault_states"
] as a4104ab76f534885eeb63a0690843f78
14:02:01.064 [Test worker] DEBUG liquibase - master.changelog.json: migration/vault-schema.changelog-v5.xml::add_relevancy_status_column::R3.Corda: Computed checksum for 7:f4c3dbd35bfa9d2a1021acafdac959d6:7:c3f226e53f5bf04fd8506465c55d3a42:7:a4104ab76f534885eeb63a0690843f78: as bd7c3258179f34f231f6ae51e3313fc4
14:02:01.067 [Test worker] DEBUG liquibase - master.changelog.json: migration/vault-schema.changelog-v6.xml::add_is_constraint_information_columns::R3.Corda: Computed checksum for addColumn:[
    columns=[
        [
            [
                nullable="false"
            ]
            defaultValue="0"
            name="constraint_type"
            type="INT"
        ]
    ]
    tableName="vault_states"
] as ec4183b38221d9efb81468b6b58469ad
14:02:01.068 [Test worker] DEBUG liquibase - master.changelog.json: migration/vault-schema.changelog-v6.xml::add_is_constraint_information_columns::R3.Corda: Computed checksum for addColumn:[
    columns=[
        [
            [
                nullable="true"
            ]
            name="constraint_data"
            type="varbinary(563)"
        ]
    ]
    tableName="vault_states"
] as a62d1e80b99c304b04f3ac1ec994ed59
14:02:01.068 [Test worker] DEBUG liquibase - master.changelog.json: migration/vault-schema.changelog-v6.xml::add_is_constraint_information_columns::R3.Corda: Computed checksum for 7:ec4183b38221d9efb81468b6b58469ad:7:a62d1e80b99c304b04f3ac1ec994ed59: as 7d7cf7015d299a7fefb6e81aa563e208
14:02:01.069 [Test worker] DEBUG liquibase - master.changelog.json: migration/vault-schema.changelog-v7.xml::make_issuer_ref_nullable::R3.Corda: Computed checksum for dropNotNullConstraint:[
    columnDataType="varbinary(512)"
    columnName="issuer_ref"
    tableName="vault_fungible_states"
] as b549f88798da86b579f7e3421c6019ed
14:02:01.069 [Test worker] DEBUG liquibase - master.changelog.json: migration/vault-schema.changelog-v7.xml::make_issuer_ref_nullable::R3.Corda: Computed checksum for 7:b549f88798da86b579f7e3421c6019ed: as 016e083b176a76fc50d74e3fe07ca1cb
14:02:01.070 [Test worker] DEBUG liquibase - master.changelog.json: migration/vault-schema.changelog-v8.xml::create-external-id-to-state-party-view::R3.Corda: Computed checksum for createTable:[
    columns=[
        [
            name="output_index"
            type="INT"
        ],
        [
            name="transaction_id"
            type="NVARCHAR(64)"
        ],
        [
            [
                nullable="false"
            ]
            name="public_key_hash"
            type="NVARCHAR(255)"
        ],
        [
            name="x500_name"
            type="NVARCHAR(255)"
        ]
    ]
    tableName="state_party"
] as 3b063e299ebe197af7a457ea726b2800
14:02:01.071 [Test worker] DEBUG liquibase - master.changelog.json: migration/vault-schema.changelog-v8.xml::create-external-id-to-state-party-view::R3.Corda: Computed checksum for createIndex:[
    columns=[
        [
            name="public_key_hash"
        ]
    ]
    indexName="state_pk_hash_idx"
    tableName="state_party"
] as 450b82f224c850f2465386ef7a707b92
14:02:01.072 [Test worker] DEBUG liquibase - master.changelog.json: migration/vault-schema.changelog-v8.xml::create-external-id-to-state-party-view::R3.Corda: Computed checksum for createTable:[
    columns=[
        [
            [
                nullable="false"
            ]
            name="id"
            type="BIGINT"
        ],
        [
            [
                nullable="false"
            ]
            name="external_id"
            type="VARCHAR(255)"
        ],
        [
            [
                nullable="false"
            ]
            name="public_key_hash"
            type="NVARCHAR(255)"
        ]
    ]
    tableName="pk_hash_to_ext_id_map"
] as 190b235511991d2151d47c903cd91db4
14:02:01.072 [Test worker] DEBUG liquibase - master.changelog.json: migration/vault-schema.changelog-v8.xml::create-external-id-to-state-party-view::R3.Corda: Computed checksum for createIndex:[
    columns=[
        [
            name="public_key_hash"
        ]
    ]
    indexName="pk_hash_to_xid_idx"
    tableName="pk_hash_to_ext_id_map"
] as 1ee9b085d397f1a43f3b474588eddf9f
14:02:01.073 [Test worker] DEBUG liquibase - master.changelog.json: migration/vault-schema.changelog-v8.xml::create-external-id-to-state-party-view::R3.Corda: Computed checksum for createView:[
    selectQuery="select
                state_party.public_key_hash,
                state_party.transaction_id,
                state_party.output_index,
                pk_hash_to_ext_id_map.external_id
            from state_party
            join pk_hash_to_ext_id_map
            on state_party.public_key_hash = pk_hash_to_ext_id_map.public_key_hash"
    viewName="v_pkey_hash_ex_id_map"
] as 439c1337ca50f7fd62b4d377ac192053
14:02:01.073 [Test worker] DEBUG liquibase - master.changelog.json: migration/vault-schema.changelog-v8.xml::create-external-id-to-state-party-view::R3.Corda: Computed checksum for 7:3b063e299ebe197af7a457ea726b2800:7:450b82f224c850f2465386ef7a707b92:7:190b235511991d2151d47c903cd91db4:7:1ee9b085d397f1a43f3b474588eddf9f:7:439c1337ca50f7fd62b4d377ac192053: as 68a2e794e4726e4e40b28753c7a64413
14:02:01.090 [Test worker] DEBUG liquibase - master.changelog.json: migration/node-info.changelog-init.xml::1511451595465-4::R3.Corda: Computed checksum for createTable:[
    columns=[
        [
            [
                nullable="false"
            ]
            name="node_info_id"
            type="INT"
        ],
        [
            [
                nullable="false"
            ]
            name="party_name"
            type="NVARCHAR(255)"
        ]
    ]
    tableName="node_link_nodeinfo_party"
] as 5f0557f6684939cfe82574a45344afd3
14:02:01.091 [Test worker] DEBUG liquibase - master.changelog.json: migration/node-info.changelog-init.xml::1511451595465-4::R3.Corda: Computed checksum for 7:5f0557f6684939cfe82574a45344afd3: as 86561ccea3a7fbbdb311d455076c98a8
14:02:01.095 [Test worker] DEBUG liquibase - master.changelog.json: migration/node-info.changelog-init.xml::1511451595465-10::R3.Corda: Computed checksum for createTable:[
    columns=[
        [
            [
                nullable="false"
            ]
            name="host"
            type="NVARCHAR(255)"
        ],
        [
            [
                nullable="false"
            ]
            name="port"
            type="INT"
        ],
        [
            name="node_info_id"
            type="INT"
        ]
    ]
    tableName="node_info_hosts"
] as 6f08193361f660a382cf54820e056a20
14:02:01.096 [Test worker] DEBUG liquibase - master.changelog.json: migration/node-info.changelog-init.xml::1511451595465-10::R3.Corda: Computed checksum for 7:6f08193361f660a382cf54820e056a20: as 86dcf13717e5dbc4c623523618380bdd
14:02:01.101 [Test worker] DEBUG liquibase - master.changelog.json: migration/node-info.changelog-init.xml::1511451595465-11::R3.Corda: Computed checksum for createTable:[
    columns=[
        [
            [
                nullable="false"
            ]
            name="party_name"
            type="NVARCHAR(255)"
        ],
        [
            [
                nullable="false"
            ]
            name="ismain"
            type="BOOLEAN"
        ],
        [
            name="owning_key_hash"
            type="NVARCHAR(130)"
        ],
        [
            name="party_cert_binary"
            type="blob"
        ]
    ]
    tableName="n... [truncated in log] as 6e371f832176dde950fe6998501cc7aa
14:02:01.102 [Test worker] DEBUG liquibase - master.changelog.json: migration/node-info.changelog-init.xml::1511451595465-11::R3.Corda: Computed checksum for 7:6e371f832176dde950fe6998501cc7aa: as ddf2ea133beca979abcb7e627a37db60
14:02:01.109 [Test worker] DEBUG liquibase - master.changelog.json: migration/node-info.changelog-init.xml::1511451595465-12::R3.Corda: Computed checksum for createTable:[
    columns=[
        [
            [
                nullable="false"
            ]
            name="node_info_id"
            type="INT"
        ],
        [
            name="node_info_hash"
            type="NVARCHAR(64)"
        ],
        [
            name="platform_version"
            type="INT"
        ],
        [
            name="serial"
            type="BIGINT"
        ]
    ]
    tableName="node_infos"
] as c5eb4436bba09a4bfb27e08b68cc57b0
14:02:01.111 [Test worker] DEBUG liquibase - master.changelog.json: migration/node-info.changelog-init.xml::1511451595465-12::R3.Corda: Computed checksum for 7:c5eb4436bba09a4bfb27e08b68cc57b0: as 2a2169c32d87fdc3442c6096740a52a5
14:02:01.115 [Test worker] DEBUG liquibase - master.changelog.json: migration/node-info.changelog-init.xml::1511451595465-35::R3.Corda: Computed checksum for addPrimaryKey:[
    columnNames="host, port"
    constraintName="node_info_hosts_pkey"
    tableName="node_info_hosts"
] as 00c44e883bc12a3353188495f454f0f6
14:02:01.115 [Test worker] DEBUG liquibase - master.changelog.json: migration/node-info.changelog-init.xml::1511451595465-35::R3.Corda: Computed checksum for 7:00c44e883bc12a3353188495f454f0f6: as 5c8230d7f489b4b961c3b52b3335e5ff
14:02:01.116 [Test worker] DEBUG liquibase - master.changelog.json: migration/node-info.changelog-init.xml::1511451595465-36::R3.Corda: Computed checksum for addPrimaryKey:[
    columnNames="party_name"
    constraintName="node_info_party_cert_pkey"
    tableName="node_info_party_cert"
] as 14054c7885bede3bc60af5d2dd08a9c8
14:02:01.117 [Test worker] DEBUG liquibase - master.changelog.json: migration/node-info.changelog-init.xml::1511451595465-36::R3.Corda: Computed checksum for 7:14054c7885bede3bc60af5d2dd08a9c8: as a4293247b9113bb0895d15e212ded67d
14:02:01.117 [Test worker] DEBUG liquibase - master.changelog.json: migration/node-info.changelog-init.xml::1511451595465-37::R3.Corda: Computed checksum for addPrimaryKey:[
    columnNames="node_info_id"
    constraintName="node_infos_pkey"
    tableName="node_infos"
] as 6adf6458b4512d6bc5ca5813c2707e3d
14:02:01.117 [Test worker] DEBUG liquibase - master.changelog.json: migration/node-info.changelog-init.xml::1511451595465-37::R3.Corda: Computed checksum for 7:6adf6458b4512d6bc5ca5813c2707e3d: as 3f7b9e25544e21798cc648d8ab2056b7
14:02:01.118 [Test worker] DEBUG liquibase - master.changelog.json: migration/node-info.changelog-init.xml::1511451595465-62::R3.Corda: Computed checksum for addForeignKeyConstraint:[
    baseColumnNames="node_info_id"
    baseTableName="node_link_nodeinfo_party"
    constraintName="FK__link_nodeinfo_party__infos"
    referencedColumnNames="node_info_id"
    referencedTableName="node_infos"
] as 1a56cab722da6c0a210824ac187fea47
14:02:01.118 [Test worker] DEBUG liquibase - master.changelog.json: migration/node-info.changelog-init.xml::1511451595465-62::R3.Corda: Computed checksum for 7:1a56cab722da6c0a210824ac187fea47: as 64add0a3b0350cfe6fa3de1428a38397
14:02:01.119 [Test worker] DEBUG liquibase - master.changelog.json: migration/node-info.changelog-init.xml::1511451595465-63::R3.Corda: Computed checksum for addForeignKeyConstraint:[
    baseColumnNames="node_info_id"
    baseTableName="node_info_hosts"
    constraintName="FK__info_hosts__infos"
    referencedColumnNames="node_info_id"
    referencedTableName="node_infos"
] as c5982833d4ecc3f6e19b870ef3cdafdc
14:02:01.119 [Test worker] DEBUG liquibase - master.changelog.json: migration/node-info.changelog-init.xml::1511451595465-63::R3.Corda: Computed checksum for 7:c5982833d4ecc3f6e19b870ef3cdafdc: as 6ea0c3bb234d14956401b6b281531832
14:02:01.119 [Test worker] DEBUG liquibase - master.changelog.json: migration/node-info.changelog-init.xml::remove_host_port_pk::R3.Corda: Computed checksum for delete:[
    tableName="node_infos"
] as 88f0f3be4f28bb97a4eff8bb6c643615
14:02:01.120 [Test worker] DEBUG liquibase - master.changelog.json: migration/node-info.changelog-init.xml::remove_host_port_pk::R3.Corda: Computed checksum for delete:[
    tableName="node_link_nodeinfo_party"
] as 8ae8d78f410d9978c57e0e7d4383c311
14:02:01.123 [Test worker] DEBUG liquibase - master.changelog.json: migration/node-info.changelog-init.xml::remove_host_port_pk::R3.Corda: Computed checksum for delete:[
    tableName="node_info_hosts"
] as c66698861dc70f2bc2f0d1aefc556a8b
14:02:01.123 [Test worker] DEBUG liquibase - master.changelog.json: migration/node-info.changelog-init.xml::remove_host_port_pk::R3.Corda: Computed checksum for delete:[
    tableName="node_info_party_cert"
] as f57d560d22a52dd192fdb3fbbb679576
14:02:01.123 [Test worker] DEBUG liquibase - master.changelog.json: migration/node-info.changelog-init.xml::remove_host_port_pk::R3.Corda: Computed checksum for dropPrimaryKey:[
    constraintName="node_info_hosts_pkey"
    tableName="node_info_hosts"
] as 8b8f98fcef92cc953b306c56fe61762f
14:02:01.123 [Test worker] DEBUG liquibase - master.changelog.json: migration/node-info.changelog-init.xml::remove_host_port_pk::R3.Corda: Computed checksum for addColumn:[
    columns=[
        [
            [
                nullable="false"
            ]
            name="hosts_id"
            type="INT"
        ]
    ]
    tableName="node_info_hosts"
] as 2bc19defe8eb317936eb134f5cf66983
14:02:01.124 [Test worker] DEBUG liquibase - master.changelog.json: migration/node-info.changelog-init.xml::remove_host_port_pk::R3.Corda: Computed checksum for addPrimaryKey:[
    columnNames="hosts_id"
    constraintName="node_info_hosts_pkey_id"
    tableName="node_info_hosts"
] as fb8c4f0a4999978cac06928bb4f0134a
14:02:01.124 [Test worker] DEBUG liquibase - master.changelog.json: migration/node-info.changelog-init.xml::remove_host_port_pk::R3.Corda: Computed checksum for 7:88f0f3be4f28bb97a4eff8bb6c643615:7:8ae8d78f410d9978c57e0e7d4383c311:7:c66698861dc70f2bc2f0d1aefc556a8b:7:f57d560d22a52dd192fdb3fbbb679576:7:8b8f98fcef92cc953b306c56fe61762f:7:2bc19defe8eb317936eb134f5cf66983:7:fb8c4f0a4999978cac06928bb4f0134a: as cb733f12ced82860fd296bb0c94c5072
14:02:01.125 [Test worker] DEBUG liquibase - master.changelog.json: migration/node-info.changelog-v1.xml::key/value node properties table::R3.Corda: Computed checksum for createTable:[
    columns=[
        [
            [
                nullable="false"
            ]
            name="property_key"
            type="NVARCHAR(255)"
        ],
        [
            name="property_value"
            type="NVARCHAR(255)"
        ]
    ]
    tableName="node_properties"
] as 17113a8df38982bab57e5f97485915b2
14:02:01.126 [Test worker] DEBUG liquibase - master.changelog.json: migration/node-info.changelog-v1.xml::key/value node properties table::R3.Corda: Computed checksum for 7:17113a8df38982bab57e5f97485915b2: as 05241b402dd60a4e1eeb86ad6c5eff9e
14:02:01.127 [Test worker] DEBUG liquibase - master.changelog.json: migration/node-info.changelog-v2.xml::1525962920::R3.Corda: Computed checksum for addNotNullConstraint:[
    columnDataType="NVARCHAR(64)"
    columnName="node_info_hash"
    tableName="node_infos"
] as 736d3fb9862e810788216a889c726699
14:02:01.127 [Test worker] DEBUG liquibase - master.changelog.json: migration/node-info.changelog-v2.xml::1525962920::R3.Corda: Computed checksum for addNotNullConstraint:[
    columnDataType="INT"
    columnName="platform_version"
    tableName="node_infos"
] as 76d2d2c9dd1c6954d572cd5a4d47366e
14:02:01.127 [Test worker] DEBUG liquibase - master.changelog.json: migration/node-info.changelog-v2.xml::1525962920::R3.Corda: Computed checksum for addNotNullConstraint:[
    columnDataType="BIGINT"
    columnName="serial"
    tableName="node_infos"
] as 26157af814171c1d3bd6f883bb5c39e8
14:02:01.128 [Test worker] DEBUG liquibase - master.changelog.json: migration/node-info.changelog-v2.xml::1525962920::R3.Corda: Computed checksum for dropNotNullConstraint:[
    columnDataType="NVARCHAR(255)"
    columnName="host"
    tableName="node_info_hosts"
] as 603a060f34f7e4bd2d4bff3b8a6621af
14:02:01.128 [Test worker] DEBUG liquibase - master.changelog.json: migration/node-info.changelog-v2.xml::1525962920::R3.Corda: Computed checksum for dropNotNullConstraint:[
    columnDataType="INT"
    columnName="port"
    tableName="node_info_hosts"
] as 1ad496134a62a18677ebb23168117bbe
14:02:01.128 [Test worker] DEBUG liquibase - master.changelog.json: migration/node-info.changelog-v2.xml::1525962920::R3.Corda: Computed checksum for addNotNullConstraint:[
    columnDataType="NVARCHAR(130)"
    columnName="owning_key_hash"
    tableName="node_info_party_cert"
] as eb00d90a19da5f3ab4970aa0b2674aae
14:02:01.128 [Test worker] DEBUG liquibase - master.changelog.json: migration/node-info.changelog-v2.xml::1525962920::R3.Corda: Computed checksum for addNotNullConstraint:[
    columnDataType="blob"
    columnName="party_cert_binary"
    tableName="node_info_party_cert"
] as 25f38c720c603b2dea35550bedab555a
14:02:01.128 [Test worker] DEBUG liquibase - master.changelog.json: migration/node-info.changelog-v2.xml::1525962920::R3.Corda: Computed checksum for 7:736d3fb9862e810788216a889c726699:7:76d2d2c9dd1c6954d572cd5a4d47366e:7:26157af814171c1d3bd6f883bb5c39e8:7:603a060f34f7e4bd2d4bff3b8a6621af:7:1ad496134a62a18677ebb23168117bbe:7:eb00d90a19da5f3ab4970aa0b2674aae:7:25f38c720c603b2dea35550bedab555a: as c3fd83668d5ed4acdefcad3f90944935
14:02:01.129 [Test worker] DEBUG liquibase - master.changelog.json: migration/node-info.changelog-v3.xml::column_host_name::R3.Corda: Computed checksum for renameColumn:[
    newColumnName="host_name"
    oldColumnName="host"
    tableName="node_info_hosts"
] as 2492206013627f2b53e89a302025675a
14:02:01.129 [Test worker] DEBUG liquibase - master.changelog.json: migration/node-info.changelog-v3.xml::column_host_name::R3.Corda: Computed checksum for 7:2492206013627f2b53e89a302025675a: as fc4ceb3b82e44070da1fff49a7b5cccb
14:02:01.130 [Test worker] DEBUG liquibase - master.changelog.json: migration/node-services.changelog-init.xml::1511451595465-5::R3.Corda: Computed checksum for createTable:[
    columns=[
        [
            [
                nullable="false"
            ]
            name="att_id"
            type="NVARCHAR(255)"
        ],
        [
            name="content"
            type="blob"
        ],
        [
            name="filename"
            type="NVARCHAR(255)"
        ],
        [
            [
                nullable="false"
            ]
            name="insertion_date"
            type="timestamp"
        ],
        [
            name="uplo... [truncated in log] as 7eb17f5047b5f49e47197095dde1065c
14:02:01.131 [Test worker] DEBUG liquibase - master.changelog.json: migration/node-services.changelog-init.xml::1511451595465-5::R3.Corda: Computed checksum for 7:7eb17f5047b5f49e47197095dde1065c: as 464a5bbaf24fe78716c38c544dc81f3c
14:02:01.134 [Test worker] DEBUG liquibase - master.changelog.json: migration/node-services.changelog-init.xml::1511451595465-7::R3.Corda: Computed checksum for createTable:[
    columns=[
        [
            [
                nullable="false"
            ]
            name="checkpoint_id"
            type="NVARCHAR(64)"
        ],
        [
            name="checkpoint_value"
            type="blob"
        ]
    ]
    tableName="node_checkpoints"
] as 4f2d38f516c2eeb1483d86b4a25f26c6
14:02:01.134 [Test worker] DEBUG liquibase - master.changelog.json: migration/node-services.changelog-init.xml::1511451595465-7::R3.Corda: Computed checksum for 7:4f2d38f516c2eeb1483d86b4a25f26c6: as 2870aa3a468e81bab1cd24ac70ca2163
14:02:01.160 [Test worker] DEBUG liquibase - master.changelog.json: migration/node-services.changelog-init.xml::1511451595465-8::R3.Corda: Computed checksum for createTable:[
    columns=[
        [
            [
                nullable="false"
            ]
            name="state_ref"
            type="NVARCHAR(96)"
        ],
        [
            name="contract_class_name"
            type="NVARCHAR(255)"
        ]
    ]
    tableName="node_contract_upgrades"
] as bf4885aea883ac63c151d7d01a760dc1
14:02:01.161 [Test worker] DEBUG liquibase - master.changelog.json: migration/node-services.changelog-init.xml::1511451595465-8::R3.Corda: Computed checksum for 7:bf4885aea883ac63c151d7d01a760dc1: as bf156b1c48e915e7d8090d5162e31c02
14:02:01.162 [Test worker] DEBUG liquibase - master.changelog.json: migration/node-services.changelog-init.xml::1511451595465-9::R3.Corda: Computed checksum for createTable:[
    columns=[
        [
            [
                nullable="false"
            ]
            name="pk_hash"
            type="NVARCHAR(130)"
        ],
        [
            name="identity_value"
            type="blob"
        ]
    ]
    tableName="node_identities"
] as 64ced0b8682a33911d574622be63a98d
14:02:01.163 [Test worker] DEBUG liquibase - master.changelog.json: migration/node-services.changelog-init.xml::1511451595465-9::R3.Corda: Computed checksum for 7:64ced0b8682a33911d574622be63a98d: as ea04cf1cc4ea1112c4cbbf932bc51c56
14:02:01.164 [Test worker] DEBUG liquibase - master.changelog.json: migration/node-services.changelog-init.xml::1511451595465-13::R3.Corda: Computed checksum for createTable:[
    columns=[
        [
            [
                nullable="false"
            ]
            name="message_id"
            type="NVARCHAR(64)"
        ],
        [
            name="insertion_time"
            type="timestamp"
        ]
    ]
    tableName="node_message_ids"
] as 32260ae57d06eabdf47f4f4d600577ce
14:02:01.166 [Test worker] DEBUG liquibase - master.changelog.json: migration/node-services.changelog-init.xml::1511451595465-13::R3.Corda: Computed checksum for 7:32260ae57d06eabdf47f4f4d600577ce: as 340ca6c0b7c87b663b0449535b082f80
14:02:01.167 [Test worker] DEBUG liquibase - master.changelog.json: migration/node-services.changelog-init.xml::1511451595465-14::R3.Corda: Computed checksum for createTable:[
    columns=[
        [
            [
                nullable="false"
            ]
            name="message_id"
            type="BIGINT"
        ],
        [
            name="message"
            type="blob"
        ],
        [
            name="recipients"
            type="blob"
        ]
    ]
    tableName="node_message_retry"
] as c87f1cec41d842caa66dd71a14a6fa34
14:02:01.167 [Test worker] DEBUG liquibase - master.changelog.json: migration/node-services.changelog-init.xml::1511451595465-14::R3.Corda: Computed checksum for 7:c87f1cec41d842caa66dd71a14a6fa34: as 1dc64c73807569fb04c10a9b2d760ff0
14:02:01.168 [Test worker] DEBUG liquibase - master.changelog.json: migration/node-services.changelog-init.xml::1511451595465-15::R3.Corda: Computed checksum for createTable:[
    columns=[
        [
            [
                nullable="false"
            ]
            name="name"
            type="NVARCHAR(128)"
        ],
        [
            name="pk_hash"
            type="NVARCHAR(130)"
        ]
    ]
    tableName="node_named_identities"
] as 9ba9555dab34db960c8083672afee328
14:02:01.169 [Test worker] DEBUG liquibase - master.changelog.json: migration/node-services.changelog-init.xml::1511451595465-15::R3.Corda: Computed checksum for 7:9ba9555dab34db960c8083672afee328: as 108b7d395f7fb3cfc8ce4e364c4008a5
14:02:01.170 [Test worker] DEBUG liquibase - master.changelog.json: migration/node-services.changelog-init.xml::1511451595465-17::R3.Corda: Computed checksum for createTable:[
    columns=[
        [
            [
                nullable="false"
            ]
            name="public_key_hash"
            type="NVARCHAR(130)"
        ],
        [
            name="private_key"
            type="blob"
        ],
        [
            name="public_key"
            type="blob"
        ]
    ]
    tableName="node_our_key_pairs"
] as afc7fa2555c800c74f9ca1b41689a048
14:02:01.170 [Test worker] DEBUG liquibase - master.changelog.json: migration/node-services.changelog-init.xml::1511451595465-17::R3.Corda: Computed checksum for 7:afc7fa2555c800c74f9ca1b41689a048: as a8b4ae7170f56f1df8a23b530bef4dd1
14:02:01.172 [Test worker] DEBUG liquibase - master.changelog.json: migration/node-services.changelog-init.xml::1511451595465-19::R3.Corda: Computed checksum for createTable:[
    columns=[
        [
            [
                nullable="false"
            ]
            name="output_index"
            type="INT"
        ],
        [
            [
                nullable="false"
            ]
            name="transaction_id"
            type="NVARCHAR(64)"
        ],
        [
            [
                nullable="false"
            ]
            name="scheduled_at"
            type="timestamp"
        ]
    ]
    tableName="node_scheduled_states"
] as defd113d95e94bcd27bcdeb3a96be38b
14:02:01.172 [Test worker] DEBUG liquibase - master.changelog.json: migration/node-services.changelog-init.xml::1511451595465-19::R3.Corda: Computed checksum for 7:defd113d95e94bcd27bcdeb3a96be38b: as 2aaf3df7bdbea9c71aa8bea4e14f11ef
14:02:01.174 [Test worker] DEBUG liquibase - master.changelog.json: migration/node-services.changelog-init.xml::1511451595465-20::R3.Corda: Computed checksum for createTable:[
    columns=[
        [
            [
                nullable="false"
            ]
            name="tx_id"
            type="NVARCHAR(64)"
        ],
        [
            name="state_machine_run_id"
            type="NVARCHAR(36)"
        ]
    ]
    tableName="node_transaction_mappings"
] as a98109c55addd90e480a6fc1ecb48d1d
14:02:01.174 [Test worker] DEBUG liquibase - master.changelog.json: migration/node-services.changelog-init.xml::1511451595465-20::R3.Corda: Computed checksum for 7:a98109c55addd90e480a6fc1ecb48d1d: as f003464d28fe934c636b24e7c72d9c27
14:02:01.176 [Test worker] DEBUG liquibase - master.changelog.json: migration/node-services.changelog-init.xml::1511451595465-21::R3.Corda: Computed checksum for createTable:[
    columns=[
        [
            [
                nullable="false"
            ]
            name="tx_id"
            type="NVARCHAR(64)"
        ],
        [
            name="transaction_value"
            type="blob"
        ]
    ]
    tableName="node_transactions"
] as af8f3c1c7978f86414e864bc0bb9d453
14:02:01.176 [Test worker] DEBUG liquibase - master.changelog.json: migration/node-services.changelog-init.xml::1511451595465-21::R3.Corda: Computed checksum for 7:af8f3c1c7978f86414e864bc0bb9d453: as 8b167e9074e47be66c742aec5661b5d1
14:02:01.177 [Test worker] DEBUG liquibase - master.changelog.json: migration/node-services.changelog-init.xml::1511451595465-30::R3.Corda: Computed checksum for addPrimaryKey:[
    columnNames="att_id"
    constraintName="node_attachments_pkey"
    tableName="node_attachments"
] as 96b8c8009c4a24b06c8ecd3048142128
14:02:01.177 [Test worker] DEBUG liquibase - master.changelog.json: migration/node-services.changelog-init.xml::1511451595465-30::R3.Corda: Computed checksum for 7:96b8c8009c4a24b06c8ecd3048142128: as 4aa12646e41346c10ae1d18b43468b3e
14:02:01.178 [Test worker] DEBUG liquibase - master.changelog.json: migration/node-services.changelog-init.xml::1511451595465-32::R3.Corda: Computed checksum for addPrimaryKey:[
    columnNames="checkpoint_id"
    constraintName="node_checkpoints_pkey"
    tableName="node_checkpoints"
] as 26e60c36f3099cb85a85082b388391c2
14:02:01.179 [Test worker] DEBUG liquibase - master.changelog.json: migration/node-services.changelog-init.xml::1511451595465-32::R3.Corda: Computed checksum for 7:26e60c36f3099cb85a85082b388391c2: as fa0f2ed27615a3fd2b799bb27b447a36
14:02:01.180 [Test worker] DEBUG liquibase - master.changelog.json: migration/node-services.changelog-init.xml::1511451595465-33::R3.Corda: Computed checksum for addPrimaryKey:[
    columnNames="state_ref"
    constraintName="node_contract_upgrades_pkey"
    tableName="node_contract_upgrades"
] as d4c28cd597e7a32cd0d9f3d2a4104650
14:02:01.180 [Test worker] DEBUG liquibase - master.changelog.json: migration/node-services.changelog-init.xml::1511451595465-33::R3.Corda: Computed checksum for 7:d4c28cd597e7a32cd0d9f3d2a4104650: as 37e38ccee8d375f364abca393727eec7
14:02:01.181 [Test worker] DEBUG liquibase - master.changelog.json: migration/node-services.changelog-init.xml::1511451595465-34::R3.Corda: Computed checksum for addPrimaryKey:[
    columnNames="pk_hash"
    constraintName="node_identities_pkey"
    tableName="node_identities"
] as 18ff03ab4c5827e642ce637c7155bd78
14:02:01.183 [Test worker] DEBUG liquibase - master.changelog.json: migration/node-services.changelog-init.xml::1511451595465-34::R3.Corda: Computed checksum for 7:18ff03ab4c5827e642ce637c7155bd78: as 43d4f1fd6b4b69fcd6b046d8806c8f50
14:02:01.186 [Test worker] DEBUG liquibase - master.changelog.json: migration/node-services.changelog-init.xml::1511451595465-38::R3.Corda: Computed checksum for addPrimaryKey:[
    columnNames="message_id"
    constraintName="node_message_ids_pkey"
    tableName="node_message_ids"
] as 5350f5a01fe53cad542ce506faf827a5
14:02:01.186 [Test worker] DEBUG liquibase - master.changelog.json: migration/node-services.changelog-init.xml::1511451595465-38::R3.Corda: Computed checksum for 7:5350f5a01fe53cad542ce506faf827a5: as 37825d1c920089f5d1d8667fae2a0770
14:02:01.187 [Test worker] DEBUG liquibase - master.changelog.json: migration/node-services.changelog-init.xml::1511451595465-39::R3.Corda: Computed checksum for addPrimaryKey:[
    columnNames="message_id"
    constraintName="node_message_retry_pkey"
    tableName="node_message_retry"
] as 05c5906d403843ddbc494dc9314c47db
14:02:01.188 [Test worker] DEBUG liquibase - master.changelog.json: migration/node-services.changelog-init.xml::1511451595465-39::R3.Corda: Computed checksum for 7:05c5906d403843ddbc494dc9314c47db: as 7cc6fa875e39740c709235ff27960561
14:02:01.188 [Test worker] DEBUG liquibase - master.changelog.json: migration/node-services.changelog-init.xml::1511451595465-40::R3.Corda: Computed checksum for addPrimaryKey:[
    columnNames="name"
    constraintName="node_named_identities_pkey"
    tableName="node_named_identities"
] as 64274859807014ee0d62867ef274028a
14:02:01.189 [Test worker] DEBUG liquibase - master.changelog.json: migration/node-services.changelog-init.xml::1511451595465-40::R3.Corda: Computed checksum for 7:64274859807014ee0d62867ef274028a: as 9fac7485c58064b7e7ddce0bd1af86c4
14:02:01.189 [Test worker] DEBUG liquibase - master.changelog.json: migration/node-services.changelog-init.xml::1511451595465-42::R3.Corda: Computed checksum for addPrimaryKey:[
    columnNames="public_key_hash"
    constraintName="node_our_key_pairs_pkey"
    tableName="node_our_key_pairs"
] as 2dc24802cacd1ecc9195c88381d1e14a
14:02:01.189 [Test worker] DEBUG liquibase - master.changelog.json: migration/node-services.changelog-init.xml::1511451595465-42::R3.Corda: Computed checksum for 7:2dc24802cacd1ecc9195c88381d1e14a: as e3644c4b7315958cfb3a3cd4a3f40946
14:02:01.190 [Test worker] DEBUG liquibase - master.changelog.json: migration/node-services.changelog-init.xml::1511451595465-44::R3.Corda: Computed checksum for addPrimaryKey:[
    columnNames="output_index, transaction_id"
    constraintName="node_scheduled_states_pkey"
    tableName="node_scheduled_states"
] as 4c77187a59774106bd1e1d37d89ae1f1
14:02:01.190 [Test worker] DEBUG liquibase - master.changelog.json: migration/node-services.changelog-init.xml::1511451595465-44::R3.Corda: Computed checksum for 7:4c77187a59774106bd1e1d37d89ae1f1: as 122e6cc40f7e50d8c9ffeb46861ed786
14:02:01.191 [Test worker] DEBUG liquibase - master.changelog.json: migration/node-services.changelog-init.xml::1511451595465-45::R3.Corda: Computed checksum for addPrimaryKey:[
    columnNames="tx_id"
    constraintName="node_transaction_mappings_pkey"
    tableName="node_transaction_mappings"
] as 8cc604e43605d57ebbd96b86580c421d
14:02:01.191 [Test worker] DEBUG liquibase - master.changelog.json: migration/node-services.changelog-init.xml::1511451595465-45::R3.Corda: Computed checksum for 7:8cc604e43605d57ebbd96b86580c421d: as c4ba1fcc19b22e52678633b13053eaa1
14:02:01.191 [Test worker] DEBUG liquibase - master.changelog.json: migration/node-services.changelog-init.xml::1511451595465-46::R3.Corda: Computed checksum for addPrimaryKey:[
    columnNames="tx_id"
    constraintName="node_transactions_pkey"
    tableName="node_transactions"
] as 4965c0f02c5ff2bc61985685f3256218
14:02:01.191 [Test worker] DEBUG liquibase - master.changelog.json: migration/node-services.changelog-init.xml::1511451595465-46::R3.Corda: Computed checksum for 7:4965c0f02c5ff2bc61985685f3256218: as 1a41a33c68c6f56be99cbfa9af7c2646
14:02:01.192 [Test worker] DEBUG liquibase - master.changelog.json: migration/node-services.changelog-init.xml::1511451595465-61::R3.Corda: Computed checksum for addForeignKeyConstraint:[
    baseColumnNames="party_name"
    baseTableName="node_link_nodeinfo_party"
    constraintName="FK__link_ni_p__info_p_cert"
    referencedColumnNames="party_name"
    referencedTableName="node_info_party_cert"
] as 44f7bd5dcfc33807eef117a55a62eef7
14:02:01.192 [Test worker] DEBUG liquibase - master.changelog.json: migration/node-services.changelog-init.xml::1511451595465-61::R3.Corda: Computed checksum for 7:44f7bd5dcfc33807eef117a55a62eef7: as f753db641a982caad48d7169dafbc854
14:02:01.193 [Test worker] DEBUG liquibase - master.changelog.json: migration/node-services.changelog-init.xml::add index att_id::R3.Corda: Computed checksum for createIndex:[
    columns=[
        [
            name="att_id"
        ]
    ]
    indexName="att_id_idx"
    tableName="node_attachments"
] as 52e7146df14351ff7556f6d45bd4fabd
14:02:01.193 [Test worker] DEBUG liquibase - master.changelog.json: migration/node-services.changelog-init.xml::add index att_id::R3.Corda: Computed checksum for 7:52e7146df14351ff7556f6d45bd4fabd: as 302188110e9124abd4ef58020255fbb0
14:02:01.194 [Test worker] DEBUG liquibase - master.changelog.json: migration/node-services.changelog-init.xml::add_contract_attachment::R3.Corda: Computed checksum for createTable:[
    columns=[
        [
            [
                nullable="false"
            ]
            name="att_id"
            type="NVARCHAR(255)"
        ],
        [
            name="contract_class_name"
            type="NVARCHAR(255)"
        ]
    ]
    tableName="node_attchments_contracts"
] as 184098a87199f7fd6863799c29181b39
14:02:01.194 [Test worker] DEBUG liquibase - master.changelog.json: migration/node-services.changelog-init.xml::add_contract_attachment::R3.Corda: Computed checksum for addForeignKeyConstraint:[
    baseColumnNames="att_id"
    baseTableName="node_attchments_contracts"
    constraintName="FK__ctr_class__attachments"
    referencedColumnNames="att_id"
    referencedTableName="node_attachments"
] as f50a4be698e1b1efc9e456d8a396f45d
14:02:01.195 [Test worker] DEBUG liquibase - master.changelog.json: migration/node-services.changelog-init.xml::add_contract_attachment::R3.Corda: Computed checksum for delete:[
    tableName="node_attachments"
] as 6ab2de0f26c32b87fd416f7bb0b2041a
14:02:01.196 [Test worker] DEBUG liquibase - master.changelog.json: migration/node-services.changelog-init.xml::add_contract_attachment::R3.Corda: Computed checksum for 7:184098a87199f7fd6863799c29181b39:7:f50a4be698e1b1efc9e456d8a396f45d:7:6ab2de0f26c32b87fd416f7bb0b2041a: as 2cfbc6a84cfcd7b8ce011b58aa70f584
14:02:01.198 [Test worker] DEBUG liquibase - master.changelog.json: migration/node-services.changelog-init.xml::add_dedup_columns::R3.Corda: Computed checksum for addColumn:[
    columns=[
        [
            name="sender"
            type="NVARCHAR(64)"
        ],
        [
            name="sequence_number"
            type="BIGINT"
        ]
    ]
    tableName="node_message_ids"
] as 52d08b6e53239379a1a266904ac87a23
14:02:01.198 [Test worker] DEBUG liquibase - master.changelog.json: migration/node-services.changelog-init.xml::add_dedup_columns::R3.Corda: Computed checksum for 7:52d08b6e53239379a1a266904ac87a23: as 376ede2552aa97e8abf9d9a808c16692
14:02:01.199 [Test worker] DEBUG liquibase - master.changelog.json: migration/node-core.changelog-v4.xml::attchments_rename::R3.Corda: Computed checksum for renameTable:[
    newTableName="node_attachments_contracts"
    oldTableName="node_attchments_contracts"
] as 0356ef37e1bbbe5465248f9614a94dd3
14:02:01.199 [Test worker] DEBUG liquibase - master.changelog.json: migration/node-core.changelog-v4.xml::attchments_rename::R3.Corda: Computed checksum for 7:0356ef37e1bbbe5465248f9614a94dd3: as 9c9553fbc45dfa0ec2117a113b1bfb13
14:02:01.200 [Test worker] DEBUG liquibase - master.changelog.json: migration/node-core.changelog-v4.xml::nullability::R3.Corda: Computed checksum for addNotNullConstraint:[
    columnDataType="blob"
    columnName="identity_value"
    tableName="node_identities"
] as 0ff1c74277be0f57d8da467bd3af81ba
14:02:01.200 [Test worker] DEBUG liquibase - master.changelog.json: migration/node-core.changelog-v4.xml::nullability::R3.Corda: Computed checksum for addNotNullConstraint:[
    columnDataType="blob"
    columnName="content"
    tableName="node_attachments"
] as dd563134d4976b0fc550563a3a9547d0
14:02:01.212 [Test worker] DEBUG liquibase - master.changelog.json: migration/node-core.changelog-v4.xml::nullability::R3.Corda: Computed checksum for addNotNullConstraint:[
    columnDataType="NVARCHAR(255)"
    columnName="contract_class_name"
    tableName="node_attachments_contracts"
] as fcbb1bca17f3fdbb18a1857897fc06f5
14:02:01.213 [Test worker] DEBUG liquibase - master.changelog.json: migration/node-core.changelog-v4.xml::nullability::R3.Corda: Computed checksum for addNotNullConstraint:[
    columnDataType="blob"
    columnName="checkpoint_value"
    tableName="node_checkpoints"
] as 58c19f5fa79bba98f82a37d6f4b5a6b9
14:02:01.234 [Test worker] DEBUG liquibase - master.changelog.json: migration/node-core.changelog-v4.xml::nullability::R3.Corda: Computed checksum for addNotNullConstraint:[
    columnDataType="NVARCHAR(255)"
    columnName="contract_class_name"
    tableName="node_contract_upgrades"
] as c29d2d41b0a68e07a140a2368ba5bba1
14:02:01.236 [Test worker] DEBUG liquibase - master.changelog.json: migration/node-core.changelog-v4.xml::nullability::R3.Corda: Computed checksum for addNotNullConstraint:[
    columnDataType="timestamp"
    columnName="insertion_time"
    tableName="node_message_ids"
] as 790718a410431aa28f9264789001ba45
14:02:01.242 [Test worker] DEBUG liquibase - master.changelog.json: migration/node-core.changelog-v4.xml::nullability::R3.Corda: Computed checksum for addNotNullConstraint:[
    columnDataType="blob"
    columnName="message"
    tableName="node_message_retry"
] as 1898ae47388ec4edef20156ecfff9aac
14:02:01.243 [Test worker] DEBUG liquibase - master.changelog.json: migration/node-core.changelog-v4.xml::nullability::R3.Corda: Computed checksum for addNotNullConstraint:[
    columnDataType="blob"
    columnName="recipients"
    tableName="node_message_retry"
] as c8e6a209afb71510082c39b6585beccf
14:02:01.243 [Test worker] DEBUG liquibase - master.changelog.json: migration/node-core.changelog-v4.xml::nullability::R3.Corda: Computed checksum for addNotNullConstraint:[
    columnDataType="NVARCHAR(130)"
    columnName="pk_hash"
    tableName="node_named_identities"
] as a8187d893238bffdbf57cdd9d63bfdba
14:02:01.244 [Test worker] DEBUG liquibase - master.changelog.json: migration/node-core.changelog-v4.xml::nullability::R3.Corda: Computed checksum for addNotNullConstraint:[
    columnDataType="blob"
    columnName="private_key"
    tableName="node_our_key_pairs"
] as b2af64a77f468869df53c57ab50eb85b
14:02:01.245 [Test worker] DEBUG liquibase - master.changelog.json: migration/node-core.changelog-v4.xml::nullability::R3.Corda: Computed checksum for addNotNullConstraint:[
    columnDataType="blob"
    columnName="public_key"
    tableName="node_our_key_pairs"
] as 713d90dc7b4029ace717deb55694f4a5
14:02:01.246 [Test worker] DEBUG liquibase - master.changelog.json: migration/node-core.changelog-v4.xml::nullability::R3.Corda: Computed checksum for addNotNullConstraint:[
    columnDataType="NVARCHAR(36)"
    columnName="state_machine_run_id"
    tableName="node_transaction_mappings"
] as 685dff1bf416bfa2574449a7f932d6f1
14:02:01.247 [Test worker] DEBUG liquibase - master.changelog.json: migration/node-core.changelog-v4.xml::nullability::R3.Corda: Computed checksum for addNotNullConstraint:[
    columnDataType="blob"
    columnName="transaction_value"
    tableName="node_transactions"
] as 9f7524707b3715b2aa22a20bc6fcabc5
14:02:01.248 [Test worker] DEBUG liquibase - master.changelog.json: migration/node-core.changelog-v4.xml::nullability::R3.Corda: Computed checksum for 7:0ff1c74277be0f57d8da467bd3af81ba:7:dd563134d4976b0fc550563a3a9547d0:7:fcbb1bca17f3fdbb18a1857897fc06f5:7:58c19f5fa79bba98f82a37d6f4b5a6b9:7:c29d2d41b0a68e07a140a2368ba5bba1:7:790718a410431aa28f9264789001ba45:7:1898ae47388ec4edef20156ecfff9aac:7:c8e6a209afb71510082c39b6585beccf:7:a8187d893238bffdbf57cdd9d63bfdba:7:b2af64a77f468869df53c57ab50eb85b:7:713d90dc7b4029ace717deb55694f4a5:7:685dff1bf416bfa2574449a7f932d6f1:7:9f7524707b3715b2aa22a20bc6fcabc5: as 73b3f89cdd2a42efebeb125648c28191
14:02:01.249 [Test worker] DEBUG liquibase - master.changelog.json: migration/node-core.changelog-v5.xml::remove_unused_node_message_retry::R3.Corda: Computed checksum for dropTable:[
    tableName="node_message_retry"
] as 8907740960b74152d1e573f64f4ce208
14:02:01.249 [Test worker] DEBUG liquibase - master.changelog.json: migration/node-core.changelog-v5.xml::remove_unused_node_message_retry::R3.Corda: Computed checksum for 7:8907740960b74152d1e573f64f4ce208: as cd120ad46e3a88b0eeaa7ffdcf8a0861
14:02:01.250 [Test worker] DEBUG liquibase - master.changelog.json: migration/node-core.changelog-pkey.xml::non-clustered_pk-1::R3.Corda: Computed checksum for dropPrimaryKey:[
    constraintName="node_checkpoints_pkey"
    tableName="node_checkpoints"
] as 9f99a134773f14ab2cbc2cd6f156b603
14:02:01.251 [Test worker] DEBUG liquibase - master.changelog.json: migration/node-core.changelog-pkey.xml::non-clustered_pk-1::R3.Corda: Computed checksum for addPrimaryKey:[
    clustered="false"
    columnNames="checkpoint_id"
    constraintName="node_checkpoints_pkey"
    tableName="node_checkpoints"
] as a18afa1a1a70b87465896c3520a34c84
14:02:01.251 [Test worker] DEBUG liquibase - master.changelog.json: migration/node-core.changelog-pkey.xml::non-clustered_pk-1::R3.Corda: Computed checksum for 7:9f99a134773f14ab2cbc2cd6f156b603:7:a18afa1a1a70b87465896c3520a34c84: as eb9d9d13536371a16c05f8a89051e6b0
14:02:01.252 [Test worker] INFO liquibase - master.changelog.json: migration/node-core.changelog-pkey.xml::non-clustered_pk-1::R3.Corda: Skipping changeSet migration/node-core.changelog-pkey.xml::non-clustered_pk-1::R3.Corda due to validation error(s): clustered is not allowed on h2
14:02:01.252 [Test worker] DEBUG liquibase - master.changelog.json: migration/node-core.changelog-pkey.xml::non-clustered_pk-2::R3.Corda: Computed checksum for dropPrimaryKey:[
    constraintName="node_identities_pkey"
    tableName="node_identities"
] as 605c45e8edd8d52e86e00a89fe2ac35e
14:02:01.253 [Test worker] DEBUG liquibase - master.changelog.json: migration/node-core.changelog-pkey.xml::non-clustered_pk-2::R3.Corda: Computed checksum for addPrimaryKey:[
    clustered="false"
    columnNames="pk_hash"
    constraintName="node_identities_pkey"
    tableName="node_identities"
] as fbf664dd28d0f4f6c49ae6c1fa52bd3e
14:02:01.253 [Test worker] DEBUG liquibase - master.changelog.json: migration/node-core.changelog-pkey.xml::non-clustered_pk-2::R3.Corda: Computed checksum for 7:605c45e8edd8d52e86e00a89fe2ac35e:7:fbf664dd28d0f4f6c49ae6c1fa52bd3e: as d4192425f4f38b39f3b09611028e5c14
14:02:01.253 [Test worker] INFO liquibase - master.changelog.json: migration/node-core.changelog-pkey.xml::non-clustered_pk-2::R3.Corda: Skipping changeSet migration/node-core.changelog-pkey.xml::non-clustered_pk-2::R3.Corda due to validation error(s): clustered is not allowed on h2
14:02:01.253 [Test worker] DEBUG liquibase - master.changelog.json: migration/node-core.changelog-pkey.xml::non-clustered_pk-3::R3.Corda: Computed checksum for dropPrimaryKey:[
    constraintName="node_message_ids_pkey"
    tableName="node_message_ids"
] as ba87180f3d741766134d74212ca6032f
14:02:01.254 [Test worker] DEBUG liquibase - master.changelog.json: migration/node-core.changelog-pkey.xml::non-clustered_pk-3::R3.Corda: Computed checksum for addPrimaryKey:[
    clustered="false"
    columnNames="message_id"
    constraintName="node_message_ids_pkey"
    tableName="node_message_ids"
] as 8aaadb5242637738d617d395100b45a5
14:02:01.254 [Test worker] DEBUG liquibase - master.changelog.json: migration/node-core.changelog-pkey.xml::non-clustered_pk-3::R3.Corda: Computed checksum for 7:ba87180f3d741766134d74212ca6032f:7:8aaadb5242637738d617d395100b45a5: as 9773a095cc1db7ea3a66e7e5565bb58e
14:02:01.254 [Test worker] INFO liquibase - master.changelog.json: migration/node-core.changelog-pkey.xml::non-clustered_pk-3::R3.Corda: Skipping changeSet migration/node-core.changelog-pkey.xml::non-clustered_pk-3::R3.Corda due to validation error(s): clustered is not allowed on h2
14:02:01.254 [Test worker] DEBUG liquibase - master.changelog.json: migration/node-core.changelog-pkey.xml::non-clustered_pk-4::R3.Corda: Computed checksum for dropPrimaryKey:[
    constraintName="node_named_identities_pkey"
    tableName="node_named_identities"
] as d24b036e035ca98e1702e37946c90818
14:02:01.254 [Test worker] DEBUG liquibase - master.changelog.json: migration/node-core.changelog-pkey.xml::non-clustered_pk-4::R3.Corda: Computed checksum for addPrimaryKey:[
    clustered="false"
    columnNames="name"
    constraintName="node_named_identities_pkey"
    tableName="node_named_identities"
] as ae93b29e74c25596344b0d7aa14239b9
14:02:01.255 [Test worker] DEBUG liquibase - master.changelog.json: migration/node-core.changelog-pkey.xml::non-clustered_pk-4::R3.Corda: Computed checksum for 7:d24b036e035ca98e1702e37946c90818:7:ae93b29e74c25596344b0d7aa14239b9: as f1e21d4abffbb24133e752eb9cd6a162
14:02:01.256 [Test worker] INFO liquibase - master.changelog.json: migration/node-core.changelog-pkey.xml::non-clustered_pk-4::R3.Corda: Skipping changeSet migration/node-core.changelog-pkey.xml::non-clustered_pk-4::R3.Corda due to validation error(s): clustered is not allowed on h2
14:02:01.256 [Test worker] DEBUG liquibase - master.changelog.json: migration/node-core.changelog-pkey.xml::non-clustered_pk-5::R3.Corda: Computed checksum for dropPrimaryKey:[
    constraintName="node_our_key_pairs_pkey"
    tableName="node_our_key_pairs"
] as 9ac2cf82fe1a0d3a4afa3f284102f0ed
14:02:01.256 [Test worker] DEBUG liquibase - master.changelog.json: migration/node-core.changelog-pkey.xml::non-clustered_pk-5::R3.Corda: Computed checksum for addPrimaryKey:[
    clustered="false"
    columnNames="public_key_hash"
    constraintName="node_our_key_pairs_pkey"
    tableName="node_our_key_pairs"
] as b30cc3700d89cfc198fe0601af670c55
14:02:01.256 [Test worker] DEBUG liquibase - master.changelog.json: migration/node-core.changelog-pkey.xml::non-clustered_pk-5::R3.Corda: Computed checksum for 7:9ac2cf82fe1a0d3a4afa3f284102f0ed:7:b30cc3700d89cfc198fe0601af670c55: as 4ea09df2dbab99be33f8251a40d1c5a6
14:02:01.257 [Test worker] INFO liquibase - master.changelog.json: migration/node-core.changelog-pkey.xml::non-clustered_pk-5::R3.Corda: Skipping changeSet migration/node-core.changelog-pkey.xml::non-clustered_pk-5::R3.Corda due to validation error(s): clustered is not allowed on h2
14:02:01.257 [Test worker] DEBUG liquibase - master.changelog.json: migration/node-core.changelog-pkey.xml::non-clustered_pk-6::R3.Corda: Computed checksum for dropPrimaryKey:[
    constraintName="node_transaction_mappings_pkey"
    tableName="node_transaction_mappings"
] as 983db0cc88ef50f6461218ae4c516eed
14:02:01.257 [Test worker] DEBUG liquibase - master.changelog.json: migration/node-core.changelog-pkey.xml::non-clustered_pk-6::R3.Corda: Computed checksum for addPrimaryKey:[
    clustered="false"
    columnNames="tx_id"
    constraintName="node_transaction_mappings_pkey"
    tableName="node_transaction_mappings"
] as dcb9146c1054916a8af5a4fb2f9152e2
14:02:01.257 [Test worker] DEBUG liquibase - master.changelog.json: migration/node-core.changelog-pkey.xml::non-clustered_pk-6::R3.Corda: Computed checksum for 7:983db0cc88ef50f6461218ae4c516eed:7:dcb9146c1054916a8af5a4fb2f9152e2: as cb349ad07d3039e6d7d2f184988b954f
14:02:01.258 [Test worker] INFO liquibase - master.changelog.json: migration/node-core.changelog-pkey.xml::non-clustered_pk-6::R3.Corda: Skipping changeSet migration/node-core.changelog-pkey.xml::non-clustered_pk-6::R3.Corda due to validation error(s): clustered is not allowed on h2
14:02:01.258 [Test worker] DEBUG liquibase - master.changelog.json: migration/node-core.changelog-pkey.xml::non-clustered_pk-7::R3.Corda: Computed checksum for dropPrimaryKey:[
    constraintName="node_transactions_pkey"
    tableName="node_transactions"
] as f422783d78c2f5d16738c611e1317bf1
14:02:01.258 [Test worker] DEBUG liquibase - master.changelog.json: migration/node-core.changelog-pkey.xml::non-clustered_pk-7::R3.Corda: Computed checksum for addPrimaryKey:[
    clustered="false"
    columnNames="tx_id"
    constraintName="node_transactions_pkey"
    tableName="node_transactions"
] as 457dcb0ccf83fa48cc8a9643c91b9ad4
14:02:01.258 [Test worker] DEBUG liquibase - master.changelog.json: migration/node-core.changelog-pkey.xml::non-clustered_pk-7::R3.Corda: Computed checksum for 7:f422783d78c2f5d16738c611e1317bf1:7:457dcb0ccf83fa48cc8a9643c91b9ad4: as 97c3ef240152c18129859ea5ae999c9e
14:02:01.258 [Test worker] INFO liquibase - master.changelog.json: migration/node-core.changelog-pkey.xml::non-clustered_pk-7::R3.Corda: Skipping changeSet migration/node-core.changelog-pkey.xml::non-clustered_pk-7::R3.Corda due to validation error(s): clustered is not allowed on h2
14:02:01.259 [Test worker] DEBUG liquibase - master.changelog.json: migration/node-core.changelog-v8.xml::conditional_attchments_rename::R3.Corda: Computed checksum for renameTable:[
    newTableName="NODE_ATTACHMENTS_CONTRACTS"
    oldTableName="NODE_ATTCHMENTS_CONTRACTS"
] as 0dba1c02ba10df0f9c88e1631299486e
14:02:01.259 [Test worker] DEBUG liquibase - master.changelog.json: migration/node-core.changelog-v8.xml::conditional_attchments_rename::R3.Corda: Computed checksum for 7:0dba1c02ba10df0f9c88e1631299486e: as c7fcf1b072eb8882179623895abd6a53
14:02:01.259 [Test worker] DEBUG liquibase - master.changelog.json: migration/node-core.changelog-v8.xml::conditional_attchments_contracts::R3.Corda: Computed checksum for renameTable:[
    newTableName="NODE_ATTACHMENTS_CONTRACTS"
    oldTableName="NODE_ATTACHMENTS_CONTRACT_CLASS_NAME"
] as ae58ab3570282cf1723e82df8647178c
14:02:01.259 [Test worker] DEBUG liquibase - master.changelog.json: migration/node-core.changelog-v8.xml::conditional_attchments_contracts::R3.Corda: Computed checksum for 7:ae58ab3570282cf1723e82df8647178c: as 9ec85543b6baac8a877ad21f063a5b13
14:02:01.260 [Test worker] DEBUG liquibase - master.changelog.json: migration/node-core.changelog-v8.xml::add_signers::R3.Corda: Computed checksum for createTable:[
    columns=[
        [
            [
                nullable="false"
            ]
            name="att_id"
            type="NVARCHAR(255)"
        ],
        [
            name="signer"
            type="NVARCHAR(1024)"
        ]
    ]
    tableName="node_attachments_signers"
] as ec83f8cd0344429668e5c2aedd0b2ab3
14:02:01.260 [Test worker] DEBUG liquibase - master.changelog.json: migration/node-core.changelog-v8.xml::add_signers::R3.Corda: Computed checksum for addForeignKeyConstraint:[
    baseColumnNames="att_id"
    baseTableName="node_attachments_signers"
    constraintName="FK__signers__attachments"
    referencedColumnNames="att_id"
    referencedTableName="node_attachments"
] as e86b87f9584ab73e9b56daa91c983050
14:02:01.260 [Test worker] DEBUG liquibase - master.changelog.json: migration/node-core.changelog-v8.xml::add_signers::R3.Corda: Computed checksum for 7:ec83f8cd0344429668e5c2aedd0b2ab3:7:e86b87f9584ab73e9b56daa91c983050: as d1356cd65d19937b81284ea078998d84
14:02:01.262 [Test worker] DEBUG liquibase - master.changelog.json: migration/node-core.changelog-tx-mapping.xml::add_tx_mapping_column::R3.Corda: Computed checksum for addColumn:[
    columns=[
        [
            [
                nullable="true"
            ]
            name="state_machine_run_id"
            type="NVARCHAR(36)"
        ]
    ]
    tableName="node_transactions"
] as 5fdebff63e6f64287935a2e65414d2a3
14:02:01.262 [Test worker] DEBUG liquibase - master.changelog.json: migration/node-core.changelog-tx-mapping.xml::add_tx_mapping_column::R3.Corda: Computed checksum for inputStream as a8472f5cf0c2c13303109942b6dbce69
14:02:01.263 [Test worker] DEBUG liquibase - master.changelog.json: migration/node-core.changelog-tx-mapping.xml::add_tx_mapping_column::R3.Corda: Computed checksum for dropTable:[
    tableName="node_transaction_mappings"
] as b220f3903f4c1c9d2298c35db99c59ac
14:02:01.263 [Test worker] DEBUG liquibase - master.changelog.json: migration/node-core.changelog-tx-mapping.xml::add_tx_mapping_column::R3.Corda: Computed checksum for 7:5fdebff63e6f64287935a2e65414d2a3:7:a8472f5cf0c2c13303109942b6dbce69:7:b220f3903f4c1c9d2298c35db99c59ac: as a0995593179aec45250c383611edd1e2
14:02:01.264 [Test worker] DEBUG liquibase - master.changelog.json: migration/node-services.changelog-init.xml::add_network_parameters_storage::R3.Corda: Computed checksum for createTable:[
    columns=[
        [
            [
                nullable="false"
            ]
            name="hash"
            type="NVARCHAR(130)"
        ],
        [
            [
                nullable="false"
            ]
            name="epoch"
            type="INT"
        ],
        [
            [
                nullable="false"
            ]
            name="parameters_bytes"
            type="BLOB"
        ],
        [
            [
                nullable="false"
    ... [truncated in log] as 0c5ab9f5cdf1cceb5855e79ec0df5990
14:02:01.264 [Test worker] DEBUG liquibase - master.changelog.json: migration/node-services.changelog-init.xml::add_network_parameters_storage::R3.Corda: Computed checksum for 7:0c5ab9f5cdf1cceb5855e79ec0df5990: as 8d5882f94d9f58647903210994573073
14:02:01.265 [Test worker] DEBUG liquibase - master.changelog.json: migration/node-services.changelog-init.xml::network_parameters_pk::R3.Corda: Computed checksum for addPrimaryKey:[
    columnNames="hash"
    constraintName="node_network_parameters_pkey"
    tableName="node_network_parameters"
] as 7398cbb8aa8fc3cf93265e77bbc28f93
14:02:01.265 [Test worker] DEBUG liquibase - master.changelog.json: migration/node-services.changelog-init.xml::network_parameters_pk::R3.Corda: Computed checksum for 7:7398cbb8aa8fc3cf93265e77bbc28f93: as 71635301bd498e4d52b02988795348e6
14:02:01.265 [Test worker] DEBUG liquibase - master.changelog.json: migration/node-services.changelog-init.xml::add_version_column::R3.Corda: Computed checksum for addColumn:[
    columns=[
        [
            name="version"
            type="INT"
        ]
    ]
    tableName="node_attachments"
] as c4c33cea80ccf15793fa7b5e24a6746f
14:02:01.265 [Test worker] DEBUG liquibase - master.changelog.json: migration/node-services.changelog-init.xml::add_version_column::R3.Corda: Computed checksum for inputStream as 7ceaceee938a74c8cea67468ab2e68f4
14:02:01.266 [Test worker] DEBUG liquibase - master.changelog.json: migration/node-services.changelog-init.xml::add_version_column::R3.Corda: Computed checksum for addNotNullConstraint:[
    columnDataType="INT"
    columnName="version"
    tableName="node_attachments"
] as a6d4059f21164657e11caa70338e4c7b
14:02:01.266 [Test worker] DEBUG liquibase - master.changelog.json: migration/node-services.changelog-init.xml::add_version_column::R3.Corda: Computed checksum for 7:c4c33cea80ccf15793fa7b5e24a6746f:7:7ceaceee938a74c8cea67468ab2e68f4:7:a6d4059f21164657e11caa70338e4c7b: as 7d7fb1c90fa05b5fc3b938fd7c520344
14:02:01.266 [Test worker] DEBUG liquibase - master.changelog.json: migration/node-services.changelog-init.xml::update-version-of-whitelisted-jars::R3.Corda: Computed checksum for customChange:[
    class="net.corda.nodeapi.internal.persistence.AttachmentVersionNumberMigration"
    param=[]
] as cccb7fe15337dd836d74b41ef3a3c6f5
14:02:01.268 [Test worker] DEBUG liquibase - master.changelog.json: migration/node-services.changelog-init.xml::update-version-of-whitelisted-jars::R3.Corda: Computed checksum for 7:cccb7fe15337dd836d74b41ef3a3c6f5: as 706b589854273bdf703c4ed7a2a9191b
14:02:01.268 [Test worker] DEBUG liquibase - master.changelog.json: migration/vault-schema.changelog-v9.xml::update-vault-states::R3.Corda: Computed checksum for customChange:[
    class="net.corda.node.migration.VaultStateMigration"
    param=[]
] as d51d633a004ca013feeabe1129953946
14:02:01.268 [Test worker] DEBUG liquibase - master.changelog.json: migration/vault-schema.changelog-v9.xml::update-vault-states::R3.Corda: Computed checksum for 7:d51d633a004ca013feeabe1129953946: as b005d9ddca6ae24f7eb8c275fb095a30
14:02:01.269 [Test worker] DEBUG liquibase - master.changelog.json: migration/node-services.changelog-init.xml::1511451595465-16::R3.Corda: Computed checksum for createTable:[
    columns=[
        [
            [
                nullable="false"
            ]
            name="output_index"
            type="INT"
        ],
        [
            [
                nullable="false"
            ]
            name="transaction_id"
            type="NVARCHAR(64)"
        ],
        [
            name="consuming_transaction_id"
            type="NVARCHAR(64)"
        ]
    ]
    tableName="node_notary_committed_states"
] as 5e1e295f0033d6cb53400fa5c0513593
14:02:01.269 [Test worker] DEBUG liquibase - master.changelog.json: migration/node-services.changelog-init.xml::1511451595465-16::R3.Corda: Computed checksum for 7:5e1e295f0033d6cb53400fa5c0513593: as 5c7ac7279dab2acb4d0dcbdf797c036f
14:02:01.270 [Test worker] DEBUG liquibase - master.changelog.json: migration/node-services.changelog-init.xml::1521131680317-17::R3.Corda: Computed checksum for createTable:[
    columns=[
        [
            [
                nullable="false"
            ]
            name="id"
            type="INT"
        ],
        [
            [
                nullable="false"
            ]
            name="consuming_transaction_id"
            type="NVARCHAR(64)"
        ],
        [
            [
                nullable="false"
            ]
            name="requesting_party_name"
            type="NVARCHAR(255)"
        ],
        [
            [
       ... [truncated in log] as af48979d10695a7ffc691ea4845bf038
14:02:01.270 [Test worker] DEBUG liquibase - master.changelog.json: migration/node-services.changelog-init.xml::1521131680317-17::R3.Corda: Computed checksum for 7:af48979d10695a7ffc691ea4845bf038: as 812748518bda4473ccce38efcf6eb73c
14:02:01.271 [Test worker] DEBUG liquibase - master.changelog.json: migration/node-services.changelog-init.xml::1511451595465-41::R3.Corda: Computed checksum for addPrimaryKey:[
    columnNames="output_index, transaction_id"
    constraintName="node_notary_states_pkey"
    tableName="node_notary_committed_states"
] as 0061dc749b0f70acfb800382824d6c5a
14:02:01.272 [Test worker] DEBUG liquibase - master.changelog.json: migration/node-services.changelog-init.xml::1511451595465-41::R3.Corda: Computed checksum for 7:0061dc749b0f70acfb800382824d6c5a: as eb7b8bdb4606f88d644198a38bca7b58
14:02:01.272 [Test worker] DEBUG liquibase - master.changelog.json: migration/node-services.changelog-init.xml::1521131680317-48::R3.Corda: Computed checksum for addPrimaryKey:[
    columnNames="id"
    constraintName="node_notary_request_log_pkey"
    tableName="node_notary_request_log"
] as 93e9597a57b922d46aeebdb9df5e6240
14:02:01.272 [Test worker] DEBUG liquibase - master.changelog.json: migration/node-services.changelog-init.xml::1521131680317-48::R3.Corda: Computed checksum for 7:93e9597a57b922d46aeebdb9df5e6240: as e2bdecb7737dcde7c7d2a388c81a900c
14:02:01.272 [Test worker] DEBUG liquibase - master.changelog.json: migration/node-services.changelog-init.xml::nullability::R3.Corda: Computed checksum for addNotNullConstraint:[
    columnDataType="NVARCHAR(64)"
    columnName="consuming_transaction_id"
    tableName="node_notary_committed_states"
] as ef5220193642cc41bd2d39f41d87583b
14:02:01.273 [Test worker] DEBUG liquibase - master.changelog.json: migration/node-services.changelog-init.xml::nullability::R3.Corda: Computed checksum for 7:ef5220193642cc41bd2d39f41d87583b: as f2b07131ea0ba42aa96c891ee02b9216
14:02:01.273 [Test worker] DEBUG liquibase - master.changelog.json: migration/node-notary.changelog-v2.xml::rename-table-notary-commit-log::R3.Corda: Computed checksum for renameTable:[
    newTableName="node_notary_committed_states"
    oldTableName="node_notary_commit_log"
] as 0d2d6d6479dc445777863ff7c3291d78
14:02:01.273 [Test worker] DEBUG liquibase - master.changelog.json: migration/node-notary.changelog-v2.xml::rename-table-notary-commit-log::R3.Corda: Computed checksum for 7:0d2d6d6479dc445777863ff7c3291d78: as ff7b69514b2b495843f579288be9d3d2
14:02:01.274 [Test worker] DEBUG liquibase - master.changelog.json: migration/node-notary.changelog-v2.xml::create-notary-request-log-table::R3.Corda: Computed checksum for createTable:[
    columns=[
        [
            [
                nullable="false"
            ]
            name="id"
            type="INT"
        ],
        [
            [
                nullable="false"
            ]
            name="consuming_transaction_id"
            type="NVARCHAR(64)"
        ],
        [
            [
                nullable="false"
            ]
            name="requesting_party_name"
            type="NVARCHAR(255)"
        ],
        [
            [
       ... [truncated in log] as af48979d10695a7ffc691ea4845bf038
14:02:01.274 [Test worker] DEBUG liquibase - master.changelog.json: migration/node-notary.changelog-v2.xml::create-notary-request-log-table::R3.Corda: Computed checksum for addPrimaryKey:[
    columnNames="id"
    constraintName="node_notary_request_log_pkey"
    tableName="node_notary_request_log"
] as 93e9597a57b922d46aeebdb9df5e6240
14:02:01.274 [Test worker] DEBUG liquibase - master.changelog.json: migration/node-notary.changelog-v2.xml::create-notary-request-log-table::R3.Corda: Computed checksum for 7:af48979d10695a7ffc691ea4845bf038:7:93e9597a57b922d46aeebdb9df5e6240: as 9cfed358561510f56f9c2dcc9c29eb92
14:02:01.275 [Test worker] DEBUG liquibase - master.changelog.json: migration/node-notary.changelog-pkey.xml::non-clustered_pk-notary_state::R3.Corda: Computed checksum for dropPrimaryKey:[
    constraintName="node_notary_states_pkey"
    tableName="node_notary_committed_states"
] as 61949fd92fd7f18c2b71a19227baad14
14:02:01.276 [Test worker] DEBUG liquibase - master.changelog.json: migration/node-notary.changelog-pkey.xml::non-clustered_pk-notary_state::R3.Corda: Computed checksum for addPrimaryKey:[
    clustered="false"
    columnNames="output_index, transaction_id"
    constraintName="node_notary_states_pkey"
    tableName="node_notary_committed_states"
] as 83efdb6af3aa455cf6ffe4569d2cda8b
14:02:01.276 [Test worker] DEBUG liquibase - master.changelog.json: migration/node-notary.changelog-pkey.xml::non-clustered_pk-notary_state::R3.Corda: Computed checksum for 7:61949fd92fd7f18c2b71a19227baad14:7:83efdb6af3aa455cf6ffe4569d2cda8b: as 35ea7e38d50dcfe61cbc6f1e146f7bd6
14:02:01.276 [Test worker] INFO liquibase - master.changelog.json: migration/node-notary.changelog-pkey.xml::non-clustered_pk-notary_state::R3.Corda: Skipping changeSet migration/node-notary.changelog-pkey.xml::non-clustered_pk-notary_state::R3.Corda due to validation error(s): clustered is not allowed on h2
14:02:01.277 [Test worker] DEBUG liquibase - master.changelog.json: migration/node-notary.changelog-committed-transactions-table.xml::create-notary-committed-transactions-table::R3.Corda: Computed checksum for createTable:[
    columns=[
        [
            [
                nullable="false"
            ]
            name="transaction_id"
            type="NVARCHAR(64)"
        ]
    ]
    tableName="node_notary_committed_txs"
] as 1f40bcb4597b7ae2e9172d9eeba56699
14:02:01.277 [Test worker] DEBUG liquibase - master.changelog.json: migration/node-notary.changelog-committed-transactions-table.xml::create-notary-committed-transactions-table::R3.Corda: Computed checksum for addPrimaryKey:[
    columnNames="transaction_id"
    constraintName="node_notary_transactions_pkey"
    tableName="node_notary_committed_txs"
] as e4b619ce7ebb383614c25a2d0f1bc3dc
14:02:01.277 [Test worker] DEBUG liquibase - master.changelog.json: migration/node-notary.changelog-committed-transactions-table.xml::create-notary-committed-transactions-table::R3.Corda: Computed checksum for 7:1f40bcb4597b7ae2e9172d9eeba56699:7:e4b619ce7ebb383614c25a2d0f1bc3dc: as 0e1ea7262954ff9d1312f84d15c0a0fb
14:02:01.280 [Test worker] DEBUG liquibase - Executing QUERY database command: select count(*) from PUBLIC.DATABASECHANGELOGLOCK
14:02:01.281 [Test worker] DEBUG liquibase - Executing QUERY database command: SELECT LOCKED FROM PUBLIC.DATABASECHANGELOGLOCK WHERE ID=1
14:02:01.284 [Test worker] DEBUG liquibase - Lock Database
14:02:01.290 [Test worker] DEBUG liquibase - Executing UPDATE database command: UPDATE PUBLIC.DATABASECHANGELOGLOCK SET LOCKED = TRUE, LOCKEDBY = 'DELL (192.168.40.48)', LOCKGRANTED = '2019-10-12 14:02:01.284' WHERE ID = 1 AND LOCKED = FALSE
14:02:01.299 [Test worker] INFO liquibase - Successfully acquired change log lock
14:02:01.300 [Test worker] INFO liquibase - master.changelog.json: migration/common.changelog-init.xml::1511451595465-1.3::R3.Corda: Skipping changeSet migration/common.changelog-init.xml::1511451595465-1.3::R3.Corda due to validation error(s): minValue is not allowed on h2
14:02:01.310 [Test worker] INFO liquibase - master.changelog.json: migration/vault-schema.changelog-pkey.xml::non-clustered_pk-11::R3.Corda: Skipping changeSet migration/vault-schema.changelog-pkey.xml::non-clustered_pk-11::R3.Corda due to validation error(s): clustered is not allowed on h2
14:02:01.316 [Test worker] INFO liquibase - master.changelog.json: migration/vault-schema.changelog-pkey.xml::non-clustered_pk-12::R3.Corda: Skipping changeSet migration/vault-schema.changelog-pkey.xml::non-clustered_pk-12::R3.Corda due to validation error(s): clustered is not allowed on h2
14:02:01.317 [Test worker] INFO liquibase - master.changelog.json: migration/vault-schema.changelog-pkey.xml::non-clustered_pk-13::R3.Corda: Skipping changeSet migration/vault-schema.changelog-pkey.xml::non-clustered_pk-13::R3.Corda due to validation error(s): clustered is not allowed on h2
14:02:01.382 [Test worker] INFO liquibase - master.changelog.json: migration/node-core.changelog-pkey.xml::non-clustered_pk-1::R3.Corda: Skipping changeSet migration/node-core.changelog-pkey.xml::non-clustered_pk-1::R3.Corda due to validation error(s): clustered is not allowed on h2
14:02:01.382 [Test worker] INFO liquibase - master.changelog.json: migration/node-core.changelog-pkey.xml::non-clustered_pk-2::R3.Corda: Skipping changeSet migration/node-core.changelog-pkey.xml::non-clustered_pk-2::R3.Corda due to validation error(s): clustered is not allowed on h2
14:02:01.383 [Test worker] INFO liquibase - master.changelog.json: migration/node-core.changelog-pkey.xml::non-clustered_pk-3::R3.Corda: Skipping changeSet migration/node-core.changelog-pkey.xml::non-clustered_pk-3::R3.Corda due to validation error(s): clustered is not allowed on h2
14:02:01.384 [Test worker] INFO liquibase - master.changelog.json: migration/node-core.changelog-pkey.xml::non-clustered_pk-4::R3.Corda: Skipping changeSet migration/node-core.changelog-pkey.xml::non-clustered_pk-4::R3.Corda due to validation error(s): clustered is not allowed on h2
14:02:01.384 [Test worker] INFO liquibase - master.changelog.json: migration/node-core.changelog-pkey.xml::non-clustered_pk-5::R3.Corda: Skipping changeSet migration/node-core.changelog-pkey.xml::non-clustered_pk-5::R3.Corda due to validation error(s): clustered is not allowed on h2
14:02:01.385 [Test worker] INFO liquibase - master.changelog.json: migration/node-core.changelog-pkey.xml::non-clustered_pk-6::R3.Corda: Skipping changeSet migration/node-core.changelog-pkey.xml::non-clustered_pk-6::R3.Corda due to validation error(s): clustered is not allowed on h2
14:02:01.385 [Test worker] INFO liquibase - master.changelog.json: migration/node-core.changelog-pkey.xml::non-clustered_pk-7::R3.Corda: Skipping changeSet migration/node-core.changelog-pkey.xml::non-clustered_pk-7::R3.Corda due to validation error(s): clustered is not allowed on h2
14:02:01.389 [Test worker] INFO liquibase - master.changelog.json: migration/node-notary.changelog-pkey.xml::non-clustered_pk-notary_state::R3.Corda: Skipping changeSet migration/node-notary.changelog-pkey.xml::non-clustered_pk-notary_state::R3.Corda due to validation error(s): clustered is not allowed on h2
14:02:01.390 [Test worker] DEBUG liquibase - master.changelog.json: migration/common.changelog-init.xml::1511451595465-1.1::R3.Corda: Running Changeset:migration/common.changelog-init.xml::1511451595465-1.1::R3.Corda
14:02:01.390 [Test worker] DEBUG liquibase - master.changelog.json: migration/common.changelog-init.xml::1511451595465-1.1::R3.Corda: Changeset migration/common.changelog-init.xml::1511451595465-1.1::R3.Corda
14:02:01.391 [Test worker] DEBUG liquibase - master.changelog.json: migration/common.changelog-init.xml::1511451595465-1.1::R3.Corda: Executing QUERY database command: SELECT SEQUENCE_NAME FROM INFORMATION_SCHEMA.SEQUENCES WHERE SEQUENCE_SCHEMA = 'null' AND IS_GENERATED=FALSE
14:02:01.402 [Test worker] DEBUG liquibase - master.changelog.json: migration/common.changelog-init.xml::1511451595465-1.1::R3.Corda: Executing QUERY database command: SELECT SEQUENCE_NAME FROM INFORMATION_SCHEMA.SEQUENCES WHERE SEQUENCE_SCHEMA = 'PUBLIC' AND IS_GENERATED=FALSE
14:02:01.406 [Test worker] DEBUG liquibase - master.changelog.json: migration/common.changelog-init.xml::1511451595465-1.1::R3.Corda: Reading ChangeSet: migration/common.changelog-init.xml::1511451595465-1.1::R3.Corda
14:02:01.406 [Test worker] DEBUG liquibase - master.changelog.json: migration/common.changelog-init.xml::1511451595465-1.1::R3.Corda: Executing Statement: liquibase.statement.core.CreateSequenceStatement@3e929c3d
14:02:01.407 [Test worker] DEBUG liquibase - master.changelog.json: migration/common.changelog-init.xml::1511451595465-1.1::R3.Corda: Executing EXECUTE database command: CREATE SEQUENCE PUBLIC.hibernate_sequence
14:02:01.458 [Test worker] INFO liquibase - master.changelog.json: migration/common.changelog-init.xml::1511451595465-1.1::R3.Corda: Sequence hibernate_sequence created
14:02:01.463 [Test worker] INFO liquibase - master.changelog.json: migration/common.changelog-init.xml::1511451595465-1.1::R3.Corda: ChangeSet migration/common.changelog-init.xml::1511451595465-1.1::R3.Corda ran successfully in 73ms
14:02:01.464 [Test worker] DEBUG liquibase - master.changelog.json: migration/common.changelog-init.xml::1511451595465-1.1::R3.Corda: Executing QUERY database command: SELECT MAX(ORDEREXECUTED) FROM PUBLIC.DATABASECHANGELOG
14:02:01.527 [Test worker] DEBUG liquibase - master.changelog.json: migration/common.changelog-init.xml::1511451595465-1.1::R3.Corda: Executing EXECUTE database command: INSERT INTO PUBLIC.DATABASECHANGELOG (ID, AUTHOR, FILENAME, DATEEXECUTED, ORDEREXECUTED, MD5SUM, DESCRIPTION, COMMENTS, EXECTYPE, CONTEXTS, LABELS, LIQUIBASE, DEPLOYMENT_ID) VALUES ('1511451595465-1.1', 'R3.Corda', 'migration/common.changelog-init.xml', NOW(), 1, '7:afe897bea20bc08d1681087c94d0967d', 'createSequence sequenceName=hibernate_sequence', '', 'EXECUTED', NULL, NULL, '3.5.4', '0860121299')
14:02:01.529 [Test worker] DEBUG liquibase - master.changelog.json: migration/common.changelog-init.xml::1511451595465-1.3::R3.Corda: Running Changeset:migration/common.changelog-init.xml::1511451595465-1.3::R3.Corda
14:02:01.531 [Test worker] DEBUG liquibase - master.changelog.json: migration/common.changelog-init.xml::1511451595465-1.3::R3.Corda: Executing EXECUTE database command: INSERT INTO PUBLIC.DATABASECHANGELOG (ID, AUTHOR, FILENAME, DATEEXECUTED, ORDEREXECUTED, MD5SUM, DESCRIPTION, COMMENTS, EXECTYPE, CONTEXTS, LABELS, LIQUIBASE, DEPLOYMENT_ID) VALUES ('1511451595465-1.3', 'R3.Corda', 'migration/common.changelog-init.xml', NOW(), 2, '7:b775a64dd8351ca0b00329ea3e49f44b', 'createSequence sequenceName=hibernate_sequence', '', 'MARK_RAN', NULL, NULL, '3.5.4', '0860121299')
14:02:01.532 [Test worker] DEBUG liquibase - master.changelog.json: migration/vault-schema.changelog-init.xml::1511451595465-22::R3.Corda: Running Changeset:migration/vault-schema.changelog-init.xml::1511451595465-22::R3.Corda
14:02:01.532 [Test worker] DEBUG liquibase - master.changelog.json: migration/vault-schema.changelog-init.xml::1511451595465-22::R3.Corda: Changeset migration/vault-schema.changelog-init.xml::1511451595465-22::R3.Corda
14:02:01.532 [Test worker] DEBUG liquibase - master.changelog.json: migration/vault-schema.changelog-init.xml::1511451595465-22::R3.Corda: Reading ChangeSet: migration/vault-schema.changelog-init.xml::1511451595465-22::R3.Corda
14:02:01.533 [Test worker] DEBUG liquibase - master.changelog.json: migration/vault-schema.changelog-init.xml::1511451595465-22::R3.Corda: Executing Statement: liquibase.statement.core.CreateTableStatement@1b2a161f
14:02:01.534 [Test worker] DEBUG liquibase - master.changelog.json: migration/vault-schema.changelog-init.xml::1511451595465-22::R3.Corda: Executing EXECUTE database command: CREATE TABLE PUBLIC.vault_fungible_states (output_index INT NOT NULL, transaction_id NVARCHAR(64) NOT NULL, issuer_name NVARCHAR(255), issuer_ref VARBINARY(512), owner_name NVARCHAR(255), quantity BIGINT)
14:02:01.535 [Test worker] INFO liquibase - master.changelog.json: migration/vault-schema.changelog-init.xml::1511451595465-22::R3.Corda: Table vault_fungible_states created
14:02:01.535 [Test worker] INFO liquibase - master.changelog.json: migration/vault-schema.changelog-init.xml::1511451595465-22::R3.Corda: ChangeSet migration/vault-schema.changelog-init.xml::1511451595465-22::R3.Corda ran successfully in 3ms
14:02:01.537 [Test worker] DEBUG liquibase - master.changelog.json: migration/vault-schema.changelog-init.xml::1511451595465-22::R3.Corda: Executing EXECUTE database command: INSERT INTO PUBLIC.DATABASECHANGELOG (ID, AUTHOR, FILENAME, DATEEXECUTED, ORDEREXECUTED, MD5SUM, DESCRIPTION, COMMENTS, EXECTYPE, CONTEXTS, LABELS, LIQUIBASE, DEPLOYMENT_ID) VALUES ('1511451595465-22', 'R3.Corda', 'migration/vault-schema.changelog-init.xml', NOW(), 3, '7:1f8a20296ddeb0fc739bd8e7084b0bab', 'createTable tableName=vault_fungible_states', '', 'EXECUTED', NULL, NULL, '3.5.4', '0860121299')
14:02:01.543 [Test worker] DEBUG liquibase - master.changelog.json: migration/vault-schema.changelog-init.xml::1511451595465-23::R3.Corda: Running Changeset:migration/vault-schema.changelog-init.xml::1511451595465-23::R3.Corda
14:02:01.543 [Test worker] DEBUG liquibase - master.changelog.json: migration/vault-schema.changelog-init.xml::1511451595465-23::R3.Corda: Changeset migration/vault-schema.changelog-init.xml::1511451595465-23::R3.Corda
14:02:01.543 [Test worker] DEBUG liquibase - master.changelog.json: migration/vault-schema.changelog-init.xml::1511451595465-23::R3.Corda: Reading ChangeSet: migration/vault-schema.changelog-init.xml::1511451595465-23::R3.Corda
14:02:01.546 [Test worker] DEBUG liquibase - master.changelog.json: migration/vault-schema.changelog-init.xml::1511451595465-23::R3.Corda: Executing Statement: liquibase.statement.core.CreateTableStatement@30990ac9
14:02:01.549 [Test worker] DEBUG liquibase - master.changelog.json: migration/vault-schema.changelog-init.xml::1511451595465-23::R3.Corda: Executing EXECUTE database command: CREATE TABLE PUBLIC.vault_fungible_states_parts (output_index INT NOT NULL, transaction_id NVARCHAR(64) NOT NULL, participants NVARCHAR(255))
14:02:01.550 [Test worker] INFO liquibase - master.changelog.json: migration/vault-schema.changelog-init.xml::1511451595465-23::R3.Corda: Table vault_fungible_states_parts created
14:02:01.551 [Test worker] INFO liquibase - master.changelog.json: migration/vault-schema.changelog-init.xml::1511451595465-23::R3.Corda: ChangeSet migration/vault-schema.changelog-init.xml::1511451595465-23::R3.Corda ran successfully in 8ms
14:02:01.555 [Test worker] DEBUG liquibase - master.changelog.json: migration/vault-schema.changelog-init.xml::1511451595465-23::R3.Corda: Executing EXECUTE database command: INSERT INTO PUBLIC.DATABASECHANGELOG (ID, AUTHOR, FILENAME, DATEEXECUTED, ORDEREXECUTED, MD5SUM, DESCRIPTION, COMMENTS, EXECTYPE, CONTEXTS, LABELS, LIQUIBASE, DEPLOYMENT_ID) VALUES ('1511451595465-23', 'R3.Corda', 'migration/vault-schema.changelog-init.xml', NOW(), 4, '7:1a9f6483c225c03a3a558b5b20306741', 'createTable tableName=vault_fungible_states_parts', '', 'EXECUTED', NULL, NULL, '3.5.4', '0860121299')
14:02:01.566 [Test worker] DEBUG liquibase - master.changelog.json: migration/vault-schema.changelog-init.xml::1511451595465-24::R3.Corda: Running Changeset:migration/vault-schema.changelog-init.xml::1511451595465-24::R3.Corda
14:02:01.567 [Test worker] DEBUG liquibase - master.changelog.json: migration/vault-schema.changelog-init.xml::1511451595465-24::R3.Corda: Changeset migration/vault-schema.changelog-init.xml::1511451595465-24::R3.Corda
14:02:01.567 [Test worker] DEBUG liquibase - master.changelog.json: migration/vault-schema.changelog-init.xml::1511451595465-24::R3.Corda: Reading ChangeSet: migration/vault-schema.changelog-init.xml::1511451595465-24::R3.Corda
14:02:01.568 [Test worker] DEBUG liquibase - master.changelog.json: migration/vault-schema.changelog-init.xml::1511451595465-24::R3.Corda: Executing Statement: liquibase.statement.core.CreateTableStatement@66d38077
14:02:01.568 [Test worker] DEBUG liquibase - master.changelog.json: migration/vault-schema.changelog-init.xml::1511451595465-24::R3.Corda: Executing EXECUTE database command: CREATE TABLE PUBLIC.vault_linear_states (output_index INT NOT NULL, transaction_id NVARCHAR(64) NOT NULL, external_id NVARCHAR(255), uuid VARCHAR(255) NOT NULL)
14:02:01.571 [Test worker] INFO liquibase - master.changelog.json: migration/vault-schema.changelog-init.xml::1511451595465-24::R3.Corda: Table vault_linear_states created
14:02:01.571 [Test worker] INFO liquibase - master.changelog.json: migration/vault-schema.changelog-init.xml::1511451595465-24::R3.Corda: ChangeSet migration/vault-schema.changelog-init.xml::1511451595465-24::R3.Corda ran successfully in 4ms
14:02:01.573 [Test worker] DEBUG liquibase - master.changelog.json: migration/vault-schema.changelog-init.xml::1511451595465-24::R3.Corda: Executing EXECUTE database command: INSERT INTO PUBLIC.DATABASECHANGELOG (ID, AUTHOR, FILENAME, DATEEXECUTED, ORDEREXECUTED, MD5SUM, DESCRIPTION, COMMENTS, EXECTYPE, CONTEXTS, LABELS, LIQUIBASE, DEPLOYMENT_ID) VALUES ('1511451595465-24', 'R3.Corda', 'migration/vault-schema.changelog-init.xml', NOW(), 5, '7:cc33e3b7b7db0e8613421e71352448d1', 'createTable tableName=vault_linear_states', '', 'EXECUTED', NULL, NULL, '3.5.4', '0860121299')
14:02:01.574 [Test worker] DEBUG liquibase - master.changelog.json: migration/vault-schema.changelog-init.xml::1511451595465-25::R3.Corda: Running Changeset:migration/vault-schema.changelog-init.xml::1511451595465-25::R3.Corda
14:02:01.575 [Test worker] DEBUG liquibase - master.changelog.json: migration/vault-schema.changelog-init.xml::1511451595465-25::R3.Corda: Changeset migration/vault-schema.changelog-init.xml::1511451595465-25::R3.Corda
14:02:01.575 [Test worker] DEBUG liquibase - master.changelog.json: migration/vault-schema.changelog-init.xml::1511451595465-25::R3.Corda: Reading ChangeSet: migration/vault-schema.changelog-init.xml::1511451595465-25::R3.Corda
14:02:01.576 [Test worker] DEBUG liquibase - master.changelog.json: migration/vault-schema.changelog-init.xml::1511451595465-25::R3.Corda: Executing Statement: liquibase.statement.core.CreateTableStatement@7a9f1560
14:02:01.578 [Test worker] DEBUG liquibase - master.changelog.json: migration/vault-schema.changelog-init.xml::1511451595465-25::R3.Corda: Executing EXECUTE database command: CREATE TABLE PUBLIC.vault_linear_states_parts (output_index INT NOT NULL, transaction_id NVARCHAR(64) NOT NULL, participants NVARCHAR(255))
14:02:01.582 [Test worker] INFO liquibase - master.changelog.json: migration/vault-schema.changelog-init.xml::1511451595465-25::R3.Corda: Table vault_linear_states_parts created
14:02:01.582 [Test worker] INFO liquibase - master.changelog.json: migration/vault-schema.changelog-init.xml::1511451595465-25::R3.Corda: ChangeSet migration/vault-schema.changelog-init.xml::1511451595465-25::R3.Corda ran successfully in 7ms
14:02:01.584 [Test worker] DEBUG liquibase - master.changelog.json: migration/vault-schema.changelog-init.xml::1511451595465-25::R3.Corda: Executing EXECUTE database command: INSERT INTO PUBLIC.DATABASECHANGELOG (ID, AUTHOR, FILENAME, DATEEXECUTED, ORDEREXECUTED, MD5SUM, DESCRIPTION, COMMENTS, EXECTYPE, CONTEXTS, LABELS, LIQUIBASE, DEPLOYMENT_ID) VALUES ('1511451595465-25', 'R3.Corda', 'migration/vault-schema.changelog-init.xml', NOW(), 6, '7:cee1c34886b737d7c86f4ba94a43d9a7', 'createTable tableName=vault_linear_states_parts', '', 'EXECUTED', NULL, NULL, '3.5.4', '0860121299')
14:02:01.587 [Test worker] DEBUG liquibase - master.changelog.json: migration/vault-schema.changelog-init.xml::1511451595465-26::R3.Corda: Running Changeset:migration/vault-schema.changelog-init.xml::1511451595465-26::R3.Corda
14:02:01.587 [Test worker] DEBUG liquibase - master.changelog.json: migration/vault-schema.changelog-init.xml::1511451595465-26::R3.Corda: Changeset migration/vault-schema.changelog-init.xml::1511451595465-26::R3.Corda
14:02:01.587 [Test worker] DEBUG liquibase - master.changelog.json: migration/vault-schema.changelog-init.xml::1511451595465-26::R3.Corda: Reading ChangeSet: migration/vault-schema.changelog-init.xml::1511451595465-26::R3.Corda
14:02:01.588 [Test worker] DEBUG liquibase - master.changelog.json: migration/vault-schema.changelog-init.xml::1511451595465-26::R3.Corda: Executing Statement: liquibase.statement.core.CreateTableStatement@6d6096f5
14:02:01.588 [Test worker] DEBUG liquibase - master.changelog.json: migration/vault-schema.changelog-init.xml::1511451595465-26::R3.Corda: Executing EXECUTE database command: CREATE TABLE PUBLIC.vault_states (output_index INT NOT NULL, transaction_id NVARCHAR(64) NOT NULL, consumed_timestamp TIMESTAMP, contract_state_class_name NVARCHAR(255), lock_id NVARCHAR(255), lock_timestamp TIMESTAMP, notary_name NVARCHAR(255), recorded_timestamp TIMESTAMP, state_status INT)
14:02:01.590 [Test worker] INFO liquibase - master.changelog.json: migration/vault-schema.changelog-init.xml::1511451595465-26::R3.Corda: Table vault_states created
14:02:01.590 [Test worker] INFO liquibase - master.changelog.json: migration/vault-schema.changelog-init.xml::1511451595465-26::R3.Corda: ChangeSet migration/vault-schema.changelog-init.xml::1511451595465-26::R3.Corda ran successfully in 3ms
14:02:01.591 [Test worker] DEBUG liquibase - master.changelog.json: migration/vault-schema.changelog-init.xml::1511451595465-26::R3.Corda: Executing EXECUTE database command: INSERT INTO PUBLIC.DATABASECHANGELOG (ID, AUTHOR, FILENAME, DATEEXECUTED, ORDEREXECUTED, MD5SUM, DESCRIPTION, COMMENTS, EXECTYPE, CONTEXTS, LABELS, LIQUIBASE, DEPLOYMENT_ID) VALUES ('1511451595465-26', 'R3.Corda', 'migration/vault-schema.changelog-init.xml', NOW(), 7, '7:47ea918c4e5894a573ed08ff7d3cfcf8', 'createTable tableName=vault_states', '', 'EXECUTED', NULL, NULL, '3.5.4', '0860121299')
14:02:01.592 [Test worker] DEBUG liquibase - master.changelog.json: migration/vault-schema.changelog-init.xml::1511451595465-27::R3.Corda: Running Changeset:migration/vault-schema.changelog-init.xml::1511451595465-27::R3.Corda
14:02:01.592 [Test worker] DEBUG liquibase - master.changelog.json: migration/vault-schema.changelog-init.xml::1511451595465-27::R3.Corda: Changeset migration/vault-schema.changelog-init.xml::1511451595465-27::R3.Corda
14:02:01.592 [Test worker] DEBUG liquibase - master.changelog.json: migration/vault-schema.changelog-init.xml::1511451595465-27::R3.Corda: Reading ChangeSet: migration/vault-schema.changelog-init.xml::1511451595465-27::R3.Corda
14:02:01.593 [Test worker] DEBUG liquibase - master.changelog.json: migration/vault-schema.changelog-init.xml::1511451595465-27::R3.Corda: Executing Statement: liquibase.statement.core.CreateTableStatement@bf60a5b
14:02:01.593 [Test worker] DEBUG liquibase - master.changelog.json: migration/vault-schema.changelog-init.xml::1511451595465-27::R3.Corda: Executing EXECUTE database command: CREATE TABLE PUBLIC.vault_transaction_notes (seq_no INT NOT NULL, note NVARCHAR(255), transaction_id NVARCHAR(64))
14:02:01.593 [Test worker] INFO liquibase - master.changelog.json: migration/vault-schema.changelog-init.xml::1511451595465-27::R3.Corda: Table vault_transaction_notes created
14:02:01.593 [Test worker] INFO liquibase - master.changelog.json: migration/vault-schema.changelog-init.xml::1511451595465-27::R3.Corda: ChangeSet migration/vault-schema.changelog-init.xml::1511451595465-27::R3.Corda ran successfully in 1ms
14:02:01.595 [Test worker] DEBUG liquibase - master.changelog.json: migration/vault-schema.changelog-init.xml::1511451595465-27::R3.Corda: Executing EXECUTE database command: INSERT INTO PUBLIC.DATABASECHANGELOG (ID, AUTHOR, FILENAME, DATEEXECUTED, ORDEREXECUTED, MD5SUM, DESCRIPTION, COMMENTS, EXECTYPE, CONTEXTS, LABELS, LIQUIBASE, DEPLOYMENT_ID) VALUES ('1511451595465-27', 'R3.Corda', 'migration/vault-schema.changelog-init.xml', NOW(), 8, '7:b335f04504c263e99eb1b4b78fb7b976', 'createTable tableName=vault_transaction_notes', '', 'EXECUTED', NULL, NULL, '3.5.4', '0860121299')
14:02:01.595 [Test worker] DEBUG liquibase - master.changelog.json: migration/vault-schema.changelog-init.xml::1511451595465-47::R3.Corda: Running Changeset:migration/vault-schema.changelog-init.xml::1511451595465-47::R3.Corda
14:02:01.595 [Test worker] DEBUG liquibase - master.changelog.json: migration/vault-schema.changelog-init.xml::1511451595465-47::R3.Corda: Changeset migration/vault-schema.changelog-init.xml::1511451595465-47::R3.Corda
14:02:01.596 [Test worker] DEBUG liquibase - master.changelog.json: migration/vault-schema.changelog-init.xml::1511451595465-47::R3.Corda: Reading ChangeSet: migration/vault-schema.changelog-init.xml::1511451595465-47::R3.Corda
14:02:01.596 [Test worker] DEBUG liquibase - master.changelog.json: migration/vault-schema.changelog-init.xml::1511451595465-47::R3.Corda: Executing Statement: liquibase.statement.core.AddPrimaryKeyStatement@2f79f7cc
14:02:01.596 [Test worker] DEBUG liquibase - master.changelog.json: migration/vault-schema.changelog-init.xml::1511451595465-47::R3.Corda: Executing EXECUTE database command: ALTER TABLE PUBLIC.vault_fungible_states ADD CONSTRAINT vault_fungible_states_pkey PRIMARY KEY (output_index, transaction_id)
14:02:01.600 [Test worker] INFO liquibase - master.changelog.json: migration/vault-schema.changelog-init.xml::1511451595465-47::R3.Corda: Primary key added to vault_fungible_states (output_index, transaction_id)
14:02:01.600 [Test worker] INFO liquibase - master.changelog.json: migration/vault-schema.changelog-init.xml::1511451595465-47::R3.Corda: ChangeSet migration/vault-schema.changelog-init.xml::1511451595465-47::R3.Corda ran successfully in 5ms
14:02:01.604 [Test worker] DEBUG liquibase - master.changelog.json: migration/vault-schema.changelog-init.xml::1511451595465-47::R3.Corda: Executing EXECUTE database command: INSERT INTO PUBLIC.DATABASECHANGELOG (ID, AUTHOR, FILENAME, DATEEXECUTED, ORDEREXECUTED, MD5SUM, DESCRIPTION, COMMENTS, EXECTYPE, CONTEXTS, LABELS, LIQUIBASE, DEPLOYMENT_ID) VALUES ('1511451595465-47', 'R3.Corda', 'migration/vault-schema.changelog-init.xml', NOW(), 9, '7:5ebf8c6ceacd418805fef0a8d5926d22', 'addPrimaryKey constraintName=vault_fungible_states_pkey, tableName=vault_fungible_states', '', 'EXECUTED', NULL, NULL, '3.5.4', '0860121299')
14:02:01.633 [Test worker] DEBUG liquibase - master.changelog.json: migration/vault-schema.changelog-init.xml::1511451595465-48::R3.Corda: Running Changeset:migration/vault-schema.changelog-init.xml::1511451595465-48::R3.Corda
14:02:01.633 [Test worker] DEBUG liquibase - master.changelog.json: migration/vault-schema.changelog-init.xml::1511451595465-48::R3.Corda: Changeset migration/vault-schema.changelog-init.xml::1511451595465-48::R3.Corda
14:02:01.633 [Test worker] DEBUG liquibase - master.changelog.json: migration/vault-schema.changelog-init.xml::1511451595465-48::R3.Corda: Reading ChangeSet: migration/vault-schema.changelog-init.xml::1511451595465-48::R3.Corda
14:02:01.634 [Test worker] DEBUG liquibase - master.changelog.json: migration/vault-schema.changelog-init.xml::1511451595465-48::R3.Corda: Executing Statement: liquibase.statement.core.AddPrimaryKeyStatement@5b5b5d71
14:02:01.634 [Test worker] DEBUG liquibase - master.changelog.json: migration/vault-schema.changelog-init.xml::1511451595465-48::R3.Corda: Executing EXECUTE database command: ALTER TABLE PUBLIC.vault_linear_states ADD CONSTRAINT vault_linear_states_pkey PRIMARY KEY (output_index, transaction_id)
14:02:01.636 [Test worker] INFO liquibase - master.changelog.json: migration/vault-schema.changelog-init.xml::1511451595465-48::R3.Corda: Primary key added to vault_linear_states (output_index, transaction_id)
14:02:01.637 [Test worker] INFO liquibase - master.changelog.json: migration/vault-schema.changelog-init.xml::1511451595465-48::R3.Corda: ChangeSet migration/vault-schema.changelog-init.xml::1511451595465-48::R3.Corda ran successfully in 4ms
14:02:01.640 [Test worker] DEBUG liquibase - master.changelog.json: migration/vault-schema.changelog-init.xml::1511451595465-48::R3.Corda: Executing EXECUTE database command: INSERT INTO PUBLIC.DATABASECHANGELOG (ID, AUTHOR, FILENAME, DATEEXECUTED, ORDEREXECUTED, MD5SUM, DESCRIPTION, COMMENTS, EXECTYPE, CONTEXTS, LABELS, LIQUIBASE, DEPLOYMENT_ID) VALUES ('1511451595465-48', 'R3.Corda', 'migration/vault-schema.changelog-init.xml', NOW(), 10, '7:6852e525af1e0e841b85cbc65c3ef3eb', 'addPrimaryKey constraintName=vault_linear_states_pkey, tableName=vault_linear_states', '', 'EXECUTED', NULL, NULL, '3.5.4', '0860121299')
14:02:01.641 [Test worker] DEBUG liquibase - master.changelog.json: migration/vault-schema.changelog-init.xml::1511451595465-49::R3.Corda: Running Changeset:migration/vault-schema.changelog-init.xml::1511451595465-49::R3.Corda
14:02:01.641 [Test worker] DEBUG liquibase - master.changelog.json: migration/vault-schema.changelog-init.xml::1511451595465-49::R3.Corda: Changeset migration/vault-schema.changelog-init.xml::1511451595465-49::R3.Corda
14:02:01.642 [Test worker] DEBUG liquibase - master.changelog.json: migration/vault-schema.changelog-init.xml::1511451595465-49::R3.Corda: Reading ChangeSet: migration/vault-schema.changelog-init.xml::1511451595465-49::R3.Corda
14:02:01.642 [Test worker] DEBUG liquibase - master.changelog.json: migration/vault-schema.changelog-init.xml::1511451595465-49::R3.Corda: Executing Statement: liquibase.statement.core.AddPrimaryKeyStatement@74f1ebce
14:02:01.642 [Test worker] DEBUG liquibase - master.changelog.json: migration/vault-schema.changelog-init.xml::1511451595465-49::R3.Corda: Executing EXECUTE database command: ALTER TABLE PUBLIC.vault_states ADD CONSTRAINT vault_states_pkey PRIMARY KEY (output_index, transaction_id)
14:02:01.643 [Test worker] INFO liquibase - master.changelog.json: migration/vault-schema.changelog-init.xml::1511451595465-49::R3.Corda: Primary key added to vault_states (output_index, transaction_id)
14:02:01.643 [Test worker] INFO liquibase - master.changelog.json: migration/vault-schema.changelog-init.xml::1511451595465-49::R3.Corda: ChangeSet migration/vault-schema.changelog-init.xml::1511451595465-49::R3.Corda ran successfully in 2ms
14:02:01.644 [Test worker] DEBUG liquibase - master.changelog.json: migration/vault-schema.changelog-init.xml::1511451595465-49::R3.Corda: Executing EXECUTE database command: INSERT INTO PUBLIC.DATABASECHANGELOG (ID, AUTHOR, FILENAME, DATEEXECUTED, ORDEREXECUTED, MD5SUM, DESCRIPTION, COMMENTS, EXECTYPE, CONTEXTS, LABELS, LIQUIBASE, DEPLOYMENT_ID) VALUES ('1511451595465-49', 'R3.Corda', 'migration/vault-schema.changelog-init.xml', NOW(), 11, '7:e88ace88ae32b7c6a212f749bed7f25f', 'addPrimaryKey constraintName=vault_states_pkey, tableName=vault_states', '', 'EXECUTED', NULL, NULL, '3.5.4', '0860121299')
14:02:01.646 [Test worker] DEBUG liquibase - master.changelog.json: migration/vault-schema.changelog-init.xml::1511451595465-50::R3.Corda: Running Changeset:migration/vault-schema.changelog-init.xml::1511451595465-50::R3.Corda
14:02:01.646 [Test worker] DEBUG liquibase - master.changelog.json: migration/vault-schema.changelog-init.xml::1511451595465-50::R3.Corda: Changeset migration/vault-schema.changelog-init.xml::1511451595465-50::R3.Corda
14:02:01.647 [Test worker] DEBUG liquibase - master.changelog.json: migration/vault-schema.changelog-init.xml::1511451595465-50::R3.Corda: Reading ChangeSet: migration/vault-schema.changelog-init.xml::1511451595465-50::R3.Corda
14:02:01.647 [Test worker] DEBUG liquibase - master.changelog.json: migration/vault-schema.changelog-init.xml::1511451595465-50::R3.Corda: Executing Statement: liquibase.statement.core.AddPrimaryKeyStatement@b8bbe60
14:02:01.647 [Test worker] DEBUG liquibase - master.changelog.json: migration/vault-schema.changelog-init.xml::1511451595465-50::R3.Corda: Executing EXECUTE database command: ALTER TABLE PUBLIC.vault_transaction_notes ADD CONSTRAINT vault_transaction_notes_pkey PRIMARY KEY (seq_no)
14:02:01.648 [Test worker] INFO liquibase - master.changelog.json: migration/vault-schema.changelog-init.xml::1511451595465-50::R3.Corda: Primary key added to vault_transaction_notes (seq_no)
14:02:01.648 [Test worker] INFO liquibase - master.changelog.json: migration/vault-schema.changelog-init.xml::1511451595465-50::R3.Corda: ChangeSet migration/vault-schema.changelog-init.xml::1511451595465-50::R3.Corda ran successfully in 2ms
14:02:01.650 [Test worker] DEBUG liquibase - master.changelog.json: migration/vault-schema.changelog-init.xml::1511451595465-50::R3.Corda: Executing EXECUTE database command: INSERT INTO PUBLIC.DATABASECHANGELOG (ID, AUTHOR, FILENAME, DATEEXECUTED, ORDEREXECUTED, MD5SUM, DESCRIPTION, COMMENTS, EXECTYPE, CONTEXTS, LABELS, LIQUIBASE, DEPLOYMENT_ID) VALUES ('1511451595465-50', 'R3.Corda', 'migration/vault-schema.changelog-init.xml', NOW(), 12, '7:aef52cbfcee4e86a30a1175aacdae9b5', 'addPrimaryKey constraintName=vault_transaction_notes_pkey, tableName=vault_transaction_notes', '', 'EXECUTED', NULL, NULL, '3.5.4', '0860121299')
14:02:01.651 [Test worker] DEBUG liquibase - master.changelog.json: migration/vault-schema.changelog-init.xml::1511451595465-53::R3.Corda: Running Changeset:migration/vault-schema.changelog-init.xml::1511451595465-53::R3.Corda
14:02:01.651 [Test worker] DEBUG liquibase - master.changelog.json: migration/vault-schema.changelog-init.xml::1511451595465-53::R3.Corda: Changeset migration/vault-schema.changelog-init.xml::1511451595465-53::R3.Corda
14:02:01.652 [Test worker] DEBUG liquibase - master.changelog.json: migration/vault-schema.changelog-init.xml::1511451595465-53::R3.Corda: Reading ChangeSet: migration/vault-schema.changelog-init.xml::1511451595465-53::R3.Corda
14:02:01.652 [Test worker] DEBUG liquibase - master.changelog.json: migration/vault-schema.changelog-init.xml::1511451595465-53::R3.Corda: Executing Statement: liquibase.statement.core.CreateIndexStatement@640a165b
14:02:01.653 [Test worker] DEBUG liquibase - master.changelog.json: migration/vault-schema.changelog-init.xml::1511451595465-53::R3.Corda: Executing EXECUTE database command: CREATE INDEX PUBLIC.external_id_index ON PUBLIC.vault_linear_states(external_id)
14:02:01.655 [Test worker] INFO liquibase - master.changelog.json: migration/vault-schema.changelog-init.xml::1511451595465-53::R3.Corda: Index external_id_index created
14:02:01.656 [Test worker] INFO liquibase - master.changelog.json: migration/vault-schema.changelog-init.xml::1511451595465-53::R3.Corda: ChangeSet migration/vault-schema.changelog-init.xml::1511451595465-53::R3.Corda ran successfully in 5ms
14:02:01.658 [Test worker] DEBUG liquibase - master.changelog.json: migration/vault-schema.changelog-init.xml::1511451595465-53::R3.Corda: Executing EXECUTE database command: INSERT INTO PUBLIC.DATABASECHANGELOG (ID, AUTHOR, FILENAME, DATEEXECUTED, ORDEREXECUTED, MD5SUM, DESCRIPTION, COMMENTS, EXECTYPE, CONTEXTS, LABELS, LIQUIBASE, DEPLOYMENT_ID) VALUES ('1511451595465-53', 'R3.Corda', 'migration/vault-schema.changelog-init.xml', NOW(), 13, '7:7b0c95c0892fe1aba26a294d843d3c0a', 'createIndex indexName=external_id_index, tableName=vault_linear_states', '', 'EXECUTED', NULL, NULL, '3.5.4', '0860121299')
14:02:01.659 [Test worker] DEBUG liquibase - master.changelog.json: migration/vault-schema.changelog-init.xml::1511451595465-55::R3.Corda: Running Changeset:migration/vault-schema.changelog-init.xml::1511451595465-55::R3.Corda
14:02:01.659 [Test worker] DEBUG liquibase - master.changelog.json: migration/vault-schema.changelog-init.xml::1511451595465-55::R3.Corda: Changeset migration/vault-schema.changelog-init.xml::1511451595465-55::R3.Corda
14:02:01.659 [Test worker] DEBUG liquibase - master.changelog.json: migration/vault-schema.changelog-init.xml::1511451595465-55::R3.Corda: Reading ChangeSet: migration/vault-schema.changelog-init.xml::1511451595465-55::R3.Corda
14:02:01.659 [Test worker] DEBUG liquibase - master.changelog.json: migration/vault-schema.changelog-init.xml::1511451595465-55::R3.Corda: Executing Statement: liquibase.statement.core.CreateIndexStatement@6ac267db
14:02:01.660 [Test worker] DEBUG liquibase - master.changelog.json: migration/vault-schema.changelog-init.xml::1511451595465-55::R3.Corda: Executing EXECUTE database command: CREATE INDEX PUBLIC.lock_id_idx ON PUBLIC.vault_states(lock_id, state_status)
14:02:01.661 [Test worker] INFO liquibase - master.changelog.json: migration/vault-schema.changelog-init.xml::1511451595465-55::R3.Corda: Index lock_id_idx created
14:02:01.661 [Test worker] INFO liquibase - master.changelog.json: migration/vault-schema.changelog-init.xml::1511451595465-55::R3.Corda: ChangeSet migration/vault-schema.changelog-init.xml::1511451595465-55::R3.Corda ran successfully in 2ms
14:02:01.662 [Test worker] DEBUG liquibase - master.changelog.json: migration/vault-schema.changelog-init.xml::1511451595465-55::R3.Corda: Executing EXECUTE database command: INSERT INTO PUBLIC.DATABASECHANGELOG (ID, AUTHOR, FILENAME, DATEEXECUTED, ORDEREXECUTED, MD5SUM, DESCRIPTION, COMMENTS, EXECTYPE, CONTEXTS, LABELS, LIQUIBASE, DEPLOYMENT_ID) VALUES ('1511451595465-55', 'R3.Corda', 'migration/vault-schema.changelog-init.xml', NOW(), 14, '7:daf1bfa84381a1c8e100c14229a6d860', 'createIndex indexName=lock_id_idx, tableName=vault_states', '', 'EXECUTED', NULL, NULL, '3.5.4', '0860121299')
14:02:01.663 [Test worker] DEBUG liquibase - master.changelog.json: migration/vault-schema.changelog-init.xml::1511451595465-58::R3.Corda: Running Changeset:migration/vault-schema.changelog-init.xml::1511451595465-58::R3.Corda
14:02:01.663 [Test worker] DEBUG liquibase - master.changelog.json: migration/vault-schema.changelog-init.xml::1511451595465-58::R3.Corda: Changeset migration/vault-schema.changelog-init.xml::1511451595465-58::R3.Corda
14:02:01.664 [Test worker] DEBUG liquibase - master.changelog.json: migration/vault-schema.changelog-init.xml::1511451595465-58::R3.Corda: Reading ChangeSet: migration/vault-schema.changelog-init.xml::1511451595465-58::R3.Corda
14:02:01.664 [Test worker] DEBUG liquibase - master.changelog.json: migration/vault-schema.changelog-init.xml::1511451595465-58::R3.Corda: Executing Statement: liquibase.statement.core.CreateIndexStatement@178fcc0d
14:02:01.664 [Test worker] DEBUG liquibase - master.changelog.json: migration/vault-schema.changelog-init.xml::1511451595465-58::R3.Corda: Executing EXECUTE database command: CREATE INDEX PUBLIC.state_status_idx ON PUBLIC.vault_states(state_status)
14:02:01.664 [Test worker] INFO liquibase - master.changelog.json: migration/vault-schema.changelog-init.xml::1511451595465-58::R3.Corda: Index state_status_idx created
14:02:01.664 [Test worker] INFO liquibase - master.changelog.json: migration/vault-schema.changelog-init.xml::1511451595465-58::R3.Corda: ChangeSet migration/vault-schema.changelog-init.xml::1511451595465-58::R3.Corda ran successfully in 1ms
14:02:01.666 [Test worker] DEBUG liquibase - master.changelog.json: migration/vault-schema.changelog-init.xml::1511451595465-58::R3.Corda: Executing EXECUTE database command: INSERT INTO PUBLIC.DATABASECHANGELOG (ID, AUTHOR, FILENAME, DATEEXECUTED, ORDEREXECUTED, MD5SUM, DESCRIPTION, COMMENTS, EXECTYPE, CONTEXTS, LABELS, LIQUIBASE, DEPLOYMENT_ID) VALUES ('1511451595465-58', 'R3.Corda', 'migration/vault-schema.changelog-init.xml', NOW(), 15, '7:775d3c8a27b7fad84f9894db6bdf3e87', 'createIndex indexName=state_status_idx, tableName=vault_states', '', 'EXECUTED', NULL, NULL, '3.5.4', '0860121299')
14:02:01.667 [Test worker] DEBUG liquibase - master.changelog.json: migration/vault-schema.changelog-init.xml::1511451595465-59::R3.Corda: Running Changeset:migration/vault-schema.changelog-init.xml::1511451595465-59::R3.Corda
14:02:01.667 [Test worker] DEBUG liquibase - master.changelog.json: migration/vault-schema.changelog-init.xml::1511451595465-59::R3.Corda: Changeset migration/vault-schema.changelog-init.xml::1511451595465-59::R3.Corda
14:02:01.667 [Test worker] DEBUG liquibase - master.changelog.json: migration/vault-schema.changelog-init.xml::1511451595465-59::R3.Corda: Reading ChangeSet: migration/vault-schema.changelog-init.xml::1511451595465-59::R3.Corda
14:02:01.667 [Test worker] DEBUG liquibase - master.changelog.json: migration/vault-schema.changelog-init.xml::1511451595465-59::R3.Corda: Executing Statement: liquibase.statement.core.CreateIndexStatement@142c8382
14:02:01.668 [Test worker] DEBUG liquibase - master.changelog.json: migration/vault-schema.changelog-init.xml::1511451595465-59::R3.Corda: Executing EXECUTE database command: CREATE INDEX PUBLIC.transaction_id_index ON PUBLIC.vault_transaction_notes(transaction_id)
14:02:01.668 [Test worker] INFO liquibase - master.changelog.json: migration/vault-schema.changelog-init.xml::1511451595465-59::R3.Corda: Index transaction_id_index created
14:02:01.668 [Test worker] INFO liquibase - master.changelog.json: migration/vault-schema.changelog-init.xml::1511451595465-59::R3.Corda: ChangeSet migration/vault-schema.changelog-init.xml::1511451595465-59::R3.Corda ran successfully in 1ms
14:02:01.670 [Test worker] DEBUG liquibase - master.changelog.json: migration/vault-schema.changelog-init.xml::1511451595465-59::R3.Corda: Executing EXECUTE database command: INSERT INTO PUBLIC.DATABASECHANGELOG (ID, AUTHOR, FILENAME, DATEEXECUTED, ORDEREXECUTED, MD5SUM, DESCRIPTION, COMMENTS, EXECTYPE, CONTEXTS, LABELS, LIQUIBASE, DEPLOYMENT_ID) VALUES ('1511451595465-59', 'R3.Corda', 'migration/vault-schema.changelog-init.xml', NOW(), 16, '7:1be2b24f3e4fedc8252c24080b713783', 'createIndex indexName=transaction_id_index, tableName=vault_transaction_notes', '', 'EXECUTED', NULL, NULL, '3.5.4', '0860121299')
14:02:01.672 [Test worker] DEBUG liquibase - master.changelog.json: migration/vault-schema.changelog-init.xml::1511451595465-60::R3.Corda: Running Changeset:migration/vault-schema.changelog-init.xml::1511451595465-60::R3.Corda
14:02:01.672 [Test worker] DEBUG liquibase - master.changelog.json: migration/vault-schema.changelog-init.xml::1511451595465-60::R3.Corda: Changeset migration/vault-schema.changelog-init.xml::1511451595465-60::R3.Corda
14:02:01.672 [Test worker] DEBUG liquibase - master.changelog.json: migration/vault-schema.changelog-init.xml::1511451595465-60::R3.Corda: Reading ChangeSet: migration/vault-schema.changelog-init.xml::1511451595465-60::R3.Corda
14:02:01.672 [Test worker] DEBUG liquibase - master.changelog.json: migration/vault-schema.changelog-init.xml::1511451595465-60::R3.Corda: Executing Statement: liquibase.statement.core.CreateIndexStatement@7225456e
14:02:01.673 [Test worker] DEBUG liquibase - master.changelog.json: migration/vault-schema.changelog-init.xml::1511451595465-60::R3.Corda: Executing EXECUTE database command: CREATE INDEX PUBLIC.uuid_index ON PUBLIC.vault_linear_states(uuid)
14:02:01.698 [Test worker] INFO liquibase - master.changelog.json: migration/vault-schema.changelog-init.xml::1511451595465-60::R3.Corda: Index uuid_index created
14:02:01.698 [Test worker] INFO liquibase - master.changelog.json: migration/vault-schema.changelog-init.xml::1511451595465-60::R3.Corda: ChangeSet migration/vault-schema.changelog-init.xml::1511451595465-60::R3.Corda ran successfully in 26ms
14:02:01.700 [Test worker] DEBUG liquibase - master.changelog.json: migration/vault-schema.changelog-init.xml::1511451595465-60::R3.Corda: Executing EXECUTE database command: INSERT INTO PUBLIC.DATABASECHANGELOG (ID, AUTHOR, FILENAME, DATEEXECUTED, ORDEREXECUTED, MD5SUM, DESCRIPTION, COMMENTS, EXECTYPE, CONTEXTS, LABELS, LIQUIBASE, DEPLOYMENT_ID) VALUES ('1511451595465-60', 'R3.Corda', 'migration/vault-schema.changelog-init.xml', NOW(), 17, '7:f372f17dd75374bfecfde0e44d7ce36c', 'createIndex indexName=uuid_index, tableName=vault_linear_states', '', 'EXECUTED', NULL, NULL, '3.5.4', '0860121299')
14:02:01.702 [Test worker] DEBUG liquibase - master.changelog.json: migration/vault-schema.changelog-init.xml::1511451595465-64::R3.Corda: Running Changeset:migration/vault-schema.changelog-init.xml::1511451595465-64::R3.Corda
14:02:01.703 [Test worker] DEBUG liquibase - master.changelog.json: migration/vault-schema.changelog-init.xml::1511451595465-64::R3.Corda: Changeset migration/vault-schema.changelog-init.xml::1511451595465-64::R3.Corda
14:02:01.706 [Test worker] DEBUG liquibase - master.changelog.json: migration/vault-schema.changelog-init.xml::1511451595465-64::R3.Corda: Reading ChangeSet: migration/vault-schema.changelog-init.xml::1511451595465-64::R3.Corda
14:02:01.707 [Test worker] DEBUG liquibase - master.changelog.json: migration/vault-schema.changelog-init.xml::1511451595465-64::R3.Corda: Executing Statement: liquibase.statement.core.AddForeignKeyConstraintStatement@7af3ae90
14:02:01.712 [Test worker] DEBUG liquibase - master.changelog.json: migration/vault-schema.changelog-init.xml::1511451595465-64::R3.Corda: Executing EXECUTE database command: ALTER TABLE PUBLIC.vault_fungible_states_parts ADD CONSTRAINT FK__fung_st_parts__fung_st FOREIGN KEY (output_index, transaction_id) REFERENCES PUBLIC.vault_fungible_states (output_index, transaction_id)
14:02:01.723 [Test worker] INFO liquibase - master.changelog.json: migration/vault-schema.changelog-init.xml::1511451595465-64::R3.Corda: Foreign key constraint added to vault_fungible_states_parts (output_index,transaction_id)
14:02:01.723 [Test worker] INFO liquibase - master.changelog.json: migration/vault-schema.changelog-init.xml::1511451595465-64::R3.Corda: ChangeSet migration/vault-schema.changelog-init.xml::1511451595465-64::R3.Corda ran successfully in 20ms
14:02:01.724 [Test worker] DEBUG liquibase - master.changelog.json: migration/vault-schema.changelog-init.xml::1511451595465-64::R3.Corda: Executing EXECUTE database command: INSERT INTO PUBLIC.DATABASECHANGELOG (ID, AUTHOR, FILENAME, DATEEXECUTED, ORDEREXECUTED, MD5SUM, DESCRIPTION, COMMENTS, EXECTYPE, CONTEXTS, LABELS, LIQUIBASE, DEPLOYMENT_ID) VALUES ('1511451595465-64', 'R3.Corda', 'migration/vault-schema.changelog-init.xml', NOW(), 18, '7:3771038da08dbe5dbbbdffac7300198d', 'addForeignKeyConstraint baseTableName=vault_fungible_states_parts, constraintName=FK__fung_st_parts__fung_st, referencedTableName=vault_fungible_states', '', 'EXECUTED', NULL, NULL, '3.5.4', '0860121299')
14:02:01.725 [Test worker] DEBUG liquibase - master.changelog.json: migration/vault-schema.changelog-init.xml::1511451595465-65::R3.Corda: Running Changeset:migration/vault-schema.changelog-init.xml::1511451595465-65::R3.Corda
14:02:01.725 [Test worker] DEBUG liquibase - master.changelog.json: migration/vault-schema.changelog-init.xml::1511451595465-65::R3.Corda: Changeset migration/vault-schema.changelog-init.xml::1511451595465-65::R3.Corda
14:02:01.726 [Test worker] DEBUG liquibase - master.changelog.json: migration/vault-schema.changelog-init.xml::1511451595465-65::R3.Corda: Reading ChangeSet: migration/vault-schema.changelog-init.xml::1511451595465-65::R3.Corda
14:02:01.726 [Test worker] DEBUG liquibase - master.changelog.json: migration/vault-schema.changelog-init.xml::1511451595465-65::R3.Corda: Executing Statement: liquibase.statement.core.AddForeignKeyConstraintStatement@1877ffaf
14:02:01.726 [Test worker] DEBUG liquibase - master.changelog.json: migration/vault-schema.changelog-init.xml::1511451595465-65::R3.Corda: Executing EXECUTE database command: ALTER TABLE PUBLIC.vault_linear_states_parts ADD CONSTRAINT FK__lin_stat_parts__lin_stat FOREIGN KEY (output_index, transaction_id) REFERENCES PUBLIC.vault_linear_states (output_index, transaction_id)
14:02:01.729 [Test worker] INFO liquibase - master.changelog.json: migration/vault-schema.changelog-init.xml::1511451595465-65::R3.Corda: Foreign key constraint added to vault_linear_states_parts (output_index,transaction_id)
14:02:01.729 [Test worker] INFO liquibase - master.changelog.json: migration/vault-schema.changelog-init.xml::1511451595465-65::R3.Corda: ChangeSet migration/vault-schema.changelog-init.xml::1511451595465-65::R3.Corda ran successfully in 4ms
14:02:01.730 [Test worker] DEBUG liquibase - master.changelog.json: migration/vault-schema.changelog-init.xml::1511451595465-65::R3.Corda: Executing EXECUTE database command: INSERT INTO PUBLIC.DATABASECHANGELOG (ID, AUTHOR, FILENAME, DATEEXECUTED, ORDEREXECUTED, MD5SUM, DESCRIPTION, COMMENTS, EXECTYPE, CONTEXTS, LABELS, LIQUIBASE, DEPLOYMENT_ID) VALUES ('1511451595465-65', 'R3.Corda', 'migration/vault-schema.changelog-init.xml', NOW(), 19, '7:4cccc80aadefc753d80d33d233d426b1', 'addForeignKeyConstraint baseTableName=vault_linear_states_parts, constraintName=FK__lin_stat_parts__lin_stat, referencedTableName=vault_linear_states', '', 'EXECUTED', NULL, NULL, '3.5.4', '0860121299')
14:02:01.731 [Test worker] DEBUG liquibase - master.changelog.json: migration/vault-schema.changelog-v3.xml::clean_vault::R3.Corda: Running Changeset:migration/vault-schema.changelog-v3.xml::clean_vault::R3.Corda
14:02:01.731 [Test worker] DEBUG liquibase - master.changelog.json: migration/vault-schema.changelog-v3.xml::clean_vault::R3.Corda: Changeset migration/vault-schema.changelog-v3.xml::clean_vault::R3.Corda
14:02:01.731 [Test worker] DEBUG liquibase - master.changelog.json: migration/vault-schema.changelog-v3.xml::clean_vault::R3.Corda: Reading ChangeSet: migration/vault-schema.changelog-v3.xml::clean_vault::R3.Corda
14:02:01.731 [Test worker] DEBUG liquibase - master.changelog.json: migration/vault-schema.changelog-v3.xml::clean_vault::R3.Corda: Executing Statement: liquibase.statement.core.DeleteStatement@649aca22
14:02:01.731 [Test worker] DEBUG liquibase - master.changelog.json: migration/vault-schema.changelog-v3.xml::clean_vault::R3.Corda: Executing EXECUTE database command: DELETE FROM PUBLIC.vault_fungible_states_parts
14:02:01.732 [Test worker] INFO liquibase - master.changelog.json: migration/vault-schema.changelog-v3.xml::clean_vault::R3.Corda: Data deleted from vault_fungible_states_parts
14:02:01.732 [Test worker] DEBUG liquibase - master.changelog.json: migration/vault-schema.changelog-v3.xml::clean_vault::R3.Corda: Executing Statement: liquibase.statement.core.DeleteStatement@cd41215
14:02:01.732 [Test worker] DEBUG liquibase - master.changelog.json: migration/vault-schema.changelog-v3.xml::clean_vault::R3.Corda: Executing EXECUTE database command: DELETE FROM PUBLIC.vault_fungible_states
14:02:01.732 [Test worker] INFO liquibase - master.changelog.json: migration/vault-schema.changelog-v3.xml::clean_vault::R3.Corda: Data deleted from vault_fungible_states
14:02:01.732 [Test worker] DEBUG liquibase - master.changelog.json: migration/vault-schema.changelog-v3.xml::clean_vault::R3.Corda: Executing Statement: liquibase.statement.core.DeleteStatement@6b24a65d
14:02:01.732 [Test worker] DEBUG liquibase - master.changelog.json: migration/vault-schema.changelog-v3.xml::clean_vault::R3.Corda: Executing EXECUTE database command: DELETE FROM PUBLIC.vault_linear_states_parts
14:02:01.732 [Test worker] INFO liquibase - master.changelog.json: migration/vault-schema.changelog-v3.xml::clean_vault::R3.Corda: Data deleted from vault_linear_states_parts
14:02:01.732 [Test worker] DEBUG liquibase - master.changelog.json: migration/vault-schema.changelog-v3.xml::clean_vault::R3.Corda: Executing Statement: liquibase.statement.core.DeleteStatement@6035495a
14:02:01.732 [Test worker] DEBUG liquibase - master.changelog.json: migration/vault-schema.changelog-v3.xml::clean_vault::R3.Corda: Executing EXECUTE database command: DELETE FROM PUBLIC.vault_linear_states
14:02:01.733 [Test worker] INFO liquibase - master.changelog.json: migration/vault-schema.changelog-v3.xml::clean_vault::R3.Corda: Data deleted from vault_linear_states
14:02:01.733 [Test worker] DEBUG liquibase - master.changelog.json: migration/vault-schema.changelog-v3.xml::clean_vault::R3.Corda: Executing Statement: liquibase.statement.core.DeleteStatement@52cc44a4
14:02:01.733 [Test worker] DEBUG liquibase - master.changelog.json: migration/vault-schema.changelog-v3.xml::clean_vault::R3.Corda: Executing EXECUTE database command: DELETE FROM PUBLIC.vault_states
14:02:01.733 [Test worker] INFO liquibase - master.changelog.json: migration/vault-schema.changelog-v3.xml::clean_vault::R3.Corda: Data deleted from vault_states
14:02:01.733 [Test worker] DEBUG liquibase - master.changelog.json: migration/vault-schema.changelog-v3.xml::clean_vault::R3.Corda: Executing Statement: liquibase.statement.core.DeleteStatement@7ea4a052
14:02:01.733 [Test worker] DEBUG liquibase - master.changelog.json: migration/vault-schema.changelog-v3.xml::clean_vault::R3.Corda: Executing EXECUTE database command: DELETE FROM PUBLIC.vault_transaction_notes
14:02:01.733 [Test worker] INFO liquibase - master.changelog.json: migration/vault-schema.changelog-v3.xml::clean_vault::R3.Corda: Data deleted from vault_transaction_notes
14:02:01.733 [Test worker] INFO liquibase - master.changelog.json: migration/vault-schema.changelog-v3.xml::clean_vault::R3.Corda: ChangeSet migration/vault-schema.changelog-v3.xml::clean_vault::R3.Corda ran successfully in 2ms
14:02:01.735 [Test worker] DEBUG liquibase - master.changelog.json: migration/vault-schema.changelog-v3.xml::clean_vault::R3.Corda: Executing EXECUTE database command: INSERT INTO PUBLIC.DATABASECHANGELOG (ID, AUTHOR, FILENAME, DATEEXECUTED, ORDEREXECUTED, MD5SUM, DESCRIPTION, COMMENTS, EXECTYPE, CONTEXTS, LABELS, LIQUIBASE, DEPLOYMENT_ID) VALUES ('clean_vault', 'R3.Corda', 'migration/vault-schema.changelog-v3.xml', NOW(), 20, '7:c16f94cc9c0418c23dfcedd33e85d2d3', 'delete tableName=vault_fungible_states_parts; delete tableName=vault_fungible_states; delete tableName=vault_linear_states_parts; delete tableName=vault_linear_states; delete tableName=vault_states; delete tableName=vault_transaction_notes', '', 'EXECUTED', NULL, NULL, '3.5.4', '0860121299')
14:02:01.736 [Test worker] DEBUG liquibase - master.changelog.json: migration/vault-schema.changelog-v4.xml::nullability::R3.Corda: Running Changeset:migration/vault-schema.changelog-v4.xml::nullability::R3.Corda
14:02:01.736 [Test worker] DEBUG liquibase - master.changelog.json: migration/vault-schema.changelog-v4.xml::nullability::R3.Corda: Changeset migration/vault-schema.changelog-v4.xml::nullability::R3.Corda
14:02:01.736 [Test worker] DEBUG liquibase - master.changelog.json: migration/vault-schema.changelog-v4.xml::nullability::R3.Corda: Reading ChangeSet: migration/vault-schema.changelog-v4.xml::nullability::R3.Corda
14:02:01.736 [Test worker] DEBUG liquibase - master.changelog.json: migration/vault-schema.changelog-v4.xml::nullability::R3.Corda: Executing Statement: liquibase.statement.core.SetNullableStatement@4388212f
14:02:01.736 [Test worker] DEBUG liquibase - master.changelog.json: migration/vault-schema.changelog-v4.xml::nullability::R3.Corda: Executing EXECUTE database command: ALTER TABLE PUBLIC.vault_fungible_states ALTER COLUMN quantity SET NOT NULL
14:02:01.742 [Test worker] INFO liquibase - master.changelog.json: migration/vault-schema.changelog-v4.xml::nullability::R3.Corda: Null constraint has been added to vault_fungible_states.quantity
14:02:01.742 [Test worker] DEBUG liquibase - master.changelog.json: migration/vault-schema.changelog-v4.xml::nullability::R3.Corda: Executing Statement: liquibase.statement.core.SetNullableStatement@25866a4b
14:02:01.742 [Test worker] DEBUG liquibase - master.changelog.json: migration/vault-schema.changelog-v4.xml::nullability::R3.Corda: Executing EXECUTE database command: ALTER TABLE PUBLIC.vault_states ALTER COLUMN contract_state_class_name SET NOT NULL
14:02:01.743 [Test worker] INFO liquibase - master.changelog.json: migration/vault-schema.changelog-v4.xml::nullability::R3.Corda: Null constraint has been added to vault_states.contract_state_class_name
14:02:01.744 [Test worker] DEBUG liquibase - master.changelog.json: migration/vault-schema.changelog-v4.xml::nullability::R3.Corda: Executing Statement: liquibase.statement.core.SetNullableStatement@72593b75
14:02:01.744 [Test worker] DEBUG liquibase - master.changelog.json: migration/vault-schema.changelog-v4.xml::nullability::R3.Corda: Executing EXECUTE database command: ALTER TABLE PUBLIC.vault_states ALTER COLUMN notary_name SET NOT NULL
14:02:01.745 [Test worker] INFO liquibase - master.changelog.json: migration/vault-schema.changelog-v4.xml::nullability::R3.Corda: Null constraint has been added to vault_states.notary_name
14:02:01.745 [Test worker] DEBUG liquibase - master.changelog.json: migration/vault-schema.changelog-v4.xml::nullability::R3.Corda: Executing Statement: liquibase.statement.core.SetNullableStatement@5ddf959e
14:02:01.745 [Test worker] DEBUG liquibase - master.changelog.json: migration/vault-schema.changelog-v4.xml::nullability::R3.Corda: Executing EXECUTE database command: ALTER TABLE PUBLIC.vault_states ALTER COLUMN recorded_timestamp SET NOT NULL
14:02:01.747 [Test worker] INFO liquibase - master.changelog.json: migration/vault-schema.changelog-v4.xml::nullability::R3.Corda: Null constraint has been added to vault_states.recorded_timestamp
14:02:01.747 [Test worker] DEBUG liquibase - master.changelog.json: migration/vault-schema.changelog-v4.xml::nullability::R3.Corda: Executing Statement: liquibase.statement.core.DropIndexStatement@70d0ff8e
14:02:01.747 [Test worker] DEBUG liquibase - master.changelog.json: migration/vault-schema.changelog-v4.xml::nullability::R3.Corda: Executing EXECUTE database command: DROP INDEX PUBLIC.state_status_idx
14:02:01.752 [Test worker] INFO liquibase - master.changelog.json: migration/vault-schema.changelog-v4.xml::nullability::R3.Corda: Index state_status_idx dropped from table vault_states
14:02:01.753 [Test worker] DEBUG liquibase - master.changelog.json: migration/vault-schema.changelog-v4.xml::nullability::R3.Corda: Executing Statement: liquibase.statement.core.DropIndexStatement@1951ce43
14:02:01.754 [Test worker] DEBUG liquibase - master.changelog.json: migration/vault-schema.changelog-v4.xml::nullability::R3.Corda: Executing EXECUTE database command: DROP INDEX PUBLIC.lock_id_idx
14:02:01.754 [Test worker] INFO liquibase - master.changelog.json: migration/vault-schema.changelog-v4.xml::nullability::R3.Corda: Index lock_id_idx dropped from table vault_states
14:02:01.754 [Test worker] DEBUG liquibase - master.changelog.json: migration/vault-schema.changelog-v4.xml::nullability::R3.Corda: Executing Statement: liquibase.statement.core.SetNullableStatement@352f214a
14:02:01.755 [Test worker] DEBUG liquibase - master.changelog.json: migration/vault-schema.changelog-v4.xml::nullability::R3.Corda: Executing EXECUTE database command: ALTER TABLE PUBLIC.vault_states ALTER COLUMN state_status SET NOT NULL
14:02:01.756 [Test worker] INFO liquibase - master.changelog.json: migration/vault-schema.changelog-v4.xml::nullability::R3.Corda: Null constraint has been added to vault_states.state_status
14:02:01.756 [Test worker] DEBUG liquibase - master.changelog.json: migration/vault-schema.changelog-v4.xml::nullability::R3.Corda: Executing Statement: liquibase.statement.core.CreateIndexStatement@ec95449
14:02:01.757 [Test worker] DEBUG liquibase - master.changelog.json: migration/vault-schema.changelog-v4.xml::nullability::R3.Corda: Executing EXECUTE database command: CREATE INDEX PUBLIC.state_status_idx ON PUBLIC.vault_states(state_status)
14:02:01.759 [Test worker] INFO liquibase - master.changelog.json: migration/vault-schema.changelog-v4.xml::nullability::R3.Corda: Index state_status_idx created
14:02:01.759 [Test worker] DEBUG liquibase - master.changelog.json: migration/vault-schema.changelog-v4.xml::nullability::R3.Corda: Executing Statement: liquibase.statement.core.CreateIndexStatement@31df7d80
14:02:01.759 [Test worker] DEBUG liquibase - master.changelog.json: migration/vault-schema.changelog-v4.xml::nullability::R3.Corda: Executing EXECUTE database command: CREATE INDEX PUBLIC.lock_id_idx ON PUBLIC.vault_states(lock_id, state_status)
14:02:01.760 [Test worker] INFO liquibase - master.changelog.json: migration/vault-schema.changelog-v4.xml::nullability::R3.Corda: Index lock_id_idx created
14:02:01.760 [Test worker] DEBUG liquibase - master.changelog.json: migration/vault-schema.changelog-v4.xml::nullability::R3.Corda: Executing Statement: liquibase.statement.core.DropIndexStatement@7db62f80
14:02:01.760 [Test worker] DEBUG liquibase - master.changelog.json: migration/vault-schema.changelog-v4.xml::nullability::R3.Corda: Executing EXECUTE database command: DROP INDEX PUBLIC.transaction_id_index
14:02:01.761 [Test worker] INFO liquibase - master.changelog.json: migration/vault-schema.changelog-v4.xml::nullability::R3.Corda: Index transaction_id_index dropped from table vault_transaction_notes
14:02:01.761 [Test worker] DEBUG liquibase - master.changelog.json: migration/vault-schema.changelog-v4.xml::nullability::R3.Corda: Executing Statement: liquibase.statement.core.SetNullableStatement@4d07969f
14:02:01.761 [Test worker] DEBUG liquibase - master.changelog.json: migration/vault-schema.changelog-v4.xml::nullability::R3.Corda: Executing EXECUTE database command: ALTER TABLE PUBLIC.vault_transaction_notes ALTER COLUMN note SET NOT NULL
14:02:01.762 [Test worker] INFO liquibase - master.changelog.json: migration/vault-schema.changelog-v4.xml::nullability::R3.Corda: Null constraint has been added to vault_transaction_notes.note
14:02:01.762 [Test worker] DEBUG liquibase - master.changelog.json: migration/vault-schema.changelog-v4.xml::nullability::R3.Corda: Executing Statement: liquibase.statement.core.SetNullableStatement@4bf82492
14:02:01.762 [Test worker] DEBUG liquibase - master.changelog.json: migration/vault-schema.changelog-v4.xml::nullability::R3.Corda: Executing EXECUTE database command: ALTER TABLE PUBLIC.vault_transaction_notes ALTER COLUMN transaction_id SET NOT NULL
14:02:01.763 [Test worker] INFO liquibase - master.changelog.json: migration/vault-schema.changelog-v4.xml::nullability::R3.Corda: Null constraint has been added to vault_transaction_notes.transaction_id
14:02:01.763 [Test worker] DEBUG liquibase - master.changelog.json: migration/vault-schema.changelog-v4.xml::nullability::R3.Corda: Executing Statement: liquibase.statement.core.CreateIndexStatement@745b47d8
14:02:01.763 [Test worker] DEBUG liquibase - master.changelog.json: migration/vault-schema.changelog-v4.xml::nullability::R3.Corda: Executing EXECUTE database command: CREATE INDEX PUBLIC.transaction_id_index ON PUBLIC.vault_transaction_notes(transaction_id)
14:02:01.764 [Test worker] INFO liquibase - master.changelog.json: migration/vault-schema.changelog-v4.xml::nullability::R3.Corda: Index transaction_id_index created
14:02:01.764 [Test worker] INFO liquibase - master.changelog.json: migration/vault-schema.changelog-v4.xml::nullability::R3.Corda: ChangeSet migration/vault-schema.changelog-v4.xml::nullability::R3.Corda ran successfully in 28ms
14:02:01.769 [Test worker] DEBUG liquibase - master.changelog.json: migration/vault-schema.changelog-v4.xml::nullability::R3.Corda: Executing EXECUTE database command: INSERT INTO PUBLIC.DATABASECHANGELOG (ID, AUTHOR, FILENAME, DATEEXECUTED, ORDEREXECUTED, MD5SUM, DESCRIPTION, COMMENTS, EXECTYPE, CONTEXTS, LABELS, LIQUIBASE, DEPLOYMENT_ID) VALUES ('nullability', 'R3.Corda', 'migration/vault-schema.changelog-v4.xml', NOW(), 21, '7:59450415a9a86b5b55d9f9347b383e6a', 'addNotNullConstraint columnName=quantity, tableName=vault_fungible_states; addNotNullConstraint columnName=contract_state_class_name, tableName=vault_states; addNotNullConstraint columnName=notary_name, tableName=vault_states; addNotNullConstraint...', '', 'EXECUTED', NULL, NULL, '3.5.4', '0860121299')
14:02:01.771 [Test worker] DEBUG liquibase - master.changelog.json: migration/vault-schema.changelog-pkey.xml::non-clustered_pk-11::R3.Corda: Running Changeset:migration/vault-schema.changelog-pkey.xml::non-clustered_pk-11::R3.Corda
14:02:01.773 [Test worker] DEBUG liquibase - master.changelog.json: migration/vault-schema.changelog-pkey.xml::non-clustered_pk-11::R3.Corda: Executing EXECUTE database command: INSERT INTO PUBLIC.DATABASECHANGELOG (ID, AUTHOR, FILENAME, DATEEXECUTED, ORDEREXECUTED, MD5SUM, DESCRIPTION, COMMENTS, EXECTYPE, CONTEXTS, LABELS, LIQUIBASE, DEPLOYMENT_ID) VALUES ('non-clustered_pk-11', 'R3.Corda', 'migration/vault-schema.changelog-pkey.xml', NOW(), 22, '7:c88a8494afc1f2507131e709b3ec4f1e', 'dropForeignKeyConstraint baseTableName=vault_fungible_states_parts, constraintName=FK__fung_st_parts__fung_st; dropPrimaryKey constraintName=vault_fungible_states_pkey, tableName=vault_fungible_states; addPrimaryKey constraintName=vault_fungible_s...', '', 'MARK_RAN', NULL, NULL, '3.5.4', '0860121299')
14:02:01.774 [Test worker] DEBUG liquibase - master.changelog.json: migration/vault-schema.changelog-pkey.xml::non-clustered_pk-12::R3.Corda: Running Changeset:migration/vault-schema.changelog-pkey.xml::non-clustered_pk-12::R3.Corda
14:02:01.776 [Test worker] DEBUG liquibase - master.changelog.json: migration/vault-schema.changelog-pkey.xml::non-clustered_pk-12::R3.Corda: Executing EXECUTE database command: INSERT INTO PUBLIC.DATABASECHANGELOG (ID, AUTHOR, FILENAME, DATEEXECUTED, ORDEREXECUTED, MD5SUM, DESCRIPTION, COMMENTS, EXECTYPE, CONTEXTS, LABELS, LIQUIBASE, DEPLOYMENT_ID) VALUES ('non-clustered_pk-12', 'R3.Corda', 'migration/vault-schema.changelog-pkey.xml', NOW(), 23, '7:5569de8454d891688bbb7510f634782f', 'dropForeignKeyConstraint baseTableName=vault_linear_states_parts, constraintName=FK__lin_stat_parts__lin_stat; dropPrimaryKey constraintName=vault_linear_states_pkey, tableName=vault_linear_states; addPrimaryKey constraintName=vault_linear_states_...', '', 'MARK_RAN', NULL, NULL, '3.5.4', '0860121299')
14:02:01.777 [Test worker] DEBUG liquibase - master.changelog.json: migration/vault-schema.changelog-pkey.xml::non-clustered_pk-13::R3.Corda: Running Changeset:migration/vault-schema.changelog-pkey.xml::non-clustered_pk-13::R3.Corda
14:02:01.778 [Test worker] DEBUG liquibase - master.changelog.json: migration/vault-schema.changelog-pkey.xml::non-clustered_pk-13::R3.Corda: Executing EXECUTE database command: INSERT INTO PUBLIC.DATABASECHANGELOG (ID, AUTHOR, FILENAME, DATEEXECUTED, ORDEREXECUTED, MD5SUM, DESCRIPTION, COMMENTS, EXECTYPE, CONTEXTS, LABELS, LIQUIBASE, DEPLOYMENT_ID) VALUES ('non-clustered_pk-13', 'R3.Corda', 'migration/vault-schema.changelog-pkey.xml', NOW(), 24, '7:c786c529ecdaa33f87d3fc9ed88111f4', 'dropPrimaryKey constraintName=vault_states_pkey, tableName=vault_states; addPrimaryKey constraintName=vault_states_pkey, tableName=vault_states', '', 'MARK_RAN', NULL, NULL, '3.5.4', '0860121299')
14:02:01.779 [Test worker] DEBUG liquibase - master.changelog.json: migration/vault-schema.changelog-v5.xml::add_relevancy_status_column::R3.Corda: Running Changeset:migration/vault-schema.changelog-v5.xml::add_relevancy_status_column::R3.Corda
14:02:01.779 [Test worker] DEBUG liquibase - master.changelog.json: migration/vault-schema.changelog-v5.xml::add_relevancy_status_column::R3.Corda: Changeset migration/vault-schema.changelog-v5.xml::add_relevancy_status_column::R3.Corda
14:02:01.781 [Test worker] DEBUG liquibase - master.changelog.json: migration/vault-schema.changelog-v5.xml::add_relevancy_status_column::R3.Corda: Reading ChangeSet: migration/vault-schema.changelog-v5.xml::add_relevancy_status_column::R3.Corda
14:02:01.781 [Test worker] DEBUG liquibase - master.changelog.json: migration/vault-schema.changelog-v5.xml::add_relevancy_status_column::R3.Corda: Executing Statement: liquibase.statement.core.AddColumnStatement@55e5cab6
14:02:01.781 [Test worker] DEBUG liquibase - master.changelog.json: migration/vault-schema.changelog-v5.xml::add_relevancy_status_column::R3.Corda: Executing EXECUTE database command: ALTER TABLE PUBLIC.vault_states ADD relevancy_status INT
14:02:01.839 [Test worker] INFO liquibase - master.changelog.json: migration/vault-schema.changelog-v5.xml::add_relevancy_status_column::R3.Corda: Columns relevancy_status(INT) added to vault_states
14:02:01.839 [Test worker] DEBUG liquibase - master.changelog.json: migration/vault-schema.changelog-v5.xml::add_relevancy_status_column::R3.Corda: Executing Statement: liquibase.statement.core.UpdateStatement@17fa780f
14:02:01.839 [Test worker] DEBUG liquibase - master.changelog.json: migration/vault-schema.changelog-v5.xml::add_relevancy_status_column::R3.Corda: Executing EXECUTE database command: UPDATE PUBLIC.vault_states SET relevancy_status = 0
14:02:01.840 [Test worker] INFO liquibase - master.changelog.json: migration/vault-schema.changelog-v5.xml::add_relevancy_status_column::R3.Corda: Data updated in vault_states
14:02:01.840 [Test worker] DEBUG liquibase - master.changelog.json: migration/vault-schema.changelog-v5.xml::add_relevancy_status_column::R3.Corda: Executing Statement: liquibase.statement.core.SetNullableStatement@2d2cecdf
14:02:01.840 [Test worker] DEBUG liquibase - master.changelog.json: migration/vault-schema.changelog-v5.xml::add_relevancy_status_column::R3.Corda: Executing EXECUTE database command: ALTER TABLE PUBLIC.vault_states ALTER COLUMN relevancy_status SET NOT NULL
14:02:01.841 [Test worker] INFO liquibase - master.changelog.json: migration/vault-schema.changelog-v5.xml::add_relevancy_status_column::R3.Corda: Null constraint has been added to vault_states.relevancy_status
14:02:01.841 [Test worker] INFO liquibase - master.changelog.json: migration/vault-schema.changelog-v5.xml::add_relevancy_status_column::R3.Corda: ChangeSet migration/vault-schema.changelog-v5.xml::add_relevancy_status_column::R3.Corda ran successfully in 62ms
14:02:01.843 [Test worker] DEBUG liquibase - master.changelog.json: migration/vault-schema.changelog-v5.xml::add_relevancy_status_column::R3.Corda: Executing EXECUTE database command: INSERT INTO PUBLIC.DATABASECHANGELOG (ID, AUTHOR, FILENAME, DATEEXECUTED, ORDEREXECUTED, MD5SUM, DESCRIPTION, COMMENTS, EXECTYPE, CONTEXTS, LABELS, LIQUIBASE, DEPLOYMENT_ID) VALUES ('add_relevancy_status_column', 'R3.Corda', 'migration/vault-schema.changelog-v5.xml', NOW(), 25, '7:bd7c3258179f34f231f6ae51e3313fc4', 'addColumn tableName=vault_states; update tableName=vault_states; addNotNullConstraint columnName=relevancy_status, tableName=vault_states', '', 'EXECUTED', NULL, NULL, '3.5.4', '0860121299')
14:02:01.843 [Test worker] DEBUG liquibase - master.changelog.json: migration/vault-schema.changelog-v6.xml::add_is_constraint_information_columns::R3.Corda: Running Changeset:migration/vault-schema.changelog-v6.xml::add_is_constraint_information_columns::R3.Corda
14:02:01.843 [Test worker] DEBUG liquibase - master.changelog.json: migration/vault-schema.changelog-v6.xml::add_is_constraint_information_columns::R3.Corda: Changeset migration/vault-schema.changelog-v6.xml::add_is_constraint_information_columns::R3.Corda
14:02:01.844 [Test worker] DEBUG liquibase - master.changelog.json: migration/vault-schema.changelog-v6.xml::add_is_constraint_information_columns::R3.Corda: Reading ChangeSet: migration/vault-schema.changelog-v6.xml::add_is_constraint_information_columns::R3.Corda
14:02:01.844 [Test worker] DEBUG liquibase - master.changelog.json: migration/vault-schema.changelog-v6.xml::add_is_constraint_information_columns::R3.Corda: Executing Statement: liquibase.statement.core.AddColumnStatement@2f5c73b
14:02:01.848 [Test worker] DEBUG liquibase - master.changelog.json: migration/vault-schema.changelog-v6.xml::add_is_constraint_information_columns::R3.Corda: Executing EXECUTE database command: ALTER TABLE PUBLIC.vault_states ADD constraint_type INT DEFAULT '0' NOT NULL
14:02:01.863 [Test worker] INFO liquibase - master.changelog.json: migration/vault-schema.changelog-v6.xml::add_is_constraint_information_columns::R3.Corda: Columns constraint_type(INT) added to vault_states
14:02:01.863 [Test worker] DEBUG liquibase - master.changelog.json: migration/vault-schema.changelog-v6.xml::add_is_constraint_information_columns::R3.Corda: Executing Statement: liquibase.statement.core.AddColumnStatement@4c2a843d
14:02:01.863 [Test worker] DEBUG liquibase - master.changelog.json: migration/vault-schema.changelog-v6.xml::add_is_constraint_information_columns::R3.Corda: Executing EXECUTE database command: ALTER TABLE PUBLIC.vault_states ADD constraint_data VARBINARY(563)
14:02:01.923 [Test worker] INFO liquibase - master.changelog.json: migration/vault-schema.changelog-v6.xml::add_is_constraint_information_columns::R3.Corda: Columns constraint_data(varbinary(563)) added to vault_states
14:02:01.923 [Test worker] INFO liquibase - master.changelog.json: migration/vault-schema.changelog-v6.xml::add_is_constraint_information_columns::R3.Corda: ChangeSet migration/vault-schema.changelog-v6.xml::add_is_constraint_information_columns::R3.Corda ran successfully in 80ms
14:02:01.925 [Test worker] DEBUG liquibase - master.changelog.json: migration/vault-schema.changelog-v6.xml::add_is_constraint_information_columns::R3.Corda: Executing EXECUTE database command: INSERT INTO PUBLIC.DATABASECHANGELOG (ID, AUTHOR, FILENAME, DATEEXECUTED, ORDEREXECUTED, MD5SUM, DESCRIPTION, COMMENTS, EXECTYPE, CONTEXTS, LABELS, LIQUIBASE, DEPLOYMENT_ID) VALUES ('add_is_constraint_information_columns', 'R3.Corda', 'migration/vault-schema.changelog-v6.xml', NOW(), 26, '7:7d7cf7015d299a7fefb6e81aa563e208', 'addColumn tableName=vault_states; addColumn tableName=vault_states', '', 'EXECUTED', NULL, NULL, '3.5.4', '0860121299')
14:02:01.926 [Test worker] DEBUG liquibase - master.changelog.json: migration/vault-schema.changelog-v7.xml::make_issuer_ref_nullable::R3.Corda: Running Changeset:migration/vault-schema.changelog-v7.xml::make_issuer_ref_nullable::R3.Corda
14:02:01.926 [Test worker] DEBUG liquibase - master.changelog.json: migration/vault-schema.changelog-v7.xml::make_issuer_ref_nullable::R3.Corda: Changeset migration/vault-schema.changelog-v7.xml::make_issuer_ref_nullable::R3.Corda
14:02:01.926 [Test worker] DEBUG liquibase - master.changelog.json: migration/vault-schema.changelog-v7.xml::make_issuer_ref_nullable::R3.Corda: Reading ChangeSet: migration/vault-schema.changelog-v7.xml::make_issuer_ref_nullable::R3.Corda
14:02:01.926 [Test worker] DEBUG liquibase - master.changelog.json: migration/vault-schema.changelog-v7.xml::make_issuer_ref_nullable::R3.Corda: Executing Statement: liquibase.statement.core.SetNullableStatement@633ce62e
14:02:01.926 [Test worker] DEBUG liquibase - master.changelog.json: migration/vault-schema.changelog-v7.xml::make_issuer_ref_nullable::R3.Corda: Executing EXECUTE database command: ALTER TABLE PUBLIC.vault_fungible_states ALTER COLUMN issuer_ref SET NULL
14:02:01.926 [Test worker] INFO liquibase - master.changelog.json: migration/vault-schema.changelog-v7.xml::make_issuer_ref_nullable::R3.Corda: Null constraint dropped from vault_fungible_states.issuer_ref
14:02:01.927 [Test worker] INFO liquibase - master.changelog.json: migration/vault-schema.changelog-v7.xml::make_issuer_ref_nullable::R3.Corda: ChangeSet migration/vault-schema.changelog-v7.xml::make_issuer_ref_nullable::R3.Corda ran successfully in 1ms
14:02:01.928 [Test worker] DEBUG liquibase - master.changelog.json: migration/vault-schema.changelog-v7.xml::make_issuer_ref_nullable::R3.Corda: Executing EXECUTE database command: INSERT INTO PUBLIC.DATABASECHANGELOG (ID, AUTHOR, FILENAME, DATEEXECUTED, ORDEREXECUTED, MD5SUM, DESCRIPTION, COMMENTS, EXECTYPE, CONTEXTS, LABELS, LIQUIBASE, DEPLOYMENT_ID) VALUES ('make_issuer_ref_nullable', 'R3.Corda', 'migration/vault-schema.changelog-v7.xml', NOW(), 27, '7:016e083b176a76fc50d74e3fe07ca1cb', 'dropNotNullConstraint columnName=issuer_ref, tableName=vault_fungible_states', '', 'EXECUTED', NULL, NULL, '3.5.4', '0860121299')
14:02:01.929 [Test worker] DEBUG liquibase - master.changelog.json: migration/vault-schema.changelog-v8.xml::create-external-id-to-state-party-view::R3.Corda: Running Changeset:migration/vault-schema.changelog-v8.xml::create-external-id-to-state-party-view::R3.Corda
14:02:01.929 [Test worker] DEBUG liquibase - master.changelog.json: migration/vault-schema.changelog-v8.xml::create-external-id-to-state-party-view::R3.Corda: Changeset migration/vault-schema.changelog-v8.xml::create-external-id-to-state-party-view::R3.Corda
14:02:01.929 [Test worker] DEBUG liquibase - master.changelog.json: migration/vault-schema.changelog-v8.xml::create-external-id-to-state-party-view::R3.Corda: Reading ChangeSet: migration/vault-schema.changelog-v8.xml::create-external-id-to-state-party-view::R3.Corda
14:02:01.930 [Test worker] DEBUG liquibase - master.changelog.json: migration/vault-schema.changelog-v8.xml::create-external-id-to-state-party-view::R3.Corda: Executing Statement: liquibase.statement.core.CreateTableStatement@1fa33ce1
14:02:01.930 [Test worker] DEBUG liquibase - master.changelog.json: migration/vault-schema.changelog-v8.xml::create-external-id-to-state-party-view::R3.Corda: Executing EXECUTE database command: CREATE TABLE PUBLIC.state_party (output_index INT, transaction_id NVARCHAR(64), public_key_hash NVARCHAR(255) NOT NULL, x500_name NVARCHAR(255))
14:02:01.931 [Test worker] INFO liquibase - master.changelog.json: migration/vault-schema.changelog-v8.xml::create-external-id-to-state-party-view::R3.Corda: Table state_party created
14:02:01.931 [Test worker] DEBUG liquibase - master.changelog.json: migration/vault-schema.changelog-v8.xml::create-external-id-to-state-party-view::R3.Corda: Executing Statement: liquibase.statement.core.CreateIndexStatement@8d54cfe
14:02:01.931 [Test worker] DEBUG liquibase - master.changelog.json: migration/vault-schema.changelog-v8.xml::create-external-id-to-state-party-view::R3.Corda: Executing EXECUTE database command: CREATE INDEX PUBLIC.state_pk_hash_idx ON PUBLIC.state_party(public_key_hash)
14:02:01.931 [Test worker] INFO liquibase - master.changelog.json: migration/vault-schema.changelog-v8.xml::create-external-id-to-state-party-view::R3.Corda: Index state_pk_hash_idx created
14:02:01.932 [Test worker] DEBUG liquibase - master.changelog.json: migration/vault-schema.changelog-v8.xml::create-external-id-to-state-party-view::R3.Corda: Executing Statement: liquibase.statement.core.CreateTableStatement@2d2bb2af
14:02:01.932 [Test worker] DEBUG liquibase - master.changelog.json: migration/vault-schema.changelog-v8.xml::create-external-id-to-state-party-view::R3.Corda: Executing EXECUTE database command: CREATE TABLE PUBLIC.pk_hash_to_ext_id_map (id BIGINT NOT NULL, external_id VARCHAR(255) NOT NULL, public_key_hash NVARCHAR(255) NOT NULL)
14:02:01.932 [Test worker] INFO liquibase - master.changelog.json: migration/vault-schema.changelog-v8.xml::create-external-id-to-state-party-view::R3.Corda: Table pk_hash_to_ext_id_map created
14:02:01.933 [Test worker] DEBUG liquibase - master.changelog.json: migration/vault-schema.changelog-v8.xml::create-external-id-to-state-party-view::R3.Corda: Executing Statement: liquibase.statement.core.CreateIndexStatement@466943ff
14:02:01.933 [Test worker] DEBUG liquibase - master.changelog.json: migration/vault-schema.changelog-v8.xml::create-external-id-to-state-party-view::R3.Corda: Executing EXECUTE database command: CREATE INDEX PUBLIC.pk_hash_to_xid_idx ON PUBLIC.pk_hash_to_ext_id_map(public_key_hash)
14:02:01.933 [Test worker] INFO liquibase - master.changelog.json: migration/vault-schema.changelog-v8.xml::create-external-id-to-state-party-view::R3.Corda: Index pk_hash_to_xid_idx created
14:02:01.933 [Test worker] DEBUG liquibase - master.changelog.json: migration/vault-schema.changelog-v8.xml::create-external-id-to-state-party-view::R3.Corda: Executing Statement: liquibase.statement.core.CreateViewStatement@64794570
14:02:01.936 [Test worker] DEBUG liquibase - master.changelog.json: migration/vault-schema.changelog-v8.xml::create-external-id-to-state-party-view::R3.Corda: Executing EXECUTE database command: CREATE VIEW PUBLIC.v_pkey_hash_ex_id_map AS select
                state_party.public_key_hash,
                state_party.transaction_id,
                state_party.output_index,
                pk_hash_to_ext_id_map.external_id
            from state_party
            join pk_hash_to_ext_id_map
            on state_party.public_key_hash = pk_hash_to_ext_id_map.public_key_hash
14:02:01.940 [Test worker] INFO liquibase - master.changelog.json: migration/vault-schema.changelog-v8.xml::create-external-id-to-state-party-view::R3.Corda: View v_pkey_hash_ex_id_map created
14:02:01.940 [Test worker] INFO liquibase - master.changelog.json: migration/vault-schema.changelog-v8.xml::create-external-id-to-state-party-view::R3.Corda: ChangeSet migration/vault-schema.changelog-v8.xml::create-external-id-to-state-party-view::R3.Corda ran successfully in 11ms
14:02:01.942 [Test worker] DEBUG liquibase - master.changelog.json: migration/vault-schema.changelog-v8.xml::create-external-id-to-state-party-view::R3.Corda: Executing EXECUTE database command: INSERT INTO PUBLIC.DATABASECHANGELOG (ID, AUTHOR, FILENAME, DATEEXECUTED, ORDEREXECUTED, MD5SUM, DESCRIPTION, COMMENTS, EXECTYPE, CONTEXTS, LABELS, LIQUIBASE, DEPLOYMENT_ID) VALUES ('create-external-id-to-state-party-view', 'R3.Corda', 'migration/vault-schema.changelog-v8.xml', NOW(), 28, '7:68a2e794e4726e4e40b28753c7a64413', 'createTable tableName=state_party; createIndex indexName=state_pk_hash_idx, tableName=state_party; createTable tableName=pk_hash_to_ext_id_map; createIndex indexName=pk_hash_to_xid_idx, tableName=pk_hash_to_ext_id_map; createView viewName=v_pkey_h...', '', 'EXECUTED', NULL, NULL, '3.5.4', '0860121299')
14:02:01.943 [Test worker] DEBUG liquibase - master.changelog.json: migration/node-info.changelog-init.xml::1511451595465-4::R3.Corda: Running Changeset:migration/node-info.changelog-init.xml::1511451595465-4::R3.Corda
14:02:01.943 [Test worker] DEBUG liquibase - master.changelog.json: migration/node-info.changelog-init.xml::1511451595465-4::R3.Corda: Changeset migration/node-info.changelog-init.xml::1511451595465-4::R3.Corda
14:02:01.943 [Test worker] DEBUG liquibase - master.changelog.json: migration/node-info.changelog-init.xml::1511451595465-4::R3.Corda: Reading ChangeSet: migration/node-info.changelog-init.xml::1511451595465-4::R3.Corda
14:02:01.943 [Test worker] DEBUG liquibase - master.changelog.json: migration/node-info.changelog-init.xml::1511451595465-4::R3.Corda: Executing Statement: liquibase.statement.core.CreateTableStatement@6d144c1d
14:02:01.943 [Test worker] DEBUG liquibase - master.changelog.json: migration/node-info.changelog-init.xml::1511451595465-4::R3.Corda: Executing EXECUTE database command: CREATE TABLE PUBLIC.node_link_nodeinfo_party (node_info_id INT NOT NULL, party_name NVARCHAR(255) NOT NULL)
14:02:01.944 [Test worker] INFO liquibase - master.changelog.json: migration/node-info.changelog-init.xml::1511451595465-4::R3.Corda: Table node_link_nodeinfo_party created
14:02:01.944 [Test worker] INFO liquibase - master.changelog.json: migration/node-info.changelog-init.xml::1511451595465-4::R3.Corda: ChangeSet migration/node-info.changelog-init.xml::1511451595465-4::R3.Corda ran successfully in 1ms
14:02:01.945 [Test worker] DEBUG liquibase - master.changelog.json: migration/node-info.changelog-init.xml::1511451595465-4::R3.Corda: Executing EXECUTE database command: INSERT INTO PUBLIC.DATABASECHANGELOG (ID, AUTHOR, FILENAME, DATEEXECUTED, ORDEREXECUTED, MD5SUM, DESCRIPTION, COMMENTS, EXECTYPE, CONTEXTS, LABELS, LIQUIBASE, DEPLOYMENT_ID) VALUES ('1511451595465-4', 'R3.Corda', 'migration/node-info.changelog-init.xml', NOW(), 29, '7:86561ccea3a7fbbdb311d455076c98a8', 'createTable tableName=node_link_nodeinfo_party', '', 'EXECUTED', NULL, NULL, '3.5.4', '0860121299')
14:02:01.946 [Test worker] DEBUG liquibase - master.changelog.json: migration/node-info.changelog-init.xml::1511451595465-10::R3.Corda: Running Changeset:migration/node-info.changelog-init.xml::1511451595465-10::R3.Corda
14:02:01.946 [Test worker] DEBUG liquibase - master.changelog.json: migration/node-info.changelog-init.xml::1511451595465-10::R3.Corda: Changeset migration/node-info.changelog-init.xml::1511451595465-10::R3.Corda
14:02:01.946 [Test worker] DEBUG liquibase - master.changelog.json: migration/node-info.changelog-init.xml::1511451595465-10::R3.Corda: Reading ChangeSet: migration/node-info.changelog-init.xml::1511451595465-10::R3.Corda
14:02:01.946 [Test worker] DEBUG liquibase - master.changelog.json: migration/node-info.changelog-init.xml::1511451595465-10::R3.Corda: Executing Statement: liquibase.statement.core.CreateTableStatement@1cfe7148
14:02:01.946 [Test worker] DEBUG liquibase - master.changelog.json: migration/node-info.changelog-init.xml::1511451595465-10::R3.Corda: Executing EXECUTE database command: CREATE TABLE PUBLIC.node_info_hosts (host NVARCHAR(255) NOT NULL, port INT NOT NULL, node_info_id INT)
14:02:01.947 [Test worker] INFO liquibase - master.changelog.json: migration/node-info.changelog-init.xml::1511451595465-10::R3.Corda: Table node_info_hosts created
14:02:01.947 [Test worker] INFO liquibase - master.changelog.json: migration/node-info.changelog-init.xml::1511451595465-10::R3.Corda: ChangeSet migration/node-info.changelog-init.xml::1511451595465-10::R3.Corda ran successfully in 1ms
14:02:01.972 [Test worker] DEBUG liquibase - master.changelog.json: migration/node-info.changelog-init.xml::1511451595465-10::R3.Corda: Executing EXECUTE database command: INSERT INTO PUBLIC.DATABASECHANGELOG (ID, AUTHOR, FILENAME, DATEEXECUTED, ORDEREXECUTED, MD5SUM, DESCRIPTION, COMMENTS, EXECTYPE, CONTEXTS, LABELS, LIQUIBASE, DEPLOYMENT_ID) VALUES ('1511451595465-10', 'R3.Corda', 'migration/node-info.changelog-init.xml', NOW(), 30, '7:86dcf13717e5dbc4c623523618380bdd', 'createTable tableName=node_info_hosts', '', 'EXECUTED', NULL, NULL, '3.5.4', '0860121299')
14:02:01.973 [Test worker] DEBUG liquibase - master.changelog.json: migration/node-info.changelog-init.xml::1511451595465-11::R3.Corda: Running Changeset:migration/node-info.changelog-init.xml::1511451595465-11::R3.Corda
14:02:01.973 [Test worker] DEBUG liquibase - master.changelog.json: migration/node-info.changelog-init.xml::1511451595465-11::R3.Corda: Changeset migration/node-info.changelog-init.xml::1511451595465-11::R3.Corda
14:02:01.974 [Test worker] DEBUG liquibase - master.changelog.json: migration/node-info.changelog-init.xml::1511451595465-11::R3.Corda: Reading ChangeSet: migration/node-info.changelog-init.xml::1511451595465-11::R3.Corda
14:02:01.974 [Test worker] DEBUG liquibase - master.changelog.json: migration/node-info.changelog-init.xml::1511451595465-11::R3.Corda: Executing Statement: liquibase.statement.core.CreateTableStatement@69179546
14:02:01.974 [Test worker] DEBUG liquibase - master.changelog.json: migration/node-info.changelog-init.xml::1511451595465-11::R3.Corda: Executing EXECUTE database command: CREATE TABLE PUBLIC.node_info_party_cert (party_name NVARCHAR(255) NOT NULL, ismain BOOLEAN NOT NULL, owning_key_hash NVARCHAR(130), party_cert_binary BLOB)
14:02:01.975 [Test worker] INFO liquibase - master.changelog.json: migration/node-info.changelog-init.xml::1511451595465-11::R3.Corda: Table node_info_party_cert created
14:02:01.975 [Test worker] INFO liquibase - master.changelog.json: migration/node-info.changelog-init.xml::1511451595465-11::R3.Corda: ChangeSet migration/node-info.changelog-init.xml::1511451595465-11::R3.Corda ran successfully in 2ms
14:02:01.977 [Test worker] DEBUG liquibase - master.changelog.json: migration/node-info.changelog-init.xml::1511451595465-11::R3.Corda: Executing EXECUTE database command: INSERT INTO PUBLIC.DATABASECHANGELOG (ID, AUTHOR, FILENAME, DATEEXECUTED, ORDEREXECUTED, MD5SUM, DESCRIPTION, COMMENTS, EXECTYPE, CONTEXTS, LABELS, LIQUIBASE, DEPLOYMENT_ID) VALUES ('1511451595465-11', 'R3.Corda', 'migration/node-info.changelog-init.xml', NOW(), 31, '7:ddf2ea133beca979abcb7e627a37db60', 'createTable tableName=node_info_party_cert', '', 'EXECUTED', NULL, NULL, '3.5.4', '0860121299')
14:02:01.978 [Test worker] DEBUG liquibase - master.changelog.json: migration/node-info.changelog-init.xml::1511451595465-12::R3.Corda: Running Changeset:migration/node-info.changelog-init.xml::1511451595465-12::R3.Corda
14:02:01.978 [Test worker] DEBUG liquibase - master.changelog.json: migration/node-info.changelog-init.xml::1511451595465-12::R3.Corda: Changeset migration/node-info.changelog-init.xml::1511451595465-12::R3.Corda
14:02:01.978 [Test worker] DEBUG liquibase - master.changelog.json: migration/node-info.changelog-init.xml::1511451595465-12::R3.Corda: Reading ChangeSet: migration/node-info.changelog-init.xml::1511451595465-12::R3.Corda
14:02:01.979 [Test worker] DEBUG liquibase - master.changelog.json: migration/node-info.changelog-init.xml::1511451595465-12::R3.Corda: Executing Statement: liquibase.statement.core.CreateTableStatement@357408f7
14:02:01.979 [Test worker] DEBUG liquibase - master.changelog.json: migration/node-info.changelog-init.xml::1511451595465-12::R3.Corda: Executing EXECUTE database command: CREATE TABLE PUBLIC.node_infos (node_info_id INT NOT NULL, node_info_hash NVARCHAR(64), platform_version INT, serial BIGINT)
14:02:01.980 [Test worker] INFO liquibase - master.changelog.json: migration/node-info.changelog-init.xml::1511451595465-12::R3.Corda: Table node_infos created
14:02:01.980 [Test worker] INFO liquibase - master.changelog.json: migration/node-info.changelog-init.xml::1511451595465-12::R3.Corda: ChangeSet migration/node-info.changelog-init.xml::1511451595465-12::R3.Corda ran successfully in 2ms
14:02:01.981 [Test worker] DEBUG liquibase - master.changelog.json: migration/node-info.changelog-init.xml::1511451595465-12::R3.Corda: Executing EXECUTE database command: INSERT INTO PUBLIC.DATABASECHANGELOG (ID, AUTHOR, FILENAME, DATEEXECUTED, ORDEREXECUTED, MD5SUM, DESCRIPTION, COMMENTS, EXECTYPE, CONTEXTS, LABELS, LIQUIBASE, DEPLOYMENT_ID) VALUES ('1511451595465-12', 'R3.Corda', 'migration/node-info.changelog-init.xml', NOW(), 32, '7:2a2169c32d87fdc3442c6096740a52a5', 'createTable tableName=node_infos', '', 'EXECUTED', NULL, NULL, '3.5.4', '0860121299')
14:02:01.982 [Test worker] DEBUG liquibase - master.changelog.json: migration/node-info.changelog-init.xml::1511451595465-35::R3.Corda: Running Changeset:migration/node-info.changelog-init.xml::1511451595465-35::R3.Corda
14:02:01.982 [Test worker] DEBUG liquibase - master.changelog.json: migration/node-info.changelog-init.xml::1511451595465-35::R3.Corda: Changeset migration/node-info.changelog-init.xml::1511451595465-35::R3.Corda
14:02:01.982 [Test worker] DEBUG liquibase - master.changelog.json: migration/node-info.changelog-init.xml::1511451595465-35::R3.Corda: Reading ChangeSet: migration/node-info.changelog-init.xml::1511451595465-35::R3.Corda
14:02:01.983 [Test worker] DEBUG liquibase - master.changelog.json: migration/node-info.changelog-init.xml::1511451595465-35::R3.Corda: Executing Statement: liquibase.statement.core.AddPrimaryKeyStatement@23e6f9a4
14:02:01.983 [Test worker] DEBUG liquibase - master.changelog.json: migration/node-info.changelog-init.xml::1511451595465-35::R3.Corda: Executing EXECUTE database command: ALTER TABLE PUBLIC.node_info_hosts ADD CONSTRAINT node_info_hosts_pkey PRIMARY KEY (host, port)
14:02:01.984 [Test worker] INFO liquibase - master.changelog.json: migration/node-info.changelog-init.xml::1511451595465-35::R3.Corda: Primary key added to node_info_hosts (host, port)
14:02:01.984 [Test worker] INFO liquibase - master.changelog.json: migration/node-info.changelog-init.xml::1511451595465-35::R3.Corda: ChangeSet migration/node-info.changelog-init.xml::1511451595465-35::R3.Corda ran successfully in 2ms
14:02:01.985 [Test worker] DEBUG liquibase - master.changelog.json: migration/node-info.changelog-init.xml::1511451595465-35::R3.Corda: Executing EXECUTE database command: INSERT INTO PUBLIC.DATABASECHANGELOG (ID, AUTHOR, FILENAME, DATEEXECUTED, ORDEREXECUTED, MD5SUM, DESCRIPTION, COMMENTS, EXECTYPE, CONTEXTS, LABELS, LIQUIBASE, DEPLOYMENT_ID) VALUES ('1511451595465-35', 'R3.Corda', 'migration/node-info.changelog-init.xml', NOW(), 33, '7:5c8230d7f489b4b961c3b52b3335e5ff', 'addPrimaryKey constraintName=node_info_hosts_pkey, tableName=node_info_hosts', '', 'EXECUTED', NULL, NULL, '3.5.4', '0860121299')
14:02:01.986 [Test worker] DEBUG liquibase - master.changelog.json: migration/node-info.changelog-init.xml::1511451595465-36::R3.Corda: Running Changeset:migration/node-info.changelog-init.xml::1511451595465-36::R3.Corda
14:02:01.987 [Test worker] DEBUG liquibase - master.changelog.json: migration/node-info.changelog-init.xml::1511451595465-36::R3.Corda: Changeset migration/node-info.changelog-init.xml::1511451595465-36::R3.Corda
14:02:01.987 [Test worker] DEBUG liquibase - master.changelog.json: migration/node-info.changelog-init.xml::1511451595465-36::R3.Corda: Reading ChangeSet: migration/node-info.changelog-init.xml::1511451595465-36::R3.Corda
14:02:01.987 [Test worker] DEBUG liquibase - master.changelog.json: migration/node-info.changelog-init.xml::1511451595465-36::R3.Corda: Executing Statement: liquibase.statement.core.AddPrimaryKeyStatement@46dd61db
14:02:01.987 [Test worker] DEBUG liquibase - master.changelog.json: migration/node-info.changelog-init.xml::1511451595465-36::R3.Corda: Executing EXECUTE database command: ALTER TABLE PUBLIC.node_info_party_cert ADD CONSTRAINT node_info_party_cert_pkey PRIMARY KEY (party_name)
14:02:01.988 [Test worker] INFO liquibase - master.changelog.json: migration/node-info.changelog-init.xml::1511451595465-36::R3.Corda: Primary key added to node_info_party_cert (party_name)
14:02:01.988 [Test worker] INFO liquibase - master.changelog.json: migration/node-info.changelog-init.xml::1511451595465-36::R3.Corda: ChangeSet migration/node-info.changelog-init.xml::1511451595465-36::R3.Corda ran successfully in 1ms
14:02:01.989 [Test worker] DEBUG liquibase - master.changelog.json: migration/node-info.changelog-init.xml::1511451595465-36::R3.Corda: Executing EXECUTE database command: INSERT INTO PUBLIC.DATABASECHANGELOG (ID, AUTHOR, FILENAME, DATEEXECUTED, ORDEREXECUTED, MD5SUM, DESCRIPTION, COMMENTS, EXECTYPE, CONTEXTS, LABELS, LIQUIBASE, DEPLOYMENT_ID) VALUES ('1511451595465-36', 'R3.Corda', 'migration/node-info.changelog-init.xml', NOW(), 34, '7:a4293247b9113bb0895d15e212ded67d', 'addPrimaryKey constraintName=node_info_party_cert_pkey, tableName=node_info_party_cert', '', 'EXECUTED', NULL, NULL, '3.5.4', '0860121299')
14:02:01.990 [Test worker] DEBUG liquibase - master.changelog.json: migration/node-info.changelog-init.xml::1511451595465-37::R3.Corda: Running Changeset:migration/node-info.changelog-init.xml::1511451595465-37::R3.Corda
14:02:01.992 [Test worker] DEBUG liquibase - master.changelog.json: migration/node-info.changelog-init.xml::1511451595465-37::R3.Corda: Changeset migration/node-info.changelog-init.xml::1511451595465-37::R3.Corda
14:02:01.992 [Test worker] DEBUG liquibase - master.changelog.json: migration/node-info.changelog-init.xml::1511451595465-37::R3.Corda: Reading ChangeSet: migration/node-info.changelog-init.xml::1511451595465-37::R3.Corda
14:02:01.992 [Test worker] DEBUG liquibase - master.changelog.json: migration/node-info.changelog-init.xml::1511451595465-37::R3.Corda: Executing Statement: liquibase.statement.core.AddPrimaryKeyStatement@32113417
14:02:01.992 [Test worker] DEBUG liquibase - master.changelog.json: migration/node-info.changelog-init.xml::1511451595465-37::R3.Corda: Executing EXECUTE database command: ALTER TABLE PUBLIC.node_infos ADD CONSTRAINT node_infos_pkey PRIMARY KEY (node_info_id)
14:02:01.993 [Test worker] INFO liquibase - master.changelog.json: migration/node-info.changelog-init.xml::1511451595465-37::R3.Corda: Primary key added to node_infos (node_info_id)
14:02:01.993 [Test worker] INFO liquibase - master.changelog.json: migration/node-info.changelog-init.xml::1511451595465-37::R3.Corda: ChangeSet migration/node-info.changelog-init.xml::1511451595465-37::R3.Corda ran successfully in 1ms
14:02:01.995 [Test worker] DEBUG liquibase - master.changelog.json: migration/node-info.changelog-init.xml::1511451595465-37::R3.Corda: Executing EXECUTE database command: INSERT INTO PUBLIC.DATABASECHANGELOG (ID, AUTHOR, FILENAME, DATEEXECUTED, ORDEREXECUTED, MD5SUM, DESCRIPTION, COMMENTS, EXECTYPE, CONTEXTS, LABELS, LIQUIBASE, DEPLOYMENT_ID) VALUES ('1511451595465-37', 'R3.Corda', 'migration/node-info.changelog-init.xml', NOW(), 35, '7:3f7b9e25544e21798cc648d8ab2056b7', 'addPrimaryKey constraintName=node_infos_pkey, tableName=node_infos', '', 'EXECUTED', NULL, NULL, '3.5.4', '0860121299')
14:02:01.996 [Test worker] DEBUG liquibase - master.changelog.json: migration/node-info.changelog-init.xml::1511451595465-62::R3.Corda: Running Changeset:migration/node-info.changelog-init.xml::1511451595465-62::R3.Corda
14:02:01.996 [Test worker] DEBUG liquibase - master.changelog.json: migration/node-info.changelog-init.xml::1511451595465-62::R3.Corda: Changeset migration/node-info.changelog-init.xml::1511451595465-62::R3.Corda
14:02:01.996 [Test worker] DEBUG liquibase - master.changelog.json: migration/node-info.changelog-init.xml::1511451595465-62::R3.Corda: Reading ChangeSet: migration/node-info.changelog-init.xml::1511451595465-62::R3.Corda
14:02:01.996 [Test worker] DEBUG liquibase - master.changelog.json: migration/node-info.changelog-init.xml::1511451595465-62::R3.Corda: Executing Statement: liquibase.statement.core.AddForeignKeyConstraintStatement@27ee8f5f
14:02:01.997 [Test worker] DEBUG liquibase - master.changelog.json: migration/node-info.changelog-init.xml::1511451595465-62::R3.Corda: Executing EXECUTE database command: ALTER TABLE PUBLIC.node_link_nodeinfo_party ADD CONSTRAINT FK__link_nodeinfo_party__infos FOREIGN KEY (node_info_id) REFERENCES PUBLIC.node_infos (node_info_id)
14:02:02.003 [Test worker] INFO liquibase - master.changelog.json: migration/node-info.changelog-init.xml::1511451595465-62::R3.Corda: Foreign key constraint added to node_link_nodeinfo_party (node_info_id)
14:02:02.003 [Test worker] INFO liquibase - master.changelog.json: migration/node-info.changelog-init.xml::1511451595465-62::R3.Corda: ChangeSet migration/node-info.changelog-init.xml::1511451595465-62::R3.Corda ran successfully in 7ms
14:02:02.005 [Test worker] DEBUG liquibase - master.changelog.json: migration/node-info.changelog-init.xml::1511451595465-62::R3.Corda: Executing EXECUTE database command: INSERT INTO PUBLIC.DATABASECHANGELOG (ID, AUTHOR, FILENAME, DATEEXECUTED, ORDEREXECUTED, MD5SUM, DESCRIPTION, COMMENTS, EXECTYPE, CONTEXTS, LABELS, LIQUIBASE, DEPLOYMENT_ID) VALUES ('1511451595465-62', 'R3.Corda', 'migration/node-info.changelog-init.xml', NOW(), 36, '7:64add0a3b0350cfe6fa3de1428a38397', 'addForeignKeyConstraint baseTableName=node_link_nodeinfo_party, constraintName=FK__link_nodeinfo_party__infos, referencedTableName=node_infos', '', 'EXECUTED', NULL, NULL, '3.5.4', '0860121299')
14:02:02.010 [Test worker] DEBUG liquibase - master.changelog.json: migration/node-info.changelog-init.xml::1511451595465-63::R3.Corda: Running Changeset:migration/node-info.changelog-init.xml::1511451595465-63::R3.Corda
14:02:02.010 [Test worker] DEBUG liquibase - master.changelog.json: migration/node-info.changelog-init.xml::1511451595465-63::R3.Corda: Changeset migration/node-info.changelog-init.xml::1511451595465-63::R3.Corda
14:02:02.011 [Test worker] DEBUG liquibase - master.changelog.json: migration/node-info.changelog-init.xml::1511451595465-63::R3.Corda: Reading ChangeSet: migration/node-info.changelog-init.xml::1511451595465-63::R3.Corda
14:02:02.011 [Test worker] DEBUG liquibase - master.changelog.json: migration/node-info.changelog-init.xml::1511451595465-63::R3.Corda: Executing Statement: liquibase.statement.core.AddForeignKeyConstraintStatement@5a866da5
14:02:02.015 [Test worker] DEBUG liquibase - master.changelog.json: migration/node-info.changelog-init.xml::1511451595465-63::R3.Corda: Executing EXECUTE database command: ALTER TABLE PUBLIC.node_info_hosts ADD CONSTRAINT FK__info_hosts__infos FOREIGN KEY (node_info_id) REFERENCES PUBLIC.node_infos (node_info_id)
14:02:02.033 [Test worker] INFO liquibase - master.changelog.json: migration/node-info.changelog-init.xml::1511451595465-63::R3.Corda: Foreign key constraint added to node_info_hosts (node_info_id)
14:02:02.033 [Test worker] INFO liquibase - master.changelog.json: migration/node-info.changelog-init.xml::1511451595465-63::R3.Corda: ChangeSet migration/node-info.changelog-init.xml::1511451595465-63::R3.Corda ran successfully in 23ms
14:02:02.057 [Test worker] DEBUG liquibase - master.changelog.json: migration/node-info.changelog-init.xml::1511451595465-63::R3.Corda: Executing EXECUTE database command: INSERT INTO PUBLIC.DATABASECHANGELOG (ID, AUTHOR, FILENAME, DATEEXECUTED, ORDEREXECUTED, MD5SUM, DESCRIPTION, COMMENTS, EXECTYPE, CONTEXTS, LABELS, LIQUIBASE, DEPLOYMENT_ID) VALUES ('1511451595465-63', 'R3.Corda', 'migration/node-info.changelog-init.xml', NOW(), 37, '7:6ea0c3bb234d14956401b6b281531832', 'addForeignKeyConstraint baseTableName=node_info_hosts, constraintName=FK__info_hosts__infos, referencedTableName=node_infos', '', 'EXECUTED', NULL, NULL, '3.5.4', '0860121299')
14:02:02.059 [Test worker] DEBUG liquibase - master.changelog.json: migration/node-info.changelog-init.xml::remove_host_port_pk::R3.Corda: Running Changeset:migration/node-info.changelog-init.xml::remove_host_port_pk::R3.Corda
14:02:02.059 [Test worker] DEBUG liquibase - master.changelog.json: migration/node-info.changelog-init.xml::remove_host_port_pk::R3.Corda: Changeset migration/node-info.changelog-init.xml::remove_host_port_pk::R3.Corda
14:02:02.059 [Test worker] DEBUG liquibase - master.changelog.json: migration/node-info.changelog-init.xml::remove_host_port_pk::R3.Corda: Reading ChangeSet: migration/node-info.changelog-init.xml::remove_host_port_pk::R3.Corda
14:02:02.059 [Test worker] DEBUG liquibase - master.changelog.json: migration/node-info.changelog-init.xml::remove_host_port_pk::R3.Corda: Executing Statement: liquibase.statement.core.DeleteStatement@96a3cea
14:02:02.059 [Test worker] DEBUG liquibase - master.changelog.json: migration/node-info.changelog-init.xml::remove_host_port_pk::R3.Corda: Executing EXECUTE database command: DELETE FROM PUBLIC.node_infos
14:02:02.060 [Test worker] INFO liquibase - master.changelog.json: migration/node-info.changelog-init.xml::remove_host_port_pk::R3.Corda: Data deleted from node_infos
14:02:02.060 [Test worker] DEBUG liquibase - master.changelog.json: migration/node-info.changelog-init.xml::remove_host_port_pk::R3.Corda: Executing Statement: liquibase.statement.core.DeleteStatement@7e7eec8b
14:02:02.060 [Test worker] DEBUG liquibase - master.changelog.json: migration/node-info.changelog-init.xml::remove_host_port_pk::R3.Corda: Executing EXECUTE database command: DELETE FROM PUBLIC.node_link_nodeinfo_party
14:02:02.060 [Test worker] INFO liquibase - master.changelog.json: migration/node-info.changelog-init.xml::remove_host_port_pk::R3.Corda: Data deleted from node_link_nodeinfo_party
14:02:02.060 [Test worker] DEBUG liquibase - master.changelog.json: migration/node-info.changelog-init.xml::remove_host_port_pk::R3.Corda: Executing Statement: liquibase.statement.core.DeleteStatement@3d7e38a3
14:02:02.061 [Test worker] DEBUG liquibase - master.changelog.json: migration/node-info.changelog-init.xml::remove_host_port_pk::R3.Corda: Executing EXECUTE database command: DELETE FROM PUBLIC.node_info_hosts
14:02:02.061 [Test worker] INFO liquibase - master.changelog.json: migration/node-info.changelog-init.xml::remove_host_port_pk::R3.Corda: Data deleted from node_info_hosts
14:02:02.061 [Test worker] DEBUG liquibase - master.changelog.json: migration/node-info.changelog-init.xml::remove_host_port_pk::R3.Corda: Executing Statement: liquibase.statement.core.DeleteStatement@787d79b5
14:02:02.061 [Test worker] DEBUG liquibase - master.changelog.json: migration/node-info.changelog-init.xml::remove_host_port_pk::R3.Corda: Executing EXECUTE database command: DELETE FROM PUBLIC.node_info_party_cert
14:02:02.061 [Test worker] INFO liquibase - master.changelog.json: migration/node-info.changelog-init.xml::remove_host_port_pk::R3.Corda: Data deleted from node_info_party_cert
14:02:02.061 [Test worker] DEBUG liquibase - master.changelog.json: migration/node-info.changelog-init.xml::remove_host_port_pk::R3.Corda: Executing Statement: liquibase.statement.core.DropPrimaryKeyStatement@20a8973c
14:02:02.062 [Test worker] DEBUG liquibase - master.changelog.json: migration/node-info.changelog-init.xml::remove_host_port_pk::R3.Corda: Executing EXECUTE database command: ALTER TABLE PUBLIC.node_info_hosts DROP PRIMARY KEY
14:02:02.063 [Test worker] INFO liquibase - master.changelog.json: migration/node-info.changelog-init.xml::remove_host_port_pk::R3.Corda: Primary key dropped from node_info_hosts
14:02:02.063 [Test worker] DEBUG liquibase - master.changelog.json: migration/node-info.changelog-init.xml::remove_host_port_pk::R3.Corda: Executing Statement: liquibase.statement.core.AddColumnStatement@62b97a31
14:02:02.063 [Test worker] DEBUG liquibase - master.changelog.json: migration/node-info.changelog-init.xml::remove_host_port_pk::R3.Corda: Executing EXECUTE database command: ALTER TABLE PUBLIC.node_info_hosts ADD hosts_id INT NOT NULL
14:02:02.071 [Test worker] INFO liquibase - master.changelog.json: migration/node-info.changelog-init.xml::remove_host_port_pk::R3.Corda: Columns hosts_id(INT) added to node_info_hosts
14:02:02.071 [Test worker] DEBUG liquibase - master.changelog.json: migration/node-info.changelog-init.xml::remove_host_port_pk::R3.Corda: Executing Statement: liquibase.statement.core.AddPrimaryKeyStatement@457f3da
14:02:02.071 [Test worker] DEBUG liquibase - master.changelog.json: migration/node-info.changelog-init.xml::remove_host_port_pk::R3.Corda: Executing EXECUTE database command: ALTER TABLE PUBLIC.node_info_hosts ADD CONSTRAINT node_info_hosts_pkey_id PRIMARY KEY (hosts_id)
14:02:02.072 [Test worker] INFO liquibase - master.changelog.json: migration/node-info.changelog-init.xml::remove_host_port_pk::R3.Corda: Primary key added to node_info_hosts (hosts_id)
14:02:02.072 [Test worker] INFO liquibase - master.changelog.json: migration/node-info.changelog-init.xml::remove_host_port_pk::R3.Corda: ChangeSet migration/node-info.changelog-init.xml::remove_host_port_pk::R3.Corda ran successfully in 13ms
14:02:02.074 [Test worker] DEBUG liquibase - master.changelog.json: migration/node-info.changelog-init.xml::remove_host_port_pk::R3.Corda: Executing EXECUTE database command: INSERT INTO PUBLIC.DATABASECHANGELOG (ID, AUTHOR, FILENAME, DATEEXECUTED, ORDEREXECUTED, MD5SUM, DESCRIPTION, COMMENTS, EXECTYPE, CONTEXTS, LABELS, LIQUIBASE, DEPLOYMENT_ID) VALUES ('remove_host_port_pk', 'R3.Corda', 'migration/node-info.changelog-init.xml', NOW(), 38, '7:cb733f12ced82860fd296bb0c94c5072', 'delete tableName=node_infos; delete tableName=node_link_nodeinfo_party; delete tableName=node_info_hosts; delete tableName=node_info_party_cert; dropPrimaryKey constraintName=node_info_hosts_pkey, tableName=node_info_hosts; addColumn tableName=nod...', '', 'EXECUTED', NULL, NULL, '3.5.4', '0860121299')
14:02:02.075 [Test worker] DEBUG liquibase - master.changelog.json: migration/node-info.changelog-v1.xml::key/value node properties table::R3.Corda: Running Changeset:migration/node-info.changelog-v1.xml::key/value node properties table::R3.Corda
14:02:02.075 [Test worker] DEBUG liquibase - master.changelog.json: migration/node-info.changelog-v1.xml::key/value node properties table::R3.Corda: Changeset migration/node-info.changelog-v1.xml::key/value node properties table::R3.Corda
14:02:02.075 [Test worker] DEBUG liquibase - master.changelog.json: migration/node-info.changelog-v1.xml::key/value node properties table::R3.Corda: Reading ChangeSet: migration/node-info.changelog-v1.xml::key/value node properties table::R3.Corda
14:02:02.076 [Test worker] DEBUG liquibase - master.changelog.json: migration/node-info.changelog-v1.xml::key/value node properties table::R3.Corda: Executing Statement: liquibase.statement.core.CreateTableStatement@1ae7c041
14:02:02.076 [Test worker] DEBUG liquibase - master.changelog.json: migration/node-info.changelog-v1.xml::key/value node properties table::R3.Corda: Executing EXECUTE database command: CREATE TABLE PUBLIC.node_properties (property_key NVARCHAR(255) NOT NULL, property_value NVARCHAR(255))
14:02:02.076 [Test worker] INFO liquibase - master.changelog.json: migration/node-info.changelog-v1.xml::key/value node properties table::R3.Corda: Table node_properties created
14:02:02.076 [Test worker] INFO liquibase - master.changelog.json: migration/node-info.changelog-v1.xml::key/value node properties table::R3.Corda: ChangeSet migration/node-info.changelog-v1.xml::key/value node properties table::R3.Corda ran successfully in 1ms
14:02:02.077 [Test worker] DEBUG liquibase - master.changelog.json: migration/node-info.changelog-v1.xml::key/value node properties table::R3.Corda: Executing EXECUTE database command: INSERT INTO PUBLIC.DATABASECHANGELOG (ID, AUTHOR, FILENAME, DATEEXECUTED, ORDEREXECUTED, MD5SUM, DESCRIPTION, COMMENTS, EXECTYPE, CONTEXTS, LABELS, LIQUIBASE, DEPLOYMENT_ID) VALUES ('key/value node properties table', 'R3.Corda', 'migration/node-info.changelog-v1.xml', NOW(), 39, '7:05241b402dd60a4e1eeb86ad6c5eff9e', 'createTable tableName=node_properties', '', 'EXECUTED', NULL, NULL, '3.5.4', '0860121299')
14:02:02.078 [Test worker] DEBUG liquibase - master.changelog.json: migration/node-info.changelog-v2.xml::1525962920::R3.Corda: Running Changeset:migration/node-info.changelog-v2.xml::1525962920::R3.Corda
14:02:02.078 [Test worker] DEBUG liquibase - master.changelog.json: migration/node-info.changelog-v2.xml::1525962920::R3.Corda: Changeset migration/node-info.changelog-v2.xml::1525962920::R3.Corda
14:02:02.078 [Test worker] DEBUG liquibase - master.changelog.json: migration/node-info.changelog-v2.xml::1525962920::R3.Corda: Reading ChangeSet: migration/node-info.changelog-v2.xml::1525962920::R3.Corda
14:02:02.078 [Test worker] DEBUG liquibase - master.changelog.json: migration/node-info.changelog-v2.xml::1525962920::R3.Corda: Executing Statement: liquibase.statement.core.SetNullableStatement@6d895bd6
14:02:02.079 [Test worker] DEBUG liquibase - master.changelog.json: migration/node-info.changelog-v2.xml::1525962920::R3.Corda: Executing EXECUTE database command: ALTER TABLE PUBLIC.node_infos ALTER COLUMN node_info_hash SET NOT NULL
14:02:02.079 [Test worker] INFO liquibase - master.changelog.json: migration/node-info.changelog-v2.xml::1525962920::R3.Corda: Null constraint has been added to node_infos.node_info_hash
14:02:02.079 [Test worker] DEBUG liquibase - master.changelog.json: migration/node-info.changelog-v2.xml::1525962920::R3.Corda: Executing Statement: liquibase.statement.core.SetNullableStatement@53222080
14:02:02.080 [Test worker] DEBUG liquibase - master.changelog.json: migration/node-info.changelog-v2.xml::1525962920::R3.Corda: Executing EXECUTE database command: ALTER TABLE PUBLIC.node_infos ALTER COLUMN platform_version SET NOT NULL
14:02:02.081 [Test worker] INFO liquibase - master.changelog.json: migration/node-info.changelog-v2.xml::1525962920::R3.Corda: Null constraint has been added to node_infos.platform_version
14:02:02.081 [Test worker] DEBUG liquibase - master.changelog.json: migration/node-info.changelog-v2.xml::1525962920::R3.Corda: Executing Statement: liquibase.statement.core.SetNullableStatement@4f44616d
14:02:02.081 [Test worker] DEBUG liquibase - master.changelog.json: migration/node-info.changelog-v2.xml::1525962920::R3.Corda: Executing EXECUTE database command: ALTER TABLE PUBLIC.node_infos ALTER COLUMN serial SET NOT NULL
14:02:02.081 [Test worker] INFO liquibase - master.changelog.json: migration/node-info.changelog-v2.xml::1525962920::R3.Corda: Null constraint has been added to node_infos.serial
14:02:02.081 [Test worker] DEBUG liquibase - master.changelog.json: migration/node-info.changelog-v2.xml::1525962920::R3.Corda: Executing Statement: liquibase.statement.core.SetNullableStatement@62e29e3b
14:02:02.082 [Test worker] DEBUG liquibase - master.changelog.json: migration/node-info.changelog-v2.xml::1525962920::R3.Corda: Executing EXECUTE database command: ALTER TABLE PUBLIC.node_info_hosts ALTER COLUMN host SET NULL
14:02:02.082 [Test worker] INFO liquibase - master.changelog.json: migration/node-info.changelog-v2.xml::1525962920::R3.Corda: Null constraint dropped from node_info_hosts.host
14:02:02.082 [Test worker] DEBUG liquibase - master.changelog.json: migration/node-info.changelog-v2.xml::1525962920::R3.Corda: Executing Statement: liquibase.statement.core.SetNullableStatement@2c1a54c1
14:02:02.082 [Test worker] DEBUG liquibase - master.changelog.json: migration/node-info.changelog-v2.xml::1525962920::R3.Corda: Executing EXECUTE database command: ALTER TABLE PUBLIC.node_info_hosts ALTER COLUMN port SET NULL
14:02:02.082 [Test worker] INFO liquibase - master.changelog.json: migration/node-info.changelog-v2.xml::1525962920::R3.Corda: Null constraint dropped from node_info_hosts.port
14:02:02.083 [Test worker] DEBUG liquibase - master.changelog.json: migration/node-info.changelog-v2.xml::1525962920::R3.Corda: Executing Statement: liquibase.statement.core.SetNullableStatement@40b91726
14:02:02.083 [Test worker] DEBUG liquibase - master.changelog.json: migration/node-info.changelog-v2.xml::1525962920::R3.Corda: Executing EXECUTE database command: ALTER TABLE PUBLIC.node_info_party_cert ALTER COLUMN owning_key_hash SET NOT NULL
14:02:02.083 [Test worker] INFO liquibase - master.changelog.json: migration/node-info.changelog-v2.xml::1525962920::R3.Corda: Null constraint has been added to node_info_party_cert.owning_key_hash
14:02:02.083 [Test worker] DEBUG liquibase - master.changelog.json: migration/node-info.changelog-v2.xml::1525962920::R3.Corda: Executing Statement: liquibase.statement.core.SetNullableStatement@22aae61a
14:02:02.084 [Test worker] DEBUG liquibase - master.changelog.json: migration/node-info.changelog-v2.xml::1525962920::R3.Corda: Executing EXECUTE database command: ALTER TABLE PUBLIC.node_info_party_cert ALTER COLUMN party_cert_binary SET NOT NULL
14:02:02.084 [Test worker] INFO liquibase - master.changelog.json: migration/node-info.changelog-v2.xml::1525962920::R3.Corda: Null constraint has been added to node_info_party_cert.party_cert_binary
14:02:02.084 [Test worker] INFO liquibase - master.changelog.json: migration/node-info.changelog-v2.xml::1525962920::R3.Corda: ChangeSet migration/node-info.changelog-v2.xml::1525962920::R3.Corda ran successfully in 6ms
14:02:02.086 [Test worker] DEBUG liquibase - master.changelog.json: migration/node-info.changelog-v2.xml::1525962920::R3.Corda: Executing EXECUTE database command: INSERT INTO PUBLIC.DATABASECHANGELOG (ID, AUTHOR, FILENAME, DATEEXECUTED, ORDEREXECUTED, MD5SUM, DESCRIPTION, COMMENTS, EXECTYPE, CONTEXTS, LABELS, LIQUIBASE, DEPLOYMENT_ID) VALUES ('1525962920', 'R3.Corda', 'migration/node-info.changelog-v2.xml', NOW(), 40, '7:c3fd83668d5ed4acdefcad3f90944935', 'addNotNullConstraint columnName=node_info_hash, tableName=node_infos; addNotNullConstraint columnName=platform_version, tableName=node_infos; addNotNullConstraint columnName=serial, tableName=node_infos; dropNotNullConstraint columnName=host, tabl...', '', 'EXECUTED', NULL, NULL, '3.5.4', '0860121299')
14:02:02.088 [Test worker] DEBUG liquibase - master.changelog.json: migration/node-info.changelog-v3.xml::column_host_name::R3.Corda: Running Changeset:migration/node-info.changelog-v3.xml::column_host_name::R3.Corda
14:02:02.088 [Test worker] DEBUG liquibase - master.changelog.json: migration/node-info.changelog-v3.xml::column_host_name::R3.Corda: Changeset migration/node-info.changelog-v3.xml::column_host_name::R3.Corda
14:02:02.088 [Test worker] DEBUG liquibase - master.changelog.json: migration/node-info.changelog-v3.xml::column_host_name::R3.Corda: Reading ChangeSet: migration/node-info.changelog-v3.xml::column_host_name::R3.Corda
14:02:02.088 [Test worker] DEBUG liquibase - master.changelog.json: migration/node-info.changelog-v3.xml::column_host_name::R3.Corda: Executing Statement: liquibase.statement.core.RenameColumnStatement@7c10c468
14:02:02.089 [Test worker] DEBUG liquibase - master.changelog.json: migration/node-info.changelog-v3.xml::column_host_name::R3.Corda: Executing EXECUTE database command: ALTER TABLE PUBLIC.node_info_hosts ALTER COLUMN host RENAME TO host_name
14:02:02.090 [Test worker] INFO liquibase - master.changelog.json: migration/node-info.changelog-v3.xml::column_host_name::R3.Corda: Column node_info_hosts.host renamed to host_name
14:02:02.091 [Test worker] INFO liquibase - master.changelog.json: migration/node-info.changelog-v3.xml::column_host_name::R3.Corda: ChangeSet migration/node-info.changelog-v3.xml::column_host_name::R3.Corda ran successfully in 3ms
14:02:02.095 [Test worker] DEBUG liquibase - master.changelog.json: migration/node-info.changelog-v3.xml::column_host_name::R3.Corda: Executing EXECUTE database command: INSERT INTO PUBLIC.DATABASECHANGELOG (ID, AUTHOR, FILENAME, DATEEXECUTED, ORDEREXECUTED, MD5SUM, DESCRIPTION, COMMENTS, EXECTYPE, CONTEXTS, LABELS, LIQUIBASE, DEPLOYMENT_ID) VALUES ('column_host_name', 'R3.Corda', 'migration/node-info.changelog-v3.xml', NOW(), 41, '7:fc4ceb3b82e44070da1fff49a7b5cccb', 'renameColumn newColumnName=host_name, oldColumnName=host, tableName=node_info_hosts', '', 'EXECUTED', NULL, NULL, '3.5.4', '0860121299')
14:02:02.097 [Test worker] DEBUG liquibase - master.changelog.json: migration/node-services.changelog-init.xml::1511451595465-5::R3.Corda: Running Changeset:migration/node-services.changelog-init.xml::1511451595465-5::R3.Corda
14:02:02.097 [Test worker] DEBUG liquibase - master.changelog.json: migration/node-services.changelog-init.xml::1511451595465-5::R3.Corda: Changeset migration/node-services.changelog-init.xml::1511451595465-5::R3.Corda
14:02:02.097 [Test worker] DEBUG liquibase - master.changelog.json: migration/node-services.changelog-init.xml::1511451595465-5::R3.Corda: Reading ChangeSet: migration/node-services.changelog-init.xml::1511451595465-5::R3.Corda
14:02:02.098 [Test worker] DEBUG liquibase - master.changelog.json: migration/node-services.changelog-init.xml::1511451595465-5::R3.Corda: Executing Statement: liquibase.statement.core.CreateTableStatement@28a301ac
14:02:02.099 [Test worker] DEBUG liquibase - master.changelog.json: migration/node-services.changelog-init.xml::1511451595465-5::R3.Corda: Executing EXECUTE database command: CREATE TABLE PUBLIC.node_attachments (att_id NVARCHAR(255) NOT NULL, content BLOB, filename NVARCHAR(255), insertion_date TIMESTAMP NOT NULL, uploader NVARCHAR(255))
14:02:02.100 [Test worker] INFO liquibase - master.changelog.json: migration/node-services.changelog-init.xml::1511451595465-5::R3.Corda: Table node_attachments created
14:02:02.100 [Test worker] INFO liquibase - master.changelog.json: migration/node-services.changelog-init.xml::1511451595465-5::R3.Corda: ChangeSet migration/node-services.changelog-init.xml::1511451595465-5::R3.Corda ran successfully in 3ms
14:02:02.108 [Test worker] DEBUG liquibase - master.changelog.json: migration/node-services.changelog-init.xml::1511451595465-5::R3.Corda: Executing EXECUTE database command: INSERT INTO PUBLIC.DATABASECHANGELOG (ID, AUTHOR, FILENAME, DATEEXECUTED, ORDEREXECUTED, MD5SUM, DESCRIPTION, COMMENTS, EXECTYPE, CONTEXTS, LABELS, LIQUIBASE, DEPLOYMENT_ID) VALUES ('1511451595465-5', 'R3.Corda', 'migration/node-services.changelog-init.xml', NOW(), 42, '7:464a5bbaf24fe78716c38c544dc81f3c', 'createTable tableName=node_attachments', '', 'EXECUTED', NULL, NULL, '3.5.4', '0860121299')
14:02:02.110 [Test worker] DEBUG liquibase - master.changelog.json: migration/node-services.changelog-init.xml::1511451595465-7::R3.Corda: Running Changeset:migration/node-services.changelog-init.xml::1511451595465-7::R3.Corda
14:02:02.111 [Test worker] DEBUG liquibase - master.changelog.json: migration/node-services.changelog-init.xml::1511451595465-7::R3.Corda: Changeset migration/node-services.changelog-init.xml::1511451595465-7::R3.Corda
14:02:02.111 [Test worker] DEBUG liquibase - master.changelog.json: migration/node-services.changelog-init.xml::1511451595465-7::R3.Corda: Reading ChangeSet: migration/node-services.changelog-init.xml::1511451595465-7::R3.Corda
14:02:02.112 [Test worker] DEBUG liquibase - master.changelog.json: migration/node-services.changelog-init.xml::1511451595465-7::R3.Corda: Executing Statement: liquibase.statement.core.CreateTableStatement@77159f42
14:02:02.113 [Test worker] DEBUG liquibase - master.changelog.json: migration/node-services.changelog-init.xml::1511451595465-7::R3.Corda: Executing EXECUTE database command: CREATE TABLE PUBLIC.node_checkpoints (checkpoint_id NVARCHAR(64) NOT NULL, checkpoint_value BLOB)
14:02:02.114 [Test worker] INFO liquibase - master.changelog.json: migration/node-services.changelog-init.xml::1511451595465-7::R3.Corda: Table node_checkpoints created
14:02:02.115 [Test worker] INFO liquibase - master.changelog.json: migration/node-services.changelog-init.xml::1511451595465-7::R3.Corda: ChangeSet migration/node-services.changelog-init.xml::1511451595465-7::R3.Corda ran successfully in 5ms
14:02:02.117 [Test worker] DEBUG liquibase - master.changelog.json: migration/node-services.changelog-init.xml::1511451595465-7::R3.Corda: Executing EXECUTE database command: INSERT INTO PUBLIC.DATABASECHANGELOG (ID, AUTHOR, FILENAME, DATEEXECUTED, ORDEREXECUTED, MD5SUM, DESCRIPTION, COMMENTS, EXECTYPE, CONTEXTS, LABELS, LIQUIBASE, DEPLOYMENT_ID) VALUES ('1511451595465-7', 'R3.Corda', 'migration/node-services.changelog-init.xml', NOW(), 43, '7:2870aa3a468e81bab1cd24ac70ca2163', 'createTable tableName=node_checkpoints', '', 'EXECUTED', NULL, NULL, '3.5.4', '0860121299')
14:02:02.118 [Test worker] DEBUG liquibase - master.changelog.json: migration/node-services.changelog-init.xml::1511451595465-8::R3.Corda: Running Changeset:migration/node-services.changelog-init.xml::1511451595465-8::R3.Corda
14:02:02.118 [Test worker] DEBUG liquibase - master.changelog.json: migration/node-services.changelog-init.xml::1511451595465-8::R3.Corda: Changeset migration/node-services.changelog-init.xml::1511451595465-8::R3.Corda
14:02:02.118 [Test worker] DEBUG liquibase - master.changelog.json: migration/node-services.changelog-init.xml::1511451595465-8::R3.Corda: Reading ChangeSet: migration/node-services.changelog-init.xml::1511451595465-8::R3.Corda
14:02:02.119 [Test worker] DEBUG liquibase - master.changelog.json: migration/node-services.changelog-init.xml::1511451595465-8::R3.Corda: Executing Statement: liquibase.statement.core.CreateTableStatement@2f044633
14:02:02.119 [Test worker] DEBUG liquibase - master.changelog.json: migration/node-services.changelog-init.xml::1511451595465-8::R3.Corda: Executing EXECUTE database command: CREATE TABLE PUBLIC.node_contract_upgrades (state_ref NVARCHAR(96) NOT NULL, contract_class_name NVARCHAR(255))
14:02:02.120 [Test worker] INFO liquibase - master.changelog.json: migration/node-services.changelog-init.xml::1511451595465-8::R3.Corda: Table node_contract_upgrades created
14:02:02.120 [Test worker] INFO liquibase - master.changelog.json: migration/node-services.changelog-init.xml::1511451595465-8::R3.Corda: ChangeSet migration/node-services.changelog-init.xml::1511451595465-8::R3.Corda ran successfully in 2ms
14:02:02.122 [Test worker] DEBUG liquibase - master.changelog.json: migration/node-services.changelog-init.xml::1511451595465-8::R3.Corda: Executing EXECUTE database command: INSERT INTO PUBLIC.DATABASECHANGELOG (ID, AUTHOR, FILENAME, DATEEXECUTED, ORDEREXECUTED, MD5SUM, DESCRIPTION, COMMENTS, EXECTYPE, CONTEXTS, LABELS, LIQUIBASE, DEPLOYMENT_ID) VALUES ('1511451595465-8', 'R3.Corda', 'migration/node-services.changelog-init.xml', NOW(), 44, '7:bf156b1c48e915e7d8090d5162e31c02', 'createTable tableName=node_contract_upgrades', '', 'EXECUTED', NULL, NULL, '3.5.4', '0860121299')
14:02:02.124 [Test worker] DEBUG liquibase - master.changelog.json: migration/node-services.changelog-init.xml::1511451595465-9::R3.Corda: Running Changeset:migration/node-services.changelog-init.xml::1511451595465-9::R3.Corda
14:02:02.124 [Test worker] DEBUG liquibase - master.changelog.json: migration/node-services.changelog-init.xml::1511451595465-9::R3.Corda: Changeset migration/node-services.changelog-init.xml::1511451595465-9::R3.Corda
14:02:02.124 [Test worker] DEBUG liquibase - master.changelog.json: migration/node-services.changelog-init.xml::1511451595465-9::R3.Corda: Reading ChangeSet: migration/node-services.changelog-init.xml::1511451595465-9::R3.Corda
14:02:02.125 [Test worker] DEBUG liquibase - master.changelog.json: migration/node-services.changelog-init.xml::1511451595465-9::R3.Corda: Executing Statement: liquibase.statement.core.CreateTableStatement@42a26261
14:02:02.125 [Test worker] DEBUG liquibase - master.changelog.json: migration/node-services.changelog-init.xml::1511451595465-9::R3.Corda: Executing EXECUTE database command: CREATE TABLE PUBLIC.node_identities (pk_hash NVARCHAR(130) NOT NULL, identity_value BLOB)
14:02:02.125 [Test worker] INFO liquibase - master.changelog.json: migration/node-services.changelog-init.xml::1511451595465-9::R3.Corda: Table node_identities created
14:02:02.125 [Test worker] INFO liquibase - master.changelog.json: migration/node-services.changelog-init.xml::1511451595465-9::R3.Corda: ChangeSet migration/node-services.changelog-init.xml::1511451595465-9::R3.Corda ran successfully in 1ms
14:02:02.127 [Test worker] DEBUG liquibase - master.changelog.json: migration/node-services.changelog-init.xml::1511451595465-9::R3.Corda: Executing EXECUTE database command: INSERT INTO PUBLIC.DATABASECHANGELOG (ID, AUTHOR, FILENAME, DATEEXECUTED, ORDEREXECUTED, MD5SUM, DESCRIPTION, COMMENTS, EXECTYPE, CONTEXTS, LABELS, LIQUIBASE, DEPLOYMENT_ID) VALUES ('1511451595465-9', 'R3.Corda', 'migration/node-services.changelog-init.xml', NOW(), 45, '7:ea04cf1cc4ea1112c4cbbf932bc51c56', 'createTable tableName=node_identities', '', 'EXECUTED', NULL, NULL, '3.5.4', '0860121299')
14:02:02.128 [Test worker] DEBUG liquibase - master.changelog.json: migration/node-services.changelog-init.xml::1511451595465-13::R3.Corda: Running Changeset:migration/node-services.changelog-init.xml::1511451595465-13::R3.Corda
14:02:02.128 [Test worker] DEBUG liquibase - master.changelog.json: migration/node-services.changelog-init.xml::1511451595465-13::R3.Corda: Changeset migration/node-services.changelog-init.xml::1511451595465-13::R3.Corda
14:02:02.128 [Test worker] DEBUG liquibase - master.changelog.json: migration/node-services.changelog-init.xml::1511451595465-13::R3.Corda: Reading ChangeSet: migration/node-services.changelog-init.xml::1511451595465-13::R3.Corda
14:02:02.128 [Test worker] DEBUG liquibase - master.changelog.json: migration/node-services.changelog-init.xml::1511451595465-13::R3.Corda: Executing Statement: liquibase.statement.core.CreateTableStatement@60e63982
14:02:02.129 [Test worker] DEBUG liquibase - master.changelog.json: migration/node-services.changelog-init.xml::1511451595465-13::R3.Corda: Executing EXECUTE database command: CREATE TABLE PUBLIC.node_message_ids (message_id NVARCHAR(64) NOT NULL, insertion_time TIMESTAMP)
14:02:02.129 [Test worker] INFO liquibase - master.changelog.json: migration/node-services.changelog-init.xml::1511451595465-13::R3.Corda: Table node_message_ids created
14:02:02.129 [Test worker] INFO liquibase - master.changelog.json: migration/node-services.changelog-init.xml::1511451595465-13::R3.Corda: ChangeSet migration/node-services.changelog-init.xml::1511451595465-13::R3.Corda ran successfully in 1ms
14:02:02.130 [Test worker] DEBUG liquibase - master.changelog.json: migration/node-services.changelog-init.xml::1511451595465-13::R3.Corda: Executing EXECUTE database command: INSERT INTO PUBLIC.DATABASECHANGELOG (ID, AUTHOR, FILENAME, DATEEXECUTED, ORDEREXECUTED, MD5SUM, DESCRIPTION, COMMENTS, EXECTYPE, CONTEXTS, LABELS, LIQUIBASE, DEPLOYMENT_ID) VALUES ('1511451595465-13', 'R3.Corda', 'migration/node-services.changelog-init.xml', NOW(), 46, '7:340ca6c0b7c87b663b0449535b082f80', 'createTable tableName=node_message_ids', '', 'EXECUTED', NULL, NULL, '3.5.4', '0860121299')
14:02:02.131 [Test worker] DEBUG liquibase - master.changelog.json: migration/node-services.changelog-init.xml::1511451595465-14::R3.Corda: Running Changeset:migration/node-services.changelog-init.xml::1511451595465-14::R3.Corda
14:02:02.131 [Test worker] DEBUG liquibase - master.changelog.json: migration/node-services.changelog-init.xml::1511451595465-14::R3.Corda: Changeset migration/node-services.changelog-init.xml::1511451595465-14::R3.Corda
14:02:02.131 [Test worker] DEBUG liquibase - master.changelog.json: migration/node-services.changelog-init.xml::1511451595465-14::R3.Corda: Reading ChangeSet: migration/node-services.changelog-init.xml::1511451595465-14::R3.Corda
14:02:02.131 [Test worker] DEBUG liquibase - master.changelog.json: migration/node-services.changelog-init.xml::1511451595465-14::R3.Corda: Executing Statement: liquibase.statement.core.CreateTableStatement@6d682364
14:02:02.131 [Test worker] DEBUG liquibase - master.changelog.json: migration/node-services.changelog-init.xml::1511451595465-14::R3.Corda: Executing EXECUTE database command: CREATE TABLE PUBLIC.node_message_retry (message_id BIGINT NOT NULL, message BLOB, recipients BLOB)
14:02:02.132 [Test worker] INFO liquibase - master.changelog.json: migration/node-services.changelog-init.xml::1511451595465-14::R3.Corda: Table node_message_retry created
14:02:02.132 [Test worker] INFO liquibase - master.changelog.json: migration/node-services.changelog-init.xml::1511451595465-14::R3.Corda: ChangeSet migration/node-services.changelog-init.xml::1511451595465-14::R3.Corda ran successfully in 1ms
14:02:02.134 [Test worker] DEBUG liquibase - master.changelog.json: migration/node-services.changelog-init.xml::1511451595465-14::R3.Corda: Executing EXECUTE database command: INSERT INTO PUBLIC.DATABASECHANGELOG (ID, AUTHOR, FILENAME, DATEEXECUTED, ORDEREXECUTED, MD5SUM, DESCRIPTION, COMMENTS, EXECTYPE, CONTEXTS, LABELS, LIQUIBASE, DEPLOYMENT_ID) VALUES ('1511451595465-14', 'R3.Corda', 'migration/node-services.changelog-init.xml', NOW(), 47, '7:1dc64c73807569fb04c10a9b2d760ff0', 'createTable tableName=node_message_retry', '', 'EXECUTED', NULL, NULL, '3.5.4', '0860121299')
14:02:02.134 [Test worker] DEBUG liquibase - master.changelog.json: migration/node-services.changelog-init.xml::1511451595465-15::R3.Corda: Running Changeset:migration/node-services.changelog-init.xml::1511451595465-15::R3.Corda
14:02:02.134 [Test worker] DEBUG liquibase - master.changelog.json: migration/node-services.changelog-init.xml::1511451595465-15::R3.Corda: Changeset migration/node-services.changelog-init.xml::1511451595465-15::R3.Corda
14:02:02.134 [Test worker] DEBUG liquibase - master.changelog.json: migration/node-services.changelog-init.xml::1511451595465-15::R3.Corda: Reading ChangeSet: migration/node-services.changelog-init.xml::1511451595465-15::R3.Corda
14:02:02.135 [Test worker] DEBUG liquibase - master.changelog.json: migration/node-services.changelog-init.xml::1511451595465-15::R3.Corda: Executing Statement: liquibase.statement.core.CreateTableStatement@307fe9
14:02:02.135 [Test worker] DEBUG liquibase - master.changelog.json: migration/node-services.changelog-init.xml::1511451595465-15::R3.Corda: Executing EXECUTE database command: CREATE TABLE PUBLIC.node_named_identities (name NVARCHAR(128) NOT NULL, pk_hash NVARCHAR(130))
14:02:02.135 [Test worker] INFO liquibase - master.changelog.json: migration/node-services.changelog-init.xml::1511451595465-15::R3.Corda: Table node_named_identities created
14:02:02.135 [Test worker] INFO liquibase - master.changelog.json: migration/node-services.changelog-init.xml::1511451595465-15::R3.Corda: ChangeSet migration/node-services.changelog-init.xml::1511451595465-15::R3.Corda ran successfully in 1ms
14:02:02.138 [Test worker] DEBUG liquibase - master.changelog.json: migration/node-services.changelog-init.xml::1511451595465-15::R3.Corda: Executing EXECUTE database command: INSERT INTO PUBLIC.DATABASECHANGELOG (ID, AUTHOR, FILENAME, DATEEXECUTED, ORDEREXECUTED, MD5SUM, DESCRIPTION, COMMENTS, EXECTYPE, CONTEXTS, LABELS, LIQUIBASE, DEPLOYMENT_ID) VALUES ('1511451595465-15', 'R3.Corda', 'migration/node-services.changelog-init.xml', NOW(), 48, '7:108b7d395f7fb3cfc8ce4e364c4008a5', 'createTable tableName=node_named_identities', '', 'EXECUTED', NULL, NULL, '3.5.4', '0860121299')
14:02:02.139 [Test worker] DEBUG liquibase - master.changelog.json: migration/node-services.changelog-init.xml::1511451595465-17::R3.Corda: Running Changeset:migration/node-services.changelog-init.xml::1511451595465-17::R3.Corda
14:02:02.139 [Test worker] DEBUG liquibase - master.changelog.json: migration/node-services.changelog-init.xml::1511451595465-17::R3.Corda: Changeset migration/node-services.changelog-init.xml::1511451595465-17::R3.Corda
14:02:02.139 [Test worker] DEBUG liquibase - master.changelog.json: migration/node-services.changelog-init.xml::1511451595465-17::R3.Corda: Reading ChangeSet: migration/node-services.changelog-init.xml::1511451595465-17::R3.Corda
14:02:02.139 [Test worker] DEBUG liquibase - master.changelog.json: migration/node-services.changelog-init.xml::1511451595465-17::R3.Corda: Executing Statement: liquibase.statement.core.CreateTableStatement@188bcdd7
14:02:02.140 [Test worker] DEBUG liquibase - master.changelog.json: migration/node-services.changelog-init.xml::1511451595465-17::R3.Corda: Executing EXECUTE database command: CREATE TABLE PUBLIC.node_our_key_pairs (public_key_hash NVARCHAR(130) NOT NULL, private_key BLOB, public_key BLOB)
14:02:02.140 [Test worker] INFO liquibase - master.changelog.json: migration/node-services.changelog-init.xml::1511451595465-17::R3.Corda: Table node_our_key_pairs created
14:02:02.140 [Test worker] INFO liquibase - master.changelog.json: migration/node-services.changelog-init.xml::1511451595465-17::R3.Corda: ChangeSet migration/node-services.changelog-init.xml::1511451595465-17::R3.Corda ran successfully in 1ms
14:02:02.142 [Test worker] DEBUG liquibase - master.changelog.json: migration/node-services.changelog-init.xml::1511451595465-17::R3.Corda: Executing EXECUTE database command: INSERT INTO PUBLIC.DATABASECHANGELOG (ID, AUTHOR, FILENAME, DATEEXECUTED, ORDEREXECUTED, MD5SUM, DESCRIPTION, COMMENTS, EXECTYPE, CONTEXTS, LABELS, LIQUIBASE, DEPLOYMENT_ID) VALUES ('1511451595465-17', 'R3.Corda', 'migration/node-services.changelog-init.xml', NOW(), 49, '7:a8b4ae7170f56f1df8a23b530bef4dd1', 'createTable tableName=node_our_key_pairs', '', 'EXECUTED', NULL, NULL, '3.5.4', '0860121299')
14:02:02.142 [Test worker] DEBUG liquibase - master.changelog.json: migration/node-services.changelog-init.xml::1511451595465-19::R3.Corda: Running Changeset:migration/node-services.changelog-init.xml::1511451595465-19::R3.Corda
14:02:02.142 [Test worker] DEBUG liquibase - master.changelog.json: migration/node-services.changelog-init.xml::1511451595465-19::R3.Corda: Changeset migration/node-services.changelog-init.xml::1511451595465-19::R3.Corda
14:02:02.142 [Test worker] DEBUG liquibase - master.changelog.json: migration/node-services.changelog-init.xml::1511451595465-19::R3.Corda: Reading ChangeSet: migration/node-services.changelog-init.xml::1511451595465-19::R3.Corda
14:02:02.143 [Test worker] DEBUG liquibase - master.changelog.json: migration/node-services.changelog-init.xml::1511451595465-19::R3.Corda: Executing Statement: liquibase.statement.core.CreateTableStatement@70dbd734
14:02:02.143 [Test worker] DEBUG liquibase - master.changelog.json: migration/node-services.changelog-init.xml::1511451595465-19::R3.Corda: Executing EXECUTE database command: CREATE TABLE PUBLIC.node_scheduled_states (output_index INT NOT NULL, transaction_id NVARCHAR(64) NOT NULL, scheduled_at TIMESTAMP NOT NULL)
14:02:02.143 [Test worker] INFO liquibase - master.changelog.json: migration/node-services.changelog-init.xml::1511451595465-19::R3.Corda: Table node_scheduled_states created
14:02:02.143 [Test worker] INFO liquibase - master.changelog.json: migration/node-services.changelog-init.xml::1511451595465-19::R3.Corda: ChangeSet migration/node-services.changelog-init.xml::1511451595465-19::R3.Corda ran successfully in 1ms
14:02:02.163 [Test worker] DEBUG liquibase - master.changelog.json: migration/node-services.changelog-init.xml::1511451595465-19::R3.Corda: Executing EXECUTE database command: INSERT INTO PUBLIC.DATABASECHANGELOG (ID, AUTHOR, FILENAME, DATEEXECUTED, ORDEREXECUTED, MD5SUM, DESCRIPTION, COMMENTS, EXECTYPE, CONTEXTS, LABELS, LIQUIBASE, DEPLOYMENT_ID) VALUES ('1511451595465-19', 'R3.Corda', 'migration/node-services.changelog-init.xml', NOW(), 50, '7:2aaf3df7bdbea9c71aa8bea4e14f11ef', 'createTable tableName=node_scheduled_states', '', 'EXECUTED', NULL, NULL, '3.5.4', '0860121299')
14:02:02.165 [Test worker] DEBUG liquibase - master.changelog.json: migration/node-services.changelog-init.xml::1511451595465-20::R3.Corda: Running Changeset:migration/node-services.changelog-init.xml::1511451595465-20::R3.Corda
14:02:02.165 [Test worker] DEBUG liquibase - master.changelog.json: migration/node-services.changelog-init.xml::1511451595465-20::R3.Corda: Changeset migration/node-services.changelog-init.xml::1511451595465-20::R3.Corda
14:02:02.165 [Test worker] DEBUG liquibase - master.changelog.json: migration/node-services.changelog-init.xml::1511451595465-20::R3.Corda: Reading ChangeSet: migration/node-services.changelog-init.xml::1511451595465-20::R3.Corda
14:02:02.165 [Test worker] DEBUG liquibase - master.changelog.json: migration/node-services.changelog-init.xml::1511451595465-20::R3.Corda: Executing Statement: liquibase.statement.core.CreateTableStatement@5f6250ec
14:02:02.166 [Test worker] DEBUG liquibase - master.changelog.json: migration/node-services.changelog-init.xml::1511451595465-20::R3.Corda: Executing EXECUTE database command: CREATE TABLE PUBLIC.node_transaction_mappings (tx_id NVARCHAR(64) NOT NULL, state_machine_run_id NVARCHAR(36))
14:02:02.168 [Test worker] INFO liquibase - master.changelog.json: migration/node-services.changelog-init.xml::1511451595465-20::R3.Corda: Table node_transaction_mappings created
14:02:02.168 [Test worker] INFO liquibase - master.changelog.json: migration/node-services.changelog-init.xml::1511451595465-20::R3.Corda: ChangeSet migration/node-services.changelog-init.xml::1511451595465-20::R3.Corda ran successfully in 3ms
14:02:02.170 [Test worker] DEBUG liquibase - master.changelog.json: migration/node-services.changelog-init.xml::1511451595465-20::R3.Corda: Executing EXECUTE database command: INSERT INTO PUBLIC.DATABASECHANGELOG (ID, AUTHOR, FILENAME, DATEEXECUTED, ORDEREXECUTED, MD5SUM, DESCRIPTION, COMMENTS, EXECTYPE, CONTEXTS, LABELS, LIQUIBASE, DEPLOYMENT_ID) VALUES ('1511451595465-20', 'R3.Corda', 'migration/node-services.changelog-init.xml', NOW(), 51, '7:f003464d28fe934c636b24e7c72d9c27', 'createTable tableName=node_transaction_mappings', '', 'EXECUTED', NULL, NULL, '3.5.4', '0860121299')
14:02:02.170 [Test worker] DEBUG liquibase - master.changelog.json: migration/node-services.changelog-init.xml::1511451595465-21::R3.Corda: Running Changeset:migration/node-services.changelog-init.xml::1511451595465-21::R3.Corda
14:02:02.171 [Test worker] DEBUG liquibase - master.changelog.json: migration/node-services.changelog-init.xml::1511451595465-21::R3.Corda: Changeset migration/node-services.changelog-init.xml::1511451595465-21::R3.Corda
14:02:02.171 [Test worker] DEBUG liquibase - master.changelog.json: migration/node-services.changelog-init.xml::1511451595465-21::R3.Corda: Reading ChangeSet: migration/node-services.changelog-init.xml::1511451595465-21::R3.Corda
14:02:02.171 [Test worker] DEBUG liquibase - master.changelog.json: migration/node-services.changelog-init.xml::1511451595465-21::R3.Corda: Executing Statement: liquibase.statement.core.CreateTableStatement@1f4443ab
14:02:02.171 [Test worker] DEBUG liquibase - master.changelog.json: migration/node-services.changelog-init.xml::1511451595465-21::R3.Corda: Executing EXECUTE database command: CREATE TABLE PUBLIC.node_transactions (tx_id NVARCHAR(64) NOT NULL, transaction_value BLOB)
14:02:02.172 [Test worker] INFO liquibase - master.changelog.json: migration/node-services.changelog-init.xml::1511451595465-21::R3.Corda: Table node_transactions created
14:02:02.172 [Test worker] INFO liquibase - master.changelog.json: migration/node-services.changelog-init.xml::1511451595465-21::R3.Corda: ChangeSet migration/node-services.changelog-init.xml::1511451595465-21::R3.Corda ran successfully in 1ms
14:02:02.174 [Test worker] DEBUG liquibase - master.changelog.json: migration/node-services.changelog-init.xml::1511451595465-21::R3.Corda: Executing EXECUTE database command: INSERT INTO PUBLIC.DATABASECHANGELOG (ID, AUTHOR, FILENAME, DATEEXECUTED, ORDEREXECUTED, MD5SUM, DESCRIPTION, COMMENTS, EXECTYPE, CONTEXTS, LABELS, LIQUIBASE, DEPLOYMENT_ID) VALUES ('1511451595465-21', 'R3.Corda', 'migration/node-services.changelog-init.xml', NOW(), 52, '7:8b167e9074e47be66c742aec5661b5d1', 'createTable tableName=node_transactions', '', 'EXECUTED', NULL, NULL, '3.5.4', '0860121299')
14:02:02.175 [Test worker] DEBUG liquibase - master.changelog.json: migration/node-services.changelog-init.xml::1511451595465-30::R3.Corda: Running Changeset:migration/node-services.changelog-init.xml::1511451595465-30::R3.Corda
14:02:02.176 [Test worker] DEBUG liquibase - master.changelog.json: migration/node-services.changelog-init.xml::1511451595465-30::R3.Corda: Changeset migration/node-services.changelog-init.xml::1511451595465-30::R3.Corda
14:02:02.176 [Test worker] DEBUG liquibase - master.changelog.json: migration/node-services.changelog-init.xml::1511451595465-30::R3.Corda: Reading ChangeSet: migration/node-services.changelog-init.xml::1511451595465-30::R3.Corda
14:02:02.176 [Test worker] DEBUG liquibase - master.changelog.json: migration/node-services.changelog-init.xml::1511451595465-30::R3.Corda: Executing Statement: liquibase.statement.core.AddPrimaryKeyStatement@11acaef5
14:02:02.176 [Test worker] DEBUG liquibase - master.changelog.json: migration/node-services.changelog-init.xml::1511451595465-30::R3.Corda: Executing EXECUTE database command: ALTER TABLE PUBLIC.node_attachments ADD CONSTRAINT node_attachments_pkey PRIMARY KEY (att_id)
14:02:02.177 [Test worker] INFO liquibase - master.changelog.json: migration/node-services.changelog-init.xml::1511451595465-30::R3.Corda: Primary key added to node_attachments (att_id)
14:02:02.177 [Test worker] INFO liquibase - master.changelog.json: migration/node-services.changelog-init.xml::1511451595465-30::R3.Corda: ChangeSet migration/node-services.changelog-init.xml::1511451595465-30::R3.Corda ran successfully in 2ms
14:02:02.178 [Test worker] DEBUG liquibase - master.changelog.json: migration/node-services.changelog-init.xml::1511451595465-30::R3.Corda: Executing EXECUTE database command: INSERT INTO PUBLIC.DATABASECHANGELOG (ID, AUTHOR, FILENAME, DATEEXECUTED, ORDEREXECUTED, MD5SUM, DESCRIPTION, COMMENTS, EXECTYPE, CONTEXTS, LABELS, LIQUIBASE, DEPLOYMENT_ID) VALUES ('1511451595465-30', 'R3.Corda', 'migration/node-services.changelog-init.xml', NOW(), 53, '7:4aa12646e41346c10ae1d18b43468b3e', 'addPrimaryKey constraintName=node_attachments_pkey, tableName=node_attachments', '', 'EXECUTED', NULL, NULL, '3.5.4', '0860121299')
14:02:02.179 [Test worker] DEBUG liquibase - master.changelog.json: migration/node-services.changelog-init.xml::1511451595465-32::R3.Corda: Running Changeset:migration/node-services.changelog-init.xml::1511451595465-32::R3.Corda
14:02:02.179 [Test worker] DEBUG liquibase - master.changelog.json: migration/node-services.changelog-init.xml::1511451595465-32::R3.Corda: Changeset migration/node-services.changelog-init.xml::1511451595465-32::R3.Corda
14:02:02.180 [Test worker] DEBUG liquibase - master.changelog.json: migration/node-services.changelog-init.xml::1511451595465-32::R3.Corda: Reading ChangeSet: migration/node-services.changelog-init.xml::1511451595465-32::R3.Corda
14:02:02.180 [Test worker] DEBUG liquibase - master.changelog.json: migration/node-services.changelog-init.xml::1511451595465-32::R3.Corda: Executing Statement: liquibase.statement.core.AddPrimaryKeyStatement@4d774e0c
14:02:02.180 [Test worker] DEBUG liquibase - master.changelog.json: migration/node-services.changelog-init.xml::1511451595465-32::R3.Corda: Executing EXECUTE database command: ALTER TABLE PUBLIC.node_checkpoints ADD CONSTRAINT node_checkpoints_pkey PRIMARY KEY (checkpoint_id)
14:02:02.180 [Test worker] INFO liquibase - master.changelog.json: migration/node-services.changelog-init.xml::1511451595465-32::R3.Corda: Primary key added to node_checkpoints (checkpoint_id)
14:02:02.180 [Test worker] INFO liquibase - master.changelog.json: migration/node-services.changelog-init.xml::1511451595465-32::R3.Corda: ChangeSet migration/node-services.changelog-init.xml::1511451595465-32::R3.Corda ran successfully in 1ms
14:02:02.182 [Test worker] DEBUG liquibase - master.changelog.json: migration/node-services.changelog-init.xml::1511451595465-32::R3.Corda: Executing EXECUTE database command: INSERT INTO PUBLIC.DATABASECHANGELOG (ID, AUTHOR, FILENAME, DATEEXECUTED, ORDEREXECUTED, MD5SUM, DESCRIPTION, COMMENTS, EXECTYPE, CONTEXTS, LABELS, LIQUIBASE, DEPLOYMENT_ID) VALUES ('1511451595465-32', 'R3.Corda', 'migration/node-services.changelog-init.xml', NOW(), 54, '7:fa0f2ed27615a3fd2b799bb27b447a36', 'addPrimaryKey constraintName=node_checkpoints_pkey, tableName=node_checkpoints', '', 'EXECUTED', NULL, NULL, '3.5.4', '0860121299')
14:02:02.183 [Test worker] DEBUG liquibase - master.changelog.json: migration/node-services.changelog-init.xml::1511451595465-33::R3.Corda: Running Changeset:migration/node-services.changelog-init.xml::1511451595465-33::R3.Corda
14:02:02.183 [Test worker] DEBUG liquibase - master.changelog.json: migration/node-services.changelog-init.xml::1511451595465-33::R3.Corda: Changeset migration/node-services.changelog-init.xml::1511451595465-33::R3.Corda
14:02:02.183 [Test worker] DEBUG liquibase - master.changelog.json: migration/node-services.changelog-init.xml::1511451595465-33::R3.Corda: Reading ChangeSet: migration/node-services.changelog-init.xml::1511451595465-33::R3.Corda
14:02:02.183 [Test worker] DEBUG liquibase - master.changelog.json: migration/node-services.changelog-init.xml::1511451595465-33::R3.Corda: Executing Statement: liquibase.statement.core.AddPrimaryKeyStatement@600b5a21
14:02:02.183 [Test worker] DEBUG liquibase - master.changelog.json: migration/node-services.changelog-init.xml::1511451595465-33::R3.Corda: Executing EXECUTE database command: ALTER TABLE PUBLIC.node_contract_upgrades ADD CONSTRAINT node_contract_upgrades_pkey PRIMARY KEY (state_ref)
14:02:02.184 [Test worker] INFO liquibase - master.changelog.json: migration/node-services.changelog-init.xml::1511451595465-33::R3.Corda: Primary key added to node_contract_upgrades (state_ref)
14:02:02.184 [Test worker] INFO liquibase - master.changelog.json: migration/node-services.changelog-init.xml::1511451595465-33::R3.Corda: ChangeSet migration/node-services.changelog-init.xml::1511451595465-33::R3.Corda ran successfully in 1ms
14:02:02.185 [Test worker] DEBUG liquibase - master.changelog.json: migration/node-services.changelog-init.xml::1511451595465-33::R3.Corda: Executing EXECUTE database command: INSERT INTO PUBLIC.DATABASECHANGELOG (ID, AUTHOR, FILENAME, DATEEXECUTED, ORDEREXECUTED, MD5SUM, DESCRIPTION, COMMENTS, EXECTYPE, CONTEXTS, LABELS, LIQUIBASE, DEPLOYMENT_ID) VALUES ('1511451595465-33', 'R3.Corda', 'migration/node-services.changelog-init.xml', NOW(), 55, '7:37e38ccee8d375f364abca393727eec7', 'addPrimaryKey constraintName=node_contract_upgrades_pkey, tableName=node_contract_upgrades', '', 'EXECUTED', NULL, NULL, '3.5.4', '0860121299')
14:02:02.186 [Test worker] DEBUG liquibase - master.changelog.json: migration/node-services.changelog-init.xml::1511451595465-34::R3.Corda: Running Changeset:migration/node-services.changelog-init.xml::1511451595465-34::R3.Corda
14:02:02.186 [Test worker] DEBUG liquibase - master.changelog.json: migration/node-services.changelog-init.xml::1511451595465-34::R3.Corda: Changeset migration/node-services.changelog-init.xml::1511451595465-34::R3.Corda
14:02:02.186 [Test worker] DEBUG liquibase - master.changelog.json: migration/node-services.changelog-init.xml::1511451595465-34::R3.Corda: Reading ChangeSet: migration/node-services.changelog-init.xml::1511451595465-34::R3.Corda
14:02:02.186 [Test worker] DEBUG liquibase - master.changelog.json: migration/node-services.changelog-init.xml::1511451595465-34::R3.Corda: Executing Statement: liquibase.statement.core.AddPrimaryKeyStatement@18997246
14:02:02.186 [Test worker] DEBUG liquibase - master.changelog.json: migration/node-services.changelog-init.xml::1511451595465-34::R3.Corda: Executing EXECUTE database command: ALTER TABLE PUBLIC.node_identities ADD CONSTRAINT node_identities_pkey PRIMARY KEY (pk_hash)
14:02:02.187 [Test worker] INFO liquibase - master.changelog.json: migration/node-services.changelog-init.xml::1511451595465-34::R3.Corda: Primary key added to node_identities (pk_hash)
14:02:02.188 [Test worker] INFO liquibase - master.changelog.json: migration/node-services.changelog-init.xml::1511451595465-34::R3.Corda: ChangeSet migration/node-services.changelog-init.xml::1511451595465-34::R3.Corda ran successfully in 2ms
14:02:02.189 [Test worker] DEBUG liquibase - master.changelog.json: migration/node-services.changelog-init.xml::1511451595465-34::R3.Corda: Executing EXECUTE database command: INSERT INTO PUBLIC.DATABASECHANGELOG (ID, AUTHOR, FILENAME, DATEEXECUTED, ORDEREXECUTED, MD5SUM, DESCRIPTION, COMMENTS, EXECTYPE, CONTEXTS, LABELS, LIQUIBASE, DEPLOYMENT_ID) VALUES ('1511451595465-34', 'R3.Corda', 'migration/node-services.changelog-init.xml', NOW(), 56, '7:43d4f1fd6b4b69fcd6b046d8806c8f50', 'addPrimaryKey constraintName=node_identities_pkey, tableName=node_identities', '', 'EXECUTED', NULL, NULL, '3.5.4', '0860121299')
14:02:02.190 [Test worker] DEBUG liquibase - master.changelog.json: migration/node-services.changelog-init.xml::1511451595465-38::R3.Corda: Running Changeset:migration/node-services.changelog-init.xml::1511451595465-38::R3.Corda
14:02:02.190 [Test worker] DEBUG liquibase - master.changelog.json: migration/node-services.changelog-init.xml::1511451595465-38::R3.Corda: Changeset migration/node-services.changelog-init.xml::1511451595465-38::R3.Corda
14:02:02.190 [Test worker] DEBUG liquibase - master.changelog.json: migration/node-services.changelog-init.xml::1511451595465-38::R3.Corda: Reading ChangeSet: migration/node-services.changelog-init.xml::1511451595465-38::R3.Corda
14:02:02.190 [Test worker] DEBUG liquibase - master.changelog.json: migration/node-services.changelog-init.xml::1511451595465-38::R3.Corda: Executing Statement: liquibase.statement.core.AddPrimaryKeyStatement@bbbd3e0
14:02:02.190 [Test worker] DEBUG liquibase - master.changelog.json: migration/node-services.changelog-init.xml::1511451595465-38::R3.Corda: Executing EXECUTE database command: ALTER TABLE PUBLIC.node_message_ids ADD CONSTRAINT node_message_ids_pkey PRIMARY KEY (message_id)
14:02:02.191 [Test worker] INFO liquibase - master.changelog.json: migration/node-services.changelog-init.xml::1511451595465-38::R3.Corda: Primary key added to node_message_ids (message_id)
14:02:02.191 [Test worker] INFO liquibase - master.changelog.json: migration/node-services.changelog-init.xml::1511451595465-38::R3.Corda: ChangeSet migration/node-services.changelog-init.xml::1511451595465-38::R3.Corda ran successfully in 1ms
14:02:02.192 [Test worker] DEBUG liquibase - master.changelog.json: migration/node-services.changelog-init.xml::1511451595465-38::R3.Corda: Executing EXECUTE database command: INSERT INTO PUBLIC.DATABASECHANGELOG (ID, AUTHOR, FILENAME, DATEEXECUTED, ORDEREXECUTED, MD5SUM, DESCRIPTION, COMMENTS, EXECTYPE, CONTEXTS, LABELS, LIQUIBASE, DEPLOYMENT_ID) VALUES ('1511451595465-38', 'R3.Corda', 'migration/node-services.changelog-init.xml', NOW(), 57, '7:37825d1c920089f5d1d8667fae2a0770', 'addPrimaryKey constraintName=node_message_ids_pkey, tableName=node_message_ids', '', 'EXECUTED', NULL, NULL, '3.5.4', '0860121299')
14:02:02.193 [Test worker] DEBUG liquibase - master.changelog.json: migration/node-services.changelog-init.xml::1511451595465-39::R3.Corda: Running Changeset:migration/node-services.changelog-init.xml::1511451595465-39::R3.Corda
14:02:02.193 [Test worker] DEBUG liquibase - master.changelog.json: migration/node-services.changelog-init.xml::1511451595465-39::R3.Corda: Changeset migration/node-services.changelog-init.xml::1511451595465-39::R3.Corda
14:02:02.193 [Test worker] DEBUG liquibase - master.changelog.json: migration/node-services.changelog-init.xml::1511451595465-39::R3.Corda: Reading ChangeSet: migration/node-services.changelog-init.xml::1511451595465-39::R3.Corda
14:02:02.193 [Test worker] DEBUG liquibase - master.changelog.json: migration/node-services.changelog-init.xml::1511451595465-39::R3.Corda: Executing Statement: liquibase.statement.core.AddPrimaryKeyStatement@6df4fd2c
14:02:02.193 [Test worker] DEBUG liquibase - master.changelog.json: migration/node-services.changelog-init.xml::1511451595465-39::R3.Corda: Executing EXECUTE database command: ALTER TABLE PUBLIC.node_message_retry ADD CONSTRAINT node_message_retry_pkey PRIMARY KEY (message_id)
14:02:02.194 [Test worker] INFO liquibase - master.changelog.json: migration/node-services.changelog-init.xml::1511451595465-39::R3.Corda: Primary key added to node_message_retry (message_id)
14:02:02.194 [Test worker] INFO liquibase - master.changelog.json: migration/node-services.changelog-init.xml::1511451595465-39::R3.Corda: ChangeSet migration/node-services.changelog-init.xml::1511451595465-39::R3.Corda ran successfully in 1ms
14:02:02.195 [Test worker] DEBUG liquibase - master.changelog.json: migration/node-services.changelog-init.xml::1511451595465-39::R3.Corda: Executing EXECUTE database command: INSERT INTO PUBLIC.DATABASECHANGELOG (ID, AUTHOR, FILENAME, DATEEXECUTED, ORDEREXECUTED, MD5SUM, DESCRIPTION, COMMENTS, EXECTYPE, CONTEXTS, LABELS, LIQUIBASE, DEPLOYMENT_ID) VALUES ('1511451595465-39', 'R3.Corda', 'migration/node-services.changelog-init.xml', NOW(), 58, '7:7cc6fa875e39740c709235ff27960561', 'addPrimaryKey constraintName=node_message_retry_pkey, tableName=node_message_retry', '', 'EXECUTED', NULL, NULL, '3.5.4', '0860121299')
14:02:02.196 [Test worker] DEBUG liquibase - master.changelog.json: migration/node-services.changelog-init.xml::1511451595465-40::R3.Corda: Running Changeset:migration/node-services.changelog-init.xml::1511451595465-40::R3.Corda
14:02:02.196 [Test worker] DEBUG liquibase - master.changelog.json: migration/node-services.changelog-init.xml::1511451595465-40::R3.Corda: Changeset migration/node-services.changelog-init.xml::1511451595465-40::R3.Corda
14:02:02.196 [Test worker] DEBUG liquibase - master.changelog.json: migration/node-services.changelog-init.xml::1511451595465-40::R3.Corda: Reading ChangeSet: migration/node-services.changelog-init.xml::1511451595465-40::R3.Corda
14:02:02.196 [Test worker] DEBUG liquibase - master.changelog.json: migration/node-services.changelog-init.xml::1511451595465-40::R3.Corda: Executing Statement: liquibase.statement.core.AddPrimaryKeyStatement@603d0d4
14:02:02.196 [Test worker] DEBUG liquibase - master.changelog.json: migration/node-services.changelog-init.xml::1511451595465-40::R3.Corda: Executing EXECUTE database command: ALTER TABLE PUBLIC.node_named_identities ADD CONSTRAINT node_named_identities_pkey PRIMARY KEY (name)
14:02:02.197 [Test worker] INFO liquibase - master.changelog.json: migration/node-services.changelog-init.xml::1511451595465-40::R3.Corda: Primary key added to node_named_identities (name)
14:02:02.197 [Test worker] INFO liquibase - master.changelog.json: migration/node-services.changelog-init.xml::1511451595465-40::R3.Corda: ChangeSet migration/node-services.changelog-init.xml::1511451595465-40::R3.Corda ran successfully in 1ms
14:02:02.198 [Test worker] DEBUG liquibase - master.changelog.json: migration/node-services.changelog-init.xml::1511451595465-40::R3.Corda: Executing EXECUTE database command: INSERT INTO PUBLIC.DATABASECHANGELOG (ID, AUTHOR, FILENAME, DATEEXECUTED, ORDEREXECUTED, MD5SUM, DESCRIPTION, COMMENTS, EXECTYPE, CONTEXTS, LABELS, LIQUIBASE, DEPLOYMENT_ID) VALUES ('1511451595465-40', 'R3.Corda', 'migration/node-services.changelog-init.xml', NOW(), 59, '7:9fac7485c58064b7e7ddce0bd1af86c4', 'addPrimaryKey constraintName=node_named_identities_pkey, tableName=node_named_identities', '', 'EXECUTED', NULL, NULL, '3.5.4', '0860121299')
14:02:02.199 [Test worker] DEBUG liquibase - master.changelog.json: migration/node-services.changelog-init.xml::1511451595465-42::R3.Corda: Running Changeset:migration/node-services.changelog-init.xml::1511451595465-42::R3.Corda
14:02:02.199 [Test worker] DEBUG liquibase - master.changelog.json: migration/node-services.changelog-init.xml::1511451595465-42::R3.Corda: Changeset migration/node-services.changelog-init.xml::1511451595465-42::R3.Corda
14:02:02.199 [Test worker] DEBUG liquibase - master.changelog.json: migration/node-services.changelog-init.xml::1511451595465-42::R3.Corda: Reading ChangeSet: migration/node-services.changelog-init.xml::1511451595465-42::R3.Corda
14:02:02.199 [Test worker] DEBUG liquibase - master.changelog.json: migration/node-services.changelog-init.xml::1511451595465-42::R3.Corda: Executing Statement: liquibase.statement.core.AddPrimaryKeyStatement@d09b15c
14:02:02.199 [Test worker] DEBUG liquibase - master.changelog.json: migration/node-services.changelog-init.xml::1511451595465-42::R3.Corda: Executing EXECUTE database command: ALTER TABLE PUBLIC.node_our_key_pairs ADD CONSTRAINT node_our_key_pairs_pkey PRIMARY KEY (public_key_hash)
14:02:02.200 [Test worker] INFO liquibase - master.changelog.json: migration/node-services.changelog-init.xml::1511451595465-42::R3.Corda: Primary key added to node_our_key_pairs (public_key_hash)
14:02:02.200 [Test worker] INFO liquibase - master.changelog.json: migration/node-services.changelog-init.xml::1511451595465-42::R3.Corda: ChangeSet migration/node-services.changelog-init.xml::1511451595465-42::R3.Corda ran successfully in 1ms
14:02:02.201 [Test worker] DEBUG liquibase - master.changelog.json: migration/node-services.changelog-init.xml::1511451595465-42::R3.Corda: Executing EXECUTE database command: INSERT INTO PUBLIC.DATABASECHANGELOG (ID, AUTHOR, FILENAME, DATEEXECUTED, ORDEREXECUTED, MD5SUM, DESCRIPTION, COMMENTS, EXECTYPE, CONTEXTS, LABELS, LIQUIBASE, DEPLOYMENT_ID) VALUES ('1511451595465-42', 'R3.Corda', 'migration/node-services.changelog-init.xml', NOW(), 60, '7:e3644c4b7315958cfb3a3cd4a3f40946', 'addPrimaryKey constraintName=node_our_key_pairs_pkey, tableName=node_our_key_pairs', '', 'EXECUTED', NULL, NULL, '3.5.4', '0860121299')
14:02:02.218 [Test worker] DEBUG liquibase - master.changelog.json: migration/node-services.changelog-init.xml::1511451595465-44::R3.Corda: Running Changeset:migration/node-services.changelog-init.xml::1511451595465-44::R3.Corda
14:02:02.218 [Test worker] DEBUG liquibase - master.changelog.json: migration/node-services.changelog-init.xml::1511451595465-44::R3.Corda: Changeset migration/node-services.changelog-init.xml::1511451595465-44::R3.Corda
14:02:02.218 [Test worker] DEBUG liquibase - master.changelog.json: migration/node-services.changelog-init.xml::1511451595465-44::R3.Corda: Reading ChangeSet: migration/node-services.changelog-init.xml::1511451595465-44::R3.Corda
14:02:02.219 [Test worker] DEBUG liquibase - master.changelog.json: migration/node-services.changelog-init.xml::1511451595465-44::R3.Corda: Executing Statement: liquibase.statement.core.AddPrimaryKeyStatement@3c920452
14:02:02.219 [Test worker] DEBUG liquibase - master.changelog.json: migration/node-services.changelog-init.xml::1511451595465-44::R3.Corda: Executing EXECUTE database command: ALTER TABLE PUBLIC.node_scheduled_states ADD CONSTRAINT node_scheduled_states_pkey PRIMARY KEY (output_index, transaction_id)
14:02:02.220 [Test worker] INFO liquibase - master.changelog.json: migration/node-services.changelog-init.xml::1511451595465-44::R3.Corda: Primary key added to node_scheduled_states (output_index, transaction_id)
14:02:02.220 [Test worker] INFO liquibase - master.changelog.json: migration/node-services.changelog-init.xml::1511451595465-44::R3.Corda: ChangeSet migration/node-services.changelog-init.xml::1511451595465-44::R3.Corda ran successfully in 2ms
14:02:02.221 [Test worker] DEBUG liquibase - master.changelog.json: migration/node-services.changelog-init.xml::1511451595465-44::R3.Corda: Executing EXECUTE database command: INSERT INTO PUBLIC.DATABASECHANGELOG (ID, AUTHOR, FILENAME, DATEEXECUTED, ORDEREXECUTED, MD5SUM, DESCRIPTION, COMMENTS, EXECTYPE, CONTEXTS, LABELS, LIQUIBASE, DEPLOYMENT_ID) VALUES ('1511451595465-44', 'R3.Corda', 'migration/node-services.changelog-init.xml', NOW(), 61, '7:122e6cc40f7e50d8c9ffeb46861ed786', 'addPrimaryKey constraintName=node_scheduled_states_pkey, tableName=node_scheduled_states', '', 'EXECUTED', NULL, NULL, '3.5.4', '0860121299')
14:02:02.222 [Test worker] DEBUG liquibase - master.changelog.json: migration/node-services.changelog-init.xml::1511451595465-45::R3.Corda: Running Changeset:migration/node-services.changelog-init.xml::1511451595465-45::R3.Corda
14:02:02.223 [Test worker] DEBUG liquibase - master.changelog.json: migration/node-services.changelog-init.xml::1511451595465-45::R3.Corda: Changeset migration/node-services.changelog-init.xml::1511451595465-45::R3.Corda
14:02:02.223 [Test worker] DEBUG liquibase - master.changelog.json: migration/node-services.changelog-init.xml::1511451595465-45::R3.Corda: Reading ChangeSet: migration/node-services.changelog-init.xml::1511451595465-45::R3.Corda
14:02:02.223 [Test worker] DEBUG liquibase - master.changelog.json: migration/node-services.changelog-init.xml::1511451595465-45::R3.Corda: Executing Statement: liquibase.statement.core.AddPrimaryKeyStatement@41f9e7eb
14:02:02.223 [Test worker] DEBUG liquibase - master.changelog.json: migration/node-services.changelog-init.xml::1511451595465-45::R3.Corda: Executing EXECUTE database command: ALTER TABLE PUBLIC.node_transaction_mappings ADD CONSTRAINT node_transaction_mappings_pkey PRIMARY KEY (tx_id)
14:02:02.235 [Test worker] INFO liquibase - master.changelog.json: migration/node-services.changelog-init.xml::1511451595465-45::R3.Corda: Primary key added to node_transaction_mappings (tx_id)
14:02:02.235 [Test worker] INFO liquibase - master.changelog.json: migration/node-services.changelog-init.xml::1511451595465-45::R3.Corda: ChangeSet migration/node-services.changelog-init.xml::1511451595465-45::R3.Corda ran successfully in 12ms
14:02:02.237 [Test worker] DEBUG liquibase - master.changelog.json: migration/node-services.changelog-init.xml::1511451595465-45::R3.Corda: Executing EXECUTE database command: INSERT INTO PUBLIC.DATABASECHANGELOG (ID, AUTHOR, FILENAME, DATEEXECUTED, ORDEREXECUTED, MD5SUM, DESCRIPTION, COMMENTS, EXECTYPE, CONTEXTS, LABELS, LIQUIBASE, DEPLOYMENT_ID) VALUES ('1511451595465-45', 'R3.Corda', 'migration/node-services.changelog-init.xml', NOW(), 62, '7:c4ba1fcc19b22e52678633b13053eaa1', 'addPrimaryKey constraintName=node_transaction_mappings_pkey, tableName=node_transaction_mappings', '', 'EXECUTED', NULL, NULL, '3.5.4', '0860121299')
14:02:02.239 [Test worker] DEBUG liquibase - master.changelog.json: migration/node-services.changelog-init.xml::1511451595465-46::R3.Corda: Running Changeset:migration/node-services.changelog-init.xml::1511451595465-46::R3.Corda
14:02:02.239 [Test worker] DEBUG liquibase - master.changelog.json: migration/node-services.changelog-init.xml::1511451595465-46::R3.Corda: Changeset migration/node-services.changelog-init.xml::1511451595465-46::R3.Corda
14:02:02.239 [Test worker] DEBUG liquibase - master.changelog.json: migration/node-services.changelog-init.xml::1511451595465-46::R3.Corda: Reading ChangeSet: migration/node-services.changelog-init.xml::1511451595465-46::R3.Corda
14:02:02.239 [Test worker] DEBUG liquibase - master.changelog.json: migration/node-services.changelog-init.xml::1511451595465-46::R3.Corda: Executing Statement: liquibase.statement.core.AddPrimaryKeyStatement@3eec1157
14:02:02.239 [Test worker] DEBUG liquibase - master.changelog.json: migration/node-services.changelog-init.xml::1511451595465-46::R3.Corda: Executing EXECUTE database command: ALTER TABLE PUBLIC.node_transactions ADD CONSTRAINT node_transactions_pkey PRIMARY KEY (tx_id)
14:02:02.240 [Test worker] INFO liquibase - master.changelog.json: migration/node-services.changelog-init.xml::1511451595465-46::R3.Corda: Primary key added to node_transactions (tx_id)
14:02:02.240 [Test worker] INFO liquibase - master.changelog.json: migration/node-services.changelog-init.xml::1511451595465-46::R3.Corda: ChangeSet migration/node-services.changelog-init.xml::1511451595465-46::R3.Corda ran successfully in 1ms
14:02:02.241 [Test worker] DEBUG liquibase - master.changelog.json: migration/node-services.changelog-init.xml::1511451595465-46::R3.Corda: Executing EXECUTE database command: INSERT INTO PUBLIC.DATABASECHANGELOG (ID, AUTHOR, FILENAME, DATEEXECUTED, ORDEREXECUTED, MD5SUM, DESCRIPTION, COMMENTS, EXECTYPE, CONTEXTS, LABELS, LIQUIBASE, DEPLOYMENT_ID) VALUES ('1511451595465-46', 'R3.Corda', 'migration/node-services.changelog-init.xml', NOW(), 63, '7:1a41a33c68c6f56be99cbfa9af7c2646', 'addPrimaryKey constraintName=node_transactions_pkey, tableName=node_transactions', '', 'EXECUTED', NULL, NULL, '3.5.4', '0860121299')
14:02:02.242 [Test worker] DEBUG liquibase - master.changelog.json: migration/node-services.changelog-init.xml::1511451595465-61::R3.Corda: Running Changeset:migration/node-services.changelog-init.xml::1511451595465-61::R3.Corda
14:02:02.242 [Test worker] DEBUG liquibase - master.changelog.json: migration/node-services.changelog-init.xml::1511451595465-61::R3.Corda: Changeset migration/node-services.changelog-init.xml::1511451595465-61::R3.Corda
14:02:02.242 [Test worker] DEBUG liquibase - master.changelog.json: migration/node-services.changelog-init.xml::1511451595465-61::R3.Corda: Reading ChangeSet: migration/node-services.changelog-init.xml::1511451595465-61::R3.Corda
14:02:02.242 [Test worker] DEBUG liquibase - master.changelog.json: migration/node-services.changelog-init.xml::1511451595465-61::R3.Corda: Executing Statement: liquibase.statement.core.AddForeignKeyConstraintStatement@7a4a336f
14:02:02.242 [Test worker] DEBUG liquibase - master.changelog.json: migration/node-services.changelog-init.xml::1511451595465-61::R3.Corda: Executing EXECUTE database command: ALTER TABLE PUBLIC.node_link_nodeinfo_party ADD CONSTRAINT FK__link_ni_p__info_p_cert FOREIGN KEY (party_name) REFERENCES PUBLIC.node_info_party_cert (party_name)
14:02:02.245 [Test worker] INFO liquibase - master.changelog.json: migration/node-services.changelog-init.xml::1511451595465-61::R3.Corda: Foreign key constraint added to node_link_nodeinfo_party (party_name)
14:02:02.245 [Test worker] INFO liquibase - master.changelog.json: migration/node-services.changelog-init.xml::1511451595465-61::R3.Corda: ChangeSet migration/node-services.changelog-init.xml::1511451595465-61::R3.Corda ran successfully in 3ms
14:02:02.247 [Test worker] DEBUG liquibase - master.changelog.json: migration/node-services.changelog-init.xml::1511451595465-61::R3.Corda: Executing EXECUTE database command: INSERT INTO PUBLIC.DATABASECHANGELOG (ID, AUTHOR, FILENAME, DATEEXECUTED, ORDEREXECUTED, MD5SUM, DESCRIPTION, COMMENTS, EXECTYPE, CONTEXTS, LABELS, LIQUIBASE, DEPLOYMENT_ID) VALUES ('1511451595465-61', 'R3.Corda', 'migration/node-services.changelog-init.xml', NOW(), 64, '7:f753db641a982caad48d7169dafbc854', 'addForeignKeyConstraint baseTableName=node_link_nodeinfo_party, constraintName=FK__link_ni_p__info_p_cert, referencedTableName=node_info_party_cert', '', 'EXECUTED', NULL, NULL, '3.5.4', '0860121299')
14:02:02.247 [Test worker] DEBUG liquibase - master.changelog.json: migration/node-services.changelog-init.xml::add index att_id::R3.Corda: Running Changeset:migration/node-services.changelog-init.xml::add index att_id::R3.Corda
14:02:02.247 [Test worker] DEBUG liquibase - master.changelog.json: migration/node-services.changelog-init.xml::add index att_id::R3.Corda: Changeset migration/node-services.changelog-init.xml::add index att_id::R3.Corda
14:02:02.248 [Test worker] DEBUG liquibase - master.changelog.json: migration/node-services.changelog-init.xml::add index att_id::R3.Corda: Reading ChangeSet: migration/node-services.changelog-init.xml::add index att_id::R3.Corda
14:02:02.248 [Test worker] DEBUG liquibase - master.changelog.json: migration/node-services.changelog-init.xml::add index att_id::R3.Corda: Executing Statement: liquibase.statement.core.CreateIndexStatement@f75c74c
14:02:02.248 [Test worker] DEBUG liquibase - master.changelog.json: migration/node-services.changelog-init.xml::add index att_id::R3.Corda: Executing EXECUTE database command: CREATE INDEX PUBLIC.att_id_idx ON PUBLIC.node_attachments(att_id)
14:02:02.248 [Test worker] INFO liquibase - master.changelog.json: migration/node-services.changelog-init.xml::add index att_id::R3.Corda: Index att_id_idx created
14:02:02.248 [Test worker] INFO liquibase - master.changelog.json: migration/node-services.changelog-init.xml::add index att_id::R3.Corda: ChangeSet migration/node-services.changelog-init.xml::add index att_id::R3.Corda ran successfully in 1ms
14:02:02.250 [Test worker] DEBUG liquibase - master.changelog.json: migration/node-services.changelog-init.xml::add index att_id::R3.Corda: Executing EXECUTE database command: INSERT INTO PUBLIC.DATABASECHANGELOG (ID, AUTHOR, FILENAME, DATEEXECUTED, ORDEREXECUTED, MD5SUM, DESCRIPTION, COMMENTS, EXECTYPE, CONTEXTS, LABELS, LIQUIBASE, DEPLOYMENT_ID) VALUES ('add index att_id', 'R3.Corda', 'migration/node-services.changelog-init.xml', NOW(), 65, '7:302188110e9124abd4ef58020255fbb0', 'createIndex indexName=att_id_idx, tableName=node_attachments', '', 'EXECUTED', NULL, NULL, '3.5.4', '0860121299')
14:02:02.251 [Test worker] DEBUG liquibase - master.changelog.json: migration/node-services.changelog-init.xml::add_contract_attachment::R3.Corda: Running Changeset:migration/node-services.changelog-init.xml::add_contract_attachment::R3.Corda
14:02:02.251 [Test worker] DEBUG liquibase - master.changelog.json: migration/node-services.changelog-init.xml::add_contract_attachment::R3.Corda: Changeset migration/node-services.changelog-init.xml::add_contract_attachment::R3.Corda
14:02:02.251 [Test worker] DEBUG liquibase - master.changelog.json: migration/node-services.changelog-init.xml::add_contract_attachment::R3.Corda: Reading ChangeSet: migration/node-services.changelog-init.xml::add_contract_attachment::R3.Corda
14:02:02.252 [Test worker] DEBUG liquibase - master.changelog.json: migration/node-services.changelog-init.xml::add_contract_attachment::R3.Corda: Executing Statement: liquibase.statement.core.CreateTableStatement@920e119
14:02:02.252 [Test worker] DEBUG liquibase - master.changelog.json: migration/node-services.changelog-init.xml::add_contract_attachment::R3.Corda: Executing EXECUTE database command: CREATE TABLE PUBLIC.node_attchments_contracts (att_id NVARCHAR(255) NOT NULL, contract_class_name NVARCHAR(255))
14:02:02.252 [Test worker] INFO liquibase - master.changelog.json: migration/node-services.changelog-init.xml::add_contract_attachment::R3.Corda: Table node_attchments_contracts created
14:02:02.253 [Test worker] DEBUG liquibase - master.changelog.json: migration/node-services.changelog-init.xml::add_contract_attachment::R3.Corda: Executing Statement: liquibase.statement.core.AddForeignKeyConstraintStatement@5e26f456
14:02:02.253 [Test worker] DEBUG liquibase - master.changelog.json: migration/node-services.changelog-init.xml::add_contract_attachment::R3.Corda: Executing EXECUTE database command: ALTER TABLE PUBLIC.node_attchments_contracts ADD CONSTRAINT FK__ctr_class__attachments FOREIGN KEY (att_id) REFERENCES PUBLIC.node_attachments (att_id)
14:02:02.256 [Test worker] INFO liquibase - master.changelog.json: migration/node-services.changelog-init.xml::add_contract_attachment::R3.Corda: Foreign key constraint added to node_attchments_contracts (att_id)
14:02:02.256 [Test worker] DEBUG liquibase - master.changelog.json: migration/node-services.changelog-init.xml::add_contract_attachment::R3.Corda: Executing Statement: liquibase.statement.core.DeleteStatement@434c690
14:02:02.256 [Test worker] DEBUG liquibase - master.changelog.json: migration/node-services.changelog-init.xml::add_contract_attachment::R3.Corda: Executing EXECUTE database command: DELETE FROM PUBLIC.node_attachments
14:02:02.256 [Test worker] INFO liquibase - master.changelog.json: migration/node-services.changelog-init.xml::add_contract_attachment::R3.Corda: Data deleted from node_attachments
14:02:02.257 [Test worker] INFO liquibase - master.changelog.json: migration/node-services.changelog-init.xml::add_contract_attachment::R3.Corda: ChangeSet migration/node-services.changelog-init.xml::add_contract_attachment::R3.Corda ran successfully in 6ms
14:02:02.258 [Test worker] DEBUG liquibase - master.changelog.json: migration/node-services.changelog-init.xml::add_contract_attachment::R3.Corda: Executing EXECUTE database command: INSERT INTO PUBLIC.DATABASECHANGELOG (ID, AUTHOR, FILENAME, DATEEXECUTED, ORDEREXECUTED, MD5SUM, DESCRIPTION, COMMENTS, EXECTYPE, CONTEXTS, LABELS, LIQUIBASE, DEPLOYMENT_ID) VALUES ('add_contract_attachment', 'R3.Corda', 'migration/node-services.changelog-init.xml', NOW(), 66, '7:2cfbc6a84cfcd7b8ce011b58aa70f584', 'createTable tableName=node_attchments_contracts; addForeignKeyConstraint baseTableName=node_attchments_contracts, constraintName=FK__ctr_class__attachments, referencedTableName=node_attachments; delete tableName=node_attachments', '', 'EXECUTED', NULL, NULL, '3.5.4', '0860121299')
14:02:02.259 [Test worker] DEBUG liquibase - master.changelog.json: migration/node-services.changelog-init.xml::add_dedup_columns::R3.Corda: Running Changeset:migration/node-services.changelog-init.xml::add_dedup_columns::R3.Corda
14:02:02.259 [Test worker] DEBUG liquibase - master.changelog.json: migration/node-services.changelog-init.xml::add_dedup_columns::R3.Corda: Changeset migration/node-services.changelog-init.xml::add_dedup_columns::R3.Corda
14:02:02.259 [Test worker] DEBUG liquibase - master.changelog.json: migration/node-services.changelog-init.xml::add_dedup_columns::R3.Corda: Reading ChangeSet: migration/node-services.changelog-init.xml::add_dedup_columns::R3.Corda
14:02:02.259 [Test worker] DEBUG liquibase - master.changelog.json: migration/node-services.changelog-init.xml::add_dedup_columns::R3.Corda: Executing Statement: liquibase.statement.core.AddColumnStatement@19844d6f
14:02:02.259 [Test worker] DEBUG liquibase - master.changelog.json: migration/node-services.changelog-init.xml::add_dedup_columns::R3.Corda: Executing EXECUTE database command: ALTER TABLE PUBLIC.node_message_ids ADD sender NVARCHAR(64)
14:02:02.263 [Test worker] DEBUG liquibase - master.changelog.json: migration/node-services.changelog-init.xml::add_dedup_columns::R3.Corda: Executing EXECUTE database command: ALTER TABLE PUBLIC.node_message_ids ADD sequence_number BIGINT
14:02:02.277 [Test worker] INFO liquibase - master.changelog.json: migration/node-services.changelog-init.xml::add_dedup_columns::R3.Corda: Columns sender(NVARCHAR(64)),sequence_number(BIGINT) added to node_message_ids
14:02:02.277 [Test worker] INFO liquibase - master.changelog.json: migration/node-services.changelog-init.xml::add_dedup_columns::R3.Corda: ChangeSet migration/node-services.changelog-init.xml::add_dedup_columns::R3.Corda ran successfully in 18ms
14:02:02.279 [Test worker] DEBUG liquibase - master.changelog.json: migration/node-services.changelog-init.xml::add_dedup_columns::R3.Corda: Executing EXECUTE database command: INSERT INTO PUBLIC.DATABASECHANGELOG (ID, AUTHOR, FILENAME, DATEEXECUTED, ORDEREXECUTED, MD5SUM, DESCRIPTION, COMMENTS, EXECTYPE, CONTEXTS, LABELS, LIQUIBASE, DEPLOYMENT_ID) VALUES ('add_dedup_columns', 'R3.Corda', 'migration/node-services.changelog-init.xml', NOW(), 67, '7:376ede2552aa97e8abf9d9a808c16692', 'addColumn tableName=node_message_ids', '', 'EXECUTED', NULL, NULL, '3.5.4', '0860121299')
14:02:02.280 [Test worker] DEBUG liquibase - master.changelog.json: migration/node-core.changelog-v4.xml::attchments_rename::R3.Corda: Running Changeset:migration/node-core.changelog-v4.xml::attchments_rename::R3.Corda
14:02:02.280 [Test worker] DEBUG liquibase - master.changelog.json: migration/node-core.changelog-v4.xml::attchments_rename::R3.Corda: Changeset migration/node-core.changelog-v4.xml::attchments_rename::R3.Corda
14:02:02.280 [Test worker] DEBUG liquibase - master.changelog.json: migration/node-core.changelog-v4.xml::attchments_rename::R3.Corda: Reading ChangeSet: migration/node-core.changelog-v4.xml::attchments_rename::R3.Corda
14:02:02.281 [Test worker] DEBUG liquibase - master.changelog.json: migration/node-core.changelog-v4.xml::attchments_rename::R3.Corda: Executing Statement: liquibase.statement.core.RenameTableStatement@4d30cfe5
14:02:02.281 [Test worker] DEBUG liquibase - master.changelog.json: migration/node-core.changelog-v4.xml::attchments_rename::R3.Corda: Executing EXECUTE database command: ALTER TABLE PUBLIC.node_attchments_contracts RENAME TO node_attachments_contracts
14:02:02.282 [Test worker] INFO liquibase - master.changelog.json: migration/node-core.changelog-v4.xml::attchments_rename::R3.Corda: Table node_attchments_contracts renamed to node_attachments_contracts
14:02:02.282 [Test worker] INFO liquibase - master.changelog.json: migration/node-core.changelog-v4.xml::attchments_rename::R3.Corda: ChangeSet migration/node-core.changelog-v4.xml::attchments_rename::R3.Corda ran successfully in 2ms
14:02:02.284 [Test worker] DEBUG liquibase - master.changelog.json: migration/node-core.changelog-v4.xml::attchments_rename::R3.Corda: Executing EXECUTE database command: INSERT INTO PUBLIC.DATABASECHANGELOG (ID, AUTHOR, FILENAME, DATEEXECUTED, ORDEREXECUTED, MD5SUM, DESCRIPTION, COMMENTS, EXECTYPE, CONTEXTS, LABELS, LIQUIBASE, DEPLOYMENT_ID) VALUES ('attchments_rename', 'R3.Corda', 'migration/node-core.changelog-v4.xml', NOW(), 68, '7:9c9553fbc45dfa0ec2117a113b1bfb13', 'renameTable newTableName=node_attachments_contracts, oldTableName=node_attchments_contracts', '', 'EXECUTED', NULL, NULL, '3.5.4', '0860121299')
14:02:02.285 [Test worker] DEBUG liquibase - master.changelog.json: migration/node-core.changelog-v4.xml::nullability::R3.Corda: Running Changeset:migration/node-core.changelog-v4.xml::nullability::R3.Corda
14:02:02.285 [Test worker] DEBUG liquibase - master.changelog.json: migration/node-core.changelog-v4.xml::nullability::R3.Corda: Changeset migration/node-core.changelog-v4.xml::nullability::R3.Corda
14:02:02.285 [Test worker] DEBUG liquibase - master.changelog.json: migration/node-core.changelog-v4.xml::nullability::R3.Corda: Reading ChangeSet: migration/node-core.changelog-v4.xml::nullability::R3.Corda
14:02:02.285 [Test worker] DEBUG liquibase - master.changelog.json: migration/node-core.changelog-v4.xml::nullability::R3.Corda: Executing Statement: liquibase.statement.core.SetNullableStatement@22824acb
14:02:02.286 [Test worker] DEBUG liquibase - master.changelog.json: migration/node-core.changelog-v4.xml::nullability::R3.Corda: Executing EXECUTE database command: ALTER TABLE PUBLIC.node_identities ALTER COLUMN identity_value SET NOT NULL
14:02:02.288 [Test worker] INFO liquibase - master.changelog.json: migration/node-core.changelog-v4.xml::nullability::R3.Corda: Null constraint has been added to node_identities.identity_value
14:02:02.288 [Test worker] DEBUG liquibase - master.changelog.json: migration/node-core.changelog-v4.xml::nullability::R3.Corda: Executing Statement: liquibase.statement.core.SetNullableStatement@5369e8d4
14:02:02.289 [Test worker] DEBUG liquibase - master.changelog.json: migration/node-core.changelog-v4.xml::nullability::R3.Corda: Executing EXECUTE database command: ALTER TABLE PUBLIC.node_attachments ALTER COLUMN content SET NOT NULL
14:02:02.289 [Test worker] INFO liquibase - master.changelog.json: migration/node-core.changelog-v4.xml::nullability::R3.Corda: Null constraint has been added to node_attachments.content
14:02:02.289 [Test worker] DEBUG liquibase - master.changelog.json: migration/node-core.changelog-v4.xml::nullability::R3.Corda: Executing Statement: liquibase.statement.core.SetNullableStatement@560cadf4
14:02:02.290 [Test worker] DEBUG liquibase - master.changelog.json: migration/node-core.changelog-v4.xml::nullability::R3.Corda: Executing EXECUTE database command: ALTER TABLE PUBLIC.node_attachments_contracts ALTER COLUMN contract_class_name SET NOT NULL
14:02:02.290 [Test worker] INFO liquibase - master.changelog.json: migration/node-core.changelog-v4.xml::nullability::R3.Corda: Null constraint has been added to node_attachments_contracts.contract_class_name
14:02:02.290 [Test worker] DEBUG liquibase - master.changelog.json: migration/node-core.changelog-v4.xml::nullability::R3.Corda: Executing Statement: liquibase.statement.core.SetNullableStatement@248dc730
14:02:02.290 [Test worker] DEBUG liquibase - master.changelog.json: migration/node-core.changelog-v4.xml::nullability::R3.Corda: Executing EXECUTE database command: ALTER TABLE PUBLIC.node_checkpoints ALTER COLUMN checkpoint_value SET NOT NULL
14:02:02.291 [Test worker] INFO liquibase - master.changelog.json: migration/node-core.changelog-v4.xml::nullability::R3.Corda: Null constraint has been added to node_checkpoints.checkpoint_value
14:02:02.291 [Test worker] DEBUG liquibase - master.changelog.json: migration/node-core.changelog-v4.xml::nullability::R3.Corda: Executing Statement: liquibase.statement.core.SetNullableStatement@322f9de0
14:02:02.291 [Test worker] DEBUG liquibase - master.changelog.json: migration/node-core.changelog-v4.xml::nullability::R3.Corda: Executing EXECUTE database command: ALTER TABLE PUBLIC.node_contract_upgrades ALTER COLUMN contract_class_name SET NOT NULL
14:02:02.291 [Test worker] INFO liquibase - master.changelog.json: migration/node-core.changelog-v4.xml::nullability::R3.Corda: Null constraint has been added to node_contract_upgrades.contract_class_name
14:02:02.291 [Test worker] DEBUG liquibase - master.changelog.json: migration/node-core.changelog-v4.xml::nullability::R3.Corda: Executing Statement: liquibase.statement.core.SetNullableStatement@351f0b6a
14:02:02.292 [Test worker] DEBUG liquibase - master.changelog.json: migration/node-core.changelog-v4.xml::nullability::R3.Corda: Executing EXECUTE database command: ALTER TABLE PUBLIC.node_message_ids ALTER COLUMN insertion_time SET NOT NULL
14:02:02.292 [Test worker] INFO liquibase - master.changelog.json: migration/node-core.changelog-v4.xml::nullability::R3.Corda: Null constraint has been added to node_message_ids.insertion_time
14:02:02.292 [Test worker] DEBUG liquibase - master.changelog.json: migration/node-core.changelog-v4.xml::nullability::R3.Corda: Executing Statement: liquibase.statement.core.SetNullableStatement@589ec21
14:02:02.292 [Test worker] DEBUG liquibase - master.changelog.json: migration/node-core.changelog-v4.xml::nullability::R3.Corda: Executing EXECUTE database command: ALTER TABLE PUBLIC.node_message_retry ALTER COLUMN message SET NOT NULL
14:02:02.293 [Test worker] INFO liquibase - master.changelog.json: migration/node-core.changelog-v4.xml::nullability::R3.Corda: Null constraint has been added to node_message_retry.message
14:02:02.294 [Test worker] DEBUG liquibase - master.changelog.json: migration/node-core.changelog-v4.xml::nullability::R3.Corda: Executing Statement: liquibase.statement.core.SetNullableStatement@38aedc1b
14:02:02.294 [Test worker] DEBUG liquibase - master.changelog.json: migration/node-core.changelog-v4.xml::nullability::R3.Corda: Executing EXECUTE database command: ALTER TABLE PUBLIC.node_message_retry ALTER COLUMN recipients SET NOT NULL
14:02:02.294 [Test worker] INFO liquibase - master.changelog.json: migration/node-core.changelog-v4.xml::nullability::R3.Corda: Null constraint has been added to node_message_retry.recipients
14:02:02.294 [Test worker] DEBUG liquibase - master.changelog.json: migration/node-core.changelog-v4.xml::nullability::R3.Corda: Executing Statement: liquibase.statement.core.SetNullableStatement@4bc40ec
14:02:02.294 [Test worker] DEBUG liquibase - master.changelog.json: migration/node-core.changelog-v4.xml::nullability::R3.Corda: Executing EXECUTE database command: ALTER TABLE PUBLIC.node_named_identities ALTER COLUMN pk_hash SET NOT NULL
14:02:02.295 [Test worker] INFO liquibase - master.changelog.json: migration/node-core.changelog-v4.xml::nullability::R3.Corda: Null constraint has been added to node_named_identities.pk_hash
14:02:02.295 [Test worker] DEBUG liquibase - master.changelog.json: migration/node-core.changelog-v4.xml::nullability::R3.Corda: Executing Statement: liquibase.statement.core.SetNullableStatement@13cf520
14:02:02.295 [Test worker] DEBUG liquibase - master.changelog.json: migration/node-core.changelog-v4.xml::nullability::R3.Corda: Executing EXECUTE database command: ALTER TABLE PUBLIC.node_our_key_pairs ALTER COLUMN private_key SET NOT NULL
14:02:02.295 [Test worker] INFO liquibase - master.changelog.json: migration/node-core.changelog-v4.xml::nullability::R3.Corda: Null constraint has been added to node_our_key_pairs.private_key
14:02:02.296 [Test worker] DEBUG liquibase - master.changelog.json: migration/node-core.changelog-v4.xml::nullability::R3.Corda: Executing Statement: liquibase.statement.core.SetNullableStatement@5bec5d02
14:02:02.296 [Test worker] DEBUG liquibase - master.changelog.json: migration/node-core.changelog-v4.xml::nullability::R3.Corda: Executing EXECUTE database command: ALTER TABLE PUBLIC.node_our_key_pairs ALTER COLUMN public_key SET NOT NULL
14:02:02.297 [Test worker] INFO liquibase - master.changelog.json: migration/node-core.changelog-v4.xml::nullability::R3.Corda: Null constraint has been added to node_our_key_pairs.public_key
14:02:02.297 [Test worker] DEBUG liquibase - master.changelog.json: migration/node-core.changelog-v4.xml::nullability::R3.Corda: Executing Statement: liquibase.statement.core.SetNullableStatement@173f542d
14:02:02.297 [Test worker] DEBUG liquibase - master.changelog.json: migration/node-core.changelog-v4.xml::nullability::R3.Corda: Executing EXECUTE database command: ALTER TABLE PUBLIC.node_transaction_mappings ALTER COLUMN state_machine_run_id SET NOT NULL
14:02:02.298 [Test worker] INFO liquibase - master.changelog.json: migration/node-core.changelog-v4.xml::nullability::R3.Corda: Null constraint has been added to node_transaction_mappings.state_machine_run_id
14:02:02.298 [Test worker] DEBUG liquibase - master.changelog.json: migration/node-core.changelog-v4.xml::nullability::R3.Corda: Executing Statement: liquibase.statement.core.SetNullableStatement@1d8bb0fa
14:02:02.298 [Test worker] DEBUG liquibase - master.changelog.json: migration/node-core.changelog-v4.xml::nullability::R3.Corda: Executing EXECUTE database command: ALTER TABLE PUBLIC.node_transactions ALTER COLUMN transaction_value SET NOT NULL
14:02:02.298 [Test worker] INFO liquibase - master.changelog.json: migration/node-core.changelog-v4.xml::nullability::R3.Corda: Null constraint has been added to node_transactions.transaction_value
14:02:02.299 [Test worker] INFO liquibase - master.changelog.json: migration/node-core.changelog-v4.xml::nullability::R3.Corda: ChangeSet migration/node-core.changelog-v4.xml::nullability::R3.Corda ran successfully in 13ms
14:02:02.300 [Test worker] DEBUG liquibase - master.changelog.json: migration/node-core.changelog-v4.xml::nullability::R3.Corda: Executing EXECUTE database command: INSERT INTO PUBLIC.DATABASECHANGELOG (ID, AUTHOR, FILENAME, DATEEXECUTED, ORDEREXECUTED, MD5SUM, DESCRIPTION, COMMENTS, EXECTYPE, CONTEXTS, LABELS, LIQUIBASE, DEPLOYMENT_ID) VALUES ('nullability', 'R3.Corda', 'migration/node-core.changelog-v4.xml', NOW(), 69, '7:73b3f89cdd2a42efebeb125648c28191', 'addNotNullConstraint columnName=identity_value, tableName=node_identities; addNotNullConstraint columnName=content, tableName=node_attachments; addNotNullConstraint columnName=contract_class_name, tableName=node_attachments_contracts; addNotNullCo...', '', 'EXECUTED', NULL, NULL, '3.5.4', '0860121299')
14:02:02.302 [Test worker] DEBUG liquibase - master.changelog.json: migration/node-core.changelog-v5.xml::remove_unused_node_message_retry::R3.Corda: Running Changeset:migration/node-core.changelog-v5.xml::remove_unused_node_message_retry::R3.Corda
14:02:02.302 [Test worker] DEBUG liquibase - master.changelog.json: migration/node-core.changelog-v5.xml::remove_unused_node_message_retry::R3.Corda: Changeset migration/node-core.changelog-v5.xml::remove_unused_node_message_retry::R3.Corda
14:02:02.302 [Test worker] DEBUG liquibase - master.changelog.json: migration/node-core.changelog-v5.xml::remove_unused_node_message_retry::R3.Corda: Reading ChangeSet: migration/node-core.changelog-v5.xml::remove_unused_node_message_retry::R3.Corda
14:02:02.302 [Test worker] DEBUG liquibase - master.changelog.json: migration/node-core.changelog-v5.xml::remove_unused_node_message_retry::R3.Corda: Executing Statement: liquibase.statement.core.DropTableStatement@2d1bc355
14:02:02.302 [Test worker] DEBUG liquibase - master.changelog.json: migration/node-core.changelog-v5.xml::remove_unused_node_message_retry::R3.Corda: Executing EXECUTE database command: DROP TABLE PUBLIC.node_message_retry
14:02:02.313 [Test worker] INFO liquibase - master.changelog.json: migration/node-core.changelog-v5.xml::remove_unused_node_message_retry::R3.Corda: Table node_message_retry dropped
14:02:02.313 [Test worker] INFO liquibase - master.changelog.json: migration/node-core.changelog-v5.xml::remove_unused_node_message_retry::R3.Corda: ChangeSet migration/node-core.changelog-v5.xml::remove_unused_node_message_retry::R3.Corda ran successfully in 11ms
14:02:02.323 [Test worker] DEBUG liquibase - master.changelog.json: migration/node-core.changelog-v5.xml::remove_unused_node_message_retry::R3.Corda: Executing EXECUTE database command: INSERT INTO PUBLIC.DATABASECHANGELOG (ID, AUTHOR, FILENAME, DATEEXECUTED, ORDEREXECUTED, MD5SUM, DESCRIPTION, COMMENTS, EXECTYPE, CONTEXTS, LABELS, LIQUIBASE, DEPLOYMENT_ID) VALUES ('remove_unused_node_message_retry', 'R3.Corda', 'migration/node-core.changelog-v5.xml', NOW(), 70, '7:cd120ad46e3a88b0eeaa7ffdcf8a0861', 'dropTable tableName=node_message_retry', '', 'EXECUTED', NULL, NULL, '3.5.4', '0860121299')
14:02:02.323 [Test worker] DEBUG liquibase - master.changelog.json: migration/node-core.changelog-pkey.xml::non-clustered_pk-1::R3.Corda: Running Changeset:migration/node-core.changelog-pkey.xml::non-clustered_pk-1::R3.Corda
14:02:02.325 [Test worker] DEBUG liquibase - master.changelog.json: migration/node-core.changelog-pkey.xml::non-clustered_pk-1::R3.Corda: Executing EXECUTE database command: INSERT INTO PUBLIC.DATABASECHANGELOG (ID, AUTHOR, FILENAME, DATEEXECUTED, ORDEREXECUTED, MD5SUM, DESCRIPTION, COMMENTS, EXECTYPE, CONTEXTS, LABELS, LIQUIBASE, DEPLOYMENT_ID) VALUES ('non-clustered_pk-1', 'R3.Corda', 'migration/node-core.changelog-pkey.xml', NOW(), 71, '7:eb9d9d13536371a16c05f8a89051e6b0', 'dropPrimaryKey constraintName=node_checkpoints_pkey, tableName=node_checkpoints; addPrimaryKey constraintName=node_checkpoints_pkey, tableName=node_checkpoints', '', 'MARK_RAN', NULL, NULL, '3.5.4', '0860121299')
14:02:02.326 [Test worker] DEBUG liquibase - master.changelog.json: migration/node-core.changelog-pkey.xml::non-clustered_pk-2::R3.Corda: Running Changeset:migration/node-core.changelog-pkey.xml::non-clustered_pk-2::R3.Corda
14:02:02.327 [Test worker] DEBUG liquibase - master.changelog.json: migration/node-core.changelog-pkey.xml::non-clustered_pk-2::R3.Corda: Executing EXECUTE database command: INSERT INTO PUBLIC.DATABASECHANGELOG (ID, AUTHOR, FILENAME, DATEEXECUTED, ORDEREXECUTED, MD5SUM, DESCRIPTION, COMMENTS, EXECTYPE, CONTEXTS, LABELS, LIQUIBASE, DEPLOYMENT_ID) VALUES ('non-clustered_pk-2', 'R3.Corda', 'migration/node-core.changelog-pkey.xml', NOW(), 72, '7:d4192425f4f38b39f3b09611028e5c14', 'dropPrimaryKey constraintName=node_identities_pkey, tableName=node_identities; addPrimaryKey constraintName=node_identities_pkey, tableName=node_identities', '', 'MARK_RAN', NULL, NULL, '3.5.4', '0860121299')
14:02:02.328 [Test worker] DEBUG liquibase - master.changelog.json: migration/node-core.changelog-pkey.xml::non-clustered_pk-3::R3.Corda: Running Changeset:migration/node-core.changelog-pkey.xml::non-clustered_pk-3::R3.Corda
14:02:02.330 [Test worker] DEBUG liquibase - master.changelog.json: migration/node-core.changelog-pkey.xml::non-clustered_pk-3::R3.Corda: Executing EXECUTE database command: INSERT INTO PUBLIC.DATABASECHANGELOG (ID, AUTHOR, FILENAME, DATEEXECUTED, ORDEREXECUTED, MD5SUM, DESCRIPTION, COMMENTS, EXECTYPE, CONTEXTS, LABELS, LIQUIBASE, DEPLOYMENT_ID) VALUES ('non-clustered_pk-3', 'R3.Corda', 'migration/node-core.changelog-pkey.xml', NOW(), 73, '7:9773a095cc1db7ea3a66e7e5565bb58e', 'dropPrimaryKey constraintName=node_message_ids_pkey, tableName=node_message_ids; addPrimaryKey constraintName=node_message_ids_pkey, tableName=node_message_ids', '', 'MARK_RAN', NULL, NULL, '3.5.4', '0860121299')
14:02:02.331 [Test worker] DEBUG liquibase - master.changelog.json: migration/node-core.changelog-pkey.xml::non-clustered_pk-4::R3.Corda: Running Changeset:migration/node-core.changelog-pkey.xml::non-clustered_pk-4::R3.Corda
14:02:02.337 [Test worker] DEBUG liquibase - master.changelog.json: migration/node-core.changelog-pkey.xml::non-clustered_pk-4::R3.Corda: Executing EXECUTE database command: INSERT INTO PUBLIC.DATABASECHANGELOG (ID, AUTHOR, FILENAME, DATEEXECUTED, ORDEREXECUTED, MD5SUM, DESCRIPTION, COMMENTS, EXECTYPE, CONTEXTS, LABELS, LIQUIBASE, DEPLOYMENT_ID) VALUES ('non-clustered_pk-4', 'R3.Corda', 'migration/node-core.changelog-pkey.xml', NOW(), 74, '7:f1e21d4abffbb24133e752eb9cd6a162', 'dropPrimaryKey constraintName=node_named_identities_pkey, tableName=node_named_identities; addPrimaryKey constraintName=node_named_identities_pkey, tableName=node_named_identities', '', 'MARK_RAN', NULL, NULL, '3.5.4', '0860121299')
14:02:02.338 [Test worker] DEBUG liquibase - master.changelog.json: migration/node-core.changelog-pkey.xml::non-clustered_pk-5::R3.Corda: Running Changeset:migration/node-core.changelog-pkey.xml::non-clustered_pk-5::R3.Corda
14:02:02.341 [Test worker] DEBUG liquibase - master.changelog.json: migration/node-core.changelog-pkey.xml::non-clustered_pk-5::R3.Corda: Executing EXECUTE database command: INSERT INTO PUBLIC.DATABASECHANGELOG (ID, AUTHOR, FILENAME, DATEEXECUTED, ORDEREXECUTED, MD5SUM, DESCRIPTION, COMMENTS, EXECTYPE, CONTEXTS, LABELS, LIQUIBASE, DEPLOYMENT_ID) VALUES ('non-clustered_pk-5', 'R3.Corda', 'migration/node-core.changelog-pkey.xml', NOW(), 75, '7:4ea09df2dbab99be33f8251a40d1c5a6', 'dropPrimaryKey constraintName=node_our_key_pairs_pkey, tableName=node_our_key_pairs; addPrimaryKey constraintName=node_our_key_pairs_pkey, tableName=node_our_key_pairs', '', 'MARK_RAN', NULL, NULL, '3.5.4', '0860121299')
14:02:02.342 [Test worker] DEBUG liquibase - master.changelog.json: migration/node-core.changelog-pkey.xml::non-clustered_pk-6::R3.Corda: Running Changeset:migration/node-core.changelog-pkey.xml::non-clustered_pk-6::R3.Corda
14:02:02.343 [Test worker] DEBUG liquibase - master.changelog.json: migration/node-core.changelog-pkey.xml::non-clustered_pk-6::R3.Corda: Executing EXECUTE database command: INSERT INTO PUBLIC.DATABASECHANGELOG (ID, AUTHOR, FILENAME, DATEEXECUTED, ORDEREXECUTED, MD5SUM, DESCRIPTION, COMMENTS, EXECTYPE, CONTEXTS, LABELS, LIQUIBASE, DEPLOYMENT_ID) VALUES ('non-clustered_pk-6', 'R3.Corda', 'migration/node-core.changelog-pkey.xml', NOW(), 76, '7:cb349ad07d3039e6d7d2f184988b954f', 'dropPrimaryKey constraintName=node_transaction_mappings_pkey, tableName=node_transaction_mappings; addPrimaryKey constraintName=node_transaction_mappings_pkey, tableName=node_transaction_mappings', '', 'MARK_RAN', NULL, NULL, '3.5.4', '0860121299')
14:02:02.344 [Test worker] DEBUG liquibase - master.changelog.json: migration/node-core.changelog-pkey.xml::non-clustered_pk-7::R3.Corda: Running Changeset:migration/node-core.changelog-pkey.xml::non-clustered_pk-7::R3.Corda
14:02:02.348 [Test worker] DEBUG liquibase - master.changelog.json: migration/node-core.changelog-pkey.xml::non-clustered_pk-7::R3.Corda: Executing EXECUTE database command: INSERT INTO PUBLIC.DATABASECHANGELOG (ID, AUTHOR, FILENAME, DATEEXECUTED, ORDEREXECUTED, MD5SUM, DESCRIPTION, COMMENTS, EXECTYPE, CONTEXTS, LABELS, LIQUIBASE, DEPLOYMENT_ID) VALUES ('non-clustered_pk-7', 'R3.Corda', 'migration/node-core.changelog-pkey.xml', NOW(), 77, '7:97c3ef240152c18129859ea5ae999c9e', 'dropPrimaryKey constraintName=node_transactions_pkey, tableName=node_transactions; addPrimaryKey constraintName=node_transactions_pkey, tableName=node_transactions', '', 'MARK_RAN', NULL, NULL, '3.5.4', '0860121299')
14:02:02.349 [Test worker] DEBUG liquibase - master.changelog.json: migration/node-core.changelog-v8.xml::conditional_attchments_rename::R3.Corda: Running Changeset:migration/node-core.changelog-v8.xml::conditional_attchments_rename::R3.Corda
14:02:02.349 [Test worker] DEBUG liquibase - master.changelog.json: migration/node-core.changelog-v8.xml::conditional_attchments_rename::R3.Corda: Changeset migration/node-core.changelog-v8.xml::conditional_attchments_rename::R3.Corda
14:02:02.435 [Test worker] INFO liquibase - master.changelog.json: migration/node-core.changelog-v8.xml::conditional_attchments_rename::R3.Corda: Marking ChangeSet: migration/node-core.changelog-v8.xml::conditional_attchments_rename::R3.Corda ran despite precondition failure due to onFail='MARK_RAN': 
          master.changelog.json : Table PUBLIC.NODE_ATTCHMENTS_CONTRACTS does not exist

14:02:02.436 [Test worker] DEBUG liquibase - master.changelog.json: migration/node-core.changelog-v8.xml::conditional_attchments_rename::R3.Corda: Skipping ChangeSet: migration/node-core.changelog-v8.xml::conditional_attchments_rename::R3.Corda
14:02:02.438 [Test worker] DEBUG liquibase - master.changelog.json: migration/node-core.changelog-v8.xml::conditional_attchments_rename::R3.Corda: Executing EXECUTE database command: INSERT INTO PUBLIC.DATABASECHANGELOG (ID, AUTHOR, FILENAME, DATEEXECUTED, ORDEREXECUTED, MD5SUM, DESCRIPTION, COMMENTS, EXECTYPE, CONTEXTS, LABELS, LIQUIBASE, DEPLOYMENT_ID) VALUES ('conditional_attchments_rename', 'R3.Corda', 'migration/node-core.changelog-v8.xml', NOW(), 78, '7:c7fcf1b072eb8882179623895abd6a53', 'renameTable newTableName=NODE_ATTACHMENTS_CONTRACTS, oldTableName=NODE_ATTCHMENTS_CONTRACTS', '', 'MARK_RAN', NULL, NULL, '3.5.4', '0860121299')
14:02:02.440 [Test worker] DEBUG liquibase - master.changelog.json: migration/node-core.changelog-v8.xml::conditional_attchments_contracts::R3.Corda: Running Changeset:migration/node-core.changelog-v8.xml::conditional_attchments_contracts::R3.Corda
14:02:02.440 [Test worker] DEBUG liquibase - master.changelog.json: migration/node-core.changelog-v8.xml::conditional_attchments_contracts::R3.Corda: Changeset migration/node-core.changelog-v8.xml::conditional_attchments_contracts::R3.Corda
14:02:02.489 [Test worker] INFO liquibase - master.changelog.json: migration/node-core.changelog-v8.xml::conditional_attchments_contracts::R3.Corda: Marking ChangeSet: migration/node-core.changelog-v8.xml::conditional_attchments_contracts::R3.Corda ran despite precondition failure due to onFail='MARK_RAN': 
          master.changelog.json : Table PUBLIC.NODE_ATTACHMENTS_CONTRACT_CLASS_NAME does not exist

14:02:02.489 [Test worker] DEBUG liquibase - master.changelog.json: migration/node-core.changelog-v8.xml::conditional_attchments_contracts::R3.Corda: Skipping ChangeSet: migration/node-core.changelog-v8.xml::conditional_attchments_contracts::R3.Corda
14:02:02.490 [Test worker] DEBUG liquibase - master.changelog.json: migration/node-core.changelog-v8.xml::conditional_attchments_contracts::R3.Corda: Executing EXECUTE database command: INSERT INTO PUBLIC.DATABASECHANGELOG (ID, AUTHOR, FILENAME, DATEEXECUTED, ORDEREXECUTED, MD5SUM, DESCRIPTION, COMMENTS, EXECTYPE, CONTEXTS, LABELS, LIQUIBASE, DEPLOYMENT_ID) VALUES ('conditional_attchments_contracts', 'R3.Corda', 'migration/node-core.changelog-v8.xml', NOW(), 79, '7:9ec85543b6baac8a877ad21f063a5b13', 'renameTable newTableName=NODE_ATTACHMENTS_CONTRACTS, oldTableName=NODE_ATTACHMENTS_CONTRACT_CLASS_NAME', '', 'MARK_RAN', NULL, NULL, '3.5.4', '0860121299')
14:02:02.491 [Test worker] DEBUG liquibase - master.changelog.json: migration/node-core.changelog-v8.xml::add_signers::R3.Corda: Running Changeset:migration/node-core.changelog-v8.xml::add_signers::R3.Corda
14:02:02.491 [Test worker] DEBUG liquibase - master.changelog.json: migration/node-core.changelog-v8.xml::add_signers::R3.Corda: Changeset migration/node-core.changelog-v8.xml::add_signers::R3.Corda
14:02:02.491 [Test worker] DEBUG liquibase - master.changelog.json: migration/node-core.changelog-v8.xml::add_signers::R3.Corda: Reading ChangeSet: migration/node-core.changelog-v8.xml::add_signers::R3.Corda
14:02:02.491 [Test worker] DEBUG liquibase - master.changelog.json: migration/node-core.changelog-v8.xml::add_signers::R3.Corda: Executing Statement: liquibase.statement.core.CreateTableStatement@72c4dd30
14:02:02.491 [Test worker] DEBUG liquibase - master.changelog.json: migration/node-core.changelog-v8.xml::add_signers::R3.Corda: Executing EXECUTE database command: CREATE TABLE PUBLIC.node_attachments_signers (att_id NVARCHAR(255) NOT NULL, signer NVARCHAR(1024))
14:02:02.494 [Test worker] INFO liquibase - master.changelog.json: migration/node-core.changelog-v8.xml::add_signers::R3.Corda: Table node_attachments_signers created
14:02:02.494 [Test worker] DEBUG liquibase - master.changelog.json: migration/node-core.changelog-v8.xml::add_signers::R3.Corda: Executing Statement: liquibase.statement.core.AddForeignKeyConstraintStatement@48babb95
14:02:02.494 [Test worker] DEBUG liquibase - master.changelog.json: migration/node-core.changelog-v8.xml::add_signers::R3.Corda: Executing EXECUTE database command: ALTER TABLE PUBLIC.node_attachments_signers ADD CONSTRAINT FK__signers__attachments FOREIGN KEY (att_id) REFERENCES PUBLIC.node_attachments (att_id)
14:02:02.496 [Test worker] INFO liquibase - master.changelog.json: migration/node-core.changelog-v8.xml::add_signers::R3.Corda: Foreign key constraint added to node_attachments_signers (att_id)
14:02:02.496 [Test worker] INFO liquibase - master.changelog.json: migration/node-core.changelog-v8.xml::add_signers::R3.Corda: ChangeSet migration/node-core.changelog-v8.xml::add_signers::R3.Corda ran successfully in 5ms
14:02:02.497 [Test worker] DEBUG liquibase - master.changelog.json: migration/node-core.changelog-v8.xml::add_signers::R3.Corda: Executing EXECUTE database command: INSERT INTO PUBLIC.DATABASECHANGELOG (ID, AUTHOR, FILENAME, DATEEXECUTED, ORDEREXECUTED, MD5SUM, DESCRIPTION, COMMENTS, EXECTYPE, CONTEXTS, LABELS, LIQUIBASE, DEPLOYMENT_ID) VALUES ('add_signers', 'R3.Corda', 'migration/node-core.changelog-v8.xml', NOW(), 80, '7:d1356cd65d19937b81284ea078998d84', 'createTable tableName=node_attachments_signers; addForeignKeyConstraint baseTableName=node_attachments_signers, constraintName=FK__signers__attachments, referencedTableName=node_attachments', '', 'EXECUTED', NULL, NULL, '3.5.4', '0860121299')
14:02:02.498 [Test worker] DEBUG liquibase - master.changelog.json: migration/node-core.changelog-tx-mapping.xml::add_tx_mapping_column::R3.Corda: Running Changeset:migration/node-core.changelog-tx-mapping.xml::add_tx_mapping_column::R3.Corda
14:02:02.498 [Test worker] DEBUG liquibase - master.changelog.json: migration/node-core.changelog-tx-mapping.xml::add_tx_mapping_column::R3.Corda: Changeset migration/node-core.changelog-tx-mapping.xml::add_tx_mapping_column::R3.Corda
14:02:02.499 [Test worker] DEBUG liquibase - master.changelog.json: migration/node-core.changelog-tx-mapping.xml::add_tx_mapping_column::R3.Corda: Reading ChangeSet: migration/node-core.changelog-tx-mapping.xml::add_tx_mapping_column::R3.Corda
14:02:02.499 [Test worker] DEBUG liquibase - master.changelog.json: migration/node-core.changelog-tx-mapping.xml::add_tx_mapping_column::R3.Corda: Executing Statement: liquibase.statement.core.AddColumnStatement@adf0721
14:02:02.499 [Test worker] DEBUG liquibase - master.changelog.json: migration/node-core.changelog-tx-mapping.xml::add_tx_mapping_column::R3.Corda: Executing EXECUTE database command: ALTER TABLE PUBLIC.node_transactions ADD state_machine_run_id NVARCHAR(36)
14:02:02.515 [Test worker] INFO liquibase - master.changelog.json: migration/node-core.changelog-tx-mapping.xml::add_tx_mapping_column::R3.Corda: Columns state_machine_run_id(NVARCHAR(36)) added to node_transactions
14:02:02.521 [Test worker] DEBUG liquibase - master.changelog.json: migration/node-core.changelog-tx-mapping.xml::add_tx_mapping_column::R3.Corda: Executing Statement: update node_transactions set state_machine_run_id=(select state_machine_run_id from
            node_transaction_mappings where node_transactions.tx_id = node_transaction_mappings.tx_id)
14:02:02.521 [Test worker] DEBUG liquibase - master.changelog.json: migration/node-core.changelog-tx-mapping.xml::add_tx_mapping_column::R3.Corda: Executing EXECUTE database command: update node_transactions set state_machine_run_id=(select state_machine_run_id from
            node_transaction_mappings where node_transactions.tx_id = node_transaction_mappings.tx_id)
14:02:02.523 [Test worker] INFO liquibase - master.changelog.json: migration/node-core.changelog-tx-mapping.xml::add_tx_mapping_column::R3.Corda: Custom SQL executed
14:02:02.524 [Test worker] DEBUG liquibase - master.changelog.json: migration/node-core.changelog-tx-mapping.xml::add_tx_mapping_column::R3.Corda: Executing Statement: liquibase.statement.core.DropTableStatement@3f01777c
14:02:02.524 [Test worker] DEBUG liquibase - master.changelog.json: migration/node-core.changelog-tx-mapping.xml::add_tx_mapping_column::R3.Corda: Executing EXECUTE database command: DROP TABLE PUBLIC.node_transaction_mappings
14:02:02.524 [Test worker] INFO liquibase - master.changelog.json: migration/node-core.changelog-tx-mapping.xml::add_tx_mapping_column::R3.Corda: Table node_transaction_mappings dropped
14:02:02.524 [Test worker] INFO liquibase - master.changelog.json: migration/node-core.changelog-tx-mapping.xml::add_tx_mapping_column::R3.Corda: ChangeSet migration/node-core.changelog-tx-mapping.xml::add_tx_mapping_column::R3.Corda ran successfully in 26ms
14:02:02.526 [Test worker] DEBUG liquibase - master.changelog.json: migration/node-core.changelog-tx-mapping.xml::add_tx_mapping_column::R3.Corda: Executing EXECUTE database command: INSERT INTO PUBLIC.DATABASECHANGELOG (ID, AUTHOR, FILENAME, DATEEXECUTED, ORDEREXECUTED, MD5SUM, DESCRIPTION, COMMENTS, EXECTYPE, CONTEXTS, LABELS, LIQUIBASE, DEPLOYMENT_ID) VALUES ('add_tx_mapping_column', 'R3.Corda', 'migration/node-core.changelog-tx-mapping.xml', NOW(), 81, '7:a0995593179aec45250c383611edd1e2', 'addColumn tableName=node_transactions; sql; dropTable tableName=node_transaction_mappings', '', 'EXECUTED', NULL, NULL, '3.5.4', '0860121299')
14:02:02.527 [Test worker] DEBUG liquibase - master.changelog.json: migration/node-services.changelog-init.xml::add_network_parameters_storage::R3.Corda: Running Changeset:migration/node-services.changelog-init.xml::add_network_parameters_storage::R3.Corda
14:02:02.527 [Test worker] DEBUG liquibase - master.changelog.json: migration/node-services.changelog-init.xml::add_network_parameters_storage::R3.Corda: Changeset migration/node-services.changelog-init.xml::add_network_parameters_storage::R3.Corda
14:02:02.527 [Test worker] DEBUG liquibase - master.changelog.json: migration/node-services.changelog-init.xml::add_network_parameters_storage::R3.Corda: Reading ChangeSet: migration/node-services.changelog-init.xml::add_network_parameters_storage::R3.Corda
14:02:02.527 [Test worker] DEBUG liquibase - master.changelog.json: migration/node-services.changelog-init.xml::add_network_parameters_storage::R3.Corda: Executing Statement: liquibase.statement.core.CreateTableStatement@71a9b38b
14:02:02.527 [Test worker] DEBUG liquibase - master.changelog.json: migration/node-services.changelog-init.xml::add_network_parameters_storage::R3.Corda: Executing EXECUTE database command: CREATE TABLE PUBLIC.node_network_parameters (hash NVARCHAR(130) NOT NULL, epoch INT NOT NULL, parameters_bytes BLOB NOT NULL, signature_bytes BLOB NOT NULL, cert BLOB NOT NULL, parent_cert_path BLOB NOT NULL)
14:02:02.531 [Test worker] INFO liquibase - master.changelog.json: migration/node-services.changelog-init.xml::add_network_parameters_storage::R3.Corda: Table node_network_parameters created
14:02:02.531 [Test worker] INFO liquibase - master.changelog.json: migration/node-services.changelog-init.xml::add_network_parameters_storage::R3.Corda: ChangeSet migration/node-services.changelog-init.xml::add_network_parameters_storage::R3.Corda ran successfully in 4ms
14:02:02.539 [Test worker] DEBUG liquibase - master.changelog.json: migration/node-services.changelog-init.xml::add_network_parameters_storage::R3.Corda: Executing EXECUTE database command: INSERT INTO PUBLIC.DATABASECHANGELOG (ID, AUTHOR, FILENAME, DATEEXECUTED, ORDEREXECUTED, MD5SUM, DESCRIPTION, COMMENTS, EXECTYPE, CONTEXTS, LABELS, LIQUIBASE, DEPLOYMENT_ID) VALUES ('add_network_parameters_storage', 'R3.Corda', 'migration/node-services.changelog-init.xml', NOW(), 82, '7:8d5882f94d9f58647903210994573073', 'createTable tableName=node_network_parameters', '', 'EXECUTED', NULL, NULL, '3.5.4', '0860121299')
14:02:02.541 [Test worker] DEBUG liquibase - master.changelog.json: migration/node-services.changelog-init.xml::network_parameters_pk::R3.Corda: Running Changeset:migration/node-services.changelog-init.xml::network_parameters_pk::R3.Corda
14:02:02.541 [Test worker] DEBUG liquibase - master.changelog.json: migration/node-services.changelog-init.xml::network_parameters_pk::R3.Corda: Changeset migration/node-services.changelog-init.xml::network_parameters_pk::R3.Corda
14:02:02.542 [Test worker] DEBUG liquibase - master.changelog.json: migration/node-services.changelog-init.xml::network_parameters_pk::R3.Corda: Reading ChangeSet: migration/node-services.changelog-init.xml::network_parameters_pk::R3.Corda
14:02:02.542 [Test worker] DEBUG liquibase - master.changelog.json: migration/node-services.changelog-init.xml::network_parameters_pk::R3.Corda: Executing Statement: liquibase.statement.core.AddPrimaryKeyStatement@1831160b
14:02:02.542 [Test worker] DEBUG liquibase - master.changelog.json: migration/node-services.changelog-init.xml::network_parameters_pk::R3.Corda: Executing EXECUTE database command: ALTER TABLE PUBLIC.node_network_parameters ADD CONSTRAINT node_network_parameters_pkey PRIMARY KEY (hash)
14:02:02.543 [Test worker] INFO liquibase - master.changelog.json: migration/node-services.changelog-init.xml::network_parameters_pk::R3.Corda: Primary key added to node_network_parameters (hash)
14:02:02.543 [Test worker] INFO liquibase - master.changelog.json: migration/node-services.changelog-init.xml::network_parameters_pk::R3.Corda: ChangeSet migration/node-services.changelog-init.xml::network_parameters_pk::R3.Corda ran successfully in 2ms
14:02:02.545 [Test worker] DEBUG liquibase - master.changelog.json: migration/node-services.changelog-init.xml::network_parameters_pk::R3.Corda: Executing EXECUTE database command: INSERT INTO PUBLIC.DATABASECHANGELOG (ID, AUTHOR, FILENAME, DATEEXECUTED, ORDEREXECUTED, MD5SUM, DESCRIPTION, COMMENTS, EXECTYPE, CONTEXTS, LABELS, LIQUIBASE, DEPLOYMENT_ID) VALUES ('network_parameters_pk', 'R3.Corda', 'migration/node-services.changelog-init.xml', NOW(), 83, '7:71635301bd498e4d52b02988795348e6', 'addPrimaryKey constraintName=node_network_parameters_pkey, tableName=node_network_parameters', '', 'EXECUTED', NULL, NULL, '3.5.4', '0860121299')
14:02:02.548 [Test worker] DEBUG liquibase - master.changelog.json: migration/node-services.changelog-init.xml::add_version_column::R3.Corda: Running Changeset:migration/node-services.changelog-init.xml::add_version_column::R3.Corda
14:02:02.548 [Test worker] DEBUG liquibase - master.changelog.json: migration/node-services.changelog-init.xml::add_version_column::R3.Corda: Changeset migration/node-services.changelog-init.xml::add_version_column::R3.Corda
14:02:02.548 [Test worker] DEBUG liquibase - master.changelog.json: migration/node-services.changelog-init.xml::add_version_column::R3.Corda: Reading ChangeSet: migration/node-services.changelog-init.xml::add_version_column::R3.Corda
14:02:02.548 [Test worker] DEBUG liquibase - master.changelog.json: migration/node-services.changelog-init.xml::add_version_column::R3.Corda: Executing Statement: liquibase.statement.core.AddColumnStatement@4548bde9
14:02:02.548 [Test worker] DEBUG liquibase - master.changelog.json: migration/node-services.changelog-init.xml::add_version_column::R3.Corda: Executing EXECUTE database command: ALTER TABLE PUBLIC.node_attachments ADD version INT
14:02:02.556 [Test worker] INFO liquibase - master.changelog.json: migration/node-services.changelog-init.xml::add_version_column::R3.Corda: Columns version(INT) added to node_attachments
14:02:02.557 [Test worker] DEBUG liquibase - master.changelog.json: migration/node-services.changelog-init.xml::add_version_column::R3.Corda: Executing Statement: update node_attachments set version = 1
14:02:02.557 [Test worker] DEBUG liquibase - master.changelog.json: migration/node-services.changelog-init.xml::add_version_column::R3.Corda: Executing EXECUTE database command: update node_attachments set version = 1
14:02:02.558 [Test worker] INFO liquibase - master.changelog.json: migration/node-services.changelog-init.xml::add_version_column::R3.Corda: Custom SQL executed
14:02:02.558 [Test worker] DEBUG liquibase - master.changelog.json: migration/node-services.changelog-init.xml::add_version_column::R3.Corda: Executing Statement: liquibase.statement.core.SetNullableStatement@b8f2fb7
14:02:02.558 [Test worker] DEBUG liquibase - master.changelog.json: migration/node-services.changelog-init.xml::add_version_column::R3.Corda: Executing EXECUTE database command: ALTER TABLE PUBLIC.node_attachments ALTER COLUMN version SET NOT NULL
14:02:02.561 [Test worker] INFO liquibase - master.changelog.json: migration/node-services.changelog-init.xml::add_version_column::R3.Corda: Null constraint has been added to node_attachments.version
14:02:02.562 [Test worker] INFO liquibase - master.changelog.json: migration/node-services.changelog-init.xml::add_version_column::R3.Corda: ChangeSet migration/node-services.changelog-init.xml::add_version_column::R3.Corda ran successfully in 14ms
14:02:02.564 [Test worker] DEBUG liquibase - master.changelog.json: migration/node-services.changelog-init.xml::add_version_column::R3.Corda: Executing EXECUTE database command: INSERT INTO PUBLIC.DATABASECHANGELOG (ID, AUTHOR, FILENAME, DATEEXECUTED, ORDEREXECUTED, MD5SUM, DESCRIPTION, COMMENTS, EXECTYPE, CONTEXTS, LABELS, LIQUIBASE, DEPLOYMENT_ID) VALUES ('add_version_column', 'R3.Corda', 'migration/node-services.changelog-init.xml', NOW(), 84, '7:7d7fb1c90fa05b5fc3b938fd7c520344', 'addColumn tableName=node_attachments; sql; addNotNullConstraint columnName=version, tableName=node_attachments', '', 'EXECUTED', NULL, NULL, '3.5.4', '0860121299')
14:02:02.568 [Test worker] DEBUG liquibase - master.changelog.json: migration/node-services.changelog-init.xml::update-version-of-whitelisted-jars::R3.Corda: Running Changeset:migration/node-services.changelog-init.xml::update-version-of-whitelisted-jars::R3.Corda
14:02:02.568 [Test worker] DEBUG liquibase - master.changelog.json: migration/node-services.changelog-init.xml::update-version-of-whitelisted-jars::R3.Corda: Changeset migration/node-services.changelog-init.xml::update-version-of-whitelisted-jars::R3.Corda
14:02:02.568 [Test worker] DEBUG liquibase - master.changelog.json: migration/node-services.changelog-init.xml::update-version-of-whitelisted-jars::R3.Corda: Reading ChangeSet: migration/node-services.changelog-init.xml::update-version-of-whitelisted-jars::R3.Corda
14:02:02.568 [Test worker] DEBUG liquibase - master.changelog.json: migration/node-services.changelog-init.xml::update-version-of-whitelisted-jars::R3.Corda: WARNING The following SQL may change each run and therefore is possibly incorrect and/or invalid:
14:02:02.568 [Test worker] INFO net.corda.nodeapi.internal.persistence.AttachmentVersionNumberMigration - Start executing...
14:02:02.579 [Test worker] INFO net.corda.nodeapi.internal.persistence.AttachmentVersionNumberMigration - Attachment version creation from whitelisted JARs using network parameters from build\mock-network\20191012-060133.950\nodes\0\network-parameters, whitelistedContractImplementations: {}.
14:02:02.579 [Test worker] INFO net.corda.nodeapi.internal.persistence.AttachmentVersionNumberMigration - Attachment version creation from whitelisted JARs skipped, no attachments not found.
14:02:02.579 [Test worker] INFO liquibase - master.changelog.json: migration/node-services.changelog-init.xml::update-version-of-whitelisted-jars::R3.Corda: null
14:02:02.580 [Test worker] INFO liquibase - master.changelog.json: migration/node-services.changelog-init.xml::update-version-of-whitelisted-jars::R3.Corda: ChangeSet migration/node-services.changelog-init.xml::update-version-of-whitelisted-jars::R3.Corda ran successfully in 12ms
14:02:02.581 [Test worker] DEBUG liquibase - master.changelog.json: migration/node-services.changelog-init.xml::update-version-of-whitelisted-jars::R3.Corda: Executing EXECUTE database command: INSERT INTO PUBLIC.DATABASECHANGELOG (ID, AUTHOR, FILENAME, DATEEXECUTED, ORDEREXECUTED, MD5SUM, DESCRIPTION, COMMENTS, EXECTYPE, CONTEXTS, LABELS, LIQUIBASE, DEPLOYMENT_ID) VALUES ('update-version-of-whitelisted-jars', 'R3.Corda', 'migration/node-services.changelog-init.xml', NOW(), 85, '7:706b589854273bdf703c4ed7a2a9191b', 'customChange', '', 'EXECUTED', NULL, NULL, '3.5.4', '0860121299')
14:02:02.582 [Test worker] DEBUG liquibase - master.changelog.json: migration/vault-schema.changelog-v9.xml::update-vault-states::R3.Corda: Running Changeset:migration/vault-schema.changelog-v9.xml::update-vault-states::R3.Corda
14:02:02.582 [Test worker] DEBUG liquibase - master.changelog.json: migration/vault-schema.changelog-v9.xml::update-vault-states::R3.Corda: Changeset migration/vault-schema.changelog-v9.xml::update-vault-states::R3.Corda
14:02:02.582 [Test worker] DEBUG liquibase - master.changelog.json: migration/vault-schema.changelog-v9.xml::update-vault-states::R3.Corda: Reading ChangeSet: migration/vault-schema.changelog-v9.xml::update-vault-states::R3.Corda
14:02:02.582 [Test worker] DEBUG liquibase - master.changelog.json: migration/vault-schema.changelog-v9.xml::update-vault-states::R3.Corda: WARNING The following SQL may change each run and therefore is possibly incorrect and/or invalid:
14:02:02.582 [Test worker] INFO net.corda.node.migration.VaultStateMigration - Migrating vault state data to V4 tables
14:02:02.784 [Test worker] INFO net.corda.nodeapi.internal.persistence.HibernateConfiguration - Init HibernateConfiguration for schemas: [VaultMigrationSchemaV1(name=net.corda.node.migration.VaultMigrationSchema, version=1), VaultSchemaV1(name=net.corda.node.services.vault.VaultSchema, version=1)]
14:02:02.821 [Test worker] INFO net.corda.nodeapi.internal.persistence.HibernateConfiguration - Creating session factory for schemas: [VaultMigrationSchemaV1(name=net.corda.node.migration.VaultMigrationSchema, version=1), VaultSchemaV1(name=net.corda.node.services.vault.VaultSchema, version=1)]
?[37m[INFO] 14:02:03,239 [Test worker] hibernate.Version.logVersion - HHH000412: Hibernate Core {5.3.6.Final}
?[m?[37m[INFO] 14:02:03,242 [Test worker] cfg.Environment.<clinit> - HHH000206: hibernate.properties not found
?[m?[37m[INFO] 14:02:03,473 [Test worker] common.Version.<clinit> - HCANN000001: Hibernate Commons Annotations {5.0.4.Final}
?[m?[37m[INFO] 14:02:03,878 [Test worker] internal.ConnectionProviderInitiator.initiateService - HHH000130: Instantiating explicit connection provider: net.corda.nodeapi.internal.persistence.HibernateConfiguration$NodeDatabaseConnectionProvider
?[m?[37m[INFO] 14:02:03,945 [Test worker] dialect.Dialect.<init> - HHH000400: Using dialect: org.hibernate.dialect.H2Dialect
?[m?[37m[INFO] 14:02:04,081 [Test worker] type.BasicTypeRegistry.register - HHH000270: Type registration [materialized_blob] overrides previous : org.hibernate.type.MaterializedBlobType@1a028fcc
?[m?[37m[INFO] 14:02:05,839 [Test worker] connections.access.getIsolatedConnection - HHH10001501: Connection obtained from JdbcConnectionAccess [org.hibernate.engine.jdbc.env.internal.JdbcEnvironmentInitiator$ConnectionProviderJdbcConnectionAccess@5eea8d08] for (non-JTA) DDL execution was not in auto-commit mode; the Connection 'local transaction' will be committed and the Connection will be set into auto-commit mode.
?[m14:02:06.019 [Test worker] INFO net.corda.nodeapi.internal.persistence.HibernateConfiguration - Created session factory for schemas: [VaultMigrationSchemaV1(name=net.corda.node.migration.VaultMigrationSchema, version=1), VaultSchemaV1(name=net.corda.node.services.vault.VaultSchema, version=1)]
?[37m[INFO] 14:02:06,506 [Test worker] internal.QueryTranslatorFactoryInitiator.initiateService - HHH000397: Using ASTQueryTranslatorFactory
?[m14:02:07.014 [Test worker] DEBUG net.corda.node.migration.VaultStateIterator - Found 0 total states in the vault
14:02:07.026 [Test worker] DEBUG net.corda.node.migration.VaultStateIterator - Loaded page 1 of 0. Current page has 0 vault states
14:02:07.033 [Test worker] INFO net.corda.node.migration.VaultStateMigration - Finished performing vault state data migration for 0 states
14:02:07.033 [Test worker] INFO liquibase - master.changelog.json: migration/vault-schema.changelog-v9.xml::update-vault-states::R3.Corda: null
14:02:07.033 [Test worker] INFO liquibase - master.changelog.json: migration/vault-schema.changelog-v9.xml::update-vault-states::R3.Corda: ChangeSet migration/vault-schema.changelog-v9.xml::update-vault-states::R3.Corda ran successfully in 4451ms
14:02:07.035 [Test worker] DEBUG liquibase - master.changelog.json: migration/vault-schema.changelog-v9.xml::update-vault-states::R3.Corda: Executing EXECUTE database command: INSERT INTO PUBLIC.DATABASECHANGELOG (ID, AUTHOR, FILENAME, DATEEXECUTED, ORDEREXECUTED, MD5SUM, DESCRIPTION, COMMENTS, EXECTYPE, CONTEXTS, LABELS, LIQUIBASE, DEPLOYMENT_ID) VALUES ('update-vault-states', 'R3.Corda', 'migration/vault-schema.changelog-v9.xml', NOW(), 86, '7:b005d9ddca6ae24f7eb8c275fb095a30', 'customChange', '', 'EXECUTED', NULL, NULL, '3.5.4', '0860121299')
14:02:07.036 [Test worker] DEBUG liquibase - master.changelog.json: migration/node-services.changelog-init.xml::1511451595465-16::R3.Corda: Running Changeset:migration/node-services.changelog-init.xml::1511451595465-16::R3.Corda
14:02:07.036 [Test worker] DEBUG liquibase - master.changelog.json: migration/node-services.changelog-init.xml::1511451595465-16::R3.Corda: Changeset migration/node-services.changelog-init.xml::1511451595465-16::R3.Corda
14:02:07.036 [Test worker] DEBUG liquibase - master.changelog.json: migration/node-services.changelog-init.xml::1511451595465-16::R3.Corda: Reading ChangeSet: migration/node-services.changelog-init.xml::1511451595465-16::R3.Corda
14:02:07.037 [Test worker] DEBUG liquibase - master.changelog.json: migration/node-services.changelog-init.xml::1511451595465-16::R3.Corda: Executing Statement: liquibase.statement.core.CreateTableStatement@586e94c
14:02:07.037 [Test worker] DEBUG liquibase - master.changelog.json: migration/node-services.changelog-init.xml::1511451595465-16::R3.Corda: Executing EXECUTE database command: CREATE TABLE PUBLIC.node_notary_committed_states (output_index INT NOT NULL, transaction_id NVARCHAR(64) NOT NULL, consuming_transaction_id NVARCHAR(64))
14:02:07.037 [Test worker] INFO liquibase - master.changelog.json: migration/node-services.changelog-init.xml::1511451595465-16::R3.Corda: Table node_notary_committed_states created
14:02:07.038 [Test worker] INFO liquibase - master.changelog.json: migration/node-services.changelog-init.xml::1511451595465-16::R3.Corda: ChangeSet migration/node-services.changelog-init.xml::1511451595465-16::R3.Corda ran successfully in 1ms
14:02:07.039 [Test worker] DEBUG liquibase - master.changelog.json: migration/node-services.changelog-init.xml::1511451595465-16::R3.Corda: Executing EXECUTE database command: INSERT INTO PUBLIC.DATABASECHANGELOG (ID, AUTHOR, FILENAME, DATEEXECUTED, ORDEREXECUTED, MD5SUM, DESCRIPTION, COMMENTS, EXECTYPE, CONTEXTS, LABELS, LIQUIBASE, DEPLOYMENT_ID) VALUES ('1511451595465-16', 'R3.Corda', 'migration/node-services.changelog-init.xml', NOW(), 87, '7:5c7ac7279dab2acb4d0dcbdf797c036f', 'createTable tableName=node_notary_committed_states', '', 'EXECUTED', NULL, NULL, '3.5.4', '0860121299')
14:02:07.040 [Test worker] DEBUG liquibase - master.changelog.json: migration/node-services.changelog-init.xml::1521131680317-17::R3.Corda: Running Changeset:migration/node-services.changelog-init.xml::1521131680317-17::R3.Corda
14:02:07.040 [Test worker] DEBUG liquibase - master.changelog.json: migration/node-services.changelog-init.xml::1521131680317-17::R3.Corda: Changeset migration/node-services.changelog-init.xml::1521131680317-17::R3.Corda
14:02:07.040 [Test worker] DEBUG liquibase - master.changelog.json: migration/node-services.changelog-init.xml::1521131680317-17::R3.Corda: Reading ChangeSet: migration/node-services.changelog-init.xml::1521131680317-17::R3.Corda
14:02:07.040 [Test worker] DEBUG liquibase - master.changelog.json: migration/node-services.changelog-init.xml::1521131680317-17::R3.Corda: Executing Statement: liquibase.statement.core.CreateTableStatement@558931e9
14:02:07.041 [Test worker] DEBUG liquibase - master.changelog.json: migration/node-services.changelog-init.xml::1521131680317-17::R3.Corda: Executing EXECUTE database command: CREATE TABLE PUBLIC.node_notary_request_log (id INT NOT NULL, consuming_transaction_id NVARCHAR(64) NOT NULL, requesting_party_name NVARCHAR(255) NOT NULL, request_timestamp TIMESTAMP NOT NULL, request_signature BLOB NOT NULL)
14:02:07.041 [Test worker] INFO liquibase - master.changelog.json: migration/node-services.changelog-init.xml::1521131680317-17::R3.Corda: Table node_notary_request_log created
14:02:07.041 [Test worker] INFO liquibase - master.changelog.json: migration/node-services.changelog-init.xml::1521131680317-17::R3.Corda: ChangeSet migration/node-services.changelog-init.xml::1521131680317-17::R3.Corda ran successfully in 1ms
14:02:07.042 [Test worker] DEBUG liquibase - master.changelog.json: migration/node-services.changelog-init.xml::1521131680317-17::R3.Corda: Executing EXECUTE database command: INSERT INTO PUBLIC.DATABASECHANGELOG (ID, AUTHOR, FILENAME, DATEEXECUTED, ORDEREXECUTED, MD5SUM, DESCRIPTION, COMMENTS, EXECTYPE, CONTEXTS, LABELS, LIQUIBASE, DEPLOYMENT_ID) VALUES ('1521131680317-17', 'R3.Corda', 'migration/node-services.changelog-init.xml', NOW(), 88, '7:812748518bda4473ccce38efcf6eb73c', 'createTable tableName=node_notary_request_log', '', 'EXECUTED', NULL, NULL, '3.5.4', '0860121299')
14:02:07.043 [Test worker] DEBUG liquibase - master.changelog.json: migration/node-services.changelog-init.xml::1511451595465-41::R3.Corda: Running Changeset:migration/node-services.changelog-init.xml::1511451595465-41::R3.Corda
14:02:07.043 [Test worker] DEBUG liquibase - master.changelog.json: migration/node-services.changelog-init.xml::1511451595465-41::R3.Corda: Changeset migration/node-services.changelog-init.xml::1511451595465-41::R3.Corda
14:02:07.043 [Test worker] DEBUG liquibase - master.changelog.json: migration/node-services.changelog-init.xml::1511451595465-41::R3.Corda: Reading ChangeSet: migration/node-services.changelog-init.xml::1511451595465-41::R3.Corda
14:02:07.044 [Test worker] DEBUG liquibase - master.changelog.json: migration/node-services.changelog-init.xml::1511451595465-41::R3.Corda: Executing Statement: liquibase.statement.core.AddPrimaryKeyStatement@214952fb
14:02:07.044 [Test worker] DEBUG liquibase - master.changelog.json: migration/node-services.changelog-init.xml::1511451595465-41::R3.Corda: Executing EXECUTE database command: ALTER TABLE PUBLIC.node_notary_committed_states ADD CONSTRAINT node_notary_states_pkey PRIMARY KEY (output_index, transaction_id)
14:02:07.045 [Test worker] INFO liquibase - master.changelog.json: migration/node-services.changelog-init.xml::1511451595465-41::R3.Corda: Primary key added to node_notary_committed_states (output_index, transaction_id)
14:02:07.045 [Test worker] INFO liquibase - master.changelog.json: migration/node-services.changelog-init.xml::1511451595465-41::R3.Corda: ChangeSet migration/node-services.changelog-init.xml::1511451595465-41::R3.Corda ran successfully in 2ms
14:02:07.046 [Test worker] DEBUG liquibase - master.changelog.json: migration/node-services.changelog-init.xml::1511451595465-41::R3.Corda: Executing EXECUTE database command: INSERT INTO PUBLIC.DATABASECHANGELOG (ID, AUTHOR, FILENAME, DATEEXECUTED, ORDEREXECUTED, MD5SUM, DESCRIPTION, COMMENTS, EXECTYPE, CONTEXTS, LABELS, LIQUIBASE, DEPLOYMENT_ID) VALUES ('1511451595465-41', 'R3.Corda', 'migration/node-services.changelog-init.xml', NOW(), 89, '7:eb7b8bdb4606f88d644198a38bca7b58', 'addPrimaryKey constraintName=node_notary_states_pkey, tableName=node_notary_committed_states', '', 'EXECUTED', NULL, NULL, '3.5.4', '0860121299')
14:02:07.047 [Test worker] DEBUG liquibase - master.changelog.json: migration/node-services.changelog-init.xml::1521131680317-48::R3.Corda: Running Changeset:migration/node-services.changelog-init.xml::1521131680317-48::R3.Corda
14:02:07.047 [Test worker] DEBUG liquibase - master.changelog.json: migration/node-services.changelog-init.xml::1521131680317-48::R3.Corda: Changeset migration/node-services.changelog-init.xml::1521131680317-48::R3.Corda
14:02:07.047 [Test worker] DEBUG liquibase - master.changelog.json: migration/node-services.changelog-init.xml::1521131680317-48::R3.Corda: Reading ChangeSet: migration/node-services.changelog-init.xml::1521131680317-48::R3.Corda
14:02:07.047 [Test worker] DEBUG liquibase - master.changelog.json: migration/node-services.changelog-init.xml::1521131680317-48::R3.Corda: Executing Statement: liquibase.statement.core.AddPrimaryKeyStatement@7e0d9e44
14:02:07.047 [Test worker] DEBUG liquibase - master.changelog.json: migration/node-services.changelog-init.xml::1521131680317-48::R3.Corda: Executing EXECUTE database command: ALTER TABLE PUBLIC.node_notary_request_log ADD CONSTRAINT node_notary_request_log_pkey PRIMARY KEY (id)
14:02:07.048 [Test worker] INFO liquibase - master.changelog.json: migration/node-services.changelog-init.xml::1521131680317-48::R3.Corda: Primary key added to node_notary_request_log (id)
14:02:07.048 [Test worker] INFO liquibase - master.changelog.json: migration/node-services.changelog-init.xml::1521131680317-48::R3.Corda: ChangeSet migration/node-services.changelog-init.xml::1521131680317-48::R3.Corda ran successfully in 1ms
14:02:07.049 [Test worker] DEBUG liquibase - master.changelog.json: migration/node-services.changelog-init.xml::1521131680317-48::R3.Corda: Executing EXECUTE database command: INSERT INTO PUBLIC.DATABASECHANGELOG (ID, AUTHOR, FILENAME, DATEEXECUTED, ORDEREXECUTED, MD5SUM, DESCRIPTION, COMMENTS, EXECTYPE, CONTEXTS, LABELS, LIQUIBASE, DEPLOYMENT_ID) VALUES ('1521131680317-48', 'R3.Corda', 'migration/node-services.changelog-init.xml', NOW(), 90, '7:e2bdecb7737dcde7c7d2a388c81a900c', 'addPrimaryKey constraintName=node_notary_request_log_pkey, tableName=node_notary_request_log', '', 'EXECUTED', NULL, NULL, '3.5.4', '0860121299')
14:02:07.066 [Test worker] DEBUG liquibase - master.changelog.json: migration/node-services.changelog-init.xml::nullability::R3.Corda: Running Changeset:migration/node-services.changelog-init.xml::nullability::R3.Corda
14:02:07.067 [Test worker] DEBUG liquibase - master.changelog.json: migration/node-services.changelog-init.xml::nullability::R3.Corda: Changeset migration/node-services.changelog-init.xml::nullability::R3.Corda
14:02:07.068 [Test worker] DEBUG liquibase - master.changelog.json: migration/node-services.changelog-init.xml::nullability::R3.Corda: Reading ChangeSet: migration/node-services.changelog-init.xml::nullability::R3.Corda
14:02:07.068 [Test worker] DEBUG liquibase - master.changelog.json: migration/node-services.changelog-init.xml::nullability::R3.Corda: Executing Statement: liquibase.statement.core.SetNullableStatement@7dd93a5e
14:02:07.068 [Test worker] DEBUG liquibase - master.changelog.json: migration/node-services.changelog-init.xml::nullability::R3.Corda: Executing EXECUTE database command: ALTER TABLE PUBLIC.node_notary_committed_states ALTER COLUMN consuming_transaction_id SET NOT NULL
14:02:07.070 [Test worker] INFO liquibase - master.changelog.json: migration/node-services.changelog-init.xml::nullability::R3.Corda: Null constraint has been added to node_notary_committed_states.consuming_transaction_id
14:02:07.070 [Test worker] INFO liquibase - master.changelog.json: migration/node-services.changelog-init.xml::nullability::R3.Corda: ChangeSet migration/node-services.changelog-init.xml::nullability::R3.Corda ran successfully in 3ms
14:02:07.072 [Test worker] DEBUG liquibase - master.changelog.json: migration/node-services.changelog-init.xml::nullability::R3.Corda: Executing EXECUTE database command: INSERT INTO PUBLIC.DATABASECHANGELOG (ID, AUTHOR, FILENAME, DATEEXECUTED, ORDEREXECUTED, MD5SUM, DESCRIPTION, COMMENTS, EXECTYPE, CONTEXTS, LABELS, LIQUIBASE, DEPLOYMENT_ID) VALUES ('nullability', 'R3.Corda', 'migration/node-services.changelog-init.xml', NOW(), 91, '7:f2b07131ea0ba42aa96c891ee02b9216', 'addNotNullConstraint columnName=consuming_transaction_id, tableName=node_notary_committed_states', '', 'EXECUTED', NULL, NULL, '3.5.4', '0860121299')
14:02:07.073 [Test worker] DEBUG liquibase - master.changelog.json: migration/node-notary.changelog-v2.xml::rename-table-notary-commit-log::R3.Corda: Running Changeset:migration/node-notary.changelog-v2.xml::rename-table-notary-commit-log::R3.Corda
14:02:07.074 [Test worker] DEBUG liquibase - master.changelog.json: migration/node-notary.changelog-v2.xml::rename-table-notary-commit-log::R3.Corda: Changeset migration/node-notary.changelog-v2.xml::rename-table-notary-commit-log::R3.Corda
14:02:07.113 [Test worker] INFO liquibase - master.changelog.json: migration/node-notary.changelog-v2.xml::rename-table-notary-commit-log::R3.Corda: Marking ChangeSet: migration/node-notary.changelog-v2.xml::rename-table-notary-commit-log::R3.Corda ran despite precondition failure due to onFail='MARK_RAN': 
          master.changelog.json : Table PUBLIC.node_notary_commit_log does not exist

14:02:07.113 [Test worker] DEBUG liquibase - master.changelog.json: migration/node-notary.changelog-v2.xml::rename-table-notary-commit-log::R3.Corda: Skipping ChangeSet: migration/node-notary.changelog-v2.xml::rename-table-notary-commit-log::R3.Corda
14:02:07.115 [Test worker] DEBUG liquibase - master.changelog.json: migration/node-notary.changelog-v2.xml::rename-table-notary-commit-log::R3.Corda: Executing EXECUTE database command: INSERT INTO PUBLIC.DATABASECHANGELOG (ID, AUTHOR, FILENAME, DATEEXECUTED, ORDEREXECUTED, MD5SUM, DESCRIPTION, COMMENTS, EXECTYPE, CONTEXTS, LABELS, LIQUIBASE, DEPLOYMENT_ID) VALUES ('rename-table-notary-commit-log', 'R3.Corda', 'migration/node-notary.changelog-v2.xml', NOW(), 92, '7:ff7b69514b2b495843f579288be9d3d2', 'renameTable newTableName=node_notary_committed_states, oldTableName=node_notary_commit_log', '', 'MARK_RAN', NULL, NULL, '3.5.4', '0860121299')
14:02:07.116 [Test worker] DEBUG liquibase - master.changelog.json: migration/node-notary.changelog-v2.xml::create-notary-request-log-table::R3.Corda: Running Changeset:migration/node-notary.changelog-v2.xml::create-notary-request-log-table::R3.Corda
14:02:07.116 [Test worker] DEBUG liquibase - master.changelog.json: migration/node-notary.changelog-v2.xml::create-notary-request-log-table::R3.Corda: Changeset migration/node-notary.changelog-v2.xml::create-notary-request-log-table::R3.Corda
14:02:07.124 [Test worker] INFO liquibase - master.changelog.json: migration/node-notary.changelog-v2.xml::create-notary-request-log-table::R3.Corda: Marking ChangeSet: migration/node-notary.changelog-v2.xml::create-notary-request-log-table::R3.Corda ran despite precondition failure due to onFail='MARK_RAN': 
          master.changelog.json : Not precondition failed

14:02:07.124 [Test worker] DEBUG liquibase - master.changelog.json: migration/node-notary.changelog-v2.xml::create-notary-request-log-table::R3.Corda: Skipping ChangeSet: migration/node-notary.changelog-v2.xml::create-notary-request-log-table::R3.Corda
14:02:07.125 [Test worker] DEBUG liquibase - master.changelog.json: migration/node-notary.changelog-v2.xml::create-notary-request-log-table::R3.Corda: Executing EXECUTE database command: INSERT INTO PUBLIC.DATABASECHANGELOG (ID, AUTHOR, FILENAME, DATEEXECUTED, ORDEREXECUTED, MD5SUM, DESCRIPTION, COMMENTS, EXECTYPE, CONTEXTS, LABELS, LIQUIBASE, DEPLOYMENT_ID) VALUES ('create-notary-request-log-table', 'R3.Corda', 'migration/node-notary.changelog-v2.xml', NOW(), 93, '7:9cfed358561510f56f9c2dcc9c29eb92', 'createTable tableName=node_notary_request_log; addPrimaryKey constraintName=node_notary_request_log_pkey, tableName=node_notary_request_log', '', 'MARK_RAN', NULL, NULL, '3.5.4', '0860121299')
14:02:07.126 [Test worker] DEBUG liquibase - master.changelog.json: migration/node-notary.changelog-pkey.xml::non-clustered_pk-notary_state::R3.Corda: Running Changeset:migration/node-notary.changelog-pkey.xml::non-clustered_pk-notary_state::R3.Corda
14:02:07.128 [Test worker] DEBUG liquibase - master.changelog.json: migration/node-notary.changelog-pkey.xml::non-clustered_pk-notary_state::R3.Corda: Executing EXECUTE database command: INSERT INTO PUBLIC.DATABASECHANGELOG (ID, AUTHOR, FILENAME, DATEEXECUTED, ORDEREXECUTED, MD5SUM, DESCRIPTION, COMMENTS, EXECTYPE, CONTEXTS, LABELS, LIQUIBASE, DEPLOYMENT_ID) VALUES ('non-clustered_pk-notary_state', 'R3.Corda', 'migration/node-notary.changelog-pkey.xml', NOW(), 94, '7:35ea7e38d50dcfe61cbc6f1e146f7bd6', 'dropPrimaryKey constraintName=node_notary_states_pkey, tableName=node_notary_committed_states; addPrimaryKey constraintName=node_notary_states_pkey, tableName=node_notary_committed_states', '', 'MARK_RAN', NULL, NULL, '3.5.4', '0860121299')
14:02:07.129 [Test worker] DEBUG liquibase - master.changelog.json: migration/node-notary.changelog-committed-transactions-table.xml::create-notary-committed-transactions-table::R3.Corda: Running Changeset:migration/node-notary.changelog-committed-transactions-table.xml::create-notary-committed-transactions-table::R3.Corda
14:02:07.129 [Test worker] DEBUG liquibase - master.changelog.json: migration/node-notary.changelog-committed-transactions-table.xml::create-notary-committed-transactions-table::R3.Corda: Changeset migration/node-notary.changelog-committed-transactions-table.xml::create-notary-committed-transactions-table::R3.Corda
14:02:07.129 [Test worker] DEBUG liquibase - master.changelog.json: migration/node-notary.changelog-committed-transactions-table.xml::create-notary-committed-transactions-table::R3.Corda: Reading ChangeSet: migration/node-notary.changelog-committed-transactions-table.xml::create-notary-committed-transactions-table::R3.Corda
14:02:07.129 [Test worker] DEBUG liquibase - master.changelog.json: migration/node-notary.changelog-committed-transactions-table.xml::create-notary-committed-transactions-table::R3.Corda: Executing Statement: liquibase.statement.core.CreateTableStatement@148f7300
14:02:07.129 [Test worker] DEBUG liquibase - master.changelog.json: migration/node-notary.changelog-committed-transactions-table.xml::create-notary-committed-transactions-table::R3.Corda: Executing EXECUTE database command: CREATE TABLE PUBLIC.node_notary_committed_txs (transaction_id NVARCHAR(64) NOT NULL)
14:02:07.130 [Test worker] INFO liquibase - master.changelog.json: migration/node-notary.changelog-committed-transactions-table.xml::create-notary-committed-transactions-table::R3.Corda: Table node_notary_committed_txs created
14:02:07.130 [Test worker] DEBUG liquibase - master.changelog.json: migration/node-notary.changelog-committed-transactions-table.xml::create-notary-committed-transactions-table::R3.Corda: Executing Statement: liquibase.statement.core.AddPrimaryKeyStatement@4e7e7afc
14:02:07.130 [Test worker] DEBUG liquibase - master.changelog.json: migration/node-notary.changelog-committed-transactions-table.xml::create-notary-committed-transactions-table::R3.Corda: Executing EXECUTE database command: ALTER TABLE PUBLIC.node_notary_committed_txs ADD CONSTRAINT node_notary_transactions_pkey PRIMARY KEY (transaction_id)
14:02:07.130 [Test worker] INFO liquibase - master.changelog.json: migration/node-notary.changelog-committed-transactions-table.xml::create-notary-committed-transactions-table::R3.Corda: Primary key added to node_notary_committed_txs (transaction_id)
14:02:07.130 [Test worker] INFO liquibase - master.changelog.json: migration/node-notary.changelog-committed-transactions-table.xml::create-notary-committed-transactions-table::R3.Corda: ChangeSet migration/node-notary.changelog-committed-transactions-table.xml::create-notary-committed-transactions-table::R3.Corda ran successfully in 1ms
14:02:07.132 [Test worker] DEBUG liquibase - master.changelog.json: migration/node-notary.changelog-committed-transactions-table.xml::create-notary-committed-transactions-table::R3.Corda: Executing EXECUTE database command: INSERT INTO PUBLIC.DATABASECHANGELOG (ID, AUTHOR, FILENAME, DATEEXECUTED, ORDEREXECUTED, MD5SUM, DESCRIPTION, COMMENTS, EXECTYPE, CONTEXTS, LABELS, LIQUIBASE, DEPLOYMENT_ID) VALUES ('create-notary-committed-transactions-table', 'R3.Corda', 'migration/node-notary.changelog-committed-transactions-table.xml', NOW(), 95, '7:0e1ea7262954ff9d1312f84d15c0a0fb', 'createTable tableName=node_notary_committed_txs; addPrimaryKey constraintName=node_notary_transactions_pkey, tableName=node_notary_committed_txs', '', 'EXECUTED', NULL, NULL, '3.5.4', '0860121299')
14:02:07.132 [Test worker] DEBUG liquibase - Release Database Lock
14:02:07.133 [Test worker] DEBUG liquibase - Executing UPDATE database command: UPDATE PUBLIC.DATABASECHANGELOGLOCK SET LOCKED = FALSE, LOCKEDBY = NULL, LOCKGRANTED = NULL WHERE ID = 1
14:02:07.134 [Test worker] INFO liquibase - Successfully released change log lock
14:02:07.134 [Test worker] DEBUG com.zaxxer.hikari.pool.PoolBase - HikariPool-1 - Reset (autoCommit, isolation) on connection conn1: url=jdbc:h2:mem:node_0_net_6416157275649019694_persistence user=SA
14:02:07.135 [Test worker] DEBUG com.zaxxer.hikari.pool.PoolBase - HikariPool-1 - Reset (autoCommit, isolation) on connection conn1: url=jdbc:h2:mem:node_0_net_6416157275649019694_persistence user=SA
14:02:07.138 [Test worker] INFO net.corda.testing.node.internal.InternalMockNetwork$MockNode - Connected to H2 database.
14:02:07.138 [Test worker] DEBUG com.zaxxer.hikari.pool.PoolBase - HikariPool-1 - Reset (autoCommit, isolation) on connection conn1: url=jdbc:h2:mem:node_0_net_6416157275649019694_persistence user=SA
14:02:07.185 [Test worker] INFO net.corda.nodeapi.internal.persistence.HibernateConfiguration - Init HibernateConfiguration for schemas: [CommonSchemaV1(name=net.corda.core.schemas.CommonSchema, version=1), VaultSchemaV1(name=net.corda.node.services.vault.VaultSchema, version=1), NodeInfoSchemaV1(name=net.corda.node.internal.schemas.NodeInfoSchema, version=1), NodeCoreV1(name=net.corda.node.services.schema.NodeSchemaService$NodeCore, version=1), NodeNotarySchemaV1(name=net.corda.node.services.transactions.NodeNotarySchema, version=1)]
14:02:07.186 [Test worker] INFO net.corda.nodeapi.internal.persistence.HibernateConfiguration - Creating session factory for schemas: [CommonSchemaV1(name=net.corda.core.schemas.CommonSchema, version=1), VaultSchemaV1(name=net.corda.node.services.vault.VaultSchema, version=1), NodeInfoSchemaV1(name=net.corda.node.internal.schemas.NodeInfoSchema, version=1), NodeCoreV1(name=net.corda.node.services.schema.NodeSchemaService$NodeCore, version=1), NodeNotarySchemaV1(name=net.corda.node.services.transactions.NodeNotarySchema, version=1)]
?[37m[INFO] 14:02:07,198 [Test worker] internal.ConnectionProviderInitiator.initiateService - HHH000130: Instantiating explicit connection provider: net.corda.nodeapi.internal.persistence.HibernateConfiguration$NodeDatabaseConnectionProvider
?[m?[37m[INFO] 14:02:07,211 [Test worker] dialect.Dialect.<init> - HHH000400: Using dialect: org.hibernate.dialect.H2Dialect
?[m14:02:07.222 [Test worker] DEBUG com.zaxxer.hikari.pool.PoolBase - HikariPool-1 - Reset (autoCommit, isolation) on connection conn1: url=jdbc:h2:mem:node_0_net_6416157275649019694_persistence user=SA
?[37m[INFO] 14:02:07,226 [Test worker] type.BasicTypeRegistry.register - HHH000270: Type registration [materialized_blob] overrides previous : org.hibernate.type.MaterializedBlobType@1a028fcc
?[m?[37m[INFO] 14:02:07,758 [Test worker] connections.access.getIsolatedConnection - HHH10001501: Connection obtained from JdbcConnectionAccess [org.hibernate.engine.jdbc.env.internal.JdbcEnvironmentInitiator$ConnectionProviderJdbcConnectionAccess@30313112] for (non-JTA) DDL execution was not in auto-commit mode; the Connection 'local transaction' will be committed and the Connection will be set into auto-commit mode.
?[m14:02:07.908 [Test worker] DEBUG com.zaxxer.hikari.pool.PoolBase - HikariPool-1 - Reset (autoCommit, isolation) on connection conn1: url=jdbc:h2:mem:node_0_net_6416157275649019694_persistence user=SA
14:02:07.925 [Test worker] INFO net.corda.nodeapi.internal.persistence.HibernateConfiguration - Created session factory for schemas: [CommonSchemaV1(name=net.corda.core.schemas.CommonSchema, version=1), VaultSchemaV1(name=net.corda.node.services.vault.VaultSchema, version=1), NodeInfoSchemaV1(name=net.corda.node.internal.schemas.NodeInfoSchema, version=1), NodeCoreV1(name=net.corda.node.services.schema.NodeSchemaService$NodeCore, version=1), NodeNotarySchemaV1(name=net.corda.node.services.transactions.NodeNotarySchema, version=1)]
?[37m[INFO] 14:02:07,928 [Test worker] internal.QueryTranslatorFactoryInitiator.initiateService - HHH000397: Using ASTQueryTranslatorFactory
?[m14:02:07.953 [Test worker] INFO net.corda.testing.node.internal.InternalMockNetwork$MockNode - Node-info has changed so submitting update. Old node-info was null
14:02:07.954 [Test worker] INFO net.corda.node.services.network.PersistentNetworkMapCache - Adding node with info: NodeInfo(addresses=[mock.node:1000], legalIdentitiesAndCerts=[O=Notary Service, L=Zurich, C=CH], platformVersion=4, serial=1570860127953)
14:02:07.963 [Test worker] INFO net.corda.node.services.network.PersistentNetworkMapCache - No previous node found
14:02:07.979 [Test worker] DEBUG net.corda.node.services.identity.PersistentIdentityService - Registering identity O=Notary Service, L=Zurich, C=CH
14:02:08.157 [Test worker] DEBUG net.corda.serialization.internal.amqp.CachingCustomSerializerRegistry - action="Using custom serializer", class=java.security.cert.CertPath, declaredType=java.security.cert.CertPath
14:02:08.181 [Test worker] DEBUG net.corda.serialization.internal.amqp.DefaultLocalSerializerFactory - class=NodeInfo, type=class net.corda.core.node.NodeInfo is a composite type
14:02:08.183 [Test worker] DEBUG net.corda.serialization.internal.amqp.DefaultLocalSerializerFactory - class=NetworkHostAndPort, type=class net.corda.core.utilities.NetworkHostAndPort is a composite type
14:02:08.183 [Test worker] DEBUG net.corda.serialization.internal.amqp.DefaultLocalSerializerFactory - class=PartyAndCertificate, type=class net.corda.core.identity.PartyAndCertificate is a composite type
14:02:08.191 [Test worker] DEBUG net.corda.serialization.internal.amqp.CachingCustomSerializerRegistry - action="Using custom serializer", class=sun.security.provider.certpath.X509CertPath, declaredType=java.security.cert.CertPath
14:02:08.206 [Test worker] DEBUG net.corda.serialization.internal.amqp.CachingCustomSerializerRegistry - action="Using custom serializer", class=java.security.cert.CertPath, declaredType=java.security.cert.CertPath
14:02:08.210 [Test worker] DEBUG net.corda.serialization.internal.amqp.DefaultLocalSerializerFactory - class=PartyAndCertificate, type=class net.corda.core.identity.PartyAndCertificate is a composite type
14:02:08.211 [Test worker] DEBUG net.corda.serialization.internal.amqp.CachingCustomSerializerRegistry - action="Using custom serializer", class=sun.security.provider.certpath.X509CertPath, declaredType=java.security.cert.CertPath
14:02:08.304 [Test worker] DEBUG net.corda.node.services.network.PersistentNetworkMapCache - Done adding node with info: NodeInfo(addresses=[mock.node:1000], legalIdentitiesAndCerts=[O=Notary Service, L=Zurich, C=CH], platformVersion=4, serial=1570860127953)
14:02:08.304 [Test worker] INFO net.corda.testing.node.internal.InternalMockNetwork$MockNode - New node-info: NodeInfo(addresses=[mock.node:1000], legalIdentitiesAndCerts=[O=Notary Service, L=Zurich, C=CH], platformVersion=4, serial=1570860127953)
14:02:08.333 [Test worker] DEBUG net.corda.serialization.internal.amqp.DefaultLocalSerializerFactory - class=SignedNodeInfo, type=class net.corda.nodeapi.internal.SignedNodeInfo is a composite type
14:02:08.333 [Test worker] DEBUG net.corda.serialization.internal.amqp.DefaultLocalSerializerFactory - class=SerializedBytes, type=net.corda.core.serialization.SerializedBytes<net.corda.core.node.NodeInfo> is a composite type
14:02:08.334 [Test worker] DEBUG net.corda.serialization.internal.amqp.DefaultLocalSerializerFactory - class=DigitalSignature, type=class net.corda.core.crypto.DigitalSignature is a composite type
14:02:08.451 [Test worker] DEBUG com.zaxxer.hikari.pool.PoolBase - HikariPool-1 - Reset (autoCommit, isolation) on connection conn1: url=jdbc:h2:mem:node_0_net_6416157275649019694_persistence user=SA
14:02:08.465 [Test worker] INFO net.corda.node.services.network.NetworkMapUpdater - Auto-accept enabled for network parameter changes which modify only: [epoch, modifiedTime, packageOwnership, whitelistedContractImplementations]
14:02:08.504 [MockNode-1-2] DEBUG net.corda.node.services.network.NodeInfoWatcher - Reading SignedNodeInfo from build\mock-network\20191012-060133.950\nodes\0\additional-node-infos\nodeInfo-9305A969F68D45C1CECDDA5BE4C12989D7414F71A38B03F07687716ED79E2F36
14:02:08.524 [MockNode-1-2] DEBUG net.corda.node.services.network.NodeInfoWatcher - Read 1 NodeInfo files from build\mock-network\20191012-060133.950\nodes\0\additional-node-infos
14:02:08.525 [MockNode-1-2] DEBUG net.corda.node.services.network.NodeInfoWatcher - Number of removed NodeInfo files 0
14:02:08.540 [MockNode-1-2] INFO net.corda.node.services.network.PersistentNetworkMapCache - Adding node with info: NodeInfo(addresses=[mock.node:1000], legalIdentitiesAndCerts=[O=Notary Service, L=Zurich, C=CH], platformVersion=4, serial=1570860127953)
14:02:08.551 [Test worker] DEBUG net.corda.node.services.identity.PersistentIdentityService - Identities loaded
14:02:08.605 [MockNode-1-2] DEBUG com.zaxxer.hikari.pool.PoolBase - HikariPool-1 - Reset (autoCommit, isolation) on connection conn1: url=jdbc:h2:mem:node_0_net_6416157275649019694_persistence user=SA
14:02:08.606 [MockNode-1-2] INFO net.corda.node.services.network.PersistentNetworkMapCache - Previous node was identical to incoming one - doing nothing
14:02:08.606 [MockNode-1-2] DEBUG net.corda.node.services.network.PersistentNetworkMapCache - Done adding node with info: NodeInfo(addresses=[mock.node:1000], legalIdentitiesAndCerts=[O=Notary Service, L=Zurich, C=CH], platformVersion=4, serial=1570860127953)
14:02:09.084 [Test worker] INFO ClassloaderUtils - Contracts loading for 'C:\Users\user\AppData\Local\Temp\attachment7838050577935483835.jar' took 63 msec
14:02:09.108 [Test worker] INFO net.corda.node.services.persistence.NodeAttachmentService - Stored new attachment: id=CB453C52675BF53CA88619E8B05ADC65A5C045F27DFC48AD880BCCDA297B7E75 uploader=app filename=null
14:02:09.123 [Test worker] INFO net.corda.node.utilities.NotaryLoader - Starting notary service: class net.corda.node.services.transactions.SimpleNotaryService
14:02:09.128 [Test worker] INFO net.corda.core.internal.notary.SinglePartyNotaryService - Starting notary in validating mode
14:02:09.149 [Test worker] DEBUG net.corda.node.internal.NodeFlowManager - Installed core flow net.corda.core.flows.NotaryFlow$Client
14:02:09.694 [Test worker] INFO net.corda.node.services.statemachine.SingleThreadedStateMachineManager - Node ready, info: NodeInfo(addresses=[mock.node:1000], legalIdentitiesAndCerts=[O=Notary Service, L=Zurich, C=CH], platformVersion=4, serial=1570860127953)
14:02:09.724 [Test worker] DEBUG com.zaxxer.hikari.pool.PoolBase - HikariPool-1 - Reset (autoCommit, isolation) on connection conn2: url=jdbc:h2:mem:node_0_net_6416157275649019694_persistence user=SA
14:02:09.727 [Test worker] INFO net.corda.node.services.network.PersistentNetworkMapCache - Adding node with info: NodeInfo(addresses=[mock.node:1000], legalIdentitiesAndCerts=[O=Notary Service, L=Zurich, C=CH], platformVersion=4, serial=1570860127953)
14:02:09.729 [Test worker] INFO net.corda.node.services.network.PersistentNetworkMapCache - Previous node was identical to incoming one - doing nothing
14:02:09.729 [Test worker] DEBUG net.corda.node.services.network.PersistentNetworkMapCache - Done adding node with info: NodeInfo(addresses=[mock.node:1000], legalIdentitiesAndCerts=[O=Notary Service, L=Zurich, C=CH], platformVersion=4, serial=1570860127953)
14:02:09.729 [Test worker] INFO net.corda.node.services.network.PersistentNetworkMapCache - Adding node with info: NodeInfo(addresses=[mock.node:1000], legalIdentitiesAndCerts=[O=Notary Service, L=Zurich, C=CH], platformVersion=4, serial=1570860127953)
14:02:09.729 [Test worker] INFO net.corda.node.services.network.PersistentNetworkMapCache - Previous node was identical to incoming one - doing nothing
14:02:09.729 [Test worker] DEBUG net.corda.node.services.network.PersistentNetworkMapCache - Done adding node with info: NodeInfo(addresses=[mock.node:1000], legalIdentitiesAndCerts=[O=Notary Service, L=Zurich, C=CH], platformVersion=4, serial=1570860127953)
14:02:09.749 [pool-7-thread-1] DEBUG com.zaxxer.hikari.pool.PoolBase - HikariPool-1 - Reset (autoCommit, isolation) on connection conn1: url=jdbc:h2:mem:node_0_net_6416157275649019694_persistence user=SA
14:02:09.753 [Test worker] INFO net.corda.node.internal.cordapp.JarScanningCordappLoader - Looking for CorDapps in [build\mock-network\20191012-060133.950\nodes\1\cordapps]
14:02:09.755 [Test worker] INFO net.corda.node.internal.cordapp.JarScanningCordappLoader - Loading CorDapps from RestrictedURL(url=file:/D:/Arvinth/BlockChain/DerivHack-2019/GIT/cdm-corda/cdm-support/build/mock-network/20191012-060133.950/nodes/1/cordapps/custom-cordapp_1_4_55b4176a-1736-4c21-a214-762875044d4b.jar, rootPackageName=null)
14:02:09.755 [Test worker] INFO net.corda.node.internal.cordapp.JarScanningCordappLoader - Scanning CorDapp in file:/D:/Arvinth/BlockChain/DerivHack-2019/GIT/cdm-corda/cdm-support/build/mock-network/20191012-060133.950/nodes/1/cordapps/custom-cordapp_1_4_55b4176a-1736-4c21-a214-762875044d4b.jar
14:02:09.944 [Test worker] DEBUG net.corda.node.services.persistence.NodePropertiesPersistentStore - Node's flow execution mode property key: NABOB_flowsExecutionMode
14:02:09.953 [Test worker] INFO net.corda.testing.node.internal.InternalMockNetwork$MockNode - Node starting up ...
14:02:10.102 [Test worker] DEBUG net.corda.node.internal.NodeFlowManager - Installed core flow net.corda.core.flows.FinalityFlow
14:02:10.102 [Test worker] DEBUG net.corda.node.internal.NodeFlowManager - Installed core flow net.corda.core.flows.NotaryChangeFlow
14:02:10.102 [Test worker] DEBUG net.corda.node.internal.NodeFlowManager - Installed core flow net.corda.core.flows.ContractUpgradeFlow$Initiate
14:02:10.102 [Test worker] DEBUG net.corda.node.internal.NodeFlowManager - Installed core flow net.corda.confidential.SwapIdentitiesFlow
14:02:10.102 [Test worker] INFO net.corda.node.internal.NodeFlowManager - Registered net.corda.cdmsupport.testflow.TestAffirmationFlow to initiate net.corda.cdmsupport.testflow.AffirmationFlowResponder (version 1)
14:02:10.103 [Test worker] INFO net.corda.node.internal.NodeFlowManager - Registered net.corda.cdmsupport.testflow.TestObservableFlow to initiate net.corda.cdmsupport.testflow.ReceiveObservableFlow (version 1)
14:02:10.103 [Test worker] INFO net.corda.node.internal.NodeFlowManager - Registered net.corda.cdmsupport.testflow.TestFlowInitiating to initiate net.corda.cdmsupport.testflow.TestFlowInitiated (version 1)
14:02:10.111 [Test worker] INFO net.corda.testing.node.internal.InternalMockNetwork$MockNode - Loaded network parameters: NetworkParameters {
      minimumPlatformVersion=4
      notaries=[NotaryInfo(identity=O=Notary Service, L=Zurich, C=CH, validating=true)]
      maxMessageSize=10485760
      maxTransactionSize=524288000
      whitelistedContractImplementations {
        
      }
      eventHorizon=PT720H
      packageOwnership {
        
      }
      modifiedTime=2019-10-12T06:01:33.321Z
      epoch=1
  }
14:02:10.111 [Test worker] DEBUG com.zaxxer.hikari.HikariConfig - HikariPool-2 - configuration:
14:02:10.112 [Test worker] DEBUG com.zaxxer.hikari.HikariConfig - allowPoolSuspension.............false
14:02:10.112 [Test worker] DEBUG com.zaxxer.hikari.HikariConfig - autoCommit......................true
14:02:10.112 [Test worker] DEBUG com.zaxxer.hikari.HikariConfig - catalog.........................null
14:02:10.112 [Test worker] DEBUG com.zaxxer.hikari.HikariConfig - connectionInitSql...............null
14:02:10.112 [Test worker] DEBUG com.zaxxer.hikari.HikariConfig - connectionTestQuery.............null
14:02:10.112 [Test worker] DEBUG com.zaxxer.hikari.HikariConfig - connectionTimeout...............30000
14:02:10.112 [Test worker] DEBUG com.zaxxer.hikari.HikariConfig - dataSource......................null
14:02:10.112 [Test worker] DEBUG com.zaxxer.hikari.HikariConfig - dataSourceClassName............."org.h2.jdbcx.JdbcDataSource"
14:02:10.112 [Test worker] DEBUG com.zaxxer.hikari.HikariConfig - dataSourceJNDI..................null
14:02:10.112 [Test worker] DEBUG com.zaxxer.hikari.HikariConfig - dataSourceProperties............{user=sa, url=jdbc:h2:mem:node_1_net_6416157275649019694_persistence;LOCK_TIMEOUT=10000;DB_CLOSE_ON_EXIT=FALSE, password=<masked>}
14:02:10.112 [Test worker] DEBUG com.zaxxer.hikari.HikariConfig - driverClassName.................null
14:02:10.112 [Test worker] DEBUG com.zaxxer.hikari.HikariConfig - healthCheckProperties...........{}
14:02:10.112 [Test worker] DEBUG com.zaxxer.hikari.HikariConfig - healthCheckRegistry.............null
14:02:10.112 [Test worker] DEBUG com.zaxxer.hikari.HikariConfig - idleTimeout.....................600000
14:02:10.112 [Test worker] DEBUG com.zaxxer.hikari.HikariConfig - initializationFailFast..........true
14:02:10.112 [Test worker] DEBUG com.zaxxer.hikari.HikariConfig - isolateInternalQueries..........false
14:02:10.113 [Test worker] DEBUG com.zaxxer.hikari.HikariConfig - jdbc4ConnectionTest.............false
14:02:10.113 [Test worker] DEBUG com.zaxxer.hikari.HikariConfig - jdbcUrl.........................null
14:02:10.113 [Test worker] DEBUG com.zaxxer.hikari.HikariConfig - leakDetectionThreshold..........0
14:02:10.113 [Test worker] DEBUG com.zaxxer.hikari.HikariConfig - maxLifetime.....................1800000
14:02:10.113 [Test worker] DEBUG com.zaxxer.hikari.HikariConfig - maximumPoolSize.................10
14:02:10.113 [Test worker] DEBUG com.zaxxer.hikari.HikariConfig - metricRegistry..................null
14:02:10.113 [Test worker] DEBUG com.zaxxer.hikari.HikariConfig - metricsTrackerFactory...........null
14:02:10.113 [Test worker] DEBUG com.zaxxer.hikari.HikariConfig - minimumIdle.....................10
14:02:10.113 [Test worker] DEBUG com.zaxxer.hikari.HikariConfig - password........................<masked>
14:02:10.113 [Test worker] DEBUG com.zaxxer.hikari.HikariConfig - poolName........................"HikariPool-2"
14:02:10.113 [Test worker] DEBUG com.zaxxer.hikari.HikariConfig - readOnly........................false
14:02:10.113 [Test worker] DEBUG com.zaxxer.hikari.HikariConfig - registerMbeans..................false
14:02:10.113 [Test worker] DEBUG com.zaxxer.hikari.HikariConfig - scheduledExecutorService........null
14:02:10.113 [Test worker] DEBUG com.zaxxer.hikari.HikariConfig - threadFactory...................null
14:02:10.113 [Test worker] DEBUG com.zaxxer.hikari.HikariConfig - transactionIsolation............null
14:02:10.113 [Test worker] DEBUG com.zaxxer.hikari.HikariConfig - username........................null
14:02:10.113 [Test worker] DEBUG com.zaxxer.hikari.HikariConfig - validationTimeout...............5000
14:02:10.113 [Test worker] INFO com.zaxxer.hikari.HikariDataSource - HikariPool-2 - Started.
14:02:10.124 [HikariPool-2 connection adder] DEBUG com.zaxxer.hikari.pool.HikariPool - HikariPool-2 - Added connection conn12: url=jdbc:h2:mem:node_1_net_6416157275649019694_persistence user=SA
14:02:10.135 [Test worker] DEBUG liquibase - Connected to SA@jdbc:h2:mem:node_1_net_6416157275649019694_persistence
14:02:10.135 [Test worker] DEBUG liquibase - Setting auto commit to false from true
14:02:10.140 [Test worker] DEBUG liquibase - Opening jar:file:/C:/Users/user/.gradle/caches/modules-2/files-2.1/net.corda/corda-node/4.1/45583a2ad1dc5cdd2b90b4ff6d3bfe980bbba0cc/corda-node-4.1.jar!/migration/common.changelog-master.xml as migration/common.changelog-master.xml
14:02:10.142 [Test worker] DEBUG liquibase - Resolving XML entity name='null', publicId='null', baseURI='null', systemId='http://www.liquibase.org/xml/ns/dbchangelog/dbchangelog-3.5.xsd'
14:02:10.142 [Test worker] DEBUG LiquibaseSchemaResolver - Found namespace details class liquibase.parser.core.xml.StandardNamespaceDetails for http://www.liquibase.org/xml/ns/dbchangelog/dbchangelog-3.5.xsd
14:02:10.142 [Test worker] DEBUG LiquibaseSchemaResolver - Local path for http://www.liquibase.org/xml/ns/dbchangelog/dbchangelog-3.5.xsd is liquibase/parser/core/xml/dbchangelog-3.5.xsd
14:02:10.142 [Test worker] DEBUG liquibase - Opening jar:file:/C:/Users/user/.gradle/caches/modules-2/files-2.1/org.liquibase/liquibase-core/3.5.5/c65051f327382018bd09c30380f25eac96f210da/liquibase-core-3.5.5.jar!/liquibase/parser/core/xml/dbchangelog-3.5.xsd as liquibase/parser/core/xml/dbchangelog-3.5.xsd
14:02:10.143 [Test worker] DEBUG LiquibaseSchemaResolver - Successfully loaded XSD from liquibase/parser/core/xml/dbchangelog-3.5.xsd
14:02:10.155 [Test worker] DEBUG liquibase - Opening jar:file:/C:/Users/user/.gradle/caches/modules-2/files-2.1/net.corda/corda-node/4.1/45583a2ad1dc5cdd2b90b4ff6d3bfe980bbba0cc/corda-node-4.1.jar!/migration/common.changelog-init.xml as migration/common.changelog-init.xml
14:02:10.158 [Test worker] DEBUG liquibase - Resolving XML entity name='null', publicId='null', baseURI='null', systemId='http://www.liquibase.org/xml/ns/dbchangelog/dbchangelog-3.5.xsd'
14:02:10.159 [Test worker] DEBUG LiquibaseSchemaResolver - Found namespace details class liquibase.parser.core.xml.StandardNamespaceDetails for http://www.liquibase.org/xml/ns/dbchangelog/dbchangelog-3.5.xsd
14:02:10.159 [Test worker] DEBUG LiquibaseSchemaResolver - Local path for http://www.liquibase.org/xml/ns/dbchangelog/dbchangelog-3.5.xsd is liquibase/parser/core/xml/dbchangelog-3.5.xsd
14:02:10.160 [Test worker] DEBUG liquibase - Opening jar:file:/C:/Users/user/.gradle/caches/modules-2/files-2.1/org.liquibase/liquibase-core/3.5.5/c65051f327382018bd09c30380f25eac96f210da/liquibase-core-3.5.5.jar!/liquibase/parser/core/xml/dbchangelog-3.5.xsd as liquibase/parser/core/xml/dbchangelog-3.5.xsd
14:02:10.161 [Test worker] DEBUG LiquibaseSchemaResolver - Successfully loaded XSD from liquibase/parser/core/xml/dbchangelog-3.5.xsd
14:02:10.172 [Test worker] DEBUG liquibase - Opening jar:file:/C:/Users/user/.gradle/caches/modules-2/files-2.1/net.corda/corda-node/4.1/45583a2ad1dc5cdd2b90b4ff6d3bfe980bbba0cc/corda-node-4.1.jar!/migration/vault-schema.changelog-master.xml as migration/vault-schema.changelog-master.xml
14:02:10.175 [Test worker] DEBUG liquibase - Resolving XML entity name='null', publicId='null', baseURI='null', systemId='http://www.liquibase.org/xml/ns/dbchangelog/dbchangelog-3.5.xsd'
14:02:10.176 [Test worker] DEBUG LiquibaseSchemaResolver - Found namespace details class liquibase.parser.core.xml.StandardNamespaceDetails for http://www.liquibase.org/xml/ns/dbchangelog/dbchangelog-3.5.xsd
14:02:10.176 [Test worker] DEBUG LiquibaseSchemaResolver - Local path for http://www.liquibase.org/xml/ns/dbchangelog/dbchangelog-3.5.xsd is liquibase/parser/core/xml/dbchangelog-3.5.xsd
14:02:10.177 [Test worker] DEBUG liquibase - Opening jar:file:/C:/Users/user/.gradle/caches/modules-2/files-2.1/org.liquibase/liquibase-core/3.5.5/c65051f327382018bd09c30380f25eac96f210da/liquibase-core-3.5.5.jar!/liquibase/parser/core/xml/dbchangelog-3.5.xsd as liquibase/parser/core/xml/dbchangelog-3.5.xsd
14:02:10.177 [Test worker] DEBUG LiquibaseSchemaResolver - Successfully loaded XSD from liquibase/parser/core/xml/dbchangelog-3.5.xsd
14:02:10.185 [Test worker] DEBUG liquibase - Opening jar:file:/C:/Users/user/.gradle/caches/modules-2/files-2.1/net.corda/corda-node/4.1/45583a2ad1dc5cdd2b90b4ff6d3bfe980bbba0cc/corda-node-4.1.jar!/migration/vault-schema.changelog-init.xml as migration/vault-schema.changelog-init.xml
14:02:10.193 [Test worker] DEBUG liquibase - Resolving XML entity name='null', publicId='null', baseURI='null', systemId='http://www.liquibase.org/xml/ns/dbchangelog/dbchangelog-3.5.xsd'
14:02:10.193 [Test worker] DEBUG LiquibaseSchemaResolver - Found namespace details class liquibase.parser.core.xml.StandardNamespaceDetails for http://www.liquibase.org/xml/ns/dbchangelog/dbchangelog-3.5.xsd
14:02:10.193 [Test worker] DEBUG LiquibaseSchemaResolver - Local path for http://www.liquibase.org/xml/ns/dbchangelog/dbchangelog-3.5.xsd is liquibase/parser/core/xml/dbchangelog-3.5.xsd
14:02:10.194 [Test worker] DEBUG liquibase - Opening jar:file:/C:/Users/user/.gradle/caches/modules-2/files-2.1/org.liquibase/liquibase-core/3.5.5/c65051f327382018bd09c30380f25eac96f210da/liquibase-core-3.5.5.jar!/liquibase/parser/core/xml/dbchangelog-3.5.xsd as liquibase/parser/core/xml/dbchangelog-3.5.xsd
14:02:10.194 [Test worker] DEBUG LiquibaseSchemaResolver - Successfully loaded XSD from liquibase/parser/core/xml/dbchangelog-3.5.xsd
14:02:10.222 [Test worker] DEBUG liquibase - Opening jar:file:/C:/Users/user/.gradle/caches/modules-2/files-2.1/net.corda/corda-node/4.1/45583a2ad1dc5cdd2b90b4ff6d3bfe980bbba0cc/corda-node-4.1.jar!/migration/vault-schema.changelog-v3.xml as migration/vault-schema.changelog-v3.xml
14:02:10.224 [Test worker] DEBUG liquibase - Resolving XML entity name='null', publicId='null', baseURI='null', systemId='http://www.liquibase.org/xml/ns/dbchangelog/dbchangelog-3.5.xsd'
14:02:10.225 [Test worker] DEBUG LiquibaseSchemaResolver - Found namespace details class liquibase.parser.core.xml.StandardNamespaceDetails for http://www.liquibase.org/xml/ns/dbchangelog/dbchangelog-3.5.xsd
14:02:10.225 [Test worker] DEBUG LiquibaseSchemaResolver - Local path for http://www.liquibase.org/xml/ns/dbchangelog/dbchangelog-3.5.xsd is liquibase/parser/core/xml/dbchangelog-3.5.xsd
14:02:10.225 [Test worker] DEBUG liquibase - Opening jar:file:/C:/Users/user/.gradle/caches/modules-2/files-2.1/org.liquibase/liquibase-core/3.5.5/c65051f327382018bd09c30380f25eac96f210da/liquibase-core-3.5.5.jar!/liquibase/parser/core/xml/dbchangelog-3.5.xsd as liquibase/parser/core/xml/dbchangelog-3.5.xsd
14:02:10.226 [Test worker] DEBUG LiquibaseSchemaResolver - Successfully loaded XSD from liquibase/parser/core/xml/dbchangelog-3.5.xsd
14:02:10.236 [Test worker] DEBUG liquibase - Opening jar:file:/C:/Users/user/.gradle/caches/modules-2/files-2.1/net.corda/corda-node/4.1/45583a2ad1dc5cdd2b90b4ff6d3bfe980bbba0cc/corda-node-4.1.jar!/migration/vault-schema.changelog-v4.xml as migration/vault-schema.changelog-v4.xml
14:02:10.239 [Test worker] DEBUG liquibase - Resolving XML entity name='null', publicId='null', baseURI='null', systemId='http://www.liquibase.org/xml/ns/dbchangelog/dbchangelog-3.5.xsd'
14:02:10.239 [Test worker] DEBUG LiquibaseSchemaResolver - Found namespace details class liquibase.parser.core.xml.StandardNamespaceDetails for http://www.liquibase.org/xml/ns/dbchangelog/dbchangelog-3.5.xsd
14:02:10.239 [Test worker] DEBUG LiquibaseSchemaResolver - Local path for http://www.liquibase.org/xml/ns/dbchangelog/dbchangelog-3.5.xsd is liquibase/parser/core/xml/dbchangelog-3.5.xsd
14:02:10.242 [Test worker] DEBUG liquibase - Opening jar:file:/C:/Users/user/.gradle/caches/modules-2/files-2.1/org.liquibase/liquibase-core/3.5.5/c65051f327382018bd09c30380f25eac96f210da/liquibase-core-3.5.5.jar!/liquibase/parser/core/xml/dbchangelog-3.5.xsd as liquibase/parser/core/xml/dbchangelog-3.5.xsd
14:02:10.243 [Test worker] DEBUG LiquibaseSchemaResolver - Successfully loaded XSD from liquibase/parser/core/xml/dbchangelog-3.5.xsd
14:02:10.274 [HikariPool-2 housekeeper] DEBUG com.zaxxer.hikari.pool.HikariPool - HikariPool-2 - Pool stats (total=1, active=1, idle=0, waiting=0)
14:02:10.275 [HikariPool-2 connection adder] DEBUG com.zaxxer.hikari.pool.HikariPool - HikariPool-2 - Added connection conn13: url=jdbc:h2:mem:node_1_net_6416157275649019694_persistence user=SA
14:02:10.275 [HikariPool-2 connection adder] DEBUG com.zaxxer.hikari.pool.HikariPool - HikariPool-2 - Added connection conn14: url=jdbc:h2:mem:node_1_net_6416157275649019694_persistence user=SA
14:02:10.276 [HikariPool-2 connection adder] DEBUG com.zaxxer.hikari.pool.HikariPool - HikariPool-2 - Added connection conn15: url=jdbc:h2:mem:node_1_net_6416157275649019694_persistence user=SA
14:02:10.276 [HikariPool-2 connection adder] DEBUG com.zaxxer.hikari.pool.HikariPool - HikariPool-2 - Added connection conn16: url=jdbc:h2:mem:node_1_net_6416157275649019694_persistence user=SA
14:02:10.276 [HikariPool-2 connection adder] DEBUG com.zaxxer.hikari.pool.HikariPool - HikariPool-2 - Added connection conn17: url=jdbc:h2:mem:node_1_net_6416157275649019694_persistence user=SA
14:02:10.277 [HikariPool-2 connection adder] DEBUG com.zaxxer.hikari.pool.HikariPool - HikariPool-2 - Added connection conn18: url=jdbc:h2:mem:node_1_net_6416157275649019694_persistence user=SA
14:02:10.277 [HikariPool-2 connection adder] DEBUG com.zaxxer.hikari.pool.HikariPool - HikariPool-2 - Added connection conn19: url=jdbc:h2:mem:node_1_net_6416157275649019694_persistence user=SA
14:02:10.277 [HikariPool-2 connection adder] DEBUG com.zaxxer.hikari.pool.HikariPool - HikariPool-2 - Added connection conn20: url=jdbc:h2:mem:node_1_net_6416157275649019694_persistence user=SA
14:02:10.278 [HikariPool-2 connection adder] DEBUG com.zaxxer.hikari.pool.HikariPool - HikariPool-2 - Added connection conn21: url=jdbc:h2:mem:node_1_net_6416157275649019694_persistence user=SA
14:02:10.278 [HikariPool-2 connection adder] DEBUG com.zaxxer.hikari.pool.HikariPool - HikariPool-2 - After adding stats (total=10, active=1, idle=9, waiting=0)
14:02:10.304 [Test worker] DEBUG liquibase - Opening jar:file:/C:/Users/user/.gradle/caches/modules-2/files-2.1/net.corda/corda-node/4.1/45583a2ad1dc5cdd2b90b4ff6d3bfe980bbba0cc/corda-node-4.1.jar!/migration/vault-schema.changelog-pkey.xml as migration/vault-schema.changelog-pkey.xml
14:02:10.306 [Test worker] DEBUG liquibase - Resolving XML entity name='null', publicId='null', baseURI='null', systemId='http://www.liquibase.org/xml/ns/dbchangelog/dbchangelog-3.5.xsd'
14:02:10.307 [Test worker] DEBUG LiquibaseSchemaResolver - Found namespace details class liquibase.parser.core.xml.StandardNamespaceDetails for http://www.liquibase.org/xml/ns/dbchangelog/dbchangelog-3.5.xsd
14:02:10.307 [Test worker] DEBUG LiquibaseSchemaResolver - Local path for http://www.liquibase.org/xml/ns/dbchangelog/dbchangelog-3.5.xsd is liquibase/parser/core/xml/dbchangelog-3.5.xsd
14:02:10.308 [Test worker] DEBUG liquibase - Opening jar:file:/C:/Users/user/.gradle/caches/modules-2/files-2.1/org.liquibase/liquibase-core/3.5.5/c65051f327382018bd09c30380f25eac96f210da/liquibase-core-3.5.5.jar!/liquibase/parser/core/xml/dbchangelog-3.5.xsd as liquibase/parser/core/xml/dbchangelog-3.5.xsd
14:02:10.309 [Test worker] DEBUG LiquibaseSchemaResolver - Successfully loaded XSD from liquibase/parser/core/xml/dbchangelog-3.5.xsd
14:02:10.323 [Test worker] DEBUG liquibase - Opening jar:file:/C:/Users/user/.gradle/caches/modules-2/files-2.1/net.corda/corda-node/4.1/45583a2ad1dc5cdd2b90b4ff6d3bfe980bbba0cc/corda-node-4.1.jar!/migration/vault-schema.changelog-v5.xml as migration/vault-schema.changelog-v5.xml
14:02:10.326 [Test worker] DEBUG liquibase - Resolving XML entity name='null', publicId='null', baseURI='null', systemId='http://www.liquibase.org/xml/ns/dbchangelog/dbchangelog-3.5.xsd'
14:02:10.334 [Test worker] DEBUG LiquibaseSchemaResolver - Found namespace details class liquibase.parser.core.xml.StandardNamespaceDetails for http://www.liquibase.org/xml/ns/dbchangelog/dbchangelog-3.5.xsd
14:02:10.334 [Test worker] DEBUG LiquibaseSchemaResolver - Local path for http://www.liquibase.org/xml/ns/dbchangelog/dbchangelog-3.5.xsd is liquibase/parser/core/xml/dbchangelog-3.5.xsd
14:02:10.336 [Test worker] DEBUG liquibase - Opening jar:file:/C:/Users/user/.gradle/caches/modules-2/files-2.1/org.liquibase/liquibase-core/3.5.5/c65051f327382018bd09c30380f25eac96f210da/liquibase-core-3.5.5.jar!/liquibase/parser/core/xml/dbchangelog-3.5.xsd as liquibase/parser/core/xml/dbchangelog-3.5.xsd
14:02:10.337 [Test worker] DEBUG LiquibaseSchemaResolver - Successfully loaded XSD from liquibase/parser/core/xml/dbchangelog-3.5.xsd
14:02:10.370 [Test worker] DEBUG liquibase - Opening jar:file:/C:/Users/user/.gradle/caches/modules-2/files-2.1/net.corda/corda-node/4.1/45583a2ad1dc5cdd2b90b4ff6d3bfe980bbba0cc/corda-node-4.1.jar!/migration/vault-schema.changelog-v6.xml as migration/vault-schema.changelog-v6.xml
14:02:10.372 [Test worker] DEBUG liquibase - Resolving XML entity name='null', publicId='null', baseURI='null', systemId='http://www.liquibase.org/xml/ns/dbchangelog/dbchangelog-3.5.xsd'
14:02:10.372 [Test worker] DEBUG LiquibaseSchemaResolver - Found namespace details class liquibase.parser.core.xml.StandardNamespaceDetails for http://www.liquibase.org/xml/ns/dbchangelog/dbchangelog-3.5.xsd
14:02:10.372 [Test worker] DEBUG LiquibaseSchemaResolver - Local path for http://www.liquibase.org/xml/ns/dbchangelog/dbchangelog-3.5.xsd is liquibase/parser/core/xml/dbchangelog-3.5.xsd
14:02:10.372 [Test worker] DEBUG liquibase - Opening jar:file:/C:/Users/user/.gradle/caches/modules-2/files-2.1/org.liquibase/liquibase-core/3.5.5/c65051f327382018bd09c30380f25eac96f210da/liquibase-core-3.5.5.jar!/liquibase/parser/core/xml/dbchangelog-3.5.xsd as liquibase/parser/core/xml/dbchangelog-3.5.xsd
14:02:10.373 [Test worker] DEBUG LiquibaseSchemaResolver - Successfully loaded XSD from liquibase/parser/core/xml/dbchangelog-3.5.xsd
14:02:10.382 [Test worker] DEBUG liquibase - Opening jar:file:/C:/Users/user/.gradle/caches/modules-2/files-2.1/net.corda/corda-node/4.1/45583a2ad1dc5cdd2b90b4ff6d3bfe980bbba0cc/corda-node-4.1.jar!/migration/vault-schema.changelog-v7.xml as migration/vault-schema.changelog-v7.xml
14:02:10.384 [Test worker] DEBUG liquibase - Resolving XML entity name='null', publicId='null', baseURI='null', systemId='http://www.liquibase.org/xml/ns/dbchangelog/dbchangelog-3.5.xsd'
14:02:10.384 [Test worker] DEBUG LiquibaseSchemaResolver - Found namespace details class liquibase.parser.core.xml.StandardNamespaceDetails for http://www.liquibase.org/xml/ns/dbchangelog/dbchangelog-3.5.xsd
14:02:10.385 [Test worker] DEBUG LiquibaseSchemaResolver - Local path for http://www.liquibase.org/xml/ns/dbchangelog/dbchangelog-3.5.xsd is liquibase/parser/core/xml/dbchangelog-3.5.xsd
14:02:10.385 [Test worker] DEBUG liquibase - Opening jar:file:/C:/Users/user/.gradle/caches/modules-2/files-2.1/org.liquibase/liquibase-core/3.5.5/c65051f327382018bd09c30380f25eac96f210da/liquibase-core-3.5.5.jar!/liquibase/parser/core/xml/dbchangelog-3.5.xsd as liquibase/parser/core/xml/dbchangelog-3.5.xsd
14:02:10.386 [Test worker] DEBUG LiquibaseSchemaResolver - Successfully loaded XSD from liquibase/parser/core/xml/dbchangelog-3.5.xsd
14:02:10.393 [Test worker] DEBUG liquibase - Opening jar:file:/C:/Users/user/.gradle/caches/modules-2/files-2.1/net.corda/corda-node/4.1/45583a2ad1dc5cdd2b90b4ff6d3bfe980bbba0cc/corda-node-4.1.jar!/migration/vault-schema.changelog-v8.xml as migration/vault-schema.changelog-v8.xml
14:02:10.395 [Test worker] DEBUG liquibase - Resolving XML entity name='null', publicId='null', baseURI='null', systemId='http://www.liquibase.org/xml/ns/dbchangelog/dbchangelog-3.5.xsd'
14:02:10.395 [Test worker] DEBUG LiquibaseSchemaResolver - Found namespace details class liquibase.parser.core.xml.StandardNamespaceDetails for http://www.liquibase.org/xml/ns/dbchangelog/dbchangelog-3.5.xsd
14:02:10.395 [Test worker] DEBUG LiquibaseSchemaResolver - Local path for http://www.liquibase.org/xml/ns/dbchangelog/dbchangelog-3.5.xsd is liquibase/parser/core/xml/dbchangelog-3.5.xsd
14:02:10.397 [Test worker] DEBUG liquibase - Opening jar:file:/C:/Users/user/.gradle/caches/modules-2/files-2.1/org.liquibase/liquibase-core/3.5.5/c65051f327382018bd09c30380f25eac96f210da/liquibase-core-3.5.5.jar!/liquibase/parser/core/xml/dbchangelog-3.5.xsd as liquibase/parser/core/xml/dbchangelog-3.5.xsd
14:02:10.398 [Test worker] DEBUG LiquibaseSchemaResolver - Successfully loaded XSD from liquibase/parser/core/xml/dbchangelog-3.5.xsd
14:02:10.417 [Test worker] DEBUG liquibase - Opening jar:file:/C:/Users/user/.gradle/caches/modules-2/files-2.1/net.corda/corda-node/4.1/45583a2ad1dc5cdd2b90b4ff6d3bfe980bbba0cc/corda-node-4.1.jar!/migration/node-info.changelog-master.xml as migration/node-info.changelog-master.xml
14:02:10.421 [Test worker] DEBUG liquibase - Resolving XML entity name='null', publicId='null', baseURI='null', systemId='http://www.liquibase.org/xml/ns/dbchangelog/dbchangelog-3.5.xsd'
14:02:10.421 [Test worker] DEBUG LiquibaseSchemaResolver - Found namespace details class liquibase.parser.core.xml.StandardNamespaceDetails for http://www.liquibase.org/xml/ns/dbchangelog/dbchangelog-3.5.xsd
14:02:10.422 [Test worker] DEBUG LiquibaseSchemaResolver - Local path for http://www.liquibase.org/xml/ns/dbchangelog/dbchangelog-3.5.xsd is liquibase/parser/core/xml/dbchangelog-3.5.xsd
14:02:10.423 [Test worker] DEBUG liquibase - Opening jar:file:/C:/Users/user/.gradle/caches/modules-2/files-2.1/org.liquibase/liquibase-core/3.5.5/c65051f327382018bd09c30380f25eac96f210da/liquibase-core-3.5.5.jar!/liquibase/parser/core/xml/dbchangelog-3.5.xsd as liquibase/parser/core/xml/dbchangelog-3.5.xsd
14:02:10.425 [Test worker] DEBUG LiquibaseSchemaResolver - Successfully loaded XSD from liquibase/parser/core/xml/dbchangelog-3.5.xsd
14:02:10.437 [Test worker] DEBUG liquibase - Opening jar:file:/C:/Users/user/.gradle/caches/modules-2/files-2.1/net.corda/corda-node/4.1/45583a2ad1dc5cdd2b90b4ff6d3bfe980bbba0cc/corda-node-4.1.jar!/migration/node-info.changelog-init.xml as migration/node-info.changelog-init.xml
14:02:10.440 [Test worker] DEBUG liquibase - Resolving XML entity name='null', publicId='null', baseURI='null', systemId='http://www.liquibase.org/xml/ns/dbchangelog/dbchangelog-3.5.xsd'
14:02:10.440 [Test worker] DEBUG LiquibaseSchemaResolver - Found namespace details class liquibase.parser.core.xml.StandardNamespaceDetails for http://www.liquibase.org/xml/ns/dbchangelog/dbchangelog-3.5.xsd
14:02:10.440 [Test worker] DEBUG LiquibaseSchemaResolver - Local path for http://www.liquibase.org/xml/ns/dbchangelog/dbchangelog-3.5.xsd is liquibase/parser/core/xml/dbchangelog-3.5.xsd
14:02:10.440 [Test worker] DEBUG liquibase - Opening jar:file:/C:/Users/user/.gradle/caches/modules-2/files-2.1/org.liquibase/liquibase-core/3.5.5/c65051f327382018bd09c30380f25eac96f210da/liquibase-core-3.5.5.jar!/liquibase/parser/core/xml/dbchangelog-3.5.xsd as liquibase/parser/core/xml/dbchangelog-3.5.xsd
14:02:10.441 [Test worker] DEBUG LiquibaseSchemaResolver - Successfully loaded XSD from liquibase/parser/core/xml/dbchangelog-3.5.xsd
14:02:10.457 [Test worker] DEBUG liquibase - Opening jar:file:/C:/Users/user/.gradle/caches/modules-2/files-2.1/net.corda/corda-node/4.1/45583a2ad1dc5cdd2b90b4ff6d3bfe980bbba0cc/corda-node-4.1.jar!/migration/node-info.changelog-v1.xml as migration/node-info.changelog-v1.xml
14:02:10.459 [Test worker] DEBUG liquibase - Resolving XML entity name='null', publicId='null', baseURI='null', systemId='http://www.liquibase.org/xml/ns/dbchangelog/dbchangelog-3.5.xsd'
14:02:10.459 [Test worker] DEBUG LiquibaseSchemaResolver - Found namespace details class liquibase.parser.core.xml.StandardNamespaceDetails for http://www.liquibase.org/xml/ns/dbchangelog/dbchangelog-3.5.xsd
14:02:10.459 [Test worker] DEBUG LiquibaseSchemaResolver - Local path for http://www.liquibase.org/xml/ns/dbchangelog/dbchangelog-3.5.xsd is liquibase/parser/core/xml/dbchangelog-3.5.xsd
14:02:10.460 [Test worker] DEBUG liquibase - Opening jar:file:/C:/Users/user/.gradle/caches/modules-2/files-2.1/org.liquibase/liquibase-core/3.5.5/c65051f327382018bd09c30380f25eac96f210da/liquibase-core-3.5.5.jar!/liquibase/parser/core/xml/dbchangelog-3.5.xsd as liquibase/parser/core/xml/dbchangelog-3.5.xsd
14:02:10.461 [Test worker] DEBUG LiquibaseSchemaResolver - Successfully loaded XSD from liquibase/parser/core/xml/dbchangelog-3.5.xsd
14:02:10.473 [Test worker] DEBUG liquibase - Opening jar:file:/C:/Users/user/.gradle/caches/modules-2/files-2.1/net.corda/corda-node/4.1/45583a2ad1dc5cdd2b90b4ff6d3bfe980bbba0cc/corda-node-4.1.jar!/migration/node-info.changelog-v2.xml as migration/node-info.changelog-v2.xml
14:02:10.476 [Test worker] DEBUG liquibase - Resolving XML entity name='null', publicId='null', baseURI='null', systemId='http://www.liquibase.org/xml/ns/dbchangelog/dbchangelog-3.5.xsd'
14:02:10.477 [Test worker] DEBUG LiquibaseSchemaResolver - Found namespace details class liquibase.parser.core.xml.StandardNamespaceDetails for http://www.liquibase.org/xml/ns/dbchangelog/dbchangelog-3.5.xsd
14:02:10.478 [Test worker] DEBUG LiquibaseSchemaResolver - Local path for http://www.liquibase.org/xml/ns/dbchangelog/dbchangelog-3.5.xsd is liquibase/parser/core/xml/dbchangelog-3.5.xsd
14:02:10.479 [Test worker] DEBUG liquibase - Opening jar:file:/C:/Users/user/.gradle/caches/modules-2/files-2.1/org.liquibase/liquibase-core/3.5.5/c65051f327382018bd09c30380f25eac96f210da/liquibase-core-3.5.5.jar!/liquibase/parser/core/xml/dbchangelog-3.5.xsd as liquibase/parser/core/xml/dbchangelog-3.5.xsd
14:02:10.480 [Test worker] DEBUG LiquibaseSchemaResolver - Successfully loaded XSD from liquibase/parser/core/xml/dbchangelog-3.5.xsd
14:02:10.492 [Test worker] DEBUG liquibase - Opening jar:file:/C:/Users/user/.gradle/caches/modules-2/files-2.1/net.corda/corda-node/4.1/45583a2ad1dc5cdd2b90b4ff6d3bfe980bbba0cc/corda-node-4.1.jar!/migration/node-info.changelog-v3.xml as migration/node-info.changelog-v3.xml
14:02:10.498 [Test worker] DEBUG liquibase - Resolving XML entity name='null', publicId='null', baseURI='null', systemId='http://www.liquibase.org/xml/ns/dbchangelog/dbchangelog-3.5.xsd'
14:02:10.500 [Test worker] DEBUG LiquibaseSchemaResolver - Found namespace details class liquibase.parser.core.xml.StandardNamespaceDetails for http://www.liquibase.org/xml/ns/dbchangelog/dbchangelog-3.5.xsd
14:02:10.500 [Test worker] DEBUG LiquibaseSchemaResolver - Local path for http://www.liquibase.org/xml/ns/dbchangelog/dbchangelog-3.5.xsd is liquibase/parser/core/xml/dbchangelog-3.5.xsd
14:02:10.501 [Test worker] DEBUG liquibase - Opening jar:file:/C:/Users/user/.gradle/caches/modules-2/files-2.1/org.liquibase/liquibase-core/3.5.5/c65051f327382018bd09c30380f25eac96f210da/liquibase-core-3.5.5.jar!/liquibase/parser/core/xml/dbchangelog-3.5.xsd as liquibase/parser/core/xml/dbchangelog-3.5.xsd
14:02:10.501 [Test worker] DEBUG LiquibaseSchemaResolver - Successfully loaded XSD from liquibase/parser/core/xml/dbchangelog-3.5.xsd
14:02:10.513 [Test worker] DEBUG liquibase - Opening jar:file:/C:/Users/user/.gradle/caches/modules-2/files-2.1/net.corda/corda-node/4.1/45583a2ad1dc5cdd2b90b4ff6d3bfe980bbba0cc/corda-node-4.1.jar!/migration/node-core.changelog-master.xml as migration/node-core.changelog-master.xml
14:02:10.517 [Test worker] DEBUG liquibase - Resolving XML entity name='null', publicId='null', baseURI='null', systemId='http://www.liquibase.org/xml/ns/dbchangelog/dbchangelog-3.5.xsd'
14:02:10.518 [Test worker] DEBUG LiquibaseSchemaResolver - Found namespace details class liquibase.parser.core.xml.StandardNamespaceDetails for http://www.liquibase.org/xml/ns/dbchangelog/dbchangelog-3.5.xsd
14:02:10.518 [Test worker] DEBUG LiquibaseSchemaResolver - Local path for http://www.liquibase.org/xml/ns/dbchangelog/dbchangelog-3.5.xsd is liquibase/parser/core/xml/dbchangelog-3.5.xsd
14:02:10.518 [Test worker] DEBUG liquibase - Opening jar:file:/C:/Users/user/.gradle/caches/modules-2/files-2.1/org.liquibase/liquibase-core/3.5.5/c65051f327382018bd09c30380f25eac96f210da/liquibase-core-3.5.5.jar!/liquibase/parser/core/xml/dbchangelog-3.5.xsd as liquibase/parser/core/xml/dbchangelog-3.5.xsd
14:02:10.519 [Test worker] DEBUG LiquibaseSchemaResolver - Successfully loaded XSD from liquibase/parser/core/xml/dbchangelog-3.5.xsd
14:02:10.527 [Test worker] DEBUG liquibase - Opening jar:file:/C:/Users/user/.gradle/caches/modules-2/files-2.1/net.corda/corda-node/4.1/45583a2ad1dc5cdd2b90b4ff6d3bfe980bbba0cc/corda-node-4.1.jar!/migration/node-core.changelog-init.xml as migration/node-core.changelog-init.xml
14:02:10.529 [Test worker] DEBUG liquibase - Resolving XML entity name='null', publicId='null', baseURI='null', systemId='http://www.liquibase.org/xml/ns/dbchangelog/dbchangelog-3.5.xsd'
14:02:10.529 [Test worker] DEBUG LiquibaseSchemaResolver - Found namespace details class liquibase.parser.core.xml.StandardNamespaceDetails for http://www.liquibase.org/xml/ns/dbchangelog/dbchangelog-3.5.xsd
14:02:10.529 [Test worker] DEBUG LiquibaseSchemaResolver - Local path for http://www.liquibase.org/xml/ns/dbchangelog/dbchangelog-3.5.xsd is liquibase/parser/core/xml/dbchangelog-3.5.xsd
14:02:10.530 [Test worker] DEBUG liquibase - Opening jar:file:/C:/Users/user/.gradle/caches/modules-2/files-2.1/org.liquibase/liquibase-core/3.5.5/c65051f327382018bd09c30380f25eac96f210da/liquibase-core-3.5.5.jar!/liquibase/parser/core/xml/dbchangelog-3.5.xsd as liquibase/parser/core/xml/dbchangelog-3.5.xsd
14:02:10.530 [Test worker] DEBUG LiquibaseSchemaResolver - Successfully loaded XSD from liquibase/parser/core/xml/dbchangelog-3.5.xsd
14:02:10.550 [Test worker] DEBUG liquibase - Opening jar:file:/C:/Users/user/.gradle/caches/modules-2/files-2.1/net.corda/corda-node/4.1/45583a2ad1dc5cdd2b90b4ff6d3bfe980bbba0cc/corda-node-4.1.jar!/migration/node-core.changelog-v3.xml as migration/node-core.changelog-v3.xml
14:02:10.553 [Test worker] DEBUG liquibase - Resolving XML entity name='null', publicId='null', baseURI='null', systemId='http://www.liquibase.org/xml/ns/dbchangelog/dbchangelog-3.5.xsd'
14:02:10.554 [Test worker] DEBUG LiquibaseSchemaResolver - Found namespace details class liquibase.parser.core.xml.StandardNamespaceDetails for http://www.liquibase.org/xml/ns/dbchangelog/dbchangelog-3.5.xsd
14:02:10.554 [Test worker] DEBUG LiquibaseSchemaResolver - Local path for http://www.liquibase.org/xml/ns/dbchangelog/dbchangelog-3.5.xsd is liquibase/parser/core/xml/dbchangelog-3.5.xsd
14:02:10.555 [Test worker] DEBUG liquibase - Opening jar:file:/C:/Users/user/.gradle/caches/modules-2/files-2.1/org.liquibase/liquibase-core/3.5.5/c65051f327382018bd09c30380f25eac96f210da/liquibase-core-3.5.5.jar!/liquibase/parser/core/xml/dbchangelog-3.5.xsd as liquibase/parser/core/xml/dbchangelog-3.5.xsd
14:02:10.558 [Test worker] DEBUG LiquibaseSchemaResolver - Successfully loaded XSD from liquibase/parser/core/xml/dbchangelog-3.5.xsd
14:02:10.568 [Test worker] DEBUG liquibase - Opening jar:file:/C:/Users/user/.gradle/caches/modules-2/files-2.1/net.corda/corda-node/4.1/45583a2ad1dc5cdd2b90b4ff6d3bfe980bbba0cc/corda-node-4.1.jar!/migration/node-core.changelog-v4.xml as migration/node-core.changelog-v4.xml
14:02:10.570 [Test worker] DEBUG liquibase - Resolving XML entity name='null', publicId='null', baseURI='null', systemId='http://www.liquibase.org/xml/ns/dbchangelog/dbchangelog-3.5.xsd'
14:02:10.570 [Test worker] DEBUG LiquibaseSchemaResolver - Found namespace details class liquibase.parser.core.xml.StandardNamespaceDetails for http://www.liquibase.org/xml/ns/dbchangelog/dbchangelog-3.5.xsd
14:02:10.570 [Test worker] DEBUG LiquibaseSchemaResolver - Local path for http://www.liquibase.org/xml/ns/dbchangelog/dbchangelog-3.5.xsd is liquibase/parser/core/xml/dbchangelog-3.5.xsd
14:02:10.571 [Test worker] DEBUG liquibase - Opening jar:file:/C:/Users/user/.gradle/caches/modules-2/files-2.1/org.liquibase/liquibase-core/3.5.5/c65051f327382018bd09c30380f25eac96f210da/liquibase-core-3.5.5.jar!/liquibase/parser/core/xml/dbchangelog-3.5.xsd as liquibase/parser/core/xml/dbchangelog-3.5.xsd
14:02:10.571 [Test worker] DEBUG LiquibaseSchemaResolver - Successfully loaded XSD from liquibase/parser/core/xml/dbchangelog-3.5.xsd
14:02:10.581 [Test worker] DEBUG liquibase - Opening jar:file:/C:/Users/user/.gradle/caches/modules-2/files-2.1/net.corda/corda-node/4.1/45583a2ad1dc5cdd2b90b4ff6d3bfe980bbba0cc/corda-node-4.1.jar!/migration/node-core.changelog-v5.xml as migration/node-core.changelog-v5.xml
14:02:10.583 [Test worker] DEBUG liquibase - Resolving XML entity name='null', publicId='null', baseURI='null', systemId='http://www.liquibase.org/xml/ns/dbchangelog/dbchangelog-3.5.xsd'
14:02:10.583 [Test worker] DEBUG LiquibaseSchemaResolver - Found namespace details class liquibase.parser.core.xml.StandardNamespaceDetails for http://www.liquibase.org/xml/ns/dbchangelog/dbchangelog-3.5.xsd
14:02:10.583 [Test worker] DEBUG LiquibaseSchemaResolver - Local path for http://www.liquibase.org/xml/ns/dbchangelog/dbchangelog-3.5.xsd is liquibase/parser/core/xml/dbchangelog-3.5.xsd
14:02:10.584 [Test worker] DEBUG liquibase - Opening jar:file:/C:/Users/user/.gradle/caches/modules-2/files-2.1/org.liquibase/liquibase-core/3.5.5/c65051f327382018bd09c30380f25eac96f210da/liquibase-core-3.5.5.jar!/liquibase/parser/core/xml/dbchangelog-3.5.xsd as liquibase/parser/core/xml/dbchangelog-3.5.xsd
14:02:10.584 [Test worker] DEBUG LiquibaseSchemaResolver - Successfully loaded XSD from liquibase/parser/core/xml/dbchangelog-3.5.xsd
14:02:10.591 [Test worker] DEBUG liquibase - Opening jar:file:/C:/Users/user/.gradle/caches/modules-2/files-2.1/net.corda/corda-node/4.1/45583a2ad1dc5cdd2b90b4ff6d3bfe980bbba0cc/corda-node-4.1.jar!/migration/node-core.changelog-pkey.xml as migration/node-core.changelog-pkey.xml
14:02:10.594 [Test worker] DEBUG liquibase - Resolving XML entity name='null', publicId='null', baseURI='null', systemId='http://www.liquibase.org/xml/ns/dbchangelog/dbchangelog-3.5.xsd'
14:02:10.594 [Test worker] DEBUG LiquibaseSchemaResolver - Found namespace details class liquibase.parser.core.xml.StandardNamespaceDetails for http://www.liquibase.org/xml/ns/dbchangelog/dbchangelog-3.5.xsd
14:02:10.595 [Test worker] DEBUG LiquibaseSchemaResolver - Local path for http://www.liquibase.org/xml/ns/dbchangelog/dbchangelog-3.5.xsd is liquibase/parser/core/xml/dbchangelog-3.5.xsd
14:02:10.595 [Test worker] DEBUG liquibase - Opening jar:file:/C:/Users/user/.gradle/caches/modules-2/files-2.1/org.liquibase/liquibase-core/3.5.5/c65051f327382018bd09c30380f25eac96f210da/liquibase-core-3.5.5.jar!/liquibase/parser/core/xml/dbchangelog-3.5.xsd as liquibase/parser/core/xml/dbchangelog-3.5.xsd
14:02:10.596 [Test worker] DEBUG LiquibaseSchemaResolver - Successfully loaded XSD from liquibase/parser/core/xml/dbchangelog-3.5.xsd
14:02:10.624 [Test worker] DEBUG liquibase - Opening jar:file:/C:/Users/user/.gradle/caches/modules-2/files-2.1/net.corda/corda-node/4.1/45583a2ad1dc5cdd2b90b4ff6d3bfe980bbba0cc/corda-node-4.1.jar!/migration/node-core.changelog-postgres-blob.xml as migration/node-core.changelog-postgres-blob.xml
14:02:10.629 [Test worker] DEBUG liquibase - Resolving XML entity name='null', publicId='null', baseURI='null', systemId='http://www.liquibase.org/xml/ns/dbchangelog/dbchangelog-3.5.xsd'
14:02:10.629 [Test worker] DEBUG LiquibaseSchemaResolver - Found namespace details class liquibase.parser.core.xml.StandardNamespaceDetails for http://www.liquibase.org/xml/ns/dbchangelog/dbchangelog-3.5.xsd
14:02:10.630 [Test worker] DEBUG LiquibaseSchemaResolver - Local path for http://www.liquibase.org/xml/ns/dbchangelog/dbchangelog-3.5.xsd is liquibase/parser/core/xml/dbchangelog-3.5.xsd
14:02:10.631 [Test worker] DEBUG liquibase - Opening jar:file:/C:/Users/user/.gradle/caches/modules-2/files-2.1/org.liquibase/liquibase-core/3.5.5/c65051f327382018bd09c30380f25eac96f210da/liquibase-core-3.5.5.jar!/liquibase/parser/core/xml/dbchangelog-3.5.xsd as liquibase/parser/core/xml/dbchangelog-3.5.xsd
14:02:10.633 [Test worker] DEBUG LiquibaseSchemaResolver - Successfully loaded XSD from liquibase/parser/core/xml/dbchangelog-3.5.xsd
14:02:10.646 [Test worker] DEBUG liquibase - Opening jar:file:/C:/Users/user/.gradle/caches/modules-2/files-2.1/net.corda/corda-node/4.1/45583a2ad1dc5cdd2b90b4ff6d3bfe980bbba0cc/corda-node-4.1.jar!/migration/node-core.changelog-v8.xml as migration/node-core.changelog-v8.xml
14:02:10.652 [Test worker] DEBUG liquibase - Resolving XML entity name='null', publicId='null', baseURI='null', systemId='http://www.liquibase.org/xml/ns/dbchangelog/dbchangelog-3.5.xsd'
14:02:10.652 [Test worker] DEBUG LiquibaseSchemaResolver - Found namespace details class liquibase.parser.core.xml.StandardNamespaceDetails for http://www.liquibase.org/xml/ns/dbchangelog/dbchangelog-3.5.xsd
14:02:10.652 [Test worker] DEBUG LiquibaseSchemaResolver - Local path for http://www.liquibase.org/xml/ns/dbchangelog/dbchangelog-3.5.xsd is liquibase/parser/core/xml/dbchangelog-3.5.xsd
14:02:10.653 [Test worker] DEBUG liquibase - Opening jar:file:/C:/Users/user/.gradle/caches/modules-2/files-2.1/org.liquibase/liquibase-core/3.5.5/c65051f327382018bd09c30380f25eac96f210da/liquibase-core-3.5.5.jar!/liquibase/parser/core/xml/dbchangelog-3.5.xsd as liquibase/parser/core/xml/dbchangelog-3.5.xsd
14:02:10.654 [Test worker] DEBUG LiquibaseSchemaResolver - Successfully loaded XSD from liquibase/parser/core/xml/dbchangelog-3.5.xsd
14:02:10.663 [Test worker] DEBUG liquibase - Opening jar:file:/C:/Users/user/.gradle/caches/modules-2/files-2.1/net.corda/corda-node/4.1/45583a2ad1dc5cdd2b90b4ff6d3bfe980bbba0cc/corda-node-4.1.jar!/migration/node-core.changelog-tx-mapping.xml as migration/node-core.changelog-tx-mapping.xml
14:02:10.669 [Test worker] DEBUG liquibase - Resolving XML entity name='null', publicId='null', baseURI='null', systemId='http://www.liquibase.org/xml/ns/dbchangelog/dbchangelog-3.5.xsd'
14:02:10.669 [Test worker] DEBUG LiquibaseSchemaResolver - Found namespace details class liquibase.parser.core.xml.StandardNamespaceDetails for http://www.liquibase.org/xml/ns/dbchangelog/dbchangelog-3.5.xsd
14:02:10.670 [Test worker] DEBUG LiquibaseSchemaResolver - Local path for http://www.liquibase.org/xml/ns/dbchangelog/dbchangelog-3.5.xsd is liquibase/parser/core/xml/dbchangelog-3.5.xsd
14:02:10.671 [Test worker] DEBUG liquibase - Opening jar:file:/C:/Users/user/.gradle/caches/modules-2/files-2.1/org.liquibase/liquibase-core/3.5.5/c65051f327382018bd09c30380f25eac96f210da/liquibase-core-3.5.5.jar!/liquibase/parser/core/xml/dbchangelog-3.5.xsd as liquibase/parser/core/xml/dbchangelog-3.5.xsd
14:02:10.672 [Test worker] DEBUG LiquibaseSchemaResolver - Successfully loaded XSD from liquibase/parser/core/xml/dbchangelog-3.5.xsd
14:02:10.686 [Test worker] DEBUG liquibase - Opening jar:file:/C:/Users/user/.gradle/caches/modules-2/files-2.1/net.corda/corda-node/4.1/45583a2ad1dc5cdd2b90b4ff6d3bfe980bbba0cc/corda-node-4.1.jar!/migration/node-core.changelog-v9.xml as migration/node-core.changelog-v9.xml
14:02:10.697 [Test worker] DEBUG liquibase - Resolving XML entity name='null', publicId='null', baseURI='null', systemId='http://www.liquibase.org/xml/ns/dbchangelog/dbchangelog-3.5.xsd'
14:02:10.698 [Test worker] DEBUG LiquibaseSchemaResolver - Found namespace details class liquibase.parser.core.xml.StandardNamespaceDetails for http://www.liquibase.org/xml/ns/dbchangelog/dbchangelog-3.5.xsd
14:02:10.698 [Test worker] DEBUG LiquibaseSchemaResolver - Local path for http://www.liquibase.org/xml/ns/dbchangelog/dbchangelog-3.5.xsd is liquibase/parser/core/xml/dbchangelog-3.5.xsd
14:02:10.700 [Test worker] DEBUG liquibase - Opening jar:file:/C:/Users/user/.gradle/caches/modules-2/files-2.1/org.liquibase/liquibase-core/3.5.5/c65051f327382018bd09c30380f25eac96f210da/liquibase-core-3.5.5.jar!/liquibase/parser/core/xml/dbchangelog-3.5.xsd as liquibase/parser/core/xml/dbchangelog-3.5.xsd
14:02:10.701 [Test worker] DEBUG LiquibaseSchemaResolver - Successfully loaded XSD from liquibase/parser/core/xml/dbchangelog-3.5.xsd
14:02:10.710 [Test worker] DEBUG liquibase - Opening jar:file:/C:/Users/user/.gradle/caches/modules-2/files-2.1/net.corda/corda-node/4.1/45583a2ad1dc5cdd2b90b4ff6d3bfe980bbba0cc/corda-node-4.1.jar!/migration/node-core.changelog-v10.xml as migration/node-core.changelog-v10.xml
14:02:10.712 [Test worker] DEBUG liquibase - Resolving XML entity name='null', publicId='null', baseURI='null', systemId='http://www.liquibase.org/xml/ns/dbchangelog/dbchangelog-3.5.xsd'
14:02:10.712 [Test worker] DEBUG LiquibaseSchemaResolver - Found namespace details class liquibase.parser.core.xml.StandardNamespaceDetails for http://www.liquibase.org/xml/ns/dbchangelog/dbchangelog-3.5.xsd
14:02:10.712 [Test worker] DEBUG LiquibaseSchemaResolver - Local path for http://www.liquibase.org/xml/ns/dbchangelog/dbchangelog-3.5.xsd is liquibase/parser/core/xml/dbchangelog-3.5.xsd
14:02:10.713 [Test worker] DEBUG liquibase - Opening jar:file:/C:/Users/user/.gradle/caches/modules-2/files-2.1/org.liquibase/liquibase-core/3.5.5/c65051f327382018bd09c30380f25eac96f210da/liquibase-core-3.5.5.jar!/liquibase/parser/core/xml/dbchangelog-3.5.xsd as liquibase/parser/core/xml/dbchangelog-3.5.xsd
14:02:10.713 [Test worker] DEBUG LiquibaseSchemaResolver - Successfully loaded XSD from liquibase/parser/core/xml/dbchangelog-3.5.xsd
14:02:10.725 [Test worker] DEBUG liquibase - Opening jar:file:/C:/Users/user/.gradle/caches/modules-2/files-2.1/net.corda/corda-node/4.1/45583a2ad1dc5cdd2b90b4ff6d3bfe980bbba0cc/corda-node-4.1.jar!/migration/node-core.changelog-v11.xml as migration/node-core.changelog-v11.xml
14:02:10.727 [Test worker] DEBUG liquibase - Resolving XML entity name='null', publicId='null', baseURI='null', systemId='http://www.liquibase.org/xml/ns/dbchangelog/dbchangelog-3.5.xsd'
14:02:10.727 [Test worker] DEBUG LiquibaseSchemaResolver - Found namespace details class liquibase.parser.core.xml.StandardNamespaceDetails for http://www.liquibase.org/xml/ns/dbchangelog/dbchangelog-3.5.xsd
14:02:10.727 [Test worker] DEBUG LiquibaseSchemaResolver - Local path for http://www.liquibase.org/xml/ns/dbchangelog/dbchangelog-3.5.xsd is liquibase/parser/core/xml/dbchangelog-3.5.xsd
14:02:10.727 [Test worker] DEBUG liquibase - Opening jar:file:/C:/Users/user/.gradle/caches/modules-2/files-2.1/org.liquibase/liquibase-core/3.5.5/c65051f327382018bd09c30380f25eac96f210da/liquibase-core-3.5.5.jar!/liquibase/parser/core/xml/dbchangelog-3.5.xsd as liquibase/parser/core/xml/dbchangelog-3.5.xsd
14:02:10.728 [Test worker] DEBUG LiquibaseSchemaResolver - Successfully loaded XSD from liquibase/parser/core/xml/dbchangelog-3.5.xsd
14:02:10.740 [Test worker] DEBUG liquibase - Opening jar:file:/C:/Users/user/.gradle/caches/modules-2/files-2.1/net.corda/corda-node/4.1/45583a2ad1dc5cdd2b90b4ff6d3bfe980bbba0cc/corda-node-4.1.jar!/migration/vault-schema.changelog-v9.xml as migration/vault-schema.changelog-v9.xml
14:02:10.747 [Test worker] DEBUG liquibase - Resolving XML entity name='null', publicId='null', baseURI='null', systemId='http://www.liquibase.org/xml/ns/dbchangelog/dbchangelog-3.5.xsd'
14:02:10.747 [Test worker] DEBUG LiquibaseSchemaResolver - Found namespace details class liquibase.parser.core.xml.StandardNamespaceDetails for http://www.liquibase.org/xml/ns/dbchangelog/dbchangelog-3.5.xsd
14:02:10.747 [Test worker] DEBUG LiquibaseSchemaResolver - Local path for http://www.liquibase.org/xml/ns/dbchangelog/dbchangelog-3.5.xsd is liquibase/parser/core/xml/dbchangelog-3.5.xsd
14:02:10.748 [Test worker] DEBUG liquibase - Opening jar:file:/C:/Users/user/.gradle/caches/modules-2/files-2.1/org.liquibase/liquibase-core/3.5.5/c65051f327382018bd09c30380f25eac96f210da/liquibase-core-3.5.5.jar!/liquibase/parser/core/xml/dbchangelog-3.5.xsd as liquibase/parser/core/xml/dbchangelog-3.5.xsd
14:02:10.748 [Test worker] DEBUG LiquibaseSchemaResolver - Successfully loaded XSD from liquibase/parser/core/xml/dbchangelog-3.5.xsd
14:02:10.760 [Test worker] DEBUG liquibase - Create Database Change Log Table
14:02:10.760 [Test worker] INFO liquibase - Creating database history table with name: PUBLIC.DATABASECHANGELOG
14:02:10.761 [Test worker] DEBUG liquibase - Executing EXECUTE database command: CREATE TABLE PUBLIC.DATABASECHANGELOG (ID VARCHAR(255) NOT NULL, AUTHOR VARCHAR(255) NOT NULL, FILENAME VARCHAR(255) NOT NULL, DATEEXECUTED TIMESTAMP NOT NULL, ORDEREXECUTED INT NOT NULL, EXECTYPE VARCHAR(10) NOT NULL, MD5SUM VARCHAR(35), DESCRIPTION VARCHAR(255), COMMENTS VARCHAR(255), TAG VARCHAR(255), LIQUIBASE VARCHAR(20), CONTEXTS VARCHAR(255), LABELS VARCHAR(255), DEPLOYMENT_ID VARCHAR(10))
14:02:10.766 [Test worker] DEBUG liquibase - Executing QUERY database command: select count(*) from PUBLIC.DATABASECHANGELOG
14:02:10.766 [Test worker] INFO liquibase - Reading from PUBLIC.DATABASECHANGELOG
14:02:10.766 [Test worker] DEBUG liquibase - Executing QUERY database command: SELECT * FROM PUBLIC.DATABASECHANGELOG ORDER BY DATEEXECUTED ASC, ORDEREXECUTED ASC
14:02:10.767 [Test worker] DEBUG liquibase - Executing QUERY database command: select count(*) from PUBLIC.DATABASECHANGELOGLOCK
14:02:10.769 [Test worker] DEBUG liquibase - Create Database Lock Table
14:02:10.770 [Test worker] DEBUG liquibase - Executing EXECUTE database command: CREATE TABLE PUBLIC.DATABASECHANGELOGLOCK (ID INT NOT NULL, LOCKED BOOLEAN NOT NULL, LOCKGRANTED TIMESTAMP, LOCKEDBY VARCHAR(255), CONSTRAINT PK_DATABASECHANGELOGLOCK PRIMARY KEY (ID))
14:02:10.770 [Test worker] DEBUG liquibase - Created database lock table with name: PUBLIC.DATABASECHANGELOGLOCK
14:02:10.770 [Test worker] DEBUG liquibase - Executing QUERY database command: select count(*) from PUBLIC.DATABASECHANGELOGLOCK
14:02:10.771 [Test worker] DEBUG liquibase - Initialize Database Lock Table
14:02:10.771 [Test worker] DEBUG liquibase - Executing EXECUTE database command: DELETE FROM PUBLIC.DATABASECHANGELOGLOCK
14:02:10.771 [Test worker] DEBUG liquibase - Executing EXECUTE database command: INSERT INTO PUBLIC.DATABASECHANGELOGLOCK (ID, LOCKED) VALUES (1, FALSE)
14:02:10.774 [Test worker] DEBUG liquibase - master.changelog.json: migration/common.changelog-init.xml::1511451595465-1.1::R3.Corda: Computed checksum for createSequence:[
    sequenceName="hibernate_sequence"
] as 3b59bc60f6cf5c7c76b020ae29954565
14:02:10.774 [Test worker] DEBUG liquibase - master.changelog.json: migration/common.changelog-init.xml::1511451595465-1.1::R3.Corda: Computed checksum for 7:3b59bc60f6cf5c7c76b020ae29954565: as afe897bea20bc08d1681087c94d0967d
14:02:10.775 [Test worker] DEBUG liquibase - master.changelog.json: migration/common.changelog-init.xml::1511451595465-1.3::R3.Corda: Computed checksum for createSequence:[
    minValue="1"
    sequenceName="hibernate_sequence"
] as f473914cdfde3972225cdb465aeff71d
14:02:10.775 [Test worker] DEBUG liquibase - master.changelog.json: migration/common.changelog-init.xml::1511451595465-1.3::R3.Corda: Computed checksum for 7:f473914cdfde3972225cdb465aeff71d: as b775a64dd8351ca0b00329ea3e49f44b
14:02:10.775 [Test worker] INFO liquibase - master.changelog.json: migration/common.changelog-init.xml::1511451595465-1.3::R3.Corda: Skipping changeSet migration/common.changelog-init.xml::1511451595465-1.3::R3.Corda due to validation error(s): minValue is not allowed on h2
14:02:10.776 [Test worker] DEBUG liquibase - master.changelog.json: migration/vault-schema.changelog-init.xml::1511451595465-22::R3.Corda: Computed checksum for createTable:[
    columns=[
        [
            [
                nullable="false"
            ]
            name="output_index"
            type="INT"
        ],
        [
            [
                nullable="false"
            ]
            name="transaction_id"
            type="NVARCHAR(64)"
        ],
        [
            name="issuer_name"
            type="NVARCHAR(255)"
        ],
        [
            name="issuer_ref"
            type="varbinary(512)"
        ],
        [
       ... [truncated in log] as e175aecbeafccf493b3899098eb581f2
14:02:10.776 [Test worker] DEBUG liquibase - master.changelog.json: migration/vault-schema.changelog-init.xml::1511451595465-22::R3.Corda: Computed checksum for 7:e175aecbeafccf493b3899098eb581f2: as 1f8a20296ddeb0fc739bd8e7084b0bab
14:02:10.777 [Test worker] DEBUG liquibase - master.changelog.json: migration/vault-schema.changelog-init.xml::1511451595465-23::R3.Corda: Computed checksum for createTable:[
    columns=[
        [
            [
                nullable="false"
            ]
            name="output_index"
            type="INT"
        ],
        [
            [
                nullable="false"
            ]
            name="transaction_id"
            type="NVARCHAR(64)"
        ],
        [
            name="participants"
            type="NVARCHAR(255)"
        ]
    ]
    tableName="vault_fungible_states_parts"
] as add94f234be5f070e7c2a20110730809
14:02:10.777 [Test worker] DEBUG liquibase - master.changelog.json: migration/vault-schema.changelog-init.xml::1511451595465-23::R3.Corda: Computed checksum for 7:add94f234be5f070e7c2a20110730809: as 1a9f6483c225c03a3a558b5b20306741
14:02:10.778 [Test worker] DEBUG liquibase - master.changelog.json: migration/vault-schema.changelog-init.xml::1511451595465-24::R3.Corda: Computed checksum for createTable:[
    columns=[
        [
            [
                nullable="false"
            ]
            name="output_index"
            type="INT"
        ],
        [
            [
                nullable="false"
            ]
            name="transaction_id"
            type="NVARCHAR(64)"
        ],
        [
            name="external_id"
            type="NVARCHAR(255)"
        ],
        [
            [
                nullable="false"
            ]
            name="uuid"
       ... [truncated in log] as a2b34ccc00e85d4de9b82e22ec7fa971
14:02:10.778 [Test worker] DEBUG liquibase - master.changelog.json: migration/vault-schema.changelog-init.xml::1511451595465-24::R3.Corda: Computed checksum for 7:a2b34ccc00e85d4de9b82e22ec7fa971: as cc33e3b7b7db0e8613421e71352448d1
14:02:10.779 [Test worker] DEBUG liquibase - master.changelog.json: migration/vault-schema.changelog-init.xml::1511451595465-25::R3.Corda: Computed checksum for createTable:[
    columns=[
        [
            [
                nullable="false"
            ]
            name="output_index"
            type="INT"
        ],
        [
            [
                nullable="false"
            ]
            name="transaction_id"
            type="NVARCHAR(64)"
        ],
        [
            name="participants"
            type="NVARCHAR(255)"
        ]
    ]
    tableName="vault_linear_states_parts"
] as ff0db7191732aba7aa4402b9145d55d8
14:02:10.779 [Test worker] DEBUG liquibase - master.changelog.json: migration/vault-schema.changelog-init.xml::1511451595465-25::R3.Corda: Computed checksum for 7:ff0db7191732aba7aa4402b9145d55d8: as cee1c34886b737d7c86f4ba94a43d9a7
14:02:10.780 [Test worker] DEBUG liquibase - master.changelog.json: migration/vault-schema.changelog-init.xml::1511451595465-26::R3.Corda: Computed checksum for createTable:[
    columns=[
        [
            [
                nullable="false"
            ]
            name="output_index"
            type="INT"
        ],
        [
            [
                nullable="false"
            ]
            name="transaction_id"
            type="NVARCHAR(64)"
        ],
        [
            name="consumed_timestamp"
            type="timestamp"
        ],
        [
            name="contract_state_class_name"
            type="NVARCHAR(255)"
        ],
... [truncated in log] as 3590556b2783206eba7b151844f6a2e8
14:02:10.780 [Test worker] DEBUG liquibase - master.changelog.json: migration/vault-schema.changelog-init.xml::1511451595465-26::R3.Corda: Computed checksum for 7:3590556b2783206eba7b151844f6a2e8: as 47ea918c4e5894a573ed08ff7d3cfcf8
14:02:10.782 [Test worker] DEBUG liquibase - master.changelog.json: migration/vault-schema.changelog-init.xml::1511451595465-27::R3.Corda: Computed checksum for createTable:[
    columns=[
        [
            [
                nullable="false"
            ]
            name="seq_no"
            type="INT"
        ],
        [
            name="note"
            type="NVARCHAR(255)"
        ],
        [
            name="transaction_id"
            type="NVARCHAR(64)"
        ]
    ]
    tableName="vault_transaction_notes"
] as b2a3172c8e54fe287195c0f1d9d79d06
14:02:10.782 [Test worker] DEBUG liquibase - master.changelog.json: migration/vault-schema.changelog-init.xml::1511451595465-27::R3.Corda: Computed checksum for 7:b2a3172c8e54fe287195c0f1d9d79d06: as b335f04504c263e99eb1b4b78fb7b976
14:02:10.783 [Test worker] DEBUG liquibase - master.changelog.json: migration/vault-schema.changelog-init.xml::1511451595465-47::R3.Corda: Computed checksum for addPrimaryKey:[
    columnNames="output_index, transaction_id"
    constraintName="vault_fungible_states_pkey"
    tableName="vault_fungible_states"
] as 1c0d1edb717c326aca50814658fa822a
14:02:10.783 [Test worker] DEBUG liquibase - master.changelog.json: migration/vault-schema.changelog-init.xml::1511451595465-47::R3.Corda: Computed checksum for 7:1c0d1edb717c326aca50814658fa822a: as 5ebf8c6ceacd418805fef0a8d5926d22
14:02:10.783 [Test worker] DEBUG liquibase - master.changelog.json: migration/vault-schema.changelog-init.xml::1511451595465-48::R3.Corda: Computed checksum for addPrimaryKey:[
    columnNames="output_index, transaction_id"
    constraintName="vault_linear_states_pkey"
    tableName="vault_linear_states"
] as 4e3aaffa0ad01595c6c23745084763b1
14:02:10.783 [Test worker] DEBUG liquibase - master.changelog.json: migration/vault-schema.changelog-init.xml::1511451595465-48::R3.Corda: Computed checksum for 7:4e3aaffa0ad01595c6c23745084763b1: as 6852e525af1e0e841b85cbc65c3ef3eb
14:02:10.784 [Test worker] DEBUG liquibase - master.changelog.json: migration/vault-schema.changelog-init.xml::1511451595465-49::R3.Corda: Computed checksum for addPrimaryKey:[
    columnNames="output_index, transaction_id"
    constraintName="vault_states_pkey"
    tableName="vault_states"
] as 4bd501a6f3a2480ca4be1186a9ae2951
14:02:10.784 [Test worker] DEBUG liquibase - master.changelog.json: migration/vault-schema.changelog-init.xml::1511451595465-49::R3.Corda: Computed checksum for 7:4bd501a6f3a2480ca4be1186a9ae2951: as e88ace88ae32b7c6a212f749bed7f25f
14:02:10.784 [Test worker] DEBUG liquibase - master.changelog.json: migration/vault-schema.changelog-init.xml::1511451595465-50::R3.Corda: Computed checksum for addPrimaryKey:[
    columnNames="seq_no"
    constraintName="vault_transaction_notes_pkey"
    tableName="vault_transaction_notes"
] as 39e3946cfbca51e6913a1c4f38ddf0c7
14:02:10.784 [Test worker] DEBUG liquibase - master.changelog.json: migration/vault-schema.changelog-init.xml::1511451595465-50::R3.Corda: Computed checksum for 7:39e3946cfbca51e6913a1c4f38ddf0c7: as aef52cbfcee4e86a30a1175aacdae9b5
14:02:10.784 [Test worker] DEBUG liquibase - master.changelog.json: migration/vault-schema.changelog-init.xml::1511451595465-53::R3.Corda: Computed checksum for createIndex:[
    columns=[
        [
            name="external_id"
        ]
    ]
    indexName="external_id_index"
    tableName="vault_linear_states"
] as f98aafeaa30935a36db499f2104a93bf
14:02:10.784 [Test worker] DEBUG liquibase - master.changelog.json: migration/vault-schema.changelog-init.xml::1511451595465-53::R3.Corda: Computed checksum for 7:f98aafeaa30935a36db499f2104a93bf: as 7b0c95c0892fe1aba26a294d843d3c0a
14:02:10.794 [Test worker] DEBUG liquibase - master.changelog.json: migration/vault-schema.changelog-init.xml::1511451595465-55::R3.Corda: Computed checksum for createIndex:[
    columns=[
        [
            name="lock_id"
        ],
        [
            name="state_status"
        ]
    ]
    indexName="lock_id_idx"
    tableName="vault_states"
] as e42dab0002a4e906bfd484f143741150
14:02:10.796 [Test worker] DEBUG liquibase - master.changelog.json: migration/vault-schema.changelog-init.xml::1511451595465-55::R3.Corda: Computed checksum for 7:e42dab0002a4e906bfd484f143741150: as daf1bfa84381a1c8e100c14229a6d860
14:02:10.797 [Test worker] DEBUG liquibase - master.changelog.json: migration/vault-schema.changelog-init.xml::1511451595465-58::R3.Corda: Computed checksum for createIndex:[
    columns=[
        [
            name="state_status"
        ]
    ]
    indexName="state_status_idx"
    tableName="vault_states"
] as 2ff9d748b5e8cc68d2b31c3435578cef
14:02:10.797 [Test worker] DEBUG liquibase - master.changelog.json: migration/vault-schema.changelog-init.xml::1511451595465-58::R3.Corda: Computed checksum for 7:2ff9d748b5e8cc68d2b31c3435578cef: as 775d3c8a27b7fad84f9894db6bdf3e87
14:02:10.799 [Test worker] DEBUG liquibase - master.changelog.json: migration/vault-schema.changelog-init.xml::1511451595465-59::R3.Corda: Computed checksum for createIndex:[
    columns=[
        [
            name="transaction_id"
        ]
    ]
    indexName="transaction_id_index"
    tableName="vault_transaction_notes"
] as fd9eea380cef475dc54fd99e4e233920
14:02:10.799 [Test worker] DEBUG liquibase - master.changelog.json: migration/vault-schema.changelog-init.xml::1511451595465-59::R3.Corda: Computed checksum for 7:fd9eea380cef475dc54fd99e4e233920: as 1be2b24f3e4fedc8252c24080b713783
14:02:10.801 [Test worker] DEBUG liquibase - master.changelog.json: migration/vault-schema.changelog-init.xml::1511451595465-60::R3.Corda: Computed checksum for createIndex:[
    columns=[
        [
            name="uuid"
        ]
    ]
    indexName="uuid_index"
    tableName="vault_linear_states"
] as 0c3a5a186849036cd224f1c228d6dde9
14:02:10.801 [Test worker] DEBUG liquibase - master.changelog.json: migration/vault-schema.changelog-init.xml::1511451595465-60::R3.Corda: Computed checksum for 7:0c3a5a186849036cd224f1c228d6dde9: as f372f17dd75374bfecfde0e44d7ce36c
14:02:10.802 [Test worker] DEBUG liquibase - master.changelog.json: migration/vault-schema.changelog-init.xml::1511451595465-64::R3.Corda: Computed checksum for addForeignKeyConstraint:[
    baseColumnNames="output_index,transaction_id"
    baseTableName="vault_fungible_states_parts"
    constraintName="FK__fung_st_parts__fung_st"
    referencedColumnNames="output_index,transaction_id"
    referencedTableName="vault_fungible_states"
] as 0eece996759bc05f893e13edcc7012b3
14:02:10.803 [Test worker] DEBUG liquibase - master.changelog.json: migration/vault-schema.changelog-init.xml::1511451595465-64::R3.Corda: Computed checksum for 7:0eece996759bc05f893e13edcc7012b3: as 3771038da08dbe5dbbbdffac7300198d
14:02:10.805 [Test worker] DEBUG liquibase - master.changelog.json: migration/vault-schema.changelog-init.xml::1511451595465-65::R3.Corda: Computed checksum for addForeignKeyConstraint:[
    baseColumnNames="output_index,transaction_id"
    baseTableName="vault_linear_states_parts"
    constraintName="FK__lin_stat_parts__lin_stat"
    referencedColumnNames="output_index,transaction_id"
    referencedTableName="vault_linear_states"
] as c3bfc19faabd85d1ada74a704975075a
14:02:10.805 [Test worker] DEBUG liquibase - master.changelog.json: migration/vault-schema.changelog-init.xml::1511451595465-65::R3.Corda: Computed checksum for 7:c3bfc19faabd85d1ada74a704975075a: as 4cccc80aadefc753d80d33d233d426b1
14:02:10.810 [Test worker] DEBUG liquibase - master.changelog.json: migration/vault-schema.changelog-v3.xml::clean_vault::R3.Corda: Computed checksum for delete:[
    tableName="vault_fungible_states_parts"
] as b70b29b3a6bedbc5661cba016468c920
14:02:10.810 [Test worker] DEBUG liquibase - master.changelog.json: migration/vault-schema.changelog-v3.xml::clean_vault::R3.Corda: Computed checksum for delete:[
    tableName="vault_fungible_states"
] as a274055ce2143aac7ca36e5fad03b134
14:02:10.810 [Test worker] DEBUG liquibase - master.changelog.json: migration/vault-schema.changelog-v3.xml::clean_vault::R3.Corda: Computed checksum for delete:[
    tableName="vault_linear_states_parts"
] as ea0a011664469f485e1c20d3a801a95c
14:02:10.812 [Test worker] DEBUG liquibase - master.changelog.json: migration/vault-schema.changelog-v3.xml::clean_vault::R3.Corda: Computed checksum for delete:[
    tableName="vault_linear_states"
] as 3448fb16d803304ec5b23fe901463752
14:02:10.812 [Test worker] DEBUG liquibase - master.changelog.json: migration/vault-schema.changelog-v3.xml::clean_vault::R3.Corda: Computed checksum for delete:[
    tableName="vault_states"
] as 9554b12247631c9ef0b25ddf1faaa6d3
14:02:10.812 [Test worker] DEBUG liquibase - master.changelog.json: migration/vault-schema.changelog-v3.xml::clean_vault::R3.Corda: Computed checksum for delete:[
    tableName="vault_transaction_notes"
] as 0250e47826dc021ed9e01d035ea6f1b6
14:02:10.812 [Test worker] DEBUG liquibase - master.changelog.json: migration/vault-schema.changelog-v3.xml::clean_vault::R3.Corda: Computed checksum for 7:b70b29b3a6bedbc5661cba016468c920:7:a274055ce2143aac7ca36e5fad03b134:7:ea0a011664469f485e1c20d3a801a95c:7:3448fb16d803304ec5b23fe901463752:7:9554b12247631c9ef0b25ddf1faaa6d3:7:0250e47826dc021ed9e01d035ea6f1b6: as c16f94cc9c0418c23dfcedd33e85d2d3
14:02:10.816 [Test worker] DEBUG liquibase - master.changelog.json: migration/vault-schema.changelog-v4.xml::nullability::R3.Corda: Computed checksum for addNotNullConstraint:[
    columnDataType="BIGINT"
    columnName="quantity"
    tableName="vault_fungible_states"
] as d78eae5ca9adbacacf85e33e2a7f7415
14:02:10.817 [Test worker] DEBUG liquibase - master.changelog.json: migration/vault-schema.changelog-v4.xml::nullability::R3.Corda: Computed checksum for addNotNullConstraint:[
    columnDataType="NVARCHAR(255)"
    columnName="contract_state_class_name"
    tableName="vault_states"
] as 2078d56a1b5edbecbcc69079c33eb871
14:02:10.817 [Test worker] DEBUG liquibase - master.changelog.json: migration/vault-schema.changelog-v4.xml::nullability::R3.Corda: Computed checksum for addNotNullConstraint:[
    columnDataType="NVARCHAR(255)"
    columnName="notary_name"
    tableName="vault_states"
] as 2258242147cd14905eb100408de09558
14:02:10.817 [Test worker] DEBUG liquibase - master.changelog.json: migration/vault-schema.changelog-v4.xml::nullability::R3.Corda: Computed checksum for addNotNullConstraint:[
    columnDataType="timestamp"
    columnName="recorded_timestamp"
    tableName="vault_states"
] as ae7f591a2aca843f8ab716280bfd3947
14:02:10.818 [Test worker] DEBUG liquibase - master.changelog.json: migration/vault-schema.changelog-v4.xml::nullability::R3.Corda: Computed checksum for dropIndex:[
    indexName="state_status_idx"
    tableName="vault_states"
] as 6583c319aa2e4b6d1f195c77bc111ac5
14:02:10.818 [Test worker] DEBUG liquibase - master.changelog.json: migration/vault-schema.changelog-v4.xml::nullability::R3.Corda: Computed checksum for dropIndex:[
    indexName="lock_id_idx"
    tableName="vault_states"
] as e22a84c8f8873eb942f692a00ddda6c5
14:02:10.818 [Test worker] DEBUG liquibase - master.changelog.json: migration/vault-schema.changelog-v4.xml::nullability::R3.Corda: Computed checksum for addNotNullConstraint:[
    columnDataType="INT"
    columnName="state_status"
    tableName="vault_states"
] as f062ec40c033aa8c2a8ec93fcfc05443
14:02:10.818 [Test worker] DEBUG liquibase - master.changelog.json: migration/vault-schema.changelog-v4.xml::nullability::R3.Corda: Computed checksum for createIndex:[
    columns=[
        [
            name="state_status"
        ]
    ]
    indexName="state_status_idx"
    tableName="vault_states"
] as 2ff9d748b5e8cc68d2b31c3435578cef
14:02:10.819 [Test worker] DEBUG liquibase - master.changelog.json: migration/vault-schema.changelog-v4.xml::nullability::R3.Corda: Computed checksum for createIndex:[
    columns=[
        [
            name="lock_id"
        ],
        [
            name="state_status"
        ]
    ]
    indexName="lock_id_idx"
    tableName="vault_states"
] as e42dab0002a4e906bfd484f143741150
14:02:10.819 [Test worker] DEBUG liquibase - master.changelog.json: migration/vault-schema.changelog-v4.xml::nullability::R3.Corda: Computed checksum for dropIndex:[
    indexName="transaction_id_index"
    tableName="vault_transaction_notes"
] as 7677600c3adca898205158cdae636f0d
14:02:10.819 [Test worker] DEBUG liquibase - master.changelog.json: migration/vault-schema.changelog-v4.xml::nullability::R3.Corda: Computed checksum for addNotNullConstraint:[
    columnDataType="NVARCHAR(255)"
    columnName="note"
    tableName="vault_transaction_notes"
] as 4155de3b6c359ed6d735b6ae5c880ed2
14:02:10.819 [Test worker] DEBUG liquibase - master.changelog.json: migration/vault-schema.changelog-v4.xml::nullability::R3.Corda: Computed checksum for addNotNullConstraint:[
    columnDataType="NVARCHAR(64)"
    columnName="transaction_id"
    tableName="vault_transaction_notes"
] as f6eaec7b45db4b379b8485512bd873c1
14:02:10.820 [Test worker] DEBUG liquibase - master.changelog.json: migration/vault-schema.changelog-v4.xml::nullability::R3.Corda: Computed checksum for createIndex:[
    columns=[
        [
            name="transaction_id"
        ]
    ]
    indexName="transaction_id_index"
    tableName="vault_transaction_notes"
] as fd9eea380cef475dc54fd99e4e233920
14:02:10.820 [Test worker] DEBUG liquibase - master.changelog.json: migration/vault-schema.changelog-v4.xml::nullability::R3.Corda: Computed checksum for 7:d78eae5ca9adbacacf85e33e2a7f7415:7:2078d56a1b5edbecbcc69079c33eb871:7:2258242147cd14905eb100408de09558:7:ae7f591a2aca843f8ab716280bfd3947:7:6583c319aa2e4b6d1f195c77bc111ac5:7:e22a84c8f8873eb942f692a00ddda6c5:7:f062ec40c033aa8c2a8ec93fcfc05443:7:2ff9d748b5e8cc68d2b31c3435578cef:7:e42dab0002a4e906bfd484f143741150:7:7677600c3adca898205158cdae636f0d:7:4155de3b6c359ed6d735b6ae5c880ed2:7:f6eaec7b45db4b379b8485512bd873c1:7:fd9eea380cef475dc54fd99e4e233920: as 59450415a9a86b5b55d9f9347b383e6a
14:02:10.821 [Test worker] DEBUG liquibase - master.changelog.json: migration/vault-schema.changelog-pkey.xml::non-clustered_pk-11::R3.Corda: Computed checksum for dropForeignKeyConstraint:[
    baseTableName="vault_fungible_states_parts"
    constraintName="FK__fung_st_parts__fung_st"
] as 366e0c21ef7697fbe3f3045b1680d699
14:02:10.821 [Test worker] DEBUG liquibase - master.changelog.json: migration/vault-schema.changelog-pkey.xml::non-clustered_pk-11::R3.Corda: Computed checksum for dropPrimaryKey:[
    constraintName="vault_fungible_states_pkey"
    tableName="vault_fungible_states"
] as f27f6f6e80b50caaa06aa6c747243425
14:02:10.821 [Test worker] DEBUG liquibase - master.changelog.json: migration/vault-schema.changelog-pkey.xml::non-clustered_pk-11::R3.Corda: Computed checksum for addPrimaryKey:[
    clustered="false"
    columnNames="output_index, transaction_id"
    constraintName="vault_fungible_states_pkey"
    tableName="vault_fungible_states"
] as 0729afe4c34a21623a8f5744790f34c4
14:02:10.822 [Test worker] DEBUG liquibase - master.changelog.json: migration/vault-schema.changelog-pkey.xml::non-clustered_pk-11::R3.Corda: Computed checksum for addForeignKeyConstraint:[
    baseColumnNames="output_index,transaction_id"
    baseTableName="vault_fungible_states_parts"
    constraintName="FK__fung_st_parts__fung_st"
    referencedColumnNames="output_index,transaction_id"
    referencedTableName="vault_fungible_states"
] as 0eece996759bc05f893e13edcc7012b3
14:02:10.822 [Test worker] DEBUG liquibase - master.changelog.json: migration/vault-schema.changelog-pkey.xml::non-clustered_pk-11::R3.Corda: Computed checksum for 7:366e0c21ef7697fbe3f3045b1680d699:7:f27f6f6e80b50caaa06aa6c747243425:7:0729afe4c34a21623a8f5744790f34c4:7:0eece996759bc05f893e13edcc7012b3: as c88a8494afc1f2507131e709b3ec4f1e
14:02:10.822 [Test worker] INFO liquibase - master.changelog.json: migration/vault-schema.changelog-pkey.xml::non-clustered_pk-11::R3.Corda: Skipping changeSet migration/vault-schema.changelog-pkey.xml::non-clustered_pk-11::R3.Corda due to validation error(s): clustered is not allowed on h2
14:02:10.822 [Test worker] DEBUG liquibase - master.changelog.json: migration/vault-schema.changelog-pkey.xml::non-clustered_pk-12::R3.Corda: Computed checksum for dropForeignKeyConstraint:[
    baseTableName="vault_linear_states_parts"
    constraintName="FK__lin_stat_parts__lin_stat"
] as c9ce07b51242a8f54da9e570853dc34f
14:02:10.823 [Test worker] DEBUG liquibase - master.changelog.json: migration/vault-schema.changelog-pkey.xml::non-clustered_pk-12::R3.Corda: Computed checksum for dropPrimaryKey:[
    constraintName="vault_linear_states_pkey"
    tableName="vault_linear_states"
] as d986066259edad3f263694f099f02f7f
14:02:10.823 [Test worker] DEBUG liquibase - master.changelog.json: migration/vault-schema.changelog-pkey.xml::non-clustered_pk-12::R3.Corda: Computed checksum for addPrimaryKey:[
    clustered="false"
    columnNames="output_index, transaction_id"
    constraintName="vault_linear_states_pkey"
    tableName="vault_linear_states"
] as c26064d58e4f1b2610b6d01e5c0b9b5b
14:02:10.823 [Test worker] DEBUG liquibase - master.changelog.json: migration/vault-schema.changelog-pkey.xml::non-clustered_pk-12::R3.Corda: Computed checksum for addForeignKeyConstraint:[
    baseColumnNames="output_index,transaction_id"
    baseTableName="vault_linear_states_parts"
    constraintName="FK__lin_stat_parts__lin_stat"
    referencedColumnNames="output_index,transaction_id"
    referencedTableName="vault_linear_states"
] as c3bfc19faabd85d1ada74a704975075a
14:02:10.824 [Test worker] DEBUG liquibase - master.changelog.json: migration/vault-schema.changelog-pkey.xml::non-clustered_pk-12::R3.Corda: Computed checksum for 7:c9ce07b51242a8f54da9e570853dc34f:7:d986066259edad3f263694f099f02f7f:7:c26064d58e4f1b2610b6d01e5c0b9b5b:7:c3bfc19faabd85d1ada74a704975075a: as 5569de8454d891688bbb7510f634782f
14:02:10.824 [Test worker] INFO liquibase - master.changelog.json: migration/vault-schema.changelog-pkey.xml::non-clustered_pk-12::R3.Corda: Skipping changeSet migration/vault-schema.changelog-pkey.xml::non-clustered_pk-12::R3.Corda due to validation error(s): clustered is not allowed on h2
14:02:10.824 [Test worker] DEBUG liquibase - master.changelog.json: migration/vault-schema.changelog-pkey.xml::non-clustered_pk-13::R3.Corda: Computed checksum for dropPrimaryKey:[
    constraintName="vault_states_pkey"
    tableName="vault_states"
] as de17bd04796a6e54cb5606dceff73aec
14:02:10.825 [Test worker] DEBUG liquibase - master.changelog.json: migration/vault-schema.changelog-pkey.xml::non-clustered_pk-13::R3.Corda: Computed checksum for addPrimaryKey:[
    clustered="false"
    columnNames="output_index, transaction_id"
    constraintName="vault_states_pkey"
    tableName="vault_states"
] as 70c1298ee3ac2d16aba8b2ac6ed5b568
14:02:10.825 [Test worker] DEBUG liquibase - master.changelog.json: migration/vault-schema.changelog-pkey.xml::non-clustered_pk-13::R3.Corda: Computed checksum for 7:de17bd04796a6e54cb5606dceff73aec:7:70c1298ee3ac2d16aba8b2ac6ed5b568: as c786c529ecdaa33f87d3fc9ed88111f4
14:02:10.831 [Test worker] INFO liquibase - master.changelog.json: migration/vault-schema.changelog-pkey.xml::non-clustered_pk-13::R3.Corda: Skipping changeSet migration/vault-schema.changelog-pkey.xml::non-clustered_pk-13::R3.Corda due to validation error(s): clustered is not allowed on h2
14:02:10.831 [Test worker] DEBUG liquibase - master.changelog.json: migration/vault-schema.changelog-v5.xml::add_relevancy_status_column::R3.Corda: Computed checksum for addColumn:[
    columns=[
        [
            name="relevancy_status"
            type="INT"
        ]
    ]
    tableName="vault_states"
] as f4c3dbd35bfa9d2a1021acafdac959d6
14:02:10.831 [Test worker] DEBUG liquibase - master.changelog.json: migration/vault-schema.changelog-v5.xml::add_relevancy_status_column::R3.Corda: Computed checksum for update:[
    columns=[
        [
            name="relevancy_status"
            valueNumeric="0"
        ]
    ]
    tableName="vault_states"
] as c3f226e53f5bf04fd8506465c55d3a42
14:02:10.831 [Test worker] DEBUG liquibase - master.changelog.json: migration/vault-schema.changelog-v5.xml::add_relevancy_status_column::R3.Corda: Computed checksum for addNotNullConstraint:[
    columnDataType="INT"
    columnName="relevancy_status"
    tableName="vault_states"
] as a4104ab76f534885eeb63a0690843f78
14:02:10.831 [Test worker] DEBUG liquibase - master.changelog.json: migration/vault-schema.changelog-v5.xml::add_relevancy_status_column::R3.Corda: Computed checksum for 7:f4c3dbd35bfa9d2a1021acafdac959d6:7:c3f226e53f5bf04fd8506465c55d3a42:7:a4104ab76f534885eeb63a0690843f78: as bd7c3258179f34f231f6ae51e3313fc4
14:02:10.833 [Test worker] DEBUG liquibase - master.changelog.json: migration/vault-schema.changelog-v6.xml::add_is_constraint_information_columns::R3.Corda: Computed checksum for addColumn:[
    columns=[
        [
            [
                nullable="false"
            ]
            defaultValue="0"
            name="constraint_type"
            type="INT"
        ]
    ]
    tableName="vault_states"
] as ec4183b38221d9efb81468b6b58469ad
14:02:10.833 [Test worker] DEBUG liquibase - master.changelog.json: migration/vault-schema.changelog-v6.xml::add_is_constraint_information_columns::R3.Corda: Computed checksum for addColumn:[
    columns=[
        [
            [
                nullable="true"
            ]
            name="constraint_data"
            type="varbinary(563)"
        ]
    ]
    tableName="vault_states"
] as a62d1e80b99c304b04f3ac1ec994ed59
14:02:10.833 [Test worker] DEBUG liquibase - master.changelog.json: migration/vault-schema.changelog-v6.xml::add_is_constraint_information_columns::R3.Corda: Computed checksum for 7:ec4183b38221d9efb81468b6b58469ad:7:a62d1e80b99c304b04f3ac1ec994ed59: as 7d7cf7015d299a7fefb6e81aa563e208
14:02:10.839 [Test worker] DEBUG liquibase - master.changelog.json: migration/vault-schema.changelog-v7.xml::make_issuer_ref_nullable::R3.Corda: Computed checksum for dropNotNullConstraint:[
    columnDataType="varbinary(512)"
    columnName="issuer_ref"
    tableName="vault_fungible_states"
] as b549f88798da86b579f7e3421c6019ed
14:02:10.839 [Test worker] DEBUG liquibase - master.changelog.json: migration/vault-schema.changelog-v7.xml::make_issuer_ref_nullable::R3.Corda: Computed checksum for 7:b549f88798da86b579f7e3421c6019ed: as 016e083b176a76fc50d74e3fe07ca1cb
14:02:10.840 [Test worker] DEBUG liquibase - master.changelog.json: migration/vault-schema.changelog-v8.xml::create-external-id-to-state-party-view::R3.Corda: Computed checksum for createTable:[
    columns=[
        [
            name="output_index"
            type="INT"
        ],
        [
            name="transaction_id"
            type="NVARCHAR(64)"
        ],
        [
            [
                nullable="false"
            ]
            name="public_key_hash"
            type="NVARCHAR(255)"
        ],
        [
            name="x500_name"
            type="NVARCHAR(255)"
        ]
    ]
    tableName="state_party"
] as 3b063e299ebe197af7a457ea726b2800
14:02:10.840 [Test worker] DEBUG liquibase - master.changelog.json: migration/vault-schema.changelog-v8.xml::create-external-id-to-state-party-view::R3.Corda: Computed checksum for createIndex:[
    columns=[
        [
            name="public_key_hash"
        ]
    ]
    indexName="state_pk_hash_idx"
    tableName="state_party"
] as 450b82f224c850f2465386ef7a707b92
14:02:10.841 [Test worker] DEBUG liquibase - master.changelog.json: migration/vault-schema.changelog-v8.xml::create-external-id-to-state-party-view::R3.Corda: Computed checksum for createTable:[
    columns=[
        [
            [
                nullable="false"
            ]
            name="id"
            type="BIGINT"
        ],
        [
            [
                nullable="false"
            ]
            name="external_id"
            type="VARCHAR(255)"
        ],
        [
            [
                nullable="false"
            ]
            name="public_key_hash"
            type="NVARCHAR(255)"
        ]
    ]
    tableName="pk_hash_to_ext_id_map"
] as 190b235511991d2151d47c903cd91db4
14:02:10.841 [Test worker] DEBUG liquibase - master.changelog.json: migration/vault-schema.changelog-v8.xml::create-external-id-to-state-party-view::R3.Corda: Computed checksum for createIndex:[
    columns=[
        [
            name="public_key_hash"
        ]
    ]
    indexName="pk_hash_to_xid_idx"
    tableName="pk_hash_to_ext_id_map"
] as 1ee9b085d397f1a43f3b474588eddf9f
14:02:10.842 [Test worker] DEBUG liquibase - master.changelog.json: migration/vault-schema.changelog-v8.xml::create-external-id-to-state-party-view::R3.Corda: Computed checksum for createView:[
    selectQuery="select
                state_party.public_key_hash,
                state_party.transaction_id,
                state_party.output_index,
                pk_hash_to_ext_id_map.external_id
            from state_party
            join pk_hash_to_ext_id_map
            on state_party.public_key_hash = pk_hash_to_ext_id_map.public_key_hash"
    viewName="v_pkey_hash_ex_id_map"
] as 439c1337ca50f7fd62b4d377ac192053
14:02:10.842 [Test worker] DEBUG liquibase - master.changelog.json: migration/vault-schema.changelog-v8.xml::create-external-id-to-state-party-view::R3.Corda: Computed checksum for 7:3b063e299ebe197af7a457ea726b2800:7:450b82f224c850f2465386ef7a707b92:7:190b235511991d2151d47c903cd91db4:7:1ee9b085d397f1a43f3b474588eddf9f:7:439c1337ca50f7fd62b4d377ac192053: as 68a2e794e4726e4e40b28753c7a64413
14:02:10.843 [Test worker] DEBUG liquibase - master.changelog.json: migration/node-info.changelog-init.xml::1511451595465-4::R3.Corda: Computed checksum for createTable:[
    columns=[
        [
            [
                nullable="false"
            ]
            name="node_info_id"
            type="INT"
        ],
        [
            [
                nullable="false"
            ]
            name="party_name"
            type="NVARCHAR(255)"
        ]
    ]
    tableName="node_link_nodeinfo_party"
] as 5f0557f6684939cfe82574a45344afd3
14:02:10.843 [Test worker] DEBUG liquibase - master.changelog.json: migration/node-info.changelog-init.xml::1511451595465-4::R3.Corda: Computed checksum for 7:5f0557f6684939cfe82574a45344afd3: as 86561ccea3a7fbbdb311d455076c98a8
14:02:10.845 [Test worker] DEBUG liquibase - master.changelog.json: migration/node-info.changelog-init.xml::1511451595465-10::R3.Corda: Computed checksum for createTable:[
    columns=[
        [
            [
                nullable="false"
            ]
            name="host"
            type="NVARCHAR(255)"
        ],
        [
            [
                nullable="false"
            ]
            name="port"
            type="INT"
        ],
        [
            name="node_info_id"
            type="INT"
        ]
    ]
    tableName="node_info_hosts"
] as 6f08193361f660a382cf54820e056a20
14:02:10.845 [Test worker] DEBUG liquibase - master.changelog.json: migration/node-info.changelog-init.xml::1511451595465-10::R3.Corda: Computed checksum for 7:6f08193361f660a382cf54820e056a20: as 86dcf13717e5dbc4c623523618380bdd
14:02:10.846 [Test worker] DEBUG liquibase - master.changelog.json: migration/node-info.changelog-init.xml::1511451595465-11::R3.Corda: Computed checksum for createTable:[
    columns=[
        [
            [
                nullable="false"
            ]
            name="party_name"
            type="NVARCHAR(255)"
        ],
        [
            [
                nullable="false"
            ]
            name="ismain"
            type="BOOLEAN"
        ],
        [
            name="owning_key_hash"
            type="NVARCHAR(130)"
        ],
        [
            name="party_cert_binary"
            type="blob"
        ]
    ]
    tableName="n... [truncated in log] as 6e371f832176dde950fe6998501cc7aa
14:02:10.846 [Test worker] DEBUG liquibase - master.changelog.json: migration/node-info.changelog-init.xml::1511451595465-11::R3.Corda: Computed checksum for 7:6e371f832176dde950fe6998501cc7aa: as ddf2ea133beca979abcb7e627a37db60
14:02:10.847 [Test worker] DEBUG liquibase - master.changelog.json: migration/node-info.changelog-init.xml::1511451595465-12::R3.Corda: Computed checksum for createTable:[
    columns=[
        [
            [
                nullable="false"
            ]
            name="node_info_id"
            type="INT"
        ],
        [
            name="node_info_hash"
            type="NVARCHAR(64)"
        ],
        [
            name="platform_version"
            type="INT"
        ],
        [
            name="serial"
            type="BIGINT"
        ]
    ]
    tableName="node_infos"
] as c5eb4436bba09a4bfb27e08b68cc57b0
14:02:10.847 [Test worker] DEBUG liquibase - master.changelog.json: migration/node-info.changelog-init.xml::1511451595465-12::R3.Corda: Computed checksum for 7:c5eb4436bba09a4bfb27e08b68cc57b0: as 2a2169c32d87fdc3442c6096740a52a5
14:02:10.848 [Test worker] DEBUG liquibase - master.changelog.json: migration/node-info.changelog-init.xml::1511451595465-35::R3.Corda: Computed checksum for addPrimaryKey:[
    columnNames="host, port"
    constraintName="node_info_hosts_pkey"
    tableName="node_info_hosts"
] as 00c44e883bc12a3353188495f454f0f6
14:02:10.848 [Test worker] DEBUG liquibase - master.changelog.json: migration/node-info.changelog-init.xml::1511451595465-35::R3.Corda: Computed checksum for 7:00c44e883bc12a3353188495f454f0f6: as 5c8230d7f489b4b961c3b52b3335e5ff
14:02:10.850 [Test worker] DEBUG liquibase - master.changelog.json: migration/node-info.changelog-init.xml::1511451595465-36::R3.Corda: Computed checksum for addPrimaryKey:[
    columnNames="party_name"
    constraintName="node_info_party_cert_pkey"
    tableName="node_info_party_cert"
] as 14054c7885bede3bc60af5d2dd08a9c8
14:02:10.850 [Test worker] DEBUG liquibase - master.changelog.json: migration/node-info.changelog-init.xml::1511451595465-36::R3.Corda: Computed checksum for 7:14054c7885bede3bc60af5d2dd08a9c8: as a4293247b9113bb0895d15e212ded67d
14:02:10.851 [Test worker] DEBUG liquibase - master.changelog.json: migration/node-info.changelog-init.xml::1511451595465-37::R3.Corda: Computed checksum for addPrimaryKey:[
    columnNames="node_info_id"
    constraintName="node_infos_pkey"
    tableName="node_infos"
] as 6adf6458b4512d6bc5ca5813c2707e3d
14:02:10.851 [Test worker] DEBUG liquibase - master.changelog.json: migration/node-info.changelog-init.xml::1511451595465-37::R3.Corda: Computed checksum for 7:6adf6458b4512d6bc5ca5813c2707e3d: as 3f7b9e25544e21798cc648d8ab2056b7
14:02:10.851 [Test worker] DEBUG liquibase - master.changelog.json: migration/node-info.changelog-init.xml::1511451595465-62::R3.Corda: Computed checksum for addForeignKeyConstraint:[
    baseColumnNames="node_info_id"
    baseTableName="node_link_nodeinfo_party"
    constraintName="FK__link_nodeinfo_party__infos"
    referencedColumnNames="node_info_id"
    referencedTableName="node_infos"
] as 1a56cab722da6c0a210824ac187fea47
14:02:10.852 [Test worker] DEBUG liquibase - master.changelog.json: migration/node-info.changelog-init.xml::1511451595465-62::R3.Corda: Computed checksum for 7:1a56cab722da6c0a210824ac187fea47: as 64add0a3b0350cfe6fa3de1428a38397
14:02:10.895 [Test worker] DEBUG liquibase - master.changelog.json: migration/node-info.changelog-init.xml::1511451595465-63::R3.Corda: Computed checksum for addForeignKeyConstraint:[
    baseColumnNames="node_info_id"
    baseTableName="node_info_hosts"
    constraintName="FK__info_hosts__infos"
    referencedColumnNames="node_info_id"
    referencedTableName="node_infos"
] as c5982833d4ecc3f6e19b870ef3cdafdc
14:02:10.895 [Test worker] DEBUG liquibase - master.changelog.json: migration/node-info.changelog-init.xml::1511451595465-63::R3.Corda: Computed checksum for 7:c5982833d4ecc3f6e19b870ef3cdafdc: as 6ea0c3bb234d14956401b6b281531832
14:02:10.897 [Test worker] DEBUG liquibase - master.changelog.json: migration/node-info.changelog-init.xml::remove_host_port_pk::R3.Corda: Computed checksum for delete:[
    tableName="node_infos"
] as 88f0f3be4f28bb97a4eff8bb6c643615
14:02:10.897 [Test worker] DEBUG liquibase - master.changelog.json: migration/node-info.changelog-init.xml::remove_host_port_pk::R3.Corda: Computed checksum for delete:[
    tableName="node_link_nodeinfo_party"
] as 8ae8d78f410d9978c57e0e7d4383c311
14:02:10.912 [Test worker] DEBUG liquibase - master.changelog.json: migration/node-info.changelog-init.xml::remove_host_port_pk::R3.Corda: Computed checksum for delete:[
    tableName="node_info_hosts"
] as c66698861dc70f2bc2f0d1aefc556a8b
14:02:10.912 [Test worker] DEBUG liquibase - master.changelog.json: migration/node-info.changelog-init.xml::remove_host_port_pk::R3.Corda: Computed checksum for delete:[
    tableName="node_info_party_cert"
] as f57d560d22a52dd192fdb3fbbb679576
14:02:10.916 [Test worker] DEBUG liquibase - master.changelog.json: migration/node-info.changelog-init.xml::remove_host_port_pk::R3.Corda: Computed checksum for dropPrimaryKey:[
    constraintName="node_info_hosts_pkey"
    tableName="node_info_hosts"
] as 8b8f98fcef92cc953b306c56fe61762f
14:02:10.917 [Test worker] DEBUG liquibase - master.changelog.json: migration/node-info.changelog-init.xml::remove_host_port_pk::R3.Corda: Computed checksum for addColumn:[
    columns=[
        [
            [
                nullable="false"
            ]
            name="hosts_id"
            type="INT"
        ]
    ]
    tableName="node_info_hosts"
] as 2bc19defe8eb317936eb134f5cf66983
14:02:10.917 [Test worker] DEBUG liquibase - master.changelog.json: migration/node-info.changelog-init.xml::remove_host_port_pk::R3.Corda: Computed checksum for addPrimaryKey:[
    columnNames="hosts_id"
    constraintName="node_info_hosts_pkey_id"
    tableName="node_info_hosts"
] as fb8c4f0a4999978cac06928bb4f0134a
14:02:10.918 [Test worker] DEBUG liquibase - master.changelog.json: migration/node-info.changelog-init.xml::remove_host_port_pk::R3.Corda: Computed checksum for 7:88f0f3be4f28bb97a4eff8bb6c643615:7:8ae8d78f410d9978c57e0e7d4383c311:7:c66698861dc70f2bc2f0d1aefc556a8b:7:f57d560d22a52dd192fdb3fbbb679576:7:8b8f98fcef92cc953b306c56fe61762f:7:2bc19defe8eb317936eb134f5cf66983:7:fb8c4f0a4999978cac06928bb4f0134a: as cb733f12ced82860fd296bb0c94c5072
14:02:10.918 [Test worker] DEBUG liquibase - master.changelog.json: migration/node-info.changelog-v1.xml::key/value node properties table::R3.Corda: Computed checksum for createTable:[
    columns=[
        [
            [
                nullable="false"
            ]
            name="property_key"
            type="NVARCHAR(255)"
        ],
        [
            name="property_value"
            type="NVARCHAR(255)"
        ]
    ]
    tableName="node_properties"
] as 17113a8df38982bab57e5f97485915b2
14:02:10.919 [Test worker] DEBUG liquibase - master.changelog.json: migration/node-info.changelog-v1.xml::key/value node properties table::R3.Corda: Computed checksum for 7:17113a8df38982bab57e5f97485915b2: as 05241b402dd60a4e1eeb86ad6c5eff9e
14:02:10.920 [Test worker] DEBUG liquibase - master.changelog.json: migration/node-info.changelog-v2.xml::1525962920::R3.Corda: Computed checksum for addNotNullConstraint:[
    columnDataType="NVARCHAR(64)"
    columnName="node_info_hash"
    tableName="node_infos"
] as 736d3fb9862e810788216a889c726699
14:02:10.920 [Test worker] DEBUG liquibase - master.changelog.json: migration/node-info.changelog-v2.xml::1525962920::R3.Corda: Computed checksum for addNotNullConstraint:[
    columnDataType="INT"
    columnName="platform_version"
    tableName="node_infos"
] as 76d2d2c9dd1c6954d572cd5a4d47366e
14:02:10.920 [Test worker] DEBUG liquibase - master.changelog.json: migration/node-info.changelog-v2.xml::1525962920::R3.Corda: Computed checksum for addNotNullConstraint:[
    columnDataType="BIGINT"
    columnName="serial"
    tableName="node_infos"
] as 26157af814171c1d3bd6f883bb5c39e8
14:02:10.920 [Test worker] DEBUG liquibase - master.changelog.json: migration/node-info.changelog-v2.xml::1525962920::R3.Corda: Computed checksum for dropNotNullConstraint:[
    columnDataType="NVARCHAR(255)"
    columnName="host"
    tableName="node_info_hosts"
] as 603a060f34f7e4bd2d4bff3b8a6621af
14:02:10.920 [Test worker] DEBUG liquibase - master.changelog.json: migration/node-info.changelog-v2.xml::1525962920::R3.Corda: Computed checksum for dropNotNullConstraint:[
    columnDataType="INT"
    columnName="port"
    tableName="node_info_hosts"
] as 1ad496134a62a18677ebb23168117bbe
14:02:10.921 [Test worker] DEBUG liquibase - master.changelog.json: migration/node-info.changelog-v2.xml::1525962920::R3.Corda: Computed checksum for addNotNullConstraint:[
    columnDataType="NVARCHAR(130)"
    columnName="owning_key_hash"
    tableName="node_info_party_cert"
] as eb00d90a19da5f3ab4970aa0b2674aae
14:02:10.921 [Test worker] DEBUG liquibase - master.changelog.json: migration/node-info.changelog-v2.xml::1525962920::R3.Corda: Computed checksum for addNotNullConstraint:[
    columnDataType="blob"
    columnName="party_cert_binary"
    tableName="node_info_party_cert"
] as 25f38c720c603b2dea35550bedab555a
14:02:10.921 [Test worker] DEBUG liquibase - master.changelog.json: migration/node-info.changelog-v2.xml::1525962920::R3.Corda: Computed checksum for 7:736d3fb9862e810788216a889c726699:7:76d2d2c9dd1c6954d572cd5a4d47366e:7:26157af814171c1d3bd6f883bb5c39e8:7:603a060f34f7e4bd2d4bff3b8a6621af:7:1ad496134a62a18677ebb23168117bbe:7:eb00d90a19da5f3ab4970aa0b2674aae:7:25f38c720c603b2dea35550bedab555a: as c3fd83668d5ed4acdefcad3f90944935
14:02:10.922 [Test worker] DEBUG liquibase - master.changelog.json: migration/node-info.changelog-v3.xml::column_host_name::R3.Corda: Computed checksum for renameColumn:[
    newColumnName="host_name"
    oldColumnName="host"
    tableName="node_info_hosts"
] as 2492206013627f2b53e89a302025675a
14:02:10.922 [Test worker] DEBUG liquibase - master.changelog.json: migration/node-info.changelog-v3.xml::column_host_name::R3.Corda: Computed checksum for 7:2492206013627f2b53e89a302025675a: as fc4ceb3b82e44070da1fff49a7b5cccb
14:02:10.923 [Test worker] DEBUG liquibase - master.changelog.json: migration/node-services.changelog-init.xml::1511451595465-5::R3.Corda: Computed checksum for createTable:[
    columns=[
        [
            [
                nullable="false"
            ]
            name="att_id"
            type="NVARCHAR(255)"
        ],
        [
            name="content"
            type="blob"
        ],
        [
            name="filename"
            type="NVARCHAR(255)"
        ],
        [
            [
                nullable="false"
            ]
            name="insertion_date"
            type="timestamp"
        ],
        [
            name="uplo... [truncated in log] as 7eb17f5047b5f49e47197095dde1065c
14:02:10.923 [Test worker] DEBUG liquibase - master.changelog.json: migration/node-services.changelog-init.xml::1511451595465-5::R3.Corda: Computed checksum for 7:7eb17f5047b5f49e47197095dde1065c: as 464a5bbaf24fe78716c38c544dc81f3c
14:02:10.924 [Test worker] DEBUG liquibase - master.changelog.json: migration/node-services.changelog-init.xml::1511451595465-7::R3.Corda: Computed checksum for createTable:[
    columns=[
        [
            [
                nullable="false"
            ]
            name="checkpoint_id"
            type="NVARCHAR(64)"
        ],
        [
            name="checkpoint_value"
            type="blob"
        ]
    ]
    tableName="node_checkpoints"
] as 4f2d38f516c2eeb1483d86b4a25f26c6
14:02:10.924 [Test worker] DEBUG liquibase - master.changelog.json: migration/node-services.changelog-init.xml::1511451595465-7::R3.Corda: Computed checksum for 7:4f2d38f516c2eeb1483d86b4a25f26c6: as 2870aa3a468e81bab1cd24ac70ca2163
14:02:10.925 [Test worker] DEBUG liquibase - master.changelog.json: migration/node-services.changelog-init.xml::1511451595465-8::R3.Corda: Computed checksum for createTable:[
    columns=[
        [
            [
                nullable="false"
            ]
            name="state_ref"
            type="NVARCHAR(96)"
        ],
        [
            name="contract_class_name"
            type="NVARCHAR(255)"
        ]
    ]
    tableName="node_contract_upgrades"
] as bf4885aea883ac63c151d7d01a760dc1
14:02:10.925 [Test worker] DEBUG liquibase - master.changelog.json: migration/node-services.changelog-init.xml::1511451595465-8::R3.Corda: Computed checksum for 7:bf4885aea883ac63c151d7d01a760dc1: as bf156b1c48e915e7d8090d5162e31c02
14:02:10.925 [Test worker] DEBUG liquibase - master.changelog.json: migration/node-services.changelog-init.xml::1511451595465-9::R3.Corda: Computed checksum for createTable:[
    columns=[
        [
            [
                nullable="false"
            ]
            name="pk_hash"
            type="NVARCHAR(130)"
        ],
        [
            name="identity_value"
            type="blob"
        ]
    ]
    tableName="node_identities"
] as 64ced0b8682a33911d574622be63a98d
14:02:10.925 [Test worker] DEBUG liquibase - master.changelog.json: migration/node-services.changelog-init.xml::1511451595465-9::R3.Corda: Computed checksum for 7:64ced0b8682a33911d574622be63a98d: as ea04cf1cc4ea1112c4cbbf932bc51c56
14:02:10.926 [Test worker] DEBUG liquibase - master.changelog.json: migration/node-services.changelog-init.xml::1511451595465-13::R3.Corda: Computed checksum for createTable:[
    columns=[
        [
            [
                nullable="false"
            ]
            name="message_id"
            type="NVARCHAR(64)"
        ],
        [
            name="insertion_time"
            type="timestamp"
        ]
    ]
    tableName="node_message_ids"
] as 32260ae57d06eabdf47f4f4d600577ce
14:02:10.926 [Test worker] DEBUG liquibase - master.changelog.json: migration/node-services.changelog-init.xml::1511451595465-13::R3.Corda: Computed checksum for 7:32260ae57d06eabdf47f4f4d600577ce: as 340ca6c0b7c87b663b0449535b082f80
14:02:10.926 [Test worker] DEBUG liquibase - master.changelog.json: migration/node-services.changelog-init.xml::1511451595465-14::R3.Corda: Computed checksum for createTable:[
    columns=[
        [
            [
                nullable="false"
            ]
            name="message_id"
            type="BIGINT"
        ],
        [
            name="message"
            type="blob"
        ],
        [
            name="recipients"
            type="blob"
        ]
    ]
    tableName="node_message_retry"
] as c87f1cec41d842caa66dd71a14a6fa34
14:02:10.927 [Test worker] DEBUG liquibase - master.changelog.json: migration/node-services.changelog-init.xml::1511451595465-14::R3.Corda: Computed checksum for 7:c87f1cec41d842caa66dd71a14a6fa34: as 1dc64c73807569fb04c10a9b2d760ff0
14:02:10.929 [Test worker] DEBUG liquibase - master.changelog.json: migration/node-services.changelog-init.xml::1511451595465-15::R3.Corda: Computed checksum for createTable:[
    columns=[
        [
            [
                nullable="false"
            ]
            name="name"
            type="NVARCHAR(128)"
        ],
        [
            name="pk_hash"
            type="NVARCHAR(130)"
        ]
    ]
    tableName="node_named_identities"
] as 9ba9555dab34db960c8083672afee328
14:02:10.929 [Test worker] DEBUG liquibase - master.changelog.json: migration/node-services.changelog-init.xml::1511451595465-15::R3.Corda: Computed checksum for 7:9ba9555dab34db960c8083672afee328: as 108b7d395f7fb3cfc8ce4e364c4008a5
14:02:10.930 [Test worker] DEBUG liquibase - master.changelog.json: migration/node-services.changelog-init.xml::1511451595465-17::R3.Corda: Computed checksum for createTable:[
    columns=[
        [
            [
                nullable="false"
            ]
            name="public_key_hash"
            type="NVARCHAR(130)"
        ],
        [
            name="private_key"
            type="blob"
        ],
        [
            name="public_key"
            type="blob"
        ]
    ]
    tableName="node_our_key_pairs"
] as afc7fa2555c800c74f9ca1b41689a048
14:02:10.930 [Test worker] DEBUG liquibase - master.changelog.json: migration/node-services.changelog-init.xml::1511451595465-17::R3.Corda: Computed checksum for 7:afc7fa2555c800c74f9ca1b41689a048: as a8b4ae7170f56f1df8a23b530bef4dd1
14:02:10.931 [Test worker] DEBUG liquibase - master.changelog.json: migration/node-services.changelog-init.xml::1511451595465-19::R3.Corda: Computed checksum for createTable:[
    columns=[
        [
            [
                nullable="false"
            ]
            name="output_index"
            type="INT"
        ],
        [
            [
                nullable="false"
            ]
            name="transaction_id"
            type="NVARCHAR(64)"
        ],
        [
            [
                nullable="false"
            ]
            name="scheduled_at"
            type="timestamp"
        ]
    ]
    tableName="node_scheduled_states"
] as defd113d95e94bcd27bcdeb3a96be38b
14:02:10.931 [Test worker] DEBUG liquibase - master.changelog.json: migration/node-services.changelog-init.xml::1511451595465-19::R3.Corda: Computed checksum for 7:defd113d95e94bcd27bcdeb3a96be38b: as 2aaf3df7bdbea9c71aa8bea4e14f11ef
14:02:10.932 [Test worker] DEBUG liquibase - master.changelog.json: migration/node-services.changelog-init.xml::1511451595465-20::R3.Corda: Computed checksum for createTable:[
    columns=[
        [
            [
                nullable="false"
            ]
            name="tx_id"
            type="NVARCHAR(64)"
        ],
        [
            name="state_machine_run_id"
            type="NVARCHAR(36)"
        ]
    ]
    tableName="node_transaction_mappings"
] as a98109c55addd90e480a6fc1ecb48d1d
14:02:10.933 [Test worker] DEBUG liquibase - master.changelog.json: migration/node-services.changelog-init.xml::1511451595465-20::R3.Corda: Computed checksum for 7:a98109c55addd90e480a6fc1ecb48d1d: as f003464d28fe934c636b24e7c72d9c27
14:02:10.934 [Test worker] DEBUG liquibase - master.changelog.json: migration/node-services.changelog-init.xml::1511451595465-21::R3.Corda: Computed checksum for createTable:[
    columns=[
        [
            [
                nullable="false"
            ]
            name="tx_id"
            type="NVARCHAR(64)"
        ],
        [
            name="transaction_value"
            type="blob"
        ]
    ]
    tableName="node_transactions"
] as af8f3c1c7978f86414e864bc0bb9d453
14:02:10.934 [Test worker] DEBUG liquibase - master.changelog.json: migration/node-services.changelog-init.xml::1511451595465-21::R3.Corda: Computed checksum for 7:af8f3c1c7978f86414e864bc0bb9d453: as 8b167e9074e47be66c742aec5661b5d1
14:02:10.935 [Test worker] DEBUG liquibase - master.changelog.json: migration/node-services.changelog-init.xml::1511451595465-30::R3.Corda: Computed checksum for addPrimaryKey:[
    columnNames="att_id"
    constraintName="node_attachments_pkey"
    tableName="node_attachments"
] as 96b8c8009c4a24b06c8ecd3048142128
14:02:10.935 [Test worker] DEBUG liquibase - master.changelog.json: migration/node-services.changelog-init.xml::1511451595465-30::R3.Corda: Computed checksum for 7:96b8c8009c4a24b06c8ecd3048142128: as 4aa12646e41346c10ae1d18b43468b3e
14:02:10.935 [Test worker] DEBUG liquibase - master.changelog.json: migration/node-services.changelog-init.xml::1511451595465-32::R3.Corda: Computed checksum for addPrimaryKey:[
    columnNames="checkpoint_id"
    constraintName="node_checkpoints_pkey"
    tableName="node_checkpoints"
] as 26e60c36f3099cb85a85082b388391c2
14:02:10.935 [Test worker] DEBUG liquibase - master.changelog.json: migration/node-services.changelog-init.xml::1511451595465-32::R3.Corda: Computed checksum for 7:26e60c36f3099cb85a85082b388391c2: as fa0f2ed27615a3fd2b799bb27b447a36
14:02:10.935 [Test worker] DEBUG liquibase - master.changelog.json: migration/node-services.changelog-init.xml::1511451595465-33::R3.Corda: Computed checksum for addPrimaryKey:[
    columnNames="state_ref"
    constraintName="node_contract_upgrades_pkey"
    tableName="node_contract_upgrades"
] as d4c28cd597e7a32cd0d9f3d2a4104650
14:02:10.935 [Test worker] DEBUG liquibase - master.changelog.json: migration/node-services.changelog-init.xml::1511451595465-33::R3.Corda: Computed checksum for 7:d4c28cd597e7a32cd0d9f3d2a4104650: as 37e38ccee8d375f364abca393727eec7
14:02:10.936 [Test worker] DEBUG liquibase - master.changelog.json: migration/node-services.changelog-init.xml::1511451595465-34::R3.Corda: Computed checksum for addPrimaryKey:[
    columnNames="pk_hash"
    constraintName="node_identities_pkey"
    tableName="node_identities"
] as 18ff03ab4c5827e642ce637c7155bd78
14:02:10.936 [Test worker] DEBUG liquibase - master.changelog.json: migration/node-services.changelog-init.xml::1511451595465-34::R3.Corda: Computed checksum for 7:18ff03ab4c5827e642ce637c7155bd78: as 43d4f1fd6b4b69fcd6b046d8806c8f50
14:02:10.936 [Test worker] DEBUG liquibase - master.changelog.json: migration/node-services.changelog-init.xml::1511451595465-38::R3.Corda: Computed checksum for addPrimaryKey:[
    columnNames="message_id"
    constraintName="node_message_ids_pkey"
    tableName="node_message_ids"
] as 5350f5a01fe53cad542ce506faf827a5
14:02:10.936 [Test worker] DEBUG liquibase - master.changelog.json: migration/node-services.changelog-init.xml::1511451595465-38::R3.Corda: Computed checksum for 7:5350f5a01fe53cad542ce506faf827a5: as 37825d1c920089f5d1d8667fae2a0770
14:02:10.937 [Test worker] DEBUG liquibase - master.changelog.json: migration/node-services.changelog-init.xml::1511451595465-39::R3.Corda: Computed checksum for addPrimaryKey:[
    columnNames="message_id"
    constraintName="node_message_retry_pkey"
    tableName="node_message_retry"
] as 05c5906d403843ddbc494dc9314c47db
14:02:10.937 [Test worker] DEBUG liquibase - master.changelog.json: migration/node-services.changelog-init.xml::1511451595465-39::R3.Corda: Computed checksum for 7:05c5906d403843ddbc494dc9314c47db: as 7cc6fa875e39740c709235ff27960561
14:02:10.937 [Test worker] DEBUG liquibase - master.changelog.json: migration/node-services.changelog-init.xml::1511451595465-40::R3.Corda: Computed checksum for addPrimaryKey:[
    columnNames="name"
    constraintName="node_named_identities_pkey"
    tableName="node_named_identities"
] as 64274859807014ee0d62867ef274028a
14:02:10.937 [Test worker] DEBUG liquibase - master.changelog.json: migration/node-services.changelog-init.xml::1511451595465-40::R3.Corda: Computed checksum for 7:64274859807014ee0d62867ef274028a: as 9fac7485c58064b7e7ddce0bd1af86c4
14:02:10.937 [Test worker] DEBUG liquibase - master.changelog.json: migration/node-services.changelog-init.xml::1511451595465-42::R3.Corda: Computed checksum for addPrimaryKey:[
    columnNames="public_key_hash"
    constraintName="node_our_key_pairs_pkey"
    tableName="node_our_key_pairs"
] as 2dc24802cacd1ecc9195c88381d1e14a
14:02:10.937 [Test worker] DEBUG liquibase - master.changelog.json: migration/node-services.changelog-init.xml::1511451595465-42::R3.Corda: Computed checksum for 7:2dc24802cacd1ecc9195c88381d1e14a: as e3644c4b7315958cfb3a3cd4a3f40946
14:02:10.938 [Test worker] DEBUG liquibase - master.changelog.json: migration/node-services.changelog-init.xml::1511451595465-44::R3.Corda: Computed checksum for addPrimaryKey:[
    columnNames="output_index, transaction_id"
    constraintName="node_scheduled_states_pkey"
    tableName="node_scheduled_states"
] as 4c77187a59774106bd1e1d37d89ae1f1
14:02:10.938 [Test worker] DEBUG liquibase - master.changelog.json: migration/node-services.changelog-init.xml::1511451595465-44::R3.Corda: Computed checksum for 7:4c77187a59774106bd1e1d37d89ae1f1: as 122e6cc40f7e50d8c9ffeb46861ed786
14:02:10.938 [Test worker] DEBUG liquibase - master.changelog.json: migration/node-services.changelog-init.xml::1511451595465-45::R3.Corda: Computed checksum for addPrimaryKey:[
    columnNames="tx_id"
    constraintName="node_transaction_mappings_pkey"
    tableName="node_transaction_mappings"
] as 8cc604e43605d57ebbd96b86580c421d
14:02:10.938 [Test worker] DEBUG liquibase - master.changelog.json: migration/node-services.changelog-init.xml::1511451595465-45::R3.Corda: Computed checksum for 7:8cc604e43605d57ebbd96b86580c421d: as c4ba1fcc19b22e52678633b13053eaa1
14:02:10.939 [Test worker] DEBUG liquibase - master.changelog.json: migration/node-services.changelog-init.xml::1511451595465-46::R3.Corda: Computed checksum for addPrimaryKey:[
    columnNames="tx_id"
    constraintName="node_transactions_pkey"
    tableName="node_transactions"
] as 4965c0f02c5ff2bc61985685f3256218
14:02:10.939 [Test worker] DEBUG liquibase - master.changelog.json: migration/node-services.changelog-init.xml::1511451595465-46::R3.Corda: Computed checksum for 7:4965c0f02c5ff2bc61985685f3256218: as 1a41a33c68c6f56be99cbfa9af7c2646
14:02:10.941 [Test worker] DEBUG liquibase - master.changelog.json: migration/node-services.changelog-init.xml::1511451595465-61::R3.Corda: Computed checksum for addForeignKeyConstraint:[
    baseColumnNames="party_name"
    baseTableName="node_link_nodeinfo_party"
    constraintName="FK__link_ni_p__info_p_cert"
    referencedColumnNames="party_name"
    referencedTableName="node_info_party_cert"
] as 44f7bd5dcfc33807eef117a55a62eef7
14:02:10.942 [Test worker] DEBUG liquibase - master.changelog.json: migration/node-services.changelog-init.xml::1511451595465-61::R3.Corda: Computed checksum for 7:44f7bd5dcfc33807eef117a55a62eef7: as f753db641a982caad48d7169dafbc854
14:02:10.942 [Test worker] DEBUG liquibase - master.changelog.json: migration/node-services.changelog-init.xml::add index att_id::R3.Corda: Computed checksum for createIndex:[
    columns=[
        [
            name="att_id"
        ]
    ]
    indexName="att_id_idx"
    tableName="node_attachments"
] as 52e7146df14351ff7556f6d45bd4fabd
14:02:10.942 [Test worker] DEBUG liquibase - master.changelog.json: migration/node-services.changelog-init.xml::add index att_id::R3.Corda: Computed checksum for 7:52e7146df14351ff7556f6d45bd4fabd: as 302188110e9124abd4ef58020255fbb0
14:02:10.943 [Test worker] DEBUG liquibase - master.changelog.json: migration/node-services.changelog-init.xml::add_contract_attachment::R3.Corda: Computed checksum for createTable:[
    columns=[
        [
            [
                nullable="false"
            ]
            name="att_id"
            type="NVARCHAR(255)"
        ],
        [
            name="contract_class_name"
            type="NVARCHAR(255)"
        ]
    ]
    tableName="node_attchments_contracts"
] as 184098a87199f7fd6863799c29181b39
14:02:10.943 [Test worker] DEBUG liquibase - master.changelog.json: migration/node-services.changelog-init.xml::add_contract_attachment::R3.Corda: Computed checksum for addForeignKeyConstraint:[
    baseColumnNames="att_id"
    baseTableName="node_attchments_contracts"
    constraintName="FK__ctr_class__attachments"
    referencedColumnNames="att_id"
    referencedTableName="node_attachments"
] as f50a4be698e1b1efc9e456d8a396f45d
14:02:10.944 [Test worker] DEBUG liquibase - master.changelog.json: migration/node-services.changelog-init.xml::add_contract_attachment::R3.Corda: Computed checksum for delete:[
    tableName="node_attachments"
] as 6ab2de0f26c32b87fd416f7bb0b2041a
14:02:10.944 [Test worker] DEBUG liquibase - master.changelog.json: migration/node-services.changelog-init.xml::add_contract_attachment::R3.Corda: Computed checksum for 7:184098a87199f7fd6863799c29181b39:7:f50a4be698e1b1efc9e456d8a396f45d:7:6ab2de0f26c32b87fd416f7bb0b2041a: as 2cfbc6a84cfcd7b8ce011b58aa70f584
14:02:10.945 [Test worker] DEBUG liquibase - master.changelog.json: migration/node-services.changelog-init.xml::add_dedup_columns::R3.Corda: Computed checksum for addColumn:[
    columns=[
        [
            name="sender"
            type="NVARCHAR(64)"
        ],
        [
            name="sequence_number"
            type="BIGINT"
        ]
    ]
    tableName="node_message_ids"
] as 52d08b6e53239379a1a266904ac87a23
14:02:10.945 [Test worker] DEBUG liquibase - master.changelog.json: migration/node-services.changelog-init.xml::add_dedup_columns::R3.Corda: Computed checksum for 7:52d08b6e53239379a1a266904ac87a23: as 376ede2552aa97e8abf9d9a808c16692
14:02:10.945 [Test worker] DEBUG liquibase - master.changelog.json: migration/node-core.changelog-v4.xml::attchments_rename::R3.Corda: Computed checksum for renameTable:[
    newTableName="node_attachments_contracts"
    oldTableName="node_attchments_contracts"
] as 0356ef37e1bbbe5465248f9614a94dd3
14:02:10.945 [Test worker] DEBUG liquibase - master.changelog.json: migration/node-core.changelog-v4.xml::attchments_rename::R3.Corda: Computed checksum for 7:0356ef37e1bbbe5465248f9614a94dd3: as 9c9553fbc45dfa0ec2117a113b1bfb13
14:02:10.945 [Test worker] DEBUG liquibase - master.changelog.json: migration/node-core.changelog-v4.xml::nullability::R3.Corda: Computed checksum for addNotNullConstraint:[
    columnDataType="blob"
    columnName="identity_value"
    tableName="node_identities"
] as 0ff1c74277be0f57d8da467bd3af81ba
14:02:10.946 [Test worker] DEBUG liquibase - master.changelog.json: migration/node-core.changelog-v4.xml::nullability::R3.Corda: Computed checksum for addNotNullConstraint:[
    columnDataType="blob"
    columnName="content"
    tableName="node_attachments"
] as dd563134d4976b0fc550563a3a9547d0
14:02:10.946 [Test worker] DEBUG liquibase - master.changelog.json: migration/node-core.changelog-v4.xml::nullability::R3.Corda: Computed checksum for addNotNullConstraint:[
    columnDataType="NVARCHAR(255)"
    columnName="contract_class_name"
    tableName="node_attachments_contracts"
] as fcbb1bca17f3fdbb18a1857897fc06f5
14:02:10.946 [Test worker] DEBUG liquibase - master.changelog.json: migration/node-core.changelog-v4.xml::nullability::R3.Corda: Computed checksum for addNotNullConstraint:[
    columnDataType="blob"
    columnName="checkpoint_value"
    tableName="node_checkpoints"
] as 58c19f5fa79bba98f82a37d6f4b5a6b9
14:02:10.946 [Test worker] DEBUG liquibase - master.changelog.json: migration/node-core.changelog-v4.xml::nullability::R3.Corda: Computed checksum for addNotNullConstraint:[
    columnDataType="NVARCHAR(255)"
    columnName="contract_class_name"
    tableName="node_contract_upgrades"
] as c29d2d41b0a68e07a140a2368ba5bba1
14:02:10.946 [Test worker] DEBUG liquibase - master.changelog.json: migration/node-core.changelog-v4.xml::nullability::R3.Corda: Computed checksum for addNotNullConstraint:[
    columnDataType="timestamp"
    columnName="insertion_time"
    tableName="node_message_ids"
] as 790718a410431aa28f9264789001ba45
14:02:10.946 [Test worker] DEBUG liquibase - master.changelog.json: migration/node-core.changelog-v4.xml::nullability::R3.Corda: Computed checksum for addNotNullConstraint:[
    columnDataType="blob"
    columnName="message"
    tableName="node_message_retry"
] as 1898ae47388ec4edef20156ecfff9aac
14:02:10.947 [Test worker] DEBUG liquibase - master.changelog.json: migration/node-core.changelog-v4.xml::nullability::R3.Corda: Computed checksum for addNotNullConstraint:[
    columnDataType="blob"
    columnName="recipients"
    tableName="node_message_retry"
] as c8e6a209afb71510082c39b6585beccf
14:02:10.947 [Test worker] DEBUG liquibase - master.changelog.json: migration/node-core.changelog-v4.xml::nullability::R3.Corda: Computed checksum for addNotNullConstraint:[
    columnDataType="NVARCHAR(130)"
    columnName="pk_hash"
    tableName="node_named_identities"
] as a8187d893238bffdbf57cdd9d63bfdba
14:02:10.947 [Test worker] DEBUG liquibase - master.changelog.json: migration/node-core.changelog-v4.xml::nullability::R3.Corda: Computed checksum for addNotNullConstraint:[
    columnDataType="blob"
    columnName="private_key"
    tableName="node_our_key_pairs"
] as b2af64a77f468869df53c57ab50eb85b
14:02:10.947 [Test worker] DEBUG liquibase - master.changelog.json: migration/node-core.changelog-v4.xml::nullability::R3.Corda: Computed checksum for addNotNullConstraint:[
    columnDataType="blob"
    columnName="public_key"
    tableName="node_our_key_pairs"
] as 713d90dc7b4029ace717deb55694f4a5
14:02:10.947 [Test worker] DEBUG liquibase - master.changelog.json: migration/node-core.changelog-v4.xml::nullability::R3.Corda: Computed checksum for addNotNullConstraint:[
    columnDataType="NVARCHAR(36)"
    columnName="state_machine_run_id"
    tableName="node_transaction_mappings"
] as 685dff1bf416bfa2574449a7f932d6f1
14:02:10.947 [Test worker] DEBUG liquibase - master.changelog.json: migration/node-core.changelog-v4.xml::nullability::R3.Corda: Computed checksum for addNotNullConstraint:[
    columnDataType="blob"
    columnName="transaction_value"
    tableName="node_transactions"
] as 9f7524707b3715b2aa22a20bc6fcabc5
14:02:10.947 [Test worker] DEBUG liquibase - master.changelog.json: migration/node-core.changelog-v4.xml::nullability::R3.Corda: Computed checksum for 7:0ff1c74277be0f57d8da467bd3af81ba:7:dd563134d4976b0fc550563a3a9547d0:7:fcbb1bca17f3fdbb18a1857897fc06f5:7:58c19f5fa79bba98f82a37d6f4b5a6b9:7:c29d2d41b0a68e07a140a2368ba5bba1:7:790718a410431aa28f9264789001ba45:7:1898ae47388ec4edef20156ecfff9aac:7:c8e6a209afb71510082c39b6585beccf:7:a8187d893238bffdbf57cdd9d63bfdba:7:b2af64a77f468869df53c57ab50eb85b:7:713d90dc7b4029ace717deb55694f4a5:7:685dff1bf416bfa2574449a7f932d6f1:7:9f7524707b3715b2aa22a20bc6fcabc5: as 73b3f89cdd2a42efebeb125648c28191
14:02:10.953 [Test worker] DEBUG liquibase - master.changelog.json: migration/node-core.changelog-v5.xml::remove_unused_node_message_retry::R3.Corda: Computed checksum for dropTable:[
    tableName="node_message_retry"
] as 8907740960b74152d1e573f64f4ce208
14:02:10.953 [Test worker] DEBUG liquibase - master.changelog.json: migration/node-core.changelog-v5.xml::remove_unused_node_message_retry::R3.Corda: Computed checksum for 7:8907740960b74152d1e573f64f4ce208: as cd120ad46e3a88b0eeaa7ffdcf8a0861
14:02:10.955 [Test worker] DEBUG liquibase - master.changelog.json: migration/node-core.changelog-pkey.xml::non-clustered_pk-1::R3.Corda: Computed checksum for dropPrimaryKey:[
    constraintName="node_checkpoints_pkey"
    tableName="node_checkpoints"
] as 9f99a134773f14ab2cbc2cd6f156b603
14:02:10.955 [Test worker] DEBUG liquibase - master.changelog.json: migration/node-core.changelog-pkey.xml::non-clustered_pk-1::R3.Corda: Computed checksum for addPrimaryKey:[
    clustered="false"
    columnNames="checkpoint_id"
    constraintName="node_checkpoints_pkey"
    tableName="node_checkpoints"
] as a18afa1a1a70b87465896c3520a34c84
14:02:10.955 [Test worker] DEBUG liquibase - master.changelog.json: migration/node-core.changelog-pkey.xml::non-clustered_pk-1::R3.Corda: Computed checksum for 7:9f99a134773f14ab2cbc2cd6f156b603:7:a18afa1a1a70b87465896c3520a34c84: as eb9d9d13536371a16c05f8a89051e6b0
14:02:10.956 [Test worker] INFO liquibase - master.changelog.json: migration/node-core.changelog-pkey.xml::non-clustered_pk-1::R3.Corda: Skipping changeSet migration/node-core.changelog-pkey.xml::non-clustered_pk-1::R3.Corda due to validation error(s): clustered is not allowed on h2
14:02:10.956 [Test worker] DEBUG liquibase - master.changelog.json: migration/node-core.changelog-pkey.xml::non-clustered_pk-2::R3.Corda: Computed checksum for dropPrimaryKey:[
    constraintName="node_identities_pkey"
    tableName="node_identities"
] as 605c45e8edd8d52e86e00a89fe2ac35e
14:02:10.956 [Test worker] DEBUG liquibase - master.changelog.json: migration/node-core.changelog-pkey.xml::non-clustered_pk-2::R3.Corda: Computed checksum for addPrimaryKey:[
    clustered="false"
    columnNames="pk_hash"
    constraintName="node_identities_pkey"
    tableName="node_identities"
] as fbf664dd28d0f4f6c49ae6c1fa52bd3e
14:02:10.956 [Test worker] DEBUG liquibase - master.changelog.json: migration/node-core.changelog-pkey.xml::non-clustered_pk-2::R3.Corda: Computed checksum for 7:605c45e8edd8d52e86e00a89fe2ac35e:7:fbf664dd28d0f4f6c49ae6c1fa52bd3e: as d4192425f4f38b39f3b09611028e5c14
14:02:10.956 [Test worker] INFO liquibase - master.changelog.json: migration/node-core.changelog-pkey.xml::non-clustered_pk-2::R3.Corda: Skipping changeSet migration/node-core.changelog-pkey.xml::non-clustered_pk-2::R3.Corda due to validation error(s): clustered is not allowed on h2
14:02:10.957 [Test worker] DEBUG liquibase - master.changelog.json: migration/node-core.changelog-pkey.xml::non-clustered_pk-3::R3.Corda: Computed checksum for dropPrimaryKey:[
    constraintName="node_message_ids_pkey"
    tableName="node_message_ids"
] as ba87180f3d741766134d74212ca6032f
14:02:10.957 [Test worker] DEBUG liquibase - master.changelog.json: migration/node-core.changelog-pkey.xml::non-clustered_pk-3::R3.Corda: Computed checksum for addPrimaryKey:[
    clustered="false"
    columnNames="message_id"
    constraintName="node_message_ids_pkey"
    tableName="node_message_ids"
] as 8aaadb5242637738d617d395100b45a5
14:02:10.957 [Test worker] DEBUG liquibase - master.changelog.json: migration/node-core.changelog-pkey.xml::non-clustered_pk-3::R3.Corda: Computed checksum for 7:ba87180f3d741766134d74212ca6032f:7:8aaadb5242637738d617d395100b45a5: as 9773a095cc1db7ea3a66e7e5565bb58e
14:02:10.957 [Test worker] INFO liquibase - master.changelog.json: migration/node-core.changelog-pkey.xml::non-clustered_pk-3::R3.Corda: Skipping changeSet migration/node-core.changelog-pkey.xml::non-clustered_pk-3::R3.Corda due to validation error(s): clustered is not allowed on h2
14:02:10.957 [Test worker] DEBUG liquibase - master.changelog.json: migration/node-core.changelog-pkey.xml::non-clustered_pk-4::R3.Corda: Computed checksum for dropPrimaryKey:[
    constraintName="node_named_identities_pkey"
    tableName="node_named_identities"
] as d24b036e035ca98e1702e37946c90818
14:02:10.958 [Test worker] DEBUG liquibase - master.changelog.json: migration/node-core.changelog-pkey.xml::non-clustered_pk-4::R3.Corda: Computed checksum for addPrimaryKey:[
    clustered="false"
    columnNames="name"
    constraintName="node_named_identities_pkey"
    tableName="node_named_identities"
] as ae93b29e74c25596344b0d7aa14239b9
14:02:10.958 [Test worker] DEBUG liquibase - master.changelog.json: migration/node-core.changelog-pkey.xml::non-clustered_pk-4::R3.Corda: Computed checksum for 7:d24b036e035ca98e1702e37946c90818:7:ae93b29e74c25596344b0d7aa14239b9: as f1e21d4abffbb24133e752eb9cd6a162
14:02:10.958 [Test worker] INFO liquibase - master.changelog.json: migration/node-core.changelog-pkey.xml::non-clustered_pk-4::R3.Corda: Skipping changeSet migration/node-core.changelog-pkey.xml::non-clustered_pk-4::R3.Corda due to validation error(s): clustered is not allowed on h2
14:02:10.958 [Test worker] DEBUG liquibase - master.changelog.json: migration/node-core.changelog-pkey.xml::non-clustered_pk-5::R3.Corda: Computed checksum for dropPrimaryKey:[
    constraintName="node_our_key_pairs_pkey"
    tableName="node_our_key_pairs"
] as 9ac2cf82fe1a0d3a4afa3f284102f0ed
14:02:10.958 [Test worker] DEBUG liquibase - master.changelog.json: migration/node-core.changelog-pkey.xml::non-clustered_pk-5::R3.Corda: Computed checksum for addPrimaryKey:[
    clustered="false"
    columnNames="public_key_hash"
    constraintName="node_our_key_pairs_pkey"
    tableName="node_our_key_pairs"
] as b30cc3700d89cfc198fe0601af670c55
14:02:10.958 [Test worker] DEBUG liquibase - master.changelog.json: migration/node-core.changelog-pkey.xml::non-clustered_pk-5::R3.Corda: Computed checksum for 7:9ac2cf82fe1a0d3a4afa3f284102f0ed:7:b30cc3700d89cfc198fe0601af670c55: as 4ea09df2dbab99be33f8251a40d1c5a6
14:02:10.959 [Test worker] INFO liquibase - master.changelog.json: migration/node-core.changelog-pkey.xml::non-clustered_pk-5::R3.Corda: Skipping changeSet migration/node-core.changelog-pkey.xml::non-clustered_pk-5::R3.Corda due to validation error(s): clustered is not allowed on h2
14:02:10.959 [Test worker] DEBUG liquibase - master.changelog.json: migration/node-core.changelog-pkey.xml::non-clustered_pk-6::R3.Corda: Computed checksum for dropPrimaryKey:[
    constraintName="node_transaction_mappings_pkey"
    tableName="node_transaction_mappings"
] as 983db0cc88ef50f6461218ae4c516eed
14:02:10.959 [Test worker] DEBUG liquibase - master.changelog.json: migration/node-core.changelog-pkey.xml::non-clustered_pk-6::R3.Corda: Computed checksum for addPrimaryKey:[
    clustered="false"
    columnNames="tx_id"
    constraintName="node_transaction_mappings_pkey"
    tableName="node_transaction_mappings"
] as dcb9146c1054916a8af5a4fb2f9152e2
14:02:10.959 [Test worker] DEBUG liquibase - master.changelog.json: migration/node-core.changelog-pkey.xml::non-clustered_pk-6::R3.Corda: Computed checksum for 7:983db0cc88ef50f6461218ae4c516eed:7:dcb9146c1054916a8af5a4fb2f9152e2: as cb349ad07d3039e6d7d2f184988b954f
14:02:10.959 [Test worker] INFO liquibase - master.changelog.json: migration/node-core.changelog-pkey.xml::non-clustered_pk-6::R3.Corda: Skipping changeSet migration/node-core.changelog-pkey.xml::non-clustered_pk-6::R3.Corda due to validation error(s): clustered is not allowed on h2
14:02:10.960 [Test worker] DEBUG liquibase - master.changelog.json: migration/node-core.changelog-pkey.xml::non-clustered_pk-7::R3.Corda: Computed checksum for dropPrimaryKey:[
    constraintName="node_transactions_pkey"
    tableName="node_transactions"
] as f422783d78c2f5d16738c611e1317bf1
14:02:10.960 [Test worker] DEBUG liquibase - master.changelog.json: migration/node-core.changelog-pkey.xml::non-clustered_pk-7::R3.Corda: Computed checksum for addPrimaryKey:[
    clustered="false"
    columnNames="tx_id"
    constraintName="node_transactions_pkey"
    tableName="node_transactions"
] as 457dcb0ccf83fa48cc8a9643c91b9ad4
14:02:10.960 [Test worker] DEBUG liquibase - master.changelog.json: migration/node-core.changelog-pkey.xml::non-clustered_pk-7::R3.Corda: Computed checksum for 7:f422783d78c2f5d16738c611e1317bf1:7:457dcb0ccf83fa48cc8a9643c91b9ad4: as 97c3ef240152c18129859ea5ae999c9e
14:02:10.960 [Test worker] INFO liquibase - master.changelog.json: migration/node-core.changelog-pkey.xml::non-clustered_pk-7::R3.Corda: Skipping changeSet migration/node-core.changelog-pkey.xml::non-clustered_pk-7::R3.Corda due to validation error(s): clustered is not allowed on h2
14:02:10.960 [Test worker] DEBUG liquibase - master.changelog.json: migration/node-core.changelog-v8.xml::conditional_attchments_rename::R3.Corda: Computed checksum for renameTable:[
    newTableName="NODE_ATTACHMENTS_CONTRACTS"
    oldTableName="NODE_ATTCHMENTS_CONTRACTS"
] as 0dba1c02ba10df0f9c88e1631299486e
14:02:10.960 [Test worker] DEBUG liquibase - master.changelog.json: migration/node-core.changelog-v8.xml::conditional_attchments_rename::R3.Corda: Computed checksum for 7:0dba1c02ba10df0f9c88e1631299486e: as c7fcf1b072eb8882179623895abd6a53
14:02:10.960 [Test worker] DEBUG liquibase - master.changelog.json: migration/node-core.changelog-v8.xml::conditional_attchments_contracts::R3.Corda: Computed checksum for renameTable:[
    newTableName="NODE_ATTACHMENTS_CONTRACTS"
    oldTableName="NODE_ATTACHMENTS_CONTRACT_CLASS_NAME"
] as ae58ab3570282cf1723e82df8647178c
14:02:10.960 [Test worker] DEBUG liquibase - master.changelog.json: migration/node-core.changelog-v8.xml::conditional_attchments_contracts::R3.Corda: Computed checksum for 7:ae58ab3570282cf1723e82df8647178c: as 9ec85543b6baac8a877ad21f063a5b13
14:02:10.961 [Test worker] DEBUG liquibase - master.changelog.json: migration/node-core.changelog-v8.xml::add_signers::R3.Corda: Computed checksum for createTable:[
    columns=[
        [
            [
                nullable="false"
            ]
            name="att_id"
            type="NVARCHAR(255)"
        ],
        [
            name="signer"
            type="NVARCHAR(1024)"
        ]
    ]
    tableName="node_attachments_signers"
] as ec83f8cd0344429668e5c2aedd0b2ab3
14:02:10.961 [Test worker] DEBUG liquibase - master.changelog.json: migration/node-core.changelog-v8.xml::add_signers::R3.Corda: Computed checksum for addForeignKeyConstraint:[
    baseColumnNames="att_id"
    baseTableName="node_attachments_signers"
    constraintName="FK__signers__attachments"
    referencedColumnNames="att_id"
    referencedTableName="node_attachments"
] as e86b87f9584ab73e9b56daa91c983050
14:02:10.961 [Test worker] DEBUG liquibase - master.changelog.json: migration/node-core.changelog-v8.xml::add_signers::R3.Corda: Computed checksum for 7:ec83f8cd0344429668e5c2aedd0b2ab3:7:e86b87f9584ab73e9b56daa91c983050: as d1356cd65d19937b81284ea078998d84
14:02:10.962 [Test worker] DEBUG liquibase - master.changelog.json: migration/node-core.changelog-tx-mapping.xml::add_tx_mapping_column::R3.Corda: Computed checksum for addColumn:[
    columns=[
        [
            [
                nullable="true"
            ]
            name="state_machine_run_id"
            type="NVARCHAR(36)"
        ]
    ]
    tableName="node_transactions"
] as 5fdebff63e6f64287935a2e65414d2a3
14:02:10.962 [Test worker] DEBUG liquibase - master.changelog.json: migration/node-core.changelog-tx-mapping.xml::add_tx_mapping_column::R3.Corda: Computed checksum for inputStream as a8472f5cf0c2c13303109942b6dbce69
14:02:10.963 [Test worker] DEBUG liquibase - master.changelog.json: migration/node-core.changelog-tx-mapping.xml::add_tx_mapping_column::R3.Corda: Computed checksum for dropTable:[
    tableName="node_transaction_mappings"
] as b220f3903f4c1c9d2298c35db99c59ac
14:02:10.963 [Test worker] DEBUG liquibase - master.changelog.json: migration/node-core.changelog-tx-mapping.xml::add_tx_mapping_column::R3.Corda: Computed checksum for 7:5fdebff63e6f64287935a2e65414d2a3:7:a8472f5cf0c2c13303109942b6dbce69:7:b220f3903f4c1c9d2298c35db99c59ac: as a0995593179aec45250c383611edd1e2
14:02:10.963 [Test worker] DEBUG liquibase - master.changelog.json: migration/node-services.changelog-init.xml::add_network_parameters_storage::R3.Corda: Computed checksum for createTable:[
    columns=[
        [
            [
                nullable="false"
            ]
            name="hash"
            type="NVARCHAR(130)"
        ],
        [
            [
                nullable="false"
            ]
            name="epoch"
            type="INT"
        ],
        [
            [
                nullable="false"
            ]
            name="parameters_bytes"
            type="BLOB"
        ],
        [
            [
                nullable="false"
    ... [truncated in log] as 0c5ab9f5cdf1cceb5855e79ec0df5990
14:02:10.963 [Test worker] DEBUG liquibase - master.changelog.json: migration/node-services.changelog-init.xml::add_network_parameters_storage::R3.Corda: Computed checksum for 7:0c5ab9f5cdf1cceb5855e79ec0df5990: as 8d5882f94d9f58647903210994573073
14:02:10.964 [Test worker] DEBUG liquibase - master.changelog.json: migration/node-services.changelog-init.xml::network_parameters_pk::R3.Corda: Computed checksum for addPrimaryKey:[
    columnNames="hash"
    constraintName="node_network_parameters_pkey"
    tableName="node_network_parameters"
] as 7398cbb8aa8fc3cf93265e77bbc28f93
14:02:10.964 [Test worker] DEBUG liquibase - master.changelog.json: migration/node-services.changelog-init.xml::network_parameters_pk::R3.Corda: Computed checksum for 7:7398cbb8aa8fc3cf93265e77bbc28f93: as 71635301bd498e4d52b02988795348e6
14:02:10.965 [Test worker] DEBUG liquibase - master.changelog.json: migration/node-services.changelog-init.xml::add_version_column::R3.Corda: Computed checksum for addColumn:[
    columns=[
        [
            name="version"
            type="INT"
        ]
    ]
    tableName="node_attachments"
] as c4c33cea80ccf15793fa7b5e24a6746f
14:02:10.965 [Test worker] DEBUG liquibase - master.changelog.json: migration/node-services.changelog-init.xml::add_version_column::R3.Corda: Computed checksum for inputStream as 7ceaceee938a74c8cea67468ab2e68f4
14:02:10.965 [Test worker] DEBUG liquibase - master.changelog.json: migration/node-services.changelog-init.xml::add_version_column::R3.Corda: Computed checksum for addNotNullConstraint:[
    columnDataType="INT"
    columnName="version"
    tableName="node_attachments"
] as a6d4059f21164657e11caa70338e4c7b
14:02:10.965 [Test worker] DEBUG liquibase - master.changelog.json: migration/node-services.changelog-init.xml::add_version_column::R3.Corda: Computed checksum for 7:c4c33cea80ccf15793fa7b5e24a6746f:7:7ceaceee938a74c8cea67468ab2e68f4:7:a6d4059f21164657e11caa70338e4c7b: as 7d7fb1c90fa05b5fc3b938fd7c520344
14:02:10.966 [Test worker] DEBUG liquibase - master.changelog.json: migration/node-services.changelog-init.xml::update-version-of-whitelisted-jars::R3.Corda: Computed checksum for customChange:[
    class="net.corda.nodeapi.internal.persistence.AttachmentVersionNumberMigration"
    param=[]
] as cccb7fe15337dd836d74b41ef3a3c6f5
14:02:10.966 [Test worker] DEBUG liquibase - master.changelog.json: migration/node-services.changelog-init.xml::update-version-of-whitelisted-jars::R3.Corda: Computed checksum for 7:cccb7fe15337dd836d74b41ef3a3c6f5: as 706b589854273bdf703c4ed7a2a9191b
14:02:10.966 [Test worker] DEBUG liquibase - master.changelog.json: migration/vault-schema.changelog-v9.xml::update-vault-states::R3.Corda: Computed checksum for customChange:[
    class="net.corda.node.migration.VaultStateMigration"
    param=[]
] as d51d633a004ca013feeabe1129953946
14:02:10.966 [Test worker] DEBUG liquibase - master.changelog.json: migration/vault-schema.changelog-v9.xml::update-vault-states::R3.Corda: Computed checksum for 7:d51d633a004ca013feeabe1129953946: as b005d9ddca6ae24f7eb8c275fb095a30
14:02:10.967 [Test worker] DEBUG liquibase - Executing QUERY database command: select count(*) from PUBLIC.DATABASECHANGELOGLOCK
14:02:10.968 [Test worker] DEBUG liquibase - Executing QUERY database command: SELECT LOCKED FROM PUBLIC.DATABASECHANGELOGLOCK WHERE ID=1
14:02:10.968 [Test worker] DEBUG liquibase - Lock Database
14:02:10.969 [Test worker] DEBUG liquibase - Executing UPDATE database command: UPDATE PUBLIC.DATABASECHANGELOGLOCK SET LOCKED = TRUE, LOCKEDBY = 'DELL (192.168.40.48)', LOCKGRANTED = '2019-10-12 14:02:10.968' WHERE ID = 1 AND LOCKED = FALSE
14:02:10.970 [Test worker] INFO liquibase - Successfully acquired change log lock
14:02:10.970 [Test worker] INFO liquibase - master.changelog.json: migration/common.changelog-init.xml::1511451595465-1.3::R3.Corda: Skipping changeSet migration/common.changelog-init.xml::1511451595465-1.3::R3.Corda due to validation error(s): minValue is not allowed on h2
14:02:10.975 [Test worker] INFO liquibase - master.changelog.json: migration/vault-schema.changelog-pkey.xml::non-clustered_pk-11::R3.Corda: Skipping changeSet migration/vault-schema.changelog-pkey.xml::non-clustered_pk-11::R3.Corda due to validation error(s): clustered is not allowed on h2
14:02:10.977 [Test worker] INFO liquibase - master.changelog.json: migration/vault-schema.changelog-pkey.xml::non-clustered_pk-12::R3.Corda: Skipping changeSet migration/vault-schema.changelog-pkey.xml::non-clustered_pk-12::R3.Corda due to validation error(s): clustered is not allowed on h2
14:02:10.977 [Test worker] INFO liquibase - master.changelog.json: migration/vault-schema.changelog-pkey.xml::non-clustered_pk-13::R3.Corda: Skipping changeSet migration/vault-schema.changelog-pkey.xml::non-clustered_pk-13::R3.Corda due to validation error(s): clustered is not allowed on h2
14:02:10.998 [Test worker] INFO liquibase - master.changelog.json: migration/node-core.changelog-pkey.xml::non-clustered_pk-1::R3.Corda: Skipping changeSet migration/node-core.changelog-pkey.xml::non-clustered_pk-1::R3.Corda due to validation error(s): clustered is not allowed on h2
14:02:10.998 [Test worker] INFO liquibase - master.changelog.json: migration/node-core.changelog-pkey.xml::non-clustered_pk-2::R3.Corda: Skipping changeSet migration/node-core.changelog-pkey.xml::non-clustered_pk-2::R3.Corda due to validation error(s): clustered is not allowed on h2
14:02:10.998 [Test worker] INFO liquibase - master.changelog.json: migration/node-core.changelog-pkey.xml::non-clustered_pk-3::R3.Corda: Skipping changeSet migration/node-core.changelog-pkey.xml::non-clustered_pk-3::R3.Corda due to validation error(s): clustered is not allowed on h2
14:02:10.998 [Test worker] INFO liquibase - master.changelog.json: migration/node-core.changelog-pkey.xml::non-clustered_pk-4::R3.Corda: Skipping changeSet migration/node-core.changelog-pkey.xml::non-clustered_pk-4::R3.Corda due to validation error(s): clustered is not allowed on h2
14:02:10.999 [Test worker] INFO liquibase - master.changelog.json: migration/node-core.changelog-pkey.xml::non-clustered_pk-5::R3.Corda: Skipping changeSet migration/node-core.changelog-pkey.xml::non-clustered_pk-5::R3.Corda due to validation error(s): clustered is not allowed on h2
14:02:10.999 [Test worker] INFO liquibase - master.changelog.json: migration/node-core.changelog-pkey.xml::non-clustered_pk-6::R3.Corda: Skipping changeSet migration/node-core.changelog-pkey.xml::non-clustered_pk-6::R3.Corda due to validation error(s): clustered is not allowed on h2
14:02:10.999 [Test worker] INFO liquibase - master.changelog.json: migration/node-core.changelog-pkey.xml::non-clustered_pk-7::R3.Corda: Skipping changeSet migration/node-core.changelog-pkey.xml::non-clustered_pk-7::R3.Corda due to validation error(s): clustered is not allowed on h2
14:02:11.001 [Test worker] DEBUG liquibase - master.changelog.json: migration/common.changelog-init.xml::1511451595465-1.1::R3.Corda: Running Changeset:migration/common.changelog-init.xml::1511451595465-1.1::R3.Corda
14:02:11.001 [Test worker] DEBUG liquibase - master.changelog.json: migration/common.changelog-init.xml::1511451595465-1.1::R3.Corda: Changeset migration/common.changelog-init.xml::1511451595465-1.1::R3.Corda
14:02:11.003 [Test worker] DEBUG liquibase - master.changelog.json: migration/common.changelog-init.xml::1511451595465-1.1::R3.Corda: Executing QUERY database command: SELECT SEQUENCE_NAME FROM INFORMATION_SCHEMA.SEQUENCES WHERE SEQUENCE_SCHEMA = 'null' AND IS_GENERATED=FALSE
14:02:11.013 [Test worker] DEBUG liquibase - master.changelog.json: migration/common.changelog-init.xml::1511451595465-1.1::R3.Corda: Executing QUERY database command: SELECT SEQUENCE_NAME FROM INFORMATION_SCHEMA.SEQUENCES WHERE SEQUENCE_SCHEMA = 'PUBLIC' AND IS_GENERATED=FALSE
14:02:11.014 [Test worker] DEBUG liquibase - master.changelog.json: migration/common.changelog-init.xml::1511451595465-1.1::R3.Corda: Reading ChangeSet: migration/common.changelog-init.xml::1511451595465-1.1::R3.Corda
14:02:11.014 [Test worker] DEBUG liquibase - master.changelog.json: migration/common.changelog-init.xml::1511451595465-1.1::R3.Corda: Executing Statement: liquibase.statement.core.CreateSequenceStatement@22096d8c
14:02:11.015 [Test worker] DEBUG liquibase - master.changelog.json: migration/common.changelog-init.xml::1511451595465-1.1::R3.Corda: Executing EXECUTE database command: CREATE SEQUENCE PUBLIC.hibernate_sequence
14:02:11.015 [Test worker] INFO liquibase - master.changelog.json: migration/common.changelog-init.xml::1511451595465-1.1::R3.Corda: Sequence hibernate_sequence created
14:02:11.015 [Test worker] INFO liquibase - master.changelog.json: migration/common.changelog-init.xml::1511451595465-1.1::R3.Corda: ChangeSet migration/common.changelog-init.xml::1511451595465-1.1::R3.Corda ran successfully in 14ms
14:02:11.017 [Test worker] DEBUG liquibase - master.changelog.json: migration/common.changelog-init.xml::1511451595465-1.1::R3.Corda: Executing QUERY database command: SELECT MAX(ORDEREXECUTED) FROM PUBLIC.DATABASECHANGELOG
14:02:11.022 [Test worker] DEBUG liquibase - master.changelog.json: migration/common.changelog-init.xml::1511451595465-1.1::R3.Corda: Executing EXECUTE database command: INSERT INTO PUBLIC.DATABASECHANGELOG (ID, AUTHOR, FILENAME, DATEEXECUTED, ORDEREXECUTED, MD5SUM, DESCRIPTION, COMMENTS, EXECTYPE, CONTEXTS, LABELS, LIQUIBASE, DEPLOYMENT_ID) VALUES ('1511451595465-1.1', 'R3.Corda', 'migration/common.changelog-init.xml', NOW(), 1, '7:afe897bea20bc08d1681087c94d0967d', 'createSequence sequenceName=hibernate_sequence', '', 'EXECUTED', NULL, NULL, '3.5.4', '0860130970')
14:02:11.023 [Test worker] DEBUG liquibase - master.changelog.json: migration/common.changelog-init.xml::1511451595465-1.3::R3.Corda: Running Changeset:migration/common.changelog-init.xml::1511451595465-1.3::R3.Corda
14:02:11.024 [Test worker] DEBUG liquibase - master.changelog.json: migration/common.changelog-init.xml::1511451595465-1.3::R3.Corda: Executing EXECUTE database command: INSERT INTO PUBLIC.DATABASECHANGELOG (ID, AUTHOR, FILENAME, DATEEXECUTED, ORDEREXECUTED, MD5SUM, DESCRIPTION, COMMENTS, EXECTYPE, CONTEXTS, LABELS, LIQUIBASE, DEPLOYMENT_ID) VALUES ('1511451595465-1.3', 'R3.Corda', 'migration/common.changelog-init.xml', NOW(), 2, '7:b775a64dd8351ca0b00329ea3e49f44b', 'createSequence sequenceName=hibernate_sequence', '', 'MARK_RAN', NULL, NULL, '3.5.4', '0860130970')
14:02:11.034 [Test worker] DEBUG liquibase - master.changelog.json: migration/vault-schema.changelog-init.xml::1511451595465-22::R3.Corda: Running Changeset:migration/vault-schema.changelog-init.xml::1511451595465-22::R3.Corda
14:02:11.034 [Test worker] DEBUG liquibase - master.changelog.json: migration/vault-schema.changelog-init.xml::1511451595465-22::R3.Corda: Changeset migration/vault-schema.changelog-init.xml::1511451595465-22::R3.Corda
14:02:11.034 [Test worker] DEBUG liquibase - master.changelog.json: migration/vault-schema.changelog-init.xml::1511451595465-22::R3.Corda: Reading ChangeSet: migration/vault-schema.changelog-init.xml::1511451595465-22::R3.Corda
14:02:11.035 [Test worker] DEBUG liquibase - master.changelog.json: migration/vault-schema.changelog-init.xml::1511451595465-22::R3.Corda: Executing Statement: liquibase.statement.core.CreateTableStatement@7d2c4ce7
14:02:11.035 [Test worker] DEBUG liquibase - master.changelog.json: migration/vault-schema.changelog-init.xml::1511451595465-22::R3.Corda: Executing EXECUTE database command: CREATE TABLE PUBLIC.vault_fungible_states (output_index INT NOT NULL, transaction_id NVARCHAR(64) NOT NULL, issuer_name NVARCHAR(255), issuer_ref VARBINARY(512), owner_name NVARCHAR(255), quantity BIGINT)
14:02:11.036 [Test worker] INFO liquibase - master.changelog.json: migration/vault-schema.changelog-init.xml::1511451595465-22::R3.Corda: Table vault_fungible_states created
14:02:11.036 [Test worker] INFO liquibase - master.changelog.json: migration/vault-schema.changelog-init.xml::1511451595465-22::R3.Corda: ChangeSet migration/vault-schema.changelog-init.xml::1511451595465-22::R3.Corda ran successfully in 2ms
14:02:11.038 [Test worker] DEBUG liquibase - master.changelog.json: migration/vault-schema.changelog-init.xml::1511451595465-22::R3.Corda: Executing EXECUTE database command: INSERT INTO PUBLIC.DATABASECHANGELOG (ID, AUTHOR, FILENAME, DATEEXECUTED, ORDEREXECUTED, MD5SUM, DESCRIPTION, COMMENTS, EXECTYPE, CONTEXTS, LABELS, LIQUIBASE, DEPLOYMENT_ID) VALUES ('1511451595465-22', 'R3.Corda', 'migration/vault-schema.changelog-init.xml', NOW(), 3, '7:1f8a20296ddeb0fc739bd8e7084b0bab', 'createTable tableName=vault_fungible_states', '', 'EXECUTED', NULL, NULL, '3.5.4', '0860130970')
14:02:11.039 [Test worker] DEBUG liquibase - master.changelog.json: migration/vault-schema.changelog-init.xml::1511451595465-23::R3.Corda: Running Changeset:migration/vault-schema.changelog-init.xml::1511451595465-23::R3.Corda
14:02:11.039 [Test worker] DEBUG liquibase - master.changelog.json: migration/vault-schema.changelog-init.xml::1511451595465-23::R3.Corda: Changeset migration/vault-schema.changelog-init.xml::1511451595465-23::R3.Corda
14:02:11.039 [Test worker] DEBUG liquibase - master.changelog.json: migration/vault-schema.changelog-init.xml::1511451595465-23::R3.Corda: Reading ChangeSet: migration/vault-schema.changelog-init.xml::1511451595465-23::R3.Corda
14:02:11.040 [Test worker] DEBUG liquibase - master.changelog.json: migration/vault-schema.changelog-init.xml::1511451595465-23::R3.Corda: Executing Statement: liquibase.statement.core.CreateTableStatement@333d4628
14:02:11.043 [Test worker] DEBUG liquibase - master.changelog.json: migration/vault-schema.changelog-init.xml::1511451595465-23::R3.Corda: Executing EXECUTE database command: CREATE TABLE PUBLIC.vault_fungible_states_parts (output_index INT NOT NULL, transaction_id NVARCHAR(64) NOT NULL, participants NVARCHAR(255))
14:02:11.047 [Test worker] INFO liquibase - master.changelog.json: migration/vault-schema.changelog-init.xml::1511451595465-23::R3.Corda: Table vault_fungible_states_parts created
14:02:11.047 [Test worker] INFO liquibase - master.changelog.json: migration/vault-schema.changelog-init.xml::1511451595465-23::R3.Corda: ChangeSet migration/vault-schema.changelog-init.xml::1511451595465-23::R3.Corda ran successfully in 8ms
14:02:11.054 [Test worker] DEBUG liquibase - master.changelog.json: migration/vault-schema.changelog-init.xml::1511451595465-23::R3.Corda: Executing EXECUTE database command: INSERT INTO PUBLIC.DATABASECHANGELOG (ID, AUTHOR, FILENAME, DATEEXECUTED, ORDEREXECUTED, MD5SUM, DESCRIPTION, COMMENTS, EXECTYPE, CONTEXTS, LABELS, LIQUIBASE, DEPLOYMENT_ID) VALUES ('1511451595465-23', 'R3.Corda', 'migration/vault-schema.changelog-init.xml', NOW(), 4, '7:1a9f6483c225c03a3a558b5b20306741', 'createTable tableName=vault_fungible_states_parts', '', 'EXECUTED', NULL, NULL, '3.5.4', '0860130970')
14:02:11.056 [Test worker] DEBUG liquibase - master.changelog.json: migration/vault-schema.changelog-init.xml::1511451595465-24::R3.Corda: Running Changeset:migration/vault-schema.changelog-init.xml::1511451595465-24::R3.Corda
14:02:11.056 [Test worker] DEBUG liquibase - master.changelog.json: migration/vault-schema.changelog-init.xml::1511451595465-24::R3.Corda: Changeset migration/vault-schema.changelog-init.xml::1511451595465-24::R3.Corda
14:02:11.056 [Test worker] DEBUG liquibase - master.changelog.json: migration/vault-schema.changelog-init.xml::1511451595465-24::R3.Corda: Reading ChangeSet: migration/vault-schema.changelog-init.xml::1511451595465-24::R3.Corda
14:02:11.058 [Test worker] DEBUG liquibase - master.changelog.json: migration/vault-schema.changelog-init.xml::1511451595465-24::R3.Corda: Executing Statement: liquibase.statement.core.CreateTableStatement@728a6c10
14:02:11.058 [Test worker] DEBUG liquibase - master.changelog.json: migration/vault-schema.changelog-init.xml::1511451595465-24::R3.Corda: Executing EXECUTE database command: CREATE TABLE PUBLIC.vault_linear_states (output_index INT NOT NULL, transaction_id NVARCHAR(64) NOT NULL, external_id NVARCHAR(255), uuid VARCHAR(255) NOT NULL)
14:02:11.059 [Test worker] INFO liquibase - master.changelog.json: migration/vault-schema.changelog-init.xml::1511451595465-24::R3.Corda: Table vault_linear_states created
14:02:11.059 [Test worker] INFO liquibase - master.changelog.json: migration/vault-schema.changelog-init.xml::1511451595465-24::R3.Corda: ChangeSet migration/vault-schema.changelog-init.xml::1511451595465-24::R3.Corda ran successfully in 3ms
14:02:11.060 [Test worker] DEBUG liquibase - master.changelog.json: migration/vault-schema.changelog-init.xml::1511451595465-24::R3.Corda: Executing EXECUTE database command: INSERT INTO PUBLIC.DATABASECHANGELOG (ID, AUTHOR, FILENAME, DATEEXECUTED, ORDEREXECUTED, MD5SUM, DESCRIPTION, COMMENTS, EXECTYPE, CONTEXTS, LABELS, LIQUIBASE, DEPLOYMENT_ID) VALUES ('1511451595465-24', 'R3.Corda', 'migration/vault-schema.changelog-init.xml', NOW(), 5, '7:cc33e3b7b7db0e8613421e71352448d1', 'createTable tableName=vault_linear_states', '', 'EXECUTED', NULL, NULL, '3.5.4', '0860130970')
14:02:11.061 [Test worker] DEBUG liquibase - master.changelog.json: migration/vault-schema.changelog-init.xml::1511451595465-25::R3.Corda: Running Changeset:migration/vault-schema.changelog-init.xml::1511451595465-25::R3.Corda
14:02:11.061 [Test worker] DEBUG liquibase - master.changelog.json: migration/vault-schema.changelog-init.xml::1511451595465-25::R3.Corda: Changeset migration/vault-schema.changelog-init.xml::1511451595465-25::R3.Corda
14:02:11.061 [Test worker] DEBUG liquibase - master.changelog.json: migration/vault-schema.changelog-init.xml::1511451595465-25::R3.Corda: Reading ChangeSet: migration/vault-schema.changelog-init.xml::1511451595465-25::R3.Corda
14:02:11.062 [Test worker] DEBUG liquibase - master.changelog.json: migration/vault-schema.changelog-init.xml::1511451595465-25::R3.Corda: Executing Statement: liquibase.statement.core.CreateTableStatement@16ee195c
14:02:11.062 [Test worker] DEBUG liquibase - master.changelog.json: migration/vault-schema.changelog-init.xml::1511451595465-25::R3.Corda: Executing EXECUTE database command: CREATE TABLE PUBLIC.vault_linear_states_parts (output_index INT NOT NULL, transaction_id NVARCHAR(64) NOT NULL, participants NVARCHAR(255))
14:02:11.063 [Test worker] INFO liquibase - master.changelog.json: migration/vault-schema.changelog-init.xml::1511451595465-25::R3.Corda: Table vault_linear_states_parts created
14:02:11.063 [Test worker] INFO liquibase - master.changelog.json: migration/vault-schema.changelog-init.xml::1511451595465-25::R3.Corda: ChangeSet migration/vault-schema.changelog-init.xml::1511451595465-25::R3.Corda ran successfully in 2ms
14:02:11.064 [Test worker] DEBUG liquibase - master.changelog.json: migration/vault-schema.changelog-init.xml::1511451595465-25::R3.Corda: Executing EXECUTE database command: INSERT INTO PUBLIC.DATABASECHANGELOG (ID, AUTHOR, FILENAME, DATEEXECUTED, ORDEREXECUTED, MD5SUM, DESCRIPTION, COMMENTS, EXECTYPE, CONTEXTS, LABELS, LIQUIBASE, DEPLOYMENT_ID) VALUES ('1511451595465-25', 'R3.Corda', 'migration/vault-schema.changelog-init.xml', NOW(), 6, '7:cee1c34886b737d7c86f4ba94a43d9a7', 'createTable tableName=vault_linear_states_parts', '', 'EXECUTED', NULL, NULL, '3.5.4', '0860130970')
14:02:11.065 [Test worker] DEBUG liquibase - master.changelog.json: migration/vault-schema.changelog-init.xml::1511451595465-26::R3.Corda: Running Changeset:migration/vault-schema.changelog-init.xml::1511451595465-26::R3.Corda
14:02:11.066 [Test worker] DEBUG liquibase - master.changelog.json: migration/vault-schema.changelog-init.xml::1511451595465-26::R3.Corda: Changeset migration/vault-schema.changelog-init.xml::1511451595465-26::R3.Corda
14:02:11.066 [Test worker] DEBUG liquibase - master.changelog.json: migration/vault-schema.changelog-init.xml::1511451595465-26::R3.Corda: Reading ChangeSet: migration/vault-schema.changelog-init.xml::1511451595465-26::R3.Corda
14:02:11.067 [Test worker] DEBUG liquibase - master.changelog.json: migration/vault-schema.changelog-init.xml::1511451595465-26::R3.Corda: Executing Statement: liquibase.statement.core.CreateTableStatement@2a040706
14:02:11.068 [Test worker] DEBUG liquibase - master.changelog.json: migration/vault-schema.changelog-init.xml::1511451595465-26::R3.Corda: Executing EXECUTE database command: CREATE TABLE PUBLIC.vault_states (output_index INT NOT NULL, transaction_id NVARCHAR(64) NOT NULL, consumed_timestamp TIMESTAMP, contract_state_class_name NVARCHAR(255), lock_id NVARCHAR(255), lock_timestamp TIMESTAMP, notary_name NVARCHAR(255), recorded_timestamp TIMESTAMP, state_status INT)
14:02:11.069 [Test worker] INFO liquibase - master.changelog.json: migration/vault-schema.changelog-init.xml::1511451595465-26::R3.Corda: Table vault_states created
14:02:11.069 [Test worker] INFO liquibase - master.changelog.json: migration/vault-schema.changelog-init.xml::1511451595465-26::R3.Corda: ChangeSet migration/vault-schema.changelog-init.xml::1511451595465-26::R3.Corda ran successfully in 3ms
14:02:11.070 [Test worker] DEBUG liquibase - master.changelog.json: migration/vault-schema.changelog-init.xml::1511451595465-26::R3.Corda: Executing EXECUTE database command: INSERT INTO PUBLIC.DATABASECHANGELOG (ID, AUTHOR, FILENAME, DATEEXECUTED, ORDEREXECUTED, MD5SUM, DESCRIPTION, COMMENTS, EXECTYPE, CONTEXTS, LABELS, LIQUIBASE, DEPLOYMENT_ID) VALUES ('1511451595465-26', 'R3.Corda', 'migration/vault-schema.changelog-init.xml', NOW(), 7, '7:47ea918c4e5894a573ed08ff7d3cfcf8', 'createTable tableName=vault_states', '', 'EXECUTED', NULL, NULL, '3.5.4', '0860130970')
14:02:11.071 [Test worker] DEBUG liquibase - master.changelog.json: migration/vault-schema.changelog-init.xml::1511451595465-27::R3.Corda: Running Changeset:migration/vault-schema.changelog-init.xml::1511451595465-27::R3.Corda
14:02:11.071 [Test worker] DEBUG liquibase - master.changelog.json: migration/vault-schema.changelog-init.xml::1511451595465-27::R3.Corda: Changeset migration/vault-schema.changelog-init.xml::1511451595465-27::R3.Corda
14:02:11.071 [Test worker] DEBUG liquibase - master.changelog.json: migration/vault-schema.changelog-init.xml::1511451595465-27::R3.Corda: Reading ChangeSet: migration/vault-schema.changelog-init.xml::1511451595465-27::R3.Corda
14:02:11.072 [Test worker] DEBUG liquibase - master.changelog.json: migration/vault-schema.changelog-init.xml::1511451595465-27::R3.Corda: Executing Statement: liquibase.statement.core.CreateTableStatement@3a74631a
14:02:11.073 [Test worker] DEBUG liquibase - master.changelog.json: migration/vault-schema.changelog-init.xml::1511451595465-27::R3.Corda: Executing EXECUTE database command: CREATE TABLE PUBLIC.vault_transaction_notes (seq_no INT NOT NULL, note NVARCHAR(255), transaction_id NVARCHAR(64))
14:02:11.081 [Test worker] INFO liquibase - master.changelog.json: migration/vault-schema.changelog-init.xml::1511451595465-27::R3.Corda: Table vault_transaction_notes created
14:02:11.081 [Test worker] INFO liquibase - master.changelog.json: migration/vault-schema.changelog-init.xml::1511451595465-27::R3.Corda: ChangeSet migration/vault-schema.changelog-init.xml::1511451595465-27::R3.Corda ran successfully in 10ms
14:02:11.085 [Test worker] DEBUG liquibase - master.changelog.json: migration/vault-schema.changelog-init.xml::1511451595465-27::R3.Corda: Executing EXECUTE database command: INSERT INTO PUBLIC.DATABASECHANGELOG (ID, AUTHOR, FILENAME, DATEEXECUTED, ORDEREXECUTED, MD5SUM, DESCRIPTION, COMMENTS, EXECTYPE, CONTEXTS, LABELS, LIQUIBASE, DEPLOYMENT_ID) VALUES ('1511451595465-27', 'R3.Corda', 'migration/vault-schema.changelog-init.xml', NOW(), 8, '7:b335f04504c263e99eb1b4b78fb7b976', 'createTable tableName=vault_transaction_notes', '', 'EXECUTED', NULL, NULL, '3.5.4', '0860130970')
14:02:11.085 [Test worker] DEBUG liquibase - master.changelog.json: migration/vault-schema.changelog-init.xml::1511451595465-47::R3.Corda: Running Changeset:migration/vault-schema.changelog-init.xml::1511451595465-47::R3.Corda
14:02:11.085 [Test worker] DEBUG liquibase - master.changelog.json: migration/vault-schema.changelog-init.xml::1511451595465-47::R3.Corda: Changeset migration/vault-schema.changelog-init.xml::1511451595465-47::R3.Corda
14:02:11.086 [Test worker] DEBUG liquibase - master.changelog.json: migration/vault-schema.changelog-init.xml::1511451595465-47::R3.Corda: Reading ChangeSet: migration/vault-schema.changelog-init.xml::1511451595465-47::R3.Corda
14:02:11.086 [Test worker] DEBUG liquibase - master.changelog.json: migration/vault-schema.changelog-init.xml::1511451595465-47::R3.Corda: Executing Statement: liquibase.statement.core.AddPrimaryKeyStatement@5101b452
14:02:11.086 [Test worker] DEBUG liquibase - master.changelog.json: migration/vault-schema.changelog-init.xml::1511451595465-47::R3.Corda: Executing EXECUTE database command: ALTER TABLE PUBLIC.vault_fungible_states ADD CONSTRAINT vault_fungible_states_pkey PRIMARY KEY (output_index, transaction_id)
14:02:11.091 [Test worker] INFO liquibase - master.changelog.json: migration/vault-schema.changelog-init.xml::1511451595465-47::R3.Corda: Primary key added to vault_fungible_states (output_index, transaction_id)
14:02:11.091 [Test worker] INFO liquibase - master.changelog.json: migration/vault-schema.changelog-init.xml::1511451595465-47::R3.Corda: ChangeSet migration/vault-schema.changelog-init.xml::1511451595465-47::R3.Corda ran successfully in 6ms
14:02:11.093 [Test worker] DEBUG liquibase - master.changelog.json: migration/vault-schema.changelog-init.xml::1511451595465-47::R3.Corda: Executing EXECUTE database command: INSERT INTO PUBLIC.DATABASECHANGELOG (ID, AUTHOR, FILENAME, DATEEXECUTED, ORDEREXECUTED, MD5SUM, DESCRIPTION, COMMENTS, EXECTYPE, CONTEXTS, LABELS, LIQUIBASE, DEPLOYMENT_ID) VALUES ('1511451595465-47', 'R3.Corda', 'migration/vault-schema.changelog-init.xml', NOW(), 9, '7:5ebf8c6ceacd418805fef0a8d5926d22', 'addPrimaryKey constraintName=vault_fungible_states_pkey, tableName=vault_fungible_states', '', 'EXECUTED', NULL, NULL, '3.5.4', '0860130970')
14:02:11.094 [Test worker] DEBUG liquibase - master.changelog.json: migration/vault-schema.changelog-init.xml::1511451595465-48::R3.Corda: Running Changeset:migration/vault-schema.changelog-init.xml::1511451595465-48::R3.Corda
14:02:11.095 [Test worker] DEBUG liquibase - master.changelog.json: migration/vault-schema.changelog-init.xml::1511451595465-48::R3.Corda: Changeset migration/vault-schema.changelog-init.xml::1511451595465-48::R3.Corda
14:02:11.095 [Test worker] DEBUG liquibase - master.changelog.json: migration/vault-schema.changelog-init.xml::1511451595465-48::R3.Corda: Reading ChangeSet: migration/vault-schema.changelog-init.xml::1511451595465-48::R3.Corda
14:02:11.095 [Test worker] DEBUG liquibase - master.changelog.json: migration/vault-schema.changelog-init.xml::1511451595465-48::R3.Corda: Executing Statement: liquibase.statement.core.AddPrimaryKeyStatement@12c02206
14:02:11.095 [Test worker] DEBUG liquibase - master.changelog.json: migration/vault-schema.changelog-init.xml::1511451595465-48::R3.Corda: Executing EXECUTE database command: ALTER TABLE PUBLIC.vault_linear_states ADD CONSTRAINT vault_linear_states_pkey PRIMARY KEY (output_index, transaction_id)
14:02:11.096 [Test worker] INFO liquibase - master.changelog.json: migration/vault-schema.changelog-init.xml::1511451595465-48::R3.Corda: Primary key added to vault_linear_states (output_index, transaction_id)
14:02:11.096 [Test worker] INFO liquibase - master.changelog.json: migration/vault-schema.changelog-init.xml::1511451595465-48::R3.Corda: ChangeSet migration/vault-schema.changelog-init.xml::1511451595465-48::R3.Corda ran successfully in 1ms
14:02:11.099 [Test worker] DEBUG liquibase - master.changelog.json: migration/vault-schema.changelog-init.xml::1511451595465-48::R3.Corda: Executing EXECUTE database command: INSERT INTO PUBLIC.DATABASECHANGELOG (ID, AUTHOR, FILENAME, DATEEXECUTED, ORDEREXECUTED, MD5SUM, DESCRIPTION, COMMENTS, EXECTYPE, CONTEXTS, LABELS, LIQUIBASE, DEPLOYMENT_ID) VALUES ('1511451595465-48', 'R3.Corda', 'migration/vault-schema.changelog-init.xml', NOW(), 10, '7:6852e525af1e0e841b85cbc65c3ef3eb', 'addPrimaryKey constraintName=vault_linear_states_pkey, tableName=vault_linear_states', '', 'EXECUTED', NULL, NULL, '3.5.4', '0860130970')
14:02:11.103 [Test worker] DEBUG liquibase - master.changelog.json: migration/vault-schema.changelog-init.xml::1511451595465-49::R3.Corda: Running Changeset:migration/vault-schema.changelog-init.xml::1511451595465-49::R3.Corda
14:02:11.103 [Test worker] DEBUG liquibase - master.changelog.json: migration/vault-schema.changelog-init.xml::1511451595465-49::R3.Corda: Changeset migration/vault-schema.changelog-init.xml::1511451595465-49::R3.Corda
14:02:11.104 [Test worker] DEBUG liquibase - master.changelog.json: migration/vault-schema.changelog-init.xml::1511451595465-49::R3.Corda: Reading ChangeSet: migration/vault-schema.changelog-init.xml::1511451595465-49::R3.Corda
14:02:11.104 [Test worker] DEBUG liquibase - master.changelog.json: migration/vault-schema.changelog-init.xml::1511451595465-49::R3.Corda: Executing Statement: liquibase.statement.core.AddPrimaryKeyStatement@75a410ad
14:02:11.104 [Test worker] DEBUG liquibase - master.changelog.json: migration/vault-schema.changelog-init.xml::1511451595465-49::R3.Corda: Executing EXECUTE database command: ALTER TABLE PUBLIC.vault_states ADD CONSTRAINT vault_states_pkey PRIMARY KEY (output_index, transaction_id)
14:02:11.106 [Test worker] INFO liquibase - master.changelog.json: migration/vault-schema.changelog-init.xml::1511451595465-49::R3.Corda: Primary key added to vault_states (output_index, transaction_id)
14:02:11.107 [Test worker] INFO liquibase - master.changelog.json: migration/vault-schema.changelog-init.xml::1511451595465-49::R3.Corda: ChangeSet migration/vault-schema.changelog-init.xml::1511451595465-49::R3.Corda ran successfully in 4ms
14:02:11.110 [Test worker] DEBUG liquibase - master.changelog.json: migration/vault-schema.changelog-init.xml::1511451595465-49::R3.Corda: Executing EXECUTE database command: INSERT INTO PUBLIC.DATABASECHANGELOG (ID, AUTHOR, FILENAME, DATEEXECUTED, ORDEREXECUTED, MD5SUM, DESCRIPTION, COMMENTS, EXECTYPE, CONTEXTS, LABELS, LIQUIBASE, DEPLOYMENT_ID) VALUES ('1511451595465-49', 'R3.Corda', 'migration/vault-schema.changelog-init.xml', NOW(), 11, '7:e88ace88ae32b7c6a212f749bed7f25f', 'addPrimaryKey constraintName=vault_states_pkey, tableName=vault_states', '', 'EXECUTED', NULL, NULL, '3.5.4', '0860130970')
14:02:11.113 [Test worker] DEBUG liquibase - master.changelog.json: migration/vault-schema.changelog-init.xml::1511451595465-50::R3.Corda: Running Changeset:migration/vault-schema.changelog-init.xml::1511451595465-50::R3.Corda
14:02:11.117 [Test worker] DEBUG liquibase - master.changelog.json: migration/vault-schema.changelog-init.xml::1511451595465-50::R3.Corda: Changeset migration/vault-schema.changelog-init.xml::1511451595465-50::R3.Corda
14:02:11.117 [Test worker] DEBUG liquibase - master.changelog.json: migration/vault-schema.changelog-init.xml::1511451595465-50::R3.Corda: Reading ChangeSet: migration/vault-schema.changelog-init.xml::1511451595465-50::R3.Corda
14:02:11.117 [Test worker] DEBUG liquibase - master.changelog.json: migration/vault-schema.changelog-init.xml::1511451595465-50::R3.Corda: Executing Statement: liquibase.statement.core.AddPrimaryKeyStatement@75b3588a
14:02:11.118 [Test worker] DEBUG liquibase - master.changelog.json: migration/vault-schema.changelog-init.xml::1511451595465-50::R3.Corda: Executing EXECUTE database command: ALTER TABLE PUBLIC.vault_transaction_notes ADD CONSTRAINT vault_transaction_notes_pkey PRIMARY KEY (seq_no)
14:02:11.118 [Test worker] INFO liquibase - master.changelog.json: migration/vault-schema.changelog-init.xml::1511451595465-50::R3.Corda: Primary key added to vault_transaction_notes (seq_no)
14:02:11.118 [Test worker] INFO liquibase - master.changelog.json: migration/vault-schema.changelog-init.xml::1511451595465-50::R3.Corda: ChangeSet migration/vault-schema.changelog-init.xml::1511451595465-50::R3.Corda ran successfully in 4ms
14:02:11.120 [Test worker] DEBUG liquibase - master.changelog.json: migration/vault-schema.changelog-init.xml::1511451595465-50::R3.Corda: Executing EXECUTE database command: INSERT INTO PUBLIC.DATABASECHANGELOG (ID, AUTHOR, FILENAME, DATEEXECUTED, ORDEREXECUTED, MD5SUM, DESCRIPTION, COMMENTS, EXECTYPE, CONTEXTS, LABELS, LIQUIBASE, DEPLOYMENT_ID) VALUES ('1511451595465-50', 'R3.Corda', 'migration/vault-schema.changelog-init.xml', NOW(), 12, '7:aef52cbfcee4e86a30a1175aacdae9b5', 'addPrimaryKey constraintName=vault_transaction_notes_pkey, tableName=vault_transaction_notes', '', 'EXECUTED', NULL, NULL, '3.5.4', '0860130970')
14:02:11.120 [Test worker] DEBUG liquibase - master.changelog.json: migration/vault-schema.changelog-init.xml::1511451595465-53::R3.Corda: Running Changeset:migration/vault-schema.changelog-init.xml::1511451595465-53::R3.Corda
14:02:11.121 [Test worker] DEBUG liquibase - master.changelog.json: migration/vault-schema.changelog-init.xml::1511451595465-53::R3.Corda: Changeset migration/vault-schema.changelog-init.xml::1511451595465-53::R3.Corda
14:02:11.121 [Test worker] DEBUG liquibase - master.changelog.json: migration/vault-schema.changelog-init.xml::1511451595465-53::R3.Corda: Reading ChangeSet: migration/vault-schema.changelog-init.xml::1511451595465-53::R3.Corda
14:02:11.121 [Test worker] DEBUG liquibase - master.changelog.json: migration/vault-schema.changelog-init.xml::1511451595465-53::R3.Corda: Executing Statement: liquibase.statement.core.CreateIndexStatement@47e95f03
14:02:11.121 [Test worker] DEBUG liquibase - master.changelog.json: migration/vault-schema.changelog-init.xml::1511451595465-53::R3.Corda: Executing EXECUTE database command: CREATE INDEX PUBLIC.external_id_index ON PUBLIC.vault_linear_states(external_id)
14:02:11.121 [Test worker] INFO liquibase - master.changelog.json: migration/vault-schema.changelog-init.xml::1511451595465-53::R3.Corda: Index external_id_index created
14:02:11.121 [Test worker] INFO liquibase - master.changelog.json: migration/vault-schema.changelog-init.xml::1511451595465-53::R3.Corda: ChangeSet migration/vault-schema.changelog-init.xml::1511451595465-53::R3.Corda ran successfully in 0ms
14:02:11.123 [Test worker] DEBUG liquibase - master.changelog.json: migration/vault-schema.changelog-init.xml::1511451595465-53::R3.Corda: Executing EXECUTE database command: INSERT INTO PUBLIC.DATABASECHANGELOG (ID, AUTHOR, FILENAME, DATEEXECUTED, ORDEREXECUTED, MD5SUM, DESCRIPTION, COMMENTS, EXECTYPE, CONTEXTS, LABELS, LIQUIBASE, DEPLOYMENT_ID) VALUES ('1511451595465-53', 'R3.Corda', 'migration/vault-schema.changelog-init.xml', NOW(), 13, '7:7b0c95c0892fe1aba26a294d843d3c0a', 'createIndex indexName=external_id_index, tableName=vault_linear_states', '', 'EXECUTED', NULL, NULL, '3.5.4', '0860130970')
14:02:11.123 [Test worker] DEBUG liquibase - master.changelog.json: migration/vault-schema.changelog-init.xml::1511451595465-55::R3.Corda: Running Changeset:migration/vault-schema.changelog-init.xml::1511451595465-55::R3.Corda
14:02:11.123 [Test worker] DEBUG liquibase - master.changelog.json: migration/vault-schema.changelog-init.xml::1511451595465-55::R3.Corda: Changeset migration/vault-schema.changelog-init.xml::1511451595465-55::R3.Corda
14:02:11.123 [Test worker] DEBUG liquibase - master.changelog.json: migration/vault-schema.changelog-init.xml::1511451595465-55::R3.Corda: Reading ChangeSet: migration/vault-schema.changelog-init.xml::1511451595465-55::R3.Corda
14:02:11.123 [Test worker] DEBUG liquibase - master.changelog.json: migration/vault-schema.changelog-init.xml::1511451595465-55::R3.Corda: Executing Statement: liquibase.statement.core.CreateIndexStatement@195fee38
14:02:11.123 [Test worker] DEBUG liquibase - master.changelog.json: migration/vault-schema.changelog-init.xml::1511451595465-55::R3.Corda: Executing EXECUTE database command: CREATE INDEX PUBLIC.lock_id_idx ON PUBLIC.vault_states(lock_id, state_status)
14:02:11.124 [Test worker] INFO liquibase - master.changelog.json: migration/vault-schema.changelog-init.xml::1511451595465-55::R3.Corda: Index lock_id_idx created
14:02:11.124 [Test worker] INFO liquibase - master.changelog.json: migration/vault-schema.changelog-init.xml::1511451595465-55::R3.Corda: ChangeSet migration/vault-schema.changelog-init.xml::1511451595465-55::R3.Corda ran successfully in 1ms
14:02:11.125 [Test worker] DEBUG liquibase - master.changelog.json: migration/vault-schema.changelog-init.xml::1511451595465-55::R3.Corda: Executing EXECUTE database command: INSERT INTO PUBLIC.DATABASECHANGELOG (ID, AUTHOR, FILENAME, DATEEXECUTED, ORDEREXECUTED, MD5SUM, DESCRIPTION, COMMENTS, EXECTYPE, CONTEXTS, LABELS, LIQUIBASE, DEPLOYMENT_ID) VALUES ('1511451595465-55', 'R3.Corda', 'migration/vault-schema.changelog-init.xml', NOW(), 14, '7:daf1bfa84381a1c8e100c14229a6d860', 'createIndex indexName=lock_id_idx, tableName=vault_states', '', 'EXECUTED', NULL, NULL, '3.5.4', '0860130970')
14:02:11.125 [Test worker] DEBUG liquibase - master.changelog.json: migration/vault-schema.changelog-init.xml::1511451595465-58::R3.Corda: Running Changeset:migration/vault-schema.changelog-init.xml::1511451595465-58::R3.Corda
14:02:11.126 [Test worker] DEBUG liquibase - master.changelog.json: migration/vault-schema.changelog-init.xml::1511451595465-58::R3.Corda: Changeset migration/vault-schema.changelog-init.xml::1511451595465-58::R3.Corda
14:02:11.126 [Test worker] DEBUG liquibase - master.changelog.json: migration/vault-schema.changelog-init.xml::1511451595465-58::R3.Corda: Reading ChangeSet: migration/vault-schema.changelog-init.xml::1511451595465-58::R3.Corda
14:02:11.126 [Test worker] DEBUG liquibase - master.changelog.json: migration/vault-schema.changelog-init.xml::1511451595465-58::R3.Corda: Executing Statement: liquibase.statement.core.CreateIndexStatement@4fc057a5
14:02:11.126 [Test worker] DEBUG liquibase - master.changelog.json: migration/vault-schema.changelog-init.xml::1511451595465-58::R3.Corda: Executing EXECUTE database command: CREATE INDEX PUBLIC.state_status_idx ON PUBLIC.vault_states(state_status)
14:02:11.126 [Test worker] INFO liquibase - master.changelog.json: migration/vault-schema.changelog-init.xml::1511451595465-58::R3.Corda: Index state_status_idx created
14:02:11.126 [Test worker] INFO liquibase - master.changelog.json: migration/vault-schema.changelog-init.xml::1511451595465-58::R3.Corda: ChangeSet migration/vault-schema.changelog-init.xml::1511451595465-58::R3.Corda ran successfully in 1ms
14:02:11.128 [Test worker] DEBUG liquibase - master.changelog.json: migration/vault-schema.changelog-init.xml::1511451595465-58::R3.Corda: Executing EXECUTE database command: INSERT INTO PUBLIC.DATABASECHANGELOG (ID, AUTHOR, FILENAME, DATEEXECUTED, ORDEREXECUTED, MD5SUM, DESCRIPTION, COMMENTS, EXECTYPE, CONTEXTS, LABELS, LIQUIBASE, DEPLOYMENT_ID) VALUES ('1511451595465-58', 'R3.Corda', 'migration/vault-schema.changelog-init.xml', NOW(), 15, '7:775d3c8a27b7fad84f9894db6bdf3e87', 'createIndex indexName=state_status_idx, tableName=vault_states', '', 'EXECUTED', NULL, NULL, '3.5.4', '0860130970')
14:02:11.128 [Test worker] DEBUG liquibase - master.changelog.json: migration/vault-schema.changelog-init.xml::1511451595465-59::R3.Corda: Running Changeset:migration/vault-schema.changelog-init.xml::1511451595465-59::R3.Corda
14:02:11.128 [Test worker] DEBUG liquibase - master.changelog.json: migration/vault-schema.changelog-init.xml::1511451595465-59::R3.Corda: Changeset migration/vault-schema.changelog-init.xml::1511451595465-59::R3.Corda
14:02:11.128 [Test worker] DEBUG liquibase - master.changelog.json: migration/vault-schema.changelog-init.xml::1511451595465-59::R3.Corda: Reading ChangeSet: migration/vault-schema.changelog-init.xml::1511451595465-59::R3.Corda
14:02:11.129 [Test worker] DEBUG liquibase - master.changelog.json: migration/vault-schema.changelog-init.xml::1511451595465-59::R3.Corda: Executing Statement: liquibase.statement.core.CreateIndexStatement@695aff38
14:02:11.129 [Test worker] DEBUG liquibase - master.changelog.json: migration/vault-schema.changelog-init.xml::1511451595465-59::R3.Corda: Executing EXECUTE database command: CREATE INDEX PUBLIC.transaction_id_index ON PUBLIC.vault_transaction_notes(transaction_id)
14:02:11.129 [Test worker] INFO liquibase - master.changelog.json: migration/vault-schema.changelog-init.xml::1511451595465-59::R3.Corda: Index transaction_id_index created
14:02:11.129 [Test worker] INFO liquibase - master.changelog.json: migration/vault-schema.changelog-init.xml::1511451595465-59::R3.Corda: ChangeSet migration/vault-schema.changelog-init.xml::1511451595465-59::R3.Corda ran successfully in 1ms
14:02:11.130 [Test worker] DEBUG liquibase - master.changelog.json: migration/vault-schema.changelog-init.xml::1511451595465-59::R3.Corda: Executing EXECUTE database command: INSERT INTO PUBLIC.DATABASECHANGELOG (ID, AUTHOR, FILENAME, DATEEXECUTED, ORDEREXECUTED, MD5SUM, DESCRIPTION, COMMENTS, EXECTYPE, CONTEXTS, LABELS, LIQUIBASE, DEPLOYMENT_ID) VALUES ('1511451595465-59', 'R3.Corda', 'migration/vault-schema.changelog-init.xml', NOW(), 16, '7:1be2b24f3e4fedc8252c24080b713783', 'createIndex indexName=transaction_id_index, tableName=vault_transaction_notes', '', 'EXECUTED', NULL, NULL, '3.5.4', '0860130970')
14:02:11.131 [Test worker] DEBUG liquibase - master.changelog.json: migration/vault-schema.changelog-init.xml::1511451595465-60::R3.Corda: Running Changeset:migration/vault-schema.changelog-init.xml::1511451595465-60::R3.Corda
14:02:11.131 [Test worker] DEBUG liquibase - master.changelog.json: migration/vault-schema.changelog-init.xml::1511451595465-60::R3.Corda: Changeset migration/vault-schema.changelog-init.xml::1511451595465-60::R3.Corda
14:02:11.131 [Test worker] DEBUG liquibase - master.changelog.json: migration/vault-schema.changelog-init.xml::1511451595465-60::R3.Corda: Reading ChangeSet: migration/vault-schema.changelog-init.xml::1511451595465-60::R3.Corda
14:02:11.131 [Test worker] DEBUG liquibase - master.changelog.json: migration/vault-schema.changelog-init.xml::1511451595465-60::R3.Corda: Executing Statement: liquibase.statement.core.CreateIndexStatement@7166e3db
14:02:11.131 [Test worker] DEBUG liquibase - master.changelog.json: migration/vault-schema.changelog-init.xml::1511451595465-60::R3.Corda: Executing EXECUTE database command: CREATE INDEX PUBLIC.uuid_index ON PUBLIC.vault_linear_states(uuid)
14:02:11.132 [Test worker] INFO liquibase - master.changelog.json: migration/vault-schema.changelog-init.xml::1511451595465-60::R3.Corda: Index uuid_index created
14:02:11.132 [Test worker] INFO liquibase - master.changelog.json: migration/vault-schema.changelog-init.xml::1511451595465-60::R3.Corda: ChangeSet migration/vault-schema.changelog-init.xml::1511451595465-60::R3.Corda ran successfully in 1ms
14:02:11.134 [Test worker] DEBUG liquibase - master.changelog.json: migration/vault-schema.changelog-init.xml::1511451595465-60::R3.Corda: Executing EXECUTE database command: INSERT INTO PUBLIC.DATABASECHANGELOG (ID, AUTHOR, FILENAME, DATEEXECUTED, ORDEREXECUTED, MD5SUM, DESCRIPTION, COMMENTS, EXECTYPE, CONTEXTS, LABELS, LIQUIBASE, DEPLOYMENT_ID) VALUES ('1511451595465-60', 'R3.Corda', 'migration/vault-schema.changelog-init.xml', NOW(), 17, '7:f372f17dd75374bfecfde0e44d7ce36c', 'createIndex indexName=uuid_index, tableName=vault_linear_states', '', 'EXECUTED', NULL, NULL, '3.5.4', '0860130970')
14:02:11.134 [Test worker] DEBUG liquibase - master.changelog.json: migration/vault-schema.changelog-init.xml::1511451595465-64::R3.Corda: Running Changeset:migration/vault-schema.changelog-init.xml::1511451595465-64::R3.Corda
14:02:11.134 [Test worker] DEBUG liquibase - master.changelog.json: migration/vault-schema.changelog-init.xml::1511451595465-64::R3.Corda: Changeset migration/vault-schema.changelog-init.xml::1511451595465-64::R3.Corda
14:02:11.134 [Test worker] DEBUG liquibase - master.changelog.json: migration/vault-schema.changelog-init.xml::1511451595465-64::R3.Corda: Reading ChangeSet: migration/vault-schema.changelog-init.xml::1511451595465-64::R3.Corda
14:02:11.135 [Test worker] DEBUG liquibase - master.changelog.json: migration/vault-schema.changelog-init.xml::1511451595465-64::R3.Corda: Executing Statement: liquibase.statement.core.AddForeignKeyConstraintStatement@6f11cfc
14:02:11.135 [Test worker] DEBUG liquibase - master.changelog.json: migration/vault-schema.changelog-init.xml::1511451595465-64::R3.Corda: Executing EXECUTE database command: ALTER TABLE PUBLIC.vault_fungible_states_parts ADD CONSTRAINT FK__fung_st_parts__fung_st FOREIGN KEY (output_index, transaction_id) REFERENCES PUBLIC.vault_fungible_states (output_index, transaction_id)
14:02:11.142 [Test worker] INFO liquibase - master.changelog.json: migration/vault-schema.changelog-init.xml::1511451595465-64::R3.Corda: Foreign key constraint added to vault_fungible_states_parts (output_index,transaction_id)
14:02:11.142 [Test worker] INFO liquibase - master.changelog.json: migration/vault-schema.changelog-init.xml::1511451595465-64::R3.Corda: ChangeSet migration/vault-schema.changelog-init.xml::1511451595465-64::R3.Corda ran successfully in 8ms
14:02:11.143 [Test worker] DEBUG liquibase - master.changelog.json: migration/vault-schema.changelog-init.xml::1511451595465-64::R3.Corda: Executing EXECUTE database command: INSERT INTO PUBLIC.DATABASECHANGELOG (ID, AUTHOR, FILENAME, DATEEXECUTED, ORDEREXECUTED, MD5SUM, DESCRIPTION, COMMENTS, EXECTYPE, CONTEXTS, LABELS, LIQUIBASE, DEPLOYMENT_ID) VALUES ('1511451595465-64', 'R3.Corda', 'migration/vault-schema.changelog-init.xml', NOW(), 18, '7:3771038da08dbe5dbbbdffac7300198d', 'addForeignKeyConstraint baseTableName=vault_fungible_states_parts, constraintName=FK__fung_st_parts__fung_st, referencedTableName=vault_fungible_states', '', 'EXECUTED', NULL, NULL, '3.5.4', '0860130970')
14:02:11.144 [Test worker] DEBUG liquibase - master.changelog.json: migration/vault-schema.changelog-init.xml::1511451595465-65::R3.Corda: Running Changeset:migration/vault-schema.changelog-init.xml::1511451595465-65::R3.Corda
14:02:11.144 [Test worker] DEBUG liquibase - master.changelog.json: migration/vault-schema.changelog-init.xml::1511451595465-65::R3.Corda: Changeset migration/vault-schema.changelog-init.xml::1511451595465-65::R3.Corda
14:02:11.144 [Test worker] DEBUG liquibase - master.changelog.json: migration/vault-schema.changelog-init.xml::1511451595465-65::R3.Corda: Reading ChangeSet: migration/vault-schema.changelog-init.xml::1511451595465-65::R3.Corda
14:02:11.144 [Test worker] DEBUG liquibase - master.changelog.json: migration/vault-schema.changelog-init.xml::1511451595465-65::R3.Corda: Executing Statement: liquibase.statement.core.AddForeignKeyConstraintStatement@41e0e4c1
14:02:11.144 [Test worker] DEBUG liquibase - master.changelog.json: migration/vault-schema.changelog-init.xml::1511451595465-65::R3.Corda: Executing EXECUTE database command: ALTER TABLE PUBLIC.vault_linear_states_parts ADD CONSTRAINT FK__lin_stat_parts__lin_stat FOREIGN KEY (output_index, transaction_id) REFERENCES PUBLIC.vault_linear_states (output_index, transaction_id)
14:02:11.146 [Test worker] INFO liquibase - master.changelog.json: migration/vault-schema.changelog-init.xml::1511451595465-65::R3.Corda: Foreign key constraint added to vault_linear_states_parts (output_index,transaction_id)
14:02:11.146 [Test worker] INFO liquibase - master.changelog.json: migration/vault-schema.changelog-init.xml::1511451595465-65::R3.Corda: ChangeSet migration/vault-schema.changelog-init.xml::1511451595465-65::R3.Corda ran successfully in 2ms
14:02:11.147 [Test worker] DEBUG liquibase - master.changelog.json: migration/vault-schema.changelog-init.xml::1511451595465-65::R3.Corda: Executing EXECUTE database command: INSERT INTO PUBLIC.DATABASECHANGELOG (ID, AUTHOR, FILENAME, DATEEXECUTED, ORDEREXECUTED, MD5SUM, DESCRIPTION, COMMENTS, EXECTYPE, CONTEXTS, LABELS, LIQUIBASE, DEPLOYMENT_ID) VALUES ('1511451595465-65', 'R3.Corda', 'migration/vault-schema.changelog-init.xml', NOW(), 19, '7:4cccc80aadefc753d80d33d233d426b1', 'addForeignKeyConstraint baseTableName=vault_linear_states_parts, constraintName=FK__lin_stat_parts__lin_stat, referencedTableName=vault_linear_states', '', 'EXECUTED', NULL, NULL, '3.5.4', '0860130970')
14:02:11.151 [Test worker] DEBUG liquibase - master.changelog.json: migration/vault-schema.changelog-v3.xml::clean_vault::R3.Corda: Running Changeset:migration/vault-schema.changelog-v3.xml::clean_vault::R3.Corda
14:02:11.152 [Test worker] DEBUG liquibase - master.changelog.json: migration/vault-schema.changelog-v3.xml::clean_vault::R3.Corda: Changeset migration/vault-schema.changelog-v3.xml::clean_vault::R3.Corda
14:02:11.152 [Test worker] DEBUG liquibase - master.changelog.json: migration/vault-schema.changelog-v3.xml::clean_vault::R3.Corda: Reading ChangeSet: migration/vault-schema.changelog-v3.xml::clean_vault::R3.Corda
14:02:11.152 [Test worker] DEBUG liquibase - master.changelog.json: migration/vault-schema.changelog-v3.xml::clean_vault::R3.Corda: Executing Statement: liquibase.statement.core.DeleteStatement@1f80f45f
14:02:11.152 [Test worker] DEBUG liquibase - master.changelog.json: migration/vault-schema.changelog-v3.xml::clean_vault::R3.Corda: Executing EXECUTE database command: DELETE FROM PUBLIC.vault_fungible_states_parts
14:02:11.155 [Test worker] INFO liquibase - master.changelog.json: migration/vault-schema.changelog-v3.xml::clean_vault::R3.Corda: Data deleted from vault_fungible_states_parts
14:02:11.155 [Test worker] DEBUG liquibase - master.changelog.json: migration/vault-schema.changelog-v3.xml::clean_vault::R3.Corda: Executing Statement: liquibase.statement.core.DeleteStatement@60757587
14:02:11.155 [Test worker] DEBUG liquibase - master.changelog.json: migration/vault-schema.changelog-v3.xml::clean_vault::R3.Corda: Executing EXECUTE database command: DELETE FROM PUBLIC.vault_fungible_states
14:02:11.155 [Test worker] INFO liquibase - master.changelog.json: migration/vault-schema.changelog-v3.xml::clean_vault::R3.Corda: Data deleted from vault_fungible_states
14:02:11.155 [Test worker] DEBUG liquibase - master.changelog.json: migration/vault-schema.changelog-v3.xml::clean_vault::R3.Corda: Executing Statement: liquibase.statement.core.DeleteStatement@3fefaaa6
14:02:11.156 [Test worker] DEBUG liquibase - master.changelog.json: migration/vault-schema.changelog-v3.xml::clean_vault::R3.Corda: Executing EXECUTE database command: DELETE FROM PUBLIC.vault_linear_states_parts
14:02:11.156 [Test worker] INFO liquibase - master.changelog.json: migration/vault-schema.changelog-v3.xml::clean_vault::R3.Corda: Data deleted from vault_linear_states_parts
14:02:11.156 [Test worker] DEBUG liquibase - master.changelog.json: migration/vault-schema.changelog-v3.xml::clean_vault::R3.Corda: Executing Statement: liquibase.statement.core.DeleteStatement@5ace0bc
14:02:11.156 [Test worker] DEBUG liquibase - master.changelog.json: migration/vault-schema.changelog-v3.xml::clean_vault::R3.Corda: Executing EXECUTE database command: DELETE FROM PUBLIC.vault_linear_states
14:02:11.156 [Test worker] INFO liquibase - master.changelog.json: migration/vault-schema.changelog-v3.xml::clean_vault::R3.Corda: Data deleted from vault_linear_states
14:02:11.156 [Test worker] DEBUG liquibase - master.changelog.json: migration/vault-schema.changelog-v3.xml::clean_vault::R3.Corda: Executing Statement: liquibase.statement.core.DeleteStatement@1d16ce5a
14:02:11.157 [Test worker] DEBUG liquibase - master.changelog.json: migration/vault-schema.changelog-v3.xml::clean_vault::R3.Corda: Executing EXECUTE database command: DELETE FROM PUBLIC.vault_states
14:02:11.157 [Test worker] INFO liquibase - master.changelog.json: migration/vault-schema.changelog-v3.xml::clean_vault::R3.Corda: Data deleted from vault_states
14:02:11.157 [Test worker] DEBUG liquibase - master.changelog.json: migration/vault-schema.changelog-v3.xml::clean_vault::R3.Corda: Executing Statement: liquibase.statement.core.DeleteStatement@56844932
14:02:11.157 [Test worker] DEBUG liquibase - master.changelog.json: migration/vault-schema.changelog-v3.xml::clean_vault::R3.Corda: Executing EXECUTE database command: DELETE FROM PUBLIC.vault_transaction_notes
14:02:11.157 [Test worker] INFO liquibase - master.changelog.json: migration/vault-schema.changelog-v3.xml::clean_vault::R3.Corda: Data deleted from vault_transaction_notes
14:02:11.157 [Test worker] INFO liquibase - master.changelog.json: migration/vault-schema.changelog-v3.xml::clean_vault::R3.Corda: ChangeSet migration/vault-schema.changelog-v3.xml::clean_vault::R3.Corda ran successfully in 5ms
14:02:11.159 [Test worker] DEBUG liquibase - master.changelog.json: migration/vault-schema.changelog-v3.xml::clean_vault::R3.Corda: Executing EXECUTE database command: INSERT INTO PUBLIC.DATABASECHANGELOG (ID, AUTHOR, FILENAME, DATEEXECUTED, ORDEREXECUTED, MD5SUM, DESCRIPTION, COMMENTS, EXECTYPE, CONTEXTS, LABELS, LIQUIBASE, DEPLOYMENT_ID) VALUES ('clean_vault', 'R3.Corda', 'migration/vault-schema.changelog-v3.xml', NOW(), 20, '7:c16f94cc9c0418c23dfcedd33e85d2d3', 'delete tableName=vault_fungible_states_parts; delete tableName=vault_fungible_states; delete tableName=vault_linear_states_parts; delete tableName=vault_linear_states; delete tableName=vault_states; delete tableName=vault_transaction_notes', '', 'EXECUTED', NULL, NULL, '3.5.4', '0860130970')
14:02:11.160 [Test worker] DEBUG liquibase - master.changelog.json: migration/vault-schema.changelog-v4.xml::nullability::R3.Corda: Running Changeset:migration/vault-schema.changelog-v4.xml::nullability::R3.Corda
14:02:11.160 [Test worker] DEBUG liquibase - master.changelog.json: migration/vault-schema.changelog-v4.xml::nullability::R3.Corda: Changeset migration/vault-schema.changelog-v4.xml::nullability::R3.Corda
14:02:11.160 [Test worker] DEBUG liquibase - master.changelog.json: migration/vault-schema.changelog-v4.xml::nullability::R3.Corda: Reading ChangeSet: migration/vault-schema.changelog-v4.xml::nullability::R3.Corda
14:02:11.160 [Test worker] DEBUG liquibase - master.changelog.json: migration/vault-schema.changelog-v4.xml::nullability::R3.Corda: Executing Statement: liquibase.statement.core.SetNullableStatement@2a937322
14:02:11.160 [Test worker] DEBUG liquibase - master.changelog.json: migration/vault-schema.changelog-v4.xml::nullability::R3.Corda: Executing EXECUTE database command: ALTER TABLE PUBLIC.vault_fungible_states ALTER COLUMN quantity SET NOT NULL
14:02:11.161 [Test worker] INFO liquibase - master.changelog.json: migration/vault-schema.changelog-v4.xml::nullability::R3.Corda: Null constraint has been added to vault_fungible_states.quantity
14:02:11.161 [Test worker] DEBUG liquibase - master.changelog.json: migration/vault-schema.changelog-v4.xml::nullability::R3.Corda: Executing Statement: liquibase.statement.core.SetNullableStatement@207d6bd4
14:02:11.161 [Test worker] DEBUG liquibase - master.changelog.json: migration/vault-schema.changelog-v4.xml::nullability::R3.Corda: Executing EXECUTE database command: ALTER TABLE PUBLIC.vault_states ALTER COLUMN contract_state_class_name SET NOT NULL
14:02:11.162 [Test worker] INFO liquibase - master.changelog.json: migration/vault-schema.changelog-v4.xml::nullability::R3.Corda: Null constraint has been added to vault_states.contract_state_class_name
14:02:11.162 [Test worker] DEBUG liquibase - master.changelog.json: migration/vault-schema.changelog-v4.xml::nullability::R3.Corda: Executing Statement: liquibase.statement.core.SetNullableStatement@65544391
14:02:11.162 [Test worker] DEBUG liquibase - master.changelog.json: migration/vault-schema.changelog-v4.xml::nullability::R3.Corda: Executing EXECUTE database command: ALTER TABLE PUBLIC.vault_states ALTER COLUMN notary_name SET NOT NULL
14:02:11.163 [Test worker] INFO liquibase - master.changelog.json: migration/vault-schema.changelog-v4.xml::nullability::R3.Corda: Null constraint has been added to vault_states.notary_name
14:02:11.163 [Test worker] DEBUG liquibase - master.changelog.json: migration/vault-schema.changelog-v4.xml::nullability::R3.Corda: Executing Statement: liquibase.statement.core.SetNullableStatement@51ba2a10
14:02:11.163 [Test worker] DEBUG liquibase - master.changelog.json: migration/vault-schema.changelog-v4.xml::nullability::R3.Corda: Executing EXECUTE database command: ALTER TABLE PUBLIC.vault_states ALTER COLUMN recorded_timestamp SET NOT NULL
14:02:11.163 [Test worker] INFO liquibase - master.changelog.json: migration/vault-schema.changelog-v4.xml::nullability::R3.Corda: Null constraint has been added to vault_states.recorded_timestamp
14:02:11.163 [Test worker] DEBUG liquibase - master.changelog.json: migration/vault-schema.changelog-v4.xml::nullability::R3.Corda: Executing Statement: liquibase.statement.core.DropIndexStatement@3bf589e7
14:02:11.164 [Test worker] DEBUG liquibase - master.changelog.json: migration/vault-schema.changelog-v4.xml::nullability::R3.Corda: Executing EXECUTE database command: DROP INDEX PUBLIC.state_status_idx
14:02:11.164 [Test worker] INFO liquibase - master.changelog.json: migration/vault-schema.changelog-v4.xml::nullability::R3.Corda: Index state_status_idx dropped from table vault_states
14:02:11.164 [Test worker] DEBUG liquibase - master.changelog.json: migration/vault-schema.changelog-v4.xml::nullability::R3.Corda: Executing Statement: liquibase.statement.core.DropIndexStatement@374be9fb
14:02:11.165 [Test worker] DEBUG liquibase - master.changelog.json: migration/vault-schema.changelog-v4.xml::nullability::R3.Corda: Executing EXECUTE database command: DROP INDEX PUBLIC.lock_id_idx
14:02:11.165 [Test worker] INFO liquibase - master.changelog.json: migration/vault-schema.changelog-v4.xml::nullability::R3.Corda: Index lock_id_idx dropped from table vault_states
14:02:11.165 [Test worker] DEBUG liquibase - master.changelog.json: migration/vault-schema.changelog-v4.xml::nullability::R3.Corda: Executing Statement: liquibase.statement.core.SetNullableStatement@c193195
14:02:11.166 [Test worker] DEBUG liquibase - master.changelog.json: migration/vault-schema.changelog-v4.xml::nullability::R3.Corda: Executing EXECUTE database command: ALTER TABLE PUBLIC.vault_states ALTER COLUMN state_status SET NOT NULL
14:02:11.166 [Test worker] INFO liquibase - master.changelog.json: migration/vault-schema.changelog-v4.xml::nullability::R3.Corda: Null constraint has been added to vault_states.state_status
14:02:11.166 [Test worker] DEBUG liquibase - master.changelog.json: migration/vault-schema.changelog-v4.xml::nullability::R3.Corda: Executing Statement: liquibase.statement.core.CreateIndexStatement@5e1358a1
14:02:11.166 [Test worker] DEBUG liquibase - master.changelog.json: migration/vault-schema.changelog-v4.xml::nullability::R3.Corda: Executing EXECUTE database command: CREATE INDEX PUBLIC.state_status_idx ON PUBLIC.vault_states(state_status)
14:02:11.167 [Test worker] INFO liquibase - master.changelog.json: migration/vault-schema.changelog-v4.xml::nullability::R3.Corda: Index state_status_idx created
14:02:11.167 [Test worker] DEBUG liquibase - master.changelog.json: migration/vault-schema.changelog-v4.xml::nullability::R3.Corda: Executing Statement: liquibase.statement.core.CreateIndexStatement@64d0bb47
14:02:11.167 [Test worker] DEBUG liquibase - master.changelog.json: migration/vault-schema.changelog-v4.xml::nullability::R3.Corda: Executing EXECUTE database command: CREATE INDEX PUBLIC.lock_id_idx ON PUBLIC.vault_states(lock_id, state_status)
14:02:11.169 [Test worker] INFO liquibase - master.changelog.json: migration/vault-schema.changelog-v4.xml::nullability::R3.Corda: Index lock_id_idx created
14:02:11.169 [Test worker] DEBUG liquibase - master.changelog.json: migration/vault-schema.changelog-v4.xml::nullability::R3.Corda: Executing Statement: liquibase.statement.core.DropIndexStatement@2180abd1
14:02:11.169 [Test worker] DEBUG liquibase - master.changelog.json: migration/vault-schema.changelog-v4.xml::nullability::R3.Corda: Executing EXECUTE database command: DROP INDEX PUBLIC.transaction_id_index
14:02:11.169 [Test worker] INFO liquibase - master.changelog.json: migration/vault-schema.changelog-v4.xml::nullability::R3.Corda: Index transaction_id_index dropped from table vault_transaction_notes
14:02:11.169 [Test worker] DEBUG liquibase - master.changelog.json: migration/vault-schema.changelog-v4.xml::nullability::R3.Corda: Executing Statement: liquibase.statement.core.SetNullableStatement@28fddde2
14:02:11.170 [Test worker] DEBUG liquibase - master.changelog.json: migration/vault-schema.changelog-v4.xml::nullability::R3.Corda: Executing EXECUTE database command: ALTER TABLE PUBLIC.vault_transaction_notes ALTER COLUMN note SET NOT NULL
14:02:11.170 [Test worker] INFO liquibase - master.changelog.json: migration/vault-schema.changelog-v4.xml::nullability::R3.Corda: Null constraint has been added to vault_transaction_notes.note
14:02:11.170 [Test worker] DEBUG liquibase - master.changelog.json: migration/vault-schema.changelog-v4.xml::nullability::R3.Corda: Executing Statement: liquibase.statement.core.SetNullableStatement@6d6ca5f9
14:02:11.170 [Test worker] DEBUG liquibase - master.changelog.json: migration/vault-schema.changelog-v4.xml::nullability::R3.Corda: Executing EXECUTE database command: ALTER TABLE PUBLIC.vault_transaction_notes ALTER COLUMN transaction_id SET NOT NULL
14:02:11.171 [Test worker] INFO liquibase - master.changelog.json: migration/vault-schema.changelog-v4.xml::nullability::R3.Corda: Null constraint has been added to vault_transaction_notes.transaction_id
14:02:11.171 [Test worker] DEBUG liquibase - master.changelog.json: migration/vault-schema.changelog-v4.xml::nullability::R3.Corda: Executing Statement: liquibase.statement.core.CreateIndexStatement@3d7505b7
14:02:11.172 [Test worker] DEBUG liquibase - master.changelog.json: migration/vault-schema.changelog-v4.xml::nullability::R3.Corda: Executing EXECUTE database command: CREATE INDEX PUBLIC.transaction_id_index ON PUBLIC.vault_transaction_notes(transaction_id)
14:02:11.172 [Test worker] INFO liquibase - master.changelog.json: migration/vault-schema.changelog-v4.xml::nullability::R3.Corda: Index transaction_id_index created
14:02:11.173 [Test worker] INFO liquibase - master.changelog.json: migration/vault-schema.changelog-v4.xml::nullability::R3.Corda: ChangeSet migration/vault-schema.changelog-v4.xml::nullability::R3.Corda ran successfully in 13ms
14:02:11.175 [Test worker] DEBUG liquibase - master.changelog.json: migration/vault-schema.changelog-v4.xml::nullability::R3.Corda: Executing EXECUTE database command: INSERT INTO PUBLIC.DATABASECHANGELOG (ID, AUTHOR, FILENAME, DATEEXECUTED, ORDEREXECUTED, MD5SUM, DESCRIPTION, COMMENTS, EXECTYPE, CONTEXTS, LABELS, LIQUIBASE, DEPLOYMENT_ID) VALUES ('nullability', 'R3.Corda', 'migration/vault-schema.changelog-v4.xml', NOW(), 21, '7:59450415a9a86b5b55d9f9347b383e6a', 'addNotNullConstraint columnName=quantity, tableName=vault_fungible_states; addNotNullConstraint columnName=contract_state_class_name, tableName=vault_states; addNotNullConstraint columnName=notary_name, tableName=vault_states; addNotNullConstraint...', '', 'EXECUTED', NULL, NULL, '3.5.4', '0860130970')
14:02:11.176 [Test worker] DEBUG liquibase - master.changelog.json: migration/vault-schema.changelog-pkey.xml::non-clustered_pk-11::R3.Corda: Running Changeset:migration/vault-schema.changelog-pkey.xml::non-clustered_pk-11::R3.Corda
14:02:11.178 [Test worker] DEBUG liquibase - master.changelog.json: migration/vault-schema.changelog-pkey.xml::non-clustered_pk-11::R3.Corda: Executing EXECUTE database command: INSERT INTO PUBLIC.DATABASECHANGELOG (ID, AUTHOR, FILENAME, DATEEXECUTED, ORDEREXECUTED, MD5SUM, DESCRIPTION, COMMENTS, EXECTYPE, CONTEXTS, LABELS, LIQUIBASE, DEPLOYMENT_ID) VALUES ('non-clustered_pk-11', 'R3.Corda', 'migration/vault-schema.changelog-pkey.xml', NOW(), 22, '7:c88a8494afc1f2507131e709b3ec4f1e', 'dropForeignKeyConstraint baseTableName=vault_fungible_states_parts, constraintName=FK__fung_st_parts__fung_st; dropPrimaryKey constraintName=vault_fungible_states_pkey, tableName=vault_fungible_states; addPrimaryKey constraintName=vault_fungible_s...', '', 'MARK_RAN', NULL, NULL, '3.5.4', '0860130970')
14:02:11.179 [Test worker] DEBUG liquibase - master.changelog.json: migration/vault-schema.changelog-pkey.xml::non-clustered_pk-12::R3.Corda: Running Changeset:migration/vault-schema.changelog-pkey.xml::non-clustered_pk-12::R3.Corda
14:02:11.181 [Test worker] DEBUG liquibase - master.changelog.json: migration/vault-schema.changelog-pkey.xml::non-clustered_pk-12::R3.Corda: Executing EXECUTE database command: INSERT INTO PUBLIC.DATABASECHANGELOG (ID, AUTHOR, FILENAME, DATEEXECUTED, ORDEREXECUTED, MD5SUM, DESCRIPTION, COMMENTS, EXECTYPE, CONTEXTS, LABELS, LIQUIBASE, DEPLOYMENT_ID) VALUES ('non-clustered_pk-12', 'R3.Corda', 'migration/vault-schema.changelog-pkey.xml', NOW(), 23, '7:5569de8454d891688bbb7510f634782f', 'dropForeignKeyConstraint baseTableName=vault_linear_states_parts, constraintName=FK__lin_stat_parts__lin_stat; dropPrimaryKey constraintName=vault_linear_states_pkey, tableName=vault_linear_states; addPrimaryKey constraintName=vault_linear_states_...', '', 'MARK_RAN', NULL, NULL, '3.5.4', '0860130970')
14:02:11.182 [Test worker] DEBUG liquibase - master.changelog.json: migration/vault-schema.changelog-pkey.xml::non-clustered_pk-13::R3.Corda: Running Changeset:migration/vault-schema.changelog-pkey.xml::non-clustered_pk-13::R3.Corda
14:02:11.183 [Test worker] DEBUG liquibase - master.changelog.json: migration/vault-schema.changelog-pkey.xml::non-clustered_pk-13::R3.Corda: Executing EXECUTE database command: INSERT INTO PUBLIC.DATABASECHANGELOG (ID, AUTHOR, FILENAME, DATEEXECUTED, ORDEREXECUTED, MD5SUM, DESCRIPTION, COMMENTS, EXECTYPE, CONTEXTS, LABELS, LIQUIBASE, DEPLOYMENT_ID) VALUES ('non-clustered_pk-13', 'R3.Corda', 'migration/vault-schema.changelog-pkey.xml', NOW(), 24, '7:c786c529ecdaa33f87d3fc9ed88111f4', 'dropPrimaryKey constraintName=vault_states_pkey, tableName=vault_states; addPrimaryKey constraintName=vault_states_pkey, tableName=vault_states', '', 'MARK_RAN', NULL, NULL, '3.5.4', '0860130970')
14:02:11.184 [Test worker] DEBUG liquibase - master.changelog.json: migration/vault-schema.changelog-v5.xml::add_relevancy_status_column::R3.Corda: Running Changeset:migration/vault-schema.changelog-v5.xml::add_relevancy_status_column::R3.Corda
14:02:11.184 [Test worker] DEBUG liquibase - master.changelog.json: migration/vault-schema.changelog-v5.xml::add_relevancy_status_column::R3.Corda: Changeset migration/vault-schema.changelog-v5.xml::add_relevancy_status_column::R3.Corda
14:02:11.185 [Test worker] DEBUG liquibase - master.changelog.json: migration/vault-schema.changelog-v5.xml::add_relevancy_status_column::R3.Corda: Reading ChangeSet: migration/vault-schema.changelog-v5.xml::add_relevancy_status_column::R3.Corda
14:02:11.185 [Test worker] DEBUG liquibase - master.changelog.json: migration/vault-schema.changelog-v5.xml::add_relevancy_status_column::R3.Corda: Executing Statement: liquibase.statement.core.AddColumnStatement@21079a03
14:02:11.186 [Test worker] DEBUG liquibase - master.changelog.json: migration/vault-schema.changelog-v5.xml::add_relevancy_status_column::R3.Corda: Executing EXECUTE database command: ALTER TABLE PUBLIC.vault_states ADD relevancy_status INT
14:02:11.238 [Test worker] INFO liquibase - master.changelog.json: migration/vault-schema.changelog-v5.xml::add_relevancy_status_column::R3.Corda: Columns relevancy_status(INT) added to vault_states
14:02:11.238 [Test worker] DEBUG liquibase - master.changelog.json: migration/vault-schema.changelog-v5.xml::add_relevancy_status_column::R3.Corda: Executing Statement: liquibase.statement.core.UpdateStatement@1326808c
14:02:11.239 [Test worker] DEBUG liquibase - master.changelog.json: migration/vault-schema.changelog-v5.xml::add_relevancy_status_column::R3.Corda: Executing EXECUTE database command: UPDATE PUBLIC.vault_states SET relevancy_status = 0
14:02:11.239 [Test worker] INFO liquibase - master.changelog.json: migration/vault-schema.changelog-v5.xml::add_relevancy_status_column::R3.Corda: Data updated in vault_states
14:02:11.239 [Test worker] DEBUG liquibase - master.changelog.json: migration/vault-schema.changelog-v5.xml::add_relevancy_status_column::R3.Corda: Executing Statement: liquibase.statement.core.SetNullableStatement@27d887dc
14:02:11.239 [Test worker] DEBUG liquibase - master.changelog.json: migration/vault-schema.changelog-v5.xml::add_relevancy_status_column::R3.Corda: Executing EXECUTE database command: ALTER TABLE PUBLIC.vault_states ALTER COLUMN relevancy_status SET NOT NULL
14:02:11.262 [Test worker] INFO liquibase - master.changelog.json: migration/vault-schema.changelog-v5.xml::add_relevancy_status_column::R3.Corda: Null constraint has been added to vault_states.relevancy_status
14:02:11.263 [Test worker] INFO liquibase - master.changelog.json: migration/vault-schema.changelog-v5.xml::add_relevancy_status_column::R3.Corda: ChangeSet migration/vault-schema.changelog-v5.xml::add_relevancy_status_column::R3.Corda ran successfully in 79ms
14:02:11.264 [Test worker] DEBUG liquibase - master.changelog.json: migration/vault-schema.changelog-v5.xml::add_relevancy_status_column::R3.Corda: Executing EXECUTE database command: INSERT INTO PUBLIC.DATABASECHANGELOG (ID, AUTHOR, FILENAME, DATEEXECUTED, ORDEREXECUTED, MD5SUM, DESCRIPTION, COMMENTS, EXECTYPE, CONTEXTS, LABELS, LIQUIBASE, DEPLOYMENT_ID) VALUES ('add_relevancy_status_column', 'R3.Corda', 'migration/vault-schema.changelog-v5.xml', NOW(), 25, '7:bd7c3258179f34f231f6ae51e3313fc4', 'addColumn tableName=vault_states; update tableName=vault_states; addNotNullConstraint columnName=relevancy_status, tableName=vault_states', '', 'EXECUTED', NULL, NULL, '3.5.4', '0860130970')
14:02:11.265 [Test worker] DEBUG liquibase - master.changelog.json: migration/vault-schema.changelog-v6.xml::add_is_constraint_information_columns::R3.Corda: Running Changeset:migration/vault-schema.changelog-v6.xml::add_is_constraint_information_columns::R3.Corda
14:02:11.265 [Test worker] DEBUG liquibase - master.changelog.json: migration/vault-schema.changelog-v6.xml::add_is_constraint_information_columns::R3.Corda: Changeset migration/vault-schema.changelog-v6.xml::add_is_constraint_information_columns::R3.Corda
14:02:11.267 [Test worker] DEBUG liquibase - master.changelog.json: migration/vault-schema.changelog-v6.xml::add_is_constraint_information_columns::R3.Corda: Reading ChangeSet: migration/vault-schema.changelog-v6.xml::add_is_constraint_information_columns::R3.Corda
14:02:11.267 [Test worker] DEBUG liquibase - master.changelog.json: migration/vault-schema.changelog-v6.xml::add_is_constraint_information_columns::R3.Corda: Executing Statement: liquibase.statement.core.AddColumnStatement@4eec1068
14:02:11.268 [Test worker] DEBUG liquibase - master.changelog.json: migration/vault-schema.changelog-v6.xml::add_is_constraint_information_columns::R3.Corda: Executing EXECUTE database command: ALTER TABLE PUBLIC.vault_states ADD constraint_type INT DEFAULT '0' NOT NULL
14:02:11.280 [Test worker] INFO liquibase - master.changelog.json: migration/vault-schema.changelog-v6.xml::add_is_constraint_information_columns::R3.Corda: Columns constraint_type(INT) added to vault_states
14:02:11.280 [Test worker] DEBUG liquibase - master.changelog.json: migration/vault-schema.changelog-v6.xml::add_is_constraint_information_columns::R3.Corda: Executing Statement: liquibase.statement.core.AddColumnStatement@6554b24
14:02:11.281 [Test worker] DEBUG liquibase - master.changelog.json: migration/vault-schema.changelog-v6.xml::add_is_constraint_information_columns::R3.Corda: Executing EXECUTE database command: ALTER TABLE PUBLIC.vault_states ADD constraint_data VARBINARY(563)
14:02:11.301 [Test worker] INFO liquibase - master.changelog.json: migration/vault-schema.changelog-v6.xml::add_is_constraint_information_columns::R3.Corda: Columns constraint_data(varbinary(563)) added to vault_states
14:02:11.301 [Test worker] INFO liquibase - master.changelog.json: migration/vault-schema.changelog-v6.xml::add_is_constraint_information_columns::R3.Corda: ChangeSet migration/vault-schema.changelog-v6.xml::add_is_constraint_information_columns::R3.Corda ran successfully in 36ms
14:02:11.311 [Test worker] DEBUG liquibase - master.changelog.json: migration/vault-schema.changelog-v6.xml::add_is_constraint_information_columns::R3.Corda: Executing EXECUTE database command: INSERT INTO PUBLIC.DATABASECHANGELOG (ID, AUTHOR, FILENAME, DATEEXECUTED, ORDEREXECUTED, MD5SUM, DESCRIPTION, COMMENTS, EXECTYPE, CONTEXTS, LABELS, LIQUIBASE, DEPLOYMENT_ID) VALUES ('add_is_constraint_information_columns', 'R3.Corda', 'migration/vault-schema.changelog-v6.xml', NOW(), 26, '7:7d7cf7015d299a7fefb6e81aa563e208', 'addColumn tableName=vault_states; addColumn tableName=vault_states', '', 'EXECUTED', NULL, NULL, '3.5.4', '0860130970')
14:02:11.312 [Test worker] DEBUG liquibase - master.changelog.json: migration/vault-schema.changelog-v7.xml::make_issuer_ref_nullable::R3.Corda: Running Changeset:migration/vault-schema.changelog-v7.xml::make_issuer_ref_nullable::R3.Corda
14:02:11.312 [Test worker] DEBUG liquibase - master.changelog.json: migration/vault-schema.changelog-v7.xml::make_issuer_ref_nullable::R3.Corda: Changeset migration/vault-schema.changelog-v7.xml::make_issuer_ref_nullable::R3.Corda
14:02:11.312 [Test worker] DEBUG liquibase - master.changelog.json: migration/vault-schema.changelog-v7.xml::make_issuer_ref_nullable::R3.Corda: Reading ChangeSet: migration/vault-schema.changelog-v7.xml::make_issuer_ref_nullable::R3.Corda
14:02:11.313 [Test worker] DEBUG liquibase - master.changelog.json: migration/vault-schema.changelog-v7.xml::make_issuer_ref_nullable::R3.Corda: Executing Statement: liquibase.statement.core.SetNullableStatement@797c7f4c
14:02:11.315 [Test worker] DEBUG liquibase - master.changelog.json: migration/vault-schema.changelog-v7.xml::make_issuer_ref_nullable::R3.Corda: Executing EXECUTE database command: ALTER TABLE PUBLIC.vault_fungible_states ALTER COLUMN issuer_ref SET NULL
14:02:11.315 [Test worker] INFO liquibase - master.changelog.json: migration/vault-schema.changelog-v7.xml::make_issuer_ref_nullable::R3.Corda: Null constraint dropped from vault_fungible_states.issuer_ref
14:02:11.317 [Test worker] INFO liquibase - master.changelog.json: migration/vault-schema.changelog-v7.xml::make_issuer_ref_nullable::R3.Corda: ChangeSet migration/vault-schema.changelog-v7.xml::make_issuer_ref_nullable::R3.Corda ran successfully in 5ms
14:02:11.320 [Test worker] DEBUG liquibase - master.changelog.json: migration/vault-schema.changelog-v7.xml::make_issuer_ref_nullable::R3.Corda: Executing EXECUTE database command: INSERT INTO PUBLIC.DATABASECHANGELOG (ID, AUTHOR, FILENAME, DATEEXECUTED, ORDEREXECUTED, MD5SUM, DESCRIPTION, COMMENTS, EXECTYPE, CONTEXTS, LABELS, LIQUIBASE, DEPLOYMENT_ID) VALUES ('make_issuer_ref_nullable', 'R3.Corda', 'migration/vault-schema.changelog-v7.xml', NOW(), 27, '7:016e083b176a76fc50d74e3fe07ca1cb', 'dropNotNullConstraint columnName=issuer_ref, tableName=vault_fungible_states', '', 'EXECUTED', NULL, NULL, '3.5.4', '0860130970')
14:02:11.321 [Test worker] DEBUG liquibase - master.changelog.json: migration/vault-schema.changelog-v8.xml::create-external-id-to-state-party-view::R3.Corda: Running Changeset:migration/vault-schema.changelog-v8.xml::create-external-id-to-state-party-view::R3.Corda
14:02:11.321 [Test worker] DEBUG liquibase - master.changelog.json: migration/vault-schema.changelog-v8.xml::create-external-id-to-state-party-view::R3.Corda: Changeset migration/vault-schema.changelog-v8.xml::create-external-id-to-state-party-view::R3.Corda
14:02:11.321 [Test worker] DEBUG liquibase - master.changelog.json: migration/vault-schema.changelog-v8.xml::create-external-id-to-state-party-view::R3.Corda: Reading ChangeSet: migration/vault-schema.changelog-v8.xml::create-external-id-to-state-party-view::R3.Corda
14:02:11.322 [Test worker] DEBUG liquibase - master.changelog.json: migration/vault-schema.changelog-v8.xml::create-external-id-to-state-party-view::R3.Corda: Executing Statement: liquibase.statement.core.CreateTableStatement@583da87b
14:02:11.322 [Test worker] DEBUG liquibase - master.changelog.json: migration/vault-schema.changelog-v8.xml::create-external-id-to-state-party-view::R3.Corda: Executing EXECUTE database command: CREATE TABLE PUBLIC.state_party (output_index INT, transaction_id NVARCHAR(64), public_key_hash NVARCHAR(255) NOT NULL, x500_name NVARCHAR(255))
14:02:11.323 [Test worker] INFO liquibase - master.changelog.json: migration/vault-schema.changelog-v8.xml::create-external-id-to-state-party-view::R3.Corda: Table state_party created
14:02:11.323 [Test worker] DEBUG liquibase - master.changelog.json: migration/vault-schema.changelog-v8.xml::create-external-id-to-state-party-view::R3.Corda: Executing Statement: liquibase.statement.core.CreateIndexStatement@47263f2b
14:02:11.323 [Test worker] DEBUG liquibase - master.changelog.json: migration/vault-schema.changelog-v8.xml::create-external-id-to-state-party-view::R3.Corda: Executing EXECUTE database command: CREATE INDEX PUBLIC.state_pk_hash_idx ON PUBLIC.state_party(public_key_hash)
14:02:11.323 [Test worker] INFO liquibase - master.changelog.json: migration/vault-schema.changelog-v8.xml::create-external-id-to-state-party-view::R3.Corda: Index state_pk_hash_idx created
14:02:11.323 [Test worker] DEBUG liquibase - master.changelog.json: migration/vault-schema.changelog-v8.xml::create-external-id-to-state-party-view::R3.Corda: Executing Statement: liquibase.statement.core.CreateTableStatement@1bd06119
14:02:11.324 [Test worker] DEBUG liquibase - master.changelog.json: migration/vault-schema.changelog-v8.xml::create-external-id-to-state-party-view::R3.Corda: Executing EXECUTE database command: CREATE TABLE PUBLIC.pk_hash_to_ext_id_map (id BIGINT NOT NULL, external_id VARCHAR(255) NOT NULL, public_key_hash NVARCHAR(255) NOT NULL)
14:02:11.324 [Test worker] INFO liquibase - master.changelog.json: migration/vault-schema.changelog-v8.xml::create-external-id-to-state-party-view::R3.Corda: Table pk_hash_to_ext_id_map created
14:02:11.324 [Test worker] DEBUG liquibase - master.changelog.json: migration/vault-schema.changelog-v8.xml::create-external-id-to-state-party-view::R3.Corda: Executing Statement: liquibase.statement.core.CreateIndexStatement@412c521d
14:02:11.324 [Test worker] DEBUG liquibase - master.changelog.json: migration/vault-schema.changelog-v8.xml::create-external-id-to-state-party-view::R3.Corda: Executing EXECUTE database command: CREATE INDEX PUBLIC.pk_hash_to_xid_idx ON PUBLIC.pk_hash_to_ext_id_map(public_key_hash)
14:02:11.325 [Test worker] INFO liquibase - master.changelog.json: migration/vault-schema.changelog-v8.xml::create-external-id-to-state-party-view::R3.Corda: Index pk_hash_to_xid_idx created
14:02:11.325 [Test worker] DEBUG liquibase - master.changelog.json: migration/vault-schema.changelog-v8.xml::create-external-id-to-state-party-view::R3.Corda: Executing Statement: liquibase.statement.core.CreateViewStatement@3785f274
14:02:11.337 [Test worker] DEBUG liquibase - master.changelog.json: migration/vault-schema.changelog-v8.xml::create-external-id-to-state-party-view::R3.Corda: Executing EXECUTE database command: CREATE VIEW PUBLIC.v_pkey_hash_ex_id_map AS select
                state_party.public_key_hash,
                state_party.transaction_id,
                state_party.output_index,
                pk_hash_to_ext_id_map.external_id
            from state_party
            join pk_hash_to_ext_id_map
            on state_party.public_key_hash = pk_hash_to_ext_id_map.public_key_hash
14:02:11.338 [Test worker] INFO liquibase - master.changelog.json: migration/vault-schema.changelog-v8.xml::create-external-id-to-state-party-view::R3.Corda: View v_pkey_hash_ex_id_map created
14:02:11.338 [Test worker] INFO liquibase - master.changelog.json: migration/vault-schema.changelog-v8.xml::create-external-id-to-state-party-view::R3.Corda: ChangeSet migration/vault-schema.changelog-v8.xml::create-external-id-to-state-party-view::R3.Corda ran successfully in 17ms
14:02:11.339 [Test worker] DEBUG liquibase - master.changelog.json: migration/vault-schema.changelog-v8.xml::create-external-id-to-state-party-view::R3.Corda: Executing EXECUTE database command: INSERT INTO PUBLIC.DATABASECHANGELOG (ID, AUTHOR, FILENAME, DATEEXECUTED, ORDEREXECUTED, MD5SUM, DESCRIPTION, COMMENTS, EXECTYPE, CONTEXTS, LABELS, LIQUIBASE, DEPLOYMENT_ID) VALUES ('create-external-id-to-state-party-view', 'R3.Corda', 'migration/vault-schema.changelog-v8.xml', NOW(), 28, '7:68a2e794e4726e4e40b28753c7a64413', 'createTable tableName=state_party; createIndex indexName=state_pk_hash_idx, tableName=state_party; createTable tableName=pk_hash_to_ext_id_map; createIndex indexName=pk_hash_to_xid_idx, tableName=pk_hash_to_ext_id_map; createView viewName=v_pkey_h...', '', 'EXECUTED', NULL, NULL, '3.5.4', '0860130970')
14:02:11.341 [Test worker] DEBUG liquibase - master.changelog.json: migration/node-info.changelog-init.xml::1511451595465-4::R3.Corda: Running Changeset:migration/node-info.changelog-init.xml::1511451595465-4::R3.Corda
14:02:11.341 [Test worker] DEBUG liquibase - master.changelog.json: migration/node-info.changelog-init.xml::1511451595465-4::R3.Corda: Changeset migration/node-info.changelog-init.xml::1511451595465-4::R3.Corda
14:02:11.341 [Test worker] DEBUG liquibase - master.changelog.json: migration/node-info.changelog-init.xml::1511451595465-4::R3.Corda: Reading ChangeSet: migration/node-info.changelog-init.xml::1511451595465-4::R3.Corda
14:02:11.341 [Test worker] DEBUG liquibase - master.changelog.json: migration/node-info.changelog-init.xml::1511451595465-4::R3.Corda: Executing Statement: liquibase.statement.core.CreateTableStatement@107ed6d6
14:02:11.341 [Test worker] DEBUG liquibase - master.changelog.json: migration/node-info.changelog-init.xml::1511451595465-4::R3.Corda: Executing EXECUTE database command: CREATE TABLE PUBLIC.node_link_nodeinfo_party (node_info_id INT NOT NULL, party_name NVARCHAR(255) NOT NULL)
14:02:11.343 [Test worker] INFO liquibase - master.changelog.json: migration/node-info.changelog-init.xml::1511451595465-4::R3.Corda: Table node_link_nodeinfo_party created
14:02:11.343 [Test worker] INFO liquibase - master.changelog.json: migration/node-info.changelog-init.xml::1511451595465-4::R3.Corda: ChangeSet migration/node-info.changelog-init.xml::1511451595465-4::R3.Corda ran successfully in 2ms
14:02:11.362 [Test worker] DEBUG liquibase - master.changelog.json: migration/node-info.changelog-init.xml::1511451595465-4::R3.Corda: Executing EXECUTE database command: INSERT INTO PUBLIC.DATABASECHANGELOG (ID, AUTHOR, FILENAME, DATEEXECUTED, ORDEREXECUTED, MD5SUM, DESCRIPTION, COMMENTS, EXECTYPE, CONTEXTS, LABELS, LIQUIBASE, DEPLOYMENT_ID) VALUES ('1511451595465-4', 'R3.Corda', 'migration/node-info.changelog-init.xml', NOW(), 29, '7:86561ccea3a7fbbdb311d455076c98a8', 'createTable tableName=node_link_nodeinfo_party', '', 'EXECUTED', NULL, NULL, '3.5.4', '0860130970')
14:02:11.363 [Test worker] DEBUG liquibase - master.changelog.json: migration/node-info.changelog-init.xml::1511451595465-10::R3.Corda: Running Changeset:migration/node-info.changelog-init.xml::1511451595465-10::R3.Corda
14:02:11.363 [Test worker] DEBUG liquibase - master.changelog.json: migration/node-info.changelog-init.xml::1511451595465-10::R3.Corda: Changeset migration/node-info.changelog-init.xml::1511451595465-10::R3.Corda
14:02:11.363 [Test worker] DEBUG liquibase - master.changelog.json: migration/node-info.changelog-init.xml::1511451595465-10::R3.Corda: Reading ChangeSet: migration/node-info.changelog-init.xml::1511451595465-10::R3.Corda
14:02:11.363 [Test worker] DEBUG liquibase - master.changelog.json: migration/node-info.changelog-init.xml::1511451595465-10::R3.Corda: Executing Statement: liquibase.statement.core.CreateTableStatement@fc7f07d
14:02:11.363 [Test worker] DEBUG liquibase - master.changelog.json: migration/node-info.changelog-init.xml::1511451595465-10::R3.Corda: Executing EXECUTE database command: CREATE TABLE PUBLIC.node_info_hosts (host NVARCHAR(255) NOT NULL, port INT NOT NULL, node_info_id INT)
14:02:11.364 [Test worker] INFO liquibase - master.changelog.json: migration/node-info.changelog-init.xml::1511451595465-10::R3.Corda: Table node_info_hosts created
14:02:11.364 [Test worker] INFO liquibase - master.changelog.json: migration/node-info.changelog-init.xml::1511451595465-10::R3.Corda: ChangeSet migration/node-info.changelog-init.xml::1511451595465-10::R3.Corda ran successfully in 1ms
14:02:11.366 [Test worker] DEBUG liquibase - master.changelog.json: migration/node-info.changelog-init.xml::1511451595465-10::R3.Corda: Executing EXECUTE database command: INSERT INTO PUBLIC.DATABASECHANGELOG (ID, AUTHOR, FILENAME, DATEEXECUTED, ORDEREXECUTED, MD5SUM, DESCRIPTION, COMMENTS, EXECTYPE, CONTEXTS, LABELS, LIQUIBASE, DEPLOYMENT_ID) VALUES ('1511451595465-10', 'R3.Corda', 'migration/node-info.changelog-init.xml', NOW(), 30, '7:86dcf13717e5dbc4c623523618380bdd', 'createTable tableName=node_info_hosts', '', 'EXECUTED', NULL, NULL, '3.5.4', '0860130970')
14:02:11.366 [Test worker] DEBUG liquibase - master.changelog.json: migration/node-info.changelog-init.xml::1511451595465-11::R3.Corda: Running Changeset:migration/node-info.changelog-init.xml::1511451595465-11::R3.Corda
14:02:11.367 [Test worker] DEBUG liquibase - master.changelog.json: migration/node-info.changelog-init.xml::1511451595465-11::R3.Corda: Changeset migration/node-info.changelog-init.xml::1511451595465-11::R3.Corda
14:02:11.367 [Test worker] DEBUG liquibase - master.changelog.json: migration/node-info.changelog-init.xml::1511451595465-11::R3.Corda: Reading ChangeSet: migration/node-info.changelog-init.xml::1511451595465-11::R3.Corda
14:02:11.367 [Test worker] DEBUG liquibase - master.changelog.json: migration/node-info.changelog-init.xml::1511451595465-11::R3.Corda: Executing Statement: liquibase.statement.core.CreateTableStatement@5ddec4f2
14:02:11.367 [Test worker] DEBUG liquibase - master.changelog.json: migration/node-info.changelog-init.xml::1511451595465-11::R3.Corda: Executing EXECUTE database command: CREATE TABLE PUBLIC.node_info_party_cert (party_name NVARCHAR(255) NOT NULL, ismain BOOLEAN NOT NULL, owning_key_hash NVARCHAR(130), party_cert_binary BLOB)
14:02:11.369 [Test worker] INFO liquibase - master.changelog.json: migration/node-info.changelog-init.xml::1511451595465-11::R3.Corda: Table node_info_party_cert created
14:02:11.369 [Test worker] INFO liquibase - master.changelog.json: migration/node-info.changelog-init.xml::1511451595465-11::R3.Corda: ChangeSet migration/node-info.changelog-init.xml::1511451595465-11::R3.Corda ran successfully in 2ms
14:02:11.370 [Test worker] DEBUG liquibase - master.changelog.json: migration/node-info.changelog-init.xml::1511451595465-11::R3.Corda: Executing EXECUTE database command: INSERT INTO PUBLIC.DATABASECHANGELOG (ID, AUTHOR, FILENAME, DATEEXECUTED, ORDEREXECUTED, MD5SUM, DESCRIPTION, COMMENTS, EXECTYPE, CONTEXTS, LABELS, LIQUIBASE, DEPLOYMENT_ID) VALUES ('1511451595465-11', 'R3.Corda', 'migration/node-info.changelog-init.xml', NOW(), 31, '7:ddf2ea133beca979abcb7e627a37db60', 'createTable tableName=node_info_party_cert', '', 'EXECUTED', NULL, NULL, '3.5.4', '0860130970')
14:02:11.371 [Test worker] DEBUG liquibase - master.changelog.json: migration/node-info.changelog-init.xml::1511451595465-12::R3.Corda: Running Changeset:migration/node-info.changelog-init.xml::1511451595465-12::R3.Corda
14:02:11.371 [Test worker] DEBUG liquibase - master.changelog.json: migration/node-info.changelog-init.xml::1511451595465-12::R3.Corda: Changeset migration/node-info.changelog-init.xml::1511451595465-12::R3.Corda
14:02:11.371 [Test worker] DEBUG liquibase - master.changelog.json: migration/node-info.changelog-init.xml::1511451595465-12::R3.Corda: Reading ChangeSet: migration/node-info.changelog-init.xml::1511451595465-12::R3.Corda
14:02:11.372 [Test worker] DEBUG liquibase - master.changelog.json: migration/node-info.changelog-init.xml::1511451595465-12::R3.Corda: Executing Statement: liquibase.statement.core.CreateTableStatement@5345ba2f
14:02:11.372 [Test worker] DEBUG liquibase - master.changelog.json: migration/node-info.changelog-init.xml::1511451595465-12::R3.Corda: Executing EXECUTE database command: CREATE TABLE PUBLIC.node_infos (node_info_id INT NOT NULL, node_info_hash NVARCHAR(64), platform_version INT, serial BIGINT)
14:02:11.373 [Test worker] INFO liquibase - master.changelog.json: migration/node-info.changelog-init.xml::1511451595465-12::R3.Corda: Table node_infos created
14:02:11.373 [Test worker] INFO liquibase - master.changelog.json: migration/node-info.changelog-init.xml::1511451595465-12::R3.Corda: ChangeSet migration/node-info.changelog-init.xml::1511451595465-12::R3.Corda ran successfully in 2ms
14:02:11.374 [Test worker] DEBUG liquibase - master.changelog.json: migration/node-info.changelog-init.xml::1511451595465-12::R3.Corda: Executing EXECUTE database command: INSERT INTO PUBLIC.DATABASECHANGELOG (ID, AUTHOR, FILENAME, DATEEXECUTED, ORDEREXECUTED, MD5SUM, DESCRIPTION, COMMENTS, EXECTYPE, CONTEXTS, LABELS, LIQUIBASE, DEPLOYMENT_ID) VALUES ('1511451595465-12', 'R3.Corda', 'migration/node-info.changelog-init.xml', NOW(), 32, '7:2a2169c32d87fdc3442c6096740a52a5', 'createTable tableName=node_infos', '', 'EXECUTED', NULL, NULL, '3.5.4', '0860130970')
14:02:11.375 [Test worker] DEBUG liquibase - master.changelog.json: migration/node-info.changelog-init.xml::1511451595465-35::R3.Corda: Running Changeset:migration/node-info.changelog-init.xml::1511451595465-35::R3.Corda
14:02:11.375 [Test worker] DEBUG liquibase - master.changelog.json: migration/node-info.changelog-init.xml::1511451595465-35::R3.Corda: Changeset migration/node-info.changelog-init.xml::1511451595465-35::R3.Corda
14:02:11.375 [Test worker] DEBUG liquibase - master.changelog.json: migration/node-info.changelog-init.xml::1511451595465-35::R3.Corda: Reading ChangeSet: migration/node-info.changelog-init.xml::1511451595465-35::R3.Corda
14:02:11.375 [Test worker] DEBUG liquibase - master.changelog.json: migration/node-info.changelog-init.xml::1511451595465-35::R3.Corda: Executing Statement: liquibase.statement.core.AddPrimaryKeyStatement@8407de
14:02:11.375 [Test worker] DEBUG liquibase - master.changelog.json: migration/node-info.changelog-init.xml::1511451595465-35::R3.Corda: Executing EXECUTE database command: ALTER TABLE PUBLIC.node_info_hosts ADD CONSTRAINT node_info_hosts_pkey PRIMARY KEY (host, port)
14:02:11.376 [Test worker] INFO liquibase - master.changelog.json: migration/node-info.changelog-init.xml::1511451595465-35::R3.Corda: Primary key added to node_info_hosts (host, port)
14:02:11.376 [Test worker] INFO liquibase - master.changelog.json: migration/node-info.changelog-init.xml::1511451595465-35::R3.Corda: ChangeSet migration/node-info.changelog-init.xml::1511451595465-35::R3.Corda ran successfully in 1ms
14:02:11.377 [Test worker] DEBUG liquibase - master.changelog.json: migration/node-info.changelog-init.xml::1511451595465-35::R3.Corda: Executing EXECUTE database command: INSERT INTO PUBLIC.DATABASECHANGELOG (ID, AUTHOR, FILENAME, DATEEXECUTED, ORDEREXECUTED, MD5SUM, DESCRIPTION, COMMENTS, EXECTYPE, CONTEXTS, LABELS, LIQUIBASE, DEPLOYMENT_ID) VALUES ('1511451595465-35', 'R3.Corda', 'migration/node-info.changelog-init.xml', NOW(), 33, '7:5c8230d7f489b4b961c3b52b3335e5ff', 'addPrimaryKey constraintName=node_info_hosts_pkey, tableName=node_info_hosts', '', 'EXECUTED', NULL, NULL, '3.5.4', '0860130970')
14:02:11.378 [Test worker] DEBUG liquibase - master.changelog.json: migration/node-info.changelog-init.xml::1511451595465-36::R3.Corda: Running Changeset:migration/node-info.changelog-init.xml::1511451595465-36::R3.Corda
14:02:11.378 [Test worker] DEBUG liquibase - master.changelog.json: migration/node-info.changelog-init.xml::1511451595465-36::R3.Corda: Changeset migration/node-info.changelog-init.xml::1511451595465-36::R3.Corda
14:02:11.378 [Test worker] DEBUG liquibase - master.changelog.json: migration/node-info.changelog-init.xml::1511451595465-36::R3.Corda: Reading ChangeSet: migration/node-info.changelog-init.xml::1511451595465-36::R3.Corda
14:02:11.378 [Test worker] DEBUG liquibase - master.changelog.json: migration/node-info.changelog-init.xml::1511451595465-36::R3.Corda: Executing Statement: liquibase.statement.core.AddPrimaryKeyStatement@38255a88
14:02:11.378 [Test worker] DEBUG liquibase - master.changelog.json: migration/node-info.changelog-init.xml::1511451595465-36::R3.Corda: Executing EXECUTE database command: ALTER TABLE PUBLIC.node_info_party_cert ADD CONSTRAINT node_info_party_cert_pkey PRIMARY KEY (party_name)
14:02:11.379 [Test worker] INFO liquibase - master.changelog.json: migration/node-info.changelog-init.xml::1511451595465-36::R3.Corda: Primary key added to node_info_party_cert (party_name)
14:02:11.379 [Test worker] INFO liquibase - master.changelog.json: migration/node-info.changelog-init.xml::1511451595465-36::R3.Corda: ChangeSet migration/node-info.changelog-init.xml::1511451595465-36::R3.Corda ran successfully in 1ms
14:02:11.380 [Test worker] DEBUG liquibase - master.changelog.json: migration/node-info.changelog-init.xml::1511451595465-36::R3.Corda: Executing EXECUTE database command: INSERT INTO PUBLIC.DATABASECHANGELOG (ID, AUTHOR, FILENAME, DATEEXECUTED, ORDEREXECUTED, MD5SUM, DESCRIPTION, COMMENTS, EXECTYPE, CONTEXTS, LABELS, LIQUIBASE, DEPLOYMENT_ID) VALUES ('1511451595465-36', 'R3.Corda', 'migration/node-info.changelog-init.xml', NOW(), 34, '7:a4293247b9113bb0895d15e212ded67d', 'addPrimaryKey constraintName=node_info_party_cert_pkey, tableName=node_info_party_cert', '', 'EXECUTED', NULL, NULL, '3.5.4', '0860130970')
14:02:11.381 [Test worker] DEBUG liquibase - master.changelog.json: migration/node-info.changelog-init.xml::1511451595465-37::R3.Corda: Running Changeset:migration/node-info.changelog-init.xml::1511451595465-37::R3.Corda
14:02:11.381 [Test worker] DEBUG liquibase - master.changelog.json: migration/node-info.changelog-init.xml::1511451595465-37::R3.Corda: Changeset migration/node-info.changelog-init.xml::1511451595465-37::R3.Corda
14:02:11.381 [Test worker] DEBUG liquibase - master.changelog.json: migration/node-info.changelog-init.xml::1511451595465-37::R3.Corda: Reading ChangeSet: migration/node-info.changelog-init.xml::1511451595465-37::R3.Corda
14:02:11.381 [Test worker] DEBUG liquibase - master.changelog.json: migration/node-info.changelog-init.xml::1511451595465-37::R3.Corda: Executing Statement: liquibase.statement.core.AddPrimaryKeyStatement@65aeb790
14:02:11.382 [Test worker] DEBUG liquibase - master.changelog.json: migration/node-info.changelog-init.xml::1511451595465-37::R3.Corda: Executing EXECUTE database command: ALTER TABLE PUBLIC.node_infos ADD CONSTRAINT node_infos_pkey PRIMARY KEY (node_info_id)
14:02:11.382 [Test worker] INFO liquibase - master.changelog.json: migration/node-info.changelog-init.xml::1511451595465-37::R3.Corda: Primary key added to node_infos (node_info_id)
14:02:11.382 [Test worker] INFO liquibase - master.changelog.json: migration/node-info.changelog-init.xml::1511451595465-37::R3.Corda: ChangeSet migration/node-info.changelog-init.xml::1511451595465-37::R3.Corda ran successfully in 1ms
14:02:11.383 [Test worker] DEBUG liquibase - master.changelog.json: migration/node-info.changelog-init.xml::1511451595465-37::R3.Corda: Executing EXECUTE database command: INSERT INTO PUBLIC.DATABASECHANGELOG (ID, AUTHOR, FILENAME, DATEEXECUTED, ORDEREXECUTED, MD5SUM, DESCRIPTION, COMMENTS, EXECTYPE, CONTEXTS, LABELS, LIQUIBASE, DEPLOYMENT_ID) VALUES ('1511451595465-37', 'R3.Corda', 'migration/node-info.changelog-init.xml', NOW(), 35, '7:3f7b9e25544e21798cc648d8ab2056b7', 'addPrimaryKey constraintName=node_infos_pkey, tableName=node_infos', '', 'EXECUTED', NULL, NULL, '3.5.4', '0860130970')
14:02:11.384 [Test worker] DEBUG liquibase - master.changelog.json: migration/node-info.changelog-init.xml::1511451595465-62::R3.Corda: Running Changeset:migration/node-info.changelog-init.xml::1511451595465-62::R3.Corda
14:02:11.384 [Test worker] DEBUG liquibase - master.changelog.json: migration/node-info.changelog-init.xml::1511451595465-62::R3.Corda: Changeset migration/node-info.changelog-init.xml::1511451595465-62::R3.Corda
14:02:11.384 [Test worker] DEBUG liquibase - master.changelog.json: migration/node-info.changelog-init.xml::1511451595465-62::R3.Corda: Reading ChangeSet: migration/node-info.changelog-init.xml::1511451595465-62::R3.Corda
14:02:11.384 [Test worker] DEBUG liquibase - master.changelog.json: migration/node-info.changelog-init.xml::1511451595465-62::R3.Corda: Executing Statement: liquibase.statement.core.AddForeignKeyConstraintStatement@4402ccd7
14:02:11.385 [Test worker] DEBUG liquibase - master.changelog.json: migration/node-info.changelog-init.xml::1511451595465-62::R3.Corda: Executing EXECUTE database command: ALTER TABLE PUBLIC.node_link_nodeinfo_party ADD CONSTRAINT FK__link_nodeinfo_party__infos FOREIGN KEY (node_info_id) REFERENCES PUBLIC.node_infos (node_info_id)
14:02:11.387 [Test worker] INFO liquibase - master.changelog.json: migration/node-info.changelog-init.xml::1511451595465-62::R3.Corda: Foreign key constraint added to node_link_nodeinfo_party (node_info_id)
14:02:11.387 [Test worker] INFO liquibase - master.changelog.json: migration/node-info.changelog-init.xml::1511451595465-62::R3.Corda: ChangeSet migration/node-info.changelog-init.xml::1511451595465-62::R3.Corda ran successfully in 3ms
14:02:11.388 [Test worker] DEBUG liquibase - master.changelog.json: migration/node-info.changelog-init.xml::1511451595465-62::R3.Corda: Executing EXECUTE database command: INSERT INTO PUBLIC.DATABASECHANGELOG (ID, AUTHOR, FILENAME, DATEEXECUTED, ORDEREXECUTED, MD5SUM, DESCRIPTION, COMMENTS, EXECTYPE, CONTEXTS, LABELS, LIQUIBASE, DEPLOYMENT_ID) VALUES ('1511451595465-62', 'R3.Corda', 'migration/node-info.changelog-init.xml', NOW(), 36, '7:64add0a3b0350cfe6fa3de1428a38397', 'addForeignKeyConstraint baseTableName=node_link_nodeinfo_party, constraintName=FK__link_nodeinfo_party__infos, referencedTableName=node_infos', '', 'EXECUTED', NULL, NULL, '3.5.4', '0860130970')
14:02:11.394 [Test worker] DEBUG liquibase - master.changelog.json: migration/node-info.changelog-init.xml::1511451595465-63::R3.Corda: Running Changeset:migration/node-info.changelog-init.xml::1511451595465-63::R3.Corda
14:02:11.394 [Test worker] DEBUG liquibase - master.changelog.json: migration/node-info.changelog-init.xml::1511451595465-63::R3.Corda: Changeset migration/node-info.changelog-init.xml::1511451595465-63::R3.Corda
14:02:11.394 [Test worker] DEBUG liquibase - master.changelog.json: migration/node-info.changelog-init.xml::1511451595465-63::R3.Corda: Reading ChangeSet: migration/node-info.changelog-init.xml::1511451595465-63::R3.Corda
14:02:11.394 [Test worker] DEBUG liquibase - master.changelog.json: migration/node-info.changelog-init.xml::1511451595465-63::R3.Corda: Executing Statement: liquibase.statement.core.AddForeignKeyConstraintStatement@3a40a936
14:02:11.394 [Test worker] DEBUG liquibase - master.changelog.json: migration/node-info.changelog-init.xml::1511451595465-63::R3.Corda: Executing EXECUTE database command: ALTER TABLE PUBLIC.node_info_hosts ADD CONSTRAINT FK__info_hosts__infos FOREIGN KEY (node_info_id) REFERENCES PUBLIC.node_infos (node_info_id)
14:02:11.395 [Test worker] INFO liquibase - master.changelog.json: migration/node-info.changelog-init.xml::1511451595465-63::R3.Corda: Foreign key constraint added to node_info_hosts (node_info_id)
14:02:11.396 [Test worker] INFO liquibase - master.changelog.json: migration/node-info.changelog-init.xml::1511451595465-63::R3.Corda: ChangeSet migration/node-info.changelog-init.xml::1511451595465-63::R3.Corda ran successfully in 2ms
14:02:11.397 [Test worker] DEBUG liquibase - master.changelog.json: migration/node-info.changelog-init.xml::1511451595465-63::R3.Corda: Executing EXECUTE database command: INSERT INTO PUBLIC.DATABASECHANGELOG (ID, AUTHOR, FILENAME, DATEEXECUTED, ORDEREXECUTED, MD5SUM, DESCRIPTION, COMMENTS, EXECTYPE, CONTEXTS, LABELS, LIQUIBASE, DEPLOYMENT_ID) VALUES ('1511451595465-63', 'R3.Corda', 'migration/node-info.changelog-init.xml', NOW(), 37, '7:6ea0c3bb234d14956401b6b281531832', 'addForeignKeyConstraint baseTableName=node_info_hosts, constraintName=FK__info_hosts__infos, referencedTableName=node_infos', '', 'EXECUTED', NULL, NULL, '3.5.4', '0860130970')
14:02:11.398 [Test worker] DEBUG liquibase - master.changelog.json: migration/node-info.changelog-init.xml::remove_host_port_pk::R3.Corda: Running Changeset:migration/node-info.changelog-init.xml::remove_host_port_pk::R3.Corda
14:02:11.399 [Test worker] DEBUG liquibase - master.changelog.json: migration/node-info.changelog-init.xml::remove_host_port_pk::R3.Corda: Changeset migration/node-info.changelog-init.xml::remove_host_port_pk::R3.Corda
14:02:11.399 [Test worker] DEBUG liquibase - master.changelog.json: migration/node-info.changelog-init.xml::remove_host_port_pk::R3.Corda: Reading ChangeSet: migration/node-info.changelog-init.xml::remove_host_port_pk::R3.Corda
14:02:11.399 [Test worker] DEBUG liquibase - master.changelog.json: migration/node-info.changelog-init.xml::remove_host_port_pk::R3.Corda: Executing Statement: liquibase.statement.core.DeleteStatement@1ff5f9c2
14:02:11.399 [Test worker] DEBUG liquibase - master.changelog.json: migration/node-info.changelog-init.xml::remove_host_port_pk::R3.Corda: Executing EXECUTE database command: DELETE FROM PUBLIC.node_infos
14:02:11.399 [Test worker] INFO liquibase - master.changelog.json: migration/node-info.changelog-init.xml::remove_host_port_pk::R3.Corda: Data deleted from node_infos
14:02:11.399 [Test worker] DEBUG liquibase - master.changelog.json: migration/node-info.changelog-init.xml::remove_host_port_pk::R3.Corda: Executing Statement: liquibase.statement.core.DeleteStatement@2ebe8c1f
14:02:11.400 [Test worker] DEBUG liquibase - master.changelog.json: migration/node-info.changelog-init.xml::remove_host_port_pk::R3.Corda: Executing EXECUTE database command: DELETE FROM PUBLIC.node_link_nodeinfo_party
14:02:11.400 [Test worker] INFO liquibase - master.changelog.json: migration/node-info.changelog-init.xml::remove_host_port_pk::R3.Corda: Data deleted from node_link_nodeinfo_party
14:02:11.400 [Test worker] DEBUG liquibase - master.changelog.json: migration/node-info.changelog-init.xml::remove_host_port_pk::R3.Corda: Executing Statement: liquibase.statement.core.DeleteStatement@5e1b032a
14:02:11.400 [Test worker] DEBUG liquibase - master.changelog.json: migration/node-info.changelog-init.xml::remove_host_port_pk::R3.Corda: Executing EXECUTE database command: DELETE FROM PUBLIC.node_info_hosts
14:02:11.400 [Test worker] INFO liquibase - master.changelog.json: migration/node-info.changelog-init.xml::remove_host_port_pk::R3.Corda: Data deleted from node_info_hosts
14:02:11.400 [Test worker] DEBUG liquibase - master.changelog.json: migration/node-info.changelog-init.xml::remove_host_port_pk::R3.Corda: Executing Statement: liquibase.statement.core.DeleteStatement@1024e2a5
14:02:11.401 [Test worker] DEBUG liquibase - master.changelog.json: migration/node-info.changelog-init.xml::remove_host_port_pk::R3.Corda: Executing EXECUTE database command: DELETE FROM PUBLIC.node_info_party_cert
14:02:11.401 [Test worker] INFO liquibase - master.changelog.json: migration/node-info.changelog-init.xml::remove_host_port_pk::R3.Corda: Data deleted from node_info_party_cert
14:02:11.402 [Test worker] DEBUG liquibase - master.changelog.json: migration/node-info.changelog-init.xml::remove_host_port_pk::R3.Corda: Executing Statement: liquibase.statement.core.DropPrimaryKeyStatement@202f328a
14:02:11.402 [Test worker] DEBUG liquibase - master.changelog.json: migration/node-info.changelog-init.xml::remove_host_port_pk::R3.Corda: Executing EXECUTE database command: ALTER TABLE PUBLIC.node_info_hosts DROP PRIMARY KEY
14:02:11.404 [Test worker] INFO liquibase - master.changelog.json: migration/node-info.changelog-init.xml::remove_host_port_pk::R3.Corda: Primary key dropped from node_info_hosts
14:02:11.404 [Test worker] DEBUG liquibase - master.changelog.json: migration/node-info.changelog-init.xml::remove_host_port_pk::R3.Corda: Executing Statement: liquibase.statement.core.AddColumnStatement@342184ae
14:02:11.405 [Test worker] DEBUG liquibase - master.changelog.json: migration/node-info.changelog-init.xml::remove_host_port_pk::R3.Corda: Executing EXECUTE database command: ALTER TABLE PUBLIC.node_info_hosts ADD hosts_id INT NOT NULL
14:02:11.456 [Test worker] INFO liquibase - master.changelog.json: migration/node-info.changelog-init.xml::remove_host_port_pk::R3.Corda: Columns hosts_id(INT) added to node_info_hosts
14:02:11.456 [Test worker] DEBUG liquibase - master.changelog.json: migration/node-info.changelog-init.xml::remove_host_port_pk::R3.Corda: Executing Statement: liquibase.statement.core.AddPrimaryKeyStatement@418f086a
14:02:11.457 [Test worker] DEBUG liquibase - master.changelog.json: migration/node-info.changelog-init.xml::remove_host_port_pk::R3.Corda: Executing EXECUTE database command: ALTER TABLE PUBLIC.node_info_hosts ADD CONSTRAINT node_info_hosts_pkey_id PRIMARY KEY (hosts_id)
14:02:11.457 [Test worker] INFO liquibase - master.changelog.json: migration/node-info.changelog-init.xml::remove_host_port_pk::R3.Corda: Primary key added to node_info_hosts (hosts_id)
14:02:11.457 [Test worker] INFO liquibase - master.changelog.json: migration/node-info.changelog-init.xml::remove_host_port_pk::R3.Corda: ChangeSet migration/node-info.changelog-init.xml::remove_host_port_pk::R3.Corda ran successfully in 59ms
14:02:11.459 [Test worker] DEBUG liquibase - master.changelog.json: migration/node-info.changelog-init.xml::remove_host_port_pk::R3.Corda: Executing EXECUTE database command: INSERT INTO PUBLIC.DATABASECHANGELOG (ID, AUTHOR, FILENAME, DATEEXECUTED, ORDEREXECUTED, MD5SUM, DESCRIPTION, COMMENTS, EXECTYPE, CONTEXTS, LABELS, LIQUIBASE, DEPLOYMENT_ID) VALUES ('remove_host_port_pk', 'R3.Corda', 'migration/node-info.changelog-init.xml', NOW(), 38, '7:cb733f12ced82860fd296bb0c94c5072', 'delete tableName=node_infos; delete tableName=node_link_nodeinfo_party; delete tableName=node_info_hosts; delete tableName=node_info_party_cert; dropPrimaryKey constraintName=node_info_hosts_pkey, tableName=node_info_hosts; addColumn tableName=nod...', '', 'EXECUTED', NULL, NULL, '3.5.4', '0860130970')
14:02:11.460 [Test worker] DEBUG liquibase - master.changelog.json: migration/node-info.changelog-v1.xml::key/value node properties table::R3.Corda: Running Changeset:migration/node-info.changelog-v1.xml::key/value node properties table::R3.Corda
14:02:11.460 [Test worker] DEBUG liquibase - master.changelog.json: migration/node-info.changelog-v1.xml::key/value node properties table::R3.Corda: Changeset migration/node-info.changelog-v1.xml::key/value node properties table::R3.Corda
14:02:11.460 [Test worker] DEBUG liquibase - master.changelog.json: migration/node-info.changelog-v1.xml::key/value node properties table::R3.Corda: Reading ChangeSet: migration/node-info.changelog-v1.xml::key/value node properties table::R3.Corda
14:02:11.461 [Test worker] DEBUG liquibase - master.changelog.json: migration/node-info.changelog-v1.xml::key/value node properties table::R3.Corda: Executing Statement: liquibase.statement.core.CreateTableStatement@4403eac2
14:02:11.461 [Test worker] DEBUG liquibase - master.changelog.json: migration/node-info.changelog-v1.xml::key/value node properties table::R3.Corda: Executing EXECUTE database command: CREATE TABLE PUBLIC.node_properties (property_key NVARCHAR(255) NOT NULL, property_value NVARCHAR(255))
14:02:11.461 [Test worker] INFO liquibase - master.changelog.json: migration/node-info.changelog-v1.xml::key/value node properties table::R3.Corda: Table node_properties created
14:02:11.461 [Test worker] INFO liquibase - master.changelog.json: migration/node-info.changelog-v1.xml::key/value node properties table::R3.Corda: ChangeSet migration/node-info.changelog-v1.xml::key/value node properties table::R3.Corda ran successfully in 1ms
14:02:11.463 [Test worker] DEBUG liquibase - master.changelog.json: migration/node-info.changelog-v1.xml::key/value node properties table::R3.Corda: Executing EXECUTE database command: INSERT INTO PUBLIC.DATABASECHANGELOG (ID, AUTHOR, FILENAME, DATEEXECUTED, ORDEREXECUTED, MD5SUM, DESCRIPTION, COMMENTS, EXECTYPE, CONTEXTS, LABELS, LIQUIBASE, DEPLOYMENT_ID) VALUES ('key/value node properties table', 'R3.Corda', 'migration/node-info.changelog-v1.xml', NOW(), 39, '7:05241b402dd60a4e1eeb86ad6c5eff9e', 'createTable tableName=node_properties', '', 'EXECUTED', NULL, NULL, '3.5.4', '0860130970')
14:02:11.463 [Test worker] DEBUG liquibase - master.changelog.json: migration/node-info.changelog-v2.xml::1525962920::R3.Corda: Running Changeset:migration/node-info.changelog-v2.xml::1525962920::R3.Corda
14:02:11.463 [Test worker] DEBUG liquibase - master.changelog.json: migration/node-info.changelog-v2.xml::1525962920::R3.Corda: Changeset migration/node-info.changelog-v2.xml::1525962920::R3.Corda
14:02:11.463 [Test worker] DEBUG liquibase - master.changelog.json: migration/node-info.changelog-v2.xml::1525962920::R3.Corda: Reading ChangeSet: migration/node-info.changelog-v2.xml::1525962920::R3.Corda
14:02:11.464 [Test worker] DEBUG liquibase - master.changelog.json: migration/node-info.changelog-v2.xml::1525962920::R3.Corda: Executing Statement: liquibase.statement.core.SetNullableStatement@34bf5c4a
14:02:11.464 [Test worker] DEBUG liquibase - master.changelog.json: migration/node-info.changelog-v2.xml::1525962920::R3.Corda: Executing EXECUTE database command: ALTER TABLE PUBLIC.node_infos ALTER COLUMN node_info_hash SET NOT NULL
14:02:11.465 [Test worker] INFO liquibase - master.changelog.json: migration/node-info.changelog-v2.xml::1525962920::R3.Corda: Null constraint has been added to node_infos.node_info_hash
14:02:11.465 [Test worker] DEBUG liquibase - master.changelog.json: migration/node-info.changelog-v2.xml::1525962920::R3.Corda: Executing Statement: liquibase.statement.core.SetNullableStatement@e359cf
14:02:11.465 [Test worker] DEBUG liquibase - master.changelog.json: migration/node-info.changelog-v2.xml::1525962920::R3.Corda: Executing EXECUTE database command: ALTER TABLE PUBLIC.node_infos ALTER COLUMN platform_version SET NOT NULL
14:02:11.465 [Test worker] INFO liquibase - master.changelog.json: migration/node-info.changelog-v2.xml::1525962920::R3.Corda: Null constraint has been added to node_infos.platform_version
14:02:11.465 [Test worker] DEBUG liquibase - master.changelog.json: migration/node-info.changelog-v2.xml::1525962920::R3.Corda: Executing Statement: liquibase.statement.core.SetNullableStatement@2c62556d
14:02:11.466 [Test worker] DEBUG liquibase - master.changelog.json: migration/node-info.changelog-v2.xml::1525962920::R3.Corda: Executing EXECUTE database command: ALTER TABLE PUBLIC.node_infos ALTER COLUMN serial SET NOT NULL
14:02:11.466 [Test worker] INFO liquibase - master.changelog.json: migration/node-info.changelog-v2.xml::1525962920::R3.Corda: Null constraint has been added to node_infos.serial
14:02:11.467 [Test worker] DEBUG liquibase - master.changelog.json: migration/node-info.changelog-v2.xml::1525962920::R3.Corda: Executing Statement: liquibase.statement.core.SetNullableStatement@2ace7af0
14:02:11.467 [Test worker] DEBUG liquibase - master.changelog.json: migration/node-info.changelog-v2.xml::1525962920::R3.Corda: Executing EXECUTE database command: ALTER TABLE PUBLIC.node_info_hosts ALTER COLUMN host SET NULL
14:02:11.467 [Test worker] INFO liquibase - master.changelog.json: migration/node-info.changelog-v2.xml::1525962920::R3.Corda: Null constraint dropped from node_info_hosts.host
14:02:11.467 [Test worker] DEBUG liquibase - master.changelog.json: migration/node-info.changelog-v2.xml::1525962920::R3.Corda: Executing Statement: liquibase.statement.core.SetNullableStatement@4016fdfc
14:02:11.467 [Test worker] DEBUG liquibase - master.changelog.json: migration/node-info.changelog-v2.xml::1525962920::R3.Corda: Executing EXECUTE database command: ALTER TABLE PUBLIC.node_info_hosts ALTER COLUMN port SET NULL
14:02:11.468 [Test worker] INFO liquibase - master.changelog.json: migration/node-info.changelog-v2.xml::1525962920::R3.Corda: Null constraint dropped from node_info_hosts.port
14:02:11.468 [Test worker] DEBUG liquibase - master.changelog.json: migration/node-info.changelog-v2.xml::1525962920::R3.Corda: Executing Statement: liquibase.statement.core.SetNullableStatement@7e6101ae
14:02:11.468 [Test worker] DEBUG liquibase - master.changelog.json: migration/node-info.changelog-v2.xml::1525962920::R3.Corda: Executing EXECUTE database command: ALTER TABLE PUBLIC.node_info_party_cert ALTER COLUMN owning_key_hash SET NOT NULL
14:02:11.469 [Test worker] INFO liquibase - master.changelog.json: migration/node-info.changelog-v2.xml::1525962920::R3.Corda: Null constraint has been added to node_info_party_cert.owning_key_hash
14:02:11.469 [Test worker] DEBUG liquibase - master.changelog.json: migration/node-info.changelog-v2.xml::1525962920::R3.Corda: Executing Statement: liquibase.statement.core.SetNullableStatement@5c237c3d
14:02:11.469 [Test worker] DEBUG liquibase - master.changelog.json: migration/node-info.changelog-v2.xml::1525962920::R3.Corda: Executing EXECUTE database command: ALTER TABLE PUBLIC.node_info_party_cert ALTER COLUMN party_cert_binary SET NOT NULL
14:02:11.470 [Test worker] INFO liquibase - master.changelog.json: migration/node-info.changelog-v2.xml::1525962920::R3.Corda: Null constraint has been added to node_info_party_cert.party_cert_binary
14:02:11.470 [Test worker] INFO liquibase - master.changelog.json: migration/node-info.changelog-v2.xml::1525962920::R3.Corda: ChangeSet migration/node-info.changelog-v2.xml::1525962920::R3.Corda ran successfully in 7ms
14:02:11.472 [Test worker] DEBUG liquibase - master.changelog.json: migration/node-info.changelog-v2.xml::1525962920::R3.Corda: Executing EXECUTE database command: INSERT INTO PUBLIC.DATABASECHANGELOG (ID, AUTHOR, FILENAME, DATEEXECUTED, ORDEREXECUTED, MD5SUM, DESCRIPTION, COMMENTS, EXECTYPE, CONTEXTS, LABELS, LIQUIBASE, DEPLOYMENT_ID) VALUES ('1525962920', 'R3.Corda', 'migration/node-info.changelog-v2.xml', NOW(), 40, '7:c3fd83668d5ed4acdefcad3f90944935', 'addNotNullConstraint columnName=node_info_hash, tableName=node_infos; addNotNullConstraint columnName=platform_version, tableName=node_infos; addNotNullConstraint columnName=serial, tableName=node_infos; dropNotNullConstraint columnName=host, tabl...', '', 'EXECUTED', NULL, NULL, '3.5.4', '0860130970')
14:02:11.474 [Test worker] DEBUG liquibase - master.changelog.json: migration/node-info.changelog-v3.xml::column_host_name::R3.Corda: Running Changeset:migration/node-info.changelog-v3.xml::column_host_name::R3.Corda
14:02:11.474 [Test worker] DEBUG liquibase - master.changelog.json: migration/node-info.changelog-v3.xml::column_host_name::R3.Corda: Changeset migration/node-info.changelog-v3.xml::column_host_name::R3.Corda
14:02:11.474 [Test worker] DEBUG liquibase - master.changelog.json: migration/node-info.changelog-v3.xml::column_host_name::R3.Corda: Reading ChangeSet: migration/node-info.changelog-v3.xml::column_host_name::R3.Corda
14:02:11.474 [Test worker] DEBUG liquibase - master.changelog.json: migration/node-info.changelog-v3.xml::column_host_name::R3.Corda: Executing Statement: liquibase.statement.core.RenameColumnStatement@2b65bb17
14:02:11.474 [Test worker] DEBUG liquibase - master.changelog.json: migration/node-info.changelog-v3.xml::column_host_name::R3.Corda: Executing EXECUTE database command: ALTER TABLE PUBLIC.node_info_hosts ALTER COLUMN host RENAME TO host_name
14:02:11.475 [Test worker] INFO liquibase - master.changelog.json: migration/node-info.changelog-v3.xml::column_host_name::R3.Corda: Column node_info_hosts.host renamed to host_name
14:02:11.475 [Test worker] INFO liquibase - master.changelog.json: migration/node-info.changelog-v3.xml::column_host_name::R3.Corda: ChangeSet migration/node-info.changelog-v3.xml::column_host_name::R3.Corda ran successfully in 1ms
14:02:11.476 [Test worker] DEBUG liquibase - master.changelog.json: migration/node-info.changelog-v3.xml::column_host_name::R3.Corda: Executing EXECUTE database command: INSERT INTO PUBLIC.DATABASECHANGELOG (ID, AUTHOR, FILENAME, DATEEXECUTED, ORDEREXECUTED, MD5SUM, DESCRIPTION, COMMENTS, EXECTYPE, CONTEXTS, LABELS, LIQUIBASE, DEPLOYMENT_ID) VALUES ('column_host_name', 'R3.Corda', 'migration/node-info.changelog-v3.xml', NOW(), 41, '7:fc4ceb3b82e44070da1fff49a7b5cccb', 'renameColumn newColumnName=host_name, oldColumnName=host, tableName=node_info_hosts', '', 'EXECUTED', NULL, NULL, '3.5.4', '0860130970')
14:02:11.477 [Test worker] DEBUG liquibase - master.changelog.json: migration/node-services.changelog-init.xml::1511451595465-5::R3.Corda: Running Changeset:migration/node-services.changelog-init.xml::1511451595465-5::R3.Corda
14:02:11.477 [Test worker] DEBUG liquibase - master.changelog.json: migration/node-services.changelog-init.xml::1511451595465-5::R3.Corda: Changeset migration/node-services.changelog-init.xml::1511451595465-5::R3.Corda
14:02:11.478 [Test worker] DEBUG liquibase - master.changelog.json: migration/node-services.changelog-init.xml::1511451595465-5::R3.Corda: Reading ChangeSet: migration/node-services.changelog-init.xml::1511451595465-5::R3.Corda
14:02:11.478 [Test worker] DEBUG liquibase - master.changelog.json: migration/node-services.changelog-init.xml::1511451595465-5::R3.Corda: Executing Statement: liquibase.statement.core.CreateTableStatement@25271085
14:02:11.478 [Test worker] DEBUG liquibase - master.changelog.json: migration/node-services.changelog-init.xml::1511451595465-5::R3.Corda: Executing EXECUTE database command: CREATE TABLE PUBLIC.node_attachments (att_id NVARCHAR(255) NOT NULL, content BLOB, filename NVARCHAR(255), insertion_date TIMESTAMP NOT NULL, uploader NVARCHAR(255))
14:02:11.479 [Test worker] INFO liquibase - master.changelog.json: migration/node-services.changelog-init.xml::1511451595465-5::R3.Corda: Table node_attachments created
14:02:11.479 [Test worker] INFO liquibase - master.changelog.json: migration/node-services.changelog-init.xml::1511451595465-5::R3.Corda: ChangeSet migration/node-services.changelog-init.xml::1511451595465-5::R3.Corda ran successfully in 2ms
14:02:11.480 [Test worker] DEBUG liquibase - master.changelog.json: migration/node-services.changelog-init.xml::1511451595465-5::R3.Corda: Executing EXECUTE database command: INSERT INTO PUBLIC.DATABASECHANGELOG (ID, AUTHOR, FILENAME, DATEEXECUTED, ORDEREXECUTED, MD5SUM, DESCRIPTION, COMMENTS, EXECTYPE, CONTEXTS, LABELS, LIQUIBASE, DEPLOYMENT_ID) VALUES ('1511451595465-5', 'R3.Corda', 'migration/node-services.changelog-init.xml', NOW(), 42, '7:464a5bbaf24fe78716c38c544dc81f3c', 'createTable tableName=node_attachments', '', 'EXECUTED', NULL, NULL, '3.5.4', '0860130970')
14:02:11.481 [Test worker] DEBUG liquibase - master.changelog.json: migration/node-services.changelog-init.xml::1511451595465-7::R3.Corda: Running Changeset:migration/node-services.changelog-init.xml::1511451595465-7::R3.Corda
14:02:11.481 [Test worker] DEBUG liquibase - master.changelog.json: migration/node-services.changelog-init.xml::1511451595465-7::R3.Corda: Changeset migration/node-services.changelog-init.xml::1511451595465-7::R3.Corda
14:02:11.481 [Test worker] DEBUG liquibase - master.changelog.json: migration/node-services.changelog-init.xml::1511451595465-7::R3.Corda: Reading ChangeSet: migration/node-services.changelog-init.xml::1511451595465-7::R3.Corda
14:02:11.481 [Test worker] DEBUG liquibase - master.changelog.json: migration/node-services.changelog-init.xml::1511451595465-7::R3.Corda: Executing Statement: liquibase.statement.core.CreateTableStatement@4f50b5a3
14:02:11.481 [Test worker] DEBUG liquibase - master.changelog.json: migration/node-services.changelog-init.xml::1511451595465-7::R3.Corda: Executing EXECUTE database command: CREATE TABLE PUBLIC.node_checkpoints (checkpoint_id NVARCHAR(64) NOT NULL, checkpoint_value BLOB)
14:02:11.482 [Test worker] INFO liquibase - master.changelog.json: migration/node-services.changelog-init.xml::1511451595465-7::R3.Corda: Table node_checkpoints created
14:02:11.482 [Test worker] INFO liquibase - master.changelog.json: migration/node-services.changelog-init.xml::1511451595465-7::R3.Corda: ChangeSet migration/node-services.changelog-init.xml::1511451595465-7::R3.Corda ran successfully in 1ms
14:02:11.483 [Test worker] DEBUG liquibase - master.changelog.json: migration/node-services.changelog-init.xml::1511451595465-7::R3.Corda: Executing EXECUTE database command: INSERT INTO PUBLIC.DATABASECHANGELOG (ID, AUTHOR, FILENAME, DATEEXECUTED, ORDEREXECUTED, MD5SUM, DESCRIPTION, COMMENTS, EXECTYPE, CONTEXTS, LABELS, LIQUIBASE, DEPLOYMENT_ID) VALUES ('1511451595465-7', 'R3.Corda', 'migration/node-services.changelog-init.xml', NOW(), 43, '7:2870aa3a468e81bab1cd24ac70ca2163', 'createTable tableName=node_checkpoints', '', 'EXECUTED', NULL, NULL, '3.5.4', '0860130970')
14:02:11.484 [Test worker] DEBUG liquibase - master.changelog.json: migration/node-services.changelog-init.xml::1511451595465-8::R3.Corda: Running Changeset:migration/node-services.changelog-init.xml::1511451595465-8::R3.Corda
14:02:11.484 [Test worker] DEBUG liquibase - master.changelog.json: migration/node-services.changelog-init.xml::1511451595465-8::R3.Corda: Changeset migration/node-services.changelog-init.xml::1511451595465-8::R3.Corda
14:02:11.484 [Test worker] DEBUG liquibase - master.changelog.json: migration/node-services.changelog-init.xml::1511451595465-8::R3.Corda: Reading ChangeSet: migration/node-services.changelog-init.xml::1511451595465-8::R3.Corda
14:02:11.485 [Test worker] DEBUG liquibase - master.changelog.json: migration/node-services.changelog-init.xml::1511451595465-8::R3.Corda: Executing Statement: liquibase.statement.core.CreateTableStatement@804ea1b
14:02:11.485 [Test worker] DEBUG liquibase - master.changelog.json: migration/node-services.changelog-init.xml::1511451595465-8::R3.Corda: Executing EXECUTE database command: CREATE TABLE PUBLIC.node_contract_upgrades (state_ref NVARCHAR(96) NOT NULL, contract_class_name NVARCHAR(255))
14:02:11.485 [Test worker] INFO liquibase - master.changelog.json: migration/node-services.changelog-init.xml::1511451595465-8::R3.Corda: Table node_contract_upgrades created
14:02:11.485 [Test worker] INFO liquibase - master.changelog.json: migration/node-services.changelog-init.xml::1511451595465-8::R3.Corda: ChangeSet migration/node-services.changelog-init.xml::1511451595465-8::R3.Corda ran successfully in 1ms
14:02:11.487 [Test worker] DEBUG liquibase - master.changelog.json: migration/node-services.changelog-init.xml::1511451595465-8::R3.Corda: Executing EXECUTE database command: INSERT INTO PUBLIC.DATABASECHANGELOG (ID, AUTHOR, FILENAME, DATEEXECUTED, ORDEREXECUTED, MD5SUM, DESCRIPTION, COMMENTS, EXECTYPE, CONTEXTS, LABELS, LIQUIBASE, DEPLOYMENT_ID) VALUES ('1511451595465-8', 'R3.Corda', 'migration/node-services.changelog-init.xml', NOW(), 44, '7:bf156b1c48e915e7d8090d5162e31c02', 'createTable tableName=node_contract_upgrades', '', 'EXECUTED', NULL, NULL, '3.5.4', '0860130970')
14:02:11.487 [Test worker] DEBUG liquibase - master.changelog.json: migration/node-services.changelog-init.xml::1511451595465-9::R3.Corda: Running Changeset:migration/node-services.changelog-init.xml::1511451595465-9::R3.Corda
14:02:11.487 [Test worker] DEBUG liquibase - master.changelog.json: migration/node-services.changelog-init.xml::1511451595465-9::R3.Corda: Changeset migration/node-services.changelog-init.xml::1511451595465-9::R3.Corda
14:02:11.488 [Test worker] DEBUG liquibase - master.changelog.json: migration/node-services.changelog-init.xml::1511451595465-9::R3.Corda: Reading ChangeSet: migration/node-services.changelog-init.xml::1511451595465-9::R3.Corda
14:02:11.489 [Test worker] DEBUG liquibase - master.changelog.json: migration/node-services.changelog-init.xml::1511451595465-9::R3.Corda: Executing Statement: liquibase.statement.core.CreateTableStatement@2620e71b
14:02:11.489 [Test worker] DEBUG liquibase - master.changelog.json: migration/node-services.changelog-init.xml::1511451595465-9::R3.Corda: Executing EXECUTE database command: CREATE TABLE PUBLIC.node_identities (pk_hash NVARCHAR(130) NOT NULL, identity_value BLOB)
14:02:11.490 [Test worker] INFO liquibase - master.changelog.json: migration/node-services.changelog-init.xml::1511451595465-9::R3.Corda: Table node_identities created
14:02:11.490 [Test worker] INFO liquibase - master.changelog.json: migration/node-services.changelog-init.xml::1511451595465-9::R3.Corda: ChangeSet migration/node-services.changelog-init.xml::1511451595465-9::R3.Corda ran successfully in 3ms
14:02:11.491 [Test worker] DEBUG liquibase - master.changelog.json: migration/node-services.changelog-init.xml::1511451595465-9::R3.Corda: Executing EXECUTE database command: INSERT INTO PUBLIC.DATABASECHANGELOG (ID, AUTHOR, FILENAME, DATEEXECUTED, ORDEREXECUTED, MD5SUM, DESCRIPTION, COMMENTS, EXECTYPE, CONTEXTS, LABELS, LIQUIBASE, DEPLOYMENT_ID) VALUES ('1511451595465-9', 'R3.Corda', 'migration/node-services.changelog-init.xml', NOW(), 45, '7:ea04cf1cc4ea1112c4cbbf932bc51c56', 'createTable tableName=node_identities', '', 'EXECUTED', NULL, NULL, '3.5.4', '0860130970')
14:02:11.492 [Test worker] DEBUG liquibase - master.changelog.json: migration/node-services.changelog-init.xml::1511451595465-13::R3.Corda: Running Changeset:migration/node-services.changelog-init.xml::1511451595465-13::R3.Corda
14:02:11.492 [Test worker] DEBUG liquibase - master.changelog.json: migration/node-services.changelog-init.xml::1511451595465-13::R3.Corda: Changeset migration/node-services.changelog-init.xml::1511451595465-13::R3.Corda
14:02:11.493 [Test worker] DEBUG liquibase - master.changelog.json: migration/node-services.changelog-init.xml::1511451595465-13::R3.Corda: Reading ChangeSet: migration/node-services.changelog-init.xml::1511451595465-13::R3.Corda
14:02:11.493 [Test worker] DEBUG liquibase - master.changelog.json: migration/node-services.changelog-init.xml::1511451595465-13::R3.Corda: Executing Statement: liquibase.statement.core.CreateTableStatement@35b17200
14:02:11.493 [Test worker] DEBUG liquibase - master.changelog.json: migration/node-services.changelog-init.xml::1511451595465-13::R3.Corda: Executing EXECUTE database command: CREATE TABLE PUBLIC.node_message_ids (message_id NVARCHAR(64) NOT NULL, insertion_time TIMESTAMP)
14:02:11.493 [Test worker] INFO liquibase - master.changelog.json: migration/node-services.changelog-init.xml::1511451595465-13::R3.Corda: Table node_message_ids created
14:02:11.494 [Test worker] INFO liquibase - master.changelog.json: migration/node-services.changelog-init.xml::1511451595465-13::R3.Corda: ChangeSet migration/node-services.changelog-init.xml::1511451595465-13::R3.Corda ran successfully in 2ms
14:02:11.495 [Test worker] DEBUG liquibase - master.changelog.json: migration/node-services.changelog-init.xml::1511451595465-13::R3.Corda: Executing EXECUTE database command: INSERT INTO PUBLIC.DATABASECHANGELOG (ID, AUTHOR, FILENAME, DATEEXECUTED, ORDEREXECUTED, MD5SUM, DESCRIPTION, COMMENTS, EXECTYPE, CONTEXTS, LABELS, LIQUIBASE, DEPLOYMENT_ID) VALUES ('1511451595465-13', 'R3.Corda', 'migration/node-services.changelog-init.xml', NOW(), 46, '7:340ca6c0b7c87b663b0449535b082f80', 'createTable tableName=node_message_ids', '', 'EXECUTED', NULL, NULL, '3.5.4', '0860130970')
14:02:11.495 [Test worker] DEBUG liquibase - master.changelog.json: migration/node-services.changelog-init.xml::1511451595465-14::R3.Corda: Running Changeset:migration/node-services.changelog-init.xml::1511451595465-14::R3.Corda
14:02:11.496 [Test worker] DEBUG liquibase - master.changelog.json: migration/node-services.changelog-init.xml::1511451595465-14::R3.Corda: Changeset migration/node-services.changelog-init.xml::1511451595465-14::R3.Corda
14:02:11.496 [Test worker] DEBUG liquibase - master.changelog.json: migration/node-services.changelog-init.xml::1511451595465-14::R3.Corda: Reading ChangeSet: migration/node-services.changelog-init.xml::1511451595465-14::R3.Corda
14:02:11.496 [Test worker] DEBUG liquibase - master.changelog.json: migration/node-services.changelog-init.xml::1511451595465-14::R3.Corda: Executing Statement: liquibase.statement.core.CreateTableStatement@22817422
14:02:11.496 [Test worker] DEBUG liquibase - master.changelog.json: migration/node-services.changelog-init.xml::1511451595465-14::R3.Corda: Executing EXECUTE database command: CREATE TABLE PUBLIC.node_message_retry (message_id BIGINT NOT NULL, message BLOB, recipients BLOB)
14:02:11.497 [Test worker] INFO liquibase - master.changelog.json: migration/node-services.changelog-init.xml::1511451595465-14::R3.Corda: Table node_message_retry created
14:02:11.497 [Test worker] INFO liquibase - master.changelog.json: migration/node-services.changelog-init.xml::1511451595465-14::R3.Corda: ChangeSet migration/node-services.changelog-init.xml::1511451595465-14::R3.Corda ran successfully in 1ms
14:02:11.498 [Test worker] DEBUG liquibase - master.changelog.json: migration/node-services.changelog-init.xml::1511451595465-14::R3.Corda: Executing EXECUTE database command: INSERT INTO PUBLIC.DATABASECHANGELOG (ID, AUTHOR, FILENAME, DATEEXECUTED, ORDEREXECUTED, MD5SUM, DESCRIPTION, COMMENTS, EXECTYPE, CONTEXTS, LABELS, LIQUIBASE, DEPLOYMENT_ID) VALUES ('1511451595465-14', 'R3.Corda', 'migration/node-services.changelog-init.xml', NOW(), 47, '7:1dc64c73807569fb04c10a9b2d760ff0', 'createTable tableName=node_message_retry', '', 'EXECUTED', NULL, NULL, '3.5.4', '0860130970')
14:02:11.531 [Test worker] DEBUG liquibase - master.changelog.json: migration/node-services.changelog-init.xml::1511451595465-15::R3.Corda: Running Changeset:migration/node-services.changelog-init.xml::1511451595465-15::R3.Corda
14:02:11.531 [Test worker] DEBUG liquibase - master.changelog.json: migration/node-services.changelog-init.xml::1511451595465-15::R3.Corda: Changeset migration/node-services.changelog-init.xml::1511451595465-15::R3.Corda
14:02:11.532 [Test worker] DEBUG liquibase - master.changelog.json: migration/node-services.changelog-init.xml::1511451595465-15::R3.Corda: Reading ChangeSet: migration/node-services.changelog-init.xml::1511451595465-15::R3.Corda
14:02:11.532 [Test worker] DEBUG liquibase - master.changelog.json: migration/node-services.changelog-init.xml::1511451595465-15::R3.Corda: Executing Statement: liquibase.statement.core.CreateTableStatement@74104a20
14:02:11.532 [Test worker] DEBUG liquibase - master.changelog.json: migration/node-services.changelog-init.xml::1511451595465-15::R3.Corda: Executing EXECUTE database command: CREATE TABLE PUBLIC.node_named_identities (name NVARCHAR(128) NOT NULL, pk_hash NVARCHAR(130))
14:02:11.533 [Test worker] INFO liquibase - master.changelog.json: migration/node-services.changelog-init.xml::1511451595465-15::R3.Corda: Table node_named_identities created
14:02:11.533 [Test worker] INFO liquibase - master.changelog.json: migration/node-services.changelog-init.xml::1511451595465-15::R3.Corda: ChangeSet migration/node-services.changelog-init.xml::1511451595465-15::R3.Corda ran successfully in 2ms
14:02:11.541 [Test worker] DEBUG liquibase - master.changelog.json: migration/node-services.changelog-init.xml::1511451595465-15::R3.Corda: Executing EXECUTE database command: INSERT INTO PUBLIC.DATABASECHANGELOG (ID, AUTHOR, FILENAME, DATEEXECUTED, ORDEREXECUTED, MD5SUM, DESCRIPTION, COMMENTS, EXECTYPE, CONTEXTS, LABELS, LIQUIBASE, DEPLOYMENT_ID) VALUES ('1511451595465-15', 'R3.Corda', 'migration/node-services.changelog-init.xml', NOW(), 48, '7:108b7d395f7fb3cfc8ce4e364c4008a5', 'createTable tableName=node_named_identities', '', 'EXECUTED', NULL, NULL, '3.5.4', '0860130970')
14:02:11.542 [Test worker] DEBUG liquibase - master.changelog.json: migration/node-services.changelog-init.xml::1511451595465-17::R3.Corda: Running Changeset:migration/node-services.changelog-init.xml::1511451595465-17::R3.Corda
14:02:11.542 [Test worker] DEBUG liquibase - master.changelog.json: migration/node-services.changelog-init.xml::1511451595465-17::R3.Corda: Changeset migration/node-services.changelog-init.xml::1511451595465-17::R3.Corda
14:02:11.542 [Test worker] DEBUG liquibase - master.changelog.json: migration/node-services.changelog-init.xml::1511451595465-17::R3.Corda: Reading ChangeSet: migration/node-services.changelog-init.xml::1511451595465-17::R3.Corda
14:02:11.542 [Test worker] DEBUG liquibase - master.changelog.json: migration/node-services.changelog-init.xml::1511451595465-17::R3.Corda: Executing Statement: liquibase.statement.core.CreateTableStatement@3922b97c
14:02:11.543 [Test worker] DEBUG liquibase - master.changelog.json: migration/node-services.changelog-init.xml::1511451595465-17::R3.Corda: Executing EXECUTE database command: CREATE TABLE PUBLIC.node_our_key_pairs (public_key_hash NVARCHAR(130) NOT NULL, private_key BLOB, public_key BLOB)
14:02:11.543 [Test worker] INFO liquibase - master.changelog.json: migration/node-services.changelog-init.xml::1511451595465-17::R3.Corda: Table node_our_key_pairs created
14:02:11.543 [Test worker] INFO liquibase - master.changelog.json: migration/node-services.changelog-init.xml::1511451595465-17::R3.Corda: ChangeSet migration/node-services.changelog-init.xml::1511451595465-17::R3.Corda ran successfully in 1ms
14:02:11.544 [Test worker] DEBUG liquibase - master.changelog.json: migration/node-services.changelog-init.xml::1511451595465-17::R3.Corda: Executing EXECUTE database command: INSERT INTO PUBLIC.DATABASECHANGELOG (ID, AUTHOR, FILENAME, DATEEXECUTED, ORDEREXECUTED, MD5SUM, DESCRIPTION, COMMENTS, EXECTYPE, CONTEXTS, LABELS, LIQUIBASE, DEPLOYMENT_ID) VALUES ('1511451595465-17', 'R3.Corda', 'migration/node-services.changelog-init.xml', NOW(), 49, '7:a8b4ae7170f56f1df8a23b530bef4dd1', 'createTable tableName=node_our_key_pairs', '', 'EXECUTED', NULL, NULL, '3.5.4', '0860130970')
14:02:11.555 [Test worker] DEBUG liquibase - master.changelog.json: migration/node-services.changelog-init.xml::1511451595465-19::R3.Corda: Running Changeset:migration/node-services.changelog-init.xml::1511451595465-19::R3.Corda
14:02:11.555 [Test worker] DEBUG liquibase - master.changelog.json: migration/node-services.changelog-init.xml::1511451595465-19::R3.Corda: Changeset migration/node-services.changelog-init.xml::1511451595465-19::R3.Corda
14:02:11.555 [Test worker] DEBUG liquibase - master.changelog.json: migration/node-services.changelog-init.xml::1511451595465-19::R3.Corda: Reading ChangeSet: migration/node-services.changelog-init.xml::1511451595465-19::R3.Corda
14:02:11.556 [Test worker] DEBUG liquibase - master.changelog.json: migration/node-services.changelog-init.xml::1511451595465-19::R3.Corda: Executing Statement: liquibase.statement.core.CreateTableStatement@3c2eda42
14:02:11.558 [Test worker] DEBUG liquibase - master.changelog.json: migration/node-services.changelog-init.xml::1511451595465-19::R3.Corda: Executing EXECUTE database command: CREATE TABLE PUBLIC.node_scheduled_states (output_index INT NOT NULL, transaction_id NVARCHAR(64) NOT NULL, scheduled_at TIMESTAMP NOT NULL)
14:02:11.569 [Test worker] INFO liquibase - master.changelog.json: migration/node-services.changelog-init.xml::1511451595465-19::R3.Corda: Table node_scheduled_states created
14:02:11.569 [Test worker] INFO liquibase - master.changelog.json: migration/node-services.changelog-init.xml::1511451595465-19::R3.Corda: ChangeSet migration/node-services.changelog-init.xml::1511451595465-19::R3.Corda ran successfully in 14ms
14:02:11.573 [Test worker] DEBUG liquibase - master.changelog.json: migration/node-services.changelog-init.xml::1511451595465-19::R3.Corda: Executing EXECUTE database command: INSERT INTO PUBLIC.DATABASECHANGELOG (ID, AUTHOR, FILENAME, DATEEXECUTED, ORDEREXECUTED, MD5SUM, DESCRIPTION, COMMENTS, EXECTYPE, CONTEXTS, LABELS, LIQUIBASE, DEPLOYMENT_ID) VALUES ('1511451595465-19', 'R3.Corda', 'migration/node-services.changelog-init.xml', NOW(), 50, '7:2aaf3df7bdbea9c71aa8bea4e14f11ef', 'createTable tableName=node_scheduled_states', '', 'EXECUTED', NULL, NULL, '3.5.4', '0860130970')
14:02:11.574 [Test worker] DEBUG liquibase - master.changelog.json: migration/node-services.changelog-init.xml::1511451595465-20::R3.Corda: Running Changeset:migration/node-services.changelog-init.xml::1511451595465-20::R3.Corda
14:02:11.575 [Test worker] DEBUG liquibase - master.changelog.json: migration/node-services.changelog-init.xml::1511451595465-20::R3.Corda: Changeset migration/node-services.changelog-init.xml::1511451595465-20::R3.Corda
14:02:11.575 [Test worker] DEBUG liquibase - master.changelog.json: migration/node-services.changelog-init.xml::1511451595465-20::R3.Corda: Reading ChangeSet: migration/node-services.changelog-init.xml::1511451595465-20::R3.Corda
14:02:11.575 [Test worker] DEBUG liquibase - master.changelog.json: migration/node-services.changelog-init.xml::1511451595465-20::R3.Corda: Executing Statement: liquibase.statement.core.CreateTableStatement@39f9455
14:02:11.575 [Test worker] DEBUG liquibase - master.changelog.json: migration/node-services.changelog-init.xml::1511451595465-20::R3.Corda: Executing EXECUTE database command: CREATE TABLE PUBLIC.node_transaction_mappings (tx_id NVARCHAR(64) NOT NULL, state_machine_run_id NVARCHAR(36))
14:02:11.576 [Test worker] INFO liquibase - master.changelog.json: migration/node-services.changelog-init.xml::1511451595465-20::R3.Corda: Table node_transaction_mappings created
14:02:11.576 [Test worker] INFO liquibase - master.changelog.json: migration/node-services.changelog-init.xml::1511451595465-20::R3.Corda: ChangeSet migration/node-services.changelog-init.xml::1511451595465-20::R3.Corda ran successfully in 1ms
14:02:11.578 [Test worker] DEBUG liquibase - master.changelog.json: migration/node-services.changelog-init.xml::1511451595465-20::R3.Corda: Executing EXECUTE database command: INSERT INTO PUBLIC.DATABASECHANGELOG (ID, AUTHOR, FILENAME, DATEEXECUTED, ORDEREXECUTED, MD5SUM, DESCRIPTION, COMMENTS, EXECTYPE, CONTEXTS, LABELS, LIQUIBASE, DEPLOYMENT_ID) VALUES ('1511451595465-20', 'R3.Corda', 'migration/node-services.changelog-init.xml', NOW(), 51, '7:f003464d28fe934c636b24e7c72d9c27', 'createTable tableName=node_transaction_mappings', '', 'EXECUTED', NULL, NULL, '3.5.4', '0860130970')
14:02:11.579 [Test worker] DEBUG liquibase - master.changelog.json: migration/node-services.changelog-init.xml::1511451595465-21::R3.Corda: Running Changeset:migration/node-services.changelog-init.xml::1511451595465-21::R3.Corda
14:02:11.579 [Test worker] DEBUG liquibase - master.changelog.json: migration/node-services.changelog-init.xml::1511451595465-21::R3.Corda: Changeset migration/node-services.changelog-init.xml::1511451595465-21::R3.Corda
14:02:11.579 [Test worker] DEBUG liquibase - master.changelog.json: migration/node-services.changelog-init.xml::1511451595465-21::R3.Corda: Reading ChangeSet: migration/node-services.changelog-init.xml::1511451595465-21::R3.Corda
14:02:11.579 [Test worker] DEBUG liquibase - master.changelog.json: migration/node-services.changelog-init.xml::1511451595465-21::R3.Corda: Executing Statement: liquibase.statement.core.CreateTableStatement@60d2a4ca
14:02:11.579 [Test worker] DEBUG liquibase - master.changelog.json: migration/node-services.changelog-init.xml::1511451595465-21::R3.Corda: Executing EXECUTE database command: CREATE TABLE PUBLIC.node_transactions (tx_id NVARCHAR(64) NOT NULL, transaction_value BLOB)
14:02:11.585 [Test worker] INFO liquibase - master.changelog.json: migration/node-services.changelog-init.xml::1511451595465-21::R3.Corda: Table node_transactions created
14:02:11.585 [Test worker] INFO liquibase - master.changelog.json: migration/node-services.changelog-init.xml::1511451595465-21::R3.Corda: ChangeSet migration/node-services.changelog-init.xml::1511451595465-21::R3.Corda ran successfully in 6ms
14:02:11.586 [Test worker] DEBUG liquibase - master.changelog.json: migration/node-services.changelog-init.xml::1511451595465-21::R3.Corda: Executing EXECUTE database command: INSERT INTO PUBLIC.DATABASECHANGELOG (ID, AUTHOR, FILENAME, DATEEXECUTED, ORDEREXECUTED, MD5SUM, DESCRIPTION, COMMENTS, EXECTYPE, CONTEXTS, LABELS, LIQUIBASE, DEPLOYMENT_ID) VALUES ('1511451595465-21', 'R3.Corda', 'migration/node-services.changelog-init.xml', NOW(), 52, '7:8b167e9074e47be66c742aec5661b5d1', 'createTable tableName=node_transactions', '', 'EXECUTED', NULL, NULL, '3.5.4', '0860130970')
14:02:11.588 [Test worker] DEBUG liquibase - master.changelog.json: migration/node-services.changelog-init.xml::1511451595465-30::R3.Corda: Running Changeset:migration/node-services.changelog-init.xml::1511451595465-30::R3.Corda
14:02:11.588 [Test worker] DEBUG liquibase - master.changelog.json: migration/node-services.changelog-init.xml::1511451595465-30::R3.Corda: Changeset migration/node-services.changelog-init.xml::1511451595465-30::R3.Corda
14:02:11.588 [Test worker] DEBUG liquibase - master.changelog.json: migration/node-services.changelog-init.xml::1511451595465-30::R3.Corda: Reading ChangeSet: migration/node-services.changelog-init.xml::1511451595465-30::R3.Corda
14:02:11.588 [Test worker] DEBUG liquibase - master.changelog.json: migration/node-services.changelog-init.xml::1511451595465-30::R3.Corda: Executing Statement: liquibase.statement.core.AddPrimaryKeyStatement@284e63b0
14:02:11.589 [Test worker] DEBUG liquibase - master.changelog.json: migration/node-services.changelog-init.xml::1511451595465-30::R3.Corda: Executing EXECUTE database command: ALTER TABLE PUBLIC.node_attachments ADD CONSTRAINT node_attachments_pkey PRIMARY KEY (att_id)
14:02:11.589 [Test worker] INFO liquibase - master.changelog.json: migration/node-services.changelog-init.xml::1511451595465-30::R3.Corda: Primary key added to node_attachments (att_id)
14:02:11.590 [Test worker] INFO liquibase - master.changelog.json: migration/node-services.changelog-init.xml::1511451595465-30::R3.Corda: ChangeSet migration/node-services.changelog-init.xml::1511451595465-30::R3.Corda ran successfully in 1ms
14:02:11.591 [Test worker] DEBUG liquibase - master.changelog.json: migration/node-services.changelog-init.xml::1511451595465-30::R3.Corda: Executing EXECUTE database command: INSERT INTO PUBLIC.DATABASECHANGELOG (ID, AUTHOR, FILENAME, DATEEXECUTED, ORDEREXECUTED, MD5SUM, DESCRIPTION, COMMENTS, EXECTYPE, CONTEXTS, LABELS, LIQUIBASE, DEPLOYMENT_ID) VALUES ('1511451595465-30', 'R3.Corda', 'migration/node-services.changelog-init.xml', NOW(), 53, '7:4aa12646e41346c10ae1d18b43468b3e', 'addPrimaryKey constraintName=node_attachments_pkey, tableName=node_attachments', '', 'EXECUTED', NULL, NULL, '3.5.4', '0860130970')
14:02:11.592 [Test worker] DEBUG liquibase - master.changelog.json: migration/node-services.changelog-init.xml::1511451595465-32::R3.Corda: Running Changeset:migration/node-services.changelog-init.xml::1511451595465-32::R3.Corda
14:02:11.592 [Test worker] DEBUG liquibase - master.changelog.json: migration/node-services.changelog-init.xml::1511451595465-32::R3.Corda: Changeset migration/node-services.changelog-init.xml::1511451595465-32::R3.Corda
14:02:11.592 [Test worker] DEBUG liquibase - master.changelog.json: migration/node-services.changelog-init.xml::1511451595465-32::R3.Corda: Reading ChangeSet: migration/node-services.changelog-init.xml::1511451595465-32::R3.Corda
14:02:11.592 [Test worker] DEBUG liquibase - master.changelog.json: migration/node-services.changelog-init.xml::1511451595465-32::R3.Corda: Executing Statement: liquibase.statement.core.AddPrimaryKeyStatement@6aab1b88
14:02:11.592 [Test worker] DEBUG liquibase - master.changelog.json: migration/node-services.changelog-init.xml::1511451595465-32::R3.Corda: Executing EXECUTE database command: ALTER TABLE PUBLIC.node_checkpoints ADD CONSTRAINT node_checkpoints_pkey PRIMARY KEY (checkpoint_id)
14:02:11.593 [Test worker] INFO liquibase - master.changelog.json: migration/node-services.changelog-init.xml::1511451595465-32::R3.Corda: Primary key added to node_checkpoints (checkpoint_id)
14:02:11.593 [Test worker] INFO liquibase - master.changelog.json: migration/node-services.changelog-init.xml::1511451595465-32::R3.Corda: ChangeSet migration/node-services.changelog-init.xml::1511451595465-32::R3.Corda ran successfully in 1ms
14:02:11.594 [Test worker] DEBUG liquibase - master.changelog.json: migration/node-services.changelog-init.xml::1511451595465-32::R3.Corda: Executing EXECUTE database command: INSERT INTO PUBLIC.DATABASECHANGELOG (ID, AUTHOR, FILENAME, DATEEXECUTED, ORDEREXECUTED, MD5SUM, DESCRIPTION, COMMENTS, EXECTYPE, CONTEXTS, LABELS, LIQUIBASE, DEPLOYMENT_ID) VALUES ('1511451595465-32', 'R3.Corda', 'migration/node-services.changelog-init.xml', NOW(), 54, '7:fa0f2ed27615a3fd2b799bb27b447a36', 'addPrimaryKey constraintName=node_checkpoints_pkey, tableName=node_checkpoints', '', 'EXECUTED', NULL, NULL, '3.5.4', '0860130970')
14:02:11.626 [Test worker] DEBUG liquibase - master.changelog.json: migration/node-services.changelog-init.xml::1511451595465-33::R3.Corda: Running Changeset:migration/node-services.changelog-init.xml::1511451595465-33::R3.Corda
14:02:11.626 [Test worker] DEBUG liquibase - master.changelog.json: migration/node-services.changelog-init.xml::1511451595465-33::R3.Corda: Changeset migration/node-services.changelog-init.xml::1511451595465-33::R3.Corda
14:02:11.626 [Test worker] DEBUG liquibase - master.changelog.json: migration/node-services.changelog-init.xml::1511451595465-33::R3.Corda: Reading ChangeSet: migration/node-services.changelog-init.xml::1511451595465-33::R3.Corda
14:02:11.626 [Test worker] DEBUG liquibase - master.changelog.json: migration/node-services.changelog-init.xml::1511451595465-33::R3.Corda: Executing Statement: liquibase.statement.core.AddPrimaryKeyStatement@4c2dabaa
14:02:11.627 [Test worker] DEBUG liquibase - master.changelog.json: migration/node-services.changelog-init.xml::1511451595465-33::R3.Corda: Executing EXECUTE database command: ALTER TABLE PUBLIC.node_contract_upgrades ADD CONSTRAINT node_contract_upgrades_pkey PRIMARY KEY (state_ref)
14:02:11.628 [Test worker] INFO liquibase - master.changelog.json: migration/node-services.changelog-init.xml::1511451595465-33::R3.Corda: Primary key added to node_contract_upgrades (state_ref)
14:02:11.628 [Test worker] INFO liquibase - master.changelog.json: migration/node-services.changelog-init.xml::1511451595465-33::R3.Corda: ChangeSet migration/node-services.changelog-init.xml::1511451595465-33::R3.Corda ran successfully in 2ms
14:02:11.629 [Test worker] DEBUG liquibase - master.changelog.json: migration/node-services.changelog-init.xml::1511451595465-33::R3.Corda: Executing EXECUTE database command: INSERT INTO PUBLIC.DATABASECHANGELOG (ID, AUTHOR, FILENAME, DATEEXECUTED, ORDEREXECUTED, MD5SUM, DESCRIPTION, COMMENTS, EXECTYPE, CONTEXTS, LABELS, LIQUIBASE, DEPLOYMENT_ID) VALUES ('1511451595465-33', 'R3.Corda', 'migration/node-services.changelog-init.xml', NOW(), 55, '7:37e38ccee8d375f364abca393727eec7', 'addPrimaryKey constraintName=node_contract_upgrades_pkey, tableName=node_contract_upgrades', '', 'EXECUTED', NULL, NULL, '3.5.4', '0860130970')
14:02:11.630 [Test worker] DEBUG liquibase - master.changelog.json: migration/node-services.changelog-init.xml::1511451595465-34::R3.Corda: Running Changeset:migration/node-services.changelog-init.xml::1511451595465-34::R3.Corda
14:02:11.630 [Test worker] DEBUG liquibase - master.changelog.json: migration/node-services.changelog-init.xml::1511451595465-34::R3.Corda: Changeset migration/node-services.changelog-init.xml::1511451595465-34::R3.Corda
14:02:11.630 [Test worker] DEBUG liquibase - master.changelog.json: migration/node-services.changelog-init.xml::1511451595465-34::R3.Corda: Reading ChangeSet: migration/node-services.changelog-init.xml::1511451595465-34::R3.Corda
14:02:11.630 [Test worker] DEBUG liquibase - master.changelog.json: migration/node-services.changelog-init.xml::1511451595465-34::R3.Corda: Executing Statement: liquibase.statement.core.AddPrimaryKeyStatement@4e54333c
14:02:11.630 [Test worker] DEBUG liquibase - master.changelog.json: migration/node-services.changelog-init.xml::1511451595465-34::R3.Corda: Executing EXECUTE database command: ALTER TABLE PUBLIC.node_identities ADD CONSTRAINT node_identities_pkey PRIMARY KEY (pk_hash)
14:02:11.631 [Test worker] INFO liquibase - master.changelog.json: migration/node-services.changelog-init.xml::1511451595465-34::R3.Corda: Primary key added to node_identities (pk_hash)
14:02:11.631 [Test worker] INFO liquibase - master.changelog.json: migration/node-services.changelog-init.xml::1511451595465-34::R3.Corda: ChangeSet migration/node-services.changelog-init.xml::1511451595465-34::R3.Corda ran successfully in 1ms
14:02:11.632 [Test worker] DEBUG liquibase - master.changelog.json: migration/node-services.changelog-init.xml::1511451595465-34::R3.Corda: Executing EXECUTE database command: INSERT INTO PUBLIC.DATABASECHANGELOG (ID, AUTHOR, FILENAME, DATEEXECUTED, ORDEREXECUTED, MD5SUM, DESCRIPTION, COMMENTS, EXECTYPE, CONTEXTS, LABELS, LIQUIBASE, DEPLOYMENT_ID) VALUES ('1511451595465-34', 'R3.Corda', 'migration/node-services.changelog-init.xml', NOW(), 56, '7:43d4f1fd6b4b69fcd6b046d8806c8f50', 'addPrimaryKey constraintName=node_identities_pkey, tableName=node_identities', '', 'EXECUTED', NULL, NULL, '3.5.4', '0860130970')
14:02:11.634 [Test worker] DEBUG liquibase - master.changelog.json: migration/node-services.changelog-init.xml::1511451595465-38::R3.Corda: Running Changeset:migration/node-services.changelog-init.xml::1511451595465-38::R3.Corda
14:02:11.634 [Test worker] DEBUG liquibase - master.changelog.json: migration/node-services.changelog-init.xml::1511451595465-38::R3.Corda: Changeset migration/node-services.changelog-init.xml::1511451595465-38::R3.Corda
14:02:11.634 [Test worker] DEBUG liquibase - master.changelog.json: migration/node-services.changelog-init.xml::1511451595465-38::R3.Corda: Reading ChangeSet: migration/node-services.changelog-init.xml::1511451595465-38::R3.Corda
14:02:11.634 [Test worker] DEBUG liquibase - master.changelog.json: migration/node-services.changelog-init.xml::1511451595465-38::R3.Corda: Executing Statement: liquibase.statement.core.AddPrimaryKeyStatement@2b83403f
14:02:11.634 [Test worker] DEBUG liquibase - master.changelog.json: migration/node-services.changelog-init.xml::1511451595465-38::R3.Corda: Executing EXECUTE database command: ALTER TABLE PUBLIC.node_message_ids ADD CONSTRAINT node_message_ids_pkey PRIMARY KEY (message_id)
14:02:11.635 [Test worker] INFO liquibase - master.changelog.json: migration/node-services.changelog-init.xml::1511451595465-38::R3.Corda: Primary key added to node_message_ids (message_id)
14:02:11.635 [Test worker] INFO liquibase - master.changelog.json: migration/node-services.changelog-init.xml::1511451595465-38::R3.Corda: ChangeSet migration/node-services.changelog-init.xml::1511451595465-38::R3.Corda ran successfully in 1ms
14:02:11.637 [Test worker] DEBUG liquibase - master.changelog.json: migration/node-services.changelog-init.xml::1511451595465-38::R3.Corda: Executing EXECUTE database command: INSERT INTO PUBLIC.DATABASECHANGELOG (ID, AUTHOR, FILENAME, DATEEXECUTED, ORDEREXECUTED, MD5SUM, DESCRIPTION, COMMENTS, EXECTYPE, CONTEXTS, LABELS, LIQUIBASE, DEPLOYMENT_ID) VALUES ('1511451595465-38', 'R3.Corda', 'migration/node-services.changelog-init.xml', NOW(), 57, '7:37825d1c920089f5d1d8667fae2a0770', 'addPrimaryKey constraintName=node_message_ids_pkey, tableName=node_message_ids', '', 'EXECUTED', NULL, NULL, '3.5.4', '0860130970')
14:02:11.643 [Test worker] DEBUG liquibase - master.changelog.json: migration/node-services.changelog-init.xml::1511451595465-39::R3.Corda: Running Changeset:migration/node-services.changelog-init.xml::1511451595465-39::R3.Corda
14:02:11.654 [Test worker] DEBUG liquibase - master.changelog.json: migration/node-services.changelog-init.xml::1511451595465-39::R3.Corda: Changeset migration/node-services.changelog-init.xml::1511451595465-39::R3.Corda
14:02:11.654 [Test worker] DEBUG liquibase - master.changelog.json: migration/node-services.changelog-init.xml::1511451595465-39::R3.Corda: Reading ChangeSet: migration/node-services.changelog-init.xml::1511451595465-39::R3.Corda
14:02:11.654 [Test worker] DEBUG liquibase - master.changelog.json: migration/node-services.changelog-init.xml::1511451595465-39::R3.Corda: Executing Statement: liquibase.statement.core.AddPrimaryKeyStatement@2847e0dc
14:02:11.654 [Test worker] DEBUG liquibase - master.changelog.json: migration/node-services.changelog-init.xml::1511451595465-39::R3.Corda: Executing EXECUTE database command: ALTER TABLE PUBLIC.node_message_retry ADD CONSTRAINT node_message_retry_pkey PRIMARY KEY (message_id)
14:02:11.655 [Test worker] INFO liquibase - master.changelog.json: migration/node-services.changelog-init.xml::1511451595465-39::R3.Corda: Primary key added to node_message_retry (message_id)
14:02:11.655 [Test worker] INFO liquibase - master.changelog.json: migration/node-services.changelog-init.xml::1511451595465-39::R3.Corda: ChangeSet migration/node-services.changelog-init.xml::1511451595465-39::R3.Corda ran successfully in 1ms
14:02:11.657 [Test worker] DEBUG liquibase - master.changelog.json: migration/node-services.changelog-init.xml::1511451595465-39::R3.Corda: Executing EXECUTE database command: INSERT INTO PUBLIC.DATABASECHANGELOG (ID, AUTHOR, FILENAME, DATEEXECUTED, ORDEREXECUTED, MD5SUM, DESCRIPTION, COMMENTS, EXECTYPE, CONTEXTS, LABELS, LIQUIBASE, DEPLOYMENT_ID) VALUES ('1511451595465-39', 'R3.Corda', 'migration/node-services.changelog-init.xml', NOW(), 58, '7:7cc6fa875e39740c709235ff27960561', 'addPrimaryKey constraintName=node_message_retry_pkey, tableName=node_message_retry', '', 'EXECUTED', NULL, NULL, '3.5.4', '0860130970')
14:02:11.658 [Test worker] DEBUG liquibase - master.changelog.json: migration/node-services.changelog-init.xml::1511451595465-40::R3.Corda: Running Changeset:migration/node-services.changelog-init.xml::1511451595465-40::R3.Corda
14:02:11.658 [Test worker] DEBUG liquibase - master.changelog.json: migration/node-services.changelog-init.xml::1511451595465-40::R3.Corda: Changeset migration/node-services.changelog-init.xml::1511451595465-40::R3.Corda
14:02:11.658 [Test worker] DEBUG liquibase - master.changelog.json: migration/node-services.changelog-init.xml::1511451595465-40::R3.Corda: Reading ChangeSet: migration/node-services.changelog-init.xml::1511451595465-40::R3.Corda
14:02:11.658 [Test worker] DEBUG liquibase - master.changelog.json: migration/node-services.changelog-init.xml::1511451595465-40::R3.Corda: Executing Statement: liquibase.statement.core.AddPrimaryKeyStatement@647aae5d
14:02:11.658 [Test worker] DEBUG liquibase - master.changelog.json: migration/node-services.changelog-init.xml::1511451595465-40::R3.Corda: Executing EXECUTE database command: ALTER TABLE PUBLIC.node_named_identities ADD CONSTRAINT node_named_identities_pkey PRIMARY KEY (name)
14:02:11.658 [Test worker] INFO liquibase - master.changelog.json: migration/node-services.changelog-init.xml::1511451595465-40::R3.Corda: Primary key added to node_named_identities (name)
14:02:11.658 [Test worker] INFO liquibase - master.changelog.json: migration/node-services.changelog-init.xml::1511451595465-40::R3.Corda: ChangeSet migration/node-services.changelog-init.xml::1511451595465-40::R3.Corda ran successfully in 0ms
14:02:11.662 [Test worker] DEBUG liquibase - master.changelog.json: migration/node-services.changelog-init.xml::1511451595465-40::R3.Corda: Executing EXECUTE database command: INSERT INTO PUBLIC.DATABASECHANGELOG (ID, AUTHOR, FILENAME, DATEEXECUTED, ORDEREXECUTED, MD5SUM, DESCRIPTION, COMMENTS, EXECTYPE, CONTEXTS, LABELS, LIQUIBASE, DEPLOYMENT_ID) VALUES ('1511451595465-40', 'R3.Corda', 'migration/node-services.changelog-init.xml', NOW(), 59, '7:9fac7485c58064b7e7ddce0bd1af86c4', 'addPrimaryKey constraintName=node_named_identities_pkey, tableName=node_named_identities', '', 'EXECUTED', NULL, NULL, '3.5.4', '0860130970')
14:02:11.663 [Test worker] DEBUG liquibase - master.changelog.json: migration/node-services.changelog-init.xml::1511451595465-42::R3.Corda: Running Changeset:migration/node-services.changelog-init.xml::1511451595465-42::R3.Corda
14:02:11.663 [Test worker] DEBUG liquibase - master.changelog.json: migration/node-services.changelog-init.xml::1511451595465-42::R3.Corda: Changeset migration/node-services.changelog-init.xml::1511451595465-42::R3.Corda
14:02:11.663 [Test worker] DEBUG liquibase - master.changelog.json: migration/node-services.changelog-init.xml::1511451595465-42::R3.Corda: Reading ChangeSet: migration/node-services.changelog-init.xml::1511451595465-42::R3.Corda
14:02:11.663 [Test worker] DEBUG liquibase - master.changelog.json: migration/node-services.changelog-init.xml::1511451595465-42::R3.Corda: Executing Statement: liquibase.statement.core.AddPrimaryKeyStatement@7dbcfa15
14:02:11.663 [Test worker] DEBUG liquibase - master.changelog.json: migration/node-services.changelog-init.xml::1511451595465-42::R3.Corda: Executing EXECUTE database command: ALTER TABLE PUBLIC.node_our_key_pairs ADD CONSTRAINT node_our_key_pairs_pkey PRIMARY KEY (public_key_hash)
14:02:11.664 [Test worker] INFO liquibase - master.changelog.json: migration/node-services.changelog-init.xml::1511451595465-42::R3.Corda: Primary key added to node_our_key_pairs (public_key_hash)
14:02:11.664 [Test worker] INFO liquibase - master.changelog.json: migration/node-services.changelog-init.xml::1511451595465-42::R3.Corda: ChangeSet migration/node-services.changelog-init.xml::1511451595465-42::R3.Corda ran successfully in 1ms
14:02:11.665 [Test worker] DEBUG liquibase - master.changelog.json: migration/node-services.changelog-init.xml::1511451595465-42::R3.Corda: Executing EXECUTE database command: INSERT INTO PUBLIC.DATABASECHANGELOG (ID, AUTHOR, FILENAME, DATEEXECUTED, ORDEREXECUTED, MD5SUM, DESCRIPTION, COMMENTS, EXECTYPE, CONTEXTS, LABELS, LIQUIBASE, DEPLOYMENT_ID) VALUES ('1511451595465-42', 'R3.Corda', 'migration/node-services.changelog-init.xml', NOW(), 60, '7:e3644c4b7315958cfb3a3cd4a3f40946', 'addPrimaryKey constraintName=node_our_key_pairs_pkey, tableName=node_our_key_pairs', '', 'EXECUTED', NULL, NULL, '3.5.4', '0860130970')
14:02:11.666 [Test worker] DEBUG liquibase - master.changelog.json: migration/node-services.changelog-init.xml::1511451595465-44::R3.Corda: Running Changeset:migration/node-services.changelog-init.xml::1511451595465-44::R3.Corda
14:02:11.666 [Test worker] DEBUG liquibase - master.changelog.json: migration/node-services.changelog-init.xml::1511451595465-44::R3.Corda: Changeset migration/node-services.changelog-init.xml::1511451595465-44::R3.Corda
14:02:11.666 [Test worker] DEBUG liquibase - master.changelog.json: migration/node-services.changelog-init.xml::1511451595465-44::R3.Corda: Reading ChangeSet: migration/node-services.changelog-init.xml::1511451595465-44::R3.Corda
14:02:11.666 [Test worker] DEBUG liquibase - master.changelog.json: migration/node-services.changelog-init.xml::1511451595465-44::R3.Corda: Executing Statement: liquibase.statement.core.AddPrimaryKeyStatement@669e8dd4
14:02:11.667 [Test worker] DEBUG liquibase - master.changelog.json: migration/node-services.changelog-init.xml::1511451595465-44::R3.Corda: Executing EXECUTE database command: ALTER TABLE PUBLIC.node_scheduled_states ADD CONSTRAINT node_scheduled_states_pkey PRIMARY KEY (output_index, transaction_id)
14:02:11.667 [Test worker] INFO liquibase - master.changelog.json: migration/node-services.changelog-init.xml::1511451595465-44::R3.Corda: Primary key added to node_scheduled_states (output_index, transaction_id)
14:02:11.668 [Test worker] INFO liquibase - master.changelog.json: migration/node-services.changelog-init.xml::1511451595465-44::R3.Corda: ChangeSet migration/node-services.changelog-init.xml::1511451595465-44::R3.Corda ran successfully in 2ms
14:02:11.669 [Test worker] DEBUG liquibase - master.changelog.json: migration/node-services.changelog-init.xml::1511451595465-44::R3.Corda: Executing EXECUTE database command: INSERT INTO PUBLIC.DATABASECHANGELOG (ID, AUTHOR, FILENAME, DATEEXECUTED, ORDEREXECUTED, MD5SUM, DESCRIPTION, COMMENTS, EXECTYPE, CONTEXTS, LABELS, LIQUIBASE, DEPLOYMENT_ID) VALUES ('1511451595465-44', 'R3.Corda', 'migration/node-services.changelog-init.xml', NOW(), 61, '7:122e6cc40f7e50d8c9ffeb46861ed786', 'addPrimaryKey constraintName=node_scheduled_states_pkey, tableName=node_scheduled_states', '', 'EXECUTED', NULL, NULL, '3.5.4', '0860130970')
14:02:11.670 [Test worker] DEBUG liquibase - master.changelog.json: migration/node-services.changelog-init.xml::1511451595465-45::R3.Corda: Running Changeset:migration/node-services.changelog-init.xml::1511451595465-45::R3.Corda
14:02:11.670 [Test worker] DEBUG liquibase - master.changelog.json: migration/node-services.changelog-init.xml::1511451595465-45::R3.Corda: Changeset migration/node-services.changelog-init.xml::1511451595465-45::R3.Corda
14:02:11.670 [Test worker] DEBUG liquibase - master.changelog.json: migration/node-services.changelog-init.xml::1511451595465-45::R3.Corda: Reading ChangeSet: migration/node-services.changelog-init.xml::1511451595465-45::R3.Corda
14:02:11.670 [Test worker] DEBUG liquibase - master.changelog.json: migration/node-services.changelog-init.xml::1511451595465-45::R3.Corda: Executing Statement: liquibase.statement.core.AddPrimaryKeyStatement@6528b565
14:02:11.670 [Test worker] DEBUG liquibase - master.changelog.json: migration/node-services.changelog-init.xml::1511451595465-45::R3.Corda: Executing EXECUTE database command: ALTER TABLE PUBLIC.node_transaction_mappings ADD CONSTRAINT node_transaction_mappings_pkey PRIMARY KEY (tx_id)
14:02:11.671 [Test worker] INFO liquibase - master.changelog.json: migration/node-services.changelog-init.xml::1511451595465-45::R3.Corda: Primary key added to node_transaction_mappings (tx_id)
14:02:11.671 [Test worker] INFO liquibase - master.changelog.json: migration/node-services.changelog-init.xml::1511451595465-45::R3.Corda: ChangeSet migration/node-services.changelog-init.xml::1511451595465-45::R3.Corda ran successfully in 1ms
14:02:11.672 [Test worker] DEBUG liquibase - master.changelog.json: migration/node-services.changelog-init.xml::1511451595465-45::R3.Corda: Executing EXECUTE database command: INSERT INTO PUBLIC.DATABASECHANGELOG (ID, AUTHOR, FILENAME, DATEEXECUTED, ORDEREXECUTED, MD5SUM, DESCRIPTION, COMMENTS, EXECTYPE, CONTEXTS, LABELS, LIQUIBASE, DEPLOYMENT_ID) VALUES ('1511451595465-45', 'R3.Corda', 'migration/node-services.changelog-init.xml', NOW(), 62, '7:c4ba1fcc19b22e52678633b13053eaa1', 'addPrimaryKey constraintName=node_transaction_mappings_pkey, tableName=node_transaction_mappings', '', 'EXECUTED', NULL, NULL, '3.5.4', '0860130970')
14:02:11.673 [Test worker] DEBUG liquibase - master.changelog.json: migration/node-services.changelog-init.xml::1511451595465-46::R3.Corda: Running Changeset:migration/node-services.changelog-init.xml::1511451595465-46::R3.Corda
14:02:11.673 [Test worker] DEBUG liquibase - master.changelog.json: migration/node-services.changelog-init.xml::1511451595465-46::R3.Corda: Changeset migration/node-services.changelog-init.xml::1511451595465-46::R3.Corda
14:02:11.673 [Test worker] DEBUG liquibase - master.changelog.json: migration/node-services.changelog-init.xml::1511451595465-46::R3.Corda: Reading ChangeSet: migration/node-services.changelog-init.xml::1511451595465-46::R3.Corda
14:02:11.673 [Test worker] DEBUG liquibase - master.changelog.json: migration/node-services.changelog-init.xml::1511451595465-46::R3.Corda: Executing Statement: liquibase.statement.core.AddPrimaryKeyStatement@58d00331
14:02:11.673 [Test worker] DEBUG liquibase - master.changelog.json: migration/node-services.changelog-init.xml::1511451595465-46::R3.Corda: Executing EXECUTE database command: ALTER TABLE PUBLIC.node_transactions ADD CONSTRAINT node_transactions_pkey PRIMARY KEY (tx_id)
14:02:11.674 [Test worker] INFO liquibase - master.changelog.json: migration/node-services.changelog-init.xml::1511451595465-46::R3.Corda: Primary key added to node_transactions (tx_id)
14:02:11.674 [Test worker] INFO liquibase - master.changelog.json: migration/node-services.changelog-init.xml::1511451595465-46::R3.Corda: ChangeSet migration/node-services.changelog-init.xml::1511451595465-46::R3.Corda ran successfully in 1ms
14:02:11.683 [Test worker] DEBUG liquibase - master.changelog.json: migration/node-services.changelog-init.xml::1511451595465-46::R3.Corda: Executing EXECUTE database command: INSERT INTO PUBLIC.DATABASECHANGELOG (ID, AUTHOR, FILENAME, DATEEXECUTED, ORDEREXECUTED, MD5SUM, DESCRIPTION, COMMENTS, EXECTYPE, CONTEXTS, LABELS, LIQUIBASE, DEPLOYMENT_ID) VALUES ('1511451595465-46', 'R3.Corda', 'migration/node-services.changelog-init.xml', NOW(), 63, '7:1a41a33c68c6f56be99cbfa9af7c2646', 'addPrimaryKey constraintName=node_transactions_pkey, tableName=node_transactions', '', 'EXECUTED', NULL, NULL, '3.5.4', '0860130970')
14:02:11.684 [Test worker] DEBUG liquibase - master.changelog.json: migration/node-services.changelog-init.xml::1511451595465-61::R3.Corda: Running Changeset:migration/node-services.changelog-init.xml::1511451595465-61::R3.Corda
14:02:11.685 [Test worker] DEBUG liquibase - master.changelog.json: migration/node-services.changelog-init.xml::1511451595465-61::R3.Corda: Changeset migration/node-services.changelog-init.xml::1511451595465-61::R3.Corda
14:02:11.685 [Test worker] DEBUG liquibase - master.changelog.json: migration/node-services.changelog-init.xml::1511451595465-61::R3.Corda: Reading ChangeSet: migration/node-services.changelog-init.xml::1511451595465-61::R3.Corda
14:02:11.685 [Test worker] DEBUG liquibase - master.changelog.json: migration/node-services.changelog-init.xml::1511451595465-61::R3.Corda: Executing Statement: liquibase.statement.core.AddForeignKeyConstraintStatement@1a60a885
14:02:11.685 [Test worker] DEBUG liquibase - master.changelog.json: migration/node-services.changelog-init.xml::1511451595465-61::R3.Corda: Executing EXECUTE database command: ALTER TABLE PUBLIC.node_link_nodeinfo_party ADD CONSTRAINT FK__link_ni_p__info_p_cert FOREIGN KEY (party_name) REFERENCES PUBLIC.node_info_party_cert (party_name)
14:02:11.687 [Test worker] INFO liquibase - master.changelog.json: migration/node-services.changelog-init.xml::1511451595465-61::R3.Corda: Foreign key constraint added to node_link_nodeinfo_party (party_name)
14:02:11.687 [Test worker] INFO liquibase - master.changelog.json: migration/node-services.changelog-init.xml::1511451595465-61::R3.Corda: ChangeSet migration/node-services.changelog-init.xml::1511451595465-61::R3.Corda ran successfully in 2ms
14:02:11.689 [Test worker] DEBUG liquibase - master.changelog.json: migration/node-services.changelog-init.xml::1511451595465-61::R3.Corda: Executing EXECUTE database command: INSERT INTO PUBLIC.DATABASECHANGELOG (ID, AUTHOR, FILENAME, DATEEXECUTED, ORDEREXECUTED, MD5SUM, DESCRIPTION, COMMENTS, EXECTYPE, CONTEXTS, LABELS, LIQUIBASE, DEPLOYMENT_ID) VALUES ('1511451595465-61', 'R3.Corda', 'migration/node-services.changelog-init.xml', NOW(), 64, '7:f753db641a982caad48d7169dafbc854', 'addForeignKeyConstraint baseTableName=node_link_nodeinfo_party, constraintName=FK__link_ni_p__info_p_cert, referencedTableName=node_info_party_cert', '', 'EXECUTED', NULL, NULL, '3.5.4', '0860130970')
14:02:11.690 [Test worker] DEBUG liquibase - master.changelog.json: migration/node-services.changelog-init.xml::add index att_id::R3.Corda: Running Changeset:migration/node-services.changelog-init.xml::add index att_id::R3.Corda
14:02:11.690 [Test worker] DEBUG liquibase - master.changelog.json: migration/node-services.changelog-init.xml::add index att_id::R3.Corda: Changeset migration/node-services.changelog-init.xml::add index att_id::R3.Corda
14:02:11.690 [Test worker] DEBUG liquibase - master.changelog.json: migration/node-services.changelog-init.xml::add index att_id::R3.Corda: Reading ChangeSet: migration/node-services.changelog-init.xml::add index att_id::R3.Corda
14:02:11.690 [Test worker] DEBUG liquibase - master.changelog.json: migration/node-services.changelog-init.xml::add index att_id::R3.Corda: Executing Statement: liquibase.statement.core.CreateIndexStatement@7397ba1
14:02:11.690 [Test worker] DEBUG liquibase - master.changelog.json: migration/node-services.changelog-init.xml::add index att_id::R3.Corda: Executing EXECUTE database command: CREATE INDEX PUBLIC.att_id_idx ON PUBLIC.node_attachments(att_id)
14:02:11.691 [Test worker] INFO liquibase - master.changelog.json: migration/node-services.changelog-init.xml::add index att_id::R3.Corda: Index att_id_idx created
14:02:11.691 [Test worker] INFO liquibase - master.changelog.json: migration/node-services.changelog-init.xml::add index att_id::R3.Corda: ChangeSet migration/node-services.changelog-init.xml::add index att_id::R3.Corda ran successfully in 1ms
14:02:11.692 [Test worker] DEBUG liquibase - master.changelog.json: migration/node-services.changelog-init.xml::add index att_id::R3.Corda: Executing EXECUTE database command: INSERT INTO PUBLIC.DATABASECHANGELOG (ID, AUTHOR, FILENAME, DATEEXECUTED, ORDEREXECUTED, MD5SUM, DESCRIPTION, COMMENTS, EXECTYPE, CONTEXTS, LABELS, LIQUIBASE, DEPLOYMENT_ID) VALUES ('add index att_id', 'R3.Corda', 'migration/node-services.changelog-init.xml', NOW(), 65, '7:302188110e9124abd4ef58020255fbb0', 'createIndex indexName=att_id_idx, tableName=node_attachments', '', 'EXECUTED', NULL, NULL, '3.5.4', '0860130970')
14:02:11.696 [Test worker] DEBUG liquibase - master.changelog.json: migration/node-services.changelog-init.xml::add_contract_attachment::R3.Corda: Running Changeset:migration/node-services.changelog-init.xml::add_contract_attachment::R3.Corda
14:02:11.696 [Test worker] DEBUG liquibase - master.changelog.json: migration/node-services.changelog-init.xml::add_contract_attachment::R3.Corda: Changeset migration/node-services.changelog-init.xml::add_contract_attachment::R3.Corda
14:02:11.696 [Test worker] DEBUG liquibase - master.changelog.json: migration/node-services.changelog-init.xml::add_contract_attachment::R3.Corda: Reading ChangeSet: migration/node-services.changelog-init.xml::add_contract_attachment::R3.Corda
14:02:11.696 [Test worker] DEBUG liquibase - master.changelog.json: migration/node-services.changelog-init.xml::add_contract_attachment::R3.Corda: Executing Statement: liquibase.statement.core.CreateTableStatement@7925c6f0
14:02:11.696 [Test worker] DEBUG liquibase - master.changelog.json: migration/node-services.changelog-init.xml::add_contract_attachment::R3.Corda: Executing EXECUTE database command: CREATE TABLE PUBLIC.node_attchments_contracts (att_id NVARCHAR(255) NOT NULL, contract_class_name NVARCHAR(255))
14:02:11.697 [Test worker] INFO liquibase - master.changelog.json: migration/node-services.changelog-init.xml::add_contract_attachment::R3.Corda: Table node_attchments_contracts created
14:02:11.697 [Test worker] DEBUG liquibase - master.changelog.json: migration/node-services.changelog-init.xml::add_contract_attachment::R3.Corda: Executing Statement: liquibase.statement.core.AddForeignKeyConstraintStatement@1edbc256
14:02:11.697 [Test worker] DEBUG liquibase - master.changelog.json: migration/node-services.changelog-init.xml::add_contract_attachment::R3.Corda: Executing EXECUTE database command: ALTER TABLE PUBLIC.node_attchments_contracts ADD CONSTRAINT FK__ctr_class__attachments FOREIGN KEY (att_id) REFERENCES PUBLIC.node_attachments (att_id)
14:02:11.699 [Test worker] INFO liquibase - master.changelog.json: migration/node-services.changelog-init.xml::add_contract_attachment::R3.Corda: Foreign key constraint added to node_attchments_contracts (att_id)
14:02:11.699 [Test worker] DEBUG liquibase - master.changelog.json: migration/node-services.changelog-init.xml::add_contract_attachment::R3.Corda: Executing Statement: liquibase.statement.core.DeleteStatement@23927f80
14:02:11.699 [Test worker] DEBUG liquibase - master.changelog.json: migration/node-services.changelog-init.xml::add_contract_attachment::R3.Corda: Executing EXECUTE database command: DELETE FROM PUBLIC.node_attachments
14:02:11.699 [Test worker] INFO liquibase - master.changelog.json: migration/node-services.changelog-init.xml::add_contract_attachment::R3.Corda: Data deleted from node_attachments
14:02:11.699 [Test worker] INFO liquibase - master.changelog.json: migration/node-services.changelog-init.xml::add_contract_attachment::R3.Corda: ChangeSet migration/node-services.changelog-init.xml::add_contract_attachment::R3.Corda ran successfully in 3ms
14:02:11.719 [Test worker] DEBUG liquibase - master.changelog.json: migration/node-services.changelog-init.xml::add_contract_attachment::R3.Corda: Executing EXECUTE database command: INSERT INTO PUBLIC.DATABASECHANGELOG (ID, AUTHOR, FILENAME, DATEEXECUTED, ORDEREXECUTED, MD5SUM, DESCRIPTION, COMMENTS, EXECTYPE, CONTEXTS, LABELS, LIQUIBASE, DEPLOYMENT_ID) VALUES ('add_contract_attachment', 'R3.Corda', 'migration/node-services.changelog-init.xml', NOW(), 66, '7:2cfbc6a84cfcd7b8ce011b58aa70f584', 'createTable tableName=node_attchments_contracts; addForeignKeyConstraint baseTableName=node_attchments_contracts, constraintName=FK__ctr_class__attachments, referencedTableName=node_attachments; delete tableName=node_attachments', '', 'EXECUTED', NULL, NULL, '3.5.4', '0860130970')
14:02:11.719 [Test worker] DEBUG liquibase - master.changelog.json: migration/node-services.changelog-init.xml::add_dedup_columns::R3.Corda: Running Changeset:migration/node-services.changelog-init.xml::add_dedup_columns::R3.Corda
14:02:11.720 [Test worker] DEBUG liquibase - master.changelog.json: migration/node-services.changelog-init.xml::add_dedup_columns::R3.Corda: Changeset migration/node-services.changelog-init.xml::add_dedup_columns::R3.Corda
14:02:11.720 [Test worker] DEBUG liquibase - master.changelog.json: migration/node-services.changelog-init.xml::add_dedup_columns::R3.Corda: Reading ChangeSet: migration/node-services.changelog-init.xml::add_dedup_columns::R3.Corda
14:02:11.720 [Test worker] DEBUG liquibase - master.changelog.json: migration/node-services.changelog-init.xml::add_dedup_columns::R3.Corda: Executing Statement: liquibase.statement.core.AddColumnStatement@716c8aef
14:02:11.720 [Test worker] DEBUG liquibase - master.changelog.json: migration/node-services.changelog-init.xml::add_dedup_columns::R3.Corda: Executing EXECUTE database command: ALTER TABLE PUBLIC.node_message_ids ADD sender NVARCHAR(64)
14:02:11.731 [Test worker] DEBUG liquibase - master.changelog.json: migration/node-services.changelog-init.xml::add_dedup_columns::R3.Corda: Executing EXECUTE database command: ALTER TABLE PUBLIC.node_message_ids ADD sequence_number BIGINT
14:02:11.745 [Test worker] INFO liquibase - master.changelog.json: migration/node-services.changelog-init.xml::add_dedup_columns::R3.Corda: Columns sender(NVARCHAR(64)),sequence_number(BIGINT) added to node_message_ids
14:02:11.745 [Test worker] INFO liquibase - master.changelog.json: migration/node-services.changelog-init.xml::add_dedup_columns::R3.Corda: ChangeSet migration/node-services.changelog-init.xml::add_dedup_columns::R3.Corda ran successfully in 25ms
14:02:11.747 [Test worker] DEBUG liquibase - master.changelog.json: migration/node-services.changelog-init.xml::add_dedup_columns::R3.Corda: Executing EXECUTE database command: INSERT INTO PUBLIC.DATABASECHANGELOG (ID, AUTHOR, FILENAME, DATEEXECUTED, ORDEREXECUTED, MD5SUM, DESCRIPTION, COMMENTS, EXECTYPE, CONTEXTS, LABELS, LIQUIBASE, DEPLOYMENT_ID) VALUES ('add_dedup_columns', 'R3.Corda', 'migration/node-services.changelog-init.xml', NOW(), 67, '7:376ede2552aa97e8abf9d9a808c16692', 'addColumn tableName=node_message_ids', '', 'EXECUTED', NULL, NULL, '3.5.4', '0860130970')
14:02:11.754 [Test worker] DEBUG liquibase - master.changelog.json: migration/node-core.changelog-v4.xml::attchments_rename::R3.Corda: Running Changeset:migration/node-core.changelog-v4.xml::attchments_rename::R3.Corda
14:02:11.754 [Test worker] DEBUG liquibase - master.changelog.json: migration/node-core.changelog-v4.xml::attchments_rename::R3.Corda: Changeset migration/node-core.changelog-v4.xml::attchments_rename::R3.Corda
14:02:11.754 [Test worker] DEBUG liquibase - master.changelog.json: migration/node-core.changelog-v4.xml::attchments_rename::R3.Corda: Reading ChangeSet: migration/node-core.changelog-v4.xml::attchments_rename::R3.Corda
14:02:11.754 [Test worker] DEBUG liquibase - master.changelog.json: migration/node-core.changelog-v4.xml::attchments_rename::R3.Corda: Executing Statement: liquibase.statement.core.RenameTableStatement@23b71d0f
14:02:11.754 [Test worker] DEBUG liquibase - master.changelog.json: migration/node-core.changelog-v4.xml::attchments_rename::R3.Corda: Executing EXECUTE database command: ALTER TABLE PUBLIC.node_attchments_contracts RENAME TO node_attachments_contracts
14:02:11.755 [Test worker] INFO liquibase - master.changelog.json: migration/node-core.changelog-v4.xml::attchments_rename::R3.Corda: Table node_attchments_contracts renamed to node_attachments_contracts
14:02:11.755 [Test worker] INFO liquibase - master.changelog.json: migration/node-core.changelog-v4.xml::attchments_rename::R3.Corda: ChangeSet migration/node-core.changelog-v4.xml::attchments_rename::R3.Corda ran successfully in 1ms
14:02:11.756 [Test worker] DEBUG liquibase - master.changelog.json: migration/node-core.changelog-v4.xml::attchments_rename::R3.Corda: Executing EXECUTE database command: INSERT INTO PUBLIC.DATABASECHANGELOG (ID, AUTHOR, FILENAME, DATEEXECUTED, ORDEREXECUTED, MD5SUM, DESCRIPTION, COMMENTS, EXECTYPE, CONTEXTS, LABELS, LIQUIBASE, DEPLOYMENT_ID) VALUES ('attchments_rename', 'R3.Corda', 'migration/node-core.changelog-v4.xml', NOW(), 68, '7:9c9553fbc45dfa0ec2117a113b1bfb13', 'renameTable newTableName=node_attachments_contracts, oldTableName=node_attchments_contracts', '', 'EXECUTED', NULL, NULL, '3.5.4', '0860130970')
14:02:11.757 [Test worker] DEBUG liquibase - master.changelog.json: migration/node-core.changelog-v4.xml::nullability::R3.Corda: Running Changeset:migration/node-core.changelog-v4.xml::nullability::R3.Corda
14:02:11.757 [Test worker] DEBUG liquibase - master.changelog.json: migration/node-core.changelog-v4.xml::nullability::R3.Corda: Changeset migration/node-core.changelog-v4.xml::nullability::R3.Corda
14:02:11.757 [Test worker] DEBUG liquibase - master.changelog.json: migration/node-core.changelog-v4.xml::nullability::R3.Corda: Reading ChangeSet: migration/node-core.changelog-v4.xml::nullability::R3.Corda
14:02:11.757 [Test worker] DEBUG liquibase - master.changelog.json: migration/node-core.changelog-v4.xml::nullability::R3.Corda: Executing Statement: liquibase.statement.core.SetNullableStatement@6178e95f
14:02:11.757 [Test worker] DEBUG liquibase - master.changelog.json: migration/node-core.changelog-v4.xml::nullability::R3.Corda: Executing EXECUTE database command: ALTER TABLE PUBLIC.node_identities ALTER COLUMN identity_value SET NOT NULL
14:02:11.758 [Test worker] INFO liquibase - master.changelog.json: migration/node-core.changelog-v4.xml::nullability::R3.Corda: Null constraint has been added to node_identities.identity_value
14:02:11.758 [Test worker] DEBUG liquibase - master.changelog.json: migration/node-core.changelog-v4.xml::nullability::R3.Corda: Executing Statement: liquibase.statement.core.SetNullableStatement@4fbc4853
14:02:11.758 [Test worker] DEBUG liquibase - master.changelog.json: migration/node-core.changelog-v4.xml::nullability::R3.Corda: Executing EXECUTE database command: ALTER TABLE PUBLIC.node_attachments ALTER COLUMN content SET NOT NULL
14:02:11.759 [Test worker] INFO liquibase - master.changelog.json: migration/node-core.changelog-v4.xml::nullability::R3.Corda: Null constraint has been added to node_attachments.content
14:02:11.759 [Test worker] DEBUG liquibase - master.changelog.json: migration/node-core.changelog-v4.xml::nullability::R3.Corda: Executing Statement: liquibase.statement.core.SetNullableStatement@574dfbc5
14:02:11.759 [Test worker] DEBUG liquibase - master.changelog.json: migration/node-core.changelog-v4.xml::nullability::R3.Corda: Executing EXECUTE database command: ALTER TABLE PUBLIC.node_attachments_contracts ALTER COLUMN contract_class_name SET NOT NULL
14:02:11.761 [Test worker] INFO liquibase - master.changelog.json: migration/node-core.changelog-v4.xml::nullability::R3.Corda: Null constraint has been added to node_attachments_contracts.contract_class_name
14:02:11.761 [Test worker] DEBUG liquibase - master.changelog.json: migration/node-core.changelog-v4.xml::nullability::R3.Corda: Executing Statement: liquibase.statement.core.SetNullableStatement@cb6382d
14:02:11.762 [Test worker] DEBUG liquibase - master.changelog.json: migration/node-core.changelog-v4.xml::nullability::R3.Corda: Executing EXECUTE database command: ALTER TABLE PUBLIC.node_checkpoints ALTER COLUMN checkpoint_value SET NOT NULL
14:02:11.762 [Test worker] INFO liquibase - master.changelog.json: migration/node-core.changelog-v4.xml::nullability::R3.Corda: Null constraint has been added to node_checkpoints.checkpoint_value
14:02:11.762 [Test worker] DEBUG liquibase - master.changelog.json: migration/node-core.changelog-v4.xml::nullability::R3.Corda: Executing Statement: liquibase.statement.core.SetNullableStatement@bced537
14:02:11.762 [Test worker] DEBUG liquibase - master.changelog.json: migration/node-core.changelog-v4.xml::nullability::R3.Corda: Executing EXECUTE database command: ALTER TABLE PUBLIC.node_contract_upgrades ALTER COLUMN contract_class_name SET NOT NULL
14:02:11.764 [Test worker] INFO liquibase - master.changelog.json: migration/node-core.changelog-v4.xml::nullability::R3.Corda: Null constraint has been added to node_contract_upgrades.contract_class_name
14:02:11.765 [Test worker] DEBUG liquibase - master.changelog.json: migration/node-core.changelog-v4.xml::nullability::R3.Corda: Executing Statement: liquibase.statement.core.SetNullableStatement@3ffc00f5
14:02:11.767 [Test worker] DEBUG liquibase - master.changelog.json: migration/node-core.changelog-v4.xml::nullability::R3.Corda: Executing EXECUTE database command: ALTER TABLE PUBLIC.node_message_ids ALTER COLUMN insertion_time SET NOT NULL
14:02:11.768 [Test worker] INFO liquibase - master.changelog.json: migration/node-core.changelog-v4.xml::nullability::R3.Corda: Null constraint has been added to node_message_ids.insertion_time
14:02:11.768 [Test worker] DEBUG liquibase - master.changelog.json: migration/node-core.changelog-v4.xml::nullability::R3.Corda: Executing Statement: liquibase.statement.core.SetNullableStatement@5d060de5
14:02:11.768 [Test worker] DEBUG liquibase - master.changelog.json: migration/node-core.changelog-v4.xml::nullability::R3.Corda: Executing EXECUTE database command: ALTER TABLE PUBLIC.node_message_retry ALTER COLUMN message SET NOT NULL
14:02:11.768 [Test worker] INFO liquibase - master.changelog.json: migration/node-core.changelog-v4.xml::nullability::R3.Corda: Null constraint has been added to node_message_retry.message
14:02:11.768 [Test worker] DEBUG liquibase - master.changelog.json: migration/node-core.changelog-v4.xml::nullability::R3.Corda: Executing Statement: liquibase.statement.core.SetNullableStatement@31191756
14:02:11.768 [Test worker] DEBUG liquibase - master.changelog.json: migration/node-core.changelog-v4.xml::nullability::R3.Corda: Executing EXECUTE database command: ALTER TABLE PUBLIC.node_message_retry ALTER COLUMN recipients SET NOT NULL
14:02:11.769 [Test worker] INFO liquibase - master.changelog.json: migration/node-core.changelog-v4.xml::nullability::R3.Corda: Null constraint has been added to node_message_retry.recipients
14:02:11.769 [Test worker] DEBUG liquibase - master.changelog.json: migration/node-core.changelog-v4.xml::nullability::R3.Corda: Executing Statement: liquibase.statement.core.SetNullableStatement@1c5c21c1
14:02:11.769 [Test worker] DEBUG liquibase - master.changelog.json: migration/node-core.changelog-v4.xml::nullability::R3.Corda: Executing EXECUTE database command: ALTER TABLE PUBLIC.node_named_identities ALTER COLUMN pk_hash SET NOT NULL
14:02:11.769 [Test worker] INFO liquibase - master.changelog.json: migration/node-core.changelog-v4.xml::nullability::R3.Corda: Null constraint has been added to node_named_identities.pk_hash
14:02:11.769 [Test worker] DEBUG liquibase - master.changelog.json: migration/node-core.changelog-v4.xml::nullability::R3.Corda: Executing Statement: liquibase.statement.core.SetNullableStatement@61716fcb
14:02:11.769 [Test worker] DEBUG liquibase - master.changelog.json: migration/node-core.changelog-v4.xml::nullability::R3.Corda: Executing EXECUTE database command: ALTER TABLE PUBLIC.node_our_key_pairs ALTER COLUMN private_key SET NOT NULL
14:02:11.769 [Test worker] INFO liquibase - master.changelog.json: migration/node-core.changelog-v4.xml::nullability::R3.Corda: Null constraint has been added to node_our_key_pairs.private_key
14:02:11.769 [Test worker] DEBUG liquibase - master.changelog.json: migration/node-core.changelog-v4.xml::nullability::R3.Corda: Executing Statement: liquibase.statement.core.SetNullableStatement@2e2d70e4
14:02:11.770 [Test worker] DEBUG liquibase - master.changelog.json: migration/node-core.changelog-v4.xml::nullability::R3.Corda: Executing EXECUTE database command: ALTER TABLE PUBLIC.node_our_key_pairs ALTER COLUMN public_key SET NOT NULL
14:02:11.770 [Test worker] INFO liquibase - master.changelog.json: migration/node-core.changelog-v4.xml::nullability::R3.Corda: Null constraint has been added to node_our_key_pairs.public_key
14:02:11.770 [Test worker] DEBUG liquibase - master.changelog.json: migration/node-core.changelog-v4.xml::nullability::R3.Corda: Executing Statement: liquibase.statement.core.SetNullableStatement@761bad2
14:02:11.770 [Test worker] DEBUG liquibase - master.changelog.json: migration/node-core.changelog-v4.xml::nullability::R3.Corda: Executing EXECUTE database command: ALTER TABLE PUBLIC.node_transaction_mappings ALTER COLUMN state_machine_run_id SET NOT NULL
14:02:11.770 [Test worker] INFO liquibase - master.changelog.json: migration/node-core.changelog-v4.xml::nullability::R3.Corda: Null constraint has been added to node_transaction_mappings.state_machine_run_id
14:02:11.770 [Test worker] DEBUG liquibase - master.changelog.json: migration/node-core.changelog-v4.xml::nullability::R3.Corda: Executing Statement: liquibase.statement.core.SetNullableStatement@1c42002
14:02:11.770 [Test worker] DEBUG liquibase - master.changelog.json: migration/node-core.changelog-v4.xml::nullability::R3.Corda: Executing EXECUTE database command: ALTER TABLE PUBLIC.node_transactions ALTER COLUMN transaction_value SET NOT NULL
14:02:11.771 [Test worker] INFO liquibase - master.changelog.json: migration/node-core.changelog-v4.xml::nullability::R3.Corda: Null constraint has been added to node_transactions.transaction_value
14:02:11.771 [Test worker] INFO liquibase - master.changelog.json: migration/node-core.changelog-v4.xml::nullability::R3.Corda: ChangeSet migration/node-core.changelog-v4.xml::nullability::R3.Corda ran successfully in 14ms
14:02:11.773 [Test worker] DEBUG liquibase - master.changelog.json: migration/node-core.changelog-v4.xml::nullability::R3.Corda: Executing EXECUTE database command: INSERT INTO PUBLIC.DATABASECHANGELOG (ID, AUTHOR, FILENAME, DATEEXECUTED, ORDEREXECUTED, MD5SUM, DESCRIPTION, COMMENTS, EXECTYPE, CONTEXTS, LABELS, LIQUIBASE, DEPLOYMENT_ID) VALUES ('nullability', 'R3.Corda', 'migration/node-core.changelog-v4.xml', NOW(), 69, '7:73b3f89cdd2a42efebeb125648c28191', 'addNotNullConstraint columnName=identity_value, tableName=node_identities; addNotNullConstraint columnName=content, tableName=node_attachments; addNotNullConstraint columnName=contract_class_name, tableName=node_attachments_contracts; addNotNullCo...', '', 'EXECUTED', NULL, NULL, '3.5.4', '0860130970')
14:02:11.777 [Test worker] DEBUG liquibase - master.changelog.json: migration/node-core.changelog-v5.xml::remove_unused_node_message_retry::R3.Corda: Running Changeset:migration/node-core.changelog-v5.xml::remove_unused_node_message_retry::R3.Corda
14:02:11.777 [Test worker] DEBUG liquibase - master.changelog.json: migration/node-core.changelog-v5.xml::remove_unused_node_message_retry::R3.Corda: Changeset migration/node-core.changelog-v5.xml::remove_unused_node_message_retry::R3.Corda
14:02:11.777 [Test worker] DEBUG liquibase - master.changelog.json: migration/node-core.changelog-v5.xml::remove_unused_node_message_retry::R3.Corda: Reading ChangeSet: migration/node-core.changelog-v5.xml::remove_unused_node_message_retry::R3.Corda
14:02:11.777 [Test worker] DEBUG liquibase - master.changelog.json: migration/node-core.changelog-v5.xml::remove_unused_node_message_retry::R3.Corda: Executing Statement: liquibase.statement.core.DropTableStatement@34395121
14:02:11.778 [Test worker] DEBUG liquibase - master.changelog.json: migration/node-core.changelog-v5.xml::remove_unused_node_message_retry::R3.Corda: Executing EXECUTE database command: DROP TABLE PUBLIC.node_message_retry
14:02:11.778 [Test worker] INFO liquibase - master.changelog.json: migration/node-core.changelog-v5.xml::remove_unused_node_message_retry::R3.Corda: Table node_message_retry dropped
14:02:11.778 [Test worker] INFO liquibase - master.changelog.json: migration/node-core.changelog-v5.xml::remove_unused_node_message_retry::R3.Corda: ChangeSet migration/node-core.changelog-v5.xml::remove_unused_node_message_retry::R3.Corda ran successfully in 1ms
14:02:11.779 [Test worker] DEBUG liquibase - master.changelog.json: migration/node-core.changelog-v5.xml::remove_unused_node_message_retry::R3.Corda: Executing EXECUTE database command: INSERT INTO PUBLIC.DATABASECHANGELOG (ID, AUTHOR, FILENAME, DATEEXECUTED, ORDEREXECUTED, MD5SUM, DESCRIPTION, COMMENTS, EXECTYPE, CONTEXTS, LABELS, LIQUIBASE, DEPLOYMENT_ID) VALUES ('remove_unused_node_message_retry', 'R3.Corda', 'migration/node-core.changelog-v5.xml', NOW(), 70, '7:cd120ad46e3a88b0eeaa7ffdcf8a0861', 'dropTable tableName=node_message_retry', '', 'EXECUTED', NULL, NULL, '3.5.4', '0860130970')
14:02:11.780 [Test worker] DEBUG liquibase - master.changelog.json: migration/node-core.changelog-pkey.xml::non-clustered_pk-1::R3.Corda: Running Changeset:migration/node-core.changelog-pkey.xml::non-clustered_pk-1::R3.Corda
14:02:11.781 [Test worker] DEBUG liquibase - master.changelog.json: migration/node-core.changelog-pkey.xml::non-clustered_pk-1::R3.Corda: Executing EXECUTE database command: INSERT INTO PUBLIC.DATABASECHANGELOG (ID, AUTHOR, FILENAME, DATEEXECUTED, ORDEREXECUTED, MD5SUM, DESCRIPTION, COMMENTS, EXECTYPE, CONTEXTS, LABELS, LIQUIBASE, DEPLOYMENT_ID) VALUES ('non-clustered_pk-1', 'R3.Corda', 'migration/node-core.changelog-pkey.xml', NOW(), 71, '7:eb9d9d13536371a16c05f8a89051e6b0', 'dropPrimaryKey constraintName=node_checkpoints_pkey, tableName=node_checkpoints; addPrimaryKey constraintName=node_checkpoints_pkey, tableName=node_checkpoints', '', 'MARK_RAN', NULL, NULL, '3.5.4', '0860130970')
14:02:11.782 [Test worker] DEBUG liquibase - master.changelog.json: migration/node-core.changelog-pkey.xml::non-clustered_pk-2::R3.Corda: Running Changeset:migration/node-core.changelog-pkey.xml::non-clustered_pk-2::R3.Corda
14:02:11.785 [Test worker] DEBUG liquibase - master.changelog.json: migration/node-core.changelog-pkey.xml::non-clustered_pk-2::R3.Corda: Executing EXECUTE database command: INSERT INTO PUBLIC.DATABASECHANGELOG (ID, AUTHOR, FILENAME, DATEEXECUTED, ORDEREXECUTED, MD5SUM, DESCRIPTION, COMMENTS, EXECTYPE, CONTEXTS, LABELS, LIQUIBASE, DEPLOYMENT_ID) VALUES ('non-clustered_pk-2', 'R3.Corda', 'migration/node-core.changelog-pkey.xml', NOW(), 72, '7:d4192425f4f38b39f3b09611028e5c14', 'dropPrimaryKey constraintName=node_identities_pkey, tableName=node_identities; addPrimaryKey constraintName=node_identities_pkey, tableName=node_identities', '', 'MARK_RAN', NULL, NULL, '3.5.4', '0860130970')
14:02:11.785 [Test worker] DEBUG liquibase - master.changelog.json: migration/node-core.changelog-pkey.xml::non-clustered_pk-3::R3.Corda: Running Changeset:migration/node-core.changelog-pkey.xml::non-clustered_pk-3::R3.Corda
14:02:11.786 [Test worker] DEBUG liquibase - master.changelog.json: migration/node-core.changelog-pkey.xml::non-clustered_pk-3::R3.Corda: Executing EXECUTE database command: INSERT INTO PUBLIC.DATABASECHANGELOG (ID, AUTHOR, FILENAME, DATEEXECUTED, ORDEREXECUTED, MD5SUM, DESCRIPTION, COMMENTS, EXECTYPE, CONTEXTS, LABELS, LIQUIBASE, DEPLOYMENT_ID) VALUES ('non-clustered_pk-3', 'R3.Corda', 'migration/node-core.changelog-pkey.xml', NOW(), 73, '7:9773a095cc1db7ea3a66e7e5565bb58e', 'dropPrimaryKey constraintName=node_message_ids_pkey, tableName=node_message_ids; addPrimaryKey constraintName=node_message_ids_pkey, tableName=node_message_ids', '', 'MARK_RAN', NULL, NULL, '3.5.4', '0860130970')
14:02:11.787 [Test worker] DEBUG liquibase - master.changelog.json: migration/node-core.changelog-pkey.xml::non-clustered_pk-4::R3.Corda: Running Changeset:migration/node-core.changelog-pkey.xml::non-clustered_pk-4::R3.Corda
14:02:11.790 [Test worker] DEBUG liquibase - master.changelog.json: migration/node-core.changelog-pkey.xml::non-clustered_pk-4::R3.Corda: Executing EXECUTE database command: INSERT INTO PUBLIC.DATABASECHANGELOG (ID, AUTHOR, FILENAME, DATEEXECUTED, ORDEREXECUTED, MD5SUM, DESCRIPTION, COMMENTS, EXECTYPE, CONTEXTS, LABELS, LIQUIBASE, DEPLOYMENT_ID) VALUES ('non-clustered_pk-4', 'R3.Corda', 'migration/node-core.changelog-pkey.xml', NOW(), 74, '7:f1e21d4abffbb24133e752eb9cd6a162', 'dropPrimaryKey constraintName=node_named_identities_pkey, tableName=node_named_identities; addPrimaryKey constraintName=node_named_identities_pkey, tableName=node_named_identities', '', 'MARK_RAN', NULL, NULL, '3.5.4', '0860130970')
14:02:11.790 [Test worker] DEBUG liquibase - master.changelog.json: migration/node-core.changelog-pkey.xml::non-clustered_pk-5::R3.Corda: Running Changeset:migration/node-core.changelog-pkey.xml::non-clustered_pk-5::R3.Corda
14:02:11.792 [Test worker] DEBUG liquibase - master.changelog.json: migration/node-core.changelog-pkey.xml::non-clustered_pk-5::R3.Corda: Executing EXECUTE database command: INSERT INTO PUBLIC.DATABASECHANGELOG (ID, AUTHOR, FILENAME, DATEEXECUTED, ORDEREXECUTED, MD5SUM, DESCRIPTION, COMMENTS, EXECTYPE, CONTEXTS, LABELS, LIQUIBASE, DEPLOYMENT_ID) VALUES ('non-clustered_pk-5', 'R3.Corda', 'migration/node-core.changelog-pkey.xml', NOW(), 75, '7:4ea09df2dbab99be33f8251a40d1c5a6', 'dropPrimaryKey constraintName=node_our_key_pairs_pkey, tableName=node_our_key_pairs; addPrimaryKey constraintName=node_our_key_pairs_pkey, tableName=node_our_key_pairs', '', 'MARK_RAN', NULL, NULL, '3.5.4', '0860130970')
14:02:11.793 [Test worker] DEBUG liquibase - master.changelog.json: migration/node-core.changelog-pkey.xml::non-clustered_pk-6::R3.Corda: Running Changeset:migration/node-core.changelog-pkey.xml::non-clustered_pk-6::R3.Corda
14:02:11.794 [Test worker] DEBUG liquibase - master.changelog.json: migration/node-core.changelog-pkey.xml::non-clustered_pk-6::R3.Corda: Executing EXECUTE database command: INSERT INTO PUBLIC.DATABASECHANGELOG (ID, AUTHOR, FILENAME, DATEEXECUTED, ORDEREXECUTED, MD5SUM, DESCRIPTION, COMMENTS, EXECTYPE, CONTEXTS, LABELS, LIQUIBASE, DEPLOYMENT_ID) VALUES ('non-clustered_pk-6', 'R3.Corda', 'migration/node-core.changelog-pkey.xml', NOW(), 76, '7:cb349ad07d3039e6d7d2f184988b954f', 'dropPrimaryKey constraintName=node_transaction_mappings_pkey, tableName=node_transaction_mappings; addPrimaryKey constraintName=node_transaction_mappings_pkey, tableName=node_transaction_mappings', '', 'MARK_RAN', NULL, NULL, '3.5.4', '0860130970')
14:02:11.803 [Test worker] DEBUG liquibase - master.changelog.json: migration/node-core.changelog-pkey.xml::non-clustered_pk-7::R3.Corda: Running Changeset:migration/node-core.changelog-pkey.xml::non-clustered_pk-7::R3.Corda
14:02:11.819 [Test worker] DEBUG liquibase - master.changelog.json: migration/node-core.changelog-pkey.xml::non-clustered_pk-7::R3.Corda: Executing EXECUTE database command: INSERT INTO PUBLIC.DATABASECHANGELOG (ID, AUTHOR, FILENAME, DATEEXECUTED, ORDEREXECUTED, MD5SUM, DESCRIPTION, COMMENTS, EXECTYPE, CONTEXTS, LABELS, LIQUIBASE, DEPLOYMENT_ID) VALUES ('non-clustered_pk-7', 'R3.Corda', 'migration/node-core.changelog-pkey.xml', NOW(), 77, '7:97c3ef240152c18129859ea5ae999c9e', 'dropPrimaryKey constraintName=node_transactions_pkey, tableName=node_transactions; addPrimaryKey constraintName=node_transactions_pkey, tableName=node_transactions', '', 'MARK_RAN', NULL, NULL, '3.5.4', '0860130970')
14:02:11.820 [Test worker] DEBUG liquibase - master.changelog.json: migration/node-core.changelog-v8.xml::conditional_attchments_rename::R3.Corda: Running Changeset:migration/node-core.changelog-v8.xml::conditional_attchments_rename::R3.Corda
14:02:11.820 [Test worker] DEBUG liquibase - master.changelog.json: migration/node-core.changelog-v8.xml::conditional_attchments_rename::R3.Corda: Changeset migration/node-core.changelog-v8.xml::conditional_attchments_rename::R3.Corda
14:02:11.845 [Test worker] INFO liquibase - master.changelog.json: migration/node-core.changelog-v8.xml::conditional_attchments_rename::R3.Corda: Marking ChangeSet: migration/node-core.changelog-v8.xml::conditional_attchments_rename::R3.Corda ran despite precondition failure due to onFail='MARK_RAN': 
          master.changelog.json : Table PUBLIC.NODE_ATTCHMENTS_CONTRACTS does not exist

14:02:11.846 [Test worker] DEBUG liquibase - master.changelog.json: migration/node-core.changelog-v8.xml::conditional_attchments_rename::R3.Corda: Skipping ChangeSet: migration/node-core.changelog-v8.xml::conditional_attchments_rename::R3.Corda
14:02:11.847 [Test worker] DEBUG liquibase - master.changelog.json: migration/node-core.changelog-v8.xml::conditional_attchments_rename::R3.Corda: Executing EXECUTE database command: INSERT INTO PUBLIC.DATABASECHANGELOG (ID, AUTHOR, FILENAME, DATEEXECUTED, ORDEREXECUTED, MD5SUM, DESCRIPTION, COMMENTS, EXECTYPE, CONTEXTS, LABELS, LIQUIBASE, DEPLOYMENT_ID) VALUES ('conditional_attchments_rename', 'R3.Corda', 'migration/node-core.changelog-v8.xml', NOW(), 78, '7:c7fcf1b072eb8882179623895abd6a53', 'renameTable newTableName=NODE_ATTACHMENTS_CONTRACTS, oldTableName=NODE_ATTCHMENTS_CONTRACTS', '', 'MARK_RAN', NULL, NULL, '3.5.4', '0860130970')
14:02:11.847 [Test worker] DEBUG liquibase - master.changelog.json: migration/node-core.changelog-v8.xml::conditional_attchments_contracts::R3.Corda: Running Changeset:migration/node-core.changelog-v8.xml::conditional_attchments_contracts::R3.Corda
14:02:11.847 [Test worker] DEBUG liquibase - master.changelog.json: migration/node-core.changelog-v8.xml::conditional_attchments_contracts::R3.Corda: Changeset migration/node-core.changelog-v8.xml::conditional_attchments_contracts::R3.Corda
14:02:11.881 [Test worker] INFO liquibase - master.changelog.json: migration/node-core.changelog-v8.xml::conditional_attchments_contracts::R3.Corda: Marking ChangeSet: migration/node-core.changelog-v8.xml::conditional_attchments_contracts::R3.Corda ran despite precondition failure due to onFail='MARK_RAN': 
          master.changelog.json : Table PUBLIC.NODE_ATTACHMENTS_CONTRACT_CLASS_NAME does not exist

14:02:11.881 [Test worker] DEBUG liquibase - master.changelog.json: migration/node-core.changelog-v8.xml::conditional_attchments_contracts::R3.Corda: Skipping ChangeSet: migration/node-core.changelog-v8.xml::conditional_attchments_contracts::R3.Corda
14:02:11.883 [Test worker] DEBUG liquibase - master.changelog.json: migration/node-core.changelog-v8.xml::conditional_attchments_contracts::R3.Corda: Executing EXECUTE database command: INSERT INTO PUBLIC.DATABASECHANGELOG (ID, AUTHOR, FILENAME, DATEEXECUTED, ORDEREXECUTED, MD5SUM, DESCRIPTION, COMMENTS, EXECTYPE, CONTEXTS, LABELS, LIQUIBASE, DEPLOYMENT_ID) VALUES ('conditional_attchments_contracts', 'R3.Corda', 'migration/node-core.changelog-v8.xml', NOW(), 79, '7:9ec85543b6baac8a877ad21f063a5b13', 'renameTable newTableName=NODE_ATTACHMENTS_CONTRACTS, oldTableName=NODE_ATTACHMENTS_CONTRACT_CLASS_NAME', '', 'MARK_RAN', NULL, NULL, '3.5.4', '0860130970')
14:02:11.884 [Test worker] DEBUG liquibase - master.changelog.json: migration/node-core.changelog-v8.xml::add_signers::R3.Corda: Running Changeset:migration/node-core.changelog-v8.xml::add_signers::R3.Corda
14:02:11.884 [Test worker] DEBUG liquibase - master.changelog.json: migration/node-core.changelog-v8.xml::add_signers::R3.Corda: Changeset migration/node-core.changelog-v8.xml::add_signers::R3.Corda
14:02:11.884 [Test worker] DEBUG liquibase - master.changelog.json: migration/node-core.changelog-v8.xml::add_signers::R3.Corda: Reading ChangeSet: migration/node-core.changelog-v8.xml::add_signers::R3.Corda
14:02:11.884 [Test worker] DEBUG liquibase - master.changelog.json: migration/node-core.changelog-v8.xml::add_signers::R3.Corda: Executing Statement: liquibase.statement.core.CreateTableStatement@1edf0685
14:02:11.885 [Test worker] DEBUG liquibase - master.changelog.json: migration/node-core.changelog-v8.xml::add_signers::R3.Corda: Executing EXECUTE database command: CREATE TABLE PUBLIC.node_attachments_signers (att_id NVARCHAR(255) NOT NULL, signer NVARCHAR(1024))
14:02:11.885 [Test worker] INFO liquibase - master.changelog.json: migration/node-core.changelog-v8.xml::add_signers::R3.Corda: Table node_attachments_signers created
14:02:11.885 [Test worker] DEBUG liquibase - master.changelog.json: migration/node-core.changelog-v8.xml::add_signers::R3.Corda: Executing Statement: liquibase.statement.core.AddForeignKeyConstraintStatement@294c479d
14:02:11.886 [Test worker] DEBUG liquibase - master.changelog.json: migration/node-core.changelog-v8.xml::add_signers::R3.Corda: Executing EXECUTE database command: ALTER TABLE PUBLIC.node_attachments_signers ADD CONSTRAINT FK__signers__attachments FOREIGN KEY (att_id) REFERENCES PUBLIC.node_attachments (att_id)
14:02:11.887 [Test worker] INFO liquibase - master.changelog.json: migration/node-core.changelog-v8.xml::add_signers::R3.Corda: Foreign key constraint added to node_attachments_signers (att_id)
14:02:11.887 [Test worker] INFO liquibase - master.changelog.json: migration/node-core.changelog-v8.xml::add_signers::R3.Corda: ChangeSet migration/node-core.changelog-v8.xml::add_signers::R3.Corda ran successfully in 3ms
14:02:11.888 [Test worker] DEBUG liquibase - master.changelog.json: migration/node-core.changelog-v8.xml::add_signers::R3.Corda: Executing EXECUTE database command: INSERT INTO PUBLIC.DATABASECHANGELOG (ID, AUTHOR, FILENAME, DATEEXECUTED, ORDEREXECUTED, MD5SUM, DESCRIPTION, COMMENTS, EXECTYPE, CONTEXTS, LABELS, LIQUIBASE, DEPLOYMENT_ID) VALUES ('add_signers', 'R3.Corda', 'migration/node-core.changelog-v8.xml', NOW(), 80, '7:d1356cd65d19937b81284ea078998d84', 'createTable tableName=node_attachments_signers; addForeignKeyConstraint baseTableName=node_attachments_signers, constraintName=FK__signers__attachments, referencedTableName=node_attachments', '', 'EXECUTED', NULL, NULL, '3.5.4', '0860130970')
14:02:11.889 [Test worker] DEBUG liquibase - master.changelog.json: migration/node-core.changelog-tx-mapping.xml::add_tx_mapping_column::R3.Corda: Running Changeset:migration/node-core.changelog-tx-mapping.xml::add_tx_mapping_column::R3.Corda
14:02:11.889 [Test worker] DEBUG liquibase - master.changelog.json: migration/node-core.changelog-tx-mapping.xml::add_tx_mapping_column::R3.Corda: Changeset migration/node-core.changelog-tx-mapping.xml::add_tx_mapping_column::R3.Corda
14:02:11.890 [Test worker] DEBUG liquibase - master.changelog.json: migration/node-core.changelog-tx-mapping.xml::add_tx_mapping_column::R3.Corda: Reading ChangeSet: migration/node-core.changelog-tx-mapping.xml::add_tx_mapping_column::R3.Corda
14:02:11.890 [Test worker] DEBUG liquibase - master.changelog.json: migration/node-core.changelog-tx-mapping.xml::add_tx_mapping_column::R3.Corda: Executing Statement: liquibase.statement.core.AddColumnStatement@26c45fa3
14:02:11.890 [Test worker] DEBUG liquibase - master.changelog.json: migration/node-core.changelog-tx-mapping.xml::add_tx_mapping_column::R3.Corda: Executing EXECUTE database command: ALTER TABLE PUBLIC.node_transactions ADD state_machine_run_id NVARCHAR(36)
14:02:11.893 [Test worker] INFO liquibase - master.changelog.json: migration/node-core.changelog-tx-mapping.xml::add_tx_mapping_column::R3.Corda: Columns state_machine_run_id(NVARCHAR(36)) added to node_transactions
14:02:11.896 [Test worker] DEBUG liquibase - master.changelog.json: migration/node-core.changelog-tx-mapping.xml::add_tx_mapping_column::R3.Corda: Executing Statement: update node_transactions set state_machine_run_id=(select state_machine_run_id from
            node_transaction_mappings where node_transactions.tx_id = node_transaction_mappings.tx_id)
14:02:11.896 [Test worker] DEBUG liquibase - master.changelog.json: migration/node-core.changelog-tx-mapping.xml::add_tx_mapping_column::R3.Corda: Executing EXECUTE database command: update node_transactions set state_machine_run_id=(select state_machine_run_id from
            node_transaction_mappings where node_transactions.tx_id = node_transaction_mappings.tx_id)
14:02:11.897 [Test worker] INFO liquibase - master.changelog.json: migration/node-core.changelog-tx-mapping.xml::add_tx_mapping_column::R3.Corda: Custom SQL executed
14:02:11.897 [Test worker] DEBUG liquibase - master.changelog.json: migration/node-core.changelog-tx-mapping.xml::add_tx_mapping_column::R3.Corda: Executing Statement: liquibase.statement.core.DropTableStatement@33627ef3
14:02:11.897 [Test worker] DEBUG liquibase - master.changelog.json: migration/node-core.changelog-tx-mapping.xml::add_tx_mapping_column::R3.Corda: Executing EXECUTE database command: DROP TABLE PUBLIC.node_transaction_mappings
14:02:11.898 [Test worker] INFO liquibase - master.changelog.json: migration/node-core.changelog-tx-mapping.xml::add_tx_mapping_column::R3.Corda: Table node_transaction_mappings dropped
14:02:11.898 [Test worker] INFO liquibase - master.changelog.json: migration/node-core.changelog-tx-mapping.xml::add_tx_mapping_column::R3.Corda: ChangeSet migration/node-core.changelog-tx-mapping.xml::add_tx_mapping_column::R3.Corda ran successfully in 9ms
14:02:11.899 [Test worker] DEBUG liquibase - master.changelog.json: migration/node-core.changelog-tx-mapping.xml::add_tx_mapping_column::R3.Corda: Executing EXECUTE database command: INSERT INTO PUBLIC.DATABASECHANGELOG (ID, AUTHOR, FILENAME, DATEEXECUTED, ORDEREXECUTED, MD5SUM, DESCRIPTION, COMMENTS, EXECTYPE, CONTEXTS, LABELS, LIQUIBASE, DEPLOYMENT_ID) VALUES ('add_tx_mapping_column', 'R3.Corda', 'migration/node-core.changelog-tx-mapping.xml', NOW(), 81, '7:a0995593179aec45250c383611edd1e2', 'addColumn tableName=node_transactions; sql; dropTable tableName=node_transaction_mappings', '', 'EXECUTED', NULL, NULL, '3.5.4', '0860130970')
14:02:11.913 [Test worker] DEBUG liquibase - master.changelog.json: migration/node-services.changelog-init.xml::add_network_parameters_storage::R3.Corda: Running Changeset:migration/node-services.changelog-init.xml::add_network_parameters_storage::R3.Corda
14:02:11.920 [Test worker] DEBUG liquibase - master.changelog.json: migration/node-services.changelog-init.xml::add_network_parameters_storage::R3.Corda: Changeset migration/node-services.changelog-init.xml::add_network_parameters_storage::R3.Corda
14:02:11.921 [Test worker] DEBUG liquibase - master.changelog.json: migration/node-services.changelog-init.xml::add_network_parameters_storage::R3.Corda: Reading ChangeSet: migration/node-services.changelog-init.xml::add_network_parameters_storage::R3.Corda
14:02:11.921 [Test worker] DEBUG liquibase - master.changelog.json: migration/node-services.changelog-init.xml::add_network_parameters_storage::R3.Corda: Executing Statement: liquibase.statement.core.CreateTableStatement@750b1ec9
14:02:11.922 [Test worker] DEBUG liquibase - master.changelog.json: migration/node-services.changelog-init.xml::add_network_parameters_storage::R3.Corda: Executing EXECUTE database command: CREATE TABLE PUBLIC.node_network_parameters (hash NVARCHAR(130) NOT NULL, epoch INT NOT NULL, parameters_bytes BLOB NOT NULL, signature_bytes BLOB NOT NULL, cert BLOB NOT NULL, parent_cert_path BLOB NOT NULL)
14:02:11.922 [Test worker] INFO liquibase - master.changelog.json: migration/node-services.changelog-init.xml::add_network_parameters_storage::R3.Corda: Table node_network_parameters created
14:02:11.922 [Test worker] INFO liquibase - master.changelog.json: migration/node-services.changelog-init.xml::add_network_parameters_storage::R3.Corda: ChangeSet migration/node-services.changelog-init.xml::add_network_parameters_storage::R3.Corda ran successfully in 2ms
14:02:11.935 [Test worker] DEBUG liquibase - master.changelog.json: migration/node-services.changelog-init.xml::add_network_parameters_storage::R3.Corda: Executing EXECUTE database command: INSERT INTO PUBLIC.DATABASECHANGELOG (ID, AUTHOR, FILENAME, DATEEXECUTED, ORDEREXECUTED, MD5SUM, DESCRIPTION, COMMENTS, EXECTYPE, CONTEXTS, LABELS, LIQUIBASE, DEPLOYMENT_ID) VALUES ('add_network_parameters_storage', 'R3.Corda', 'migration/node-services.changelog-init.xml', NOW(), 82, '7:8d5882f94d9f58647903210994573073', 'createTable tableName=node_network_parameters', '', 'EXECUTED', NULL, NULL, '3.5.4', '0860130970')
14:02:11.937 [Test worker] DEBUG liquibase - master.changelog.json: migration/node-services.changelog-init.xml::network_parameters_pk::R3.Corda: Running Changeset:migration/node-services.changelog-init.xml::network_parameters_pk::R3.Corda
14:02:11.937 [Test worker] DEBUG liquibase - master.changelog.json: migration/node-services.changelog-init.xml::network_parameters_pk::R3.Corda: Changeset migration/node-services.changelog-init.xml::network_parameters_pk::R3.Corda
14:02:11.937 [Test worker] DEBUG liquibase - master.changelog.json: migration/node-services.changelog-init.xml::network_parameters_pk::R3.Corda: Reading ChangeSet: migration/node-services.changelog-init.xml::network_parameters_pk::R3.Corda
14:02:11.938 [Test worker] DEBUG liquibase - master.changelog.json: migration/node-services.changelog-init.xml::network_parameters_pk::R3.Corda: Executing Statement: liquibase.statement.core.AddPrimaryKeyStatement@294fa269
14:02:11.938 [Test worker] DEBUG liquibase - master.changelog.json: migration/node-services.changelog-init.xml::network_parameters_pk::R3.Corda: Executing EXECUTE database command: ALTER TABLE PUBLIC.node_network_parameters ADD CONSTRAINT node_network_parameters_pkey PRIMARY KEY (hash)
14:02:11.946 [Test worker] INFO liquibase - master.changelog.json: migration/node-services.changelog-init.xml::network_parameters_pk::R3.Corda: Primary key added to node_network_parameters (hash)
14:02:11.946 [Test worker] INFO liquibase - master.changelog.json: migration/node-services.changelog-init.xml::network_parameters_pk::R3.Corda: ChangeSet migration/node-services.changelog-init.xml::network_parameters_pk::R3.Corda ran successfully in 9ms
14:02:11.972 [Test worker] DEBUG liquibase - master.changelog.json: migration/node-services.changelog-init.xml::network_parameters_pk::R3.Corda: Executing EXECUTE database command: INSERT INTO PUBLIC.DATABASECHANGELOG (ID, AUTHOR, FILENAME, DATEEXECUTED, ORDEREXECUTED, MD5SUM, DESCRIPTION, COMMENTS, EXECTYPE, CONTEXTS, LABELS, LIQUIBASE, DEPLOYMENT_ID) VALUES ('network_parameters_pk', 'R3.Corda', 'migration/node-services.changelog-init.xml', NOW(), 83, '7:71635301bd498e4d52b02988795348e6', 'addPrimaryKey constraintName=node_network_parameters_pkey, tableName=node_network_parameters', '', 'EXECUTED', NULL, NULL, '3.5.4', '0860130970')
14:02:11.973 [Test worker] DEBUG liquibase - master.changelog.json: migration/node-services.changelog-init.xml::add_version_column::R3.Corda: Running Changeset:migration/node-services.changelog-init.xml::add_version_column::R3.Corda
14:02:11.973 [Test worker] DEBUG liquibase - master.changelog.json: migration/node-services.changelog-init.xml::add_version_column::R3.Corda: Changeset migration/node-services.changelog-init.xml::add_version_column::R3.Corda
14:02:11.973 [Test worker] DEBUG liquibase - master.changelog.json: migration/node-services.changelog-init.xml::add_version_column::R3.Corda: Reading ChangeSet: migration/node-services.changelog-init.xml::add_version_column::R3.Corda
14:02:11.973 [Test worker] DEBUG liquibase - master.changelog.json: migration/node-services.changelog-init.xml::add_version_column::R3.Corda: Executing Statement: liquibase.statement.core.AddColumnStatement@3fecb7e
14:02:11.974 [Test worker] DEBUG liquibase - master.changelog.json: migration/node-services.changelog-init.xml::add_version_column::R3.Corda: Executing EXECUTE database command: ALTER TABLE PUBLIC.node_attachments ADD version INT
14:02:11.989 [Test worker] INFO liquibase - master.changelog.json: migration/node-services.changelog-init.xml::add_version_column::R3.Corda: Columns version(INT) added to node_attachments
14:02:11.990 [Test worker] DEBUG liquibase - master.changelog.json: migration/node-services.changelog-init.xml::add_version_column::R3.Corda: Executing Statement: update node_attachments set version = 1
14:02:11.990 [Test worker] DEBUG liquibase - master.changelog.json: migration/node-services.changelog-init.xml::add_version_column::R3.Corda: Executing EXECUTE database command: update node_attachments set version = 1
14:02:11.990 [Test worker] INFO liquibase - master.changelog.json: migration/node-services.changelog-init.xml::add_version_column::R3.Corda: Custom SQL executed
14:02:11.990 [Test worker] DEBUG liquibase - master.changelog.json: migration/node-services.changelog-init.xml::add_version_column::R3.Corda: Executing Statement: liquibase.statement.core.SetNullableStatement@3a4fc24e
14:02:11.990 [Test worker] DEBUG liquibase - master.changelog.json: migration/node-services.changelog-init.xml::add_version_column::R3.Corda: Executing EXECUTE database command: ALTER TABLE PUBLIC.node_attachments ALTER COLUMN version SET NOT NULL
14:02:11.990 [Test worker] INFO liquibase - master.changelog.json: migration/node-services.changelog-init.xml::add_version_column::R3.Corda: Null constraint has been added to node_attachments.version
14:02:11.990 [Test worker] INFO liquibase - master.changelog.json: migration/node-services.changelog-init.xml::add_version_column::R3.Corda: ChangeSet migration/node-services.changelog-init.xml::add_version_column::R3.Corda ran successfully in 17ms
14:02:11.991 [Test worker] DEBUG liquibase - master.changelog.json: migration/node-services.changelog-init.xml::add_version_column::R3.Corda: Executing EXECUTE database command: INSERT INTO PUBLIC.DATABASECHANGELOG (ID, AUTHOR, FILENAME, DATEEXECUTED, ORDEREXECUTED, MD5SUM, DESCRIPTION, COMMENTS, EXECTYPE, CONTEXTS, LABELS, LIQUIBASE, DEPLOYMENT_ID) VALUES ('add_version_column', 'R3.Corda', 'migration/node-services.changelog-init.xml', NOW(), 84, '7:7d7fb1c90fa05b5fc3b938fd7c520344', 'addColumn tableName=node_attachments; sql; addNotNullConstraint columnName=version, tableName=node_attachments', '', 'EXECUTED', NULL, NULL, '3.5.4', '0860130970')
14:02:11.992 [Test worker] DEBUG liquibase - master.changelog.json: migration/node-services.changelog-init.xml::update-version-of-whitelisted-jars::R3.Corda: Running Changeset:migration/node-services.changelog-init.xml::update-version-of-whitelisted-jars::R3.Corda
14:02:11.992 [Test worker] DEBUG liquibase - master.changelog.json: migration/node-services.changelog-init.xml::update-version-of-whitelisted-jars::R3.Corda: Changeset migration/node-services.changelog-init.xml::update-version-of-whitelisted-jars::R3.Corda
14:02:11.992 [Test worker] DEBUG liquibase - master.changelog.json: migration/node-services.changelog-init.xml::update-version-of-whitelisted-jars::R3.Corda: Reading ChangeSet: migration/node-services.changelog-init.xml::update-version-of-whitelisted-jars::R3.Corda
14:02:11.992 [Test worker] DEBUG liquibase - master.changelog.json: migration/node-services.changelog-init.xml::update-version-of-whitelisted-jars::R3.Corda: WARNING The following SQL may change each run and therefore is possibly incorrect and/or invalid:
14:02:11.993 [Test worker] INFO net.corda.nodeapi.internal.persistence.AttachmentVersionNumberMigration - Start executing...
14:02:11.997 [Test worker] INFO net.corda.nodeapi.internal.persistence.AttachmentVersionNumberMigration - Attachment version creation from whitelisted JARs using network parameters from build\mock-network\20191012-060133.950\nodes\1\network-parameters, whitelistedContractImplementations: {}.
14:02:11.997 [Test worker] INFO net.corda.nodeapi.internal.persistence.AttachmentVersionNumberMigration - Attachment version creation from whitelisted JARs skipped, no attachments not found.
14:02:11.997 [Test worker] INFO liquibase - master.changelog.json: migration/node-services.changelog-init.xml::update-version-of-whitelisted-jars::R3.Corda: null
14:02:11.997 [Test worker] INFO liquibase - master.changelog.json: migration/node-services.changelog-init.xml::update-version-of-whitelisted-jars::R3.Corda: ChangeSet migration/node-services.changelog-init.xml::update-version-of-whitelisted-jars::R3.Corda ran successfully in 5ms
14:02:11.999 [Test worker] DEBUG liquibase - master.changelog.json: migration/node-services.changelog-init.xml::update-version-of-whitelisted-jars::R3.Corda: Executing EXECUTE database command: INSERT INTO PUBLIC.DATABASECHANGELOG (ID, AUTHOR, FILENAME, DATEEXECUTED, ORDEREXECUTED, MD5SUM, DESCRIPTION, COMMENTS, EXECTYPE, CONTEXTS, LABELS, LIQUIBASE, DEPLOYMENT_ID) VALUES ('update-version-of-whitelisted-jars', 'R3.Corda', 'migration/node-services.changelog-init.xml', NOW(), 85, '7:706b589854273bdf703c4ed7a2a9191b', 'customChange', '', 'EXECUTED', NULL, NULL, '3.5.4', '0860130970')
14:02:12.001 [Test worker] DEBUG liquibase - master.changelog.json: migration/vault-schema.changelog-v9.xml::update-vault-states::R3.Corda: Running Changeset:migration/vault-schema.changelog-v9.xml::update-vault-states::R3.Corda
14:02:12.002 [Test worker] DEBUG liquibase - master.changelog.json: migration/vault-schema.changelog-v9.xml::update-vault-states::R3.Corda: Changeset migration/vault-schema.changelog-v9.xml::update-vault-states::R3.Corda
14:02:12.002 [Test worker] DEBUG liquibase - master.changelog.json: migration/vault-schema.changelog-v9.xml::update-vault-states::R3.Corda: Reading ChangeSet: migration/vault-schema.changelog-v9.xml::update-vault-states::R3.Corda
14:02:12.002 [Test worker] DEBUG liquibase - master.changelog.json: migration/vault-schema.changelog-v9.xml::update-vault-states::R3.Corda: WARNING The following SQL may change each run and therefore is possibly incorrect and/or invalid:
14:02:12.002 [Test worker] INFO net.corda.node.migration.VaultStateMigration - Migrating vault state data to V4 tables
14:02:12.006 [Test worker] INFO net.corda.nodeapi.internal.persistence.HibernateConfiguration - Init HibernateConfiguration for schemas: [VaultMigrationSchemaV1(name=net.corda.node.migration.VaultMigrationSchema, version=1), VaultSchemaV1(name=net.corda.node.services.vault.VaultSchema, version=1)]
14:02:12.006 [Test worker] INFO net.corda.nodeapi.internal.persistence.HibernateConfiguration - Creating session factory for schemas: [VaultMigrationSchemaV1(name=net.corda.node.migration.VaultMigrationSchema, version=1), VaultSchemaV1(name=net.corda.node.services.vault.VaultSchema, version=1)]
?[37m[INFO] 14:02:12,031 [Test worker] internal.ConnectionProviderInitiator.initiateService - HHH000130: Instantiating explicit connection provider: net.corda.nodeapi.internal.persistence.HibernateConfiguration$NodeDatabaseConnectionProvider
?[m?[37m[INFO] 14:02:12,038 [Test worker] dialect.Dialect.<init> - HHH000400: Using dialect: org.hibernate.dialect.H2Dialect
?[m?[37m[INFO] 14:02:12,051 [Test worker] type.BasicTypeRegistry.register - HHH000270: Type registration [materialized_blob] overrides previous : org.hibernate.type.MaterializedBlobType@1a028fcc
?[m?[37m[INFO] 14:02:12,240 [Test worker] connections.access.getIsolatedConnection - HHH10001501: Connection obtained from JdbcConnectionAccess [org.hibernate.engine.jdbc.env.internal.JdbcEnvironmentInitiator$ConnectionProviderJdbcConnectionAccess@461468ca] for (non-JTA) DDL execution was not in auto-commit mode; the Connection 'local transaction' will be committed and the Connection will be set into auto-commit mode.
?[m14:02:12.442 [Test worker] INFO net.corda.nodeapi.internal.persistence.HibernateConfiguration - Created session factory for schemas: [VaultMigrationSchemaV1(name=net.corda.node.migration.VaultMigrationSchema, version=1), VaultSchemaV1(name=net.corda.node.services.vault.VaultSchema, version=1)]
14:02:12.458 [Test worker] DEBUG net.corda.node.migration.VaultStateIterator - Found 0 total states in the vault
?[37m[INFO] 14:02:12,443 [Test worker] internal.QueryTranslatorFactoryInitiator.initiateService - HHH000397: Using ASTQueryTranslatorFactory
?[m14:02:12.526 [Test worker] DEBUG net.corda.node.migration.VaultStateIterator - Loaded page 1 of 0. Current page has 0 vault states
14:02:12.526 [Test worker] INFO net.corda.node.migration.VaultStateMigration - Finished performing vault state data migration for 0 states
14:02:12.526 [Test worker] INFO liquibase - master.changelog.json: migration/vault-schema.changelog-v9.xml::update-vault-states::R3.Corda: null
14:02:12.526 [Test worker] INFO liquibase - master.changelog.json: migration/vault-schema.changelog-v9.xml::update-vault-states::R3.Corda: ChangeSet migration/vault-schema.changelog-v9.xml::update-vault-states::R3.Corda ran successfully in 524ms
14:02:12.527 [Test worker] DEBUG liquibase - master.changelog.json: migration/vault-schema.changelog-v9.xml::update-vault-states::R3.Corda: Executing EXECUTE database command: INSERT INTO PUBLIC.DATABASECHANGELOG (ID, AUTHOR, FILENAME, DATEEXECUTED, ORDEREXECUTED, MD5SUM, DESCRIPTION, COMMENTS, EXECTYPE, CONTEXTS, LABELS, LIQUIBASE, DEPLOYMENT_ID) VALUES ('update-vault-states', 'R3.Corda', 'migration/vault-schema.changelog-v9.xml', NOW(), 86, '7:b005d9ddca6ae24f7eb8c275fb095a30', 'customChange', '', 'EXECUTED', NULL, NULL, '3.5.4', '0860130970')
14:02:12.527 [Test worker] DEBUG liquibase - Release Database Lock
14:02:12.528 [Test worker] DEBUG liquibase - Executing UPDATE database command: UPDATE PUBLIC.DATABASECHANGELOGLOCK SET LOCKED = FALSE, LOCKEDBY = NULL, LOCKGRANTED = NULL WHERE ID = 1
14:02:12.528 [Test worker] INFO liquibase - Successfully released change log lock
14:02:12.528 [Test worker] DEBUG com.zaxxer.hikari.pool.PoolBase - HikariPool-2 - Reset (autoCommit, isolation) on connection conn12: url=jdbc:h2:mem:node_1_net_6416157275649019694_persistence user=SA
14:02:12.530 [Test worker] DEBUG com.zaxxer.hikari.pool.PoolBase - HikariPool-2 - Reset (autoCommit, isolation) on connection conn12: url=jdbc:h2:mem:node_1_net_6416157275649019694_persistence user=SA
14:02:12.530 [Test worker] INFO net.corda.testing.node.internal.InternalMockNetwork$MockNode - Connected to H2 database.
14:02:12.530 [Test worker] DEBUG com.zaxxer.hikari.pool.PoolBase - HikariPool-2 - Reset (autoCommit, isolation) on connection conn12: url=jdbc:h2:mem:node_1_net_6416157275649019694_persistence user=SA
14:02:12.533 [Test worker] INFO net.corda.testing.node.internal.InternalMockNetwork$MockNode - identity-private-key not found in key store, generating fresh key!
14:02:12.667 [Test worker] INFO net.corda.nodeapi.internal.persistence.HibernateConfiguration - Init HibernateConfiguration for schemas: [CommonSchemaV1(name=net.corda.core.schemas.CommonSchema, version=1), VaultSchemaV1(name=net.corda.node.services.vault.VaultSchema, version=1), NodeInfoSchemaV1(name=net.corda.node.internal.schemas.NodeInfoSchema, version=1), NodeCoreV1(name=net.corda.node.services.schema.NodeSchemaService$NodeCore, version=1)]
14:02:12.667 [Test worker] INFO net.corda.nodeapi.internal.persistence.HibernateConfiguration - Creating session factory for schemas: [CommonSchemaV1(name=net.corda.core.schemas.CommonSchema, version=1), VaultSchemaV1(name=net.corda.node.services.vault.VaultSchema, version=1), NodeInfoSchemaV1(name=net.corda.node.internal.schemas.NodeInfoSchema, version=1), NodeCoreV1(name=net.corda.node.services.schema.NodeSchemaService$NodeCore, version=1)]
?[37m[INFO] 14:02:12,689 [Test worker] internal.ConnectionProviderInitiator.initiateService - HHH000130: Instantiating explicit connection provider: net.corda.nodeapi.internal.persistence.HibernateConfiguration$NodeDatabaseConnectionProvider
?[m?[37m[INFO] 14:02:12,691 [Test worker] dialect.Dialect.<init> - HHH000400: Using dialect: org.hibernate.dialect.H2Dialect
?[m14:02:12.725 [Test worker] DEBUG com.zaxxer.hikari.pool.PoolBase - HikariPool-2 - Reset (autoCommit, isolation) on connection conn12: url=jdbc:h2:mem:node_1_net_6416157275649019694_persistence user=SA
?[37m[INFO] 14:02:12,728 [Test worker] type.BasicTypeRegistry.register - HHH000270: Type registration [materialized_blob] overrides previous : org.hibernate.type.MaterializedBlobType@1a028fcc
?[m?[37m[INFO] 14:02:12,991 [Test worker] connections.access.getIsolatedConnection - HHH10001501: Connection obtained from JdbcConnectionAccess [org.hibernate.engine.jdbc.env.internal.JdbcEnvironmentInitiator$ConnectionProviderJdbcConnectionAccess@ee5e10a] for (non-JTA) DDL execution was not in auto-commit mode; the Connection 'local transaction' will be committed and the Connection will be set into auto-commit mode.
?[m14:02:13.083 [Test worker] DEBUG com.zaxxer.hikari.pool.PoolBase - HikariPool-2 - Reset (autoCommit, isolation) on connection conn12: url=jdbc:h2:mem:node_1_net_6416157275649019694_persistence user=SA
14:02:13.100 [Test worker] INFO net.corda.nodeapi.internal.persistence.HibernateConfiguration - Created session factory for schemas: [CommonSchemaV1(name=net.corda.core.schemas.CommonSchema, version=1), VaultSchemaV1(name=net.corda.node.services.vault.VaultSchema, version=1), NodeInfoSchemaV1(name=net.corda.node.internal.schemas.NodeInfoSchema, version=1), NodeCoreV1(name=net.corda.node.services.schema.NodeSchemaService$NodeCore, version=1)]
?[37m[INFO] 14:02:13,102 [Test worker] internal.QueryTranslatorFactoryInitiator.initiateService - HHH000397: Using ASTQueryTranslatorFactory
?[m14:02:13.109 [Test worker] INFO net.corda.testing.node.internal.InternalMockNetwork$MockNode - Node-info has changed so submitting update. Old node-info was null
14:02:13.109 [Test worker] INFO net.corda.node.services.network.PersistentNetworkMapCache - Adding node with info: NodeInfo(addresses=[mock.node:1000], legalIdentitiesAndCerts=[O=Client1, L=New York, C=US], platformVersion=4, serial=1570860133109)
14:02:13.113 [Test worker] INFO net.corda.node.services.network.PersistentNetworkMapCache - No previous node found
14:02:13.115 [Test worker] DEBUG net.corda.node.services.identity.PersistentIdentityService - Registering identity O=Client1, L=New York, C=US
14:02:13.125 [Test worker] DEBUG net.corda.node.services.network.PersistentNetworkMapCache - Done adding node with info: NodeInfo(addresses=[mock.node:1000], legalIdentitiesAndCerts=[O=Client1, L=New York, C=US], platformVersion=4, serial=1570860133109)
14:02:13.125 [Test worker] INFO net.corda.testing.node.internal.InternalMockNetwork$MockNode - New node-info: NodeInfo(addresses=[mock.node:1000], legalIdentitiesAndCerts=[O=Client1, L=New York, C=US], platformVersion=4, serial=1570860133109)
14:02:13.144 [Test worker] DEBUG com.zaxxer.hikari.pool.PoolBase - HikariPool-2 - Reset (autoCommit, isolation) on connection conn12: url=jdbc:h2:mem:node_1_net_6416157275649019694_persistence user=SA
14:02:13.146 [Test worker] INFO net.corda.node.services.network.NetworkMapUpdater - Auto-accept enabled for network parameter changes which modify only: [epoch, modifiedTime, packageOwnership, whitelistedContractImplementations]
14:02:13.147 [MockNode-2-2] DEBUG net.corda.node.services.network.NodeInfoWatcher - Reading SignedNodeInfo from build\mock-network\20191012-060133.950\nodes\1\additional-node-infos\nodeInfo-AE91FF154CF2B38C2BB94E2D6734F6CE70B30CCD11B9194C9DB565B79F200E64
14:02:13.151 [MockNode-2-2] DEBUG net.corda.node.services.network.NodeInfoWatcher - Read 1 NodeInfo files from build\mock-network\20191012-060133.950\nodes\1\additional-node-infos
14:02:13.151 [MockNode-2-2] DEBUG net.corda.node.services.network.NodeInfoWatcher - Number of removed NodeInfo files 0
14:02:13.151 [MockNode-2-2] INFO net.corda.node.services.network.PersistentNetworkMapCache - Adding node with info: NodeInfo(addresses=[mock.node:1000], legalIdentitiesAndCerts=[O=Client1, L=New York, C=US], platformVersion=4, serial=1570860133109)
14:02:13.154 [Test worker] DEBUG net.corda.node.services.identity.PersistentIdentityService - Identities loaded
14:02:13.159 [MockNode-2-2] DEBUG com.zaxxer.hikari.pool.PoolBase - HikariPool-2 - Reset (autoCommit, isolation) on connection conn12: url=jdbc:h2:mem:node_1_net_6416157275649019694_persistence user=SA
14:02:13.159 [MockNode-2-2] INFO net.corda.node.services.network.PersistentNetworkMapCache - Previous node was identical to incoming one - doing nothing
14:02:13.159 [MockNode-2-2] DEBUG net.corda.node.services.network.PersistentNetworkMapCache - Done adding node with info: NodeInfo(addresses=[mock.node:1000], legalIdentitiesAndCerts=[O=Client1, L=New York, C=US], platformVersion=4, serial=1570860133109)
14:02:13.317 [Test worker] INFO ClassloaderUtils - Contracts loading for 'C:\Users\user\AppData\Local\Temp\attachment7606464291231300445.jar' took 27 msec
14:02:13.329 [Test worker] INFO net.corda.node.services.persistence.NodeAttachmentService - Stored new attachment: id=CB453C52675BF53CA88619E8B05ADC65A5C045F27DFC48AD880BCCDA297B7E75 uploader=app filename=null
14:02:13.343 [Test worker] INFO net.corda.node.services.statemachine.SingleThreadedStateMachineManager - Node ready, info: NodeInfo(addresses=[mock.node:1000], legalIdentitiesAndCerts=[O=Client1, L=New York, C=US], platformVersion=4, serial=1570860133109)
14:02:13.346 [Test worker] DEBUG com.zaxxer.hikari.pool.PoolBase - HikariPool-2 - Reset (autoCommit, isolation) on connection conn13: url=jdbc:h2:mem:node_1_net_6416157275649019694_persistence user=SA
14:02:13.349 [Test worker] INFO net.corda.node.services.network.PersistentNetworkMapCache - Adding node with info: NodeInfo(addresses=[mock.node:1000], legalIdentitiesAndCerts=[O=Notary Service, L=Zurich, C=CH], platformVersion=4, serial=1570860127953)
14:02:13.353 [Test worker] DEBUG com.zaxxer.hikari.pool.PoolBase - HikariPool-2 - Reset (autoCommit, isolation) on connection conn13: url=jdbc:h2:mem:node_1_net_6416157275649019694_persistence user=SA
14:02:13.353 [pool-14-thread-1] DEBUG com.zaxxer.hikari.pool.PoolBase - HikariPool-2 - Reset (autoCommit, isolation) on connection conn12: url=jdbc:h2:mem:node_1_net_6416157275649019694_persistence user=SA
14:02:13.355 [Test worker] INFO net.corda.node.services.network.PersistentNetworkMapCache - No previous node found
14:02:13.357 [Test worker] DEBUG net.corda.node.services.identity.PersistentIdentityService - Registering identity O=Notary Service, L=Zurich, C=CH
14:02:13.361 [Test worker] DEBUG com.zaxxer.hikari.pool.PoolBase - HikariPool-2 - Reset (autoCommit, isolation) on connection conn13: url=jdbc:h2:mem:node_1_net_6416157275649019694_persistence user=SA
14:02:13.370 [Test worker] DEBUG com.zaxxer.hikari.pool.PoolBase - HikariPool-2 - Reset (autoCommit, isolation) on connection conn13: url=jdbc:h2:mem:node_1_net_6416157275649019694_persistence user=SA
14:02:13.371 [Test worker] DEBUG net.corda.node.services.network.PersistentNetworkMapCache - Done adding node with info: NodeInfo(addresses=[mock.node:1000], legalIdentitiesAndCerts=[O=Notary Service, L=Zurich, C=CH], platformVersion=4, serial=1570860127953)
14:02:13.371 [Test worker] INFO net.corda.node.services.network.PersistentNetworkMapCache - Adding node with info: NodeInfo(addresses=[mock.node:1000], legalIdentitiesAndCerts=[O=Client1, L=New York, C=US], platformVersion=4, serial=1570860133109)
14:02:13.373 [Test worker] DEBUG com.zaxxer.hikari.pool.PoolBase - HikariPool-1 - Reset (autoCommit, isolation) on connection conn2: url=jdbc:h2:mem:node_0_net_6416157275649019694_persistence user=SA
14:02:13.373 [Test worker] INFO net.corda.node.services.network.PersistentNetworkMapCache - No previous node found
14:02:13.376 [Test worker] DEBUG net.corda.node.services.identity.PersistentIdentityService - Registering identity O=Client1, L=New York, C=US
14:02:13.382 [Test worker] DEBUG com.zaxxer.hikari.pool.PoolBase - HikariPool-1 - Reset (autoCommit, isolation) on connection conn2: url=jdbc:h2:mem:node_0_net_6416157275649019694_persistence user=SA
14:02:13.395 [Test worker] DEBUG com.zaxxer.hikari.pool.PoolBase - HikariPool-1 - Reset (autoCommit, isolation) on connection conn2: url=jdbc:h2:mem:node_0_net_6416157275649019694_persistence user=SA
14:02:13.396 [Test worker] DEBUG net.corda.node.services.network.PersistentNetworkMapCache - Done adding node with info: NodeInfo(addresses=[mock.node:1000], legalIdentitiesAndCerts=[O=Client1, L=New York, C=US], platformVersion=4, serial=1570860133109)
14:02:13.396 [Test worker] INFO net.corda.node.services.network.PersistentNetworkMapCache - Adding node with info: NodeInfo(addresses=[mock.node:1000], legalIdentitiesAndCerts=[O=Client1, L=New York, C=US], platformVersion=4, serial=1570860133109)
14:02:13.396 [Test worker] INFO net.corda.node.services.network.PersistentNetworkMapCache - Previous node was identical to incoming one - doing nothing
14:02:13.396 [Test worker] DEBUG net.corda.node.services.network.PersistentNetworkMapCache - Done adding node with info: NodeInfo(addresses=[mock.node:1000], legalIdentitiesAndCerts=[O=Client1, L=New York, C=US], platformVersion=4, serial=1570860133109)
14:02:13.396 [Test worker] INFO net.corda.node.services.network.PersistentNetworkMapCache - Adding node with info: NodeInfo(addresses=[mock.node:1000], legalIdentitiesAndCerts=[O=Client1, L=New York, C=US], platformVersion=4, serial=1570860133109)
14:02:13.397 [Test worker] INFO net.corda.node.services.network.PersistentNetworkMapCache - Previous node was identical to incoming one - doing nothing
14:02:13.397 [Test worker] DEBUG net.corda.node.services.network.PersistentNetworkMapCache - Done adding node with info: NodeInfo(addresses=[mock.node:1000], legalIdentitiesAndCerts=[O=Client1, L=New York, C=US], platformVersion=4, serial=1570860133109)
14:02:13.416 [Test worker] INFO net.corda.node.internal.cordapp.JarScanningCordappLoader - Looking for CorDapps in [build\mock-network\20191012-060133.950\nodes\2\cordapps]
14:02:13.417 [Test worker] INFO net.corda.node.internal.cordapp.JarScanningCordappLoader - Loading CorDapps from RestrictedURL(url=file:/D:/Arvinth/BlockChain/DerivHack-2019/GIT/cdm-corda/cdm-support/build/mock-network/20191012-060133.950/nodes/2/cordapps/custom-cordapp_1_4_55b4176a-1736-4c21-a214-762875044d4b.jar, rootPackageName=null)
14:02:13.417 [Test worker] INFO net.corda.node.internal.cordapp.JarScanningCordappLoader - Scanning CorDapp in file:/D:/Arvinth/BlockChain/DerivHack-2019/GIT/cdm-corda/cdm-support/build/mock-network/20191012-060133.950/nodes/2/cordapps/custom-cordapp_1_4_55b4176a-1736-4c21-a214-762875044d4b.jar
14:02:13.482 [MockNode-1-2] DEBUG net.corda.node.services.network.NodeInfoWatcher - Read 0 NodeInfo files from build\mock-network\20191012-060133.950\nodes\0\additional-node-infos
14:02:13.482 [MockNode-1-2] DEBUG net.corda.node.services.network.NodeInfoWatcher - Number of removed NodeInfo files 0
14:02:13.592 [Test worker] DEBUG net.corda.node.services.persistence.NodePropertiesPersistentStore - Node's flow execution mode property key: NABOB_flowsExecutionMode
14:02:13.598 [Test worker] INFO net.corda.testing.node.internal.InternalMockNetwork$MockNode - Node starting up ...
14:02:13.690 [Test worker] DEBUG net.corda.node.internal.NodeFlowManager - Installed core flow net.corda.core.flows.FinalityFlow
14:02:13.690 [Test worker] DEBUG net.corda.node.internal.NodeFlowManager - Installed core flow net.corda.core.flows.NotaryChangeFlow
14:02:13.690 [Test worker] DEBUG net.corda.node.internal.NodeFlowManager - Installed core flow net.corda.core.flows.ContractUpgradeFlow$Initiate
14:02:13.690 [Test worker] DEBUG net.corda.node.internal.NodeFlowManager - Installed core flow net.corda.confidential.SwapIdentitiesFlow
14:02:13.691 [Test worker] INFO net.corda.node.internal.NodeFlowManager - Registered net.corda.cdmsupport.testflow.TestAffirmationFlow to initiate net.corda.cdmsupport.testflow.AffirmationFlowResponder (version 1)
14:02:13.691 [Test worker] INFO net.corda.node.internal.NodeFlowManager - Registered net.corda.cdmsupport.testflow.TestObservableFlow to initiate net.corda.cdmsupport.testflow.ReceiveObservableFlow (version 1)
14:02:13.693 [Test worker] INFO net.corda.node.internal.NodeFlowManager - Registered net.corda.cdmsupport.testflow.TestFlowInitiating to initiate net.corda.cdmsupport.testflow.TestFlowInitiated (version 1)
14:02:13.706 [Test worker] INFO net.corda.testing.node.internal.InternalMockNetwork$MockNode - Loaded network parameters: NetworkParameters {
      minimumPlatformVersion=4
      notaries=[NotaryInfo(identity=O=Notary Service, L=Zurich, C=CH, validating=true)]
      maxMessageSize=10485760
      maxTransactionSize=524288000
      whitelistedContractImplementations {
        
      }
      eventHorizon=PT720H
      packageOwnership {
        
      }
      modifiedTime=2019-10-12T06:01:33.321Z
      epoch=1
  }
14:02:13.707 [Test worker] DEBUG com.zaxxer.hikari.HikariConfig - HikariPool-3 - configuration:
14:02:13.707 [Test worker] DEBUG com.zaxxer.hikari.HikariConfig - allowPoolSuspension.............false
14:02:13.707 [Test worker] DEBUG com.zaxxer.hikari.HikariConfig - autoCommit......................true
14:02:13.707 [Test worker] DEBUG com.zaxxer.hikari.HikariConfig - catalog.........................null
14:02:13.707 [Test worker] DEBUG com.zaxxer.hikari.HikariConfig - connectionInitSql...............null
14:02:13.707 [Test worker] DEBUG com.zaxxer.hikari.HikariConfig - connectionTestQuery.............null
14:02:13.707 [Test worker] DEBUG com.zaxxer.hikari.HikariConfig - connectionTimeout...............30000
14:02:13.707 [Test worker] DEBUG com.zaxxer.hikari.HikariConfig - dataSource......................null
14:02:13.707 [Test worker] DEBUG com.zaxxer.hikari.HikariConfig - dataSourceClassName............."org.h2.jdbcx.JdbcDataSource"
14:02:13.707 [Test worker] DEBUG com.zaxxer.hikari.HikariConfig - dataSourceJNDI..................null
14:02:13.707 [Test worker] DEBUG com.zaxxer.hikari.HikariConfig - dataSourceProperties............{user=sa, url=jdbc:h2:mem:node_2_net_6416157275649019694_persistence;LOCK_TIMEOUT=10000;DB_CLOSE_ON_EXIT=FALSE, password=<masked>}
14:02:13.707 [Test worker] DEBUG com.zaxxer.hikari.HikariConfig - driverClassName.................null
14:02:13.707 [Test worker] DEBUG com.zaxxer.hikari.HikariConfig - healthCheckProperties...........{}
14:02:13.707 [Test worker] DEBUG com.zaxxer.hikari.HikariConfig - healthCheckRegistry.............null
14:02:13.707 [Test worker] DEBUG com.zaxxer.hikari.HikariConfig - idleTimeout.....................600000
14:02:13.707 [Test worker] DEBUG com.zaxxer.hikari.HikariConfig - initializationFailFast..........true
14:02:13.708 [Test worker] DEBUG com.zaxxer.hikari.HikariConfig - isolateInternalQueries..........false
14:02:13.708 [Test worker] DEBUG com.zaxxer.hikari.HikariConfig - jdbc4ConnectionTest.............false
14:02:13.708 [Test worker] DEBUG com.zaxxer.hikari.HikariConfig - jdbcUrl.........................null
14:02:13.708 [Test worker] DEBUG com.zaxxer.hikari.HikariConfig - leakDetectionThreshold..........0
14:02:13.708 [Test worker] DEBUG com.zaxxer.hikari.HikariConfig - maxLifetime.....................1800000
14:02:13.708 [Test worker] DEBUG com.zaxxer.hikari.HikariConfig - maximumPoolSize.................10
14:02:13.708 [Test worker] DEBUG com.zaxxer.hikari.HikariConfig - metricRegistry..................null
14:02:13.708 [Test worker] DEBUG com.zaxxer.hikari.HikariConfig - metricsTrackerFactory...........null
14:02:13.708 [Test worker] DEBUG com.zaxxer.hikari.HikariConfig - minimumIdle.....................10
14:02:13.708 [Test worker] DEBUG com.zaxxer.hikari.HikariConfig - password........................<masked>
14:02:13.708 [Test worker] DEBUG com.zaxxer.hikari.HikariConfig - poolName........................"HikariPool-3"
14:02:13.708 [Test worker] DEBUG com.zaxxer.hikari.HikariConfig - readOnly........................false
14:02:13.708 [Test worker] DEBUG com.zaxxer.hikari.HikariConfig - registerMbeans..................false
14:02:13.708 [Test worker] DEBUG com.zaxxer.hikari.HikariConfig - scheduledExecutorService........null
14:02:13.708 [Test worker] DEBUG com.zaxxer.hikari.HikariConfig - threadFactory...................null
14:02:13.708 [Test worker] DEBUG com.zaxxer.hikari.HikariConfig - transactionIsolation............null
14:02:13.708 [Test worker] DEBUG com.zaxxer.hikari.HikariConfig - username........................null
14:02:13.708 [Test worker] DEBUG com.zaxxer.hikari.HikariConfig - validationTimeout...............5000
14:02:13.708 [Test worker] INFO com.zaxxer.hikari.HikariDataSource - HikariPool-3 - Started.
14:02:13.732 [HikariPool-3 connection adder] DEBUG com.zaxxer.hikari.pool.HikariPool - HikariPool-3 - Added connection conn23: url=jdbc:h2:mem:node_2_net_6416157275649019694_persistence user=SA
14:02:13.742 [Test worker] DEBUG liquibase - Connected to SA@jdbc:h2:mem:node_2_net_6416157275649019694_persistence
14:02:13.744 [Test worker] DEBUG liquibase - Setting auto commit to false from true
14:02:13.749 [Test worker] DEBUG liquibase - Opening jar:file:/C:/Users/user/.gradle/caches/modules-2/files-2.1/net.corda/corda-node/4.1/45583a2ad1dc5cdd2b90b4ff6d3bfe980bbba0cc/corda-node-4.1.jar!/migration/common.changelog-master.xml as migration/common.changelog-master.xml
14:02:13.751 [Test worker] DEBUG liquibase - Resolving XML entity name='null', publicId='null', baseURI='null', systemId='http://www.liquibase.org/xml/ns/dbchangelog/dbchangelog-3.5.xsd'
14:02:13.751 [Test worker] DEBUG LiquibaseSchemaResolver - Found namespace details class liquibase.parser.core.xml.StandardNamespaceDetails for http://www.liquibase.org/xml/ns/dbchangelog/dbchangelog-3.5.xsd
14:02:13.751 [Test worker] DEBUG LiquibaseSchemaResolver - Local path for http://www.liquibase.org/xml/ns/dbchangelog/dbchangelog-3.5.xsd is liquibase/parser/core/xml/dbchangelog-3.5.xsd
14:02:13.752 [Test worker] DEBUG liquibase - Opening jar:file:/C:/Users/user/.gradle/caches/modules-2/files-2.1/org.liquibase/liquibase-core/3.5.5/c65051f327382018bd09c30380f25eac96f210da/liquibase-core-3.5.5.jar!/liquibase/parser/core/xml/dbchangelog-3.5.xsd as liquibase/parser/core/xml/dbchangelog-3.5.xsd
14:02:13.752 [Test worker] DEBUG LiquibaseSchemaResolver - Successfully loaded XSD from liquibase/parser/core/xml/dbchangelog-3.5.xsd
14:02:13.761 [Test worker] DEBUG liquibase - Opening jar:file:/C:/Users/user/.gradle/caches/modules-2/files-2.1/net.corda/corda-node/4.1/45583a2ad1dc5cdd2b90b4ff6d3bfe980bbba0cc/corda-node-4.1.jar!/migration/common.changelog-init.xml as migration/common.changelog-init.xml
14:02:13.763 [Test worker] DEBUG liquibase - Resolving XML entity name='null', publicId='null', baseURI='null', systemId='http://www.liquibase.org/xml/ns/dbchangelog/dbchangelog-3.5.xsd'
14:02:13.763 [Test worker] DEBUG LiquibaseSchemaResolver - Found namespace details class liquibase.parser.core.xml.StandardNamespaceDetails for http://www.liquibase.org/xml/ns/dbchangelog/dbchangelog-3.5.xsd
14:02:13.763 [Test worker] DEBUG LiquibaseSchemaResolver - Local path for http://www.liquibase.org/xml/ns/dbchangelog/dbchangelog-3.5.xsd is liquibase/parser/core/xml/dbchangelog-3.5.xsd
14:02:13.764 [Test worker] DEBUG liquibase - Opening jar:file:/C:/Users/user/.gradle/caches/modules-2/files-2.1/org.liquibase/liquibase-core/3.5.5/c65051f327382018bd09c30380f25eac96f210da/liquibase-core-3.5.5.jar!/liquibase/parser/core/xml/dbchangelog-3.5.xsd as liquibase/parser/core/xml/dbchangelog-3.5.xsd
14:02:13.765 [Test worker] DEBUG LiquibaseSchemaResolver - Successfully loaded XSD from liquibase/parser/core/xml/dbchangelog-3.5.xsd
14:02:13.777 [Test worker] DEBUG liquibase - Opening jar:file:/C:/Users/user/.gradle/caches/modules-2/files-2.1/net.corda/corda-node/4.1/45583a2ad1dc5cdd2b90b4ff6d3bfe980bbba0cc/corda-node-4.1.jar!/migration/vault-schema.changelog-master.xml as migration/vault-schema.changelog-master.xml
14:02:13.783 [Test worker] DEBUG liquibase - Resolving XML entity name='null', publicId='null', baseURI='null', systemId='http://www.liquibase.org/xml/ns/dbchangelog/dbchangelog-3.5.xsd'
14:02:13.783 [Test worker] DEBUG LiquibaseSchemaResolver - Found namespace details class liquibase.parser.core.xml.StandardNamespaceDetails for http://www.liquibase.org/xml/ns/dbchangelog/dbchangelog-3.5.xsd
14:02:13.783 [Test worker] DEBUG LiquibaseSchemaResolver - Local path for http://www.liquibase.org/xml/ns/dbchangelog/dbchangelog-3.5.xsd is liquibase/parser/core/xml/dbchangelog-3.5.xsd
14:02:13.784 [Test worker] DEBUG liquibase - Opening jar:file:/C:/Users/user/.gradle/caches/modules-2/files-2.1/org.liquibase/liquibase-core/3.5.5/c65051f327382018bd09c30380f25eac96f210da/liquibase-core-3.5.5.jar!/liquibase/parser/core/xml/dbchangelog-3.5.xsd as liquibase/parser/core/xml/dbchangelog-3.5.xsd
14:02:13.784 [Test worker] DEBUG LiquibaseSchemaResolver - Successfully loaded XSD from liquibase/parser/core/xml/dbchangelog-3.5.xsd
14:02:13.791 [Test worker] DEBUG liquibase - Opening jar:file:/C:/Users/user/.gradle/caches/modules-2/files-2.1/net.corda/corda-node/4.1/45583a2ad1dc5cdd2b90b4ff6d3bfe980bbba0cc/corda-node-4.1.jar!/migration/vault-schema.changelog-init.xml as migration/vault-schema.changelog-init.xml
14:02:13.793 [Test worker] DEBUG liquibase - Resolving XML entity name='null', publicId='null', baseURI='null', systemId='http://www.liquibase.org/xml/ns/dbchangelog/dbchangelog-3.5.xsd'
14:02:13.793 [Test worker] DEBUG LiquibaseSchemaResolver - Found namespace details class liquibase.parser.core.xml.StandardNamespaceDetails for http://www.liquibase.org/xml/ns/dbchangelog/dbchangelog-3.5.xsd
14:02:13.793 [Test worker] DEBUG LiquibaseSchemaResolver - Local path for http://www.liquibase.org/xml/ns/dbchangelog/dbchangelog-3.5.xsd is liquibase/parser/core/xml/dbchangelog-3.5.xsd
14:02:13.793 [Test worker] DEBUG liquibase - Opening jar:file:/C:/Users/user/.gradle/caches/modules-2/files-2.1/org.liquibase/liquibase-core/3.5.5/c65051f327382018bd09c30380f25eac96f210da/liquibase-core-3.5.5.jar!/liquibase/parser/core/xml/dbchangelog-3.5.xsd as liquibase/parser/core/xml/dbchangelog-3.5.xsd
14:02:13.794 [Test worker] DEBUG LiquibaseSchemaResolver - Successfully loaded XSD from liquibase/parser/core/xml/dbchangelog-3.5.xsd
14:02:13.816 [Test worker] DEBUG liquibase - Opening jar:file:/C:/Users/user/.gradle/caches/modules-2/files-2.1/net.corda/corda-node/4.1/45583a2ad1dc5cdd2b90b4ff6d3bfe980bbba0cc/corda-node-4.1.jar!/migration/vault-schema.changelog-v3.xml as migration/vault-schema.changelog-v3.xml
14:02:13.818 [Test worker] DEBUG liquibase - Resolving XML entity name='null', publicId='null', baseURI='null', systemId='http://www.liquibase.org/xml/ns/dbchangelog/dbchangelog-3.5.xsd'
14:02:13.818 [Test worker] DEBUG LiquibaseSchemaResolver - Found namespace details class liquibase.parser.core.xml.StandardNamespaceDetails for http://www.liquibase.org/xml/ns/dbchangelog/dbchangelog-3.5.xsd
14:02:13.818 [Test worker] DEBUG LiquibaseSchemaResolver - Local path for http://www.liquibase.org/xml/ns/dbchangelog/dbchangelog-3.5.xsd is liquibase/parser/core/xml/dbchangelog-3.5.xsd
14:02:13.819 [Test worker] DEBUG liquibase - Opening jar:file:/C:/Users/user/.gradle/caches/modules-2/files-2.1/org.liquibase/liquibase-core/3.5.5/c65051f327382018bd09c30380f25eac96f210da/liquibase-core-3.5.5.jar!/liquibase/parser/core/xml/dbchangelog-3.5.xsd as liquibase/parser/core/xml/dbchangelog-3.5.xsd
14:02:13.819 [Test worker] DEBUG LiquibaseSchemaResolver - Successfully loaded XSD from liquibase/parser/core/xml/dbchangelog-3.5.xsd
14:02:13.830 [HikariPool-3 housekeeper] DEBUG com.zaxxer.hikari.pool.HikariPool - HikariPool-3 - Pool stats (total=1, active=1, idle=0, waiting=0)
14:02:13.831 [HikariPool-3 connection adder] DEBUG com.zaxxer.hikari.pool.HikariPool - HikariPool-3 - Added connection conn24: url=jdbc:h2:mem:node_2_net_6416157275649019694_persistence user=SA
14:02:13.832 [HikariPool-3 connection adder] DEBUG com.zaxxer.hikari.pool.HikariPool - HikariPool-3 - Added connection conn25: url=jdbc:h2:mem:node_2_net_6416157275649019694_persistence user=SA
14:02:13.832 [HikariPool-3 connection adder] DEBUG com.zaxxer.hikari.pool.HikariPool - HikariPool-3 - Added connection conn26: url=jdbc:h2:mem:node_2_net_6416157275649019694_persistence user=SA
14:02:13.832 [HikariPool-3 connection adder] DEBUG com.zaxxer.hikari.pool.HikariPool - HikariPool-3 - Added connection conn27: url=jdbc:h2:mem:node_2_net_6416157275649019694_persistence user=SA
14:02:13.833 [HikariPool-3 connection adder] DEBUG com.zaxxer.hikari.pool.HikariPool - HikariPool-3 - Added connection conn28: url=jdbc:h2:mem:node_2_net_6416157275649019694_persistence user=SA
14:02:13.834 [HikariPool-3 connection adder] DEBUG com.zaxxer.hikari.pool.HikariPool - HikariPool-3 - Added connection conn29: url=jdbc:h2:mem:node_2_net_6416157275649019694_persistence user=SA
14:02:13.834 [HikariPool-3 connection adder] DEBUG com.zaxxer.hikari.pool.HikariPool - HikariPool-3 - Added connection conn30: url=jdbc:h2:mem:node_2_net_6416157275649019694_persistence user=SA
14:02:13.834 [HikariPool-3 connection adder] DEBUG com.zaxxer.hikari.pool.HikariPool - HikariPool-3 - Added connection conn31: url=jdbc:h2:mem:node_2_net_6416157275649019694_persistence user=SA
14:02:13.834 [HikariPool-3 connection adder] DEBUG com.zaxxer.hikari.pool.HikariPool - HikariPool-3 - Added connection conn32: url=jdbc:h2:mem:node_2_net_6416157275649019694_persistence user=SA
14:02:13.835 [HikariPool-3 connection adder] DEBUG com.zaxxer.hikari.pool.HikariPool - HikariPool-3 - After adding stats (total=10, active=1, idle=9, waiting=0)
14:02:13.843 [Test worker] DEBUG liquibase - Opening jar:file:/C:/Users/user/.gradle/caches/modules-2/files-2.1/net.corda/corda-node/4.1/45583a2ad1dc5cdd2b90b4ff6d3bfe980bbba0cc/corda-node-4.1.jar!/migration/vault-schema.changelog-v4.xml as migration/vault-schema.changelog-v4.xml
14:02:13.845 [Test worker] DEBUG liquibase - Resolving XML entity name='null', publicId='null', baseURI='null', systemId='http://www.liquibase.org/xml/ns/dbchangelog/dbchangelog-3.5.xsd'
14:02:13.845 [Test worker] DEBUG LiquibaseSchemaResolver - Found namespace details class liquibase.parser.core.xml.StandardNamespaceDetails for http://www.liquibase.org/xml/ns/dbchangelog/dbchangelog-3.5.xsd
14:02:13.845 [Test worker] DEBUG LiquibaseSchemaResolver - Local path for http://www.liquibase.org/xml/ns/dbchangelog/dbchangelog-3.5.xsd is liquibase/parser/core/xml/dbchangelog-3.5.xsd
14:02:13.845 [Test worker] DEBUG liquibase - Opening jar:file:/C:/Users/user/.gradle/caches/modules-2/files-2.1/org.liquibase/liquibase-core/3.5.5/c65051f327382018bd09c30380f25eac96f210da/liquibase-core-3.5.5.jar!/liquibase/parser/core/xml/dbchangelog-3.5.xsd as liquibase/parser/core/xml/dbchangelog-3.5.xsd
14:02:13.846 [Test worker] DEBUG LiquibaseSchemaResolver - Successfully loaded XSD from liquibase/parser/core/xml/dbchangelog-3.5.xsd
14:02:13.856 [Test worker] DEBUG liquibase - Opening jar:file:/C:/Users/user/.gradle/caches/modules-2/files-2.1/net.corda/corda-node/4.1/45583a2ad1dc5cdd2b90b4ff6d3bfe980bbba0cc/corda-node-4.1.jar!/migration/vault-schema.changelog-pkey.xml as migration/vault-schema.changelog-pkey.xml
14:02:13.858 [Test worker] DEBUG liquibase - Resolving XML entity name='null', publicId='null', baseURI='null', systemId='http://www.liquibase.org/xml/ns/dbchangelog/dbchangelog-3.5.xsd'
14:02:13.858 [Test worker] DEBUG LiquibaseSchemaResolver - Found namespace details class liquibase.parser.core.xml.StandardNamespaceDetails for http://www.liquibase.org/xml/ns/dbchangelog/dbchangelog-3.5.xsd
14:02:13.858 [Test worker] DEBUG LiquibaseSchemaResolver - Local path for http://www.liquibase.org/xml/ns/dbchangelog/dbchangelog-3.5.xsd is liquibase/parser/core/xml/dbchangelog-3.5.xsd
14:02:13.859 [Test worker] DEBUG liquibase - Opening jar:file:/C:/Users/user/.gradle/caches/modules-2/files-2.1/org.liquibase/liquibase-core/3.5.5/c65051f327382018bd09c30380f25eac96f210da/liquibase-core-3.5.5.jar!/liquibase/parser/core/xml/dbchangelog-3.5.xsd as liquibase/parser/core/xml/dbchangelog-3.5.xsd
14:02:13.859 [Test worker] DEBUG LiquibaseSchemaResolver - Successfully loaded XSD from liquibase/parser/core/xml/dbchangelog-3.5.xsd
14:02:13.866 [Test worker] DEBUG liquibase - Opening jar:file:/C:/Users/user/.gradle/caches/modules-2/files-2.1/net.corda/corda-node/4.1/45583a2ad1dc5cdd2b90b4ff6d3bfe980bbba0cc/corda-node-4.1.jar!/migration/vault-schema.changelog-v5.xml as migration/vault-schema.changelog-v5.xml
14:02:13.868 [Test worker] DEBUG liquibase - Resolving XML entity name='null', publicId='null', baseURI='null', systemId='http://www.liquibase.org/xml/ns/dbchangelog/dbchangelog-3.5.xsd'
14:02:13.868 [Test worker] DEBUG LiquibaseSchemaResolver - Found namespace details class liquibase.parser.core.xml.StandardNamespaceDetails for http://www.liquibase.org/xml/ns/dbchangelog/dbchangelog-3.5.xsd
14:02:13.868 [Test worker] DEBUG LiquibaseSchemaResolver - Local path for http://www.liquibase.org/xml/ns/dbchangelog/dbchangelog-3.5.xsd is liquibase/parser/core/xml/dbchangelog-3.5.xsd
14:02:13.868 [Test worker] DEBUG liquibase - Opening jar:file:/C:/Users/user/.gradle/caches/modules-2/files-2.1/org.liquibase/liquibase-core/3.5.5/c65051f327382018bd09c30380f25eac96f210da/liquibase-core-3.5.5.jar!/liquibase/parser/core/xml/dbchangelog-3.5.xsd as liquibase/parser/core/xml/dbchangelog-3.5.xsd
14:02:13.869 [Test worker] DEBUG LiquibaseSchemaResolver - Successfully loaded XSD from liquibase/parser/core/xml/dbchangelog-3.5.xsd
14:02:13.876 [Test worker] DEBUG liquibase - Opening jar:file:/C:/Users/user/.gradle/caches/modules-2/files-2.1/net.corda/corda-node/4.1/45583a2ad1dc5cdd2b90b4ff6d3bfe980bbba0cc/corda-node-4.1.jar!/migration/vault-schema.changelog-v6.xml as migration/vault-schema.changelog-v6.xml
14:02:13.878 [Test worker] DEBUG liquibase - Resolving XML entity name='null', publicId='null', baseURI='null', systemId='http://www.liquibase.org/xml/ns/dbchangelog/dbchangelog-3.5.xsd'
14:02:13.878 [Test worker] DEBUG LiquibaseSchemaResolver - Found namespace details class liquibase.parser.core.xml.StandardNamespaceDetails for http://www.liquibase.org/xml/ns/dbchangelog/dbchangelog-3.5.xsd
14:02:13.878 [Test worker] DEBUG LiquibaseSchemaResolver - Local path for http://www.liquibase.org/xml/ns/dbchangelog/dbchangelog-3.5.xsd is liquibase/parser/core/xml/dbchangelog-3.5.xsd
14:02:13.878 [Test worker] DEBUG liquibase - Opening jar:file:/C:/Users/user/.gradle/caches/modules-2/files-2.1/org.liquibase/liquibase-core/3.5.5/c65051f327382018bd09c30380f25eac96f210da/liquibase-core-3.5.5.jar!/liquibase/parser/core/xml/dbchangelog-3.5.xsd as liquibase/parser/core/xml/dbchangelog-3.5.xsd
14:02:13.879 [Test worker] DEBUG LiquibaseSchemaResolver - Successfully loaded XSD from liquibase/parser/core/xml/dbchangelog-3.5.xsd
14:02:13.884 [Test worker] DEBUG liquibase - Opening jar:file:/C:/Users/user/.gradle/caches/modules-2/files-2.1/net.corda/corda-node/4.1/45583a2ad1dc5cdd2b90b4ff6d3bfe980bbba0cc/corda-node-4.1.jar!/migration/vault-schema.changelog-v7.xml as migration/vault-schema.changelog-v7.xml
14:02:13.885 [Test worker] DEBUG liquibase - Resolving XML entity name='null', publicId='null', baseURI='null', systemId='http://www.liquibase.org/xml/ns/dbchangelog/dbchangelog-3.5.xsd'
14:02:13.885 [Test worker] DEBUG LiquibaseSchemaResolver - Found namespace details class liquibase.parser.core.xml.StandardNamespaceDetails for http://www.liquibase.org/xml/ns/dbchangelog/dbchangelog-3.5.xsd
14:02:13.885 [Test worker] DEBUG LiquibaseSchemaResolver - Local path for http://www.liquibase.org/xml/ns/dbchangelog/dbchangelog-3.5.xsd is liquibase/parser/core/xml/dbchangelog-3.5.xsd
14:02:13.886 [Test worker] DEBUG liquibase - Opening jar:file:/C:/Users/user/.gradle/caches/modules-2/files-2.1/org.liquibase/liquibase-core/3.5.5/c65051f327382018bd09c30380f25eac96f210da/liquibase-core-3.5.5.jar!/liquibase/parser/core/xml/dbchangelog-3.5.xsd as liquibase/parser/core/xml/dbchangelog-3.5.xsd
14:02:13.886 [Test worker] DEBUG LiquibaseSchemaResolver - Successfully loaded XSD from liquibase/parser/core/xml/dbchangelog-3.5.xsd
14:02:13.893 [Test worker] DEBUG liquibase - Opening jar:file:/C:/Users/user/.gradle/caches/modules-2/files-2.1/net.corda/corda-node/4.1/45583a2ad1dc5cdd2b90b4ff6d3bfe980bbba0cc/corda-node-4.1.jar!/migration/vault-schema.changelog-v8.xml as migration/vault-schema.changelog-v8.xml
14:02:13.895 [Test worker] DEBUG liquibase - Resolving XML entity name='null', publicId='null', baseURI='null', systemId='http://www.liquibase.org/xml/ns/dbchangelog/dbchangelog-3.5.xsd'
14:02:13.896 [Test worker] DEBUG LiquibaseSchemaResolver - Found namespace details class liquibase.parser.core.xml.StandardNamespaceDetails for http://www.liquibase.org/xml/ns/dbchangelog/dbchangelog-3.5.xsd
14:02:13.896 [Test worker] DEBUG LiquibaseSchemaResolver - Local path for http://www.liquibase.org/xml/ns/dbchangelog/dbchangelog-3.5.xsd is liquibase/parser/core/xml/dbchangelog-3.5.xsd
14:02:13.897 [Test worker] DEBUG liquibase - Opening jar:file:/C:/Users/user/.gradle/caches/modules-2/files-2.1/org.liquibase/liquibase-core/3.5.5/c65051f327382018bd09c30380f25eac96f210da/liquibase-core-3.5.5.jar!/liquibase/parser/core/xml/dbchangelog-3.5.xsd as liquibase/parser/core/xml/dbchangelog-3.5.xsd
14:02:13.897 [Test worker] DEBUG LiquibaseSchemaResolver - Successfully loaded XSD from liquibase/parser/core/xml/dbchangelog-3.5.xsd
14:02:13.914 [Test worker] DEBUG liquibase - Opening jar:file:/C:/Users/user/.gradle/caches/modules-2/files-2.1/net.corda/corda-node/4.1/45583a2ad1dc5cdd2b90b4ff6d3bfe980bbba0cc/corda-node-4.1.jar!/migration/node-info.changelog-master.xml as migration/node-info.changelog-master.xml
14:02:13.916 [Test worker] DEBUG liquibase - Resolving XML entity name='null', publicId='null', baseURI='null', systemId='http://www.liquibase.org/xml/ns/dbchangelog/dbchangelog-3.5.xsd'
14:02:13.917 [Test worker] DEBUG LiquibaseSchemaResolver - Found namespace details class liquibase.parser.core.xml.StandardNamespaceDetails for http://www.liquibase.org/xml/ns/dbchangelog/dbchangelog-3.5.xsd
14:02:13.917 [Test worker] DEBUG LiquibaseSchemaResolver - Local path for http://www.liquibase.org/xml/ns/dbchangelog/dbchangelog-3.5.xsd is liquibase/parser/core/xml/dbchangelog-3.5.xsd
14:02:13.918 [Test worker] DEBUG liquibase - Opening jar:file:/C:/Users/user/.gradle/caches/modules-2/files-2.1/org.liquibase/liquibase-core/3.5.5/c65051f327382018bd09c30380f25eac96f210da/liquibase-core-3.5.5.jar!/liquibase/parser/core/xml/dbchangelog-3.5.xsd as liquibase/parser/core/xml/dbchangelog-3.5.xsd
14:02:13.918 [Test worker] DEBUG LiquibaseSchemaResolver - Successfully loaded XSD from liquibase/parser/core/xml/dbchangelog-3.5.xsd
14:02:13.926 [Test worker] DEBUG liquibase - Opening jar:file:/C:/Users/user/.gradle/caches/modules-2/files-2.1/net.corda/corda-node/4.1/45583a2ad1dc5cdd2b90b4ff6d3bfe980bbba0cc/corda-node-4.1.jar!/migration/node-info.changelog-init.xml as migration/node-info.changelog-init.xml
14:02:13.930 [Test worker] DEBUG liquibase - Resolving XML entity name='null', publicId='null', baseURI='null', systemId='http://www.liquibase.org/xml/ns/dbchangelog/dbchangelog-3.5.xsd'
14:02:13.931 [Test worker] DEBUG LiquibaseSchemaResolver - Found namespace details class liquibase.parser.core.xml.StandardNamespaceDetails for http://www.liquibase.org/xml/ns/dbchangelog/dbchangelog-3.5.xsd
14:02:13.932 [Test worker] DEBUG LiquibaseSchemaResolver - Local path for http://www.liquibase.org/xml/ns/dbchangelog/dbchangelog-3.5.xsd is liquibase/parser/core/xml/dbchangelog-3.5.xsd
14:02:13.934 [Test worker] DEBUG liquibase - Opening jar:file:/C:/Users/user/.gradle/caches/modules-2/files-2.1/org.liquibase/liquibase-core/3.5.5/c65051f327382018bd09c30380f25eac96f210da/liquibase-core-3.5.5.jar!/liquibase/parser/core/xml/dbchangelog-3.5.xsd as liquibase/parser/core/xml/dbchangelog-3.5.xsd
14:02:13.935 [Test worker] DEBUG LiquibaseSchemaResolver - Successfully loaded XSD from liquibase/parser/core/xml/dbchangelog-3.5.xsd
14:02:13.945 [Test worker] DEBUG liquibase - Opening jar:file:/C:/Users/user/.gradle/caches/modules-2/files-2.1/net.corda/corda-node/4.1/45583a2ad1dc5cdd2b90b4ff6d3bfe980bbba0cc/corda-node-4.1.jar!/migration/node-info.changelog-v1.xml as migration/node-info.changelog-v1.xml
14:02:13.948 [Test worker] DEBUG liquibase - Resolving XML entity name='null', publicId='null', baseURI='null', systemId='http://www.liquibase.org/xml/ns/dbchangelog/dbchangelog-3.5.xsd'
14:02:13.948 [Test worker] DEBUG LiquibaseSchemaResolver - Found namespace details class liquibase.parser.core.xml.StandardNamespaceDetails for http://www.liquibase.org/xml/ns/dbchangelog/dbchangelog-3.5.xsd
14:02:13.948 [Test worker] DEBUG LiquibaseSchemaResolver - Local path for http://www.liquibase.org/xml/ns/dbchangelog/dbchangelog-3.5.xsd is liquibase/parser/core/xml/dbchangelog-3.5.xsd
14:02:13.949 [Test worker] DEBUG liquibase - Opening jar:file:/C:/Users/user/.gradle/caches/modules-2/files-2.1/org.liquibase/liquibase-core/3.5.5/c65051f327382018bd09c30380f25eac96f210da/liquibase-core-3.5.5.jar!/liquibase/parser/core/xml/dbchangelog-3.5.xsd as liquibase/parser/core/xml/dbchangelog-3.5.xsd
14:02:13.950 [Test worker] DEBUG LiquibaseSchemaResolver - Successfully loaded XSD from liquibase/parser/core/xml/dbchangelog-3.5.xsd
14:02:13.959 [Test worker] DEBUG liquibase - Opening jar:file:/C:/Users/user/.gradle/caches/modules-2/files-2.1/net.corda/corda-node/4.1/45583a2ad1dc5cdd2b90b4ff6d3bfe980bbba0cc/corda-node-4.1.jar!/migration/node-info.changelog-v2.xml as migration/node-info.changelog-v2.xml
14:02:13.962 [Test worker] DEBUG liquibase - Resolving XML entity name='null', publicId='null', baseURI='null', systemId='http://www.liquibase.org/xml/ns/dbchangelog/dbchangelog-3.5.xsd'
14:02:13.963 [Test worker] DEBUG LiquibaseSchemaResolver - Found namespace details class liquibase.parser.core.xml.StandardNamespaceDetails for http://www.liquibase.org/xml/ns/dbchangelog/dbchangelog-3.5.xsd
14:02:13.963 [Test worker] DEBUG LiquibaseSchemaResolver - Local path for http://www.liquibase.org/xml/ns/dbchangelog/dbchangelog-3.5.xsd is liquibase/parser/core/xml/dbchangelog-3.5.xsd
14:02:13.965 [Test worker] DEBUG liquibase - Opening jar:file:/C:/Users/user/.gradle/caches/modules-2/files-2.1/org.liquibase/liquibase-core/3.5.5/c65051f327382018bd09c30380f25eac96f210da/liquibase-core-3.5.5.jar!/liquibase/parser/core/xml/dbchangelog-3.5.xsd as liquibase/parser/core/xml/dbchangelog-3.5.xsd
14:02:13.965 [Test worker] DEBUG LiquibaseSchemaResolver - Successfully loaded XSD from liquibase/parser/core/xml/dbchangelog-3.5.xsd
14:02:13.972 [Test worker] DEBUG liquibase - Opening jar:file:/C:/Users/user/.gradle/caches/modules-2/files-2.1/net.corda/corda-node/4.1/45583a2ad1dc5cdd2b90b4ff6d3bfe980bbba0cc/corda-node-4.1.jar!/migration/node-info.changelog-v3.xml as migration/node-info.changelog-v3.xml
14:02:13.974 [Test worker] DEBUG liquibase - Resolving XML entity name='null', publicId='null', baseURI='null', systemId='http://www.liquibase.org/xml/ns/dbchangelog/dbchangelog-3.5.xsd'
14:02:13.974 [Test worker] DEBUG LiquibaseSchemaResolver - Found namespace details class liquibase.parser.core.xml.StandardNamespaceDetails for http://www.liquibase.org/xml/ns/dbchangelog/dbchangelog-3.5.xsd
14:02:13.974 [Test worker] DEBUG LiquibaseSchemaResolver - Local path for http://www.liquibase.org/xml/ns/dbchangelog/dbchangelog-3.5.xsd is liquibase/parser/core/xml/dbchangelog-3.5.xsd
14:02:13.975 [Test worker] DEBUG liquibase - Opening jar:file:/C:/Users/user/.gradle/caches/modules-2/files-2.1/org.liquibase/liquibase-core/3.5.5/c65051f327382018bd09c30380f25eac96f210da/liquibase-core-3.5.5.jar!/liquibase/parser/core/xml/dbchangelog-3.5.xsd as liquibase/parser/core/xml/dbchangelog-3.5.xsd
14:02:13.976 [Test worker] DEBUG LiquibaseSchemaResolver - Successfully loaded XSD from liquibase/parser/core/xml/dbchangelog-3.5.xsd
14:02:13.984 [Test worker] DEBUG liquibase - Opening jar:file:/C:/Users/user/.gradle/caches/modules-2/files-2.1/net.corda/corda-node/4.1/45583a2ad1dc5cdd2b90b4ff6d3bfe980bbba0cc/corda-node-4.1.jar!/migration/node-core.changelog-master.xml as migration/node-core.changelog-master.xml
14:02:13.986 [Test worker] DEBUG liquibase - Resolving XML entity name='null', publicId='null', baseURI='null', systemId='http://www.liquibase.org/xml/ns/dbchangelog/dbchangelog-3.5.xsd'
14:02:13.986 [Test worker] DEBUG LiquibaseSchemaResolver - Found namespace details class liquibase.parser.core.xml.StandardNamespaceDetails for http://www.liquibase.org/xml/ns/dbchangelog/dbchangelog-3.5.xsd
14:02:13.986 [Test worker] DEBUG LiquibaseSchemaResolver - Local path for http://www.liquibase.org/xml/ns/dbchangelog/dbchangelog-3.5.xsd is liquibase/parser/core/xml/dbchangelog-3.5.xsd
14:02:13.987 [Test worker] DEBUG liquibase - Opening jar:file:/C:/Users/user/.gradle/caches/modules-2/files-2.1/org.liquibase/liquibase-core/3.5.5/c65051f327382018bd09c30380f25eac96f210da/liquibase-core-3.5.5.jar!/liquibase/parser/core/xml/dbchangelog-3.5.xsd as liquibase/parser/core/xml/dbchangelog-3.5.xsd
14:02:13.987 [Test worker] DEBUG LiquibaseSchemaResolver - Successfully loaded XSD from liquibase/parser/core/xml/dbchangelog-3.5.xsd
14:02:13.994 [Test worker] DEBUG liquibase - Opening jar:file:/C:/Users/user/.gradle/caches/modules-2/files-2.1/net.corda/corda-node/4.1/45583a2ad1dc5cdd2b90b4ff6d3bfe980bbba0cc/corda-node-4.1.jar!/migration/node-core.changelog-init.xml as migration/node-core.changelog-init.xml
14:02:13.997 [Test worker] DEBUG liquibase - Resolving XML entity name='null', publicId='null', baseURI='null', systemId='http://www.liquibase.org/xml/ns/dbchangelog/dbchangelog-3.5.xsd'
14:02:13.998 [Test worker] DEBUG LiquibaseSchemaResolver - Found namespace details class liquibase.parser.core.xml.StandardNamespaceDetails for http://www.liquibase.org/xml/ns/dbchangelog/dbchangelog-3.5.xsd
14:02:13.998 [Test worker] DEBUG LiquibaseSchemaResolver - Local path for http://www.liquibase.org/xml/ns/dbchangelog/dbchangelog-3.5.xsd is liquibase/parser/core/xml/dbchangelog-3.5.xsd
14:02:13.999 [Test worker] DEBUG liquibase - Opening jar:file:/C:/Users/user/.gradle/caches/modules-2/files-2.1/org.liquibase/liquibase-core/3.5.5/c65051f327382018bd09c30380f25eac96f210da/liquibase-core-3.5.5.jar!/liquibase/parser/core/xml/dbchangelog-3.5.xsd as liquibase/parser/core/xml/dbchangelog-3.5.xsd
14:02:14.000 [Test worker] DEBUG LiquibaseSchemaResolver - Successfully loaded XSD from liquibase/parser/core/xml/dbchangelog-3.5.xsd
14:02:14.024 [Test worker] DEBUG liquibase - Opening jar:file:/C:/Users/user/.gradle/caches/modules-2/files-2.1/net.corda/corda-node/4.1/45583a2ad1dc5cdd2b90b4ff6d3bfe980bbba0cc/corda-node-4.1.jar!/migration/node-core.changelog-v3.xml as migration/node-core.changelog-v3.xml
14:02:14.029 [Test worker] DEBUG liquibase - Resolving XML entity name='null', publicId='null', baseURI='null', systemId='http://www.liquibase.org/xml/ns/dbchangelog/dbchangelog-3.5.xsd'
14:02:14.029 [Test worker] DEBUG LiquibaseSchemaResolver - Found namespace details class liquibase.parser.core.xml.StandardNamespaceDetails for http://www.liquibase.org/xml/ns/dbchangelog/dbchangelog-3.5.xsd
14:02:14.031 [Test worker] DEBUG LiquibaseSchemaResolver - Local path for http://www.liquibase.org/xml/ns/dbchangelog/dbchangelog-3.5.xsd is liquibase/parser/core/xml/dbchangelog-3.5.xsd
14:02:14.033 [Test worker] DEBUG liquibase - Opening jar:file:/C:/Users/user/.gradle/caches/modules-2/files-2.1/org.liquibase/liquibase-core/3.5.5/c65051f327382018bd09c30380f25eac96f210da/liquibase-core-3.5.5.jar!/liquibase/parser/core/xml/dbchangelog-3.5.xsd as liquibase/parser/core/xml/dbchangelog-3.5.xsd
14:02:14.034 [Test worker] DEBUG LiquibaseSchemaResolver - Successfully loaded XSD from liquibase/parser/core/xml/dbchangelog-3.5.xsd
14:02:14.044 [Test worker] DEBUG liquibase - Opening jar:file:/C:/Users/user/.gradle/caches/modules-2/files-2.1/net.corda/corda-node/4.1/45583a2ad1dc5cdd2b90b4ff6d3bfe980bbba0cc/corda-node-4.1.jar!/migration/node-core.changelog-v4.xml as migration/node-core.changelog-v4.xml
14:02:14.046 [Test worker] DEBUG liquibase - Resolving XML entity name='null', publicId='null', baseURI='null', systemId='http://www.liquibase.org/xml/ns/dbchangelog/dbchangelog-3.5.xsd'
14:02:14.046 [Test worker] DEBUG LiquibaseSchemaResolver - Found namespace details class liquibase.parser.core.xml.StandardNamespaceDetails for http://www.liquibase.org/xml/ns/dbchangelog/dbchangelog-3.5.xsd
14:02:14.046 [Test worker] DEBUG LiquibaseSchemaResolver - Local path for http://www.liquibase.org/xml/ns/dbchangelog/dbchangelog-3.5.xsd is liquibase/parser/core/xml/dbchangelog-3.5.xsd
14:02:14.047 [Test worker] DEBUG liquibase - Opening jar:file:/C:/Users/user/.gradle/caches/modules-2/files-2.1/org.liquibase/liquibase-core/3.5.5/c65051f327382018bd09c30380f25eac96f210da/liquibase-core-3.5.5.jar!/liquibase/parser/core/xml/dbchangelog-3.5.xsd as liquibase/parser/core/xml/dbchangelog-3.5.xsd
14:02:14.048 [Test worker] DEBUG LiquibaseSchemaResolver - Successfully loaded XSD from liquibase/parser/core/xml/dbchangelog-3.5.xsd
14:02:14.058 [Test worker] DEBUG liquibase - Opening jar:file:/C:/Users/user/.gradle/caches/modules-2/files-2.1/net.corda/corda-node/4.1/45583a2ad1dc5cdd2b90b4ff6d3bfe980bbba0cc/corda-node-4.1.jar!/migration/node-core.changelog-v5.xml as migration/node-core.changelog-v5.xml
14:02:14.060 [Test worker] DEBUG liquibase - Resolving XML entity name='null', publicId='null', baseURI='null', systemId='http://www.liquibase.org/xml/ns/dbchangelog/dbchangelog-3.5.xsd'
14:02:14.060 [Test worker] DEBUG LiquibaseSchemaResolver - Found namespace details class liquibase.parser.core.xml.StandardNamespaceDetails for http://www.liquibase.org/xml/ns/dbchangelog/dbchangelog-3.5.xsd
14:02:14.060 [Test worker] DEBUG LiquibaseSchemaResolver - Local path for http://www.liquibase.org/xml/ns/dbchangelog/dbchangelog-3.5.xsd is liquibase/parser/core/xml/dbchangelog-3.5.xsd
14:02:14.060 [Test worker] DEBUG liquibase - Opening jar:file:/C:/Users/user/.gradle/caches/modules-2/files-2.1/org.liquibase/liquibase-core/3.5.5/c65051f327382018bd09c30380f25eac96f210da/liquibase-core-3.5.5.jar!/liquibase/parser/core/xml/dbchangelog-3.5.xsd as liquibase/parser/core/xml/dbchangelog-3.5.xsd
14:02:14.061 [Test worker] DEBUG LiquibaseSchemaResolver - Successfully loaded XSD from liquibase/parser/core/xml/dbchangelog-3.5.xsd
14:02:14.069 [Test worker] DEBUG liquibase - Opening jar:file:/C:/Users/user/.gradle/caches/modules-2/files-2.1/net.corda/corda-node/4.1/45583a2ad1dc5cdd2b90b4ff6d3bfe980bbba0cc/corda-node-4.1.jar!/migration/node-core.changelog-pkey.xml as migration/node-core.changelog-pkey.xml
14:02:14.071 [Test worker] DEBUG liquibase - Resolving XML entity name='null', publicId='null', baseURI='null', systemId='http://www.liquibase.org/xml/ns/dbchangelog/dbchangelog-3.5.xsd'
14:02:14.072 [Test worker] DEBUG LiquibaseSchemaResolver - Found namespace details class liquibase.parser.core.xml.StandardNamespaceDetails for http://www.liquibase.org/xml/ns/dbchangelog/dbchangelog-3.5.xsd
14:02:14.073 [Test worker] DEBUG LiquibaseSchemaResolver - Local path for http://www.liquibase.org/xml/ns/dbchangelog/dbchangelog-3.5.xsd is liquibase/parser/core/xml/dbchangelog-3.5.xsd
14:02:14.074 [Test worker] DEBUG liquibase - Opening jar:file:/C:/Users/user/.gradle/caches/modules-2/files-2.1/org.liquibase/liquibase-core/3.5.5/c65051f327382018bd09c30380f25eac96f210da/liquibase-core-3.5.5.jar!/liquibase/parser/core/xml/dbchangelog-3.5.xsd as liquibase/parser/core/xml/dbchangelog-3.5.xsd
14:02:14.075 [Test worker] DEBUG LiquibaseSchemaResolver - Successfully loaded XSD from liquibase/parser/core/xml/dbchangelog-3.5.xsd
14:02:14.085 [Test worker] DEBUG liquibase - Opening jar:file:/C:/Users/user/.gradle/caches/modules-2/files-2.1/net.corda/corda-node/4.1/45583a2ad1dc5cdd2b90b4ff6d3bfe980bbba0cc/corda-node-4.1.jar!/migration/node-core.changelog-postgres-blob.xml as migration/node-core.changelog-postgres-blob.xml
14:02:14.087 [Test worker] DEBUG liquibase - Resolving XML entity name='null', publicId='null', baseURI='null', systemId='http://www.liquibase.org/xml/ns/dbchangelog/dbchangelog-3.5.xsd'
14:02:14.087 [Test worker] DEBUG LiquibaseSchemaResolver - Found namespace details class liquibase.parser.core.xml.StandardNamespaceDetails for http://www.liquibase.org/xml/ns/dbchangelog/dbchangelog-3.5.xsd
14:02:14.087 [Test worker] DEBUG LiquibaseSchemaResolver - Local path for http://www.liquibase.org/xml/ns/dbchangelog/dbchangelog-3.5.xsd is liquibase/parser/core/xml/dbchangelog-3.5.xsd
14:02:14.087 [Test worker] DEBUG liquibase - Opening jar:file:/C:/Users/user/.gradle/caches/modules-2/files-2.1/org.liquibase/liquibase-core/3.5.5/c65051f327382018bd09c30380f25eac96f210da/liquibase-core-3.5.5.jar!/liquibase/parser/core/xml/dbchangelog-3.5.xsd as liquibase/parser/core/xml/dbchangelog-3.5.xsd
14:02:14.088 [Test worker] DEBUG LiquibaseSchemaResolver - Successfully loaded XSD from liquibase/parser/core/xml/dbchangelog-3.5.xsd
14:02:14.095 [Test worker] DEBUG liquibase - Opening jar:file:/C:/Users/user/.gradle/caches/modules-2/files-2.1/net.corda/corda-node/4.1/45583a2ad1dc5cdd2b90b4ff6d3bfe980bbba0cc/corda-node-4.1.jar!/migration/node-core.changelog-v8.xml as migration/node-core.changelog-v8.xml
14:02:14.098 [Test worker] DEBUG liquibase - Resolving XML entity name='null', publicId='null', baseURI='null', systemId='http://www.liquibase.org/xml/ns/dbchangelog/dbchangelog-3.5.xsd'
14:02:14.098 [Test worker] DEBUG LiquibaseSchemaResolver - Found namespace details class liquibase.parser.core.xml.StandardNamespaceDetails for http://www.liquibase.org/xml/ns/dbchangelog/dbchangelog-3.5.xsd
14:02:14.098 [Test worker] DEBUG LiquibaseSchemaResolver - Local path for http://www.liquibase.org/xml/ns/dbchangelog/dbchangelog-3.5.xsd is liquibase/parser/core/xml/dbchangelog-3.5.xsd
14:02:14.099 [Test worker] DEBUG liquibase - Opening jar:file:/C:/Users/user/.gradle/caches/modules-2/files-2.1/org.liquibase/liquibase-core/3.5.5/c65051f327382018bd09c30380f25eac96f210da/liquibase-core-3.5.5.jar!/liquibase/parser/core/xml/dbchangelog-3.5.xsd as liquibase/parser/core/xml/dbchangelog-3.5.xsd
14:02:14.099 [Test worker] DEBUG LiquibaseSchemaResolver - Successfully loaded XSD from liquibase/parser/core/xml/dbchangelog-3.5.xsd
14:02:14.127 [Test worker] DEBUG liquibase - Opening jar:file:/C:/Users/user/.gradle/caches/modules-2/files-2.1/net.corda/corda-node/4.1/45583a2ad1dc5cdd2b90b4ff6d3bfe980bbba0cc/corda-node-4.1.jar!/migration/node-core.changelog-tx-mapping.xml as migration/node-core.changelog-tx-mapping.xml
14:02:14.132 [Test worker] DEBUG liquibase - Resolving XML entity name='null', publicId='null', baseURI='null', systemId='http://www.liquibase.org/xml/ns/dbchangelog/dbchangelog-3.5.xsd'
14:02:14.133 [Test worker] DEBUG LiquibaseSchemaResolver - Found namespace details class liquibase.parser.core.xml.StandardNamespaceDetails for http://www.liquibase.org/xml/ns/dbchangelog/dbchangelog-3.5.xsd
14:02:14.133 [Test worker] DEBUG LiquibaseSchemaResolver - Local path for http://www.liquibase.org/xml/ns/dbchangelog/dbchangelog-3.5.xsd is liquibase/parser/core/xml/dbchangelog-3.5.xsd
14:02:14.133 [Test worker] DEBUG liquibase - Opening jar:file:/C:/Users/user/.gradle/caches/modules-2/files-2.1/org.liquibase/liquibase-core/3.5.5/c65051f327382018bd09c30380f25eac96f210da/liquibase-core-3.5.5.jar!/liquibase/parser/core/xml/dbchangelog-3.5.xsd as liquibase/parser/core/xml/dbchangelog-3.5.xsd
14:02:14.134 [Test worker] DEBUG LiquibaseSchemaResolver - Successfully loaded XSD from liquibase/parser/core/xml/dbchangelog-3.5.xsd
14:02:14.144 [Test worker] DEBUG liquibase - Opening jar:file:/C:/Users/user/.gradle/caches/modules-2/files-2.1/net.corda/corda-node/4.1/45583a2ad1dc5cdd2b90b4ff6d3bfe980bbba0cc/corda-node-4.1.jar!/migration/node-core.changelog-v9.xml as migration/node-core.changelog-v9.xml
14:02:14.149 [Test worker] DEBUG liquibase - Resolving XML entity name='null', publicId='null', baseURI='null', systemId='http://www.liquibase.org/xml/ns/dbchangelog/dbchangelog-3.5.xsd'
14:02:14.150 [Test worker] DEBUG LiquibaseSchemaResolver - Found namespace details class liquibase.parser.core.xml.StandardNamespaceDetails for http://www.liquibase.org/xml/ns/dbchangelog/dbchangelog-3.5.xsd
14:02:14.150 [Test worker] DEBUG LiquibaseSchemaResolver - Local path for http://www.liquibase.org/xml/ns/dbchangelog/dbchangelog-3.5.xsd is liquibase/parser/core/xml/dbchangelog-3.5.xsd
14:02:14.151 [Test worker] DEBUG liquibase - Opening jar:file:/C:/Users/user/.gradle/caches/modules-2/files-2.1/org.liquibase/liquibase-core/3.5.5/c65051f327382018bd09c30380f25eac96f210da/liquibase-core-3.5.5.jar!/liquibase/parser/core/xml/dbchangelog-3.5.xsd as liquibase/parser/core/xml/dbchangelog-3.5.xsd
14:02:14.152 [Test worker] DEBUG LiquibaseSchemaResolver - Successfully loaded XSD from liquibase/parser/core/xml/dbchangelog-3.5.xsd
14:02:14.169 [Test worker] DEBUG liquibase - Opening jar:file:/C:/Users/user/.gradle/caches/modules-2/files-2.1/net.corda/corda-node/4.1/45583a2ad1dc5cdd2b90b4ff6d3bfe980bbba0cc/corda-node-4.1.jar!/migration/node-core.changelog-v10.xml as migration/node-core.changelog-v10.xml
14:02:14.172 [Test worker] DEBUG liquibase - Resolving XML entity name='null', publicId='null', baseURI='null', systemId='http://www.liquibase.org/xml/ns/dbchangelog/dbchangelog-3.5.xsd'
14:02:14.172 [Test worker] DEBUG LiquibaseSchemaResolver - Found namespace details class liquibase.parser.core.xml.StandardNamespaceDetails for http://www.liquibase.org/xml/ns/dbchangelog/dbchangelog-3.5.xsd
14:02:14.173 [Test worker] DEBUG LiquibaseSchemaResolver - Local path for http://www.liquibase.org/xml/ns/dbchangelog/dbchangelog-3.5.xsd is liquibase/parser/core/xml/dbchangelog-3.5.xsd
14:02:14.174 [Test worker] DEBUG liquibase - Opening jar:file:/C:/Users/user/.gradle/caches/modules-2/files-2.1/org.liquibase/liquibase-core/3.5.5/c65051f327382018bd09c30380f25eac96f210da/liquibase-core-3.5.5.jar!/liquibase/parser/core/xml/dbchangelog-3.5.xsd as liquibase/parser/core/xml/dbchangelog-3.5.xsd
14:02:14.175 [Test worker] DEBUG LiquibaseSchemaResolver - Successfully loaded XSD from liquibase/parser/core/xml/dbchangelog-3.5.xsd
14:02:14.186 [Test worker] DEBUG liquibase - Opening jar:file:/C:/Users/user/.gradle/caches/modules-2/files-2.1/net.corda/corda-node/4.1/45583a2ad1dc5cdd2b90b4ff6d3bfe980bbba0cc/corda-node-4.1.jar!/migration/node-core.changelog-v11.xml as migration/node-core.changelog-v11.xml
14:02:14.189 [Test worker] DEBUG liquibase - Resolving XML entity name='null', publicId='null', baseURI='null', systemId='http://www.liquibase.org/xml/ns/dbchangelog/dbchangelog-3.5.xsd'
14:02:14.190 [Test worker] DEBUG LiquibaseSchemaResolver - Found namespace details class liquibase.parser.core.xml.StandardNamespaceDetails for http://www.liquibase.org/xml/ns/dbchangelog/dbchangelog-3.5.xsd
14:02:14.191 [Test worker] DEBUG LiquibaseSchemaResolver - Local path for http://www.liquibase.org/xml/ns/dbchangelog/dbchangelog-3.5.xsd is liquibase/parser/core/xml/dbchangelog-3.5.xsd
14:02:14.191 [Test worker] DEBUG liquibase - Opening jar:file:/C:/Users/user/.gradle/caches/modules-2/files-2.1/org.liquibase/liquibase-core/3.5.5/c65051f327382018bd09c30380f25eac96f210da/liquibase-core-3.5.5.jar!/liquibase/parser/core/xml/dbchangelog-3.5.xsd as liquibase/parser/core/xml/dbchangelog-3.5.xsd
14:02:14.193 [Test worker] DEBUG LiquibaseSchemaResolver - Successfully loaded XSD from liquibase/parser/core/xml/dbchangelog-3.5.xsd
14:02:14.208 [Test worker] DEBUG liquibase - Opening jar:file:/C:/Users/user/.gradle/caches/modules-2/files-2.1/net.corda/corda-node/4.1/45583a2ad1dc5cdd2b90b4ff6d3bfe980bbba0cc/corda-node-4.1.jar!/migration/vault-schema.changelog-v9.xml as migration/vault-schema.changelog-v9.xml
14:02:14.211 [Test worker] DEBUG liquibase - Resolving XML entity name='null', publicId='null', baseURI='null', systemId='http://www.liquibase.org/xml/ns/dbchangelog/dbchangelog-3.5.xsd'
14:02:14.212 [Test worker] DEBUG LiquibaseSchemaResolver - Found namespace details class liquibase.parser.core.xml.StandardNamespaceDetails for http://www.liquibase.org/xml/ns/dbchangelog/dbchangelog-3.5.xsd
14:02:14.212 [Test worker] DEBUG LiquibaseSchemaResolver - Local path for http://www.liquibase.org/xml/ns/dbchangelog/dbchangelog-3.5.xsd is liquibase/parser/core/xml/dbchangelog-3.5.xsd
14:02:14.215 [Test worker] DEBUG liquibase - Opening jar:file:/C:/Users/user/.gradle/caches/modules-2/files-2.1/org.liquibase/liquibase-core/3.5.5/c65051f327382018bd09c30380f25eac96f210da/liquibase-core-3.5.5.jar!/liquibase/parser/core/xml/dbchangelog-3.5.xsd as liquibase/parser/core/xml/dbchangelog-3.5.xsd
14:02:14.217 [Test worker] DEBUG LiquibaseSchemaResolver - Successfully loaded XSD from liquibase/parser/core/xml/dbchangelog-3.5.xsd
14:02:14.235 [Test worker] DEBUG liquibase - Create Database Change Log Table
14:02:14.235 [Test worker] INFO liquibase - Creating database history table with name: PUBLIC.DATABASECHANGELOG
14:02:14.237 [Test worker] DEBUG liquibase - Executing EXECUTE database command: CREATE TABLE PUBLIC.DATABASECHANGELOG (ID VARCHAR(255) NOT NULL, AUTHOR VARCHAR(255) NOT NULL, FILENAME VARCHAR(255) NOT NULL, DATEEXECUTED TIMESTAMP NOT NULL, ORDEREXECUTED INT NOT NULL, EXECTYPE VARCHAR(10) NOT NULL, MD5SUM VARCHAR(35), DESCRIPTION VARCHAR(255), COMMENTS VARCHAR(255), TAG VARCHAR(255), LIQUIBASE VARCHAR(20), CONTEXTS VARCHAR(255), LABELS VARCHAR(255), DEPLOYMENT_ID VARCHAR(10))
14:02:14.239 [Test worker] DEBUG liquibase - Executing QUERY database command: select count(*) from PUBLIC.DATABASECHANGELOG
14:02:14.239 [Test worker] INFO liquibase - Reading from PUBLIC.DATABASECHANGELOG
14:02:14.240 [Test worker] DEBUG liquibase - Executing QUERY database command: SELECT * FROM PUBLIC.DATABASECHANGELOG ORDER BY DATEEXECUTED ASC, ORDEREXECUTED ASC
14:02:14.240 [Test worker] DEBUG liquibase - Executing QUERY database command: select count(*) from PUBLIC.DATABASECHANGELOGLOCK
14:02:14.240 [Test worker] DEBUG liquibase - Create Database Lock Table
14:02:14.241 [Test worker] DEBUG liquibase - Executing EXECUTE database command: CREATE TABLE PUBLIC.DATABASECHANGELOGLOCK (ID INT NOT NULL, LOCKED BOOLEAN NOT NULL, LOCKGRANTED TIMESTAMP, LOCKEDBY VARCHAR(255), CONSTRAINT PK_DATABASECHANGELOGLOCK PRIMARY KEY (ID))
14:02:14.241 [Test worker] DEBUG liquibase - Created database lock table with name: PUBLIC.DATABASECHANGELOGLOCK
14:02:14.241 [Test worker] DEBUG liquibase - Executing QUERY database command: select count(*) from PUBLIC.DATABASECHANGELOGLOCK
14:02:14.242 [Test worker] DEBUG liquibase - Initialize Database Lock Table
14:02:14.242 [Test worker] DEBUG liquibase - Executing EXECUTE database command: DELETE FROM PUBLIC.DATABASECHANGELOGLOCK
14:02:14.242 [Test worker] DEBUG liquibase - Executing EXECUTE database command: INSERT INTO PUBLIC.DATABASECHANGELOGLOCK (ID, LOCKED) VALUES (1, FALSE)
14:02:14.243 [Test worker] DEBUG liquibase - master.changelog.json: migration/common.changelog-init.xml::1511451595465-1.1::R3.Corda: Computed checksum for createSequence:[
    sequenceName="hibernate_sequence"
] as 3b59bc60f6cf5c7c76b020ae29954565
14:02:14.243 [Test worker] DEBUG liquibase - master.changelog.json: migration/common.changelog-init.xml::1511451595465-1.1::R3.Corda: Computed checksum for 7:3b59bc60f6cf5c7c76b020ae29954565: as afe897bea20bc08d1681087c94d0967d
14:02:14.243 [Test worker] DEBUG liquibase - master.changelog.json: migration/common.changelog-init.xml::1511451595465-1.3::R3.Corda: Computed checksum for createSequence:[
    minValue="1"
    sequenceName="hibernate_sequence"
] as f473914cdfde3972225cdb465aeff71d
14:02:14.243 [Test worker] DEBUG liquibase - master.changelog.json: migration/common.changelog-init.xml::1511451595465-1.3::R3.Corda: Computed checksum for 7:f473914cdfde3972225cdb465aeff71d: as b775a64dd8351ca0b00329ea3e49f44b
14:02:14.244 [Test worker] INFO liquibase - master.changelog.json: migration/common.changelog-init.xml::1511451595465-1.3::R3.Corda: Skipping changeSet migration/common.changelog-init.xml::1511451595465-1.3::R3.Corda due to validation error(s): minValue is not allowed on h2
14:02:14.244 [Test worker] DEBUG liquibase - master.changelog.json: migration/vault-schema.changelog-init.xml::1511451595465-22::R3.Corda: Computed checksum for createTable:[
    columns=[
        [
            [
                nullable="false"
            ]
            name="output_index"
            type="INT"
        ],
        [
            [
                nullable="false"
            ]
            name="transaction_id"
            type="NVARCHAR(64)"
        ],
        [
            name="issuer_name"
            type="NVARCHAR(255)"
        ],
        [
            name="issuer_ref"
            type="varbinary(512)"
        ],
        [
       ... [truncated in log] as e175aecbeafccf493b3899098eb581f2
14:02:14.244 [Test worker] DEBUG liquibase - master.changelog.json: migration/vault-schema.changelog-init.xml::1511451595465-22::R3.Corda: Computed checksum for 7:e175aecbeafccf493b3899098eb581f2: as 1f8a20296ddeb0fc739bd8e7084b0bab
14:02:14.245 [Test worker] DEBUG liquibase - master.changelog.json: migration/vault-schema.changelog-init.xml::1511451595465-23::R3.Corda: Computed checksum for createTable:[
    columns=[
        [
            [
                nullable="false"
            ]
            name="output_index"
            type="INT"
        ],
        [
            [
                nullable="false"
            ]
            name="transaction_id"
            type="NVARCHAR(64)"
        ],
        [
            name="participants"
            type="NVARCHAR(255)"
        ]
    ]
    tableName="vault_fungible_states_parts"
] as add94f234be5f070e7c2a20110730809
14:02:14.245 [Test worker] DEBUG liquibase - master.changelog.json: migration/vault-schema.changelog-init.xml::1511451595465-23::R3.Corda: Computed checksum for 7:add94f234be5f070e7c2a20110730809: as 1a9f6483c225c03a3a558b5b20306741
14:02:14.245 [Test worker] DEBUG liquibase - master.changelog.json: migration/vault-schema.changelog-init.xml::1511451595465-24::R3.Corda: Computed checksum for createTable:[
    columns=[
        [
            [
                nullable="false"
            ]
            name="output_index"
            type="INT"
        ],
        [
            [
                nullable="false"
            ]
            name="transaction_id"
            type="NVARCHAR(64)"
        ],
        [
            name="external_id"
            type="NVARCHAR(255)"
        ],
        [
            [
                nullable="false"
            ]
            name="uuid"
       ... [truncated in log] as a2b34ccc00e85d4de9b82e22ec7fa971
14:02:14.246 [Test worker] DEBUG liquibase - master.changelog.json: migration/vault-schema.changelog-init.xml::1511451595465-24::R3.Corda: Computed checksum for 7:a2b34ccc00e85d4de9b82e22ec7fa971: as cc33e3b7b7db0e8613421e71352448d1
14:02:14.246 [Test worker] DEBUG liquibase - master.changelog.json: migration/vault-schema.changelog-init.xml::1511451595465-25::R3.Corda: Computed checksum for createTable:[
    columns=[
        [
            [
                nullable="false"
            ]
            name="output_index"
            type="INT"
        ],
        [
            [
                nullable="false"
            ]
            name="transaction_id"
            type="NVARCHAR(64)"
        ],
        [
            name="participants"
            type="NVARCHAR(255)"
        ]
    ]
    tableName="vault_linear_states_parts"
] as ff0db7191732aba7aa4402b9145d55d8
14:02:14.246 [Test worker] DEBUG liquibase - master.changelog.json: migration/vault-schema.changelog-init.xml::1511451595465-25::R3.Corda: Computed checksum for 7:ff0db7191732aba7aa4402b9145d55d8: as cee1c34886b737d7c86f4ba94a43d9a7
14:02:14.247 [Test worker] DEBUG liquibase - master.changelog.json: migration/vault-schema.changelog-init.xml::1511451595465-26::R3.Corda: Computed checksum for createTable:[
    columns=[
        [
            [
                nullable="false"
            ]
            name="output_index"
            type="INT"
        ],
        [
            [
                nullable="false"
            ]
            name="transaction_id"
            type="NVARCHAR(64)"
        ],
        [
            name="consumed_timestamp"
            type="timestamp"
        ],
        [
            name="contract_state_class_name"
            type="NVARCHAR(255)"
        ],
... [truncated in log] as 3590556b2783206eba7b151844f6a2e8
14:02:14.247 [Test worker] DEBUG liquibase - master.changelog.json: migration/vault-schema.changelog-init.xml::1511451595465-26::R3.Corda: Computed checksum for 7:3590556b2783206eba7b151844f6a2e8: as 47ea918c4e5894a573ed08ff7d3cfcf8
14:02:14.249 [Test worker] DEBUG liquibase - master.changelog.json: migration/vault-schema.changelog-init.xml::1511451595465-27::R3.Corda: Computed checksum for createTable:[
    columns=[
        [
            [
                nullable="false"
            ]
            name="seq_no"
            type="INT"
        ],
        [
            name="note"
            type="NVARCHAR(255)"
        ],
        [
            name="transaction_id"
            type="NVARCHAR(64)"
        ]
    ]
    tableName="vault_transaction_notes"
] as b2a3172c8e54fe287195c0f1d9d79d06
14:02:14.249 [Test worker] DEBUG liquibase - master.changelog.json: migration/vault-schema.changelog-init.xml::1511451595465-27::R3.Corda: Computed checksum for 7:b2a3172c8e54fe287195c0f1d9d79d06: as b335f04504c263e99eb1b4b78fb7b976
14:02:14.250 [Test worker] DEBUG liquibase - master.changelog.json: migration/vault-schema.changelog-init.xml::1511451595465-47::R3.Corda: Computed checksum for addPrimaryKey:[
    columnNames="output_index, transaction_id"
    constraintName="vault_fungible_states_pkey"
    tableName="vault_fungible_states"
] as 1c0d1edb717c326aca50814658fa822a
14:02:14.250 [Test worker] DEBUG liquibase - master.changelog.json: migration/vault-schema.changelog-init.xml::1511451595465-47::R3.Corda: Computed checksum for 7:1c0d1edb717c326aca50814658fa822a: as 5ebf8c6ceacd418805fef0a8d5926d22
14:02:14.250 [Test worker] DEBUG liquibase - master.changelog.json: migration/vault-schema.changelog-init.xml::1511451595465-48::R3.Corda: Computed checksum for addPrimaryKey:[
    columnNames="output_index, transaction_id"
    constraintName="vault_linear_states_pkey"
    tableName="vault_linear_states"
] as 4e3aaffa0ad01595c6c23745084763b1
14:02:14.250 [Test worker] DEBUG liquibase - master.changelog.json: migration/vault-schema.changelog-init.xml::1511451595465-48::R3.Corda: Computed checksum for 7:4e3aaffa0ad01595c6c23745084763b1: as 6852e525af1e0e841b85cbc65c3ef3eb
14:02:14.250 [Test worker] DEBUG liquibase - master.changelog.json: migration/vault-schema.changelog-init.xml::1511451595465-49::R3.Corda: Computed checksum for addPrimaryKey:[
    columnNames="output_index, transaction_id"
    constraintName="vault_states_pkey"
    tableName="vault_states"
] as 4bd501a6f3a2480ca4be1186a9ae2951
14:02:14.251 [Test worker] DEBUG liquibase - master.changelog.json: migration/vault-schema.changelog-init.xml::1511451595465-49::R3.Corda: Computed checksum for 7:4bd501a6f3a2480ca4be1186a9ae2951: as e88ace88ae32b7c6a212f749bed7f25f
14:02:14.251 [Test worker] DEBUG liquibase - master.changelog.json: migration/vault-schema.changelog-init.xml::1511451595465-50::R3.Corda: Computed checksum for addPrimaryKey:[
    columnNames="seq_no"
    constraintName="vault_transaction_notes_pkey"
    tableName="vault_transaction_notes"
] as 39e3946cfbca51e6913a1c4f38ddf0c7
14:02:14.251 [Test worker] DEBUG liquibase - master.changelog.json: migration/vault-schema.changelog-init.xml::1511451595465-50::R3.Corda: Computed checksum for 7:39e3946cfbca51e6913a1c4f38ddf0c7: as aef52cbfcee4e86a30a1175aacdae9b5
14:02:14.251 [Test worker] DEBUG liquibase - master.changelog.json: migration/vault-schema.changelog-init.xml::1511451595465-53::R3.Corda: Computed checksum for createIndex:[
    columns=[
        [
            name="external_id"
        ]
    ]
    indexName="external_id_index"
    tableName="vault_linear_states"
] as f98aafeaa30935a36db499f2104a93bf
14:02:14.251 [Test worker] DEBUG liquibase - master.changelog.json: migration/vault-schema.changelog-init.xml::1511451595465-53::R3.Corda: Computed checksum for 7:f98aafeaa30935a36db499f2104a93bf: as 7b0c95c0892fe1aba26a294d843d3c0a
14:02:14.252 [Test worker] DEBUG liquibase - master.changelog.json: migration/vault-schema.changelog-init.xml::1511451595465-55::R3.Corda: Computed checksum for createIndex:[
    columns=[
        [
            name="lock_id"
        ],
        [
            name="state_status"
        ]
    ]
    indexName="lock_id_idx"
    tableName="vault_states"
] as e42dab0002a4e906bfd484f143741150
14:02:14.252 [Test worker] DEBUG liquibase - master.changelog.json: migration/vault-schema.changelog-init.xml::1511451595465-55::R3.Corda: Computed checksum for 7:e42dab0002a4e906bfd484f143741150: as daf1bfa84381a1c8e100c14229a6d860
14:02:14.252 [Test worker] DEBUG liquibase - master.changelog.json: migration/vault-schema.changelog-init.xml::1511451595465-58::R3.Corda: Computed checksum for createIndex:[
    columns=[
        [
            name="state_status"
        ]
    ]
    indexName="state_status_idx"
    tableName="vault_states"
] as 2ff9d748b5e8cc68d2b31c3435578cef
14:02:14.252 [Test worker] DEBUG liquibase - master.changelog.json: migration/vault-schema.changelog-init.xml::1511451595465-58::R3.Corda: Computed checksum for 7:2ff9d748b5e8cc68d2b31c3435578cef: as 775d3c8a27b7fad84f9894db6bdf3e87
14:02:14.252 [Test worker] DEBUG liquibase - master.changelog.json: migration/vault-schema.changelog-init.xml::1511451595465-59::R3.Corda: Computed checksum for createIndex:[
    columns=[
        [
            name="transaction_id"
        ]
    ]
    indexName="transaction_id_index"
    tableName="vault_transaction_notes"
] as fd9eea380cef475dc54fd99e4e233920
14:02:14.252 [Test worker] DEBUG liquibase - master.changelog.json: migration/vault-schema.changelog-init.xml::1511451595465-59::R3.Corda: Computed checksum for 7:fd9eea380cef475dc54fd99e4e233920: as 1be2b24f3e4fedc8252c24080b713783
14:02:14.253 [Test worker] DEBUG liquibase - master.changelog.json: migration/vault-schema.changelog-init.xml::1511451595465-60::R3.Corda: Computed checksum for createIndex:[
    columns=[
        [
            name="uuid"
        ]
    ]
    indexName="uuid_index"
    tableName="vault_linear_states"
] as 0c3a5a186849036cd224f1c228d6dde9
14:02:14.253 [Test worker] DEBUG liquibase - master.changelog.json: migration/vault-schema.changelog-init.xml::1511451595465-60::R3.Corda: Computed checksum for 7:0c3a5a186849036cd224f1c228d6dde9: as f372f17dd75374bfecfde0e44d7ce36c
14:02:14.253 [Test worker] DEBUG liquibase - master.changelog.json: migration/vault-schema.changelog-init.xml::1511451595465-64::R3.Corda: Computed checksum for addForeignKeyConstraint:[
    baseColumnNames="output_index,transaction_id"
    baseTableName="vault_fungible_states_parts"
    constraintName="FK__fung_st_parts__fung_st"
    referencedColumnNames="output_index,transaction_id"
    referencedTableName="vault_fungible_states"
] as 0eece996759bc05f893e13edcc7012b3
14:02:14.253 [Test worker] DEBUG liquibase - master.changelog.json: migration/vault-schema.changelog-init.xml::1511451595465-64::R3.Corda: Computed checksum for 7:0eece996759bc05f893e13edcc7012b3: as 3771038da08dbe5dbbbdffac7300198d
14:02:14.254 [Test worker] DEBUG liquibase - master.changelog.json: migration/vault-schema.changelog-init.xml::1511451595465-65::R3.Corda: Computed checksum for addForeignKeyConstraint:[
    baseColumnNames="output_index,transaction_id"
    baseTableName="vault_linear_states_parts"
    constraintName="FK__lin_stat_parts__lin_stat"
    referencedColumnNames="output_index,transaction_id"
    referencedTableName="vault_linear_states"
] as c3bfc19faabd85d1ada74a704975075a
14:02:14.254 [Test worker] DEBUG liquibase - master.changelog.json: migration/vault-schema.changelog-init.xml::1511451595465-65::R3.Corda: Computed checksum for 7:c3bfc19faabd85d1ada74a704975075a: as 4cccc80aadefc753d80d33d233d426b1
14:02:14.254 [Test worker] DEBUG liquibase - master.changelog.json: migration/vault-schema.changelog-v3.xml::clean_vault::R3.Corda: Computed checksum for delete:[
    tableName="vault_fungible_states_parts"
] as b70b29b3a6bedbc5661cba016468c920
14:02:14.254 [Test worker] DEBUG liquibase - master.changelog.json: migration/vault-schema.changelog-v3.xml::clean_vault::R3.Corda: Computed checksum for delete:[
    tableName="vault_fungible_states"
] as a274055ce2143aac7ca36e5fad03b134
14:02:14.254 [Test worker] DEBUG liquibase - master.changelog.json: migration/vault-schema.changelog-v3.xml::clean_vault::R3.Corda: Computed checksum for delete:[
    tableName="vault_linear_states_parts"
] as ea0a011664469f485e1c20d3a801a95c
14:02:14.254 [Test worker] DEBUG liquibase - master.changelog.json: migration/vault-schema.changelog-v3.xml::clean_vault::R3.Corda: Computed checksum for delete:[
    tableName="vault_linear_states"
] as 3448fb16d803304ec5b23fe901463752
14:02:14.254 [Test worker] DEBUG liquibase - master.changelog.json: migration/vault-schema.changelog-v3.xml::clean_vault::R3.Corda: Computed checksum for delete:[
    tableName="vault_states"
] as 9554b12247631c9ef0b25ddf1faaa6d3
14:02:14.255 [Test worker] DEBUG liquibase - master.changelog.json: migration/vault-schema.changelog-v3.xml::clean_vault::R3.Corda: Computed checksum for delete:[
    tableName="vault_transaction_notes"
] as 0250e47826dc021ed9e01d035ea6f1b6
14:02:14.255 [Test worker] DEBUG liquibase - master.changelog.json: migration/vault-schema.changelog-v3.xml::clean_vault::R3.Corda: Computed checksum for 7:b70b29b3a6bedbc5661cba016468c920:7:a274055ce2143aac7ca36e5fad03b134:7:ea0a011664469f485e1c20d3a801a95c:7:3448fb16d803304ec5b23fe901463752:7:9554b12247631c9ef0b25ddf1faaa6d3:7:0250e47826dc021ed9e01d035ea6f1b6: as c16f94cc9c0418c23dfcedd33e85d2d3
14:02:14.255 [Test worker] DEBUG liquibase - master.changelog.json: migration/vault-schema.changelog-v4.xml::nullability::R3.Corda: Computed checksum for addNotNullConstraint:[
    columnDataType="BIGINT"
    columnName="quantity"
    tableName="vault_fungible_states"
] as d78eae5ca9adbacacf85e33e2a7f7415
14:02:14.255 [Test worker] DEBUG liquibase - master.changelog.json: migration/vault-schema.changelog-v4.xml::nullability::R3.Corda: Computed checksum for addNotNullConstraint:[
    columnDataType="NVARCHAR(255)"
    columnName="contract_state_class_name"
    tableName="vault_states"
] as 2078d56a1b5edbecbcc69079c33eb871
14:02:14.255 [Test worker] DEBUG liquibase - master.changelog.json: migration/vault-schema.changelog-v4.xml::nullability::R3.Corda: Computed checksum for addNotNullConstraint:[
    columnDataType="NVARCHAR(255)"
    columnName="notary_name"
    tableName="vault_states"
] as 2258242147cd14905eb100408de09558
14:02:14.255 [Test worker] DEBUG liquibase - master.changelog.json: migration/vault-schema.changelog-v4.xml::nullability::R3.Corda: Computed checksum for addNotNullConstraint:[
    columnDataType="timestamp"
    columnName="recorded_timestamp"
    tableName="vault_states"
] as ae7f591a2aca843f8ab716280bfd3947
14:02:14.256 [Test worker] DEBUG liquibase - master.changelog.json: migration/vault-schema.changelog-v4.xml::nullability::R3.Corda: Computed checksum for dropIndex:[
    indexName="state_status_idx"
    tableName="vault_states"
] as 6583c319aa2e4b6d1f195c77bc111ac5
14:02:14.256 [Test worker] DEBUG liquibase - master.changelog.json: migration/vault-schema.changelog-v4.xml::nullability::R3.Corda: Computed checksum for dropIndex:[
    indexName="lock_id_idx"
    tableName="vault_states"
] as e22a84c8f8873eb942f692a00ddda6c5
14:02:14.256 [Test worker] DEBUG liquibase - master.changelog.json: migration/vault-schema.changelog-v4.xml::nullability::R3.Corda: Computed checksum for addNotNullConstraint:[
    columnDataType="INT"
    columnName="state_status"
    tableName="vault_states"
] as f062ec40c033aa8c2a8ec93fcfc05443
14:02:14.256 [Test worker] DEBUG liquibase - master.changelog.json: migration/vault-schema.changelog-v4.xml::nullability::R3.Corda: Computed checksum for createIndex:[
    columns=[
        [
            name="state_status"
        ]
    ]
    indexName="state_status_idx"
    tableName="vault_states"
] as 2ff9d748b5e8cc68d2b31c3435578cef
14:02:14.256 [Test worker] DEBUG liquibase - master.changelog.json: migration/vault-schema.changelog-v4.xml::nullability::R3.Corda: Computed checksum for createIndex:[
    columns=[
        [
            name="lock_id"
        ],
        [
            name="state_status"
        ]
    ]
    indexName="lock_id_idx"
    tableName="vault_states"
] as e42dab0002a4e906bfd484f143741150
14:02:14.256 [Test worker] DEBUG liquibase - master.changelog.json: migration/vault-schema.changelog-v4.xml::nullability::R3.Corda: Computed checksum for dropIndex:[
    indexName="transaction_id_index"
    tableName="vault_transaction_notes"
] as 7677600c3adca898205158cdae636f0d
14:02:14.256 [Test worker] DEBUG liquibase - master.changelog.json: migration/vault-schema.changelog-v4.xml::nullability::R3.Corda: Computed checksum for addNotNullConstraint:[
    columnDataType="NVARCHAR(255)"
    columnName="note"
    tableName="vault_transaction_notes"
] as 4155de3b6c359ed6d735b6ae5c880ed2
14:02:14.257 [Test worker] DEBUG liquibase - master.changelog.json: migration/vault-schema.changelog-v4.xml::nullability::R3.Corda: Computed checksum for addNotNullConstraint:[
    columnDataType="NVARCHAR(64)"
    columnName="transaction_id"
    tableName="vault_transaction_notes"
] as f6eaec7b45db4b379b8485512bd873c1
14:02:14.257 [Test worker] DEBUG liquibase - master.changelog.json: migration/vault-schema.changelog-v4.xml::nullability::R3.Corda: Computed checksum for createIndex:[
    columns=[
        [
            name="transaction_id"
        ]
    ]
    indexName="transaction_id_index"
    tableName="vault_transaction_notes"
] as fd9eea380cef475dc54fd99e4e233920
14:02:14.257 [Test worker] DEBUG liquibase - master.changelog.json: migration/vault-schema.changelog-v4.xml::nullability::R3.Corda: Computed checksum for 7:d78eae5ca9adbacacf85e33e2a7f7415:7:2078d56a1b5edbecbcc69079c33eb871:7:2258242147cd14905eb100408de09558:7:ae7f591a2aca843f8ab716280bfd3947:7:6583c319aa2e4b6d1f195c77bc111ac5:7:e22a84c8f8873eb942f692a00ddda6c5:7:f062ec40c033aa8c2a8ec93fcfc05443:7:2ff9d748b5e8cc68d2b31c3435578cef:7:e42dab0002a4e906bfd484f143741150:7:7677600c3adca898205158cdae636f0d:7:4155de3b6c359ed6d735b6ae5c880ed2:7:f6eaec7b45db4b379b8485512bd873c1:7:fd9eea380cef475dc54fd99e4e233920: as 59450415a9a86b5b55d9f9347b383e6a
14:02:14.258 [Test worker] DEBUG liquibase - master.changelog.json: migration/vault-schema.changelog-pkey.xml::non-clustered_pk-11::R3.Corda: Computed checksum for dropForeignKeyConstraint:[
    baseTableName="vault_fungible_states_parts"
    constraintName="FK__fung_st_parts__fung_st"
] as 366e0c21ef7697fbe3f3045b1680d699
14:02:14.258 [Test worker] DEBUG liquibase - master.changelog.json: migration/vault-schema.changelog-pkey.xml::non-clustered_pk-11::R3.Corda: Computed checksum for dropPrimaryKey:[
    constraintName="vault_fungible_states_pkey"
    tableName="vault_fungible_states"
] as f27f6f6e80b50caaa06aa6c747243425
14:02:14.258 [Test worker] DEBUG liquibase - master.changelog.json: migration/vault-schema.changelog-pkey.xml::non-clustered_pk-11::R3.Corda: Computed checksum for addPrimaryKey:[
    clustered="false"
    columnNames="output_index, transaction_id"
    constraintName="vault_fungible_states_pkey"
    tableName="vault_fungible_states"
] as 0729afe4c34a21623a8f5744790f34c4
14:02:14.258 [Test worker] DEBUG liquibase - master.changelog.json: migration/vault-schema.changelog-pkey.xml::non-clustered_pk-11::R3.Corda: Computed checksum for addForeignKeyConstraint:[
    baseColumnNames="output_index,transaction_id"
    baseTableName="vault_fungible_states_parts"
    constraintName="FK__fung_st_parts__fung_st"
    referencedColumnNames="output_index,transaction_id"
    referencedTableName="vault_fungible_states"
] as 0eece996759bc05f893e13edcc7012b3
14:02:14.258 [Test worker] DEBUG liquibase - master.changelog.json: migration/vault-schema.changelog-pkey.xml::non-clustered_pk-11::R3.Corda: Computed checksum for 7:366e0c21ef7697fbe3f3045b1680d699:7:f27f6f6e80b50caaa06aa6c747243425:7:0729afe4c34a21623a8f5744790f34c4:7:0eece996759bc05f893e13edcc7012b3: as c88a8494afc1f2507131e709b3ec4f1e
14:02:14.258 [Test worker] INFO liquibase - master.changelog.json: migration/vault-schema.changelog-pkey.xml::non-clustered_pk-11::R3.Corda: Skipping changeSet migration/vault-schema.changelog-pkey.xml::non-clustered_pk-11::R3.Corda due to validation error(s): clustered is not allowed on h2
14:02:14.259 [Test worker] DEBUG liquibase - master.changelog.json: migration/vault-schema.changelog-pkey.xml::non-clustered_pk-12::R3.Corda: Computed checksum for dropForeignKeyConstraint:[
    baseTableName="vault_linear_states_parts"
    constraintName="FK__lin_stat_parts__lin_stat"
] as c9ce07b51242a8f54da9e570853dc34f
14:02:14.259 [Test worker] DEBUG liquibase - master.changelog.json: migration/vault-schema.changelog-pkey.xml::non-clustered_pk-12::R3.Corda: Computed checksum for dropPrimaryKey:[
    constraintName="vault_linear_states_pkey"
    tableName="vault_linear_states"
] as d986066259edad3f263694f099f02f7f
14:02:14.259 [Test worker] DEBUG liquibase - master.changelog.json: migration/vault-schema.changelog-pkey.xml::non-clustered_pk-12::R3.Corda: Computed checksum for addPrimaryKey:[
    clustered="false"
    columnNames="output_index, transaction_id"
    constraintName="vault_linear_states_pkey"
    tableName="vault_linear_states"
] as c26064d58e4f1b2610b6d01e5c0b9b5b
14:02:14.259 [Test worker] DEBUG liquibase - master.changelog.json: migration/vault-schema.changelog-pkey.xml::non-clustered_pk-12::R3.Corda: Computed checksum for addForeignKeyConstraint:[
    baseColumnNames="output_index,transaction_id"
    baseTableName="vault_linear_states_parts"
    constraintName="FK__lin_stat_parts__lin_stat"
    referencedColumnNames="output_index,transaction_id"
    referencedTableName="vault_linear_states"
] as c3bfc19faabd85d1ada74a704975075a
14:02:14.259 [Test worker] DEBUG liquibase - master.changelog.json: migration/vault-schema.changelog-pkey.xml::non-clustered_pk-12::R3.Corda: Computed checksum for 7:c9ce07b51242a8f54da9e570853dc34f:7:d986066259edad3f263694f099f02f7f:7:c26064d58e4f1b2610b6d01e5c0b9b5b:7:c3bfc19faabd85d1ada74a704975075a: as 5569de8454d891688bbb7510f634782f
14:02:14.260 [Test worker] INFO liquibase - master.changelog.json: migration/vault-schema.changelog-pkey.xml::non-clustered_pk-12::R3.Corda: Skipping changeSet migration/vault-schema.changelog-pkey.xml::non-clustered_pk-12::R3.Corda due to validation error(s): clustered is not allowed on h2
14:02:14.260 [Test worker] DEBUG liquibase - master.changelog.json: migration/vault-schema.changelog-pkey.xml::non-clustered_pk-13::R3.Corda: Computed checksum for dropPrimaryKey:[
    constraintName="vault_states_pkey"
    tableName="vault_states"
] as de17bd04796a6e54cb5606dceff73aec
14:02:14.260 [Test worker] DEBUG liquibase - master.changelog.json: migration/vault-schema.changelog-pkey.xml::non-clustered_pk-13::R3.Corda: Computed checksum for addPrimaryKey:[
    clustered="false"
    columnNames="output_index, transaction_id"
    constraintName="vault_states_pkey"
    tableName="vault_states"
] as 70c1298ee3ac2d16aba8b2ac6ed5b568
14:02:14.260 [Test worker] DEBUG liquibase - master.changelog.json: migration/vault-schema.changelog-pkey.xml::non-clustered_pk-13::R3.Corda: Computed checksum for 7:de17bd04796a6e54cb5606dceff73aec:7:70c1298ee3ac2d16aba8b2ac6ed5b568: as c786c529ecdaa33f87d3fc9ed88111f4
14:02:14.260 [Test worker] INFO liquibase - master.changelog.json: migration/vault-schema.changelog-pkey.xml::non-clustered_pk-13::R3.Corda: Skipping changeSet migration/vault-schema.changelog-pkey.xml::non-clustered_pk-13::R3.Corda due to validation error(s): clustered is not allowed on h2
14:02:14.260 [Test worker] DEBUG liquibase - master.changelog.json: migration/vault-schema.changelog-v5.xml::add_relevancy_status_column::R3.Corda: Computed checksum for addColumn:[
    columns=[
        [
            name="relevancy_status"
            type="INT"
        ]
    ]
    tableName="vault_states"
] as f4c3dbd35bfa9d2a1021acafdac959d6
14:02:14.261 [Test worker] DEBUG liquibase - master.changelog.json: migration/vault-schema.changelog-v5.xml::add_relevancy_status_column::R3.Corda: Computed checksum for update:[
    columns=[
        [
            name="relevancy_status"
            valueNumeric="0"
        ]
    ]
    tableName="vault_states"
] as c3f226e53f5bf04fd8506465c55d3a42
14:02:14.261 [Test worker] DEBUG liquibase - master.changelog.json: migration/vault-schema.changelog-v5.xml::add_relevancy_status_column::R3.Corda: Computed checksum for addNotNullConstraint:[
    columnDataType="INT"
    columnName="relevancy_status"
    tableName="vault_states"
] as a4104ab76f534885eeb63a0690843f78
14:02:14.261 [Test worker] DEBUG liquibase - master.changelog.json: migration/vault-schema.changelog-v5.xml::add_relevancy_status_column::R3.Corda: Computed checksum for 7:f4c3dbd35bfa9d2a1021acafdac959d6:7:c3f226e53f5bf04fd8506465c55d3a42:7:a4104ab76f534885eeb63a0690843f78: as bd7c3258179f34f231f6ae51e3313fc4
14:02:14.262 [Test worker] DEBUG liquibase - master.changelog.json: migration/vault-schema.changelog-v6.xml::add_is_constraint_information_columns::R3.Corda: Computed checksum for addColumn:[
    columns=[
        [
            [
                nullable="false"
            ]
            defaultValue="0"
            name="constraint_type"
            type="INT"
        ]
    ]
    tableName="vault_states"
] as ec4183b38221d9efb81468b6b58469ad
14:02:14.262 [Test worker] DEBUG liquibase - master.changelog.json: migration/vault-schema.changelog-v6.xml::add_is_constraint_information_columns::R3.Corda: Computed checksum for addColumn:[
    columns=[
        [
            [
                nullable="true"
            ]
            name="constraint_data"
            type="varbinary(563)"
        ]
    ]
    tableName="vault_states"
] as a62d1e80b99c304b04f3ac1ec994ed59
14:02:14.262 [Test worker] DEBUG liquibase - master.changelog.json: migration/vault-schema.changelog-v6.xml::add_is_constraint_information_columns::R3.Corda: Computed checksum for 7:ec4183b38221d9efb81468b6b58469ad:7:a62d1e80b99c304b04f3ac1ec994ed59: as 7d7cf7015d299a7fefb6e81aa563e208
14:02:14.262 [Test worker] DEBUG liquibase - master.changelog.json: migration/vault-schema.changelog-v7.xml::make_issuer_ref_nullable::R3.Corda: Computed checksum for dropNotNullConstraint:[
    columnDataType="varbinary(512)"
    columnName="issuer_ref"
    tableName="vault_fungible_states"
] as b549f88798da86b579f7e3421c6019ed
14:02:14.262 [Test worker] DEBUG liquibase - master.changelog.json: migration/vault-schema.changelog-v7.xml::make_issuer_ref_nullable::R3.Corda: Computed checksum for 7:b549f88798da86b579f7e3421c6019ed: as 016e083b176a76fc50d74e3fe07ca1cb
14:02:14.269 [Test worker] DEBUG liquibase - master.changelog.json: migration/vault-schema.changelog-v8.xml::create-external-id-to-state-party-view::R3.Corda: Computed checksum for createTable:[
    columns=[
        [
            name="output_index"
            type="INT"
        ],
        [
            name="transaction_id"
            type="NVARCHAR(64)"
        ],
        [
            [
                nullable="false"
            ]
            name="public_key_hash"
            type="NVARCHAR(255)"
        ],
        [
            name="x500_name"
            type="NVARCHAR(255)"
        ]
    ]
    tableName="state_party"
] as 3b063e299ebe197af7a457ea726b2800
14:02:14.271 [Test worker] DEBUG liquibase - master.changelog.json: migration/vault-schema.changelog-v8.xml::create-external-id-to-state-party-view::R3.Corda: Computed checksum for createIndex:[
    columns=[
        [
            name="public_key_hash"
        ]
    ]
    indexName="state_pk_hash_idx"
    tableName="state_party"
] as 450b82f224c850f2465386ef7a707b92
14:02:14.273 [Test worker] DEBUG liquibase - master.changelog.json: migration/vault-schema.changelog-v8.xml::create-external-id-to-state-party-view::R3.Corda: Computed checksum for createTable:[
    columns=[
        [
            [
                nullable="false"
            ]
            name="id"
            type="BIGINT"
        ],
        [
            [
                nullable="false"
            ]
            name="external_id"
            type="VARCHAR(255)"
        ],
        [
            [
                nullable="false"
            ]
            name="public_key_hash"
            type="NVARCHAR(255)"
        ]
    ]
    tableName="pk_hash_to_ext_id_map"
] as 190b235511991d2151d47c903cd91db4
14:02:14.274 [Test worker] DEBUG liquibase - master.changelog.json: migration/vault-schema.changelog-v8.xml::create-external-id-to-state-party-view::R3.Corda: Computed checksum for createIndex:[
    columns=[
        [
            name="public_key_hash"
        ]
    ]
    indexName="pk_hash_to_xid_idx"
    tableName="pk_hash_to_ext_id_map"
] as 1ee9b085d397f1a43f3b474588eddf9f
14:02:14.277 [Test worker] DEBUG liquibase - master.changelog.json: migration/vault-schema.changelog-v8.xml::create-external-id-to-state-party-view::R3.Corda: Computed checksum for createView:[
    selectQuery="select
                state_party.public_key_hash,
                state_party.transaction_id,
                state_party.output_index,
                pk_hash_to_ext_id_map.external_id
            from state_party
            join pk_hash_to_ext_id_map
            on state_party.public_key_hash = pk_hash_to_ext_id_map.public_key_hash"
    viewName="v_pkey_hash_ex_id_map"
] as 439c1337ca50f7fd62b4d377ac192053
14:02:14.277 [Test worker] DEBUG liquibase - master.changelog.json: migration/vault-schema.changelog-v8.xml::create-external-id-to-state-party-view::R3.Corda: Computed checksum for 7:3b063e299ebe197af7a457ea726b2800:7:450b82f224c850f2465386ef7a707b92:7:190b235511991d2151d47c903cd91db4:7:1ee9b085d397f1a43f3b474588eddf9f:7:439c1337ca50f7fd62b4d377ac192053: as 68a2e794e4726e4e40b28753c7a64413
14:02:14.278 [Test worker] DEBUG liquibase - master.changelog.json: migration/node-info.changelog-init.xml::1511451595465-4::R3.Corda: Computed checksum for createTable:[
    columns=[
        [
            [
                nullable="false"
            ]
            name="node_info_id"
            type="INT"
        ],
        [
            [
                nullable="false"
            ]
            name="party_name"
            type="NVARCHAR(255)"
        ]
    ]
    tableName="node_link_nodeinfo_party"
] as 5f0557f6684939cfe82574a45344afd3
14:02:14.278 [Test worker] DEBUG liquibase - master.changelog.json: migration/node-info.changelog-init.xml::1511451595465-4::R3.Corda: Computed checksum for 7:5f0557f6684939cfe82574a45344afd3: as 86561ccea3a7fbbdb311d455076c98a8
14:02:14.279 [Test worker] DEBUG liquibase - master.changelog.json: migration/node-info.changelog-init.xml::1511451595465-10::R3.Corda: Computed checksum for createTable:[
    columns=[
        [
            [
                nullable="false"
            ]
            name="host"
            type="NVARCHAR(255)"
        ],
        [
            [
                nullable="false"
            ]
            name="port"
            type="INT"
        ],
        [
            name="node_info_id"
            type="INT"
        ]
    ]
    tableName="node_info_hosts"
] as 6f08193361f660a382cf54820e056a20
14:02:14.279 [Test worker] DEBUG liquibase - master.changelog.json: migration/node-info.changelog-init.xml::1511451595465-10::R3.Corda: Computed checksum for 7:6f08193361f660a382cf54820e056a20: as 86dcf13717e5dbc4c623523618380bdd
14:02:14.282 [Test worker] DEBUG liquibase - master.changelog.json: migration/node-info.changelog-init.xml::1511451595465-11::R3.Corda: Computed checksum for createTable:[
    columns=[
        [
            [
                nullable="false"
            ]
            name="party_name"
            type="NVARCHAR(255)"
        ],
        [
            [
                nullable="false"
            ]
            name="ismain"
            type="BOOLEAN"
        ],
        [
            name="owning_key_hash"
            type="NVARCHAR(130)"
        ],
        [
            name="party_cert_binary"
            type="blob"
        ]
    ]
    tableName="n... [truncated in log] as 6e371f832176dde950fe6998501cc7aa
14:02:14.283 [Test worker] DEBUG liquibase - master.changelog.json: migration/node-info.changelog-init.xml::1511451595465-11::R3.Corda: Computed checksum for 7:6e371f832176dde950fe6998501cc7aa: as ddf2ea133beca979abcb7e627a37db60
14:02:14.283 [Test worker] DEBUG liquibase - master.changelog.json: migration/node-info.changelog-init.xml::1511451595465-12::R3.Corda: Computed checksum for createTable:[
    columns=[
        [
            [
                nullable="false"
            ]
            name="node_info_id"
            type="INT"
        ],
        [
            name="node_info_hash"
            type="NVARCHAR(64)"
        ],
        [
            name="platform_version"
            type="INT"
        ],
        [
            name="serial"
            type="BIGINT"
        ]
    ]
    tableName="node_infos"
] as c5eb4436bba09a4bfb27e08b68cc57b0
14:02:14.284 [Test worker] DEBUG liquibase - master.changelog.json: migration/node-info.changelog-init.xml::1511451595465-12::R3.Corda: Computed checksum for 7:c5eb4436bba09a4bfb27e08b68cc57b0: as 2a2169c32d87fdc3442c6096740a52a5
14:02:14.284 [Test worker] DEBUG liquibase - master.changelog.json: migration/node-info.changelog-init.xml::1511451595465-35::R3.Corda: Computed checksum for addPrimaryKey:[
    columnNames="host, port"
    constraintName="node_info_hosts_pkey"
    tableName="node_info_hosts"
] as 00c44e883bc12a3353188495f454f0f6
14:02:14.285 [Test worker] DEBUG liquibase - master.changelog.json: migration/node-info.changelog-init.xml::1511451595465-35::R3.Corda: Computed checksum for 7:00c44e883bc12a3353188495f454f0f6: as 5c8230d7f489b4b961c3b52b3335e5ff
14:02:14.285 [Test worker] DEBUG liquibase - master.changelog.json: migration/node-info.changelog-init.xml::1511451595465-36::R3.Corda: Computed checksum for addPrimaryKey:[
    columnNames="party_name"
    constraintName="node_info_party_cert_pkey"
    tableName="node_info_party_cert"
] as 14054c7885bede3bc60af5d2dd08a9c8
14:02:14.286 [Test worker] DEBUG liquibase - master.changelog.json: migration/node-info.changelog-init.xml::1511451595465-36::R3.Corda: Computed checksum for 7:14054c7885bede3bc60af5d2dd08a9c8: as a4293247b9113bb0895d15e212ded67d
14:02:14.287 [Test worker] DEBUG liquibase - master.changelog.json: migration/node-info.changelog-init.xml::1511451595465-37::R3.Corda: Computed checksum for addPrimaryKey:[
    columnNames="node_info_id"
    constraintName="node_infos_pkey"
    tableName="node_infos"
] as 6adf6458b4512d6bc5ca5813c2707e3d
14:02:14.287 [Test worker] DEBUG liquibase - master.changelog.json: migration/node-info.changelog-init.xml::1511451595465-37::R3.Corda: Computed checksum for 7:6adf6458b4512d6bc5ca5813c2707e3d: as 3f7b9e25544e21798cc648d8ab2056b7
14:02:14.288 [Test worker] DEBUG liquibase - master.changelog.json: migration/node-info.changelog-init.xml::1511451595465-62::R3.Corda: Computed checksum for addForeignKeyConstraint:[
    baseColumnNames="node_info_id"
    baseTableName="node_link_nodeinfo_party"
    constraintName="FK__link_nodeinfo_party__infos"
    referencedColumnNames="node_info_id"
    referencedTableName="node_infos"
] as 1a56cab722da6c0a210824ac187fea47
14:02:14.288 [Test worker] DEBUG liquibase - master.changelog.json: migration/node-info.changelog-init.xml::1511451595465-62::R3.Corda: Computed checksum for 7:1a56cab722da6c0a210824ac187fea47: as 64add0a3b0350cfe6fa3de1428a38397
14:02:14.288 [Test worker] DEBUG liquibase - master.changelog.json: migration/node-info.changelog-init.xml::1511451595465-63::R3.Corda: Computed checksum for addForeignKeyConstraint:[
    baseColumnNames="node_info_id"
    baseTableName="node_info_hosts"
    constraintName="FK__info_hosts__infos"
    referencedColumnNames="node_info_id"
    referencedTableName="node_infos"
] as c5982833d4ecc3f6e19b870ef3cdafdc
14:02:14.288 [Test worker] DEBUG liquibase - master.changelog.json: migration/node-info.changelog-init.xml::1511451595465-63::R3.Corda: Computed checksum for 7:c5982833d4ecc3f6e19b870ef3cdafdc: as 6ea0c3bb234d14956401b6b281531832
14:02:14.289 [Test worker] DEBUG liquibase - master.changelog.json: migration/node-info.changelog-init.xml::remove_host_port_pk::R3.Corda: Computed checksum for delete:[
    tableName="node_infos"
] as 88f0f3be4f28bb97a4eff8bb6c643615
14:02:14.289 [Test worker] DEBUG liquibase - master.changelog.json: migration/node-info.changelog-init.xml::remove_host_port_pk::R3.Corda: Computed checksum for delete:[
    tableName="node_link_nodeinfo_party"
] as 8ae8d78f410d9978c57e0e7d4383c311
14:02:14.289 [Test worker] DEBUG liquibase - master.changelog.json: migration/node-info.changelog-init.xml::remove_host_port_pk::R3.Corda: Computed checksum for delete:[
    tableName="node_info_hosts"
] as c66698861dc70f2bc2f0d1aefc556a8b
14:02:14.289 [Test worker] DEBUG liquibase - master.changelog.json: migration/node-info.changelog-init.xml::remove_host_port_pk::R3.Corda: Computed checksum for delete:[
    tableName="node_info_party_cert"
] as f57d560d22a52dd192fdb3fbbb679576
14:02:14.290 [Test worker] DEBUG liquibase - master.changelog.json: migration/node-info.changelog-init.xml::remove_host_port_pk::R3.Corda: Computed checksum for dropPrimaryKey:[
    constraintName="node_info_hosts_pkey"
    tableName="node_info_hosts"
] as 8b8f98fcef92cc953b306c56fe61762f
14:02:14.290 [Test worker] DEBUG liquibase - master.changelog.json: migration/node-info.changelog-init.xml::remove_host_port_pk::R3.Corda: Computed checksum for addColumn:[
    columns=[
        [
            [
                nullable="false"
            ]
            name="hosts_id"
            type="INT"
        ]
    ]
    tableName="node_info_hosts"
] as 2bc19defe8eb317936eb134f5cf66983
14:02:14.290 [Test worker] DEBUG liquibase - master.changelog.json: migration/node-info.changelog-init.xml::remove_host_port_pk::R3.Corda: Computed checksum for addPrimaryKey:[
    columnNames="hosts_id"
    constraintName="node_info_hosts_pkey_id"
    tableName="node_info_hosts"
] as fb8c4f0a4999978cac06928bb4f0134a
14:02:14.290 [Test worker] DEBUG liquibase - master.changelog.json: migration/node-info.changelog-init.xml::remove_host_port_pk::R3.Corda: Computed checksum for 7:88f0f3be4f28bb97a4eff8bb6c643615:7:8ae8d78f410d9978c57e0e7d4383c311:7:c66698861dc70f2bc2f0d1aefc556a8b:7:f57d560d22a52dd192fdb3fbbb679576:7:8b8f98fcef92cc953b306c56fe61762f:7:2bc19defe8eb317936eb134f5cf66983:7:fb8c4f0a4999978cac06928bb4f0134a: as cb733f12ced82860fd296bb0c94c5072
14:02:14.291 [Test worker] DEBUG liquibase - master.changelog.json: migration/node-info.changelog-v1.xml::key/value node properties table::R3.Corda: Computed checksum for createTable:[
    columns=[
        [
            [
                nullable="false"
            ]
            name="property_key"
            type="NVARCHAR(255)"
        ],
        [
            name="property_value"
            type="NVARCHAR(255)"
        ]
    ]
    tableName="node_properties"
] as 17113a8df38982bab57e5f97485915b2
14:02:14.292 [Test worker] DEBUG liquibase - master.changelog.json: migration/node-info.changelog-v1.xml::key/value node properties table::R3.Corda: Computed checksum for 7:17113a8df38982bab57e5f97485915b2: as 05241b402dd60a4e1eeb86ad6c5eff9e
14:02:14.292 [Test worker] DEBUG liquibase - master.changelog.json: migration/node-info.changelog-v2.xml::1525962920::R3.Corda: Computed checksum for addNotNullConstraint:[
    columnDataType="NVARCHAR(64)"
    columnName="node_info_hash"
    tableName="node_infos"
] as 736d3fb9862e810788216a889c726699
14:02:14.292 [Test worker] DEBUG liquibase - master.changelog.json: migration/node-info.changelog-v2.xml::1525962920::R3.Corda: Computed checksum for addNotNullConstraint:[
    columnDataType="INT"
    columnName="platform_version"
    tableName="node_infos"
] as 76d2d2c9dd1c6954d572cd5a4d47366e
14:02:14.293 [Test worker] DEBUG liquibase - master.changelog.json: migration/node-info.changelog-v2.xml::1525962920::R3.Corda: Computed checksum for addNotNullConstraint:[
    columnDataType="BIGINT"
    columnName="serial"
    tableName="node_infos"
] as 26157af814171c1d3bd6f883bb5c39e8
14:02:14.293 [Test worker] DEBUG liquibase - master.changelog.json: migration/node-info.changelog-v2.xml::1525962920::R3.Corda: Computed checksum for dropNotNullConstraint:[
    columnDataType="NVARCHAR(255)"
    columnName="host"
    tableName="node_info_hosts"
] as 603a060f34f7e4bd2d4bff3b8a6621af
14:02:14.294 [Test worker] DEBUG liquibase - master.changelog.json: migration/node-info.changelog-v2.xml::1525962920::R3.Corda: Computed checksum for dropNotNullConstraint:[
    columnDataType="INT"
    columnName="port"
    tableName="node_info_hosts"
] as 1ad496134a62a18677ebb23168117bbe
14:02:14.294 [Test worker] DEBUG liquibase - master.changelog.json: migration/node-info.changelog-v2.xml::1525962920::R3.Corda: Computed checksum for addNotNullConstraint:[
    columnDataType="NVARCHAR(130)"
    columnName="owning_key_hash"
    tableName="node_info_party_cert"
] as eb00d90a19da5f3ab4970aa0b2674aae
14:02:14.295 [Test worker] DEBUG liquibase - master.changelog.json: migration/node-info.changelog-v2.xml::1525962920::R3.Corda: Computed checksum for addNotNullConstraint:[
    columnDataType="blob"
    columnName="party_cert_binary"
    tableName="node_info_party_cert"
] as 25f38c720c603b2dea35550bedab555a
14:02:14.295 [Test worker] DEBUG liquibase - master.changelog.json: migration/node-info.changelog-v2.xml::1525962920::R3.Corda: Computed checksum for 7:736d3fb9862e810788216a889c726699:7:76d2d2c9dd1c6954d572cd5a4d47366e:7:26157af814171c1d3bd6f883bb5c39e8:7:603a060f34f7e4bd2d4bff3b8a6621af:7:1ad496134a62a18677ebb23168117bbe:7:eb00d90a19da5f3ab4970aa0b2674aae:7:25f38c720c603b2dea35550bedab555a: as c3fd83668d5ed4acdefcad3f90944935
14:02:14.295 [Test worker] DEBUG liquibase - master.changelog.json: migration/node-info.changelog-v3.xml::column_host_name::R3.Corda: Computed checksum for renameColumn:[
    newColumnName="host_name"
    oldColumnName="host"
    tableName="node_info_hosts"
] as 2492206013627f2b53e89a302025675a
14:02:14.296 [Test worker] DEBUG liquibase - master.changelog.json: migration/node-info.changelog-v3.xml::column_host_name::R3.Corda: Computed checksum for 7:2492206013627f2b53e89a302025675a: as fc4ceb3b82e44070da1fff49a7b5cccb
14:02:14.300 [Test worker] DEBUG liquibase - master.changelog.json: migration/node-services.changelog-init.xml::1511451595465-5::R3.Corda: Computed checksum for createTable:[
    columns=[
        [
            [
                nullable="false"
            ]
            name="att_id"
            type="NVARCHAR(255)"
        ],
        [
            name="content"
            type="blob"
        ],
        [
            name="filename"
            type="NVARCHAR(255)"
        ],
        [
            [
                nullable="false"
            ]
            name="insertion_date"
            type="timestamp"
        ],
        [
            name="uplo... [truncated in log] as 7eb17f5047b5f49e47197095dde1065c
14:02:14.321 [Test worker] DEBUG liquibase - master.changelog.json: migration/node-services.changelog-init.xml::1511451595465-5::R3.Corda: Computed checksum for 7:7eb17f5047b5f49e47197095dde1065c: as 464a5bbaf24fe78716c38c544dc81f3c
14:02:14.322 [Test worker] DEBUG liquibase - master.changelog.json: migration/node-services.changelog-init.xml::1511451595465-7::R3.Corda: Computed checksum for createTable:[
    columns=[
        [
            [
                nullable="false"
            ]
            name="checkpoint_id"
            type="NVARCHAR(64)"
        ],
        [
            name="checkpoint_value"
            type="blob"
        ]
    ]
    tableName="node_checkpoints"
] as 4f2d38f516c2eeb1483d86b4a25f26c6
14:02:14.323 [Test worker] DEBUG liquibase - master.changelog.json: migration/node-services.changelog-init.xml::1511451595465-7::R3.Corda: Computed checksum for 7:4f2d38f516c2eeb1483d86b4a25f26c6: as 2870aa3a468e81bab1cd24ac70ca2163
14:02:14.324 [Test worker] DEBUG liquibase - master.changelog.json: migration/node-services.changelog-init.xml::1511451595465-8::R3.Corda: Computed checksum for createTable:[
    columns=[
        [
            [
                nullable="false"
            ]
            name="state_ref"
            type="NVARCHAR(96)"
        ],
        [
            name="contract_class_name"
            type="NVARCHAR(255)"
        ]
    ]
    tableName="node_contract_upgrades"
] as bf4885aea883ac63c151d7d01a760dc1
14:02:14.326 [Test worker] DEBUG liquibase - master.changelog.json: migration/node-services.changelog-init.xml::1511451595465-8::R3.Corda: Computed checksum for 7:bf4885aea883ac63c151d7d01a760dc1: as bf156b1c48e915e7d8090d5162e31c02
14:02:14.327 [Test worker] DEBUG liquibase - master.changelog.json: migration/node-services.changelog-init.xml::1511451595465-9::R3.Corda: Computed checksum for createTable:[
    columns=[
        [
            [
                nullable="false"
            ]
            name="pk_hash"
            type="NVARCHAR(130)"
        ],
        [
            name="identity_value"
            type="blob"
        ]
    ]
    tableName="node_identities"
] as 64ced0b8682a33911d574622be63a98d
14:02:14.327 [Test worker] DEBUG liquibase - master.changelog.json: migration/node-services.changelog-init.xml::1511451595465-9::R3.Corda: Computed checksum for 7:64ced0b8682a33911d574622be63a98d: as ea04cf1cc4ea1112c4cbbf932bc51c56
14:02:14.327 [Test worker] DEBUG liquibase - master.changelog.json: migration/node-services.changelog-init.xml::1511451595465-13::R3.Corda: Computed checksum for createTable:[
    columns=[
        [
            [
                nullable="false"
            ]
            name="message_id"
            type="NVARCHAR(64)"
        ],
        [
            name="insertion_time"
            type="timestamp"
        ]
    ]
    tableName="node_message_ids"
] as 32260ae57d06eabdf47f4f4d600577ce
14:02:14.327 [Test worker] DEBUG liquibase - master.changelog.json: migration/node-services.changelog-init.xml::1511451595465-13::R3.Corda: Computed checksum for 7:32260ae57d06eabdf47f4f4d600577ce: as 340ca6c0b7c87b663b0449535b082f80
14:02:14.328 [Test worker] DEBUG liquibase - master.changelog.json: migration/node-services.changelog-init.xml::1511451595465-14::R3.Corda: Computed checksum for createTable:[
    columns=[
        [
            [
                nullable="false"
            ]
            name="message_id"
            type="BIGINT"
        ],
        [
            name="message"
            type="blob"
        ],
        [
            name="recipients"
            type="blob"
        ]
    ]
    tableName="node_message_retry"
] as c87f1cec41d842caa66dd71a14a6fa34
14:02:14.328 [Test worker] DEBUG liquibase - master.changelog.json: migration/node-services.changelog-init.xml::1511451595465-14::R3.Corda: Computed checksum for 7:c87f1cec41d842caa66dd71a14a6fa34: as 1dc64c73807569fb04c10a9b2d760ff0
14:02:14.329 [Test worker] DEBUG liquibase - master.changelog.json: migration/node-services.changelog-init.xml::1511451595465-15::R3.Corda: Computed checksum for createTable:[
    columns=[
        [
            [
                nullable="false"
            ]
            name="name"
            type="NVARCHAR(128)"
        ],
        [
            name="pk_hash"
            type="NVARCHAR(130)"
        ]
    ]
    tableName="node_named_identities"
] as 9ba9555dab34db960c8083672afee328
14:02:14.329 [Test worker] DEBUG liquibase - master.changelog.json: migration/node-services.changelog-init.xml::1511451595465-15::R3.Corda: Computed checksum for 7:9ba9555dab34db960c8083672afee328: as 108b7d395f7fb3cfc8ce4e364c4008a5
14:02:14.329 [Test worker] DEBUG liquibase - master.changelog.json: migration/node-services.changelog-init.xml::1511451595465-17::R3.Corda: Computed checksum for createTable:[
    columns=[
        [
            [
                nullable="false"
            ]
            name="public_key_hash"
            type="NVARCHAR(130)"
        ],
        [
            name="private_key"
            type="blob"
        ],
        [
            name="public_key"
            type="blob"
        ]
    ]
    tableName="node_our_key_pairs"
] as afc7fa2555c800c74f9ca1b41689a048
14:02:14.329 [Test worker] DEBUG liquibase - master.changelog.json: migration/node-services.changelog-init.xml::1511451595465-17::R3.Corda: Computed checksum for 7:afc7fa2555c800c74f9ca1b41689a048: as a8b4ae7170f56f1df8a23b530bef4dd1
14:02:14.330 [Test worker] DEBUG liquibase - master.changelog.json: migration/node-services.changelog-init.xml::1511451595465-19::R3.Corda: Computed checksum for createTable:[
    columns=[
        [
            [
                nullable="false"
            ]
            name="output_index"
            type="INT"
        ],
        [
            [
                nullable="false"
            ]
            name="transaction_id"
            type="NVARCHAR(64)"
        ],
        [
            [
                nullable="false"
            ]
            name="scheduled_at"
            type="timestamp"
        ]
    ]
    tableName="node_scheduled_states"
] as defd113d95e94bcd27bcdeb3a96be38b
14:02:14.330 [Test worker] DEBUG liquibase - master.changelog.json: migration/node-services.changelog-init.xml::1511451595465-19::R3.Corda: Computed checksum for 7:defd113d95e94bcd27bcdeb3a96be38b: as 2aaf3df7bdbea9c71aa8bea4e14f11ef
14:02:14.331 [Test worker] DEBUG liquibase - master.changelog.json: migration/node-services.changelog-init.xml::1511451595465-20::R3.Corda: Computed checksum for createTable:[
    columns=[
        [
            [
                nullable="false"
            ]
            name="tx_id"
            type="NVARCHAR(64)"
        ],
        [
            name="state_machine_run_id"
            type="NVARCHAR(36)"
        ]
    ]
    tableName="node_transaction_mappings"
] as a98109c55addd90e480a6fc1ecb48d1d
14:02:14.331 [Test worker] DEBUG liquibase - master.changelog.json: migration/node-services.changelog-init.xml::1511451595465-20::R3.Corda: Computed checksum for 7:a98109c55addd90e480a6fc1ecb48d1d: as f003464d28fe934c636b24e7c72d9c27
14:02:14.331 [Test worker] DEBUG liquibase - master.changelog.json: migration/node-services.changelog-init.xml::1511451595465-21::R3.Corda: Computed checksum for createTable:[
    columns=[
        [
            [
                nullable="false"
            ]
            name="tx_id"
            type="NVARCHAR(64)"
        ],
        [
            name="transaction_value"
            type="blob"
        ]
    ]
    tableName="node_transactions"
] as af8f3c1c7978f86414e864bc0bb9d453
14:02:14.331 [Test worker] DEBUG liquibase - master.changelog.json: migration/node-services.changelog-init.xml::1511451595465-21::R3.Corda: Computed checksum for 7:af8f3c1c7978f86414e864bc0bb9d453: as 8b167e9074e47be66c742aec5661b5d1
14:02:14.332 [Test worker] DEBUG liquibase - master.changelog.json: migration/node-services.changelog-init.xml::1511451595465-30::R3.Corda: Computed checksum for addPrimaryKey:[
    columnNames="att_id"
    constraintName="node_attachments_pkey"
    tableName="node_attachments"
] as 96b8c8009c4a24b06c8ecd3048142128
14:02:14.332 [Test worker] DEBUG liquibase - master.changelog.json: migration/node-services.changelog-init.xml::1511451595465-30::R3.Corda: Computed checksum for 7:96b8c8009c4a24b06c8ecd3048142128: as 4aa12646e41346c10ae1d18b43468b3e
14:02:14.332 [Test worker] DEBUG liquibase - master.changelog.json: migration/node-services.changelog-init.xml::1511451595465-32::R3.Corda: Computed checksum for addPrimaryKey:[
    columnNames="checkpoint_id"
    constraintName="node_checkpoints_pkey"
    tableName="node_checkpoints"
] as 26e60c36f3099cb85a85082b388391c2
14:02:14.332 [Test worker] DEBUG liquibase - master.changelog.json: migration/node-services.changelog-init.xml::1511451595465-32::R3.Corda: Computed checksum for 7:26e60c36f3099cb85a85082b388391c2: as fa0f2ed27615a3fd2b799bb27b447a36
14:02:14.332 [Test worker] DEBUG liquibase - master.changelog.json: migration/node-services.changelog-init.xml::1511451595465-33::R3.Corda: Computed checksum for addPrimaryKey:[
    columnNames="state_ref"
    constraintName="node_contract_upgrades_pkey"
    tableName="node_contract_upgrades"
] as d4c28cd597e7a32cd0d9f3d2a4104650
14:02:14.332 [Test worker] DEBUG liquibase - master.changelog.json: migration/node-services.changelog-init.xml::1511451595465-33::R3.Corda: Computed checksum for 7:d4c28cd597e7a32cd0d9f3d2a4104650: as 37e38ccee8d375f364abca393727eec7
14:02:14.333 [Test worker] DEBUG liquibase - master.changelog.json: migration/node-services.changelog-init.xml::1511451595465-34::R3.Corda: Computed checksum for addPrimaryKey:[
    columnNames="pk_hash"
    constraintName="node_identities_pkey"
    tableName="node_identities"
] as 18ff03ab4c5827e642ce637c7155bd78
14:02:14.333 [Test worker] DEBUG liquibase - master.changelog.json: migration/node-services.changelog-init.xml::1511451595465-34::R3.Corda: Computed checksum for 7:18ff03ab4c5827e642ce637c7155bd78: as 43d4f1fd6b4b69fcd6b046d8806c8f50
14:02:14.333 [Test worker] DEBUG liquibase - master.changelog.json: migration/node-services.changelog-init.xml::1511451595465-38::R3.Corda: Computed checksum for addPrimaryKey:[
    columnNames="message_id"
    constraintName="node_message_ids_pkey"
    tableName="node_message_ids"
] as 5350f5a01fe53cad542ce506faf827a5
14:02:14.333 [Test worker] DEBUG liquibase - master.changelog.json: migration/node-services.changelog-init.xml::1511451595465-38::R3.Corda: Computed checksum for 7:5350f5a01fe53cad542ce506faf827a5: as 37825d1c920089f5d1d8667fae2a0770
14:02:14.333 [Test worker] DEBUG liquibase - master.changelog.json: migration/node-services.changelog-init.xml::1511451595465-39::R3.Corda: Computed checksum for addPrimaryKey:[
    columnNames="message_id"
    constraintName="node_message_retry_pkey"
    tableName="node_message_retry"
] as 05c5906d403843ddbc494dc9314c47db
14:02:14.333 [Test worker] DEBUG liquibase - master.changelog.json: migration/node-services.changelog-init.xml::1511451595465-39::R3.Corda: Computed checksum for 7:05c5906d403843ddbc494dc9314c47db: as 7cc6fa875e39740c709235ff27960561
14:02:14.334 [Test worker] DEBUG liquibase - master.changelog.json: migration/node-services.changelog-init.xml::1511451595465-40::R3.Corda: Computed checksum for addPrimaryKey:[
    columnNames="name"
    constraintName="node_named_identities_pkey"
    tableName="node_named_identities"
] as 64274859807014ee0d62867ef274028a
14:02:14.334 [Test worker] DEBUG liquibase - master.changelog.json: migration/node-services.changelog-init.xml::1511451595465-40::R3.Corda: Computed checksum for 7:64274859807014ee0d62867ef274028a: as 9fac7485c58064b7e7ddce0bd1af86c4
14:02:14.334 [Test worker] DEBUG liquibase - master.changelog.json: migration/node-services.changelog-init.xml::1511451595465-42::R3.Corda: Computed checksum for addPrimaryKey:[
    columnNames="public_key_hash"
    constraintName="node_our_key_pairs_pkey"
    tableName="node_our_key_pairs"
] as 2dc24802cacd1ecc9195c88381d1e14a
14:02:14.334 [Test worker] DEBUG liquibase - master.changelog.json: migration/node-services.changelog-init.xml::1511451595465-42::R3.Corda: Computed checksum for 7:2dc24802cacd1ecc9195c88381d1e14a: as e3644c4b7315958cfb3a3cd4a3f40946
14:02:14.334 [Test worker] DEBUG liquibase - master.changelog.json: migration/node-services.changelog-init.xml::1511451595465-44::R3.Corda: Computed checksum for addPrimaryKey:[
    columnNames="output_index, transaction_id"
    constraintName="node_scheduled_states_pkey"
    tableName="node_scheduled_states"
] as 4c77187a59774106bd1e1d37d89ae1f1
14:02:14.334 [Test worker] DEBUG liquibase - master.changelog.json: migration/node-services.changelog-init.xml::1511451595465-44::R3.Corda: Computed checksum for 7:4c77187a59774106bd1e1d37d89ae1f1: as 122e6cc40f7e50d8c9ffeb46861ed786
14:02:14.335 [Test worker] DEBUG liquibase - master.changelog.json: migration/node-services.changelog-init.xml::1511451595465-45::R3.Corda: Computed checksum for addPrimaryKey:[
    columnNames="tx_id"
    constraintName="node_transaction_mappings_pkey"
    tableName="node_transaction_mappings"
] as 8cc604e43605d57ebbd96b86580c421d
14:02:14.335 [Test worker] DEBUG liquibase - master.changelog.json: migration/node-services.changelog-init.xml::1511451595465-45::R3.Corda: Computed checksum for 7:8cc604e43605d57ebbd96b86580c421d: as c4ba1fcc19b22e52678633b13053eaa1
14:02:14.335 [Test worker] DEBUG liquibase - master.changelog.json: migration/node-services.changelog-init.xml::1511451595465-46::R3.Corda: Computed checksum for addPrimaryKey:[
    columnNames="tx_id"
    constraintName="node_transactions_pkey"
    tableName="node_transactions"
] as 4965c0f02c5ff2bc61985685f3256218
14:02:14.335 [Test worker] DEBUG liquibase - master.changelog.json: migration/node-services.changelog-init.xml::1511451595465-46::R3.Corda: Computed checksum for 7:4965c0f02c5ff2bc61985685f3256218: as 1a41a33c68c6f56be99cbfa9af7c2646
14:02:14.335 [Test worker] DEBUG liquibase - master.changelog.json: migration/node-services.changelog-init.xml::1511451595465-61::R3.Corda: Computed checksum for addForeignKeyConstraint:[
    baseColumnNames="party_name"
    baseTableName="node_link_nodeinfo_party"
    constraintName="FK__link_ni_p__info_p_cert"
    referencedColumnNames="party_name"
    referencedTableName="node_info_party_cert"
] as 44f7bd5dcfc33807eef117a55a62eef7
14:02:14.336 [Test worker] DEBUG liquibase - master.changelog.json: migration/node-services.changelog-init.xml::1511451595465-61::R3.Corda: Computed checksum for 7:44f7bd5dcfc33807eef117a55a62eef7: as f753db641a982caad48d7169dafbc854
14:02:14.336 [Test worker] DEBUG liquibase - master.changelog.json: migration/node-services.changelog-init.xml::add index att_id::R3.Corda: Computed checksum for createIndex:[
    columns=[
        [
            name="att_id"
        ]
    ]
    indexName="att_id_idx"
    tableName="node_attachments"
] as 52e7146df14351ff7556f6d45bd4fabd
14:02:14.336 [Test worker] DEBUG liquibase - master.changelog.json: migration/node-services.changelog-init.xml::add index att_id::R3.Corda: Computed checksum for 7:52e7146df14351ff7556f6d45bd4fabd: as 302188110e9124abd4ef58020255fbb0
14:02:14.337 [Test worker] DEBUG liquibase - master.changelog.json: migration/node-services.changelog-init.xml::add_contract_attachment::R3.Corda: Computed checksum for createTable:[
    columns=[
        [
            [
                nullable="false"
            ]
            name="att_id"
            type="NVARCHAR(255)"
        ],
        [
            name="contract_class_name"
            type="NVARCHAR(255)"
        ]
    ]
    tableName="node_attchments_contracts"
] as 184098a87199f7fd6863799c29181b39
14:02:14.337 [Test worker] DEBUG liquibase - master.changelog.json: migration/node-services.changelog-init.xml::add_contract_attachment::R3.Corda: Computed checksum for addForeignKeyConstraint:[
    baseColumnNames="att_id"
    baseTableName="node_attchments_contracts"
    constraintName="FK__ctr_class__attachments"
    referencedColumnNames="att_id"
    referencedTableName="node_attachments"
] as f50a4be698e1b1efc9e456d8a396f45d
14:02:14.337 [Test worker] DEBUG liquibase - master.changelog.json: migration/node-services.changelog-init.xml::add_contract_attachment::R3.Corda: Computed checksum for delete:[
    tableName="node_attachments"
] as 6ab2de0f26c32b87fd416f7bb0b2041a
14:02:14.337 [Test worker] DEBUG liquibase - master.changelog.json: migration/node-services.changelog-init.xml::add_contract_attachment::R3.Corda: Computed checksum for 7:184098a87199f7fd6863799c29181b39:7:f50a4be698e1b1efc9e456d8a396f45d:7:6ab2de0f26c32b87fd416f7bb0b2041a: as 2cfbc6a84cfcd7b8ce011b58aa70f584
14:02:14.362 [Test worker] DEBUG liquibase - master.changelog.json: migration/node-services.changelog-init.xml::add_dedup_columns::R3.Corda: Computed checksum for addColumn:[
    columns=[
        [
            name="sender"
            type="NVARCHAR(64)"
        ],
        [
            name="sequence_number"
            type="BIGINT"
        ]
    ]
    tableName="node_message_ids"
] as 52d08b6e53239379a1a266904ac87a23
14:02:14.362 [Test worker] DEBUG liquibase - master.changelog.json: migration/node-services.changelog-init.xml::add_dedup_columns::R3.Corda: Computed checksum for 7:52d08b6e53239379a1a266904ac87a23: as 376ede2552aa97e8abf9d9a808c16692
14:02:14.363 [Test worker] DEBUG liquibase - master.changelog.json: migration/node-core.changelog-v4.xml::attchments_rename::R3.Corda: Computed checksum for renameTable:[
    newTableName="node_attachments_contracts"
    oldTableName="node_attchments_contracts"
] as 0356ef37e1bbbe5465248f9614a94dd3
14:02:14.363 [Test worker] DEBUG liquibase - master.changelog.json: migration/node-core.changelog-v4.xml::attchments_rename::R3.Corda: Computed checksum for 7:0356ef37e1bbbe5465248f9614a94dd3: as 9c9553fbc45dfa0ec2117a113b1bfb13
14:02:14.363 [Test worker] DEBUG liquibase - master.changelog.json: migration/node-core.changelog-v4.xml::nullability::R3.Corda: Computed checksum for addNotNullConstraint:[
    columnDataType="blob"
    columnName="identity_value"
    tableName="node_identities"
] as 0ff1c74277be0f57d8da467bd3af81ba
14:02:14.365 [Test worker] DEBUG liquibase - master.changelog.json: migration/node-core.changelog-v4.xml::nullability::R3.Corda: Computed checksum for addNotNullConstraint:[
    columnDataType="blob"
    columnName="content"
    tableName="node_attachments"
] as dd563134d4976b0fc550563a3a9547d0
14:02:14.366 [Test worker] DEBUG liquibase - master.changelog.json: migration/node-core.changelog-v4.xml::nullability::R3.Corda: Computed checksum for addNotNullConstraint:[
    columnDataType="NVARCHAR(255)"
    columnName="contract_class_name"
    tableName="node_attachments_contracts"
] as fcbb1bca17f3fdbb18a1857897fc06f5
14:02:14.366 [Test worker] DEBUG liquibase - master.changelog.json: migration/node-core.changelog-v4.xml::nullability::R3.Corda: Computed checksum for addNotNullConstraint:[
    columnDataType="blob"
    columnName="checkpoint_value"
    tableName="node_checkpoints"
] as 58c19f5fa79bba98f82a37d6f4b5a6b9
14:02:14.366 [Test worker] DEBUG liquibase - master.changelog.json: migration/node-core.changelog-v4.xml::nullability::R3.Corda: Computed checksum for addNotNullConstraint:[
    columnDataType="NVARCHAR(255)"
    columnName="contract_class_name"
    tableName="node_contract_upgrades"
] as c29d2d41b0a68e07a140a2368ba5bba1
14:02:14.366 [Test worker] DEBUG liquibase - master.changelog.json: migration/node-core.changelog-v4.xml::nullability::R3.Corda: Computed checksum for addNotNullConstraint:[
    columnDataType="timestamp"
    columnName="insertion_time"
    tableName="node_message_ids"
] as 790718a410431aa28f9264789001ba45
14:02:14.367 [Test worker] DEBUG liquibase - master.changelog.json: migration/node-core.changelog-v4.xml::nullability::R3.Corda: Computed checksum for addNotNullConstraint:[
    columnDataType="blob"
    columnName="message"
    tableName="node_message_retry"
] as 1898ae47388ec4edef20156ecfff9aac
14:02:14.367 [Test worker] DEBUG liquibase - master.changelog.json: migration/node-core.changelog-v4.xml::nullability::R3.Corda: Computed checksum for addNotNullConstraint:[
    columnDataType="blob"
    columnName="recipients"
    tableName="node_message_retry"
] as c8e6a209afb71510082c39b6585beccf
14:02:14.367 [Test worker] DEBUG liquibase - master.changelog.json: migration/node-core.changelog-v4.xml::nullability::R3.Corda: Computed checksum for addNotNullConstraint:[
    columnDataType="NVARCHAR(130)"
    columnName="pk_hash"
    tableName="node_named_identities"
] as a8187d893238bffdbf57cdd9d63bfdba
14:02:14.367 [Test worker] DEBUG liquibase - master.changelog.json: migration/node-core.changelog-v4.xml::nullability::R3.Corda: Computed checksum for addNotNullConstraint:[
    columnDataType="blob"
    columnName="private_key"
    tableName="node_our_key_pairs"
] as b2af64a77f468869df53c57ab50eb85b
14:02:14.367 [Test worker] DEBUG liquibase - master.changelog.json: migration/node-core.changelog-v4.xml::nullability::R3.Corda: Computed checksum for addNotNullConstraint:[
    columnDataType="blob"
    columnName="public_key"
    tableName="node_our_key_pairs"
] as 713d90dc7b4029ace717deb55694f4a5
14:02:14.367 [Test worker] DEBUG liquibase - master.changelog.json: migration/node-core.changelog-v4.xml::nullability::R3.Corda: Computed checksum for addNotNullConstraint:[
    columnDataType="NVARCHAR(36)"
    columnName="state_machine_run_id"
    tableName="node_transaction_mappings"
] as 685dff1bf416bfa2574449a7f932d6f1
14:02:14.367 [Test worker] DEBUG liquibase - master.changelog.json: migration/node-core.changelog-v4.xml::nullability::R3.Corda: Computed checksum for addNotNullConstraint:[
    columnDataType="blob"
    columnName="transaction_value"
    tableName="node_transactions"
] as 9f7524707b3715b2aa22a20bc6fcabc5
14:02:14.367 [Test worker] DEBUG liquibase - master.changelog.json: migration/node-core.changelog-v4.xml::nullability::R3.Corda: Computed checksum for 7:0ff1c74277be0f57d8da467bd3af81ba:7:dd563134d4976b0fc550563a3a9547d0:7:fcbb1bca17f3fdbb18a1857897fc06f5:7:58c19f5fa79bba98f82a37d6f4b5a6b9:7:c29d2d41b0a68e07a140a2368ba5bba1:7:790718a410431aa28f9264789001ba45:7:1898ae47388ec4edef20156ecfff9aac:7:c8e6a209afb71510082c39b6585beccf:7:a8187d893238bffdbf57cdd9d63bfdba:7:b2af64a77f468869df53c57ab50eb85b:7:713d90dc7b4029ace717deb55694f4a5:7:685dff1bf416bfa2574449a7f932d6f1:7:9f7524707b3715b2aa22a20bc6fcabc5: as 73b3f89cdd2a42efebeb125648c28191
14:02:14.425 [Test worker] DEBUG liquibase - master.changelog.json: migration/node-core.changelog-v5.xml::remove_unused_node_message_retry::R3.Corda: Computed checksum for dropTable:[
    tableName="node_message_retry"
] as 8907740960b74152d1e573f64f4ce208
14:02:14.425 [Test worker] DEBUG liquibase - master.changelog.json: migration/node-core.changelog-v5.xml::remove_unused_node_message_retry::R3.Corda: Computed checksum for 7:8907740960b74152d1e573f64f4ce208: as cd120ad46e3a88b0eeaa7ffdcf8a0861
14:02:14.425 [Test worker] DEBUG liquibase - master.changelog.json: migration/node-core.changelog-pkey.xml::non-clustered_pk-1::R3.Corda: Computed checksum for dropPrimaryKey:[
    constraintName="node_checkpoints_pkey"
    tableName="node_checkpoints"
] as 9f99a134773f14ab2cbc2cd6f156b603
14:02:14.426 [Test worker] DEBUG liquibase - master.changelog.json: migration/node-core.changelog-pkey.xml::non-clustered_pk-1::R3.Corda: Computed checksum for addPrimaryKey:[
    clustered="false"
    columnNames="checkpoint_id"
    constraintName="node_checkpoints_pkey"
    tableName="node_checkpoints"
] as a18afa1a1a70b87465896c3520a34c84
14:02:14.426 [Test worker] DEBUG liquibase - master.changelog.json: migration/node-core.changelog-pkey.xml::non-clustered_pk-1::R3.Corda: Computed checksum for 7:9f99a134773f14ab2cbc2cd6f156b603:7:a18afa1a1a70b87465896c3520a34c84: as eb9d9d13536371a16c05f8a89051e6b0
14:02:14.426 [Test worker] INFO liquibase - master.changelog.json: migration/node-core.changelog-pkey.xml::non-clustered_pk-1::R3.Corda: Skipping changeSet migration/node-core.changelog-pkey.xml::non-clustered_pk-1::R3.Corda due to validation error(s): clustered is not allowed on h2
14:02:14.426 [Test worker] DEBUG liquibase - master.changelog.json: migration/node-core.changelog-pkey.xml::non-clustered_pk-2::R3.Corda: Computed checksum for dropPrimaryKey:[
    constraintName="node_identities_pkey"
    tableName="node_identities"
] as 605c45e8edd8d52e86e00a89fe2ac35e
14:02:14.426 [Test worker] DEBUG liquibase - master.changelog.json: migration/node-core.changelog-pkey.xml::non-clustered_pk-2::R3.Corda: Computed checksum for addPrimaryKey:[
    clustered="false"
    columnNames="pk_hash"
    constraintName="node_identities_pkey"
    tableName="node_identities"
] as fbf664dd28d0f4f6c49ae6c1fa52bd3e
14:02:14.426 [Test worker] DEBUG liquibase - master.changelog.json: migration/node-core.changelog-pkey.xml::non-clustered_pk-2::R3.Corda: Computed checksum for 7:605c45e8edd8d52e86e00a89fe2ac35e:7:fbf664dd28d0f4f6c49ae6c1fa52bd3e: as d4192425f4f38b39f3b09611028e5c14
14:02:14.426 [Test worker] INFO liquibase - master.changelog.json: migration/node-core.changelog-pkey.xml::non-clustered_pk-2::R3.Corda: Skipping changeSet migration/node-core.changelog-pkey.xml::non-clustered_pk-2::R3.Corda due to validation error(s): clustered is not allowed on h2
14:02:14.426 [Test worker] DEBUG liquibase - master.changelog.json: migration/node-core.changelog-pkey.xml::non-clustered_pk-3::R3.Corda: Computed checksum for dropPrimaryKey:[
    constraintName="node_message_ids_pkey"
    tableName="node_message_ids"
] as ba87180f3d741766134d74212ca6032f
14:02:14.427 [Test worker] DEBUG liquibase - master.changelog.json: migration/node-core.changelog-pkey.xml::non-clustered_pk-3::R3.Corda: Computed checksum for addPrimaryKey:[
    clustered="false"
    columnNames="message_id"
    constraintName="node_message_ids_pkey"
    tableName="node_message_ids"
] as 8aaadb5242637738d617d395100b45a5
14:02:14.427 [Test worker] DEBUG liquibase - master.changelog.json: migration/node-core.changelog-pkey.xml::non-clustered_pk-3::R3.Corda: Computed checksum for 7:ba87180f3d741766134d74212ca6032f:7:8aaadb5242637738d617d395100b45a5: as 9773a095cc1db7ea3a66e7e5565bb58e
14:02:14.427 [Test worker] INFO liquibase - master.changelog.json: migration/node-core.changelog-pkey.xml::non-clustered_pk-3::R3.Corda: Skipping changeSet migration/node-core.changelog-pkey.xml::non-clustered_pk-3::R3.Corda due to validation error(s): clustered is not allowed on h2
14:02:14.427 [Test worker] DEBUG liquibase - master.changelog.json: migration/node-core.changelog-pkey.xml::non-clustered_pk-4::R3.Corda: Computed checksum for dropPrimaryKey:[
    constraintName="node_named_identities_pkey"
    tableName="node_named_identities"
] as d24b036e035ca98e1702e37946c90818
14:02:14.427 [Test worker] DEBUG liquibase - master.changelog.json: migration/node-core.changelog-pkey.xml::non-clustered_pk-4::R3.Corda: Computed checksum for addPrimaryKey:[
    clustered="false"
    columnNames="name"
    constraintName="node_named_identities_pkey"
    tableName="node_named_identities"
] as ae93b29e74c25596344b0d7aa14239b9
14:02:14.427 [Test worker] DEBUG liquibase - master.changelog.json: migration/node-core.changelog-pkey.xml::non-clustered_pk-4::R3.Corda: Computed checksum for 7:d24b036e035ca98e1702e37946c90818:7:ae93b29e74c25596344b0d7aa14239b9: as f1e21d4abffbb24133e752eb9cd6a162
14:02:14.427 [Test worker] INFO liquibase - master.changelog.json: migration/node-core.changelog-pkey.xml::non-clustered_pk-4::R3.Corda: Skipping changeSet migration/node-core.changelog-pkey.xml::non-clustered_pk-4::R3.Corda due to validation error(s): clustered is not allowed on h2
14:02:14.427 [Test worker] DEBUG liquibase - master.changelog.json: migration/node-core.changelog-pkey.xml::non-clustered_pk-5::R3.Corda: Computed checksum for dropPrimaryKey:[
    constraintName="node_our_key_pairs_pkey"
    tableName="node_our_key_pairs"
] as 9ac2cf82fe1a0d3a4afa3f284102f0ed
14:02:14.428 [Test worker] DEBUG liquibase - master.changelog.json: migration/node-core.changelog-pkey.xml::non-clustered_pk-5::R3.Corda: Computed checksum for addPrimaryKey:[
    clustered="false"
    columnNames="public_key_hash"
    constraintName="node_our_key_pairs_pkey"
    tableName="node_our_key_pairs"
] as b30cc3700d89cfc198fe0601af670c55
14:02:14.428 [Test worker] DEBUG liquibase - master.changelog.json: migration/node-core.changelog-pkey.xml::non-clustered_pk-5::R3.Corda: Computed checksum for 7:9ac2cf82fe1a0d3a4afa3f284102f0ed:7:b30cc3700d89cfc198fe0601af670c55: as 4ea09df2dbab99be33f8251a40d1c5a6
14:02:14.428 [Test worker] INFO liquibase - master.changelog.json: migration/node-core.changelog-pkey.xml::non-clustered_pk-5::R3.Corda: Skipping changeSet migration/node-core.changelog-pkey.xml::non-clustered_pk-5::R3.Corda due to validation error(s): clustered is not allowed on h2
14:02:14.428 [Test worker] DEBUG liquibase - master.changelog.json: migration/node-core.changelog-pkey.xml::non-clustered_pk-6::R3.Corda: Computed checksum for dropPrimaryKey:[
    constraintName="node_transaction_mappings_pkey"
    tableName="node_transaction_mappings"
] as 983db0cc88ef50f6461218ae4c516eed
14:02:14.428 [Test worker] DEBUG liquibase - master.changelog.json: migration/node-core.changelog-pkey.xml::non-clustered_pk-6::R3.Corda: Computed checksum for addPrimaryKey:[
    clustered="false"
    columnNames="tx_id"
    constraintName="node_transaction_mappings_pkey"
    tableName="node_transaction_mappings"
] as dcb9146c1054916a8af5a4fb2f9152e2
14:02:14.428 [Test worker] DEBUG liquibase - master.changelog.json: migration/node-core.changelog-pkey.xml::non-clustered_pk-6::R3.Corda: Computed checksum for 7:983db0cc88ef50f6461218ae4c516eed:7:dcb9146c1054916a8af5a4fb2f9152e2: as cb349ad07d3039e6d7d2f184988b954f
14:02:14.428 [Test worker] INFO liquibase - master.changelog.json: migration/node-core.changelog-pkey.xml::non-clustered_pk-6::R3.Corda: Skipping changeSet migration/node-core.changelog-pkey.xml::non-clustered_pk-6::R3.Corda due to validation error(s): clustered is not allowed on h2
14:02:14.428 [Test worker] DEBUG liquibase - master.changelog.json: migration/node-core.changelog-pkey.xml::non-clustered_pk-7::R3.Corda: Computed checksum for dropPrimaryKey:[
    constraintName="node_transactions_pkey"
    tableName="node_transactions"
] as f422783d78c2f5d16738c611e1317bf1
14:02:14.429 [Test worker] DEBUG liquibase - master.changelog.json: migration/node-core.changelog-pkey.xml::non-clustered_pk-7::R3.Corda: Computed checksum for addPrimaryKey:[
    clustered="false"
    columnNames="tx_id"
    constraintName="node_transactions_pkey"
    tableName="node_transactions"
] as 457dcb0ccf83fa48cc8a9643c91b9ad4
14:02:14.429 [Test worker] DEBUG liquibase - master.changelog.json: migration/node-core.changelog-pkey.xml::non-clustered_pk-7::R3.Corda: Computed checksum for 7:f422783d78c2f5d16738c611e1317bf1:7:457dcb0ccf83fa48cc8a9643c91b9ad4: as 97c3ef240152c18129859ea5ae999c9e
14:02:14.429 [Test worker] INFO liquibase - master.changelog.json: migration/node-core.changelog-pkey.xml::non-clustered_pk-7::R3.Corda: Skipping changeSet migration/node-core.changelog-pkey.xml::non-clustered_pk-7::R3.Corda due to validation error(s): clustered is not allowed on h2
14:02:14.429 [Test worker] DEBUG liquibase - master.changelog.json: migration/node-core.changelog-v8.xml::conditional_attchments_rename::R3.Corda: Computed checksum for renameTable:[
    newTableName="NODE_ATTACHMENTS_CONTRACTS"
    oldTableName="NODE_ATTCHMENTS_CONTRACTS"
] as 0dba1c02ba10df0f9c88e1631299486e
14:02:14.429 [Test worker] DEBUG liquibase - master.changelog.json: migration/node-core.changelog-v8.xml::conditional_attchments_rename::R3.Corda: Computed checksum for 7:0dba1c02ba10df0f9c88e1631299486e: as c7fcf1b072eb8882179623895abd6a53
14:02:14.429 [Test worker] DEBUG liquibase - master.changelog.json: migration/node-core.changelog-v8.xml::conditional_attchments_contracts::R3.Corda: Computed checksum for renameTable:[
    newTableName="NODE_ATTACHMENTS_CONTRACTS"
    oldTableName="NODE_ATTACHMENTS_CONTRACT_CLASS_NAME"
] as ae58ab3570282cf1723e82df8647178c
14:02:14.429 [Test worker] DEBUG liquibase - master.changelog.json: migration/node-core.changelog-v8.xml::conditional_attchments_contracts::R3.Corda: Computed checksum for 7:ae58ab3570282cf1723e82df8647178c: as 9ec85543b6baac8a877ad21f063a5b13
14:02:14.430 [Test worker] DEBUG liquibase - master.changelog.json: migration/node-core.changelog-v8.xml::add_signers::R3.Corda: Computed checksum for createTable:[
    columns=[
        [
            [
                nullable="false"
            ]
            name="att_id"
            type="NVARCHAR(255)"
        ],
        [
            name="signer"
            type="NVARCHAR(1024)"
        ]
    ]
    tableName="node_attachments_signers"
] as ec83f8cd0344429668e5c2aedd0b2ab3
14:02:14.432 [Test worker] DEBUG liquibase - master.changelog.json: migration/node-core.changelog-v8.xml::add_signers::R3.Corda: Computed checksum for addForeignKeyConstraint:[
    baseColumnNames="att_id"
    baseTableName="node_attachments_signers"
    constraintName="FK__signers__attachments"
    referencedColumnNames="att_id"
    referencedTableName="node_attachments"
] as e86b87f9584ab73e9b56daa91c983050
14:02:14.432 [Test worker] DEBUG liquibase - master.changelog.json: migration/node-core.changelog-v8.xml::add_signers::R3.Corda: Computed checksum for 7:ec83f8cd0344429668e5c2aedd0b2ab3:7:e86b87f9584ab73e9b56daa91c983050: as d1356cd65d19937b81284ea078998d84
14:02:14.433 [Test worker] DEBUG liquibase - master.changelog.json: migration/node-core.changelog-tx-mapping.xml::add_tx_mapping_column::R3.Corda: Computed checksum for addColumn:[
    columns=[
        [
            [
                nullable="true"
            ]
            name="state_machine_run_id"
            type="NVARCHAR(36)"
        ]
    ]
    tableName="node_transactions"
] as 5fdebff63e6f64287935a2e65414d2a3
14:02:14.433 [Test worker] DEBUG liquibase - master.changelog.json: migration/node-core.changelog-tx-mapping.xml::add_tx_mapping_column::R3.Corda: Computed checksum for inputStream as a8472f5cf0c2c13303109942b6dbce69
14:02:14.433 [Test worker] DEBUG liquibase - master.changelog.json: migration/node-core.changelog-tx-mapping.xml::add_tx_mapping_column::R3.Corda: Computed checksum for dropTable:[
    tableName="node_transaction_mappings"
] as b220f3903f4c1c9d2298c35db99c59ac
14:02:14.433 [Test worker] DEBUG liquibase - master.changelog.json: migration/node-core.changelog-tx-mapping.xml::add_tx_mapping_column::R3.Corda: Computed checksum for 7:5fdebff63e6f64287935a2e65414d2a3:7:a8472f5cf0c2c13303109942b6dbce69:7:b220f3903f4c1c9d2298c35db99c59ac: as a0995593179aec45250c383611edd1e2
14:02:14.434 [Test worker] DEBUG liquibase - master.changelog.json: migration/node-services.changelog-init.xml::add_network_parameters_storage::R3.Corda: Computed checksum for createTable:[
    columns=[
        [
            [
                nullable="false"
            ]
            name="hash"
            type="NVARCHAR(130)"
        ],
        [
            [
                nullable="false"
            ]
            name="epoch"
            type="INT"
        ],
        [
            [
                nullable="false"
            ]
            name="parameters_bytes"
            type="BLOB"
        ],
        [
            [
                nullable="false"
    ... [truncated in log] as 0c5ab9f5cdf1cceb5855e79ec0df5990
14:02:14.434 [Test worker] DEBUG liquibase - master.changelog.json: migration/node-services.changelog-init.xml::add_network_parameters_storage::R3.Corda: Computed checksum for 7:0c5ab9f5cdf1cceb5855e79ec0df5990: as 8d5882f94d9f58647903210994573073
14:02:14.435 [Test worker] DEBUG liquibase - master.changelog.json: migration/node-services.changelog-init.xml::network_parameters_pk::R3.Corda: Computed checksum for addPrimaryKey:[
    columnNames="hash"
    constraintName="node_network_parameters_pkey"
    tableName="node_network_parameters"
] as 7398cbb8aa8fc3cf93265e77bbc28f93
14:02:14.435 [Test worker] DEBUG liquibase - master.changelog.json: migration/node-services.changelog-init.xml::network_parameters_pk::R3.Corda: Computed checksum for 7:7398cbb8aa8fc3cf93265e77bbc28f93: as 71635301bd498e4d52b02988795348e6
14:02:14.435 [Test worker] DEBUG liquibase - master.changelog.json: migration/node-services.changelog-init.xml::add_version_column::R3.Corda: Computed checksum for addColumn:[
    columns=[
        [
            name="version"
            type="INT"
        ]
    ]
    tableName="node_attachments"
] as c4c33cea80ccf15793fa7b5e24a6746f
14:02:14.435 [Test worker] DEBUG liquibase - master.changelog.json: migration/node-services.changelog-init.xml::add_version_column::R3.Corda: Computed checksum for inputStream as 7ceaceee938a74c8cea67468ab2e68f4
14:02:14.435 [Test worker] DEBUG liquibase - master.changelog.json: migration/node-services.changelog-init.xml::add_version_column::R3.Corda: Computed checksum for addNotNullConstraint:[
    columnDataType="INT"
    columnName="version"
    tableName="node_attachments"
] as a6d4059f21164657e11caa70338e4c7b
14:02:14.435 [Test worker] DEBUG liquibase - master.changelog.json: migration/node-services.changelog-init.xml::add_version_column::R3.Corda: Computed checksum for 7:c4c33cea80ccf15793fa7b5e24a6746f:7:7ceaceee938a74c8cea67468ab2e68f4:7:a6d4059f21164657e11caa70338e4c7b: as 7d7fb1c90fa05b5fc3b938fd7c520344
14:02:14.436 [Test worker] DEBUG liquibase - master.changelog.json: migration/node-services.changelog-init.xml::update-version-of-whitelisted-jars::R3.Corda: Computed checksum for customChange:[
    class="net.corda.nodeapi.internal.persistence.AttachmentVersionNumberMigration"
    param=[]
] as cccb7fe15337dd836d74b41ef3a3c6f5
14:02:14.436 [Test worker] DEBUG liquibase - master.changelog.json: migration/node-services.changelog-init.xml::update-version-of-whitelisted-jars::R3.Corda: Computed checksum for 7:cccb7fe15337dd836d74b41ef3a3c6f5: as 706b589854273bdf703c4ed7a2a9191b
14:02:14.436 [Test worker] DEBUG liquibase - master.changelog.json: migration/vault-schema.changelog-v9.xml::update-vault-states::R3.Corda: Computed checksum for customChange:[
    class="net.corda.node.migration.VaultStateMigration"
    param=[]
] as d51d633a004ca013feeabe1129953946
14:02:14.436 [Test worker] DEBUG liquibase - master.changelog.json: migration/vault-schema.changelog-v9.xml::update-vault-states::R3.Corda: Computed checksum for 7:d51d633a004ca013feeabe1129953946: as b005d9ddca6ae24f7eb8c275fb095a30
14:02:14.437 [Test worker] DEBUG liquibase - Executing QUERY database command: select count(*) from PUBLIC.DATABASECHANGELOGLOCK
14:02:14.437 [Test worker] DEBUG liquibase - Executing QUERY database command: SELECT LOCKED FROM PUBLIC.DATABASECHANGELOGLOCK WHERE ID=1
14:02:14.437 [Test worker] DEBUG liquibase - Lock Database
14:02:14.438 [Test worker] DEBUG liquibase - Executing UPDATE database command: UPDATE PUBLIC.DATABASECHANGELOGLOCK SET LOCKED = TRUE, LOCKEDBY = 'DELL (192.168.40.48)', LOCKGRANTED = '2019-10-12 14:02:14.437' WHERE ID = 1 AND LOCKED = FALSE
14:02:14.438 [Test worker] INFO liquibase - Successfully acquired change log lock
14:02:14.439 [Test worker] INFO liquibase - master.changelog.json: migration/common.changelog-init.xml::1511451595465-1.3::R3.Corda: Skipping changeSet migration/common.changelog-init.xml::1511451595465-1.3::R3.Corda due to validation error(s): minValue is not allowed on h2
14:02:14.442 [Test worker] INFO liquibase - master.changelog.json: migration/vault-schema.changelog-pkey.xml::non-clustered_pk-11::R3.Corda: Skipping changeSet migration/vault-schema.changelog-pkey.xml::non-clustered_pk-11::R3.Corda due to validation error(s): clustered is not allowed on h2
14:02:14.442 [Test worker] INFO liquibase - master.changelog.json: migration/vault-schema.changelog-pkey.xml::non-clustered_pk-12::R3.Corda: Skipping changeSet migration/vault-schema.changelog-pkey.xml::non-clustered_pk-12::R3.Corda due to validation error(s): clustered is not allowed on h2
14:02:14.443 [Test worker] INFO liquibase - master.changelog.json: migration/vault-schema.changelog-pkey.xml::non-clustered_pk-13::R3.Corda: Skipping changeSet migration/vault-schema.changelog-pkey.xml::non-clustered_pk-13::R3.Corda due to validation error(s): clustered is not allowed on h2
14:02:14.452 [Test worker] INFO liquibase - master.changelog.json: migration/node-core.changelog-pkey.xml::non-clustered_pk-1::R3.Corda: Skipping changeSet migration/node-core.changelog-pkey.xml::non-clustered_pk-1::R3.Corda due to validation error(s): clustered is not allowed on h2
14:02:14.452 [Test worker] INFO liquibase - master.changelog.json: migration/node-core.changelog-pkey.xml::non-clustered_pk-2::R3.Corda: Skipping changeSet migration/node-core.changelog-pkey.xml::non-clustered_pk-2::R3.Corda due to validation error(s): clustered is not allowed on h2
14:02:14.452 [Test worker] INFO liquibase - master.changelog.json: migration/node-core.changelog-pkey.xml::non-clustered_pk-3::R3.Corda: Skipping changeSet migration/node-core.changelog-pkey.xml::non-clustered_pk-3::R3.Corda due to validation error(s): clustered is not allowed on h2
14:02:14.452 [Test worker] INFO liquibase - master.changelog.json: migration/node-core.changelog-pkey.xml::non-clustered_pk-4::R3.Corda: Skipping changeSet migration/node-core.changelog-pkey.xml::non-clustered_pk-4::R3.Corda due to validation error(s): clustered is not allowed on h2
14:02:14.452 [Test worker] INFO liquibase - master.changelog.json: migration/node-core.changelog-pkey.xml::non-clustered_pk-5::R3.Corda: Skipping changeSet migration/node-core.changelog-pkey.xml::non-clustered_pk-5::R3.Corda due to validation error(s): clustered is not allowed on h2
14:02:14.452 [Test worker] INFO liquibase - master.changelog.json: migration/node-core.changelog-pkey.xml::non-clustered_pk-6::R3.Corda: Skipping changeSet migration/node-core.changelog-pkey.xml::non-clustered_pk-6::R3.Corda due to validation error(s): clustered is not allowed on h2
14:02:14.452 [Test worker] INFO liquibase - master.changelog.json: migration/node-core.changelog-pkey.xml::non-clustered_pk-7::R3.Corda: Skipping changeSet migration/node-core.changelog-pkey.xml::non-clustered_pk-7::R3.Corda due to validation error(s): clustered is not allowed on h2
14:02:14.454 [Test worker] DEBUG liquibase - master.changelog.json: migration/common.changelog-init.xml::1511451595465-1.1::R3.Corda: Running Changeset:migration/common.changelog-init.xml::1511451595465-1.1::R3.Corda
14:02:14.454 [Test worker] DEBUG liquibase - master.changelog.json: migration/common.changelog-init.xml::1511451595465-1.1::R3.Corda: Changeset migration/common.changelog-init.xml::1511451595465-1.1::R3.Corda
14:02:14.454 [Test worker] DEBUG liquibase - master.changelog.json: migration/common.changelog-init.xml::1511451595465-1.1::R3.Corda: Executing QUERY database command: SELECT SEQUENCE_NAME FROM INFORMATION_SCHEMA.SEQUENCES WHERE SEQUENCE_SCHEMA = 'null' AND IS_GENERATED=FALSE
14:02:14.455 [Test worker] DEBUG liquibase - master.changelog.json: migration/common.changelog-init.xml::1511451595465-1.1::R3.Corda: Executing QUERY database command: SELECT SEQUENCE_NAME FROM INFORMATION_SCHEMA.SEQUENCES WHERE SEQUENCE_SCHEMA = 'PUBLIC' AND IS_GENERATED=FALSE
14:02:14.458 [Test worker] DEBUG liquibase - master.changelog.json: migration/common.changelog-init.xml::1511451595465-1.1::R3.Corda: Reading ChangeSet: migration/common.changelog-init.xml::1511451595465-1.1::R3.Corda
14:02:14.458 [Test worker] DEBUG liquibase - master.changelog.json: migration/common.changelog-init.xml::1511451595465-1.1::R3.Corda: Executing Statement: liquibase.statement.core.CreateSequenceStatement@ee2d681
14:02:14.458 [Test worker] DEBUG liquibase - master.changelog.json: migration/common.changelog-init.xml::1511451595465-1.1::R3.Corda: Executing EXECUTE database command: CREATE SEQUENCE PUBLIC.hibernate_sequence
14:02:14.459 [Test worker] INFO liquibase - master.changelog.json: migration/common.changelog-init.xml::1511451595465-1.1::R3.Corda: Sequence hibernate_sequence created
14:02:14.459 [Test worker] INFO liquibase - master.changelog.json: migration/common.changelog-init.xml::1511451595465-1.1::R3.Corda: ChangeSet migration/common.changelog-init.xml::1511451595465-1.1::R3.Corda ran successfully in 5ms
14:02:14.459 [Test worker] DEBUG liquibase - master.changelog.json: migration/common.changelog-init.xml::1511451595465-1.1::R3.Corda: Executing QUERY database command: SELECT MAX(ORDEREXECUTED) FROM PUBLIC.DATABASECHANGELOG
14:02:14.469 [Test worker] DEBUG liquibase - master.changelog.json: migration/common.changelog-init.xml::1511451595465-1.1::R3.Corda: Executing EXECUTE database command: INSERT INTO PUBLIC.DATABASECHANGELOG (ID, AUTHOR, FILENAME, DATEEXECUTED, ORDEREXECUTED, MD5SUM, DESCRIPTION, COMMENTS, EXECTYPE, CONTEXTS, LABELS, LIQUIBASE, DEPLOYMENT_ID) VALUES ('1511451595465-1.1', 'R3.Corda', 'migration/common.changelog-init.xml', NOW(), 1, '7:afe897bea20bc08d1681087c94d0967d', 'createSequence sequenceName=hibernate_sequence', '', 'EXECUTED', NULL, NULL, '3.5.4', '0860134438')
14:02:14.469 [Test worker] DEBUG liquibase - master.changelog.json: migration/common.changelog-init.xml::1511451595465-1.3::R3.Corda: Running Changeset:migration/common.changelog-init.xml::1511451595465-1.3::R3.Corda
14:02:14.470 [Test worker] DEBUG liquibase - master.changelog.json: migration/common.changelog-init.xml::1511451595465-1.3::R3.Corda: Executing EXECUTE database command: INSERT INTO PUBLIC.DATABASECHANGELOG (ID, AUTHOR, FILENAME, DATEEXECUTED, ORDEREXECUTED, MD5SUM, DESCRIPTION, COMMENTS, EXECTYPE, CONTEXTS, LABELS, LIQUIBASE, DEPLOYMENT_ID) VALUES ('1511451595465-1.3', 'R3.Corda', 'migration/common.changelog-init.xml', NOW(), 2, '7:b775a64dd8351ca0b00329ea3e49f44b', 'createSequence sequenceName=hibernate_sequence', '', 'MARK_RAN', NULL, NULL, '3.5.4', '0860134438')
14:02:14.471 [Test worker] DEBUG liquibase - master.changelog.json: migration/vault-schema.changelog-init.xml::1511451595465-22::R3.Corda: Running Changeset:migration/vault-schema.changelog-init.xml::1511451595465-22::R3.Corda
14:02:14.471 [Test worker] DEBUG liquibase - master.changelog.json: migration/vault-schema.changelog-init.xml::1511451595465-22::R3.Corda: Changeset migration/vault-schema.changelog-init.xml::1511451595465-22::R3.Corda
14:02:14.471 [Test worker] DEBUG liquibase - master.changelog.json: migration/vault-schema.changelog-init.xml::1511451595465-22::R3.Corda: Reading ChangeSet: migration/vault-schema.changelog-init.xml::1511451595465-22::R3.Corda
14:02:14.471 [Test worker] DEBUG liquibase - master.changelog.json: migration/vault-schema.changelog-init.xml::1511451595465-22::R3.Corda: Executing Statement: liquibase.statement.core.CreateTableStatement@2a0c86d1
14:02:14.471 [Test worker] DEBUG liquibase - master.changelog.json: migration/vault-schema.changelog-init.xml::1511451595465-22::R3.Corda: Executing EXECUTE database command: CREATE TABLE PUBLIC.vault_fungible_states (output_index INT NOT NULL, transaction_id NVARCHAR(64) NOT NULL, issuer_name NVARCHAR(255), issuer_ref VARBINARY(512), owner_name NVARCHAR(255), quantity BIGINT)
14:02:14.472 [Test worker] INFO liquibase - master.changelog.json: migration/vault-schema.changelog-init.xml::1511451595465-22::R3.Corda: Table vault_fungible_states created
14:02:14.472 [Test worker] INFO liquibase - master.changelog.json: migration/vault-schema.changelog-init.xml::1511451595465-22::R3.Corda: ChangeSet migration/vault-schema.changelog-init.xml::1511451595465-22::R3.Corda ran successfully in 1ms
14:02:14.473 [Test worker] DEBUG liquibase - master.changelog.json: migration/vault-schema.changelog-init.xml::1511451595465-22::R3.Corda: Executing EXECUTE database command: INSERT INTO PUBLIC.DATABASECHANGELOG (ID, AUTHOR, FILENAME, DATEEXECUTED, ORDEREXECUTED, MD5SUM, DESCRIPTION, COMMENTS, EXECTYPE, CONTEXTS, LABELS, LIQUIBASE, DEPLOYMENT_ID) VALUES ('1511451595465-22', 'R3.Corda', 'migration/vault-schema.changelog-init.xml', NOW(), 3, '7:1f8a20296ddeb0fc739bd8e7084b0bab', 'createTable tableName=vault_fungible_states', '', 'EXECUTED', NULL, NULL, '3.5.4', '0860134438')
14:02:14.473 [Test worker] DEBUG liquibase - master.changelog.json: migration/vault-schema.changelog-init.xml::1511451595465-23::R3.Corda: Running Changeset:migration/vault-schema.changelog-init.xml::1511451595465-23::R3.Corda
14:02:14.473 [Test worker] DEBUG liquibase - master.changelog.json: migration/vault-schema.changelog-init.xml::1511451595465-23::R3.Corda: Changeset migration/vault-schema.changelog-init.xml::1511451595465-23::R3.Corda
14:02:14.473 [Test worker] DEBUG liquibase - master.changelog.json: migration/vault-schema.changelog-init.xml::1511451595465-23::R3.Corda: Reading ChangeSet: migration/vault-schema.changelog-init.xml::1511451595465-23::R3.Corda
14:02:14.474 [Test worker] DEBUG liquibase - master.changelog.json: migration/vault-schema.changelog-init.xml::1511451595465-23::R3.Corda: Executing Statement: liquibase.statement.core.CreateTableStatement@7425f47f
14:02:14.474 [Test worker] DEBUG liquibase - master.changelog.json: migration/vault-schema.changelog-init.xml::1511451595465-23::R3.Corda: Executing EXECUTE database command: CREATE TABLE PUBLIC.vault_fungible_states_parts (output_index INT NOT NULL, transaction_id NVARCHAR(64) NOT NULL, participants NVARCHAR(255))
14:02:14.474 [Test worker] INFO liquibase - master.changelog.json: migration/vault-schema.changelog-init.xml::1511451595465-23::R3.Corda: Table vault_fungible_states_parts created
14:02:14.474 [Test worker] INFO liquibase - master.changelog.json: migration/vault-schema.changelog-init.xml::1511451595465-23::R3.Corda: ChangeSet migration/vault-schema.changelog-init.xml::1511451595465-23::R3.Corda ran successfully in 1ms
14:02:14.475 [Test worker] DEBUG liquibase - master.changelog.json: migration/vault-schema.changelog-init.xml::1511451595465-23::R3.Corda: Executing EXECUTE database command: INSERT INTO PUBLIC.DATABASECHANGELOG (ID, AUTHOR, FILENAME, DATEEXECUTED, ORDEREXECUTED, MD5SUM, DESCRIPTION, COMMENTS, EXECTYPE, CONTEXTS, LABELS, LIQUIBASE, DEPLOYMENT_ID) VALUES ('1511451595465-23', 'R3.Corda', 'migration/vault-schema.changelog-init.xml', NOW(), 4, '7:1a9f6483c225c03a3a558b5b20306741', 'createTable tableName=vault_fungible_states_parts', '', 'EXECUTED', NULL, NULL, '3.5.4', '0860134438')
14:02:14.476 [Test worker] DEBUG liquibase - master.changelog.json: migration/vault-schema.changelog-init.xml::1511451595465-24::R3.Corda: Running Changeset:migration/vault-schema.changelog-init.xml::1511451595465-24::R3.Corda
14:02:14.476 [Test worker] DEBUG liquibase - master.changelog.json: migration/vault-schema.changelog-init.xml::1511451595465-24::R3.Corda: Changeset migration/vault-schema.changelog-init.xml::1511451595465-24::R3.Corda
14:02:14.476 [Test worker] DEBUG liquibase - master.changelog.json: migration/vault-schema.changelog-init.xml::1511451595465-24::R3.Corda: Reading ChangeSet: migration/vault-schema.changelog-init.xml::1511451595465-24::R3.Corda
14:02:14.476 [Test worker] DEBUG liquibase - master.changelog.json: migration/vault-schema.changelog-init.xml::1511451595465-24::R3.Corda: Executing Statement: liquibase.statement.core.CreateTableStatement@5729eafe
14:02:14.476 [Test worker] DEBUG liquibase - master.changelog.json: migration/vault-schema.changelog-init.xml::1511451595465-24::R3.Corda: Executing EXECUTE database command: CREATE TABLE PUBLIC.vault_linear_states (output_index INT NOT NULL, transaction_id NVARCHAR(64) NOT NULL, external_id NVARCHAR(255), uuid VARCHAR(255) NOT NULL)
14:02:14.477 [Test worker] INFO liquibase - master.changelog.json: migration/vault-schema.changelog-init.xml::1511451595465-24::R3.Corda: Table vault_linear_states created
14:02:14.477 [Test worker] INFO liquibase - master.changelog.json: migration/vault-schema.changelog-init.xml::1511451595465-24::R3.Corda: ChangeSet migration/vault-schema.changelog-init.xml::1511451595465-24::R3.Corda ran successfully in 1ms
14:02:14.478 [Test worker] DEBUG liquibase - master.changelog.json: migration/vault-schema.changelog-init.xml::1511451595465-24::R3.Corda: Executing EXECUTE database command: INSERT INTO PUBLIC.DATABASECHANGELOG (ID, AUTHOR, FILENAME, DATEEXECUTED, ORDEREXECUTED, MD5SUM, DESCRIPTION, COMMENTS, EXECTYPE, CONTEXTS, LABELS, LIQUIBASE, DEPLOYMENT_ID) VALUES ('1511451595465-24', 'R3.Corda', 'migration/vault-schema.changelog-init.xml', NOW(), 5, '7:cc33e3b7b7db0e8613421e71352448d1', 'createTable tableName=vault_linear_states', '', 'EXECUTED', NULL, NULL, '3.5.4', '0860134438')
14:02:14.478 [Test worker] DEBUG liquibase - master.changelog.json: migration/vault-schema.changelog-init.xml::1511451595465-25::R3.Corda: Running Changeset:migration/vault-schema.changelog-init.xml::1511451595465-25::R3.Corda
14:02:14.478 [Test worker] DEBUG liquibase - master.changelog.json: migration/vault-schema.changelog-init.xml::1511451595465-25::R3.Corda: Changeset migration/vault-schema.changelog-init.xml::1511451595465-25::R3.Corda
14:02:14.478 [Test worker] DEBUG liquibase - master.changelog.json: migration/vault-schema.changelog-init.xml::1511451595465-25::R3.Corda: Reading ChangeSet: migration/vault-schema.changelog-init.xml::1511451595465-25::R3.Corda
14:02:14.478 [Test worker] DEBUG liquibase - master.changelog.json: migration/vault-schema.changelog-init.xml::1511451595465-25::R3.Corda: Executing Statement: liquibase.statement.core.CreateTableStatement@73f8b376
14:02:14.479 [Test worker] DEBUG liquibase - master.changelog.json: migration/vault-schema.changelog-init.xml::1511451595465-25::R3.Corda: Executing EXECUTE database command: CREATE TABLE PUBLIC.vault_linear_states_parts (output_index INT NOT NULL, transaction_id NVARCHAR(64) NOT NULL, participants NVARCHAR(255))
14:02:14.479 [Test worker] INFO liquibase - master.changelog.json: migration/vault-schema.changelog-init.xml::1511451595465-25::R3.Corda: Table vault_linear_states_parts created
14:02:14.479 [Test worker] INFO liquibase - master.changelog.json: migration/vault-schema.changelog-init.xml::1511451595465-25::R3.Corda: ChangeSet migration/vault-schema.changelog-init.xml::1511451595465-25::R3.Corda ran successfully in 1ms
14:02:14.481 [Test worker] DEBUG liquibase - master.changelog.json: migration/vault-schema.changelog-init.xml::1511451595465-25::R3.Corda: Executing EXECUTE database command: INSERT INTO PUBLIC.DATABASECHANGELOG (ID, AUTHOR, FILENAME, DATEEXECUTED, ORDEREXECUTED, MD5SUM, DESCRIPTION, COMMENTS, EXECTYPE, CONTEXTS, LABELS, LIQUIBASE, DEPLOYMENT_ID) VALUES ('1511451595465-25', 'R3.Corda', 'migration/vault-schema.changelog-init.xml', NOW(), 6, '7:cee1c34886b737d7c86f4ba94a43d9a7', 'createTable tableName=vault_linear_states_parts', '', 'EXECUTED', NULL, NULL, '3.5.4', '0860134438')
14:02:14.481 [Test worker] DEBUG liquibase - master.changelog.json: migration/vault-schema.changelog-init.xml::1511451595465-26::R3.Corda: Running Changeset:migration/vault-schema.changelog-init.xml::1511451595465-26::R3.Corda
14:02:14.481 [Test worker] DEBUG liquibase - master.changelog.json: migration/vault-schema.changelog-init.xml::1511451595465-26::R3.Corda: Changeset migration/vault-schema.changelog-init.xml::1511451595465-26::R3.Corda
14:02:14.481 [Test worker] DEBUG liquibase - master.changelog.json: migration/vault-schema.changelog-init.xml::1511451595465-26::R3.Corda: Reading ChangeSet: migration/vault-schema.changelog-init.xml::1511451595465-26::R3.Corda
14:02:14.482 [Test worker] DEBUG liquibase - master.changelog.json: migration/vault-schema.changelog-init.xml::1511451595465-26::R3.Corda: Executing Statement: liquibase.statement.core.CreateTableStatement@128b5e1f
14:02:14.482 [Test worker] DEBUG liquibase - master.changelog.json: migration/vault-schema.changelog-init.xml::1511451595465-26::R3.Corda: Executing EXECUTE database command: CREATE TABLE PUBLIC.vault_states (output_index INT NOT NULL, transaction_id NVARCHAR(64) NOT NULL, consumed_timestamp TIMESTAMP, contract_state_class_name NVARCHAR(255), lock_id NVARCHAR(255), lock_timestamp TIMESTAMP, notary_name NVARCHAR(255), recorded_timestamp TIMESTAMP, state_status INT)
14:02:14.483 [Test worker] INFO liquibase - master.changelog.json: migration/vault-schema.changelog-init.xml::1511451595465-26::R3.Corda: Table vault_states created
14:02:14.483 [Test worker] INFO liquibase - master.changelog.json: migration/vault-schema.changelog-init.xml::1511451595465-26::R3.Corda: ChangeSet migration/vault-schema.changelog-init.xml::1511451595465-26::R3.Corda ran successfully in 2ms
14:02:14.484 [Test worker] DEBUG liquibase - master.changelog.json: migration/vault-schema.changelog-init.xml::1511451595465-26::R3.Corda: Executing EXECUTE database command: INSERT INTO PUBLIC.DATABASECHANGELOG (ID, AUTHOR, FILENAME, DATEEXECUTED, ORDEREXECUTED, MD5SUM, DESCRIPTION, COMMENTS, EXECTYPE, CONTEXTS, LABELS, LIQUIBASE, DEPLOYMENT_ID) VALUES ('1511451595465-26', 'R3.Corda', 'migration/vault-schema.changelog-init.xml', NOW(), 7, '7:47ea918c4e5894a573ed08ff7d3cfcf8', 'createTable tableName=vault_states', '', 'EXECUTED', NULL, NULL, '3.5.4', '0860134438')
14:02:14.487 [Test worker] DEBUG liquibase - master.changelog.json: migration/vault-schema.changelog-init.xml::1511451595465-27::R3.Corda: Running Changeset:migration/vault-schema.changelog-init.xml::1511451595465-27::R3.Corda
14:02:14.488 [Test worker] DEBUG liquibase - master.changelog.json: migration/vault-schema.changelog-init.xml::1511451595465-27::R3.Corda: Changeset migration/vault-schema.changelog-init.xml::1511451595465-27::R3.Corda
14:02:14.488 [Test worker] DEBUG liquibase - master.changelog.json: migration/vault-schema.changelog-init.xml::1511451595465-27::R3.Corda: Reading ChangeSet: migration/vault-schema.changelog-init.xml::1511451595465-27::R3.Corda
14:02:14.488 [Test worker] DEBUG liquibase - master.changelog.json: migration/vault-schema.changelog-init.xml::1511451595465-27::R3.Corda: Executing Statement: liquibase.statement.core.CreateTableStatement@efb7e3f
14:02:14.488 [Test worker] DEBUG liquibase - master.changelog.json: migration/vault-schema.changelog-init.xml::1511451595465-27::R3.Corda: Executing EXECUTE database command: CREATE TABLE PUBLIC.vault_transaction_notes (seq_no INT NOT NULL, note NVARCHAR(255), transaction_id NVARCHAR(64))
14:02:14.490 [Test worker] INFO liquibase - master.changelog.json: migration/vault-schema.changelog-init.xml::1511451595465-27::R3.Corda: Table vault_transaction_notes created
14:02:14.490 [Test worker] INFO liquibase - master.changelog.json: migration/vault-schema.changelog-init.xml::1511451595465-27::R3.Corda: ChangeSet migration/vault-schema.changelog-init.xml::1511451595465-27::R3.Corda ran successfully in 2ms
14:02:14.491 [Test worker] DEBUG liquibase - master.changelog.json: migration/vault-schema.changelog-init.xml::1511451595465-27::R3.Corda: Executing EXECUTE database command: INSERT INTO PUBLIC.DATABASECHANGELOG (ID, AUTHOR, FILENAME, DATEEXECUTED, ORDEREXECUTED, MD5SUM, DESCRIPTION, COMMENTS, EXECTYPE, CONTEXTS, LABELS, LIQUIBASE, DEPLOYMENT_ID) VALUES ('1511451595465-27', 'R3.Corda', 'migration/vault-schema.changelog-init.xml', NOW(), 8, '7:b335f04504c263e99eb1b4b78fb7b976', 'createTable tableName=vault_transaction_notes', '', 'EXECUTED', NULL, NULL, '3.5.4', '0860134438')
14:02:14.493 [Test worker] DEBUG liquibase - master.changelog.json: migration/vault-schema.changelog-init.xml::1511451595465-47::R3.Corda: Running Changeset:migration/vault-schema.changelog-init.xml::1511451595465-47::R3.Corda
14:02:14.493 [Test worker] DEBUG liquibase - master.changelog.json: migration/vault-schema.changelog-init.xml::1511451595465-47::R3.Corda: Changeset migration/vault-schema.changelog-init.xml::1511451595465-47::R3.Corda
14:02:14.493 [Test worker] DEBUG liquibase - master.changelog.json: migration/vault-schema.changelog-init.xml::1511451595465-47::R3.Corda: Reading ChangeSet: migration/vault-schema.changelog-init.xml::1511451595465-47::R3.Corda
14:02:14.493 [Test worker] DEBUG liquibase - master.changelog.json: migration/vault-schema.changelog-init.xml::1511451595465-47::R3.Corda: Executing Statement: liquibase.statement.core.AddPrimaryKeyStatement@40649750
14:02:14.494 [Test worker] DEBUG liquibase - master.changelog.json: migration/vault-schema.changelog-init.xml::1511451595465-47::R3.Corda: Executing EXECUTE database command: ALTER TABLE PUBLIC.vault_fungible_states ADD CONSTRAINT vault_fungible_states_pkey PRIMARY KEY (output_index, transaction_id)
14:02:14.495 [Test worker] INFO liquibase - master.changelog.json: migration/vault-schema.changelog-init.xml::1511451595465-47::R3.Corda: Primary key added to vault_fungible_states (output_index, transaction_id)
14:02:14.495 [Test worker] INFO liquibase - master.changelog.json: migration/vault-schema.changelog-init.xml::1511451595465-47::R3.Corda: ChangeSet migration/vault-schema.changelog-init.xml::1511451595465-47::R3.Corda ran successfully in 2ms
14:02:14.496 [Test worker] DEBUG liquibase - master.changelog.json: migration/vault-schema.changelog-init.xml::1511451595465-47::R3.Corda: Executing EXECUTE database command: INSERT INTO PUBLIC.DATABASECHANGELOG (ID, AUTHOR, FILENAME, DATEEXECUTED, ORDEREXECUTED, MD5SUM, DESCRIPTION, COMMENTS, EXECTYPE, CONTEXTS, LABELS, LIQUIBASE, DEPLOYMENT_ID) VALUES ('1511451595465-47', 'R3.Corda', 'migration/vault-schema.changelog-init.xml', NOW(), 9, '7:5ebf8c6ceacd418805fef0a8d5926d22', 'addPrimaryKey constraintName=vault_fungible_states_pkey, tableName=vault_fungible_states', '', 'EXECUTED', NULL, NULL, '3.5.4', '0860134438')
14:02:14.496 [Test worker] DEBUG liquibase - master.changelog.json: migration/vault-schema.changelog-init.xml::1511451595465-48::R3.Corda: Running Changeset:migration/vault-schema.changelog-init.xml::1511451595465-48::R3.Corda
14:02:14.497 [Test worker] DEBUG liquibase - master.changelog.json: migration/vault-schema.changelog-init.xml::1511451595465-48::R3.Corda: Changeset migration/vault-schema.changelog-init.xml::1511451595465-48::R3.Corda
14:02:14.497 [Test worker] DEBUG liquibase - master.changelog.json: migration/vault-schema.changelog-init.xml::1511451595465-48::R3.Corda: Reading ChangeSet: migration/vault-schema.changelog-init.xml::1511451595465-48::R3.Corda
14:02:14.497 [Test worker] DEBUG liquibase - master.changelog.json: migration/vault-schema.changelog-init.xml::1511451595465-48::R3.Corda: Executing Statement: liquibase.statement.core.AddPrimaryKeyStatement@47df194c
14:02:14.497 [Test worker] DEBUG liquibase - master.changelog.json: migration/vault-schema.changelog-init.xml::1511451595465-48::R3.Corda: Executing EXECUTE database command: ALTER TABLE PUBLIC.vault_linear_states ADD CONSTRAINT vault_linear_states_pkey PRIMARY KEY (output_index, transaction_id)
14:02:14.497 [Test worker] INFO liquibase - master.changelog.json: migration/vault-schema.changelog-init.xml::1511451595465-48::R3.Corda: Primary key added to vault_linear_states (output_index, transaction_id)
14:02:14.497 [Test worker] INFO liquibase - master.changelog.json: migration/vault-schema.changelog-init.xml::1511451595465-48::R3.Corda: ChangeSet migration/vault-schema.changelog-init.xml::1511451595465-48::R3.Corda ran successfully in 0ms
14:02:14.499 [Test worker] DEBUG liquibase - master.changelog.json: migration/vault-schema.changelog-init.xml::1511451595465-48::R3.Corda: Executing EXECUTE database command: INSERT INTO PUBLIC.DATABASECHANGELOG (ID, AUTHOR, FILENAME, DATEEXECUTED, ORDEREXECUTED, MD5SUM, DESCRIPTION, COMMENTS, EXECTYPE, CONTEXTS, LABELS, LIQUIBASE, DEPLOYMENT_ID) VALUES ('1511451595465-48', 'R3.Corda', 'migration/vault-schema.changelog-init.xml', NOW(), 10, '7:6852e525af1e0e841b85cbc65c3ef3eb', 'addPrimaryKey constraintName=vault_linear_states_pkey, tableName=vault_linear_states', '', 'EXECUTED', NULL, NULL, '3.5.4', '0860134438')
14:02:14.499 [Test worker] DEBUG liquibase - master.changelog.json: migration/vault-schema.changelog-init.xml::1511451595465-49::R3.Corda: Running Changeset:migration/vault-schema.changelog-init.xml::1511451595465-49::R3.Corda
14:02:14.499 [Test worker] DEBUG liquibase - master.changelog.json: migration/vault-schema.changelog-init.xml::1511451595465-49::R3.Corda: Changeset migration/vault-schema.changelog-init.xml::1511451595465-49::R3.Corda
14:02:14.499 [Test worker] DEBUG liquibase - master.changelog.json: migration/vault-schema.changelog-init.xml::1511451595465-49::R3.Corda: Reading ChangeSet: migration/vault-schema.changelog-init.xml::1511451595465-49::R3.Corda
14:02:14.499 [Test worker] DEBUG liquibase - master.changelog.json: migration/vault-schema.changelog-init.xml::1511451595465-49::R3.Corda: Executing Statement: liquibase.statement.core.AddPrimaryKeyStatement@4f8f0a68
14:02:14.499 [Test worker] DEBUG liquibase - master.changelog.json: migration/vault-schema.changelog-init.xml::1511451595465-49::R3.Corda: Executing EXECUTE database command: ALTER TABLE PUBLIC.vault_states ADD CONSTRAINT vault_states_pkey PRIMARY KEY (output_index, transaction_id)
14:02:14.500 [Test worker] INFO liquibase - master.changelog.json: migration/vault-schema.changelog-init.xml::1511451595465-49::R3.Corda: Primary key added to vault_states (output_index, transaction_id)
14:02:14.500 [Test worker] INFO liquibase - master.changelog.json: migration/vault-schema.changelog-init.xml::1511451595465-49::R3.Corda: ChangeSet migration/vault-schema.changelog-init.xml::1511451595465-49::R3.Corda ran successfully in 1ms
14:02:14.501 [Test worker] DEBUG liquibase - master.changelog.json: migration/vault-schema.changelog-init.xml::1511451595465-49::R3.Corda: Executing EXECUTE database command: INSERT INTO PUBLIC.DATABASECHANGELOG (ID, AUTHOR, FILENAME, DATEEXECUTED, ORDEREXECUTED, MD5SUM, DESCRIPTION, COMMENTS, EXECTYPE, CONTEXTS, LABELS, LIQUIBASE, DEPLOYMENT_ID) VALUES ('1511451595465-49', 'R3.Corda', 'migration/vault-schema.changelog-init.xml', NOW(), 11, '7:e88ace88ae32b7c6a212f749bed7f25f', 'addPrimaryKey constraintName=vault_states_pkey, tableName=vault_states', '', 'EXECUTED', NULL, NULL, '3.5.4', '0860134438')
14:02:14.503 [Test worker] DEBUG liquibase - master.changelog.json: migration/vault-schema.changelog-init.xml::1511451595465-50::R3.Corda: Running Changeset:migration/vault-schema.changelog-init.xml::1511451595465-50::R3.Corda
14:02:14.503 [Test worker] DEBUG liquibase - master.changelog.json: migration/vault-schema.changelog-init.xml::1511451595465-50::R3.Corda: Changeset migration/vault-schema.changelog-init.xml::1511451595465-50::R3.Corda
14:02:14.504 [Test worker] DEBUG liquibase - master.changelog.json: migration/vault-schema.changelog-init.xml::1511451595465-50::R3.Corda: Reading ChangeSet: migration/vault-schema.changelog-init.xml::1511451595465-50::R3.Corda
14:02:14.504 [Test worker] DEBUG liquibase - master.changelog.json: migration/vault-schema.changelog-init.xml::1511451595465-50::R3.Corda: Executing Statement: liquibase.statement.core.AddPrimaryKeyStatement@1d73ea67
14:02:14.504 [Test worker] DEBUG liquibase - master.changelog.json: migration/vault-schema.changelog-init.xml::1511451595465-50::R3.Corda: Executing EXECUTE database command: ALTER TABLE PUBLIC.vault_transaction_notes ADD CONSTRAINT vault_transaction_notes_pkey PRIMARY KEY (seq_no)
14:02:14.505 [Test worker] INFO liquibase - master.changelog.json: migration/vault-schema.changelog-init.xml::1511451595465-50::R3.Corda: Primary key added to vault_transaction_notes (seq_no)
14:02:14.505 [Test worker] INFO liquibase - master.changelog.json: migration/vault-schema.changelog-init.xml::1511451595465-50::R3.Corda: ChangeSet migration/vault-schema.changelog-init.xml::1511451595465-50::R3.Corda ran successfully in 2ms
14:02:14.509 [Test worker] DEBUG liquibase - master.changelog.json: migration/vault-schema.changelog-init.xml::1511451595465-50::R3.Corda: Executing EXECUTE database command: INSERT INTO PUBLIC.DATABASECHANGELOG (ID, AUTHOR, FILENAME, DATEEXECUTED, ORDEREXECUTED, MD5SUM, DESCRIPTION, COMMENTS, EXECTYPE, CONTEXTS, LABELS, LIQUIBASE, DEPLOYMENT_ID) VALUES ('1511451595465-50', 'R3.Corda', 'migration/vault-schema.changelog-init.xml', NOW(), 12, '7:aef52cbfcee4e86a30a1175aacdae9b5', 'addPrimaryKey constraintName=vault_transaction_notes_pkey, tableName=vault_transaction_notes', '', 'EXECUTED', NULL, NULL, '3.5.4', '0860134438')
14:02:14.509 [Test worker] DEBUG liquibase - master.changelog.json: migration/vault-schema.changelog-init.xml::1511451595465-53::R3.Corda: Running Changeset:migration/vault-schema.changelog-init.xml::1511451595465-53::R3.Corda
14:02:14.509 [Test worker] DEBUG liquibase - master.changelog.json: migration/vault-schema.changelog-init.xml::1511451595465-53::R3.Corda: Changeset migration/vault-schema.changelog-init.xml::1511451595465-53::R3.Corda
14:02:14.509 [Test worker] DEBUG liquibase - master.changelog.json: migration/vault-schema.changelog-init.xml::1511451595465-53::R3.Corda: Reading ChangeSet: migration/vault-schema.changelog-init.xml::1511451595465-53::R3.Corda
14:02:14.509 [Test worker] DEBUG liquibase - master.changelog.json: migration/vault-schema.changelog-init.xml::1511451595465-53::R3.Corda: Executing Statement: liquibase.statement.core.CreateIndexStatement@6affd269
14:02:14.509 [Test worker] DEBUG liquibase - master.changelog.json: migration/vault-schema.changelog-init.xml::1511451595465-53::R3.Corda: Executing EXECUTE database command: CREATE INDEX PUBLIC.external_id_index ON PUBLIC.vault_linear_states(external_id)
14:02:14.510 [Test worker] INFO liquibase - master.changelog.json: migration/vault-schema.changelog-init.xml::1511451595465-53::R3.Corda: Index external_id_index created
14:02:14.510 [Test worker] INFO liquibase - master.changelog.json: migration/vault-schema.changelog-init.xml::1511451595465-53::R3.Corda: ChangeSet migration/vault-schema.changelog-init.xml::1511451595465-53::R3.Corda ran successfully in 1ms
14:02:14.511 [Test worker] DEBUG liquibase - master.changelog.json: migration/vault-schema.changelog-init.xml::1511451595465-53::R3.Corda: Executing EXECUTE database command: INSERT INTO PUBLIC.DATABASECHANGELOG (ID, AUTHOR, FILENAME, DATEEXECUTED, ORDEREXECUTED, MD5SUM, DESCRIPTION, COMMENTS, EXECTYPE, CONTEXTS, LABELS, LIQUIBASE, DEPLOYMENT_ID) VALUES ('1511451595465-53', 'R3.Corda', 'migration/vault-schema.changelog-init.xml', NOW(), 13, '7:7b0c95c0892fe1aba26a294d843d3c0a', 'createIndex indexName=external_id_index, tableName=vault_linear_states', '', 'EXECUTED', NULL, NULL, '3.5.4', '0860134438')
14:02:14.511 [Test worker] DEBUG liquibase - master.changelog.json: migration/vault-schema.changelog-init.xml::1511451595465-55::R3.Corda: Running Changeset:migration/vault-schema.changelog-init.xml::1511451595465-55::R3.Corda
14:02:14.511 [Test worker] DEBUG liquibase - master.changelog.json: migration/vault-schema.changelog-init.xml::1511451595465-55::R3.Corda: Changeset migration/vault-schema.changelog-init.xml::1511451595465-55::R3.Corda
14:02:14.511 [Test worker] DEBUG liquibase - master.changelog.json: migration/vault-schema.changelog-init.xml::1511451595465-55::R3.Corda: Reading ChangeSet: migration/vault-schema.changelog-init.xml::1511451595465-55::R3.Corda
14:02:14.512 [Test worker] DEBUG liquibase - master.changelog.json: migration/vault-schema.changelog-init.xml::1511451595465-55::R3.Corda: Executing Statement: liquibase.statement.core.CreateIndexStatement@4d9bb66
14:02:14.512 [Test worker] DEBUG liquibase - master.changelog.json: migration/vault-schema.changelog-init.xml::1511451595465-55::R3.Corda: Executing EXECUTE database command: CREATE INDEX PUBLIC.lock_id_idx ON PUBLIC.vault_states(lock_id, state_status)
14:02:14.512 [Test worker] INFO liquibase - master.changelog.json: migration/vault-schema.changelog-init.xml::1511451595465-55::R3.Corda: Index lock_id_idx created
14:02:14.512 [Test worker] INFO liquibase - master.changelog.json: migration/vault-schema.changelog-init.xml::1511451595465-55::R3.Corda: ChangeSet migration/vault-schema.changelog-init.xml::1511451595465-55::R3.Corda ran successfully in 1ms
14:02:14.536 [Test worker] DEBUG liquibase - master.changelog.json: migration/vault-schema.changelog-init.xml::1511451595465-55::R3.Corda: Executing EXECUTE database command: INSERT INTO PUBLIC.DATABASECHANGELOG (ID, AUTHOR, FILENAME, DATEEXECUTED, ORDEREXECUTED, MD5SUM, DESCRIPTION, COMMENTS, EXECTYPE, CONTEXTS, LABELS, LIQUIBASE, DEPLOYMENT_ID) VALUES ('1511451595465-55', 'R3.Corda', 'migration/vault-schema.changelog-init.xml', NOW(), 14, '7:daf1bfa84381a1c8e100c14229a6d860', 'createIndex indexName=lock_id_idx, tableName=vault_states', '', 'EXECUTED', NULL, NULL, '3.5.4', '0860134438')
14:02:14.537 [Test worker] DEBUG liquibase - master.changelog.json: migration/vault-schema.changelog-init.xml::1511451595465-58::R3.Corda: Running Changeset:migration/vault-schema.changelog-init.xml::1511451595465-58::R3.Corda
14:02:14.537 [Test worker] DEBUG liquibase - master.changelog.json: migration/vault-schema.changelog-init.xml::1511451595465-58::R3.Corda: Changeset migration/vault-schema.changelog-init.xml::1511451595465-58::R3.Corda
14:02:14.537 [Test worker] DEBUG liquibase - master.changelog.json: migration/vault-schema.changelog-init.xml::1511451595465-58::R3.Corda: Reading ChangeSet: migration/vault-schema.changelog-init.xml::1511451595465-58::R3.Corda
14:02:14.537 [Test worker] DEBUG liquibase - master.changelog.json: migration/vault-schema.changelog-init.xml::1511451595465-58::R3.Corda: Executing Statement: liquibase.statement.core.CreateIndexStatement@4be02541
14:02:14.538 [Test worker] DEBUG liquibase - master.changelog.json: migration/vault-schema.changelog-init.xml::1511451595465-58::R3.Corda: Executing EXECUTE database command: CREATE INDEX PUBLIC.state_status_idx ON PUBLIC.vault_states(state_status)
14:02:14.538 [Test worker] INFO liquibase - master.changelog.json: migration/vault-schema.changelog-init.xml::1511451595465-58::R3.Corda: Index state_status_idx created
14:02:14.538 [Test worker] INFO liquibase - master.changelog.json: migration/vault-schema.changelog-init.xml::1511451595465-58::R3.Corda: ChangeSet migration/vault-schema.changelog-init.xml::1511451595465-58::R3.Corda ran successfully in 1ms
14:02:14.539 [Test worker] DEBUG liquibase - master.changelog.json: migration/vault-schema.changelog-init.xml::1511451595465-58::R3.Corda: Executing EXECUTE database command: INSERT INTO PUBLIC.DATABASECHANGELOG (ID, AUTHOR, FILENAME, DATEEXECUTED, ORDEREXECUTED, MD5SUM, DESCRIPTION, COMMENTS, EXECTYPE, CONTEXTS, LABELS, LIQUIBASE, DEPLOYMENT_ID) VALUES ('1511451595465-58', 'R3.Corda', 'migration/vault-schema.changelog-init.xml', NOW(), 15, '7:775d3c8a27b7fad84f9894db6bdf3e87', 'createIndex indexName=state_status_idx, tableName=vault_states', '', 'EXECUTED', NULL, NULL, '3.5.4', '0860134438')
14:02:14.540 [Test worker] DEBUG liquibase - master.changelog.json: migration/vault-schema.changelog-init.xml::1511451595465-59::R3.Corda: Running Changeset:migration/vault-schema.changelog-init.xml::1511451595465-59::R3.Corda
14:02:14.540 [Test worker] DEBUG liquibase - master.changelog.json: migration/vault-schema.changelog-init.xml::1511451595465-59::R3.Corda: Changeset migration/vault-schema.changelog-init.xml::1511451595465-59::R3.Corda
14:02:14.540 [Test worker] DEBUG liquibase - master.changelog.json: migration/vault-schema.changelog-init.xml::1511451595465-59::R3.Corda: Reading ChangeSet: migration/vault-schema.changelog-init.xml::1511451595465-59::R3.Corda
14:02:14.540 [Test worker] DEBUG liquibase - master.changelog.json: migration/vault-schema.changelog-init.xml::1511451595465-59::R3.Corda: Executing Statement: liquibase.statement.core.CreateIndexStatement@2593d68f
14:02:14.541 [Test worker] DEBUG liquibase - master.changelog.json: migration/vault-schema.changelog-init.xml::1511451595465-59::R3.Corda: Executing EXECUTE database command: CREATE INDEX PUBLIC.transaction_id_index ON PUBLIC.vault_transaction_notes(transaction_id)
14:02:14.541 [Test worker] INFO liquibase - master.changelog.json: migration/vault-schema.changelog-init.xml::1511451595465-59::R3.Corda: Index transaction_id_index created
14:02:14.541 [Test worker] INFO liquibase - master.changelog.json: migration/vault-schema.changelog-init.xml::1511451595465-59::R3.Corda: ChangeSet migration/vault-schema.changelog-init.xml::1511451595465-59::R3.Corda ran successfully in 1ms
14:02:14.543 [Test worker] DEBUG liquibase - master.changelog.json: migration/vault-schema.changelog-init.xml::1511451595465-59::R3.Corda: Executing EXECUTE database command: INSERT INTO PUBLIC.DATABASECHANGELOG (ID, AUTHOR, FILENAME, DATEEXECUTED, ORDEREXECUTED, MD5SUM, DESCRIPTION, COMMENTS, EXECTYPE, CONTEXTS, LABELS, LIQUIBASE, DEPLOYMENT_ID) VALUES ('1511451595465-59', 'R3.Corda', 'migration/vault-schema.changelog-init.xml', NOW(), 16, '7:1be2b24f3e4fedc8252c24080b713783', 'createIndex indexName=transaction_id_index, tableName=vault_transaction_notes', '', 'EXECUTED', NULL, NULL, '3.5.4', '0860134438')
14:02:14.544 [Test worker] DEBUG liquibase - master.changelog.json: migration/vault-schema.changelog-init.xml::1511451595465-60::R3.Corda: Running Changeset:migration/vault-schema.changelog-init.xml::1511451595465-60::R3.Corda
14:02:14.544 [Test worker] DEBUG liquibase - master.changelog.json: migration/vault-schema.changelog-init.xml::1511451595465-60::R3.Corda: Changeset migration/vault-schema.changelog-init.xml::1511451595465-60::R3.Corda
14:02:14.544 [Test worker] DEBUG liquibase - master.changelog.json: migration/vault-schema.changelog-init.xml::1511451595465-60::R3.Corda: Reading ChangeSet: migration/vault-schema.changelog-init.xml::1511451595465-60::R3.Corda
14:02:14.544 [Test worker] DEBUG liquibase - master.changelog.json: migration/vault-schema.changelog-init.xml::1511451595465-60::R3.Corda: Executing Statement: liquibase.statement.core.CreateIndexStatement@7a182e9
14:02:14.544 [Test worker] DEBUG liquibase - master.changelog.json: migration/vault-schema.changelog-init.xml::1511451595465-60::R3.Corda: Executing EXECUTE database command: CREATE INDEX PUBLIC.uuid_index ON PUBLIC.vault_linear_states(uuid)
14:02:14.545 [Test worker] INFO liquibase - master.changelog.json: migration/vault-schema.changelog-init.xml::1511451595465-60::R3.Corda: Index uuid_index created
14:02:14.545 [Test worker] INFO liquibase - master.changelog.json: migration/vault-schema.changelog-init.xml::1511451595465-60::R3.Corda: ChangeSet migration/vault-schema.changelog-init.xml::1511451595465-60::R3.Corda ran successfully in 1ms
14:02:14.546 [Test worker] DEBUG liquibase - master.changelog.json: migration/vault-schema.changelog-init.xml::1511451595465-60::R3.Corda: Executing EXECUTE database command: INSERT INTO PUBLIC.DATABASECHANGELOG (ID, AUTHOR, FILENAME, DATEEXECUTED, ORDEREXECUTED, MD5SUM, DESCRIPTION, COMMENTS, EXECTYPE, CONTEXTS, LABELS, LIQUIBASE, DEPLOYMENT_ID) VALUES ('1511451595465-60', 'R3.Corda', 'migration/vault-schema.changelog-init.xml', NOW(), 17, '7:f372f17dd75374bfecfde0e44d7ce36c', 'createIndex indexName=uuid_index, tableName=vault_linear_states', '', 'EXECUTED', NULL, NULL, '3.5.4', '0860134438')
14:02:14.549 [Test worker] DEBUG liquibase - master.changelog.json: migration/vault-schema.changelog-init.xml::1511451595465-64::R3.Corda: Running Changeset:migration/vault-schema.changelog-init.xml::1511451595465-64::R3.Corda
14:02:14.549 [Test worker] DEBUG liquibase - master.changelog.json: migration/vault-schema.changelog-init.xml::1511451595465-64::R3.Corda: Changeset migration/vault-schema.changelog-init.xml::1511451595465-64::R3.Corda
14:02:14.549 [Test worker] DEBUG liquibase - master.changelog.json: migration/vault-schema.changelog-init.xml::1511451595465-64::R3.Corda: Reading ChangeSet: migration/vault-schema.changelog-init.xml::1511451595465-64::R3.Corda
14:02:14.549 [Test worker] DEBUG liquibase - master.changelog.json: migration/vault-schema.changelog-init.xml::1511451595465-64::R3.Corda: Executing Statement: liquibase.statement.core.AddForeignKeyConstraintStatement@70ca9ae1
14:02:14.550 [Test worker] DEBUG liquibase - master.changelog.json: migration/vault-schema.changelog-init.xml::1511451595465-64::R3.Corda: Executing EXECUTE database command: ALTER TABLE PUBLIC.vault_fungible_states_parts ADD CONSTRAINT FK__fung_st_parts__fung_st FOREIGN KEY (output_index, transaction_id) REFERENCES PUBLIC.vault_fungible_states (output_index, transaction_id)
14:02:14.552 [Test worker] INFO liquibase - master.changelog.json: migration/vault-schema.changelog-init.xml::1511451595465-64::R3.Corda: Foreign key constraint added to vault_fungible_states_parts (output_index,transaction_id)
14:02:14.553 [Test worker] INFO liquibase - master.changelog.json: migration/vault-schema.changelog-init.xml::1511451595465-64::R3.Corda: ChangeSet migration/vault-schema.changelog-init.xml::1511451595465-64::R3.Corda ran successfully in 4ms
14:02:14.554 [Test worker] DEBUG liquibase - master.changelog.json: migration/vault-schema.changelog-init.xml::1511451595465-64::R3.Corda: Executing EXECUTE database command: INSERT INTO PUBLIC.DATABASECHANGELOG (ID, AUTHOR, FILENAME, DATEEXECUTED, ORDEREXECUTED, MD5SUM, DESCRIPTION, COMMENTS, EXECTYPE, CONTEXTS, LABELS, LIQUIBASE, DEPLOYMENT_ID) VALUES ('1511451595465-64', 'R3.Corda', 'migration/vault-schema.changelog-init.xml', NOW(), 18, '7:3771038da08dbe5dbbbdffac7300198d', 'addForeignKeyConstraint baseTableName=vault_fungible_states_parts, constraintName=FK__fung_st_parts__fung_st, referencedTableName=vault_fungible_states', '', 'EXECUTED', NULL, NULL, '3.5.4', '0860134438')
14:02:14.555 [Test worker] DEBUG liquibase - master.changelog.json: migration/vault-schema.changelog-init.xml::1511451595465-65::R3.Corda: Running Changeset:migration/vault-schema.changelog-init.xml::1511451595465-65::R3.Corda
14:02:14.555 [Test worker] DEBUG liquibase - master.changelog.json: migration/vault-schema.changelog-init.xml::1511451595465-65::R3.Corda: Changeset migration/vault-schema.changelog-init.xml::1511451595465-65::R3.Corda
14:02:14.555 [Test worker] DEBUG liquibase - master.changelog.json: migration/vault-schema.changelog-init.xml::1511451595465-65::R3.Corda: Reading ChangeSet: migration/vault-schema.changelog-init.xml::1511451595465-65::R3.Corda
14:02:14.555 [Test worker] DEBUG liquibase - master.changelog.json: migration/vault-schema.changelog-init.xml::1511451595465-65::R3.Corda: Executing Statement: liquibase.statement.core.AddForeignKeyConstraintStatement@24e9173f
14:02:14.556 [Test worker] DEBUG liquibase - master.changelog.json: migration/vault-schema.changelog-init.xml::1511451595465-65::R3.Corda: Executing EXECUTE database command: ALTER TABLE PUBLIC.vault_linear_states_parts ADD CONSTRAINT FK__lin_stat_parts__lin_stat FOREIGN KEY (output_index, transaction_id) REFERENCES PUBLIC.vault_linear_states (output_index, transaction_id)
14:02:14.557 [Test worker] INFO liquibase - master.changelog.json: migration/vault-schema.changelog-init.xml::1511451595465-65::R3.Corda: Foreign key constraint added to vault_linear_states_parts (output_index,transaction_id)
14:02:14.557 [Test worker] INFO liquibase - master.changelog.json: migration/vault-schema.changelog-init.xml::1511451595465-65::R3.Corda: ChangeSet migration/vault-schema.changelog-init.xml::1511451595465-65::R3.Corda ran successfully in 2ms
14:02:14.559 [Test worker] DEBUG liquibase - master.changelog.json: migration/vault-schema.changelog-init.xml::1511451595465-65::R3.Corda: Executing EXECUTE database command: INSERT INTO PUBLIC.DATABASECHANGELOG (ID, AUTHOR, FILENAME, DATEEXECUTED, ORDEREXECUTED, MD5SUM, DESCRIPTION, COMMENTS, EXECTYPE, CONTEXTS, LABELS, LIQUIBASE, DEPLOYMENT_ID) VALUES ('1511451595465-65', 'R3.Corda', 'migration/vault-schema.changelog-init.xml', NOW(), 19, '7:4cccc80aadefc753d80d33d233d426b1', 'addForeignKeyConstraint baseTableName=vault_linear_states_parts, constraintName=FK__lin_stat_parts__lin_stat, referencedTableName=vault_linear_states', '', 'EXECUTED', NULL, NULL, '3.5.4', '0860134438')
14:02:14.559 [Test worker] DEBUG liquibase - master.changelog.json: migration/vault-schema.changelog-v3.xml::clean_vault::R3.Corda: Running Changeset:migration/vault-schema.changelog-v3.xml::clean_vault::R3.Corda
14:02:14.559 [Test worker] DEBUG liquibase - master.changelog.json: migration/vault-schema.changelog-v3.xml::clean_vault::R3.Corda: Changeset migration/vault-schema.changelog-v3.xml::clean_vault::R3.Corda
14:02:14.560 [Test worker] DEBUG liquibase - master.changelog.json: migration/vault-schema.changelog-v3.xml::clean_vault::R3.Corda: Reading ChangeSet: migration/vault-schema.changelog-v3.xml::clean_vault::R3.Corda
14:02:14.560 [Test worker] DEBUG liquibase - master.changelog.json: migration/vault-schema.changelog-v3.xml::clean_vault::R3.Corda: Executing Statement: liquibase.statement.core.DeleteStatement@a1f2433
14:02:14.560 [Test worker] DEBUG liquibase - master.changelog.json: migration/vault-schema.changelog-v3.xml::clean_vault::R3.Corda: Executing EXECUTE database command: DELETE FROM PUBLIC.vault_fungible_states_parts
14:02:14.560 [Test worker] INFO liquibase - master.changelog.json: migration/vault-schema.changelog-v3.xml::clean_vault::R3.Corda: Data deleted from vault_fungible_states_parts
14:02:14.560 [Test worker] DEBUG liquibase - master.changelog.json: migration/vault-schema.changelog-v3.xml::clean_vault::R3.Corda: Executing Statement: liquibase.statement.core.DeleteStatement@138465e8
14:02:14.560 [Test worker] DEBUG liquibase - master.changelog.json: migration/vault-schema.changelog-v3.xml::clean_vault::R3.Corda: Executing EXECUTE database command: DELETE FROM PUBLIC.vault_fungible_states
14:02:14.561 [Test worker] INFO liquibase - master.changelog.json: migration/vault-schema.changelog-v3.xml::clean_vault::R3.Corda: Data deleted from vault_fungible_states
14:02:14.561 [Test worker] DEBUG liquibase - master.changelog.json: migration/vault-schema.changelog-v3.xml::clean_vault::R3.Corda: Executing Statement: liquibase.statement.core.DeleteStatement@3f1ea067
14:02:14.561 [Test worker] DEBUG liquibase - master.changelog.json: migration/vault-schema.changelog-v3.xml::clean_vault::R3.Corda: Executing EXECUTE database command: DELETE FROM PUBLIC.vault_linear_states_parts
14:02:14.561 [Test worker] INFO liquibase - master.changelog.json: migration/vault-schema.changelog-v3.xml::clean_vault::R3.Corda: Data deleted from vault_linear_states_parts
14:02:14.561 [Test worker] DEBUG liquibase - master.changelog.json: migration/vault-schema.changelog-v3.xml::clean_vault::R3.Corda: Executing Statement: liquibase.statement.core.DeleteStatement@712b701b
14:02:14.561 [Test worker] DEBUG liquibase - master.changelog.json: migration/vault-schema.changelog-v3.xml::clean_vault::R3.Corda: Executing EXECUTE database command: DELETE FROM PUBLIC.vault_linear_states
14:02:14.562 [Test worker] INFO liquibase - master.changelog.json: migration/vault-schema.changelog-v3.xml::clean_vault::R3.Corda: Data deleted from vault_linear_states
14:02:14.562 [Test worker] DEBUG liquibase - master.changelog.json: migration/vault-schema.changelog-v3.xml::clean_vault::R3.Corda: Executing Statement: liquibase.statement.core.DeleteStatement@2e6ecb1
14:02:14.562 [Test worker] DEBUG liquibase - master.changelog.json: migration/vault-schema.changelog-v3.xml::clean_vault::R3.Corda: Executing EXECUTE database command: DELETE FROM PUBLIC.vault_states
14:02:14.562 [Test worker] INFO liquibase - master.changelog.json: migration/vault-schema.changelog-v3.xml::clean_vault::R3.Corda: Data deleted from vault_states
14:02:14.562 [Test worker] DEBUG liquibase - master.changelog.json: migration/vault-schema.changelog-v3.xml::clean_vault::R3.Corda: Executing Statement: liquibase.statement.core.DeleteStatement@327d6220
14:02:14.562 [Test worker] DEBUG liquibase - master.changelog.json: migration/vault-schema.changelog-v3.xml::clean_vault::R3.Corda: Executing EXECUTE database command: DELETE FROM PUBLIC.vault_transaction_notes
14:02:14.562 [Test worker] INFO liquibase - master.changelog.json: migration/vault-schema.changelog-v3.xml::clean_vault::R3.Corda: Data deleted from vault_transaction_notes
14:02:14.563 [Test worker] INFO liquibase - master.changelog.json: migration/vault-schema.changelog-v3.xml::clean_vault::R3.Corda: ChangeSet migration/vault-schema.changelog-v3.xml::clean_vault::R3.Corda ran successfully in 4ms
14:02:14.566 [Test worker] DEBUG liquibase - master.changelog.json: migration/vault-schema.changelog-v3.xml::clean_vault::R3.Corda: Executing EXECUTE database command: INSERT INTO PUBLIC.DATABASECHANGELOG (ID, AUTHOR, FILENAME, DATEEXECUTED, ORDEREXECUTED, MD5SUM, DESCRIPTION, COMMENTS, EXECTYPE, CONTEXTS, LABELS, LIQUIBASE, DEPLOYMENT_ID) VALUES ('clean_vault', 'R3.Corda', 'migration/vault-schema.changelog-v3.xml', NOW(), 20, '7:c16f94cc9c0418c23dfcedd33e85d2d3', 'delete tableName=vault_fungible_states_parts; delete tableName=vault_fungible_states; delete tableName=vault_linear_states_parts; delete tableName=vault_linear_states; delete tableName=vault_states; delete tableName=vault_transaction_notes', '', 'EXECUTED', NULL, NULL, '3.5.4', '0860134438')
14:02:14.567 [Test worker] DEBUG liquibase - master.changelog.json: migration/vault-schema.changelog-v4.xml::nullability::R3.Corda: Running Changeset:migration/vault-schema.changelog-v4.xml::nullability::R3.Corda
14:02:14.567 [Test worker] DEBUG liquibase - master.changelog.json: migration/vault-schema.changelog-v4.xml::nullability::R3.Corda: Changeset migration/vault-schema.changelog-v4.xml::nullability::R3.Corda
14:02:14.567 [Test worker] DEBUG liquibase - master.changelog.json: migration/vault-schema.changelog-v4.xml::nullability::R3.Corda: Reading ChangeSet: migration/vault-schema.changelog-v4.xml::nullability::R3.Corda
14:02:14.567 [Test worker] DEBUG liquibase - master.changelog.json: migration/vault-schema.changelog-v4.xml::nullability::R3.Corda: Executing Statement: liquibase.statement.core.SetNullableStatement@6d3f7435
14:02:14.567 [Test worker] DEBUG liquibase - master.changelog.json: migration/vault-schema.changelog-v4.xml::nullability::R3.Corda: Executing EXECUTE database command: ALTER TABLE PUBLIC.vault_fungible_states ALTER COLUMN quantity SET NOT NULL
14:02:14.568 [Test worker] INFO liquibase - master.changelog.json: migration/vault-schema.changelog-v4.xml::nullability::R3.Corda: Null constraint has been added to vault_fungible_states.quantity
14:02:14.568 [Test worker] DEBUG liquibase - master.changelog.json: migration/vault-schema.changelog-v4.xml::nullability::R3.Corda: Executing Statement: liquibase.statement.core.SetNullableStatement@186f27fa
14:02:14.568 [Test worker] DEBUG liquibase - master.changelog.json: migration/vault-schema.changelog-v4.xml::nullability::R3.Corda: Executing EXECUTE database command: ALTER TABLE PUBLIC.vault_states ALTER COLUMN contract_state_class_name SET NOT NULL
14:02:14.568 [Test worker] INFO liquibase - master.changelog.json: migration/vault-schema.changelog-v4.xml::nullability::R3.Corda: Null constraint has been added to vault_states.contract_state_class_name
14:02:14.568 [Test worker] DEBUG liquibase - master.changelog.json: migration/vault-schema.changelog-v4.xml::nullability::R3.Corda: Executing Statement: liquibase.statement.core.SetNullableStatement@52657c28
14:02:14.569 [Test worker] DEBUG liquibase - master.changelog.json: migration/vault-schema.changelog-v4.xml::nullability::R3.Corda: Executing EXECUTE database command: ALTER TABLE PUBLIC.vault_states ALTER COLUMN notary_name SET NOT NULL
14:02:14.569 [Test worker] INFO liquibase - master.changelog.json: migration/vault-schema.changelog-v4.xml::nullability::R3.Corda: Null constraint has been added to vault_states.notary_name
14:02:14.569 [Test worker] DEBUG liquibase - master.changelog.json: migration/vault-schema.changelog-v4.xml::nullability::R3.Corda: Executing Statement: liquibase.statement.core.SetNullableStatement@45ad814a
14:02:14.569 [Test worker] DEBUG liquibase - master.changelog.json: migration/vault-schema.changelog-v4.xml::nullability::R3.Corda: Executing EXECUTE database command: ALTER TABLE PUBLIC.vault_states ALTER COLUMN recorded_timestamp SET NOT NULL
14:02:14.576 [Test worker] INFO liquibase - master.changelog.json: migration/vault-schema.changelog-v4.xml::nullability::R3.Corda: Null constraint has been added to vault_states.recorded_timestamp
14:02:14.576 [Test worker] DEBUG liquibase - master.changelog.json: migration/vault-schema.changelog-v4.xml::nullability::R3.Corda: Executing Statement: liquibase.statement.core.DropIndexStatement@1122b5fa
14:02:14.576 [Test worker] DEBUG liquibase - master.changelog.json: migration/vault-schema.changelog-v4.xml::nullability::R3.Corda: Executing EXECUTE database command: DROP INDEX PUBLIC.state_status_idx
14:02:14.577 [Test worker] INFO liquibase - master.changelog.json: migration/vault-schema.changelog-v4.xml::nullability::R3.Corda: Index state_status_idx dropped from table vault_states
14:02:14.577 [Test worker] DEBUG liquibase - master.changelog.json: migration/vault-schema.changelog-v4.xml::nullability::R3.Corda: Executing Statement: liquibase.statement.core.DropIndexStatement@7de3d39e
14:02:14.577 [Test worker] DEBUG liquibase - master.changelog.json: migration/vault-schema.changelog-v4.xml::nullability::R3.Corda: Executing EXECUTE database command: DROP INDEX PUBLIC.lock_id_idx
14:02:14.578 [Test worker] INFO liquibase - master.changelog.json: migration/vault-schema.changelog-v4.xml::nullability::R3.Corda: Index lock_id_idx dropped from table vault_states
14:02:14.579 [Test worker] DEBUG liquibase - master.changelog.json: migration/vault-schema.changelog-v4.xml::nullability::R3.Corda: Executing Statement: liquibase.statement.core.SetNullableStatement@692259d5
14:02:14.580 [Test worker] DEBUG liquibase - master.changelog.json: migration/vault-schema.changelog-v4.xml::nullability::R3.Corda: Executing EXECUTE database command: ALTER TABLE PUBLIC.vault_states ALTER COLUMN state_status SET NOT NULL
14:02:14.581 [Test worker] INFO liquibase - master.changelog.json: migration/vault-schema.changelog-v4.xml::nullability::R3.Corda: Null constraint has been added to vault_states.state_status
14:02:14.582 [Test worker] DEBUG liquibase - master.changelog.json: migration/vault-schema.changelog-v4.xml::nullability::R3.Corda: Executing Statement: liquibase.statement.core.CreateIndexStatement@3316fc2a
14:02:14.582 [Test worker] DEBUG liquibase - master.changelog.json: migration/vault-schema.changelog-v4.xml::nullability::R3.Corda: Executing EXECUTE database command: CREATE INDEX PUBLIC.state_status_idx ON PUBLIC.vault_states(state_status)
14:02:14.582 [Test worker] INFO liquibase - master.changelog.json: migration/vault-schema.changelog-v4.xml::nullability::R3.Corda: Index state_status_idx created
14:02:14.589 [Test worker] DEBUG liquibase - master.changelog.json: migration/vault-schema.changelog-v4.xml::nullability::R3.Corda: Executing Statement: liquibase.statement.core.CreateIndexStatement@3ea6273
14:02:14.589 [Test worker] DEBUG liquibase - master.changelog.json: migration/vault-schema.changelog-v4.xml::nullability::R3.Corda: Executing EXECUTE database command: CREATE INDEX PUBLIC.lock_id_idx ON PUBLIC.vault_states(lock_id, state_status)
14:02:14.590 [Test worker] INFO liquibase - master.changelog.json: migration/vault-schema.changelog-v4.xml::nullability::R3.Corda: Index lock_id_idx created
14:02:14.590 [Test worker] DEBUG liquibase - master.changelog.json: migration/vault-schema.changelog-v4.xml::nullability::R3.Corda: Executing Statement: liquibase.statement.core.DropIndexStatement@787d6f2a
14:02:14.590 [Test worker] DEBUG liquibase - master.changelog.json: migration/vault-schema.changelog-v4.xml::nullability::R3.Corda: Executing EXECUTE database command: DROP INDEX PUBLIC.transaction_id_index
14:02:14.590 [Test worker] INFO liquibase - master.changelog.json: migration/vault-schema.changelog-v4.xml::nullability::R3.Corda: Index transaction_id_index dropped from table vault_transaction_notes
14:02:14.590 [Test worker] DEBUG liquibase - master.changelog.json: migration/vault-schema.changelog-v4.xml::nullability::R3.Corda: Executing Statement: liquibase.statement.core.SetNullableStatement@7955708b
14:02:14.590 [Test worker] DEBUG liquibase - master.changelog.json: migration/vault-schema.changelog-v4.xml::nullability::R3.Corda: Executing EXECUTE database command: ALTER TABLE PUBLIC.vault_transaction_notes ALTER COLUMN note SET NOT NULL
14:02:14.591 [Test worker] INFO liquibase - master.changelog.json: migration/vault-schema.changelog-v4.xml::nullability::R3.Corda: Null constraint has been added to vault_transaction_notes.note
14:02:14.591 [Test worker] DEBUG liquibase - master.changelog.json: migration/vault-schema.changelog-v4.xml::nullability::R3.Corda: Executing Statement: liquibase.statement.core.SetNullableStatement@3a6b5212
14:02:14.591 [Test worker] DEBUG liquibase - master.changelog.json: migration/vault-schema.changelog-v4.xml::nullability::R3.Corda: Executing EXECUTE database command: ALTER TABLE PUBLIC.vault_transaction_notes ALTER COLUMN transaction_id SET NOT NULL
14:02:14.591 [Test worker] INFO liquibase - master.changelog.json: migration/vault-schema.changelog-v4.xml::nullability::R3.Corda: Null constraint has been added to vault_transaction_notes.transaction_id
14:02:14.591 [Test worker] DEBUG liquibase - master.changelog.json: migration/vault-schema.changelog-v4.xml::nullability::R3.Corda: Executing Statement: liquibase.statement.core.CreateIndexStatement@24274ded
14:02:14.591 [Test worker] DEBUG liquibase - master.changelog.json: migration/vault-schema.changelog-v4.xml::nullability::R3.Corda: Executing EXECUTE database command: CREATE INDEX PUBLIC.transaction_id_index ON PUBLIC.vault_transaction_notes(transaction_id)
14:02:14.592 [Test worker] INFO liquibase - master.changelog.json: migration/vault-schema.changelog-v4.xml::nullability::R3.Corda: Index transaction_id_index created
14:02:14.592 [Test worker] INFO liquibase - master.changelog.json: migration/vault-schema.changelog-v4.xml::nullability::R3.Corda: ChangeSet migration/vault-schema.changelog-v4.xml::nullability::R3.Corda ran successfully in 25ms
14:02:14.594 [Test worker] DEBUG liquibase - master.changelog.json: migration/vault-schema.changelog-v4.xml::nullability::R3.Corda: Executing EXECUTE database command: INSERT INTO PUBLIC.DATABASECHANGELOG (ID, AUTHOR, FILENAME, DATEEXECUTED, ORDEREXECUTED, MD5SUM, DESCRIPTION, COMMENTS, EXECTYPE, CONTEXTS, LABELS, LIQUIBASE, DEPLOYMENT_ID) VALUES ('nullability', 'R3.Corda', 'migration/vault-schema.changelog-v4.xml', NOW(), 21, '7:59450415a9a86b5b55d9f9347b383e6a', 'addNotNullConstraint columnName=quantity, tableName=vault_fungible_states; addNotNullConstraint columnName=contract_state_class_name, tableName=vault_states; addNotNullConstraint columnName=notary_name, tableName=vault_states; addNotNullConstraint...', '', 'EXECUTED', NULL, NULL, '3.5.4', '0860134438')
14:02:14.595 [Test worker] DEBUG liquibase - master.changelog.json: migration/vault-schema.changelog-pkey.xml::non-clustered_pk-11::R3.Corda: Running Changeset:migration/vault-schema.changelog-pkey.xml::non-clustered_pk-11::R3.Corda
14:02:14.621 [Test worker] DEBUG liquibase - master.changelog.json: migration/vault-schema.changelog-pkey.xml::non-clustered_pk-11::R3.Corda: Executing EXECUTE database command: INSERT INTO PUBLIC.DATABASECHANGELOG (ID, AUTHOR, FILENAME, DATEEXECUTED, ORDEREXECUTED, MD5SUM, DESCRIPTION, COMMENTS, EXECTYPE, CONTEXTS, LABELS, LIQUIBASE, DEPLOYMENT_ID) VALUES ('non-clustered_pk-11', 'R3.Corda', 'migration/vault-schema.changelog-pkey.xml', NOW(), 22, '7:c88a8494afc1f2507131e709b3ec4f1e', 'dropForeignKeyConstraint baseTableName=vault_fungible_states_parts, constraintName=FK__fung_st_parts__fung_st; dropPrimaryKey constraintName=vault_fungible_states_pkey, tableName=vault_fungible_states; addPrimaryKey constraintName=vault_fungible_s...', '', 'MARK_RAN', NULL, NULL, '3.5.4', '0860134438')
14:02:14.623 [Test worker] DEBUG liquibase - master.changelog.json: migration/vault-schema.changelog-pkey.xml::non-clustered_pk-12::R3.Corda: Running Changeset:migration/vault-schema.changelog-pkey.xml::non-clustered_pk-12::R3.Corda
14:02:14.624 [Test worker] DEBUG liquibase - master.changelog.json: migration/vault-schema.changelog-pkey.xml::non-clustered_pk-12::R3.Corda: Executing EXECUTE database command: INSERT INTO PUBLIC.DATABASECHANGELOG (ID, AUTHOR, FILENAME, DATEEXECUTED, ORDEREXECUTED, MD5SUM, DESCRIPTION, COMMENTS, EXECTYPE, CONTEXTS, LABELS, LIQUIBASE, DEPLOYMENT_ID) VALUES ('non-clustered_pk-12', 'R3.Corda', 'migration/vault-schema.changelog-pkey.xml', NOW(), 23, '7:5569de8454d891688bbb7510f634782f', 'dropForeignKeyConstraint baseTableName=vault_linear_states_parts, constraintName=FK__lin_stat_parts__lin_stat; dropPrimaryKey constraintName=vault_linear_states_pkey, tableName=vault_linear_states; addPrimaryKey constraintName=vault_linear_states_...', '', 'MARK_RAN', NULL, NULL, '3.5.4', '0860134438')
14:02:14.625 [Test worker] DEBUG liquibase - master.changelog.json: migration/vault-schema.changelog-pkey.xml::non-clustered_pk-13::R3.Corda: Running Changeset:migration/vault-schema.changelog-pkey.xml::non-clustered_pk-13::R3.Corda
14:02:14.626 [Test worker] DEBUG liquibase - master.changelog.json: migration/vault-schema.changelog-pkey.xml::non-clustered_pk-13::R3.Corda: Executing EXECUTE database command: INSERT INTO PUBLIC.DATABASECHANGELOG (ID, AUTHOR, FILENAME, DATEEXECUTED, ORDEREXECUTED, MD5SUM, DESCRIPTION, COMMENTS, EXECTYPE, CONTEXTS, LABELS, LIQUIBASE, DEPLOYMENT_ID) VALUES ('non-clustered_pk-13', 'R3.Corda', 'migration/vault-schema.changelog-pkey.xml', NOW(), 24, '7:c786c529ecdaa33f87d3fc9ed88111f4', 'dropPrimaryKey constraintName=vault_states_pkey, tableName=vault_states; addPrimaryKey constraintName=vault_states_pkey, tableName=vault_states', '', 'MARK_RAN', NULL, NULL, '3.5.4', '0860134438')
14:02:14.626 [Test worker] DEBUG liquibase - master.changelog.json: migration/vault-schema.changelog-v5.xml::add_relevancy_status_column::R3.Corda: Running Changeset:migration/vault-schema.changelog-v5.xml::add_relevancy_status_column::R3.Corda
14:02:14.626 [Test worker] DEBUG liquibase - master.changelog.json: migration/vault-schema.changelog-v5.xml::add_relevancy_status_column::R3.Corda: Changeset migration/vault-schema.changelog-v5.xml::add_relevancy_status_column::R3.Corda
14:02:14.627 [Test worker] DEBUG liquibase - master.changelog.json: migration/vault-schema.changelog-v5.xml::add_relevancy_status_column::R3.Corda: Reading ChangeSet: migration/vault-schema.changelog-v5.xml::add_relevancy_status_column::R3.Corda
14:02:14.627 [Test worker] DEBUG liquibase - master.changelog.json: migration/vault-schema.changelog-v5.xml::add_relevancy_status_column::R3.Corda: Executing Statement: liquibase.statement.core.AddColumnStatement@234526a
14:02:14.627 [Test worker] DEBUG liquibase - master.changelog.json: migration/vault-schema.changelog-v5.xml::add_relevancy_status_column::R3.Corda: Executing EXECUTE database command: ALTER TABLE PUBLIC.vault_states ADD relevancy_status INT
14:02:14.632 [Test worker] INFO liquibase - master.changelog.json: migration/vault-schema.changelog-v5.xml::add_relevancy_status_column::R3.Corda: Columns relevancy_status(INT) added to vault_states
14:02:14.632 [Test worker] DEBUG liquibase - master.changelog.json: migration/vault-schema.changelog-v5.xml::add_relevancy_status_column::R3.Corda: Executing Statement: liquibase.statement.core.UpdateStatement@46aaef85
14:02:14.632 [Test worker] DEBUG liquibase - master.changelog.json: migration/vault-schema.changelog-v5.xml::add_relevancy_status_column::R3.Corda: Executing EXECUTE database command: UPDATE PUBLIC.vault_states SET relevancy_status = 0
14:02:14.633 [Test worker] INFO liquibase - master.changelog.json: migration/vault-schema.changelog-v5.xml::add_relevancy_status_column::R3.Corda: Data updated in vault_states
14:02:14.633 [Test worker] DEBUG liquibase - master.changelog.json: migration/vault-schema.changelog-v5.xml::add_relevancy_status_column::R3.Corda: Executing Statement: liquibase.statement.core.SetNullableStatement@5ebbc26b
14:02:14.633 [Test worker] DEBUG liquibase - master.changelog.json: migration/vault-schema.changelog-v5.xml::add_relevancy_status_column::R3.Corda: Executing EXECUTE database command: ALTER TABLE PUBLIC.vault_states ALTER COLUMN relevancy_status SET NOT NULL
14:02:14.633 [Test worker] INFO liquibase - master.changelog.json: migration/vault-schema.changelog-v5.xml::add_relevancy_status_column::R3.Corda: Null constraint has been added to vault_states.relevancy_status
14:02:14.633 [Test worker] INFO liquibase - master.changelog.json: migration/vault-schema.changelog-v5.xml::add_relevancy_status_column::R3.Corda: ChangeSet migration/vault-schema.changelog-v5.xml::add_relevancy_status_column::R3.Corda ran successfully in 7ms
14:02:14.634 [Test worker] DEBUG liquibase - master.changelog.json: migration/vault-schema.changelog-v5.xml::add_relevancy_status_column::R3.Corda: Executing EXECUTE database command: INSERT INTO PUBLIC.DATABASECHANGELOG (ID, AUTHOR, FILENAME, DATEEXECUTED, ORDEREXECUTED, MD5SUM, DESCRIPTION, COMMENTS, EXECTYPE, CONTEXTS, LABELS, LIQUIBASE, DEPLOYMENT_ID) VALUES ('add_relevancy_status_column', 'R3.Corda', 'migration/vault-schema.changelog-v5.xml', NOW(), 25, '7:bd7c3258179f34f231f6ae51e3313fc4', 'addColumn tableName=vault_states; update tableName=vault_states; addNotNullConstraint columnName=relevancy_status, tableName=vault_states', '', 'EXECUTED', NULL, NULL, '3.5.4', '0860134438')
14:02:14.635 [Test worker] DEBUG liquibase - master.changelog.json: migration/vault-schema.changelog-v6.xml::add_is_constraint_information_columns::R3.Corda: Running Changeset:migration/vault-schema.changelog-v6.xml::add_is_constraint_information_columns::R3.Corda
14:02:14.635 [Test worker] DEBUG liquibase - master.changelog.json: migration/vault-schema.changelog-v6.xml::add_is_constraint_information_columns::R3.Corda: Changeset migration/vault-schema.changelog-v6.xml::add_is_constraint_information_columns::R3.Corda
14:02:14.635 [Test worker] DEBUG liquibase - master.changelog.json: migration/vault-schema.changelog-v6.xml::add_is_constraint_information_columns::R3.Corda: Reading ChangeSet: migration/vault-schema.changelog-v6.xml::add_is_constraint_information_columns::R3.Corda
14:02:14.635 [Test worker] DEBUG liquibase - master.changelog.json: migration/vault-schema.changelog-v6.xml::add_is_constraint_information_columns::R3.Corda: Executing Statement: liquibase.statement.core.AddColumnStatement@266b240a
14:02:14.635 [Test worker] DEBUG liquibase - master.changelog.json: migration/vault-schema.changelog-v6.xml::add_is_constraint_information_columns::R3.Corda: Executing EXECUTE database command: ALTER TABLE PUBLIC.vault_states ADD constraint_type INT DEFAULT '0' NOT NULL
14:02:14.638 [Test worker] INFO liquibase - master.changelog.json: migration/vault-schema.changelog-v6.xml::add_is_constraint_information_columns::R3.Corda: Columns constraint_type(INT) added to vault_states
14:02:14.639 [Test worker] DEBUG liquibase - master.changelog.json: migration/vault-schema.changelog-v6.xml::add_is_constraint_information_columns::R3.Corda: Executing Statement: liquibase.statement.core.AddColumnStatement@3ca076b8
14:02:14.639 [Test worker] DEBUG liquibase - master.changelog.json: migration/vault-schema.changelog-v6.xml::add_is_constraint_information_columns::R3.Corda: Executing EXECUTE database command: ALTER TABLE PUBLIC.vault_states ADD constraint_data VARBINARY(563)
14:02:14.642 [Test worker] INFO liquibase - master.changelog.json: migration/vault-schema.changelog-v6.xml::add_is_constraint_information_columns::R3.Corda: Columns constraint_data(varbinary(563)) added to vault_states
14:02:14.642 [Test worker] INFO liquibase - master.changelog.json: migration/vault-schema.changelog-v6.xml::add_is_constraint_information_columns::R3.Corda: ChangeSet migration/vault-schema.changelog-v6.xml::add_is_constraint_information_columns::R3.Corda ran successfully in 7ms
14:02:14.643 [Test worker] DEBUG liquibase - master.changelog.json: migration/vault-schema.changelog-v6.xml::add_is_constraint_information_columns::R3.Corda: Executing EXECUTE database command: INSERT INTO PUBLIC.DATABASECHANGELOG (ID, AUTHOR, FILENAME, DATEEXECUTED, ORDEREXECUTED, MD5SUM, DESCRIPTION, COMMENTS, EXECTYPE, CONTEXTS, LABELS, LIQUIBASE, DEPLOYMENT_ID) VALUES ('add_is_constraint_information_columns', 'R3.Corda', 'migration/vault-schema.changelog-v6.xml', NOW(), 26, '7:7d7cf7015d299a7fefb6e81aa563e208', 'addColumn tableName=vault_states; addColumn tableName=vault_states', '', 'EXECUTED', NULL, NULL, '3.5.4', '0860134438')
14:02:14.643 [Test worker] DEBUG liquibase - master.changelog.json: migration/vault-schema.changelog-v7.xml::make_issuer_ref_nullable::R3.Corda: Running Changeset:migration/vault-schema.changelog-v7.xml::make_issuer_ref_nullable::R3.Corda
14:02:14.643 [Test worker] DEBUG liquibase - master.changelog.json: migration/vault-schema.changelog-v7.xml::make_issuer_ref_nullable::R3.Corda: Changeset migration/vault-schema.changelog-v7.xml::make_issuer_ref_nullable::R3.Corda
14:02:14.644 [Test worker] DEBUG liquibase - master.changelog.json: migration/vault-schema.changelog-v7.xml::make_issuer_ref_nullable::R3.Corda: Reading ChangeSet: migration/vault-schema.changelog-v7.xml::make_issuer_ref_nullable::R3.Corda
14:02:14.644 [Test worker] DEBUG liquibase - master.changelog.json: migration/vault-schema.changelog-v7.xml::make_issuer_ref_nullable::R3.Corda: Executing Statement: liquibase.statement.core.SetNullableStatement@55b5aa4c
14:02:14.644 [Test worker] DEBUG liquibase - master.changelog.json: migration/vault-schema.changelog-v7.xml::make_issuer_ref_nullable::R3.Corda: Executing EXECUTE database command: ALTER TABLE PUBLIC.vault_fungible_states ALTER COLUMN issuer_ref SET NULL
14:02:14.644 [Test worker] INFO liquibase - master.changelog.json: migration/vault-schema.changelog-v7.xml::make_issuer_ref_nullable::R3.Corda: Null constraint dropped from vault_fungible_states.issuer_ref
14:02:14.644 [Test worker] INFO liquibase - master.changelog.json: migration/vault-schema.changelog-v7.xml::make_issuer_ref_nullable::R3.Corda: ChangeSet migration/vault-schema.changelog-v7.xml::make_issuer_ref_nullable::R3.Corda ran successfully in 1ms
14:02:14.645 [Test worker] DEBUG liquibase - master.changelog.json: migration/vault-schema.changelog-v7.xml::make_issuer_ref_nullable::R3.Corda: Executing EXECUTE database command: INSERT INTO PUBLIC.DATABASECHANGELOG (ID, AUTHOR, FILENAME, DATEEXECUTED, ORDEREXECUTED, MD5SUM, DESCRIPTION, COMMENTS, EXECTYPE, CONTEXTS, LABELS, LIQUIBASE, DEPLOYMENT_ID) VALUES ('make_issuer_ref_nullable', 'R3.Corda', 'migration/vault-schema.changelog-v7.xml', NOW(), 27, '7:016e083b176a76fc50d74e3fe07ca1cb', 'dropNotNullConstraint columnName=issuer_ref, tableName=vault_fungible_states', '', 'EXECUTED', NULL, NULL, '3.5.4', '0860134438')
14:02:14.645 [Test worker] DEBUG liquibase - master.changelog.json: migration/vault-schema.changelog-v8.xml::create-external-id-to-state-party-view::R3.Corda: Running Changeset:migration/vault-schema.changelog-v8.xml::create-external-id-to-state-party-view::R3.Corda
14:02:14.645 [Test worker] DEBUG liquibase - master.changelog.json: migration/vault-schema.changelog-v8.xml::create-external-id-to-state-party-view::R3.Corda: Changeset migration/vault-schema.changelog-v8.xml::create-external-id-to-state-party-view::R3.Corda
14:02:14.645 [Test worker] DEBUG liquibase - master.changelog.json: migration/vault-schema.changelog-v8.xml::create-external-id-to-state-party-view::R3.Corda: Reading ChangeSet: migration/vault-schema.changelog-v8.xml::create-external-id-to-state-party-view::R3.Corda
14:02:14.646 [Test worker] DEBUG liquibase - master.changelog.json: migration/vault-schema.changelog-v8.xml::create-external-id-to-state-party-view::R3.Corda: Executing Statement: liquibase.statement.core.CreateTableStatement@78be9e25
14:02:14.646 [Test worker] DEBUG liquibase - master.changelog.json: migration/vault-schema.changelog-v8.xml::create-external-id-to-state-party-view::R3.Corda: Executing EXECUTE database command: CREATE TABLE PUBLIC.state_party (output_index INT, transaction_id NVARCHAR(64), public_key_hash NVARCHAR(255) NOT NULL, x500_name NVARCHAR(255))
14:02:14.646 [Test worker] INFO liquibase - master.changelog.json: migration/vault-schema.changelog-v8.xml::create-external-id-to-state-party-view::R3.Corda: Table state_party created
14:02:14.646 [Test worker] DEBUG liquibase - master.changelog.json: migration/vault-schema.changelog-v8.xml::create-external-id-to-state-party-view::R3.Corda: Executing Statement: liquibase.statement.core.CreateIndexStatement@6e11b2f5
14:02:14.646 [Test worker] DEBUG liquibase - master.changelog.json: migration/vault-schema.changelog-v8.xml::create-external-id-to-state-party-view::R3.Corda: Executing EXECUTE database command: CREATE INDEX PUBLIC.state_pk_hash_idx ON PUBLIC.state_party(public_key_hash)
14:02:14.647 [Test worker] INFO liquibase - master.changelog.json: migration/vault-schema.changelog-v8.xml::create-external-id-to-state-party-view::R3.Corda: Index state_pk_hash_idx created
14:02:14.647 [Test worker] DEBUG liquibase - master.changelog.json: migration/vault-schema.changelog-v8.xml::create-external-id-to-state-party-view::R3.Corda: Executing Statement: liquibase.statement.core.CreateTableStatement@589d90db
14:02:14.647 [Test worker] DEBUG liquibase - master.changelog.json: migration/vault-schema.changelog-v8.xml::create-external-id-to-state-party-view::R3.Corda: Executing EXECUTE database command: CREATE TABLE PUBLIC.pk_hash_to_ext_id_map (id BIGINT NOT NULL, external_id VARCHAR(255) NOT NULL, public_key_hash NVARCHAR(255) NOT NULL)
14:02:14.647 [Test worker] INFO liquibase - master.changelog.json: migration/vault-schema.changelog-v8.xml::create-external-id-to-state-party-view::R3.Corda: Table pk_hash_to_ext_id_map created
14:02:14.647 [Test worker] DEBUG liquibase - master.changelog.json: migration/vault-schema.changelog-v8.xml::create-external-id-to-state-party-view::R3.Corda: Executing Statement: liquibase.statement.core.CreateIndexStatement@5fdb97b4
14:02:14.647 [Test worker] DEBUG liquibase - master.changelog.json: migration/vault-schema.changelog-v8.xml::create-external-id-to-state-party-view::R3.Corda: Executing EXECUTE database command: CREATE INDEX PUBLIC.pk_hash_to_xid_idx ON PUBLIC.pk_hash_to_ext_id_map(public_key_hash)
14:02:14.648 [Test worker] INFO liquibase - master.changelog.json: migration/vault-schema.changelog-v8.xml::create-external-id-to-state-party-view::R3.Corda: Index pk_hash_to_xid_idx created
14:02:14.648 [Test worker] DEBUG liquibase - master.changelog.json: migration/vault-schema.changelog-v8.xml::create-external-id-to-state-party-view::R3.Corda: Executing Statement: liquibase.statement.core.CreateViewStatement@3cbe10a0
14:02:14.650 [Test worker] DEBUG liquibase - master.changelog.json: migration/vault-schema.changelog-v8.xml::create-external-id-to-state-party-view::R3.Corda: Executing EXECUTE database command: CREATE VIEW PUBLIC.v_pkey_hash_ex_id_map AS select
                state_party.public_key_hash,
                state_party.transaction_id,
                state_party.output_index,
                pk_hash_to_ext_id_map.external_id
            from state_party
            join pk_hash_to_ext_id_map
            on state_party.public_key_hash = pk_hash_to_ext_id_map.public_key_hash
14:02:14.651 [Test worker] INFO liquibase - master.changelog.json: migration/vault-schema.changelog-v8.xml::create-external-id-to-state-party-view::R3.Corda: View v_pkey_hash_ex_id_map created
14:02:14.651 [Test worker] INFO liquibase - master.changelog.json: migration/vault-schema.changelog-v8.xml::create-external-id-to-state-party-view::R3.Corda: ChangeSet migration/vault-schema.changelog-v8.xml::create-external-id-to-state-party-view::R3.Corda ran successfully in 6ms
14:02:14.652 [Test worker] DEBUG liquibase - master.changelog.json: migration/vault-schema.changelog-v8.xml::create-external-id-to-state-party-view::R3.Corda: Executing EXECUTE database command: INSERT INTO PUBLIC.DATABASECHANGELOG (ID, AUTHOR, FILENAME, DATEEXECUTED, ORDEREXECUTED, MD5SUM, DESCRIPTION, COMMENTS, EXECTYPE, CONTEXTS, LABELS, LIQUIBASE, DEPLOYMENT_ID) VALUES ('create-external-id-to-state-party-view', 'R3.Corda', 'migration/vault-schema.changelog-v8.xml', NOW(), 28, '7:68a2e794e4726e4e40b28753c7a64413', 'createTable tableName=state_party; createIndex indexName=state_pk_hash_idx, tableName=state_party; createTable tableName=pk_hash_to_ext_id_map; createIndex indexName=pk_hash_to_xid_idx, tableName=pk_hash_to_ext_id_map; createView viewName=v_pkey_h...', '', 'EXECUTED', NULL, NULL, '3.5.4', '0860134438')
14:02:14.653 [Test worker] DEBUG liquibase - master.changelog.json: migration/node-info.changelog-init.xml::1511451595465-4::R3.Corda: Running Changeset:migration/node-info.changelog-init.xml::1511451595465-4::R3.Corda
14:02:14.653 [Test worker] DEBUG liquibase - master.changelog.json: migration/node-info.changelog-init.xml::1511451595465-4::R3.Corda: Changeset migration/node-info.changelog-init.xml::1511451595465-4::R3.Corda
14:02:14.653 [Test worker] DEBUG liquibase - master.changelog.json: migration/node-info.changelog-init.xml::1511451595465-4::R3.Corda: Reading ChangeSet: migration/node-info.changelog-init.xml::1511451595465-4::R3.Corda
14:02:14.653 [Test worker] DEBUG liquibase - master.changelog.json: migration/node-info.changelog-init.xml::1511451595465-4::R3.Corda: Executing Statement: liquibase.statement.core.CreateTableStatement@6db7d8b9
14:02:14.653 [Test worker] DEBUG liquibase - master.changelog.json: migration/node-info.changelog-init.xml::1511451595465-4::R3.Corda: Executing EXECUTE database command: CREATE TABLE PUBLIC.node_link_nodeinfo_party (node_info_id INT NOT NULL, party_name NVARCHAR(255) NOT NULL)
14:02:14.653 [Test worker] INFO liquibase - master.changelog.json: migration/node-info.changelog-init.xml::1511451595465-4::R3.Corda: Table node_link_nodeinfo_party created
14:02:14.653 [Test worker] INFO liquibase - master.changelog.json: migration/node-info.changelog-init.xml::1511451595465-4::R3.Corda: ChangeSet migration/node-info.changelog-init.xml::1511451595465-4::R3.Corda ran successfully in 0ms
14:02:14.654 [Test worker] DEBUG liquibase - master.changelog.json: migration/node-info.changelog-init.xml::1511451595465-4::R3.Corda: Executing EXECUTE database command: INSERT INTO PUBLIC.DATABASECHANGELOG (ID, AUTHOR, FILENAME, DATEEXECUTED, ORDEREXECUTED, MD5SUM, DESCRIPTION, COMMENTS, EXECTYPE, CONTEXTS, LABELS, LIQUIBASE, DEPLOYMENT_ID) VALUES ('1511451595465-4', 'R3.Corda', 'migration/node-info.changelog-init.xml', NOW(), 29, '7:86561ccea3a7fbbdb311d455076c98a8', 'createTable tableName=node_link_nodeinfo_party', '', 'EXECUTED', NULL, NULL, '3.5.4', '0860134438')
14:02:14.655 [Test worker] DEBUG liquibase - master.changelog.json: migration/node-info.changelog-init.xml::1511451595465-10::R3.Corda: Running Changeset:migration/node-info.changelog-init.xml::1511451595465-10::R3.Corda
14:02:14.655 [Test worker] DEBUG liquibase - master.changelog.json: migration/node-info.changelog-init.xml::1511451595465-10::R3.Corda: Changeset migration/node-info.changelog-init.xml::1511451595465-10::R3.Corda
14:02:14.655 [Test worker] DEBUG liquibase - master.changelog.json: migration/node-info.changelog-init.xml::1511451595465-10::R3.Corda: Reading ChangeSet: migration/node-info.changelog-init.xml::1511451595465-10::R3.Corda
14:02:14.656 [Test worker] DEBUG liquibase - master.changelog.json: migration/node-info.changelog-init.xml::1511451595465-10::R3.Corda: Executing Statement: liquibase.statement.core.CreateTableStatement@2167e425
14:02:14.657 [Test worker] DEBUG liquibase - master.changelog.json: migration/node-info.changelog-init.xml::1511451595465-10::R3.Corda: Executing EXECUTE database command: CREATE TABLE PUBLIC.node_info_hosts (host NVARCHAR(255) NOT NULL, port INT NOT NULL, node_info_id INT)
14:02:14.657 [Test worker] INFO liquibase - master.changelog.json: migration/node-info.changelog-init.xml::1511451595465-10::R3.Corda: Table node_info_hosts created
14:02:14.657 [Test worker] INFO liquibase - master.changelog.json: migration/node-info.changelog-init.xml::1511451595465-10::R3.Corda: ChangeSet migration/node-info.changelog-init.xml::1511451595465-10::R3.Corda ran successfully in 2ms
14:02:14.658 [Test worker] DEBUG liquibase - master.changelog.json: migration/node-info.changelog-init.xml::1511451595465-10::R3.Corda: Executing EXECUTE database command: INSERT INTO PUBLIC.DATABASECHANGELOG (ID, AUTHOR, FILENAME, DATEEXECUTED, ORDEREXECUTED, MD5SUM, DESCRIPTION, COMMENTS, EXECTYPE, CONTEXTS, LABELS, LIQUIBASE, DEPLOYMENT_ID) VALUES ('1511451595465-10', 'R3.Corda', 'migration/node-info.changelog-init.xml', NOW(), 30, '7:86dcf13717e5dbc4c623523618380bdd', 'createTable tableName=node_info_hosts', '', 'EXECUTED', NULL, NULL, '3.5.4', '0860134438')
14:02:14.659 [Test worker] DEBUG liquibase - master.changelog.json: migration/node-info.changelog-init.xml::1511451595465-11::R3.Corda: Running Changeset:migration/node-info.changelog-init.xml::1511451595465-11::R3.Corda
14:02:14.659 [Test worker] DEBUG liquibase - master.changelog.json: migration/node-info.changelog-init.xml::1511451595465-11::R3.Corda: Changeset migration/node-info.changelog-init.xml::1511451595465-11::R3.Corda
14:02:14.659 [Test worker] DEBUG liquibase - master.changelog.json: migration/node-info.changelog-init.xml::1511451595465-11::R3.Corda: Reading ChangeSet: migration/node-info.changelog-init.xml::1511451595465-11::R3.Corda
14:02:14.659 [Test worker] DEBUG liquibase - master.changelog.json: migration/node-info.changelog-init.xml::1511451595465-11::R3.Corda: Executing Statement: liquibase.statement.core.CreateTableStatement@243d396
14:02:14.660 [Test worker] DEBUG liquibase - master.changelog.json: migration/node-info.changelog-init.xml::1511451595465-11::R3.Corda: Executing EXECUTE database command: CREATE TABLE PUBLIC.node_info_party_cert (party_name NVARCHAR(255) NOT NULL, ismain BOOLEAN NOT NULL, owning_key_hash NVARCHAR(130), party_cert_binary BLOB)
14:02:14.660 [Test worker] INFO liquibase - master.changelog.json: migration/node-info.changelog-init.xml::1511451595465-11::R3.Corda: Table node_info_party_cert created
14:02:14.660 [Test worker] INFO liquibase - master.changelog.json: migration/node-info.changelog-init.xml::1511451595465-11::R3.Corda: ChangeSet migration/node-info.changelog-init.xml::1511451595465-11::R3.Corda ran successfully in 1ms
14:02:14.661 [Test worker] DEBUG liquibase - master.changelog.json: migration/node-info.changelog-init.xml::1511451595465-11::R3.Corda: Executing EXECUTE database command: INSERT INTO PUBLIC.DATABASECHANGELOG (ID, AUTHOR, FILENAME, DATEEXECUTED, ORDEREXECUTED, MD5SUM, DESCRIPTION, COMMENTS, EXECTYPE, CONTEXTS, LABELS, LIQUIBASE, DEPLOYMENT_ID) VALUES ('1511451595465-11', 'R3.Corda', 'migration/node-info.changelog-init.xml', NOW(), 31, '7:ddf2ea133beca979abcb7e627a37db60', 'createTable tableName=node_info_party_cert', '', 'EXECUTED', NULL, NULL, '3.5.4', '0860134438')
14:02:14.662 [Test worker] DEBUG liquibase - master.changelog.json: migration/node-info.changelog-init.xml::1511451595465-12::R3.Corda: Running Changeset:migration/node-info.changelog-init.xml::1511451595465-12::R3.Corda
14:02:14.662 [Test worker] DEBUG liquibase - master.changelog.json: migration/node-info.changelog-init.xml::1511451595465-12::R3.Corda: Changeset migration/node-info.changelog-init.xml::1511451595465-12::R3.Corda
14:02:14.662 [Test worker] DEBUG liquibase - master.changelog.json: migration/node-info.changelog-init.xml::1511451595465-12::R3.Corda: Reading ChangeSet: migration/node-info.changelog-init.xml::1511451595465-12::R3.Corda
14:02:14.663 [Test worker] DEBUG liquibase - master.changelog.json: migration/node-info.changelog-init.xml::1511451595465-12::R3.Corda: Executing Statement: liquibase.statement.core.CreateTableStatement@5c698437
14:02:14.664 [Test worker] DEBUG liquibase - master.changelog.json: migration/node-info.changelog-init.xml::1511451595465-12::R3.Corda: Executing EXECUTE database command: CREATE TABLE PUBLIC.node_infos (node_info_id INT NOT NULL, node_info_hash NVARCHAR(64), platform_version INT, serial BIGINT)
14:02:14.664 [Test worker] INFO liquibase - master.changelog.json: migration/node-info.changelog-init.xml::1511451595465-12::R3.Corda: Table node_infos created
14:02:14.664 [Test worker] INFO liquibase - master.changelog.json: migration/node-info.changelog-init.xml::1511451595465-12::R3.Corda: ChangeSet migration/node-info.changelog-init.xml::1511451595465-12::R3.Corda ran successfully in 2ms
14:02:14.666 [Test worker] DEBUG liquibase - master.changelog.json: migration/node-info.changelog-init.xml::1511451595465-12::R3.Corda: Executing EXECUTE database command: INSERT INTO PUBLIC.DATABASECHANGELOG (ID, AUTHOR, FILENAME, DATEEXECUTED, ORDEREXECUTED, MD5SUM, DESCRIPTION, COMMENTS, EXECTYPE, CONTEXTS, LABELS, LIQUIBASE, DEPLOYMENT_ID) VALUES ('1511451595465-12', 'R3.Corda', 'migration/node-info.changelog-init.xml', NOW(), 32, '7:2a2169c32d87fdc3442c6096740a52a5', 'createTable tableName=node_infos', '', 'EXECUTED', NULL, NULL, '3.5.4', '0860134438')
14:02:14.666 [Test worker] DEBUG liquibase - master.changelog.json: migration/node-info.changelog-init.xml::1511451595465-35::R3.Corda: Running Changeset:migration/node-info.changelog-init.xml::1511451595465-35::R3.Corda
14:02:14.666 [Test worker] DEBUG liquibase - master.changelog.json: migration/node-info.changelog-init.xml::1511451595465-35::R3.Corda: Changeset migration/node-info.changelog-init.xml::1511451595465-35::R3.Corda
14:02:14.666 [Test worker] DEBUG liquibase - master.changelog.json: migration/node-info.changelog-init.xml::1511451595465-35::R3.Corda: Reading ChangeSet: migration/node-info.changelog-init.xml::1511451595465-35::R3.Corda
14:02:14.667 [Test worker] DEBUG liquibase - master.changelog.json: migration/node-info.changelog-init.xml::1511451595465-35::R3.Corda: Executing Statement: liquibase.statement.core.AddPrimaryKeyStatement@2b273814
14:02:14.667 [Test worker] DEBUG liquibase - master.changelog.json: migration/node-info.changelog-init.xml::1511451595465-35::R3.Corda: Executing EXECUTE database command: ALTER TABLE PUBLIC.node_info_hosts ADD CONSTRAINT node_info_hosts_pkey PRIMARY KEY (host, port)
14:02:14.667 [Test worker] INFO liquibase - master.changelog.json: migration/node-info.changelog-init.xml::1511451595465-35::R3.Corda: Primary key added to node_info_hosts (host, port)
14:02:14.667 [Test worker] INFO liquibase - master.changelog.json: migration/node-info.changelog-init.xml::1511451595465-35::R3.Corda: ChangeSet migration/node-info.changelog-init.xml::1511451595465-35::R3.Corda ran successfully in 1ms
14:02:14.668 [Test worker] DEBUG liquibase - master.changelog.json: migration/node-info.changelog-init.xml::1511451595465-35::R3.Corda: Executing EXECUTE database command: INSERT INTO PUBLIC.DATABASECHANGELOG (ID, AUTHOR, FILENAME, DATEEXECUTED, ORDEREXECUTED, MD5SUM, DESCRIPTION, COMMENTS, EXECTYPE, CONTEXTS, LABELS, LIQUIBASE, DEPLOYMENT_ID) VALUES ('1511451595465-35', 'R3.Corda', 'migration/node-info.changelog-init.xml', NOW(), 33, '7:5c8230d7f489b4b961c3b52b3335e5ff', 'addPrimaryKey constraintName=node_info_hosts_pkey, tableName=node_info_hosts', '', 'EXECUTED', NULL, NULL, '3.5.4', '0860134438')
14:02:14.672 [Test worker] DEBUG liquibase - master.changelog.json: migration/node-info.changelog-init.xml::1511451595465-36::R3.Corda: Running Changeset:migration/node-info.changelog-init.xml::1511451595465-36::R3.Corda
14:02:14.672 [Test worker] DEBUG liquibase - master.changelog.json: migration/node-info.changelog-init.xml::1511451595465-36::R3.Corda: Changeset migration/node-info.changelog-init.xml::1511451595465-36::R3.Corda
14:02:14.673 [Test worker] DEBUG liquibase - master.changelog.json: migration/node-info.changelog-init.xml::1511451595465-36::R3.Corda: Reading ChangeSet: migration/node-info.changelog-init.xml::1511451595465-36::R3.Corda
14:02:14.673 [Test worker] DEBUG liquibase - master.changelog.json: migration/node-info.changelog-init.xml::1511451595465-36::R3.Corda: Executing Statement: liquibase.statement.core.AddPrimaryKeyStatement@5f51118f
14:02:14.673 [Test worker] DEBUG liquibase - master.changelog.json: migration/node-info.changelog-init.xml::1511451595465-36::R3.Corda: Executing EXECUTE database command: ALTER TABLE PUBLIC.node_info_party_cert ADD CONSTRAINT node_info_party_cert_pkey PRIMARY KEY (party_name)
14:02:14.673 [Test worker] INFO liquibase - master.changelog.json: migration/node-info.changelog-init.xml::1511451595465-36::R3.Corda: Primary key added to node_info_party_cert (party_name)
14:02:14.673 [Test worker] INFO liquibase - master.changelog.json: migration/node-info.changelog-init.xml::1511451595465-36::R3.Corda: ChangeSet migration/node-info.changelog-init.xml::1511451595465-36::R3.Corda ran successfully in 1ms
14:02:14.675 [Test worker] DEBUG liquibase - master.changelog.json: migration/node-info.changelog-init.xml::1511451595465-36::R3.Corda: Executing EXECUTE database command: INSERT INTO PUBLIC.DATABASECHANGELOG (ID, AUTHOR, FILENAME, DATEEXECUTED, ORDEREXECUTED, MD5SUM, DESCRIPTION, COMMENTS, EXECTYPE, CONTEXTS, LABELS, LIQUIBASE, DEPLOYMENT_ID) VALUES ('1511451595465-36', 'R3.Corda', 'migration/node-info.changelog-init.xml', NOW(), 34, '7:a4293247b9113bb0895d15e212ded67d', 'addPrimaryKey constraintName=node_info_party_cert_pkey, tableName=node_info_party_cert', '', 'EXECUTED', NULL, NULL, '3.5.4', '0860134438')
14:02:14.675 [Test worker] DEBUG liquibase - master.changelog.json: migration/node-info.changelog-init.xml::1511451595465-37::R3.Corda: Running Changeset:migration/node-info.changelog-init.xml::1511451595465-37::R3.Corda
14:02:14.675 [Test worker] DEBUG liquibase - master.changelog.json: migration/node-info.changelog-init.xml::1511451595465-37::R3.Corda: Changeset migration/node-info.changelog-init.xml::1511451595465-37::R3.Corda
14:02:14.675 [Test worker] DEBUG liquibase - master.changelog.json: migration/node-info.changelog-init.xml::1511451595465-37::R3.Corda: Reading ChangeSet: migration/node-info.changelog-init.xml::1511451595465-37::R3.Corda
14:02:14.675 [Test worker] DEBUG liquibase - master.changelog.json: migration/node-info.changelog-init.xml::1511451595465-37::R3.Corda: Executing Statement: liquibase.statement.core.AddPrimaryKeyStatement@449e93a6
14:02:14.676 [Test worker] DEBUG liquibase - master.changelog.json: migration/node-info.changelog-init.xml::1511451595465-37::R3.Corda: Executing EXECUTE database command: ALTER TABLE PUBLIC.node_infos ADD CONSTRAINT node_infos_pkey PRIMARY KEY (node_info_id)
14:02:14.676 [Test worker] INFO liquibase - master.changelog.json: migration/node-info.changelog-init.xml::1511451595465-37::R3.Corda: Primary key added to node_infos (node_info_id)
14:02:14.676 [Test worker] INFO liquibase - master.changelog.json: migration/node-info.changelog-init.xml::1511451595465-37::R3.Corda: ChangeSet migration/node-info.changelog-init.xml::1511451595465-37::R3.Corda ran successfully in 1ms
14:02:14.677 [Test worker] DEBUG liquibase - master.changelog.json: migration/node-info.changelog-init.xml::1511451595465-37::R3.Corda: Executing EXECUTE database command: INSERT INTO PUBLIC.DATABASECHANGELOG (ID, AUTHOR, FILENAME, DATEEXECUTED, ORDEREXECUTED, MD5SUM, DESCRIPTION, COMMENTS, EXECTYPE, CONTEXTS, LABELS, LIQUIBASE, DEPLOYMENT_ID) VALUES ('1511451595465-37', 'R3.Corda', 'migration/node-info.changelog-init.xml', NOW(), 35, '7:3f7b9e25544e21798cc648d8ab2056b7', 'addPrimaryKey constraintName=node_infos_pkey, tableName=node_infos', '', 'EXECUTED', NULL, NULL, '3.5.4', '0860134438')
14:02:14.678 [Test worker] DEBUG liquibase - master.changelog.json: migration/node-info.changelog-init.xml::1511451595465-62::R3.Corda: Running Changeset:migration/node-info.changelog-init.xml::1511451595465-62::R3.Corda
14:02:14.678 [Test worker] DEBUG liquibase - master.changelog.json: migration/node-info.changelog-init.xml::1511451595465-62::R3.Corda: Changeset migration/node-info.changelog-init.xml::1511451595465-62::R3.Corda
14:02:14.678 [Test worker] DEBUG liquibase - master.changelog.json: migration/node-info.changelog-init.xml::1511451595465-62::R3.Corda: Reading ChangeSet: migration/node-info.changelog-init.xml::1511451595465-62::R3.Corda
14:02:14.678 [Test worker] DEBUG liquibase - master.changelog.json: migration/node-info.changelog-init.xml::1511451595465-62::R3.Corda: Executing Statement: liquibase.statement.core.AddForeignKeyConstraintStatement@5602f2ba
14:02:14.678 [Test worker] DEBUG liquibase - master.changelog.json: migration/node-info.changelog-init.xml::1511451595465-62::R3.Corda: Executing EXECUTE database command: ALTER TABLE PUBLIC.node_link_nodeinfo_party ADD CONSTRAINT FK__link_nodeinfo_party__infos FOREIGN KEY (node_info_id) REFERENCES PUBLIC.node_infos (node_info_id)
14:02:14.679 [Test worker] INFO liquibase - master.changelog.json: migration/node-info.changelog-init.xml::1511451595465-62::R3.Corda: Foreign key constraint added to node_link_nodeinfo_party (node_info_id)
14:02:14.679 [Test worker] INFO liquibase - master.changelog.json: migration/node-info.changelog-init.xml::1511451595465-62::R3.Corda: ChangeSet migration/node-info.changelog-init.xml::1511451595465-62::R3.Corda ran successfully in 1ms
14:02:14.680 [Test worker] DEBUG liquibase - master.changelog.json: migration/node-info.changelog-init.xml::1511451595465-62::R3.Corda: Executing EXECUTE database command: INSERT INTO PUBLIC.DATABASECHANGELOG (ID, AUTHOR, FILENAME, DATEEXECUTED, ORDEREXECUTED, MD5SUM, DESCRIPTION, COMMENTS, EXECTYPE, CONTEXTS, LABELS, LIQUIBASE, DEPLOYMENT_ID) VALUES ('1511451595465-62', 'R3.Corda', 'migration/node-info.changelog-init.xml', NOW(), 36, '7:64add0a3b0350cfe6fa3de1428a38397', 'addForeignKeyConstraint baseTableName=node_link_nodeinfo_party, constraintName=FK__link_nodeinfo_party__infos, referencedTableName=node_infos', '', 'EXECUTED', NULL, NULL, '3.5.4', '0860134438')
14:02:14.681 [Test worker] DEBUG liquibase - master.changelog.json: migration/node-info.changelog-init.xml::1511451595465-63::R3.Corda: Running Changeset:migration/node-info.changelog-init.xml::1511451595465-63::R3.Corda
14:02:14.681 [Test worker] DEBUG liquibase - master.changelog.json: migration/node-info.changelog-init.xml::1511451595465-63::R3.Corda: Changeset migration/node-info.changelog-init.xml::1511451595465-63::R3.Corda
14:02:14.681 [Test worker] DEBUG liquibase - master.changelog.json: migration/node-info.changelog-init.xml::1511451595465-63::R3.Corda: Reading ChangeSet: migration/node-info.changelog-init.xml::1511451595465-63::R3.Corda
14:02:14.682 [Test worker] DEBUG liquibase - master.changelog.json: migration/node-info.changelog-init.xml::1511451595465-63::R3.Corda: Executing Statement: liquibase.statement.core.AddForeignKeyConstraintStatement@2138552
14:02:14.682 [Test worker] DEBUG liquibase - master.changelog.json: migration/node-info.changelog-init.xml::1511451595465-63::R3.Corda: Executing EXECUTE database command: ALTER TABLE PUBLIC.node_info_hosts ADD CONSTRAINT FK__info_hosts__infos FOREIGN KEY (node_info_id) REFERENCES PUBLIC.node_infos (node_info_id)
14:02:14.683 [Test worker] INFO liquibase - master.changelog.json: migration/node-info.changelog-init.xml::1511451595465-63::R3.Corda: Foreign key constraint added to node_info_hosts (node_info_id)
14:02:14.683 [Test worker] INFO liquibase - master.changelog.json: migration/node-info.changelog-init.xml::1511451595465-63::R3.Corda: ChangeSet migration/node-info.changelog-init.xml::1511451595465-63::R3.Corda ran successfully in 2ms
14:02:14.684 [Test worker] DEBUG liquibase - master.changelog.json: migration/node-info.changelog-init.xml::1511451595465-63::R3.Corda: Executing EXECUTE database command: INSERT INTO PUBLIC.DATABASECHANGELOG (ID, AUTHOR, FILENAME, DATEEXECUTED, ORDEREXECUTED, MD5SUM, DESCRIPTION, COMMENTS, EXECTYPE, CONTEXTS, LABELS, LIQUIBASE, DEPLOYMENT_ID) VALUES ('1511451595465-63', 'R3.Corda', 'migration/node-info.changelog-init.xml', NOW(), 37, '7:6ea0c3bb234d14956401b6b281531832', 'addForeignKeyConstraint baseTableName=node_info_hosts, constraintName=FK__info_hosts__infos, referencedTableName=node_infos', '', 'EXECUTED', NULL, NULL, '3.5.4', '0860134438')
14:02:14.685 [Test worker] DEBUG liquibase - master.changelog.json: migration/node-info.changelog-init.xml::remove_host_port_pk::R3.Corda: Running Changeset:migration/node-info.changelog-init.xml::remove_host_port_pk::R3.Corda
14:02:14.685 [Test worker] DEBUG liquibase - master.changelog.json: migration/node-info.changelog-init.xml::remove_host_port_pk::R3.Corda: Changeset migration/node-info.changelog-init.xml::remove_host_port_pk::R3.Corda
14:02:14.685 [Test worker] DEBUG liquibase - master.changelog.json: migration/node-info.changelog-init.xml::remove_host_port_pk::R3.Corda: Reading ChangeSet: migration/node-info.changelog-init.xml::remove_host_port_pk::R3.Corda
14:02:14.685 [Test worker] DEBUG liquibase - master.changelog.json: migration/node-info.changelog-init.xml::remove_host_port_pk::R3.Corda: Executing Statement: liquibase.statement.core.DeleteStatement@7723e61
14:02:14.685 [Test worker] DEBUG liquibase - master.changelog.json: migration/node-info.changelog-init.xml::remove_host_port_pk::R3.Corda: Executing EXECUTE database command: DELETE FROM PUBLIC.node_infos
14:02:14.685 [Test worker] INFO liquibase - master.changelog.json: migration/node-info.changelog-init.xml::remove_host_port_pk::R3.Corda: Data deleted from node_infos
14:02:14.685 [Test worker] DEBUG liquibase - master.changelog.json: migration/node-info.changelog-init.xml::remove_host_port_pk::R3.Corda: Executing Statement: liquibase.statement.core.DeleteStatement@299d48ff
14:02:14.685 [Test worker] DEBUG liquibase - master.changelog.json: migration/node-info.changelog-init.xml::remove_host_port_pk::R3.Corda: Executing EXECUTE database command: DELETE FROM PUBLIC.node_link_nodeinfo_party
14:02:14.686 [Test worker] INFO liquibase - master.changelog.json: migration/node-info.changelog-init.xml::remove_host_port_pk::R3.Corda: Data deleted from node_link_nodeinfo_party
14:02:14.686 [Test worker] DEBUG liquibase - master.changelog.json: migration/node-info.changelog-init.xml::remove_host_port_pk::R3.Corda: Executing Statement: liquibase.statement.core.DeleteStatement@51b13693
14:02:14.686 [Test worker] DEBUG liquibase - master.changelog.json: migration/node-info.changelog-init.xml::remove_host_port_pk::R3.Corda: Executing EXECUTE database command: DELETE FROM PUBLIC.node_info_hosts
14:02:14.686 [Test worker] INFO liquibase - master.changelog.json: migration/node-info.changelog-init.xml::remove_host_port_pk::R3.Corda: Data deleted from node_info_hosts
14:02:14.686 [Test worker] DEBUG liquibase - master.changelog.json: migration/node-info.changelog-init.xml::remove_host_port_pk::R3.Corda: Executing Statement: liquibase.statement.core.DeleteStatement@60ade61e
14:02:14.686 [Test worker] DEBUG liquibase - master.changelog.json: migration/node-info.changelog-init.xml::remove_host_port_pk::R3.Corda: Executing EXECUTE database command: DELETE FROM PUBLIC.node_info_party_cert
14:02:14.686 [Test worker] INFO liquibase - master.changelog.json: migration/node-info.changelog-init.xml::remove_host_port_pk::R3.Corda: Data deleted from node_info_party_cert
14:02:14.686 [Test worker] DEBUG liquibase - master.changelog.json: migration/node-info.changelog-init.xml::remove_host_port_pk::R3.Corda: Executing Statement: liquibase.statement.core.DropPrimaryKeyStatement@763a5d5c
14:02:14.686 [Test worker] DEBUG liquibase - master.changelog.json: migration/node-info.changelog-init.xml::remove_host_port_pk::R3.Corda: Executing EXECUTE database command: ALTER TABLE PUBLIC.node_info_hosts DROP PRIMARY KEY
14:02:14.687 [Test worker] INFO liquibase - master.changelog.json: migration/node-info.changelog-init.xml::remove_host_port_pk::R3.Corda: Primary key dropped from node_info_hosts
14:02:14.687 [Test worker] DEBUG liquibase - master.changelog.json: migration/node-info.changelog-init.xml::remove_host_port_pk::R3.Corda: Executing Statement: liquibase.statement.core.AddColumnStatement@6ad98fd8
14:02:14.689 [Test worker] DEBUG liquibase - master.changelog.json: migration/node-info.changelog-init.xml::remove_host_port_pk::R3.Corda: Executing EXECUTE database command: ALTER TABLE PUBLIC.node_info_hosts ADD hosts_id INT NOT NULL
14:02:14.691 [Test worker] INFO liquibase - master.changelog.json: migration/node-info.changelog-init.xml::remove_host_port_pk::R3.Corda: Columns hosts_id(INT) added to node_info_hosts
14:02:14.691 [Test worker] DEBUG liquibase - master.changelog.json: migration/node-info.changelog-init.xml::remove_host_port_pk::R3.Corda: Executing Statement: liquibase.statement.core.AddPrimaryKeyStatement@52e3bccb
14:02:14.692 [Test worker] DEBUG liquibase - master.changelog.json: migration/node-info.changelog-init.xml::remove_host_port_pk::R3.Corda: Executing EXECUTE database command: ALTER TABLE PUBLIC.node_info_hosts ADD CONSTRAINT node_info_hosts_pkey_id PRIMARY KEY (hosts_id)
14:02:14.692 [Test worker] INFO liquibase - master.changelog.json: migration/node-info.changelog-init.xml::remove_host_port_pk::R3.Corda: Primary key added to node_info_hosts (hosts_id)
14:02:14.692 [Test worker] INFO liquibase - master.changelog.json: migration/node-info.changelog-init.xml::remove_host_port_pk::R3.Corda: ChangeSet migration/node-info.changelog-init.xml::remove_host_port_pk::R3.Corda ran successfully in 7ms
14:02:14.693 [Test worker] DEBUG liquibase - master.changelog.json: migration/node-info.changelog-init.xml::remove_host_port_pk::R3.Corda: Executing EXECUTE database command: INSERT INTO PUBLIC.DATABASECHANGELOG (ID, AUTHOR, FILENAME, DATEEXECUTED, ORDEREXECUTED, MD5SUM, DESCRIPTION, COMMENTS, EXECTYPE, CONTEXTS, LABELS, LIQUIBASE, DEPLOYMENT_ID) VALUES ('remove_host_port_pk', 'R3.Corda', 'migration/node-info.changelog-init.xml', NOW(), 38, '7:cb733f12ced82860fd296bb0c94c5072', 'delete tableName=node_infos; delete tableName=node_link_nodeinfo_party; delete tableName=node_info_hosts; delete tableName=node_info_party_cert; dropPrimaryKey constraintName=node_info_hosts_pkey, tableName=node_info_hosts; addColumn tableName=nod...', '', 'EXECUTED', NULL, NULL, '3.5.4', '0860134438')
14:02:14.694 [Test worker] DEBUG liquibase - master.changelog.json: migration/node-info.changelog-v1.xml::key/value node properties table::R3.Corda: Running Changeset:migration/node-info.changelog-v1.xml::key/value node properties table::R3.Corda
14:02:14.694 [Test worker] DEBUG liquibase - master.changelog.json: migration/node-info.changelog-v1.xml::key/value node properties table::R3.Corda: Changeset migration/node-info.changelog-v1.xml::key/value node properties table::R3.Corda
14:02:14.694 [Test worker] DEBUG liquibase - master.changelog.json: migration/node-info.changelog-v1.xml::key/value node properties table::R3.Corda: Reading ChangeSet: migration/node-info.changelog-v1.xml::key/value node properties table::R3.Corda
14:02:14.695 [Test worker] DEBUG liquibase - master.changelog.json: migration/node-info.changelog-v1.xml::key/value node properties table::R3.Corda: Executing Statement: liquibase.statement.core.CreateTableStatement@64810fdf
14:02:14.695 [Test worker] DEBUG liquibase - master.changelog.json: migration/node-info.changelog-v1.xml::key/value node properties table::R3.Corda: Executing EXECUTE database command: CREATE TABLE PUBLIC.node_properties (property_key NVARCHAR(255) NOT NULL, property_value NVARCHAR(255))
14:02:14.695 [Test worker] INFO liquibase - master.changelog.json: migration/node-info.changelog-v1.xml::key/value node properties table::R3.Corda: Table node_properties created
14:02:14.695 [Test worker] INFO liquibase - master.changelog.json: migration/node-info.changelog-v1.xml::key/value node properties table::R3.Corda: ChangeSet migration/node-info.changelog-v1.xml::key/value node properties table::R3.Corda ran successfully in 1ms
14:02:14.696 [Test worker] DEBUG liquibase - master.changelog.json: migration/node-info.changelog-v1.xml::key/value node properties table::R3.Corda: Executing EXECUTE database command: INSERT INTO PUBLIC.DATABASECHANGELOG (ID, AUTHOR, FILENAME, DATEEXECUTED, ORDEREXECUTED, MD5SUM, DESCRIPTION, COMMENTS, EXECTYPE, CONTEXTS, LABELS, LIQUIBASE, DEPLOYMENT_ID) VALUES ('key/value node properties table', 'R3.Corda', 'migration/node-info.changelog-v1.xml', NOW(), 39, '7:05241b402dd60a4e1eeb86ad6c5eff9e', 'createTable tableName=node_properties', '', 'EXECUTED', NULL, NULL, '3.5.4', '0860134438')
14:02:14.697 [Test worker] DEBUG liquibase - master.changelog.json: migration/node-info.changelog-v2.xml::1525962920::R3.Corda: Running Changeset:migration/node-info.changelog-v2.xml::1525962920::R3.Corda
14:02:14.697 [Test worker] DEBUG liquibase - master.changelog.json: migration/node-info.changelog-v2.xml::1525962920::R3.Corda: Changeset migration/node-info.changelog-v2.xml::1525962920::R3.Corda
14:02:14.698 [Test worker] DEBUG liquibase - master.changelog.json: migration/node-info.changelog-v2.xml::1525962920::R3.Corda: Reading ChangeSet: migration/node-info.changelog-v2.xml::1525962920::R3.Corda
14:02:14.698 [Test worker] DEBUG liquibase - master.changelog.json: migration/node-info.changelog-v2.xml::1525962920::R3.Corda: Executing Statement: liquibase.statement.core.SetNullableStatement@5fc36fb5
14:02:14.699 [Test worker] DEBUG liquibase - master.changelog.json: migration/node-info.changelog-v2.xml::1525962920::R3.Corda: Executing EXECUTE database command: ALTER TABLE PUBLIC.node_infos ALTER COLUMN node_info_hash SET NOT NULL
14:02:14.699 [Test worker] INFO liquibase - master.changelog.json: migration/node-info.changelog-v2.xml::1525962920::R3.Corda: Null constraint has been added to node_infos.node_info_hash
14:02:14.699 [Test worker] DEBUG liquibase - master.changelog.json: migration/node-info.changelog-v2.xml::1525962920::R3.Corda: Executing Statement: liquibase.statement.core.SetNullableStatement@47581bf
14:02:14.699 [Test worker] DEBUG liquibase - master.changelog.json: migration/node-info.changelog-v2.xml::1525962920::R3.Corda: Executing EXECUTE database command: ALTER TABLE PUBLIC.node_infos ALTER COLUMN platform_version SET NOT NULL
14:02:14.703 [Test worker] INFO liquibase - master.changelog.json: migration/node-info.changelog-v2.xml::1525962920::R3.Corda: Null constraint has been added to node_infos.platform_version
14:02:14.704 [Test worker] DEBUG liquibase - master.changelog.json: migration/node-info.changelog-v2.xml::1525962920::R3.Corda: Executing Statement: liquibase.statement.core.SetNullableStatement@433d1424
14:02:14.723 [Test worker] DEBUG liquibase - master.changelog.json: migration/node-info.changelog-v2.xml::1525962920::R3.Corda: Executing EXECUTE database command: ALTER TABLE PUBLIC.node_infos ALTER COLUMN serial SET NOT NULL
14:02:14.723 [Test worker] INFO liquibase - master.changelog.json: migration/node-info.changelog-v2.xml::1525962920::R3.Corda: Null constraint has been added to node_infos.serial
14:02:14.723 [Test worker] DEBUG liquibase - master.changelog.json: migration/node-info.changelog-v2.xml::1525962920::R3.Corda: Executing Statement: liquibase.statement.core.SetNullableStatement@140b97cc
14:02:14.724 [Test worker] DEBUG liquibase - master.changelog.json: migration/node-info.changelog-v2.xml::1525962920::R3.Corda: Executing EXECUTE database command: ALTER TABLE PUBLIC.node_info_hosts ALTER COLUMN host SET NULL
14:02:14.724 [Test worker] INFO liquibase - master.changelog.json: migration/node-info.changelog-v2.xml::1525962920::R3.Corda: Null constraint dropped from node_info_hosts.host
14:02:14.724 [Test worker] DEBUG liquibase - master.changelog.json: migration/node-info.changelog-v2.xml::1525962920::R3.Corda: Executing Statement: liquibase.statement.core.SetNullableStatement@289db2ee
14:02:14.724 [Test worker] DEBUG liquibase - master.changelog.json: migration/node-info.changelog-v2.xml::1525962920::R3.Corda: Executing EXECUTE database command: ALTER TABLE PUBLIC.node_info_hosts ALTER COLUMN port SET NULL
14:02:14.724 [Test worker] INFO liquibase - master.changelog.json: migration/node-info.changelog-v2.xml::1525962920::R3.Corda: Null constraint dropped from node_info_hosts.port
14:02:14.724 [Test worker] DEBUG liquibase - master.changelog.json: migration/node-info.changelog-v2.xml::1525962920::R3.Corda: Executing Statement: liquibase.statement.core.SetNullableStatement@32a0fed
14:02:14.724 [Test worker] DEBUG liquibase - master.changelog.json: migration/node-info.changelog-v2.xml::1525962920::R3.Corda: Executing EXECUTE database command: ALTER TABLE PUBLIC.node_info_party_cert ALTER COLUMN owning_key_hash SET NOT NULL
14:02:14.725 [Test worker] INFO liquibase - master.changelog.json: migration/node-info.changelog-v2.xml::1525962920::R3.Corda: Null constraint has been added to node_info_party_cert.owning_key_hash
14:02:14.725 [Test worker] DEBUG liquibase - master.changelog.json: migration/node-info.changelog-v2.xml::1525962920::R3.Corda: Executing Statement: liquibase.statement.core.SetNullableStatement@2b609f58
14:02:14.725 [Test worker] DEBUG liquibase - master.changelog.json: migration/node-info.changelog-v2.xml::1525962920::R3.Corda: Executing EXECUTE database command: ALTER TABLE PUBLIC.node_info_party_cert ALTER COLUMN party_cert_binary SET NOT NULL
14:02:14.726 [Test worker] INFO liquibase - master.changelog.json: migration/node-info.changelog-v2.xml::1525962920::R3.Corda: Null constraint has been added to node_info_party_cert.party_cert_binary
14:02:14.726 [Test worker] INFO liquibase - master.changelog.json: migration/node-info.changelog-v2.xml::1525962920::R3.Corda: ChangeSet migration/node-info.changelog-v2.xml::1525962920::R3.Corda ran successfully in 29ms
14:02:14.728 [Test worker] DEBUG liquibase - master.changelog.json: migration/node-info.changelog-v2.xml::1525962920::R3.Corda: Executing EXECUTE database command: INSERT INTO PUBLIC.DATABASECHANGELOG (ID, AUTHOR, FILENAME, DATEEXECUTED, ORDEREXECUTED, MD5SUM, DESCRIPTION, COMMENTS, EXECTYPE, CONTEXTS, LABELS, LIQUIBASE, DEPLOYMENT_ID) VALUES ('1525962920', 'R3.Corda', 'migration/node-info.changelog-v2.xml', NOW(), 40, '7:c3fd83668d5ed4acdefcad3f90944935', 'addNotNullConstraint columnName=node_info_hash, tableName=node_infos; addNotNullConstraint columnName=platform_version, tableName=node_infos; addNotNullConstraint columnName=serial, tableName=node_infos; dropNotNullConstraint columnName=host, tabl...', '', 'EXECUTED', NULL, NULL, '3.5.4', '0860134438')
14:02:14.728 [Test worker] DEBUG liquibase - master.changelog.json: migration/node-info.changelog-v3.xml::column_host_name::R3.Corda: Running Changeset:migration/node-info.changelog-v3.xml::column_host_name::R3.Corda
14:02:14.729 [Test worker] DEBUG liquibase - master.changelog.json: migration/node-info.changelog-v3.xml::column_host_name::R3.Corda: Changeset migration/node-info.changelog-v3.xml::column_host_name::R3.Corda
14:02:14.729 [Test worker] DEBUG liquibase - master.changelog.json: migration/node-info.changelog-v3.xml::column_host_name::R3.Corda: Reading ChangeSet: migration/node-info.changelog-v3.xml::column_host_name::R3.Corda
14:02:14.729 [Test worker] DEBUG liquibase - master.changelog.json: migration/node-info.changelog-v3.xml::column_host_name::R3.Corda: Executing Statement: liquibase.statement.core.RenameColumnStatement@9729887
14:02:14.729 [Test worker] DEBUG liquibase - master.changelog.json: migration/node-info.changelog-v3.xml::column_host_name::R3.Corda: Executing EXECUTE database command: ALTER TABLE PUBLIC.node_info_hosts ALTER COLUMN host RENAME TO host_name
14:02:14.729 [Test worker] INFO liquibase - master.changelog.json: migration/node-info.changelog-v3.xml::column_host_name::R3.Corda: Column node_info_hosts.host renamed to host_name
14:02:14.729 [Test worker] INFO liquibase - master.changelog.json: migration/node-info.changelog-v3.xml::column_host_name::R3.Corda: ChangeSet migration/node-info.changelog-v3.xml::column_host_name::R3.Corda ran successfully in 0ms
14:02:14.732 [Test worker] DEBUG liquibase - master.changelog.json: migration/node-info.changelog-v3.xml::column_host_name::R3.Corda: Executing EXECUTE database command: INSERT INTO PUBLIC.DATABASECHANGELOG (ID, AUTHOR, FILENAME, DATEEXECUTED, ORDEREXECUTED, MD5SUM, DESCRIPTION, COMMENTS, EXECTYPE, CONTEXTS, LABELS, LIQUIBASE, DEPLOYMENT_ID) VALUES ('column_host_name', 'R3.Corda', 'migration/node-info.changelog-v3.xml', NOW(), 41, '7:fc4ceb3b82e44070da1fff49a7b5cccb', 'renameColumn newColumnName=host_name, oldColumnName=host, tableName=node_info_hosts', '', 'EXECUTED', NULL, NULL, '3.5.4', '0860134438')
14:02:14.733 [Test worker] DEBUG liquibase - master.changelog.json: migration/node-services.changelog-init.xml::1511451595465-5::R3.Corda: Running Changeset:migration/node-services.changelog-init.xml::1511451595465-5::R3.Corda
14:02:14.733 [Test worker] DEBUG liquibase - master.changelog.json: migration/node-services.changelog-init.xml::1511451595465-5::R3.Corda: Changeset migration/node-services.changelog-init.xml::1511451595465-5::R3.Corda
14:02:14.733 [Test worker] DEBUG liquibase - master.changelog.json: migration/node-services.changelog-init.xml::1511451595465-5::R3.Corda: Reading ChangeSet: migration/node-services.changelog-init.xml::1511451595465-5::R3.Corda
14:02:14.733 [Test worker] DEBUG liquibase - master.changelog.json: migration/node-services.changelog-init.xml::1511451595465-5::R3.Corda: Executing Statement: liquibase.statement.core.CreateTableStatement@25cb1e4c
14:02:14.737 [Test worker] DEBUG liquibase - master.changelog.json: migration/node-services.changelog-init.xml::1511451595465-5::R3.Corda: Executing EXECUTE database command: CREATE TABLE PUBLIC.node_attachments (att_id NVARCHAR(255) NOT NULL, content BLOB, filename NVARCHAR(255), insertion_date TIMESTAMP NOT NULL, uploader NVARCHAR(255))
14:02:14.739 [Test worker] INFO liquibase - master.changelog.json: migration/node-services.changelog-init.xml::1511451595465-5::R3.Corda: Table node_attachments created
14:02:14.739 [Test worker] INFO liquibase - master.changelog.json: migration/node-services.changelog-init.xml::1511451595465-5::R3.Corda: ChangeSet migration/node-services.changelog-init.xml::1511451595465-5::R3.Corda ran successfully in 6ms
14:02:14.742 [Test worker] DEBUG liquibase - master.changelog.json: migration/node-services.changelog-init.xml::1511451595465-5::R3.Corda: Executing EXECUTE database command: INSERT INTO PUBLIC.DATABASECHANGELOG (ID, AUTHOR, FILENAME, DATEEXECUTED, ORDEREXECUTED, MD5SUM, DESCRIPTION, COMMENTS, EXECTYPE, CONTEXTS, LABELS, LIQUIBASE, DEPLOYMENT_ID) VALUES ('1511451595465-5', 'R3.Corda', 'migration/node-services.changelog-init.xml', NOW(), 42, '7:464a5bbaf24fe78716c38c544dc81f3c', 'createTable tableName=node_attachments', '', 'EXECUTED', NULL, NULL, '3.5.4', '0860134438')
14:02:14.742 [Test worker] DEBUG liquibase - master.changelog.json: migration/node-services.changelog-init.xml::1511451595465-7::R3.Corda: Running Changeset:migration/node-services.changelog-init.xml::1511451595465-7::R3.Corda
14:02:14.743 [Test worker] DEBUG liquibase - master.changelog.json: migration/node-services.changelog-init.xml::1511451595465-7::R3.Corda: Changeset migration/node-services.changelog-init.xml::1511451595465-7::R3.Corda
14:02:14.743 [Test worker] DEBUG liquibase - master.changelog.json: migration/node-services.changelog-init.xml::1511451595465-7::R3.Corda: Reading ChangeSet: migration/node-services.changelog-init.xml::1511451595465-7::R3.Corda
14:02:14.743 [Test worker] DEBUG liquibase - master.changelog.json: migration/node-services.changelog-init.xml::1511451595465-7::R3.Corda: Executing Statement: liquibase.statement.core.CreateTableStatement@1c9f81c
14:02:14.743 [Test worker] DEBUG liquibase - master.changelog.json: migration/node-services.changelog-init.xml::1511451595465-7::R3.Corda: Executing EXECUTE database command: CREATE TABLE PUBLIC.node_checkpoints (checkpoint_id NVARCHAR(64) NOT NULL, checkpoint_value BLOB)
14:02:14.743 [Test worker] INFO liquibase - master.changelog.json: migration/node-services.changelog-init.xml::1511451595465-7::R3.Corda: Table node_checkpoints created
14:02:14.743 [Test worker] INFO liquibase - master.changelog.json: migration/node-services.changelog-init.xml::1511451595465-7::R3.Corda: ChangeSet migration/node-services.changelog-init.xml::1511451595465-7::R3.Corda ran successfully in 1ms
14:02:14.745 [Test worker] DEBUG liquibase - master.changelog.json: migration/node-services.changelog-init.xml::1511451595465-7::R3.Corda: Executing EXECUTE database command: INSERT INTO PUBLIC.DATABASECHANGELOG (ID, AUTHOR, FILENAME, DATEEXECUTED, ORDEREXECUTED, MD5SUM, DESCRIPTION, COMMENTS, EXECTYPE, CONTEXTS, LABELS, LIQUIBASE, DEPLOYMENT_ID) VALUES ('1511451595465-7', 'R3.Corda', 'migration/node-services.changelog-init.xml', NOW(), 43, '7:2870aa3a468e81bab1cd24ac70ca2163', 'createTable tableName=node_checkpoints', '', 'EXECUTED', NULL, NULL, '3.5.4', '0860134438')
14:02:14.745 [Test worker] DEBUG liquibase - master.changelog.json: migration/node-services.changelog-init.xml::1511451595465-8::R3.Corda: Running Changeset:migration/node-services.changelog-init.xml::1511451595465-8::R3.Corda
14:02:14.745 [Test worker] DEBUG liquibase - master.changelog.json: migration/node-services.changelog-init.xml::1511451595465-8::R3.Corda: Changeset migration/node-services.changelog-init.xml::1511451595465-8::R3.Corda
14:02:14.746 [Test worker] DEBUG liquibase - master.changelog.json: migration/node-services.changelog-init.xml::1511451595465-8::R3.Corda: Reading ChangeSet: migration/node-services.changelog-init.xml::1511451595465-8::R3.Corda
14:02:14.746 [Test worker] DEBUG liquibase - master.changelog.json: migration/node-services.changelog-init.xml::1511451595465-8::R3.Corda: Executing Statement: liquibase.statement.core.CreateTableStatement@604db1ca
14:02:14.746 [Test worker] DEBUG liquibase - master.changelog.json: migration/node-services.changelog-init.xml::1511451595465-8::R3.Corda: Executing EXECUTE database command: CREATE TABLE PUBLIC.node_contract_upgrades (state_ref NVARCHAR(96) NOT NULL, contract_class_name NVARCHAR(255))
14:02:14.747 [Test worker] INFO liquibase - master.changelog.json: migration/node-services.changelog-init.xml::1511451595465-8::R3.Corda: Table node_contract_upgrades created
14:02:14.747 [Test worker] INFO liquibase - master.changelog.json: migration/node-services.changelog-init.xml::1511451595465-8::R3.Corda: ChangeSet migration/node-services.changelog-init.xml::1511451595465-8::R3.Corda ran successfully in 2ms
14:02:14.748 [Test worker] DEBUG liquibase - master.changelog.json: migration/node-services.changelog-init.xml::1511451595465-8::R3.Corda: Executing EXECUTE database command: INSERT INTO PUBLIC.DATABASECHANGELOG (ID, AUTHOR, FILENAME, DATEEXECUTED, ORDEREXECUTED, MD5SUM, DESCRIPTION, COMMENTS, EXECTYPE, CONTEXTS, LABELS, LIQUIBASE, DEPLOYMENT_ID) VALUES ('1511451595465-8', 'R3.Corda', 'migration/node-services.changelog-init.xml', NOW(), 44, '7:bf156b1c48e915e7d8090d5162e31c02', 'createTable tableName=node_contract_upgrades', '', 'EXECUTED', NULL, NULL, '3.5.4', '0860134438')
14:02:14.749 [Test worker] DEBUG liquibase - master.changelog.json: migration/node-services.changelog-init.xml::1511451595465-9::R3.Corda: Running Changeset:migration/node-services.changelog-init.xml::1511451595465-9::R3.Corda
14:02:14.749 [Test worker] DEBUG liquibase - master.changelog.json: migration/node-services.changelog-init.xml::1511451595465-9::R3.Corda: Changeset migration/node-services.changelog-init.xml::1511451595465-9::R3.Corda
14:02:14.749 [Test worker] DEBUG liquibase - master.changelog.json: migration/node-services.changelog-init.xml::1511451595465-9::R3.Corda: Reading ChangeSet: migration/node-services.changelog-init.xml::1511451595465-9::R3.Corda
14:02:14.749 [Test worker] DEBUG liquibase - master.changelog.json: migration/node-services.changelog-init.xml::1511451595465-9::R3.Corda: Executing Statement: liquibase.statement.core.CreateTableStatement@558484df
14:02:14.750 [Test worker] DEBUG liquibase - master.changelog.json: migration/node-services.changelog-init.xml::1511451595465-9::R3.Corda: Executing EXECUTE database command: CREATE TABLE PUBLIC.node_identities (pk_hash NVARCHAR(130) NOT NULL, identity_value BLOB)
14:02:14.750 [Test worker] INFO liquibase - master.changelog.json: migration/node-services.changelog-init.xml::1511451595465-9::R3.Corda: Table node_identities created
14:02:14.750 [Test worker] INFO liquibase - master.changelog.json: migration/node-services.changelog-init.xml::1511451595465-9::R3.Corda: ChangeSet migration/node-services.changelog-init.xml::1511451595465-9::R3.Corda ran successfully in 1ms
14:02:14.751 [Test worker] DEBUG liquibase - master.changelog.json: migration/node-services.changelog-init.xml::1511451595465-9::R3.Corda: Executing EXECUTE database command: INSERT INTO PUBLIC.DATABASECHANGELOG (ID, AUTHOR, FILENAME, DATEEXECUTED, ORDEREXECUTED, MD5SUM, DESCRIPTION, COMMENTS, EXECTYPE, CONTEXTS, LABELS, LIQUIBASE, DEPLOYMENT_ID) VALUES ('1511451595465-9', 'R3.Corda', 'migration/node-services.changelog-init.xml', NOW(), 45, '7:ea04cf1cc4ea1112c4cbbf932bc51c56', 'createTable tableName=node_identities', '', 'EXECUTED', NULL, NULL, '3.5.4', '0860134438')
14:02:14.752 [Test worker] DEBUG liquibase - master.changelog.json: migration/node-services.changelog-init.xml::1511451595465-13::R3.Corda: Running Changeset:migration/node-services.changelog-init.xml::1511451595465-13::R3.Corda
14:02:14.752 [Test worker] DEBUG liquibase - master.changelog.json: migration/node-services.changelog-init.xml::1511451595465-13::R3.Corda: Changeset migration/node-services.changelog-init.xml::1511451595465-13::R3.Corda
14:02:14.752 [Test worker] DEBUG liquibase - master.changelog.json: migration/node-services.changelog-init.xml::1511451595465-13::R3.Corda: Reading ChangeSet: migration/node-services.changelog-init.xml::1511451595465-13::R3.Corda
14:02:14.753 [Test worker] DEBUG liquibase - master.changelog.json: migration/node-services.changelog-init.xml::1511451595465-13::R3.Corda: Executing Statement: liquibase.statement.core.CreateTableStatement@3402f968
14:02:14.753 [Test worker] DEBUG liquibase - master.changelog.json: migration/node-services.changelog-init.xml::1511451595465-13::R3.Corda: Executing EXECUTE database command: CREATE TABLE PUBLIC.node_message_ids (message_id NVARCHAR(64) NOT NULL, insertion_time TIMESTAMP)
14:02:14.755 [Test worker] INFO liquibase - master.changelog.json: migration/node-services.changelog-init.xml::1511451595465-13::R3.Corda: Table node_message_ids created
14:02:14.755 [Test worker] INFO liquibase - master.changelog.json: migration/node-services.changelog-init.xml::1511451595465-13::R3.Corda: ChangeSet migration/node-services.changelog-init.xml::1511451595465-13::R3.Corda ran successfully in 3ms
14:02:14.758 [Test worker] DEBUG liquibase - master.changelog.json: migration/node-services.changelog-init.xml::1511451595465-13::R3.Corda: Executing EXECUTE database command: INSERT INTO PUBLIC.DATABASECHANGELOG (ID, AUTHOR, FILENAME, DATEEXECUTED, ORDEREXECUTED, MD5SUM, DESCRIPTION, COMMENTS, EXECTYPE, CONTEXTS, LABELS, LIQUIBASE, DEPLOYMENT_ID) VALUES ('1511451595465-13', 'R3.Corda', 'migration/node-services.changelog-init.xml', NOW(), 46, '7:340ca6c0b7c87b663b0449535b082f80', 'createTable tableName=node_message_ids', '', 'EXECUTED', NULL, NULL, '3.5.4', '0860134438')
14:02:14.758 [Test worker] DEBUG liquibase - master.changelog.json: migration/node-services.changelog-init.xml::1511451595465-14::R3.Corda: Running Changeset:migration/node-services.changelog-init.xml::1511451595465-14::R3.Corda
14:02:14.758 [Test worker] DEBUG liquibase - master.changelog.json: migration/node-services.changelog-init.xml::1511451595465-14::R3.Corda: Changeset migration/node-services.changelog-init.xml::1511451595465-14::R3.Corda
14:02:14.759 [Test worker] DEBUG liquibase - master.changelog.json: migration/node-services.changelog-init.xml::1511451595465-14::R3.Corda: Reading ChangeSet: migration/node-services.changelog-init.xml::1511451595465-14::R3.Corda
14:02:14.760 [Test worker] DEBUG liquibase - master.changelog.json: migration/node-services.changelog-init.xml::1511451595465-14::R3.Corda: Executing Statement: liquibase.statement.core.CreateTableStatement@303c257a
14:02:14.760 [Test worker] DEBUG liquibase - master.changelog.json: migration/node-services.changelog-init.xml::1511451595465-14::R3.Corda: Executing EXECUTE database command: CREATE TABLE PUBLIC.node_message_retry (message_id BIGINT NOT NULL, message BLOB, recipients BLOB)
14:02:14.761 [Test worker] INFO liquibase - master.changelog.json: migration/node-services.changelog-init.xml::1511451595465-14::R3.Corda: Table node_message_retry created
14:02:14.761 [Test worker] INFO liquibase - master.changelog.json: migration/node-services.changelog-init.xml::1511451595465-14::R3.Corda: ChangeSet migration/node-services.changelog-init.xml::1511451595465-14::R3.Corda ran successfully in 3ms
14:02:14.762 [Test worker] DEBUG liquibase - master.changelog.json: migration/node-services.changelog-init.xml::1511451595465-14::R3.Corda: Executing EXECUTE database command: INSERT INTO PUBLIC.DATABASECHANGELOG (ID, AUTHOR, FILENAME, DATEEXECUTED, ORDEREXECUTED, MD5SUM, DESCRIPTION, COMMENTS, EXECTYPE, CONTEXTS, LABELS, LIQUIBASE, DEPLOYMENT_ID) VALUES ('1511451595465-14', 'R3.Corda', 'migration/node-services.changelog-init.xml', NOW(), 47, '7:1dc64c73807569fb04c10a9b2d760ff0', 'createTable tableName=node_message_retry', '', 'EXECUTED', NULL, NULL, '3.5.4', '0860134438')
14:02:14.763 [Test worker] DEBUG liquibase - master.changelog.json: migration/node-services.changelog-init.xml::1511451595465-15::R3.Corda: Running Changeset:migration/node-services.changelog-init.xml::1511451595465-15::R3.Corda
14:02:14.763 [Test worker] DEBUG liquibase - master.changelog.json: migration/node-services.changelog-init.xml::1511451595465-15::R3.Corda: Changeset migration/node-services.changelog-init.xml::1511451595465-15::R3.Corda
14:02:14.763 [Test worker] DEBUG liquibase - master.changelog.json: migration/node-services.changelog-init.xml::1511451595465-15::R3.Corda: Reading ChangeSet: migration/node-services.changelog-init.xml::1511451595465-15::R3.Corda
14:02:14.764 [Test worker] DEBUG liquibase - master.changelog.json: migration/node-services.changelog-init.xml::1511451595465-15::R3.Corda: Executing Statement: liquibase.statement.core.CreateTableStatement@34faa86c
14:02:14.764 [Test worker] DEBUG liquibase - master.changelog.json: migration/node-services.changelog-init.xml::1511451595465-15::R3.Corda: Executing EXECUTE database command: CREATE TABLE PUBLIC.node_named_identities (name NVARCHAR(128) NOT NULL, pk_hash NVARCHAR(130))
14:02:14.764 [Test worker] INFO liquibase - master.changelog.json: migration/node-services.changelog-init.xml::1511451595465-15::R3.Corda: Table node_named_identities created
14:02:14.764 [Test worker] INFO liquibase - master.changelog.json: migration/node-services.changelog-init.xml::1511451595465-15::R3.Corda: ChangeSet migration/node-services.changelog-init.xml::1511451595465-15::R3.Corda ran successfully in 1ms
14:02:14.766 [Test worker] DEBUG liquibase - master.changelog.json: migration/node-services.changelog-init.xml::1511451595465-15::R3.Corda: Executing EXECUTE database command: INSERT INTO PUBLIC.DATABASECHANGELOG (ID, AUTHOR, FILENAME, DATEEXECUTED, ORDEREXECUTED, MD5SUM, DESCRIPTION, COMMENTS, EXECTYPE, CONTEXTS, LABELS, LIQUIBASE, DEPLOYMENT_ID) VALUES ('1511451595465-15', 'R3.Corda', 'migration/node-services.changelog-init.xml', NOW(), 48, '7:108b7d395f7fb3cfc8ce4e364c4008a5', 'createTable tableName=node_named_identities', '', 'EXECUTED', NULL, NULL, '3.5.4', '0860134438')
14:02:14.767 [Test worker] DEBUG liquibase - master.changelog.json: migration/node-services.changelog-init.xml::1511451595465-17::R3.Corda: Running Changeset:migration/node-services.changelog-init.xml::1511451595465-17::R3.Corda
14:02:14.767 [Test worker] DEBUG liquibase - master.changelog.json: migration/node-services.changelog-init.xml::1511451595465-17::R3.Corda: Changeset migration/node-services.changelog-init.xml::1511451595465-17::R3.Corda
14:02:14.767 [Test worker] DEBUG liquibase - master.changelog.json: migration/node-services.changelog-init.xml::1511451595465-17::R3.Corda: Reading ChangeSet: migration/node-services.changelog-init.xml::1511451595465-17::R3.Corda
14:02:14.767 [Test worker] DEBUG liquibase - master.changelog.json: migration/node-services.changelog-init.xml::1511451595465-17::R3.Corda: Executing Statement: liquibase.statement.core.CreateTableStatement@5e93fd52
14:02:14.767 [Test worker] DEBUG liquibase - master.changelog.json: migration/node-services.changelog-init.xml::1511451595465-17::R3.Corda: Executing EXECUTE database command: CREATE TABLE PUBLIC.node_our_key_pairs (public_key_hash NVARCHAR(130) NOT NULL, private_key BLOB, public_key BLOB)
14:02:14.767 [Test worker] INFO liquibase - master.changelog.json: migration/node-services.changelog-init.xml::1511451595465-17::R3.Corda: Table node_our_key_pairs created
14:02:14.767 [Test worker] INFO liquibase - master.changelog.json: migration/node-services.changelog-init.xml::1511451595465-17::R3.Corda: ChangeSet migration/node-services.changelog-init.xml::1511451595465-17::R3.Corda ran successfully in 0ms
14:02:14.768 [Test worker] DEBUG liquibase - master.changelog.json: migration/node-services.changelog-init.xml::1511451595465-17::R3.Corda: Executing EXECUTE database command: INSERT INTO PUBLIC.DATABASECHANGELOG (ID, AUTHOR, FILENAME, DATEEXECUTED, ORDEREXECUTED, MD5SUM, DESCRIPTION, COMMENTS, EXECTYPE, CONTEXTS, LABELS, LIQUIBASE, DEPLOYMENT_ID) VALUES ('1511451595465-17', 'R3.Corda', 'migration/node-services.changelog-init.xml', NOW(), 49, '7:a8b4ae7170f56f1df8a23b530bef4dd1', 'createTable tableName=node_our_key_pairs', '', 'EXECUTED', NULL, NULL, '3.5.4', '0860134438')
14:02:14.769 [Test worker] DEBUG liquibase - master.changelog.json: migration/node-services.changelog-init.xml::1511451595465-19::R3.Corda: Running Changeset:migration/node-services.changelog-init.xml::1511451595465-19::R3.Corda
14:02:14.769 [Test worker] DEBUG liquibase - master.changelog.json: migration/node-services.changelog-init.xml::1511451595465-19::R3.Corda: Changeset migration/node-services.changelog-init.xml::1511451595465-19::R3.Corda
14:02:14.769 [Test worker] DEBUG liquibase - master.changelog.json: migration/node-services.changelog-init.xml::1511451595465-19::R3.Corda: Reading ChangeSet: migration/node-services.changelog-init.xml::1511451595465-19::R3.Corda
14:02:14.769 [Test worker] DEBUG liquibase - master.changelog.json: migration/node-services.changelog-init.xml::1511451595465-19::R3.Corda: Executing Statement: liquibase.statement.core.CreateTableStatement@7a8a8868
14:02:14.770 [Test worker] DEBUG liquibase - master.changelog.json: migration/node-services.changelog-init.xml::1511451595465-19::R3.Corda: Executing EXECUTE database command: CREATE TABLE PUBLIC.node_scheduled_states (output_index INT NOT NULL, transaction_id NVARCHAR(64) NOT NULL, scheduled_at TIMESTAMP NOT NULL)
14:02:14.770 [Test worker] INFO liquibase - master.changelog.json: migration/node-services.changelog-init.xml::1511451595465-19::R3.Corda: Table node_scheduled_states created
14:02:14.770 [Test worker] INFO liquibase - master.changelog.json: migration/node-services.changelog-init.xml::1511451595465-19::R3.Corda: ChangeSet migration/node-services.changelog-init.xml::1511451595465-19::R3.Corda ran successfully in 1ms
14:02:14.771 [Test worker] DEBUG liquibase - master.changelog.json: migration/node-services.changelog-init.xml::1511451595465-19::R3.Corda: Executing EXECUTE database command: INSERT INTO PUBLIC.DATABASECHANGELOG (ID, AUTHOR, FILENAME, DATEEXECUTED, ORDEREXECUTED, MD5SUM, DESCRIPTION, COMMENTS, EXECTYPE, CONTEXTS, LABELS, LIQUIBASE, DEPLOYMENT_ID) VALUES ('1511451595465-19', 'R3.Corda', 'migration/node-services.changelog-init.xml', NOW(), 50, '7:2aaf3df7bdbea9c71aa8bea4e14f11ef', 'createTable tableName=node_scheduled_states', '', 'EXECUTED', NULL, NULL, '3.5.4', '0860134438')
14:02:14.772 [Test worker] DEBUG liquibase - master.changelog.json: migration/node-services.changelog-init.xml::1511451595465-20::R3.Corda: Running Changeset:migration/node-services.changelog-init.xml::1511451595465-20::R3.Corda
14:02:14.772 [Test worker] DEBUG liquibase - master.changelog.json: migration/node-services.changelog-init.xml::1511451595465-20::R3.Corda: Changeset migration/node-services.changelog-init.xml::1511451595465-20::R3.Corda
14:02:14.778 [Test worker] DEBUG liquibase - master.changelog.json: migration/node-services.changelog-init.xml::1511451595465-20::R3.Corda: Reading ChangeSet: migration/node-services.changelog-init.xml::1511451595465-20::R3.Corda
14:02:14.778 [Test worker] DEBUG liquibase - master.changelog.json: migration/node-services.changelog-init.xml::1511451595465-20::R3.Corda: Executing Statement: liquibase.statement.core.CreateTableStatement@1b85ed90
14:02:14.778 [Test worker] DEBUG liquibase - master.changelog.json: migration/node-services.changelog-init.xml::1511451595465-20::R3.Corda: Executing EXECUTE database command: CREATE TABLE PUBLIC.node_transaction_mappings (tx_id NVARCHAR(64) NOT NULL, state_machine_run_id NVARCHAR(36))
14:02:14.779 [Test worker] INFO liquibase - master.changelog.json: migration/node-services.changelog-init.xml::1511451595465-20::R3.Corda: Table node_transaction_mappings created
14:02:14.779 [Test worker] INFO liquibase - master.changelog.json: migration/node-services.changelog-init.xml::1511451595465-20::R3.Corda: ChangeSet migration/node-services.changelog-init.xml::1511451595465-20::R3.Corda ran successfully in 7ms
14:02:14.780 [Test worker] DEBUG liquibase - master.changelog.json: migration/node-services.changelog-init.xml::1511451595465-20::R3.Corda: Executing EXECUTE database command: INSERT INTO PUBLIC.DATABASECHANGELOG (ID, AUTHOR, FILENAME, DATEEXECUTED, ORDEREXECUTED, MD5SUM, DESCRIPTION, COMMENTS, EXECTYPE, CONTEXTS, LABELS, LIQUIBASE, DEPLOYMENT_ID) VALUES ('1511451595465-20', 'R3.Corda', 'migration/node-services.changelog-init.xml', NOW(), 51, '7:f003464d28fe934c636b24e7c72d9c27', 'createTable tableName=node_transaction_mappings', '', 'EXECUTED', NULL, NULL, '3.5.4', '0860134438')
14:02:14.789 [Test worker] DEBUG liquibase - master.changelog.json: migration/node-services.changelog-init.xml::1511451595465-21::R3.Corda: Running Changeset:migration/node-services.changelog-init.xml::1511451595465-21::R3.Corda
14:02:14.789 [Test worker] DEBUG liquibase - master.changelog.json: migration/node-services.changelog-init.xml::1511451595465-21::R3.Corda: Changeset migration/node-services.changelog-init.xml::1511451595465-21::R3.Corda
14:02:14.789 [Test worker] DEBUG liquibase - master.changelog.json: migration/node-services.changelog-init.xml::1511451595465-21::R3.Corda: Reading ChangeSet: migration/node-services.changelog-init.xml::1511451595465-21::R3.Corda
14:02:14.789 [Test worker] DEBUG liquibase - master.changelog.json: migration/node-services.changelog-init.xml::1511451595465-21::R3.Corda: Executing Statement: liquibase.statement.core.CreateTableStatement@786085a7
14:02:14.790 [Test worker] DEBUG liquibase - master.changelog.json: migration/node-services.changelog-init.xml::1511451595465-21::R3.Corda: Executing EXECUTE database command: CREATE TABLE PUBLIC.node_transactions (tx_id NVARCHAR(64) NOT NULL, transaction_value BLOB)
14:02:14.790 [Test worker] INFO liquibase - master.changelog.json: migration/node-services.changelog-init.xml::1511451595465-21::R3.Corda: Table node_transactions created
14:02:14.790 [Test worker] INFO liquibase - master.changelog.json: migration/node-services.changelog-init.xml::1511451595465-21::R3.Corda: ChangeSet migration/node-services.changelog-init.xml::1511451595465-21::R3.Corda ran successfully in 1ms
14:02:14.791 [Test worker] DEBUG liquibase - master.changelog.json: migration/node-services.changelog-init.xml::1511451595465-21::R3.Corda: Executing EXECUTE database command: INSERT INTO PUBLIC.DATABASECHANGELOG (ID, AUTHOR, FILENAME, DATEEXECUTED, ORDEREXECUTED, MD5SUM, DESCRIPTION, COMMENTS, EXECTYPE, CONTEXTS, LABELS, LIQUIBASE, DEPLOYMENT_ID) VALUES ('1511451595465-21', 'R3.Corda', 'migration/node-services.changelog-init.xml', NOW(), 52, '7:8b167e9074e47be66c742aec5661b5d1', 'createTable tableName=node_transactions', '', 'EXECUTED', NULL, NULL, '3.5.4', '0860134438')
14:02:14.792 [Test worker] DEBUG liquibase - master.changelog.json: migration/node-services.changelog-init.xml::1511451595465-30::R3.Corda: Running Changeset:migration/node-services.changelog-init.xml::1511451595465-30::R3.Corda
14:02:14.792 [Test worker] DEBUG liquibase - master.changelog.json: migration/node-services.changelog-init.xml::1511451595465-30::R3.Corda: Changeset migration/node-services.changelog-init.xml::1511451595465-30::R3.Corda
14:02:14.792 [Test worker] DEBUG liquibase - master.changelog.json: migration/node-services.changelog-init.xml::1511451595465-30::R3.Corda: Reading ChangeSet: migration/node-services.changelog-init.xml::1511451595465-30::R3.Corda
14:02:14.792 [Test worker] DEBUG liquibase - master.changelog.json: migration/node-services.changelog-init.xml::1511451595465-30::R3.Corda: Executing Statement: liquibase.statement.core.AddPrimaryKeyStatement@4c125d9b
14:02:14.792 [Test worker] DEBUG liquibase - master.changelog.json: migration/node-services.changelog-init.xml::1511451595465-30::R3.Corda: Executing EXECUTE database command: ALTER TABLE PUBLIC.node_attachments ADD CONSTRAINT node_attachments_pkey PRIMARY KEY (att_id)
14:02:14.793 [Test worker] INFO liquibase - master.changelog.json: migration/node-services.changelog-init.xml::1511451595465-30::R3.Corda: Primary key added to node_attachments (att_id)
14:02:14.793 [Test worker] INFO liquibase - master.changelog.json: migration/node-services.changelog-init.xml::1511451595465-30::R3.Corda: ChangeSet migration/node-services.changelog-init.xml::1511451595465-30::R3.Corda ran successfully in 1ms
14:02:14.799 [Test worker] DEBUG liquibase - master.changelog.json: migration/node-services.changelog-init.xml::1511451595465-30::R3.Corda: Executing EXECUTE database command: INSERT INTO PUBLIC.DATABASECHANGELOG (ID, AUTHOR, FILENAME, DATEEXECUTED, ORDEREXECUTED, MD5SUM, DESCRIPTION, COMMENTS, EXECTYPE, CONTEXTS, LABELS, LIQUIBASE, DEPLOYMENT_ID) VALUES ('1511451595465-30', 'R3.Corda', 'migration/node-services.changelog-init.xml', NOW(), 53, '7:4aa12646e41346c10ae1d18b43468b3e', 'addPrimaryKey constraintName=node_attachments_pkey, tableName=node_attachments', '', 'EXECUTED', NULL, NULL, '3.5.4', '0860134438')
14:02:14.801 [Test worker] DEBUG liquibase - master.changelog.json: migration/node-services.changelog-init.xml::1511451595465-32::R3.Corda: Running Changeset:migration/node-services.changelog-init.xml::1511451595465-32::R3.Corda
14:02:14.801 [Test worker] DEBUG liquibase - master.changelog.json: migration/node-services.changelog-init.xml::1511451595465-32::R3.Corda: Changeset migration/node-services.changelog-init.xml::1511451595465-32::R3.Corda
14:02:14.801 [Test worker] DEBUG liquibase - master.changelog.json: migration/node-services.changelog-init.xml::1511451595465-32::R3.Corda: Reading ChangeSet: migration/node-services.changelog-init.xml::1511451595465-32::R3.Corda
14:02:14.801 [Test worker] DEBUG liquibase - master.changelog.json: migration/node-services.changelog-init.xml::1511451595465-32::R3.Corda: Executing Statement: liquibase.statement.core.AddPrimaryKeyStatement@33a6418b
14:02:14.802 [Test worker] DEBUG liquibase - master.changelog.json: migration/node-services.changelog-init.xml::1511451595465-32::R3.Corda: Executing EXECUTE database command: ALTER TABLE PUBLIC.node_checkpoints ADD CONSTRAINT node_checkpoints_pkey PRIMARY KEY (checkpoint_id)
14:02:14.802 [Test worker] INFO liquibase - master.changelog.json: migration/node-services.changelog-init.xml::1511451595465-32::R3.Corda: Primary key added to node_checkpoints (checkpoint_id)
14:02:14.802 [Test worker] INFO liquibase - master.changelog.json: migration/node-services.changelog-init.xml::1511451595465-32::R3.Corda: ChangeSet migration/node-services.changelog-init.xml::1511451595465-32::R3.Corda ran successfully in 1ms
14:02:14.805 [Test worker] DEBUG liquibase - master.changelog.json: migration/node-services.changelog-init.xml::1511451595465-32::R3.Corda: Executing EXECUTE database command: INSERT INTO PUBLIC.DATABASECHANGELOG (ID, AUTHOR, FILENAME, DATEEXECUTED, ORDEREXECUTED, MD5SUM, DESCRIPTION, COMMENTS, EXECTYPE, CONTEXTS, LABELS, LIQUIBASE, DEPLOYMENT_ID) VALUES ('1511451595465-32', 'R3.Corda', 'migration/node-services.changelog-init.xml', NOW(), 54, '7:fa0f2ed27615a3fd2b799bb27b447a36', 'addPrimaryKey constraintName=node_checkpoints_pkey, tableName=node_checkpoints', '', 'EXECUTED', NULL, NULL, '3.5.4', '0860134438')
14:02:14.805 [Test worker] DEBUG liquibase - master.changelog.json: migration/node-services.changelog-init.xml::1511451595465-33::R3.Corda: Running Changeset:migration/node-services.changelog-init.xml::1511451595465-33::R3.Corda
14:02:14.805 [Test worker] DEBUG liquibase - master.changelog.json: migration/node-services.changelog-init.xml::1511451595465-33::R3.Corda: Changeset migration/node-services.changelog-init.xml::1511451595465-33::R3.Corda
14:02:14.806 [Test worker] DEBUG liquibase - master.changelog.json: migration/node-services.changelog-init.xml::1511451595465-33::R3.Corda: Reading ChangeSet: migration/node-services.changelog-init.xml::1511451595465-33::R3.Corda
14:02:14.806 [Test worker] DEBUG liquibase - master.changelog.json: migration/node-services.changelog-init.xml::1511451595465-33::R3.Corda: Executing Statement: liquibase.statement.core.AddPrimaryKeyStatement@4a527f5f
14:02:14.806 [Test worker] DEBUG liquibase - master.changelog.json: migration/node-services.changelog-init.xml::1511451595465-33::R3.Corda: Executing EXECUTE database command: ALTER TABLE PUBLIC.node_contract_upgrades ADD CONSTRAINT node_contract_upgrades_pkey PRIMARY KEY (state_ref)
14:02:14.807 [Test worker] INFO liquibase - master.changelog.json: migration/node-services.changelog-init.xml::1511451595465-33::R3.Corda: Primary key added to node_contract_upgrades (state_ref)
14:02:14.807 [Test worker] INFO liquibase - master.changelog.json: migration/node-services.changelog-init.xml::1511451595465-33::R3.Corda: ChangeSet migration/node-services.changelog-init.xml::1511451595465-33::R3.Corda ran successfully in 2ms
14:02:14.808 [Test worker] DEBUG liquibase - master.changelog.json: migration/node-services.changelog-init.xml::1511451595465-33::R3.Corda: Executing EXECUTE database command: INSERT INTO PUBLIC.DATABASECHANGELOG (ID, AUTHOR, FILENAME, DATEEXECUTED, ORDEREXECUTED, MD5SUM, DESCRIPTION, COMMENTS, EXECTYPE, CONTEXTS, LABELS, LIQUIBASE, DEPLOYMENT_ID) VALUES ('1511451595465-33', 'R3.Corda', 'migration/node-services.changelog-init.xml', NOW(), 55, '7:37e38ccee8d375f364abca393727eec7', 'addPrimaryKey constraintName=node_contract_upgrades_pkey, tableName=node_contract_upgrades', '', 'EXECUTED', NULL, NULL, '3.5.4', '0860134438')
14:02:14.809 [Test worker] DEBUG liquibase - master.changelog.json: migration/node-services.changelog-init.xml::1511451595465-34::R3.Corda: Running Changeset:migration/node-services.changelog-init.xml::1511451595465-34::R3.Corda
14:02:14.809 [Test worker] DEBUG liquibase - master.changelog.json: migration/node-services.changelog-init.xml::1511451595465-34::R3.Corda: Changeset migration/node-services.changelog-init.xml::1511451595465-34::R3.Corda
14:02:14.809 [Test worker] DEBUG liquibase - master.changelog.json: migration/node-services.changelog-init.xml::1511451595465-34::R3.Corda: Reading ChangeSet: migration/node-services.changelog-init.xml::1511451595465-34::R3.Corda
14:02:14.809 [Test worker] DEBUG liquibase - master.changelog.json: migration/node-services.changelog-init.xml::1511451595465-34::R3.Corda: Executing Statement: liquibase.statement.core.AddPrimaryKeyStatement@7f45623e
14:02:14.810 [Test worker] DEBUG liquibase - master.changelog.json: migration/node-services.changelog-init.xml::1511451595465-34::R3.Corda: Executing EXECUTE database command: ALTER TABLE PUBLIC.node_identities ADD CONSTRAINT node_identities_pkey PRIMARY KEY (pk_hash)
14:02:14.810 [Test worker] INFO liquibase - master.changelog.json: migration/node-services.changelog-init.xml::1511451595465-34::R3.Corda: Primary key added to node_identities (pk_hash)
14:02:14.810 [Test worker] INFO liquibase - master.changelog.json: migration/node-services.changelog-init.xml::1511451595465-34::R3.Corda: ChangeSet migration/node-services.changelog-init.xml::1511451595465-34::R3.Corda ran successfully in 1ms
14:02:14.812 [Test worker] DEBUG liquibase - master.changelog.json: migration/node-services.changelog-init.xml::1511451595465-34::R3.Corda: Executing EXECUTE database command: INSERT INTO PUBLIC.DATABASECHANGELOG (ID, AUTHOR, FILENAME, DATEEXECUTED, ORDEREXECUTED, MD5SUM, DESCRIPTION, COMMENTS, EXECTYPE, CONTEXTS, LABELS, LIQUIBASE, DEPLOYMENT_ID) VALUES ('1511451595465-34', 'R3.Corda', 'migration/node-services.changelog-init.xml', NOW(), 56, '7:43d4f1fd6b4b69fcd6b046d8806c8f50', 'addPrimaryKey constraintName=node_identities_pkey, tableName=node_identities', '', 'EXECUTED', NULL, NULL, '3.5.4', '0860134438')
14:02:14.813 [Test worker] DEBUG liquibase - master.changelog.json: migration/node-services.changelog-init.xml::1511451595465-38::R3.Corda: Running Changeset:migration/node-services.changelog-init.xml::1511451595465-38::R3.Corda
14:02:14.813 [Test worker] DEBUG liquibase - master.changelog.json: migration/node-services.changelog-init.xml::1511451595465-38::R3.Corda: Changeset migration/node-services.changelog-init.xml::1511451595465-38::R3.Corda
14:02:14.813 [Test worker] DEBUG liquibase - master.changelog.json: migration/node-services.changelog-init.xml::1511451595465-38::R3.Corda: Reading ChangeSet: migration/node-services.changelog-init.xml::1511451595465-38::R3.Corda
14:02:14.813 [Test worker] DEBUG liquibase - master.changelog.json: migration/node-services.changelog-init.xml::1511451595465-38::R3.Corda: Executing Statement: liquibase.statement.core.AddPrimaryKeyStatement@2cd4834
14:02:14.815 [Test worker] DEBUG liquibase - master.changelog.json: migration/node-services.changelog-init.xml::1511451595465-38::R3.Corda: Executing EXECUTE database command: ALTER TABLE PUBLIC.node_message_ids ADD CONSTRAINT node_message_ids_pkey PRIMARY KEY (message_id)
14:02:14.816 [Test worker] INFO liquibase - master.changelog.json: migration/node-services.changelog-init.xml::1511451595465-38::R3.Corda: Primary key added to node_message_ids (message_id)
14:02:14.816 [Test worker] INFO liquibase - master.changelog.json: migration/node-services.changelog-init.xml::1511451595465-38::R3.Corda: ChangeSet migration/node-services.changelog-init.xml::1511451595465-38::R3.Corda ran successfully in 3ms
14:02:14.817 [Test worker] DEBUG liquibase - master.changelog.json: migration/node-services.changelog-init.xml::1511451595465-38::R3.Corda: Executing EXECUTE database command: INSERT INTO PUBLIC.DATABASECHANGELOG (ID, AUTHOR, FILENAME, DATEEXECUTED, ORDEREXECUTED, MD5SUM, DESCRIPTION, COMMENTS, EXECTYPE, CONTEXTS, LABELS, LIQUIBASE, DEPLOYMENT_ID) VALUES ('1511451595465-38', 'R3.Corda', 'migration/node-services.changelog-init.xml', NOW(), 57, '7:37825d1c920089f5d1d8667fae2a0770', 'addPrimaryKey constraintName=node_message_ids_pkey, tableName=node_message_ids', '', 'EXECUTED', NULL, NULL, '3.5.4', '0860134438')
14:02:14.822 [Test worker] DEBUG liquibase - master.changelog.json: migration/node-services.changelog-init.xml::1511451595465-39::R3.Corda: Running Changeset:migration/node-services.changelog-init.xml::1511451595465-39::R3.Corda
14:02:14.822 [Test worker] DEBUG liquibase - master.changelog.json: migration/node-services.changelog-init.xml::1511451595465-39::R3.Corda: Changeset migration/node-services.changelog-init.xml::1511451595465-39::R3.Corda
14:02:14.822 [Test worker] DEBUG liquibase - master.changelog.json: migration/node-services.changelog-init.xml::1511451595465-39::R3.Corda: Reading ChangeSet: migration/node-services.changelog-init.xml::1511451595465-39::R3.Corda
14:02:14.822 [Test worker] DEBUG liquibase - master.changelog.json: migration/node-services.changelog-init.xml::1511451595465-39::R3.Corda: Executing Statement: liquibase.statement.core.AddPrimaryKeyStatement@7d5f1631
14:02:14.822 [Test worker] DEBUG liquibase - master.changelog.json: migration/node-services.changelog-init.xml::1511451595465-39::R3.Corda: Executing EXECUTE database command: ALTER TABLE PUBLIC.node_message_retry ADD CONSTRAINT node_message_retry_pkey PRIMARY KEY (message_id)
14:02:14.823 [Test worker] INFO liquibase - master.changelog.json: migration/node-services.changelog-init.xml::1511451595465-39::R3.Corda: Primary key added to node_message_retry (message_id)
14:02:14.823 [Test worker] INFO liquibase - master.changelog.json: migration/node-services.changelog-init.xml::1511451595465-39::R3.Corda: ChangeSet migration/node-services.changelog-init.xml::1511451595465-39::R3.Corda ran successfully in 1ms
14:02:14.824 [Test worker] DEBUG liquibase - master.changelog.json: migration/node-services.changelog-init.xml::1511451595465-39::R3.Corda: Executing EXECUTE database command: INSERT INTO PUBLIC.DATABASECHANGELOG (ID, AUTHOR, FILENAME, DATEEXECUTED, ORDEREXECUTED, MD5SUM, DESCRIPTION, COMMENTS, EXECTYPE, CONTEXTS, LABELS, LIQUIBASE, DEPLOYMENT_ID) VALUES ('1511451595465-39', 'R3.Corda', 'migration/node-services.changelog-init.xml', NOW(), 58, '7:7cc6fa875e39740c709235ff27960561', 'addPrimaryKey constraintName=node_message_retry_pkey, tableName=node_message_retry', '', 'EXECUTED', NULL, NULL, '3.5.4', '0860134438')
14:02:14.828 [Test worker] DEBUG liquibase - master.changelog.json: migration/node-services.changelog-init.xml::1511451595465-40::R3.Corda: Running Changeset:migration/node-services.changelog-init.xml::1511451595465-40::R3.Corda
14:02:14.828 [Test worker] DEBUG liquibase - master.changelog.json: migration/node-services.changelog-init.xml::1511451595465-40::R3.Corda: Changeset migration/node-services.changelog-init.xml::1511451595465-40::R3.Corda
14:02:14.828 [Test worker] DEBUG liquibase - master.changelog.json: migration/node-services.changelog-init.xml::1511451595465-40::R3.Corda: Reading ChangeSet: migration/node-services.changelog-init.xml::1511451595465-40::R3.Corda
14:02:14.829 [Test worker] DEBUG liquibase - master.changelog.json: migration/node-services.changelog-init.xml::1511451595465-40::R3.Corda: Executing Statement: liquibase.statement.core.AddPrimaryKeyStatement@28ff0f8d
14:02:14.829 [Test worker] DEBUG liquibase - master.changelog.json: migration/node-services.changelog-init.xml::1511451595465-40::R3.Corda: Executing EXECUTE database command: ALTER TABLE PUBLIC.node_named_identities ADD CONSTRAINT node_named_identities_pkey PRIMARY KEY (name)
14:02:14.829 [Test worker] INFO liquibase - master.changelog.json: migration/node-services.changelog-init.xml::1511451595465-40::R3.Corda: Primary key added to node_named_identities (name)
14:02:14.829 [Test worker] INFO liquibase - master.changelog.json: migration/node-services.changelog-init.xml::1511451595465-40::R3.Corda: ChangeSet migration/node-services.changelog-init.xml::1511451595465-40::R3.Corda ran successfully in 1ms
14:02:14.831 [Test worker] DEBUG liquibase - master.changelog.json: migration/node-services.changelog-init.xml::1511451595465-40::R3.Corda: Executing EXECUTE database command: INSERT INTO PUBLIC.DATABASECHANGELOG (ID, AUTHOR, FILENAME, DATEEXECUTED, ORDEREXECUTED, MD5SUM, DESCRIPTION, COMMENTS, EXECTYPE, CONTEXTS, LABELS, LIQUIBASE, DEPLOYMENT_ID) VALUES ('1511451595465-40', 'R3.Corda', 'migration/node-services.changelog-init.xml', NOW(), 59, '7:9fac7485c58064b7e7ddce0bd1af86c4', 'addPrimaryKey constraintName=node_named_identities_pkey, tableName=node_named_identities', '', 'EXECUTED', NULL, NULL, '3.5.4', '0860134438')
14:02:14.832 [Test worker] DEBUG liquibase - master.changelog.json: migration/node-services.changelog-init.xml::1511451595465-42::R3.Corda: Running Changeset:migration/node-services.changelog-init.xml::1511451595465-42::R3.Corda
14:02:14.832 [Test worker] DEBUG liquibase - master.changelog.json: migration/node-services.changelog-init.xml::1511451595465-42::R3.Corda: Changeset migration/node-services.changelog-init.xml::1511451595465-42::R3.Corda
14:02:14.832 [Test worker] DEBUG liquibase - master.changelog.json: migration/node-services.changelog-init.xml::1511451595465-42::R3.Corda: Reading ChangeSet: migration/node-services.changelog-init.xml::1511451595465-42::R3.Corda
14:02:14.832 [Test worker] DEBUG liquibase - master.changelog.json: migration/node-services.changelog-init.xml::1511451595465-42::R3.Corda: Executing Statement: liquibase.statement.core.AddPrimaryKeyStatement@14bce1f8
14:02:14.832 [Test worker] DEBUG liquibase - master.changelog.json: migration/node-services.changelog-init.xml::1511451595465-42::R3.Corda: Executing EXECUTE database command: ALTER TABLE PUBLIC.node_our_key_pairs ADD CONSTRAINT node_our_key_pairs_pkey PRIMARY KEY (public_key_hash)
14:02:14.833 [Test worker] INFO liquibase - master.changelog.json: migration/node-services.changelog-init.xml::1511451595465-42::R3.Corda: Primary key added to node_our_key_pairs (public_key_hash)
14:02:14.833 [Test worker] INFO liquibase - master.changelog.json: migration/node-services.changelog-init.xml::1511451595465-42::R3.Corda: ChangeSet migration/node-services.changelog-init.xml::1511451595465-42::R3.Corda ran successfully in 1ms
14:02:14.837 [Test worker] DEBUG liquibase - master.changelog.json: migration/node-services.changelog-init.xml::1511451595465-42::R3.Corda: Executing EXECUTE database command: INSERT INTO PUBLIC.DATABASECHANGELOG (ID, AUTHOR, FILENAME, DATEEXECUTED, ORDEREXECUTED, MD5SUM, DESCRIPTION, COMMENTS, EXECTYPE, CONTEXTS, LABELS, LIQUIBASE, DEPLOYMENT_ID) VALUES ('1511451595465-42', 'R3.Corda', 'migration/node-services.changelog-init.xml', NOW(), 60, '7:e3644c4b7315958cfb3a3cd4a3f40946', 'addPrimaryKey constraintName=node_our_key_pairs_pkey, tableName=node_our_key_pairs', '', 'EXECUTED', NULL, NULL, '3.5.4', '0860134438')
14:02:14.838 [Test worker] DEBUG liquibase - master.changelog.json: migration/node-services.changelog-init.xml::1511451595465-44::R3.Corda: Running Changeset:migration/node-services.changelog-init.xml::1511451595465-44::R3.Corda
14:02:14.838 [Test worker] DEBUG liquibase - master.changelog.json: migration/node-services.changelog-init.xml::1511451595465-44::R3.Corda: Changeset migration/node-services.changelog-init.xml::1511451595465-44::R3.Corda
14:02:14.838 [Test worker] DEBUG liquibase - master.changelog.json: migration/node-services.changelog-init.xml::1511451595465-44::R3.Corda: Reading ChangeSet: migration/node-services.changelog-init.xml::1511451595465-44::R3.Corda
14:02:14.839 [Test worker] DEBUG liquibase - master.changelog.json: migration/node-services.changelog-init.xml::1511451595465-44::R3.Corda: Executing Statement: liquibase.statement.core.AddPrimaryKeyStatement@578aae5e
14:02:14.839 [Test worker] DEBUG liquibase - master.changelog.json: migration/node-services.changelog-init.xml::1511451595465-44::R3.Corda: Executing EXECUTE database command: ALTER TABLE PUBLIC.node_scheduled_states ADD CONSTRAINT node_scheduled_states_pkey PRIMARY KEY (output_index, transaction_id)
14:02:14.839 [Test worker] INFO liquibase - master.changelog.json: migration/node-services.changelog-init.xml::1511451595465-44::R3.Corda: Primary key added to node_scheduled_states (output_index, transaction_id)
14:02:14.839 [Test worker] INFO liquibase - master.changelog.json: migration/node-services.changelog-init.xml::1511451595465-44::R3.Corda: ChangeSet migration/node-services.changelog-init.xml::1511451595465-44::R3.Corda ran successfully in 1ms
14:02:14.841 [Test worker] DEBUG liquibase - master.changelog.json: migration/node-services.changelog-init.xml::1511451595465-44::R3.Corda: Executing EXECUTE database command: INSERT INTO PUBLIC.DATABASECHANGELOG (ID, AUTHOR, FILENAME, DATEEXECUTED, ORDEREXECUTED, MD5SUM, DESCRIPTION, COMMENTS, EXECTYPE, CONTEXTS, LABELS, LIQUIBASE, DEPLOYMENT_ID) VALUES ('1511451595465-44', 'R3.Corda', 'migration/node-services.changelog-init.xml', NOW(), 61, '7:122e6cc40f7e50d8c9ffeb46861ed786', 'addPrimaryKey constraintName=node_scheduled_states_pkey, tableName=node_scheduled_states', '', 'EXECUTED', NULL, NULL, '3.5.4', '0860134438')
14:02:14.843 [Test worker] DEBUG liquibase - master.changelog.json: migration/node-services.changelog-init.xml::1511451595465-45::R3.Corda: Running Changeset:migration/node-services.changelog-init.xml::1511451595465-45::R3.Corda
14:02:14.843 [Test worker] DEBUG liquibase - master.changelog.json: migration/node-services.changelog-init.xml::1511451595465-45::R3.Corda: Changeset migration/node-services.changelog-init.xml::1511451595465-45::R3.Corda
14:02:14.843 [Test worker] DEBUG liquibase - master.changelog.json: migration/node-services.changelog-init.xml::1511451595465-45::R3.Corda: Reading ChangeSet: migration/node-services.changelog-init.xml::1511451595465-45::R3.Corda
14:02:14.843 [Test worker] DEBUG liquibase - master.changelog.json: migration/node-services.changelog-init.xml::1511451595465-45::R3.Corda: Executing Statement: liquibase.statement.core.AddPrimaryKeyStatement@1856438a
14:02:14.844 [Test worker] DEBUG liquibase - master.changelog.json: migration/node-services.changelog-init.xml::1511451595465-45::R3.Corda: Executing EXECUTE database command: ALTER TABLE PUBLIC.node_transaction_mappings ADD CONSTRAINT node_transaction_mappings_pkey PRIMARY KEY (tx_id)
14:02:14.844 [Test worker] INFO liquibase - master.changelog.json: migration/node-services.changelog-init.xml::1511451595465-45::R3.Corda: Primary key added to node_transaction_mappings (tx_id)
14:02:14.844 [Test worker] INFO liquibase - master.changelog.json: migration/node-services.changelog-init.xml::1511451595465-45::R3.Corda: ChangeSet migration/node-services.changelog-init.xml::1511451595465-45::R3.Corda ran successfully in 1ms
14:02:14.851 [Test worker] DEBUG liquibase - master.changelog.json: migration/node-services.changelog-init.xml::1511451595465-45::R3.Corda: Executing EXECUTE database command: INSERT INTO PUBLIC.DATABASECHANGELOG (ID, AUTHOR, FILENAME, DATEEXECUTED, ORDEREXECUTED, MD5SUM, DESCRIPTION, COMMENTS, EXECTYPE, CONTEXTS, LABELS, LIQUIBASE, DEPLOYMENT_ID) VALUES ('1511451595465-45', 'R3.Corda', 'migration/node-services.changelog-init.xml', NOW(), 62, '7:c4ba1fcc19b22e52678633b13053eaa1', 'addPrimaryKey constraintName=node_transaction_mappings_pkey, tableName=node_transaction_mappings', '', 'EXECUTED', NULL, NULL, '3.5.4', '0860134438')
14:02:14.853 [Test worker] DEBUG liquibase - master.changelog.json: migration/node-services.changelog-init.xml::1511451595465-46::R3.Corda: Running Changeset:migration/node-services.changelog-init.xml::1511451595465-46::R3.Corda
14:02:14.853 [Test worker] DEBUG liquibase - master.changelog.json: migration/node-services.changelog-init.xml::1511451595465-46::R3.Corda: Changeset migration/node-services.changelog-init.xml::1511451595465-46::R3.Corda
14:02:14.853 [Test worker] DEBUG liquibase - master.changelog.json: migration/node-services.changelog-init.xml::1511451595465-46::R3.Corda: Reading ChangeSet: migration/node-services.changelog-init.xml::1511451595465-46::R3.Corda
14:02:14.854 [Test worker] DEBUG liquibase - master.changelog.json: migration/node-services.changelog-init.xml::1511451595465-46::R3.Corda: Executing Statement: liquibase.statement.core.AddPrimaryKeyStatement@3b786a44
14:02:14.855 [Test worker] DEBUG liquibase - master.changelog.json: migration/node-services.changelog-init.xml::1511451595465-46::R3.Corda: Executing EXECUTE database command: ALTER TABLE PUBLIC.node_transactions ADD CONSTRAINT node_transactions_pkey PRIMARY KEY (tx_id)
14:02:14.856 [Test worker] INFO liquibase - master.changelog.json: migration/node-services.changelog-init.xml::1511451595465-46::R3.Corda: Primary key added to node_transactions (tx_id)
14:02:14.856 [Test worker] INFO liquibase - master.changelog.json: migration/node-services.changelog-init.xml::1511451595465-46::R3.Corda: ChangeSet migration/node-services.changelog-init.xml::1511451595465-46::R3.Corda ran successfully in 3ms
14:02:14.857 [Test worker] DEBUG liquibase - master.changelog.json: migration/node-services.changelog-init.xml::1511451595465-46::R3.Corda: Executing EXECUTE database command: INSERT INTO PUBLIC.DATABASECHANGELOG (ID, AUTHOR, FILENAME, DATEEXECUTED, ORDEREXECUTED, MD5SUM, DESCRIPTION, COMMENTS, EXECTYPE, CONTEXTS, LABELS, LIQUIBASE, DEPLOYMENT_ID) VALUES ('1511451595465-46', 'R3.Corda', 'migration/node-services.changelog-init.xml', NOW(), 63, '7:1a41a33c68c6f56be99cbfa9af7c2646', 'addPrimaryKey constraintName=node_transactions_pkey, tableName=node_transactions', '', 'EXECUTED', NULL, NULL, '3.5.4', '0860134438')
14:02:14.858 [Test worker] DEBUG liquibase - master.changelog.json: migration/node-services.changelog-init.xml::1511451595465-61::R3.Corda: Running Changeset:migration/node-services.changelog-init.xml::1511451595465-61::R3.Corda
14:02:14.858 [Test worker] DEBUG liquibase - master.changelog.json: migration/node-services.changelog-init.xml::1511451595465-61::R3.Corda: Changeset migration/node-services.changelog-init.xml::1511451595465-61::R3.Corda
14:02:14.858 [Test worker] DEBUG liquibase - master.changelog.json: migration/node-services.changelog-init.xml::1511451595465-61::R3.Corda: Reading ChangeSet: migration/node-services.changelog-init.xml::1511451595465-61::R3.Corda
14:02:14.858 [Test worker] DEBUG liquibase - master.changelog.json: migration/node-services.changelog-init.xml::1511451595465-61::R3.Corda: Executing Statement: liquibase.statement.core.AddForeignKeyConstraintStatement@23d6689a
14:02:14.858 [Test worker] DEBUG liquibase - master.changelog.json: migration/node-services.changelog-init.xml::1511451595465-61::R3.Corda: Executing EXECUTE database command: ALTER TABLE PUBLIC.node_link_nodeinfo_party ADD CONSTRAINT FK__link_ni_p__info_p_cert FOREIGN KEY (party_name) REFERENCES PUBLIC.node_info_party_cert (party_name)
14:02:14.859 [Test worker] INFO liquibase - master.changelog.json: migration/node-services.changelog-init.xml::1511451595465-61::R3.Corda: Foreign key constraint added to node_link_nodeinfo_party (party_name)
14:02:14.859 [Test worker] INFO liquibase - master.changelog.json: migration/node-services.changelog-init.xml::1511451595465-61::R3.Corda: ChangeSet migration/node-services.changelog-init.xml::1511451595465-61::R3.Corda ran successfully in 1ms
14:02:14.860 [Test worker] DEBUG liquibase - master.changelog.json: migration/node-services.changelog-init.xml::1511451595465-61::R3.Corda: Executing EXECUTE database command: INSERT INTO PUBLIC.DATABASECHANGELOG (ID, AUTHOR, FILENAME, DATEEXECUTED, ORDEREXECUTED, MD5SUM, DESCRIPTION, COMMENTS, EXECTYPE, CONTEXTS, LABELS, LIQUIBASE, DEPLOYMENT_ID) VALUES ('1511451595465-61', 'R3.Corda', 'migration/node-services.changelog-init.xml', NOW(), 64, '7:f753db641a982caad48d7169dafbc854', 'addForeignKeyConstraint baseTableName=node_link_nodeinfo_party, constraintName=FK__link_ni_p__info_p_cert, referencedTableName=node_info_party_cert', '', 'EXECUTED', NULL, NULL, '3.5.4', '0860134438')
14:02:14.861 [Test worker] DEBUG liquibase - master.changelog.json: migration/node-services.changelog-init.xml::add index att_id::R3.Corda: Running Changeset:migration/node-services.changelog-init.xml::add index att_id::R3.Corda
14:02:14.861 [Test worker] DEBUG liquibase - master.changelog.json: migration/node-services.changelog-init.xml::add index att_id::R3.Corda: Changeset migration/node-services.changelog-init.xml::add index att_id::R3.Corda
14:02:14.861 [Test worker] DEBUG liquibase - master.changelog.json: migration/node-services.changelog-init.xml::add index att_id::R3.Corda: Reading ChangeSet: migration/node-services.changelog-init.xml::add index att_id::R3.Corda
14:02:14.861 [Test worker] DEBUG liquibase - master.changelog.json: migration/node-services.changelog-init.xml::add index att_id::R3.Corda: Executing Statement: liquibase.statement.core.CreateIndexStatement@7ad9d68d
14:02:14.861 [Test worker] DEBUG liquibase - master.changelog.json: migration/node-services.changelog-init.xml::add index att_id::R3.Corda: Executing EXECUTE database command: CREATE INDEX PUBLIC.att_id_idx ON PUBLIC.node_attachments(att_id)
14:02:14.861 [Test worker] INFO liquibase - master.changelog.json: migration/node-services.changelog-init.xml::add index att_id::R3.Corda: Index att_id_idx created
14:02:14.861 [Test worker] INFO liquibase - master.changelog.json: migration/node-services.changelog-init.xml::add index att_id::R3.Corda: ChangeSet migration/node-services.changelog-init.xml::add index att_id::R3.Corda ran successfully in 0ms
14:02:14.862 [Test worker] DEBUG liquibase - master.changelog.json: migration/node-services.changelog-init.xml::add index att_id::R3.Corda: Executing EXECUTE database command: INSERT INTO PUBLIC.DATABASECHANGELOG (ID, AUTHOR, FILENAME, DATEEXECUTED, ORDEREXECUTED, MD5SUM, DESCRIPTION, COMMENTS, EXECTYPE, CONTEXTS, LABELS, LIQUIBASE, DEPLOYMENT_ID) VALUES ('add index att_id', 'R3.Corda', 'migration/node-services.changelog-init.xml', NOW(), 65, '7:302188110e9124abd4ef58020255fbb0', 'createIndex indexName=att_id_idx, tableName=node_attachments', '', 'EXECUTED', NULL, NULL, '3.5.4', '0860134438')
14:02:14.863 [Test worker] DEBUG liquibase - master.changelog.json: migration/node-services.changelog-init.xml::add_contract_attachment::R3.Corda: Running Changeset:migration/node-services.changelog-init.xml::add_contract_attachment::R3.Corda
14:02:14.863 [Test worker] DEBUG liquibase - master.changelog.json: migration/node-services.changelog-init.xml::add_contract_attachment::R3.Corda: Changeset migration/node-services.changelog-init.xml::add_contract_attachment::R3.Corda
14:02:14.863 [Test worker] DEBUG liquibase - master.changelog.json: migration/node-services.changelog-init.xml::add_contract_attachment::R3.Corda: Reading ChangeSet: migration/node-services.changelog-init.xml::add_contract_attachment::R3.Corda
14:02:14.863 [Test worker] DEBUG liquibase - master.changelog.json: migration/node-services.changelog-init.xml::add_contract_attachment::R3.Corda: Executing Statement: liquibase.statement.core.CreateTableStatement@6c844960
14:02:14.864 [Test worker] DEBUG liquibase - master.changelog.json: migration/node-services.changelog-init.xml::add_contract_attachment::R3.Corda: Executing EXECUTE database command: CREATE TABLE PUBLIC.node_attchments_contracts (att_id NVARCHAR(255) NOT NULL, contract_class_name NVARCHAR(255))
14:02:14.864 [Test worker] INFO liquibase - master.changelog.json: migration/node-services.changelog-init.xml::add_contract_attachment::R3.Corda: Table node_attchments_contracts created
14:02:14.864 [Test worker] DEBUG liquibase - master.changelog.json: migration/node-services.changelog-init.xml::add_contract_attachment::R3.Corda: Executing Statement: liquibase.statement.core.AddForeignKeyConstraintStatement@11605c86
14:02:14.864 [Test worker] DEBUG liquibase - master.changelog.json: migration/node-services.changelog-init.xml::add_contract_attachment::R3.Corda: Executing EXECUTE database command: ALTER TABLE PUBLIC.node_attchments_contracts ADD CONSTRAINT FK__ctr_class__attachments FOREIGN KEY (att_id) REFERENCES PUBLIC.node_attachments (att_id)
14:02:14.865 [Test worker] INFO liquibase - master.changelog.json: migration/node-services.changelog-init.xml::add_contract_attachment::R3.Corda: Foreign key constraint added to node_attchments_contracts (att_id)
14:02:14.865 [Test worker] DEBUG liquibase - master.changelog.json: migration/node-services.changelog-init.xml::add_contract_attachment::R3.Corda: Executing Statement: liquibase.statement.core.DeleteStatement@1ced674a
14:02:14.865 [Test worker] DEBUG liquibase - master.changelog.json: migration/node-services.changelog-init.xml::add_contract_attachment::R3.Corda: Executing EXECUTE database command: DELETE FROM PUBLIC.node_attachments
14:02:14.865 [Test worker] INFO liquibase - master.changelog.json: migration/node-services.changelog-init.xml::add_contract_attachment::R3.Corda: Data deleted from node_attachments
14:02:14.865 [Test worker] INFO liquibase - master.changelog.json: migration/node-services.changelog-init.xml::add_contract_attachment::R3.Corda: ChangeSet migration/node-services.changelog-init.xml::add_contract_attachment::R3.Corda ran successfully in 2ms
14:02:14.867 [Test worker] DEBUG liquibase - master.changelog.json: migration/node-services.changelog-init.xml::add_contract_attachment::R3.Corda: Executing EXECUTE database command: INSERT INTO PUBLIC.DATABASECHANGELOG (ID, AUTHOR, FILENAME, DATEEXECUTED, ORDEREXECUTED, MD5SUM, DESCRIPTION, COMMENTS, EXECTYPE, CONTEXTS, LABELS, LIQUIBASE, DEPLOYMENT_ID) VALUES ('add_contract_attachment', 'R3.Corda', 'migration/node-services.changelog-init.xml', NOW(), 66, '7:2cfbc6a84cfcd7b8ce011b58aa70f584', 'createTable tableName=node_attchments_contracts; addForeignKeyConstraint baseTableName=node_attchments_contracts, constraintName=FK__ctr_class__attachments, referencedTableName=node_attachments; delete tableName=node_attachments', '', 'EXECUTED', NULL, NULL, '3.5.4', '0860134438')
14:02:14.867 [Test worker] DEBUG liquibase - master.changelog.json: migration/node-services.changelog-init.xml::add_dedup_columns::R3.Corda: Running Changeset:migration/node-services.changelog-init.xml::add_dedup_columns::R3.Corda
14:02:14.867 [Test worker] DEBUG liquibase - master.changelog.json: migration/node-services.changelog-init.xml::add_dedup_columns::R3.Corda: Changeset migration/node-services.changelog-init.xml::add_dedup_columns::R3.Corda
14:02:14.867 [Test worker] DEBUG liquibase - master.changelog.json: migration/node-services.changelog-init.xml::add_dedup_columns::R3.Corda: Reading ChangeSet: migration/node-services.changelog-init.xml::add_dedup_columns::R3.Corda
14:02:14.867 [Test worker] DEBUG liquibase - master.changelog.json: migration/node-services.changelog-init.xml::add_dedup_columns::R3.Corda: Executing Statement: liquibase.statement.core.AddColumnStatement@2d944e1f
14:02:14.868 [Test worker] DEBUG liquibase - master.changelog.json: migration/node-services.changelog-init.xml::add_dedup_columns::R3.Corda: Executing EXECUTE database command: ALTER TABLE PUBLIC.node_message_ids ADD sender NVARCHAR(64)
14:02:14.869 [Test worker] DEBUG liquibase - master.changelog.json: migration/node-services.changelog-init.xml::add_dedup_columns::R3.Corda: Executing EXECUTE database command: ALTER TABLE PUBLIC.node_message_ids ADD sequence_number BIGINT
14:02:14.871 [Test worker] INFO liquibase - master.changelog.json: migration/node-services.changelog-init.xml::add_dedup_columns::R3.Corda: Columns sender(NVARCHAR(64)),sequence_number(BIGINT) added to node_message_ids
14:02:14.871 [Test worker] INFO liquibase - master.changelog.json: migration/node-services.changelog-init.xml::add_dedup_columns::R3.Corda: ChangeSet migration/node-services.changelog-init.xml::add_dedup_columns::R3.Corda ran successfully in 4ms
14:02:14.872 [Test worker] DEBUG liquibase - master.changelog.json: migration/node-services.changelog-init.xml::add_dedup_columns::R3.Corda: Executing EXECUTE database command: INSERT INTO PUBLIC.DATABASECHANGELOG (ID, AUTHOR, FILENAME, DATEEXECUTED, ORDEREXECUTED, MD5SUM, DESCRIPTION, COMMENTS, EXECTYPE, CONTEXTS, LABELS, LIQUIBASE, DEPLOYMENT_ID) VALUES ('add_dedup_columns', 'R3.Corda', 'migration/node-services.changelog-init.xml', NOW(), 67, '7:376ede2552aa97e8abf9d9a808c16692', 'addColumn tableName=node_message_ids', '', 'EXECUTED', NULL, NULL, '3.5.4', '0860134438')
14:02:14.873 [Test worker] DEBUG liquibase - master.changelog.json: migration/node-core.changelog-v4.xml::attchments_rename::R3.Corda: Running Changeset:migration/node-core.changelog-v4.xml::attchments_rename::R3.Corda
14:02:14.873 [Test worker] DEBUG liquibase - master.changelog.json: migration/node-core.changelog-v4.xml::attchments_rename::R3.Corda: Changeset migration/node-core.changelog-v4.xml::attchments_rename::R3.Corda
14:02:14.873 [Test worker] DEBUG liquibase - master.changelog.json: migration/node-core.changelog-v4.xml::attchments_rename::R3.Corda: Reading ChangeSet: migration/node-core.changelog-v4.xml::attchments_rename::R3.Corda
14:02:14.873 [Test worker] DEBUG liquibase - master.changelog.json: migration/node-core.changelog-v4.xml::attchments_rename::R3.Corda: Executing Statement: liquibase.statement.core.RenameTableStatement@3e5d73c8
14:02:14.873 [Test worker] DEBUG liquibase - master.changelog.json: migration/node-core.changelog-v4.xml::attchments_rename::R3.Corda: Executing EXECUTE database command: ALTER TABLE PUBLIC.node_attchments_contracts RENAME TO node_attachments_contracts
14:02:14.873 [Test worker] INFO liquibase - master.changelog.json: migration/node-core.changelog-v4.xml::attchments_rename::R3.Corda: Table node_attchments_contracts renamed to node_attachments_contracts
14:02:14.873 [Test worker] INFO liquibase - master.changelog.json: migration/node-core.changelog-v4.xml::attchments_rename::R3.Corda: ChangeSet migration/node-core.changelog-v4.xml::attchments_rename::R3.Corda ran successfully in 0ms
14:02:14.874 [Test worker] DEBUG liquibase - master.changelog.json: migration/node-core.changelog-v4.xml::attchments_rename::R3.Corda: Executing EXECUTE database command: INSERT INTO PUBLIC.DATABASECHANGELOG (ID, AUTHOR, FILENAME, DATEEXECUTED, ORDEREXECUTED, MD5SUM, DESCRIPTION, COMMENTS, EXECTYPE, CONTEXTS, LABELS, LIQUIBASE, DEPLOYMENT_ID) VALUES ('attchments_rename', 'R3.Corda', 'migration/node-core.changelog-v4.xml', NOW(), 68, '7:9c9553fbc45dfa0ec2117a113b1bfb13', 'renameTable newTableName=node_attachments_contracts, oldTableName=node_attchments_contracts', '', 'EXECUTED', NULL, NULL, '3.5.4', '0860134438')
14:02:14.877 [Test worker] DEBUG liquibase - master.changelog.json: migration/node-core.changelog-v4.xml::nullability::R3.Corda: Running Changeset:migration/node-core.changelog-v4.xml::nullability::R3.Corda
14:02:14.877 [Test worker] DEBUG liquibase - master.changelog.json: migration/node-core.changelog-v4.xml::nullability::R3.Corda: Changeset migration/node-core.changelog-v4.xml::nullability::R3.Corda
14:02:14.877 [Test worker] DEBUG liquibase - master.changelog.json: migration/node-core.changelog-v4.xml::nullability::R3.Corda: Reading ChangeSet: migration/node-core.changelog-v4.xml::nullability::R3.Corda
14:02:14.877 [Test worker] DEBUG liquibase - master.changelog.json: migration/node-core.changelog-v4.xml::nullability::R3.Corda: Executing Statement: liquibase.statement.core.SetNullableStatement@50c1dc7f
14:02:14.877 [Test worker] DEBUG liquibase - master.changelog.json: migration/node-core.changelog-v4.xml::nullability::R3.Corda: Executing EXECUTE database command: ALTER TABLE PUBLIC.node_identities ALTER COLUMN identity_value SET NOT NULL
14:02:14.877 [Test worker] INFO liquibase - master.changelog.json: migration/node-core.changelog-v4.xml::nullability::R3.Corda: Null constraint has been added to node_identities.identity_value
14:02:14.877 [Test worker] DEBUG liquibase - master.changelog.json: migration/node-core.changelog-v4.xml::nullability::R3.Corda: Executing Statement: liquibase.statement.core.SetNullableStatement@9c0c918
14:02:14.878 [Test worker] DEBUG liquibase - master.changelog.json: migration/node-core.changelog-v4.xml::nullability::R3.Corda: Executing EXECUTE database command: ALTER TABLE PUBLIC.node_attachments ALTER COLUMN content SET NOT NULL
14:02:14.878 [Test worker] INFO liquibase - master.changelog.json: migration/node-core.changelog-v4.xml::nullability::R3.Corda: Null constraint has been added to node_attachments.content
14:02:14.878 [Test worker] DEBUG liquibase - master.changelog.json: migration/node-core.changelog-v4.xml::nullability::R3.Corda: Executing Statement: liquibase.statement.core.SetNullableStatement@3dbb1533
14:02:14.878 [Test worker] DEBUG liquibase - master.changelog.json: migration/node-core.changelog-v4.xml::nullability::R3.Corda: Executing EXECUTE database command: ALTER TABLE PUBLIC.node_attachments_contracts ALTER COLUMN contract_class_name SET NOT NULL
14:02:14.878 [Test worker] INFO liquibase - master.changelog.json: migration/node-core.changelog-v4.xml::nullability::R3.Corda: Null constraint has been added to node_attachments_contracts.contract_class_name
14:02:14.878 [Test worker] DEBUG liquibase - master.changelog.json: migration/node-core.changelog-v4.xml::nullability::R3.Corda: Executing Statement: liquibase.statement.core.SetNullableStatement@26c1a35e
14:02:14.878 [Test worker] DEBUG liquibase - master.changelog.json: migration/node-core.changelog-v4.xml::nullability::R3.Corda: Executing EXECUTE database command: ALTER TABLE PUBLIC.node_checkpoints ALTER COLUMN checkpoint_value SET NOT NULL
14:02:14.878 [Test worker] INFO liquibase - master.changelog.json: migration/node-core.changelog-v4.xml::nullability::R3.Corda: Null constraint has been added to node_checkpoints.checkpoint_value
14:02:14.878 [Test worker] DEBUG liquibase - master.changelog.json: migration/node-core.changelog-v4.xml::nullability::R3.Corda: Executing Statement: liquibase.statement.core.SetNullableStatement@18529783
14:02:14.878 [Test worker] DEBUG liquibase - master.changelog.json: migration/node-core.changelog-v4.xml::nullability::R3.Corda: Executing EXECUTE database command: ALTER TABLE PUBLIC.node_contract_upgrades ALTER COLUMN contract_class_name SET NOT NULL
14:02:14.879 [Test worker] INFO liquibase - master.changelog.json: migration/node-core.changelog-v4.xml::nullability::R3.Corda: Null constraint has been added to node_contract_upgrades.contract_class_name
14:02:14.879 [Test worker] DEBUG liquibase - master.changelog.json: migration/node-core.changelog-v4.xml::nullability::R3.Corda: Executing Statement: liquibase.statement.core.SetNullableStatement@2b47feea
14:02:14.879 [Test worker] DEBUG liquibase - master.changelog.json: migration/node-core.changelog-v4.xml::nullability::R3.Corda: Executing EXECUTE database command: ALTER TABLE PUBLIC.node_message_ids ALTER COLUMN insertion_time SET NOT NULL
14:02:14.879 [Test worker] INFO liquibase - master.changelog.json: migration/node-core.changelog-v4.xml::nullability::R3.Corda: Null constraint has been added to node_message_ids.insertion_time
14:02:14.879 [Test worker] DEBUG liquibase - master.changelog.json: migration/node-core.changelog-v4.xml::nullability::R3.Corda: Executing Statement: liquibase.statement.core.SetNullableStatement@72e9c309
14:02:14.879 [Test worker] DEBUG liquibase - master.changelog.json: migration/node-core.changelog-v4.xml::nullability::R3.Corda: Executing EXECUTE database command: ALTER TABLE PUBLIC.node_message_retry ALTER COLUMN message SET NOT NULL
14:02:14.879 [Test worker] INFO liquibase - master.changelog.json: migration/node-core.changelog-v4.xml::nullability::R3.Corda: Null constraint has been added to node_message_retry.message
14:02:14.879 [Test worker] DEBUG liquibase - master.changelog.json: migration/node-core.changelog-v4.xml::nullability::R3.Corda: Executing Statement: liquibase.statement.core.SetNullableStatement@5df634b5
14:02:14.879 [Test worker] DEBUG liquibase - master.changelog.json: migration/node-core.changelog-v4.xml::nullability::R3.Corda: Executing EXECUTE database command: ALTER TABLE PUBLIC.node_message_retry ALTER COLUMN recipients SET NOT NULL
14:02:14.879 [Test worker] INFO liquibase - master.changelog.json: migration/node-core.changelog-v4.xml::nullability::R3.Corda: Null constraint has been added to node_message_retry.recipients
14:02:14.879 [Test worker] DEBUG liquibase - master.changelog.json: migration/node-core.changelog-v4.xml::nullability::R3.Corda: Executing Statement: liquibase.statement.core.SetNullableStatement@427da216
14:02:14.880 [Test worker] DEBUG liquibase - master.changelog.json: migration/node-core.changelog-v4.xml::nullability::R3.Corda: Executing EXECUTE database command: ALTER TABLE PUBLIC.node_named_identities ALTER COLUMN pk_hash SET NOT NULL
14:02:14.880 [Test worker] INFO liquibase - master.changelog.json: migration/node-core.changelog-v4.xml::nullability::R3.Corda: Null constraint has been added to node_named_identities.pk_hash
14:02:14.880 [Test worker] DEBUG liquibase - master.changelog.json: migration/node-core.changelog-v4.xml::nullability::R3.Corda: Executing Statement: liquibase.statement.core.SetNullableStatement@76d6419d
14:02:14.880 [Test worker] DEBUG liquibase - master.changelog.json: migration/node-core.changelog-v4.xml::nullability::R3.Corda: Executing EXECUTE database command: ALTER TABLE PUBLIC.node_our_key_pairs ALTER COLUMN private_key SET NOT NULL
14:02:14.880 [Test worker] INFO liquibase - master.changelog.json: migration/node-core.changelog-v4.xml::nullability::R3.Corda: Null constraint has been added to node_our_key_pairs.private_key
14:02:14.880 [Test worker] DEBUG liquibase - master.changelog.json: migration/node-core.changelog-v4.xml::nullability::R3.Corda: Executing Statement: liquibase.statement.core.SetNullableStatement@21e6ec02
14:02:14.881 [Test worker] DEBUG liquibase - master.changelog.json: migration/node-core.changelog-v4.xml::nullability::R3.Corda: Executing EXECUTE database command: ALTER TABLE PUBLIC.node_our_key_pairs ALTER COLUMN public_key SET NOT NULL
14:02:14.881 [Test worker] INFO liquibase - master.changelog.json: migration/node-core.changelog-v4.xml::nullability::R3.Corda: Null constraint has been added to node_our_key_pairs.public_key
14:02:14.881 [Test worker] DEBUG liquibase - master.changelog.json: migration/node-core.changelog-v4.xml::nullability::R3.Corda: Executing Statement: liquibase.statement.core.SetNullableStatement@3328d640
14:02:14.881 [Test worker] DEBUG liquibase - master.changelog.json: migration/node-core.changelog-v4.xml::nullability::R3.Corda: Executing EXECUTE database command: ALTER TABLE PUBLIC.node_transaction_mappings ALTER COLUMN state_machine_run_id SET NOT NULL
14:02:14.881 [Test worker] INFO liquibase - master.changelog.json: migration/node-core.changelog-v4.xml::nullability::R3.Corda: Null constraint has been added to node_transaction_mappings.state_machine_run_id
14:02:14.881 [Test worker] DEBUG liquibase - master.changelog.json: migration/node-core.changelog-v4.xml::nullability::R3.Corda: Executing Statement: liquibase.statement.core.SetNullableStatement@fa099ad
14:02:14.881 [Test worker] DEBUG liquibase - master.changelog.json: migration/node-core.changelog-v4.xml::nullability::R3.Corda: Executing EXECUTE database command: ALTER TABLE PUBLIC.node_transactions ALTER COLUMN transaction_value SET NOT NULL
14:02:14.881 [Test worker] INFO liquibase - master.changelog.json: migration/node-core.changelog-v4.xml::nullability::R3.Corda: Null constraint has been added to node_transactions.transaction_value
14:02:14.881 [Test worker] INFO liquibase - master.changelog.json: migration/node-core.changelog-v4.xml::nullability::R3.Corda: ChangeSet migration/node-core.changelog-v4.xml::nullability::R3.Corda ran successfully in 4ms
14:02:14.883 [Test worker] DEBUG liquibase - master.changelog.json: migration/node-core.changelog-v4.xml::nullability::R3.Corda: Executing EXECUTE database command: INSERT INTO PUBLIC.DATABASECHANGELOG (ID, AUTHOR, FILENAME, DATEEXECUTED, ORDEREXECUTED, MD5SUM, DESCRIPTION, COMMENTS, EXECTYPE, CONTEXTS, LABELS, LIQUIBASE, DEPLOYMENT_ID) VALUES ('nullability', 'R3.Corda', 'migration/node-core.changelog-v4.xml', NOW(), 69, '7:73b3f89cdd2a42efebeb125648c28191', 'addNotNullConstraint columnName=identity_value, tableName=node_identities; addNotNullConstraint columnName=content, tableName=node_attachments; addNotNullConstraint columnName=contract_class_name, tableName=node_attachments_contracts; addNotNullCo...', '', 'EXECUTED', NULL, NULL, '3.5.4', '0860134438')
14:02:14.885 [Test worker] DEBUG liquibase - master.changelog.json: migration/node-core.changelog-v5.xml::remove_unused_node_message_retry::R3.Corda: Running Changeset:migration/node-core.changelog-v5.xml::remove_unused_node_message_retry::R3.Corda
14:02:14.885 [Test worker] DEBUG liquibase - master.changelog.json: migration/node-core.changelog-v5.xml::remove_unused_node_message_retry::R3.Corda: Changeset migration/node-core.changelog-v5.xml::remove_unused_node_message_retry::R3.Corda
14:02:14.885 [Test worker] DEBUG liquibase - master.changelog.json: migration/node-core.changelog-v5.xml::remove_unused_node_message_retry::R3.Corda: Reading ChangeSet: migration/node-core.changelog-v5.xml::remove_unused_node_message_retry::R3.Corda
14:02:14.885 [Test worker] DEBUG liquibase - master.changelog.json: migration/node-core.changelog-v5.xml::remove_unused_node_message_retry::R3.Corda: Executing Statement: liquibase.statement.core.DropTableStatement@3806899d
14:02:14.885 [Test worker] DEBUG liquibase - master.changelog.json: migration/node-core.changelog-v5.xml::remove_unused_node_message_retry::R3.Corda: Executing EXECUTE database command: DROP TABLE PUBLIC.node_message_retry
14:02:14.886 [Test worker] INFO liquibase - master.changelog.json: migration/node-core.changelog-v5.xml::remove_unused_node_message_retry::R3.Corda: Table node_message_retry dropped
14:02:14.886 [Test worker] INFO liquibase - master.changelog.json: migration/node-core.changelog-v5.xml::remove_unused_node_message_retry::R3.Corda: ChangeSet migration/node-core.changelog-v5.xml::remove_unused_node_message_retry::R3.Corda ran successfully in 1ms
14:02:14.887 [Test worker] DEBUG liquibase - master.changelog.json: migration/node-core.changelog-v5.xml::remove_unused_node_message_retry::R3.Corda: Executing EXECUTE database command: INSERT INTO PUBLIC.DATABASECHANGELOG (ID, AUTHOR, FILENAME, DATEEXECUTED, ORDEREXECUTED, MD5SUM, DESCRIPTION, COMMENTS, EXECTYPE, CONTEXTS, LABELS, LIQUIBASE, DEPLOYMENT_ID) VALUES ('remove_unused_node_message_retry', 'R3.Corda', 'migration/node-core.changelog-v5.xml', NOW(), 70, '7:cd120ad46e3a88b0eeaa7ffdcf8a0861', 'dropTable tableName=node_message_retry', '', 'EXECUTED', NULL, NULL, '3.5.4', '0860134438')
14:02:14.893 [Test worker] DEBUG liquibase - master.changelog.json: migration/node-core.changelog-pkey.xml::non-clustered_pk-1::R3.Corda: Running Changeset:migration/node-core.changelog-pkey.xml::non-clustered_pk-1::R3.Corda
14:02:14.894 [Test worker] DEBUG liquibase - master.changelog.json: migration/node-core.changelog-pkey.xml::non-clustered_pk-1::R3.Corda: Executing EXECUTE database command: INSERT INTO PUBLIC.DATABASECHANGELOG (ID, AUTHOR, FILENAME, DATEEXECUTED, ORDEREXECUTED, MD5SUM, DESCRIPTION, COMMENTS, EXECTYPE, CONTEXTS, LABELS, LIQUIBASE, DEPLOYMENT_ID) VALUES ('non-clustered_pk-1', 'R3.Corda', 'migration/node-core.changelog-pkey.xml', NOW(), 71, '7:eb9d9d13536371a16c05f8a89051e6b0', 'dropPrimaryKey constraintName=node_checkpoints_pkey, tableName=node_checkpoints; addPrimaryKey constraintName=node_checkpoints_pkey, tableName=node_checkpoints', '', 'MARK_RAN', NULL, NULL, '3.5.4', '0860134438')
14:02:14.894 [Test worker] DEBUG liquibase - master.changelog.json: migration/node-core.changelog-pkey.xml::non-clustered_pk-2::R3.Corda: Running Changeset:migration/node-core.changelog-pkey.xml::non-clustered_pk-2::R3.Corda
14:02:14.898 [Test worker] DEBUG liquibase - master.changelog.json: migration/node-core.changelog-pkey.xml::non-clustered_pk-2::R3.Corda: Executing EXECUTE database command: INSERT INTO PUBLIC.DATABASECHANGELOG (ID, AUTHOR, FILENAME, DATEEXECUTED, ORDEREXECUTED, MD5SUM, DESCRIPTION, COMMENTS, EXECTYPE, CONTEXTS, LABELS, LIQUIBASE, DEPLOYMENT_ID) VALUES ('non-clustered_pk-2', 'R3.Corda', 'migration/node-core.changelog-pkey.xml', NOW(), 72, '7:d4192425f4f38b39f3b09611028e5c14', 'dropPrimaryKey constraintName=node_identities_pkey, tableName=node_identities; addPrimaryKey constraintName=node_identities_pkey, tableName=node_identities', '', 'MARK_RAN', NULL, NULL, '3.5.4', '0860134438')
14:02:14.899 [Test worker] DEBUG liquibase - master.changelog.json: migration/node-core.changelog-pkey.xml::non-clustered_pk-3::R3.Corda: Running Changeset:migration/node-core.changelog-pkey.xml::non-clustered_pk-3::R3.Corda
14:02:14.900 [Test worker] DEBUG liquibase - master.changelog.json: migration/node-core.changelog-pkey.xml::non-clustered_pk-3::R3.Corda: Executing EXECUTE database command: INSERT INTO PUBLIC.DATABASECHANGELOG (ID, AUTHOR, FILENAME, DATEEXECUTED, ORDEREXECUTED, MD5SUM, DESCRIPTION, COMMENTS, EXECTYPE, CONTEXTS, LABELS, LIQUIBASE, DEPLOYMENT_ID) VALUES ('non-clustered_pk-3', 'R3.Corda', 'migration/node-core.changelog-pkey.xml', NOW(), 73, '7:9773a095cc1db7ea3a66e7e5565bb58e', 'dropPrimaryKey constraintName=node_message_ids_pkey, tableName=node_message_ids; addPrimaryKey constraintName=node_message_ids_pkey, tableName=node_message_ids', '', 'MARK_RAN', NULL, NULL, '3.5.4', '0860134438')
14:02:14.903 [Test worker] DEBUG liquibase - master.changelog.json: migration/node-core.changelog-pkey.xml::non-clustered_pk-4::R3.Corda: Running Changeset:migration/node-core.changelog-pkey.xml::non-clustered_pk-4::R3.Corda
14:02:14.905 [Test worker] DEBUG liquibase - master.changelog.json: migration/node-core.changelog-pkey.xml::non-clustered_pk-4::R3.Corda: Executing EXECUTE database command: INSERT INTO PUBLIC.DATABASECHANGELOG (ID, AUTHOR, FILENAME, DATEEXECUTED, ORDEREXECUTED, MD5SUM, DESCRIPTION, COMMENTS, EXECTYPE, CONTEXTS, LABELS, LIQUIBASE, DEPLOYMENT_ID) VALUES ('non-clustered_pk-4', 'R3.Corda', 'migration/node-core.changelog-pkey.xml', NOW(), 74, '7:f1e21d4abffbb24133e752eb9cd6a162', 'dropPrimaryKey constraintName=node_named_identities_pkey, tableName=node_named_identities; addPrimaryKey constraintName=node_named_identities_pkey, tableName=node_named_identities', '', 'MARK_RAN', NULL, NULL, '3.5.4', '0860134438')
14:02:14.930 [Test worker] DEBUG liquibase - master.changelog.json: migration/node-core.changelog-pkey.xml::non-clustered_pk-5::R3.Corda: Running Changeset:migration/node-core.changelog-pkey.xml::non-clustered_pk-5::R3.Corda
14:02:14.932 [Test worker] DEBUG liquibase - master.changelog.json: migration/node-core.changelog-pkey.xml::non-clustered_pk-5::R3.Corda: Executing EXECUTE database command: INSERT INTO PUBLIC.DATABASECHANGELOG (ID, AUTHOR, FILENAME, DATEEXECUTED, ORDEREXECUTED, MD5SUM, DESCRIPTION, COMMENTS, EXECTYPE, CONTEXTS, LABELS, LIQUIBASE, DEPLOYMENT_ID) VALUES ('non-clustered_pk-5', 'R3.Corda', 'migration/node-core.changelog-pkey.xml', NOW(), 75, '7:4ea09df2dbab99be33f8251a40d1c5a6', 'dropPrimaryKey constraintName=node_our_key_pairs_pkey, tableName=node_our_key_pairs; addPrimaryKey constraintName=node_our_key_pairs_pkey, tableName=node_our_key_pairs', '', 'MARK_RAN', NULL, NULL, '3.5.4', '0860134438')
14:02:14.933 [Test worker] DEBUG liquibase - master.changelog.json: migration/node-core.changelog-pkey.xml::non-clustered_pk-6::R3.Corda: Running Changeset:migration/node-core.changelog-pkey.xml::non-clustered_pk-6::R3.Corda
14:02:14.934 [Test worker] DEBUG liquibase - master.changelog.json: migration/node-core.changelog-pkey.xml::non-clustered_pk-6::R3.Corda: Executing EXECUTE database command: INSERT INTO PUBLIC.DATABASECHANGELOG (ID, AUTHOR, FILENAME, DATEEXECUTED, ORDEREXECUTED, MD5SUM, DESCRIPTION, COMMENTS, EXECTYPE, CONTEXTS, LABELS, LIQUIBASE, DEPLOYMENT_ID) VALUES ('non-clustered_pk-6', 'R3.Corda', 'migration/node-core.changelog-pkey.xml', NOW(), 76, '7:cb349ad07d3039e6d7d2f184988b954f', 'dropPrimaryKey constraintName=node_transaction_mappings_pkey, tableName=node_transaction_mappings; addPrimaryKey constraintName=node_transaction_mappings_pkey, tableName=node_transaction_mappings', '', 'MARK_RAN', NULL, NULL, '3.5.4', '0860134438')
14:02:14.935 [Test worker] DEBUG liquibase - master.changelog.json: migration/node-core.changelog-pkey.xml::non-clustered_pk-7::R3.Corda: Running Changeset:migration/node-core.changelog-pkey.xml::non-clustered_pk-7::R3.Corda
14:02:14.936 [Test worker] DEBUG liquibase - master.changelog.json: migration/node-core.changelog-pkey.xml::non-clustered_pk-7::R3.Corda: Executing EXECUTE database command: INSERT INTO PUBLIC.DATABASECHANGELOG (ID, AUTHOR, FILENAME, DATEEXECUTED, ORDEREXECUTED, MD5SUM, DESCRIPTION, COMMENTS, EXECTYPE, CONTEXTS, LABELS, LIQUIBASE, DEPLOYMENT_ID) VALUES ('non-clustered_pk-7', 'R3.Corda', 'migration/node-core.changelog-pkey.xml', NOW(), 77, '7:97c3ef240152c18129859ea5ae999c9e', 'dropPrimaryKey constraintName=node_transactions_pkey, tableName=node_transactions; addPrimaryKey constraintName=node_transactions_pkey, tableName=node_transactions', '', 'MARK_RAN', NULL, NULL, '3.5.4', '0860134438')
14:02:14.939 [Test worker] DEBUG liquibase - master.changelog.json: migration/node-core.changelog-v8.xml::conditional_attchments_rename::R3.Corda: Running Changeset:migration/node-core.changelog-v8.xml::conditional_attchments_rename::R3.Corda
14:02:14.939 [Test worker] DEBUG liquibase - master.changelog.json: migration/node-core.changelog-v8.xml::conditional_attchments_rename::R3.Corda: Changeset migration/node-core.changelog-v8.xml::conditional_attchments_rename::R3.Corda
14:02:14.991 [Test worker] INFO liquibase - master.changelog.json: migration/node-core.changelog-v8.xml::conditional_attchments_rename::R3.Corda: Marking ChangeSet: migration/node-core.changelog-v8.xml::conditional_attchments_rename::R3.Corda ran despite precondition failure due to onFail='MARK_RAN': 
          master.changelog.json : Table PUBLIC.NODE_ATTCHMENTS_CONTRACTS does not exist

14:02:14.992 [Test worker] DEBUG liquibase - master.changelog.json: migration/node-core.changelog-v8.xml::conditional_attchments_rename::R3.Corda: Skipping ChangeSet: migration/node-core.changelog-v8.xml::conditional_attchments_rename::R3.Corda
14:02:14.993 [Test worker] DEBUG liquibase - master.changelog.json: migration/node-core.changelog-v8.xml::conditional_attchments_rename::R3.Corda: Executing EXECUTE database command: INSERT INTO PUBLIC.DATABASECHANGELOG (ID, AUTHOR, FILENAME, DATEEXECUTED, ORDEREXECUTED, MD5SUM, DESCRIPTION, COMMENTS, EXECTYPE, CONTEXTS, LABELS, LIQUIBASE, DEPLOYMENT_ID) VALUES ('conditional_attchments_rename', 'R3.Corda', 'migration/node-core.changelog-v8.xml', NOW(), 78, '7:c7fcf1b072eb8882179623895abd6a53', 'renameTable newTableName=NODE_ATTACHMENTS_CONTRACTS, oldTableName=NODE_ATTCHMENTS_CONTRACTS', '', 'MARK_RAN', NULL, NULL, '3.5.4', '0860134438')
14:02:14.994 [Test worker] DEBUG liquibase - master.changelog.json: migration/node-core.changelog-v8.xml::conditional_attchments_contracts::R3.Corda: Running Changeset:migration/node-core.changelog-v8.xml::conditional_attchments_contracts::R3.Corda
14:02:14.994 [Test worker] DEBUG liquibase - master.changelog.json: migration/node-core.changelog-v8.xml::conditional_attchments_contracts::R3.Corda: Changeset migration/node-core.changelog-v8.xml::conditional_attchments_contracts::R3.Corda
14:02:15.051 [Test worker] INFO liquibase - master.changelog.json: migration/node-core.changelog-v8.xml::conditional_attchments_contracts::R3.Corda: Marking ChangeSet: migration/node-core.changelog-v8.xml::conditional_attchments_contracts::R3.Corda ran despite precondition failure due to onFail='MARK_RAN': 
          master.changelog.json : Table PUBLIC.NODE_ATTACHMENTS_CONTRACT_CLASS_NAME does not exist

14:02:15.051 [Test worker] DEBUG liquibase - master.changelog.json: migration/node-core.changelog-v8.xml::conditional_attchments_contracts::R3.Corda: Skipping ChangeSet: migration/node-core.changelog-v8.xml::conditional_attchments_contracts::R3.Corda
14:02:15.052 [Test worker] DEBUG liquibase - master.changelog.json: migration/node-core.changelog-v8.xml::conditional_attchments_contracts::R3.Corda: Executing EXECUTE database command: INSERT INTO PUBLIC.DATABASECHANGELOG (ID, AUTHOR, FILENAME, DATEEXECUTED, ORDEREXECUTED, MD5SUM, DESCRIPTION, COMMENTS, EXECTYPE, CONTEXTS, LABELS, LIQUIBASE, DEPLOYMENT_ID) VALUES ('conditional_attchments_contracts', 'R3.Corda', 'migration/node-core.changelog-v8.xml', NOW(), 79, '7:9ec85543b6baac8a877ad21f063a5b13', 'renameTable newTableName=NODE_ATTACHMENTS_CONTRACTS, oldTableName=NODE_ATTACHMENTS_CONTRACT_CLASS_NAME', '', 'MARK_RAN', NULL, NULL, '3.5.4', '0860134438')
14:02:15.053 [Test worker] DEBUG liquibase - master.changelog.json: migration/node-core.changelog-v8.xml::add_signers::R3.Corda: Running Changeset:migration/node-core.changelog-v8.xml::add_signers::R3.Corda
14:02:15.053 [Test worker] DEBUG liquibase - master.changelog.json: migration/node-core.changelog-v8.xml::add_signers::R3.Corda: Changeset migration/node-core.changelog-v8.xml::add_signers::R3.Corda
14:02:15.053 [Test worker] DEBUG liquibase - master.changelog.json: migration/node-core.changelog-v8.xml::add_signers::R3.Corda: Reading ChangeSet: migration/node-core.changelog-v8.xml::add_signers::R3.Corda
14:02:15.053 [Test worker] DEBUG liquibase - master.changelog.json: migration/node-core.changelog-v8.xml::add_signers::R3.Corda: Executing Statement: liquibase.statement.core.CreateTableStatement@3c154a2d
14:02:15.053 [Test worker] DEBUG liquibase - master.changelog.json: migration/node-core.changelog-v8.xml::add_signers::R3.Corda: Executing EXECUTE database command: CREATE TABLE PUBLIC.node_attachments_signers (att_id NVARCHAR(255) NOT NULL, signer NVARCHAR(1024))
14:02:15.054 [Test worker] INFO liquibase - master.changelog.json: migration/node-core.changelog-v8.xml::add_signers::R3.Corda: Table node_attachments_signers created
14:02:15.054 [Test worker] DEBUG liquibase - master.changelog.json: migration/node-core.changelog-v8.xml::add_signers::R3.Corda: Executing Statement: liquibase.statement.core.AddForeignKeyConstraintStatement@585468
14:02:15.054 [Test worker] DEBUG liquibase - master.changelog.json: migration/node-core.changelog-v8.xml::add_signers::R3.Corda: Executing EXECUTE database command: ALTER TABLE PUBLIC.node_attachments_signers ADD CONSTRAINT FK__signers__attachments FOREIGN KEY (att_id) REFERENCES PUBLIC.node_attachments (att_id)
14:02:15.055 [Test worker] INFO liquibase - master.changelog.json: migration/node-core.changelog-v8.xml::add_signers::R3.Corda: Foreign key constraint added to node_attachments_signers (att_id)
14:02:15.055 [Test worker] INFO liquibase - master.changelog.json: migration/node-core.changelog-v8.xml::add_signers::R3.Corda: ChangeSet migration/node-core.changelog-v8.xml::add_signers::R3.Corda ran successfully in 2ms
14:02:15.056 [Test worker] DEBUG liquibase - master.changelog.json: migration/node-core.changelog-v8.xml::add_signers::R3.Corda: Executing EXECUTE database command: INSERT INTO PUBLIC.DATABASECHANGELOG (ID, AUTHOR, FILENAME, DATEEXECUTED, ORDEREXECUTED, MD5SUM, DESCRIPTION, COMMENTS, EXECTYPE, CONTEXTS, LABELS, LIQUIBASE, DEPLOYMENT_ID) VALUES ('add_signers', 'R3.Corda', 'migration/node-core.changelog-v8.xml', NOW(), 80, '7:d1356cd65d19937b81284ea078998d84', 'createTable tableName=node_attachments_signers; addForeignKeyConstraint baseTableName=node_attachments_signers, constraintName=FK__signers__attachments, referencedTableName=node_attachments', '', 'EXECUTED', NULL, NULL, '3.5.4', '0860134438')
14:02:15.057 [Test worker] DEBUG liquibase - master.changelog.json: migration/node-core.changelog-tx-mapping.xml::add_tx_mapping_column::R3.Corda: Running Changeset:migration/node-core.changelog-tx-mapping.xml::add_tx_mapping_column::R3.Corda
14:02:15.057 [Test worker] DEBUG liquibase - master.changelog.json: migration/node-core.changelog-tx-mapping.xml::add_tx_mapping_column::R3.Corda: Changeset migration/node-core.changelog-tx-mapping.xml::add_tx_mapping_column::R3.Corda
14:02:15.058 [Test worker] DEBUG liquibase - master.changelog.json: migration/node-core.changelog-tx-mapping.xml::add_tx_mapping_column::R3.Corda: Reading ChangeSet: migration/node-core.changelog-tx-mapping.xml::add_tx_mapping_column::R3.Corda
14:02:15.058 [Test worker] DEBUG liquibase - master.changelog.json: migration/node-core.changelog-tx-mapping.xml::add_tx_mapping_column::R3.Corda: Executing Statement: liquibase.statement.core.AddColumnStatement@3d3adf0c
14:02:15.058 [Test worker] DEBUG liquibase - master.changelog.json: migration/node-core.changelog-tx-mapping.xml::add_tx_mapping_column::R3.Corda: Executing EXECUTE database command: ALTER TABLE PUBLIC.node_transactions ADD state_machine_run_id NVARCHAR(36)
14:02:15.060 [Test worker] INFO liquibase - master.changelog.json: migration/node-core.changelog-tx-mapping.xml::add_tx_mapping_column::R3.Corda: Columns state_machine_run_id(NVARCHAR(36)) added to node_transactions
14:02:15.061 [Test worker] DEBUG liquibase - master.changelog.json: migration/node-core.changelog-tx-mapping.xml::add_tx_mapping_column::R3.Corda: Executing Statement: update node_transactions set state_machine_run_id=(select state_machine_run_id from
            node_transaction_mappings where node_transactions.tx_id = node_transaction_mappings.tx_id)
14:02:15.085 [Test worker] DEBUG liquibase - master.changelog.json: migration/node-core.changelog-tx-mapping.xml::add_tx_mapping_column::R3.Corda: Executing EXECUTE database command: update node_transactions set state_machine_run_id=(select state_machine_run_id from
            node_transaction_mappings where node_transactions.tx_id = node_transaction_mappings.tx_id)
14:02:15.085 [Test worker] INFO liquibase - master.changelog.json: migration/node-core.changelog-tx-mapping.xml::add_tx_mapping_column::R3.Corda: Custom SQL executed
14:02:15.085 [Test worker] DEBUG liquibase - master.changelog.json: migration/node-core.changelog-tx-mapping.xml::add_tx_mapping_column::R3.Corda: Executing Statement: liquibase.statement.core.DropTableStatement@604c4c17
14:02:15.085 [Test worker] DEBUG liquibase - master.changelog.json: migration/node-core.changelog-tx-mapping.xml::add_tx_mapping_column::R3.Corda: Executing EXECUTE database command: DROP TABLE PUBLIC.node_transaction_mappings
14:02:15.086 [Test worker] INFO liquibase - master.changelog.json: migration/node-core.changelog-tx-mapping.xml::add_tx_mapping_column::R3.Corda: Table node_transaction_mappings dropped
14:02:15.086 [Test worker] INFO liquibase - master.changelog.json: migration/node-core.changelog-tx-mapping.xml::add_tx_mapping_column::R3.Corda: ChangeSet migration/node-core.changelog-tx-mapping.xml::add_tx_mapping_column::R3.Corda ran successfully in 29ms
14:02:15.087 [Test worker] DEBUG liquibase - master.changelog.json: migration/node-core.changelog-tx-mapping.xml::add_tx_mapping_column::R3.Corda: Executing EXECUTE database command: INSERT INTO PUBLIC.DATABASECHANGELOG (ID, AUTHOR, FILENAME, DATEEXECUTED, ORDEREXECUTED, MD5SUM, DESCRIPTION, COMMENTS, EXECTYPE, CONTEXTS, LABELS, LIQUIBASE, DEPLOYMENT_ID) VALUES ('add_tx_mapping_column', 'R3.Corda', 'migration/node-core.changelog-tx-mapping.xml', NOW(), 81, '7:a0995593179aec45250c383611edd1e2', 'addColumn tableName=node_transactions; sql; dropTable tableName=node_transaction_mappings', '', 'EXECUTED', NULL, NULL, '3.5.4', '0860134438')
14:02:15.088 [Test worker] DEBUG liquibase - master.changelog.json: migration/node-services.changelog-init.xml::add_network_parameters_storage::R3.Corda: Running Changeset:migration/node-services.changelog-init.xml::add_network_parameters_storage::R3.Corda
14:02:15.088 [Test worker] DEBUG liquibase - master.changelog.json: migration/node-services.changelog-init.xml::add_network_parameters_storage::R3.Corda: Changeset migration/node-services.changelog-init.xml::add_network_parameters_storage::R3.Corda
14:02:15.088 [Test worker] DEBUG liquibase - master.changelog.json: migration/node-services.changelog-init.xml::add_network_parameters_storage::R3.Corda: Reading ChangeSet: migration/node-services.changelog-init.xml::add_network_parameters_storage::R3.Corda
14:02:15.088 [Test worker] DEBUG liquibase - master.changelog.json: migration/node-services.changelog-init.xml::add_network_parameters_storage::R3.Corda: Executing Statement: liquibase.statement.core.CreateTableStatement@a42ba26
14:02:15.089 [Test worker] DEBUG liquibase - master.changelog.json: migration/node-services.changelog-init.xml::add_network_parameters_storage::R3.Corda: Executing EXECUTE database command: CREATE TABLE PUBLIC.node_network_parameters (hash NVARCHAR(130) NOT NULL, epoch INT NOT NULL, parameters_bytes BLOB NOT NULL, signature_bytes BLOB NOT NULL, cert BLOB NOT NULL, parent_cert_path BLOB NOT NULL)
14:02:15.135 [Test worker] INFO liquibase - master.changelog.json: migration/node-services.changelog-init.xml::add_network_parameters_storage::R3.Corda: Table node_network_parameters created
14:02:15.135 [Test worker] INFO liquibase - master.changelog.json: migration/node-services.changelog-init.xml::add_network_parameters_storage::R3.Corda: ChangeSet migration/node-services.changelog-init.xml::add_network_parameters_storage::R3.Corda ran successfully in 47ms
14:02:15.137 [Test worker] DEBUG liquibase - master.changelog.json: migration/node-services.changelog-init.xml::add_network_parameters_storage::R3.Corda: Executing EXECUTE database command: INSERT INTO PUBLIC.DATABASECHANGELOG (ID, AUTHOR, FILENAME, DATEEXECUTED, ORDEREXECUTED, MD5SUM, DESCRIPTION, COMMENTS, EXECTYPE, CONTEXTS, LABELS, LIQUIBASE, DEPLOYMENT_ID) VALUES ('add_network_parameters_storage', 'R3.Corda', 'migration/node-services.changelog-init.xml', NOW(), 82, '7:8d5882f94d9f58647903210994573073', 'createTable tableName=node_network_parameters', '', 'EXECUTED', NULL, NULL, '3.5.4', '0860134438')
14:02:15.138 [Test worker] DEBUG liquibase - master.changelog.json: migration/node-services.changelog-init.xml::network_parameters_pk::R3.Corda: Running Changeset:migration/node-services.changelog-init.xml::network_parameters_pk::R3.Corda
14:02:15.138 [Test worker] DEBUG liquibase - master.changelog.json: migration/node-services.changelog-init.xml::network_parameters_pk::R3.Corda: Changeset migration/node-services.changelog-init.xml::network_parameters_pk::R3.Corda
14:02:15.138 [Test worker] DEBUG liquibase - master.changelog.json: migration/node-services.changelog-init.xml::network_parameters_pk::R3.Corda: Reading ChangeSet: migration/node-services.changelog-init.xml::network_parameters_pk::R3.Corda
14:02:15.138 [Test worker] DEBUG liquibase - master.changelog.json: migration/node-services.changelog-init.xml::network_parameters_pk::R3.Corda: Executing Statement: liquibase.statement.core.AddPrimaryKeyStatement@70ab86d0
14:02:15.138 [Test worker] DEBUG liquibase - master.changelog.json: migration/node-services.changelog-init.xml::network_parameters_pk::R3.Corda: Executing EXECUTE database command: ALTER TABLE PUBLIC.node_network_parameters ADD CONSTRAINT node_network_parameters_pkey PRIMARY KEY (hash)
14:02:15.139 [Test worker] INFO liquibase - master.changelog.json: migration/node-services.changelog-init.xml::network_parameters_pk::R3.Corda: Primary key added to node_network_parameters (hash)
14:02:15.139 [Test worker] INFO liquibase - master.changelog.json: migration/node-services.changelog-init.xml::network_parameters_pk::R3.Corda: ChangeSet migration/node-services.changelog-init.xml::network_parameters_pk::R3.Corda ran successfully in 1ms
14:02:15.141 [Test worker] DEBUG liquibase - master.changelog.json: migration/node-services.changelog-init.xml::network_parameters_pk::R3.Corda: Executing EXECUTE database command: INSERT INTO PUBLIC.DATABASECHANGELOG (ID, AUTHOR, FILENAME, DATEEXECUTED, ORDEREXECUTED, MD5SUM, DESCRIPTION, COMMENTS, EXECTYPE, CONTEXTS, LABELS, LIQUIBASE, DEPLOYMENT_ID) VALUES ('network_parameters_pk', 'R3.Corda', 'migration/node-services.changelog-init.xml', NOW(), 83, '7:71635301bd498e4d52b02988795348e6', 'addPrimaryKey constraintName=node_network_parameters_pkey, tableName=node_network_parameters', '', 'EXECUTED', NULL, NULL, '3.5.4', '0860134438')
14:02:15.142 [Test worker] DEBUG liquibase - master.changelog.json: migration/node-services.changelog-init.xml::add_version_column::R3.Corda: Running Changeset:migration/node-services.changelog-init.xml::add_version_column::R3.Corda
14:02:15.142 [Test worker] DEBUG liquibase - master.changelog.json: migration/node-services.changelog-init.xml::add_version_column::R3.Corda: Changeset migration/node-services.changelog-init.xml::add_version_column::R3.Corda
14:02:15.142 [Test worker] DEBUG liquibase - master.changelog.json: migration/node-services.changelog-init.xml::add_version_column::R3.Corda: Reading ChangeSet: migration/node-services.changelog-init.xml::add_version_column::R3.Corda
14:02:15.142 [Test worker] DEBUG liquibase - master.changelog.json: migration/node-services.changelog-init.xml::add_version_column::R3.Corda: Executing Statement: liquibase.statement.core.AddColumnStatement@3f67b54b
14:02:15.142 [Test worker] DEBUG liquibase - master.changelog.json: migration/node-services.changelog-init.xml::add_version_column::R3.Corda: Executing EXECUTE database command: ALTER TABLE PUBLIC.node_attachments ADD version INT
14:02:15.163 [Test worker] INFO liquibase - master.changelog.json: migration/node-services.changelog-init.xml::add_version_column::R3.Corda: Columns version(INT) added to node_attachments
14:02:15.164 [Test worker] DEBUG liquibase - master.changelog.json: migration/node-services.changelog-init.xml::add_version_column::R3.Corda: Executing Statement: update node_attachments set version = 1
14:02:15.165 [Test worker] DEBUG liquibase - master.changelog.json: migration/node-services.changelog-init.xml::add_version_column::R3.Corda: Executing EXECUTE database command: update node_attachments set version = 1
14:02:15.165 [Test worker] INFO liquibase - master.changelog.json: migration/node-services.changelog-init.xml::add_version_column::R3.Corda: Custom SQL executed
14:02:15.165 [Test worker] DEBUG liquibase - master.changelog.json: migration/node-services.changelog-init.xml::add_version_column::R3.Corda: Executing Statement: liquibase.statement.core.SetNullableStatement@2077a544
14:02:15.166 [Test worker] DEBUG liquibase - master.changelog.json: migration/node-services.changelog-init.xml::add_version_column::R3.Corda: Executing EXECUTE database command: ALTER TABLE PUBLIC.node_attachments ALTER COLUMN version SET NOT NULL
14:02:15.166 [Test worker] INFO liquibase - master.changelog.json: migration/node-services.changelog-init.xml::add_version_column::R3.Corda: Null constraint has been added to node_attachments.version
14:02:15.166 [Test worker] INFO liquibase - master.changelog.json: migration/node-services.changelog-init.xml::add_version_column::R3.Corda: ChangeSet migration/node-services.changelog-init.xml::add_version_column::R3.Corda ran successfully in 24ms
14:02:15.177 [Test worker] DEBUG liquibase - master.changelog.json: migration/node-services.changelog-init.xml::add_version_column::R3.Corda: Executing EXECUTE database command: INSERT INTO PUBLIC.DATABASECHANGELOG (ID, AUTHOR, FILENAME, DATEEXECUTED, ORDEREXECUTED, MD5SUM, DESCRIPTION, COMMENTS, EXECTYPE, CONTEXTS, LABELS, LIQUIBASE, DEPLOYMENT_ID) VALUES ('add_version_column', 'R3.Corda', 'migration/node-services.changelog-init.xml', NOW(), 84, '7:7d7fb1c90fa05b5fc3b938fd7c520344', 'addColumn tableName=node_attachments; sql; addNotNullConstraint columnName=version, tableName=node_attachments', '', 'EXECUTED', NULL, NULL, '3.5.4', '0860134438')
14:02:15.178 [Test worker] DEBUG liquibase - master.changelog.json: migration/node-services.changelog-init.xml::update-version-of-whitelisted-jars::R3.Corda: Running Changeset:migration/node-services.changelog-init.xml::update-version-of-whitelisted-jars::R3.Corda
14:02:15.178 [Test worker] DEBUG liquibase - master.changelog.json: migration/node-services.changelog-init.xml::update-version-of-whitelisted-jars::R3.Corda: Changeset migration/node-services.changelog-init.xml::update-version-of-whitelisted-jars::R3.Corda
14:02:15.178 [Test worker] DEBUG liquibase - master.changelog.json: migration/node-services.changelog-init.xml::update-version-of-whitelisted-jars::R3.Corda: Reading ChangeSet: migration/node-services.changelog-init.xml::update-version-of-whitelisted-jars::R3.Corda
14:02:15.178 [Test worker] DEBUG liquibase - master.changelog.json: migration/node-services.changelog-init.xml::update-version-of-whitelisted-jars::R3.Corda: WARNING The following SQL may change each run and therefore is possibly incorrect and/or invalid:
14:02:15.178 [Test worker] INFO net.corda.nodeapi.internal.persistence.AttachmentVersionNumberMigration - Start executing...
14:02:15.186 [Test worker] INFO net.corda.nodeapi.internal.persistence.AttachmentVersionNumberMigration - Attachment version creation from whitelisted JARs using network parameters from build\mock-network\20191012-060133.950\nodes\2\network-parameters, whitelistedContractImplementations: {}.
14:02:15.186 [Test worker] INFO net.corda.nodeapi.internal.persistence.AttachmentVersionNumberMigration - Attachment version creation from whitelisted JARs skipped, no attachments not found.
14:02:15.186 [Test worker] INFO liquibase - master.changelog.json: migration/node-services.changelog-init.xml::update-version-of-whitelisted-jars::R3.Corda: null
14:02:15.186 [Test worker] INFO liquibase - master.changelog.json: migration/node-services.changelog-init.xml::update-version-of-whitelisted-jars::R3.Corda: ChangeSet migration/node-services.changelog-init.xml::update-version-of-whitelisted-jars::R3.Corda ran successfully in 8ms
14:02:15.187 [Test worker] DEBUG liquibase - master.changelog.json: migration/node-services.changelog-init.xml::update-version-of-whitelisted-jars::R3.Corda: Executing EXECUTE database command: INSERT INTO PUBLIC.DATABASECHANGELOG (ID, AUTHOR, FILENAME, DATEEXECUTED, ORDEREXECUTED, MD5SUM, DESCRIPTION, COMMENTS, EXECTYPE, CONTEXTS, LABELS, LIQUIBASE, DEPLOYMENT_ID) VALUES ('update-version-of-whitelisted-jars', 'R3.Corda', 'migration/node-services.changelog-init.xml', NOW(), 85, '7:706b589854273bdf703c4ed7a2a9191b', 'customChange', '', 'EXECUTED', NULL, NULL, '3.5.4', '0860134438')
14:02:15.188 [Test worker] DEBUG liquibase - master.changelog.json: migration/vault-schema.changelog-v9.xml::update-vault-states::R3.Corda: Running Changeset:migration/vault-schema.changelog-v9.xml::update-vault-states::R3.Corda
14:02:15.188 [Test worker] DEBUG liquibase - master.changelog.json: migration/vault-schema.changelog-v9.xml::update-vault-states::R3.Corda: Changeset migration/vault-schema.changelog-v9.xml::update-vault-states::R3.Corda
14:02:15.188 [Test worker] DEBUG liquibase - master.changelog.json: migration/vault-schema.changelog-v9.xml::update-vault-states::R3.Corda: Reading ChangeSet: migration/vault-schema.changelog-v9.xml::update-vault-states::R3.Corda
14:02:15.188 [Test worker] DEBUG liquibase - master.changelog.json: migration/vault-schema.changelog-v9.xml::update-vault-states::R3.Corda: WARNING The following SQL may change each run and therefore is possibly incorrect and/or invalid:
14:02:15.188 [Test worker] INFO net.corda.node.migration.VaultStateMigration - Migrating vault state data to V4 tables
14:02:15.191 [Test worker] INFO net.corda.nodeapi.internal.persistence.HibernateConfiguration - Init HibernateConfiguration for schemas: [VaultMigrationSchemaV1(name=net.corda.node.migration.VaultMigrationSchema, version=1), VaultSchemaV1(name=net.corda.node.services.vault.VaultSchema, version=1)]
14:02:15.191 [Test worker] INFO net.corda.nodeapi.internal.persistence.HibernateConfiguration - Creating session factory for schemas: [VaultMigrationSchemaV1(name=net.corda.node.migration.VaultMigrationSchema, version=1), VaultSchemaV1(name=net.corda.node.services.vault.VaultSchema, version=1)]
?[37m[INFO] 14:02:15,206 [Test worker] internal.ConnectionProviderInitiator.initiateService - HHH000130: Instantiating explicit connection provider: net.corda.nodeapi.internal.persistence.HibernateConfiguration$NodeDatabaseConnectionProvider
?[m?[37m[INFO] 14:02:15,213 [Test worker] dialect.Dialect.<init> - HHH000400: Using dialect: org.hibernate.dialect.H2Dialect
?[m?[37m[INFO] 14:02:15,223 [Test worker] type.BasicTypeRegistry.register - HHH000270: Type registration [materialized_blob] overrides previous : org.hibernate.type.MaterializedBlobType@1a028fcc
?[m?[37m[INFO] 14:02:15,301 [Test worker] connections.access.getIsolatedConnection - HHH10001501: Connection obtained from JdbcConnectionAccess [org.hibernate.engine.jdbc.env.internal.JdbcEnvironmentInitiator$ConnectionProviderJdbcConnectionAccess@47d80370] for (non-JTA) DDL execution was not in auto-commit mode; the Connection 'local transaction' will be committed and the Connection will be set into auto-commit mode.
?[m14:02:15.503 [Test worker] INFO net.corda.nodeapi.internal.persistence.HibernateConfiguration - Created session factory for schemas: [VaultMigrationSchemaV1(name=net.corda.node.migration.VaultMigrationSchema, version=1), VaultSchemaV1(name=net.corda.node.services.vault.VaultSchema, version=1)]
?[37m[INFO] 14:02:15,504 [Test worker] internal.QueryTranslatorFactoryInitiator.initiateService - HHH000397: Using ASTQueryTranslatorFactory
?[m14:02:15.523 [Test worker] DEBUG net.corda.node.migration.VaultStateIterator - Found 0 total states in the vault
14:02:15.527 [Test worker] DEBUG net.corda.node.migration.VaultStateIterator - Loaded page 1 of 0. Current page has 0 vault states
14:02:15.528 [Test worker] INFO net.corda.node.migration.VaultStateMigration - Finished performing vault state data migration for 0 states
14:02:15.528 [Test worker] INFO liquibase - master.changelog.json: migration/vault-schema.changelog-v9.xml::update-vault-states::R3.Corda: null
14:02:15.528 [Test worker] INFO liquibase - master.changelog.json: migration/vault-schema.changelog-v9.xml::update-vault-states::R3.Corda: ChangeSet migration/vault-schema.changelog-v9.xml::update-vault-states::R3.Corda ran successfully in 340ms
14:02:15.529 [Test worker] DEBUG liquibase - master.changelog.json: migration/vault-schema.changelog-v9.xml::update-vault-states::R3.Corda: Executing EXECUTE database command: INSERT INTO PUBLIC.DATABASECHANGELOG (ID, AUTHOR, FILENAME, DATEEXECUTED, ORDEREXECUTED, MD5SUM, DESCRIPTION, COMMENTS, EXECTYPE, CONTEXTS, LABELS, LIQUIBASE, DEPLOYMENT_ID) VALUES ('update-vault-states', 'R3.Corda', 'migration/vault-schema.changelog-v9.xml', NOW(), 86, '7:b005d9ddca6ae24f7eb8c275fb095a30', 'customChange', '', 'EXECUTED', NULL, NULL, '3.5.4', '0860134438')
14:02:15.529 [Test worker] DEBUG liquibase - Release Database Lock
14:02:15.529 [Test worker] DEBUG liquibase - Executing UPDATE database command: UPDATE PUBLIC.DATABASECHANGELOGLOCK SET LOCKED = FALSE, LOCKEDBY = NULL, LOCKGRANTED = NULL WHERE ID = 1
14:02:15.530 [Test worker] INFO liquibase - Successfully released change log lock
14:02:15.530 [Test worker] DEBUG com.zaxxer.hikari.pool.PoolBase - HikariPool-3 - Reset (autoCommit, isolation) on connection conn23: url=jdbc:h2:mem:node_2_net_6416157275649019694_persistence user=SA
14:02:15.531 [Test worker] DEBUG com.zaxxer.hikari.pool.PoolBase - HikariPool-3 - Reset (autoCommit, isolation) on connection conn23: url=jdbc:h2:mem:node_2_net_6416157275649019694_persistence user=SA
14:02:15.531 [Test worker] INFO net.corda.testing.node.internal.InternalMockNetwork$MockNode - Connected to H2 database.
14:02:15.531 [Test worker] DEBUG com.zaxxer.hikari.pool.PoolBase - HikariPool-3 - Reset (autoCommit, isolation) on connection conn23: url=jdbc:h2:mem:node_2_net_6416157275649019694_persistence user=SA
14:02:15.532 [Test worker] INFO net.corda.testing.node.internal.InternalMockNetwork$MockNode - identity-private-key not found in key store, generating fresh key!
14:02:15.611 [Test worker] INFO net.corda.nodeapi.internal.persistence.HibernateConfiguration - Init HibernateConfiguration for schemas: [CommonSchemaV1(name=net.corda.core.schemas.CommonSchema, version=1), VaultSchemaV1(name=net.corda.node.services.vault.VaultSchema, version=1), NodeInfoSchemaV1(name=net.corda.node.internal.schemas.NodeInfoSchema, version=1), NodeCoreV1(name=net.corda.node.services.schema.NodeSchemaService$NodeCore, version=1)]
14:02:15.612 [Test worker] INFO net.corda.nodeapi.internal.persistence.HibernateConfiguration - Creating session factory for schemas: [CommonSchemaV1(name=net.corda.core.schemas.CommonSchema, version=1), VaultSchemaV1(name=net.corda.node.services.vault.VaultSchema, version=1), NodeInfoSchemaV1(name=net.corda.node.internal.schemas.NodeInfoSchema, version=1), NodeCoreV1(name=net.corda.node.services.schema.NodeSchemaService$NodeCore, version=1)]
?[37m[INFO] 14:02:15,634 [Test worker] internal.ConnectionProviderInitiator.initiateService - HHH000130: Instantiating explicit connection provider: net.corda.nodeapi.internal.persistence.HibernateConfiguration$NodeDatabaseConnectionProvider
?[m14:02:15.645 [Test worker] DEBUG com.zaxxer.hikari.pool.PoolBase - HikariPool-3 - Reset (autoCommit, isolation) on connection conn23: url=jdbc:h2:mem:node_2_net_6416157275649019694_persistence user=SA
?[37m[INFO] 14:02:15,643 [Test worker] dialect.Dialect.<init> - HHH000400: Using dialect: org.hibernate.dialect.H2Dialect
?[m?[37m[INFO] 14:02:15,650 [Test worker] type.BasicTypeRegistry.register - HHH000270: Type registration [materialized_blob] overrides previous : org.hibernate.type.MaterializedBlobType@1a028fcc
?[m?[37m[INFO] 14:02:15,842 [Test worker] connections.access.getIsolatedConnection - HHH10001501: Connection obtained from JdbcConnectionAccess [org.hibernate.engine.jdbc.env.internal.JdbcEnvironmentInitiator$ConnectionProviderJdbcConnectionAccess@3012ca81] for (non-JTA) DDL execution was not in auto-commit mode; the Connection 'local transaction' will be committed and the Connection will be set into auto-commit mode.
?[m14:02:15.938 [Test worker] DEBUG com.zaxxer.hikari.pool.PoolBase - HikariPool-3 - Reset (autoCommit, isolation) on connection conn23: url=jdbc:h2:mem:node_2_net_6416157275649019694_persistence user=SA
14:02:15.960 [Test worker] INFO net.corda.nodeapi.internal.persistence.HibernateConfiguration - Created session factory for schemas: [CommonSchemaV1(name=net.corda.core.schemas.CommonSchema, version=1), VaultSchemaV1(name=net.corda.node.services.vault.VaultSchema, version=1), NodeInfoSchemaV1(name=net.corda.node.internal.schemas.NodeInfoSchema, version=1), NodeCoreV1(name=net.corda.node.services.schema.NodeSchemaService$NodeCore, version=1)]
?[37m[INFO] 14:02:15,963 [Test worker] internal.QueryTranslatorFactoryInitiator.initiateService - HHH000397: Using ASTQueryTranslatorFactory
?[m14:02:15.971 [Test worker] INFO net.corda.testing.node.internal.InternalMockNetwork$MockNode - Node-info has changed so submitting update. Old node-info was null
14:02:15.971 [Test worker] INFO net.corda.node.services.network.PersistentNetworkMapCache - Adding node with info: NodeInfo(addresses=[mock.node:1000], legalIdentitiesAndCerts=[O=Broker1, L=New York, C=US], platformVersion=4, serial=1570860135971)
14:02:15.973 [Test worker] INFO net.corda.node.services.network.PersistentNetworkMapCache - No previous node found
14:02:15.975 [Test worker] DEBUG net.corda.node.services.identity.PersistentIdentityService - Registering identity O=Broker1, L=New York, C=US
14:02:15.983 [Test worker] DEBUG net.corda.node.services.network.PersistentNetworkMapCache - Done adding node with info: NodeInfo(addresses=[mock.node:1000], legalIdentitiesAndCerts=[O=Broker1, L=New York, C=US], platformVersion=4, serial=1570860135971)
14:02:15.983 [Test worker] INFO net.corda.testing.node.internal.InternalMockNetwork$MockNode - New node-info: NodeInfo(addresses=[mock.node:1000], legalIdentitiesAndCerts=[O=Broker1, L=New York, C=US], platformVersion=4, serial=1570860135971)
14:02:16.010 [Test worker] DEBUG com.zaxxer.hikari.pool.PoolBase - HikariPool-3 - Reset (autoCommit, isolation) on connection conn23: url=jdbc:h2:mem:node_2_net_6416157275649019694_persistence user=SA
14:02:16.011 [Test worker] INFO net.corda.node.services.network.NetworkMapUpdater - Auto-accept enabled for network parameter changes which modify only: [epoch, modifiedTime, packageOwnership, whitelistedContractImplementations]
14:02:16.015 [MockNode-3-2] DEBUG net.corda.node.services.network.NodeInfoWatcher - Reading SignedNodeInfo from build\mock-network\20191012-060133.950\nodes\2\additional-node-infos\nodeInfo-73FE1CDB8AF181DDEC1A4841D9260205F901521DBCC6B4C18C55E25BD375454A
14:02:16.020 [Test worker] DEBUG net.corda.node.services.identity.PersistentIdentityService - Identities loaded
14:02:16.029 [MockNode-3-2] DEBUG net.corda.node.services.network.NodeInfoWatcher - Read 1 NodeInfo files from build\mock-network\20191012-060133.950\nodes\2\additional-node-infos
14:02:16.029 [MockNode-3-2] DEBUG net.corda.node.services.network.NodeInfoWatcher - Number of removed NodeInfo files 0
14:02:16.030 [MockNode-3-2] INFO net.corda.node.services.network.PersistentNetworkMapCache - Adding node with info: NodeInfo(addresses=[mock.node:1000], legalIdentitiesAndCerts=[O=Broker1, L=New York, C=US], platformVersion=4, serial=1570860135971)
14:02:16.042 [MockNode-3-2] DEBUG com.zaxxer.hikari.pool.PoolBase - HikariPool-3 - Reset (autoCommit, isolation) on connection conn24: url=jdbc:h2:mem:node_2_net_6416157275649019694_persistence user=SA
14:02:16.043 [MockNode-3-2] INFO net.corda.node.services.network.PersistentNetworkMapCache - Previous node was identical to incoming one - doing nothing
14:02:16.043 [MockNode-3-2] DEBUG net.corda.node.services.network.PersistentNetworkMapCache - Done adding node with info: NodeInfo(addresses=[mock.node:1000], legalIdentitiesAndCerts=[O=Broker1, L=New York, C=US], platformVersion=4, serial=1570860135971)
14:02:16.207 [Test worker] INFO ClassloaderUtils - Contracts loading for 'C:\Users\user\AppData\Local\Temp\attachment2156796572917465534.jar' took 20 msec
14:02:16.216 [Test worker] INFO net.corda.node.services.persistence.NodeAttachmentService - Stored new attachment: id=CB453C52675BF53CA88619E8B05ADC65A5C045F27DFC48AD880BCCDA297B7E75 uploader=app filename=null
14:02:16.227 [Test worker] INFO net.corda.node.services.statemachine.SingleThreadedStateMachineManager - Node ready, info: NodeInfo(addresses=[mock.node:1000], legalIdentitiesAndCerts=[O=Broker1, L=New York, C=US], platformVersion=4, serial=1570860135971)
14:02:16.230 [Test worker] DEBUG com.zaxxer.hikari.pool.PoolBase - HikariPool-3 - Reset (autoCommit, isolation) on connection conn23: url=jdbc:h2:mem:node_2_net_6416157275649019694_persistence user=SA
14:02:16.232 [Test worker] INFO net.corda.node.services.network.PersistentNetworkMapCache - Adding node with info: NodeInfo(addresses=[mock.node:1000], legalIdentitiesAndCerts=[O=Notary Service, L=Zurich, C=CH], platformVersion=4, serial=1570860127953)
14:02:16.239 [Test worker] DEBUG com.zaxxer.hikari.pool.PoolBase - HikariPool-3 - Reset (autoCommit, isolation) on connection conn24: url=jdbc:h2:mem:node_2_net_6416157275649019694_persistence user=SA
14:02:16.239 [Test worker] INFO net.corda.node.services.network.PersistentNetworkMapCache - No previous node found
14:02:16.240 [pool-21-thread-1] DEBUG com.zaxxer.hikari.pool.PoolBase - HikariPool-3 - Reset (autoCommit, isolation) on connection conn23: url=jdbc:h2:mem:node_2_net_6416157275649019694_persistence user=SA
14:02:16.241 [Test worker] DEBUG net.corda.node.services.identity.PersistentIdentityService - Registering identity O=Notary Service, L=Zurich, C=CH
14:02:16.245 [Test worker] DEBUG com.zaxxer.hikari.pool.PoolBase - HikariPool-3 - Reset (autoCommit, isolation) on connection conn24: url=jdbc:h2:mem:node_2_net_6416157275649019694_persistence user=SA
14:02:16.253 [Test worker] DEBUG com.zaxxer.hikari.pool.PoolBase - HikariPool-3 - Reset (autoCommit, isolation) on connection conn24: url=jdbc:h2:mem:node_2_net_6416157275649019694_persistence user=SA
14:02:16.254 [Test worker] DEBUG net.corda.node.services.network.PersistentNetworkMapCache - Done adding node with info: NodeInfo(addresses=[mock.node:1000], legalIdentitiesAndCerts=[O=Notary Service, L=Zurich, C=CH], platformVersion=4, serial=1570860127953)
14:02:16.254 [Test worker] INFO net.corda.node.services.network.PersistentNetworkMapCache - Adding node with info: NodeInfo(addresses=[mock.node:1000], legalIdentitiesAndCerts=[O=Broker1, L=New York, C=US], platformVersion=4, serial=1570860135971)
14:02:16.255 [Test worker] DEBUG com.zaxxer.hikari.pool.PoolBase - HikariPool-1 - Reset (autoCommit, isolation) on connection conn2: url=jdbc:h2:mem:node_0_net_6416157275649019694_persistence user=SA
14:02:16.255 [Test worker] INFO net.corda.node.services.network.PersistentNetworkMapCache - No previous node found
14:02:16.258 [Test worker] DEBUG net.corda.node.services.identity.PersistentIdentityService - Registering identity O=Broker1, L=New York, C=US
14:02:16.261 [Test worker] DEBUG com.zaxxer.hikari.pool.PoolBase - HikariPool-1 - Reset (autoCommit, isolation) on connection conn2: url=jdbc:h2:mem:node_0_net_6416157275649019694_persistence user=SA
14:02:16.269 [Test worker] DEBUG com.zaxxer.hikari.pool.PoolBase - HikariPool-1 - Reset (autoCommit, isolation) on connection conn2: url=jdbc:h2:mem:node_0_net_6416157275649019694_persistence user=SA
14:02:16.270 [Test worker] DEBUG net.corda.node.services.network.PersistentNetworkMapCache - Done adding node with info: NodeInfo(addresses=[mock.node:1000], legalIdentitiesAndCerts=[O=Broker1, L=New York, C=US], platformVersion=4, serial=1570860135971)
14:02:16.270 [Test worker] INFO net.corda.node.services.network.PersistentNetworkMapCache - Adding node with info: NodeInfo(addresses=[mock.node:1000], legalIdentitiesAndCerts=[O=Client1, L=New York, C=US], platformVersion=4, serial=1570860133109)
14:02:16.271 [Test worker] DEBUG com.zaxxer.hikari.pool.PoolBase - HikariPool-3 - Reset (autoCommit, isolation) on connection conn24: url=jdbc:h2:mem:node_2_net_6416157275649019694_persistence user=SA
14:02:16.271 [Test worker] INFO net.corda.node.services.network.PersistentNetworkMapCache - No previous node found
14:02:16.273 [Test worker] DEBUG net.corda.node.services.identity.PersistentIdentityService - Registering identity O=Client1, L=New York, C=US
14:02:16.276 [Test worker] DEBUG com.zaxxer.hikari.pool.PoolBase - HikariPool-3 - Reset (autoCommit, isolation) on connection conn24: url=jdbc:h2:mem:node_2_net_6416157275649019694_persistence user=SA
14:02:16.283 [Test worker] DEBUG com.zaxxer.hikari.pool.PoolBase - HikariPool-3 - Reset (autoCommit, isolation) on connection conn24: url=jdbc:h2:mem:node_2_net_6416157275649019694_persistence user=SA
14:02:16.284 [Test worker] DEBUG net.corda.node.services.network.PersistentNetworkMapCache - Done adding node with info: NodeInfo(addresses=[mock.node:1000], legalIdentitiesAndCerts=[O=Client1, L=New York, C=US], platformVersion=4, serial=1570860133109)
14:02:16.284 [Test worker] INFO net.corda.node.services.network.PersistentNetworkMapCache - Adding node with info: NodeInfo(addresses=[mock.node:1000], legalIdentitiesAndCerts=[O=Broker1, L=New York, C=US], platformVersion=4, serial=1570860135971)
14:02:16.285 [Test worker] DEBUG com.zaxxer.hikari.pool.PoolBase - HikariPool-2 - Reset (autoCommit, isolation) on connection conn13: url=jdbc:h2:mem:node_1_net_6416157275649019694_persistence user=SA
14:02:16.285 [Test worker] INFO net.corda.node.services.network.PersistentNetworkMapCache - No previous node found
14:02:16.287 [Test worker] DEBUG net.corda.node.services.identity.PersistentIdentityService - Registering identity O=Broker1, L=New York, C=US
14:02:16.290 [Test worker] DEBUG com.zaxxer.hikari.pool.PoolBase - HikariPool-2 - Reset (autoCommit, isolation) on connection conn13: url=jdbc:h2:mem:node_1_net_6416157275649019694_persistence user=SA
14:02:16.298 [Test worker] DEBUG com.zaxxer.hikari.pool.PoolBase - HikariPool-2 - Reset (autoCommit, isolation) on connection conn13: url=jdbc:h2:mem:node_1_net_6416157275649019694_persistence user=SA
14:02:16.298 [Test worker] DEBUG net.corda.node.services.network.PersistentNetworkMapCache - Done adding node with info: NodeInfo(addresses=[mock.node:1000], legalIdentitiesAndCerts=[O=Broker1, L=New York, C=US], platformVersion=4, serial=1570860135971)
14:02:16.298 [Test worker] INFO net.corda.node.services.network.PersistentNetworkMapCache - Adding node with info: NodeInfo(addresses=[mock.node:1000], legalIdentitiesAndCerts=[O=Broker1, L=New York, C=US], platformVersion=4, serial=1570860135971)
14:02:16.298 [Test worker] INFO net.corda.node.services.network.PersistentNetworkMapCache - Previous node was identical to incoming one - doing nothing
14:02:16.298 [Test worker] DEBUG net.corda.node.services.network.PersistentNetworkMapCache - Done adding node with info: NodeInfo(addresses=[mock.node:1000], legalIdentitiesAndCerts=[O=Broker1, L=New York, C=US], platformVersion=4, serial=1570860135971)
14:02:16.298 [Test worker] INFO net.corda.node.services.network.PersistentNetworkMapCache - Adding node with info: NodeInfo(addresses=[mock.node:1000], legalIdentitiesAndCerts=[O=Broker1, L=New York, C=US], platformVersion=4, serial=1570860135971)
14:02:16.298 [Test worker] INFO net.corda.node.services.network.PersistentNetworkMapCache - Previous node was identical to incoming one - doing nothing
14:02:16.298 [Test worker] DEBUG net.corda.node.services.network.PersistentNetworkMapCache - Done adding node with info: NodeInfo(addresses=[mock.node:1000], legalIdentitiesAndCerts=[O=Broker1, L=New York, C=US], platformVersion=4, serial=1570860135971)
14:02:16.310 [Test worker] INFO net.corda.node.internal.cordapp.JarScanningCordappLoader - Looking for CorDapps in [build\mock-network\20191012-060133.950\nodes\3\cordapps]
14:02:16.311 [Test worker] INFO net.corda.node.internal.cordapp.JarScanningCordappLoader - Loading CorDapps from RestrictedURL(url=file:/D:/Arvinth/BlockChain/DerivHack-2019/GIT/cdm-corda/cdm-support/build/mock-network/20191012-060133.950/nodes/3/cordapps/custom-cordapp_1_4_55b4176a-1736-4c21-a214-762875044d4b.jar, rootPackageName=null)
14:02:16.311 [Test worker] INFO net.corda.node.internal.cordapp.JarScanningCordappLoader - Scanning CorDapp in file:/D:/Arvinth/BlockChain/DerivHack-2019/GIT/cdm-corda/cdm-support/build/mock-network/20191012-060133.950/nodes/3/cordapps/custom-cordapp_1_4_55b4176a-1736-4c21-a214-762875044d4b.jar
14:02:16.492 [Test worker] DEBUG net.corda.node.services.persistence.NodePropertiesPersistentStore - Node's flow execution mode property key: NABOB_flowsExecutionMode
14:02:16.497 [Test worker] INFO net.corda.testing.node.internal.InternalMockNetwork$MockNode - Node starting up ...
14:02:16.594 [Test worker] DEBUG net.corda.node.internal.NodeFlowManager - Installed core flow net.corda.core.flows.FinalityFlow
14:02:16.594 [Test worker] DEBUG net.corda.node.internal.NodeFlowManager - Installed core flow net.corda.core.flows.NotaryChangeFlow
14:02:16.594 [Test worker] DEBUG net.corda.node.internal.NodeFlowManager - Installed core flow net.corda.core.flows.ContractUpgradeFlow$Initiate
14:02:16.594 [Test worker] DEBUG net.corda.node.internal.NodeFlowManager - Installed core flow net.corda.confidential.SwapIdentitiesFlow
14:02:16.594 [Test worker] INFO net.corda.node.internal.NodeFlowManager - Registered net.corda.cdmsupport.testflow.TestAffirmationFlow to initiate net.corda.cdmsupport.testflow.AffirmationFlowResponder (version 1)
14:02:16.594 [Test worker] INFO net.corda.node.internal.NodeFlowManager - Registered net.corda.cdmsupport.testflow.TestObservableFlow to initiate net.corda.cdmsupport.testflow.ReceiveObservableFlow (version 1)
14:02:16.595 [Test worker] INFO net.corda.node.internal.NodeFlowManager - Registered net.corda.cdmsupport.testflow.TestFlowInitiating to initiate net.corda.cdmsupport.testflow.TestFlowInitiated (version 1)
14:02:16.602 [Test worker] INFO net.corda.testing.node.internal.InternalMockNetwork$MockNode - Loaded network parameters: NetworkParameters {
      minimumPlatformVersion=4
      notaries=[NotaryInfo(identity=O=Notary Service, L=Zurich, C=CH, validating=true)]
      maxMessageSize=10485760
      maxTransactionSize=524288000
      whitelistedContractImplementations {
        
      }
      eventHorizon=PT720H
      packageOwnership {
        
      }
      modifiedTime=2019-10-12T06:01:33.321Z
      epoch=1
  }
14:02:16.602 [Test worker] DEBUG com.zaxxer.hikari.HikariConfig - HikariPool-4 - configuration:
14:02:16.603 [Test worker] DEBUG com.zaxxer.hikari.HikariConfig - allowPoolSuspension.............false
14:02:16.603 [Test worker] DEBUG com.zaxxer.hikari.HikariConfig - autoCommit......................true
14:02:16.603 [Test worker] DEBUG com.zaxxer.hikari.HikariConfig - catalog.........................null
14:02:16.603 [Test worker] DEBUG com.zaxxer.hikari.HikariConfig - connectionInitSql...............null
14:02:16.603 [Test worker] DEBUG com.zaxxer.hikari.HikariConfig - connectionTestQuery.............null
14:02:16.603 [Test worker] DEBUG com.zaxxer.hikari.HikariConfig - connectionTimeout...............30000
14:02:16.603 [Test worker] DEBUG com.zaxxer.hikari.HikariConfig - dataSource......................null
14:02:16.603 [Test worker] DEBUG com.zaxxer.hikari.HikariConfig - dataSourceClassName............."org.h2.jdbcx.JdbcDataSource"
14:02:16.603 [Test worker] DEBUG com.zaxxer.hikari.HikariConfig - dataSourceJNDI..................null
14:02:16.603 [Test worker] DEBUG com.zaxxer.hikari.HikariConfig - dataSourceProperties............{user=sa, url=jdbc:h2:mem:node_3_net_6416157275649019694_persistence;LOCK_TIMEOUT=10000;DB_CLOSE_ON_EXIT=FALSE, password=<masked>}
14:02:16.603 [Test worker] DEBUG com.zaxxer.hikari.HikariConfig - driverClassName.................null
14:02:16.603 [Test worker] DEBUG com.zaxxer.hikari.HikariConfig - healthCheckProperties...........{}
14:02:16.603 [Test worker] DEBUG com.zaxxer.hikari.HikariConfig - healthCheckRegistry.............null
14:02:16.603 [Test worker] DEBUG com.zaxxer.hikari.HikariConfig - idleTimeout.....................600000
14:02:16.603 [Test worker] DEBUG com.zaxxer.hikari.HikariConfig - initializationFailFast..........true
14:02:16.603 [Test worker] DEBUG com.zaxxer.hikari.HikariConfig - isolateInternalQueries..........false
14:02:16.603 [Test worker] DEBUG com.zaxxer.hikari.HikariConfig - jdbc4ConnectionTest.............false
14:02:16.603 [Test worker] DEBUG com.zaxxer.hikari.HikariConfig - jdbcUrl.........................null
14:02:16.603 [Test worker] DEBUG com.zaxxer.hikari.HikariConfig - leakDetectionThreshold..........0
14:02:16.603 [Test worker] DEBUG com.zaxxer.hikari.HikariConfig - maxLifetime.....................1800000
14:02:16.603 [Test worker] DEBUG com.zaxxer.hikari.HikariConfig - maximumPoolSize.................10
14:02:16.603 [Test worker] DEBUG com.zaxxer.hikari.HikariConfig - metricRegistry..................null
14:02:16.603 [Test worker] DEBUG com.zaxxer.hikari.HikariConfig - metricsTrackerFactory...........null
14:02:16.603 [Test worker] DEBUG com.zaxxer.hikari.HikariConfig - minimumIdle.....................10
14:02:16.603 [Test worker] DEBUG com.zaxxer.hikari.HikariConfig - password........................<masked>
14:02:16.603 [Test worker] DEBUG com.zaxxer.hikari.HikariConfig - poolName........................"HikariPool-4"
14:02:16.604 [Test worker] DEBUG com.zaxxer.hikari.HikariConfig - readOnly........................false
14:02:16.604 [Test worker] DEBUG com.zaxxer.hikari.HikariConfig - registerMbeans..................false
14:02:16.604 [Test worker] DEBUG com.zaxxer.hikari.HikariConfig - scheduledExecutorService........null
14:02:16.604 [Test worker] DEBUG com.zaxxer.hikari.HikariConfig - threadFactory...................null
14:02:16.604 [Test worker] DEBUG com.zaxxer.hikari.HikariConfig - transactionIsolation............null
14:02:16.604 [Test worker] DEBUG com.zaxxer.hikari.HikariConfig - username........................null
14:02:16.604 [Test worker] DEBUG com.zaxxer.hikari.HikariConfig - validationTimeout...............5000
14:02:16.604 [Test worker] INFO com.zaxxer.hikari.HikariDataSource - HikariPool-4 - Started.
14:02:16.618 [HikariPool-4 connection adder] DEBUG com.zaxxer.hikari.pool.HikariPool - HikariPool-4 - Added connection conn34: url=jdbc:h2:mem:node_3_net_6416157275649019694_persistence user=SA
14:02:16.627 [Test worker] DEBUG liquibase - Connected to SA@jdbc:h2:mem:node_3_net_6416157275649019694_persistence
14:02:16.628 [Test worker] DEBUG liquibase - Setting auto commit to false from true
14:02:16.633 [Test worker] DEBUG liquibase - Opening jar:file:/C:/Users/user/.gradle/caches/modules-2/files-2.1/net.corda/corda-node/4.1/45583a2ad1dc5cdd2b90b4ff6d3bfe980bbba0cc/corda-node-4.1.jar!/migration/common.changelog-master.xml as migration/common.changelog-master.xml
14:02:16.635 [Test worker] DEBUG liquibase - Resolving XML entity name='null', publicId='null', baseURI='null', systemId='http://www.liquibase.org/xml/ns/dbchangelog/dbchangelog-3.5.xsd'
14:02:16.635 [Test worker] DEBUG LiquibaseSchemaResolver - Found namespace details class liquibase.parser.core.xml.StandardNamespaceDetails for http://www.liquibase.org/xml/ns/dbchangelog/dbchangelog-3.5.xsd
14:02:16.635 [Test worker] DEBUG LiquibaseSchemaResolver - Local path for http://www.liquibase.org/xml/ns/dbchangelog/dbchangelog-3.5.xsd is liquibase/parser/core/xml/dbchangelog-3.5.xsd
14:02:16.636 [Test worker] DEBUG liquibase - Opening jar:file:/C:/Users/user/.gradle/caches/modules-2/files-2.1/org.liquibase/liquibase-core/3.5.5/c65051f327382018bd09c30380f25eac96f210da/liquibase-core-3.5.5.jar!/liquibase/parser/core/xml/dbchangelog-3.5.xsd as liquibase/parser/core/xml/dbchangelog-3.5.xsd
14:02:16.636 [Test worker] DEBUG LiquibaseSchemaResolver - Successfully loaded XSD from liquibase/parser/core/xml/dbchangelog-3.5.xsd
14:02:16.643 [Test worker] DEBUG liquibase - Opening jar:file:/C:/Users/user/.gradle/caches/modules-2/files-2.1/net.corda/corda-node/4.1/45583a2ad1dc5cdd2b90b4ff6d3bfe980bbba0cc/corda-node-4.1.jar!/migration/common.changelog-init.xml as migration/common.changelog-init.xml
14:02:16.645 [Test worker] DEBUG liquibase - Resolving XML entity name='null', publicId='null', baseURI='null', systemId='http://www.liquibase.org/xml/ns/dbchangelog/dbchangelog-3.5.xsd'
14:02:16.645 [Test worker] DEBUG LiquibaseSchemaResolver - Found namespace details class liquibase.parser.core.xml.StandardNamespaceDetails for http://www.liquibase.org/xml/ns/dbchangelog/dbchangelog-3.5.xsd
14:02:16.645 [Test worker] DEBUG LiquibaseSchemaResolver - Local path for http://www.liquibase.org/xml/ns/dbchangelog/dbchangelog-3.5.xsd is liquibase/parser/core/xml/dbchangelog-3.5.xsd
14:02:16.645 [Test worker] DEBUG liquibase - Opening jar:file:/C:/Users/user/.gradle/caches/modules-2/files-2.1/org.liquibase/liquibase-core/3.5.5/c65051f327382018bd09c30380f25eac96f210da/liquibase-core-3.5.5.jar!/liquibase/parser/core/xml/dbchangelog-3.5.xsd as liquibase/parser/core/xml/dbchangelog-3.5.xsd
14:02:16.646 [Test worker] DEBUG LiquibaseSchemaResolver - Successfully loaded XSD from liquibase/parser/core/xml/dbchangelog-3.5.xsd
14:02:16.652 [Test worker] DEBUG liquibase - Opening jar:file:/C:/Users/user/.gradle/caches/modules-2/files-2.1/net.corda/corda-node/4.1/45583a2ad1dc5cdd2b90b4ff6d3bfe980bbba0cc/corda-node-4.1.jar!/migration/vault-schema.changelog-master.xml as migration/vault-schema.changelog-master.xml
14:02:16.653 [Test worker] DEBUG liquibase - Resolving XML entity name='null', publicId='null', baseURI='null', systemId='http://www.liquibase.org/xml/ns/dbchangelog/dbchangelog-3.5.xsd'
14:02:16.653 [Test worker] DEBUG LiquibaseSchemaResolver - Found namespace details class liquibase.parser.core.xml.StandardNamespaceDetails for http://www.liquibase.org/xml/ns/dbchangelog/dbchangelog-3.5.xsd
14:02:16.653 [Test worker] DEBUG LiquibaseSchemaResolver - Local path for http://www.liquibase.org/xml/ns/dbchangelog/dbchangelog-3.5.xsd is liquibase/parser/core/xml/dbchangelog-3.5.xsd
14:02:16.654 [Test worker] DEBUG liquibase - Opening jar:file:/C:/Users/user/.gradle/caches/modules-2/files-2.1/org.liquibase/liquibase-core/3.5.5/c65051f327382018bd09c30380f25eac96f210da/liquibase-core-3.5.5.jar!/liquibase/parser/core/xml/dbchangelog-3.5.xsd as liquibase/parser/core/xml/dbchangelog-3.5.xsd
14:02:16.654 [Test worker] DEBUG LiquibaseSchemaResolver - Successfully loaded XSD from liquibase/parser/core/xml/dbchangelog-3.5.xsd
14:02:16.659 [Test worker] DEBUG liquibase - Opening jar:file:/C:/Users/user/.gradle/caches/modules-2/files-2.1/net.corda/corda-node/4.1/45583a2ad1dc5cdd2b90b4ff6d3bfe980bbba0cc/corda-node-4.1.jar!/migration/vault-schema.changelog-init.xml as migration/vault-schema.changelog-init.xml
14:02:16.661 [Test worker] DEBUG liquibase - Resolving XML entity name='null', publicId='null', baseURI='null', systemId='http://www.liquibase.org/xml/ns/dbchangelog/dbchangelog-3.5.xsd'
14:02:16.661 [Test worker] DEBUG LiquibaseSchemaResolver - Found namespace details class liquibase.parser.core.xml.StandardNamespaceDetails for http://www.liquibase.org/xml/ns/dbchangelog/dbchangelog-3.5.xsd
14:02:16.661 [Test worker] DEBUG LiquibaseSchemaResolver - Local path for http://www.liquibase.org/xml/ns/dbchangelog/dbchangelog-3.5.xsd is liquibase/parser/core/xml/dbchangelog-3.5.xsd
14:02:16.661 [Test worker] DEBUG liquibase - Opening jar:file:/C:/Users/user/.gradle/caches/modules-2/files-2.1/org.liquibase/liquibase-core/3.5.5/c65051f327382018bd09c30380f25eac96f210da/liquibase-core-3.5.5.jar!/liquibase/parser/core/xml/dbchangelog-3.5.xsd as liquibase/parser/core/xml/dbchangelog-3.5.xsd
14:02:16.662 [Test worker] DEBUG LiquibaseSchemaResolver - Successfully loaded XSD from liquibase/parser/core/xml/dbchangelog-3.5.xsd
14:02:16.669 [Test worker] DEBUG liquibase - Opening jar:file:/C:/Users/user/.gradle/caches/modules-2/files-2.1/net.corda/corda-node/4.1/45583a2ad1dc5cdd2b90b4ff6d3bfe980bbba0cc/corda-node-4.1.jar!/migration/vault-schema.changelog-v3.xml as migration/vault-schema.changelog-v3.xml
14:02:16.671 [Test worker] DEBUG liquibase - Resolving XML entity name='null', publicId='null', baseURI='null', systemId='http://www.liquibase.org/xml/ns/dbchangelog/dbchangelog-3.5.xsd'
14:02:16.671 [Test worker] DEBUG LiquibaseSchemaResolver - Found namespace details class liquibase.parser.core.xml.StandardNamespaceDetails for http://www.liquibase.org/xml/ns/dbchangelog/dbchangelog-3.5.xsd
14:02:16.671 [Test worker] DEBUG LiquibaseSchemaResolver - Local path for http://www.liquibase.org/xml/ns/dbchangelog/dbchangelog-3.5.xsd is liquibase/parser/core/xml/dbchangelog-3.5.xsd
14:02:16.672 [Test worker] DEBUG liquibase - Opening jar:file:/C:/Users/user/.gradle/caches/modules-2/files-2.1/org.liquibase/liquibase-core/3.5.5/c65051f327382018bd09c30380f25eac96f210da/liquibase-core-3.5.5.jar!/liquibase/parser/core/xml/dbchangelog-3.5.xsd as liquibase/parser/core/xml/dbchangelog-3.5.xsd
14:02:16.672 [Test worker] DEBUG LiquibaseSchemaResolver - Successfully loaded XSD from liquibase/parser/core/xml/dbchangelog-3.5.xsd
14:02:16.678 [Test worker] DEBUG liquibase - Opening jar:file:/C:/Users/user/.gradle/caches/modules-2/files-2.1/net.corda/corda-node/4.1/45583a2ad1dc5cdd2b90b4ff6d3bfe980bbba0cc/corda-node-4.1.jar!/migration/vault-schema.changelog-v4.xml as migration/vault-schema.changelog-v4.xml
14:02:16.680 [Test worker] DEBUG liquibase - Resolving XML entity name='null', publicId='null', baseURI='null', systemId='http://www.liquibase.org/xml/ns/dbchangelog/dbchangelog-3.5.xsd'
14:02:16.680 [Test worker] DEBUG LiquibaseSchemaResolver - Found namespace details class liquibase.parser.core.xml.StandardNamespaceDetails for http://www.liquibase.org/xml/ns/dbchangelog/dbchangelog-3.5.xsd
14:02:16.680 [Test worker] DEBUG LiquibaseSchemaResolver - Local path for http://www.liquibase.org/xml/ns/dbchangelog/dbchangelog-3.5.xsd is liquibase/parser/core/xml/dbchangelog-3.5.xsd
14:02:16.681 [Test worker] DEBUG liquibase - Opening jar:file:/C:/Users/user/.gradle/caches/modules-2/files-2.1/org.liquibase/liquibase-core/3.5.5/c65051f327382018bd09c30380f25eac96f210da/liquibase-core-3.5.5.jar!/liquibase/parser/core/xml/dbchangelog-3.5.xsd as liquibase/parser/core/xml/dbchangelog-3.5.xsd
14:02:16.681 [Test worker] DEBUG LiquibaseSchemaResolver - Successfully loaded XSD from liquibase/parser/core/xml/dbchangelog-3.5.xsd
14:02:16.689 [Test worker] DEBUG liquibase - Opening jar:file:/C:/Users/user/.gradle/caches/modules-2/files-2.1/net.corda/corda-node/4.1/45583a2ad1dc5cdd2b90b4ff6d3bfe980bbba0cc/corda-node-4.1.jar!/migration/vault-schema.changelog-pkey.xml as migration/vault-schema.changelog-pkey.xml
14:02:16.692 [Test worker] DEBUG liquibase - Resolving XML entity name='null', publicId='null', baseURI='null', systemId='http://www.liquibase.org/xml/ns/dbchangelog/dbchangelog-3.5.xsd'
14:02:16.693 [Test worker] DEBUG LiquibaseSchemaResolver - Found namespace details class liquibase.parser.core.xml.StandardNamespaceDetails for http://www.liquibase.org/xml/ns/dbchangelog/dbchangelog-3.5.xsd
14:02:16.693 [Test worker] DEBUG LiquibaseSchemaResolver - Local path for http://www.liquibase.org/xml/ns/dbchangelog/dbchangelog-3.5.xsd is liquibase/parser/core/xml/dbchangelog-3.5.xsd
14:02:16.694 [Test worker] DEBUG liquibase - Opening jar:file:/C:/Users/user/.gradle/caches/modules-2/files-2.1/org.liquibase/liquibase-core/3.5.5/c65051f327382018bd09c30380f25eac96f210da/liquibase-core-3.5.5.jar!/liquibase/parser/core/xml/dbchangelog-3.5.xsd as liquibase/parser/core/xml/dbchangelog-3.5.xsd
14:02:16.695 [Test worker] DEBUG LiquibaseSchemaResolver - Successfully loaded XSD from liquibase/parser/core/xml/dbchangelog-3.5.xsd
14:02:16.712 [HikariPool-4 housekeeper] DEBUG com.zaxxer.hikari.pool.HikariPool - HikariPool-4 - Pool stats (total=1, active=1, idle=0, waiting=0)
14:02:16.712 [Test worker] DEBUG liquibase - Opening jar:file:/C:/Users/user/.gradle/caches/modules-2/files-2.1/net.corda/corda-node/4.1/45583a2ad1dc5cdd2b90b4ff6d3bfe980bbba0cc/corda-node-4.1.jar!/migration/vault-schema.changelog-v5.xml as migration/vault-schema.changelog-v5.xml
14:02:16.714 [HikariPool-4 connection adder] DEBUG com.zaxxer.hikari.pool.HikariPool - HikariPool-4 - Added connection conn35: url=jdbc:h2:mem:node_3_net_6416157275649019694_persistence user=SA
14:02:16.714 [Test worker] DEBUG liquibase - Resolving XML entity name='null', publicId='null', baseURI='null', systemId='http://www.liquibase.org/xml/ns/dbchangelog/dbchangelog-3.5.xsd'
14:02:16.714 [Test worker] DEBUG LiquibaseSchemaResolver - Found namespace details class liquibase.parser.core.xml.StandardNamespaceDetails for http://www.liquibase.org/xml/ns/dbchangelog/dbchangelog-3.5.xsd
14:02:16.714 [Test worker] DEBUG LiquibaseSchemaResolver - Local path for http://www.liquibase.org/xml/ns/dbchangelog/dbchangelog-3.5.xsd is liquibase/parser/core/xml/dbchangelog-3.5.xsd
14:02:16.714 [Test worker] DEBUG liquibase - Opening jar:file:/C:/Users/user/.gradle/caches/modules-2/files-2.1/org.liquibase/liquibase-core/3.5.5/c65051f327382018bd09c30380f25eac96f210da/liquibase-core-3.5.5.jar!/liquibase/parser/core/xml/dbchangelog-3.5.xsd as liquibase/parser/core/xml/dbchangelog-3.5.xsd
14:02:16.715 [Test worker] DEBUG LiquibaseSchemaResolver - Successfully loaded XSD from liquibase/parser/core/xml/dbchangelog-3.5.xsd
14:02:16.717 [HikariPool-4 connection adder] DEBUG com.zaxxer.hikari.pool.HikariPool - HikariPool-4 - Added connection conn36: url=jdbc:h2:mem:node_3_net_6416157275649019694_persistence user=SA
14:02:16.718 [HikariPool-4 connection adder] DEBUG com.zaxxer.hikari.pool.HikariPool - HikariPool-4 - Added connection conn37: url=jdbc:h2:mem:node_3_net_6416157275649019694_persistence user=SA
14:02:16.719 [HikariPool-4 connection adder] DEBUG com.zaxxer.hikari.pool.HikariPool - HikariPool-4 - Added connection conn38: url=jdbc:h2:mem:node_3_net_6416157275649019694_persistence user=SA
14:02:16.720 [HikariPool-4 connection adder] DEBUG com.zaxxer.hikari.pool.HikariPool - HikariPool-4 - Added connection conn39: url=jdbc:h2:mem:node_3_net_6416157275649019694_persistence user=SA
14:02:16.722 [Test worker] DEBUG liquibase - Opening jar:file:/C:/Users/user/.gradle/caches/modules-2/files-2.1/net.corda/corda-node/4.1/45583a2ad1dc5cdd2b90b4ff6d3bfe980bbba0cc/corda-node-4.1.jar!/migration/vault-schema.changelog-v6.xml as migration/vault-schema.changelog-v6.xml
14:02:16.724 [Test worker] DEBUG liquibase - Resolving XML entity name='null', publicId='null', baseURI='null', systemId='http://www.liquibase.org/xml/ns/dbchangelog/dbchangelog-3.5.xsd'
14:02:16.724 [HikariPool-4 connection adder] DEBUG com.zaxxer.hikari.pool.HikariPool - HikariPool-4 - Added connection conn40: url=jdbc:h2:mem:node_3_net_6416157275649019694_persistence user=SA
14:02:16.724 [Test worker] DEBUG LiquibaseSchemaResolver - Found namespace details class liquibase.parser.core.xml.StandardNamespaceDetails for http://www.liquibase.org/xml/ns/dbchangelog/dbchangelog-3.5.xsd
14:02:16.724 [Test worker] DEBUG LiquibaseSchemaResolver - Local path for http://www.liquibase.org/xml/ns/dbchangelog/dbchangelog-3.5.xsd is liquibase/parser/core/xml/dbchangelog-3.5.xsd
14:02:16.725 [Test worker] DEBUG liquibase - Opening jar:file:/C:/Users/user/.gradle/caches/modules-2/files-2.1/org.liquibase/liquibase-core/3.5.5/c65051f327382018bd09c30380f25eac96f210da/liquibase-core-3.5.5.jar!/liquibase/parser/core/xml/dbchangelog-3.5.xsd as liquibase/parser/core/xml/dbchangelog-3.5.xsd
14:02:16.725 [Test worker] DEBUG LiquibaseSchemaResolver - Successfully loaded XSD from liquibase/parser/core/xml/dbchangelog-3.5.xsd
14:02:16.731 [Test worker] DEBUG liquibase - Opening jar:file:/C:/Users/user/.gradle/caches/modules-2/files-2.1/net.corda/corda-node/4.1/45583a2ad1dc5cdd2b90b4ff6d3bfe980bbba0cc/corda-node-4.1.jar!/migration/vault-schema.changelog-v7.xml as migration/vault-schema.changelog-v7.xml
14:02:16.733 [HikariPool-4 connection adder] DEBUG com.zaxxer.hikari.pool.HikariPool - HikariPool-4 - Added connection conn41: url=jdbc:h2:mem:node_3_net_6416157275649019694_persistence user=SA
14:02:16.734 [HikariPool-4 connection adder] DEBUG com.zaxxer.hikari.pool.HikariPool - HikariPool-4 - Added connection conn42: url=jdbc:h2:mem:node_3_net_6416157275649019694_persistence user=SA
14:02:16.735 [HikariPool-4 connection adder] DEBUG com.zaxxer.hikari.pool.HikariPool - HikariPool-4 - Added connection conn43: url=jdbc:h2:mem:node_3_net_6416157275649019694_persistence user=SA
14:02:16.736 [HikariPool-4 connection adder] DEBUG com.zaxxer.hikari.pool.HikariPool - HikariPool-4 - After adding stats (total=10, active=1, idle=9, waiting=0)
14:02:16.747 [Test worker] DEBUG liquibase - Resolving XML entity name='null', publicId='null', baseURI='null', systemId='http://www.liquibase.org/xml/ns/dbchangelog/dbchangelog-3.5.xsd'
14:02:16.747 [Test worker] DEBUG LiquibaseSchemaResolver - Found namespace details class liquibase.parser.core.xml.StandardNamespaceDetails for http://www.liquibase.org/xml/ns/dbchangelog/dbchangelog-3.5.xsd
14:02:16.747 [Test worker] DEBUG LiquibaseSchemaResolver - Local path for http://www.liquibase.org/xml/ns/dbchangelog/dbchangelog-3.5.xsd is liquibase/parser/core/xml/dbchangelog-3.5.xsd
14:02:16.747 [Test worker] DEBUG liquibase - Opening jar:file:/C:/Users/user/.gradle/caches/modules-2/files-2.1/org.liquibase/liquibase-core/3.5.5/c65051f327382018bd09c30380f25eac96f210da/liquibase-core-3.5.5.jar!/liquibase/parser/core/xml/dbchangelog-3.5.xsd as liquibase/parser/core/xml/dbchangelog-3.5.xsd
14:02:16.748 [Test worker] DEBUG LiquibaseSchemaResolver - Successfully loaded XSD from liquibase/parser/core/xml/dbchangelog-3.5.xsd
14:02:16.755 [Test worker] DEBUG liquibase - Opening jar:file:/C:/Users/user/.gradle/caches/modules-2/files-2.1/net.corda/corda-node/4.1/45583a2ad1dc5cdd2b90b4ff6d3bfe980bbba0cc/corda-node-4.1.jar!/migration/vault-schema.changelog-v8.xml as migration/vault-schema.changelog-v8.xml
14:02:16.760 [Test worker] DEBUG liquibase - Resolving XML entity name='null', publicId='null', baseURI='null', systemId='http://www.liquibase.org/xml/ns/dbchangelog/dbchangelog-3.5.xsd'
14:02:16.760 [Test worker] DEBUG LiquibaseSchemaResolver - Found namespace details class liquibase.parser.core.xml.StandardNamespaceDetails for http://www.liquibase.org/xml/ns/dbchangelog/dbchangelog-3.5.xsd
14:02:16.760 [Test worker] DEBUG LiquibaseSchemaResolver - Local path for http://www.liquibase.org/xml/ns/dbchangelog/dbchangelog-3.5.xsd is liquibase/parser/core/xml/dbchangelog-3.5.xsd
14:02:16.761 [Test worker] DEBUG liquibase - Opening jar:file:/C:/Users/user/.gradle/caches/modules-2/files-2.1/org.liquibase/liquibase-core/3.5.5/c65051f327382018bd09c30380f25eac96f210da/liquibase-core-3.5.5.jar!/liquibase/parser/core/xml/dbchangelog-3.5.xsd as liquibase/parser/core/xml/dbchangelog-3.5.xsd
14:02:16.761 [Test worker] DEBUG LiquibaseSchemaResolver - Successfully loaded XSD from liquibase/parser/core/xml/dbchangelog-3.5.xsd
14:02:16.769 [Test worker] DEBUG liquibase - Opening jar:file:/C:/Users/user/.gradle/caches/modules-2/files-2.1/net.corda/corda-node/4.1/45583a2ad1dc5cdd2b90b4ff6d3bfe980bbba0cc/corda-node-4.1.jar!/migration/node-info.changelog-master.xml as migration/node-info.changelog-master.xml
14:02:16.771 [Test worker] DEBUG liquibase - Resolving XML entity name='null', publicId='null', baseURI='null', systemId='http://www.liquibase.org/xml/ns/dbchangelog/dbchangelog-3.5.xsd'
14:02:16.771 [Test worker] DEBUG LiquibaseSchemaResolver - Found namespace details class liquibase.parser.core.xml.StandardNamespaceDetails for http://www.liquibase.org/xml/ns/dbchangelog/dbchangelog-3.5.xsd
14:02:16.772 [Test worker] DEBUG LiquibaseSchemaResolver - Local path for http://www.liquibase.org/xml/ns/dbchangelog/dbchangelog-3.5.xsd is liquibase/parser/core/xml/dbchangelog-3.5.xsd
14:02:16.772 [Test worker] DEBUG liquibase - Opening jar:file:/C:/Users/user/.gradle/caches/modules-2/files-2.1/org.liquibase/liquibase-core/3.5.5/c65051f327382018bd09c30380f25eac96f210da/liquibase-core-3.5.5.jar!/liquibase/parser/core/xml/dbchangelog-3.5.xsd as liquibase/parser/core/xml/dbchangelog-3.5.xsd
14:02:16.773 [Test worker] DEBUG LiquibaseSchemaResolver - Successfully loaded XSD from liquibase/parser/core/xml/dbchangelog-3.5.xsd
14:02:16.779 [Test worker] DEBUG liquibase - Opening jar:file:/C:/Users/user/.gradle/caches/modules-2/files-2.1/net.corda/corda-node/4.1/45583a2ad1dc5cdd2b90b4ff6d3bfe980bbba0cc/corda-node-4.1.jar!/migration/node-info.changelog-init.xml as migration/node-info.changelog-init.xml
14:02:16.783 [Test worker] DEBUG liquibase - Resolving XML entity name='null', publicId='null', baseURI='null', systemId='http://www.liquibase.org/xml/ns/dbchangelog/dbchangelog-3.5.xsd'
14:02:16.783 [Test worker] DEBUG LiquibaseSchemaResolver - Found namespace details class liquibase.parser.core.xml.StandardNamespaceDetails for http://www.liquibase.org/xml/ns/dbchangelog/dbchangelog-3.5.xsd
14:02:16.784 [Test worker] DEBUG LiquibaseSchemaResolver - Local path for http://www.liquibase.org/xml/ns/dbchangelog/dbchangelog-3.5.xsd is liquibase/parser/core/xml/dbchangelog-3.5.xsd
14:02:16.785 [Test worker] DEBUG liquibase - Opening jar:file:/C:/Users/user/.gradle/caches/modules-2/files-2.1/org.liquibase/liquibase-core/3.5.5/c65051f327382018bd09c30380f25eac96f210da/liquibase-core-3.5.5.jar!/liquibase/parser/core/xml/dbchangelog-3.5.xsd as liquibase/parser/core/xml/dbchangelog-3.5.xsd
14:02:16.786 [Test worker] DEBUG LiquibaseSchemaResolver - Successfully loaded XSD from liquibase/parser/core/xml/dbchangelog-3.5.xsd
14:02:16.794 [Test worker] DEBUG liquibase - Opening jar:file:/C:/Users/user/.gradle/caches/modules-2/files-2.1/net.corda/corda-node/4.1/45583a2ad1dc5cdd2b90b4ff6d3bfe980bbba0cc/corda-node-4.1.jar!/migration/node-info.changelog-v1.xml as migration/node-info.changelog-v1.xml
14:02:16.795 [Test worker] DEBUG liquibase - Resolving XML entity name='null', publicId='null', baseURI='null', systemId='http://www.liquibase.org/xml/ns/dbchangelog/dbchangelog-3.5.xsd'
14:02:16.796 [Test worker] DEBUG LiquibaseSchemaResolver - Found namespace details class liquibase.parser.core.xml.StandardNamespaceDetails for http://www.liquibase.org/xml/ns/dbchangelog/dbchangelog-3.5.xsd
14:02:16.796 [Test worker] DEBUG LiquibaseSchemaResolver - Local path for http://www.liquibase.org/xml/ns/dbchangelog/dbchangelog-3.5.xsd is liquibase/parser/core/xml/dbchangelog-3.5.xsd
14:02:16.797 [Test worker] DEBUG liquibase - Opening jar:file:/C:/Users/user/.gradle/caches/modules-2/files-2.1/org.liquibase/liquibase-core/3.5.5/c65051f327382018bd09c30380f25eac96f210da/liquibase-core-3.5.5.jar!/liquibase/parser/core/xml/dbchangelog-3.5.xsd as liquibase/parser/core/xml/dbchangelog-3.5.xsd
14:02:16.797 [Test worker] DEBUG LiquibaseSchemaResolver - Successfully loaded XSD from liquibase/parser/core/xml/dbchangelog-3.5.xsd
14:02:16.815 [Test worker] DEBUG liquibase - Opening jar:file:/C:/Users/user/.gradle/caches/modules-2/files-2.1/net.corda/corda-node/4.1/45583a2ad1dc5cdd2b90b4ff6d3bfe980bbba0cc/corda-node-4.1.jar!/migration/node-info.changelog-v2.xml as migration/node-info.changelog-v2.xml
14:02:16.818 [Test worker] DEBUG liquibase - Resolving XML entity name='null', publicId='null', baseURI='null', systemId='http://www.liquibase.org/xml/ns/dbchangelog/dbchangelog-3.5.xsd'
14:02:16.818 [Test worker] DEBUG LiquibaseSchemaResolver - Found namespace details class liquibase.parser.core.xml.StandardNamespaceDetails for http://www.liquibase.org/xml/ns/dbchangelog/dbchangelog-3.5.xsd
14:02:16.819 [Test worker] DEBUG LiquibaseSchemaResolver - Local path for http://www.liquibase.org/xml/ns/dbchangelog/dbchangelog-3.5.xsd is liquibase/parser/core/xml/dbchangelog-3.5.xsd
14:02:16.820 [Test worker] DEBUG liquibase - Opening jar:file:/C:/Users/user/.gradle/caches/modules-2/files-2.1/org.liquibase/liquibase-core/3.5.5/c65051f327382018bd09c30380f25eac96f210da/liquibase-core-3.5.5.jar!/liquibase/parser/core/xml/dbchangelog-3.5.xsd as liquibase/parser/core/xml/dbchangelog-3.5.xsd
14:02:16.821 [Test worker] DEBUG LiquibaseSchemaResolver - Successfully loaded XSD from liquibase/parser/core/xml/dbchangelog-3.5.xsd
14:02:16.831 [Test worker] DEBUG liquibase - Opening jar:file:/C:/Users/user/.gradle/caches/modules-2/files-2.1/net.corda/corda-node/4.1/45583a2ad1dc5cdd2b90b4ff6d3bfe980bbba0cc/corda-node-4.1.jar!/migration/node-info.changelog-v3.xml as migration/node-info.changelog-v3.xml
14:02:16.834 [Test worker] DEBUG liquibase - Resolving XML entity name='null', publicId='null', baseURI='null', systemId='http://www.liquibase.org/xml/ns/dbchangelog/dbchangelog-3.5.xsd'
14:02:16.835 [Test worker] DEBUG LiquibaseSchemaResolver - Found namespace details class liquibase.parser.core.xml.StandardNamespaceDetails for http://www.liquibase.org/xml/ns/dbchangelog/dbchangelog-3.5.xsd
14:02:16.835 [Test worker] DEBUG LiquibaseSchemaResolver - Local path for http://www.liquibase.org/xml/ns/dbchangelog/dbchangelog-3.5.xsd is liquibase/parser/core/xml/dbchangelog-3.5.xsd
14:02:16.836 [Test worker] DEBUG liquibase - Opening jar:file:/C:/Users/user/.gradle/caches/modules-2/files-2.1/org.liquibase/liquibase-core/3.5.5/c65051f327382018bd09c30380f25eac96f210da/liquibase-core-3.5.5.jar!/liquibase/parser/core/xml/dbchangelog-3.5.xsd as liquibase/parser/core/xml/dbchangelog-3.5.xsd
14:02:16.837 [Test worker] DEBUG LiquibaseSchemaResolver - Successfully loaded XSD from liquibase/parser/core/xml/dbchangelog-3.5.xsd
14:02:16.869 [Test worker] DEBUG liquibase - Opening jar:file:/C:/Users/user/.gradle/caches/modules-2/files-2.1/net.corda/corda-node/4.1/45583a2ad1dc5cdd2b90b4ff6d3bfe980bbba0cc/corda-node-4.1.jar!/migration/node-core.changelog-master.xml as migration/node-core.changelog-master.xml
14:02:16.872 [Test worker] DEBUG liquibase - Resolving XML entity name='null', publicId='null', baseURI='null', systemId='http://www.liquibase.org/xml/ns/dbchangelog/dbchangelog-3.5.xsd'
14:02:16.873 [Test worker] DEBUG LiquibaseSchemaResolver - Found namespace details class liquibase.parser.core.xml.StandardNamespaceDetails for http://www.liquibase.org/xml/ns/dbchangelog/dbchangelog-3.5.xsd
14:02:16.873 [Test worker] DEBUG LiquibaseSchemaResolver - Local path for http://www.liquibase.org/xml/ns/dbchangelog/dbchangelog-3.5.xsd is liquibase/parser/core/xml/dbchangelog-3.5.xsd
14:02:16.874 [Test worker] DEBUG liquibase - Opening jar:file:/C:/Users/user/.gradle/caches/modules-2/files-2.1/org.liquibase/liquibase-core/3.5.5/c65051f327382018bd09c30380f25eac96f210da/liquibase-core-3.5.5.jar!/liquibase/parser/core/xml/dbchangelog-3.5.xsd as liquibase/parser/core/xml/dbchangelog-3.5.xsd
14:02:16.875 [Test worker] DEBUG LiquibaseSchemaResolver - Successfully loaded XSD from liquibase/parser/core/xml/dbchangelog-3.5.xsd
14:02:16.884 [Test worker] DEBUG liquibase - Opening jar:file:/C:/Users/user/.gradle/caches/modules-2/files-2.1/net.corda/corda-node/4.1/45583a2ad1dc5cdd2b90b4ff6d3bfe980bbba0cc/corda-node-4.1.jar!/migration/node-core.changelog-init.xml as migration/node-core.changelog-init.xml
14:02:16.887 [Test worker] DEBUG liquibase - Resolving XML entity name='null', publicId='null', baseURI='null', systemId='http://www.liquibase.org/xml/ns/dbchangelog/dbchangelog-3.5.xsd'
14:02:16.888 [Test worker] DEBUG LiquibaseSchemaResolver - Found namespace details class liquibase.parser.core.xml.StandardNamespaceDetails for http://www.liquibase.org/xml/ns/dbchangelog/dbchangelog-3.5.xsd
14:02:16.888 [Test worker] DEBUG LiquibaseSchemaResolver - Local path for http://www.liquibase.org/xml/ns/dbchangelog/dbchangelog-3.5.xsd is liquibase/parser/core/xml/dbchangelog-3.5.xsd
14:02:16.890 [Test worker] DEBUG liquibase - Opening jar:file:/C:/Users/user/.gradle/caches/modules-2/files-2.1/org.liquibase/liquibase-core/3.5.5/c65051f327382018bd09c30380f25eac96f210da/liquibase-core-3.5.5.jar!/liquibase/parser/core/xml/dbchangelog-3.5.xsd as liquibase/parser/core/xml/dbchangelog-3.5.xsd
14:02:16.891 [Test worker] DEBUG LiquibaseSchemaResolver - Successfully loaded XSD from liquibase/parser/core/xml/dbchangelog-3.5.xsd
14:02:16.915 [Test worker] DEBUG liquibase - Opening jar:file:/C:/Users/user/.gradle/caches/modules-2/files-2.1/net.corda/corda-node/4.1/45583a2ad1dc5cdd2b90b4ff6d3bfe980bbba0cc/corda-node-4.1.jar!/migration/node-core.changelog-v3.xml as migration/node-core.changelog-v3.xml
14:02:16.916 [Test worker] DEBUG liquibase - Resolving XML entity name='null', publicId='null', baseURI='null', systemId='http://www.liquibase.org/xml/ns/dbchangelog/dbchangelog-3.5.xsd'
14:02:16.916 [Test worker] DEBUG LiquibaseSchemaResolver - Found namespace details class liquibase.parser.core.xml.StandardNamespaceDetails for http://www.liquibase.org/xml/ns/dbchangelog/dbchangelog-3.5.xsd
14:02:16.916 [Test worker] DEBUG LiquibaseSchemaResolver - Local path for http://www.liquibase.org/xml/ns/dbchangelog/dbchangelog-3.5.xsd is liquibase/parser/core/xml/dbchangelog-3.5.xsd
14:02:16.917 [Test worker] DEBUG liquibase - Opening jar:file:/C:/Users/user/.gradle/caches/modules-2/files-2.1/org.liquibase/liquibase-core/3.5.5/c65051f327382018bd09c30380f25eac96f210da/liquibase-core-3.5.5.jar!/liquibase/parser/core/xml/dbchangelog-3.5.xsd as liquibase/parser/core/xml/dbchangelog-3.5.xsd
14:02:16.917 [Test worker] DEBUG LiquibaseSchemaResolver - Successfully loaded XSD from liquibase/parser/core/xml/dbchangelog-3.5.xsd
14:02:16.936 [Test worker] DEBUG liquibase - Opening jar:file:/C:/Users/user/.gradle/caches/modules-2/files-2.1/net.corda/corda-node/4.1/45583a2ad1dc5cdd2b90b4ff6d3bfe980bbba0cc/corda-node-4.1.jar!/migration/node-core.changelog-v4.xml as migration/node-core.changelog-v4.xml
14:02:16.937 [Test worker] DEBUG liquibase - Resolving XML entity name='null', publicId='null', baseURI='null', systemId='http://www.liquibase.org/xml/ns/dbchangelog/dbchangelog-3.5.xsd'
14:02:16.937 [Test worker] DEBUG LiquibaseSchemaResolver - Found namespace details class liquibase.parser.core.xml.StandardNamespaceDetails for http://www.liquibase.org/xml/ns/dbchangelog/dbchangelog-3.5.xsd
14:02:16.937 [Test worker] DEBUG LiquibaseSchemaResolver - Local path for http://www.liquibase.org/xml/ns/dbchangelog/dbchangelog-3.5.xsd is liquibase/parser/core/xml/dbchangelog-3.5.xsd
14:02:16.939 [Test worker] DEBUG liquibase - Opening jar:file:/C:/Users/user/.gradle/caches/modules-2/files-2.1/org.liquibase/liquibase-core/3.5.5/c65051f327382018bd09c30380f25eac96f210da/liquibase-core-3.5.5.jar!/liquibase/parser/core/xml/dbchangelog-3.5.xsd as liquibase/parser/core/xml/dbchangelog-3.5.xsd
14:02:16.940 [Test worker] DEBUG LiquibaseSchemaResolver - Successfully loaded XSD from liquibase/parser/core/xml/dbchangelog-3.5.xsd
14:02:16.944 [Test worker] DEBUG liquibase - Opening jar:file:/C:/Users/user/.gradle/caches/modules-2/files-2.1/net.corda/corda-node/4.1/45583a2ad1dc5cdd2b90b4ff6d3bfe980bbba0cc/corda-node-4.1.jar!/migration/node-core.changelog-v5.xml as migration/node-core.changelog-v5.xml
14:02:16.947 [Test worker] DEBUG liquibase - Resolving XML entity name='null', publicId='null', baseURI='null', systemId='http://www.liquibase.org/xml/ns/dbchangelog/dbchangelog-3.5.xsd'
14:02:16.947 [Test worker] DEBUG LiquibaseSchemaResolver - Found namespace details class liquibase.parser.core.xml.StandardNamespaceDetails for http://www.liquibase.org/xml/ns/dbchangelog/dbchangelog-3.5.xsd
14:02:16.948 [Test worker] DEBUG LiquibaseSchemaResolver - Local path for http://www.liquibase.org/xml/ns/dbchangelog/dbchangelog-3.5.xsd is liquibase/parser/core/xml/dbchangelog-3.5.xsd
14:02:16.948 [Test worker] DEBUG liquibase - Opening jar:file:/C:/Users/user/.gradle/caches/modules-2/files-2.1/org.liquibase/liquibase-core/3.5.5/c65051f327382018bd09c30380f25eac96f210da/liquibase-core-3.5.5.jar!/liquibase/parser/core/xml/dbchangelog-3.5.xsd as liquibase/parser/core/xml/dbchangelog-3.5.xsd
14:02:16.949 [Test worker] DEBUG LiquibaseSchemaResolver - Successfully loaded XSD from liquibase/parser/core/xml/dbchangelog-3.5.xsd
14:02:16.954 [Test worker] DEBUG liquibase - Opening jar:file:/C:/Users/user/.gradle/caches/modules-2/files-2.1/net.corda/corda-node/4.1/45583a2ad1dc5cdd2b90b4ff6d3bfe980bbba0cc/corda-node-4.1.jar!/migration/node-core.changelog-pkey.xml as migration/node-core.changelog-pkey.xml
14:02:16.955 [Test worker] DEBUG liquibase - Resolving XML entity name='null', publicId='null', baseURI='null', systemId='http://www.liquibase.org/xml/ns/dbchangelog/dbchangelog-3.5.xsd'
14:02:16.955 [Test worker] DEBUG LiquibaseSchemaResolver - Found namespace details class liquibase.parser.core.xml.StandardNamespaceDetails for http://www.liquibase.org/xml/ns/dbchangelog/dbchangelog-3.5.xsd
14:02:16.955 [Test worker] DEBUG LiquibaseSchemaResolver - Local path for http://www.liquibase.org/xml/ns/dbchangelog/dbchangelog-3.5.xsd is liquibase/parser/core/xml/dbchangelog-3.5.xsd
14:02:16.955 [Test worker] DEBUG liquibase - Opening jar:file:/C:/Users/user/.gradle/caches/modules-2/files-2.1/org.liquibase/liquibase-core/3.5.5/c65051f327382018bd09c30380f25eac96f210da/liquibase-core-3.5.5.jar!/liquibase/parser/core/xml/dbchangelog-3.5.xsd as liquibase/parser/core/xml/dbchangelog-3.5.xsd
14:02:16.956 [Test worker] DEBUG LiquibaseSchemaResolver - Successfully loaded XSD from liquibase/parser/core/xml/dbchangelog-3.5.xsd
14:02:16.961 [Test worker] DEBUG liquibase - Opening jar:file:/C:/Users/user/.gradle/caches/modules-2/files-2.1/net.corda/corda-node/4.1/45583a2ad1dc5cdd2b90b4ff6d3bfe980bbba0cc/corda-node-4.1.jar!/migration/node-core.changelog-postgres-blob.xml as migration/node-core.changelog-postgres-blob.xml
14:02:16.963 [Test worker] DEBUG liquibase - Resolving XML entity name='null', publicId='null', baseURI='null', systemId='http://www.liquibase.org/xml/ns/dbchangelog/dbchangelog-3.5.xsd'
14:02:16.963 [Test worker] DEBUG LiquibaseSchemaResolver - Found namespace details class liquibase.parser.core.xml.StandardNamespaceDetails for http://www.liquibase.org/xml/ns/dbchangelog/dbchangelog-3.5.xsd
14:02:16.963 [Test worker] DEBUG LiquibaseSchemaResolver - Local path for http://www.liquibase.org/xml/ns/dbchangelog/dbchangelog-3.5.xsd is liquibase/parser/core/xml/dbchangelog-3.5.xsd
14:02:16.964 [Test worker] DEBUG liquibase - Opening jar:file:/C:/Users/user/.gradle/caches/modules-2/files-2.1/org.liquibase/liquibase-core/3.5.5/c65051f327382018bd09c30380f25eac96f210da/liquibase-core-3.5.5.jar!/liquibase/parser/core/xml/dbchangelog-3.5.xsd as liquibase/parser/core/xml/dbchangelog-3.5.xsd
14:02:16.965 [Test worker] DEBUG LiquibaseSchemaResolver - Successfully loaded XSD from liquibase/parser/core/xml/dbchangelog-3.5.xsd
14:02:16.969 [Test worker] DEBUG liquibase - Opening jar:file:/C:/Users/user/.gradle/caches/modules-2/files-2.1/net.corda/corda-node/4.1/45583a2ad1dc5cdd2b90b4ff6d3bfe980bbba0cc/corda-node-4.1.jar!/migration/node-core.changelog-v8.xml as migration/node-core.changelog-v8.xml
14:02:16.971 [Test worker] DEBUG liquibase - Resolving XML entity name='null', publicId='null', baseURI='null', systemId='http://www.liquibase.org/xml/ns/dbchangelog/dbchangelog-3.5.xsd'
14:02:16.971 [Test worker] DEBUG LiquibaseSchemaResolver - Found namespace details class liquibase.parser.core.xml.StandardNamespaceDetails for http://www.liquibase.org/xml/ns/dbchangelog/dbchangelog-3.5.xsd
14:02:16.971 [Test worker] DEBUG LiquibaseSchemaResolver - Local path for http://www.liquibase.org/xml/ns/dbchangelog/dbchangelog-3.5.xsd is liquibase/parser/core/xml/dbchangelog-3.5.xsd
14:02:16.971 [Test worker] DEBUG liquibase - Opening jar:file:/C:/Users/user/.gradle/caches/modules-2/files-2.1/org.liquibase/liquibase-core/3.5.5/c65051f327382018bd09c30380f25eac96f210da/liquibase-core-3.5.5.jar!/liquibase/parser/core/xml/dbchangelog-3.5.xsd as liquibase/parser/core/xml/dbchangelog-3.5.xsd
14:02:16.972 [Test worker] DEBUG LiquibaseSchemaResolver - Successfully loaded XSD from liquibase/parser/core/xml/dbchangelog-3.5.xsd
14:02:16.978 [Test worker] DEBUG liquibase - Opening jar:file:/C:/Users/user/.gradle/caches/modules-2/files-2.1/net.corda/corda-node/4.1/45583a2ad1dc5cdd2b90b4ff6d3bfe980bbba0cc/corda-node-4.1.jar!/migration/node-core.changelog-tx-mapping.xml as migration/node-core.changelog-tx-mapping.xml
14:02:16.979 [Test worker] DEBUG liquibase - Resolving XML entity name='null', publicId='null', baseURI='null', systemId='http://www.liquibase.org/xml/ns/dbchangelog/dbchangelog-3.5.xsd'
14:02:16.979 [Test worker] DEBUG LiquibaseSchemaResolver - Found namespace details class liquibase.parser.core.xml.StandardNamespaceDetails for http://www.liquibase.org/xml/ns/dbchangelog/dbchangelog-3.5.xsd
14:02:16.979 [Test worker] DEBUG LiquibaseSchemaResolver - Local path for http://www.liquibase.org/xml/ns/dbchangelog/dbchangelog-3.5.xsd is liquibase/parser/core/xml/dbchangelog-3.5.xsd
14:02:16.980 [Test worker] DEBUG liquibase - Opening jar:file:/C:/Users/user/.gradle/caches/modules-2/files-2.1/org.liquibase/liquibase-core/3.5.5/c65051f327382018bd09c30380f25eac96f210da/liquibase-core-3.5.5.jar!/liquibase/parser/core/xml/dbchangelog-3.5.xsd as liquibase/parser/core/xml/dbchangelog-3.5.xsd
14:02:16.980 [Test worker] DEBUG LiquibaseSchemaResolver - Successfully loaded XSD from liquibase/parser/core/xml/dbchangelog-3.5.xsd
14:02:16.985 [Test worker] DEBUG liquibase - Opening jar:file:/C:/Users/user/.gradle/caches/modules-2/files-2.1/net.corda/corda-node/4.1/45583a2ad1dc5cdd2b90b4ff6d3bfe980bbba0cc/corda-node-4.1.jar!/migration/node-core.changelog-v9.xml as migration/node-core.changelog-v9.xml
14:02:16.987 [Test worker] DEBUG liquibase - Resolving XML entity name='null', publicId='null', baseURI='null', systemId='http://www.liquibase.org/xml/ns/dbchangelog/dbchangelog-3.5.xsd'
14:02:16.987 [Test worker] DEBUG LiquibaseSchemaResolver - Found namespace details class liquibase.parser.core.xml.StandardNamespaceDetails for http://www.liquibase.org/xml/ns/dbchangelog/dbchangelog-3.5.xsd
14:02:16.987 [Test worker] DEBUG LiquibaseSchemaResolver - Local path for http://www.liquibase.org/xml/ns/dbchangelog/dbchangelog-3.5.xsd is liquibase/parser/core/xml/dbchangelog-3.5.xsd
14:02:16.987 [Test worker] DEBUG liquibase - Opening jar:file:/C:/Users/user/.gradle/caches/modules-2/files-2.1/org.liquibase/liquibase-core/3.5.5/c65051f327382018bd09c30380f25eac96f210da/liquibase-core-3.5.5.jar!/liquibase/parser/core/xml/dbchangelog-3.5.xsd as liquibase/parser/core/xml/dbchangelog-3.5.xsd
14:02:16.988 [Test worker] DEBUG LiquibaseSchemaResolver - Successfully loaded XSD from liquibase/parser/core/xml/dbchangelog-3.5.xsd
14:02:16.992 [Test worker] DEBUG liquibase - Opening jar:file:/C:/Users/user/.gradle/caches/modules-2/files-2.1/net.corda/corda-node/4.1/45583a2ad1dc5cdd2b90b4ff6d3bfe980bbba0cc/corda-node-4.1.jar!/migration/node-core.changelog-v10.xml as migration/node-core.changelog-v10.xml
14:02:16.994 [Test worker] DEBUG liquibase - Resolving XML entity name='null', publicId='null', baseURI='null', systemId='http://www.liquibase.org/xml/ns/dbchangelog/dbchangelog-3.5.xsd'
14:02:16.994 [Test worker] DEBUG LiquibaseSchemaResolver - Found namespace details class liquibase.parser.core.xml.StandardNamespaceDetails for http://www.liquibase.org/xml/ns/dbchangelog/dbchangelog-3.5.xsd
14:02:16.994 [Test worker] DEBUG LiquibaseSchemaResolver - Local path for http://www.liquibase.org/xml/ns/dbchangelog/dbchangelog-3.5.xsd is liquibase/parser/core/xml/dbchangelog-3.5.xsd
14:02:16.994 [Test worker] DEBUG liquibase - Opening jar:file:/C:/Users/user/.gradle/caches/modules-2/files-2.1/org.liquibase/liquibase-core/3.5.5/c65051f327382018bd09c30380f25eac96f210da/liquibase-core-3.5.5.jar!/liquibase/parser/core/xml/dbchangelog-3.5.xsd as liquibase/parser/core/xml/dbchangelog-3.5.xsd
14:02:16.995 [Test worker] DEBUG LiquibaseSchemaResolver - Successfully loaded XSD from liquibase/parser/core/xml/dbchangelog-3.5.xsd
14:02:17.000 [Test worker] DEBUG liquibase - Opening jar:file:/C:/Users/user/.gradle/caches/modules-2/files-2.1/net.corda/corda-node/4.1/45583a2ad1dc5cdd2b90b4ff6d3bfe980bbba0cc/corda-node-4.1.jar!/migration/node-core.changelog-v11.xml as migration/node-core.changelog-v11.xml
14:02:17.002 [Test worker] DEBUG liquibase - Resolving XML entity name='null', publicId='null', baseURI='null', systemId='http://www.liquibase.org/xml/ns/dbchangelog/dbchangelog-3.5.xsd'
14:02:17.002 [Test worker] DEBUG LiquibaseSchemaResolver - Found namespace details class liquibase.parser.core.xml.StandardNamespaceDetails for http://www.liquibase.org/xml/ns/dbchangelog/dbchangelog-3.5.xsd
14:02:17.002 [Test worker] DEBUG LiquibaseSchemaResolver - Local path for http://www.liquibase.org/xml/ns/dbchangelog/dbchangelog-3.5.xsd is liquibase/parser/core/xml/dbchangelog-3.5.xsd
14:02:17.005 [Test worker] DEBUG liquibase - Opening jar:file:/C:/Users/user/.gradle/caches/modules-2/files-2.1/org.liquibase/liquibase-core/3.5.5/c65051f327382018bd09c30380f25eac96f210da/liquibase-core-3.5.5.jar!/liquibase/parser/core/xml/dbchangelog-3.5.xsd as liquibase/parser/core/xml/dbchangelog-3.5.xsd
14:02:17.008 [Test worker] DEBUG LiquibaseSchemaResolver - Successfully loaded XSD from liquibase/parser/core/xml/dbchangelog-3.5.xsd
14:02:17.015 [Test worker] DEBUG liquibase - Opening jar:file:/C:/Users/user/.gradle/caches/modules-2/files-2.1/net.corda/corda-node/4.1/45583a2ad1dc5cdd2b90b4ff6d3bfe980bbba0cc/corda-node-4.1.jar!/migration/vault-schema.changelog-v9.xml as migration/vault-schema.changelog-v9.xml
14:02:17.016 [Test worker] DEBUG liquibase - Resolving XML entity name='null', publicId='null', baseURI='null', systemId='http://www.liquibase.org/xml/ns/dbchangelog/dbchangelog-3.5.xsd'
14:02:17.017 [Test worker] DEBUG LiquibaseSchemaResolver - Found namespace details class liquibase.parser.core.xml.StandardNamespaceDetails for http://www.liquibase.org/xml/ns/dbchangelog/dbchangelog-3.5.xsd
14:02:17.018 [Test worker] DEBUG LiquibaseSchemaResolver - Local path for http://www.liquibase.org/xml/ns/dbchangelog/dbchangelog-3.5.xsd is liquibase/parser/core/xml/dbchangelog-3.5.xsd
14:02:17.019 [Test worker] DEBUG liquibase - Opening jar:file:/C:/Users/user/.gradle/caches/modules-2/files-2.1/org.liquibase/liquibase-core/3.5.5/c65051f327382018bd09c30380f25eac96f210da/liquibase-core-3.5.5.jar!/liquibase/parser/core/xml/dbchangelog-3.5.xsd as liquibase/parser/core/xml/dbchangelog-3.5.xsd
14:02:17.020 [Test worker] DEBUG LiquibaseSchemaResolver - Successfully loaded XSD from liquibase/parser/core/xml/dbchangelog-3.5.xsd
14:02:17.032 [Test worker] DEBUG liquibase - Create Database Change Log Table
14:02:17.032 [Test worker] INFO liquibase - Creating database history table with name: PUBLIC.DATABASECHANGELOG
14:02:17.033 [Test worker] DEBUG liquibase - Executing EXECUTE database command: CREATE TABLE PUBLIC.DATABASECHANGELOG (ID VARCHAR(255) NOT NULL, AUTHOR VARCHAR(255) NOT NULL, FILENAME VARCHAR(255) NOT NULL, DATEEXECUTED TIMESTAMP NOT NULL, ORDEREXECUTED INT NOT NULL, EXECTYPE VARCHAR(10) NOT NULL, MD5SUM VARCHAR(35), DESCRIPTION VARCHAR(255), COMMENTS VARCHAR(255), TAG VARCHAR(255), LIQUIBASE VARCHAR(20), CONTEXTS VARCHAR(255), LABELS VARCHAR(255), DEPLOYMENT_ID VARCHAR(10))
14:02:17.036 [Test worker] DEBUG liquibase - Executing QUERY database command: select count(*) from PUBLIC.DATABASECHANGELOG
14:02:17.036 [Test worker] INFO liquibase - Reading from PUBLIC.DATABASECHANGELOG
14:02:17.037 [Test worker] DEBUG liquibase - Executing QUERY database command: SELECT * FROM PUBLIC.DATABASECHANGELOG ORDER BY DATEEXECUTED ASC, ORDEREXECUTED ASC
14:02:17.037 [Test worker] DEBUG liquibase - Executing QUERY database command: select count(*) from PUBLIC.DATABASECHANGELOGLOCK
14:02:17.037 [Test worker] DEBUG liquibase - Create Database Lock Table
14:02:17.038 [Test worker] DEBUG liquibase - Executing EXECUTE database command: CREATE TABLE PUBLIC.DATABASECHANGELOGLOCK (ID INT NOT NULL, LOCKED BOOLEAN NOT NULL, LOCKGRANTED TIMESTAMP, LOCKEDBY VARCHAR(255), CONSTRAINT PK_DATABASECHANGELOGLOCK PRIMARY KEY (ID))
14:02:17.038 [Test worker] DEBUG liquibase - Created database lock table with name: PUBLIC.DATABASECHANGELOGLOCK
14:02:17.038 [Test worker] DEBUG liquibase - Executing QUERY database command: select count(*) from PUBLIC.DATABASECHANGELOGLOCK
14:02:17.038 [Test worker] DEBUG liquibase - Initialize Database Lock Table
14:02:17.039 [Test worker] DEBUG liquibase - Executing EXECUTE database command: DELETE FROM PUBLIC.DATABASECHANGELOGLOCK
14:02:17.039 [Test worker] DEBUG liquibase - Executing EXECUTE database command: INSERT INTO PUBLIC.DATABASECHANGELOGLOCK (ID, LOCKED) VALUES (1, FALSE)
14:02:17.041 [Test worker] DEBUG liquibase - master.changelog.json: migration/common.changelog-init.xml::1511451595465-1.1::R3.Corda: Computed checksum for createSequence:[
    sequenceName="hibernate_sequence"
] as 3b59bc60f6cf5c7c76b020ae29954565
14:02:17.041 [Test worker] DEBUG liquibase - master.changelog.json: migration/common.changelog-init.xml::1511451595465-1.1::R3.Corda: Computed checksum for 7:3b59bc60f6cf5c7c76b020ae29954565: as afe897bea20bc08d1681087c94d0967d
14:02:17.041 [Test worker] DEBUG liquibase - master.changelog.json: migration/common.changelog-init.xml::1511451595465-1.3::R3.Corda: Computed checksum for createSequence:[
    minValue="1"
    sequenceName="hibernate_sequence"
] as f473914cdfde3972225cdb465aeff71d
14:02:17.041 [Test worker] DEBUG liquibase - master.changelog.json: migration/common.changelog-init.xml::1511451595465-1.3::R3.Corda: Computed checksum for 7:f473914cdfde3972225cdb465aeff71d: as b775a64dd8351ca0b00329ea3e49f44b
14:02:17.042 [Test worker] INFO liquibase - master.changelog.json: migration/common.changelog-init.xml::1511451595465-1.3::R3.Corda: Skipping changeSet migration/common.changelog-init.xml::1511451595465-1.3::R3.Corda due to validation error(s): minValue is not allowed on h2
14:02:17.042 [Test worker] DEBUG liquibase - master.changelog.json: migration/vault-schema.changelog-init.xml::1511451595465-22::R3.Corda: Computed checksum for createTable:[
    columns=[
        [
            [
                nullable="false"
            ]
            name="output_index"
            type="INT"
        ],
        [
            [
                nullable="false"
            ]
            name="transaction_id"
            type="NVARCHAR(64)"
        ],
        [
            name="issuer_name"
            type="NVARCHAR(255)"
        ],
        [
            name="issuer_ref"
            type="varbinary(512)"
        ],
        [
       ... [truncated in log] as e175aecbeafccf493b3899098eb581f2
14:02:17.042 [Test worker] DEBUG liquibase - master.changelog.json: migration/vault-schema.changelog-init.xml::1511451595465-22::R3.Corda: Computed checksum for 7:e175aecbeafccf493b3899098eb581f2: as 1f8a20296ddeb0fc739bd8e7084b0bab
14:02:17.043 [Test worker] DEBUG liquibase - master.changelog.json: migration/vault-schema.changelog-init.xml::1511451595465-23::R3.Corda: Computed checksum for createTable:[
    columns=[
        [
            [
                nullable="false"
            ]
            name="output_index"
            type="INT"
        ],
        [
            [
                nullable="false"
            ]
            name="transaction_id"
            type="NVARCHAR(64)"
        ],
        [
            name="participants"
            type="NVARCHAR(255)"
        ]
    ]
    tableName="vault_fungible_states_parts"
] as add94f234be5f070e7c2a20110730809
14:02:17.043 [Test worker] DEBUG liquibase - master.changelog.json: migration/vault-schema.changelog-init.xml::1511451595465-23::R3.Corda: Computed checksum for 7:add94f234be5f070e7c2a20110730809: as 1a9f6483c225c03a3a558b5b20306741
14:02:17.043 [Test worker] DEBUG liquibase - master.changelog.json: migration/vault-schema.changelog-init.xml::1511451595465-24::R3.Corda: Computed checksum for createTable:[
    columns=[
        [
            [
                nullable="false"
            ]
            name="output_index"
            type="INT"
        ],
        [
            [
                nullable="false"
            ]
            name="transaction_id"
            type="NVARCHAR(64)"
        ],
        [
            name="external_id"
            type="NVARCHAR(255)"
        ],
        [
            [
                nullable="false"
            ]
            name="uuid"
       ... [truncated in log] as a2b34ccc00e85d4de9b82e22ec7fa971
14:02:17.051 [Test worker] DEBUG liquibase - master.changelog.json: migration/vault-schema.changelog-init.xml::1511451595465-24::R3.Corda: Computed checksum for 7:a2b34ccc00e85d4de9b82e22ec7fa971: as cc33e3b7b7db0e8613421e71352448d1
14:02:17.052 [Test worker] DEBUG liquibase - master.changelog.json: migration/vault-schema.changelog-init.xml::1511451595465-25::R3.Corda: Computed checksum for createTable:[
    columns=[
        [
            [
                nullable="false"
            ]
            name="output_index"
            type="INT"
        ],
        [
            [
                nullable="false"
            ]
            name="transaction_id"
            type="NVARCHAR(64)"
        ],
        [
            name="participants"
            type="NVARCHAR(255)"
        ]
    ]
    tableName="vault_linear_states_parts"
] as ff0db7191732aba7aa4402b9145d55d8
14:02:17.052 [Test worker] DEBUG liquibase - master.changelog.json: migration/vault-schema.changelog-init.xml::1511451595465-25::R3.Corda: Computed checksum for 7:ff0db7191732aba7aa4402b9145d55d8: as cee1c34886b737d7c86f4ba94a43d9a7
14:02:17.053 [Test worker] DEBUG liquibase - master.changelog.json: migration/vault-schema.changelog-init.xml::1511451595465-26::R3.Corda: Computed checksum for createTable:[
    columns=[
        [
            [
                nullable="false"
            ]
            name="output_index"
            type="INT"
        ],
        [
            [
                nullable="false"
            ]
            name="transaction_id"
            type="NVARCHAR(64)"
        ],
        [
            name="consumed_timestamp"
            type="timestamp"
        ],
        [
            name="contract_state_class_name"
            type="NVARCHAR(255)"
        ],
... [truncated in log] as 3590556b2783206eba7b151844f6a2e8
14:02:17.054 [Test worker] DEBUG liquibase - master.changelog.json: migration/vault-schema.changelog-init.xml::1511451595465-26::R3.Corda: Computed checksum for 7:3590556b2783206eba7b151844f6a2e8: as 47ea918c4e5894a573ed08ff7d3cfcf8
14:02:17.054 [Test worker] DEBUG liquibase - master.changelog.json: migration/vault-schema.changelog-init.xml::1511451595465-27::R3.Corda: Computed checksum for createTable:[
    columns=[
        [
            [
                nullable="false"
            ]
            name="seq_no"
            type="INT"
        ],
        [
            name="note"
            type="NVARCHAR(255)"
        ],
        [
            name="transaction_id"
            type="NVARCHAR(64)"
        ]
    ]
    tableName="vault_transaction_notes"
] as b2a3172c8e54fe287195c0f1d9d79d06
14:02:17.055 [Test worker] DEBUG liquibase - master.changelog.json: migration/vault-schema.changelog-init.xml::1511451595465-27::R3.Corda: Computed checksum for 7:b2a3172c8e54fe287195c0f1d9d79d06: as b335f04504c263e99eb1b4b78fb7b976
14:02:17.055 [Test worker] DEBUG liquibase - master.changelog.json: migration/vault-schema.changelog-init.xml::1511451595465-47::R3.Corda: Computed checksum for addPrimaryKey:[
    columnNames="output_index, transaction_id"
    constraintName="vault_fungible_states_pkey"
    tableName="vault_fungible_states"
] as 1c0d1edb717c326aca50814658fa822a
14:02:17.056 [Test worker] DEBUG liquibase - master.changelog.json: migration/vault-schema.changelog-init.xml::1511451595465-47::R3.Corda: Computed checksum for 7:1c0d1edb717c326aca50814658fa822a: as 5ebf8c6ceacd418805fef0a8d5926d22
14:02:17.056 [Test worker] DEBUG liquibase - master.changelog.json: migration/vault-schema.changelog-init.xml::1511451595465-48::R3.Corda: Computed checksum for addPrimaryKey:[
    columnNames="output_index, transaction_id"
    constraintName="vault_linear_states_pkey"
    tableName="vault_linear_states"
] as 4e3aaffa0ad01595c6c23745084763b1
14:02:17.057 [Test worker] DEBUG liquibase - master.changelog.json: migration/vault-schema.changelog-init.xml::1511451595465-48::R3.Corda: Computed checksum for 7:4e3aaffa0ad01595c6c23745084763b1: as 6852e525af1e0e841b85cbc65c3ef3eb
14:02:17.057 [Test worker] DEBUG liquibase - master.changelog.json: migration/vault-schema.changelog-init.xml::1511451595465-49::R3.Corda: Computed checksum for addPrimaryKey:[
    columnNames="output_index, transaction_id"
    constraintName="vault_states_pkey"
    tableName="vault_states"
] as 4bd501a6f3a2480ca4be1186a9ae2951
14:02:17.057 [Test worker] DEBUG liquibase - master.changelog.json: migration/vault-schema.changelog-init.xml::1511451595465-49::R3.Corda: Computed checksum for 7:4bd501a6f3a2480ca4be1186a9ae2951: as e88ace88ae32b7c6a212f749bed7f25f
14:02:17.057 [Test worker] DEBUG liquibase - master.changelog.json: migration/vault-schema.changelog-init.xml::1511451595465-50::R3.Corda: Computed checksum for addPrimaryKey:[
    columnNames="seq_no"
    constraintName="vault_transaction_notes_pkey"
    tableName="vault_transaction_notes"
] as 39e3946cfbca51e6913a1c4f38ddf0c7
14:02:17.058 [Test worker] DEBUG liquibase - master.changelog.json: migration/vault-schema.changelog-init.xml::1511451595465-50::R3.Corda: Computed checksum for 7:39e3946cfbca51e6913a1c4f38ddf0c7: as aef52cbfcee4e86a30a1175aacdae9b5
14:02:17.058 [Test worker] DEBUG liquibase - master.changelog.json: migration/vault-schema.changelog-init.xml::1511451595465-53::R3.Corda: Computed checksum for createIndex:[
    columns=[
        [
            name="external_id"
        ]
    ]
    indexName="external_id_index"
    tableName="vault_linear_states"
] as f98aafeaa30935a36db499f2104a93bf
14:02:17.058 [Test worker] DEBUG liquibase - master.changelog.json: migration/vault-schema.changelog-init.xml::1511451595465-53::R3.Corda: Computed checksum for 7:f98aafeaa30935a36db499f2104a93bf: as 7b0c95c0892fe1aba26a294d843d3c0a
14:02:17.059 [Test worker] DEBUG liquibase - master.changelog.json: migration/vault-schema.changelog-init.xml::1511451595465-55::R3.Corda: Computed checksum for createIndex:[
    columns=[
        [
            name="lock_id"
        ],
        [
            name="state_status"
        ]
    ]
    indexName="lock_id_idx"
    tableName="vault_states"
] as e42dab0002a4e906bfd484f143741150
14:02:17.059 [Test worker] DEBUG liquibase - master.changelog.json: migration/vault-schema.changelog-init.xml::1511451595465-55::R3.Corda: Computed checksum for 7:e42dab0002a4e906bfd484f143741150: as daf1bfa84381a1c8e100c14229a6d860
14:02:17.059 [Test worker] DEBUG liquibase - master.changelog.json: migration/vault-schema.changelog-init.xml::1511451595465-58::R3.Corda: Computed checksum for createIndex:[
    columns=[
        [
            name="state_status"
        ]
    ]
    indexName="state_status_idx"
    tableName="vault_states"
] as 2ff9d748b5e8cc68d2b31c3435578cef
14:02:17.060 [Test worker] DEBUG liquibase - master.changelog.json: migration/vault-schema.changelog-init.xml::1511451595465-58::R3.Corda: Computed checksum for 7:2ff9d748b5e8cc68d2b31c3435578cef: as 775d3c8a27b7fad84f9894db6bdf3e87
14:02:17.060 [Test worker] DEBUG liquibase - master.changelog.json: migration/vault-schema.changelog-init.xml::1511451595465-59::R3.Corda: Computed checksum for createIndex:[
    columns=[
        [
            name="transaction_id"
        ]
    ]
    indexName="transaction_id_index"
    tableName="vault_transaction_notes"
] as fd9eea380cef475dc54fd99e4e233920
14:02:17.060 [Test worker] DEBUG liquibase - master.changelog.json: migration/vault-schema.changelog-init.xml::1511451595465-59::R3.Corda: Computed checksum for 7:fd9eea380cef475dc54fd99e4e233920: as 1be2b24f3e4fedc8252c24080b713783
14:02:17.060 [Test worker] DEBUG liquibase - master.changelog.json: migration/vault-schema.changelog-init.xml::1511451595465-60::R3.Corda: Computed checksum for createIndex:[
    columns=[
        [
            name="uuid"
        ]
    ]
    indexName="uuid_index"
    tableName="vault_linear_states"
] as 0c3a5a186849036cd224f1c228d6dde9
14:02:17.061 [Test worker] DEBUG liquibase - master.changelog.json: migration/vault-schema.changelog-init.xml::1511451595465-60::R3.Corda: Computed checksum for 7:0c3a5a186849036cd224f1c228d6dde9: as f372f17dd75374bfecfde0e44d7ce36c
14:02:17.061 [Test worker] DEBUG liquibase - master.changelog.json: migration/vault-schema.changelog-init.xml::1511451595465-64::R3.Corda: Computed checksum for addForeignKeyConstraint:[
    baseColumnNames="output_index,transaction_id"
    baseTableName="vault_fungible_states_parts"
    constraintName="FK__fung_st_parts__fung_st"
    referencedColumnNames="output_index,transaction_id"
    referencedTableName="vault_fungible_states"
] as 0eece996759bc05f893e13edcc7012b3
14:02:17.061 [Test worker] DEBUG liquibase - master.changelog.json: migration/vault-schema.changelog-init.xml::1511451595465-64::R3.Corda: Computed checksum for 7:0eece996759bc05f893e13edcc7012b3: as 3771038da08dbe5dbbbdffac7300198d
14:02:17.063 [Test worker] DEBUG liquibase - master.changelog.json: migration/vault-schema.changelog-init.xml::1511451595465-65::R3.Corda: Computed checksum for addForeignKeyConstraint:[
    baseColumnNames="output_index,transaction_id"
    baseTableName="vault_linear_states_parts"
    constraintName="FK__lin_stat_parts__lin_stat"
    referencedColumnNames="output_index,transaction_id"
    referencedTableName="vault_linear_states"
] as c3bfc19faabd85d1ada74a704975075a
14:02:17.065 [Test worker] DEBUG liquibase - master.changelog.json: migration/vault-schema.changelog-init.xml::1511451595465-65::R3.Corda: Computed checksum for 7:c3bfc19faabd85d1ada74a704975075a: as 4cccc80aadefc753d80d33d233d426b1
14:02:17.065 [Test worker] DEBUG liquibase - master.changelog.json: migration/vault-schema.changelog-v3.xml::clean_vault::R3.Corda: Computed checksum for delete:[
    tableName="vault_fungible_states_parts"
] as b70b29b3a6bedbc5661cba016468c920
14:02:17.065 [Test worker] DEBUG liquibase - master.changelog.json: migration/vault-schema.changelog-v3.xml::clean_vault::R3.Corda: Computed checksum for delete:[
    tableName="vault_fungible_states"
] as a274055ce2143aac7ca36e5fad03b134
14:02:17.066 [Test worker] DEBUG liquibase - master.changelog.json: migration/vault-schema.changelog-v3.xml::clean_vault::R3.Corda: Computed checksum for delete:[
    tableName="vault_linear_states_parts"
] as ea0a011664469f485e1c20d3a801a95c
14:02:17.066 [Test worker] DEBUG liquibase - master.changelog.json: migration/vault-schema.changelog-v3.xml::clean_vault::R3.Corda: Computed checksum for delete:[
    tableName="vault_linear_states"
] as 3448fb16d803304ec5b23fe901463752
14:02:17.066 [Test worker] DEBUG liquibase - master.changelog.json: migration/vault-schema.changelog-v3.xml::clean_vault::R3.Corda: Computed checksum for delete:[
    tableName="vault_states"
] as 9554b12247631c9ef0b25ddf1faaa6d3
14:02:17.066 [Test worker] DEBUG liquibase - master.changelog.json: migration/vault-schema.changelog-v3.xml::clean_vault::R3.Corda: Computed checksum for delete:[
    tableName="vault_transaction_notes"
] as 0250e47826dc021ed9e01d035ea6f1b6
14:02:17.067 [Test worker] DEBUG liquibase - master.changelog.json: migration/vault-schema.changelog-v3.xml::clean_vault::R3.Corda: Computed checksum for 7:b70b29b3a6bedbc5661cba016468c920:7:a274055ce2143aac7ca36e5fad03b134:7:ea0a011664469f485e1c20d3a801a95c:7:3448fb16d803304ec5b23fe901463752:7:9554b12247631c9ef0b25ddf1faaa6d3:7:0250e47826dc021ed9e01d035ea6f1b6: as c16f94cc9c0418c23dfcedd33e85d2d3
14:02:17.067 [Test worker] DEBUG liquibase - master.changelog.json: migration/vault-schema.changelog-v4.xml::nullability::R3.Corda: Computed checksum for addNotNullConstraint:[
    columnDataType="BIGINT"
    columnName="quantity"
    tableName="vault_fungible_states"
] as d78eae5ca9adbacacf85e33e2a7f7415
14:02:17.067 [Test worker] DEBUG liquibase - master.changelog.json: migration/vault-schema.changelog-v4.xml::nullability::R3.Corda: Computed checksum for addNotNullConstraint:[
    columnDataType="NVARCHAR(255)"
    columnName="contract_state_class_name"
    tableName="vault_states"
] as 2078d56a1b5edbecbcc69079c33eb871
14:02:17.069 [Test worker] DEBUG liquibase - master.changelog.json: migration/vault-schema.changelog-v4.xml::nullability::R3.Corda: Computed checksum for addNotNullConstraint:[
    columnDataType="NVARCHAR(255)"
    columnName="notary_name"
    tableName="vault_states"
] as 2258242147cd14905eb100408de09558
14:02:17.070 [Test worker] DEBUG liquibase - master.changelog.json: migration/vault-schema.changelog-v4.xml::nullability::R3.Corda: Computed checksum for addNotNullConstraint:[
    columnDataType="timestamp"
    columnName="recorded_timestamp"
    tableName="vault_states"
] as ae7f591a2aca843f8ab716280bfd3947
14:02:17.070 [Test worker] DEBUG liquibase - master.changelog.json: migration/vault-schema.changelog-v4.xml::nullability::R3.Corda: Computed checksum for dropIndex:[
    indexName="state_status_idx"
    tableName="vault_states"
] as 6583c319aa2e4b6d1f195c77bc111ac5
14:02:17.070 [Test worker] DEBUG liquibase - master.changelog.json: migration/vault-schema.changelog-v4.xml::nullability::R3.Corda: Computed checksum for dropIndex:[
    indexName="lock_id_idx"
    tableName="vault_states"
] as e22a84c8f8873eb942f692a00ddda6c5
14:02:17.071 [Test worker] DEBUG liquibase - master.changelog.json: migration/vault-schema.changelog-v4.xml::nullability::R3.Corda: Computed checksum for addNotNullConstraint:[
    columnDataType="INT"
    columnName="state_status"
    tableName="vault_states"
] as f062ec40c033aa8c2a8ec93fcfc05443
14:02:17.071 [Test worker] DEBUG liquibase - master.changelog.json: migration/vault-schema.changelog-v4.xml::nullability::R3.Corda: Computed checksum for createIndex:[
    columns=[
        [
            name="state_status"
        ]
    ]
    indexName="state_status_idx"
    tableName="vault_states"
] as 2ff9d748b5e8cc68d2b31c3435578cef
14:02:17.071 [Test worker] DEBUG liquibase - master.changelog.json: migration/vault-schema.changelog-v4.xml::nullability::R3.Corda: Computed checksum for createIndex:[
    columns=[
        [
            name="lock_id"
        ],
        [
            name="state_status"
        ]
    ]
    indexName="lock_id_idx"
    tableName="vault_states"
] as e42dab0002a4e906bfd484f143741150
14:02:17.071 [Test worker] DEBUG liquibase - master.changelog.json: migration/vault-schema.changelog-v4.xml::nullability::R3.Corda: Computed checksum for dropIndex:[
    indexName="transaction_id_index"
    tableName="vault_transaction_notes"
] as 7677600c3adca898205158cdae636f0d
14:02:17.072 [Test worker] DEBUG liquibase - master.changelog.json: migration/vault-schema.changelog-v4.xml::nullability::R3.Corda: Computed checksum for addNotNullConstraint:[
    columnDataType="NVARCHAR(255)"
    columnName="note"
    tableName="vault_transaction_notes"
] as 4155de3b6c359ed6d735b6ae5c880ed2
14:02:17.072 [Test worker] DEBUG liquibase - master.changelog.json: migration/vault-schema.changelog-v4.xml::nullability::R3.Corda: Computed checksum for addNotNullConstraint:[
    columnDataType="NVARCHAR(64)"
    columnName="transaction_id"
    tableName="vault_transaction_notes"
] as f6eaec7b45db4b379b8485512bd873c1
14:02:17.072 [Test worker] DEBUG liquibase - master.changelog.json: migration/vault-schema.changelog-v4.xml::nullability::R3.Corda: Computed checksum for createIndex:[
    columns=[
        [
            name="transaction_id"
        ]
    ]
    indexName="transaction_id_index"
    tableName="vault_transaction_notes"
] as fd9eea380cef475dc54fd99e4e233920
14:02:17.072 [Test worker] DEBUG liquibase - master.changelog.json: migration/vault-schema.changelog-v4.xml::nullability::R3.Corda: Computed checksum for 7:d78eae5ca9adbacacf85e33e2a7f7415:7:2078d56a1b5edbecbcc69079c33eb871:7:2258242147cd14905eb100408de09558:7:ae7f591a2aca843f8ab716280bfd3947:7:6583c319aa2e4b6d1f195c77bc111ac5:7:e22a84c8f8873eb942f692a00ddda6c5:7:f062ec40c033aa8c2a8ec93fcfc05443:7:2ff9d748b5e8cc68d2b31c3435578cef:7:e42dab0002a4e906bfd484f143741150:7:7677600c3adca898205158cdae636f0d:7:4155de3b6c359ed6d735b6ae5c880ed2:7:f6eaec7b45db4b379b8485512bd873c1:7:fd9eea380cef475dc54fd99e4e233920: as 59450415a9a86b5b55d9f9347b383e6a
14:02:17.073 [Test worker] DEBUG liquibase - master.changelog.json: migration/vault-schema.changelog-pkey.xml::non-clustered_pk-11::R3.Corda: Computed checksum for dropForeignKeyConstraint:[
    baseTableName="vault_fungible_states_parts"
    constraintName="FK__fung_st_parts__fung_st"
] as 366e0c21ef7697fbe3f3045b1680d699
14:02:17.073 [Test worker] DEBUG liquibase - master.changelog.json: migration/vault-schema.changelog-pkey.xml::non-clustered_pk-11::R3.Corda: Computed checksum for dropPrimaryKey:[
    constraintName="vault_fungible_states_pkey"
    tableName="vault_fungible_states"
] as f27f6f6e80b50caaa06aa6c747243425
14:02:17.073 [Test worker] DEBUG liquibase - master.changelog.json: migration/vault-schema.changelog-pkey.xml::non-clustered_pk-11::R3.Corda: Computed checksum for addPrimaryKey:[
    clustered="false"
    columnNames="output_index, transaction_id"
    constraintName="vault_fungible_states_pkey"
    tableName="vault_fungible_states"
] as 0729afe4c34a21623a8f5744790f34c4
14:02:17.074 [Test worker] DEBUG liquibase - master.changelog.json: migration/vault-schema.changelog-pkey.xml::non-clustered_pk-11::R3.Corda: Computed checksum for addForeignKeyConstraint:[
    baseColumnNames="output_index,transaction_id"
    baseTableName="vault_fungible_states_parts"
    constraintName="FK__fung_st_parts__fung_st"
    referencedColumnNames="output_index,transaction_id"
    referencedTableName="vault_fungible_states"
] as 0eece996759bc05f893e13edcc7012b3
14:02:17.074 [Test worker] DEBUG liquibase - master.changelog.json: migration/vault-schema.changelog-pkey.xml::non-clustered_pk-11::R3.Corda: Computed checksum for 7:366e0c21ef7697fbe3f3045b1680d699:7:f27f6f6e80b50caaa06aa6c747243425:7:0729afe4c34a21623a8f5744790f34c4:7:0eece996759bc05f893e13edcc7012b3: as c88a8494afc1f2507131e709b3ec4f1e
14:02:17.074 [Test worker] INFO liquibase - master.changelog.json: migration/vault-schema.changelog-pkey.xml::non-clustered_pk-11::R3.Corda: Skipping changeSet migration/vault-schema.changelog-pkey.xml::non-clustered_pk-11::R3.Corda due to validation error(s): clustered is not allowed on h2
14:02:17.074 [Test worker] DEBUG liquibase - master.changelog.json: migration/vault-schema.changelog-pkey.xml::non-clustered_pk-12::R3.Corda: Computed checksum for dropForeignKeyConstraint:[
    baseTableName="vault_linear_states_parts"
    constraintName="FK__lin_stat_parts__lin_stat"
] as c9ce07b51242a8f54da9e570853dc34f
14:02:17.075 [Test worker] DEBUG liquibase - master.changelog.json: migration/vault-schema.changelog-pkey.xml::non-clustered_pk-12::R3.Corda: Computed checksum for dropPrimaryKey:[
    constraintName="vault_linear_states_pkey"
    tableName="vault_linear_states"
] as d986066259edad3f263694f099f02f7f
14:02:17.075 [Test worker] DEBUG liquibase - master.changelog.json: migration/vault-schema.changelog-pkey.xml::non-clustered_pk-12::R3.Corda: Computed checksum for addPrimaryKey:[
    clustered="false"
    columnNames="output_index, transaction_id"
    constraintName="vault_linear_states_pkey"
    tableName="vault_linear_states"
] as c26064d58e4f1b2610b6d01e5c0b9b5b
14:02:17.075 [Test worker] DEBUG liquibase - master.changelog.json: migration/vault-schema.changelog-pkey.xml::non-clustered_pk-12::R3.Corda: Computed checksum for addForeignKeyConstraint:[
    baseColumnNames="output_index,transaction_id"
    baseTableName="vault_linear_states_parts"
    constraintName="FK__lin_stat_parts__lin_stat"
    referencedColumnNames="output_index,transaction_id"
    referencedTableName="vault_linear_states"
] as c3bfc19faabd85d1ada74a704975075a
14:02:17.075 [Test worker] DEBUG liquibase - master.changelog.json: migration/vault-schema.changelog-pkey.xml::non-clustered_pk-12::R3.Corda: Computed checksum for 7:c9ce07b51242a8f54da9e570853dc34f:7:d986066259edad3f263694f099f02f7f:7:c26064d58e4f1b2610b6d01e5c0b9b5b:7:c3bfc19faabd85d1ada74a704975075a: as 5569de8454d891688bbb7510f634782f
14:02:17.075 [Test worker] INFO liquibase - master.changelog.json: migration/vault-schema.changelog-pkey.xml::non-clustered_pk-12::R3.Corda: Skipping changeSet migration/vault-schema.changelog-pkey.xml::non-clustered_pk-12::R3.Corda due to validation error(s): clustered is not allowed on h2
14:02:17.076 [Test worker] DEBUG liquibase - master.changelog.json: migration/vault-schema.changelog-pkey.xml::non-clustered_pk-13::R3.Corda: Computed checksum for dropPrimaryKey:[
    constraintName="vault_states_pkey"
    tableName="vault_states"
] as de17bd04796a6e54cb5606dceff73aec
14:02:17.076 [Test worker] DEBUG liquibase - master.changelog.json: migration/vault-schema.changelog-pkey.xml::non-clustered_pk-13::R3.Corda: Computed checksum for addPrimaryKey:[
    clustered="false"
    columnNames="output_index, transaction_id"
    constraintName="vault_states_pkey"
    tableName="vault_states"
] as 70c1298ee3ac2d16aba8b2ac6ed5b568
14:02:17.076 [Test worker] DEBUG liquibase - master.changelog.json: migration/vault-schema.changelog-pkey.xml::non-clustered_pk-13::R3.Corda: Computed checksum for 7:de17bd04796a6e54cb5606dceff73aec:7:70c1298ee3ac2d16aba8b2ac6ed5b568: as c786c529ecdaa33f87d3fc9ed88111f4
14:02:17.076 [Test worker] INFO liquibase - master.changelog.json: migration/vault-schema.changelog-pkey.xml::non-clustered_pk-13::R3.Corda: Skipping changeSet migration/vault-schema.changelog-pkey.xml::non-clustered_pk-13::R3.Corda due to validation error(s): clustered is not allowed on h2
14:02:17.077 [Test worker] DEBUG liquibase - master.changelog.json: migration/vault-schema.changelog-v5.xml::add_relevancy_status_column::R3.Corda: Computed checksum for addColumn:[
    columns=[
        [
            name="relevancy_status"
            type="INT"
        ]
    ]
    tableName="vault_states"
] as f4c3dbd35bfa9d2a1021acafdac959d6
14:02:17.077 [Test worker] DEBUG liquibase - master.changelog.json: migration/vault-schema.changelog-v5.xml::add_relevancy_status_column::R3.Corda: Computed checksum for update:[
    columns=[
        [
            name="relevancy_status"
            valueNumeric="0"
        ]
    ]
    tableName="vault_states"
] as c3f226e53f5bf04fd8506465c55d3a42
14:02:17.077 [Test worker] DEBUG liquibase - master.changelog.json: migration/vault-schema.changelog-v5.xml::add_relevancy_status_column::R3.Corda: Computed checksum for addNotNullConstraint:[
    columnDataType="INT"
    columnName="relevancy_status"
    tableName="vault_states"
] as a4104ab76f534885eeb63a0690843f78
14:02:17.077 [Test worker] DEBUG liquibase - master.changelog.json: migration/vault-schema.changelog-v5.xml::add_relevancy_status_column::R3.Corda: Computed checksum for 7:f4c3dbd35bfa9d2a1021acafdac959d6:7:c3f226e53f5bf04fd8506465c55d3a42:7:a4104ab76f534885eeb63a0690843f78: as bd7c3258179f34f231f6ae51e3313fc4
14:02:17.078 [Test worker] DEBUG liquibase - master.changelog.json: migration/vault-schema.changelog-v6.xml::add_is_constraint_information_columns::R3.Corda: Computed checksum for addColumn:[
    columns=[
        [
            [
                nullable="false"
            ]
            defaultValue="0"
            name="constraint_type"
            type="INT"
        ]
    ]
    tableName="vault_states"
] as ec4183b38221d9efb81468b6b58469ad
14:02:17.078 [Test worker] DEBUG liquibase - master.changelog.json: migration/vault-schema.changelog-v6.xml::add_is_constraint_information_columns::R3.Corda: Computed checksum for addColumn:[
    columns=[
        [
            [
                nullable="true"
            ]
            name="constraint_data"
            type="varbinary(563)"
        ]
    ]
    tableName="vault_states"
] as a62d1e80b99c304b04f3ac1ec994ed59
14:02:17.078 [Test worker] DEBUG liquibase - master.changelog.json: migration/vault-schema.changelog-v6.xml::add_is_constraint_information_columns::R3.Corda: Computed checksum for 7:ec4183b38221d9efb81468b6b58469ad:7:a62d1e80b99c304b04f3ac1ec994ed59: as 7d7cf7015d299a7fefb6e81aa563e208
14:02:17.078 [Test worker] DEBUG liquibase - master.changelog.json: migration/vault-schema.changelog-v7.xml::make_issuer_ref_nullable::R3.Corda: Computed checksum for dropNotNullConstraint:[
    columnDataType="varbinary(512)"
    columnName="issuer_ref"
    tableName="vault_fungible_states"
] as b549f88798da86b579f7e3421c6019ed
14:02:17.078 [Test worker] DEBUG liquibase - master.changelog.json: migration/vault-schema.changelog-v7.xml::make_issuer_ref_nullable::R3.Corda: Computed checksum for 7:b549f88798da86b579f7e3421c6019ed: as 016e083b176a76fc50d74e3fe07ca1cb
14:02:17.079 [Test worker] DEBUG liquibase - master.changelog.json: migration/vault-schema.changelog-v8.xml::create-external-id-to-state-party-view::R3.Corda: Computed checksum for createTable:[
    columns=[
        [
            name="output_index"
            type="INT"
        ],
        [
            name="transaction_id"
            type="NVARCHAR(64)"
        ],
        [
            [
                nullable="false"
            ]
            name="public_key_hash"
            type="NVARCHAR(255)"
        ],
        [
            name="x500_name"
            type="NVARCHAR(255)"
        ]
    ]
    tableName="state_party"
] as 3b063e299ebe197af7a457ea726b2800
14:02:17.079 [Test worker] DEBUG liquibase - master.changelog.json: migration/vault-schema.changelog-v8.xml::create-external-id-to-state-party-view::R3.Corda: Computed checksum for createIndex:[
    columns=[
        [
            name="public_key_hash"
        ]
    ]
    indexName="state_pk_hash_idx"
    tableName="state_party"
] as 450b82f224c850f2465386ef7a707b92
14:02:17.080 [Test worker] DEBUG liquibase - master.changelog.json: migration/vault-schema.changelog-v8.xml::create-external-id-to-state-party-view::R3.Corda: Computed checksum for createTable:[
    columns=[
        [
            [
                nullable="false"
            ]
            name="id"
            type="BIGINT"
        ],
        [
            [
                nullable="false"
            ]
            name="external_id"
            type="VARCHAR(255)"
        ],
        [
            [
                nullable="false"
            ]
            name="public_key_hash"
            type="NVARCHAR(255)"
        ]
    ]
    tableName="pk_hash_to_ext_id_map"
] as 190b235511991d2151d47c903cd91db4
14:02:17.081 [Test worker] DEBUG liquibase - master.changelog.json: migration/vault-schema.changelog-v8.xml::create-external-id-to-state-party-view::R3.Corda: Computed checksum for createIndex:[
    columns=[
        [
            name="public_key_hash"
        ]
    ]
    indexName="pk_hash_to_xid_idx"
    tableName="pk_hash_to_ext_id_map"
] as 1ee9b085d397f1a43f3b474588eddf9f
14:02:17.081 [Test worker] DEBUG liquibase - master.changelog.json: migration/vault-schema.changelog-v8.xml::create-external-id-to-state-party-view::R3.Corda: Computed checksum for createView:[
    selectQuery="select
                state_party.public_key_hash,
                state_party.transaction_id,
                state_party.output_index,
                pk_hash_to_ext_id_map.external_id
            from state_party
            join pk_hash_to_ext_id_map
            on state_party.public_key_hash = pk_hash_to_ext_id_map.public_key_hash"
    viewName="v_pkey_hash_ex_id_map"
] as 439c1337ca50f7fd62b4d377ac192053
14:02:17.082 [Test worker] DEBUG liquibase - master.changelog.json: migration/vault-schema.changelog-v8.xml::create-external-id-to-state-party-view::R3.Corda: Computed checksum for 7:3b063e299ebe197af7a457ea726b2800:7:450b82f224c850f2465386ef7a707b92:7:190b235511991d2151d47c903cd91db4:7:1ee9b085d397f1a43f3b474588eddf9f:7:439c1337ca50f7fd62b4d377ac192053: as 68a2e794e4726e4e40b28753c7a64413
14:02:17.085 [Test worker] DEBUG liquibase - master.changelog.json: migration/node-info.changelog-init.xml::1511451595465-4::R3.Corda: Computed checksum for createTable:[
    columns=[
        [
            [
                nullable="false"
            ]
            name="node_info_id"
            type="INT"
        ],
        [
            [
                nullable="false"
            ]
            name="party_name"
            type="NVARCHAR(255)"
        ]
    ]
    tableName="node_link_nodeinfo_party"
] as 5f0557f6684939cfe82574a45344afd3
14:02:17.085 [Test worker] DEBUG liquibase - master.changelog.json: migration/node-info.changelog-init.xml::1511451595465-4::R3.Corda: Computed checksum for 7:5f0557f6684939cfe82574a45344afd3: as 86561ccea3a7fbbdb311d455076c98a8
14:02:17.085 [Test worker] DEBUG liquibase - master.changelog.json: migration/node-info.changelog-init.xml::1511451595465-10::R3.Corda: Computed checksum for createTable:[
    columns=[
        [
            [
                nullable="false"
            ]
            name="host"
            type="NVARCHAR(255)"
        ],
        [
            [
                nullable="false"
            ]
            name="port"
            type="INT"
        ],
        [
            name="node_info_id"
            type="INT"
        ]
    ]
    tableName="node_info_hosts"
] as 6f08193361f660a382cf54820e056a20
14:02:17.086 [Test worker] DEBUG liquibase - master.changelog.json: migration/node-info.changelog-init.xml::1511451595465-10::R3.Corda: Computed checksum for 7:6f08193361f660a382cf54820e056a20: as 86dcf13717e5dbc4c623523618380bdd
14:02:17.086 [Test worker] DEBUG liquibase - master.changelog.json: migration/node-info.changelog-init.xml::1511451595465-11::R3.Corda: Computed checksum for createTable:[
    columns=[
        [
            [
                nullable="false"
            ]
            name="party_name"
            type="NVARCHAR(255)"
        ],
        [
            [
                nullable="false"
            ]
            name="ismain"
            type="BOOLEAN"
        ],
        [
            name="owning_key_hash"
            type="NVARCHAR(130)"
        ],
        [
            name="party_cert_binary"
            type="blob"
        ]
    ]
    tableName="n... [truncated in log] as 6e371f832176dde950fe6998501cc7aa
14:02:17.086 [Test worker] DEBUG liquibase - master.changelog.json: migration/node-info.changelog-init.xml::1511451595465-11::R3.Corda: Computed checksum for 7:6e371f832176dde950fe6998501cc7aa: as ddf2ea133beca979abcb7e627a37db60
14:02:17.087 [Test worker] DEBUG liquibase - master.changelog.json: migration/node-info.changelog-init.xml::1511451595465-12::R3.Corda: Computed checksum for createTable:[
    columns=[
        [
            [
                nullable="false"
            ]
            name="node_info_id"
            type="INT"
        ],
        [
            name="node_info_hash"
            type="NVARCHAR(64)"
        ],
        [
            name="platform_version"
            type="INT"
        ],
        [
            name="serial"
            type="BIGINT"
        ]
    ]
    tableName="node_infos"
] as c5eb4436bba09a4bfb27e08b68cc57b0
14:02:17.088 [Test worker] DEBUG liquibase - master.changelog.json: migration/node-info.changelog-init.xml::1511451595465-12::R3.Corda: Computed checksum for 7:c5eb4436bba09a4bfb27e08b68cc57b0: as 2a2169c32d87fdc3442c6096740a52a5
14:02:17.089 [Test worker] DEBUG liquibase - master.changelog.json: migration/node-info.changelog-init.xml::1511451595465-35::R3.Corda: Computed checksum for addPrimaryKey:[
    columnNames="host, port"
    constraintName="node_info_hosts_pkey"
    tableName="node_info_hosts"
] as 00c44e883bc12a3353188495f454f0f6
14:02:17.089 [Test worker] DEBUG liquibase - master.changelog.json: migration/node-info.changelog-init.xml::1511451595465-35::R3.Corda: Computed checksum for 7:00c44e883bc12a3353188495f454f0f6: as 5c8230d7f489b4b961c3b52b3335e5ff
14:02:17.089 [Test worker] DEBUG liquibase - master.changelog.json: migration/node-info.changelog-init.xml::1511451595465-36::R3.Corda: Computed checksum for addPrimaryKey:[
    columnNames="party_name"
    constraintName="node_info_party_cert_pkey"
    tableName="node_info_party_cert"
] as 14054c7885bede3bc60af5d2dd08a9c8
14:02:17.089 [Test worker] DEBUG liquibase - master.changelog.json: migration/node-info.changelog-init.xml::1511451595465-36::R3.Corda: Computed checksum for 7:14054c7885bede3bc60af5d2dd08a9c8: as a4293247b9113bb0895d15e212ded67d
14:02:17.089 [Test worker] DEBUG liquibase - master.changelog.json: migration/node-info.changelog-init.xml::1511451595465-37::R3.Corda: Computed checksum for addPrimaryKey:[
    columnNames="node_info_id"
    constraintName="node_infos_pkey"
    tableName="node_infos"
] as 6adf6458b4512d6bc5ca5813c2707e3d
14:02:17.090 [Test worker] DEBUG liquibase - master.changelog.json: migration/node-info.changelog-init.xml::1511451595465-37::R3.Corda: Computed checksum for 7:6adf6458b4512d6bc5ca5813c2707e3d: as 3f7b9e25544e21798cc648d8ab2056b7
14:02:17.090 [Test worker] DEBUG liquibase - master.changelog.json: migration/node-info.changelog-init.xml::1511451595465-62::R3.Corda: Computed checksum for addForeignKeyConstraint:[
    baseColumnNames="node_info_id"
    baseTableName="node_link_nodeinfo_party"
    constraintName="FK__link_nodeinfo_party__infos"
    referencedColumnNames="node_info_id"
    referencedTableName="node_infos"
] as 1a56cab722da6c0a210824ac187fea47
14:02:17.091 [Test worker] DEBUG liquibase - master.changelog.json: migration/node-info.changelog-init.xml::1511451595465-62::R3.Corda: Computed checksum for 7:1a56cab722da6c0a210824ac187fea47: as 64add0a3b0350cfe6fa3de1428a38397
14:02:17.094 [Test worker] DEBUG liquibase - master.changelog.json: migration/node-info.changelog-init.xml::1511451595465-63::R3.Corda: Computed checksum for addForeignKeyConstraint:[
    baseColumnNames="node_info_id"
    baseTableName="node_info_hosts"
    constraintName="FK__info_hosts__infos"
    referencedColumnNames="node_info_id"
    referencedTableName="node_infos"
] as c5982833d4ecc3f6e19b870ef3cdafdc
14:02:17.094 [Test worker] DEBUG liquibase - master.changelog.json: migration/node-info.changelog-init.xml::1511451595465-63::R3.Corda: Computed checksum for 7:c5982833d4ecc3f6e19b870ef3cdafdc: as 6ea0c3bb234d14956401b6b281531832
14:02:17.095 [Test worker] DEBUG liquibase - master.changelog.json: migration/node-info.changelog-init.xml::remove_host_port_pk::R3.Corda: Computed checksum for delete:[
    tableName="node_infos"
] as 88f0f3be4f28bb97a4eff8bb6c643615
14:02:17.095 [Test worker] DEBUG liquibase - master.changelog.json: migration/node-info.changelog-init.xml::remove_host_port_pk::R3.Corda: Computed checksum for delete:[
    tableName="node_link_nodeinfo_party"
] as 8ae8d78f410d9978c57e0e7d4383c311
14:02:17.096 [Test worker] DEBUG liquibase - master.changelog.json: migration/node-info.changelog-init.xml::remove_host_port_pk::R3.Corda: Computed checksum for delete:[
    tableName="node_info_hosts"
] as c66698861dc70f2bc2f0d1aefc556a8b
14:02:17.096 [Test worker] DEBUG liquibase - master.changelog.json: migration/node-info.changelog-init.xml::remove_host_port_pk::R3.Corda: Computed checksum for delete:[
    tableName="node_info_party_cert"
] as f57d560d22a52dd192fdb3fbbb679576
14:02:17.098 [Test worker] DEBUG liquibase - master.changelog.json: migration/node-info.changelog-init.xml::remove_host_port_pk::R3.Corda: Computed checksum for dropPrimaryKey:[
    constraintName="node_info_hosts_pkey"
    tableName="node_info_hosts"
] as 8b8f98fcef92cc953b306c56fe61762f
14:02:17.098 [Test worker] DEBUG liquibase - master.changelog.json: migration/node-info.changelog-init.xml::remove_host_port_pk::R3.Corda: Computed checksum for addColumn:[
    columns=[
        [
            [
                nullable="false"
            ]
            name="hosts_id"
            type="INT"
        ]
    ]
    tableName="node_info_hosts"
] as 2bc19defe8eb317936eb134f5cf66983
14:02:17.098 [Test worker] DEBUG liquibase - master.changelog.json: migration/node-info.changelog-init.xml::remove_host_port_pk::R3.Corda: Computed checksum for addPrimaryKey:[
    columnNames="hosts_id"
    constraintName="node_info_hosts_pkey_id"
    tableName="node_info_hosts"
] as fb8c4f0a4999978cac06928bb4f0134a
14:02:17.098 [Test worker] DEBUG liquibase - master.changelog.json: migration/node-info.changelog-init.xml::remove_host_port_pk::R3.Corda: Computed checksum for 7:88f0f3be4f28bb97a4eff8bb6c643615:7:8ae8d78f410d9978c57e0e7d4383c311:7:c66698861dc70f2bc2f0d1aefc556a8b:7:f57d560d22a52dd192fdb3fbbb679576:7:8b8f98fcef92cc953b306c56fe61762f:7:2bc19defe8eb317936eb134f5cf66983:7:fb8c4f0a4999978cac06928bb4f0134a: as cb733f12ced82860fd296bb0c94c5072
14:02:17.098 [Test worker] DEBUG liquibase - master.changelog.json: migration/node-info.changelog-v1.xml::key/value node properties table::R3.Corda: Computed checksum for createTable:[
    columns=[
        [
            [
                nullable="false"
            ]
            name="property_key"
            type="NVARCHAR(255)"
        ],
        [
            name="property_value"
            type="NVARCHAR(255)"
        ]
    ]
    tableName="node_properties"
] as 17113a8df38982bab57e5f97485915b2
14:02:17.098 [Test worker] DEBUG liquibase - master.changelog.json: migration/node-info.changelog-v1.xml::key/value node properties table::R3.Corda: Computed checksum for 7:17113a8df38982bab57e5f97485915b2: as 05241b402dd60a4e1eeb86ad6c5eff9e
14:02:17.099 [Test worker] DEBUG liquibase - master.changelog.json: migration/node-info.changelog-v2.xml::1525962920::R3.Corda: Computed checksum for addNotNullConstraint:[
    columnDataType="NVARCHAR(64)"
    columnName="node_info_hash"
    tableName="node_infos"
] as 736d3fb9862e810788216a889c726699
14:02:17.099 [Test worker] DEBUG liquibase - master.changelog.json: migration/node-info.changelog-v2.xml::1525962920::R3.Corda: Computed checksum for addNotNullConstraint:[
    columnDataType="INT"
    columnName="platform_version"
    tableName="node_infos"
] as 76d2d2c9dd1c6954d572cd5a4d47366e
14:02:17.099 [Test worker] DEBUG liquibase - master.changelog.json: migration/node-info.changelog-v2.xml::1525962920::R3.Corda: Computed checksum for addNotNullConstraint:[
    columnDataType="BIGINT"
    columnName="serial"
    tableName="node_infos"
] as 26157af814171c1d3bd6f883bb5c39e8
14:02:17.100 [Test worker] DEBUG liquibase - master.changelog.json: migration/node-info.changelog-v2.xml::1525962920::R3.Corda: Computed checksum for dropNotNullConstraint:[
    columnDataType="NVARCHAR(255)"
    columnName="host"
    tableName="node_info_hosts"
] as 603a060f34f7e4bd2d4bff3b8a6621af
14:02:17.100 [Test worker] DEBUG liquibase - master.changelog.json: migration/node-info.changelog-v2.xml::1525962920::R3.Corda: Computed checksum for dropNotNullConstraint:[
    columnDataType="INT"
    columnName="port"
    tableName="node_info_hosts"
] as 1ad496134a62a18677ebb23168117bbe
14:02:17.100 [Test worker] DEBUG liquibase - master.changelog.json: migration/node-info.changelog-v2.xml::1525962920::R3.Corda: Computed checksum for addNotNullConstraint:[
    columnDataType="NVARCHAR(130)"
    columnName="owning_key_hash"
    tableName="node_info_party_cert"
] as eb00d90a19da5f3ab4970aa0b2674aae
14:02:17.100 [Test worker] DEBUG liquibase - master.changelog.json: migration/node-info.changelog-v2.xml::1525962920::R3.Corda: Computed checksum for addNotNullConstraint:[
    columnDataType="blob"
    columnName="party_cert_binary"
    tableName="node_info_party_cert"
] as 25f38c720c603b2dea35550bedab555a
14:02:17.100 [Test worker] DEBUG liquibase - master.changelog.json: migration/node-info.changelog-v2.xml::1525962920::R3.Corda: Computed checksum for 7:736d3fb9862e810788216a889c726699:7:76d2d2c9dd1c6954d572cd5a4d47366e:7:26157af814171c1d3bd6f883bb5c39e8:7:603a060f34f7e4bd2d4bff3b8a6621af:7:1ad496134a62a18677ebb23168117bbe:7:eb00d90a19da5f3ab4970aa0b2674aae:7:25f38c720c603b2dea35550bedab555a: as c3fd83668d5ed4acdefcad3f90944935
14:02:17.103 [Test worker] DEBUG liquibase - master.changelog.json: migration/node-info.changelog-v3.xml::column_host_name::R3.Corda: Computed checksum for renameColumn:[
    newColumnName="host_name"
    oldColumnName="host"
    tableName="node_info_hosts"
] as 2492206013627f2b53e89a302025675a
14:02:17.103 [Test worker] DEBUG liquibase - master.changelog.json: migration/node-info.changelog-v3.xml::column_host_name::R3.Corda: Computed checksum for 7:2492206013627f2b53e89a302025675a: as fc4ceb3b82e44070da1fff49a7b5cccb
14:02:17.114 [Test worker] DEBUG liquibase - master.changelog.json: migration/node-services.changelog-init.xml::1511451595465-5::R3.Corda: Computed checksum for createTable:[
    columns=[
        [
            [
                nullable="false"
            ]
            name="att_id"
            type="NVARCHAR(255)"
        ],
        [
            name="content"
            type="blob"
        ],
        [
            name="filename"
            type="NVARCHAR(255)"
        ],
        [
            [
                nullable="false"
            ]
            name="insertion_date"
            type="timestamp"
        ],
        [
            name="uplo... [truncated in log] as 7eb17f5047b5f49e47197095dde1065c
14:02:17.114 [Test worker] DEBUG liquibase - master.changelog.json: migration/node-services.changelog-init.xml::1511451595465-5::R3.Corda: Computed checksum for 7:7eb17f5047b5f49e47197095dde1065c: as 464a5bbaf24fe78716c38c544dc81f3c
14:02:17.115 [Test worker] DEBUG liquibase - master.changelog.json: migration/node-services.changelog-init.xml::1511451595465-7::R3.Corda: Computed checksum for createTable:[
    columns=[
        [
            [
                nullable="false"
            ]
            name="checkpoint_id"
            type="NVARCHAR(64)"
        ],
        [
            name="checkpoint_value"
            type="blob"
        ]
    ]
    tableName="node_checkpoints"
] as 4f2d38f516c2eeb1483d86b4a25f26c6
14:02:17.115 [Test worker] DEBUG liquibase - master.changelog.json: migration/node-services.changelog-init.xml::1511451595465-7::R3.Corda: Computed checksum for 7:4f2d38f516c2eeb1483d86b4a25f26c6: as 2870aa3a468e81bab1cd24ac70ca2163
14:02:17.115 [Test worker] DEBUG liquibase - master.changelog.json: migration/node-services.changelog-init.xml::1511451595465-8::R3.Corda: Computed checksum for createTable:[
    columns=[
        [
            [
                nullable="false"
            ]
            name="state_ref"
            type="NVARCHAR(96)"
        ],
        [
            name="contract_class_name"
            type="NVARCHAR(255)"
        ]
    ]
    tableName="node_contract_upgrades"
] as bf4885aea883ac63c151d7d01a760dc1
14:02:17.115 [Test worker] DEBUG liquibase - master.changelog.json: migration/node-services.changelog-init.xml::1511451595465-8::R3.Corda: Computed checksum for 7:bf4885aea883ac63c151d7d01a760dc1: as bf156b1c48e915e7d8090d5162e31c02
14:02:17.116 [Test worker] DEBUG liquibase - master.changelog.json: migration/node-services.changelog-init.xml::1511451595465-9::R3.Corda: Computed checksum for createTable:[
    columns=[
        [
            [
                nullable="false"
            ]
            name="pk_hash"
            type="NVARCHAR(130)"
        ],
        [
            name="identity_value"
            type="blob"
        ]
    ]
    tableName="node_identities"
] as 64ced0b8682a33911d574622be63a98d
14:02:17.116 [Test worker] DEBUG liquibase - master.changelog.json: migration/node-services.changelog-init.xml::1511451595465-9::R3.Corda: Computed checksum for 7:64ced0b8682a33911d574622be63a98d: as ea04cf1cc4ea1112c4cbbf932bc51c56
14:02:17.116 [Test worker] DEBUG liquibase - master.changelog.json: migration/node-services.changelog-init.xml::1511451595465-13::R3.Corda: Computed checksum for createTable:[
    columns=[
        [
            [
                nullable="false"
            ]
            name="message_id"
            type="NVARCHAR(64)"
        ],
        [
            name="insertion_time"
            type="timestamp"
        ]
    ]
    tableName="node_message_ids"
] as 32260ae57d06eabdf47f4f4d600577ce
14:02:17.116 [Test worker] DEBUG liquibase - master.changelog.json: migration/node-services.changelog-init.xml::1511451595465-13::R3.Corda: Computed checksum for 7:32260ae57d06eabdf47f4f4d600577ce: as 340ca6c0b7c87b663b0449535b082f80
14:02:17.117 [Test worker] DEBUG liquibase - master.changelog.json: migration/node-services.changelog-init.xml::1511451595465-14::R3.Corda: Computed checksum for createTable:[
    columns=[
        [
            [
                nullable="false"
            ]
            name="message_id"
            type="BIGINT"
        ],
        [
            name="message"
            type="blob"
        ],
        [
            name="recipients"
            type="blob"
        ]
    ]
    tableName="node_message_retry"
] as c87f1cec41d842caa66dd71a14a6fa34
14:02:17.117 [Test worker] DEBUG liquibase - master.changelog.json: migration/node-services.changelog-init.xml::1511451595465-14::R3.Corda: Computed checksum for 7:c87f1cec41d842caa66dd71a14a6fa34: as 1dc64c73807569fb04c10a9b2d760ff0
14:02:17.117 [Test worker] DEBUG liquibase - master.changelog.json: migration/node-services.changelog-init.xml::1511451595465-15::R3.Corda: Computed checksum for createTable:[
    columns=[
        [
            [
                nullable="false"
            ]
            name="name"
            type="NVARCHAR(128)"
        ],
        [
            name="pk_hash"
            type="NVARCHAR(130)"
        ]
    ]
    tableName="node_named_identities"
] as 9ba9555dab34db960c8083672afee328
14:02:17.117 [Test worker] DEBUG liquibase - master.changelog.json: migration/node-services.changelog-init.xml::1511451595465-15::R3.Corda: Computed checksum for 7:9ba9555dab34db960c8083672afee328: as 108b7d395f7fb3cfc8ce4e364c4008a5
14:02:17.118 [Test worker] DEBUG liquibase - master.changelog.json: migration/node-services.changelog-init.xml::1511451595465-17::R3.Corda: Computed checksum for createTable:[
    columns=[
        [
            [
                nullable="false"
            ]
            name="public_key_hash"
            type="NVARCHAR(130)"
        ],
        [
            name="private_key"
            type="blob"
        ],
        [
            name="public_key"
            type="blob"
        ]
    ]
    tableName="node_our_key_pairs"
] as afc7fa2555c800c74f9ca1b41689a048
14:02:17.118 [Test worker] DEBUG liquibase - master.changelog.json: migration/node-services.changelog-init.xml::1511451595465-17::R3.Corda: Computed checksum for 7:afc7fa2555c800c74f9ca1b41689a048: as a8b4ae7170f56f1df8a23b530bef4dd1
14:02:17.118 [Test worker] DEBUG liquibase - master.changelog.json: migration/node-services.changelog-init.xml::1511451595465-19::R3.Corda: Computed checksum for createTable:[
    columns=[
        [
            [
                nullable="false"
            ]
            name="output_index"
            type="INT"
        ],
        [
            [
                nullable="false"
            ]
            name="transaction_id"
            type="NVARCHAR(64)"
        ],
        [
            [
                nullable="false"
            ]
            name="scheduled_at"
            type="timestamp"
        ]
    ]
    tableName="node_scheduled_states"
] as defd113d95e94bcd27bcdeb3a96be38b
14:02:17.118 [Test worker] DEBUG liquibase - master.changelog.json: migration/node-services.changelog-init.xml::1511451595465-19::R3.Corda: Computed checksum for 7:defd113d95e94bcd27bcdeb3a96be38b: as 2aaf3df7bdbea9c71aa8bea4e14f11ef
14:02:17.119 [Test worker] DEBUG liquibase - master.changelog.json: migration/node-services.changelog-init.xml::1511451595465-20::R3.Corda: Computed checksum for createTable:[
    columns=[
        [
            [
                nullable="false"
            ]
            name="tx_id"
            type="NVARCHAR(64)"
        ],
        [
            name="state_machine_run_id"
            type="NVARCHAR(36)"
        ]
    ]
    tableName="node_transaction_mappings"
] as a98109c55addd90e480a6fc1ecb48d1d
14:02:17.119 [Test worker] DEBUG liquibase - master.changelog.json: migration/node-services.changelog-init.xml::1511451595465-20::R3.Corda: Computed checksum for 7:a98109c55addd90e480a6fc1ecb48d1d: as f003464d28fe934c636b24e7c72d9c27
14:02:17.119 [Test worker] DEBUG liquibase - master.changelog.json: migration/node-services.changelog-init.xml::1511451595465-21::R3.Corda: Computed checksum for createTable:[
    columns=[
        [
            [
                nullable="false"
            ]
            name="tx_id"
            type="NVARCHAR(64)"
        ],
        [
            name="transaction_value"
            type="blob"
        ]
    ]
    tableName="node_transactions"
] as af8f3c1c7978f86414e864bc0bb9d453
14:02:17.119 [Test worker] DEBUG liquibase - master.changelog.json: migration/node-services.changelog-init.xml::1511451595465-21::R3.Corda: Computed checksum for 7:af8f3c1c7978f86414e864bc0bb9d453: as 8b167e9074e47be66c742aec5661b5d1
14:02:17.120 [Test worker] DEBUG liquibase - master.changelog.json: migration/node-services.changelog-init.xml::1511451595465-30::R3.Corda: Computed checksum for addPrimaryKey:[
    columnNames="att_id"
    constraintName="node_attachments_pkey"
    tableName="node_attachments"
] as 96b8c8009c4a24b06c8ecd3048142128
14:02:17.120 [Test worker] DEBUG liquibase - master.changelog.json: migration/node-services.changelog-init.xml::1511451595465-30::R3.Corda: Computed checksum for 7:96b8c8009c4a24b06c8ecd3048142128: as 4aa12646e41346c10ae1d18b43468b3e
14:02:17.120 [Test worker] DEBUG liquibase - master.changelog.json: migration/node-services.changelog-init.xml::1511451595465-32::R3.Corda: Computed checksum for addPrimaryKey:[
    columnNames="checkpoint_id"
    constraintName="node_checkpoints_pkey"
    tableName="node_checkpoints"
] as 26e60c36f3099cb85a85082b388391c2
14:02:17.120 [Test worker] DEBUG liquibase - master.changelog.json: migration/node-services.changelog-init.xml::1511451595465-32::R3.Corda: Computed checksum for 7:26e60c36f3099cb85a85082b388391c2: as fa0f2ed27615a3fd2b799bb27b447a36
14:02:17.120 [Test worker] DEBUG liquibase - master.changelog.json: migration/node-services.changelog-init.xml::1511451595465-33::R3.Corda: Computed checksum for addPrimaryKey:[
    columnNames="state_ref"
    constraintName="node_contract_upgrades_pkey"
    tableName="node_contract_upgrades"
] as d4c28cd597e7a32cd0d9f3d2a4104650
14:02:17.120 [Test worker] DEBUG liquibase - master.changelog.json: migration/node-services.changelog-init.xml::1511451595465-33::R3.Corda: Computed checksum for 7:d4c28cd597e7a32cd0d9f3d2a4104650: as 37e38ccee8d375f364abca393727eec7
14:02:17.121 [Test worker] DEBUG liquibase - master.changelog.json: migration/node-services.changelog-init.xml::1511451595465-34::R3.Corda: Computed checksum for addPrimaryKey:[
    columnNames="pk_hash"
    constraintName="node_identities_pkey"
    tableName="node_identities"
] as 18ff03ab4c5827e642ce637c7155bd78
14:02:17.121 [Test worker] DEBUG liquibase - master.changelog.json: migration/node-services.changelog-init.xml::1511451595465-34::R3.Corda: Computed checksum for 7:18ff03ab4c5827e642ce637c7155bd78: as 43d4f1fd6b4b69fcd6b046d8806c8f50
14:02:17.121 [Test worker] DEBUG liquibase - master.changelog.json: migration/node-services.changelog-init.xml::1511451595465-38::R3.Corda: Computed checksum for addPrimaryKey:[
    columnNames="message_id"
    constraintName="node_message_ids_pkey"
    tableName="node_message_ids"
] as 5350f5a01fe53cad542ce506faf827a5
14:02:17.121 [Test worker] DEBUG liquibase - master.changelog.json: migration/node-services.changelog-init.xml::1511451595465-38::R3.Corda: Computed checksum for 7:5350f5a01fe53cad542ce506faf827a5: as 37825d1c920089f5d1d8667fae2a0770
14:02:17.121 [Test worker] DEBUG liquibase - master.changelog.json: migration/node-services.changelog-init.xml::1511451595465-39::R3.Corda: Computed checksum for addPrimaryKey:[
    columnNames="message_id"
    constraintName="node_message_retry_pkey"
    tableName="node_message_retry"
] as 05c5906d403843ddbc494dc9314c47db
14:02:17.121 [Test worker] DEBUG liquibase - master.changelog.json: migration/node-services.changelog-init.xml::1511451595465-39::R3.Corda: Computed checksum for 7:05c5906d403843ddbc494dc9314c47db: as 7cc6fa875e39740c709235ff27960561
14:02:17.121 [Test worker] DEBUG liquibase - master.changelog.json: migration/node-services.changelog-init.xml::1511451595465-40::R3.Corda: Computed checksum for addPrimaryKey:[
    columnNames="name"
    constraintName="node_named_identities_pkey"
    tableName="node_named_identities"
] as 64274859807014ee0d62867ef274028a
14:02:17.121 [Test worker] DEBUG liquibase - master.changelog.json: migration/node-services.changelog-init.xml::1511451595465-40::R3.Corda: Computed checksum for 7:64274859807014ee0d62867ef274028a: as 9fac7485c58064b7e7ddce0bd1af86c4
14:02:17.122 [Test worker] DEBUG liquibase - master.changelog.json: migration/node-services.changelog-init.xml::1511451595465-42::R3.Corda: Computed checksum for addPrimaryKey:[
    columnNames="public_key_hash"
    constraintName="node_our_key_pairs_pkey"
    tableName="node_our_key_pairs"
] as 2dc24802cacd1ecc9195c88381d1e14a
14:02:17.122 [Test worker] DEBUG liquibase - master.changelog.json: migration/node-services.changelog-init.xml::1511451595465-42::R3.Corda: Computed checksum for 7:2dc24802cacd1ecc9195c88381d1e14a: as e3644c4b7315958cfb3a3cd4a3f40946
14:02:17.122 [Test worker] DEBUG liquibase - master.changelog.json: migration/node-services.changelog-init.xml::1511451595465-44::R3.Corda: Computed checksum for addPrimaryKey:[
    columnNames="output_index, transaction_id"
    constraintName="node_scheduled_states_pkey"
    tableName="node_scheduled_states"
] as 4c77187a59774106bd1e1d37d89ae1f1
14:02:17.122 [Test worker] DEBUG liquibase - master.changelog.json: migration/node-services.changelog-init.xml::1511451595465-44::R3.Corda: Computed checksum for 7:4c77187a59774106bd1e1d37d89ae1f1: as 122e6cc40f7e50d8c9ffeb46861ed786
14:02:17.122 [Test worker] DEBUG liquibase - master.changelog.json: migration/node-services.changelog-init.xml::1511451595465-45::R3.Corda: Computed checksum for addPrimaryKey:[
    columnNames="tx_id"
    constraintName="node_transaction_mappings_pkey"
    tableName="node_transaction_mappings"
] as 8cc604e43605d57ebbd96b86580c421d
14:02:17.122 [Test worker] DEBUG liquibase - master.changelog.json: migration/node-services.changelog-init.xml::1511451595465-45::R3.Corda: Computed checksum for 7:8cc604e43605d57ebbd96b86580c421d: as c4ba1fcc19b22e52678633b13053eaa1
14:02:17.123 [Test worker] DEBUG liquibase - master.changelog.json: migration/node-services.changelog-init.xml::1511451595465-46::R3.Corda: Computed checksum for addPrimaryKey:[
    columnNames="tx_id"
    constraintName="node_transactions_pkey"
    tableName="node_transactions"
] as 4965c0f02c5ff2bc61985685f3256218
14:02:17.123 [Test worker] DEBUG liquibase - master.changelog.json: migration/node-services.changelog-init.xml::1511451595465-46::R3.Corda: Computed checksum for 7:4965c0f02c5ff2bc61985685f3256218: as 1a41a33c68c6f56be99cbfa9af7c2646
14:02:17.123 [Test worker] DEBUG liquibase - master.changelog.json: migration/node-services.changelog-init.xml::1511451595465-61::R3.Corda: Computed checksum for addForeignKeyConstraint:[
    baseColumnNames="party_name"
    baseTableName="node_link_nodeinfo_party"
    constraintName="FK__link_ni_p__info_p_cert"
    referencedColumnNames="party_name"
    referencedTableName="node_info_party_cert"
] as 44f7bd5dcfc33807eef117a55a62eef7
14:02:17.123 [Test worker] DEBUG liquibase - master.changelog.json: migration/node-services.changelog-init.xml::1511451595465-61::R3.Corda: Computed checksum for 7:44f7bd5dcfc33807eef117a55a62eef7: as f753db641a982caad48d7169dafbc854
14:02:17.124 [Test worker] DEBUG liquibase - master.changelog.json: migration/node-services.changelog-init.xml::add index att_id::R3.Corda: Computed checksum for createIndex:[
    columns=[
        [
            name="att_id"
        ]
    ]
    indexName="att_id_idx"
    tableName="node_attachments"
] as 52e7146df14351ff7556f6d45bd4fabd
14:02:17.124 [Test worker] DEBUG liquibase - master.changelog.json: migration/node-services.changelog-init.xml::add index att_id::R3.Corda: Computed checksum for 7:52e7146df14351ff7556f6d45bd4fabd: as 302188110e9124abd4ef58020255fbb0
14:02:17.124 [Test worker] DEBUG liquibase - master.changelog.json: migration/node-services.changelog-init.xml::add_contract_attachment::R3.Corda: Computed checksum for createTable:[
    columns=[
        [
            [
                nullable="false"
            ]
            name="att_id"
            type="NVARCHAR(255)"
        ],
        [
            name="contract_class_name"
            type="NVARCHAR(255)"
        ]
    ]
    tableName="node_attchments_contracts"
] as 184098a87199f7fd6863799c29181b39
14:02:17.124 [Test worker] DEBUG liquibase - master.changelog.json: migration/node-services.changelog-init.xml::add_contract_attachment::R3.Corda: Computed checksum for addForeignKeyConstraint:[
    baseColumnNames="att_id"
    baseTableName="node_attchments_contracts"
    constraintName="FK__ctr_class__attachments"
    referencedColumnNames="att_id"
    referencedTableName="node_attachments"
] as f50a4be698e1b1efc9e456d8a396f45d
14:02:17.124 [Test worker] DEBUG liquibase - master.changelog.json: migration/node-services.changelog-init.xml::add_contract_attachment::R3.Corda: Computed checksum for delete:[
    tableName="node_attachments"
] as 6ab2de0f26c32b87fd416f7bb0b2041a
14:02:17.125 [Test worker] DEBUG liquibase - master.changelog.json: migration/node-services.changelog-init.xml::add_contract_attachment::R3.Corda: Computed checksum for 7:184098a87199f7fd6863799c29181b39:7:f50a4be698e1b1efc9e456d8a396f45d:7:6ab2de0f26c32b87fd416f7bb0b2041a: as 2cfbc6a84cfcd7b8ce011b58aa70f584
14:02:17.125 [Test worker] DEBUG liquibase - master.changelog.json: migration/node-services.changelog-init.xml::add_dedup_columns::R3.Corda: Computed checksum for addColumn:[
    columns=[
        [
            name="sender"
            type="NVARCHAR(64)"
        ],
        [
            name="sequence_number"
            type="BIGINT"
        ]
    ]
    tableName="node_message_ids"
] as 52d08b6e53239379a1a266904ac87a23
14:02:17.125 [Test worker] DEBUG liquibase - master.changelog.json: migration/node-services.changelog-init.xml::add_dedup_columns::R3.Corda: Computed checksum for 7:52d08b6e53239379a1a266904ac87a23: as 376ede2552aa97e8abf9d9a808c16692
14:02:17.125 [Test worker] DEBUG liquibase - master.changelog.json: migration/node-core.changelog-v4.xml::attchments_rename::R3.Corda: Computed checksum for renameTable:[
    newTableName="node_attachments_contracts"
    oldTableName="node_attchments_contracts"
] as 0356ef37e1bbbe5465248f9614a94dd3
14:02:17.126 [Test worker] DEBUG liquibase - master.changelog.json: migration/node-core.changelog-v4.xml::attchments_rename::R3.Corda: Computed checksum for 7:0356ef37e1bbbe5465248f9614a94dd3: as 9c9553fbc45dfa0ec2117a113b1bfb13
14:02:17.126 [Test worker] DEBUG liquibase - master.changelog.json: migration/node-core.changelog-v4.xml::nullability::R3.Corda: Computed checksum for addNotNullConstraint:[
    columnDataType="blob"
    columnName="identity_value"
    tableName="node_identities"
] as 0ff1c74277be0f57d8da467bd3af81ba
14:02:17.126 [Test worker] DEBUG liquibase - master.changelog.json: migration/node-core.changelog-v4.xml::nullability::R3.Corda: Computed checksum for addNotNullConstraint:[
    columnDataType="blob"
    columnName="content"
    tableName="node_attachments"
] as dd563134d4976b0fc550563a3a9547d0
14:02:17.126 [Test worker] DEBUG liquibase - master.changelog.json: migration/node-core.changelog-v4.xml::nullability::R3.Corda: Computed checksum for addNotNullConstraint:[
    columnDataType="NVARCHAR(255)"
    columnName="contract_class_name"
    tableName="node_attachments_contracts"
] as fcbb1bca17f3fdbb18a1857897fc06f5
14:02:17.126 [Test worker] DEBUG liquibase - master.changelog.json: migration/node-core.changelog-v4.xml::nullability::R3.Corda: Computed checksum for addNotNullConstraint:[
    columnDataType="blob"
    columnName="checkpoint_value"
    tableName="node_checkpoints"
] as 58c19f5fa79bba98f82a37d6f4b5a6b9
14:02:17.127 [Test worker] DEBUG liquibase - master.changelog.json: migration/node-core.changelog-v4.xml::nullability::R3.Corda: Computed checksum for addNotNullConstraint:[
    columnDataType="NVARCHAR(255)"
    columnName="contract_class_name"
    tableName="node_contract_upgrades"
] as c29d2d41b0a68e07a140a2368ba5bba1
14:02:17.127 [Test worker] DEBUG liquibase - master.changelog.json: migration/node-core.changelog-v4.xml::nullability::R3.Corda: Computed checksum for addNotNullConstraint:[
    columnDataType="timestamp"
    columnName="insertion_time"
    tableName="node_message_ids"
] as 790718a410431aa28f9264789001ba45
14:02:17.127 [Test worker] DEBUG liquibase - master.changelog.json: migration/node-core.changelog-v4.xml::nullability::R3.Corda: Computed checksum for addNotNullConstraint:[
    columnDataType="blob"
    columnName="message"
    tableName="node_message_retry"
] as 1898ae47388ec4edef20156ecfff9aac
14:02:17.127 [Test worker] DEBUG liquibase - master.changelog.json: migration/node-core.changelog-v4.xml::nullability::R3.Corda: Computed checksum for addNotNullConstraint:[
    columnDataType="blob"
    columnName="recipients"
    tableName="node_message_retry"
] as c8e6a209afb71510082c39b6585beccf
14:02:17.127 [Test worker] DEBUG liquibase - master.changelog.json: migration/node-core.changelog-v4.xml::nullability::R3.Corda: Computed checksum for addNotNullConstraint:[
    columnDataType="NVARCHAR(130)"
    columnName="pk_hash"
    tableName="node_named_identities"
] as a8187d893238bffdbf57cdd9d63bfdba
14:02:17.127 [Test worker] DEBUG liquibase - master.changelog.json: migration/node-core.changelog-v4.xml::nullability::R3.Corda: Computed checksum for addNotNullConstraint:[
    columnDataType="blob"
    columnName="private_key"
    tableName="node_our_key_pairs"
] as b2af64a77f468869df53c57ab50eb85b
14:02:17.127 [Test worker] DEBUG liquibase - master.changelog.json: migration/node-core.changelog-v4.xml::nullability::R3.Corda: Computed checksum for addNotNullConstraint:[
    columnDataType="blob"
    columnName="public_key"
    tableName="node_our_key_pairs"
] as 713d90dc7b4029ace717deb55694f4a5
14:02:17.128 [Test worker] DEBUG liquibase - master.changelog.json: migration/node-core.changelog-v4.xml::nullability::R3.Corda: Computed checksum for addNotNullConstraint:[
    columnDataType="NVARCHAR(36)"
    columnName="state_machine_run_id"
    tableName="node_transaction_mappings"
] as 685dff1bf416bfa2574449a7f932d6f1
14:02:17.128 [Test worker] DEBUG liquibase - master.changelog.json: migration/node-core.changelog-v4.xml::nullability::R3.Corda: Computed checksum for addNotNullConstraint:[
    columnDataType="blob"
    columnName="transaction_value"
    tableName="node_transactions"
] as 9f7524707b3715b2aa22a20bc6fcabc5
14:02:17.128 [Test worker] DEBUG liquibase - master.changelog.json: migration/node-core.changelog-v4.xml::nullability::R3.Corda: Computed checksum for 7:0ff1c74277be0f57d8da467bd3af81ba:7:dd563134d4976b0fc550563a3a9547d0:7:fcbb1bca17f3fdbb18a1857897fc06f5:7:58c19f5fa79bba98f82a37d6f4b5a6b9:7:c29d2d41b0a68e07a140a2368ba5bba1:7:790718a410431aa28f9264789001ba45:7:1898ae47388ec4edef20156ecfff9aac:7:c8e6a209afb71510082c39b6585beccf:7:a8187d893238bffdbf57cdd9d63bfdba:7:b2af64a77f468869df53c57ab50eb85b:7:713d90dc7b4029ace717deb55694f4a5:7:685dff1bf416bfa2574449a7f932d6f1:7:9f7524707b3715b2aa22a20bc6fcabc5: as 73b3f89cdd2a42efebeb125648c28191
14:02:17.130 [Test worker] DEBUG liquibase - master.changelog.json: migration/node-core.changelog-v5.xml::remove_unused_node_message_retry::R3.Corda: Computed checksum for dropTable:[
    tableName="node_message_retry"
] as 8907740960b74152d1e573f64f4ce208
14:02:17.130 [Test worker] DEBUG liquibase - master.changelog.json: migration/node-core.changelog-v5.xml::remove_unused_node_message_retry::R3.Corda: Computed checksum for 7:8907740960b74152d1e573f64f4ce208: as cd120ad46e3a88b0eeaa7ffdcf8a0861
14:02:17.130 [Test worker] DEBUG liquibase - master.changelog.json: migration/node-core.changelog-pkey.xml::non-clustered_pk-1::R3.Corda: Computed checksum for dropPrimaryKey:[
    constraintName="node_checkpoints_pkey"
    tableName="node_checkpoints"
] as 9f99a134773f14ab2cbc2cd6f156b603
14:02:17.130 [Test worker] DEBUG liquibase - master.changelog.json: migration/node-core.changelog-pkey.xml::non-clustered_pk-1::R3.Corda: Computed checksum for addPrimaryKey:[
    clustered="false"
    columnNames="checkpoint_id"
    constraintName="node_checkpoints_pkey"
    tableName="node_checkpoints"
] as a18afa1a1a70b87465896c3520a34c84
14:02:17.130 [Test worker] DEBUG liquibase - master.changelog.json: migration/node-core.changelog-pkey.xml::non-clustered_pk-1::R3.Corda: Computed checksum for 7:9f99a134773f14ab2cbc2cd6f156b603:7:a18afa1a1a70b87465896c3520a34c84: as eb9d9d13536371a16c05f8a89051e6b0
14:02:17.131 [Test worker] INFO liquibase - master.changelog.json: migration/node-core.changelog-pkey.xml::non-clustered_pk-1::R3.Corda: Skipping changeSet migration/node-core.changelog-pkey.xml::non-clustered_pk-1::R3.Corda due to validation error(s): clustered is not allowed on h2
14:02:17.131 [Test worker] DEBUG liquibase - master.changelog.json: migration/node-core.changelog-pkey.xml::non-clustered_pk-2::R3.Corda: Computed checksum for dropPrimaryKey:[
    constraintName="node_identities_pkey"
    tableName="node_identities"
] as 605c45e8edd8d52e86e00a89fe2ac35e
14:02:17.131 [Test worker] DEBUG liquibase - master.changelog.json: migration/node-core.changelog-pkey.xml::non-clustered_pk-2::R3.Corda: Computed checksum for addPrimaryKey:[
    clustered="false"
    columnNames="pk_hash"
    constraintName="node_identities_pkey"
    tableName="node_identities"
] as fbf664dd28d0f4f6c49ae6c1fa52bd3e
14:02:17.131 [Test worker] DEBUG liquibase - master.changelog.json: migration/node-core.changelog-pkey.xml::non-clustered_pk-2::R3.Corda: Computed checksum for 7:605c45e8edd8d52e86e00a89fe2ac35e:7:fbf664dd28d0f4f6c49ae6c1fa52bd3e: as d4192425f4f38b39f3b09611028e5c14
14:02:17.131 [Test worker] INFO liquibase - master.changelog.json: migration/node-core.changelog-pkey.xml::non-clustered_pk-2::R3.Corda: Skipping changeSet migration/node-core.changelog-pkey.xml::non-clustered_pk-2::R3.Corda due to validation error(s): clustered is not allowed on h2
14:02:17.131 [Test worker] DEBUG liquibase - master.changelog.json: migration/node-core.changelog-pkey.xml::non-clustered_pk-3::R3.Corda: Computed checksum for dropPrimaryKey:[
    constraintName="node_message_ids_pkey"
    tableName="node_message_ids"
] as ba87180f3d741766134d74212ca6032f
14:02:17.131 [Test worker] DEBUG liquibase - master.changelog.json: migration/node-core.changelog-pkey.xml::non-clustered_pk-3::R3.Corda: Computed checksum for addPrimaryKey:[
    clustered="false"
    columnNames="message_id"
    constraintName="node_message_ids_pkey"
    tableName="node_message_ids"
] as 8aaadb5242637738d617d395100b45a5
14:02:17.131 [Test worker] DEBUG liquibase - master.changelog.json: migration/node-core.changelog-pkey.xml::non-clustered_pk-3::R3.Corda: Computed checksum for 7:ba87180f3d741766134d74212ca6032f:7:8aaadb5242637738d617d395100b45a5: as 9773a095cc1db7ea3a66e7e5565bb58e
14:02:17.131 [Test worker] INFO liquibase - master.changelog.json: migration/node-core.changelog-pkey.xml::non-clustered_pk-3::R3.Corda: Skipping changeSet migration/node-core.changelog-pkey.xml::non-clustered_pk-3::R3.Corda due to validation error(s): clustered is not allowed on h2
14:02:17.132 [Test worker] DEBUG liquibase - master.changelog.json: migration/node-core.changelog-pkey.xml::non-clustered_pk-4::R3.Corda: Computed checksum for dropPrimaryKey:[
    constraintName="node_named_identities_pkey"
    tableName="node_named_identities"
] as d24b036e035ca98e1702e37946c90818
14:02:17.132 [Test worker] DEBUG liquibase - master.changelog.json: migration/node-core.changelog-pkey.xml::non-clustered_pk-4::R3.Corda: Computed checksum for addPrimaryKey:[
    clustered="false"
    columnNames="name"
    constraintName="node_named_identities_pkey"
    tableName="node_named_identities"
] as ae93b29e74c25596344b0d7aa14239b9
14:02:17.132 [Test worker] DEBUG liquibase - master.changelog.json: migration/node-core.changelog-pkey.xml::non-clustered_pk-4::R3.Corda: Computed checksum for 7:d24b036e035ca98e1702e37946c90818:7:ae93b29e74c25596344b0d7aa14239b9: as f1e21d4abffbb24133e752eb9cd6a162
14:02:17.132 [Test worker] INFO liquibase - master.changelog.json: migration/node-core.changelog-pkey.xml::non-clustered_pk-4::R3.Corda: Skipping changeSet migration/node-core.changelog-pkey.xml::non-clustered_pk-4::R3.Corda due to validation error(s): clustered is not allowed on h2
14:02:17.132 [Test worker] DEBUG liquibase - master.changelog.json: migration/node-core.changelog-pkey.xml::non-clustered_pk-5::R3.Corda: Computed checksum for dropPrimaryKey:[
    constraintName="node_our_key_pairs_pkey"
    tableName="node_our_key_pairs"
] as 9ac2cf82fe1a0d3a4afa3f284102f0ed
14:02:17.132 [Test worker] DEBUG liquibase - master.changelog.json: migration/node-core.changelog-pkey.xml::non-clustered_pk-5::R3.Corda: Computed checksum for addPrimaryKey:[
    clustered="false"
    columnNames="public_key_hash"
    constraintName="node_our_key_pairs_pkey"
    tableName="node_our_key_pairs"
] as b30cc3700d89cfc198fe0601af670c55
14:02:17.132 [Test worker] DEBUG liquibase - master.changelog.json: migration/node-core.changelog-pkey.xml::non-clustered_pk-5::R3.Corda: Computed checksum for 7:9ac2cf82fe1a0d3a4afa3f284102f0ed:7:b30cc3700d89cfc198fe0601af670c55: as 4ea09df2dbab99be33f8251a40d1c5a6
14:02:17.132 [Test worker] INFO liquibase - master.changelog.json: migration/node-core.changelog-pkey.xml::non-clustered_pk-5::R3.Corda: Skipping changeSet migration/node-core.changelog-pkey.xml::non-clustered_pk-5::R3.Corda due to validation error(s): clustered is not allowed on h2
14:02:17.133 [Test worker] DEBUG liquibase - master.changelog.json: migration/node-core.changelog-pkey.xml::non-clustered_pk-6::R3.Corda: Computed checksum for dropPrimaryKey:[
    constraintName="node_transaction_mappings_pkey"
    tableName="node_transaction_mappings"
] as 983db0cc88ef50f6461218ae4c516eed
14:02:17.133 [Test worker] DEBUG liquibase - master.changelog.json: migration/node-core.changelog-pkey.xml::non-clustered_pk-6::R3.Corda: Computed checksum for addPrimaryKey:[
    clustered="false"
    columnNames="tx_id"
    constraintName="node_transaction_mappings_pkey"
    tableName="node_transaction_mappings"
] as dcb9146c1054916a8af5a4fb2f9152e2
14:02:17.133 [Test worker] DEBUG liquibase - master.changelog.json: migration/node-core.changelog-pkey.xml::non-clustered_pk-6::R3.Corda: Computed checksum for 7:983db0cc88ef50f6461218ae4c516eed:7:dcb9146c1054916a8af5a4fb2f9152e2: as cb349ad07d3039e6d7d2f184988b954f
14:02:17.133 [Test worker] INFO liquibase - master.changelog.json: migration/node-core.changelog-pkey.xml::non-clustered_pk-6::R3.Corda: Skipping changeSet migration/node-core.changelog-pkey.xml::non-clustered_pk-6::R3.Corda due to validation error(s): clustered is not allowed on h2
14:02:17.133 [Test worker] DEBUG liquibase - master.changelog.json: migration/node-core.changelog-pkey.xml::non-clustered_pk-7::R3.Corda: Computed checksum for dropPrimaryKey:[
    constraintName="node_transactions_pkey"
    tableName="node_transactions"
] as f422783d78c2f5d16738c611e1317bf1
14:02:17.133 [Test worker] DEBUG liquibase - master.changelog.json: migration/node-core.changelog-pkey.xml::non-clustered_pk-7::R3.Corda: Computed checksum for addPrimaryKey:[
    clustered="false"
    columnNames="tx_id"
    constraintName="node_transactions_pkey"
    tableName="node_transactions"
] as 457dcb0ccf83fa48cc8a9643c91b9ad4
14:02:17.133 [Test worker] DEBUG liquibase - master.changelog.json: migration/node-core.changelog-pkey.xml::non-clustered_pk-7::R3.Corda: Computed checksum for 7:f422783d78c2f5d16738c611e1317bf1:7:457dcb0ccf83fa48cc8a9643c91b9ad4: as 97c3ef240152c18129859ea5ae999c9e
14:02:17.134 [Test worker] INFO liquibase - master.changelog.json: migration/node-core.changelog-pkey.xml::non-clustered_pk-7::R3.Corda: Skipping changeSet migration/node-core.changelog-pkey.xml::non-clustered_pk-7::R3.Corda due to validation error(s): clustered is not allowed on h2
14:02:17.134 [Test worker] DEBUG liquibase - master.changelog.json: migration/node-core.changelog-v8.xml::conditional_attchments_rename::R3.Corda: Computed checksum for renameTable:[
    newTableName="NODE_ATTACHMENTS_CONTRACTS"
    oldTableName="NODE_ATTCHMENTS_CONTRACTS"
] as 0dba1c02ba10df0f9c88e1631299486e
14:02:17.134 [Test worker] DEBUG liquibase - master.changelog.json: migration/node-core.changelog-v8.xml::conditional_attchments_rename::R3.Corda: Computed checksum for 7:0dba1c02ba10df0f9c88e1631299486e: as c7fcf1b072eb8882179623895abd6a53
14:02:17.134 [Test worker] DEBUG liquibase - master.changelog.json: migration/node-core.changelog-v8.xml::conditional_attchments_contracts::R3.Corda: Computed checksum for renameTable:[
    newTableName="NODE_ATTACHMENTS_CONTRACTS"
    oldTableName="NODE_ATTACHMENTS_CONTRACT_CLASS_NAME"
] as ae58ab3570282cf1723e82df8647178c
14:02:17.134 [Test worker] DEBUG liquibase - master.changelog.json: migration/node-core.changelog-v8.xml::conditional_attchments_contracts::R3.Corda: Computed checksum for 7:ae58ab3570282cf1723e82df8647178c: as 9ec85543b6baac8a877ad21f063a5b13
14:02:17.134 [Test worker] DEBUG liquibase - master.changelog.json: migration/node-core.changelog-v8.xml::add_signers::R3.Corda: Computed checksum for createTable:[
    columns=[
        [
            [
                nullable="false"
            ]
            name="att_id"
            type="NVARCHAR(255)"
        ],
        [
            name="signer"
            type="NVARCHAR(1024)"
        ]
    ]
    tableName="node_attachments_signers"
] as ec83f8cd0344429668e5c2aedd0b2ab3
14:02:17.135 [Test worker] DEBUG liquibase - master.changelog.json: migration/node-core.changelog-v8.xml::add_signers::R3.Corda: Computed checksum for addForeignKeyConstraint:[
    baseColumnNames="att_id"
    baseTableName="node_attachments_signers"
    constraintName="FK__signers__attachments"
    referencedColumnNames="att_id"
    referencedTableName="node_attachments"
] as e86b87f9584ab73e9b56daa91c983050
14:02:17.135 [Test worker] DEBUG liquibase - master.changelog.json: migration/node-core.changelog-v8.xml::add_signers::R3.Corda: Computed checksum for 7:ec83f8cd0344429668e5c2aedd0b2ab3:7:e86b87f9584ab73e9b56daa91c983050: as d1356cd65d19937b81284ea078998d84
14:02:17.135 [Test worker] DEBUG liquibase - master.changelog.json: migration/node-core.changelog-tx-mapping.xml::add_tx_mapping_column::R3.Corda: Computed checksum for addColumn:[
    columns=[
        [
            [
                nullable="true"
            ]
            name="state_machine_run_id"
            type="NVARCHAR(36)"
        ]
    ]
    tableName="node_transactions"
] as 5fdebff63e6f64287935a2e65414d2a3
14:02:17.135 [Test worker] DEBUG liquibase - master.changelog.json: migration/node-core.changelog-tx-mapping.xml::add_tx_mapping_column::R3.Corda: Computed checksum for inputStream as a8472f5cf0c2c13303109942b6dbce69
14:02:17.135 [Test worker] DEBUG liquibase - master.changelog.json: migration/node-core.changelog-tx-mapping.xml::add_tx_mapping_column::R3.Corda: Computed checksum for dropTable:[
    tableName="node_transaction_mappings"
] as b220f3903f4c1c9d2298c35db99c59ac
14:02:17.136 [Test worker] DEBUG liquibase - master.changelog.json: migration/node-core.changelog-tx-mapping.xml::add_tx_mapping_column::R3.Corda: Computed checksum for 7:5fdebff63e6f64287935a2e65414d2a3:7:a8472f5cf0c2c13303109942b6dbce69:7:b220f3903f4c1c9d2298c35db99c59ac: as a0995593179aec45250c383611edd1e2
14:02:17.136 [Test worker] DEBUG liquibase - master.changelog.json: migration/node-services.changelog-init.xml::add_network_parameters_storage::R3.Corda: Computed checksum for createTable:[
    columns=[
        [
            [
                nullable="false"
            ]
            name="hash"
            type="NVARCHAR(130)"
        ],
        [
            [
                nullable="false"
            ]
            name="epoch"
            type="INT"
        ],
        [
            [
                nullable="false"
            ]
            name="parameters_bytes"
            type="BLOB"
        ],
        [
            [
                nullable="false"
    ... [truncated in log] as 0c5ab9f5cdf1cceb5855e79ec0df5990
14:02:17.136 [Test worker] DEBUG liquibase - master.changelog.json: migration/node-services.changelog-init.xml::add_network_parameters_storage::R3.Corda: Computed checksum for 7:0c5ab9f5cdf1cceb5855e79ec0df5990: as 8d5882f94d9f58647903210994573073
14:02:17.137 [Test worker] DEBUG liquibase - master.changelog.json: migration/node-services.changelog-init.xml::network_parameters_pk::R3.Corda: Computed checksum for addPrimaryKey:[
    columnNames="hash"
    constraintName="node_network_parameters_pkey"
    tableName="node_network_parameters"
] as 7398cbb8aa8fc3cf93265e77bbc28f93
14:02:17.137 [Test worker] DEBUG liquibase - master.changelog.json: migration/node-services.changelog-init.xml::network_parameters_pk::R3.Corda: Computed checksum for 7:7398cbb8aa8fc3cf93265e77bbc28f93: as 71635301bd498e4d52b02988795348e6
14:02:17.137 [Test worker] DEBUG liquibase - master.changelog.json: migration/node-services.changelog-init.xml::add_version_column::R3.Corda: Computed checksum for addColumn:[
    columns=[
        [
            name="version"
            type="INT"
        ]
    ]
    tableName="node_attachments"
] as c4c33cea80ccf15793fa7b5e24a6746f
14:02:17.137 [Test worker] DEBUG liquibase - master.changelog.json: migration/node-services.changelog-init.xml::add_version_column::R3.Corda: Computed checksum for inputStream as 7ceaceee938a74c8cea67468ab2e68f4
14:02:17.137 [Test worker] DEBUG liquibase - master.changelog.json: migration/node-services.changelog-init.xml::add_version_column::R3.Corda: Computed checksum for addNotNullConstraint:[
    columnDataType="INT"
    columnName="version"
    tableName="node_attachments"
] as a6d4059f21164657e11caa70338e4c7b
14:02:17.137 [Test worker] DEBUG liquibase - master.changelog.json: migration/node-services.changelog-init.xml::add_version_column::R3.Corda: Computed checksum for 7:c4c33cea80ccf15793fa7b5e24a6746f:7:7ceaceee938a74c8cea67468ab2e68f4:7:a6d4059f21164657e11caa70338e4c7b: as 7d7fb1c90fa05b5fc3b938fd7c520344
14:02:17.138 [Test worker] DEBUG liquibase - master.changelog.json: migration/node-services.changelog-init.xml::update-version-of-whitelisted-jars::R3.Corda: Computed checksum for customChange:[
    class="net.corda.nodeapi.internal.persistence.AttachmentVersionNumberMigration"
    param=[]
] as cccb7fe15337dd836d74b41ef3a3c6f5
14:02:17.138 [Test worker] DEBUG liquibase - master.changelog.json: migration/node-services.changelog-init.xml::update-version-of-whitelisted-jars::R3.Corda: Computed checksum for 7:cccb7fe15337dd836d74b41ef3a3c6f5: as 706b589854273bdf703c4ed7a2a9191b
14:02:17.138 [Test worker] DEBUG liquibase - master.changelog.json: migration/vault-schema.changelog-v9.xml::update-vault-states::R3.Corda: Computed checksum for customChange:[
    class="net.corda.node.migration.VaultStateMigration"
    param=[]
] as d51d633a004ca013feeabe1129953946
14:02:17.138 [Test worker] DEBUG liquibase - master.changelog.json: migration/vault-schema.changelog-v9.xml::update-vault-states::R3.Corda: Computed checksum for 7:d51d633a004ca013feeabe1129953946: as b005d9ddca6ae24f7eb8c275fb095a30
14:02:17.139 [Test worker] DEBUG liquibase - Executing QUERY database command: select count(*) from PUBLIC.DATABASECHANGELOGLOCK
14:02:17.139 [Test worker] DEBUG liquibase - Executing QUERY database command: SELECT LOCKED FROM PUBLIC.DATABASECHANGELOGLOCK WHERE ID=1
14:02:17.139 [Test worker] DEBUG liquibase - Lock Database
14:02:17.140 [Test worker] DEBUG liquibase - Executing UPDATE database command: UPDATE PUBLIC.DATABASECHANGELOGLOCK SET LOCKED = TRUE, LOCKEDBY = 'DELL (192.168.40.48)', LOCKGRANTED = '2019-10-12 14:02:17.139' WHERE ID = 1 AND LOCKED = FALSE
14:02:17.141 [Test worker] INFO liquibase - Successfully acquired change log lock
14:02:17.141 [Test worker] INFO liquibase - master.changelog.json: migration/common.changelog-init.xml::1511451595465-1.3::R3.Corda: Skipping changeSet migration/common.changelog-init.xml::1511451595465-1.3::R3.Corda due to validation error(s): minValue is not allowed on h2
14:02:17.156 [Test worker] INFO liquibase - master.changelog.json: migration/vault-schema.changelog-pkey.xml::non-clustered_pk-11::R3.Corda: Skipping changeSet migration/vault-schema.changelog-pkey.xml::non-clustered_pk-11::R3.Corda due to validation error(s): clustered is not allowed on h2
14:02:17.156 [Test worker] INFO liquibase - master.changelog.json: migration/vault-schema.changelog-pkey.xml::non-clustered_pk-12::R3.Corda: Skipping changeSet migration/vault-schema.changelog-pkey.xml::non-clustered_pk-12::R3.Corda due to validation error(s): clustered is not allowed on h2
14:02:17.156 [Test worker] INFO liquibase - master.changelog.json: migration/vault-schema.changelog-pkey.xml::non-clustered_pk-13::R3.Corda: Skipping changeSet migration/vault-schema.changelog-pkey.xml::non-clustered_pk-13::R3.Corda due to validation error(s): clustered is not allowed on h2
14:02:17.164 [Test worker] INFO liquibase - master.changelog.json: migration/node-core.changelog-pkey.xml::non-clustered_pk-1::R3.Corda: Skipping changeSet migration/node-core.changelog-pkey.xml::non-clustered_pk-1::R3.Corda due to validation error(s): clustered is not allowed on h2
14:02:17.164 [Test worker] INFO liquibase - master.changelog.json: migration/node-core.changelog-pkey.xml::non-clustered_pk-2::R3.Corda: Skipping changeSet migration/node-core.changelog-pkey.xml::non-clustered_pk-2::R3.Corda due to validation error(s): clustered is not allowed on h2
14:02:17.164 [Test worker] INFO liquibase - master.changelog.json: migration/node-core.changelog-pkey.xml::non-clustered_pk-3::R3.Corda: Skipping changeSet migration/node-core.changelog-pkey.xml::non-clustered_pk-3::R3.Corda due to validation error(s): clustered is not allowed on h2
14:02:17.165 [Test worker] INFO liquibase - master.changelog.json: migration/node-core.changelog-pkey.xml::non-clustered_pk-4::R3.Corda: Skipping changeSet migration/node-core.changelog-pkey.xml::non-clustered_pk-4::R3.Corda due to validation error(s): clustered is not allowed on h2
14:02:17.165 [Test worker] INFO liquibase - master.changelog.json: migration/node-core.changelog-pkey.xml::non-clustered_pk-5::R3.Corda: Skipping changeSet migration/node-core.changelog-pkey.xml::non-clustered_pk-5::R3.Corda due to validation error(s): clustered is not allowed on h2
14:02:17.165 [Test worker] INFO liquibase - master.changelog.json: migration/node-core.changelog-pkey.xml::non-clustered_pk-6::R3.Corda: Skipping changeSet migration/node-core.changelog-pkey.xml::non-clustered_pk-6::R3.Corda due to validation error(s): clustered is not allowed on h2
14:02:17.165 [Test worker] INFO liquibase - master.changelog.json: migration/node-core.changelog-pkey.xml::non-clustered_pk-7::R3.Corda: Skipping changeSet migration/node-core.changelog-pkey.xml::non-clustered_pk-7::R3.Corda due to validation error(s): clustered is not allowed on h2
14:02:17.166 [Test worker] DEBUG liquibase - master.changelog.json: migration/common.changelog-init.xml::1511451595465-1.1::R3.Corda: Running Changeset:migration/common.changelog-init.xml::1511451595465-1.1::R3.Corda
14:02:17.166 [Test worker] DEBUG liquibase - master.changelog.json: migration/common.changelog-init.xml::1511451595465-1.1::R3.Corda: Changeset migration/common.changelog-init.xml::1511451595465-1.1::R3.Corda
14:02:17.167 [Test worker] DEBUG liquibase - master.changelog.json: migration/common.changelog-init.xml::1511451595465-1.1::R3.Corda: Executing QUERY database command: SELECT SEQUENCE_NAME FROM INFORMATION_SCHEMA.SEQUENCES WHERE SEQUENCE_SCHEMA = 'null' AND IS_GENERATED=FALSE
14:02:17.172 [Test worker] DEBUG liquibase - master.changelog.json: migration/common.changelog-init.xml::1511451595465-1.1::R3.Corda: Executing QUERY database command: SELECT SEQUENCE_NAME FROM INFORMATION_SCHEMA.SEQUENCES WHERE SEQUENCE_SCHEMA = 'PUBLIC' AND IS_GENERATED=FALSE
14:02:17.175 [Test worker] DEBUG liquibase - master.changelog.json: migration/common.changelog-init.xml::1511451595465-1.1::R3.Corda: Reading ChangeSet: migration/common.changelog-init.xml::1511451595465-1.1::R3.Corda
14:02:17.175 [Test worker] DEBUG liquibase - master.changelog.json: migration/common.changelog-init.xml::1511451595465-1.1::R3.Corda: Executing Statement: liquibase.statement.core.CreateSequenceStatement@da05ef5
14:02:17.175 [Test worker] DEBUG liquibase - master.changelog.json: migration/common.changelog-init.xml::1511451595465-1.1::R3.Corda: Executing EXECUTE database command: CREATE SEQUENCE PUBLIC.hibernate_sequence
14:02:17.175 [Test worker] INFO liquibase - master.changelog.json: migration/common.changelog-init.xml::1511451595465-1.1::R3.Corda: Sequence hibernate_sequence created
14:02:17.176 [Test worker] INFO liquibase - master.changelog.json: migration/common.changelog-init.xml::1511451595465-1.1::R3.Corda: ChangeSet migration/common.changelog-init.xml::1511451595465-1.1::R3.Corda ran successfully in 10ms
14:02:17.176 [Test worker] DEBUG liquibase - master.changelog.json: migration/common.changelog-init.xml::1511451595465-1.1::R3.Corda: Executing QUERY database command: SELECT MAX(ORDEREXECUTED) FROM PUBLIC.DATABASECHANGELOG
14:02:17.179 [Test worker] DEBUG liquibase - master.changelog.json: migration/common.changelog-init.xml::1511451595465-1.1::R3.Corda: Executing EXECUTE database command: INSERT INTO PUBLIC.DATABASECHANGELOG (ID, AUTHOR, FILENAME, DATEEXECUTED, ORDEREXECUTED, MD5SUM, DESCRIPTION, COMMENTS, EXECTYPE, CONTEXTS, LABELS, LIQUIBASE, DEPLOYMENT_ID) VALUES ('1511451595465-1.1', 'R3.Corda', 'migration/common.changelog-init.xml', NOW(), 1, '7:afe897bea20bc08d1681087c94d0967d', 'createSequence sequenceName=hibernate_sequence', '', 'EXECUTED', NULL, NULL, '3.5.4', '0860137141')
14:02:17.180 [Test worker] DEBUG liquibase - master.changelog.json: migration/common.changelog-init.xml::1511451595465-1.3::R3.Corda: Running Changeset:migration/common.changelog-init.xml::1511451595465-1.3::R3.Corda
14:02:17.181 [Test worker] DEBUG liquibase - master.changelog.json: migration/common.changelog-init.xml::1511451595465-1.3::R3.Corda: Executing EXECUTE database command: INSERT INTO PUBLIC.DATABASECHANGELOG (ID, AUTHOR, FILENAME, DATEEXECUTED, ORDEREXECUTED, MD5SUM, DESCRIPTION, COMMENTS, EXECTYPE, CONTEXTS, LABELS, LIQUIBASE, DEPLOYMENT_ID) VALUES ('1511451595465-1.3', 'R3.Corda', 'migration/common.changelog-init.xml', NOW(), 2, '7:b775a64dd8351ca0b00329ea3e49f44b', 'createSequence sequenceName=hibernate_sequence', '', 'MARK_RAN', NULL, NULL, '3.5.4', '0860137141')
14:02:17.181 [Test worker] DEBUG liquibase - master.changelog.json: migration/vault-schema.changelog-init.xml::1511451595465-22::R3.Corda: Running Changeset:migration/vault-schema.changelog-init.xml::1511451595465-22::R3.Corda
14:02:17.182 [Test worker] DEBUG liquibase - master.changelog.json: migration/vault-schema.changelog-init.xml::1511451595465-22::R3.Corda: Changeset migration/vault-schema.changelog-init.xml::1511451595465-22::R3.Corda
14:02:17.182 [Test worker] DEBUG liquibase - master.changelog.json: migration/vault-schema.changelog-init.xml::1511451595465-22::R3.Corda: Reading ChangeSet: migration/vault-schema.changelog-init.xml::1511451595465-22::R3.Corda
14:02:17.182 [Test worker] DEBUG liquibase - master.changelog.json: migration/vault-schema.changelog-init.xml::1511451595465-22::R3.Corda: Executing Statement: liquibase.statement.core.CreateTableStatement@61aead70
14:02:17.182 [Test worker] DEBUG liquibase - master.changelog.json: migration/vault-schema.changelog-init.xml::1511451595465-22::R3.Corda: Executing EXECUTE database command: CREATE TABLE PUBLIC.vault_fungible_states (output_index INT NOT NULL, transaction_id NVARCHAR(64) NOT NULL, issuer_name NVARCHAR(255), issuer_ref VARBINARY(512), owner_name NVARCHAR(255), quantity BIGINT)
14:02:17.183 [Test worker] INFO liquibase - master.changelog.json: migration/vault-schema.changelog-init.xml::1511451595465-22::R3.Corda: Table vault_fungible_states created
14:02:17.183 [Test worker] INFO liquibase - master.changelog.json: migration/vault-schema.changelog-init.xml::1511451595465-22::R3.Corda: ChangeSet migration/vault-schema.changelog-init.xml::1511451595465-22::R3.Corda ran successfully in 1ms
14:02:17.184 [Test worker] DEBUG liquibase - master.changelog.json: migration/vault-schema.changelog-init.xml::1511451595465-22::R3.Corda: Executing EXECUTE database command: INSERT INTO PUBLIC.DATABASECHANGELOG (ID, AUTHOR, FILENAME, DATEEXECUTED, ORDEREXECUTED, MD5SUM, DESCRIPTION, COMMENTS, EXECTYPE, CONTEXTS, LABELS, LIQUIBASE, DEPLOYMENT_ID) VALUES ('1511451595465-22', 'R3.Corda', 'migration/vault-schema.changelog-init.xml', NOW(), 3, '7:1f8a20296ddeb0fc739bd8e7084b0bab', 'createTable tableName=vault_fungible_states', '', 'EXECUTED', NULL, NULL, '3.5.4', '0860137141')
14:02:17.185 [Test worker] DEBUG liquibase - master.changelog.json: migration/vault-schema.changelog-init.xml::1511451595465-23::R3.Corda: Running Changeset:migration/vault-schema.changelog-init.xml::1511451595465-23::R3.Corda
14:02:17.185 [Test worker] DEBUG liquibase - master.changelog.json: migration/vault-schema.changelog-init.xml::1511451595465-23::R3.Corda: Changeset migration/vault-schema.changelog-init.xml::1511451595465-23::R3.Corda
14:02:17.185 [Test worker] DEBUG liquibase - master.changelog.json: migration/vault-schema.changelog-init.xml::1511451595465-23::R3.Corda: Reading ChangeSet: migration/vault-schema.changelog-init.xml::1511451595465-23::R3.Corda
14:02:17.185 [Test worker] DEBUG liquibase - master.changelog.json: migration/vault-schema.changelog-init.xml::1511451595465-23::R3.Corda: Executing Statement: liquibase.statement.core.CreateTableStatement@29ac35c
14:02:17.185 [Test worker] DEBUG liquibase - master.changelog.json: migration/vault-schema.changelog-init.xml::1511451595465-23::R3.Corda: Executing EXECUTE database command: CREATE TABLE PUBLIC.vault_fungible_states_parts (output_index INT NOT NULL, transaction_id NVARCHAR(64) NOT NULL, participants NVARCHAR(255))
14:02:17.185 [Test worker] INFO liquibase - master.changelog.json: migration/vault-schema.changelog-init.xml::1511451595465-23::R3.Corda: Table vault_fungible_states_parts created
14:02:17.185 [Test worker] INFO liquibase - master.changelog.json: migration/vault-schema.changelog-init.xml::1511451595465-23::R3.Corda: ChangeSet migration/vault-schema.changelog-init.xml::1511451595465-23::R3.Corda ran successfully in 0ms
14:02:17.186 [Test worker] DEBUG liquibase - master.changelog.json: migration/vault-schema.changelog-init.xml::1511451595465-23::R3.Corda: Executing EXECUTE database command: INSERT INTO PUBLIC.DATABASECHANGELOG (ID, AUTHOR, FILENAME, DATEEXECUTED, ORDEREXECUTED, MD5SUM, DESCRIPTION, COMMENTS, EXECTYPE, CONTEXTS, LABELS, LIQUIBASE, DEPLOYMENT_ID) VALUES ('1511451595465-23', 'R3.Corda', 'migration/vault-schema.changelog-init.xml', NOW(), 4, '7:1a9f6483c225c03a3a558b5b20306741', 'createTable tableName=vault_fungible_states_parts', '', 'EXECUTED', NULL, NULL, '3.5.4', '0860137141')
14:02:17.187 [Test worker] DEBUG liquibase - master.changelog.json: migration/vault-schema.changelog-init.xml::1511451595465-24::R3.Corda: Running Changeset:migration/vault-schema.changelog-init.xml::1511451595465-24::R3.Corda
14:02:17.187 [Test worker] DEBUG liquibase - master.changelog.json: migration/vault-schema.changelog-init.xml::1511451595465-24::R3.Corda: Changeset migration/vault-schema.changelog-init.xml::1511451595465-24::R3.Corda
14:02:17.187 [Test worker] DEBUG liquibase - master.changelog.json: migration/vault-schema.changelog-init.xml::1511451595465-24::R3.Corda: Reading ChangeSet: migration/vault-schema.changelog-init.xml::1511451595465-24::R3.Corda
14:02:17.187 [Test worker] DEBUG liquibase - master.changelog.json: migration/vault-schema.changelog-init.xml::1511451595465-24::R3.Corda: Executing Statement: liquibase.statement.core.CreateTableStatement@41cdd595
14:02:17.188 [Test worker] DEBUG liquibase - master.changelog.json: migration/vault-schema.changelog-init.xml::1511451595465-24::R3.Corda: Executing EXECUTE database command: CREATE TABLE PUBLIC.vault_linear_states (output_index INT NOT NULL, transaction_id NVARCHAR(64) NOT NULL, external_id NVARCHAR(255), uuid VARCHAR(255) NOT NULL)
14:02:17.188 [Test worker] INFO liquibase - master.changelog.json: migration/vault-schema.changelog-init.xml::1511451595465-24::R3.Corda: Table vault_linear_states created
14:02:17.188 [Test worker] INFO liquibase - master.changelog.json: migration/vault-schema.changelog-init.xml::1511451595465-24::R3.Corda: ChangeSet migration/vault-schema.changelog-init.xml::1511451595465-24::R3.Corda ran successfully in 1ms
14:02:17.189 [Test worker] DEBUG liquibase - master.changelog.json: migration/vault-schema.changelog-init.xml::1511451595465-24::R3.Corda: Executing EXECUTE database command: INSERT INTO PUBLIC.DATABASECHANGELOG (ID, AUTHOR, FILENAME, DATEEXECUTED, ORDEREXECUTED, MD5SUM, DESCRIPTION, COMMENTS, EXECTYPE, CONTEXTS, LABELS, LIQUIBASE, DEPLOYMENT_ID) VALUES ('1511451595465-24', 'R3.Corda', 'migration/vault-schema.changelog-init.xml', NOW(), 5, '7:cc33e3b7b7db0e8613421e71352448d1', 'createTable tableName=vault_linear_states', '', 'EXECUTED', NULL, NULL, '3.5.4', '0860137141')
14:02:17.189 [Test worker] DEBUG liquibase - master.changelog.json: migration/vault-schema.changelog-init.xml::1511451595465-25::R3.Corda: Running Changeset:migration/vault-schema.changelog-init.xml::1511451595465-25::R3.Corda
14:02:17.190 [Test worker] DEBUG liquibase - master.changelog.json: migration/vault-schema.changelog-init.xml::1511451595465-25::R3.Corda: Changeset migration/vault-schema.changelog-init.xml::1511451595465-25::R3.Corda
14:02:17.190 [Test worker] DEBUG liquibase - master.changelog.json: migration/vault-schema.changelog-init.xml::1511451595465-25::R3.Corda: Reading ChangeSet: migration/vault-schema.changelog-init.xml::1511451595465-25::R3.Corda
14:02:17.190 [Test worker] DEBUG liquibase - master.changelog.json: migration/vault-schema.changelog-init.xml::1511451595465-25::R3.Corda: Executing Statement: liquibase.statement.core.CreateTableStatement@cffb3c9
14:02:17.190 [Test worker] DEBUG liquibase - master.changelog.json: migration/vault-schema.changelog-init.xml::1511451595465-25::R3.Corda: Executing EXECUTE database command: CREATE TABLE PUBLIC.vault_linear_states_parts (output_index INT NOT NULL, transaction_id NVARCHAR(64) NOT NULL, participants NVARCHAR(255))
14:02:17.190 [Test worker] INFO liquibase - master.changelog.json: migration/vault-schema.changelog-init.xml::1511451595465-25::R3.Corda: Table vault_linear_states_parts created
14:02:17.190 [Test worker] INFO liquibase - master.changelog.json: migration/vault-schema.changelog-init.xml::1511451595465-25::R3.Corda: ChangeSet migration/vault-schema.changelog-init.xml::1511451595465-25::R3.Corda ran successfully in 0ms
14:02:17.191 [Test worker] DEBUG liquibase - master.changelog.json: migration/vault-schema.changelog-init.xml::1511451595465-25::R3.Corda: Executing EXECUTE database command: INSERT INTO PUBLIC.DATABASECHANGELOG (ID, AUTHOR, FILENAME, DATEEXECUTED, ORDEREXECUTED, MD5SUM, DESCRIPTION, COMMENTS, EXECTYPE, CONTEXTS, LABELS, LIQUIBASE, DEPLOYMENT_ID) VALUES ('1511451595465-25', 'R3.Corda', 'migration/vault-schema.changelog-init.xml', NOW(), 6, '7:cee1c34886b737d7c86f4ba94a43d9a7', 'createTable tableName=vault_linear_states_parts', '', 'EXECUTED', NULL, NULL, '3.5.4', '0860137141')
14:02:17.192 [Test worker] DEBUG liquibase - master.changelog.json: migration/vault-schema.changelog-init.xml::1511451595465-26::R3.Corda: Running Changeset:migration/vault-schema.changelog-init.xml::1511451595465-26::R3.Corda
14:02:17.192 [Test worker] DEBUG liquibase - master.changelog.json: migration/vault-schema.changelog-init.xml::1511451595465-26::R3.Corda: Changeset migration/vault-schema.changelog-init.xml::1511451595465-26::R3.Corda
14:02:17.192 [Test worker] DEBUG liquibase - master.changelog.json: migration/vault-schema.changelog-init.xml::1511451595465-26::R3.Corda: Reading ChangeSet: migration/vault-schema.changelog-init.xml::1511451595465-26::R3.Corda
14:02:17.192 [Test worker] DEBUG liquibase - master.changelog.json: migration/vault-schema.changelog-init.xml::1511451595465-26::R3.Corda: Executing Statement: liquibase.statement.core.CreateTableStatement@3cf1be85
14:02:17.192 [Test worker] DEBUG liquibase - master.changelog.json: migration/vault-schema.changelog-init.xml::1511451595465-26::R3.Corda: Executing EXECUTE database command: CREATE TABLE PUBLIC.vault_states (output_index INT NOT NULL, transaction_id NVARCHAR(64) NOT NULL, consumed_timestamp TIMESTAMP, contract_state_class_name NVARCHAR(255), lock_id NVARCHAR(255), lock_timestamp TIMESTAMP, notary_name NVARCHAR(255), recorded_timestamp TIMESTAMP, state_status INT)
14:02:17.193 [Test worker] INFO liquibase - master.changelog.json: migration/vault-schema.changelog-init.xml::1511451595465-26::R3.Corda: Table vault_states created
14:02:17.193 [Test worker] INFO liquibase - master.changelog.json: migration/vault-schema.changelog-init.xml::1511451595465-26::R3.Corda: ChangeSet migration/vault-schema.changelog-init.xml::1511451595465-26::R3.Corda ran successfully in 1ms
14:02:17.194 [Test worker] DEBUG liquibase - master.changelog.json: migration/vault-schema.changelog-init.xml::1511451595465-26::R3.Corda: Executing EXECUTE database command: INSERT INTO PUBLIC.DATABASECHANGELOG (ID, AUTHOR, FILENAME, DATEEXECUTED, ORDEREXECUTED, MD5SUM, DESCRIPTION, COMMENTS, EXECTYPE, CONTEXTS, LABELS, LIQUIBASE, DEPLOYMENT_ID) VALUES ('1511451595465-26', 'R3.Corda', 'migration/vault-schema.changelog-init.xml', NOW(), 7, '7:47ea918c4e5894a573ed08ff7d3cfcf8', 'createTable tableName=vault_states', '', 'EXECUTED', NULL, NULL, '3.5.4', '0860137141')
14:02:17.194 [Test worker] DEBUG liquibase - master.changelog.json: migration/vault-schema.changelog-init.xml::1511451595465-27::R3.Corda: Running Changeset:migration/vault-schema.changelog-init.xml::1511451595465-27::R3.Corda
14:02:17.194 [Test worker] DEBUG liquibase - master.changelog.json: migration/vault-schema.changelog-init.xml::1511451595465-27::R3.Corda: Changeset migration/vault-schema.changelog-init.xml::1511451595465-27::R3.Corda
14:02:17.194 [Test worker] DEBUG liquibase - master.changelog.json: migration/vault-schema.changelog-init.xml::1511451595465-27::R3.Corda: Reading ChangeSet: migration/vault-schema.changelog-init.xml::1511451595465-27::R3.Corda
14:02:17.194 [Test worker] DEBUG liquibase - master.changelog.json: migration/vault-schema.changelog-init.xml::1511451595465-27::R3.Corda: Executing Statement: liquibase.statement.core.CreateTableStatement@5aa7628f
14:02:17.194 [Test worker] DEBUG liquibase - master.changelog.json: migration/vault-schema.changelog-init.xml::1511451595465-27::R3.Corda: Executing EXECUTE database command: CREATE TABLE PUBLIC.vault_transaction_notes (seq_no INT NOT NULL, note NVARCHAR(255), transaction_id NVARCHAR(64))
14:02:17.194 [Test worker] INFO liquibase - master.changelog.json: migration/vault-schema.changelog-init.xml::1511451595465-27::R3.Corda: Table vault_transaction_notes created
14:02:17.195 [Test worker] INFO liquibase - master.changelog.json: migration/vault-schema.changelog-init.xml::1511451595465-27::R3.Corda: ChangeSet migration/vault-schema.changelog-init.xml::1511451595465-27::R3.Corda ran successfully in 1ms
14:02:17.197 [Test worker] DEBUG liquibase - master.changelog.json: migration/vault-schema.changelog-init.xml::1511451595465-27::R3.Corda: Executing EXECUTE database command: INSERT INTO PUBLIC.DATABASECHANGELOG (ID, AUTHOR, FILENAME, DATEEXECUTED, ORDEREXECUTED, MD5SUM, DESCRIPTION, COMMENTS, EXECTYPE, CONTEXTS, LABELS, LIQUIBASE, DEPLOYMENT_ID) VALUES ('1511451595465-27', 'R3.Corda', 'migration/vault-schema.changelog-init.xml', NOW(), 8, '7:b335f04504c263e99eb1b4b78fb7b976', 'createTable tableName=vault_transaction_notes', '', 'EXECUTED', NULL, NULL, '3.5.4', '0860137141')
14:02:17.197 [Test worker] DEBUG liquibase - master.changelog.json: migration/vault-schema.changelog-init.xml::1511451595465-47::R3.Corda: Running Changeset:migration/vault-schema.changelog-init.xml::1511451595465-47::R3.Corda
14:02:17.197 [Test worker] DEBUG liquibase - master.changelog.json: migration/vault-schema.changelog-init.xml::1511451595465-47::R3.Corda: Changeset migration/vault-schema.changelog-init.xml::1511451595465-47::R3.Corda
14:02:17.197 [Test worker] DEBUG liquibase - master.changelog.json: migration/vault-schema.changelog-init.xml::1511451595465-47::R3.Corda: Reading ChangeSet: migration/vault-schema.changelog-init.xml::1511451595465-47::R3.Corda
14:02:17.197 [Test worker] DEBUG liquibase - master.changelog.json: migration/vault-schema.changelog-init.xml::1511451595465-47::R3.Corda: Executing Statement: liquibase.statement.core.AddPrimaryKeyStatement@454bb8e0
14:02:17.197 [Test worker] DEBUG liquibase - master.changelog.json: migration/vault-schema.changelog-init.xml::1511451595465-47::R3.Corda: Executing EXECUTE database command: ALTER TABLE PUBLIC.vault_fungible_states ADD CONSTRAINT vault_fungible_states_pkey PRIMARY KEY (output_index, transaction_id)
14:02:17.198 [Test worker] INFO liquibase - master.changelog.json: migration/vault-schema.changelog-init.xml::1511451595465-47::R3.Corda: Primary key added to vault_fungible_states (output_index, transaction_id)
14:02:17.198 [Test worker] INFO liquibase - master.changelog.json: migration/vault-schema.changelog-init.xml::1511451595465-47::R3.Corda: ChangeSet migration/vault-schema.changelog-init.xml::1511451595465-47::R3.Corda ran successfully in 1ms
14:02:17.199 [Test worker] DEBUG liquibase - master.changelog.json: migration/vault-schema.changelog-init.xml::1511451595465-47::R3.Corda: Executing EXECUTE database command: INSERT INTO PUBLIC.DATABASECHANGELOG (ID, AUTHOR, FILENAME, DATEEXECUTED, ORDEREXECUTED, MD5SUM, DESCRIPTION, COMMENTS, EXECTYPE, CONTEXTS, LABELS, LIQUIBASE, DEPLOYMENT_ID) VALUES ('1511451595465-47', 'R3.Corda', 'migration/vault-schema.changelog-init.xml', NOW(), 9, '7:5ebf8c6ceacd418805fef0a8d5926d22', 'addPrimaryKey constraintName=vault_fungible_states_pkey, tableName=vault_fungible_states', '', 'EXECUTED', NULL, NULL, '3.5.4', '0860137141')
14:02:17.199 [Test worker] DEBUG liquibase - master.changelog.json: migration/vault-schema.changelog-init.xml::1511451595465-48::R3.Corda: Running Changeset:migration/vault-schema.changelog-init.xml::1511451595465-48::R3.Corda
14:02:17.199 [Test worker] DEBUG liquibase - master.changelog.json: migration/vault-schema.changelog-init.xml::1511451595465-48::R3.Corda: Changeset migration/vault-schema.changelog-init.xml::1511451595465-48::R3.Corda
14:02:17.199 [Test worker] DEBUG liquibase - master.changelog.json: migration/vault-schema.changelog-init.xml::1511451595465-48::R3.Corda: Reading ChangeSet: migration/vault-schema.changelog-init.xml::1511451595465-48::R3.Corda
14:02:17.199 [Test worker] DEBUG liquibase - master.changelog.json: migration/vault-schema.changelog-init.xml::1511451595465-48::R3.Corda: Executing Statement: liquibase.statement.core.AddPrimaryKeyStatement@5330282f
14:02:17.199 [Test worker] DEBUG liquibase - master.changelog.json: migration/vault-schema.changelog-init.xml::1511451595465-48::R3.Corda: Executing EXECUTE database command: ALTER TABLE PUBLIC.vault_linear_states ADD CONSTRAINT vault_linear_states_pkey PRIMARY KEY (output_index, transaction_id)
14:02:17.248 [Test worker] INFO liquibase - master.changelog.json: migration/vault-schema.changelog-init.xml::1511451595465-48::R3.Corda: Primary key added to vault_linear_states (output_index, transaction_id)
14:02:17.248 [Test worker] INFO liquibase - master.changelog.json: migration/vault-schema.changelog-init.xml::1511451595465-48::R3.Corda: ChangeSet migration/vault-schema.changelog-init.xml::1511451595465-48::R3.Corda ran successfully in 49ms
14:02:17.250 [Test worker] DEBUG liquibase - master.changelog.json: migration/vault-schema.changelog-init.xml::1511451595465-48::R3.Corda: Executing EXECUTE database command: INSERT INTO PUBLIC.DATABASECHANGELOG (ID, AUTHOR, FILENAME, DATEEXECUTED, ORDEREXECUTED, MD5SUM, DESCRIPTION, COMMENTS, EXECTYPE, CONTEXTS, LABELS, LIQUIBASE, DEPLOYMENT_ID) VALUES ('1511451595465-48', 'R3.Corda', 'migration/vault-schema.changelog-init.xml', NOW(), 10, '7:6852e525af1e0e841b85cbc65c3ef3eb', 'addPrimaryKey constraintName=vault_linear_states_pkey, tableName=vault_linear_states', '', 'EXECUTED', NULL, NULL, '3.5.4', '0860137141')
14:02:17.252 [Test worker] DEBUG liquibase - master.changelog.json: migration/vault-schema.changelog-init.xml::1511451595465-49::R3.Corda: Running Changeset:migration/vault-schema.changelog-init.xml::1511451595465-49::R3.Corda
14:02:17.252 [Test worker] DEBUG liquibase - master.changelog.json: migration/vault-schema.changelog-init.xml::1511451595465-49::R3.Corda: Changeset migration/vault-schema.changelog-init.xml::1511451595465-49::R3.Corda
14:02:17.252 [Test worker] DEBUG liquibase - master.changelog.json: migration/vault-schema.changelog-init.xml::1511451595465-49::R3.Corda: Reading ChangeSet: migration/vault-schema.changelog-init.xml::1511451595465-49::R3.Corda
14:02:17.252 [Test worker] DEBUG liquibase - master.changelog.json: migration/vault-schema.changelog-init.xml::1511451595465-49::R3.Corda: Executing Statement: liquibase.statement.core.AddPrimaryKeyStatement@4e53682c
14:02:17.253 [Test worker] DEBUG liquibase - master.changelog.json: migration/vault-schema.changelog-init.xml::1511451595465-49::R3.Corda: Executing EXECUTE database command: ALTER TABLE PUBLIC.vault_states ADD CONSTRAINT vault_states_pkey PRIMARY KEY (output_index, transaction_id)
14:02:17.253 [Test worker] INFO liquibase - master.changelog.json: migration/vault-schema.changelog-init.xml::1511451595465-49::R3.Corda: Primary key added to vault_states (output_index, transaction_id)
14:02:17.254 [Test worker] INFO liquibase - master.changelog.json: migration/vault-schema.changelog-init.xml::1511451595465-49::R3.Corda: ChangeSet migration/vault-schema.changelog-init.xml::1511451595465-49::R3.Corda ran successfully in 2ms
14:02:17.266 [Test worker] DEBUG liquibase - master.changelog.json: migration/vault-schema.changelog-init.xml::1511451595465-49::R3.Corda: Executing EXECUTE database command: INSERT INTO PUBLIC.DATABASECHANGELOG (ID, AUTHOR, FILENAME, DATEEXECUTED, ORDEREXECUTED, MD5SUM, DESCRIPTION, COMMENTS, EXECTYPE, CONTEXTS, LABELS, LIQUIBASE, DEPLOYMENT_ID) VALUES ('1511451595465-49', 'R3.Corda', 'migration/vault-schema.changelog-init.xml', NOW(), 11, '7:e88ace88ae32b7c6a212f749bed7f25f', 'addPrimaryKey constraintName=vault_states_pkey, tableName=vault_states', '', 'EXECUTED', NULL, NULL, '3.5.4', '0860137141')
14:02:17.267 [Test worker] DEBUG liquibase - master.changelog.json: migration/vault-schema.changelog-init.xml::1511451595465-50::R3.Corda: Running Changeset:migration/vault-schema.changelog-init.xml::1511451595465-50::R3.Corda
14:02:17.267 [Test worker] DEBUG liquibase - master.changelog.json: migration/vault-schema.changelog-init.xml::1511451595465-50::R3.Corda: Changeset migration/vault-schema.changelog-init.xml::1511451595465-50::R3.Corda
14:02:17.268 [Test worker] DEBUG liquibase - master.changelog.json: migration/vault-schema.changelog-init.xml::1511451595465-50::R3.Corda: Reading ChangeSet: migration/vault-schema.changelog-init.xml::1511451595465-50::R3.Corda
14:02:17.269 [Test worker] DEBUG liquibase - master.changelog.json: migration/vault-schema.changelog-init.xml::1511451595465-50::R3.Corda: Executing Statement: liquibase.statement.core.AddPrimaryKeyStatement@26c8e5ce
14:02:17.269 [Test worker] DEBUG liquibase - master.changelog.json: migration/vault-schema.changelog-init.xml::1511451595465-50::R3.Corda: Executing EXECUTE database command: ALTER TABLE PUBLIC.vault_transaction_notes ADD CONSTRAINT vault_transaction_notes_pkey PRIMARY KEY (seq_no)
14:02:17.269 [Test worker] INFO liquibase - master.changelog.json: migration/vault-schema.changelog-init.xml::1511451595465-50::R3.Corda: Primary key added to vault_transaction_notes (seq_no)
14:02:17.269 [Test worker] INFO liquibase - master.changelog.json: migration/vault-schema.changelog-init.xml::1511451595465-50::R3.Corda: ChangeSet migration/vault-schema.changelog-init.xml::1511451595465-50::R3.Corda ran successfully in 2ms
14:02:17.271 [Test worker] DEBUG liquibase - master.changelog.json: migration/vault-schema.changelog-init.xml::1511451595465-50::R3.Corda: Executing EXECUTE database command: INSERT INTO PUBLIC.DATABASECHANGELOG (ID, AUTHOR, FILENAME, DATEEXECUTED, ORDEREXECUTED, MD5SUM, DESCRIPTION, COMMENTS, EXECTYPE, CONTEXTS, LABELS, LIQUIBASE, DEPLOYMENT_ID) VALUES ('1511451595465-50', 'R3.Corda', 'migration/vault-schema.changelog-init.xml', NOW(), 12, '7:aef52cbfcee4e86a30a1175aacdae9b5', 'addPrimaryKey constraintName=vault_transaction_notes_pkey, tableName=vault_transaction_notes', '', 'EXECUTED', NULL, NULL, '3.5.4', '0860137141')
14:02:17.271 [Test worker] DEBUG liquibase - master.changelog.json: migration/vault-schema.changelog-init.xml::1511451595465-53::R3.Corda: Running Changeset:migration/vault-schema.changelog-init.xml::1511451595465-53::R3.Corda
14:02:17.272 [Test worker] DEBUG liquibase - master.changelog.json: migration/vault-schema.changelog-init.xml::1511451595465-53::R3.Corda: Changeset migration/vault-schema.changelog-init.xml::1511451595465-53::R3.Corda
14:02:17.272 [Test worker] DEBUG liquibase - master.changelog.json: migration/vault-schema.changelog-init.xml::1511451595465-53::R3.Corda: Reading ChangeSet: migration/vault-schema.changelog-init.xml::1511451595465-53::R3.Corda
14:02:17.272 [Test worker] DEBUG liquibase - master.changelog.json: migration/vault-schema.changelog-init.xml::1511451595465-53::R3.Corda: Executing Statement: liquibase.statement.core.CreateIndexStatement@40f18b45
14:02:17.272 [Test worker] DEBUG liquibase - master.changelog.json: migration/vault-schema.changelog-init.xml::1511451595465-53::R3.Corda: Executing EXECUTE database command: CREATE INDEX PUBLIC.external_id_index ON PUBLIC.vault_linear_states(external_id)
14:02:17.273 [Test worker] INFO liquibase - master.changelog.json: migration/vault-schema.changelog-init.xml::1511451595465-53::R3.Corda: Index external_id_index created
14:02:17.273 [Test worker] INFO liquibase - master.changelog.json: migration/vault-schema.changelog-init.xml::1511451595465-53::R3.Corda: ChangeSet migration/vault-schema.changelog-init.xml::1511451595465-53::R3.Corda ran successfully in 2ms
14:02:17.274 [Test worker] DEBUG liquibase - master.changelog.json: migration/vault-schema.changelog-init.xml::1511451595465-53::R3.Corda: Executing EXECUTE database command: INSERT INTO PUBLIC.DATABASECHANGELOG (ID, AUTHOR, FILENAME, DATEEXECUTED, ORDEREXECUTED, MD5SUM, DESCRIPTION, COMMENTS, EXECTYPE, CONTEXTS, LABELS, LIQUIBASE, DEPLOYMENT_ID) VALUES ('1511451595465-53', 'R3.Corda', 'migration/vault-schema.changelog-init.xml', NOW(), 13, '7:7b0c95c0892fe1aba26a294d843d3c0a', 'createIndex indexName=external_id_index, tableName=vault_linear_states', '', 'EXECUTED', NULL, NULL, '3.5.4', '0860137141')
14:02:17.275 [Test worker] DEBUG liquibase - master.changelog.json: migration/vault-schema.changelog-init.xml::1511451595465-55::R3.Corda: Running Changeset:migration/vault-schema.changelog-init.xml::1511451595465-55::R3.Corda
14:02:17.275 [Test worker] DEBUG liquibase - master.changelog.json: migration/vault-schema.changelog-init.xml::1511451595465-55::R3.Corda: Changeset migration/vault-schema.changelog-init.xml::1511451595465-55::R3.Corda
14:02:17.275 [Test worker] DEBUG liquibase - master.changelog.json: migration/vault-schema.changelog-init.xml::1511451595465-55::R3.Corda: Reading ChangeSet: migration/vault-schema.changelog-init.xml::1511451595465-55::R3.Corda
14:02:17.275 [Test worker] DEBUG liquibase - master.changelog.json: migration/vault-schema.changelog-init.xml::1511451595465-55::R3.Corda: Executing Statement: liquibase.statement.core.CreateIndexStatement@5c245052
14:02:17.275 [Test worker] DEBUG liquibase - master.changelog.json: migration/vault-schema.changelog-init.xml::1511451595465-55::R3.Corda: Executing EXECUTE database command: CREATE INDEX PUBLIC.lock_id_idx ON PUBLIC.vault_states(lock_id, state_status)
14:02:17.276 [Test worker] INFO liquibase - master.changelog.json: migration/vault-schema.changelog-init.xml::1511451595465-55::R3.Corda: Index lock_id_idx created
14:02:17.276 [Test worker] INFO liquibase - master.changelog.json: migration/vault-schema.changelog-init.xml::1511451595465-55::R3.Corda: ChangeSet migration/vault-schema.changelog-init.xml::1511451595465-55::R3.Corda ran successfully in 1ms
14:02:17.277 [Test worker] DEBUG liquibase - master.changelog.json: migration/vault-schema.changelog-init.xml::1511451595465-55::R3.Corda: Executing EXECUTE database command: INSERT INTO PUBLIC.DATABASECHANGELOG (ID, AUTHOR, FILENAME, DATEEXECUTED, ORDEREXECUTED, MD5SUM, DESCRIPTION, COMMENTS, EXECTYPE, CONTEXTS, LABELS, LIQUIBASE, DEPLOYMENT_ID) VALUES ('1511451595465-55', 'R3.Corda', 'migration/vault-schema.changelog-init.xml', NOW(), 14, '7:daf1bfa84381a1c8e100c14229a6d860', 'createIndex indexName=lock_id_idx, tableName=vault_states', '', 'EXECUTED', NULL, NULL, '3.5.4', '0860137141')
14:02:17.277 [Test worker] DEBUG liquibase - master.changelog.json: migration/vault-schema.changelog-init.xml::1511451595465-58::R3.Corda: Running Changeset:migration/vault-schema.changelog-init.xml::1511451595465-58::R3.Corda
14:02:17.277 [Test worker] DEBUG liquibase - master.changelog.json: migration/vault-schema.changelog-init.xml::1511451595465-58::R3.Corda: Changeset migration/vault-schema.changelog-init.xml::1511451595465-58::R3.Corda
14:02:17.277 [Test worker] DEBUG liquibase - master.changelog.json: migration/vault-schema.changelog-init.xml::1511451595465-58::R3.Corda: Reading ChangeSet: migration/vault-schema.changelog-init.xml::1511451595465-58::R3.Corda
14:02:17.277 [Test worker] DEBUG liquibase - master.changelog.json: migration/vault-schema.changelog-init.xml::1511451595465-58::R3.Corda: Executing Statement: liquibase.statement.core.CreateIndexStatement@56aec1ba
14:02:17.277 [Test worker] DEBUG liquibase - master.changelog.json: migration/vault-schema.changelog-init.xml::1511451595465-58::R3.Corda: Executing EXECUTE database command: CREATE INDEX PUBLIC.state_status_idx ON PUBLIC.vault_states(state_status)
14:02:17.278 [Test worker] INFO liquibase - master.changelog.json: migration/vault-schema.changelog-init.xml::1511451595465-58::R3.Corda: Index state_status_idx created
14:02:17.278 [Test worker] INFO liquibase - master.changelog.json: migration/vault-schema.changelog-init.xml::1511451595465-58::R3.Corda: ChangeSet migration/vault-schema.changelog-init.xml::1511451595465-58::R3.Corda ran successfully in 1ms
14:02:17.281 [Test worker] DEBUG liquibase - master.changelog.json: migration/vault-schema.changelog-init.xml::1511451595465-58::R3.Corda: Executing EXECUTE database command: INSERT INTO PUBLIC.DATABASECHANGELOG (ID, AUTHOR, FILENAME, DATEEXECUTED, ORDEREXECUTED, MD5SUM, DESCRIPTION, COMMENTS, EXECTYPE, CONTEXTS, LABELS, LIQUIBASE, DEPLOYMENT_ID) VALUES ('1511451595465-58', 'R3.Corda', 'migration/vault-schema.changelog-init.xml', NOW(), 15, '7:775d3c8a27b7fad84f9894db6bdf3e87', 'createIndex indexName=state_status_idx, tableName=vault_states', '', 'EXECUTED', NULL, NULL, '3.5.4', '0860137141')
14:02:17.281 [Test worker] DEBUG liquibase - master.changelog.json: migration/vault-schema.changelog-init.xml::1511451595465-59::R3.Corda: Running Changeset:migration/vault-schema.changelog-init.xml::1511451595465-59::R3.Corda
14:02:17.281 [Test worker] DEBUG liquibase - master.changelog.json: migration/vault-schema.changelog-init.xml::1511451595465-59::R3.Corda: Changeset migration/vault-schema.changelog-init.xml::1511451595465-59::R3.Corda
14:02:17.282 [Test worker] DEBUG liquibase - master.changelog.json: migration/vault-schema.changelog-init.xml::1511451595465-59::R3.Corda: Reading ChangeSet: migration/vault-schema.changelog-init.xml::1511451595465-59::R3.Corda
14:02:17.282 [Test worker] DEBUG liquibase - master.changelog.json: migration/vault-schema.changelog-init.xml::1511451595465-59::R3.Corda: Executing Statement: liquibase.statement.core.CreateIndexStatement@5e7b5f8a
14:02:17.282 [Test worker] DEBUG liquibase - master.changelog.json: migration/vault-schema.changelog-init.xml::1511451595465-59::R3.Corda: Executing EXECUTE database command: CREATE INDEX PUBLIC.transaction_id_index ON PUBLIC.vault_transaction_notes(transaction_id)
14:02:17.282 [Test worker] INFO liquibase - master.changelog.json: migration/vault-schema.changelog-init.xml::1511451595465-59::R3.Corda: Index transaction_id_index created
14:02:17.282 [Test worker] INFO liquibase - master.changelog.json: migration/vault-schema.changelog-init.xml::1511451595465-59::R3.Corda: ChangeSet migration/vault-schema.changelog-init.xml::1511451595465-59::R3.Corda ran successfully in 1ms
14:02:17.283 [Test worker] DEBUG liquibase - master.changelog.json: migration/vault-schema.changelog-init.xml::1511451595465-59::R3.Corda: Executing EXECUTE database command: INSERT INTO PUBLIC.DATABASECHANGELOG (ID, AUTHOR, FILENAME, DATEEXECUTED, ORDEREXECUTED, MD5SUM, DESCRIPTION, COMMENTS, EXECTYPE, CONTEXTS, LABELS, LIQUIBASE, DEPLOYMENT_ID) VALUES ('1511451595465-59', 'R3.Corda', 'migration/vault-schema.changelog-init.xml', NOW(), 16, '7:1be2b24f3e4fedc8252c24080b713783', 'createIndex indexName=transaction_id_index, tableName=vault_transaction_notes', '', 'EXECUTED', NULL, NULL, '3.5.4', '0860137141')
14:02:17.284 [Test worker] DEBUG liquibase - master.changelog.json: migration/vault-schema.changelog-init.xml::1511451595465-60::R3.Corda: Running Changeset:migration/vault-schema.changelog-init.xml::1511451595465-60::R3.Corda
14:02:17.285 [Test worker] DEBUG liquibase - master.changelog.json: migration/vault-schema.changelog-init.xml::1511451595465-60::R3.Corda: Changeset migration/vault-schema.changelog-init.xml::1511451595465-60::R3.Corda
14:02:17.285 [Test worker] DEBUG liquibase - master.changelog.json: migration/vault-schema.changelog-init.xml::1511451595465-60::R3.Corda: Reading ChangeSet: migration/vault-schema.changelog-init.xml::1511451595465-60::R3.Corda
14:02:17.286 [Test worker] DEBUG liquibase - master.changelog.json: migration/vault-schema.changelog-init.xml::1511451595465-60::R3.Corda: Executing Statement: liquibase.statement.core.CreateIndexStatement@2fb58905
14:02:17.286 [Test worker] DEBUG liquibase - master.changelog.json: migration/vault-schema.changelog-init.xml::1511451595465-60::R3.Corda: Executing EXECUTE database command: CREATE INDEX PUBLIC.uuid_index ON PUBLIC.vault_linear_states(uuid)
14:02:17.286 [Test worker] INFO liquibase - master.changelog.json: migration/vault-schema.changelog-init.xml::1511451595465-60::R3.Corda: Index uuid_index created
14:02:17.286 [Test worker] INFO liquibase - master.changelog.json: migration/vault-schema.changelog-init.xml::1511451595465-60::R3.Corda: ChangeSet migration/vault-schema.changelog-init.xml::1511451595465-60::R3.Corda ran successfully in 2ms
14:02:17.288 [Test worker] DEBUG liquibase - master.changelog.json: migration/vault-schema.changelog-init.xml::1511451595465-60::R3.Corda: Executing EXECUTE database command: INSERT INTO PUBLIC.DATABASECHANGELOG (ID, AUTHOR, FILENAME, DATEEXECUTED, ORDEREXECUTED, MD5SUM, DESCRIPTION, COMMENTS, EXECTYPE, CONTEXTS, LABELS, LIQUIBASE, DEPLOYMENT_ID) VALUES ('1511451595465-60', 'R3.Corda', 'migration/vault-schema.changelog-init.xml', NOW(), 17, '7:f372f17dd75374bfecfde0e44d7ce36c', 'createIndex indexName=uuid_index, tableName=vault_linear_states', '', 'EXECUTED', NULL, NULL, '3.5.4', '0860137141')
14:02:17.288 [Test worker] DEBUG liquibase - master.changelog.json: migration/vault-schema.changelog-init.xml::1511451595465-64::R3.Corda: Running Changeset:migration/vault-schema.changelog-init.xml::1511451595465-64::R3.Corda
14:02:17.288 [Test worker] DEBUG liquibase - master.changelog.json: migration/vault-schema.changelog-init.xml::1511451595465-64::R3.Corda: Changeset migration/vault-schema.changelog-init.xml::1511451595465-64::R3.Corda
14:02:17.288 [Test worker] DEBUG liquibase - master.changelog.json: migration/vault-schema.changelog-init.xml::1511451595465-64::R3.Corda: Reading ChangeSet: migration/vault-schema.changelog-init.xml::1511451595465-64::R3.Corda
14:02:17.288 [Test worker] DEBUG liquibase - master.changelog.json: migration/vault-schema.changelog-init.xml::1511451595465-64::R3.Corda: Executing Statement: liquibase.statement.core.AddForeignKeyConstraintStatement@14967ecf
14:02:17.289 [Test worker] DEBUG liquibase - master.changelog.json: migration/vault-schema.changelog-init.xml::1511451595465-64::R3.Corda: Executing EXECUTE database command: ALTER TABLE PUBLIC.vault_fungible_states_parts ADD CONSTRAINT FK__fung_st_parts__fung_st FOREIGN KEY (output_index, transaction_id) REFERENCES PUBLIC.vault_fungible_states (output_index, transaction_id)
14:02:17.290 [Test worker] INFO liquibase - master.changelog.json: migration/vault-schema.changelog-init.xml::1511451595465-64::R3.Corda: Foreign key constraint added to vault_fungible_states_parts (output_index,transaction_id)
14:02:17.290 [Test worker] INFO liquibase - master.changelog.json: migration/vault-schema.changelog-init.xml::1511451595465-64::R3.Corda: ChangeSet migration/vault-schema.changelog-init.xml::1511451595465-64::R3.Corda ran successfully in 2ms
14:02:17.291 [Test worker] DEBUG liquibase - master.changelog.json: migration/vault-schema.changelog-init.xml::1511451595465-64::R3.Corda: Executing EXECUTE database command: INSERT INTO PUBLIC.DATABASECHANGELOG (ID, AUTHOR, FILENAME, DATEEXECUTED, ORDEREXECUTED, MD5SUM, DESCRIPTION, COMMENTS, EXECTYPE, CONTEXTS, LABELS, LIQUIBASE, DEPLOYMENT_ID) VALUES ('1511451595465-64', 'R3.Corda', 'migration/vault-schema.changelog-init.xml', NOW(), 18, '7:3771038da08dbe5dbbbdffac7300198d', 'addForeignKeyConstraint baseTableName=vault_fungible_states_parts, constraintName=FK__fung_st_parts__fung_st, referencedTableName=vault_fungible_states', '', 'EXECUTED', NULL, NULL, '3.5.4', '0860137141')
14:02:17.292 [Test worker] DEBUG liquibase - master.changelog.json: migration/vault-schema.changelog-init.xml::1511451595465-65::R3.Corda: Running Changeset:migration/vault-schema.changelog-init.xml::1511451595465-65::R3.Corda
14:02:17.292 [Test worker] DEBUG liquibase - master.changelog.json: migration/vault-schema.changelog-init.xml::1511451595465-65::R3.Corda: Changeset migration/vault-schema.changelog-init.xml::1511451595465-65::R3.Corda
14:02:17.292 [Test worker] DEBUG liquibase - master.changelog.json: migration/vault-schema.changelog-init.xml::1511451595465-65::R3.Corda: Reading ChangeSet: migration/vault-schema.changelog-init.xml::1511451595465-65::R3.Corda
14:02:17.292 [Test worker] DEBUG liquibase - master.changelog.json: migration/vault-schema.changelog-init.xml::1511451595465-65::R3.Corda: Executing Statement: liquibase.statement.core.AddForeignKeyConstraintStatement@60ea5a9a
14:02:17.293 [Test worker] DEBUG liquibase - master.changelog.json: migration/vault-schema.changelog-init.xml::1511451595465-65::R3.Corda: Executing EXECUTE database command: ALTER TABLE PUBLIC.vault_linear_states_parts ADD CONSTRAINT FK__lin_stat_parts__lin_stat FOREIGN KEY (output_index, transaction_id) REFERENCES PUBLIC.vault_linear_states (output_index, transaction_id)
14:02:17.295 [Test worker] INFO liquibase - master.changelog.json: migration/vault-schema.changelog-init.xml::1511451595465-65::R3.Corda: Foreign key constraint added to vault_linear_states_parts (output_index,transaction_id)
14:02:17.296 [Test worker] INFO liquibase - master.changelog.json: migration/vault-schema.changelog-init.xml::1511451595465-65::R3.Corda: ChangeSet migration/vault-schema.changelog-init.xml::1511451595465-65::R3.Corda ran successfully in 4ms
14:02:17.299 [Test worker] DEBUG liquibase - master.changelog.json: migration/vault-schema.changelog-init.xml::1511451595465-65::R3.Corda: Executing EXECUTE database command: INSERT INTO PUBLIC.DATABASECHANGELOG (ID, AUTHOR, FILENAME, DATEEXECUTED, ORDEREXECUTED, MD5SUM, DESCRIPTION, COMMENTS, EXECTYPE, CONTEXTS, LABELS, LIQUIBASE, DEPLOYMENT_ID) VALUES ('1511451595465-65', 'R3.Corda', 'migration/vault-schema.changelog-init.xml', NOW(), 19, '7:4cccc80aadefc753d80d33d233d426b1', 'addForeignKeyConstraint baseTableName=vault_linear_states_parts, constraintName=FK__lin_stat_parts__lin_stat, referencedTableName=vault_linear_states', '', 'EXECUTED', NULL, NULL, '3.5.4', '0860137141')
14:02:17.299 [Test worker] DEBUG liquibase - master.changelog.json: migration/vault-schema.changelog-v3.xml::clean_vault::R3.Corda: Running Changeset:migration/vault-schema.changelog-v3.xml::clean_vault::R3.Corda
14:02:17.300 [Test worker] DEBUG liquibase - master.changelog.json: migration/vault-schema.changelog-v3.xml::clean_vault::R3.Corda: Changeset migration/vault-schema.changelog-v3.xml::clean_vault::R3.Corda
14:02:17.300 [Test worker] DEBUG liquibase - master.changelog.json: migration/vault-schema.changelog-v3.xml::clean_vault::R3.Corda: Reading ChangeSet: migration/vault-schema.changelog-v3.xml::clean_vault::R3.Corda
14:02:17.300 [Test worker] DEBUG liquibase - master.changelog.json: migration/vault-schema.changelog-v3.xml::clean_vault::R3.Corda: Executing Statement: liquibase.statement.core.DeleteStatement@2d2fd4c6
14:02:17.302 [Test worker] DEBUG liquibase - master.changelog.json: migration/vault-schema.changelog-v3.xml::clean_vault::R3.Corda: Executing EXECUTE database command: DELETE FROM PUBLIC.vault_fungible_states_parts
14:02:17.302 [Test worker] INFO liquibase - master.changelog.json: migration/vault-schema.changelog-v3.xml::clean_vault::R3.Corda: Data deleted from vault_fungible_states_parts
14:02:17.309 [Test worker] DEBUG liquibase - master.changelog.json: migration/vault-schema.changelog-v3.xml::clean_vault::R3.Corda: Executing Statement: liquibase.statement.core.DeleteStatement@13236030
14:02:17.310 [Test worker] DEBUG liquibase - master.changelog.json: migration/vault-schema.changelog-v3.xml::clean_vault::R3.Corda: Executing EXECUTE database command: DELETE FROM PUBLIC.vault_fungible_states
14:02:17.311 [Test worker] INFO liquibase - master.changelog.json: migration/vault-schema.changelog-v3.xml::clean_vault::R3.Corda: Data deleted from vault_fungible_states
14:02:17.311 [Test worker] DEBUG liquibase - master.changelog.json: migration/vault-schema.changelog-v3.xml::clean_vault::R3.Corda: Executing Statement: liquibase.statement.core.DeleteStatement@4c736a24
14:02:17.311 [Test worker] DEBUG liquibase - master.changelog.json: migration/vault-schema.changelog-v3.xml::clean_vault::R3.Corda: Executing EXECUTE database command: DELETE FROM PUBLIC.vault_linear_states_parts
14:02:17.314 [Test worker] INFO liquibase - master.changelog.json: migration/vault-schema.changelog-v3.xml::clean_vault::R3.Corda: Data deleted from vault_linear_states_parts
14:02:17.314 [Test worker] DEBUG liquibase - master.changelog.json: migration/vault-schema.changelog-v3.xml::clean_vault::R3.Corda: Executing Statement: liquibase.statement.core.DeleteStatement@2d2918ad
14:02:17.314 [Test worker] DEBUG liquibase - master.changelog.json: migration/vault-schema.changelog-v3.xml::clean_vault::R3.Corda: Executing EXECUTE database command: DELETE FROM PUBLIC.vault_linear_states
14:02:17.314 [Test worker] INFO liquibase - master.changelog.json: migration/vault-schema.changelog-v3.xml::clean_vault::R3.Corda: Data deleted from vault_linear_states
14:02:17.314 [Test worker] DEBUG liquibase - master.changelog.json: migration/vault-schema.changelog-v3.xml::clean_vault::R3.Corda: Executing Statement: liquibase.statement.core.DeleteStatement@7ef3602a
14:02:17.314 [Test worker] DEBUG liquibase - master.changelog.json: migration/vault-schema.changelog-v3.xml::clean_vault::R3.Corda: Executing EXECUTE database command: DELETE FROM PUBLIC.vault_states
14:02:17.314 [Test worker] INFO liquibase - master.changelog.json: migration/vault-schema.changelog-v3.xml::clean_vault::R3.Corda: Data deleted from vault_states
14:02:17.315 [Test worker] DEBUG liquibase - master.changelog.json: migration/vault-schema.changelog-v3.xml::clean_vault::R3.Corda: Executing Statement: liquibase.statement.core.DeleteStatement@7659bd24
14:02:17.315 [Test worker] DEBUG liquibase - master.changelog.json: migration/vault-schema.changelog-v3.xml::clean_vault::R3.Corda: Executing EXECUTE database command: DELETE FROM PUBLIC.vault_transaction_notes
14:02:17.315 [Test worker] INFO liquibase - master.changelog.json: migration/vault-schema.changelog-v3.xml::clean_vault::R3.Corda: Data deleted from vault_transaction_notes
14:02:17.315 [Test worker] INFO liquibase - master.changelog.json: migration/vault-schema.changelog-v3.xml::clean_vault::R3.Corda: ChangeSet migration/vault-schema.changelog-v3.xml::clean_vault::R3.Corda ran successfully in 16ms
14:02:17.316 [Test worker] DEBUG liquibase - master.changelog.json: migration/vault-schema.changelog-v3.xml::clean_vault::R3.Corda: Executing EXECUTE database command: INSERT INTO PUBLIC.DATABASECHANGELOG (ID, AUTHOR, FILENAME, DATEEXECUTED, ORDEREXECUTED, MD5SUM, DESCRIPTION, COMMENTS, EXECTYPE, CONTEXTS, LABELS, LIQUIBASE, DEPLOYMENT_ID) VALUES ('clean_vault', 'R3.Corda', 'migration/vault-schema.changelog-v3.xml', NOW(), 20, '7:c16f94cc9c0418c23dfcedd33e85d2d3', 'delete tableName=vault_fungible_states_parts; delete tableName=vault_fungible_states; delete tableName=vault_linear_states_parts; delete tableName=vault_linear_states; delete tableName=vault_states; delete tableName=vault_transaction_notes', '', 'EXECUTED', NULL, NULL, '3.5.4', '0860137141')
14:02:17.317 [Test worker] DEBUG liquibase - master.changelog.json: migration/vault-schema.changelog-v4.xml::nullability::R3.Corda: Running Changeset:migration/vault-schema.changelog-v4.xml::nullability::R3.Corda
14:02:17.317 [Test worker] DEBUG liquibase - master.changelog.json: migration/vault-schema.changelog-v4.xml::nullability::R3.Corda: Changeset migration/vault-schema.changelog-v4.xml::nullability::R3.Corda
14:02:17.317 [Test worker] DEBUG liquibase - master.changelog.json: migration/vault-schema.changelog-v4.xml::nullability::R3.Corda: Reading ChangeSet: migration/vault-schema.changelog-v4.xml::nullability::R3.Corda
14:02:17.317 [Test worker] DEBUG liquibase - master.changelog.json: migration/vault-schema.changelog-v4.xml::nullability::R3.Corda: Executing Statement: liquibase.statement.core.SetNullableStatement@517bae49
14:02:17.317 [Test worker] DEBUG liquibase - master.changelog.json: migration/vault-schema.changelog-v4.xml::nullability::R3.Corda: Executing EXECUTE database command: ALTER TABLE PUBLIC.vault_fungible_states ALTER COLUMN quantity SET NOT NULL
14:02:17.318 [Test worker] INFO liquibase - master.changelog.json: migration/vault-schema.changelog-v4.xml::nullability::R3.Corda: Null constraint has been added to vault_fungible_states.quantity
14:02:17.318 [Test worker] DEBUG liquibase - master.changelog.json: migration/vault-schema.changelog-v4.xml::nullability::R3.Corda: Executing Statement: liquibase.statement.core.SetNullableStatement@3eb2bb08
14:02:17.318 [Test worker] DEBUG liquibase - master.changelog.json: migration/vault-schema.changelog-v4.xml::nullability::R3.Corda: Executing EXECUTE database command: ALTER TABLE PUBLIC.vault_states ALTER COLUMN contract_state_class_name SET NOT NULL
14:02:17.325 [Test worker] INFO liquibase - master.changelog.json: migration/vault-schema.changelog-v4.xml::nullability::R3.Corda: Null constraint has been added to vault_states.contract_state_class_name
14:02:17.326 [Test worker] DEBUG liquibase - master.changelog.json: migration/vault-schema.changelog-v4.xml::nullability::R3.Corda: Executing Statement: liquibase.statement.core.SetNullableStatement@7b08c78
14:02:17.326 [Test worker] DEBUG liquibase - master.changelog.json: migration/vault-schema.changelog-v4.xml::nullability::R3.Corda: Executing EXECUTE database command: ALTER TABLE PUBLIC.vault_states ALTER COLUMN notary_name SET NOT NULL
14:02:17.333 [Test worker] INFO liquibase - master.changelog.json: migration/vault-schema.changelog-v4.xml::nullability::R3.Corda: Null constraint has been added to vault_states.notary_name
14:02:17.333 [Test worker] DEBUG liquibase - master.changelog.json: migration/vault-schema.changelog-v4.xml::nullability::R3.Corda: Executing Statement: liquibase.statement.core.SetNullableStatement@a07006f
14:02:17.334 [Test worker] DEBUG liquibase - master.changelog.json: migration/vault-schema.changelog-v4.xml::nullability::R3.Corda: Executing EXECUTE database command: ALTER TABLE PUBLIC.vault_states ALTER COLUMN recorded_timestamp SET NOT NULL
14:02:17.335 [Test worker] INFO liquibase - master.changelog.json: migration/vault-schema.changelog-v4.xml::nullability::R3.Corda: Null constraint has been added to vault_states.recorded_timestamp
14:02:17.335 [Test worker] DEBUG liquibase - master.changelog.json: migration/vault-schema.changelog-v4.xml::nullability::R3.Corda: Executing Statement: liquibase.statement.core.DropIndexStatement@29574190
14:02:17.335 [Test worker] DEBUG liquibase - master.changelog.json: migration/vault-schema.changelog-v4.xml::nullability::R3.Corda: Executing EXECUTE database command: DROP INDEX PUBLIC.state_status_idx
14:02:17.335 [Test worker] INFO liquibase - master.changelog.json: migration/vault-schema.changelog-v4.xml::nullability::R3.Corda: Index state_status_idx dropped from table vault_states
14:02:17.335 [Test worker] DEBUG liquibase - master.changelog.json: migration/vault-schema.changelog-v4.xml::nullability::R3.Corda: Executing Statement: liquibase.statement.core.DropIndexStatement@e9fe139
14:02:17.335 [Test worker] DEBUG liquibase - master.changelog.json: migration/vault-schema.changelog-v4.xml::nullability::R3.Corda: Executing EXECUTE database command: DROP INDEX PUBLIC.lock_id_idx
14:02:17.336 [Test worker] INFO liquibase - master.changelog.json: migration/vault-schema.changelog-v4.xml::nullability::R3.Corda: Index lock_id_idx dropped from table vault_states
14:02:17.336 [Test worker] DEBUG liquibase - master.changelog.json: migration/vault-schema.changelog-v4.xml::nullability::R3.Corda: Executing Statement: liquibase.statement.core.SetNullableStatement@91b5aee
14:02:17.336 [Test worker] DEBUG liquibase - master.changelog.json: migration/vault-schema.changelog-v4.xml::nullability::R3.Corda: Executing EXECUTE database command: ALTER TABLE PUBLIC.vault_states ALTER COLUMN state_status SET NOT NULL
14:02:17.336 [Test worker] INFO liquibase - master.changelog.json: migration/vault-schema.changelog-v4.xml::nullability::R3.Corda: Null constraint has been added to vault_states.state_status
14:02:17.336 [Test worker] DEBUG liquibase - master.changelog.json: migration/vault-schema.changelog-v4.xml::nullability::R3.Corda: Executing Statement: liquibase.statement.core.CreateIndexStatement@8f05596
14:02:17.336 [Test worker] DEBUG liquibase - master.changelog.json: migration/vault-schema.changelog-v4.xml::nullability::R3.Corda: Executing EXECUTE database command: CREATE INDEX PUBLIC.state_status_idx ON PUBLIC.vault_states(state_status)
14:02:17.337 [Test worker] INFO liquibase - master.changelog.json: migration/vault-schema.changelog-v4.xml::nullability::R3.Corda: Index state_status_idx created
14:02:17.337 [Test worker] DEBUG liquibase - master.changelog.json: migration/vault-schema.changelog-v4.xml::nullability::R3.Corda: Executing Statement: liquibase.statement.core.CreateIndexStatement@c387316
14:02:17.337 [Test worker] DEBUG liquibase - master.changelog.json: migration/vault-schema.changelog-v4.xml::nullability::R3.Corda: Executing EXECUTE database command: CREATE INDEX PUBLIC.lock_id_idx ON PUBLIC.vault_states(lock_id, state_status)
14:02:17.337 [Test worker] INFO liquibase - master.changelog.json: migration/vault-schema.changelog-v4.xml::nullability::R3.Corda: Index lock_id_idx created
14:02:17.337 [Test worker] DEBUG liquibase - master.changelog.json: migration/vault-schema.changelog-v4.xml::nullability::R3.Corda: Executing Statement: liquibase.statement.core.DropIndexStatement@5f278455
14:02:17.337 [Test worker] DEBUG liquibase - master.changelog.json: migration/vault-schema.changelog-v4.xml::nullability::R3.Corda: Executing EXECUTE database command: DROP INDEX PUBLIC.transaction_id_index
14:02:17.338 [Test worker] INFO liquibase - master.changelog.json: migration/vault-schema.changelog-v4.xml::nullability::R3.Corda: Index transaction_id_index dropped from table vault_transaction_notes
14:02:17.338 [Test worker] DEBUG liquibase - master.changelog.json: migration/vault-schema.changelog-v4.xml::nullability::R3.Corda: Executing Statement: liquibase.statement.core.SetNullableStatement@138d5a08
14:02:17.338 [Test worker] DEBUG liquibase - master.changelog.json: migration/vault-schema.changelog-v4.xml::nullability::R3.Corda: Executing EXECUTE database command: ALTER TABLE PUBLIC.vault_transaction_notes ALTER COLUMN note SET NOT NULL
14:02:17.338 [Test worker] INFO liquibase - master.changelog.json: migration/vault-schema.changelog-v4.xml::nullability::R3.Corda: Null constraint has been added to vault_transaction_notes.note
14:02:17.338 [Test worker] DEBUG liquibase - master.changelog.json: migration/vault-schema.changelog-v4.xml::nullability::R3.Corda: Executing Statement: liquibase.statement.core.SetNullableStatement@3f041959
14:02:17.338 [Test worker] DEBUG liquibase - master.changelog.json: migration/vault-schema.changelog-v4.xml::nullability::R3.Corda: Executing EXECUTE database command: ALTER TABLE PUBLIC.vault_transaction_notes ALTER COLUMN transaction_id SET NOT NULL
14:02:17.339 [Test worker] INFO liquibase - master.changelog.json: migration/vault-schema.changelog-v4.xml::nullability::R3.Corda: Null constraint has been added to vault_transaction_notes.transaction_id
14:02:17.339 [Test worker] DEBUG liquibase - master.changelog.json: migration/vault-schema.changelog-v4.xml::nullability::R3.Corda: Executing Statement: liquibase.statement.core.CreateIndexStatement@3f7fa8
14:02:17.339 [Test worker] DEBUG liquibase - master.changelog.json: migration/vault-schema.changelog-v4.xml::nullability::R3.Corda: Executing EXECUTE database command: CREATE INDEX PUBLIC.transaction_id_index ON PUBLIC.vault_transaction_notes(transaction_id)
14:02:17.339 [Test worker] INFO liquibase - master.changelog.json: migration/vault-schema.changelog-v4.xml::nullability::R3.Corda: Index transaction_id_index created
14:02:17.339 [Test worker] INFO liquibase - master.changelog.json: migration/vault-schema.changelog-v4.xml::nullability::R3.Corda: ChangeSet migration/vault-schema.changelog-v4.xml::nullability::R3.Corda ran successfully in 22ms
14:02:17.341 [Test worker] DEBUG liquibase - master.changelog.json: migration/vault-schema.changelog-v4.xml::nullability::R3.Corda: Executing EXECUTE database command: INSERT INTO PUBLIC.DATABASECHANGELOG (ID, AUTHOR, FILENAME, DATEEXECUTED, ORDEREXECUTED, MD5SUM, DESCRIPTION, COMMENTS, EXECTYPE, CONTEXTS, LABELS, LIQUIBASE, DEPLOYMENT_ID) VALUES ('nullability', 'R3.Corda', 'migration/vault-schema.changelog-v4.xml', NOW(), 21, '7:59450415a9a86b5b55d9f9347b383e6a', 'addNotNullConstraint columnName=quantity, tableName=vault_fungible_states; addNotNullConstraint columnName=contract_state_class_name, tableName=vault_states; addNotNullConstraint columnName=notary_name, tableName=vault_states; addNotNullConstraint...', '', 'EXECUTED', NULL, NULL, '3.5.4', '0860137141')
14:02:17.341 [Test worker] DEBUG liquibase - master.changelog.json: migration/vault-schema.changelog-pkey.xml::non-clustered_pk-11::R3.Corda: Running Changeset:migration/vault-schema.changelog-pkey.xml::non-clustered_pk-11::R3.Corda
14:02:17.343 [Test worker] DEBUG liquibase - master.changelog.json: migration/vault-schema.changelog-pkey.xml::non-clustered_pk-11::R3.Corda: Executing EXECUTE database command: INSERT INTO PUBLIC.DATABASECHANGELOG (ID, AUTHOR, FILENAME, DATEEXECUTED, ORDEREXECUTED, MD5SUM, DESCRIPTION, COMMENTS, EXECTYPE, CONTEXTS, LABELS, LIQUIBASE, DEPLOYMENT_ID) VALUES ('non-clustered_pk-11', 'R3.Corda', 'migration/vault-schema.changelog-pkey.xml', NOW(), 22, '7:c88a8494afc1f2507131e709b3ec4f1e', 'dropForeignKeyConstraint baseTableName=vault_fungible_states_parts, constraintName=FK__fung_st_parts__fung_st; dropPrimaryKey constraintName=vault_fungible_states_pkey, tableName=vault_fungible_states; addPrimaryKey constraintName=vault_fungible_s...', '', 'MARK_RAN', NULL, NULL, '3.5.4', '0860137141')
14:02:17.343 [Test worker] DEBUG liquibase - master.changelog.json: migration/vault-schema.changelog-pkey.xml::non-clustered_pk-12::R3.Corda: Running Changeset:migration/vault-schema.changelog-pkey.xml::non-clustered_pk-12::R3.Corda
14:02:17.345 [Test worker] DEBUG liquibase - master.changelog.json: migration/vault-schema.changelog-pkey.xml::non-clustered_pk-12::R3.Corda: Executing EXECUTE database command: INSERT INTO PUBLIC.DATABASECHANGELOG (ID, AUTHOR, FILENAME, DATEEXECUTED, ORDEREXECUTED, MD5SUM, DESCRIPTION, COMMENTS, EXECTYPE, CONTEXTS, LABELS, LIQUIBASE, DEPLOYMENT_ID) VALUES ('non-clustered_pk-12', 'R3.Corda', 'migration/vault-schema.changelog-pkey.xml', NOW(), 23, '7:5569de8454d891688bbb7510f634782f', 'dropForeignKeyConstraint baseTableName=vault_linear_states_parts, constraintName=FK__lin_stat_parts__lin_stat; dropPrimaryKey constraintName=vault_linear_states_pkey, tableName=vault_linear_states; addPrimaryKey constraintName=vault_linear_states_...', '', 'MARK_RAN', NULL, NULL, '3.5.4', '0860137141')
14:02:17.347 [Test worker] DEBUG liquibase - master.changelog.json: migration/vault-schema.changelog-pkey.xml::non-clustered_pk-13::R3.Corda: Running Changeset:migration/vault-schema.changelog-pkey.xml::non-clustered_pk-13::R3.Corda
14:02:17.348 [Test worker] DEBUG liquibase - master.changelog.json: migration/vault-schema.changelog-pkey.xml::non-clustered_pk-13::R3.Corda: Executing EXECUTE database command: INSERT INTO PUBLIC.DATABASECHANGELOG (ID, AUTHOR, FILENAME, DATEEXECUTED, ORDEREXECUTED, MD5SUM, DESCRIPTION, COMMENTS, EXECTYPE, CONTEXTS, LABELS, LIQUIBASE, DEPLOYMENT_ID) VALUES ('non-clustered_pk-13', 'R3.Corda', 'migration/vault-schema.changelog-pkey.xml', NOW(), 24, '7:c786c529ecdaa33f87d3fc9ed88111f4', 'dropPrimaryKey constraintName=vault_states_pkey, tableName=vault_states; addPrimaryKey constraintName=vault_states_pkey, tableName=vault_states', '', 'MARK_RAN', NULL, NULL, '3.5.4', '0860137141')
14:02:17.349 [Test worker] DEBUG liquibase - master.changelog.json: migration/vault-schema.changelog-v5.xml::add_relevancy_status_column::R3.Corda: Running Changeset:migration/vault-schema.changelog-v5.xml::add_relevancy_status_column::R3.Corda
14:02:17.349 [Test worker] DEBUG liquibase - master.changelog.json: migration/vault-schema.changelog-v5.xml::add_relevancy_status_column::R3.Corda: Changeset migration/vault-schema.changelog-v5.xml::add_relevancy_status_column::R3.Corda
14:02:17.349 [Test worker] DEBUG liquibase - master.changelog.json: migration/vault-schema.changelog-v5.xml::add_relevancy_status_column::R3.Corda: Reading ChangeSet: migration/vault-schema.changelog-v5.xml::add_relevancy_status_column::R3.Corda
14:02:17.349 [Test worker] DEBUG liquibase - master.changelog.json: migration/vault-schema.changelog-v5.xml::add_relevancy_status_column::R3.Corda: Executing Statement: liquibase.statement.core.AddColumnStatement@f15b441
14:02:17.349 [Test worker] DEBUG liquibase - master.changelog.json: migration/vault-schema.changelog-v5.xml::add_relevancy_status_column::R3.Corda: Executing EXECUTE database command: ALTER TABLE PUBLIC.vault_states ADD relevancy_status INT
14:02:17.354 [Test worker] INFO liquibase - master.changelog.json: migration/vault-schema.changelog-v5.xml::add_relevancy_status_column::R3.Corda: Columns relevancy_status(INT) added to vault_states
14:02:17.354 [Test worker] DEBUG liquibase - master.changelog.json: migration/vault-schema.changelog-v5.xml::add_relevancy_status_column::R3.Corda: Executing Statement: liquibase.statement.core.UpdateStatement@145a04df
14:02:17.354 [Test worker] DEBUG liquibase - master.changelog.json: migration/vault-schema.changelog-v5.xml::add_relevancy_status_column::R3.Corda: Executing EXECUTE database command: UPDATE PUBLIC.vault_states SET relevancy_status = 0
14:02:17.355 [Test worker] INFO liquibase - master.changelog.json: migration/vault-schema.changelog-v5.xml::add_relevancy_status_column::R3.Corda: Data updated in vault_states
14:02:17.355 [Test worker] DEBUG liquibase - master.changelog.json: migration/vault-schema.changelog-v5.xml::add_relevancy_status_column::R3.Corda: Executing Statement: liquibase.statement.core.SetNullableStatement@6c2283a3
14:02:17.355 [Test worker] DEBUG liquibase - master.changelog.json: migration/vault-schema.changelog-v5.xml::add_relevancy_status_column::R3.Corda: Executing EXECUTE database command: ALTER TABLE PUBLIC.vault_states ALTER COLUMN relevancy_status SET NOT NULL
14:02:17.355 [Test worker] INFO liquibase - master.changelog.json: migration/vault-schema.changelog-v5.xml::add_relevancy_status_column::R3.Corda: Null constraint has been added to vault_states.relevancy_status
14:02:17.355 [Test worker] INFO liquibase - master.changelog.json: migration/vault-schema.changelog-v5.xml::add_relevancy_status_column::R3.Corda: ChangeSet migration/vault-schema.changelog-v5.xml::add_relevancy_status_column::R3.Corda ran successfully in 6ms
14:02:17.356 [Test worker] DEBUG liquibase - master.changelog.json: migration/vault-schema.changelog-v5.xml::add_relevancy_status_column::R3.Corda: Executing EXECUTE database command: INSERT INTO PUBLIC.DATABASECHANGELOG (ID, AUTHOR, FILENAME, DATEEXECUTED, ORDEREXECUTED, MD5SUM, DESCRIPTION, COMMENTS, EXECTYPE, CONTEXTS, LABELS, LIQUIBASE, DEPLOYMENT_ID) VALUES ('add_relevancy_status_column', 'R3.Corda', 'migration/vault-schema.changelog-v5.xml', NOW(), 25, '7:bd7c3258179f34f231f6ae51e3313fc4', 'addColumn tableName=vault_states; update tableName=vault_states; addNotNullConstraint columnName=relevancy_status, tableName=vault_states', '', 'EXECUTED', NULL, NULL, '3.5.4', '0860137141')
14:02:17.357 [Test worker] DEBUG liquibase - master.changelog.json: migration/vault-schema.changelog-v6.xml::add_is_constraint_information_columns::R3.Corda: Running Changeset:migration/vault-schema.changelog-v6.xml::add_is_constraint_information_columns::R3.Corda
14:02:17.357 [Test worker] DEBUG liquibase - master.changelog.json: migration/vault-schema.changelog-v6.xml::add_is_constraint_information_columns::R3.Corda: Changeset migration/vault-schema.changelog-v6.xml::add_is_constraint_information_columns::R3.Corda
14:02:17.357 [Test worker] DEBUG liquibase - master.changelog.json: migration/vault-schema.changelog-v6.xml::add_is_constraint_information_columns::R3.Corda: Reading ChangeSet: migration/vault-schema.changelog-v6.xml::add_is_constraint_information_columns::R3.Corda
14:02:17.357 [Test worker] DEBUG liquibase - master.changelog.json: migration/vault-schema.changelog-v6.xml::add_is_constraint_information_columns::R3.Corda: Executing Statement: liquibase.statement.core.AddColumnStatement@71aba3f3
14:02:17.357 [Test worker] DEBUG liquibase - master.changelog.json: migration/vault-schema.changelog-v6.xml::add_is_constraint_information_columns::R3.Corda: Executing EXECUTE database command: ALTER TABLE PUBLIC.vault_states ADD constraint_type INT DEFAULT '0' NOT NULL
14:02:17.367 [Test worker] INFO liquibase - master.changelog.json: migration/vault-schema.changelog-v6.xml::add_is_constraint_information_columns::R3.Corda: Columns constraint_type(INT) added to vault_states
14:02:17.367 [Test worker] DEBUG liquibase - master.changelog.json: migration/vault-schema.changelog-v6.xml::add_is_constraint_information_columns::R3.Corda: Executing Statement: liquibase.statement.core.AddColumnStatement@6bc56e23
14:02:17.369 [Test worker] DEBUG liquibase - master.changelog.json: migration/vault-schema.changelog-v6.xml::add_is_constraint_information_columns::R3.Corda: Executing EXECUTE database command: ALTER TABLE PUBLIC.vault_states ADD constraint_data VARBINARY(563)
14:02:17.377 [Test worker] INFO liquibase - master.changelog.json: migration/vault-schema.changelog-v6.xml::add_is_constraint_information_columns::R3.Corda: Columns constraint_data(varbinary(563)) added to vault_states
14:02:17.377 [Test worker] INFO liquibase - master.changelog.json: migration/vault-schema.changelog-v6.xml::add_is_constraint_information_columns::R3.Corda: ChangeSet migration/vault-schema.changelog-v6.xml::add_is_constraint_information_columns::R3.Corda ran successfully in 20ms
14:02:17.378 [Test worker] DEBUG liquibase - master.changelog.json: migration/vault-schema.changelog-v6.xml::add_is_constraint_information_columns::R3.Corda: Executing EXECUTE database command: INSERT INTO PUBLIC.DATABASECHANGELOG (ID, AUTHOR, FILENAME, DATEEXECUTED, ORDEREXECUTED, MD5SUM, DESCRIPTION, COMMENTS, EXECTYPE, CONTEXTS, LABELS, LIQUIBASE, DEPLOYMENT_ID) VALUES ('add_is_constraint_information_columns', 'R3.Corda', 'migration/vault-schema.changelog-v6.xml', NOW(), 26, '7:7d7cf7015d299a7fefb6e81aa563e208', 'addColumn tableName=vault_states; addColumn tableName=vault_states', '', 'EXECUTED', NULL, NULL, '3.5.4', '0860137141')
14:02:17.378 [Test worker] DEBUG liquibase - master.changelog.json: migration/vault-schema.changelog-v7.xml::make_issuer_ref_nullable::R3.Corda: Running Changeset:migration/vault-schema.changelog-v7.xml::make_issuer_ref_nullable::R3.Corda
14:02:17.379 [Test worker] DEBUG liquibase - master.changelog.json: migration/vault-schema.changelog-v7.xml::make_issuer_ref_nullable::R3.Corda: Changeset migration/vault-schema.changelog-v7.xml::make_issuer_ref_nullable::R3.Corda
14:02:17.379 [Test worker] DEBUG liquibase - master.changelog.json: migration/vault-schema.changelog-v7.xml::make_issuer_ref_nullable::R3.Corda: Reading ChangeSet: migration/vault-schema.changelog-v7.xml::make_issuer_ref_nullable::R3.Corda
14:02:17.379 [Test worker] DEBUG liquibase - master.changelog.json: migration/vault-schema.changelog-v7.xml::make_issuer_ref_nullable::R3.Corda: Executing Statement: liquibase.statement.core.SetNullableStatement@23753c1d
14:02:17.379 [Test worker] DEBUG liquibase - master.changelog.json: migration/vault-schema.changelog-v7.xml::make_issuer_ref_nullable::R3.Corda: Executing EXECUTE database command: ALTER TABLE PUBLIC.vault_fungible_states ALTER COLUMN issuer_ref SET NULL
14:02:17.379 [Test worker] INFO liquibase - master.changelog.json: migration/vault-schema.changelog-v7.xml::make_issuer_ref_nullable::R3.Corda: Null constraint dropped from vault_fungible_states.issuer_ref
14:02:17.379 [Test worker] INFO liquibase - master.changelog.json: migration/vault-schema.changelog-v7.xml::make_issuer_ref_nullable::R3.Corda: ChangeSet migration/vault-schema.changelog-v7.xml::make_issuer_ref_nullable::R3.Corda ran successfully in 0ms
14:02:17.380 [Test worker] DEBUG liquibase - master.changelog.json: migration/vault-schema.changelog-v7.xml::make_issuer_ref_nullable::R3.Corda: Executing EXECUTE database command: INSERT INTO PUBLIC.DATABASECHANGELOG (ID, AUTHOR, FILENAME, DATEEXECUTED, ORDEREXECUTED, MD5SUM, DESCRIPTION, COMMENTS, EXECTYPE, CONTEXTS, LABELS, LIQUIBASE, DEPLOYMENT_ID) VALUES ('make_issuer_ref_nullable', 'R3.Corda', 'migration/vault-schema.changelog-v7.xml', NOW(), 27, '7:016e083b176a76fc50d74e3fe07ca1cb', 'dropNotNullConstraint columnName=issuer_ref, tableName=vault_fungible_states', '', 'EXECUTED', NULL, NULL, '3.5.4', '0860137141')
14:02:17.381 [Test worker] DEBUG liquibase - master.changelog.json: migration/vault-schema.changelog-v8.xml::create-external-id-to-state-party-view::R3.Corda: Running Changeset:migration/vault-schema.changelog-v8.xml::create-external-id-to-state-party-view::R3.Corda
14:02:17.381 [Test worker] DEBUG liquibase - master.changelog.json: migration/vault-schema.changelog-v8.xml::create-external-id-to-state-party-view::R3.Corda: Changeset migration/vault-schema.changelog-v8.xml::create-external-id-to-state-party-view::R3.Corda
14:02:17.381 [Test worker] DEBUG liquibase - master.changelog.json: migration/vault-schema.changelog-v8.xml::create-external-id-to-state-party-view::R3.Corda: Reading ChangeSet: migration/vault-schema.changelog-v8.xml::create-external-id-to-state-party-view::R3.Corda
14:02:17.382 [Test worker] DEBUG liquibase - master.changelog.json: migration/vault-schema.changelog-v8.xml::create-external-id-to-state-party-view::R3.Corda: Executing Statement: liquibase.statement.core.CreateTableStatement@f166a18
14:02:17.382 [Test worker] DEBUG liquibase - master.changelog.json: migration/vault-schema.changelog-v8.xml::create-external-id-to-state-party-view::R3.Corda: Executing EXECUTE database command: CREATE TABLE PUBLIC.state_party (output_index INT, transaction_id NVARCHAR(64), public_key_hash NVARCHAR(255) NOT NULL, x500_name NVARCHAR(255))
14:02:17.382 [Test worker] INFO liquibase - master.changelog.json: migration/vault-schema.changelog-v8.xml::create-external-id-to-state-party-view::R3.Corda: Table state_party created
14:02:17.382 [Test worker] DEBUG liquibase - master.changelog.json: migration/vault-schema.changelog-v8.xml::create-external-id-to-state-party-view::R3.Corda: Executing Statement: liquibase.statement.core.CreateIndexStatement@1800786e
14:02:17.383 [Test worker] DEBUG liquibase - master.changelog.json: migration/vault-schema.changelog-v8.xml::create-external-id-to-state-party-view::R3.Corda: Executing EXECUTE database command: CREATE INDEX PUBLIC.state_pk_hash_idx ON PUBLIC.state_party(public_key_hash)
14:02:17.383 [Test worker] INFO liquibase - master.changelog.json: migration/vault-schema.changelog-v8.xml::create-external-id-to-state-party-view::R3.Corda: Index state_pk_hash_idx created
14:02:17.383 [Test worker] DEBUG liquibase - master.changelog.json: migration/vault-schema.changelog-v8.xml::create-external-id-to-state-party-view::R3.Corda: Executing Statement: liquibase.statement.core.CreateTableStatement@1629b5b5
14:02:17.383 [Test worker] DEBUG liquibase - master.changelog.json: migration/vault-schema.changelog-v8.xml::create-external-id-to-state-party-view::R3.Corda: Executing EXECUTE database command: CREATE TABLE PUBLIC.pk_hash_to_ext_id_map (id BIGINT NOT NULL, external_id VARCHAR(255) NOT NULL, public_key_hash NVARCHAR(255) NOT NULL)
14:02:17.383 [Test worker] INFO liquibase - master.changelog.json: migration/vault-schema.changelog-v8.xml::create-external-id-to-state-party-view::R3.Corda: Table pk_hash_to_ext_id_map created
14:02:17.384 [Test worker] DEBUG liquibase - master.changelog.json: migration/vault-schema.changelog-v8.xml::create-external-id-to-state-party-view::R3.Corda: Executing Statement: liquibase.statement.core.CreateIndexStatement@231a92ca
14:02:17.384 [Test worker] DEBUG liquibase - master.changelog.json: migration/vault-schema.changelog-v8.xml::create-external-id-to-state-party-view::R3.Corda: Executing EXECUTE database command: CREATE INDEX PUBLIC.pk_hash_to_xid_idx ON PUBLIC.pk_hash_to_ext_id_map(public_key_hash)
14:02:17.384 [Test worker] INFO liquibase - master.changelog.json: migration/vault-schema.changelog-v8.xml::create-external-id-to-state-party-view::R3.Corda: Index pk_hash_to_xid_idx created
14:02:17.384 [Test worker] DEBUG liquibase - master.changelog.json: migration/vault-schema.changelog-v8.xml::create-external-id-to-state-party-view::R3.Corda: Executing Statement: liquibase.statement.core.CreateViewStatement@38c25dcf
14:02:17.387 [Test worker] DEBUG liquibase - master.changelog.json: migration/vault-schema.changelog-v8.xml::create-external-id-to-state-party-view::R3.Corda: Executing EXECUTE database command: CREATE VIEW PUBLIC.v_pkey_hash_ex_id_map AS select
                state_party.public_key_hash,
                state_party.transaction_id,
                state_party.output_index,
                pk_hash_to_ext_id_map.external_id
            from state_party
            join pk_hash_to_ext_id_map
            on state_party.public_key_hash = pk_hash_to_ext_id_map.public_key_hash
14:02:17.388 [Test worker] INFO liquibase - master.changelog.json: migration/vault-schema.changelog-v8.xml::create-external-id-to-state-party-view::R3.Corda: View v_pkey_hash_ex_id_map created
14:02:17.388 [Test worker] INFO liquibase - master.changelog.json: migration/vault-schema.changelog-v8.xml::create-external-id-to-state-party-view::R3.Corda: ChangeSet migration/vault-schema.changelog-v8.xml::create-external-id-to-state-party-view::R3.Corda ran successfully in 7ms
14:02:17.389 [Test worker] DEBUG liquibase - master.changelog.json: migration/vault-schema.changelog-v8.xml::create-external-id-to-state-party-view::R3.Corda: Executing EXECUTE database command: INSERT INTO PUBLIC.DATABASECHANGELOG (ID, AUTHOR, FILENAME, DATEEXECUTED, ORDEREXECUTED, MD5SUM, DESCRIPTION, COMMENTS, EXECTYPE, CONTEXTS, LABELS, LIQUIBASE, DEPLOYMENT_ID) VALUES ('create-external-id-to-state-party-view', 'R3.Corda', 'migration/vault-schema.changelog-v8.xml', NOW(), 28, '7:68a2e794e4726e4e40b28753c7a64413', 'createTable tableName=state_party; createIndex indexName=state_pk_hash_idx, tableName=state_party; createTable tableName=pk_hash_to_ext_id_map; createIndex indexName=pk_hash_to_xid_idx, tableName=pk_hash_to_ext_id_map; createView viewName=v_pkey_h...', '', 'EXECUTED', NULL, NULL, '3.5.4', '0860137141')
14:02:17.390 [Test worker] DEBUG liquibase - master.changelog.json: migration/node-info.changelog-init.xml::1511451595465-4::R3.Corda: Running Changeset:migration/node-info.changelog-init.xml::1511451595465-4::R3.Corda
14:02:17.390 [Test worker] DEBUG liquibase - master.changelog.json: migration/node-info.changelog-init.xml::1511451595465-4::R3.Corda: Changeset migration/node-info.changelog-init.xml::1511451595465-4::R3.Corda
14:02:17.390 [Test worker] DEBUG liquibase - master.changelog.json: migration/node-info.changelog-init.xml::1511451595465-4::R3.Corda: Reading ChangeSet: migration/node-info.changelog-init.xml::1511451595465-4::R3.Corda
14:02:17.390 [Test worker] DEBUG liquibase - master.changelog.json: migration/node-info.changelog-init.xml::1511451595465-4::R3.Corda: Executing Statement: liquibase.statement.core.CreateTableStatement@4e1a46e4
14:02:17.390 [Test worker] DEBUG liquibase - master.changelog.json: migration/node-info.changelog-init.xml::1511451595465-4::R3.Corda: Executing EXECUTE database command: CREATE TABLE PUBLIC.node_link_nodeinfo_party (node_info_id INT NOT NULL, party_name NVARCHAR(255) NOT NULL)
14:02:17.390 [Test worker] INFO liquibase - master.changelog.json: migration/node-info.changelog-init.xml::1511451595465-4::R3.Corda: Table node_link_nodeinfo_party created
14:02:17.390 [Test worker] INFO liquibase - master.changelog.json: migration/node-info.changelog-init.xml::1511451595465-4::R3.Corda: ChangeSet migration/node-info.changelog-init.xml::1511451595465-4::R3.Corda ran successfully in 0ms
14:02:17.391 [Test worker] DEBUG liquibase - master.changelog.json: migration/node-info.changelog-init.xml::1511451595465-4::R3.Corda: Executing EXECUTE database command: INSERT INTO PUBLIC.DATABASECHANGELOG (ID, AUTHOR, FILENAME, DATEEXECUTED, ORDEREXECUTED, MD5SUM, DESCRIPTION, COMMENTS, EXECTYPE, CONTEXTS, LABELS, LIQUIBASE, DEPLOYMENT_ID) VALUES ('1511451595465-4', 'R3.Corda', 'migration/node-info.changelog-init.xml', NOW(), 29, '7:86561ccea3a7fbbdb311d455076c98a8', 'createTable tableName=node_link_nodeinfo_party', '', 'EXECUTED', NULL, NULL, '3.5.4', '0860137141')
14:02:17.392 [Test worker] DEBUG liquibase - master.changelog.json: migration/node-info.changelog-init.xml::1511451595465-10::R3.Corda: Running Changeset:migration/node-info.changelog-init.xml::1511451595465-10::R3.Corda
14:02:17.392 [Test worker] DEBUG liquibase - master.changelog.json: migration/node-info.changelog-init.xml::1511451595465-10::R3.Corda: Changeset migration/node-info.changelog-init.xml::1511451595465-10::R3.Corda
14:02:17.392 [Test worker] DEBUG liquibase - master.changelog.json: migration/node-info.changelog-init.xml::1511451595465-10::R3.Corda: Reading ChangeSet: migration/node-info.changelog-init.xml::1511451595465-10::R3.Corda
14:02:17.393 [Test worker] DEBUG liquibase - master.changelog.json: migration/node-info.changelog-init.xml::1511451595465-10::R3.Corda: Executing Statement: liquibase.statement.core.CreateTableStatement@3d2677f5
14:02:17.393 [Test worker] DEBUG liquibase - master.changelog.json: migration/node-info.changelog-init.xml::1511451595465-10::R3.Corda: Executing EXECUTE database command: CREATE TABLE PUBLIC.node_info_hosts (host NVARCHAR(255) NOT NULL, port INT NOT NULL, node_info_id INT)
14:02:17.393 [Test worker] INFO liquibase - master.changelog.json: migration/node-info.changelog-init.xml::1511451595465-10::R3.Corda: Table node_info_hosts created
14:02:17.393 [Test worker] INFO liquibase - master.changelog.json: migration/node-info.changelog-init.xml::1511451595465-10::R3.Corda: ChangeSet migration/node-info.changelog-init.xml::1511451595465-10::R3.Corda ran successfully in 1ms
14:02:17.394 [Test worker] DEBUG liquibase - master.changelog.json: migration/node-info.changelog-init.xml::1511451595465-10::R3.Corda: Executing EXECUTE database command: INSERT INTO PUBLIC.DATABASECHANGELOG (ID, AUTHOR, FILENAME, DATEEXECUTED, ORDEREXECUTED, MD5SUM, DESCRIPTION, COMMENTS, EXECTYPE, CONTEXTS, LABELS, LIQUIBASE, DEPLOYMENT_ID) VALUES ('1511451595465-10', 'R3.Corda', 'migration/node-info.changelog-init.xml', NOW(), 30, '7:86dcf13717e5dbc4c623523618380bdd', 'createTable tableName=node_info_hosts', '', 'EXECUTED', NULL, NULL, '3.5.4', '0860137141')
14:02:17.395 [Test worker] DEBUG liquibase - master.changelog.json: migration/node-info.changelog-init.xml::1511451595465-11::R3.Corda: Running Changeset:migration/node-info.changelog-init.xml::1511451595465-11::R3.Corda
14:02:17.395 [Test worker] DEBUG liquibase - master.changelog.json: migration/node-info.changelog-init.xml::1511451595465-11::R3.Corda: Changeset migration/node-info.changelog-init.xml::1511451595465-11::R3.Corda
14:02:17.395 [Test worker] DEBUG liquibase - master.changelog.json: migration/node-info.changelog-init.xml::1511451595465-11::R3.Corda: Reading ChangeSet: migration/node-info.changelog-init.xml::1511451595465-11::R3.Corda
14:02:17.395 [Test worker] DEBUG liquibase - master.changelog.json: migration/node-info.changelog-init.xml::1511451595465-11::R3.Corda: Executing Statement: liquibase.statement.core.CreateTableStatement@1d6cc1ee
14:02:17.395 [Test worker] DEBUG liquibase - master.changelog.json: migration/node-info.changelog-init.xml::1511451595465-11::R3.Corda: Executing EXECUTE database command: CREATE TABLE PUBLIC.node_info_party_cert (party_name NVARCHAR(255) NOT NULL, ismain BOOLEAN NOT NULL, owning_key_hash NVARCHAR(130), party_cert_binary BLOB)
14:02:17.396 [Test worker] INFO liquibase - master.changelog.json: migration/node-info.changelog-init.xml::1511451595465-11::R3.Corda: Table node_info_party_cert created
14:02:17.396 [Test worker] INFO liquibase - master.changelog.json: migration/node-info.changelog-init.xml::1511451595465-11::R3.Corda: ChangeSet migration/node-info.changelog-init.xml::1511451595465-11::R3.Corda ran successfully in 1ms
14:02:17.397 [Test worker] DEBUG liquibase - master.changelog.json: migration/node-info.changelog-init.xml::1511451595465-11::R3.Corda: Executing EXECUTE database command: INSERT INTO PUBLIC.DATABASECHANGELOG (ID, AUTHOR, FILENAME, DATEEXECUTED, ORDEREXECUTED, MD5SUM, DESCRIPTION, COMMENTS, EXECTYPE, CONTEXTS, LABELS, LIQUIBASE, DEPLOYMENT_ID) VALUES ('1511451595465-11', 'R3.Corda', 'migration/node-info.changelog-init.xml', NOW(), 31, '7:ddf2ea133beca979abcb7e627a37db60', 'createTable tableName=node_info_party_cert', '', 'EXECUTED', NULL, NULL, '3.5.4', '0860137141')
14:02:17.397 [Test worker] DEBUG liquibase - master.changelog.json: migration/node-info.changelog-init.xml::1511451595465-12::R3.Corda: Running Changeset:migration/node-info.changelog-init.xml::1511451595465-12::R3.Corda
14:02:17.397 [Test worker] DEBUG liquibase - master.changelog.json: migration/node-info.changelog-init.xml::1511451595465-12::R3.Corda: Changeset migration/node-info.changelog-init.xml::1511451595465-12::R3.Corda
14:02:17.397 [Test worker] DEBUG liquibase - master.changelog.json: migration/node-info.changelog-init.xml::1511451595465-12::R3.Corda: Reading ChangeSet: migration/node-info.changelog-init.xml::1511451595465-12::R3.Corda
14:02:17.398 [Test worker] DEBUG liquibase - master.changelog.json: migration/node-info.changelog-init.xml::1511451595465-12::R3.Corda: Executing Statement: liquibase.statement.core.CreateTableStatement@175a3522
14:02:17.398 [Test worker] DEBUG liquibase - master.changelog.json: migration/node-info.changelog-init.xml::1511451595465-12::R3.Corda: Executing EXECUTE database command: CREATE TABLE PUBLIC.node_infos (node_info_id INT NOT NULL, node_info_hash NVARCHAR(64), platform_version INT, serial BIGINT)
14:02:17.398 [Test worker] INFO liquibase - master.changelog.json: migration/node-info.changelog-init.xml::1511451595465-12::R3.Corda: Table node_infos created
14:02:17.398 [Test worker] INFO liquibase - master.changelog.json: migration/node-info.changelog-init.xml::1511451595465-12::R3.Corda: ChangeSet migration/node-info.changelog-init.xml::1511451595465-12::R3.Corda ran successfully in 1ms
14:02:17.399 [Test worker] DEBUG liquibase - master.changelog.json: migration/node-info.changelog-init.xml::1511451595465-12::R3.Corda: Executing EXECUTE database command: INSERT INTO PUBLIC.DATABASECHANGELOG (ID, AUTHOR, FILENAME, DATEEXECUTED, ORDEREXECUTED, MD5SUM, DESCRIPTION, COMMENTS, EXECTYPE, CONTEXTS, LABELS, LIQUIBASE, DEPLOYMENT_ID) VALUES ('1511451595465-12', 'R3.Corda', 'migration/node-info.changelog-init.xml', NOW(), 32, '7:2a2169c32d87fdc3442c6096740a52a5', 'createTable tableName=node_infos', '', 'EXECUTED', NULL, NULL, '3.5.4', '0860137141')
14:02:17.400 [Test worker] DEBUG liquibase - master.changelog.json: migration/node-info.changelog-init.xml::1511451595465-35::R3.Corda: Running Changeset:migration/node-info.changelog-init.xml::1511451595465-35::R3.Corda
14:02:17.400 [Test worker] DEBUG liquibase - master.changelog.json: migration/node-info.changelog-init.xml::1511451595465-35::R3.Corda: Changeset migration/node-info.changelog-init.xml::1511451595465-35::R3.Corda
14:02:17.401 [Test worker] DEBUG liquibase - master.changelog.json: migration/node-info.changelog-init.xml::1511451595465-35::R3.Corda: Reading ChangeSet: migration/node-info.changelog-init.xml::1511451595465-35::R3.Corda
14:02:17.417 [Test worker] DEBUG liquibase - master.changelog.json: migration/node-info.changelog-init.xml::1511451595465-35::R3.Corda: Executing Statement: liquibase.statement.core.AddPrimaryKeyStatement@5b35b7f2
14:02:17.417 [Test worker] DEBUG liquibase - master.changelog.json: migration/node-info.changelog-init.xml::1511451595465-35::R3.Corda: Executing EXECUTE database command: ALTER TABLE PUBLIC.node_info_hosts ADD CONSTRAINT node_info_hosts_pkey PRIMARY KEY (host, port)
14:02:17.418 [Test worker] INFO liquibase - master.changelog.json: migration/node-info.changelog-init.xml::1511451595465-35::R3.Corda: Primary key added to node_info_hosts (host, port)
14:02:17.418 [Test worker] INFO liquibase - master.changelog.json: migration/node-info.changelog-init.xml::1511451595465-35::R3.Corda: ChangeSet migration/node-info.changelog-init.xml::1511451595465-35::R3.Corda ran successfully in 18ms
14:02:17.420 [Test worker] DEBUG liquibase - master.changelog.json: migration/node-info.changelog-init.xml::1511451595465-35::R3.Corda: Executing EXECUTE database command: INSERT INTO PUBLIC.DATABASECHANGELOG (ID, AUTHOR, FILENAME, DATEEXECUTED, ORDEREXECUTED, MD5SUM, DESCRIPTION, COMMENTS, EXECTYPE, CONTEXTS, LABELS, LIQUIBASE, DEPLOYMENT_ID) VALUES ('1511451595465-35', 'R3.Corda', 'migration/node-info.changelog-init.xml', NOW(), 33, '7:5c8230d7f489b4b961c3b52b3335e5ff', 'addPrimaryKey constraintName=node_info_hosts_pkey, tableName=node_info_hosts', '', 'EXECUTED', NULL, NULL, '3.5.4', '0860137141')
14:02:17.421 [Test worker] DEBUG liquibase - master.changelog.json: migration/node-info.changelog-init.xml::1511451595465-36::R3.Corda: Running Changeset:migration/node-info.changelog-init.xml::1511451595465-36::R3.Corda
14:02:17.421 [Test worker] DEBUG liquibase - master.changelog.json: migration/node-info.changelog-init.xml::1511451595465-36::R3.Corda: Changeset migration/node-info.changelog-init.xml::1511451595465-36::R3.Corda
14:02:17.421 [Test worker] DEBUG liquibase - master.changelog.json: migration/node-info.changelog-init.xml::1511451595465-36::R3.Corda: Reading ChangeSet: migration/node-info.changelog-init.xml::1511451595465-36::R3.Corda
14:02:17.422 [Test worker] DEBUG liquibase - master.changelog.json: migration/node-info.changelog-init.xml::1511451595465-36::R3.Corda: Executing Statement: liquibase.statement.core.AddPrimaryKeyStatement@9a99429
14:02:17.422 [Test worker] DEBUG liquibase - master.changelog.json: migration/node-info.changelog-init.xml::1511451595465-36::R3.Corda: Executing EXECUTE database command: ALTER TABLE PUBLIC.node_info_party_cert ADD CONSTRAINT node_info_party_cert_pkey PRIMARY KEY (party_name)
14:02:17.424 [Test worker] INFO liquibase - master.changelog.json: migration/node-info.changelog-init.xml::1511451595465-36::R3.Corda: Primary key added to node_info_party_cert (party_name)
14:02:17.424 [Test worker] INFO liquibase - master.changelog.json: migration/node-info.changelog-init.xml::1511451595465-36::R3.Corda: ChangeSet migration/node-info.changelog-init.xml::1511451595465-36::R3.Corda ran successfully in 3ms
14:02:17.425 [Test worker] DEBUG liquibase - master.changelog.json: migration/node-info.changelog-init.xml::1511451595465-36::R3.Corda: Executing EXECUTE database command: INSERT INTO PUBLIC.DATABASECHANGELOG (ID, AUTHOR, FILENAME, DATEEXECUTED, ORDEREXECUTED, MD5SUM, DESCRIPTION, COMMENTS, EXECTYPE, CONTEXTS, LABELS, LIQUIBASE, DEPLOYMENT_ID) VALUES ('1511451595465-36', 'R3.Corda', 'migration/node-info.changelog-init.xml', NOW(), 34, '7:a4293247b9113bb0895d15e212ded67d', 'addPrimaryKey constraintName=node_info_party_cert_pkey, tableName=node_info_party_cert', '', 'EXECUTED', NULL, NULL, '3.5.4', '0860137141')
14:02:17.425 [Test worker] DEBUG liquibase - master.changelog.json: migration/node-info.changelog-init.xml::1511451595465-37::R3.Corda: Running Changeset:migration/node-info.changelog-init.xml::1511451595465-37::R3.Corda
14:02:17.425 [Test worker] DEBUG liquibase - master.changelog.json: migration/node-info.changelog-init.xml::1511451595465-37::R3.Corda: Changeset migration/node-info.changelog-init.xml::1511451595465-37::R3.Corda
14:02:17.426 [Test worker] DEBUG liquibase - master.changelog.json: migration/node-info.changelog-init.xml::1511451595465-37::R3.Corda: Reading ChangeSet: migration/node-info.changelog-init.xml::1511451595465-37::R3.Corda
14:02:17.426 [Test worker] DEBUG liquibase - master.changelog.json: migration/node-info.changelog-init.xml::1511451595465-37::R3.Corda: Executing Statement: liquibase.statement.core.AddPrimaryKeyStatement@4837ed3c
14:02:17.426 [Test worker] DEBUG liquibase - master.changelog.json: migration/node-info.changelog-init.xml::1511451595465-37::R3.Corda: Executing EXECUTE database command: ALTER TABLE PUBLIC.node_infos ADD CONSTRAINT node_infos_pkey PRIMARY KEY (node_info_id)
14:02:17.426 [Test worker] INFO liquibase - master.changelog.json: migration/node-info.changelog-init.xml::1511451595465-37::R3.Corda: Primary key added to node_infos (node_info_id)
14:02:17.426 [Test worker] INFO liquibase - master.changelog.json: migration/node-info.changelog-init.xml::1511451595465-37::R3.Corda: ChangeSet migration/node-info.changelog-init.xml::1511451595465-37::R3.Corda ran successfully in 1ms
14:02:17.427 [Test worker] DEBUG liquibase - master.changelog.json: migration/node-info.changelog-init.xml::1511451595465-37::R3.Corda: Executing EXECUTE database command: INSERT INTO PUBLIC.DATABASECHANGELOG (ID, AUTHOR, FILENAME, DATEEXECUTED, ORDEREXECUTED, MD5SUM, DESCRIPTION, COMMENTS, EXECTYPE, CONTEXTS, LABELS, LIQUIBASE, DEPLOYMENT_ID) VALUES ('1511451595465-37', 'R3.Corda', 'migration/node-info.changelog-init.xml', NOW(), 35, '7:3f7b9e25544e21798cc648d8ab2056b7', 'addPrimaryKey constraintName=node_infos_pkey, tableName=node_infos', '', 'EXECUTED', NULL, NULL, '3.5.4', '0860137141')
14:02:17.428 [Test worker] DEBUG liquibase - master.changelog.json: migration/node-info.changelog-init.xml::1511451595465-62::R3.Corda: Running Changeset:migration/node-info.changelog-init.xml::1511451595465-62::R3.Corda
14:02:17.428 [Test worker] DEBUG liquibase - master.changelog.json: migration/node-info.changelog-init.xml::1511451595465-62::R3.Corda: Changeset migration/node-info.changelog-init.xml::1511451595465-62::R3.Corda
14:02:17.428 [Test worker] DEBUG liquibase - master.changelog.json: migration/node-info.changelog-init.xml::1511451595465-62::R3.Corda: Reading ChangeSet: migration/node-info.changelog-init.xml::1511451595465-62::R3.Corda
14:02:17.428 [Test worker] DEBUG liquibase - master.changelog.json: migration/node-info.changelog-init.xml::1511451595465-62::R3.Corda: Executing Statement: liquibase.statement.core.AddForeignKeyConstraintStatement@3090ab50
14:02:17.428 [Test worker] DEBUG liquibase - master.changelog.json: migration/node-info.changelog-init.xml::1511451595465-62::R3.Corda: Executing EXECUTE database command: ALTER TABLE PUBLIC.node_link_nodeinfo_party ADD CONSTRAINT FK__link_nodeinfo_party__infos FOREIGN KEY (node_info_id) REFERENCES PUBLIC.node_infos (node_info_id)
14:02:17.429 [Test worker] INFO liquibase - master.changelog.json: migration/node-info.changelog-init.xml::1511451595465-62::R3.Corda: Foreign key constraint added to node_link_nodeinfo_party (node_info_id)
14:02:17.429 [Test worker] INFO liquibase - master.changelog.json: migration/node-info.changelog-init.xml::1511451595465-62::R3.Corda: ChangeSet migration/node-info.changelog-init.xml::1511451595465-62::R3.Corda ran successfully in 1ms
14:02:17.431 [Test worker] DEBUG liquibase - master.changelog.json: migration/node-info.changelog-init.xml::1511451595465-62::R3.Corda: Executing EXECUTE database command: INSERT INTO PUBLIC.DATABASECHANGELOG (ID, AUTHOR, FILENAME, DATEEXECUTED, ORDEREXECUTED, MD5SUM, DESCRIPTION, COMMENTS, EXECTYPE, CONTEXTS, LABELS, LIQUIBASE, DEPLOYMENT_ID) VALUES ('1511451595465-62', 'R3.Corda', 'migration/node-info.changelog-init.xml', NOW(), 36, '7:64add0a3b0350cfe6fa3de1428a38397', 'addForeignKeyConstraint baseTableName=node_link_nodeinfo_party, constraintName=FK__link_nodeinfo_party__infos, referencedTableName=node_infos', '', 'EXECUTED', NULL, NULL, '3.5.4', '0860137141')
14:02:17.431 [Test worker] DEBUG liquibase - master.changelog.json: migration/node-info.changelog-init.xml::1511451595465-63::R3.Corda: Running Changeset:migration/node-info.changelog-init.xml::1511451595465-63::R3.Corda
14:02:17.431 [Test worker] DEBUG liquibase - master.changelog.json: migration/node-info.changelog-init.xml::1511451595465-63::R3.Corda: Changeset migration/node-info.changelog-init.xml::1511451595465-63::R3.Corda
14:02:17.431 [Test worker] DEBUG liquibase - master.changelog.json: migration/node-info.changelog-init.xml::1511451595465-63::R3.Corda: Reading ChangeSet: migration/node-info.changelog-init.xml::1511451595465-63::R3.Corda
14:02:17.431 [Test worker] DEBUG liquibase - master.changelog.json: migration/node-info.changelog-init.xml::1511451595465-63::R3.Corda: Executing Statement: liquibase.statement.core.AddForeignKeyConstraintStatement@60dfb7e
14:02:17.431 [Test worker] DEBUG liquibase - master.changelog.json: migration/node-info.changelog-init.xml::1511451595465-63::R3.Corda: Executing EXECUTE database command: ALTER TABLE PUBLIC.node_info_hosts ADD CONSTRAINT FK__info_hosts__infos FOREIGN KEY (node_info_id) REFERENCES PUBLIC.node_infos (node_info_id)
14:02:17.432 [Test worker] INFO liquibase - master.changelog.json: migration/node-info.changelog-init.xml::1511451595465-63::R3.Corda: Foreign key constraint added to node_info_hosts (node_info_id)
14:02:17.432 [Test worker] INFO liquibase - master.changelog.json: migration/node-info.changelog-init.xml::1511451595465-63::R3.Corda: ChangeSet migration/node-info.changelog-init.xml::1511451595465-63::R3.Corda ran successfully in 1ms
14:02:17.434 [Test worker] DEBUG liquibase - master.changelog.json: migration/node-info.changelog-init.xml::1511451595465-63::R3.Corda: Executing EXECUTE database command: INSERT INTO PUBLIC.DATABASECHANGELOG (ID, AUTHOR, FILENAME, DATEEXECUTED, ORDEREXECUTED, MD5SUM, DESCRIPTION, COMMENTS, EXECTYPE, CONTEXTS, LABELS, LIQUIBASE, DEPLOYMENT_ID) VALUES ('1511451595465-63', 'R3.Corda', 'migration/node-info.changelog-init.xml', NOW(), 37, '7:6ea0c3bb234d14956401b6b281531832', 'addForeignKeyConstraint baseTableName=node_info_hosts, constraintName=FK__info_hosts__infos, referencedTableName=node_infos', '', 'EXECUTED', NULL, NULL, '3.5.4', '0860137141')
14:02:17.434 [Test worker] DEBUG liquibase - master.changelog.json: migration/node-info.changelog-init.xml::remove_host_port_pk::R3.Corda: Running Changeset:migration/node-info.changelog-init.xml::remove_host_port_pk::R3.Corda
14:02:17.434 [Test worker] DEBUG liquibase - master.changelog.json: migration/node-info.changelog-init.xml::remove_host_port_pk::R3.Corda: Changeset migration/node-info.changelog-init.xml::remove_host_port_pk::R3.Corda
14:02:17.434 [Test worker] DEBUG liquibase - master.changelog.json: migration/node-info.changelog-init.xml::remove_host_port_pk::R3.Corda: Reading ChangeSet: migration/node-info.changelog-init.xml::remove_host_port_pk::R3.Corda
14:02:17.434 [Test worker] DEBUG liquibase - master.changelog.json: migration/node-info.changelog-init.xml::remove_host_port_pk::R3.Corda: Executing Statement: liquibase.statement.core.DeleteStatement@fc50473
14:02:17.434 [Test worker] DEBUG liquibase - master.changelog.json: migration/node-info.changelog-init.xml::remove_host_port_pk::R3.Corda: Executing EXECUTE database command: DELETE FROM PUBLIC.node_infos
14:02:17.434 [Test worker] INFO liquibase - master.changelog.json: migration/node-info.changelog-init.xml::remove_host_port_pk::R3.Corda: Data deleted from node_infos
14:02:17.435 [Test worker] DEBUG liquibase - master.changelog.json: migration/node-info.changelog-init.xml::remove_host_port_pk::R3.Corda: Executing Statement: liquibase.statement.core.DeleteStatement@52b41d04
14:02:17.435 [Test worker] DEBUG liquibase - master.changelog.json: migration/node-info.changelog-init.xml::remove_host_port_pk::R3.Corda: Executing EXECUTE database command: DELETE FROM PUBLIC.node_link_nodeinfo_party
14:02:17.435 [Test worker] INFO liquibase - master.changelog.json: migration/node-info.changelog-init.xml::remove_host_port_pk::R3.Corda: Data deleted from node_link_nodeinfo_party
14:02:17.435 [Test worker] DEBUG liquibase - master.changelog.json: migration/node-info.changelog-init.xml::remove_host_port_pk::R3.Corda: Executing Statement: liquibase.statement.core.DeleteStatement@5aa55f46
14:02:17.435 [Test worker] DEBUG liquibase - master.changelog.json: migration/node-info.changelog-init.xml::remove_host_port_pk::R3.Corda: Executing EXECUTE database command: DELETE FROM PUBLIC.node_info_hosts
14:02:17.435 [Test worker] INFO liquibase - master.changelog.json: migration/node-info.changelog-init.xml::remove_host_port_pk::R3.Corda: Data deleted from node_info_hosts
14:02:17.435 [Test worker] DEBUG liquibase - master.changelog.json: migration/node-info.changelog-init.xml::remove_host_port_pk::R3.Corda: Executing Statement: liquibase.statement.core.DeleteStatement@1a23daf4
14:02:17.435 [Test worker] DEBUG liquibase - master.changelog.json: migration/node-info.changelog-init.xml::remove_host_port_pk::R3.Corda: Executing EXECUTE database command: DELETE FROM PUBLIC.node_info_party_cert
14:02:17.435 [Test worker] INFO liquibase - master.changelog.json: migration/node-info.changelog-init.xml::remove_host_port_pk::R3.Corda: Data deleted from node_info_party_cert
14:02:17.435 [Test worker] DEBUG liquibase - master.changelog.json: migration/node-info.changelog-init.xml::remove_host_port_pk::R3.Corda: Executing Statement: liquibase.statement.core.DropPrimaryKeyStatement@3d62b35f
14:02:17.435 [Test worker] DEBUG liquibase - master.changelog.json: migration/node-info.changelog-init.xml::remove_host_port_pk::R3.Corda: Executing EXECUTE database command: ALTER TABLE PUBLIC.node_info_hosts DROP PRIMARY KEY
14:02:17.436 [Test worker] INFO liquibase - master.changelog.json: migration/node-info.changelog-init.xml::remove_host_port_pk::R3.Corda: Primary key dropped from node_info_hosts
14:02:17.436 [Test worker] DEBUG liquibase - master.changelog.json: migration/node-info.changelog-init.xml::remove_host_port_pk::R3.Corda: Executing Statement: liquibase.statement.core.AddColumnStatement@3a082439
14:02:17.436 [Test worker] DEBUG liquibase - master.changelog.json: migration/node-info.changelog-init.xml::remove_host_port_pk::R3.Corda: Executing EXECUTE database command: ALTER TABLE PUBLIC.node_info_hosts ADD hosts_id INT NOT NULL
14:02:17.438 [Test worker] INFO liquibase - master.changelog.json: migration/node-info.changelog-init.xml::remove_host_port_pk::R3.Corda: Columns hosts_id(INT) added to node_info_hosts
14:02:17.438 [Test worker] DEBUG liquibase - master.changelog.json: migration/node-info.changelog-init.xml::remove_host_port_pk::R3.Corda: Executing Statement: liquibase.statement.core.AddPrimaryKeyStatement@4ca7bc14
14:02:17.439 [Test worker] DEBUG liquibase - master.changelog.json: migration/node-info.changelog-init.xml::remove_host_port_pk::R3.Corda: Executing EXECUTE database command: ALTER TABLE PUBLIC.node_info_hosts ADD CONSTRAINT node_info_hosts_pkey_id PRIMARY KEY (hosts_id)
14:02:17.439 [Test worker] INFO liquibase - master.changelog.json: migration/node-info.changelog-init.xml::remove_host_port_pk::R3.Corda: Primary key added to node_info_hosts (hosts_id)
14:02:17.439 [Test worker] INFO liquibase - master.changelog.json: migration/node-info.changelog-init.xml::remove_host_port_pk::R3.Corda: ChangeSet migration/node-info.changelog-init.xml::remove_host_port_pk::R3.Corda ran successfully in 5ms
14:02:17.474 [Test worker] DEBUG liquibase - master.changelog.json: migration/node-info.changelog-init.xml::remove_host_port_pk::R3.Corda: Executing EXECUTE database command: INSERT INTO PUBLIC.DATABASECHANGELOG (ID, AUTHOR, FILENAME, DATEEXECUTED, ORDEREXECUTED, MD5SUM, DESCRIPTION, COMMENTS, EXECTYPE, CONTEXTS, LABELS, LIQUIBASE, DEPLOYMENT_ID) VALUES ('remove_host_port_pk', 'R3.Corda', 'migration/node-info.changelog-init.xml', NOW(), 38, '7:cb733f12ced82860fd296bb0c94c5072', 'delete tableName=node_infos; delete tableName=node_link_nodeinfo_party; delete tableName=node_info_hosts; delete tableName=node_info_party_cert; dropPrimaryKey constraintName=node_info_hosts_pkey, tableName=node_info_hosts; addColumn tableName=nod...', '', 'EXECUTED', NULL, NULL, '3.5.4', '0860137141')
14:02:17.475 [Test worker] DEBUG liquibase - master.changelog.json: migration/node-info.changelog-v1.xml::key/value node properties table::R3.Corda: Running Changeset:migration/node-info.changelog-v1.xml::key/value node properties table::R3.Corda
14:02:17.475 [Test worker] DEBUG liquibase - master.changelog.json: migration/node-info.changelog-v1.xml::key/value node properties table::R3.Corda: Changeset migration/node-info.changelog-v1.xml::key/value node properties table::R3.Corda
14:02:17.475 [Test worker] DEBUG liquibase - master.changelog.json: migration/node-info.changelog-v1.xml::key/value node properties table::R3.Corda: Reading ChangeSet: migration/node-info.changelog-v1.xml::key/value node properties table::R3.Corda
14:02:17.476 [Test worker] DEBUG liquibase - master.changelog.json: migration/node-info.changelog-v1.xml::key/value node properties table::R3.Corda: Executing Statement: liquibase.statement.core.CreateTableStatement@600bae3f
14:02:17.476 [Test worker] DEBUG liquibase - master.changelog.json: migration/node-info.changelog-v1.xml::key/value node properties table::R3.Corda: Executing EXECUTE database command: CREATE TABLE PUBLIC.node_properties (property_key NVARCHAR(255) NOT NULL, property_value NVARCHAR(255))
14:02:17.476 [Test worker] INFO liquibase - master.changelog.json: migration/node-info.changelog-v1.xml::key/value node properties table::R3.Corda: Table node_properties created
14:02:17.476 [Test worker] INFO liquibase - master.changelog.json: migration/node-info.changelog-v1.xml::key/value node properties table::R3.Corda: ChangeSet migration/node-info.changelog-v1.xml::key/value node properties table::R3.Corda ran successfully in 1ms
14:02:17.478 [Test worker] DEBUG liquibase - master.changelog.json: migration/node-info.changelog-v1.xml::key/value node properties table::R3.Corda: Executing EXECUTE database command: INSERT INTO PUBLIC.DATABASECHANGELOG (ID, AUTHOR, FILENAME, DATEEXECUTED, ORDEREXECUTED, MD5SUM, DESCRIPTION, COMMENTS, EXECTYPE, CONTEXTS, LABELS, LIQUIBASE, DEPLOYMENT_ID) VALUES ('key/value node properties table', 'R3.Corda', 'migration/node-info.changelog-v1.xml', NOW(), 39, '7:05241b402dd60a4e1eeb86ad6c5eff9e', 'createTable tableName=node_properties', '', 'EXECUTED', NULL, NULL, '3.5.4', '0860137141')
14:02:17.478 [Test worker] DEBUG liquibase - master.changelog.json: migration/node-info.changelog-v2.xml::1525962920::R3.Corda: Running Changeset:migration/node-info.changelog-v2.xml::1525962920::R3.Corda
14:02:17.478 [Test worker] DEBUG liquibase - master.changelog.json: migration/node-info.changelog-v2.xml::1525962920::R3.Corda: Changeset migration/node-info.changelog-v2.xml::1525962920::R3.Corda
14:02:17.479 [Test worker] DEBUG liquibase - master.changelog.json: migration/node-info.changelog-v2.xml::1525962920::R3.Corda: Reading ChangeSet: migration/node-info.changelog-v2.xml::1525962920::R3.Corda
14:02:17.479 [Test worker] DEBUG liquibase - master.changelog.json: migration/node-info.changelog-v2.xml::1525962920::R3.Corda: Executing Statement: liquibase.statement.core.SetNullableStatement@4037b4
14:02:17.479 [Test worker] DEBUG liquibase - master.changelog.json: migration/node-info.changelog-v2.xml::1525962920::R3.Corda: Executing EXECUTE database command: ALTER TABLE PUBLIC.node_infos ALTER COLUMN node_info_hash SET NOT NULL
14:02:17.481 [Test worker] INFO liquibase - master.changelog.json: migration/node-info.changelog-v2.xml::1525962920::R3.Corda: Null constraint has been added to node_infos.node_info_hash
14:02:17.481 [Test worker] DEBUG liquibase - master.changelog.json: migration/node-info.changelog-v2.xml::1525962920::R3.Corda: Executing Statement: liquibase.statement.core.SetNullableStatement@44fef28
14:02:17.481 [Test worker] DEBUG liquibase - master.changelog.json: migration/node-info.changelog-v2.xml::1525962920::R3.Corda: Executing EXECUTE database command: ALTER TABLE PUBLIC.node_infos ALTER COLUMN platform_version SET NOT NULL
14:02:17.482 [Test worker] INFO liquibase - master.changelog.json: migration/node-info.changelog-v2.xml::1525962920::R3.Corda: Null constraint has been added to node_infos.platform_version
14:02:17.482 [Test worker] DEBUG liquibase - master.changelog.json: migration/node-info.changelog-v2.xml::1525962920::R3.Corda: Executing Statement: liquibase.statement.core.SetNullableStatement@10e1dbcc
14:02:17.482 [Test worker] DEBUG liquibase - master.changelog.json: migration/node-info.changelog-v2.xml::1525962920::R3.Corda: Executing EXECUTE database command: ALTER TABLE PUBLIC.node_infos ALTER COLUMN serial SET NOT NULL
14:02:17.483 [Test worker] INFO liquibase - master.changelog.json: migration/node-info.changelog-v2.xml::1525962920::R3.Corda: Null constraint has been added to node_infos.serial
14:02:17.483 [Test worker] DEBUG liquibase - master.changelog.json: migration/node-info.changelog-v2.xml::1525962920::R3.Corda: Executing Statement: liquibase.statement.core.SetNullableStatement@273dd45b
14:02:17.483 [Test worker] DEBUG liquibase - master.changelog.json: migration/node-info.changelog-v2.xml::1525962920::R3.Corda: Executing EXECUTE database command: ALTER TABLE PUBLIC.node_info_hosts ALTER COLUMN host SET NULL
14:02:17.483 [Test worker] INFO liquibase - master.changelog.json: migration/node-info.changelog-v2.xml::1525962920::R3.Corda: Null constraint dropped from node_info_hosts.host
14:02:17.484 [Test worker] DEBUG liquibase - master.changelog.json: migration/node-info.changelog-v2.xml::1525962920::R3.Corda: Executing Statement: liquibase.statement.core.SetNullableStatement@5bc28033
14:02:17.484 [Test worker] DEBUG liquibase - master.changelog.json: migration/node-info.changelog-v2.xml::1525962920::R3.Corda: Executing EXECUTE database command: ALTER TABLE PUBLIC.node_info_hosts ALTER COLUMN port SET NULL
14:02:17.484 [Test worker] INFO liquibase - master.changelog.json: migration/node-info.changelog-v2.xml::1525962920::R3.Corda: Null constraint dropped from node_info_hosts.port
14:02:17.484 [Test worker] DEBUG liquibase - master.changelog.json: migration/node-info.changelog-v2.xml::1525962920::R3.Corda: Executing Statement: liquibase.statement.core.SetNullableStatement@45631f3c
14:02:17.484 [Test worker] DEBUG liquibase - master.changelog.json: migration/node-info.changelog-v2.xml::1525962920::R3.Corda: Executing EXECUTE database command: ALTER TABLE PUBLIC.node_info_party_cert ALTER COLUMN owning_key_hash SET NOT NULL
14:02:17.484 [Test worker] INFO liquibase - master.changelog.json: migration/node-info.changelog-v2.xml::1525962920::R3.Corda: Null constraint has been added to node_info_party_cert.owning_key_hash
14:02:17.485 [Test worker] DEBUG liquibase - master.changelog.json: migration/node-info.changelog-v2.xml::1525962920::R3.Corda: Executing Statement: liquibase.statement.core.SetNullableStatement@522983ac
14:02:17.486 [Test worker] DEBUG liquibase - master.changelog.json: migration/node-info.changelog-v2.xml::1525962920::R3.Corda: Executing EXECUTE database command: ALTER TABLE PUBLIC.node_info_party_cert ALTER COLUMN party_cert_binary SET NOT NULL
14:02:17.487 [Test worker] INFO liquibase - master.changelog.json: migration/node-info.changelog-v2.xml::1525962920::R3.Corda: Null constraint has been added to node_info_party_cert.party_cert_binary
14:02:17.487 [Test worker] INFO liquibase - master.changelog.json: migration/node-info.changelog-v2.xml::1525962920::R3.Corda: ChangeSet migration/node-info.changelog-v2.xml::1525962920::R3.Corda ran successfully in 9ms
14:02:17.489 [Test worker] DEBUG liquibase - master.changelog.json: migration/node-info.changelog-v2.xml::1525962920::R3.Corda: Executing EXECUTE database command: INSERT INTO PUBLIC.DATABASECHANGELOG (ID, AUTHOR, FILENAME, DATEEXECUTED, ORDEREXECUTED, MD5SUM, DESCRIPTION, COMMENTS, EXECTYPE, CONTEXTS, LABELS, LIQUIBASE, DEPLOYMENT_ID) VALUES ('1525962920', 'R3.Corda', 'migration/node-info.changelog-v2.xml', NOW(), 40, '7:c3fd83668d5ed4acdefcad3f90944935', 'addNotNullConstraint columnName=node_info_hash, tableName=node_infos; addNotNullConstraint columnName=platform_version, tableName=node_infos; addNotNullConstraint columnName=serial, tableName=node_infos; dropNotNullConstraint columnName=host, tabl...', '', 'EXECUTED', NULL, NULL, '3.5.4', '0860137141')
14:02:17.490 [Test worker] DEBUG liquibase - master.changelog.json: migration/node-info.changelog-v3.xml::column_host_name::R3.Corda: Running Changeset:migration/node-info.changelog-v3.xml::column_host_name::R3.Corda
14:02:17.490 [Test worker] DEBUG liquibase - master.changelog.json: migration/node-info.changelog-v3.xml::column_host_name::R3.Corda: Changeset migration/node-info.changelog-v3.xml::column_host_name::R3.Corda
14:02:17.491 [Test worker] DEBUG liquibase - master.changelog.json: migration/node-info.changelog-v3.xml::column_host_name::R3.Corda: Reading ChangeSet: migration/node-info.changelog-v3.xml::column_host_name::R3.Corda
14:02:17.491 [Test worker] DEBUG liquibase - master.changelog.json: migration/node-info.changelog-v3.xml::column_host_name::R3.Corda: Executing Statement: liquibase.statement.core.RenameColumnStatement@7f4d0693
14:02:17.491 [Test worker] DEBUG liquibase - master.changelog.json: migration/node-info.changelog-v3.xml::column_host_name::R3.Corda: Executing EXECUTE database command: ALTER TABLE PUBLIC.node_info_hosts ALTER COLUMN host RENAME TO host_name
14:02:17.492 [Test worker] INFO liquibase - master.changelog.json: migration/node-info.changelog-v3.xml::column_host_name::R3.Corda: Column node_info_hosts.host renamed to host_name
14:02:17.492 [Test worker] INFO liquibase - master.changelog.json: migration/node-info.changelog-v3.xml::column_host_name::R3.Corda: ChangeSet migration/node-info.changelog-v3.xml::column_host_name::R3.Corda ran successfully in 2ms
14:02:17.493 [Test worker] DEBUG liquibase - master.changelog.json: migration/node-info.changelog-v3.xml::column_host_name::R3.Corda: Executing EXECUTE database command: INSERT INTO PUBLIC.DATABASECHANGELOG (ID, AUTHOR, FILENAME, DATEEXECUTED, ORDEREXECUTED, MD5SUM, DESCRIPTION, COMMENTS, EXECTYPE, CONTEXTS, LABELS, LIQUIBASE, DEPLOYMENT_ID) VALUES ('column_host_name', 'R3.Corda', 'migration/node-info.changelog-v3.xml', NOW(), 41, '7:fc4ceb3b82e44070da1fff49a7b5cccb', 'renameColumn newColumnName=host_name, oldColumnName=host, tableName=node_info_hosts', '', 'EXECUTED', NULL, NULL, '3.5.4', '0860137141')
14:02:17.493 [Test worker] DEBUG liquibase - master.changelog.json: migration/node-services.changelog-init.xml::1511451595465-5::R3.Corda: Running Changeset:migration/node-services.changelog-init.xml::1511451595465-5::R3.Corda
14:02:17.493 [Test worker] DEBUG liquibase - master.changelog.json: migration/node-services.changelog-init.xml::1511451595465-5::R3.Corda: Changeset migration/node-services.changelog-init.xml::1511451595465-5::R3.Corda
14:02:17.495 [Test worker] DEBUG liquibase - master.changelog.json: migration/node-services.changelog-init.xml::1511451595465-5::R3.Corda: Reading ChangeSet: migration/node-services.changelog-init.xml::1511451595465-5::R3.Corda
14:02:17.497 [Test worker] DEBUG liquibase - master.changelog.json: migration/node-services.changelog-init.xml::1511451595465-5::R3.Corda: Executing Statement: liquibase.statement.core.CreateTableStatement@33971e4
14:02:17.497 [Test worker] DEBUG liquibase - master.changelog.json: migration/node-services.changelog-init.xml::1511451595465-5::R3.Corda: Executing EXECUTE database command: CREATE TABLE PUBLIC.node_attachments (att_id NVARCHAR(255) NOT NULL, content BLOB, filename NVARCHAR(255), insertion_date TIMESTAMP NOT NULL, uploader NVARCHAR(255))
14:02:17.497 [Test worker] INFO liquibase - master.changelog.json: migration/node-services.changelog-init.xml::1511451595465-5::R3.Corda: Table node_attachments created
14:02:17.497 [Test worker] INFO liquibase - master.changelog.json: migration/node-services.changelog-init.xml::1511451595465-5::R3.Corda: ChangeSet migration/node-services.changelog-init.xml::1511451595465-5::R3.Corda ran successfully in 4ms
14:02:17.498 [Test worker] DEBUG liquibase - master.changelog.json: migration/node-services.changelog-init.xml::1511451595465-5::R3.Corda: Executing EXECUTE database command: INSERT INTO PUBLIC.DATABASECHANGELOG (ID, AUTHOR, FILENAME, DATEEXECUTED, ORDEREXECUTED, MD5SUM, DESCRIPTION, COMMENTS, EXECTYPE, CONTEXTS, LABELS, LIQUIBASE, DEPLOYMENT_ID) VALUES ('1511451595465-5', 'R3.Corda', 'migration/node-services.changelog-init.xml', NOW(), 42, '7:464a5bbaf24fe78716c38c544dc81f3c', 'createTable tableName=node_attachments', '', 'EXECUTED', NULL, NULL, '3.5.4', '0860137141')
14:02:17.499 [Test worker] DEBUG liquibase - master.changelog.json: migration/node-services.changelog-init.xml::1511451595465-7::R3.Corda: Running Changeset:migration/node-services.changelog-init.xml::1511451595465-7::R3.Corda
14:02:17.499 [Test worker] DEBUG liquibase - master.changelog.json: migration/node-services.changelog-init.xml::1511451595465-7::R3.Corda: Changeset migration/node-services.changelog-init.xml::1511451595465-7::R3.Corda
14:02:17.499 [Test worker] DEBUG liquibase - master.changelog.json: migration/node-services.changelog-init.xml::1511451595465-7::R3.Corda: Reading ChangeSet: migration/node-services.changelog-init.xml::1511451595465-7::R3.Corda
14:02:17.499 [Test worker] DEBUG liquibase - master.changelog.json: migration/node-services.changelog-init.xml::1511451595465-7::R3.Corda: Executing Statement: liquibase.statement.core.CreateTableStatement@3c1a7a9d
14:02:17.499 [Test worker] DEBUG liquibase - master.changelog.json: migration/node-services.changelog-init.xml::1511451595465-7::R3.Corda: Executing EXECUTE database command: CREATE TABLE PUBLIC.node_checkpoints (checkpoint_id NVARCHAR(64) NOT NULL, checkpoint_value BLOB)
14:02:17.499 [Test worker] INFO liquibase - master.changelog.json: migration/node-services.changelog-init.xml::1511451595465-7::R3.Corda: Table node_checkpoints created
14:02:17.499 [Test worker] INFO liquibase - master.changelog.json: migration/node-services.changelog-init.xml::1511451595465-7::R3.Corda: ChangeSet migration/node-services.changelog-init.xml::1511451595465-7::R3.Corda ran successfully in 0ms
14:02:17.509 [Test worker] DEBUG liquibase - master.changelog.json: migration/node-services.changelog-init.xml::1511451595465-7::R3.Corda: Executing EXECUTE database command: INSERT INTO PUBLIC.DATABASECHANGELOG (ID, AUTHOR, FILENAME, DATEEXECUTED, ORDEREXECUTED, MD5SUM, DESCRIPTION, COMMENTS, EXECTYPE, CONTEXTS, LABELS, LIQUIBASE, DEPLOYMENT_ID) VALUES ('1511451595465-7', 'R3.Corda', 'migration/node-services.changelog-init.xml', NOW(), 43, '7:2870aa3a468e81bab1cd24ac70ca2163', 'createTable tableName=node_checkpoints', '', 'EXECUTED', NULL, NULL, '3.5.4', '0860137141')
14:02:17.510 [Test worker] DEBUG liquibase - master.changelog.json: migration/node-services.changelog-init.xml::1511451595465-8::R3.Corda: Running Changeset:migration/node-services.changelog-init.xml::1511451595465-8::R3.Corda
14:02:17.510 [Test worker] DEBUG liquibase - master.changelog.json: migration/node-services.changelog-init.xml::1511451595465-8::R3.Corda: Changeset migration/node-services.changelog-init.xml::1511451595465-8::R3.Corda
14:02:17.510 [Test worker] DEBUG liquibase - master.changelog.json: migration/node-services.changelog-init.xml::1511451595465-8::R3.Corda: Reading ChangeSet: migration/node-services.changelog-init.xml::1511451595465-8::R3.Corda
14:02:17.510 [Test worker] DEBUG liquibase - master.changelog.json: migration/node-services.changelog-init.xml::1511451595465-8::R3.Corda: Executing Statement: liquibase.statement.core.CreateTableStatement@76c1b243
14:02:17.510 [Test worker] DEBUG liquibase - master.changelog.json: migration/node-services.changelog-init.xml::1511451595465-8::R3.Corda: Executing EXECUTE database command: CREATE TABLE PUBLIC.node_contract_upgrades (state_ref NVARCHAR(96) NOT NULL, contract_class_name NVARCHAR(255))
14:02:17.511 [Test worker] INFO liquibase - master.changelog.json: migration/node-services.changelog-init.xml::1511451595465-8::R3.Corda: Table node_contract_upgrades created
14:02:17.511 [Test worker] INFO liquibase - master.changelog.json: migration/node-services.changelog-init.xml::1511451595465-8::R3.Corda: ChangeSet migration/node-services.changelog-init.xml::1511451595465-8::R3.Corda ran successfully in 1ms
14:02:17.513 [Test worker] DEBUG liquibase - master.changelog.json: migration/node-services.changelog-init.xml::1511451595465-8::R3.Corda: Executing EXECUTE database command: INSERT INTO PUBLIC.DATABASECHANGELOG (ID, AUTHOR, FILENAME, DATEEXECUTED, ORDEREXECUTED, MD5SUM, DESCRIPTION, COMMENTS, EXECTYPE, CONTEXTS, LABELS, LIQUIBASE, DEPLOYMENT_ID) VALUES ('1511451595465-8', 'R3.Corda', 'migration/node-services.changelog-init.xml', NOW(), 44, '7:bf156b1c48e915e7d8090d5162e31c02', 'createTable tableName=node_contract_upgrades', '', 'EXECUTED', NULL, NULL, '3.5.4', '0860137141')
14:02:17.514 [Test worker] DEBUG liquibase - master.changelog.json: migration/node-services.changelog-init.xml::1511451595465-9::R3.Corda: Running Changeset:migration/node-services.changelog-init.xml::1511451595465-9::R3.Corda
14:02:17.514 [Test worker] DEBUG liquibase - master.changelog.json: migration/node-services.changelog-init.xml::1511451595465-9::R3.Corda: Changeset migration/node-services.changelog-init.xml::1511451595465-9::R3.Corda
14:02:17.514 [Test worker] DEBUG liquibase - master.changelog.json: migration/node-services.changelog-init.xml::1511451595465-9::R3.Corda: Reading ChangeSet: migration/node-services.changelog-init.xml::1511451595465-9::R3.Corda
14:02:17.515 [Test worker] DEBUG liquibase - master.changelog.json: migration/node-services.changelog-init.xml::1511451595465-9::R3.Corda: Executing Statement: liquibase.statement.core.CreateTableStatement@52bf53c3
14:02:17.515 [Test worker] DEBUG liquibase - master.changelog.json: migration/node-services.changelog-init.xml::1511451595465-9::R3.Corda: Executing EXECUTE database command: CREATE TABLE PUBLIC.node_identities (pk_hash NVARCHAR(130) NOT NULL, identity_value BLOB)
14:02:17.515 [Test worker] INFO liquibase - master.changelog.json: migration/node-services.changelog-init.xml::1511451595465-9::R3.Corda: Table node_identities created
14:02:17.515 [Test worker] INFO liquibase - master.changelog.json: migration/node-services.changelog-init.xml::1511451595465-9::R3.Corda: ChangeSet migration/node-services.changelog-init.xml::1511451595465-9::R3.Corda ran successfully in 1ms
14:02:17.516 [Test worker] DEBUG liquibase - master.changelog.json: migration/node-services.changelog-init.xml::1511451595465-9::R3.Corda: Executing EXECUTE database command: INSERT INTO PUBLIC.DATABASECHANGELOG (ID, AUTHOR, FILENAME, DATEEXECUTED, ORDEREXECUTED, MD5SUM, DESCRIPTION, COMMENTS, EXECTYPE, CONTEXTS, LABELS, LIQUIBASE, DEPLOYMENT_ID) VALUES ('1511451595465-9', 'R3.Corda', 'migration/node-services.changelog-init.xml', NOW(), 45, '7:ea04cf1cc4ea1112c4cbbf932bc51c56', 'createTable tableName=node_identities', '', 'EXECUTED', NULL, NULL, '3.5.4', '0860137141')
14:02:17.517 [Test worker] DEBUG liquibase - master.changelog.json: migration/node-services.changelog-init.xml::1511451595465-13::R3.Corda: Running Changeset:migration/node-services.changelog-init.xml::1511451595465-13::R3.Corda
14:02:17.517 [Test worker] DEBUG liquibase - master.changelog.json: migration/node-services.changelog-init.xml::1511451595465-13::R3.Corda: Changeset migration/node-services.changelog-init.xml::1511451595465-13::R3.Corda
14:02:17.517 [Test worker] DEBUG liquibase - master.changelog.json: migration/node-services.changelog-init.xml::1511451595465-13::R3.Corda: Reading ChangeSet: migration/node-services.changelog-init.xml::1511451595465-13::R3.Corda
14:02:17.517 [Test worker] DEBUG liquibase - master.changelog.json: migration/node-services.changelog-init.xml::1511451595465-13::R3.Corda: Executing Statement: liquibase.statement.core.CreateTableStatement@367a36f8
14:02:17.517 [Test worker] DEBUG liquibase - master.changelog.json: migration/node-services.changelog-init.xml::1511451595465-13::R3.Corda: Executing EXECUTE database command: CREATE TABLE PUBLIC.node_message_ids (message_id NVARCHAR(64) NOT NULL, insertion_time TIMESTAMP)
14:02:17.518 [Test worker] INFO liquibase - master.changelog.json: migration/node-services.changelog-init.xml::1511451595465-13::R3.Corda: Table node_message_ids created
14:02:17.518 [Test worker] INFO liquibase - master.changelog.json: migration/node-services.changelog-init.xml::1511451595465-13::R3.Corda: ChangeSet migration/node-services.changelog-init.xml::1511451595465-13::R3.Corda ran successfully in 1ms
14:02:17.519 [Test worker] DEBUG liquibase - master.changelog.json: migration/node-services.changelog-init.xml::1511451595465-13::R3.Corda: Executing EXECUTE database command: INSERT INTO PUBLIC.DATABASECHANGELOG (ID, AUTHOR, FILENAME, DATEEXECUTED, ORDEREXECUTED, MD5SUM, DESCRIPTION, COMMENTS, EXECTYPE, CONTEXTS, LABELS, LIQUIBASE, DEPLOYMENT_ID) VALUES ('1511451595465-13', 'R3.Corda', 'migration/node-services.changelog-init.xml', NOW(), 46, '7:340ca6c0b7c87b663b0449535b082f80', 'createTable tableName=node_message_ids', '', 'EXECUTED', NULL, NULL, '3.5.4', '0860137141')
14:02:17.520 [Test worker] DEBUG liquibase - master.changelog.json: migration/node-services.changelog-init.xml::1511451595465-14::R3.Corda: Running Changeset:migration/node-services.changelog-init.xml::1511451595465-14::R3.Corda
14:02:17.520 [Test worker] DEBUG liquibase - master.changelog.json: migration/node-services.changelog-init.xml::1511451595465-14::R3.Corda: Changeset migration/node-services.changelog-init.xml::1511451595465-14::R3.Corda
14:02:17.520 [Test worker] DEBUG liquibase - master.changelog.json: migration/node-services.changelog-init.xml::1511451595465-14::R3.Corda: Reading ChangeSet: migration/node-services.changelog-init.xml::1511451595465-14::R3.Corda
14:02:17.520 [Test worker] DEBUG liquibase - master.changelog.json: migration/node-services.changelog-init.xml::1511451595465-14::R3.Corda: Executing Statement: liquibase.statement.core.CreateTableStatement@7ca29e
14:02:17.520 [Test worker] DEBUG liquibase - master.changelog.json: migration/node-services.changelog-init.xml::1511451595465-14::R3.Corda: Executing EXECUTE database command: CREATE TABLE PUBLIC.node_message_retry (message_id BIGINT NOT NULL, message BLOB, recipients BLOB)
14:02:17.520 [Test worker] INFO liquibase - master.changelog.json: migration/node-services.changelog-init.xml::1511451595465-14::R3.Corda: Table node_message_retry created
14:02:17.520 [Test worker] INFO liquibase - master.changelog.json: migration/node-services.changelog-init.xml::1511451595465-14::R3.Corda: ChangeSet migration/node-services.changelog-init.xml::1511451595465-14::R3.Corda ran successfully in 0ms
14:02:17.521 [Test worker] DEBUG liquibase - master.changelog.json: migration/node-services.changelog-init.xml::1511451595465-14::R3.Corda: Executing EXECUTE database command: INSERT INTO PUBLIC.DATABASECHANGELOG (ID, AUTHOR, FILENAME, DATEEXECUTED, ORDEREXECUTED, MD5SUM, DESCRIPTION, COMMENTS, EXECTYPE, CONTEXTS, LABELS, LIQUIBASE, DEPLOYMENT_ID) VALUES ('1511451595465-14', 'R3.Corda', 'migration/node-services.changelog-init.xml', NOW(), 47, '7:1dc64c73807569fb04c10a9b2d760ff0', 'createTable tableName=node_message_retry', '', 'EXECUTED', NULL, NULL, '3.5.4', '0860137141')
14:02:17.522 [Test worker] DEBUG liquibase - master.changelog.json: migration/node-services.changelog-init.xml::1511451595465-15::R3.Corda: Running Changeset:migration/node-services.changelog-init.xml::1511451595465-15::R3.Corda
14:02:17.522 [Test worker] DEBUG liquibase - master.changelog.json: migration/node-services.changelog-init.xml::1511451595465-15::R3.Corda: Changeset migration/node-services.changelog-init.xml::1511451595465-15::R3.Corda
14:02:17.522 [Test worker] DEBUG liquibase - master.changelog.json: migration/node-services.changelog-init.xml::1511451595465-15::R3.Corda: Reading ChangeSet: migration/node-services.changelog-init.xml::1511451595465-15::R3.Corda
14:02:17.522 [Test worker] DEBUG liquibase - master.changelog.json: migration/node-services.changelog-init.xml::1511451595465-15::R3.Corda: Executing Statement: liquibase.statement.core.CreateTableStatement@563ca393
14:02:17.522 [Test worker] DEBUG liquibase - master.changelog.json: migration/node-services.changelog-init.xml::1511451595465-15::R3.Corda: Executing EXECUTE database command: CREATE TABLE PUBLIC.node_named_identities (name NVARCHAR(128) NOT NULL, pk_hash NVARCHAR(130))
14:02:17.522 [Test worker] INFO liquibase - master.changelog.json: migration/node-services.changelog-init.xml::1511451595465-15::R3.Corda: Table node_named_identities created
14:02:17.522 [Test worker] INFO liquibase - master.changelog.json: migration/node-services.changelog-init.xml::1511451595465-15::R3.Corda: ChangeSet migration/node-services.changelog-init.xml::1511451595465-15::R3.Corda ran successfully in 0ms
14:02:17.523 [Test worker] DEBUG liquibase - master.changelog.json: migration/node-services.changelog-init.xml::1511451595465-15::R3.Corda: Executing EXECUTE database command: INSERT INTO PUBLIC.DATABASECHANGELOG (ID, AUTHOR, FILENAME, DATEEXECUTED, ORDEREXECUTED, MD5SUM, DESCRIPTION, COMMENTS, EXECTYPE, CONTEXTS, LABELS, LIQUIBASE, DEPLOYMENT_ID) VALUES ('1511451595465-15', 'R3.Corda', 'migration/node-services.changelog-init.xml', NOW(), 48, '7:108b7d395f7fb3cfc8ce4e364c4008a5', 'createTable tableName=node_named_identities', '', 'EXECUTED', NULL, NULL, '3.5.4', '0860137141')
14:02:17.524 [Test worker] DEBUG liquibase - master.changelog.json: migration/node-services.changelog-init.xml::1511451595465-17::R3.Corda: Running Changeset:migration/node-services.changelog-init.xml::1511451595465-17::R3.Corda
14:02:17.524 [Test worker] DEBUG liquibase - master.changelog.json: migration/node-services.changelog-init.xml::1511451595465-17::R3.Corda: Changeset migration/node-services.changelog-init.xml::1511451595465-17::R3.Corda
14:02:17.524 [Test worker] DEBUG liquibase - master.changelog.json: migration/node-services.changelog-init.xml::1511451595465-17::R3.Corda: Reading ChangeSet: migration/node-services.changelog-init.xml::1511451595465-17::R3.Corda
14:02:17.524 [Test worker] DEBUG liquibase - master.changelog.json: migration/node-services.changelog-init.xml::1511451595465-17::R3.Corda: Executing Statement: liquibase.statement.core.CreateTableStatement@74f1b429
14:02:17.524 [Test worker] DEBUG liquibase - master.changelog.json: migration/node-services.changelog-init.xml::1511451595465-17::R3.Corda: Executing EXECUTE database command: CREATE TABLE PUBLIC.node_our_key_pairs (public_key_hash NVARCHAR(130) NOT NULL, private_key BLOB, public_key BLOB)
14:02:17.525 [Test worker] INFO liquibase - master.changelog.json: migration/node-services.changelog-init.xml::1511451595465-17::R3.Corda: Table node_our_key_pairs created
14:02:17.525 [Test worker] INFO liquibase - master.changelog.json: migration/node-services.changelog-init.xml::1511451595465-17::R3.Corda: ChangeSet migration/node-services.changelog-init.xml::1511451595465-17::R3.Corda ran successfully in 1ms
14:02:17.564 [Test worker] DEBUG liquibase - master.changelog.json: migration/node-services.changelog-init.xml::1511451595465-17::R3.Corda: Executing EXECUTE database command: INSERT INTO PUBLIC.DATABASECHANGELOG (ID, AUTHOR, FILENAME, DATEEXECUTED, ORDEREXECUTED, MD5SUM, DESCRIPTION, COMMENTS, EXECTYPE, CONTEXTS, LABELS, LIQUIBASE, DEPLOYMENT_ID) VALUES ('1511451595465-17', 'R3.Corda', 'migration/node-services.changelog-init.xml', NOW(), 49, '7:a8b4ae7170f56f1df8a23b530bef4dd1', 'createTable tableName=node_our_key_pairs', '', 'EXECUTED', NULL, NULL, '3.5.4', '0860137141')
14:02:17.565 [Test worker] DEBUG liquibase - master.changelog.json: migration/node-services.changelog-init.xml::1511451595465-19::R3.Corda: Running Changeset:migration/node-services.changelog-init.xml::1511451595465-19::R3.Corda
14:02:17.565 [Test worker] DEBUG liquibase - master.changelog.json: migration/node-services.changelog-init.xml::1511451595465-19::R3.Corda: Changeset migration/node-services.changelog-init.xml::1511451595465-19::R3.Corda
14:02:17.565 [Test worker] DEBUG liquibase - master.changelog.json: migration/node-services.changelog-init.xml::1511451595465-19::R3.Corda: Reading ChangeSet: migration/node-services.changelog-init.xml::1511451595465-19::R3.Corda
14:02:17.565 [Test worker] DEBUG liquibase - master.changelog.json: migration/node-services.changelog-init.xml::1511451595465-19::R3.Corda: Executing Statement: liquibase.statement.core.CreateTableStatement@352fe7e4
14:02:17.565 [Test worker] DEBUG liquibase - master.changelog.json: migration/node-services.changelog-init.xml::1511451595465-19::R3.Corda: Executing EXECUTE database command: CREATE TABLE PUBLIC.node_scheduled_states (output_index INT NOT NULL, transaction_id NVARCHAR(64) NOT NULL, scheduled_at TIMESTAMP NOT NULL)
14:02:17.568 [Test worker] INFO liquibase - master.changelog.json: migration/node-services.changelog-init.xml::1511451595465-19::R3.Corda: Table node_scheduled_states created
14:02:17.568 [Test worker] INFO liquibase - master.changelog.json: migration/node-services.changelog-init.xml::1511451595465-19::R3.Corda: ChangeSet migration/node-services.changelog-init.xml::1511451595465-19::R3.Corda ran successfully in 3ms
14:02:17.569 [Test worker] DEBUG liquibase - master.changelog.json: migration/node-services.changelog-init.xml::1511451595465-19::R3.Corda: Executing EXECUTE database command: INSERT INTO PUBLIC.DATABASECHANGELOG (ID, AUTHOR, FILENAME, DATEEXECUTED, ORDEREXECUTED, MD5SUM, DESCRIPTION, COMMENTS, EXECTYPE, CONTEXTS, LABELS, LIQUIBASE, DEPLOYMENT_ID) VALUES ('1511451595465-19', 'R3.Corda', 'migration/node-services.changelog-init.xml', NOW(), 50, '7:2aaf3df7bdbea9c71aa8bea4e14f11ef', 'createTable tableName=node_scheduled_states', '', 'EXECUTED', NULL, NULL, '3.5.4', '0860137141')
14:02:17.569 [Test worker] DEBUG liquibase - master.changelog.json: migration/node-services.changelog-init.xml::1511451595465-20::R3.Corda: Running Changeset:migration/node-services.changelog-init.xml::1511451595465-20::R3.Corda
14:02:17.569 [Test worker] DEBUG liquibase - master.changelog.json: migration/node-services.changelog-init.xml::1511451595465-20::R3.Corda: Changeset migration/node-services.changelog-init.xml::1511451595465-20::R3.Corda
14:02:17.570 [Test worker] DEBUG liquibase - master.changelog.json: migration/node-services.changelog-init.xml::1511451595465-20::R3.Corda: Reading ChangeSet: migration/node-services.changelog-init.xml::1511451595465-20::R3.Corda
14:02:17.570 [Test worker] DEBUG liquibase - master.changelog.json: migration/node-services.changelog-init.xml::1511451595465-20::R3.Corda: Executing Statement: liquibase.statement.core.CreateTableStatement@40188c4e
14:02:17.570 [Test worker] DEBUG liquibase - master.changelog.json: migration/node-services.changelog-init.xml::1511451595465-20::R3.Corda: Executing EXECUTE database command: CREATE TABLE PUBLIC.node_transaction_mappings (tx_id NVARCHAR(64) NOT NULL, state_machine_run_id NVARCHAR(36))
14:02:17.570 [Test worker] INFO liquibase - master.changelog.json: migration/node-services.changelog-init.xml::1511451595465-20::R3.Corda: Table node_transaction_mappings created
14:02:17.570 [Test worker] INFO liquibase - master.changelog.json: migration/node-services.changelog-init.xml::1511451595465-20::R3.Corda: ChangeSet migration/node-services.changelog-init.xml::1511451595465-20::R3.Corda ran successfully in 1ms
14:02:17.571 [Test worker] DEBUG liquibase - master.changelog.json: migration/node-services.changelog-init.xml::1511451595465-20::R3.Corda: Executing EXECUTE database command: INSERT INTO PUBLIC.DATABASECHANGELOG (ID, AUTHOR, FILENAME, DATEEXECUTED, ORDEREXECUTED, MD5SUM, DESCRIPTION, COMMENTS, EXECTYPE, CONTEXTS, LABELS, LIQUIBASE, DEPLOYMENT_ID) VALUES ('1511451595465-20', 'R3.Corda', 'migration/node-services.changelog-init.xml', NOW(), 51, '7:f003464d28fe934c636b24e7c72d9c27', 'createTable tableName=node_transaction_mappings', '', 'EXECUTED', NULL, NULL, '3.5.4', '0860137141')
14:02:17.572 [Test worker] DEBUG liquibase - master.changelog.json: migration/node-services.changelog-init.xml::1511451595465-21::R3.Corda: Running Changeset:migration/node-services.changelog-init.xml::1511451595465-21::R3.Corda
14:02:17.572 [Test worker] DEBUG liquibase - master.changelog.json: migration/node-services.changelog-init.xml::1511451595465-21::R3.Corda: Changeset migration/node-services.changelog-init.xml::1511451595465-21::R3.Corda
14:02:17.572 [Test worker] DEBUG liquibase - master.changelog.json: migration/node-services.changelog-init.xml::1511451595465-21::R3.Corda: Reading ChangeSet: migration/node-services.changelog-init.xml::1511451595465-21::R3.Corda
14:02:17.572 [Test worker] DEBUG liquibase - master.changelog.json: migration/node-services.changelog-init.xml::1511451595465-21::R3.Corda: Executing Statement: liquibase.statement.core.CreateTableStatement@6cb6d888
14:02:17.573 [Test worker] DEBUG liquibase - master.changelog.json: migration/node-services.changelog-init.xml::1511451595465-21::R3.Corda: Executing EXECUTE database command: CREATE TABLE PUBLIC.node_transactions (tx_id NVARCHAR(64) NOT NULL, transaction_value BLOB)
14:02:17.573 [Test worker] INFO liquibase - master.changelog.json: migration/node-services.changelog-init.xml::1511451595465-21::R3.Corda: Table node_transactions created
14:02:17.573 [Test worker] INFO liquibase - master.changelog.json: migration/node-services.changelog-init.xml::1511451595465-21::R3.Corda: ChangeSet migration/node-services.changelog-init.xml::1511451595465-21::R3.Corda ran successfully in 1ms
14:02:17.574 [Test worker] DEBUG liquibase - master.changelog.json: migration/node-services.changelog-init.xml::1511451595465-21::R3.Corda: Executing EXECUTE database command: INSERT INTO PUBLIC.DATABASECHANGELOG (ID, AUTHOR, FILENAME, DATEEXECUTED, ORDEREXECUTED, MD5SUM, DESCRIPTION, COMMENTS, EXECTYPE, CONTEXTS, LABELS, LIQUIBASE, DEPLOYMENT_ID) VALUES ('1511451595465-21', 'R3.Corda', 'migration/node-services.changelog-init.xml', NOW(), 52, '7:8b167e9074e47be66c742aec5661b5d1', 'createTable tableName=node_transactions', '', 'EXECUTED', NULL, NULL, '3.5.4', '0860137141')
14:02:17.575 [Test worker] DEBUG liquibase - master.changelog.json: migration/node-services.changelog-init.xml::1511451595465-30::R3.Corda: Running Changeset:migration/node-services.changelog-init.xml::1511451595465-30::R3.Corda
14:02:17.575 [Test worker] DEBUG liquibase - master.changelog.json: migration/node-services.changelog-init.xml::1511451595465-30::R3.Corda: Changeset migration/node-services.changelog-init.xml::1511451595465-30::R3.Corda
14:02:17.575 [Test worker] DEBUG liquibase - master.changelog.json: migration/node-services.changelog-init.xml::1511451595465-30::R3.Corda: Reading ChangeSet: migration/node-services.changelog-init.xml::1511451595465-30::R3.Corda
14:02:17.575 [Test worker] DEBUG liquibase - master.changelog.json: migration/node-services.changelog-init.xml::1511451595465-30::R3.Corda: Executing Statement: liquibase.statement.core.AddPrimaryKeyStatement@222a8bd4
14:02:17.575 [Test worker] DEBUG liquibase - master.changelog.json: migration/node-services.changelog-init.xml::1511451595465-30::R3.Corda: Executing EXECUTE database command: ALTER TABLE PUBLIC.node_attachments ADD CONSTRAINT node_attachments_pkey PRIMARY KEY (att_id)
14:02:17.576 [Test worker] INFO liquibase - master.changelog.json: migration/node-services.changelog-init.xml::1511451595465-30::R3.Corda: Primary key added to node_attachments (att_id)
14:02:17.576 [Test worker] INFO liquibase - master.changelog.json: migration/node-services.changelog-init.xml::1511451595465-30::R3.Corda: ChangeSet migration/node-services.changelog-init.xml::1511451595465-30::R3.Corda ran successfully in 1ms
14:02:17.577 [Test worker] DEBUG liquibase - master.changelog.json: migration/node-services.changelog-init.xml::1511451595465-30::R3.Corda: Executing EXECUTE database command: INSERT INTO PUBLIC.DATABASECHANGELOG (ID, AUTHOR, FILENAME, DATEEXECUTED, ORDEREXECUTED, MD5SUM, DESCRIPTION, COMMENTS, EXECTYPE, CONTEXTS, LABELS, LIQUIBASE, DEPLOYMENT_ID) VALUES ('1511451595465-30', 'R3.Corda', 'migration/node-services.changelog-init.xml', NOW(), 53, '7:4aa12646e41346c10ae1d18b43468b3e', 'addPrimaryKey constraintName=node_attachments_pkey, tableName=node_attachments', '', 'EXECUTED', NULL, NULL, '3.5.4', '0860137141')
14:02:17.578 [Test worker] DEBUG liquibase - master.changelog.json: migration/node-services.changelog-init.xml::1511451595465-32::R3.Corda: Running Changeset:migration/node-services.changelog-init.xml::1511451595465-32::R3.Corda
14:02:17.578 [Test worker] DEBUG liquibase - master.changelog.json: migration/node-services.changelog-init.xml::1511451595465-32::R3.Corda: Changeset migration/node-services.changelog-init.xml::1511451595465-32::R3.Corda
14:02:17.578 [Test worker] DEBUG liquibase - master.changelog.json: migration/node-services.changelog-init.xml::1511451595465-32::R3.Corda: Reading ChangeSet: migration/node-services.changelog-init.xml::1511451595465-32::R3.Corda
14:02:17.578 [Test worker] DEBUG liquibase - master.changelog.json: migration/node-services.changelog-init.xml::1511451595465-32::R3.Corda: Executing Statement: liquibase.statement.core.AddPrimaryKeyStatement@42a88d04
14:02:17.579 [Test worker] DEBUG liquibase - master.changelog.json: migration/node-services.changelog-init.xml::1511451595465-32::R3.Corda: Executing EXECUTE database command: ALTER TABLE PUBLIC.node_checkpoints ADD CONSTRAINT node_checkpoints_pkey PRIMARY KEY (checkpoint_id)
14:02:17.579 [Test worker] INFO liquibase - master.changelog.json: migration/node-services.changelog-init.xml::1511451595465-32::R3.Corda: Primary key added to node_checkpoints (checkpoint_id)
14:02:17.579 [Test worker] INFO liquibase - master.changelog.json: migration/node-services.changelog-init.xml::1511451595465-32::R3.Corda: ChangeSet migration/node-services.changelog-init.xml::1511451595465-32::R3.Corda ran successfully in 1ms
14:02:17.581 [Test worker] DEBUG liquibase - master.changelog.json: migration/node-services.changelog-init.xml::1511451595465-32::R3.Corda: Executing EXECUTE database command: INSERT INTO PUBLIC.DATABASECHANGELOG (ID, AUTHOR, FILENAME, DATEEXECUTED, ORDEREXECUTED, MD5SUM, DESCRIPTION, COMMENTS, EXECTYPE, CONTEXTS, LABELS, LIQUIBASE, DEPLOYMENT_ID) VALUES ('1511451595465-32', 'R3.Corda', 'migration/node-services.changelog-init.xml', NOW(), 54, '7:fa0f2ed27615a3fd2b799bb27b447a36', 'addPrimaryKey constraintName=node_checkpoints_pkey, tableName=node_checkpoints', '', 'EXECUTED', NULL, NULL, '3.5.4', '0860137141')
14:02:17.581 [Test worker] DEBUG liquibase - master.changelog.json: migration/node-services.changelog-init.xml::1511451595465-33::R3.Corda: Running Changeset:migration/node-services.changelog-init.xml::1511451595465-33::R3.Corda
14:02:17.582 [Test worker] DEBUG liquibase - master.changelog.json: migration/node-services.changelog-init.xml::1511451595465-33::R3.Corda: Changeset migration/node-services.changelog-init.xml::1511451595465-33::R3.Corda
14:02:17.582 [Test worker] DEBUG liquibase - master.changelog.json: migration/node-services.changelog-init.xml::1511451595465-33::R3.Corda: Reading ChangeSet: migration/node-services.changelog-init.xml::1511451595465-33::R3.Corda
14:02:17.582 [Test worker] DEBUG liquibase - master.changelog.json: migration/node-services.changelog-init.xml::1511451595465-33::R3.Corda: Executing Statement: liquibase.statement.core.AddPrimaryKeyStatement@1e1d4719
14:02:17.582 [Test worker] DEBUG liquibase - master.changelog.json: migration/node-services.changelog-init.xml::1511451595465-33::R3.Corda: Executing EXECUTE database command: ALTER TABLE PUBLIC.node_contract_upgrades ADD CONSTRAINT node_contract_upgrades_pkey PRIMARY KEY (state_ref)
14:02:17.583 [Test worker] INFO liquibase - master.changelog.json: migration/node-services.changelog-init.xml::1511451595465-33::R3.Corda: Primary key added to node_contract_upgrades (state_ref)
14:02:17.583 [Test worker] INFO liquibase - master.changelog.json: migration/node-services.changelog-init.xml::1511451595465-33::R3.Corda: ChangeSet migration/node-services.changelog-init.xml::1511451595465-33::R3.Corda ran successfully in 1ms
14:02:17.584 [Test worker] DEBUG liquibase - master.changelog.json: migration/node-services.changelog-init.xml::1511451595465-33::R3.Corda: Executing EXECUTE database command: INSERT INTO PUBLIC.DATABASECHANGELOG (ID, AUTHOR, FILENAME, DATEEXECUTED, ORDEREXECUTED, MD5SUM, DESCRIPTION, COMMENTS, EXECTYPE, CONTEXTS, LABELS, LIQUIBASE, DEPLOYMENT_ID) VALUES ('1511451595465-33', 'R3.Corda', 'migration/node-services.changelog-init.xml', NOW(), 55, '7:37e38ccee8d375f364abca393727eec7', 'addPrimaryKey constraintName=node_contract_upgrades_pkey, tableName=node_contract_upgrades', '', 'EXECUTED', NULL, NULL, '3.5.4', '0860137141')
14:02:17.584 [Test worker] DEBUG liquibase - master.changelog.json: migration/node-services.changelog-init.xml::1511451595465-34::R3.Corda: Running Changeset:migration/node-services.changelog-init.xml::1511451595465-34::R3.Corda
14:02:17.584 [Test worker] DEBUG liquibase - master.changelog.json: migration/node-services.changelog-init.xml::1511451595465-34::R3.Corda: Changeset migration/node-services.changelog-init.xml::1511451595465-34::R3.Corda
14:02:17.585 [Test worker] DEBUG liquibase - master.changelog.json: migration/node-services.changelog-init.xml::1511451595465-34::R3.Corda: Reading ChangeSet: migration/node-services.changelog-init.xml::1511451595465-34::R3.Corda
14:02:17.585 [Test worker] DEBUG liquibase - master.changelog.json: migration/node-services.changelog-init.xml::1511451595465-34::R3.Corda: Executing Statement: liquibase.statement.core.AddPrimaryKeyStatement@743a6748
14:02:17.585 [Test worker] DEBUG liquibase - master.changelog.json: migration/node-services.changelog-init.xml::1511451595465-34::R3.Corda: Executing EXECUTE database command: ALTER TABLE PUBLIC.node_identities ADD CONSTRAINT node_identities_pkey PRIMARY KEY (pk_hash)
14:02:17.585 [Test worker] INFO liquibase - master.changelog.json: migration/node-services.changelog-init.xml::1511451595465-34::R3.Corda: Primary key added to node_identities (pk_hash)
14:02:17.585 [Test worker] INFO liquibase - master.changelog.json: migration/node-services.changelog-init.xml::1511451595465-34::R3.Corda: ChangeSet migration/node-services.changelog-init.xml::1511451595465-34::R3.Corda ran successfully in 1ms
14:02:17.587 [Test worker] DEBUG liquibase - master.changelog.json: migration/node-services.changelog-init.xml::1511451595465-34::R3.Corda: Executing EXECUTE database command: INSERT INTO PUBLIC.DATABASECHANGELOG (ID, AUTHOR, FILENAME, DATEEXECUTED, ORDEREXECUTED, MD5SUM, DESCRIPTION, COMMENTS, EXECTYPE, CONTEXTS, LABELS, LIQUIBASE, DEPLOYMENT_ID) VALUES ('1511451595465-34', 'R3.Corda', 'migration/node-services.changelog-init.xml', NOW(), 56, '7:43d4f1fd6b4b69fcd6b046d8806c8f50', 'addPrimaryKey constraintName=node_identities_pkey, tableName=node_identities', '', 'EXECUTED', NULL, NULL, '3.5.4', '0860137141')
14:02:17.587 [Test worker] DEBUG liquibase - master.changelog.json: migration/node-services.changelog-init.xml::1511451595465-38::R3.Corda: Running Changeset:migration/node-services.changelog-init.xml::1511451595465-38::R3.Corda
14:02:17.587 [Test worker] DEBUG liquibase - master.changelog.json: migration/node-services.changelog-init.xml::1511451595465-38::R3.Corda: Changeset migration/node-services.changelog-init.xml::1511451595465-38::R3.Corda
14:02:17.587 [Test worker] DEBUG liquibase - master.changelog.json: migration/node-services.changelog-init.xml::1511451595465-38::R3.Corda: Reading ChangeSet: migration/node-services.changelog-init.xml::1511451595465-38::R3.Corda
14:02:17.588 [Test worker] DEBUG liquibase - master.changelog.json: migration/node-services.changelog-init.xml::1511451595465-38::R3.Corda: Executing Statement: liquibase.statement.core.AddPrimaryKeyStatement@252cf18a
14:02:17.588 [Test worker] DEBUG liquibase - master.changelog.json: migration/node-services.changelog-init.xml::1511451595465-38::R3.Corda: Executing EXECUTE database command: ALTER TABLE PUBLIC.node_message_ids ADD CONSTRAINT node_message_ids_pkey PRIMARY KEY (message_id)
14:02:17.588 [Test worker] INFO liquibase - master.changelog.json: migration/node-services.changelog-init.xml::1511451595465-38::R3.Corda: Primary key added to node_message_ids (message_id)
14:02:17.588 [Test worker] INFO liquibase - master.changelog.json: migration/node-services.changelog-init.xml::1511451595465-38::R3.Corda: ChangeSet migration/node-services.changelog-init.xml::1511451595465-38::R3.Corda ran successfully in 1ms
14:02:17.589 [Test worker] DEBUG liquibase - master.changelog.json: migration/node-services.changelog-init.xml::1511451595465-38::R3.Corda: Executing EXECUTE database command: INSERT INTO PUBLIC.DATABASECHANGELOG (ID, AUTHOR, FILENAME, DATEEXECUTED, ORDEREXECUTED, MD5SUM, DESCRIPTION, COMMENTS, EXECTYPE, CONTEXTS, LABELS, LIQUIBASE, DEPLOYMENT_ID) VALUES ('1511451595465-38', 'R3.Corda', 'migration/node-services.changelog-init.xml', NOW(), 57, '7:37825d1c920089f5d1d8667fae2a0770', 'addPrimaryKey constraintName=node_message_ids_pkey, tableName=node_message_ids', '', 'EXECUTED', NULL, NULL, '3.5.4', '0860137141')
14:02:17.590 [Test worker] DEBUG liquibase - master.changelog.json: migration/node-services.changelog-init.xml::1511451595465-39::R3.Corda: Running Changeset:migration/node-services.changelog-init.xml::1511451595465-39::R3.Corda
14:02:17.590 [Test worker] DEBUG liquibase - master.changelog.json: migration/node-services.changelog-init.xml::1511451595465-39::R3.Corda: Changeset migration/node-services.changelog-init.xml::1511451595465-39::R3.Corda
14:02:17.590 [Test worker] DEBUG liquibase - master.changelog.json: migration/node-services.changelog-init.xml::1511451595465-39::R3.Corda: Reading ChangeSet: migration/node-services.changelog-init.xml::1511451595465-39::R3.Corda
14:02:17.591 [Test worker] DEBUG liquibase - master.changelog.json: migration/node-services.changelog-init.xml::1511451595465-39::R3.Corda: Executing Statement: liquibase.statement.core.AddPrimaryKeyStatement@7c0a4fa8
14:02:17.591 [Test worker] DEBUG liquibase - master.changelog.json: migration/node-services.changelog-init.xml::1511451595465-39::R3.Corda: Executing EXECUTE database command: ALTER TABLE PUBLIC.node_message_retry ADD CONSTRAINT node_message_retry_pkey PRIMARY KEY (message_id)
14:02:17.591 [Test worker] INFO liquibase - master.changelog.json: migration/node-services.changelog-init.xml::1511451595465-39::R3.Corda: Primary key added to node_message_retry (message_id)
14:02:17.591 [Test worker] INFO liquibase - master.changelog.json: migration/node-services.changelog-init.xml::1511451595465-39::R3.Corda: ChangeSet migration/node-services.changelog-init.xml::1511451595465-39::R3.Corda ran successfully in 1ms
14:02:17.592 [Test worker] DEBUG liquibase - master.changelog.json: migration/node-services.changelog-init.xml::1511451595465-39::R3.Corda: Executing EXECUTE database command: INSERT INTO PUBLIC.DATABASECHANGELOG (ID, AUTHOR, FILENAME, DATEEXECUTED, ORDEREXECUTED, MD5SUM, DESCRIPTION, COMMENTS, EXECTYPE, CONTEXTS, LABELS, LIQUIBASE, DEPLOYMENT_ID) VALUES ('1511451595465-39', 'R3.Corda', 'migration/node-services.changelog-init.xml', NOW(), 58, '7:7cc6fa875e39740c709235ff27960561', 'addPrimaryKey constraintName=node_message_retry_pkey, tableName=node_message_retry', '', 'EXECUTED', NULL, NULL, '3.5.4', '0860137141')
14:02:17.593 [Test worker] DEBUG liquibase - master.changelog.json: migration/node-services.changelog-init.xml::1511451595465-40::R3.Corda: Running Changeset:migration/node-services.changelog-init.xml::1511451595465-40::R3.Corda
14:02:17.593 [Test worker] DEBUG liquibase - master.changelog.json: migration/node-services.changelog-init.xml::1511451595465-40::R3.Corda: Changeset migration/node-services.changelog-init.xml::1511451595465-40::R3.Corda
14:02:17.593 [Test worker] DEBUG liquibase - master.changelog.json: migration/node-services.changelog-init.xml::1511451595465-40::R3.Corda: Reading ChangeSet: migration/node-services.changelog-init.xml::1511451595465-40::R3.Corda
14:02:17.593 [Test worker] DEBUG liquibase - master.changelog.json: migration/node-services.changelog-init.xml::1511451595465-40::R3.Corda: Executing Statement: liquibase.statement.core.AddPrimaryKeyStatement@67f11224
14:02:17.594 [Test worker] DEBUG liquibase - master.changelog.json: migration/node-services.changelog-init.xml::1511451595465-40::R3.Corda: Executing EXECUTE database command: ALTER TABLE PUBLIC.node_named_identities ADD CONSTRAINT node_named_identities_pkey PRIMARY KEY (name)
14:02:17.594 [Test worker] INFO liquibase - master.changelog.json: migration/node-services.changelog-init.xml::1511451595465-40::R3.Corda: Primary key added to node_named_identities (name)
14:02:17.594 [Test worker] INFO liquibase - master.changelog.json: migration/node-services.changelog-init.xml::1511451595465-40::R3.Corda: ChangeSet migration/node-services.changelog-init.xml::1511451595465-40::R3.Corda ran successfully in 1ms
14:02:17.596 [Test worker] DEBUG liquibase - master.changelog.json: migration/node-services.changelog-init.xml::1511451595465-40::R3.Corda: Executing EXECUTE database command: INSERT INTO PUBLIC.DATABASECHANGELOG (ID, AUTHOR, FILENAME, DATEEXECUTED, ORDEREXECUTED, MD5SUM, DESCRIPTION, COMMENTS, EXECTYPE, CONTEXTS, LABELS, LIQUIBASE, DEPLOYMENT_ID) VALUES ('1511451595465-40', 'R3.Corda', 'migration/node-services.changelog-init.xml', NOW(), 59, '7:9fac7485c58064b7e7ddce0bd1af86c4', 'addPrimaryKey constraintName=node_named_identities_pkey, tableName=node_named_identities', '', 'EXECUTED', NULL, NULL, '3.5.4', '0860137141')
14:02:17.597 [Test worker] DEBUG liquibase - master.changelog.json: migration/node-services.changelog-init.xml::1511451595465-42::R3.Corda: Running Changeset:migration/node-services.changelog-init.xml::1511451595465-42::R3.Corda
14:02:17.597 [Test worker] DEBUG liquibase - master.changelog.json: migration/node-services.changelog-init.xml::1511451595465-42::R3.Corda: Changeset migration/node-services.changelog-init.xml::1511451595465-42::R3.Corda
14:02:17.597 [Test worker] DEBUG liquibase - master.changelog.json: migration/node-services.changelog-init.xml::1511451595465-42::R3.Corda: Reading ChangeSet: migration/node-services.changelog-init.xml::1511451595465-42::R3.Corda
14:02:17.597 [Test worker] DEBUG liquibase - master.changelog.json: migration/node-services.changelog-init.xml::1511451595465-42::R3.Corda: Executing Statement: liquibase.statement.core.AddPrimaryKeyStatement@f41a409
14:02:17.598 [Test worker] DEBUG liquibase - master.changelog.json: migration/node-services.changelog-init.xml::1511451595465-42::R3.Corda: Executing EXECUTE database command: ALTER TABLE PUBLIC.node_our_key_pairs ADD CONSTRAINT node_our_key_pairs_pkey PRIMARY KEY (public_key_hash)
14:02:17.598 [Test worker] INFO liquibase - master.changelog.json: migration/node-services.changelog-init.xml::1511451595465-42::R3.Corda: Primary key added to node_our_key_pairs (public_key_hash)
14:02:17.598 [Test worker] INFO liquibase - master.changelog.json: migration/node-services.changelog-init.xml::1511451595465-42::R3.Corda: ChangeSet migration/node-services.changelog-init.xml::1511451595465-42::R3.Corda ran successfully in 1ms
14:02:17.599 [Test worker] DEBUG liquibase - master.changelog.json: migration/node-services.changelog-init.xml::1511451595465-42::R3.Corda: Executing EXECUTE database command: INSERT INTO PUBLIC.DATABASECHANGELOG (ID, AUTHOR, FILENAME, DATEEXECUTED, ORDEREXECUTED, MD5SUM, DESCRIPTION, COMMENTS, EXECTYPE, CONTEXTS, LABELS, LIQUIBASE, DEPLOYMENT_ID) VALUES ('1511451595465-42', 'R3.Corda', 'migration/node-services.changelog-init.xml', NOW(), 60, '7:e3644c4b7315958cfb3a3cd4a3f40946', 'addPrimaryKey constraintName=node_our_key_pairs_pkey, tableName=node_our_key_pairs', '', 'EXECUTED', NULL, NULL, '3.5.4', '0860137141')
14:02:17.600 [Test worker] DEBUG liquibase - master.changelog.json: migration/node-services.changelog-init.xml::1511451595465-44::R3.Corda: Running Changeset:migration/node-services.changelog-init.xml::1511451595465-44::R3.Corda
14:02:17.600 [Test worker] DEBUG liquibase - master.changelog.json: migration/node-services.changelog-init.xml::1511451595465-44::R3.Corda: Changeset migration/node-services.changelog-init.xml::1511451595465-44::R3.Corda
14:02:17.600 [Test worker] DEBUG liquibase - master.changelog.json: migration/node-services.changelog-init.xml::1511451595465-44::R3.Corda: Reading ChangeSet: migration/node-services.changelog-init.xml::1511451595465-44::R3.Corda
14:02:17.600 [Test worker] DEBUG liquibase - master.changelog.json: migration/node-services.changelog-init.xml::1511451595465-44::R3.Corda: Executing Statement: liquibase.statement.core.AddPrimaryKeyStatement@2d33fc8c
14:02:17.601 [Test worker] DEBUG liquibase - master.changelog.json: migration/node-services.changelog-init.xml::1511451595465-44::R3.Corda: Executing EXECUTE database command: ALTER TABLE PUBLIC.node_scheduled_states ADD CONSTRAINT node_scheduled_states_pkey PRIMARY KEY (output_index, transaction_id)
14:02:17.601 [Test worker] INFO liquibase - master.changelog.json: migration/node-services.changelog-init.xml::1511451595465-44::R3.Corda: Primary key added to node_scheduled_states (output_index, transaction_id)
14:02:17.601 [Test worker] INFO liquibase - master.changelog.json: migration/node-services.changelog-init.xml::1511451595465-44::R3.Corda: ChangeSet migration/node-services.changelog-init.xml::1511451595465-44::R3.Corda ran successfully in 1ms
14:02:17.603 [Test worker] DEBUG liquibase - master.changelog.json: migration/node-services.changelog-init.xml::1511451595465-44::R3.Corda: Executing EXECUTE database command: INSERT INTO PUBLIC.DATABASECHANGELOG (ID, AUTHOR, FILENAME, DATEEXECUTED, ORDEREXECUTED, MD5SUM, DESCRIPTION, COMMENTS, EXECTYPE, CONTEXTS, LABELS, LIQUIBASE, DEPLOYMENT_ID) VALUES ('1511451595465-44', 'R3.Corda', 'migration/node-services.changelog-init.xml', NOW(), 61, '7:122e6cc40f7e50d8c9ffeb46861ed786', 'addPrimaryKey constraintName=node_scheduled_states_pkey, tableName=node_scheduled_states', '', 'EXECUTED', NULL, NULL, '3.5.4', '0860137141')
14:02:17.621 [Test worker] DEBUG liquibase - master.changelog.json: migration/node-services.changelog-init.xml::1511451595465-45::R3.Corda: Running Changeset:migration/node-services.changelog-init.xml::1511451595465-45::R3.Corda
14:02:17.622 [Test worker] DEBUG liquibase - master.changelog.json: migration/node-services.changelog-init.xml::1511451595465-45::R3.Corda: Changeset migration/node-services.changelog-init.xml::1511451595465-45::R3.Corda
14:02:17.622 [Test worker] DEBUG liquibase - master.changelog.json: migration/node-services.changelog-init.xml::1511451595465-45::R3.Corda: Reading ChangeSet: migration/node-services.changelog-init.xml::1511451595465-45::R3.Corda
14:02:17.622 [Test worker] DEBUG liquibase - master.changelog.json: migration/node-services.changelog-init.xml::1511451595465-45::R3.Corda: Executing Statement: liquibase.statement.core.AddPrimaryKeyStatement@43b14ec1
14:02:17.622 [Test worker] DEBUG liquibase - master.changelog.json: migration/node-services.changelog-init.xml::1511451595465-45::R3.Corda: Executing EXECUTE database command: ALTER TABLE PUBLIC.node_transaction_mappings ADD CONSTRAINT node_transaction_mappings_pkey PRIMARY KEY (tx_id)
14:02:17.623 [Test worker] INFO liquibase - master.changelog.json: migration/node-services.changelog-init.xml::1511451595465-45::R3.Corda: Primary key added to node_transaction_mappings (tx_id)
14:02:17.623 [Test worker] INFO liquibase - master.changelog.json: migration/node-services.changelog-init.xml::1511451595465-45::R3.Corda: ChangeSet migration/node-services.changelog-init.xml::1511451595465-45::R3.Corda ran successfully in 2ms
14:02:17.694 [Test worker] DEBUG liquibase - master.changelog.json: migration/node-services.changelog-init.xml::1511451595465-45::R3.Corda: Executing EXECUTE database command: INSERT INTO PUBLIC.DATABASECHANGELOG (ID, AUTHOR, FILENAME, DATEEXECUTED, ORDEREXECUTED, MD5SUM, DESCRIPTION, COMMENTS, EXECTYPE, CONTEXTS, LABELS, LIQUIBASE, DEPLOYMENT_ID) VALUES ('1511451595465-45', 'R3.Corda', 'migration/node-services.changelog-init.xml', NOW(), 62, '7:c4ba1fcc19b22e52678633b13053eaa1', 'addPrimaryKey constraintName=node_transaction_mappings_pkey, tableName=node_transaction_mappings', '', 'EXECUTED', NULL, NULL, '3.5.4', '0860137141')
14:02:17.695 [Test worker] DEBUG liquibase - master.changelog.json: migration/node-services.changelog-init.xml::1511451595465-46::R3.Corda: Running Changeset:migration/node-services.changelog-init.xml::1511451595465-46::R3.Corda
14:02:17.696 [Test worker] DEBUG liquibase - master.changelog.json: migration/node-services.changelog-init.xml::1511451595465-46::R3.Corda: Changeset migration/node-services.changelog-init.xml::1511451595465-46::R3.Corda
14:02:17.696 [Test worker] DEBUG liquibase - master.changelog.json: migration/node-services.changelog-init.xml::1511451595465-46::R3.Corda: Reading ChangeSet: migration/node-services.changelog-init.xml::1511451595465-46::R3.Corda
14:02:17.697 [Test worker] DEBUG liquibase - master.changelog.json: migration/node-services.changelog-init.xml::1511451595465-46::R3.Corda: Executing Statement: liquibase.statement.core.AddPrimaryKeyStatement@51b810fa
14:02:17.697 [Test worker] DEBUG liquibase - master.changelog.json: migration/node-services.changelog-init.xml::1511451595465-46::R3.Corda: Executing EXECUTE database command: ALTER TABLE PUBLIC.node_transactions ADD CONSTRAINT node_transactions_pkey PRIMARY KEY (tx_id)
14:02:17.721 [Test worker] INFO liquibase - master.changelog.json: migration/node-services.changelog-init.xml::1511451595465-46::R3.Corda: Primary key added to node_transactions (tx_id)
14:02:17.721 [Test worker] INFO liquibase - master.changelog.json: migration/node-services.changelog-init.xml::1511451595465-46::R3.Corda: ChangeSet migration/node-services.changelog-init.xml::1511451595465-46::R3.Corda ran successfully in 25ms
14:02:17.722 [Test worker] DEBUG liquibase - master.changelog.json: migration/node-services.changelog-init.xml::1511451595465-46::R3.Corda: Executing EXECUTE database command: INSERT INTO PUBLIC.DATABASECHANGELOG (ID, AUTHOR, FILENAME, DATEEXECUTED, ORDEREXECUTED, MD5SUM, DESCRIPTION, COMMENTS, EXECTYPE, CONTEXTS, LABELS, LIQUIBASE, DEPLOYMENT_ID) VALUES ('1511451595465-46', 'R3.Corda', 'migration/node-services.changelog-init.xml', NOW(), 63, '7:1a41a33c68c6f56be99cbfa9af7c2646', 'addPrimaryKey constraintName=node_transactions_pkey, tableName=node_transactions', '', 'EXECUTED', NULL, NULL, '3.5.4', '0860137141')
14:02:17.723 [Test worker] DEBUG liquibase - master.changelog.json: migration/node-services.changelog-init.xml::1511451595465-61::R3.Corda: Running Changeset:migration/node-services.changelog-init.xml::1511451595465-61::R3.Corda
14:02:17.723 [Test worker] DEBUG liquibase - master.changelog.json: migration/node-services.changelog-init.xml::1511451595465-61::R3.Corda: Changeset migration/node-services.changelog-init.xml::1511451595465-61::R3.Corda
14:02:17.723 [Test worker] DEBUG liquibase - master.changelog.json: migration/node-services.changelog-init.xml::1511451595465-61::R3.Corda: Reading ChangeSet: migration/node-services.changelog-init.xml::1511451595465-61::R3.Corda
14:02:17.723 [Test worker] DEBUG liquibase - master.changelog.json: migration/node-services.changelog-init.xml::1511451595465-61::R3.Corda: Executing Statement: liquibase.statement.core.AddForeignKeyConstraintStatement@7d924bf8
14:02:17.724 [Test worker] DEBUG liquibase - master.changelog.json: migration/node-services.changelog-init.xml::1511451595465-61::R3.Corda: Executing EXECUTE database command: ALTER TABLE PUBLIC.node_link_nodeinfo_party ADD CONSTRAINT FK__link_ni_p__info_p_cert FOREIGN KEY (party_name) REFERENCES PUBLIC.node_info_party_cert (party_name)
14:02:17.725 [Test worker] INFO liquibase - master.changelog.json: migration/node-services.changelog-init.xml::1511451595465-61::R3.Corda: Foreign key constraint added to node_link_nodeinfo_party (party_name)
14:02:17.725 [Test worker] INFO liquibase - master.changelog.json: migration/node-services.changelog-init.xml::1511451595465-61::R3.Corda: ChangeSet migration/node-services.changelog-init.xml::1511451595465-61::R3.Corda ran successfully in 2ms
14:02:17.726 [Test worker] DEBUG liquibase - master.changelog.json: migration/node-services.changelog-init.xml::1511451595465-61::R3.Corda: Executing EXECUTE database command: INSERT INTO PUBLIC.DATABASECHANGELOG (ID, AUTHOR, FILENAME, DATEEXECUTED, ORDEREXECUTED, MD5SUM, DESCRIPTION, COMMENTS, EXECTYPE, CONTEXTS, LABELS, LIQUIBASE, DEPLOYMENT_ID) VALUES ('1511451595465-61', 'R3.Corda', 'migration/node-services.changelog-init.xml', NOW(), 64, '7:f753db641a982caad48d7169dafbc854', 'addForeignKeyConstraint baseTableName=node_link_nodeinfo_party, constraintName=FK__link_ni_p__info_p_cert, referencedTableName=node_info_party_cert', '', 'EXECUTED', NULL, NULL, '3.5.4', '0860137141')
14:02:17.727 [Test worker] DEBUG liquibase - master.changelog.json: migration/node-services.changelog-init.xml::add index att_id::R3.Corda: Running Changeset:migration/node-services.changelog-init.xml::add index att_id::R3.Corda
14:02:17.727 [Test worker] DEBUG liquibase - master.changelog.json: migration/node-services.changelog-init.xml::add index att_id::R3.Corda: Changeset migration/node-services.changelog-init.xml::add index att_id::R3.Corda
14:02:17.727 [Test worker] DEBUG liquibase - master.changelog.json: migration/node-services.changelog-init.xml::add index att_id::R3.Corda: Reading ChangeSet: migration/node-services.changelog-init.xml::add index att_id::R3.Corda
14:02:17.727 [Test worker] DEBUG liquibase - master.changelog.json: migration/node-services.changelog-init.xml::add index att_id::R3.Corda: Executing Statement: liquibase.statement.core.CreateIndexStatement@1f843b46
14:02:17.727 [Test worker] DEBUG liquibase - master.changelog.json: migration/node-services.changelog-init.xml::add index att_id::R3.Corda: Executing EXECUTE database command: CREATE INDEX PUBLIC.att_id_idx ON PUBLIC.node_attachments(att_id)
14:02:17.727 [Test worker] INFO liquibase - master.changelog.json: migration/node-services.changelog-init.xml::add index att_id::R3.Corda: Index att_id_idx created
14:02:17.727 [Test worker] INFO liquibase - master.changelog.json: migration/node-services.changelog-init.xml::add index att_id::R3.Corda: ChangeSet migration/node-services.changelog-init.xml::add index att_id::R3.Corda ran successfully in 0ms
14:02:17.729 [Test worker] DEBUG liquibase - master.changelog.json: migration/node-services.changelog-init.xml::add index att_id::R3.Corda: Executing EXECUTE database command: INSERT INTO PUBLIC.DATABASECHANGELOG (ID, AUTHOR, FILENAME, DATEEXECUTED, ORDEREXECUTED, MD5SUM, DESCRIPTION, COMMENTS, EXECTYPE, CONTEXTS, LABELS, LIQUIBASE, DEPLOYMENT_ID) VALUES ('add index att_id', 'R3.Corda', 'migration/node-services.changelog-init.xml', NOW(), 65, '7:302188110e9124abd4ef58020255fbb0', 'createIndex indexName=att_id_idx, tableName=node_attachments', '', 'EXECUTED', NULL, NULL, '3.5.4', '0860137141')
14:02:17.730 [Test worker] DEBUG liquibase - master.changelog.json: migration/node-services.changelog-init.xml::add_contract_attachment::R3.Corda: Running Changeset:migration/node-services.changelog-init.xml::add_contract_attachment::R3.Corda
14:02:17.730 [Test worker] DEBUG liquibase - master.changelog.json: migration/node-services.changelog-init.xml::add_contract_attachment::R3.Corda: Changeset migration/node-services.changelog-init.xml::add_contract_attachment::R3.Corda
14:02:17.730 [Test worker] DEBUG liquibase - master.changelog.json: migration/node-services.changelog-init.xml::add_contract_attachment::R3.Corda: Reading ChangeSet: migration/node-services.changelog-init.xml::add_contract_attachment::R3.Corda
14:02:17.731 [Test worker] DEBUG liquibase - master.changelog.json: migration/node-services.changelog-init.xml::add_contract_attachment::R3.Corda: Executing Statement: liquibase.statement.core.CreateTableStatement@63432952
14:02:17.731 [Test worker] DEBUG liquibase - master.changelog.json: migration/node-services.changelog-init.xml::add_contract_attachment::R3.Corda: Executing EXECUTE database command: CREATE TABLE PUBLIC.node_attchments_contracts (att_id NVARCHAR(255) NOT NULL, contract_class_name NVARCHAR(255))
14:02:17.731 [Test worker] INFO liquibase - master.changelog.json: migration/node-services.changelog-init.xml::add_contract_attachment::R3.Corda: Table node_attchments_contracts created
14:02:17.731 [Test worker] DEBUG liquibase - master.changelog.json: migration/node-services.changelog-init.xml::add_contract_attachment::R3.Corda: Executing Statement: liquibase.statement.core.AddForeignKeyConstraintStatement@c66ebeb
14:02:17.731 [Test worker] DEBUG liquibase - master.changelog.json: migration/node-services.changelog-init.xml::add_contract_attachment::R3.Corda: Executing EXECUTE database command: ALTER TABLE PUBLIC.node_attchments_contracts ADD CONSTRAINT FK__ctr_class__attachments FOREIGN KEY (att_id) REFERENCES PUBLIC.node_attachments (att_id)
14:02:17.732 [Test worker] INFO liquibase - master.changelog.json: migration/node-services.changelog-init.xml::add_contract_attachment::R3.Corda: Foreign key constraint added to node_attchments_contracts (att_id)
14:02:17.732 [Test worker] DEBUG liquibase - master.changelog.json: migration/node-services.changelog-init.xml::add_contract_attachment::R3.Corda: Executing Statement: liquibase.statement.core.DeleteStatement@7fe7419f
14:02:17.733 [Test worker] DEBUG liquibase - master.changelog.json: migration/node-services.changelog-init.xml::add_contract_attachment::R3.Corda: Executing EXECUTE database command: DELETE FROM PUBLIC.node_attachments
14:02:17.733 [Test worker] INFO liquibase - master.changelog.json: migration/node-services.changelog-init.xml::add_contract_attachment::R3.Corda: Data deleted from node_attachments
14:02:17.733 [Test worker] INFO liquibase - master.changelog.json: migration/node-services.changelog-init.xml::add_contract_attachment::R3.Corda: ChangeSet migration/node-services.changelog-init.xml::add_contract_attachment::R3.Corda ran successfully in 3ms
14:02:17.734 [Test worker] DEBUG liquibase - master.changelog.json: migration/node-services.changelog-init.xml::add_contract_attachment::R3.Corda: Executing EXECUTE database command: INSERT INTO PUBLIC.DATABASECHANGELOG (ID, AUTHOR, FILENAME, DATEEXECUTED, ORDEREXECUTED, MD5SUM, DESCRIPTION, COMMENTS, EXECTYPE, CONTEXTS, LABELS, LIQUIBASE, DEPLOYMENT_ID) VALUES ('add_contract_attachment', 'R3.Corda', 'migration/node-services.changelog-init.xml', NOW(), 66, '7:2cfbc6a84cfcd7b8ce011b58aa70f584', 'createTable tableName=node_attchments_contracts; addForeignKeyConstraint baseTableName=node_attchments_contracts, constraintName=FK__ctr_class__attachments, referencedTableName=node_attachments; delete tableName=node_attachments', '', 'EXECUTED', NULL, NULL, '3.5.4', '0860137141')
14:02:17.735 [Test worker] DEBUG liquibase - master.changelog.json: migration/node-services.changelog-init.xml::add_dedup_columns::R3.Corda: Running Changeset:migration/node-services.changelog-init.xml::add_dedup_columns::R3.Corda
14:02:17.735 [Test worker] DEBUG liquibase - master.changelog.json: migration/node-services.changelog-init.xml::add_dedup_columns::R3.Corda: Changeset migration/node-services.changelog-init.xml::add_dedup_columns::R3.Corda
14:02:17.735 [Test worker] DEBUG liquibase - master.changelog.json: migration/node-services.changelog-init.xml::add_dedup_columns::R3.Corda: Reading ChangeSet: migration/node-services.changelog-init.xml::add_dedup_columns::R3.Corda
14:02:17.735 [Test worker] DEBUG liquibase - master.changelog.json: migration/node-services.changelog-init.xml::add_dedup_columns::R3.Corda: Executing Statement: liquibase.statement.core.AddColumnStatement@28c27de7
14:02:17.735 [Test worker] DEBUG liquibase - master.changelog.json: migration/node-services.changelog-init.xml::add_dedup_columns::R3.Corda: Executing EXECUTE database command: ALTER TABLE PUBLIC.node_message_ids ADD sender NVARCHAR(64)
14:02:17.737 [Test worker] DEBUG liquibase - master.changelog.json: migration/node-services.changelog-init.xml::add_dedup_columns::R3.Corda: Executing EXECUTE database command: ALTER TABLE PUBLIC.node_message_ids ADD sequence_number BIGINT
14:02:17.738 [Test worker] INFO liquibase - master.changelog.json: migration/node-services.changelog-init.xml::add_dedup_columns::R3.Corda: Columns sender(NVARCHAR(64)),sequence_number(BIGINT) added to node_message_ids
14:02:17.738 [Test worker] INFO liquibase - master.changelog.json: migration/node-services.changelog-init.xml::add_dedup_columns::R3.Corda: ChangeSet migration/node-services.changelog-init.xml::add_dedup_columns::R3.Corda ran successfully in 3ms
14:02:17.739 [Test worker] DEBUG liquibase - master.changelog.json: migration/node-services.changelog-init.xml::add_dedup_columns::R3.Corda: Executing EXECUTE database command: INSERT INTO PUBLIC.DATABASECHANGELOG (ID, AUTHOR, FILENAME, DATEEXECUTED, ORDEREXECUTED, MD5SUM, DESCRIPTION, COMMENTS, EXECTYPE, CONTEXTS, LABELS, LIQUIBASE, DEPLOYMENT_ID) VALUES ('add_dedup_columns', 'R3.Corda', 'migration/node-services.changelog-init.xml', NOW(), 67, '7:376ede2552aa97e8abf9d9a808c16692', 'addColumn tableName=node_message_ids', '', 'EXECUTED', NULL, NULL, '3.5.4', '0860137141')
14:02:17.740 [Test worker] DEBUG liquibase - master.changelog.json: migration/node-core.changelog-v4.xml::attchments_rename::R3.Corda: Running Changeset:migration/node-core.changelog-v4.xml::attchments_rename::R3.Corda
14:02:17.740 [Test worker] DEBUG liquibase - master.changelog.json: migration/node-core.changelog-v4.xml::attchments_rename::R3.Corda: Changeset migration/node-core.changelog-v4.xml::attchments_rename::R3.Corda
14:02:17.740 [Test worker] DEBUG liquibase - master.changelog.json: migration/node-core.changelog-v4.xml::attchments_rename::R3.Corda: Reading ChangeSet: migration/node-core.changelog-v4.xml::attchments_rename::R3.Corda
14:02:17.740 [Test worker] DEBUG liquibase - master.changelog.json: migration/node-core.changelog-v4.xml::attchments_rename::R3.Corda: Executing Statement: liquibase.statement.core.RenameTableStatement@647a37ff
14:02:17.740 [Test worker] DEBUG liquibase - master.changelog.json: migration/node-core.changelog-v4.xml::attchments_rename::R3.Corda: Executing EXECUTE database command: ALTER TABLE PUBLIC.node_attchments_contracts RENAME TO node_attachments_contracts
14:02:17.740 [Test worker] INFO liquibase - master.changelog.json: migration/node-core.changelog-v4.xml::attchments_rename::R3.Corda: Table node_attchments_contracts renamed to node_attachments_contracts
14:02:17.740 [Test worker] INFO liquibase - master.changelog.json: migration/node-core.changelog-v4.xml::attchments_rename::R3.Corda: ChangeSet migration/node-core.changelog-v4.xml::attchments_rename::R3.Corda ran successfully in 0ms
14:02:17.741 [Test worker] DEBUG liquibase - master.changelog.json: migration/node-core.changelog-v4.xml::attchments_rename::R3.Corda: Executing EXECUTE database command: INSERT INTO PUBLIC.DATABASECHANGELOG (ID, AUTHOR, FILENAME, DATEEXECUTED, ORDEREXECUTED, MD5SUM, DESCRIPTION, COMMENTS, EXECTYPE, CONTEXTS, LABELS, LIQUIBASE, DEPLOYMENT_ID) VALUES ('attchments_rename', 'R3.Corda', 'migration/node-core.changelog-v4.xml', NOW(), 68, '7:9c9553fbc45dfa0ec2117a113b1bfb13', 'renameTable newTableName=node_attachments_contracts, oldTableName=node_attchments_contracts', '', 'EXECUTED', NULL, NULL, '3.5.4', '0860137141')
14:02:17.742 [Test worker] DEBUG liquibase - master.changelog.json: migration/node-core.changelog-v4.xml::nullability::R3.Corda: Running Changeset:migration/node-core.changelog-v4.xml::nullability::R3.Corda
14:02:17.742 [Test worker] DEBUG liquibase - master.changelog.json: migration/node-core.changelog-v4.xml::nullability::R3.Corda: Changeset migration/node-core.changelog-v4.xml::nullability::R3.Corda
14:02:17.742 [Test worker] DEBUG liquibase - master.changelog.json: migration/node-core.changelog-v4.xml::nullability::R3.Corda: Reading ChangeSet: migration/node-core.changelog-v4.xml::nullability::R3.Corda
14:02:17.742 [Test worker] DEBUG liquibase - master.changelog.json: migration/node-core.changelog-v4.xml::nullability::R3.Corda: Executing Statement: liquibase.statement.core.SetNullableStatement@46c14a3f
14:02:17.742 [Test worker] DEBUG liquibase - master.changelog.json: migration/node-core.changelog-v4.xml::nullability::R3.Corda: Executing EXECUTE database command: ALTER TABLE PUBLIC.node_identities ALTER COLUMN identity_value SET NOT NULL
14:02:17.742 [Test worker] INFO liquibase - master.changelog.json: migration/node-core.changelog-v4.xml::nullability::R3.Corda: Null constraint has been added to node_identities.identity_value
14:02:17.742 [Test worker] DEBUG liquibase - master.changelog.json: migration/node-core.changelog-v4.xml::nullability::R3.Corda: Executing Statement: liquibase.statement.core.SetNullableStatement@18f6d04c
14:02:17.742 [Test worker] DEBUG liquibase - master.changelog.json: migration/node-core.changelog-v4.xml::nullability::R3.Corda: Executing EXECUTE database command: ALTER TABLE PUBLIC.node_attachments ALTER COLUMN content SET NOT NULL
14:02:17.743 [Test worker] INFO liquibase - master.changelog.json: migration/node-core.changelog-v4.xml::nullability::R3.Corda: Null constraint has been added to node_attachments.content
14:02:17.743 [Test worker] DEBUG liquibase - master.changelog.json: migration/node-core.changelog-v4.xml::nullability::R3.Corda: Executing Statement: liquibase.statement.core.SetNullableStatement@6b862354
14:02:17.743 [Test worker] DEBUG liquibase - master.changelog.json: migration/node-core.changelog-v4.xml::nullability::R3.Corda: Executing EXECUTE database command: ALTER TABLE PUBLIC.node_attachments_contracts ALTER COLUMN contract_class_name SET NOT NULL
14:02:17.743 [Test worker] INFO liquibase - master.changelog.json: migration/node-core.changelog-v4.xml::nullability::R3.Corda: Null constraint has been added to node_attachments_contracts.contract_class_name
14:02:17.743 [Test worker] DEBUG liquibase - master.changelog.json: migration/node-core.changelog-v4.xml::nullability::R3.Corda: Executing Statement: liquibase.statement.core.SetNullableStatement@3ddf59d4
14:02:17.743 [Test worker] DEBUG liquibase - master.changelog.json: migration/node-core.changelog-v4.xml::nullability::R3.Corda: Executing EXECUTE database command: ALTER TABLE PUBLIC.node_checkpoints ALTER COLUMN checkpoint_value SET NOT NULL
14:02:17.743 [Test worker] INFO liquibase - master.changelog.json: migration/node-core.changelog-v4.xml::nullability::R3.Corda: Null constraint has been added to node_checkpoints.checkpoint_value
14:02:17.743 [Test worker] DEBUG liquibase - master.changelog.json: migration/node-core.changelog-v4.xml::nullability::R3.Corda: Executing Statement: liquibase.statement.core.SetNullableStatement@101d3e44
14:02:17.744 [Test worker] DEBUG liquibase - master.changelog.json: migration/node-core.changelog-v4.xml::nullability::R3.Corda: Executing EXECUTE database command: ALTER TABLE PUBLIC.node_contract_upgrades ALTER COLUMN contract_class_name SET NOT NULL
14:02:17.744 [Test worker] INFO liquibase - master.changelog.json: migration/node-core.changelog-v4.xml::nullability::R3.Corda: Null constraint has been added to node_contract_upgrades.contract_class_name
14:02:17.744 [Test worker] DEBUG liquibase - master.changelog.json: migration/node-core.changelog-v4.xml::nullability::R3.Corda: Executing Statement: liquibase.statement.core.SetNullableStatement@680b7196
14:02:17.744 [Test worker] DEBUG liquibase - master.changelog.json: migration/node-core.changelog-v4.xml::nullability::R3.Corda: Executing EXECUTE database command: ALTER TABLE PUBLIC.node_message_ids ALTER COLUMN insertion_time SET NOT NULL
14:02:17.744 [Test worker] INFO liquibase - master.changelog.json: migration/node-core.changelog-v4.xml::nullability::R3.Corda: Null constraint has been added to node_message_ids.insertion_time
14:02:17.744 [Test worker] DEBUG liquibase - master.changelog.json: migration/node-core.changelog-v4.xml::nullability::R3.Corda: Executing Statement: liquibase.statement.core.SetNullableStatement@293e79d
14:02:17.744 [Test worker] DEBUG liquibase - master.changelog.json: migration/node-core.changelog-v4.xml::nullability::R3.Corda: Executing EXECUTE database command: ALTER TABLE PUBLIC.node_message_retry ALTER COLUMN message SET NOT NULL
14:02:17.744 [Test worker] INFO liquibase - master.changelog.json: migration/node-core.changelog-v4.xml::nullability::R3.Corda: Null constraint has been added to node_message_retry.message
14:02:17.744 [Test worker] DEBUG liquibase - master.changelog.json: migration/node-core.changelog-v4.xml::nullability::R3.Corda: Executing Statement: liquibase.statement.core.SetNullableStatement@72db9af9
14:02:17.744 [Test worker] DEBUG liquibase - master.changelog.json: migration/node-core.changelog-v4.xml::nullability::R3.Corda: Executing EXECUTE database command: ALTER TABLE PUBLIC.node_message_retry ALTER COLUMN recipients SET NOT NULL
14:02:17.745 [Test worker] INFO liquibase - master.changelog.json: migration/node-core.changelog-v4.xml::nullability::R3.Corda: Null constraint has been added to node_message_retry.recipients
14:02:17.745 [Test worker] DEBUG liquibase - master.changelog.json: migration/node-core.changelog-v4.xml::nullability::R3.Corda: Executing Statement: liquibase.statement.core.SetNullableStatement@3cf2590e
14:02:17.745 [Test worker] DEBUG liquibase - master.changelog.json: migration/node-core.changelog-v4.xml::nullability::R3.Corda: Executing EXECUTE database command: ALTER TABLE PUBLIC.node_named_identities ALTER COLUMN pk_hash SET NOT NULL
14:02:17.746 [Test worker] INFO liquibase - master.changelog.json: migration/node-core.changelog-v4.xml::nullability::R3.Corda: Null constraint has been added to node_named_identities.pk_hash
14:02:17.746 [Test worker] DEBUG liquibase - master.changelog.json: migration/node-core.changelog-v4.xml::nullability::R3.Corda: Executing Statement: liquibase.statement.core.SetNullableStatement@2da40794
14:02:17.746 [Test worker] DEBUG liquibase - master.changelog.json: migration/node-core.changelog-v4.xml::nullability::R3.Corda: Executing EXECUTE database command: ALTER TABLE PUBLIC.node_our_key_pairs ALTER COLUMN private_key SET NOT NULL
14:02:17.747 [Test worker] INFO liquibase - master.changelog.json: migration/node-core.changelog-v4.xml::nullability::R3.Corda: Null constraint has been added to node_our_key_pairs.private_key
14:02:17.747 [Test worker] DEBUG liquibase - master.changelog.json: migration/node-core.changelog-v4.xml::nullability::R3.Corda: Executing Statement: liquibase.statement.core.SetNullableStatement@25bbe00b
14:02:17.747 [Test worker] DEBUG liquibase - master.changelog.json: migration/node-core.changelog-v4.xml::nullability::R3.Corda: Executing EXECUTE database command: ALTER TABLE PUBLIC.node_our_key_pairs ALTER COLUMN public_key SET NOT NULL
14:02:17.747 [Test worker] INFO liquibase - master.changelog.json: migration/node-core.changelog-v4.xml::nullability::R3.Corda: Null constraint has been added to node_our_key_pairs.public_key
14:02:17.747 [Test worker] DEBUG liquibase - master.changelog.json: migration/node-core.changelog-v4.xml::nullability::R3.Corda: Executing Statement: liquibase.statement.core.SetNullableStatement@19d33469
14:02:17.747 [Test worker] DEBUG liquibase - master.changelog.json: migration/node-core.changelog-v4.xml::nullability::R3.Corda: Executing EXECUTE database command: ALTER TABLE PUBLIC.node_transaction_mappings ALTER COLUMN state_machine_run_id SET NOT NULL
14:02:17.748 [Test worker] INFO liquibase - master.changelog.json: migration/node-core.changelog-v4.xml::nullability::R3.Corda: Null constraint has been added to node_transaction_mappings.state_machine_run_id
14:02:17.748 [Test worker] DEBUG liquibase - master.changelog.json: migration/node-core.changelog-v4.xml::nullability::R3.Corda: Executing Statement: liquibase.statement.core.SetNullableStatement@175bbe20
14:02:17.748 [Test worker] DEBUG liquibase - master.changelog.json: migration/node-core.changelog-v4.xml::nullability::R3.Corda: Executing EXECUTE database command: ALTER TABLE PUBLIC.node_transactions ALTER COLUMN transaction_value SET NOT NULL
14:02:17.748 [Test worker] INFO liquibase - master.changelog.json: migration/node-core.changelog-v4.xml::nullability::R3.Corda: Null constraint has been added to node_transactions.transaction_value
14:02:17.748 [Test worker] INFO liquibase - master.changelog.json: migration/node-core.changelog-v4.xml::nullability::R3.Corda: ChangeSet migration/node-core.changelog-v4.xml::nullability::R3.Corda ran successfully in 6ms
14:02:17.750 [Test worker] DEBUG liquibase - master.changelog.json: migration/node-core.changelog-v4.xml::nullability::R3.Corda: Executing EXECUTE database command: INSERT INTO PUBLIC.DATABASECHANGELOG (ID, AUTHOR, FILENAME, DATEEXECUTED, ORDEREXECUTED, MD5SUM, DESCRIPTION, COMMENTS, EXECTYPE, CONTEXTS, LABELS, LIQUIBASE, DEPLOYMENT_ID) VALUES ('nullability', 'R3.Corda', 'migration/node-core.changelog-v4.xml', NOW(), 69, '7:73b3f89cdd2a42efebeb125648c28191', 'addNotNullConstraint columnName=identity_value, tableName=node_identities; addNotNullConstraint columnName=content, tableName=node_attachments; addNotNullConstraint columnName=contract_class_name, tableName=node_attachments_contracts; addNotNullCo...', '', 'EXECUTED', NULL, NULL, '3.5.4', '0860137141')
14:02:17.751 [Test worker] DEBUG liquibase - master.changelog.json: migration/node-core.changelog-v5.xml::remove_unused_node_message_retry::R3.Corda: Running Changeset:migration/node-core.changelog-v5.xml::remove_unused_node_message_retry::R3.Corda
14:02:17.751 [Test worker] DEBUG liquibase - master.changelog.json: migration/node-core.changelog-v5.xml::remove_unused_node_message_retry::R3.Corda: Changeset migration/node-core.changelog-v5.xml::remove_unused_node_message_retry::R3.Corda
14:02:17.751 [Test worker] DEBUG liquibase - master.changelog.json: migration/node-core.changelog-v5.xml::remove_unused_node_message_retry::R3.Corda: Reading ChangeSet: migration/node-core.changelog-v5.xml::remove_unused_node_message_retry::R3.Corda
14:02:17.751 [Test worker] DEBUG liquibase - master.changelog.json: migration/node-core.changelog-v5.xml::remove_unused_node_message_retry::R3.Corda: Executing Statement: liquibase.statement.core.DropTableStatement@4dda8a43
14:02:17.751 [Test worker] DEBUG liquibase - master.changelog.json: migration/node-core.changelog-v5.xml::remove_unused_node_message_retry::R3.Corda: Executing EXECUTE database command: DROP TABLE PUBLIC.node_message_retry
14:02:17.751 [Test worker] INFO liquibase - master.changelog.json: migration/node-core.changelog-v5.xml::remove_unused_node_message_retry::R3.Corda: Table node_message_retry dropped
14:02:17.751 [Test worker] INFO liquibase - master.changelog.json: migration/node-core.changelog-v5.xml::remove_unused_node_message_retry::R3.Corda: ChangeSet migration/node-core.changelog-v5.xml::remove_unused_node_message_retry::R3.Corda ran successfully in 0ms
14:02:17.752 [Test worker] DEBUG liquibase - master.changelog.json: migration/node-core.changelog-v5.xml::remove_unused_node_message_retry::R3.Corda: Executing EXECUTE database command: INSERT INTO PUBLIC.DATABASECHANGELOG (ID, AUTHOR, FILENAME, DATEEXECUTED, ORDEREXECUTED, MD5SUM, DESCRIPTION, COMMENTS, EXECTYPE, CONTEXTS, LABELS, LIQUIBASE, DEPLOYMENT_ID) VALUES ('remove_unused_node_message_retry', 'R3.Corda', 'migration/node-core.changelog-v5.xml', NOW(), 70, '7:cd120ad46e3a88b0eeaa7ffdcf8a0861', 'dropTable tableName=node_message_retry', '', 'EXECUTED', NULL, NULL, '3.5.4', '0860137141')
14:02:17.753 [Test worker] DEBUG liquibase - master.changelog.json: migration/node-core.changelog-pkey.xml::non-clustered_pk-1::R3.Corda: Running Changeset:migration/node-core.changelog-pkey.xml::non-clustered_pk-1::R3.Corda
14:02:17.754 [Test worker] DEBUG liquibase - master.changelog.json: migration/node-core.changelog-pkey.xml::non-clustered_pk-1::R3.Corda: Executing EXECUTE database command: INSERT INTO PUBLIC.DATABASECHANGELOG (ID, AUTHOR, FILENAME, DATEEXECUTED, ORDEREXECUTED, MD5SUM, DESCRIPTION, COMMENTS, EXECTYPE, CONTEXTS, LABELS, LIQUIBASE, DEPLOYMENT_ID) VALUES ('non-clustered_pk-1', 'R3.Corda', 'migration/node-core.changelog-pkey.xml', NOW(), 71, '7:eb9d9d13536371a16c05f8a89051e6b0', 'dropPrimaryKey constraintName=node_checkpoints_pkey, tableName=node_checkpoints; addPrimaryKey constraintName=node_checkpoints_pkey, tableName=node_checkpoints', '', 'MARK_RAN', NULL, NULL, '3.5.4', '0860137141')
14:02:17.794 [Test worker] DEBUG liquibase - master.changelog.json: migration/node-core.changelog-pkey.xml::non-clustered_pk-2::R3.Corda: Running Changeset:migration/node-core.changelog-pkey.xml::non-clustered_pk-2::R3.Corda
14:02:17.795 [Test worker] DEBUG liquibase - master.changelog.json: migration/node-core.changelog-pkey.xml::non-clustered_pk-2::R3.Corda: Executing EXECUTE database command: INSERT INTO PUBLIC.DATABASECHANGELOG (ID, AUTHOR, FILENAME, DATEEXECUTED, ORDEREXECUTED, MD5SUM, DESCRIPTION, COMMENTS, EXECTYPE, CONTEXTS, LABELS, LIQUIBASE, DEPLOYMENT_ID) VALUES ('non-clustered_pk-2', 'R3.Corda', 'migration/node-core.changelog-pkey.xml', NOW(), 72, '7:d4192425f4f38b39f3b09611028e5c14', 'dropPrimaryKey constraintName=node_identities_pkey, tableName=node_identities; addPrimaryKey constraintName=node_identities_pkey, tableName=node_identities', '', 'MARK_RAN', NULL, NULL, '3.5.4', '0860137141')
14:02:17.796 [Test worker] DEBUG liquibase - master.changelog.json: migration/node-core.changelog-pkey.xml::non-clustered_pk-3::R3.Corda: Running Changeset:migration/node-core.changelog-pkey.xml::non-clustered_pk-3::R3.Corda
14:02:17.797 [Test worker] DEBUG liquibase - master.changelog.json: migration/node-core.changelog-pkey.xml::non-clustered_pk-3::R3.Corda: Executing EXECUTE database command: INSERT INTO PUBLIC.DATABASECHANGELOG (ID, AUTHOR, FILENAME, DATEEXECUTED, ORDEREXECUTED, MD5SUM, DESCRIPTION, COMMENTS, EXECTYPE, CONTEXTS, LABELS, LIQUIBASE, DEPLOYMENT_ID) VALUES ('non-clustered_pk-3', 'R3.Corda', 'migration/node-core.changelog-pkey.xml', NOW(), 73, '7:9773a095cc1db7ea3a66e7e5565bb58e', 'dropPrimaryKey constraintName=node_message_ids_pkey, tableName=node_message_ids; addPrimaryKey constraintName=node_message_ids_pkey, tableName=node_message_ids', '', 'MARK_RAN', NULL, NULL, '3.5.4', '0860137141')
14:02:17.797 [Test worker] DEBUG liquibase - master.changelog.json: migration/node-core.changelog-pkey.xml::non-clustered_pk-4::R3.Corda: Running Changeset:migration/node-core.changelog-pkey.xml::non-clustered_pk-4::R3.Corda
14:02:17.799 [Test worker] DEBUG liquibase - master.changelog.json: migration/node-core.changelog-pkey.xml::non-clustered_pk-4::R3.Corda: Executing EXECUTE database command: INSERT INTO PUBLIC.DATABASECHANGELOG (ID, AUTHOR, FILENAME, DATEEXECUTED, ORDEREXECUTED, MD5SUM, DESCRIPTION, COMMENTS, EXECTYPE, CONTEXTS, LABELS, LIQUIBASE, DEPLOYMENT_ID) VALUES ('non-clustered_pk-4', 'R3.Corda', 'migration/node-core.changelog-pkey.xml', NOW(), 74, '7:f1e21d4abffbb24133e752eb9cd6a162', 'dropPrimaryKey constraintName=node_named_identities_pkey, tableName=node_named_identities; addPrimaryKey constraintName=node_named_identities_pkey, tableName=node_named_identities', '', 'MARK_RAN', NULL, NULL, '3.5.4', '0860137141')
14:02:17.799 [Test worker] DEBUG liquibase - master.changelog.json: migration/node-core.changelog-pkey.xml::non-clustered_pk-5::R3.Corda: Running Changeset:migration/node-core.changelog-pkey.xml::non-clustered_pk-5::R3.Corda
14:02:17.800 [Test worker] DEBUG liquibase - master.changelog.json: migration/node-core.changelog-pkey.xml::non-clustered_pk-5::R3.Corda: Executing EXECUTE database command: INSERT INTO PUBLIC.DATABASECHANGELOG (ID, AUTHOR, FILENAME, DATEEXECUTED, ORDEREXECUTED, MD5SUM, DESCRIPTION, COMMENTS, EXECTYPE, CONTEXTS, LABELS, LIQUIBASE, DEPLOYMENT_ID) VALUES ('non-clustered_pk-5', 'R3.Corda', 'migration/node-core.changelog-pkey.xml', NOW(), 75, '7:4ea09df2dbab99be33f8251a40d1c5a6', 'dropPrimaryKey constraintName=node_our_key_pairs_pkey, tableName=node_our_key_pairs; addPrimaryKey constraintName=node_our_key_pairs_pkey, tableName=node_our_key_pairs', '', 'MARK_RAN', NULL, NULL, '3.5.4', '0860137141')
14:02:17.801 [Test worker] DEBUG liquibase - master.changelog.json: migration/node-core.changelog-pkey.xml::non-clustered_pk-6::R3.Corda: Running Changeset:migration/node-core.changelog-pkey.xml::non-clustered_pk-6::R3.Corda
14:02:17.818 [Test worker] DEBUG liquibase - master.changelog.json: migration/node-core.changelog-pkey.xml::non-clustered_pk-6::R3.Corda: Executing EXECUTE database command: INSERT INTO PUBLIC.DATABASECHANGELOG (ID, AUTHOR, FILENAME, DATEEXECUTED, ORDEREXECUTED, MD5SUM, DESCRIPTION, COMMENTS, EXECTYPE, CONTEXTS, LABELS, LIQUIBASE, DEPLOYMENT_ID) VALUES ('non-clustered_pk-6', 'R3.Corda', 'migration/node-core.changelog-pkey.xml', NOW(), 76, '7:cb349ad07d3039e6d7d2f184988b954f', 'dropPrimaryKey constraintName=node_transaction_mappings_pkey, tableName=node_transaction_mappings; addPrimaryKey constraintName=node_transaction_mappings_pkey, tableName=node_transaction_mappings', '', 'MARK_RAN', NULL, NULL, '3.5.4', '0860137141')
14:02:17.819 [Test worker] DEBUG liquibase - master.changelog.json: migration/node-core.changelog-pkey.xml::non-clustered_pk-7::R3.Corda: Running Changeset:migration/node-core.changelog-pkey.xml::non-clustered_pk-7::R3.Corda
14:02:17.821 [Test worker] DEBUG liquibase - master.changelog.json: migration/node-core.changelog-pkey.xml::non-clustered_pk-7::R3.Corda: Executing EXECUTE database command: INSERT INTO PUBLIC.DATABASECHANGELOG (ID, AUTHOR, FILENAME, DATEEXECUTED, ORDEREXECUTED, MD5SUM, DESCRIPTION, COMMENTS, EXECTYPE, CONTEXTS, LABELS, LIQUIBASE, DEPLOYMENT_ID) VALUES ('non-clustered_pk-7', 'R3.Corda', 'migration/node-core.changelog-pkey.xml', NOW(), 77, '7:97c3ef240152c18129859ea5ae999c9e', 'dropPrimaryKey constraintName=node_transactions_pkey, tableName=node_transactions; addPrimaryKey constraintName=node_transactions_pkey, tableName=node_transactions', '', 'MARK_RAN', NULL, NULL, '3.5.4', '0860137141')
14:02:17.821 [Test worker] DEBUG liquibase - master.changelog.json: migration/node-core.changelog-v8.xml::conditional_attchments_rename::R3.Corda: Running Changeset:migration/node-core.changelog-v8.xml::conditional_attchments_rename::R3.Corda
14:02:17.822 [Test worker] DEBUG liquibase - master.changelog.json: migration/node-core.changelog-v8.xml::conditional_attchments_rename::R3.Corda: Changeset migration/node-core.changelog-v8.xml::conditional_attchments_rename::R3.Corda
14:02:17.845 [Test worker] INFO liquibase - master.changelog.json: migration/node-core.changelog-v8.xml::conditional_attchments_rename::R3.Corda: Marking ChangeSet: migration/node-core.changelog-v8.xml::conditional_attchments_rename::R3.Corda ran despite precondition failure due to onFail='MARK_RAN': 
          master.changelog.json : Table PUBLIC.NODE_ATTCHMENTS_CONTRACTS does not exist

14:02:17.846 [Test worker] DEBUG liquibase - master.changelog.json: migration/node-core.changelog-v8.xml::conditional_attchments_rename::R3.Corda: Skipping ChangeSet: migration/node-core.changelog-v8.xml::conditional_attchments_rename::R3.Corda
14:02:17.847 [Test worker] DEBUG liquibase - master.changelog.json: migration/node-core.changelog-v8.xml::conditional_attchments_rename::R3.Corda: Executing EXECUTE database command: INSERT INTO PUBLIC.DATABASECHANGELOG (ID, AUTHOR, FILENAME, DATEEXECUTED, ORDEREXECUTED, MD5SUM, DESCRIPTION, COMMENTS, EXECTYPE, CONTEXTS, LABELS, LIQUIBASE, DEPLOYMENT_ID) VALUES ('conditional_attchments_rename', 'R3.Corda', 'migration/node-core.changelog-v8.xml', NOW(), 78, '7:c7fcf1b072eb8882179623895abd6a53', 'renameTable newTableName=NODE_ATTACHMENTS_CONTRACTS, oldTableName=NODE_ATTCHMENTS_CONTRACTS', '', 'MARK_RAN', NULL, NULL, '3.5.4', '0860137141')
14:02:17.848 [Test worker] DEBUG liquibase - master.changelog.json: migration/node-core.changelog-v8.xml::conditional_attchments_contracts::R3.Corda: Running Changeset:migration/node-core.changelog-v8.xml::conditional_attchments_contracts::R3.Corda
14:02:17.848 [Test worker] DEBUG liquibase - master.changelog.json: migration/node-core.changelog-v8.xml::conditional_attchments_contracts::R3.Corda: Changeset migration/node-core.changelog-v8.xml::conditional_attchments_contracts::R3.Corda
14:02:17.900 [Test worker] INFO liquibase - master.changelog.json: migration/node-core.changelog-v8.xml::conditional_attchments_contracts::R3.Corda: Marking ChangeSet: migration/node-core.changelog-v8.xml::conditional_attchments_contracts::R3.Corda ran despite precondition failure due to onFail='MARK_RAN': 
          master.changelog.json : Table PUBLIC.NODE_ATTACHMENTS_CONTRACT_CLASS_NAME does not exist

14:02:17.900 [Test worker] DEBUG liquibase - master.changelog.json: migration/node-core.changelog-v8.xml::conditional_attchments_contracts::R3.Corda: Skipping ChangeSet: migration/node-core.changelog-v8.xml::conditional_attchments_contracts::R3.Corda
14:02:17.901 [Test worker] DEBUG liquibase - master.changelog.json: migration/node-core.changelog-v8.xml::conditional_attchments_contracts::R3.Corda: Executing EXECUTE database command: INSERT INTO PUBLIC.DATABASECHANGELOG (ID, AUTHOR, FILENAME, DATEEXECUTED, ORDEREXECUTED, MD5SUM, DESCRIPTION, COMMENTS, EXECTYPE, CONTEXTS, LABELS, LIQUIBASE, DEPLOYMENT_ID) VALUES ('conditional_attchments_contracts', 'R3.Corda', 'migration/node-core.changelog-v8.xml', NOW(), 79, '7:9ec85543b6baac8a877ad21f063a5b13', 'renameTable newTableName=NODE_ATTACHMENTS_CONTRACTS, oldTableName=NODE_ATTACHMENTS_CONTRACT_CLASS_NAME', '', 'MARK_RAN', NULL, NULL, '3.5.4', '0860137141')
14:02:17.903 [Test worker] DEBUG liquibase - master.changelog.json: migration/node-core.changelog-v8.xml::add_signers::R3.Corda: Running Changeset:migration/node-core.changelog-v8.xml::add_signers::R3.Corda
14:02:17.903 [Test worker] DEBUG liquibase - master.changelog.json: migration/node-core.changelog-v8.xml::add_signers::R3.Corda: Changeset migration/node-core.changelog-v8.xml::add_signers::R3.Corda
14:02:17.904 [Test worker] DEBUG liquibase - master.changelog.json: migration/node-core.changelog-v8.xml::add_signers::R3.Corda: Reading ChangeSet: migration/node-core.changelog-v8.xml::add_signers::R3.Corda
14:02:17.904 [Test worker] DEBUG liquibase - master.changelog.json: migration/node-core.changelog-v8.xml::add_signers::R3.Corda: Executing Statement: liquibase.statement.core.CreateTableStatement@42559efa
14:02:17.904 [Test worker] DEBUG liquibase - master.changelog.json: migration/node-core.changelog-v8.xml::add_signers::R3.Corda: Executing EXECUTE database command: CREATE TABLE PUBLIC.node_attachments_signers (att_id NVARCHAR(255) NOT NULL, signer NVARCHAR(1024))
14:02:17.905 [Test worker] INFO liquibase - master.changelog.json: migration/node-core.changelog-v8.xml::add_signers::R3.Corda: Table node_attachments_signers created
14:02:17.905 [Test worker] DEBUG liquibase - master.changelog.json: migration/node-core.changelog-v8.xml::add_signers::R3.Corda: Executing Statement: liquibase.statement.core.AddForeignKeyConstraintStatement@e448e64
14:02:17.905 [Test worker] DEBUG liquibase - master.changelog.json: migration/node-core.changelog-v8.xml::add_signers::R3.Corda: Executing EXECUTE database command: ALTER TABLE PUBLIC.node_attachments_signers ADD CONSTRAINT FK__signers__attachments FOREIGN KEY (att_id) REFERENCES PUBLIC.node_attachments (att_id)
14:02:17.906 [Test worker] INFO liquibase - master.changelog.json: migration/node-core.changelog-v8.xml::add_signers::R3.Corda: Foreign key constraint added to node_attachments_signers (att_id)
14:02:17.906 [Test worker] INFO liquibase - master.changelog.json: migration/node-core.changelog-v8.xml::add_signers::R3.Corda: ChangeSet migration/node-core.changelog-v8.xml::add_signers::R3.Corda ran successfully in 3ms
14:02:17.907 [Test worker] DEBUG liquibase - master.changelog.json: migration/node-core.changelog-v8.xml::add_signers::R3.Corda: Executing EXECUTE database command: INSERT INTO PUBLIC.DATABASECHANGELOG (ID, AUTHOR, FILENAME, DATEEXECUTED, ORDEREXECUTED, MD5SUM, DESCRIPTION, COMMENTS, EXECTYPE, CONTEXTS, LABELS, LIQUIBASE, DEPLOYMENT_ID) VALUES ('add_signers', 'R3.Corda', 'migration/node-core.changelog-v8.xml', NOW(), 80, '7:d1356cd65d19937b81284ea078998d84', 'createTable tableName=node_attachments_signers; addForeignKeyConstraint baseTableName=node_attachments_signers, constraintName=FK__signers__attachments, referencedTableName=node_attachments', '', 'EXECUTED', NULL, NULL, '3.5.4', '0860137141')
14:02:17.908 [Test worker] DEBUG liquibase - master.changelog.json: migration/node-core.changelog-tx-mapping.xml::add_tx_mapping_column::R3.Corda: Running Changeset:migration/node-core.changelog-tx-mapping.xml::add_tx_mapping_column::R3.Corda
14:02:17.908 [Test worker] DEBUG liquibase - master.changelog.json: migration/node-core.changelog-tx-mapping.xml::add_tx_mapping_column::R3.Corda: Changeset migration/node-core.changelog-tx-mapping.xml::add_tx_mapping_column::R3.Corda
14:02:17.909 [Test worker] DEBUG liquibase - master.changelog.json: migration/node-core.changelog-tx-mapping.xml::add_tx_mapping_column::R3.Corda: Reading ChangeSet: migration/node-core.changelog-tx-mapping.xml::add_tx_mapping_column::R3.Corda
14:02:17.909 [Test worker] DEBUG liquibase - master.changelog.json: migration/node-core.changelog-tx-mapping.xml::add_tx_mapping_column::R3.Corda: Executing Statement: liquibase.statement.core.AddColumnStatement@79c17625
14:02:17.914 [Test worker] DEBUG liquibase - master.changelog.json: migration/node-core.changelog-tx-mapping.xml::add_tx_mapping_column::R3.Corda: Executing EXECUTE database command: ALTER TABLE PUBLIC.node_transactions ADD state_machine_run_id NVARCHAR(36)
14:02:17.917 [Test worker] INFO liquibase - master.changelog.json: migration/node-core.changelog-tx-mapping.xml::add_tx_mapping_column::R3.Corda: Columns state_machine_run_id(NVARCHAR(36)) added to node_transactions
14:02:17.918 [Test worker] DEBUG liquibase - master.changelog.json: migration/node-core.changelog-tx-mapping.xml::add_tx_mapping_column::R3.Corda: Executing Statement: update node_transactions set state_machine_run_id=(select state_machine_run_id from
            node_transaction_mappings where node_transactions.tx_id = node_transaction_mappings.tx_id)
14:02:17.918 [Test worker] DEBUG liquibase - master.changelog.json: migration/node-core.changelog-tx-mapping.xml::add_tx_mapping_column::R3.Corda: Executing EXECUTE database command: update node_transactions set state_machine_run_id=(select state_machine_run_id from
            node_transaction_mappings where node_transactions.tx_id = node_transaction_mappings.tx_id)
14:02:17.918 [Test worker] INFO liquibase - master.changelog.json: migration/node-core.changelog-tx-mapping.xml::add_tx_mapping_column::R3.Corda: Custom SQL executed
14:02:17.918 [Test worker] DEBUG liquibase - master.changelog.json: migration/node-core.changelog-tx-mapping.xml::add_tx_mapping_column::R3.Corda: Executing Statement: liquibase.statement.core.DropTableStatement@3994aff5
14:02:17.918 [Test worker] DEBUG liquibase - master.changelog.json: migration/node-core.changelog-tx-mapping.xml::add_tx_mapping_column::R3.Corda: Executing EXECUTE database command: DROP TABLE PUBLIC.node_transaction_mappings
14:02:17.918 [Test worker] INFO liquibase - master.changelog.json: migration/node-core.changelog-tx-mapping.xml::add_tx_mapping_column::R3.Corda: Table node_transaction_mappings dropped
14:02:17.918 [Test worker] INFO liquibase - master.changelog.json: migration/node-core.changelog-tx-mapping.xml::add_tx_mapping_column::R3.Corda: ChangeSet migration/node-core.changelog-tx-mapping.xml::add_tx_mapping_column::R3.Corda ran successfully in 10ms
14:02:17.919 [Test worker] DEBUG liquibase - master.changelog.json: migration/node-core.changelog-tx-mapping.xml::add_tx_mapping_column::R3.Corda: Executing EXECUTE database command: INSERT INTO PUBLIC.DATABASECHANGELOG (ID, AUTHOR, FILENAME, DATEEXECUTED, ORDEREXECUTED, MD5SUM, DESCRIPTION, COMMENTS, EXECTYPE, CONTEXTS, LABELS, LIQUIBASE, DEPLOYMENT_ID) VALUES ('add_tx_mapping_column', 'R3.Corda', 'migration/node-core.changelog-tx-mapping.xml', NOW(), 81, '7:a0995593179aec45250c383611edd1e2', 'addColumn tableName=node_transactions; sql; dropTable tableName=node_transaction_mappings', '', 'EXECUTED', NULL, NULL, '3.5.4', '0860137141')
14:02:17.920 [Test worker] DEBUG liquibase - master.changelog.json: migration/node-services.changelog-init.xml::add_network_parameters_storage::R3.Corda: Running Changeset:migration/node-services.changelog-init.xml::add_network_parameters_storage::R3.Corda
14:02:17.921 [Test worker] DEBUG liquibase - master.changelog.json: migration/node-services.changelog-init.xml::add_network_parameters_storage::R3.Corda: Changeset migration/node-services.changelog-init.xml::add_network_parameters_storage::R3.Corda
14:02:17.921 [Test worker] DEBUG liquibase - master.changelog.json: migration/node-services.changelog-init.xml::add_network_parameters_storage::R3.Corda: Reading ChangeSet: migration/node-services.changelog-init.xml::add_network_parameters_storage::R3.Corda
14:02:17.921 [Test worker] DEBUG liquibase - master.changelog.json: migration/node-services.changelog-init.xml::add_network_parameters_storage::R3.Corda: Executing Statement: liquibase.statement.core.CreateTableStatement@f1aad68
14:02:17.921 [Test worker] DEBUG liquibase - master.changelog.json: migration/node-services.changelog-init.xml::add_network_parameters_storage::R3.Corda: Executing EXECUTE database command: CREATE TABLE PUBLIC.node_network_parameters (hash NVARCHAR(130) NOT NULL, epoch INT NOT NULL, parameters_bytes BLOB NOT NULL, signature_bytes BLOB NOT NULL, cert BLOB NOT NULL, parent_cert_path BLOB NOT NULL)
14:02:17.926 [Test worker] INFO liquibase - master.changelog.json: migration/node-services.changelog-init.xml::add_network_parameters_storage::R3.Corda: Table node_network_parameters created
14:02:17.926 [Test worker] INFO liquibase - master.changelog.json: migration/node-services.changelog-init.xml::add_network_parameters_storage::R3.Corda: ChangeSet migration/node-services.changelog-init.xml::add_network_parameters_storage::R3.Corda ran successfully in 5ms
14:02:17.927 [Test worker] DEBUG liquibase - master.changelog.json: migration/node-services.changelog-init.xml::add_network_parameters_storage::R3.Corda: Executing EXECUTE database command: INSERT INTO PUBLIC.DATABASECHANGELOG (ID, AUTHOR, FILENAME, DATEEXECUTED, ORDEREXECUTED, MD5SUM, DESCRIPTION, COMMENTS, EXECTYPE, CONTEXTS, LABELS, LIQUIBASE, DEPLOYMENT_ID) VALUES ('add_network_parameters_storage', 'R3.Corda', 'migration/node-services.changelog-init.xml', NOW(), 82, '7:8d5882f94d9f58647903210994573073', 'createTable tableName=node_network_parameters', '', 'EXECUTED', NULL, NULL, '3.5.4', '0860137141')
14:02:17.970 [Test worker] DEBUG liquibase - master.changelog.json: migration/node-services.changelog-init.xml::network_parameters_pk::R3.Corda: Running Changeset:migration/node-services.changelog-init.xml::network_parameters_pk::R3.Corda
14:02:17.970 [Test worker] DEBUG liquibase - master.changelog.json: migration/node-services.changelog-init.xml::network_parameters_pk::R3.Corda: Changeset migration/node-services.changelog-init.xml::network_parameters_pk::R3.Corda
14:02:17.970 [Test worker] DEBUG liquibase - master.changelog.json: migration/node-services.changelog-init.xml::network_parameters_pk::R3.Corda: Reading ChangeSet: migration/node-services.changelog-init.xml::network_parameters_pk::R3.Corda
14:02:17.970 [Test worker] DEBUG liquibase - master.changelog.json: migration/node-services.changelog-init.xml::network_parameters_pk::R3.Corda: Executing Statement: liquibase.statement.core.AddPrimaryKeyStatement@48c0a7e2
14:02:17.970 [Test worker] DEBUG liquibase - master.changelog.json: migration/node-services.changelog-init.xml::network_parameters_pk::R3.Corda: Executing EXECUTE database command: ALTER TABLE PUBLIC.node_network_parameters ADD CONSTRAINT node_network_parameters_pkey PRIMARY KEY (hash)
14:02:17.971 [Test worker] INFO liquibase - master.changelog.json: migration/node-services.changelog-init.xml::network_parameters_pk::R3.Corda: Primary key added to node_network_parameters (hash)
14:02:17.971 [Test worker] INFO liquibase - master.changelog.json: migration/node-services.changelog-init.xml::network_parameters_pk::R3.Corda: ChangeSet migration/node-services.changelog-init.xml::network_parameters_pk::R3.Corda ran successfully in 1ms
14:02:17.972 [Test worker] DEBUG liquibase - master.changelog.json: migration/node-services.changelog-init.xml::network_parameters_pk::R3.Corda: Executing EXECUTE database command: INSERT INTO PUBLIC.DATABASECHANGELOG (ID, AUTHOR, FILENAME, DATEEXECUTED, ORDEREXECUTED, MD5SUM, DESCRIPTION, COMMENTS, EXECTYPE, CONTEXTS, LABELS, LIQUIBASE, DEPLOYMENT_ID) VALUES ('network_parameters_pk', 'R3.Corda', 'migration/node-services.changelog-init.xml', NOW(), 83, '7:71635301bd498e4d52b02988795348e6', 'addPrimaryKey constraintName=node_network_parameters_pkey, tableName=node_network_parameters', '', 'EXECUTED', NULL, NULL, '3.5.4', '0860137141')
14:02:17.973 [Test worker] DEBUG liquibase - master.changelog.json: migration/node-services.changelog-init.xml::add_version_column::R3.Corda: Running Changeset:migration/node-services.changelog-init.xml::add_version_column::R3.Corda
14:02:17.973 [Test worker] DEBUG liquibase - master.changelog.json: migration/node-services.changelog-init.xml::add_version_column::R3.Corda: Changeset migration/node-services.changelog-init.xml::add_version_column::R3.Corda
14:02:17.973 [Test worker] DEBUG liquibase - master.changelog.json: migration/node-services.changelog-init.xml::add_version_column::R3.Corda: Reading ChangeSet: migration/node-services.changelog-init.xml::add_version_column::R3.Corda
14:02:17.973 [Test worker] DEBUG liquibase - master.changelog.json: migration/node-services.changelog-init.xml::add_version_column::R3.Corda: Executing Statement: liquibase.statement.core.AddColumnStatement@5ea0cb18
14:02:17.974 [Test worker] DEBUG liquibase - master.changelog.json: migration/node-services.changelog-init.xml::add_version_column::R3.Corda: Executing EXECUTE database command: ALTER TABLE PUBLIC.node_attachments ADD version INT
14:02:17.978 [Test worker] INFO liquibase - master.changelog.json: migration/node-services.changelog-init.xml::add_version_column::R3.Corda: Columns version(INT) added to node_attachments
14:02:17.981 [Test worker] DEBUG liquibase - master.changelog.json: migration/node-services.changelog-init.xml::add_version_column::R3.Corda: Executing Statement: update node_attachments set version = 1
14:02:17.982 [Test worker] DEBUG liquibase - master.changelog.json: migration/node-services.changelog-init.xml::add_version_column::R3.Corda: Executing EXECUTE database command: update node_attachments set version = 1
14:02:17.983 [Test worker] INFO liquibase - master.changelog.json: migration/node-services.changelog-init.xml::add_version_column::R3.Corda: Custom SQL executed
14:02:17.983 [Test worker] DEBUG liquibase - master.changelog.json: migration/node-services.changelog-init.xml::add_version_column::R3.Corda: Executing Statement: liquibase.statement.core.SetNullableStatement@abe8c92
14:02:17.983 [Test worker] DEBUG liquibase - master.changelog.json: migration/node-services.changelog-init.xml::add_version_column::R3.Corda: Executing EXECUTE database command: ALTER TABLE PUBLIC.node_attachments ALTER COLUMN version SET NOT NULL
14:02:17.984 [Test worker] INFO liquibase - master.changelog.json: migration/node-services.changelog-init.xml::add_version_column::R3.Corda: Null constraint has been added to node_attachments.version
14:02:17.984 [Test worker] INFO liquibase - master.changelog.json: migration/node-services.changelog-init.xml::add_version_column::R3.Corda: ChangeSet migration/node-services.changelog-init.xml::add_version_column::R3.Corda ran successfully in 11ms
14:02:17.986 [Test worker] DEBUG liquibase - master.changelog.json: migration/node-services.changelog-init.xml::add_version_column::R3.Corda: Executing EXECUTE database command: INSERT INTO PUBLIC.DATABASECHANGELOG (ID, AUTHOR, FILENAME, DATEEXECUTED, ORDEREXECUTED, MD5SUM, DESCRIPTION, COMMENTS, EXECTYPE, CONTEXTS, LABELS, LIQUIBASE, DEPLOYMENT_ID) VALUES ('add_version_column', 'R3.Corda', 'migration/node-services.changelog-init.xml', NOW(), 84, '7:7d7fb1c90fa05b5fc3b938fd7c520344', 'addColumn tableName=node_attachments; sql; addNotNullConstraint columnName=version, tableName=node_attachments', '', 'EXECUTED', NULL, NULL, '3.5.4', '0860137141')
14:02:17.986 [Test worker] DEBUG liquibase - master.changelog.json: migration/node-services.changelog-init.xml::update-version-of-whitelisted-jars::R3.Corda: Running Changeset:migration/node-services.changelog-init.xml::update-version-of-whitelisted-jars::R3.Corda
14:02:17.986 [Test worker] DEBUG liquibase - master.changelog.json: migration/node-services.changelog-init.xml::update-version-of-whitelisted-jars::R3.Corda: Changeset migration/node-services.changelog-init.xml::update-version-of-whitelisted-jars::R3.Corda
14:02:17.986 [Test worker] DEBUG liquibase - master.changelog.json: migration/node-services.changelog-init.xml::update-version-of-whitelisted-jars::R3.Corda: Reading ChangeSet: migration/node-services.changelog-init.xml::update-version-of-whitelisted-jars::R3.Corda
14:02:17.987 [Test worker] DEBUG liquibase - master.changelog.json: migration/node-services.changelog-init.xml::update-version-of-whitelisted-jars::R3.Corda: WARNING The following SQL may change each run and therefore is possibly incorrect and/or invalid:
14:02:17.987 [Test worker] INFO net.corda.nodeapi.internal.persistence.AttachmentVersionNumberMigration - Start executing...
14:02:17.993 [Test worker] INFO net.corda.nodeapi.internal.persistence.AttachmentVersionNumberMigration - Attachment version creation from whitelisted JARs using network parameters from build\mock-network\20191012-060133.950\nodes\3\network-parameters, whitelistedContractImplementations: {}.
14:02:17.994 [Test worker] INFO net.corda.nodeapi.internal.persistence.AttachmentVersionNumberMigration - Attachment version creation from whitelisted JARs skipped, no attachments not found.
14:02:17.994 [Test worker] INFO liquibase - master.changelog.json: migration/node-services.changelog-init.xml::update-version-of-whitelisted-jars::R3.Corda: null
14:02:17.994 [Test worker] INFO liquibase - master.changelog.json: migration/node-services.changelog-init.xml::update-version-of-whitelisted-jars::R3.Corda: ChangeSet migration/node-services.changelog-init.xml::update-version-of-whitelisted-jars::R3.Corda ran successfully in 8ms
14:02:17.995 [Test worker] DEBUG liquibase - master.changelog.json: migration/node-services.changelog-init.xml::update-version-of-whitelisted-jars::R3.Corda: Executing EXECUTE database command: INSERT INTO PUBLIC.DATABASECHANGELOG (ID, AUTHOR, FILENAME, DATEEXECUTED, ORDEREXECUTED, MD5SUM, DESCRIPTION, COMMENTS, EXECTYPE, CONTEXTS, LABELS, LIQUIBASE, DEPLOYMENT_ID) VALUES ('update-version-of-whitelisted-jars', 'R3.Corda', 'migration/node-services.changelog-init.xml', NOW(), 85, '7:706b589854273bdf703c4ed7a2a9191b', 'customChange', '', 'EXECUTED', NULL, NULL, '3.5.4', '0860137141')
14:02:17.995 [Test worker] DEBUG liquibase - master.changelog.json: migration/vault-schema.changelog-v9.xml::update-vault-states::R3.Corda: Running Changeset:migration/vault-schema.changelog-v9.xml::update-vault-states::R3.Corda
14:02:17.996 [Test worker] DEBUG liquibase - master.changelog.json: migration/vault-schema.changelog-v9.xml::update-vault-states::R3.Corda: Changeset migration/vault-schema.changelog-v9.xml::update-vault-states::R3.Corda
14:02:17.996 [Test worker] DEBUG liquibase - master.changelog.json: migration/vault-schema.changelog-v9.xml::update-vault-states::R3.Corda: Reading ChangeSet: migration/vault-schema.changelog-v9.xml::update-vault-states::R3.Corda
14:02:17.996 [Test worker] DEBUG liquibase - master.changelog.json: migration/vault-schema.changelog-v9.xml::update-vault-states::R3.Corda: WARNING The following SQL may change each run and therefore is possibly incorrect and/or invalid:
14:02:17.996 [Test worker] INFO net.corda.node.migration.VaultStateMigration - Migrating vault state data to V4 tables
14:02:18.000 [Test worker] INFO net.corda.nodeapi.internal.persistence.HibernateConfiguration - Init HibernateConfiguration for schemas: [VaultMigrationSchemaV1(name=net.corda.node.migration.VaultMigrationSchema, version=1), VaultSchemaV1(name=net.corda.node.services.vault.VaultSchema, version=1)]
14:02:18.000 [Test worker] INFO net.corda.nodeapi.internal.persistence.HibernateConfiguration - Creating session factory for schemas: [VaultMigrationSchemaV1(name=net.corda.node.migration.VaultMigrationSchema, version=1), VaultSchemaV1(name=net.corda.node.services.vault.VaultSchema, version=1)]
?[37m[INFO] 14:02:18,049 [Test worker] internal.ConnectionProviderInitiator.initiateService - HHH000130: Instantiating explicit connection provider: net.corda.nodeapi.internal.persistence.HibernateConfiguration$NodeDatabaseConnectionProvider
?[m?[37m[INFO] 14:02:18,051 [Test worker] dialect.Dialect.<init> - HHH000400: Using dialect: org.hibernate.dialect.H2Dialect
?[m?[37m[INFO] 14:02:18,069 [Test worker] type.BasicTypeRegistry.register - HHH000270: Type registration [materialized_blob] overrides previous : org.hibernate.type.MaterializedBlobType@1a028fcc
?[m14:02:18.156 [MockNode-2-2] DEBUG net.corda.node.services.network.NodeInfoWatcher - Read 0 NodeInfo files from build\mock-network\20191012-060133.950\nodes\1\additional-node-infos
14:02:18.157 [MockNode-2-2] DEBUG net.corda.node.services.network.NodeInfoWatcher - Number of removed NodeInfo files 0
?[37m[INFO] 14:02:18,217 [Test worker] connections.access.getIsolatedConnection - HHH10001501: Connection obtained from JdbcConnectionAccess [org.hibernate.engine.jdbc.env.internal.JdbcEnvironmentInitiator$ConnectionProviderJdbcConnectionAccess@82f9f90] for (non-JTA) DDL execution was not in auto-commit mode; the Connection 'local transaction' will be committed and the Connection will be set into auto-commit mode.
?[m14:02:18.355 [Test worker] INFO net.corda.nodeapi.internal.persistence.HibernateConfiguration - Created session factory for schemas: [VaultMigrationSchemaV1(name=net.corda.node.migration.VaultMigrationSchema, version=1), VaultSchemaV1(name=net.corda.node.services.vault.VaultSchema, version=1)]
?[37m[INFO] 14:02:18,357 [Test worker] internal.QueryTranslatorFactoryInitiator.initiateService - HHH000397: Using ASTQueryTranslatorFactory
?[m14:02:18.369 [Test worker] DEBUG net.corda.node.migration.VaultStateIterator - Found 0 total states in the vault
14:02:18.380 [Test worker] DEBUG net.corda.node.migration.VaultStateIterator - Loaded page 1 of 0. Current page has 0 vault states
14:02:18.380 [Test worker] INFO net.corda.node.migration.VaultStateMigration - Finished performing vault state data migration for 0 states
14:02:18.380 [Test worker] INFO liquibase - master.changelog.json: migration/vault-schema.changelog-v9.xml::update-vault-states::R3.Corda: null
14:02:18.380 [Test worker] INFO liquibase - master.changelog.json: migration/vault-schema.changelog-v9.xml::update-vault-states::R3.Corda: ChangeSet migration/vault-schema.changelog-v9.xml::update-vault-states::R3.Corda ran successfully in 384ms
14:02:18.382 [Test worker] DEBUG liquibase - master.changelog.json: migration/vault-schema.changelog-v9.xml::update-vault-states::R3.Corda: Executing EXECUTE database command: INSERT INTO PUBLIC.DATABASECHANGELOG (ID, AUTHOR, FILENAME, DATEEXECUTED, ORDEREXECUTED, MD5SUM, DESCRIPTION, COMMENTS, EXECTYPE, CONTEXTS, LABELS, LIQUIBASE, DEPLOYMENT_ID) VALUES ('update-vault-states', 'R3.Corda', 'migration/vault-schema.changelog-v9.xml', NOW(), 86, '7:b005d9ddca6ae24f7eb8c275fb095a30', 'customChange', '', 'EXECUTED', NULL, NULL, '3.5.4', '0860137141')
14:02:18.382 [Test worker] DEBUG liquibase - Release Database Lock
14:02:18.382 [Test worker] DEBUG liquibase - Executing UPDATE database command: UPDATE PUBLIC.DATABASECHANGELOGLOCK SET LOCKED = FALSE, LOCKEDBY = NULL, LOCKGRANTED = NULL WHERE ID = 1
14:02:18.383 [Test worker] INFO liquibase - Successfully released change log lock
14:02:18.383 [Test worker] DEBUG com.zaxxer.hikari.pool.PoolBase - HikariPool-4 - Reset (autoCommit, isolation) on connection conn34: url=jdbc:h2:mem:node_3_net_6416157275649019694_persistence user=SA
14:02:18.384 [Test worker] DEBUG com.zaxxer.hikari.pool.PoolBase - HikariPool-4 - Reset (autoCommit, isolation) on connection conn34: url=jdbc:h2:mem:node_3_net_6416157275649019694_persistence user=SA
14:02:18.384 [Test worker] INFO net.corda.testing.node.internal.InternalMockNetwork$MockNode - Connected to H2 database.
14:02:18.384 [Test worker] DEBUG com.zaxxer.hikari.pool.PoolBase - HikariPool-4 - Reset (autoCommit, isolation) on connection conn34: url=jdbc:h2:mem:node_3_net_6416157275649019694_persistence user=SA
14:02:18.385 [Test worker] INFO net.corda.testing.node.internal.InternalMockNetwork$MockNode - identity-private-key not found in key store, generating fresh key!
14:02:18.517 [MockNode-1-2] DEBUG net.corda.node.services.network.NodeInfoWatcher - Read 0 NodeInfo files from build\mock-network\20191012-060133.950\nodes\0\additional-node-infos
14:02:18.517 [MockNode-1-2] DEBUG net.corda.node.services.network.NodeInfoWatcher - Number of removed NodeInfo files 0
14:02:18.544 [Test worker] INFO net.corda.nodeapi.internal.persistence.HibernateConfiguration - Init HibernateConfiguration for schemas: [CommonSchemaV1(name=net.corda.core.schemas.CommonSchema, version=1), VaultSchemaV1(name=net.corda.node.services.vault.VaultSchema, version=1), NodeInfoSchemaV1(name=net.corda.node.internal.schemas.NodeInfoSchema, version=1), NodeCoreV1(name=net.corda.node.services.schema.NodeSchemaService$NodeCore, version=1)]
14:02:18.544 [Test worker] INFO net.corda.nodeapi.internal.persistence.HibernateConfiguration - Creating session factory for schemas: [CommonSchemaV1(name=net.corda.core.schemas.CommonSchema, version=1), VaultSchemaV1(name=net.corda.node.services.vault.VaultSchema, version=1), NodeInfoSchemaV1(name=net.corda.node.internal.schemas.NodeInfoSchema, version=1), NodeCoreV1(name=net.corda.node.services.schema.NodeSchemaService$NodeCore, version=1)]
14:02:18.559 [Test worker] DEBUG com.zaxxer.hikari.pool.PoolBase - HikariPool-4 - Reset (autoCommit, isolation) on connection conn34: url=jdbc:h2:mem:node_3_net_6416157275649019694_persistence user=SA
?[37m[INFO] 14:02:18,555 [Test worker] internal.ConnectionProviderInitiator.initiateService - HHH000130: Instantiating explicit connection provider: net.corda.nodeapi.internal.persistence.HibernateConfiguration$NodeDatabaseConnectionProvider
?[m?[37m[INFO] 14:02:18,558 [Test worker] dialect.Dialect.<init> - HHH000400: Using dialect: org.hibernate.dialect.H2Dialect
?[m?[37m[INFO] 14:02:18,562 [Test worker] type.BasicTypeRegistry.register - HHH000270: Type registration [materialized_blob] overrides previous : org.hibernate.type.MaterializedBlobType@1a028fcc
?[m?[37m[INFO] 14:02:18,837 [Test worker] connections.access.getIsolatedConnection - HHH10001501: Connection obtained from JdbcConnectionAccess [org.hibernate.engine.jdbc.env.internal.JdbcEnvironmentInitiator$ConnectionProviderJdbcConnectionAccess@2a049bab] for (non-JTA) DDL execution was not in auto-commit mode; the Connection 'local transaction' will be committed and the Connection will be set into auto-commit mode.
?[m14:02:18.955 [Test worker] DEBUG com.zaxxer.hikari.pool.PoolBase - HikariPool-4 - Reset (autoCommit, isolation) on connection conn34: url=jdbc:h2:mem:node_3_net_6416157275649019694_persistence user=SA
14:02:18.972 [Test worker] INFO net.corda.nodeapi.internal.persistence.HibernateConfiguration - Created session factory for schemas: [CommonSchemaV1(name=net.corda.core.schemas.CommonSchema, version=1), VaultSchemaV1(name=net.corda.node.services.vault.VaultSchema, version=1), NodeInfoSchemaV1(name=net.corda.node.internal.schemas.NodeInfoSchema, version=1), NodeCoreV1(name=net.corda.node.services.schema.NodeSchemaService$NodeCore, version=1)]
?[37m[INFO] 14:02:18,974 [Test worker] internal.QueryTranslatorFactoryInitiator.initiateService - HHH000397: Using ASTQueryTranslatorFactory
?[m14:02:18.979 [Test worker] INFO net.corda.testing.node.internal.InternalMockNetwork$MockNode - Node-info has changed so submitting update. Old node-info was null
14:02:18.979 [Test worker] INFO net.corda.node.services.network.PersistentNetworkMapCache - Adding node with info: NodeInfo(addresses=[mock.node:1000], legalIdentitiesAndCerts=[O=Broker2, L=New York, C=US], platformVersion=4, serial=1570860138979)
14:02:18.982 [Test worker] INFO net.corda.node.services.network.PersistentNetworkMapCache - No previous node found
14:02:18.984 [Test worker] DEBUG net.corda.node.services.identity.PersistentIdentityService - Registering identity O=Broker2, L=New York, C=US
14:02:18.992 [Test worker] DEBUG net.corda.node.services.network.PersistentNetworkMapCache - Done adding node with info: NodeInfo(addresses=[mock.node:1000], legalIdentitiesAndCerts=[O=Broker2, L=New York, C=US], platformVersion=4, serial=1570860138979)
14:02:18.992 [Test worker] INFO net.corda.testing.node.internal.InternalMockNetwork$MockNode - New node-info: NodeInfo(addresses=[mock.node:1000], legalIdentitiesAndCerts=[O=Broker2, L=New York, C=US], platformVersion=4, serial=1570860138979)
14:02:19.011 [Test worker] DEBUG com.zaxxer.hikari.pool.PoolBase - HikariPool-4 - Reset (autoCommit, isolation) on connection conn34: url=jdbc:h2:mem:node_3_net_6416157275649019694_persistence user=SA
14:02:19.012 [Test worker] INFO net.corda.node.services.network.NetworkMapUpdater - Auto-accept enabled for network parameter changes which modify only: [epoch, modifiedTime, packageOwnership, whitelistedContractImplementations]
14:02:19.015 [MockNode-4-2] DEBUG net.corda.node.services.network.NodeInfoWatcher - Reading SignedNodeInfo from build\mock-network\20191012-060133.950\nodes\3\additional-node-infos\nodeInfo-533D57FFE70C1898B8828196ECD1611F8404D4FA86590CB827CDB5CCBE290BB5
14:02:19.023 [MockNode-4-2] DEBUG net.corda.node.services.network.NodeInfoWatcher - Read 1 NodeInfo files from build\mock-network\20191012-060133.950\nodes\3\additional-node-infos
14:02:19.023 [MockNode-4-2] DEBUG net.corda.node.services.network.NodeInfoWatcher - Number of removed NodeInfo files 0
14:02:19.024 [MockNode-4-2] INFO net.corda.node.services.network.PersistentNetworkMapCache - Adding node with info: NodeInfo(addresses=[mock.node:1000], legalIdentitiesAndCerts=[O=Broker2, L=New York, C=US], platformVersion=4, serial=1570860138979)
14:02:19.024 [Test worker] DEBUG net.corda.node.services.identity.PersistentIdentityService - Identities loaded
14:02:19.036 [MockNode-4-2] DEBUG com.zaxxer.hikari.pool.PoolBase - HikariPool-4 - Reset (autoCommit, isolation) on connection conn35: url=jdbc:h2:mem:node_3_net_6416157275649019694_persistence user=SA
14:02:19.037 [MockNode-4-2] INFO net.corda.node.services.network.PersistentNetworkMapCache - Previous node was identical to incoming one - doing nothing
14:02:19.037 [MockNode-4-2] DEBUG net.corda.node.services.network.PersistentNetworkMapCache - Done adding node with info: NodeInfo(addresses=[mock.node:1000], legalIdentitiesAndCerts=[O=Broker2, L=New York, C=US], platformVersion=4, serial=1570860138979)
14:02:19.238 [Test worker] INFO ClassloaderUtils - Contracts loading for 'C:\Users\user\AppData\Local\Temp\attachment6463690036666467601.jar' took 23 msec
14:02:19.245 [Test worker] INFO net.corda.node.services.persistence.NodeAttachmentService - Stored new attachment: id=CB453C52675BF53CA88619E8B05ADC65A5C045F27DFC48AD880BCCDA297B7E75 uploader=app filename=null
14:02:19.255 [Test worker] INFO net.corda.node.services.statemachine.SingleThreadedStateMachineManager - Node ready, info: NodeInfo(addresses=[mock.node:1000], legalIdentitiesAndCerts=[O=Broker2, L=New York, C=US], platformVersion=4, serial=1570860138979)
14:02:19.258 [Test worker] DEBUG com.zaxxer.hikari.pool.PoolBase - HikariPool-4 - Reset (autoCommit, isolation) on connection conn34: url=jdbc:h2:mem:node_3_net_6416157275649019694_persistence user=SA
14:02:19.260 [pool-28-thread-1] DEBUG com.zaxxer.hikari.pool.PoolBase - HikariPool-4 - Reset (autoCommit, isolation) on connection conn35: url=jdbc:h2:mem:node_3_net_6416157275649019694_persistence user=SA
14:02:19.260 [Test worker] INFO net.corda.node.services.network.PersistentNetworkMapCache - Adding node with info: NodeInfo(addresses=[mock.node:1000], legalIdentitiesAndCerts=[O=Notary Service, L=Zurich, C=CH], platformVersion=4, serial=1570860127953)
14:02:19.262 [Test worker] DEBUG com.zaxxer.hikari.pool.PoolBase - HikariPool-4 - Reset (autoCommit, isolation) on connection conn34: url=jdbc:h2:mem:node_3_net_6416157275649019694_persistence user=SA
14:02:19.262 [Test worker] INFO net.corda.node.services.network.PersistentNetworkMapCache - No previous node found
14:02:19.264 [Test worker] DEBUG net.corda.node.services.identity.PersistentIdentityService - Registering identity O=Notary Service, L=Zurich, C=CH
14:02:19.266 [Test worker] DEBUG com.zaxxer.hikari.pool.PoolBase - HikariPool-4 - Reset (autoCommit, isolation) on connection conn34: url=jdbc:h2:mem:node_3_net_6416157275649019694_persistence user=SA
14:02:19.273 [Test worker] DEBUG com.zaxxer.hikari.pool.PoolBase - HikariPool-4 - Reset (autoCommit, isolation) on connection conn34: url=jdbc:h2:mem:node_3_net_6416157275649019694_persistence user=SA
14:02:19.273 [Test worker] DEBUG net.corda.node.services.network.PersistentNetworkMapCache - Done adding node with info: NodeInfo(addresses=[mock.node:1000], legalIdentitiesAndCerts=[O=Notary Service, L=Zurich, C=CH], platformVersion=4, serial=1570860127953)
14:02:19.273 [Test worker] INFO net.corda.node.services.network.PersistentNetworkMapCache - Adding node with info: NodeInfo(addresses=[mock.node:1000], legalIdentitiesAndCerts=[O=Broker2, L=New York, C=US], platformVersion=4, serial=1570860138979)
14:02:19.276 [Test worker] DEBUG com.zaxxer.hikari.pool.PoolBase - HikariPool-1 - Reset (autoCommit, isolation) on connection conn2: url=jdbc:h2:mem:node_0_net_6416157275649019694_persistence user=SA
14:02:19.277 [Test worker] INFO net.corda.node.services.network.PersistentNetworkMapCache - No previous node found
14:02:19.278 [Test worker] DEBUG net.corda.node.services.identity.PersistentIdentityService - Registering identity O=Broker2, L=New York, C=US
14:02:19.282 [Test worker] DEBUG com.zaxxer.hikari.pool.PoolBase - HikariPool-1 - Reset (autoCommit, isolation) on connection conn2: url=jdbc:h2:mem:node_0_net_6416157275649019694_persistence user=SA
14:02:19.292 [Test worker] DEBUG com.zaxxer.hikari.pool.PoolBase - HikariPool-1 - Reset (autoCommit, isolation) on connection conn2: url=jdbc:h2:mem:node_0_net_6416157275649019694_persistence user=SA
14:02:19.293 [Test worker] DEBUG net.corda.node.services.network.PersistentNetworkMapCache - Done adding node with info: NodeInfo(addresses=[mock.node:1000], legalIdentitiesAndCerts=[O=Broker2, L=New York, C=US], platformVersion=4, serial=1570860138979)
14:02:19.293 [Test worker] INFO net.corda.node.services.network.PersistentNetworkMapCache - Adding node with info: NodeInfo(addresses=[mock.node:1000], legalIdentitiesAndCerts=[O=Client1, L=New York, C=US], platformVersion=4, serial=1570860133109)
14:02:19.294 [Test worker] DEBUG com.zaxxer.hikari.pool.PoolBase - HikariPool-4 - Reset (autoCommit, isolation) on connection conn34: url=jdbc:h2:mem:node_3_net_6416157275649019694_persistence user=SA
14:02:19.294 [Test worker] INFO net.corda.node.services.network.PersistentNetworkMapCache - No previous node found
14:02:19.296 [Test worker] DEBUG net.corda.node.services.identity.PersistentIdentityService - Registering identity O=Client1, L=New York, C=US
14:02:19.300 [Test worker] DEBUG com.zaxxer.hikari.pool.PoolBase - HikariPool-4 - Reset (autoCommit, isolation) on connection conn34: url=jdbc:h2:mem:node_3_net_6416157275649019694_persistence user=SA
14:02:19.311 [Test worker] DEBUG com.zaxxer.hikari.pool.PoolBase - HikariPool-4 - Reset (autoCommit, isolation) on connection conn34: url=jdbc:h2:mem:node_3_net_6416157275649019694_persistence user=SA
14:02:19.312 [Test worker] DEBUG net.corda.node.services.network.PersistentNetworkMapCache - Done adding node with info: NodeInfo(addresses=[mock.node:1000], legalIdentitiesAndCerts=[O=Client1, L=New York, C=US], platformVersion=4, serial=1570860133109)
14:02:19.312 [Test worker] INFO net.corda.node.services.network.PersistentNetworkMapCache - Adding node with info: NodeInfo(addresses=[mock.node:1000], legalIdentitiesAndCerts=[O=Broker2, L=New York, C=US], platformVersion=4, serial=1570860138979)
14:02:19.314 [Test worker] DEBUG com.zaxxer.hikari.pool.PoolBase - HikariPool-2 - Reset (autoCommit, isolation) on connection conn13: url=jdbc:h2:mem:node_1_net_6416157275649019694_persistence user=SA
14:02:19.315 [Test worker] INFO net.corda.node.services.network.PersistentNetworkMapCache - No previous node found
14:02:19.317 [Test worker] DEBUG net.corda.node.services.identity.PersistentIdentityService - Registering identity O=Broker2, L=New York, C=US
14:02:19.325 [Test worker] DEBUG com.zaxxer.hikari.pool.PoolBase - HikariPool-2 - Reset (autoCommit, isolation) on connection conn13: url=jdbc:h2:mem:node_1_net_6416157275649019694_persistence user=SA
14:02:19.351 [Test worker] DEBUG com.zaxxer.hikari.pool.PoolBase - HikariPool-2 - Reset (autoCommit, isolation) on connection conn13: url=jdbc:h2:mem:node_1_net_6416157275649019694_persistence user=SA
14:02:19.351 [Test worker] DEBUG net.corda.node.services.network.PersistentNetworkMapCache - Done adding node with info: NodeInfo(addresses=[mock.node:1000], legalIdentitiesAndCerts=[O=Broker2, L=New York, C=US], platformVersion=4, serial=1570860138979)
14:02:19.351 [Test worker] INFO net.corda.node.services.network.PersistentNetworkMapCache - Adding node with info: NodeInfo(addresses=[mock.node:1000], legalIdentitiesAndCerts=[O=Broker1, L=New York, C=US], platformVersion=4, serial=1570860135971)
14:02:19.354 [Test worker] DEBUG com.zaxxer.hikari.pool.PoolBase - HikariPool-4 - Reset (autoCommit, isolation) on connection conn34: url=jdbc:h2:mem:node_3_net_6416157275649019694_persistence user=SA
14:02:19.355 [Test worker] INFO net.corda.node.services.network.PersistentNetworkMapCache - No previous node found
14:02:19.363 [Test worker] DEBUG net.corda.node.services.identity.PersistentIdentityService - Registering identity O=Broker1, L=New York, C=US
14:02:19.367 [Test worker] DEBUG com.zaxxer.hikari.pool.PoolBase - HikariPool-4 - Reset (autoCommit, isolation) on connection conn34: url=jdbc:h2:mem:node_3_net_6416157275649019694_persistence user=SA
14:02:19.393 [Test worker] DEBUG com.zaxxer.hikari.pool.PoolBase - HikariPool-4 - Reset (autoCommit, isolation) on connection conn34: url=jdbc:h2:mem:node_3_net_6416157275649019694_persistence user=SA
14:02:19.394 [Test worker] DEBUG net.corda.node.services.network.PersistentNetworkMapCache - Done adding node with info: NodeInfo(addresses=[mock.node:1000], legalIdentitiesAndCerts=[O=Broker1, L=New York, C=US], platformVersion=4, serial=1570860135971)
14:02:19.394 [Test worker] INFO net.corda.node.services.network.PersistentNetworkMapCache - Adding node with info: NodeInfo(addresses=[mock.node:1000], legalIdentitiesAndCerts=[O=Broker2, L=New York, C=US], platformVersion=4, serial=1570860138979)
14:02:19.398 [Test worker] DEBUG com.zaxxer.hikari.pool.PoolBase - HikariPool-3 - Reset (autoCommit, isolation) on connection conn24: url=jdbc:h2:mem:node_2_net_6416157275649019694_persistence user=SA
14:02:19.398 [Test worker] INFO net.corda.node.services.network.PersistentNetworkMapCache - No previous node found
14:02:19.400 [Test worker] DEBUG net.corda.node.services.identity.PersistentIdentityService - Registering identity O=Broker2, L=New York, C=US
14:02:19.405 [Test worker] DEBUG com.zaxxer.hikari.pool.PoolBase - HikariPool-3 - Reset (autoCommit, isolation) on connection conn24: url=jdbc:h2:mem:node_2_net_6416157275649019694_persistence user=SA
14:02:19.417 [Test worker] DEBUG com.zaxxer.hikari.pool.PoolBase - HikariPool-3 - Reset (autoCommit, isolation) on connection conn24: url=jdbc:h2:mem:node_2_net_6416157275649019694_persistence user=SA
14:02:19.417 [Test worker] DEBUG net.corda.node.services.network.PersistentNetworkMapCache - Done adding node with info: NodeInfo(addresses=[mock.node:1000], legalIdentitiesAndCerts=[O=Broker2, L=New York, C=US], platformVersion=4, serial=1570860138979)
14:02:19.417 [Test worker] INFO net.corda.node.services.network.PersistentNetworkMapCache - Adding node with info: NodeInfo(addresses=[mock.node:1000], legalIdentitiesAndCerts=[O=Broker2, L=New York, C=US], platformVersion=4, serial=1570860138979)
14:02:19.417 [Test worker] INFO net.corda.node.services.network.PersistentNetworkMapCache - Previous node was identical to incoming one - doing nothing
14:02:19.417 [Test worker] DEBUG net.corda.node.services.network.PersistentNetworkMapCache - Done adding node with info: NodeInfo(addresses=[mock.node:1000], legalIdentitiesAndCerts=[O=Broker2, L=New York, C=US], platformVersion=4, serial=1570860138979)
14:02:19.417 [Test worker] INFO net.corda.node.services.network.PersistentNetworkMapCache - Adding node with info: NodeInfo(addresses=[mock.node:1000], legalIdentitiesAndCerts=[O=Broker2, L=New York, C=US], platformVersion=4, serial=1570860138979)
14:02:19.417 [Test worker] INFO net.corda.node.services.network.PersistentNetworkMapCache - Previous node was identical to incoming one - doing nothing
14:02:19.417 [Test worker] DEBUG net.corda.node.services.network.PersistentNetworkMapCache - Done adding node with info: NodeInfo(addresses=[mock.node:1000], legalIdentitiesAndCerts=[O=Broker2, L=New York, C=US], platformVersion=4, serial=1570860138979)
14:02:19.426 [Test worker] INFO net.corda.node.internal.cordapp.JarScanningCordappLoader - Looking for CorDapps in [build\mock-network\20191012-060133.950\nodes\4\cordapps]
14:02:19.427 [Test worker] INFO net.corda.node.internal.cordapp.JarScanningCordappLoader - Loading CorDapps from RestrictedURL(url=file:/D:/Arvinth/BlockChain/DerivHack-2019/GIT/cdm-corda/cdm-support/build/mock-network/20191012-060133.950/nodes/4/cordapps/custom-cordapp_1_4_55b4176a-1736-4c21-a214-762875044d4b.jar, rootPackageName=null)
14:02:19.427 [Test worker] INFO net.corda.node.internal.cordapp.JarScanningCordappLoader - Scanning CorDapp in file:/D:/Arvinth/BlockChain/DerivHack-2019/GIT/cdm-corda/cdm-support/build/mock-network/20191012-060133.950/nodes/4/cordapps/custom-cordapp_1_4_55b4176a-1736-4c21-a214-762875044d4b.jar
14:02:19.633 [Test worker] DEBUG net.corda.node.services.persistence.NodePropertiesPersistentStore - Node's flow execution mode property key: NABOB_flowsExecutionMode
14:02:19.637 [Test worker] INFO net.corda.testing.node.internal.InternalMockNetwork$MockNode - Node starting up ...
14:02:19.694 [Test worker] DEBUG net.corda.node.internal.NodeFlowManager - Installed core flow net.corda.core.flows.FinalityFlow
14:02:19.694 [Test worker] DEBUG net.corda.node.internal.NodeFlowManager - Installed core flow net.corda.core.flows.NotaryChangeFlow
14:02:19.694 [Test worker] DEBUG net.corda.node.internal.NodeFlowManager - Installed core flow net.corda.core.flows.ContractUpgradeFlow$Initiate
14:02:19.694 [Test worker] DEBUG net.corda.node.internal.NodeFlowManager - Installed core flow net.corda.confidential.SwapIdentitiesFlow
14:02:19.694 [Test worker] INFO net.corda.node.internal.NodeFlowManager - Registered net.corda.cdmsupport.testflow.TestAffirmationFlow to initiate net.corda.cdmsupport.testflow.AffirmationFlowResponder (version 1)
14:02:19.694 [Test worker] INFO net.corda.node.internal.NodeFlowManager - Registered net.corda.cdmsupport.testflow.TestObservableFlow to initiate net.corda.cdmsupport.testflow.ReceiveObservableFlow (version 1)
14:02:19.694 [Test worker] INFO net.corda.node.internal.NodeFlowManager - Registered net.corda.cdmsupport.testflow.TestFlowInitiating to initiate net.corda.cdmsupport.testflow.TestFlowInitiated (version 1)
14:02:19.699 [Test worker] INFO net.corda.testing.node.internal.InternalMockNetwork$MockNode - Loaded network parameters: NetworkParameters {
      minimumPlatformVersion=4
      notaries=[NotaryInfo(identity=O=Notary Service, L=Zurich, C=CH, validating=true)]
      maxMessageSize=10485760
      maxTransactionSize=524288000
      whitelistedContractImplementations {
        
      }
      eventHorizon=PT720H
      packageOwnership {
        
      }
      modifiedTime=2019-10-12T06:01:33.321Z
      epoch=1
  }
14:02:19.699 [Test worker] DEBUG com.zaxxer.hikari.HikariConfig - HikariPool-5 - configuration:
14:02:19.700 [Test worker] DEBUG com.zaxxer.hikari.HikariConfig - allowPoolSuspension.............false
14:02:19.700 [Test worker] DEBUG com.zaxxer.hikari.HikariConfig - autoCommit......................true
14:02:19.700 [Test worker] DEBUG com.zaxxer.hikari.HikariConfig - catalog.........................null
14:02:19.700 [Test worker] DEBUG com.zaxxer.hikari.HikariConfig - connectionInitSql...............null
14:02:19.700 [Test worker] DEBUG com.zaxxer.hikari.HikariConfig - connectionTestQuery.............null
14:02:19.700 [Test worker] DEBUG com.zaxxer.hikari.HikariConfig - connectionTimeout...............30000
14:02:19.700 [Test worker] DEBUG com.zaxxer.hikari.HikariConfig - dataSource......................null
14:02:19.700 [Test worker] DEBUG com.zaxxer.hikari.HikariConfig - dataSourceClassName............."org.h2.jdbcx.JdbcDataSource"
14:02:19.700 [Test worker] DEBUG com.zaxxer.hikari.HikariConfig - dataSourceJNDI..................null
14:02:19.700 [Test worker] DEBUG com.zaxxer.hikari.HikariConfig - dataSourceProperties............{user=sa, url=jdbc:h2:mem:node_4_net_6416157275649019694_persistence;LOCK_TIMEOUT=10000;DB_CLOSE_ON_EXIT=FALSE, password=<masked>}
14:02:19.700 [Test worker] DEBUG com.zaxxer.hikari.HikariConfig - driverClassName.................null
14:02:19.700 [Test worker] DEBUG com.zaxxer.hikari.HikariConfig - healthCheckProperties...........{}
14:02:19.700 [Test worker] DEBUG com.zaxxer.hikari.HikariConfig - healthCheckRegistry.............null
14:02:19.700 [Test worker] DEBUG com.zaxxer.hikari.HikariConfig - idleTimeout.....................600000
14:02:19.700 [Test worker] DEBUG com.zaxxer.hikari.HikariConfig - initializationFailFast..........true
14:02:19.700 [Test worker] DEBUG com.zaxxer.hikari.HikariConfig - isolateInternalQueries..........false
14:02:19.700 [Test worker] DEBUG com.zaxxer.hikari.HikariConfig - jdbc4ConnectionTest.............false
14:02:19.700 [Test worker] DEBUG com.zaxxer.hikari.HikariConfig - jdbcUrl.........................null
14:02:19.700 [Test worker] DEBUG com.zaxxer.hikari.HikariConfig - leakDetectionThreshold..........0
14:02:19.702 [Test worker] DEBUG com.zaxxer.hikari.HikariConfig - maxLifetime.....................1800000
14:02:19.702 [Test worker] DEBUG com.zaxxer.hikari.HikariConfig - maximumPoolSize.................10
14:02:19.702 [Test worker] DEBUG com.zaxxer.hikari.HikariConfig - metricRegistry..................null
14:02:19.702 [Test worker] DEBUG com.zaxxer.hikari.HikariConfig - metricsTrackerFactory...........null
14:02:19.702 [Test worker] DEBUG com.zaxxer.hikari.HikariConfig - minimumIdle.....................10
14:02:19.702 [Test worker] DEBUG com.zaxxer.hikari.HikariConfig - password........................<masked>
14:02:19.702 [Test worker] DEBUG com.zaxxer.hikari.HikariConfig - poolName........................"HikariPool-5"
14:02:19.702 [Test worker] DEBUG com.zaxxer.hikari.HikariConfig - readOnly........................false
14:02:19.702 [Test worker] DEBUG com.zaxxer.hikari.HikariConfig - registerMbeans..................false
14:02:19.702 [Test worker] DEBUG com.zaxxer.hikari.HikariConfig - scheduledExecutorService........null
14:02:19.702 [Test worker] DEBUG com.zaxxer.hikari.HikariConfig - threadFactory...................null
14:02:19.702 [Test worker] DEBUG com.zaxxer.hikari.HikariConfig - transactionIsolation............null
14:02:19.702 [Test worker] DEBUG com.zaxxer.hikari.HikariConfig - username........................null
14:02:19.702 [Test worker] DEBUG com.zaxxer.hikari.HikariConfig - validationTimeout...............5000
14:02:19.702 [Test worker] INFO com.zaxxer.hikari.HikariDataSource - HikariPool-5 - Started.
14:02:19.705 [HikariPool-5 connection adder] DEBUG com.zaxxer.hikari.pool.HikariPool - HikariPool-5 - Added connection conn45: url=jdbc:h2:mem:node_4_net_6416157275649019694_persistence user=SA
14:02:19.714 [Test worker] DEBUG liquibase - Connected to SA@jdbc:h2:mem:node_4_net_6416157275649019694_persistence
14:02:19.714 [Test worker] DEBUG liquibase - Setting auto commit to false from true
14:02:19.722 [Test worker] DEBUG liquibase - Opening jar:file:/C:/Users/user/.gradle/caches/modules-2/files-2.1/net.corda/corda-node/4.1/45583a2ad1dc5cdd2b90b4ff6d3bfe980bbba0cc/corda-node-4.1.jar!/migration/common.changelog-master.xml as migration/common.changelog-master.xml
14:02:19.723 [Test worker] DEBUG liquibase - Resolving XML entity name='null', publicId='null', baseURI='null', systemId='http://www.liquibase.org/xml/ns/dbchangelog/dbchangelog-3.5.xsd'
14:02:19.723 [Test worker] DEBUG LiquibaseSchemaResolver - Found namespace details class liquibase.parser.core.xml.StandardNamespaceDetails for http://www.liquibase.org/xml/ns/dbchangelog/dbchangelog-3.5.xsd
14:02:19.723 [Test worker] DEBUG LiquibaseSchemaResolver - Local path for http://www.liquibase.org/xml/ns/dbchangelog/dbchangelog-3.5.xsd is liquibase/parser/core/xml/dbchangelog-3.5.xsd
14:02:19.724 [Test worker] DEBUG liquibase - Opening jar:file:/C:/Users/user/.gradle/caches/modules-2/files-2.1/org.liquibase/liquibase-core/3.5.5/c65051f327382018bd09c30380f25eac96f210da/liquibase-core-3.5.5.jar!/liquibase/parser/core/xml/dbchangelog-3.5.xsd as liquibase/parser/core/xml/dbchangelog-3.5.xsd
14:02:19.724 [Test worker] DEBUG LiquibaseSchemaResolver - Successfully loaded XSD from liquibase/parser/core/xml/dbchangelog-3.5.xsd
14:02:19.730 [Test worker] DEBUG liquibase - Opening jar:file:/C:/Users/user/.gradle/caches/modules-2/files-2.1/net.corda/corda-node/4.1/45583a2ad1dc5cdd2b90b4ff6d3bfe980bbba0cc/corda-node-4.1.jar!/migration/common.changelog-init.xml as migration/common.changelog-init.xml
14:02:19.732 [Test worker] DEBUG liquibase - Resolving XML entity name='null', publicId='null', baseURI='null', systemId='http://www.liquibase.org/xml/ns/dbchangelog/dbchangelog-3.5.xsd'
14:02:19.732 [Test worker] DEBUG LiquibaseSchemaResolver - Found namespace details class liquibase.parser.core.xml.StandardNamespaceDetails for http://www.liquibase.org/xml/ns/dbchangelog/dbchangelog-3.5.xsd
14:02:19.732 [Test worker] DEBUG LiquibaseSchemaResolver - Local path for http://www.liquibase.org/xml/ns/dbchangelog/dbchangelog-3.5.xsd is liquibase/parser/core/xml/dbchangelog-3.5.xsd
14:02:19.732 [Test worker] DEBUG liquibase - Opening jar:file:/C:/Users/user/.gradle/caches/modules-2/files-2.1/org.liquibase/liquibase-core/3.5.5/c65051f327382018bd09c30380f25eac96f210da/liquibase-core-3.5.5.jar!/liquibase/parser/core/xml/dbchangelog-3.5.xsd as liquibase/parser/core/xml/dbchangelog-3.5.xsd
14:02:19.732 [Test worker] DEBUG LiquibaseSchemaResolver - Successfully loaded XSD from liquibase/parser/core/xml/dbchangelog-3.5.xsd
14:02:19.741 [Test worker] DEBUG liquibase - Opening jar:file:/C:/Users/user/.gradle/caches/modules-2/files-2.1/net.corda/corda-node/4.1/45583a2ad1dc5cdd2b90b4ff6d3bfe980bbba0cc/corda-node-4.1.jar!/migration/vault-schema.changelog-master.xml as migration/vault-schema.changelog-master.xml
14:02:19.743 [Test worker] DEBUG liquibase - Resolving XML entity name='null', publicId='null', baseURI='null', systemId='http://www.liquibase.org/xml/ns/dbchangelog/dbchangelog-3.5.xsd'
14:02:19.743 [Test worker] DEBUG LiquibaseSchemaResolver - Found namespace details class liquibase.parser.core.xml.StandardNamespaceDetails for http://www.liquibase.org/xml/ns/dbchangelog/dbchangelog-3.5.xsd
14:02:19.743 [Test worker] DEBUG LiquibaseSchemaResolver - Local path for http://www.liquibase.org/xml/ns/dbchangelog/dbchangelog-3.5.xsd is liquibase/parser/core/xml/dbchangelog-3.5.xsd
14:02:19.743 [Test worker] DEBUG liquibase - Opening jar:file:/C:/Users/user/.gradle/caches/modules-2/files-2.1/org.liquibase/liquibase-core/3.5.5/c65051f327382018bd09c30380f25eac96f210da/liquibase-core-3.5.5.jar!/liquibase/parser/core/xml/dbchangelog-3.5.xsd as liquibase/parser/core/xml/dbchangelog-3.5.xsd
14:02:19.744 [Test worker] DEBUG LiquibaseSchemaResolver - Successfully loaded XSD from liquibase/parser/core/xml/dbchangelog-3.5.xsd
14:02:19.751 [Test worker] DEBUG liquibase - Opening jar:file:/C:/Users/user/.gradle/caches/modules-2/files-2.1/net.corda/corda-node/4.1/45583a2ad1dc5cdd2b90b4ff6d3bfe980bbba0cc/corda-node-4.1.jar!/migration/vault-schema.changelog-init.xml as migration/vault-schema.changelog-init.xml
14:02:19.755 [Test worker] DEBUG liquibase - Resolving XML entity name='null', publicId='null', baseURI='null', systemId='http://www.liquibase.org/xml/ns/dbchangelog/dbchangelog-3.5.xsd'
14:02:19.756 [Test worker] DEBUG LiquibaseSchemaResolver - Found namespace details class liquibase.parser.core.xml.StandardNamespaceDetails for http://www.liquibase.org/xml/ns/dbchangelog/dbchangelog-3.5.xsd
14:02:19.756 [Test worker] DEBUG LiquibaseSchemaResolver - Local path for http://www.liquibase.org/xml/ns/dbchangelog/dbchangelog-3.5.xsd is liquibase/parser/core/xml/dbchangelog-3.5.xsd
14:02:19.757 [Test worker] DEBUG liquibase - Opening jar:file:/C:/Users/user/.gradle/caches/modules-2/files-2.1/org.liquibase/liquibase-core/3.5.5/c65051f327382018bd09c30380f25eac96f210da/liquibase-core-3.5.5.jar!/liquibase/parser/core/xml/dbchangelog-3.5.xsd as liquibase/parser/core/xml/dbchangelog-3.5.xsd
14:02:19.758 [Test worker] DEBUG LiquibaseSchemaResolver - Successfully loaded XSD from liquibase/parser/core/xml/dbchangelog-3.5.xsd
14:02:19.768 [Test worker] DEBUG liquibase - Opening jar:file:/C:/Users/user/.gradle/caches/modules-2/files-2.1/net.corda/corda-node/4.1/45583a2ad1dc5cdd2b90b4ff6d3bfe980bbba0cc/corda-node-4.1.jar!/migration/vault-schema.changelog-v3.xml as migration/vault-schema.changelog-v3.xml
14:02:19.771 [Test worker] DEBUG liquibase - Resolving XML entity name='null', publicId='null', baseURI='null', systemId='http://www.liquibase.org/xml/ns/dbchangelog/dbchangelog-3.5.xsd'
14:02:19.771 [Test worker] DEBUG LiquibaseSchemaResolver - Found namespace details class liquibase.parser.core.xml.StandardNamespaceDetails for http://www.liquibase.org/xml/ns/dbchangelog/dbchangelog-3.5.xsd
14:02:19.771 [Test worker] DEBUG LiquibaseSchemaResolver - Local path for http://www.liquibase.org/xml/ns/dbchangelog/dbchangelog-3.5.xsd is liquibase/parser/core/xml/dbchangelog-3.5.xsd
14:02:19.772 [Test worker] DEBUG liquibase - Opening jar:file:/C:/Users/user/.gradle/caches/modules-2/files-2.1/org.liquibase/liquibase-core/3.5.5/c65051f327382018bd09c30380f25eac96f210da/liquibase-core-3.5.5.jar!/liquibase/parser/core/xml/dbchangelog-3.5.xsd as liquibase/parser/core/xml/dbchangelog-3.5.xsd
14:02:19.773 [Test worker] DEBUG LiquibaseSchemaResolver - Successfully loaded XSD from liquibase/parser/core/xml/dbchangelog-3.5.xsd
14:02:19.781 [Test worker] DEBUG liquibase - Opening jar:file:/C:/Users/user/.gradle/caches/modules-2/files-2.1/net.corda/corda-node/4.1/45583a2ad1dc5cdd2b90b4ff6d3bfe980bbba0cc/corda-node-4.1.jar!/migration/vault-schema.changelog-v4.xml as migration/vault-schema.changelog-v4.xml
14:02:19.783 [Test worker] DEBUG liquibase - Resolving XML entity name='null', publicId='null', baseURI='null', systemId='http://www.liquibase.org/xml/ns/dbchangelog/dbchangelog-3.5.xsd'
14:02:19.784 [Test worker] DEBUG LiquibaseSchemaResolver - Found namespace details class liquibase.parser.core.xml.StandardNamespaceDetails for http://www.liquibase.org/xml/ns/dbchangelog/dbchangelog-3.5.xsd
14:02:19.785 [Test worker] DEBUG LiquibaseSchemaResolver - Local path for http://www.liquibase.org/xml/ns/dbchangelog/dbchangelog-3.5.xsd is liquibase/parser/core/xml/dbchangelog-3.5.xsd
14:02:19.786 [Test worker] DEBUG liquibase - Opening jar:file:/C:/Users/user/.gradle/caches/modules-2/files-2.1/org.liquibase/liquibase-core/3.5.5/c65051f327382018bd09c30380f25eac96f210da/liquibase-core-3.5.5.jar!/liquibase/parser/core/xml/dbchangelog-3.5.xsd as liquibase/parser/core/xml/dbchangelog-3.5.xsd
14:02:19.787 [Test worker] DEBUG LiquibaseSchemaResolver - Successfully loaded XSD from liquibase/parser/core/xml/dbchangelog-3.5.xsd
14:02:19.795 [Test worker] DEBUG liquibase - Opening jar:file:/C:/Users/user/.gradle/caches/modules-2/files-2.1/net.corda/corda-node/4.1/45583a2ad1dc5cdd2b90b4ff6d3bfe980bbba0cc/corda-node-4.1.jar!/migration/vault-schema.changelog-pkey.xml as migration/vault-schema.changelog-pkey.xml
14:02:19.799 [Test worker] DEBUG liquibase - Resolving XML entity name='null', publicId='null', baseURI='null', systemId='http://www.liquibase.org/xml/ns/dbchangelog/dbchangelog-3.5.xsd'
14:02:19.800 [Test worker] DEBUG LiquibaseSchemaResolver - Found namespace details class liquibase.parser.core.xml.StandardNamespaceDetails for http://www.liquibase.org/xml/ns/dbchangelog/dbchangelog-3.5.xsd
14:02:19.800 [Test worker] DEBUG LiquibaseSchemaResolver - Local path for http://www.liquibase.org/xml/ns/dbchangelog/dbchangelog-3.5.xsd is liquibase/parser/core/xml/dbchangelog-3.5.xsd
14:02:19.800 [Test worker] DEBUG liquibase - Opening jar:file:/C:/Users/user/.gradle/caches/modules-2/files-2.1/org.liquibase/liquibase-core/3.5.5/c65051f327382018bd09c30380f25eac96f210da/liquibase-core-3.5.5.jar!/liquibase/parser/core/xml/dbchangelog-3.5.xsd as liquibase/parser/core/xml/dbchangelog-3.5.xsd
14:02:19.801 [Test worker] DEBUG LiquibaseSchemaResolver - Successfully loaded XSD from liquibase/parser/core/xml/dbchangelog-3.5.xsd
14:02:19.804 [HikariPool-5 housekeeper] DEBUG com.zaxxer.hikari.pool.HikariPool - HikariPool-5 - Pool stats (total=1, active=1, idle=0, waiting=0)
14:02:19.806 [HikariPool-5 connection adder] DEBUG com.zaxxer.hikari.pool.HikariPool - HikariPool-5 - Added connection conn46: url=jdbc:h2:mem:node_4_net_6416157275649019694_persistence user=SA
14:02:19.808 [HikariPool-5 connection adder] DEBUG com.zaxxer.hikari.pool.HikariPool - HikariPool-5 - Added connection conn47: url=jdbc:h2:mem:node_4_net_6416157275649019694_persistence user=SA
14:02:19.808 [HikariPool-5 connection adder] DEBUG com.zaxxer.hikari.pool.HikariPool - HikariPool-5 - Added connection conn48: url=jdbc:h2:mem:node_4_net_6416157275649019694_persistence user=SA
14:02:19.809 [HikariPool-5 connection adder] DEBUG com.zaxxer.hikari.pool.HikariPool - HikariPool-5 - Added connection conn49: url=jdbc:h2:mem:node_4_net_6416157275649019694_persistence user=SA
14:02:19.809 [HikariPool-5 connection adder] DEBUG com.zaxxer.hikari.pool.HikariPool - HikariPool-5 - Added connection conn50: url=jdbc:h2:mem:node_4_net_6416157275649019694_persistence user=SA
14:02:19.810 [HikariPool-5 connection adder] DEBUG com.zaxxer.hikari.pool.HikariPool - HikariPool-5 - Added connection conn51: url=jdbc:h2:mem:node_4_net_6416157275649019694_persistence user=SA
14:02:19.810 [HikariPool-5 connection adder] DEBUG com.zaxxer.hikari.pool.HikariPool - HikariPool-5 - Added connection conn52: url=jdbc:h2:mem:node_4_net_6416157275649019694_persistence user=SA
14:02:19.810 [HikariPool-5 connection adder] DEBUG com.zaxxer.hikari.pool.HikariPool - HikariPool-5 - Added connection conn53: url=jdbc:h2:mem:node_4_net_6416157275649019694_persistence user=SA
14:02:19.810 [HikariPool-5 connection adder] DEBUG com.zaxxer.hikari.pool.HikariPool - HikariPool-5 - Added connection conn54: url=jdbc:h2:mem:node_4_net_6416157275649019694_persistence user=SA
14:02:19.811 [HikariPool-5 connection adder] DEBUG com.zaxxer.hikari.pool.HikariPool - HikariPool-5 - After adding stats (total=10, active=1, idle=9, waiting=0)
14:02:19.819 [Test worker] DEBUG liquibase - Opening jar:file:/C:/Users/user/.gradle/caches/modules-2/files-2.1/net.corda/corda-node/4.1/45583a2ad1dc5cdd2b90b4ff6d3bfe980bbba0cc/corda-node-4.1.jar!/migration/vault-schema.changelog-v5.xml as migration/vault-schema.changelog-v5.xml
14:02:19.820 [Test worker] DEBUG liquibase - Resolving XML entity name='null', publicId='null', baseURI='null', systemId='http://www.liquibase.org/xml/ns/dbchangelog/dbchangelog-3.5.xsd'
14:02:19.821 [Test worker] DEBUG LiquibaseSchemaResolver - Found namespace details class liquibase.parser.core.xml.StandardNamespaceDetails for http://www.liquibase.org/xml/ns/dbchangelog/dbchangelog-3.5.xsd
14:02:19.821 [Test worker] DEBUG LiquibaseSchemaResolver - Local path for http://www.liquibase.org/xml/ns/dbchangelog/dbchangelog-3.5.xsd is liquibase/parser/core/xml/dbchangelog-3.5.xsd
14:02:19.821 [Test worker] DEBUG liquibase - Opening jar:file:/C:/Users/user/.gradle/caches/modules-2/files-2.1/org.liquibase/liquibase-core/3.5.5/c65051f327382018bd09c30380f25eac96f210da/liquibase-core-3.5.5.jar!/liquibase/parser/core/xml/dbchangelog-3.5.xsd as liquibase/parser/core/xml/dbchangelog-3.5.xsd
14:02:19.821 [Test worker] DEBUG LiquibaseSchemaResolver - Successfully loaded XSD from liquibase/parser/core/xml/dbchangelog-3.5.xsd
14:02:19.828 [Test worker] DEBUG liquibase - Opening jar:file:/C:/Users/user/.gradle/caches/modules-2/files-2.1/net.corda/corda-node/4.1/45583a2ad1dc5cdd2b90b4ff6d3bfe980bbba0cc/corda-node-4.1.jar!/migration/vault-schema.changelog-v6.xml as migration/vault-schema.changelog-v6.xml
14:02:19.831 [Test worker] DEBUG liquibase - Resolving XML entity name='null', publicId='null', baseURI='null', systemId='http://www.liquibase.org/xml/ns/dbchangelog/dbchangelog-3.5.xsd'
14:02:19.832 [Test worker] DEBUG LiquibaseSchemaResolver - Found namespace details class liquibase.parser.core.xml.StandardNamespaceDetails for http://www.liquibase.org/xml/ns/dbchangelog/dbchangelog-3.5.xsd
14:02:19.832 [Test worker] DEBUG LiquibaseSchemaResolver - Local path for http://www.liquibase.org/xml/ns/dbchangelog/dbchangelog-3.5.xsd is liquibase/parser/core/xml/dbchangelog-3.5.xsd
14:02:19.833 [Test worker] DEBUG liquibase - Opening jar:file:/C:/Users/user/.gradle/caches/modules-2/files-2.1/org.liquibase/liquibase-core/3.5.5/c65051f327382018bd09c30380f25eac96f210da/liquibase-core-3.5.5.jar!/liquibase/parser/core/xml/dbchangelog-3.5.xsd as liquibase/parser/core/xml/dbchangelog-3.5.xsd
14:02:19.833 [Test worker] DEBUG LiquibaseSchemaResolver - Successfully loaded XSD from liquibase/parser/core/xml/dbchangelog-3.5.xsd
14:02:19.840 [Test worker] DEBUG liquibase - Opening jar:file:/C:/Users/user/.gradle/caches/modules-2/files-2.1/net.corda/corda-node/4.1/45583a2ad1dc5cdd2b90b4ff6d3bfe980bbba0cc/corda-node-4.1.jar!/migration/vault-schema.changelog-v7.xml as migration/vault-schema.changelog-v7.xml
14:02:19.842 [Test worker] DEBUG liquibase - Resolving XML entity name='null', publicId='null', baseURI='null', systemId='http://www.liquibase.org/xml/ns/dbchangelog/dbchangelog-3.5.xsd'
14:02:19.842 [Test worker] DEBUG LiquibaseSchemaResolver - Found namespace details class liquibase.parser.core.xml.StandardNamespaceDetails for http://www.liquibase.org/xml/ns/dbchangelog/dbchangelog-3.5.xsd
14:02:19.842 [Test worker] DEBUG LiquibaseSchemaResolver - Local path for http://www.liquibase.org/xml/ns/dbchangelog/dbchangelog-3.5.xsd is liquibase/parser/core/xml/dbchangelog-3.5.xsd
14:02:19.851 [Test worker] DEBUG liquibase - Opening jar:file:/C:/Users/user/.gradle/caches/modules-2/files-2.1/org.liquibase/liquibase-core/3.5.5/c65051f327382018bd09c30380f25eac96f210da/liquibase-core-3.5.5.jar!/liquibase/parser/core/xml/dbchangelog-3.5.xsd as liquibase/parser/core/xml/dbchangelog-3.5.xsd
14:02:19.852 [Test worker] DEBUG LiquibaseSchemaResolver - Successfully loaded XSD from liquibase/parser/core/xml/dbchangelog-3.5.xsd
14:02:19.858 [Test worker] DEBUG liquibase - Opening jar:file:/C:/Users/user/.gradle/caches/modules-2/files-2.1/net.corda/corda-node/4.1/45583a2ad1dc5cdd2b90b4ff6d3bfe980bbba0cc/corda-node-4.1.jar!/migration/vault-schema.changelog-v8.xml as migration/vault-schema.changelog-v8.xml
14:02:19.860 [Test worker] DEBUG liquibase - Resolving XML entity name='null', publicId='null', baseURI='null', systemId='http://www.liquibase.org/xml/ns/dbchangelog/dbchangelog-3.5.xsd'
14:02:19.860 [Test worker] DEBUG LiquibaseSchemaResolver - Found namespace details class liquibase.parser.core.xml.StandardNamespaceDetails for http://www.liquibase.org/xml/ns/dbchangelog/dbchangelog-3.5.xsd
14:02:19.860 [Test worker] DEBUG LiquibaseSchemaResolver - Local path for http://www.liquibase.org/xml/ns/dbchangelog/dbchangelog-3.5.xsd is liquibase/parser/core/xml/dbchangelog-3.5.xsd
14:02:19.860 [Test worker] DEBUG liquibase - Opening jar:file:/C:/Users/user/.gradle/caches/modules-2/files-2.1/org.liquibase/liquibase-core/3.5.5/c65051f327382018bd09c30380f25eac96f210da/liquibase-core-3.5.5.jar!/liquibase/parser/core/xml/dbchangelog-3.5.xsd as liquibase/parser/core/xml/dbchangelog-3.5.xsd
14:02:19.861 [Test worker] DEBUG LiquibaseSchemaResolver - Successfully loaded XSD from liquibase/parser/core/xml/dbchangelog-3.5.xsd
14:02:19.870 [Test worker] DEBUG liquibase - Opening jar:file:/C:/Users/user/.gradle/caches/modules-2/files-2.1/net.corda/corda-node/4.1/45583a2ad1dc5cdd2b90b4ff6d3bfe980bbba0cc/corda-node-4.1.jar!/migration/node-info.changelog-master.xml as migration/node-info.changelog-master.xml
14:02:19.872 [Test worker] DEBUG liquibase - Resolving XML entity name='null', publicId='null', baseURI='null', systemId='http://www.liquibase.org/xml/ns/dbchangelog/dbchangelog-3.5.xsd'
14:02:19.872 [Test worker] DEBUG LiquibaseSchemaResolver - Found namespace details class liquibase.parser.core.xml.StandardNamespaceDetails for http://www.liquibase.org/xml/ns/dbchangelog/dbchangelog-3.5.xsd
14:02:19.872 [Test worker] DEBUG LiquibaseSchemaResolver - Local path for http://www.liquibase.org/xml/ns/dbchangelog/dbchangelog-3.5.xsd is liquibase/parser/core/xml/dbchangelog-3.5.xsd
14:02:19.872 [Test worker] DEBUG liquibase - Opening jar:file:/C:/Users/user/.gradle/caches/modules-2/files-2.1/org.liquibase/liquibase-core/3.5.5/c65051f327382018bd09c30380f25eac96f210da/liquibase-core-3.5.5.jar!/liquibase/parser/core/xml/dbchangelog-3.5.xsd as liquibase/parser/core/xml/dbchangelog-3.5.xsd
14:02:19.873 [Test worker] DEBUG LiquibaseSchemaResolver - Successfully loaded XSD from liquibase/parser/core/xml/dbchangelog-3.5.xsd
14:02:19.880 [Test worker] DEBUG liquibase - Opening jar:file:/C:/Users/user/.gradle/caches/modules-2/files-2.1/net.corda/corda-node/4.1/45583a2ad1dc5cdd2b90b4ff6d3bfe980bbba0cc/corda-node-4.1.jar!/migration/node-info.changelog-init.xml as migration/node-info.changelog-init.xml
14:02:19.882 [Test worker] DEBUG liquibase - Resolving XML entity name='null', publicId='null', baseURI='null', systemId='http://www.liquibase.org/xml/ns/dbchangelog/dbchangelog-3.5.xsd'
14:02:19.882 [Test worker] DEBUG LiquibaseSchemaResolver - Found namespace details class liquibase.parser.core.xml.StandardNamespaceDetails for http://www.liquibase.org/xml/ns/dbchangelog/dbchangelog-3.5.xsd
14:02:19.882 [Test worker] DEBUG LiquibaseSchemaResolver - Local path for http://www.liquibase.org/xml/ns/dbchangelog/dbchangelog-3.5.xsd is liquibase/parser/core/xml/dbchangelog-3.5.xsd
14:02:19.882 [Test worker] DEBUG liquibase - Opening jar:file:/C:/Users/user/.gradle/caches/modules-2/files-2.1/org.liquibase/liquibase-core/3.5.5/c65051f327382018bd09c30380f25eac96f210da/liquibase-core-3.5.5.jar!/liquibase/parser/core/xml/dbchangelog-3.5.xsd as liquibase/parser/core/xml/dbchangelog-3.5.xsd
14:02:19.883 [Test worker] DEBUG LiquibaseSchemaResolver - Successfully loaded XSD from liquibase/parser/core/xml/dbchangelog-3.5.xsd
14:02:19.892 [Test worker] DEBUG liquibase - Opening jar:file:/C:/Users/user/.gradle/caches/modules-2/files-2.1/net.corda/corda-node/4.1/45583a2ad1dc5cdd2b90b4ff6d3bfe980bbba0cc/corda-node-4.1.jar!/migration/node-info.changelog-v1.xml as migration/node-info.changelog-v1.xml
14:02:19.894 [Test worker] DEBUG liquibase - Resolving XML entity name='null', publicId='null', baseURI='null', systemId='http://www.liquibase.org/xml/ns/dbchangelog/dbchangelog-3.5.xsd'
14:02:19.894 [Test worker] DEBUG LiquibaseSchemaResolver - Found namespace details class liquibase.parser.core.xml.StandardNamespaceDetails for http://www.liquibase.org/xml/ns/dbchangelog/dbchangelog-3.5.xsd
14:02:19.894 [Test worker] DEBUG LiquibaseSchemaResolver - Local path for http://www.liquibase.org/xml/ns/dbchangelog/dbchangelog-3.5.xsd is liquibase/parser/core/xml/dbchangelog-3.5.xsd
14:02:19.895 [Test worker] DEBUG liquibase - Opening jar:file:/C:/Users/user/.gradle/caches/modules-2/files-2.1/org.liquibase/liquibase-core/3.5.5/c65051f327382018bd09c30380f25eac96f210da/liquibase-core-3.5.5.jar!/liquibase/parser/core/xml/dbchangelog-3.5.xsd as liquibase/parser/core/xml/dbchangelog-3.5.xsd
14:02:19.895 [Test worker] DEBUG LiquibaseSchemaResolver - Successfully loaded XSD from liquibase/parser/core/xml/dbchangelog-3.5.xsd
14:02:19.902 [Test worker] DEBUG liquibase - Opening jar:file:/C:/Users/user/.gradle/caches/modules-2/files-2.1/net.corda/corda-node/4.1/45583a2ad1dc5cdd2b90b4ff6d3bfe980bbba0cc/corda-node-4.1.jar!/migration/node-info.changelog-v2.xml as migration/node-info.changelog-v2.xml
14:02:19.906 [Test worker] DEBUG liquibase - Resolving XML entity name='null', publicId='null', baseURI='null', systemId='http://www.liquibase.org/xml/ns/dbchangelog/dbchangelog-3.5.xsd'
14:02:19.906 [Test worker] DEBUG LiquibaseSchemaResolver - Found namespace details class liquibase.parser.core.xml.StandardNamespaceDetails for http://www.liquibase.org/xml/ns/dbchangelog/dbchangelog-3.5.xsd
14:02:19.906 [Test worker] DEBUG LiquibaseSchemaResolver - Local path for http://www.liquibase.org/xml/ns/dbchangelog/dbchangelog-3.5.xsd is liquibase/parser/core/xml/dbchangelog-3.5.xsd
14:02:19.907 [Test worker] DEBUG liquibase - Opening jar:file:/C:/Users/user/.gradle/caches/modules-2/files-2.1/org.liquibase/liquibase-core/3.5.5/c65051f327382018bd09c30380f25eac96f210da/liquibase-core-3.5.5.jar!/liquibase/parser/core/xml/dbchangelog-3.5.xsd as liquibase/parser/core/xml/dbchangelog-3.5.xsd
14:02:19.908 [Test worker] DEBUG LiquibaseSchemaResolver - Successfully loaded XSD from liquibase/parser/core/xml/dbchangelog-3.5.xsd
14:02:19.915 [Test worker] DEBUG liquibase - Opening jar:file:/C:/Users/user/.gradle/caches/modules-2/files-2.1/net.corda/corda-node/4.1/45583a2ad1dc5cdd2b90b4ff6d3bfe980bbba0cc/corda-node-4.1.jar!/migration/node-info.changelog-v3.xml as migration/node-info.changelog-v3.xml
14:02:19.917 [Test worker] DEBUG liquibase - Resolving XML entity name='null', publicId='null', baseURI='null', systemId='http://www.liquibase.org/xml/ns/dbchangelog/dbchangelog-3.5.xsd'
14:02:19.917 [Test worker] DEBUG LiquibaseSchemaResolver - Found namespace details class liquibase.parser.core.xml.StandardNamespaceDetails for http://www.liquibase.org/xml/ns/dbchangelog/dbchangelog-3.5.xsd
14:02:19.917 [Test worker] DEBUG LiquibaseSchemaResolver - Local path for http://www.liquibase.org/xml/ns/dbchangelog/dbchangelog-3.5.xsd is liquibase/parser/core/xml/dbchangelog-3.5.xsd
14:02:19.917 [Test worker] DEBUG liquibase - Opening jar:file:/C:/Users/user/.gradle/caches/modules-2/files-2.1/org.liquibase/liquibase-core/3.5.5/c65051f327382018bd09c30380f25eac96f210da/liquibase-core-3.5.5.jar!/liquibase/parser/core/xml/dbchangelog-3.5.xsd as liquibase/parser/core/xml/dbchangelog-3.5.xsd
14:02:19.918 [Test worker] DEBUG LiquibaseSchemaResolver - Successfully loaded XSD from liquibase/parser/core/xml/dbchangelog-3.5.xsd
14:02:19.925 [Test worker] DEBUG liquibase - Opening jar:file:/C:/Users/user/.gradle/caches/modules-2/files-2.1/net.corda/corda-node/4.1/45583a2ad1dc5cdd2b90b4ff6d3bfe980bbba0cc/corda-node-4.1.jar!/migration/node-core.changelog-master.xml as migration/node-core.changelog-master.xml
14:02:19.926 [Test worker] DEBUG liquibase - Resolving XML entity name='null', publicId='null', baseURI='null', systemId='http://www.liquibase.org/xml/ns/dbchangelog/dbchangelog-3.5.xsd'
14:02:19.927 [Test worker] DEBUG LiquibaseSchemaResolver - Found namespace details class liquibase.parser.core.xml.StandardNamespaceDetails for http://www.liquibase.org/xml/ns/dbchangelog/dbchangelog-3.5.xsd
14:02:19.928 [Test worker] DEBUG LiquibaseSchemaResolver - Local path for http://www.liquibase.org/xml/ns/dbchangelog/dbchangelog-3.5.xsd is liquibase/parser/core/xml/dbchangelog-3.5.xsd
14:02:19.929 [Test worker] DEBUG liquibase - Opening jar:file:/C:/Users/user/.gradle/caches/modules-2/files-2.1/org.liquibase/liquibase-core/3.5.5/c65051f327382018bd09c30380f25eac96f210da/liquibase-core-3.5.5.jar!/liquibase/parser/core/xml/dbchangelog-3.5.xsd as liquibase/parser/core/xml/dbchangelog-3.5.xsd
14:02:19.930 [Test worker] DEBUG LiquibaseSchemaResolver - Successfully loaded XSD from liquibase/parser/core/xml/dbchangelog-3.5.xsd
14:02:19.937 [Test worker] DEBUG liquibase - Opening jar:file:/C:/Users/user/.gradle/caches/modules-2/files-2.1/net.corda/corda-node/4.1/45583a2ad1dc5cdd2b90b4ff6d3bfe980bbba0cc/corda-node-4.1.jar!/migration/node-core.changelog-init.xml as migration/node-core.changelog-init.xml
14:02:19.939 [Test worker] DEBUG liquibase - Resolving XML entity name='null', publicId='null', baseURI='null', systemId='http://www.liquibase.org/xml/ns/dbchangelog/dbchangelog-3.5.xsd'
14:02:19.939 [Test worker] DEBUG LiquibaseSchemaResolver - Found namespace details class liquibase.parser.core.xml.StandardNamespaceDetails for http://www.liquibase.org/xml/ns/dbchangelog/dbchangelog-3.5.xsd
14:02:19.939 [Test worker] DEBUG LiquibaseSchemaResolver - Local path for http://www.liquibase.org/xml/ns/dbchangelog/dbchangelog-3.5.xsd is liquibase/parser/core/xml/dbchangelog-3.5.xsd
14:02:19.939 [Test worker] DEBUG liquibase - Opening jar:file:/C:/Users/user/.gradle/caches/modules-2/files-2.1/org.liquibase/liquibase-core/3.5.5/c65051f327382018bd09c30380f25eac96f210da/liquibase-core-3.5.5.jar!/liquibase/parser/core/xml/dbchangelog-3.5.xsd as liquibase/parser/core/xml/dbchangelog-3.5.xsd
14:02:19.940 [Test worker] DEBUG LiquibaseSchemaResolver - Successfully loaded XSD from liquibase/parser/core/xml/dbchangelog-3.5.xsd
14:02:19.957 [Test worker] DEBUG liquibase - Opening jar:file:/C:/Users/user/.gradle/caches/modules-2/files-2.1/net.corda/corda-node/4.1/45583a2ad1dc5cdd2b90b4ff6d3bfe980bbba0cc/corda-node-4.1.jar!/migration/node-core.changelog-v3.xml as migration/node-core.changelog-v3.xml
14:02:19.959 [Test worker] DEBUG liquibase - Resolving XML entity name='null', publicId='null', baseURI='null', systemId='http://www.liquibase.org/xml/ns/dbchangelog/dbchangelog-3.5.xsd'
14:02:19.959 [Test worker] DEBUG LiquibaseSchemaResolver - Found namespace details class liquibase.parser.core.xml.StandardNamespaceDetails for http://www.liquibase.org/xml/ns/dbchangelog/dbchangelog-3.5.xsd
14:02:19.959 [Test worker] DEBUG LiquibaseSchemaResolver - Local path for http://www.liquibase.org/xml/ns/dbchangelog/dbchangelog-3.5.xsd is liquibase/parser/core/xml/dbchangelog-3.5.xsd
14:02:19.960 [Test worker] DEBUG liquibase - Opening jar:file:/C:/Users/user/.gradle/caches/modules-2/files-2.1/org.liquibase/liquibase-core/3.5.5/c65051f327382018bd09c30380f25eac96f210da/liquibase-core-3.5.5.jar!/liquibase/parser/core/xml/dbchangelog-3.5.xsd as liquibase/parser/core/xml/dbchangelog-3.5.xsd
14:02:19.960 [Test worker] DEBUG LiquibaseSchemaResolver - Successfully loaded XSD from liquibase/parser/core/xml/dbchangelog-3.5.xsd
14:02:19.968 [Test worker] DEBUG liquibase - Opening jar:file:/C:/Users/user/.gradle/caches/modules-2/files-2.1/net.corda/corda-node/4.1/45583a2ad1dc5cdd2b90b4ff6d3bfe980bbba0cc/corda-node-4.1.jar!/migration/node-core.changelog-v4.xml as migration/node-core.changelog-v4.xml
14:02:19.970 [Test worker] DEBUG liquibase - Resolving XML entity name='null', publicId='null', baseURI='null', systemId='http://www.liquibase.org/xml/ns/dbchangelog/dbchangelog-3.5.xsd'
14:02:19.970 [Test worker] DEBUG LiquibaseSchemaResolver - Found namespace details class liquibase.parser.core.xml.StandardNamespaceDetails for http://www.liquibase.org/xml/ns/dbchangelog/dbchangelog-3.5.xsd
14:02:19.971 [Test worker] DEBUG LiquibaseSchemaResolver - Local path for http://www.liquibase.org/xml/ns/dbchangelog/dbchangelog-3.5.xsd is liquibase/parser/core/xml/dbchangelog-3.5.xsd
14:02:19.972 [Test worker] DEBUG liquibase - Opening jar:file:/C:/Users/user/.gradle/caches/modules-2/files-2.1/org.liquibase/liquibase-core/3.5.5/c65051f327382018bd09c30380f25eac96f210da/liquibase-core-3.5.5.jar!/liquibase/parser/core/xml/dbchangelog-3.5.xsd as liquibase/parser/core/xml/dbchangelog-3.5.xsd
14:02:19.973 [Test worker] DEBUG LiquibaseSchemaResolver - Successfully loaded XSD from liquibase/parser/core/xml/dbchangelog-3.5.xsd
14:02:19.983 [Test worker] DEBUG liquibase - Opening jar:file:/C:/Users/user/.gradle/caches/modules-2/files-2.1/net.corda/corda-node/4.1/45583a2ad1dc5cdd2b90b4ff6d3bfe980bbba0cc/corda-node-4.1.jar!/migration/node-core.changelog-v5.xml as migration/node-core.changelog-v5.xml
14:02:19.985 [Test worker] DEBUG liquibase - Resolving XML entity name='null', publicId='null', baseURI='null', systemId='http://www.liquibase.org/xml/ns/dbchangelog/dbchangelog-3.5.xsd'
14:02:19.985 [Test worker] DEBUG LiquibaseSchemaResolver - Found namespace details class liquibase.parser.core.xml.StandardNamespaceDetails for http://www.liquibase.org/xml/ns/dbchangelog/dbchangelog-3.5.xsd
14:02:19.985 [Test worker] DEBUG LiquibaseSchemaResolver - Local path for http://www.liquibase.org/xml/ns/dbchangelog/dbchangelog-3.5.xsd is liquibase/parser/core/xml/dbchangelog-3.5.xsd
14:02:19.985 [Test worker] DEBUG liquibase - Opening jar:file:/C:/Users/user/.gradle/caches/modules-2/files-2.1/org.liquibase/liquibase-core/3.5.5/c65051f327382018bd09c30380f25eac96f210da/liquibase-core-3.5.5.jar!/liquibase/parser/core/xml/dbchangelog-3.5.xsd as liquibase/parser/core/xml/dbchangelog-3.5.xsd
14:02:19.986 [Test worker] DEBUG LiquibaseSchemaResolver - Successfully loaded XSD from liquibase/parser/core/xml/dbchangelog-3.5.xsd
14:02:19.993 [Test worker] DEBUG liquibase - Opening jar:file:/C:/Users/user/.gradle/caches/modules-2/files-2.1/net.corda/corda-node/4.1/45583a2ad1dc5cdd2b90b4ff6d3bfe980bbba0cc/corda-node-4.1.jar!/migration/node-core.changelog-pkey.xml as migration/node-core.changelog-pkey.xml
14:02:19.997 [Test worker] DEBUG liquibase - Resolving XML entity name='null', publicId='null', baseURI='null', systemId='http://www.liquibase.org/xml/ns/dbchangelog/dbchangelog-3.5.xsd'
14:02:19.997 [Test worker] DEBUG LiquibaseSchemaResolver - Found namespace details class liquibase.parser.core.xml.StandardNamespaceDetails for http://www.liquibase.org/xml/ns/dbchangelog/dbchangelog-3.5.xsd
14:02:19.997 [Test worker] DEBUG LiquibaseSchemaResolver - Local path for http://www.liquibase.org/xml/ns/dbchangelog/dbchangelog-3.5.xsd is liquibase/parser/core/xml/dbchangelog-3.5.xsd
14:02:19.998 [Test worker] DEBUG liquibase - Opening jar:file:/C:/Users/user/.gradle/caches/modules-2/files-2.1/org.liquibase/liquibase-core/3.5.5/c65051f327382018bd09c30380f25eac96f210da/liquibase-core-3.5.5.jar!/liquibase/parser/core/xml/dbchangelog-3.5.xsd as liquibase/parser/core/xml/dbchangelog-3.5.xsd
14:02:19.998 [Test worker] DEBUG LiquibaseSchemaResolver - Successfully loaded XSD from liquibase/parser/core/xml/dbchangelog-3.5.xsd
14:02:20.011 [Test worker] DEBUG liquibase - Opening jar:file:/C:/Users/user/.gradle/caches/modules-2/files-2.1/net.corda/corda-node/4.1/45583a2ad1dc5cdd2b90b4ff6d3bfe980bbba0cc/corda-node-4.1.jar!/migration/node-core.changelog-postgres-blob.xml as migration/node-core.changelog-postgres-blob.xml
14:02:20.013 [Test worker] DEBUG liquibase - Resolving XML entity name='null', publicId='null', baseURI='null', systemId='http://www.liquibase.org/xml/ns/dbchangelog/dbchangelog-3.5.xsd'
14:02:20.014 [Test worker] DEBUG LiquibaseSchemaResolver - Found namespace details class liquibase.parser.core.xml.StandardNamespaceDetails for http://www.liquibase.org/xml/ns/dbchangelog/dbchangelog-3.5.xsd
14:02:20.014 [Test worker] DEBUG LiquibaseSchemaResolver - Local path for http://www.liquibase.org/xml/ns/dbchangelog/dbchangelog-3.5.xsd is liquibase/parser/core/xml/dbchangelog-3.5.xsd
14:02:20.014 [Test worker] DEBUG liquibase - Opening jar:file:/C:/Users/user/.gradle/caches/modules-2/files-2.1/org.liquibase/liquibase-core/3.5.5/c65051f327382018bd09c30380f25eac96f210da/liquibase-core-3.5.5.jar!/liquibase/parser/core/xml/dbchangelog-3.5.xsd as liquibase/parser/core/xml/dbchangelog-3.5.xsd
14:02:20.015 [Test worker] DEBUG LiquibaseSchemaResolver - Successfully loaded XSD from liquibase/parser/core/xml/dbchangelog-3.5.xsd
14:02:20.022 [Test worker] DEBUG liquibase - Opening jar:file:/C:/Users/user/.gradle/caches/modules-2/files-2.1/net.corda/corda-node/4.1/45583a2ad1dc5cdd2b90b4ff6d3bfe980bbba0cc/corda-node-4.1.jar!/migration/node-core.changelog-v8.xml as migration/node-core.changelog-v8.xml
14:02:20.024 [Test worker] DEBUG liquibase - Resolving XML entity name='null', publicId='null', baseURI='null', systemId='http://www.liquibase.org/xml/ns/dbchangelog/dbchangelog-3.5.xsd'
14:02:20.024 [Test worker] DEBUG LiquibaseSchemaResolver - Found namespace details class liquibase.parser.core.xml.StandardNamespaceDetails for http://www.liquibase.org/xml/ns/dbchangelog/dbchangelog-3.5.xsd
14:02:20.024 [Test worker] DEBUG LiquibaseSchemaResolver - Local path for http://www.liquibase.org/xml/ns/dbchangelog/dbchangelog-3.5.xsd is liquibase/parser/core/xml/dbchangelog-3.5.xsd
14:02:20.025 [Test worker] DEBUG liquibase - Opening jar:file:/C:/Users/user/.gradle/caches/modules-2/files-2.1/org.liquibase/liquibase-core/3.5.5/c65051f327382018bd09c30380f25eac96f210da/liquibase-core-3.5.5.jar!/liquibase/parser/core/xml/dbchangelog-3.5.xsd as liquibase/parser/core/xml/dbchangelog-3.5.xsd
14:02:20.025 [Test worker] DEBUG LiquibaseSchemaResolver - Successfully loaded XSD from liquibase/parser/core/xml/dbchangelog-3.5.xsd
14:02:20.033 [Test worker] DEBUG liquibase - Opening jar:file:/C:/Users/user/.gradle/caches/modules-2/files-2.1/net.corda/corda-node/4.1/45583a2ad1dc5cdd2b90b4ff6d3bfe980bbba0cc/corda-node-4.1.jar!/migration/node-core.changelog-tx-mapping.xml as migration/node-core.changelog-tx-mapping.xml
14:02:20.034 [Test worker] DEBUG liquibase - Resolving XML entity name='null', publicId='null', baseURI='null', systemId='http://www.liquibase.org/xml/ns/dbchangelog/dbchangelog-3.5.xsd'
14:02:20.034 [Test worker] DEBUG LiquibaseSchemaResolver - Found namespace details class liquibase.parser.core.xml.StandardNamespaceDetails for http://www.liquibase.org/xml/ns/dbchangelog/dbchangelog-3.5.xsd
14:02:20.034 [Test worker] DEBUG LiquibaseSchemaResolver - Local path for http://www.liquibase.org/xml/ns/dbchangelog/dbchangelog-3.5.xsd is liquibase/parser/core/xml/dbchangelog-3.5.xsd
14:02:20.034 [Test worker] DEBUG liquibase - Opening jar:file:/C:/Users/user/.gradle/caches/modules-2/files-2.1/org.liquibase/liquibase-core/3.5.5/c65051f327382018bd09c30380f25eac96f210da/liquibase-core-3.5.5.jar!/liquibase/parser/core/xml/dbchangelog-3.5.xsd as liquibase/parser/core/xml/dbchangelog-3.5.xsd
14:02:20.035 [Test worker] DEBUG LiquibaseSchemaResolver - Successfully loaded XSD from liquibase/parser/core/xml/dbchangelog-3.5.xsd
14:02:20.040 [Test worker] DEBUG liquibase - Opening jar:file:/C:/Users/user/.gradle/caches/modules-2/files-2.1/net.corda/corda-node/4.1/45583a2ad1dc5cdd2b90b4ff6d3bfe980bbba0cc/corda-node-4.1.jar!/migration/node-core.changelog-v9.xml as migration/node-core.changelog-v9.xml
14:02:20.041 [Test worker] DEBUG liquibase - Resolving XML entity name='null', publicId='null', baseURI='null', systemId='http://www.liquibase.org/xml/ns/dbchangelog/dbchangelog-3.5.xsd'
14:02:20.041 [Test worker] DEBUG LiquibaseSchemaResolver - Found namespace details class liquibase.parser.core.xml.StandardNamespaceDetails for http://www.liquibase.org/xml/ns/dbchangelog/dbchangelog-3.5.xsd
14:02:20.041 [Test worker] DEBUG LiquibaseSchemaResolver - Local path for http://www.liquibase.org/xml/ns/dbchangelog/dbchangelog-3.5.xsd is liquibase/parser/core/xml/dbchangelog-3.5.xsd
14:02:20.042 [Test worker] DEBUG liquibase - Opening jar:file:/C:/Users/user/.gradle/caches/modules-2/files-2.1/org.liquibase/liquibase-core/3.5.5/c65051f327382018bd09c30380f25eac96f210da/liquibase-core-3.5.5.jar!/liquibase/parser/core/xml/dbchangelog-3.5.xsd as liquibase/parser/core/xml/dbchangelog-3.5.xsd
14:02:20.042 [Test worker] DEBUG LiquibaseSchemaResolver - Successfully loaded XSD from liquibase/parser/core/xml/dbchangelog-3.5.xsd
14:02:20.048 [Test worker] DEBUG liquibase - Opening jar:file:/C:/Users/user/.gradle/caches/modules-2/files-2.1/net.corda/corda-node/4.1/45583a2ad1dc5cdd2b90b4ff6d3bfe980bbba0cc/corda-node-4.1.jar!/migration/node-core.changelog-v10.xml as migration/node-core.changelog-v10.xml
14:02:20.050 [Test worker] DEBUG liquibase - Resolving XML entity name='null', publicId='null', baseURI='null', systemId='http://www.liquibase.org/xml/ns/dbchangelog/dbchangelog-3.5.xsd'
14:02:20.050 [Test worker] DEBUG LiquibaseSchemaResolver - Found namespace details class liquibase.parser.core.xml.StandardNamespaceDetails for http://www.liquibase.org/xml/ns/dbchangelog/dbchangelog-3.5.xsd
14:02:20.050 [Test worker] DEBUG LiquibaseSchemaResolver - Local path for http://www.liquibase.org/xml/ns/dbchangelog/dbchangelog-3.5.xsd is liquibase/parser/core/xml/dbchangelog-3.5.xsd
14:02:20.050 [Test worker] DEBUG liquibase - Opening jar:file:/C:/Users/user/.gradle/caches/modules-2/files-2.1/org.liquibase/liquibase-core/3.5.5/c65051f327382018bd09c30380f25eac96f210da/liquibase-core-3.5.5.jar!/liquibase/parser/core/xml/dbchangelog-3.5.xsd as liquibase/parser/core/xml/dbchangelog-3.5.xsd
14:02:20.051 [Test worker] DEBUG LiquibaseSchemaResolver - Successfully loaded XSD from liquibase/parser/core/xml/dbchangelog-3.5.xsd
14:02:20.055 [Test worker] DEBUG liquibase - Opening jar:file:/C:/Users/user/.gradle/caches/modules-2/files-2.1/net.corda/corda-node/4.1/45583a2ad1dc5cdd2b90b4ff6d3bfe980bbba0cc/corda-node-4.1.jar!/migration/node-core.changelog-v11.xml as migration/node-core.changelog-v11.xml
14:02:20.056 [Test worker] DEBUG liquibase - Resolving XML entity name='null', publicId='null', baseURI='null', systemId='http://www.liquibase.org/xml/ns/dbchangelog/dbchangelog-3.5.xsd'
14:02:20.057 [Test worker] DEBUG LiquibaseSchemaResolver - Found namespace details class liquibase.parser.core.xml.StandardNamespaceDetails for http://www.liquibase.org/xml/ns/dbchangelog/dbchangelog-3.5.xsd
14:02:20.057 [Test worker] DEBUG LiquibaseSchemaResolver - Local path for http://www.liquibase.org/xml/ns/dbchangelog/dbchangelog-3.5.xsd is liquibase/parser/core/xml/dbchangelog-3.5.xsd
14:02:20.057 [Test worker] DEBUG liquibase - Opening jar:file:/C:/Users/user/.gradle/caches/modules-2/files-2.1/org.liquibase/liquibase-core/3.5.5/c65051f327382018bd09c30380f25eac96f210da/liquibase-core-3.5.5.jar!/liquibase/parser/core/xml/dbchangelog-3.5.xsd as liquibase/parser/core/xml/dbchangelog-3.5.xsd
14:02:20.058 [Test worker] DEBUG LiquibaseSchemaResolver - Successfully loaded XSD from liquibase/parser/core/xml/dbchangelog-3.5.xsd
14:02:20.062 [Test worker] DEBUG liquibase - Opening jar:file:/C:/Users/user/.gradle/caches/modules-2/files-2.1/net.corda/corda-node/4.1/45583a2ad1dc5cdd2b90b4ff6d3bfe980bbba0cc/corda-node-4.1.jar!/migration/vault-schema.changelog-v9.xml as migration/vault-schema.changelog-v9.xml
14:02:20.063 [Test worker] DEBUG liquibase - Resolving XML entity name='null', publicId='null', baseURI='null', systemId='http://www.liquibase.org/xml/ns/dbchangelog/dbchangelog-3.5.xsd'
14:02:20.063 [Test worker] DEBUG LiquibaseSchemaResolver - Found namespace details class liquibase.parser.core.xml.StandardNamespaceDetails for http://www.liquibase.org/xml/ns/dbchangelog/dbchangelog-3.5.xsd
14:02:20.063 [Test worker] DEBUG LiquibaseSchemaResolver - Local path for http://www.liquibase.org/xml/ns/dbchangelog/dbchangelog-3.5.xsd is liquibase/parser/core/xml/dbchangelog-3.5.xsd
14:02:20.064 [Test worker] DEBUG liquibase - Opening jar:file:/C:/Users/user/.gradle/caches/modules-2/files-2.1/org.liquibase/liquibase-core/3.5.5/c65051f327382018bd09c30380f25eac96f210da/liquibase-core-3.5.5.jar!/liquibase/parser/core/xml/dbchangelog-3.5.xsd as liquibase/parser/core/xml/dbchangelog-3.5.xsd
14:02:20.064 [Test worker] DEBUG LiquibaseSchemaResolver - Successfully loaded XSD from liquibase/parser/core/xml/dbchangelog-3.5.xsd
14:02:20.070 [Test worker] DEBUG liquibase - Create Database Change Log Table
14:02:20.070 [Test worker] INFO liquibase - Creating database history table with name: PUBLIC.DATABASECHANGELOG
14:02:20.071 [Test worker] DEBUG liquibase - Executing EXECUTE database command: CREATE TABLE PUBLIC.DATABASECHANGELOG (ID VARCHAR(255) NOT NULL, AUTHOR VARCHAR(255) NOT NULL, FILENAME VARCHAR(255) NOT NULL, DATEEXECUTED TIMESTAMP NOT NULL, ORDEREXECUTED INT NOT NULL, EXECTYPE VARCHAR(10) NOT NULL, MD5SUM VARCHAR(35), DESCRIPTION VARCHAR(255), COMMENTS VARCHAR(255), TAG VARCHAR(255), LIQUIBASE VARCHAR(20), CONTEXTS VARCHAR(255), LABELS VARCHAR(255), DEPLOYMENT_ID VARCHAR(10))
14:02:20.072 [Test worker] DEBUG liquibase - Executing QUERY database command: select count(*) from PUBLIC.DATABASECHANGELOG
14:02:20.073 [Test worker] INFO liquibase - Reading from PUBLIC.DATABASECHANGELOG
14:02:20.073 [Test worker] DEBUG liquibase - Executing QUERY database command: SELECT * FROM PUBLIC.DATABASECHANGELOG ORDER BY DATEEXECUTED ASC, ORDEREXECUTED ASC
14:02:20.073 [Test worker] DEBUG liquibase - Executing QUERY database command: select count(*) from PUBLIC.DATABASECHANGELOGLOCK
14:02:20.073 [Test worker] DEBUG liquibase - Create Database Lock Table
14:02:20.074 [Test worker] DEBUG liquibase - Executing EXECUTE database command: CREATE TABLE PUBLIC.DATABASECHANGELOGLOCK (ID INT NOT NULL, LOCKED BOOLEAN NOT NULL, LOCKGRANTED TIMESTAMP, LOCKEDBY VARCHAR(255), CONSTRAINT PK_DATABASECHANGELOGLOCK PRIMARY KEY (ID))
14:02:20.074 [Test worker] DEBUG liquibase - Created database lock table with name: PUBLIC.DATABASECHANGELOGLOCK
14:02:20.074 [Test worker] DEBUG liquibase - Executing QUERY database command: select count(*) from PUBLIC.DATABASECHANGELOGLOCK
14:02:20.074 [Test worker] DEBUG liquibase - Initialize Database Lock Table
14:02:20.074 [Test worker] DEBUG liquibase - Executing EXECUTE database command: DELETE FROM PUBLIC.DATABASECHANGELOGLOCK
14:02:20.074 [Test worker] DEBUG liquibase - Executing EXECUTE database command: INSERT INTO PUBLIC.DATABASECHANGELOGLOCK (ID, LOCKED) VALUES (1, FALSE)
14:02:20.075 [Test worker] DEBUG liquibase - master.changelog.json: migration/common.changelog-init.xml::1511451595465-1.1::R3.Corda: Computed checksum for createSequence:[
    sequenceName="hibernate_sequence"
] as 3b59bc60f6cf5c7c76b020ae29954565
14:02:20.075 [Test worker] DEBUG liquibase - master.changelog.json: migration/common.changelog-init.xml::1511451595465-1.1::R3.Corda: Computed checksum for 7:3b59bc60f6cf5c7c76b020ae29954565: as afe897bea20bc08d1681087c94d0967d
14:02:20.076 [Test worker] DEBUG liquibase - master.changelog.json: migration/common.changelog-init.xml::1511451595465-1.3::R3.Corda: Computed checksum for createSequence:[
    minValue="1"
    sequenceName="hibernate_sequence"
] as f473914cdfde3972225cdb465aeff71d
14:02:20.076 [Test worker] DEBUG liquibase - master.changelog.json: migration/common.changelog-init.xml::1511451595465-1.3::R3.Corda: Computed checksum for 7:f473914cdfde3972225cdb465aeff71d: as b775a64dd8351ca0b00329ea3e49f44b
14:02:20.076 [Test worker] INFO liquibase - master.changelog.json: migration/common.changelog-init.xml::1511451595465-1.3::R3.Corda: Skipping changeSet migration/common.changelog-init.xml::1511451595465-1.3::R3.Corda due to validation error(s): minValue is not allowed on h2
14:02:20.076 [Test worker] DEBUG liquibase - master.changelog.json: migration/vault-schema.changelog-init.xml::1511451595465-22::R3.Corda: Computed checksum for createTable:[
    columns=[
        [
            [
                nullable="false"
            ]
            name="output_index"
            type="INT"
        ],
        [
            [
                nullable="false"
            ]
            name="transaction_id"
            type="NVARCHAR(64)"
        ],
        [
            name="issuer_name"
            type="NVARCHAR(255)"
        ],
        [
            name="issuer_ref"
            type="varbinary(512)"
        ],
        [
       ... [truncated in log] as e175aecbeafccf493b3899098eb581f2
14:02:20.077 [Test worker] DEBUG liquibase - master.changelog.json: migration/vault-schema.changelog-init.xml::1511451595465-22::R3.Corda: Computed checksum for 7:e175aecbeafccf493b3899098eb581f2: as 1f8a20296ddeb0fc739bd8e7084b0bab
14:02:20.077 [Test worker] DEBUG liquibase - master.changelog.json: migration/vault-schema.changelog-init.xml::1511451595465-23::R3.Corda: Computed checksum for createTable:[
    columns=[
        [
            [
                nullable="false"
            ]
            name="output_index"
            type="INT"
        ],
        [
            [
                nullable="false"
            ]
            name="transaction_id"
            type="NVARCHAR(64)"
        ],
        [
            name="participants"
            type="NVARCHAR(255)"
        ]
    ]
    tableName="vault_fungible_states_parts"
] as add94f234be5f070e7c2a20110730809
14:02:20.078 [Test worker] DEBUG liquibase - master.changelog.json: migration/vault-schema.changelog-init.xml::1511451595465-23::R3.Corda: Computed checksum for 7:add94f234be5f070e7c2a20110730809: as 1a9f6483c225c03a3a558b5b20306741
14:02:20.078 [Test worker] DEBUG liquibase - master.changelog.json: migration/vault-schema.changelog-init.xml::1511451595465-24::R3.Corda: Computed checksum for createTable:[
    columns=[
        [
            [
                nullable="false"
            ]
            name="output_index"
            type="INT"
        ],
        [
            [
                nullable="false"
            ]
            name="transaction_id"
            type="NVARCHAR(64)"
        ],
        [
            name="external_id"
            type="NVARCHAR(255)"
        ],
        [
            [
                nullable="false"
            ]
            name="uuid"
       ... [truncated in log] as a2b34ccc00e85d4de9b82e22ec7fa971
14:02:20.078 [Test worker] DEBUG liquibase - master.changelog.json: migration/vault-schema.changelog-init.xml::1511451595465-24::R3.Corda: Computed checksum for 7:a2b34ccc00e85d4de9b82e22ec7fa971: as cc33e3b7b7db0e8613421e71352448d1
14:02:20.079 [Test worker] DEBUG liquibase - master.changelog.json: migration/vault-schema.changelog-init.xml::1511451595465-25::R3.Corda: Computed checksum for createTable:[
    columns=[
        [
            [
                nullable="false"
            ]
            name="output_index"
            type="INT"
        ],
        [
            [
                nullable="false"
            ]
            name="transaction_id"
            type="NVARCHAR(64)"
        ],
        [
            name="participants"
            type="NVARCHAR(255)"
        ]
    ]
    tableName="vault_linear_states_parts"
] as ff0db7191732aba7aa4402b9145d55d8
14:02:20.079 [Test worker] DEBUG liquibase - master.changelog.json: migration/vault-schema.changelog-init.xml::1511451595465-25::R3.Corda: Computed checksum for 7:ff0db7191732aba7aa4402b9145d55d8: as cee1c34886b737d7c86f4ba94a43d9a7
14:02:20.080 [Test worker] DEBUG liquibase - master.changelog.json: migration/vault-schema.changelog-init.xml::1511451595465-26::R3.Corda: Computed checksum for createTable:[
    columns=[
        [
            [
                nullable="false"
            ]
            name="output_index"
            type="INT"
        ],
        [
            [
                nullable="false"
            ]
            name="transaction_id"
            type="NVARCHAR(64)"
        ],
        [
            name="consumed_timestamp"
            type="timestamp"
        ],
        [
            name="contract_state_class_name"
            type="NVARCHAR(255)"
        ],
... [truncated in log] as 3590556b2783206eba7b151844f6a2e8
14:02:20.080 [Test worker] DEBUG liquibase - master.changelog.json: migration/vault-schema.changelog-init.xml::1511451595465-26::R3.Corda: Computed checksum for 7:3590556b2783206eba7b151844f6a2e8: as 47ea918c4e5894a573ed08ff7d3cfcf8
14:02:20.081 [Test worker] DEBUG liquibase - master.changelog.json: migration/vault-schema.changelog-init.xml::1511451595465-27::R3.Corda: Computed checksum for createTable:[
    columns=[
        [
            [
                nullable="false"
            ]
            name="seq_no"
            type="INT"
        ],
        [
            name="note"
            type="NVARCHAR(255)"
        ],
        [
            name="transaction_id"
            type="NVARCHAR(64)"
        ]
    ]
    tableName="vault_transaction_notes"
] as b2a3172c8e54fe287195c0f1d9d79d06
14:02:20.081 [Test worker] DEBUG liquibase - master.changelog.json: migration/vault-schema.changelog-init.xml::1511451595465-27::R3.Corda: Computed checksum for 7:b2a3172c8e54fe287195c0f1d9d79d06: as b335f04504c263e99eb1b4b78fb7b976
14:02:20.082 [Test worker] DEBUG liquibase - master.changelog.json: migration/vault-schema.changelog-init.xml::1511451595465-47::R3.Corda: Computed checksum for addPrimaryKey:[
    columnNames="output_index, transaction_id"
    constraintName="vault_fungible_states_pkey"
    tableName="vault_fungible_states"
] as 1c0d1edb717c326aca50814658fa822a
14:02:20.082 [Test worker] DEBUG liquibase - master.changelog.json: migration/vault-schema.changelog-init.xml::1511451595465-47::R3.Corda: Computed checksum for 7:1c0d1edb717c326aca50814658fa822a: as 5ebf8c6ceacd418805fef0a8d5926d22
14:02:20.082 [Test worker] DEBUG liquibase - master.changelog.json: migration/vault-schema.changelog-init.xml::1511451595465-48::R3.Corda: Computed checksum for addPrimaryKey:[
    columnNames="output_index, transaction_id"
    constraintName="vault_linear_states_pkey"
    tableName="vault_linear_states"
] as 4e3aaffa0ad01595c6c23745084763b1
14:02:20.082 [Test worker] DEBUG liquibase - master.changelog.json: migration/vault-schema.changelog-init.xml::1511451595465-48::R3.Corda: Computed checksum for 7:4e3aaffa0ad01595c6c23745084763b1: as 6852e525af1e0e841b85cbc65c3ef3eb
14:02:20.083 [Test worker] DEBUG liquibase - master.changelog.json: migration/vault-schema.changelog-init.xml::1511451595465-49::R3.Corda: Computed checksum for addPrimaryKey:[
    columnNames="output_index, transaction_id"
    constraintName="vault_states_pkey"
    tableName="vault_states"
] as 4bd501a6f3a2480ca4be1186a9ae2951
14:02:20.083 [Test worker] DEBUG liquibase - master.changelog.json: migration/vault-schema.changelog-init.xml::1511451595465-49::R3.Corda: Computed checksum for 7:4bd501a6f3a2480ca4be1186a9ae2951: as e88ace88ae32b7c6a212f749bed7f25f
14:02:20.083 [Test worker] DEBUG liquibase - master.changelog.json: migration/vault-schema.changelog-init.xml::1511451595465-50::R3.Corda: Computed checksum for addPrimaryKey:[
    columnNames="seq_no"
    constraintName="vault_transaction_notes_pkey"
    tableName="vault_transaction_notes"
] as 39e3946cfbca51e6913a1c4f38ddf0c7
14:02:20.083 [Test worker] DEBUG liquibase - master.changelog.json: migration/vault-schema.changelog-init.xml::1511451595465-50::R3.Corda: Computed checksum for 7:39e3946cfbca51e6913a1c4f38ddf0c7: as aef52cbfcee4e86a30a1175aacdae9b5
14:02:20.084 [Test worker] DEBUG liquibase - master.changelog.json: migration/vault-schema.changelog-init.xml::1511451595465-53::R3.Corda: Computed checksum for createIndex:[
    columns=[
        [
            name="external_id"
        ]
    ]
    indexName="external_id_index"
    tableName="vault_linear_states"
] as f98aafeaa30935a36db499f2104a93bf
14:02:20.084 [Test worker] DEBUG liquibase - master.changelog.json: migration/vault-schema.changelog-init.xml::1511451595465-53::R3.Corda: Computed checksum for 7:f98aafeaa30935a36db499f2104a93bf: as 7b0c95c0892fe1aba26a294d843d3c0a
14:02:20.084 [Test worker] DEBUG liquibase - master.changelog.json: migration/vault-schema.changelog-init.xml::1511451595465-55::R3.Corda: Computed checksum for createIndex:[
    columns=[
        [
            name="lock_id"
        ],
        [
            name="state_status"
        ]
    ]
    indexName="lock_id_idx"
    tableName="vault_states"
] as e42dab0002a4e906bfd484f143741150
14:02:20.085 [Test worker] DEBUG liquibase - master.changelog.json: migration/vault-schema.changelog-init.xml::1511451595465-55::R3.Corda: Computed checksum for 7:e42dab0002a4e906bfd484f143741150: as daf1bfa84381a1c8e100c14229a6d860
14:02:20.085 [Test worker] DEBUG liquibase - master.changelog.json: migration/vault-schema.changelog-init.xml::1511451595465-58::R3.Corda: Computed checksum for createIndex:[
    columns=[
        [
            name="state_status"
        ]
    ]
    indexName="state_status_idx"
    tableName="vault_states"
] as 2ff9d748b5e8cc68d2b31c3435578cef
14:02:20.085 [Test worker] DEBUG liquibase - master.changelog.json: migration/vault-schema.changelog-init.xml::1511451595465-58::R3.Corda: Computed checksum for 7:2ff9d748b5e8cc68d2b31c3435578cef: as 775d3c8a27b7fad84f9894db6bdf3e87
14:02:20.085 [Test worker] DEBUG liquibase - master.changelog.json: migration/vault-schema.changelog-init.xml::1511451595465-59::R3.Corda: Computed checksum for createIndex:[
    columns=[
        [
            name="transaction_id"
        ]
    ]
    indexName="transaction_id_index"
    tableName="vault_transaction_notes"
] as fd9eea380cef475dc54fd99e4e233920
14:02:20.085 [Test worker] DEBUG liquibase - master.changelog.json: migration/vault-schema.changelog-init.xml::1511451595465-59::R3.Corda: Computed checksum for 7:fd9eea380cef475dc54fd99e4e233920: as 1be2b24f3e4fedc8252c24080b713783
14:02:20.086 [Test worker] DEBUG liquibase - master.changelog.json: migration/vault-schema.changelog-init.xml::1511451595465-60::R3.Corda: Computed checksum for createIndex:[
    columns=[
        [
            name="uuid"
        ]
    ]
    indexName="uuid_index"
    tableName="vault_linear_states"
] as 0c3a5a186849036cd224f1c228d6dde9
14:02:20.086 [Test worker] DEBUG liquibase - master.changelog.json: migration/vault-schema.changelog-init.xml::1511451595465-60::R3.Corda: Computed checksum for 7:0c3a5a186849036cd224f1c228d6dde9: as f372f17dd75374bfecfde0e44d7ce36c
14:02:20.087 [Test worker] DEBUG liquibase - master.changelog.json: migration/vault-schema.changelog-init.xml::1511451595465-64::R3.Corda: Computed checksum for addForeignKeyConstraint:[
    baseColumnNames="output_index,transaction_id"
    baseTableName="vault_fungible_states_parts"
    constraintName="FK__fung_st_parts__fung_st"
    referencedColumnNames="output_index,transaction_id"
    referencedTableName="vault_fungible_states"
] as 0eece996759bc05f893e13edcc7012b3
14:02:20.087 [Test worker] DEBUG liquibase - master.changelog.json: migration/vault-schema.changelog-init.xml::1511451595465-64::R3.Corda: Computed checksum for 7:0eece996759bc05f893e13edcc7012b3: as 3771038da08dbe5dbbbdffac7300198d
14:02:20.087 [Test worker] DEBUG liquibase - master.changelog.json: migration/vault-schema.changelog-init.xml::1511451595465-65::R3.Corda: Computed checksum for addForeignKeyConstraint:[
    baseColumnNames="output_index,transaction_id"
    baseTableName="vault_linear_states_parts"
    constraintName="FK__lin_stat_parts__lin_stat"
    referencedColumnNames="output_index,transaction_id"
    referencedTableName="vault_linear_states"
] as c3bfc19faabd85d1ada74a704975075a
14:02:20.087 [Test worker] DEBUG liquibase - master.changelog.json: migration/vault-schema.changelog-init.xml::1511451595465-65::R3.Corda: Computed checksum for 7:c3bfc19faabd85d1ada74a704975075a: as 4cccc80aadefc753d80d33d233d426b1
14:02:20.088 [Test worker] DEBUG liquibase - master.changelog.json: migration/vault-schema.changelog-v3.xml::clean_vault::R3.Corda: Computed checksum for delete:[
    tableName="vault_fungible_states_parts"
] as b70b29b3a6bedbc5661cba016468c920
14:02:20.088 [Test worker] DEBUG liquibase - master.changelog.json: migration/vault-schema.changelog-v3.xml::clean_vault::R3.Corda: Computed checksum for delete:[
    tableName="vault_fungible_states"
] as a274055ce2143aac7ca36e5fad03b134
14:02:20.088 [Test worker] DEBUG liquibase - master.changelog.json: migration/vault-schema.changelog-v3.xml::clean_vault::R3.Corda: Computed checksum for delete:[
    tableName="vault_linear_states_parts"
] as ea0a011664469f485e1c20d3a801a95c
14:02:20.088 [Test worker] DEBUG liquibase - master.changelog.json: migration/vault-schema.changelog-v3.xml::clean_vault::R3.Corda: Computed checksum for delete:[
    tableName="vault_linear_states"
] as 3448fb16d803304ec5b23fe901463752
14:02:20.088 [Test worker] DEBUG liquibase - master.changelog.json: migration/vault-schema.changelog-v3.xml::clean_vault::R3.Corda: Computed checksum for delete:[
    tableName="vault_states"
] as 9554b12247631c9ef0b25ddf1faaa6d3
14:02:20.089 [Test worker] DEBUG liquibase - master.changelog.json: migration/vault-schema.changelog-v3.xml::clean_vault::R3.Corda: Computed checksum for delete:[
    tableName="vault_transaction_notes"
] as 0250e47826dc021ed9e01d035ea6f1b6
14:02:20.089 [Test worker] DEBUG liquibase - master.changelog.json: migration/vault-schema.changelog-v3.xml::clean_vault::R3.Corda: Computed checksum for 7:b70b29b3a6bedbc5661cba016468c920:7:a274055ce2143aac7ca36e5fad03b134:7:ea0a011664469f485e1c20d3a801a95c:7:3448fb16d803304ec5b23fe901463752:7:9554b12247631c9ef0b25ddf1faaa6d3:7:0250e47826dc021ed9e01d035ea6f1b6: as c16f94cc9c0418c23dfcedd33e85d2d3
14:02:20.089 [Test worker] DEBUG liquibase - master.changelog.json: migration/vault-schema.changelog-v4.xml::nullability::R3.Corda: Computed checksum for addNotNullConstraint:[
    columnDataType="BIGINT"
    columnName="quantity"
    tableName="vault_fungible_states"
] as d78eae5ca9adbacacf85e33e2a7f7415
14:02:20.089 [Test worker] DEBUG liquibase - master.changelog.json: migration/vault-schema.changelog-v4.xml::nullability::R3.Corda: Computed checksum for addNotNullConstraint:[
    columnDataType="NVARCHAR(255)"
    columnName="contract_state_class_name"
    tableName="vault_states"
] as 2078d56a1b5edbecbcc69079c33eb871
14:02:20.090 [Test worker] DEBUG liquibase - master.changelog.json: migration/vault-schema.changelog-v4.xml::nullability::R3.Corda: Computed checksum for addNotNullConstraint:[
    columnDataType="NVARCHAR(255)"
    columnName="notary_name"
    tableName="vault_states"
] as 2258242147cd14905eb100408de09558
14:02:20.090 [Test worker] DEBUG liquibase - master.changelog.json: migration/vault-schema.changelog-v4.xml::nullability::R3.Corda: Computed checksum for addNotNullConstraint:[
    columnDataType="timestamp"
    columnName="recorded_timestamp"
    tableName="vault_states"
] as ae7f591a2aca843f8ab716280bfd3947
14:02:20.090 [Test worker] DEBUG liquibase - master.changelog.json: migration/vault-schema.changelog-v4.xml::nullability::R3.Corda: Computed checksum for dropIndex:[
    indexName="state_status_idx"
    tableName="vault_states"
] as 6583c319aa2e4b6d1f195c77bc111ac5
14:02:20.090 [Test worker] DEBUG liquibase - master.changelog.json: migration/vault-schema.changelog-v4.xml::nullability::R3.Corda: Computed checksum for dropIndex:[
    indexName="lock_id_idx"
    tableName="vault_states"
] as e22a84c8f8873eb942f692a00ddda6c5
14:02:20.090 [Test worker] DEBUG liquibase - master.changelog.json: migration/vault-schema.changelog-v4.xml::nullability::R3.Corda: Computed checksum for addNotNullConstraint:[
    columnDataType="INT"
    columnName="state_status"
    tableName="vault_states"
] as f062ec40c033aa8c2a8ec93fcfc05443
14:02:20.091 [Test worker] DEBUG liquibase - master.changelog.json: migration/vault-schema.changelog-v4.xml::nullability::R3.Corda: Computed checksum for createIndex:[
    columns=[
        [
            name="state_status"
        ]
    ]
    indexName="state_status_idx"
    tableName="vault_states"
] as 2ff9d748b5e8cc68d2b31c3435578cef
14:02:20.091 [Test worker] DEBUG liquibase - master.changelog.json: migration/vault-schema.changelog-v4.xml::nullability::R3.Corda: Computed checksum for createIndex:[
    columns=[
        [
            name="lock_id"
        ],
        [
            name="state_status"
        ]
    ]
    indexName="lock_id_idx"
    tableName="vault_states"
] as e42dab0002a4e906bfd484f143741150
14:02:20.091 [Test worker] DEBUG liquibase - master.changelog.json: migration/vault-schema.changelog-v4.xml::nullability::R3.Corda: Computed checksum for dropIndex:[
    indexName="transaction_id_index"
    tableName="vault_transaction_notes"
] as 7677600c3adca898205158cdae636f0d
14:02:20.092 [Test worker] DEBUG liquibase - master.changelog.json: migration/vault-schema.changelog-v4.xml::nullability::R3.Corda: Computed checksum for addNotNullConstraint:[
    columnDataType="NVARCHAR(255)"
    columnName="note"
    tableName="vault_transaction_notes"
] as 4155de3b6c359ed6d735b6ae5c880ed2
14:02:20.092 [Test worker] DEBUG liquibase - master.changelog.json: migration/vault-schema.changelog-v4.xml::nullability::R3.Corda: Computed checksum for addNotNullConstraint:[
    columnDataType="NVARCHAR(64)"
    columnName="transaction_id"
    tableName="vault_transaction_notes"
] as f6eaec7b45db4b379b8485512bd873c1
14:02:20.092 [Test worker] DEBUG liquibase - master.changelog.json: migration/vault-schema.changelog-v4.xml::nullability::R3.Corda: Computed checksum for createIndex:[
    columns=[
        [
            name="transaction_id"
        ]
    ]
    indexName="transaction_id_index"
    tableName="vault_transaction_notes"
] as fd9eea380cef475dc54fd99e4e233920
14:02:20.092 [Test worker] DEBUG liquibase - master.changelog.json: migration/vault-schema.changelog-v4.xml::nullability::R3.Corda: Computed checksum for 7:d78eae5ca9adbacacf85e33e2a7f7415:7:2078d56a1b5edbecbcc69079c33eb871:7:2258242147cd14905eb100408de09558:7:ae7f591a2aca843f8ab716280bfd3947:7:6583c319aa2e4b6d1f195c77bc111ac5:7:e22a84c8f8873eb942f692a00ddda6c5:7:f062ec40c033aa8c2a8ec93fcfc05443:7:2ff9d748b5e8cc68d2b31c3435578cef:7:e42dab0002a4e906bfd484f143741150:7:7677600c3adca898205158cdae636f0d:7:4155de3b6c359ed6d735b6ae5c880ed2:7:f6eaec7b45db4b379b8485512bd873c1:7:fd9eea380cef475dc54fd99e4e233920: as 59450415a9a86b5b55d9f9347b383e6a
14:02:20.093 [Test worker] DEBUG liquibase - master.changelog.json: migration/vault-schema.changelog-pkey.xml::non-clustered_pk-11::R3.Corda: Computed checksum for dropForeignKeyConstraint:[
    baseTableName="vault_fungible_states_parts"
    constraintName="FK__fung_st_parts__fung_st"
] as 366e0c21ef7697fbe3f3045b1680d699
14:02:20.093 [Test worker] DEBUG liquibase - master.changelog.json: migration/vault-schema.changelog-pkey.xml::non-clustered_pk-11::R3.Corda: Computed checksum for dropPrimaryKey:[
    constraintName="vault_fungible_states_pkey"
    tableName="vault_fungible_states"
] as f27f6f6e80b50caaa06aa6c747243425
14:02:20.093 [Test worker] DEBUG liquibase - master.changelog.json: migration/vault-schema.changelog-pkey.xml::non-clustered_pk-11::R3.Corda: Computed checksum for addPrimaryKey:[
    clustered="false"
    columnNames="output_index, transaction_id"
    constraintName="vault_fungible_states_pkey"
    tableName="vault_fungible_states"
] as 0729afe4c34a21623a8f5744790f34c4
14:02:20.094 [Test worker] DEBUG liquibase - master.changelog.json: migration/vault-schema.changelog-pkey.xml::non-clustered_pk-11::R3.Corda: Computed checksum for addForeignKeyConstraint:[
    baseColumnNames="output_index,transaction_id"
    baseTableName="vault_fungible_states_parts"
    constraintName="FK__fung_st_parts__fung_st"
    referencedColumnNames="output_index,transaction_id"
    referencedTableName="vault_fungible_states"
] as 0eece996759bc05f893e13edcc7012b3
14:02:20.094 [Test worker] DEBUG liquibase - master.changelog.json: migration/vault-schema.changelog-pkey.xml::non-clustered_pk-11::R3.Corda: Computed checksum for 7:366e0c21ef7697fbe3f3045b1680d699:7:f27f6f6e80b50caaa06aa6c747243425:7:0729afe4c34a21623a8f5744790f34c4:7:0eece996759bc05f893e13edcc7012b3: as c88a8494afc1f2507131e709b3ec4f1e
14:02:20.094 [Test worker] INFO liquibase - master.changelog.json: migration/vault-schema.changelog-pkey.xml::non-clustered_pk-11::R3.Corda: Skipping changeSet migration/vault-schema.changelog-pkey.xml::non-clustered_pk-11::R3.Corda due to validation error(s): clustered is not allowed on h2
14:02:20.095 [Test worker] DEBUG liquibase - master.changelog.json: migration/vault-schema.changelog-pkey.xml::non-clustered_pk-12::R3.Corda: Computed checksum for dropForeignKeyConstraint:[
    baseTableName="vault_linear_states_parts"
    constraintName="FK__lin_stat_parts__lin_stat"
] as c9ce07b51242a8f54da9e570853dc34f
14:02:20.095 [Test worker] DEBUG liquibase - master.changelog.json: migration/vault-schema.changelog-pkey.xml::non-clustered_pk-12::R3.Corda: Computed checksum for dropPrimaryKey:[
    constraintName="vault_linear_states_pkey"
    tableName="vault_linear_states"
] as d986066259edad3f263694f099f02f7f
14:02:20.095 [Test worker] DEBUG liquibase - master.changelog.json: migration/vault-schema.changelog-pkey.xml::non-clustered_pk-12::R3.Corda: Computed checksum for addPrimaryKey:[
    clustered="false"
    columnNames="output_index, transaction_id"
    constraintName="vault_linear_states_pkey"
    tableName="vault_linear_states"
] as c26064d58e4f1b2610b6d01e5c0b9b5b
14:02:20.096 [Test worker] DEBUG liquibase - master.changelog.json: migration/vault-schema.changelog-pkey.xml::non-clustered_pk-12::R3.Corda: Computed checksum for addForeignKeyConstraint:[
    baseColumnNames="output_index,transaction_id"
    baseTableName="vault_linear_states_parts"
    constraintName="FK__lin_stat_parts__lin_stat"
    referencedColumnNames="output_index,transaction_id"
    referencedTableName="vault_linear_states"
] as c3bfc19faabd85d1ada74a704975075a
14:02:20.096 [Test worker] DEBUG liquibase - master.changelog.json: migration/vault-schema.changelog-pkey.xml::non-clustered_pk-12::R3.Corda: Computed checksum for 7:c9ce07b51242a8f54da9e570853dc34f:7:d986066259edad3f263694f099f02f7f:7:c26064d58e4f1b2610b6d01e5c0b9b5b:7:c3bfc19faabd85d1ada74a704975075a: as 5569de8454d891688bbb7510f634782f
14:02:20.096 [Test worker] INFO liquibase - master.changelog.json: migration/vault-schema.changelog-pkey.xml::non-clustered_pk-12::R3.Corda: Skipping changeSet migration/vault-schema.changelog-pkey.xml::non-clustered_pk-12::R3.Corda due to validation error(s): clustered is not allowed on h2
14:02:20.096 [Test worker] DEBUG liquibase - master.changelog.json: migration/vault-schema.changelog-pkey.xml::non-clustered_pk-13::R3.Corda: Computed checksum for dropPrimaryKey:[
    constraintName="vault_states_pkey"
    tableName="vault_states"
] as de17bd04796a6e54cb5606dceff73aec
14:02:20.097 [Test worker] DEBUG liquibase - master.changelog.json: migration/vault-schema.changelog-pkey.xml::non-clustered_pk-13::R3.Corda: Computed checksum for addPrimaryKey:[
    clustered="false"
    columnNames="output_index, transaction_id"
    constraintName="vault_states_pkey"
    tableName="vault_states"
] as 70c1298ee3ac2d16aba8b2ac6ed5b568
14:02:20.097 [Test worker] DEBUG liquibase - master.changelog.json: migration/vault-schema.changelog-pkey.xml::non-clustered_pk-13::R3.Corda: Computed checksum for 7:de17bd04796a6e54cb5606dceff73aec:7:70c1298ee3ac2d16aba8b2ac6ed5b568: as c786c529ecdaa33f87d3fc9ed88111f4
14:02:20.097 [Test worker] INFO liquibase - master.changelog.json: migration/vault-schema.changelog-pkey.xml::non-clustered_pk-13::R3.Corda: Skipping changeSet migration/vault-schema.changelog-pkey.xml::non-clustered_pk-13::R3.Corda due to validation error(s): clustered is not allowed on h2
14:02:20.097 [Test worker] DEBUG liquibase - master.changelog.json: migration/vault-schema.changelog-v5.xml::add_relevancy_status_column::R3.Corda: Computed checksum for addColumn:[
    columns=[
        [
            name="relevancy_status"
            type="INT"
        ]
    ]
    tableName="vault_states"
] as f4c3dbd35bfa9d2a1021acafdac959d6
14:02:20.097 [Test worker] DEBUG liquibase - master.changelog.json: migration/vault-schema.changelog-v5.xml::add_relevancy_status_column::R3.Corda: Computed checksum for update:[
    columns=[
        [
            name="relevancy_status"
            valueNumeric="0"
        ]
    ]
    tableName="vault_states"
] as c3f226e53f5bf04fd8506465c55d3a42
14:02:20.098 [Test worker] DEBUG liquibase - master.changelog.json: migration/vault-schema.changelog-v5.xml::add_relevancy_status_column::R3.Corda: Computed checksum for addNotNullConstraint:[
    columnDataType="INT"
    columnName="relevancy_status"
    tableName="vault_states"
] as a4104ab76f534885eeb63a0690843f78
14:02:20.098 [Test worker] DEBUG liquibase - master.changelog.json: migration/vault-schema.changelog-v5.xml::add_relevancy_status_column::R3.Corda: Computed checksum for 7:f4c3dbd35bfa9d2a1021acafdac959d6:7:c3f226e53f5bf04fd8506465c55d3a42:7:a4104ab76f534885eeb63a0690843f78: as bd7c3258179f34f231f6ae51e3313fc4
14:02:20.098 [Test worker] DEBUG liquibase - master.changelog.json: migration/vault-schema.changelog-v6.xml::add_is_constraint_information_columns::R3.Corda: Computed checksum for addColumn:[
    columns=[
        [
            [
                nullable="false"
            ]
            defaultValue="0"
            name="constraint_type"
            type="INT"
        ]
    ]
    tableName="vault_states"
] as ec4183b38221d9efb81468b6b58469ad
14:02:20.098 [Test worker] DEBUG liquibase - master.changelog.json: migration/vault-schema.changelog-v6.xml::add_is_constraint_information_columns::R3.Corda: Computed checksum for addColumn:[
    columns=[
        [
            [
                nullable="true"
            ]
            name="constraint_data"
            type="varbinary(563)"
        ]
    ]
    tableName="vault_states"
] as a62d1e80b99c304b04f3ac1ec994ed59
14:02:20.098 [Test worker] DEBUG liquibase - master.changelog.json: migration/vault-schema.changelog-v6.xml::add_is_constraint_information_columns::R3.Corda: Computed checksum for 7:ec4183b38221d9efb81468b6b58469ad:7:a62d1e80b99c304b04f3ac1ec994ed59: as 7d7cf7015d299a7fefb6e81aa563e208
14:02:20.099 [Test worker] DEBUG liquibase - master.changelog.json: migration/vault-schema.changelog-v7.xml::make_issuer_ref_nullable::R3.Corda: Computed checksum for dropNotNullConstraint:[
    columnDataType="varbinary(512)"
    columnName="issuer_ref"
    tableName="vault_fungible_states"
] as b549f88798da86b579f7e3421c6019ed
14:02:20.099 [Test worker] DEBUG liquibase - master.changelog.json: migration/vault-schema.changelog-v7.xml::make_issuer_ref_nullable::R3.Corda: Computed checksum for 7:b549f88798da86b579f7e3421c6019ed: as 016e083b176a76fc50d74e3fe07ca1cb
14:02:20.099 [Test worker] DEBUG liquibase - master.changelog.json: migration/vault-schema.changelog-v8.xml::create-external-id-to-state-party-view::R3.Corda: Computed checksum for createTable:[
    columns=[
        [
            name="output_index"
            type="INT"
        ],
        [
            name="transaction_id"
            type="NVARCHAR(64)"
        ],
        [
            [
                nullable="false"
            ]
            name="public_key_hash"
            type="NVARCHAR(255)"
        ],
        [
            name="x500_name"
            type="NVARCHAR(255)"
        ]
    ]
    tableName="state_party"
] as 3b063e299ebe197af7a457ea726b2800
14:02:20.100 [Test worker] DEBUG liquibase - master.changelog.json: migration/vault-schema.changelog-v8.xml::create-external-id-to-state-party-view::R3.Corda: Computed checksum for createIndex:[
    columns=[
        [
            name="public_key_hash"
        ]
    ]
    indexName="state_pk_hash_idx"
    tableName="state_party"
] as 450b82f224c850f2465386ef7a707b92
14:02:20.100 [Test worker] DEBUG liquibase - master.changelog.json: migration/vault-schema.changelog-v8.xml::create-external-id-to-state-party-view::R3.Corda: Computed checksum for createTable:[
    columns=[
        [
            [
                nullable="false"
            ]
            name="id"
            type="BIGINT"
        ],
        [
            [
                nullable="false"
            ]
            name="external_id"
            type="VARCHAR(255)"
        ],
        [
            [
                nullable="false"
            ]
            name="public_key_hash"
            type="NVARCHAR(255)"
        ]
    ]
    tableName="pk_hash_to_ext_id_map"
] as 190b235511991d2151d47c903cd91db4
14:02:20.100 [Test worker] DEBUG liquibase - master.changelog.json: migration/vault-schema.changelog-v8.xml::create-external-id-to-state-party-view::R3.Corda: Computed checksum for createIndex:[
    columns=[
        [
            name="public_key_hash"
        ]
    ]
    indexName="pk_hash_to_xid_idx"
    tableName="pk_hash_to_ext_id_map"
] as 1ee9b085d397f1a43f3b474588eddf9f
14:02:20.101 [Test worker] DEBUG liquibase - master.changelog.json: migration/vault-schema.changelog-v8.xml::create-external-id-to-state-party-view::R3.Corda: Computed checksum for createView:[
    selectQuery="select
                state_party.public_key_hash,
                state_party.transaction_id,
                state_party.output_index,
                pk_hash_to_ext_id_map.external_id
            from state_party
            join pk_hash_to_ext_id_map
            on state_party.public_key_hash = pk_hash_to_ext_id_map.public_key_hash"
    viewName="v_pkey_hash_ex_id_map"
] as 439c1337ca50f7fd62b4d377ac192053
14:02:20.101 [Test worker] DEBUG liquibase - master.changelog.json: migration/vault-schema.changelog-v8.xml::create-external-id-to-state-party-view::R3.Corda: Computed checksum for 7:3b063e299ebe197af7a457ea726b2800:7:450b82f224c850f2465386ef7a707b92:7:190b235511991d2151d47c903cd91db4:7:1ee9b085d397f1a43f3b474588eddf9f:7:439c1337ca50f7fd62b4d377ac192053: as 68a2e794e4726e4e40b28753c7a64413
14:02:20.104 [Test worker] DEBUG liquibase - master.changelog.json: migration/node-info.changelog-init.xml::1511451595465-4::R3.Corda: Computed checksum for createTable:[
    columns=[
        [
            [
                nullable="false"
            ]
            name="node_info_id"
            type="INT"
        ],
        [
            [
                nullable="false"
            ]
            name="party_name"
            type="NVARCHAR(255)"
        ]
    ]
    tableName="node_link_nodeinfo_party"
] as 5f0557f6684939cfe82574a45344afd3
14:02:20.104 [Test worker] DEBUG liquibase - master.changelog.json: migration/node-info.changelog-init.xml::1511451595465-4::R3.Corda: Computed checksum for 7:5f0557f6684939cfe82574a45344afd3: as 86561ccea3a7fbbdb311d455076c98a8
14:02:20.106 [Test worker] DEBUG liquibase - master.changelog.json: migration/node-info.changelog-init.xml::1511451595465-10::R3.Corda: Computed checksum for createTable:[
    columns=[
        [
            [
                nullable="false"
            ]
            name="host"
            type="NVARCHAR(255)"
        ],
        [
            [
                nullable="false"
            ]
            name="port"
            type="INT"
        ],
        [
            name="node_info_id"
            type="INT"
        ]
    ]
    tableName="node_info_hosts"
] as 6f08193361f660a382cf54820e056a20
14:02:20.106 [Test worker] DEBUG liquibase - master.changelog.json: migration/node-info.changelog-init.xml::1511451595465-10::R3.Corda: Computed checksum for 7:6f08193361f660a382cf54820e056a20: as 86dcf13717e5dbc4c623523618380bdd
14:02:20.152 [Test worker] DEBUG liquibase - master.changelog.json: migration/node-info.changelog-init.xml::1511451595465-11::R3.Corda: Computed checksum for createTable:[
    columns=[
        [
            [
                nullable="false"
            ]
            name="party_name"
            type="NVARCHAR(255)"
        ],
        [
            [
                nullable="false"
            ]
            name="ismain"
            type="BOOLEAN"
        ],
        [
            name="owning_key_hash"
            type="NVARCHAR(130)"
        ],
        [
            name="party_cert_binary"
            type="blob"
        ]
    ]
    tableName="n... [truncated in log] as 6e371f832176dde950fe6998501cc7aa
14:02:20.153 [Test worker] DEBUG liquibase - master.changelog.json: migration/node-info.changelog-init.xml::1511451595465-11::R3.Corda: Computed checksum for 7:6e371f832176dde950fe6998501cc7aa: as ddf2ea133beca979abcb7e627a37db60
14:02:20.154 [Test worker] DEBUG liquibase - master.changelog.json: migration/node-info.changelog-init.xml::1511451595465-12::R3.Corda: Computed checksum for createTable:[
    columns=[
        [
            [
                nullable="false"
            ]
            name="node_info_id"
            type="INT"
        ],
        [
            name="node_info_hash"
            type="NVARCHAR(64)"
        ],
        [
            name="platform_version"
            type="INT"
        ],
        [
            name="serial"
            type="BIGINT"
        ]
    ]
    tableName="node_infos"
] as c5eb4436bba09a4bfb27e08b68cc57b0
14:02:20.154 [Test worker] DEBUG liquibase - master.changelog.json: migration/node-info.changelog-init.xml::1511451595465-12::R3.Corda: Computed checksum for 7:c5eb4436bba09a4bfb27e08b68cc57b0: as 2a2169c32d87fdc3442c6096740a52a5
14:02:20.155 [Test worker] DEBUG liquibase - master.changelog.json: migration/node-info.changelog-init.xml::1511451595465-35::R3.Corda: Computed checksum for addPrimaryKey:[
    columnNames="host, port"
    constraintName="node_info_hosts_pkey"
    tableName="node_info_hosts"
] as 00c44e883bc12a3353188495f454f0f6
14:02:20.155 [Test worker] DEBUG liquibase - master.changelog.json: migration/node-info.changelog-init.xml::1511451595465-35::R3.Corda: Computed checksum for 7:00c44e883bc12a3353188495f454f0f6: as 5c8230d7f489b4b961c3b52b3335e5ff
14:02:20.157 [Test worker] DEBUG liquibase - master.changelog.json: migration/node-info.changelog-init.xml::1511451595465-36::R3.Corda: Computed checksum for addPrimaryKey:[
    columnNames="party_name"
    constraintName="node_info_party_cert_pkey"
    tableName="node_info_party_cert"
] as 14054c7885bede3bc60af5d2dd08a9c8
14:02:20.157 [Test worker] DEBUG liquibase - master.changelog.json: migration/node-info.changelog-init.xml::1511451595465-36::R3.Corda: Computed checksum for 7:14054c7885bede3bc60af5d2dd08a9c8: as a4293247b9113bb0895d15e212ded67d
14:02:20.158 [Test worker] DEBUG liquibase - master.changelog.json: migration/node-info.changelog-init.xml::1511451595465-37::R3.Corda: Computed checksum for addPrimaryKey:[
    columnNames="node_info_id"
    constraintName="node_infos_pkey"
    tableName="node_infos"
] as 6adf6458b4512d6bc5ca5813c2707e3d
14:02:20.158 [Test worker] DEBUG liquibase - master.changelog.json: migration/node-info.changelog-init.xml::1511451595465-37::R3.Corda: Computed checksum for 7:6adf6458b4512d6bc5ca5813c2707e3d: as 3f7b9e25544e21798cc648d8ab2056b7
14:02:20.163 [Test worker] DEBUG liquibase - master.changelog.json: migration/node-info.changelog-init.xml::1511451595465-62::R3.Corda: Computed checksum for addForeignKeyConstraint:[
    baseColumnNames="node_info_id"
    baseTableName="node_link_nodeinfo_party"
    constraintName="FK__link_nodeinfo_party__infos"
    referencedColumnNames="node_info_id"
    referencedTableName="node_infos"
] as 1a56cab722da6c0a210824ac187fea47
14:02:20.163 [Test worker] DEBUG liquibase - master.changelog.json: migration/node-info.changelog-init.xml::1511451595465-62::R3.Corda: Computed checksum for 7:1a56cab722da6c0a210824ac187fea47: as 64add0a3b0350cfe6fa3de1428a38397
14:02:20.164 [Test worker] DEBUG liquibase - master.changelog.json: migration/node-info.changelog-init.xml::1511451595465-63::R3.Corda: Computed checksum for addForeignKeyConstraint:[
    baseColumnNames="node_info_id"
    baseTableName="node_info_hosts"
    constraintName="FK__info_hosts__infos"
    referencedColumnNames="node_info_id"
    referencedTableName="node_infos"
] as c5982833d4ecc3f6e19b870ef3cdafdc
14:02:20.165 [Test worker] DEBUG liquibase - master.changelog.json: migration/node-info.changelog-init.xml::1511451595465-63::R3.Corda: Computed checksum for 7:c5982833d4ecc3f6e19b870ef3cdafdc: as 6ea0c3bb234d14956401b6b281531832
14:02:20.168 [Test worker] DEBUG liquibase - master.changelog.json: migration/node-info.changelog-init.xml::remove_host_port_pk::R3.Corda: Computed checksum for delete:[
    tableName="node_infos"
] as 88f0f3be4f28bb97a4eff8bb6c643615
14:02:20.168 [Test worker] DEBUG liquibase - master.changelog.json: migration/node-info.changelog-init.xml::remove_host_port_pk::R3.Corda: Computed checksum for delete:[
    tableName="node_link_nodeinfo_party"
] as 8ae8d78f410d9978c57e0e7d4383c311
14:02:20.168 [Test worker] DEBUG liquibase - master.changelog.json: migration/node-info.changelog-init.xml::remove_host_port_pk::R3.Corda: Computed checksum for delete:[
    tableName="node_info_hosts"
] as c66698861dc70f2bc2f0d1aefc556a8b
14:02:20.169 [Test worker] DEBUG liquibase - master.changelog.json: migration/node-info.changelog-init.xml::remove_host_port_pk::R3.Corda: Computed checksum for delete:[
    tableName="node_info_party_cert"
] as f57d560d22a52dd192fdb3fbbb679576
14:02:20.169 [Test worker] DEBUG liquibase - master.changelog.json: migration/node-info.changelog-init.xml::remove_host_port_pk::R3.Corda: Computed checksum for dropPrimaryKey:[
    constraintName="node_info_hosts_pkey"
    tableName="node_info_hosts"
] as 8b8f98fcef92cc953b306c56fe61762f
14:02:20.171 [Test worker] DEBUG liquibase - master.changelog.json: migration/node-info.changelog-init.xml::remove_host_port_pk::R3.Corda: Computed checksum for addColumn:[
    columns=[
        [
            [
                nullable="false"
            ]
            name="hosts_id"
            type="INT"
        ]
    ]
    tableName="node_info_hosts"
] as 2bc19defe8eb317936eb134f5cf66983
14:02:20.173 [Test worker] DEBUG liquibase - master.changelog.json: migration/node-info.changelog-init.xml::remove_host_port_pk::R3.Corda: Computed checksum for addPrimaryKey:[
    columnNames="hosts_id"
    constraintName="node_info_hosts_pkey_id"
    tableName="node_info_hosts"
] as fb8c4f0a4999978cac06928bb4f0134a
14:02:20.173 [Test worker] DEBUG liquibase - master.changelog.json: migration/node-info.changelog-init.xml::remove_host_port_pk::R3.Corda: Computed checksum for 7:88f0f3be4f28bb97a4eff8bb6c643615:7:8ae8d78f410d9978c57e0e7d4383c311:7:c66698861dc70f2bc2f0d1aefc556a8b:7:f57d560d22a52dd192fdb3fbbb679576:7:8b8f98fcef92cc953b306c56fe61762f:7:2bc19defe8eb317936eb134f5cf66983:7:fb8c4f0a4999978cac06928bb4f0134a: as cb733f12ced82860fd296bb0c94c5072
14:02:20.174 [Test worker] DEBUG liquibase - master.changelog.json: migration/node-info.changelog-v1.xml::key/value node properties table::R3.Corda: Computed checksum for createTable:[
    columns=[
        [
            [
                nullable="false"
            ]
            name="property_key"
            type="NVARCHAR(255)"
        ],
        [
            name="property_value"
            type="NVARCHAR(255)"
        ]
    ]
    tableName="node_properties"
] as 17113a8df38982bab57e5f97485915b2
14:02:20.175 [Test worker] DEBUG liquibase - master.changelog.json: migration/node-info.changelog-v1.xml::key/value node properties table::R3.Corda: Computed checksum for 7:17113a8df38982bab57e5f97485915b2: as 05241b402dd60a4e1eeb86ad6c5eff9e
14:02:20.176 [Test worker] DEBUG liquibase - master.changelog.json: migration/node-info.changelog-v2.xml::1525962920::R3.Corda: Computed checksum for addNotNullConstraint:[
    columnDataType="NVARCHAR(64)"
    columnName="node_info_hash"
    tableName="node_infos"
] as 736d3fb9862e810788216a889c726699
14:02:20.176 [Test worker] DEBUG liquibase - master.changelog.json: migration/node-info.changelog-v2.xml::1525962920::R3.Corda: Computed checksum for addNotNullConstraint:[
    columnDataType="INT"
    columnName="platform_version"
    tableName="node_infos"
] as 76d2d2c9dd1c6954d572cd5a4d47366e
14:02:20.177 [Test worker] DEBUG liquibase - master.changelog.json: migration/node-info.changelog-v2.xml::1525962920::R3.Corda: Computed checksum for addNotNullConstraint:[
    columnDataType="BIGINT"
    columnName="serial"
    tableName="node_infos"
] as 26157af814171c1d3bd6f883bb5c39e8
14:02:20.177 [Test worker] DEBUG liquibase - master.changelog.json: migration/node-info.changelog-v2.xml::1525962920::R3.Corda: Computed checksum for dropNotNullConstraint:[
    columnDataType="NVARCHAR(255)"
    columnName="host"
    tableName="node_info_hosts"
] as 603a060f34f7e4bd2d4bff3b8a6621af
14:02:20.177 [Test worker] DEBUG liquibase - master.changelog.json: migration/node-info.changelog-v2.xml::1525962920::R3.Corda: Computed checksum for dropNotNullConstraint:[
    columnDataType="INT"
    columnName="port"
    tableName="node_info_hosts"
] as 1ad496134a62a18677ebb23168117bbe
14:02:20.178 [Test worker] DEBUG liquibase - master.changelog.json: migration/node-info.changelog-v2.xml::1525962920::R3.Corda: Computed checksum for addNotNullConstraint:[
    columnDataType="NVARCHAR(130)"
    columnName="owning_key_hash"
    tableName="node_info_party_cert"
] as eb00d90a19da5f3ab4970aa0b2674aae
14:02:20.178 [Test worker] DEBUG liquibase - master.changelog.json: migration/node-info.changelog-v2.xml::1525962920::R3.Corda: Computed checksum for addNotNullConstraint:[
    columnDataType="blob"
    columnName="party_cert_binary"
    tableName="node_info_party_cert"
] as 25f38c720c603b2dea35550bedab555a
14:02:20.184 [Test worker] DEBUG liquibase - master.changelog.json: migration/node-info.changelog-v2.xml::1525962920::R3.Corda: Computed checksum for 7:736d3fb9862e810788216a889c726699:7:76d2d2c9dd1c6954d572cd5a4d47366e:7:26157af814171c1d3bd6f883bb5c39e8:7:603a060f34f7e4bd2d4bff3b8a6621af:7:1ad496134a62a18677ebb23168117bbe:7:eb00d90a19da5f3ab4970aa0b2674aae:7:25f38c720c603b2dea35550bedab555a: as c3fd83668d5ed4acdefcad3f90944935
14:02:20.185 [Test worker] DEBUG liquibase - master.changelog.json: migration/node-info.changelog-v3.xml::column_host_name::R3.Corda: Computed checksum for renameColumn:[
    newColumnName="host_name"
    oldColumnName="host"
    tableName="node_info_hosts"
] as 2492206013627f2b53e89a302025675a
14:02:20.186 [Test worker] DEBUG liquibase - master.changelog.json: migration/node-info.changelog-v3.xml::column_host_name::R3.Corda: Computed checksum for 7:2492206013627f2b53e89a302025675a: as fc4ceb3b82e44070da1fff49a7b5cccb
14:02:20.186 [Test worker] DEBUG liquibase - master.changelog.json: migration/node-services.changelog-init.xml::1511451595465-5::R3.Corda: Computed checksum for createTable:[
    columns=[
        [
            [
                nullable="false"
            ]
            name="att_id"
            type="NVARCHAR(255)"
        ],
        [
            name="content"
            type="blob"
        ],
        [
            name="filename"
            type="NVARCHAR(255)"
        ],
        [
            [
                nullable="false"
            ]
            name="insertion_date"
            type="timestamp"
        ],
        [
            name="uplo... [truncated in log] as 7eb17f5047b5f49e47197095dde1065c
14:02:20.186 [Test worker] DEBUG liquibase - master.changelog.json: migration/node-services.changelog-init.xml::1511451595465-5::R3.Corda: Computed checksum for 7:7eb17f5047b5f49e47197095dde1065c: as 464a5bbaf24fe78716c38c544dc81f3c
14:02:20.190 [Test worker] DEBUG liquibase - master.changelog.json: migration/node-services.changelog-init.xml::1511451595465-7::R3.Corda: Computed checksum for createTable:[
    columns=[
        [
            [
                nullable="false"
            ]
            name="checkpoint_id"
            type="NVARCHAR(64)"
        ],
        [
            name="checkpoint_value"
            type="blob"
        ]
    ]
    tableName="node_checkpoints"
] as 4f2d38f516c2eeb1483d86b4a25f26c6
14:02:20.190 [Test worker] DEBUG liquibase - master.changelog.json: migration/node-services.changelog-init.xml::1511451595465-7::R3.Corda: Computed checksum for 7:4f2d38f516c2eeb1483d86b4a25f26c6: as 2870aa3a468e81bab1cd24ac70ca2163
14:02:20.190 [Test worker] DEBUG liquibase - master.changelog.json: migration/node-services.changelog-init.xml::1511451595465-8::R3.Corda: Computed checksum for createTable:[
    columns=[
        [
            [
                nullable="false"
            ]
            name="state_ref"
            type="NVARCHAR(96)"
        ],
        [
            name="contract_class_name"
            type="NVARCHAR(255)"
        ]
    ]
    tableName="node_contract_upgrades"
] as bf4885aea883ac63c151d7d01a760dc1
14:02:20.191 [Test worker] DEBUG liquibase - master.changelog.json: migration/node-services.changelog-init.xml::1511451595465-8::R3.Corda: Computed checksum for 7:bf4885aea883ac63c151d7d01a760dc1: as bf156b1c48e915e7d8090d5162e31c02
14:02:20.192 [Test worker] DEBUG liquibase - master.changelog.json: migration/node-services.changelog-init.xml::1511451595465-9::R3.Corda: Computed checksum for createTable:[
    columns=[
        [
            [
                nullable="false"
            ]
            name="pk_hash"
            type="NVARCHAR(130)"
        ],
        [
            name="identity_value"
            type="blob"
        ]
    ]
    tableName="node_identities"
] as 64ced0b8682a33911d574622be63a98d
14:02:20.192 [Test worker] DEBUG liquibase - master.changelog.json: migration/node-services.changelog-init.xml::1511451595465-9::R3.Corda: Computed checksum for 7:64ced0b8682a33911d574622be63a98d: as ea04cf1cc4ea1112c4cbbf932bc51c56
14:02:20.193 [Test worker] DEBUG liquibase - master.changelog.json: migration/node-services.changelog-init.xml::1511451595465-13::R3.Corda: Computed checksum for createTable:[
    columns=[
        [
            [
                nullable="false"
            ]
            name="message_id"
            type="NVARCHAR(64)"
        ],
        [
            name="insertion_time"
            type="timestamp"
        ]
    ]
    tableName="node_message_ids"
] as 32260ae57d06eabdf47f4f4d600577ce
14:02:20.193 [Test worker] DEBUG liquibase - master.changelog.json: migration/node-services.changelog-init.xml::1511451595465-13::R3.Corda: Computed checksum for 7:32260ae57d06eabdf47f4f4d600577ce: as 340ca6c0b7c87b663b0449535b082f80
14:02:20.194 [Test worker] DEBUG liquibase - master.changelog.json: migration/node-services.changelog-init.xml::1511451595465-14::R3.Corda: Computed checksum for createTable:[
    columns=[
        [
            [
                nullable="false"
            ]
            name="message_id"
            type="BIGINT"
        ],
        [
            name="message"
            type="blob"
        ],
        [
            name="recipients"
            type="blob"
        ]
    ]
    tableName="node_message_retry"
] as c87f1cec41d842caa66dd71a14a6fa34
14:02:20.196 [Test worker] DEBUG liquibase - master.changelog.json: migration/node-services.changelog-init.xml::1511451595465-14::R3.Corda: Computed checksum for 7:c87f1cec41d842caa66dd71a14a6fa34: as 1dc64c73807569fb04c10a9b2d760ff0
14:02:20.197 [Test worker] DEBUG liquibase - master.changelog.json: migration/node-services.changelog-init.xml::1511451595465-15::R3.Corda: Computed checksum for createTable:[
    columns=[
        [
            [
                nullable="false"
            ]
            name="name"
            type="NVARCHAR(128)"
        ],
        [
            name="pk_hash"
            type="NVARCHAR(130)"
        ]
    ]
    tableName="node_named_identities"
] as 9ba9555dab34db960c8083672afee328
14:02:20.197 [Test worker] DEBUG liquibase - master.changelog.json: migration/node-services.changelog-init.xml::1511451595465-15::R3.Corda: Computed checksum for 7:9ba9555dab34db960c8083672afee328: as 108b7d395f7fb3cfc8ce4e364c4008a5
14:02:20.198 [Test worker] DEBUG liquibase - master.changelog.json: migration/node-services.changelog-init.xml::1511451595465-17::R3.Corda: Computed checksum for createTable:[
    columns=[
        [
            [
                nullable="false"
            ]
            name="public_key_hash"
            type="NVARCHAR(130)"
        ],
        [
            name="private_key"
            type="blob"
        ],
        [
            name="public_key"
            type="blob"
        ]
    ]
    tableName="node_our_key_pairs"
] as afc7fa2555c800c74f9ca1b41689a048
14:02:20.198 [Test worker] DEBUG liquibase - master.changelog.json: migration/node-services.changelog-init.xml::1511451595465-17::R3.Corda: Computed checksum for 7:afc7fa2555c800c74f9ca1b41689a048: as a8b4ae7170f56f1df8a23b530bef4dd1
14:02:20.200 [Test worker] DEBUG liquibase - master.changelog.json: migration/node-services.changelog-init.xml::1511451595465-19::R3.Corda: Computed checksum for createTable:[
    columns=[
        [
            [
                nullable="false"
            ]
            name="output_index"
            type="INT"
        ],
        [
            [
                nullable="false"
            ]
            name="transaction_id"
            type="NVARCHAR(64)"
        ],
        [
            [
                nullable="false"
            ]
            name="scheduled_at"
            type="timestamp"
        ]
    ]
    tableName="node_scheduled_states"
] as defd113d95e94bcd27bcdeb3a96be38b
14:02:20.204 [Test worker] DEBUG liquibase - master.changelog.json: migration/node-services.changelog-init.xml::1511451595465-19::R3.Corda: Computed checksum for 7:defd113d95e94bcd27bcdeb3a96be38b: as 2aaf3df7bdbea9c71aa8bea4e14f11ef
14:02:20.207 [Test worker] DEBUG liquibase - master.changelog.json: migration/node-services.changelog-init.xml::1511451595465-20::R3.Corda: Computed checksum for createTable:[
    columns=[
        [
            [
                nullable="false"
            ]
            name="tx_id"
            type="NVARCHAR(64)"
        ],
        [
            name="state_machine_run_id"
            type="NVARCHAR(36)"
        ]
    ]
    tableName="node_transaction_mappings"
] as a98109c55addd90e480a6fc1ecb48d1d
14:02:20.207 [Test worker] DEBUG liquibase - master.changelog.json: migration/node-services.changelog-init.xml::1511451595465-20::R3.Corda: Computed checksum for 7:a98109c55addd90e480a6fc1ecb48d1d: as f003464d28fe934c636b24e7c72d9c27
14:02:20.209 [Test worker] DEBUG liquibase - master.changelog.json: migration/node-services.changelog-init.xml::1511451595465-21::R3.Corda: Computed checksum for createTable:[
    columns=[
        [
            [
                nullable="false"
            ]
            name="tx_id"
            type="NVARCHAR(64)"
        ],
        [
            name="transaction_value"
            type="blob"
        ]
    ]
    tableName="node_transactions"
] as af8f3c1c7978f86414e864bc0bb9d453
14:02:20.209 [Test worker] DEBUG liquibase - master.changelog.json: migration/node-services.changelog-init.xml::1511451595465-21::R3.Corda: Computed checksum for 7:af8f3c1c7978f86414e864bc0bb9d453: as 8b167e9074e47be66c742aec5661b5d1
14:02:20.210 [Test worker] DEBUG liquibase - master.changelog.json: migration/node-services.changelog-init.xml::1511451595465-30::R3.Corda: Computed checksum for addPrimaryKey:[
    columnNames="att_id"
    constraintName="node_attachments_pkey"
    tableName="node_attachments"
] as 96b8c8009c4a24b06c8ecd3048142128
14:02:20.210 [Test worker] DEBUG liquibase - master.changelog.json: migration/node-services.changelog-init.xml::1511451595465-30::R3.Corda: Computed checksum for 7:96b8c8009c4a24b06c8ecd3048142128: as 4aa12646e41346c10ae1d18b43468b3e
14:02:20.210 [Test worker] DEBUG liquibase - master.changelog.json: migration/node-services.changelog-init.xml::1511451595465-32::R3.Corda: Computed checksum for addPrimaryKey:[
    columnNames="checkpoint_id"
    constraintName="node_checkpoints_pkey"
    tableName="node_checkpoints"
] as 26e60c36f3099cb85a85082b388391c2
14:02:20.210 [Test worker] DEBUG liquibase - master.changelog.json: migration/node-services.changelog-init.xml::1511451595465-32::R3.Corda: Computed checksum for 7:26e60c36f3099cb85a85082b388391c2: as fa0f2ed27615a3fd2b799bb27b447a36
14:02:20.214 [Test worker] DEBUG liquibase - master.changelog.json: migration/node-services.changelog-init.xml::1511451595465-33::R3.Corda: Computed checksum for addPrimaryKey:[
    columnNames="state_ref"
    constraintName="node_contract_upgrades_pkey"
    tableName="node_contract_upgrades"
] as d4c28cd597e7a32cd0d9f3d2a4104650
14:02:20.214 [Test worker] DEBUG liquibase - master.changelog.json: migration/node-services.changelog-init.xml::1511451595465-33::R3.Corda: Computed checksum for 7:d4c28cd597e7a32cd0d9f3d2a4104650: as 37e38ccee8d375f364abca393727eec7
14:02:20.215 [Test worker] DEBUG liquibase - master.changelog.json: migration/node-services.changelog-init.xml::1511451595465-34::R3.Corda: Computed checksum for addPrimaryKey:[
    columnNames="pk_hash"
    constraintName="node_identities_pkey"
    tableName="node_identities"
] as 18ff03ab4c5827e642ce637c7155bd78
14:02:20.215 [Test worker] DEBUG liquibase - master.changelog.json: migration/node-services.changelog-init.xml::1511451595465-34::R3.Corda: Computed checksum for 7:18ff03ab4c5827e642ce637c7155bd78: as 43d4f1fd6b4b69fcd6b046d8806c8f50
14:02:20.217 [Test worker] DEBUG liquibase - master.changelog.json: migration/node-services.changelog-init.xml::1511451595465-38::R3.Corda: Computed checksum for addPrimaryKey:[
    columnNames="message_id"
    constraintName="node_message_ids_pkey"
    tableName="node_message_ids"
] as 5350f5a01fe53cad542ce506faf827a5
14:02:20.217 [Test worker] DEBUG liquibase - master.changelog.json: migration/node-services.changelog-init.xml::1511451595465-38::R3.Corda: Computed checksum for 7:5350f5a01fe53cad542ce506faf827a5: as 37825d1c920089f5d1d8667fae2a0770
14:02:20.218 [Test worker] DEBUG liquibase - master.changelog.json: migration/node-services.changelog-init.xml::1511451595465-39::R3.Corda: Computed checksum for addPrimaryKey:[
    columnNames="message_id"
    constraintName="node_message_retry_pkey"
    tableName="node_message_retry"
] as 05c5906d403843ddbc494dc9314c47db
14:02:20.218 [Test worker] DEBUG liquibase - master.changelog.json: migration/node-services.changelog-init.xml::1511451595465-39::R3.Corda: Computed checksum for 7:05c5906d403843ddbc494dc9314c47db: as 7cc6fa875e39740c709235ff27960561
14:02:20.219 [Test worker] DEBUG liquibase - master.changelog.json: migration/node-services.changelog-init.xml::1511451595465-40::R3.Corda: Computed checksum for addPrimaryKey:[
    columnNames="name"
    constraintName="node_named_identities_pkey"
    tableName="node_named_identities"
] as 64274859807014ee0d62867ef274028a
14:02:20.220 [Test worker] DEBUG liquibase - master.changelog.json: migration/node-services.changelog-init.xml::1511451595465-40::R3.Corda: Computed checksum for 7:64274859807014ee0d62867ef274028a: as 9fac7485c58064b7e7ddce0bd1af86c4
14:02:20.221 [Test worker] DEBUG liquibase - master.changelog.json: migration/node-services.changelog-init.xml::1511451595465-42::R3.Corda: Computed checksum for addPrimaryKey:[
    columnNames="public_key_hash"
    constraintName="node_our_key_pairs_pkey"
    tableName="node_our_key_pairs"
] as 2dc24802cacd1ecc9195c88381d1e14a
14:02:20.221 [Test worker] DEBUG liquibase - master.changelog.json: migration/node-services.changelog-init.xml::1511451595465-42::R3.Corda: Computed checksum for 7:2dc24802cacd1ecc9195c88381d1e14a: as e3644c4b7315958cfb3a3cd4a3f40946
14:02:20.221 [Test worker] DEBUG liquibase - master.changelog.json: migration/node-services.changelog-init.xml::1511451595465-44::R3.Corda: Computed checksum for addPrimaryKey:[
    columnNames="output_index, transaction_id"
    constraintName="node_scheduled_states_pkey"
    tableName="node_scheduled_states"
] as 4c77187a59774106bd1e1d37d89ae1f1
14:02:20.221 [Test worker] DEBUG liquibase - master.changelog.json: migration/node-services.changelog-init.xml::1511451595465-44::R3.Corda: Computed checksum for 7:4c77187a59774106bd1e1d37d89ae1f1: as 122e6cc40f7e50d8c9ffeb46861ed786
14:02:20.222 [Test worker] DEBUG liquibase - master.changelog.json: migration/node-services.changelog-init.xml::1511451595465-45::R3.Corda: Computed checksum for addPrimaryKey:[
    columnNames="tx_id"
    constraintName="node_transaction_mappings_pkey"
    tableName="node_transaction_mappings"
] as 8cc604e43605d57ebbd96b86580c421d
14:02:20.223 [Test worker] DEBUG liquibase - master.changelog.json: migration/node-services.changelog-init.xml::1511451595465-45::R3.Corda: Computed checksum for 7:8cc604e43605d57ebbd96b86580c421d: as c4ba1fcc19b22e52678633b13053eaa1
14:02:20.223 [Test worker] DEBUG liquibase - master.changelog.json: migration/node-services.changelog-init.xml::1511451595465-46::R3.Corda: Computed checksum for addPrimaryKey:[
    columnNames="tx_id"
    constraintName="node_transactions_pkey"
    tableName="node_transactions"
] as 4965c0f02c5ff2bc61985685f3256218
14:02:20.223 [Test worker] DEBUG liquibase - master.changelog.json: migration/node-services.changelog-init.xml::1511451595465-46::R3.Corda: Computed checksum for 7:4965c0f02c5ff2bc61985685f3256218: as 1a41a33c68c6f56be99cbfa9af7c2646
14:02:20.224 [Test worker] DEBUG liquibase - master.changelog.json: migration/node-services.changelog-init.xml::1511451595465-61::R3.Corda: Computed checksum for addForeignKeyConstraint:[
    baseColumnNames="party_name"
    baseTableName="node_link_nodeinfo_party"
    constraintName="FK__link_ni_p__info_p_cert"
    referencedColumnNames="party_name"
    referencedTableName="node_info_party_cert"
] as 44f7bd5dcfc33807eef117a55a62eef7
14:02:20.224 [Test worker] DEBUG liquibase - master.changelog.json: migration/node-services.changelog-init.xml::1511451595465-61::R3.Corda: Computed checksum for 7:44f7bd5dcfc33807eef117a55a62eef7: as f753db641a982caad48d7169dafbc854
14:02:20.224 [Test worker] DEBUG liquibase - master.changelog.json: migration/node-services.changelog-init.xml::add index att_id::R3.Corda: Computed checksum for createIndex:[
    columns=[
        [
            name="att_id"
        ]
    ]
    indexName="att_id_idx"
    tableName="node_attachments"
] as 52e7146df14351ff7556f6d45bd4fabd
14:02:20.224 [Test worker] DEBUG liquibase - master.changelog.json: migration/node-services.changelog-init.xml::add index att_id::R3.Corda: Computed checksum for 7:52e7146df14351ff7556f6d45bd4fabd: as 302188110e9124abd4ef58020255fbb0
14:02:20.225 [Test worker] DEBUG liquibase - master.changelog.json: migration/node-services.changelog-init.xml::add_contract_attachment::R3.Corda: Computed checksum for createTable:[
    columns=[
        [
            [
                nullable="false"
            ]
            name="att_id"
            type="NVARCHAR(255)"
        ],
        [
            name="contract_class_name"
            type="NVARCHAR(255)"
        ]
    ]
    tableName="node_attchments_contracts"
] as 184098a87199f7fd6863799c29181b39
14:02:20.225 [Test worker] DEBUG liquibase - master.changelog.json: migration/node-services.changelog-init.xml::add_contract_attachment::R3.Corda: Computed checksum for addForeignKeyConstraint:[
    baseColumnNames="att_id"
    baseTableName="node_attchments_contracts"
    constraintName="FK__ctr_class__attachments"
    referencedColumnNames="att_id"
    referencedTableName="node_attachments"
] as f50a4be698e1b1efc9e456d8a396f45d
14:02:20.226 [Test worker] DEBUG liquibase - master.changelog.json: migration/node-services.changelog-init.xml::add_contract_attachment::R3.Corda: Computed checksum for delete:[
    tableName="node_attachments"
] as 6ab2de0f26c32b87fd416f7bb0b2041a
14:02:20.226 [Test worker] DEBUG liquibase - master.changelog.json: migration/node-services.changelog-init.xml::add_contract_attachment::R3.Corda: Computed checksum for 7:184098a87199f7fd6863799c29181b39:7:f50a4be698e1b1efc9e456d8a396f45d:7:6ab2de0f26c32b87fd416f7bb0b2041a: as 2cfbc6a84cfcd7b8ce011b58aa70f584
14:02:20.227 [Test worker] DEBUG liquibase - master.changelog.json: migration/node-services.changelog-init.xml::add_dedup_columns::R3.Corda: Computed checksum for addColumn:[
    columns=[
        [
            name="sender"
            type="NVARCHAR(64)"
        ],
        [
            name="sequence_number"
            type="BIGINT"
        ]
    ]
    tableName="node_message_ids"
] as 52d08b6e53239379a1a266904ac87a23
14:02:20.227 [Test worker] DEBUG liquibase - master.changelog.json: migration/node-services.changelog-init.xml::add_dedup_columns::R3.Corda: Computed checksum for 7:52d08b6e53239379a1a266904ac87a23: as 376ede2552aa97e8abf9d9a808c16692
14:02:20.227 [Test worker] DEBUG liquibase - master.changelog.json: migration/node-core.changelog-v4.xml::attchments_rename::R3.Corda: Computed checksum for renameTable:[
    newTableName="node_attachments_contracts"
    oldTableName="node_attchments_contracts"
] as 0356ef37e1bbbe5465248f9614a94dd3
14:02:20.227 [Test worker] DEBUG liquibase - master.changelog.json: migration/node-core.changelog-v4.xml::attchments_rename::R3.Corda: Computed checksum for 7:0356ef37e1bbbe5465248f9614a94dd3: as 9c9553fbc45dfa0ec2117a113b1bfb13
14:02:20.227 [Test worker] DEBUG liquibase - master.changelog.json: migration/node-core.changelog-v4.xml::nullability::R3.Corda: Computed checksum for addNotNullConstraint:[
    columnDataType="blob"
    columnName="identity_value"
    tableName="node_identities"
] as 0ff1c74277be0f57d8da467bd3af81ba
14:02:20.228 [Test worker] DEBUG liquibase - master.changelog.json: migration/node-core.changelog-v4.xml::nullability::R3.Corda: Computed checksum for addNotNullConstraint:[
    columnDataType="blob"
    columnName="content"
    tableName="node_attachments"
] as dd563134d4976b0fc550563a3a9547d0
14:02:20.228 [Test worker] DEBUG liquibase - master.changelog.json: migration/node-core.changelog-v4.xml::nullability::R3.Corda: Computed checksum for addNotNullConstraint:[
    columnDataType="NVARCHAR(255)"
    columnName="contract_class_name"
    tableName="node_attachments_contracts"
] as fcbb1bca17f3fdbb18a1857897fc06f5
14:02:20.229 [Test worker] DEBUG liquibase - master.changelog.json: migration/node-core.changelog-v4.xml::nullability::R3.Corda: Computed checksum for addNotNullConstraint:[
    columnDataType="blob"
    columnName="checkpoint_value"
    tableName="node_checkpoints"
] as 58c19f5fa79bba98f82a37d6f4b5a6b9
14:02:20.229 [Test worker] DEBUG liquibase - master.changelog.json: migration/node-core.changelog-v4.xml::nullability::R3.Corda: Computed checksum for addNotNullConstraint:[
    columnDataType="NVARCHAR(255)"
    columnName="contract_class_name"
    tableName="node_contract_upgrades"
] as c29d2d41b0a68e07a140a2368ba5bba1
14:02:20.229 [Test worker] DEBUG liquibase - master.changelog.json: migration/node-core.changelog-v4.xml::nullability::R3.Corda: Computed checksum for addNotNullConstraint:[
    columnDataType="timestamp"
    columnName="insertion_time"
    tableName="node_message_ids"
] as 790718a410431aa28f9264789001ba45
14:02:20.229 [Test worker] DEBUG liquibase - master.changelog.json: migration/node-core.changelog-v4.xml::nullability::R3.Corda: Computed checksum for addNotNullConstraint:[
    columnDataType="blob"
    columnName="message"
    tableName="node_message_retry"
] as 1898ae47388ec4edef20156ecfff9aac
14:02:20.230 [Test worker] DEBUG liquibase - master.changelog.json: migration/node-core.changelog-v4.xml::nullability::R3.Corda: Computed checksum for addNotNullConstraint:[
    columnDataType="blob"
    columnName="recipients"
    tableName="node_message_retry"
] as c8e6a209afb71510082c39b6585beccf
14:02:20.230 [Test worker] DEBUG liquibase - master.changelog.json: migration/node-core.changelog-v4.xml::nullability::R3.Corda: Computed checksum for addNotNullConstraint:[
    columnDataType="NVARCHAR(130)"
    columnName="pk_hash"
    tableName="node_named_identities"
] as a8187d893238bffdbf57cdd9d63bfdba
14:02:20.230 [Test worker] DEBUG liquibase - master.changelog.json: migration/node-core.changelog-v4.xml::nullability::R3.Corda: Computed checksum for addNotNullConstraint:[
    columnDataType="blob"
    columnName="private_key"
    tableName="node_our_key_pairs"
] as b2af64a77f468869df53c57ab50eb85b
14:02:20.230 [Test worker] DEBUG liquibase - master.changelog.json: migration/node-core.changelog-v4.xml::nullability::R3.Corda: Computed checksum for addNotNullConstraint:[
    columnDataType="blob"
    columnName="public_key"
    tableName="node_our_key_pairs"
] as 713d90dc7b4029ace717deb55694f4a5
14:02:20.231 [Test worker] DEBUG liquibase - master.changelog.json: migration/node-core.changelog-v4.xml::nullability::R3.Corda: Computed checksum for addNotNullConstraint:[
    columnDataType="NVARCHAR(36)"
    columnName="state_machine_run_id"
    tableName="node_transaction_mappings"
] as 685dff1bf416bfa2574449a7f932d6f1
14:02:20.231 [Test worker] DEBUG liquibase - master.changelog.json: migration/node-core.changelog-v4.xml::nullability::R3.Corda: Computed checksum for addNotNullConstraint:[
    columnDataType="blob"
    columnName="transaction_value"
    tableName="node_transactions"
] as 9f7524707b3715b2aa22a20bc6fcabc5
14:02:20.231 [Test worker] DEBUG liquibase - master.changelog.json: migration/node-core.changelog-v4.xml::nullability::R3.Corda: Computed checksum for 7:0ff1c74277be0f57d8da467bd3af81ba:7:dd563134d4976b0fc550563a3a9547d0:7:fcbb1bca17f3fdbb18a1857897fc06f5:7:58c19f5fa79bba98f82a37d6f4b5a6b9:7:c29d2d41b0a68e07a140a2368ba5bba1:7:790718a410431aa28f9264789001ba45:7:1898ae47388ec4edef20156ecfff9aac:7:c8e6a209afb71510082c39b6585beccf:7:a8187d893238bffdbf57cdd9d63bfdba:7:b2af64a77f468869df53c57ab50eb85b:7:713d90dc7b4029ace717deb55694f4a5:7:685dff1bf416bfa2574449a7f932d6f1:7:9f7524707b3715b2aa22a20bc6fcabc5: as 73b3f89cdd2a42efebeb125648c28191
14:02:20.232 [Test worker] DEBUG liquibase - master.changelog.json: migration/node-core.changelog-v5.xml::remove_unused_node_message_retry::R3.Corda: Computed checksum for dropTable:[
    tableName="node_message_retry"
] as 8907740960b74152d1e573f64f4ce208
14:02:20.232 [Test worker] DEBUG liquibase - master.changelog.json: migration/node-core.changelog-v5.xml::remove_unused_node_message_retry::R3.Corda: Computed checksum for 7:8907740960b74152d1e573f64f4ce208: as cd120ad46e3a88b0eeaa7ffdcf8a0861
14:02:20.232 [Test worker] DEBUG liquibase - master.changelog.json: migration/node-core.changelog-pkey.xml::non-clustered_pk-1::R3.Corda: Computed checksum for dropPrimaryKey:[
    constraintName="node_checkpoints_pkey"
    tableName="node_checkpoints"
] as 9f99a134773f14ab2cbc2cd6f156b603
14:02:20.233 [Test worker] DEBUG liquibase - master.changelog.json: migration/node-core.changelog-pkey.xml::non-clustered_pk-1::R3.Corda: Computed checksum for addPrimaryKey:[
    clustered="false"
    columnNames="checkpoint_id"
    constraintName="node_checkpoints_pkey"
    tableName="node_checkpoints"
] as a18afa1a1a70b87465896c3520a34c84
14:02:20.233 [Test worker] DEBUG liquibase - master.changelog.json: migration/node-core.changelog-pkey.xml::non-clustered_pk-1::R3.Corda: Computed checksum for 7:9f99a134773f14ab2cbc2cd6f156b603:7:a18afa1a1a70b87465896c3520a34c84: as eb9d9d13536371a16c05f8a89051e6b0
14:02:20.233 [Test worker] INFO liquibase - master.changelog.json: migration/node-core.changelog-pkey.xml::non-clustered_pk-1::R3.Corda: Skipping changeSet migration/node-core.changelog-pkey.xml::non-clustered_pk-1::R3.Corda due to validation error(s): clustered is not allowed on h2
14:02:20.233 [Test worker] DEBUG liquibase - master.changelog.json: migration/node-core.changelog-pkey.xml::non-clustered_pk-2::R3.Corda: Computed checksum for dropPrimaryKey:[
    constraintName="node_identities_pkey"
    tableName="node_identities"
] as 605c45e8edd8d52e86e00a89fe2ac35e
14:02:20.234 [Test worker] DEBUG liquibase - master.changelog.json: migration/node-core.changelog-pkey.xml::non-clustered_pk-2::R3.Corda: Computed checksum for addPrimaryKey:[
    clustered="false"
    columnNames="pk_hash"
    constraintName="node_identities_pkey"
    tableName="node_identities"
] as fbf664dd28d0f4f6c49ae6c1fa52bd3e
14:02:20.234 [Test worker] DEBUG liquibase - master.changelog.json: migration/node-core.changelog-pkey.xml::non-clustered_pk-2::R3.Corda: Computed checksum for 7:605c45e8edd8d52e86e00a89fe2ac35e:7:fbf664dd28d0f4f6c49ae6c1fa52bd3e: as d4192425f4f38b39f3b09611028e5c14
14:02:20.235 [Test worker] INFO liquibase - master.changelog.json: migration/node-core.changelog-pkey.xml::non-clustered_pk-2::R3.Corda: Skipping changeSet migration/node-core.changelog-pkey.xml::non-clustered_pk-2::R3.Corda due to validation error(s): clustered is not allowed on h2
14:02:20.235 [Test worker] DEBUG liquibase - master.changelog.json: migration/node-core.changelog-pkey.xml::non-clustered_pk-3::R3.Corda: Computed checksum for dropPrimaryKey:[
    constraintName="node_message_ids_pkey"
    tableName="node_message_ids"
] as ba87180f3d741766134d74212ca6032f
14:02:20.235 [Test worker] DEBUG liquibase - master.changelog.json: migration/node-core.changelog-pkey.xml::non-clustered_pk-3::R3.Corda: Computed checksum for addPrimaryKey:[
    clustered="false"
    columnNames="message_id"
    constraintName="node_message_ids_pkey"
    tableName="node_message_ids"
] as 8aaadb5242637738d617d395100b45a5
14:02:20.235 [Test worker] DEBUG liquibase - master.changelog.json: migration/node-core.changelog-pkey.xml::non-clustered_pk-3::R3.Corda: Computed checksum for 7:ba87180f3d741766134d74212ca6032f:7:8aaadb5242637738d617d395100b45a5: as 9773a095cc1db7ea3a66e7e5565bb58e
14:02:20.236 [Test worker] INFO liquibase - master.changelog.json: migration/node-core.changelog-pkey.xml::non-clustered_pk-3::R3.Corda: Skipping changeSet migration/node-core.changelog-pkey.xml::non-clustered_pk-3::R3.Corda due to validation error(s): clustered is not allowed on h2
14:02:20.236 [Test worker] DEBUG liquibase - master.changelog.json: migration/node-core.changelog-pkey.xml::non-clustered_pk-4::R3.Corda: Computed checksum for dropPrimaryKey:[
    constraintName="node_named_identities_pkey"
    tableName="node_named_identities"
] as d24b036e035ca98e1702e37946c90818
14:02:20.236 [Test worker] DEBUG liquibase - master.changelog.json: migration/node-core.changelog-pkey.xml::non-clustered_pk-4::R3.Corda: Computed checksum for addPrimaryKey:[
    clustered="false"
    columnNames="name"
    constraintName="node_named_identities_pkey"
    tableName="node_named_identities"
] as ae93b29e74c25596344b0d7aa14239b9
14:02:20.236 [Test worker] DEBUG liquibase - master.changelog.json: migration/node-core.changelog-pkey.xml::non-clustered_pk-4::R3.Corda: Computed checksum for 7:d24b036e035ca98e1702e37946c90818:7:ae93b29e74c25596344b0d7aa14239b9: as f1e21d4abffbb24133e752eb9cd6a162
14:02:20.236 [Test worker] INFO liquibase - master.changelog.json: migration/node-core.changelog-pkey.xml::non-clustered_pk-4::R3.Corda: Skipping changeSet migration/node-core.changelog-pkey.xml::non-clustered_pk-4::R3.Corda due to validation error(s): clustered is not allowed on h2
14:02:20.237 [Test worker] DEBUG liquibase - master.changelog.json: migration/node-core.changelog-pkey.xml::non-clustered_pk-5::R3.Corda: Computed checksum for dropPrimaryKey:[
    constraintName="node_our_key_pairs_pkey"
    tableName="node_our_key_pairs"
] as 9ac2cf82fe1a0d3a4afa3f284102f0ed
14:02:20.237 [Test worker] DEBUG liquibase - master.changelog.json: migration/node-core.changelog-pkey.xml::non-clustered_pk-5::R3.Corda: Computed checksum for addPrimaryKey:[
    clustered="false"
    columnNames="public_key_hash"
    constraintName="node_our_key_pairs_pkey"
    tableName="node_our_key_pairs"
] as b30cc3700d89cfc198fe0601af670c55
14:02:20.237 [Test worker] DEBUG liquibase - master.changelog.json: migration/node-core.changelog-pkey.xml::non-clustered_pk-5::R3.Corda: Computed checksum for 7:9ac2cf82fe1a0d3a4afa3f284102f0ed:7:b30cc3700d89cfc198fe0601af670c55: as 4ea09df2dbab99be33f8251a40d1c5a6
14:02:20.237 [Test worker] INFO liquibase - master.changelog.json: migration/node-core.changelog-pkey.xml::non-clustered_pk-5::R3.Corda: Skipping changeSet migration/node-core.changelog-pkey.xml::non-clustered_pk-5::R3.Corda due to validation error(s): clustered is not allowed on h2
14:02:20.237 [Test worker] DEBUG liquibase - master.changelog.json: migration/node-core.changelog-pkey.xml::non-clustered_pk-6::R3.Corda: Computed checksum for dropPrimaryKey:[
    constraintName="node_transaction_mappings_pkey"
    tableName="node_transaction_mappings"
] as 983db0cc88ef50f6461218ae4c516eed
14:02:20.238 [Test worker] DEBUG liquibase - master.changelog.json: migration/node-core.changelog-pkey.xml::non-clustered_pk-6::R3.Corda: Computed checksum for addPrimaryKey:[
    clustered="false"
    columnNames="tx_id"
    constraintName="node_transaction_mappings_pkey"
    tableName="node_transaction_mappings"
] as dcb9146c1054916a8af5a4fb2f9152e2
14:02:20.238 [Test worker] DEBUG liquibase - master.changelog.json: migration/node-core.changelog-pkey.xml::non-clustered_pk-6::R3.Corda: Computed checksum for 7:983db0cc88ef50f6461218ae4c516eed:7:dcb9146c1054916a8af5a4fb2f9152e2: as cb349ad07d3039e6d7d2f184988b954f
14:02:20.238 [Test worker] INFO liquibase - master.changelog.json: migration/node-core.changelog-pkey.xml::non-clustered_pk-6::R3.Corda: Skipping changeSet migration/node-core.changelog-pkey.xml::non-clustered_pk-6::R3.Corda due to validation error(s): clustered is not allowed on h2
14:02:20.238 [Test worker] DEBUG liquibase - master.changelog.json: migration/node-core.changelog-pkey.xml::non-clustered_pk-7::R3.Corda: Computed checksum for dropPrimaryKey:[
    constraintName="node_transactions_pkey"
    tableName="node_transactions"
] as f422783d78c2f5d16738c611e1317bf1
14:02:20.239 [Test worker] DEBUG liquibase - master.changelog.json: migration/node-core.changelog-pkey.xml::non-clustered_pk-7::R3.Corda: Computed checksum for addPrimaryKey:[
    clustered="false"
    columnNames="tx_id"
    constraintName="node_transactions_pkey"
    tableName="node_transactions"
] as 457dcb0ccf83fa48cc8a9643c91b9ad4
14:02:20.239 [Test worker] DEBUG liquibase - master.changelog.json: migration/node-core.changelog-pkey.xml::non-clustered_pk-7::R3.Corda: Computed checksum for 7:f422783d78c2f5d16738c611e1317bf1:7:457dcb0ccf83fa48cc8a9643c91b9ad4: as 97c3ef240152c18129859ea5ae999c9e
14:02:20.239 [Test worker] INFO liquibase - master.changelog.json: migration/node-core.changelog-pkey.xml::non-clustered_pk-7::R3.Corda: Skipping changeSet migration/node-core.changelog-pkey.xml::non-clustered_pk-7::R3.Corda due to validation error(s): clustered is not allowed on h2
14:02:20.239 [Test worker] DEBUG liquibase - master.changelog.json: migration/node-core.changelog-v8.xml::conditional_attchments_rename::R3.Corda: Computed checksum for renameTable:[
    newTableName="NODE_ATTACHMENTS_CONTRACTS"
    oldTableName="NODE_ATTCHMENTS_CONTRACTS"
] as 0dba1c02ba10df0f9c88e1631299486e
14:02:20.239 [Test worker] DEBUG liquibase - master.changelog.json: migration/node-core.changelog-v8.xml::conditional_attchments_rename::R3.Corda: Computed checksum for 7:0dba1c02ba10df0f9c88e1631299486e: as c7fcf1b072eb8882179623895abd6a53
14:02:20.240 [Test worker] DEBUG liquibase - master.changelog.json: migration/node-core.changelog-v8.xml::conditional_attchments_contracts::R3.Corda: Computed checksum for renameTable:[
    newTableName="NODE_ATTACHMENTS_CONTRACTS"
    oldTableName="NODE_ATTACHMENTS_CONTRACT_CLASS_NAME"
] as ae58ab3570282cf1723e82df8647178c
14:02:20.240 [Test worker] DEBUG liquibase - master.changelog.json: migration/node-core.changelog-v8.xml::conditional_attchments_contracts::R3.Corda: Computed checksum for 7:ae58ab3570282cf1723e82df8647178c: as 9ec85543b6baac8a877ad21f063a5b13
14:02:20.241 [Test worker] DEBUG liquibase - master.changelog.json: migration/node-core.changelog-v8.xml::add_signers::R3.Corda: Computed checksum for createTable:[
    columns=[
        [
            [
                nullable="false"
            ]
            name="att_id"
            type="NVARCHAR(255)"
        ],
        [
            name="signer"
            type="NVARCHAR(1024)"
        ]
    ]
    tableName="node_attachments_signers"
] as ec83f8cd0344429668e5c2aedd0b2ab3
14:02:20.241 [Test worker] DEBUG liquibase - master.changelog.json: migration/node-core.changelog-v8.xml::add_signers::R3.Corda: Computed checksum for addForeignKeyConstraint:[
    baseColumnNames="att_id"
    baseTableName="node_attachments_signers"
    constraintName="FK__signers__attachments"
    referencedColumnNames="att_id"
    referencedTableName="node_attachments"
] as e86b87f9584ab73e9b56daa91c983050
14:02:20.241 [Test worker] DEBUG liquibase - master.changelog.json: migration/node-core.changelog-v8.xml::add_signers::R3.Corda: Computed checksum for 7:ec83f8cd0344429668e5c2aedd0b2ab3:7:e86b87f9584ab73e9b56daa91c983050: as d1356cd65d19937b81284ea078998d84
14:02:20.242 [Test worker] DEBUG liquibase - master.changelog.json: migration/node-core.changelog-tx-mapping.xml::add_tx_mapping_column::R3.Corda: Computed checksum for addColumn:[
    columns=[
        [
            [
                nullable="true"
            ]
            name="state_machine_run_id"
            type="NVARCHAR(36)"
        ]
    ]
    tableName="node_transactions"
] as 5fdebff63e6f64287935a2e65414d2a3
14:02:20.242 [Test worker] DEBUG liquibase - master.changelog.json: migration/node-core.changelog-tx-mapping.xml::add_tx_mapping_column::R3.Corda: Computed checksum for inputStream as a8472f5cf0c2c13303109942b6dbce69
14:02:20.243 [Test worker] DEBUG liquibase - master.changelog.json: migration/node-core.changelog-tx-mapping.xml::add_tx_mapping_column::R3.Corda: Computed checksum for dropTable:[
    tableName="node_transaction_mappings"
] as b220f3903f4c1c9d2298c35db99c59ac
14:02:20.243 [Test worker] DEBUG liquibase - master.changelog.json: migration/node-core.changelog-tx-mapping.xml::add_tx_mapping_column::R3.Corda: Computed checksum for 7:5fdebff63e6f64287935a2e65414d2a3:7:a8472f5cf0c2c13303109942b6dbce69:7:b220f3903f4c1c9d2298c35db99c59ac: as a0995593179aec45250c383611edd1e2
14:02:20.244 [Test worker] DEBUG liquibase - master.changelog.json: migration/node-services.changelog-init.xml::add_network_parameters_storage::R3.Corda: Computed checksum for createTable:[
    columns=[
        [
            [
                nullable="false"
            ]
            name="hash"
            type="NVARCHAR(130)"
        ],
        [
            [
                nullable="false"
            ]
            name="epoch"
            type="INT"
        ],
        [
            [
                nullable="false"
            ]
            name="parameters_bytes"
            type="BLOB"
        ],
        [
            [
                nullable="false"
    ... [truncated in log] as 0c5ab9f5cdf1cceb5855e79ec0df5990
14:02:20.244 [Test worker] DEBUG liquibase - master.changelog.json: migration/node-services.changelog-init.xml::add_network_parameters_storage::R3.Corda: Computed checksum for 7:0c5ab9f5cdf1cceb5855e79ec0df5990: as 8d5882f94d9f58647903210994573073
14:02:20.246 [Test worker] DEBUG liquibase - master.changelog.json: migration/node-services.changelog-init.xml::network_parameters_pk::R3.Corda: Computed checksum for addPrimaryKey:[
    columnNames="hash"
    constraintName="node_network_parameters_pkey"
    tableName="node_network_parameters"
] as 7398cbb8aa8fc3cf93265e77bbc28f93
14:02:20.246 [Test worker] DEBUG liquibase - master.changelog.json: migration/node-services.changelog-init.xml::network_parameters_pk::R3.Corda: Computed checksum for 7:7398cbb8aa8fc3cf93265e77bbc28f93: as 71635301bd498e4d52b02988795348e6
14:02:20.247 [Test worker] DEBUG liquibase - master.changelog.json: migration/node-services.changelog-init.xml::add_version_column::R3.Corda: Computed checksum for addColumn:[
    columns=[
        [
            name="version"
            type="INT"
        ]
    ]
    tableName="node_attachments"
] as c4c33cea80ccf15793fa7b5e24a6746f
14:02:20.247 [Test worker] DEBUG liquibase - master.changelog.json: migration/node-services.changelog-init.xml::add_version_column::R3.Corda: Computed checksum for inputStream as 7ceaceee938a74c8cea67468ab2e68f4
14:02:20.247 [Test worker] DEBUG liquibase - master.changelog.json: migration/node-services.changelog-init.xml::add_version_column::R3.Corda: Computed checksum for addNotNullConstraint:[
    columnDataType="INT"
    columnName="version"
    tableName="node_attachments"
] as a6d4059f21164657e11caa70338e4c7b
14:02:20.247 [Test worker] DEBUG liquibase - master.changelog.json: migration/node-services.changelog-init.xml::add_version_column::R3.Corda: Computed checksum for 7:c4c33cea80ccf15793fa7b5e24a6746f:7:7ceaceee938a74c8cea67468ab2e68f4:7:a6d4059f21164657e11caa70338e4c7b: as 7d7fb1c90fa05b5fc3b938fd7c520344
14:02:20.247 [Test worker] DEBUG liquibase - master.changelog.json: migration/node-services.changelog-init.xml::update-version-of-whitelisted-jars::R3.Corda: Computed checksum for customChange:[
    class="net.corda.nodeapi.internal.persistence.AttachmentVersionNumberMigration"
    param=[]
] as cccb7fe15337dd836d74b41ef3a3c6f5
14:02:20.247 [Test worker] DEBUG liquibase - master.changelog.json: migration/node-services.changelog-init.xml::update-version-of-whitelisted-jars::R3.Corda: Computed checksum for 7:cccb7fe15337dd836d74b41ef3a3c6f5: as 706b589854273bdf703c4ed7a2a9191b
14:02:20.248 [Test worker] DEBUG liquibase - master.changelog.json: migration/vault-schema.changelog-v9.xml::update-vault-states::R3.Corda: Computed checksum for customChange:[
    class="net.corda.node.migration.VaultStateMigration"
    param=[]
] as d51d633a004ca013feeabe1129953946
14:02:20.248 [Test worker] DEBUG liquibase - master.changelog.json: migration/vault-schema.changelog-v9.xml::update-vault-states::R3.Corda: Computed checksum for 7:d51d633a004ca013feeabe1129953946: as b005d9ddca6ae24f7eb8c275fb095a30
14:02:20.248 [Test worker] DEBUG liquibase - Executing QUERY database command: select count(*) from PUBLIC.DATABASECHANGELOGLOCK
14:02:20.249 [Test worker] DEBUG liquibase - Executing QUERY database command: SELECT LOCKED FROM PUBLIC.DATABASECHANGELOGLOCK WHERE ID=1
14:02:20.249 [Test worker] DEBUG liquibase - Lock Database
14:02:20.250 [Test worker] DEBUG liquibase - Executing UPDATE database command: UPDATE PUBLIC.DATABASECHANGELOGLOCK SET LOCKED = TRUE, LOCKEDBY = 'DELL (192.168.40.48)', LOCKGRANTED = '2019-10-12 14:02:20.249' WHERE ID = 1 AND LOCKED = FALSE
14:02:20.250 [Test worker] INFO liquibase - Successfully acquired change log lock
14:02:20.250 [Test worker] INFO liquibase - master.changelog.json: migration/common.changelog-init.xml::1511451595465-1.3::R3.Corda: Skipping changeSet migration/common.changelog-init.xml::1511451595465-1.3::R3.Corda due to validation error(s): minValue is not allowed on h2
14:02:20.255 [Test worker] INFO liquibase - master.changelog.json: migration/vault-schema.changelog-pkey.xml::non-clustered_pk-11::R3.Corda: Skipping changeSet migration/vault-schema.changelog-pkey.xml::non-clustered_pk-11::R3.Corda due to validation error(s): clustered is not allowed on h2
14:02:20.256 [Test worker] INFO liquibase - master.changelog.json: migration/vault-schema.changelog-pkey.xml::non-clustered_pk-12::R3.Corda: Skipping changeSet migration/vault-schema.changelog-pkey.xml::non-clustered_pk-12::R3.Corda due to validation error(s): clustered is not allowed on h2
14:02:20.256 [Test worker] INFO liquibase - master.changelog.json: migration/vault-schema.changelog-pkey.xml::non-clustered_pk-13::R3.Corda: Skipping changeSet migration/vault-schema.changelog-pkey.xml::non-clustered_pk-13::R3.Corda due to validation error(s): clustered is not allowed on h2
14:02:20.276 [Test worker] INFO liquibase - master.changelog.json: migration/node-core.changelog-pkey.xml::non-clustered_pk-1::R3.Corda: Skipping changeSet migration/node-core.changelog-pkey.xml::non-clustered_pk-1::R3.Corda due to validation error(s): clustered is not allowed on h2
14:02:20.277 [Test worker] INFO liquibase - master.changelog.json: migration/node-core.changelog-pkey.xml::non-clustered_pk-2::R3.Corda: Skipping changeSet migration/node-core.changelog-pkey.xml::non-clustered_pk-2::R3.Corda due to validation error(s): clustered is not allowed on h2
14:02:20.277 [Test worker] INFO liquibase - master.changelog.json: migration/node-core.changelog-pkey.xml::non-clustered_pk-3::R3.Corda: Skipping changeSet migration/node-core.changelog-pkey.xml::non-clustered_pk-3::R3.Corda due to validation error(s): clustered is not allowed on h2
14:02:20.277 [Test worker] INFO liquibase - master.changelog.json: migration/node-core.changelog-pkey.xml::non-clustered_pk-4::R3.Corda: Skipping changeSet migration/node-core.changelog-pkey.xml::non-clustered_pk-4::R3.Corda due to validation error(s): clustered is not allowed on h2
14:02:20.277 [Test worker] INFO liquibase - master.changelog.json: migration/node-core.changelog-pkey.xml::non-clustered_pk-5::R3.Corda: Skipping changeSet migration/node-core.changelog-pkey.xml::non-clustered_pk-5::R3.Corda due to validation error(s): clustered is not allowed on h2
14:02:20.277 [Test worker] INFO liquibase - master.changelog.json: migration/node-core.changelog-pkey.xml::non-clustered_pk-6::R3.Corda: Skipping changeSet migration/node-core.changelog-pkey.xml::non-clustered_pk-6::R3.Corda due to validation error(s): clustered is not allowed on h2
14:02:20.278 [Test worker] INFO liquibase - master.changelog.json: migration/node-core.changelog-pkey.xml::non-clustered_pk-7::R3.Corda: Skipping changeSet migration/node-core.changelog-pkey.xml::non-clustered_pk-7::R3.Corda due to validation error(s): clustered is not allowed on h2
14:02:20.280 [Test worker] DEBUG liquibase - master.changelog.json: migration/common.changelog-init.xml::1511451595465-1.1::R3.Corda: Running Changeset:migration/common.changelog-init.xml::1511451595465-1.1::R3.Corda
14:02:20.280 [Test worker] DEBUG liquibase - master.changelog.json: migration/common.changelog-init.xml::1511451595465-1.1::R3.Corda: Changeset migration/common.changelog-init.xml::1511451595465-1.1::R3.Corda
14:02:20.280 [Test worker] DEBUG liquibase - master.changelog.json: migration/common.changelog-init.xml::1511451595465-1.1::R3.Corda: Executing QUERY database command: SELECT SEQUENCE_NAME FROM INFORMATION_SCHEMA.SEQUENCES WHERE SEQUENCE_SCHEMA = 'null' AND IS_GENERATED=FALSE
14:02:20.281 [Test worker] DEBUG liquibase - master.changelog.json: migration/common.changelog-init.xml::1511451595465-1.1::R3.Corda: Executing QUERY database command: SELECT SEQUENCE_NAME FROM INFORMATION_SCHEMA.SEQUENCES WHERE SEQUENCE_SCHEMA = 'PUBLIC' AND IS_GENERATED=FALSE
14:02:20.281 [Test worker] DEBUG liquibase - master.changelog.json: migration/common.changelog-init.xml::1511451595465-1.1::R3.Corda: Reading ChangeSet: migration/common.changelog-init.xml::1511451595465-1.1::R3.Corda
14:02:20.282 [Test worker] DEBUG liquibase - master.changelog.json: migration/common.changelog-init.xml::1511451595465-1.1::R3.Corda: Executing Statement: liquibase.statement.core.CreateSequenceStatement@5643dc96
14:02:20.282 [Test worker] DEBUG liquibase - master.changelog.json: migration/common.changelog-init.xml::1511451595465-1.1::R3.Corda: Executing EXECUTE database command: CREATE SEQUENCE PUBLIC.hibernate_sequence
14:02:20.282 [Test worker] INFO liquibase - master.changelog.json: migration/common.changelog-init.xml::1511451595465-1.1::R3.Corda: Sequence hibernate_sequence created
14:02:20.282 [Test worker] INFO liquibase - master.changelog.json: migration/common.changelog-init.xml::1511451595465-1.1::R3.Corda: ChangeSet migration/common.changelog-init.xml::1511451595465-1.1::R3.Corda ran successfully in 2ms
14:02:20.282 [Test worker] DEBUG liquibase - master.changelog.json: migration/common.changelog-init.xml::1511451595465-1.1::R3.Corda: Executing QUERY database command: SELECT MAX(ORDEREXECUTED) FROM PUBLIC.DATABASECHANGELOG
14:02:20.284 [Test worker] DEBUG liquibase - master.changelog.json: migration/common.changelog-init.xml::1511451595465-1.1::R3.Corda: Executing EXECUTE database command: INSERT INTO PUBLIC.DATABASECHANGELOG (ID, AUTHOR, FILENAME, DATEEXECUTED, ORDEREXECUTED, MD5SUM, DESCRIPTION, COMMENTS, EXECTYPE, CONTEXTS, LABELS, LIQUIBASE, DEPLOYMENT_ID) VALUES ('1511451595465-1.1', 'R3.Corda', 'migration/common.changelog-init.xml', NOW(), 1, '7:afe897bea20bc08d1681087c94d0967d', 'createSequence sequenceName=hibernate_sequence', '', 'EXECUTED', NULL, NULL, '3.5.4', '0860140250')
14:02:20.288 [Test worker] DEBUG liquibase - master.changelog.json: migration/common.changelog-init.xml::1511451595465-1.3::R3.Corda: Running Changeset:migration/common.changelog-init.xml::1511451595465-1.3::R3.Corda
14:02:20.289 [Test worker] DEBUG liquibase - master.changelog.json: migration/common.changelog-init.xml::1511451595465-1.3::R3.Corda: Executing EXECUTE database command: INSERT INTO PUBLIC.DATABASECHANGELOG (ID, AUTHOR, FILENAME, DATEEXECUTED, ORDEREXECUTED, MD5SUM, DESCRIPTION, COMMENTS, EXECTYPE, CONTEXTS, LABELS, LIQUIBASE, DEPLOYMENT_ID) VALUES ('1511451595465-1.3', 'R3.Corda', 'migration/common.changelog-init.xml', NOW(), 2, '7:b775a64dd8351ca0b00329ea3e49f44b', 'createSequence sequenceName=hibernate_sequence', '', 'MARK_RAN', NULL, NULL, '3.5.4', '0860140250')
14:02:20.290 [Test worker] DEBUG liquibase - master.changelog.json: migration/vault-schema.changelog-init.xml::1511451595465-22::R3.Corda: Running Changeset:migration/vault-schema.changelog-init.xml::1511451595465-22::R3.Corda
14:02:20.290 [Test worker] DEBUG liquibase - master.changelog.json: migration/vault-schema.changelog-init.xml::1511451595465-22::R3.Corda: Changeset migration/vault-schema.changelog-init.xml::1511451595465-22::R3.Corda
14:02:20.290 [Test worker] DEBUG liquibase - master.changelog.json: migration/vault-schema.changelog-init.xml::1511451595465-22::R3.Corda: Reading ChangeSet: migration/vault-schema.changelog-init.xml::1511451595465-22::R3.Corda
14:02:20.290 [Test worker] DEBUG liquibase - master.changelog.json: migration/vault-schema.changelog-init.xml::1511451595465-22::R3.Corda: Executing Statement: liquibase.statement.core.CreateTableStatement@7f9a0e2b
14:02:20.290 [Test worker] DEBUG liquibase - master.changelog.json: migration/vault-schema.changelog-init.xml::1511451595465-22::R3.Corda: Executing EXECUTE database command: CREATE TABLE PUBLIC.vault_fungible_states (output_index INT NOT NULL, transaction_id NVARCHAR(64) NOT NULL, issuer_name NVARCHAR(255), issuer_ref VARBINARY(512), owner_name NVARCHAR(255), quantity BIGINT)
14:02:20.291 [Test worker] INFO liquibase - master.changelog.json: migration/vault-schema.changelog-init.xml::1511451595465-22::R3.Corda: Table vault_fungible_states created
14:02:20.291 [Test worker] INFO liquibase - master.changelog.json: migration/vault-schema.changelog-init.xml::1511451595465-22::R3.Corda: ChangeSet migration/vault-schema.changelog-init.xml::1511451595465-22::R3.Corda ran successfully in 1ms
14:02:20.292 [Test worker] DEBUG liquibase - master.changelog.json: migration/vault-schema.changelog-init.xml::1511451595465-22::R3.Corda: Executing EXECUTE database command: INSERT INTO PUBLIC.DATABASECHANGELOG (ID, AUTHOR, FILENAME, DATEEXECUTED, ORDEREXECUTED, MD5SUM, DESCRIPTION, COMMENTS, EXECTYPE, CONTEXTS, LABELS, LIQUIBASE, DEPLOYMENT_ID) VALUES ('1511451595465-22', 'R3.Corda', 'migration/vault-schema.changelog-init.xml', NOW(), 3, '7:1f8a20296ddeb0fc739bd8e7084b0bab', 'createTable tableName=vault_fungible_states', '', 'EXECUTED', NULL, NULL, '3.5.4', '0860140250')
14:02:20.292 [Test worker] DEBUG liquibase - master.changelog.json: migration/vault-schema.changelog-init.xml::1511451595465-23::R3.Corda: Running Changeset:migration/vault-schema.changelog-init.xml::1511451595465-23::R3.Corda
14:02:20.293 [Test worker] DEBUG liquibase - master.changelog.json: migration/vault-schema.changelog-init.xml::1511451595465-23::R3.Corda: Changeset migration/vault-schema.changelog-init.xml::1511451595465-23::R3.Corda
14:02:20.294 [Test worker] DEBUG liquibase - master.changelog.json: migration/vault-schema.changelog-init.xml::1511451595465-23::R3.Corda: Reading ChangeSet: migration/vault-schema.changelog-init.xml::1511451595465-23::R3.Corda
14:02:20.294 [Test worker] DEBUG liquibase - master.changelog.json: migration/vault-schema.changelog-init.xml::1511451595465-23::R3.Corda: Executing Statement: liquibase.statement.core.CreateTableStatement@3c966228
14:02:20.294 [Test worker] DEBUG liquibase - master.changelog.json: migration/vault-schema.changelog-init.xml::1511451595465-23::R3.Corda: Executing EXECUTE database command: CREATE TABLE PUBLIC.vault_fungible_states_parts (output_index INT NOT NULL, transaction_id NVARCHAR(64) NOT NULL, participants NVARCHAR(255))
14:02:20.294 [Test worker] INFO liquibase - master.changelog.json: migration/vault-schema.changelog-init.xml::1511451595465-23::R3.Corda: Table vault_fungible_states_parts created
14:02:20.294 [Test worker] INFO liquibase - master.changelog.json: migration/vault-schema.changelog-init.xml::1511451595465-23::R3.Corda: ChangeSet migration/vault-schema.changelog-init.xml::1511451595465-23::R3.Corda ran successfully in 1ms
14:02:20.296 [Test worker] DEBUG liquibase - master.changelog.json: migration/vault-schema.changelog-init.xml::1511451595465-23::R3.Corda: Executing EXECUTE database command: INSERT INTO PUBLIC.DATABASECHANGELOG (ID, AUTHOR, FILENAME, DATEEXECUTED, ORDEREXECUTED, MD5SUM, DESCRIPTION, COMMENTS, EXECTYPE, CONTEXTS, LABELS, LIQUIBASE, DEPLOYMENT_ID) VALUES ('1511451595465-23', 'R3.Corda', 'migration/vault-schema.changelog-init.xml', NOW(), 4, '7:1a9f6483c225c03a3a558b5b20306741', 'createTable tableName=vault_fungible_states_parts', '', 'EXECUTED', NULL, NULL, '3.5.4', '0860140250')
14:02:20.296 [Test worker] DEBUG liquibase - master.changelog.json: migration/vault-schema.changelog-init.xml::1511451595465-24::R3.Corda: Running Changeset:migration/vault-schema.changelog-init.xml::1511451595465-24::R3.Corda
14:02:20.296 [Test worker] DEBUG liquibase - master.changelog.json: migration/vault-schema.changelog-init.xml::1511451595465-24::R3.Corda: Changeset migration/vault-schema.changelog-init.xml::1511451595465-24::R3.Corda
14:02:20.296 [Test worker] DEBUG liquibase - master.changelog.json: migration/vault-schema.changelog-init.xml::1511451595465-24::R3.Corda: Reading ChangeSet: migration/vault-schema.changelog-init.xml::1511451595465-24::R3.Corda
14:02:20.297 [Test worker] DEBUG liquibase - master.changelog.json: migration/vault-schema.changelog-init.xml::1511451595465-24::R3.Corda: Executing Statement: liquibase.statement.core.CreateTableStatement@44fa43ac
14:02:20.297 [Test worker] DEBUG liquibase - master.changelog.json: migration/vault-schema.changelog-init.xml::1511451595465-24::R3.Corda: Executing EXECUTE database command: CREATE TABLE PUBLIC.vault_linear_states (output_index INT NOT NULL, transaction_id NVARCHAR(64) NOT NULL, external_id NVARCHAR(255), uuid VARCHAR(255) NOT NULL)
14:02:20.297 [Test worker] INFO liquibase - master.changelog.json: migration/vault-schema.changelog-init.xml::1511451595465-24::R3.Corda: Table vault_linear_states created
14:02:20.297 [Test worker] INFO liquibase - master.changelog.json: migration/vault-schema.changelog-init.xml::1511451595465-24::R3.Corda: ChangeSet migration/vault-schema.changelog-init.xml::1511451595465-24::R3.Corda ran successfully in 1ms
14:02:20.298 [Test worker] DEBUG liquibase - master.changelog.json: migration/vault-schema.changelog-init.xml::1511451595465-24::R3.Corda: Executing EXECUTE database command: INSERT INTO PUBLIC.DATABASECHANGELOG (ID, AUTHOR, FILENAME, DATEEXECUTED, ORDEREXECUTED, MD5SUM, DESCRIPTION, COMMENTS, EXECTYPE, CONTEXTS, LABELS, LIQUIBASE, DEPLOYMENT_ID) VALUES ('1511451595465-24', 'R3.Corda', 'migration/vault-schema.changelog-init.xml', NOW(), 5, '7:cc33e3b7b7db0e8613421e71352448d1', 'createTable tableName=vault_linear_states', '', 'EXECUTED', NULL, NULL, '3.5.4', '0860140250')
14:02:20.299 [Test worker] DEBUG liquibase - master.changelog.json: migration/vault-schema.changelog-init.xml::1511451595465-25::R3.Corda: Running Changeset:migration/vault-schema.changelog-init.xml::1511451595465-25::R3.Corda
14:02:20.299 [Test worker] DEBUG liquibase - master.changelog.json: migration/vault-schema.changelog-init.xml::1511451595465-25::R3.Corda: Changeset migration/vault-schema.changelog-init.xml::1511451595465-25::R3.Corda
14:02:20.299 [Test worker] DEBUG liquibase - master.changelog.json: migration/vault-schema.changelog-init.xml::1511451595465-25::R3.Corda: Reading ChangeSet: migration/vault-schema.changelog-init.xml::1511451595465-25::R3.Corda
14:02:20.299 [Test worker] DEBUG liquibase - master.changelog.json: migration/vault-schema.changelog-init.xml::1511451595465-25::R3.Corda: Executing Statement: liquibase.statement.core.CreateTableStatement@785f2780
14:02:20.299 [Test worker] DEBUG liquibase - master.changelog.json: migration/vault-schema.changelog-init.xml::1511451595465-25::R3.Corda: Executing EXECUTE database command: CREATE TABLE PUBLIC.vault_linear_states_parts (output_index INT NOT NULL, transaction_id NVARCHAR(64) NOT NULL, participants NVARCHAR(255))
14:02:20.300 [Test worker] INFO liquibase - master.changelog.json: migration/vault-schema.changelog-init.xml::1511451595465-25::R3.Corda: Table vault_linear_states_parts created
14:02:20.300 [Test worker] INFO liquibase - master.changelog.json: migration/vault-schema.changelog-init.xml::1511451595465-25::R3.Corda: ChangeSet migration/vault-schema.changelog-init.xml::1511451595465-25::R3.Corda ran successfully in 1ms
14:02:20.300 [Test worker] DEBUG liquibase - master.changelog.json: migration/vault-schema.changelog-init.xml::1511451595465-25::R3.Corda: Executing EXECUTE database command: INSERT INTO PUBLIC.DATABASECHANGELOG (ID, AUTHOR, FILENAME, DATEEXECUTED, ORDEREXECUTED, MD5SUM, DESCRIPTION, COMMENTS, EXECTYPE, CONTEXTS, LABELS, LIQUIBASE, DEPLOYMENT_ID) VALUES ('1511451595465-25', 'R3.Corda', 'migration/vault-schema.changelog-init.xml', NOW(), 6, '7:cee1c34886b737d7c86f4ba94a43d9a7', 'createTable tableName=vault_linear_states_parts', '', 'EXECUTED', NULL, NULL, '3.5.4', '0860140250')
14:02:20.301 [Test worker] DEBUG liquibase - master.changelog.json: migration/vault-schema.changelog-init.xml::1511451595465-26::R3.Corda: Running Changeset:migration/vault-schema.changelog-init.xml::1511451595465-26::R3.Corda
14:02:20.301 [Test worker] DEBUG liquibase - master.changelog.json: migration/vault-schema.changelog-init.xml::1511451595465-26::R3.Corda: Changeset migration/vault-schema.changelog-init.xml::1511451595465-26::R3.Corda
14:02:20.301 [Test worker] DEBUG liquibase - master.changelog.json: migration/vault-schema.changelog-init.xml::1511451595465-26::R3.Corda: Reading ChangeSet: migration/vault-schema.changelog-init.xml::1511451595465-26::R3.Corda
14:02:20.301 [Test worker] DEBUG liquibase - master.changelog.json: migration/vault-schema.changelog-init.xml::1511451595465-26::R3.Corda: Executing Statement: liquibase.statement.core.CreateTableStatement@41fa60e9
14:02:20.301 [Test worker] DEBUG liquibase - master.changelog.json: migration/vault-schema.changelog-init.xml::1511451595465-26::R3.Corda: Executing EXECUTE database command: CREATE TABLE PUBLIC.vault_states (output_index INT NOT NULL, transaction_id NVARCHAR(64) NOT NULL, consumed_timestamp TIMESTAMP, contract_state_class_name NVARCHAR(255), lock_id NVARCHAR(255), lock_timestamp TIMESTAMP, notary_name NVARCHAR(255), recorded_timestamp TIMESTAMP, state_status INT)
14:02:20.302 [Test worker] INFO liquibase - master.changelog.json: migration/vault-schema.changelog-init.xml::1511451595465-26::R3.Corda: Table vault_states created
14:02:20.302 [Test worker] INFO liquibase - master.changelog.json: migration/vault-schema.changelog-init.xml::1511451595465-26::R3.Corda: ChangeSet migration/vault-schema.changelog-init.xml::1511451595465-26::R3.Corda ran successfully in 1ms
14:02:20.303 [Test worker] DEBUG liquibase - master.changelog.json: migration/vault-schema.changelog-init.xml::1511451595465-26::R3.Corda: Executing EXECUTE database command: INSERT INTO PUBLIC.DATABASECHANGELOG (ID, AUTHOR, FILENAME, DATEEXECUTED, ORDEREXECUTED, MD5SUM, DESCRIPTION, COMMENTS, EXECTYPE, CONTEXTS, LABELS, LIQUIBASE, DEPLOYMENT_ID) VALUES ('1511451595465-26', 'R3.Corda', 'migration/vault-schema.changelog-init.xml', NOW(), 7, '7:47ea918c4e5894a573ed08ff7d3cfcf8', 'createTable tableName=vault_states', '', 'EXECUTED', NULL, NULL, '3.5.4', '0860140250')
14:02:20.303 [Test worker] DEBUG liquibase - master.changelog.json: migration/vault-schema.changelog-init.xml::1511451595465-27::R3.Corda: Running Changeset:migration/vault-schema.changelog-init.xml::1511451595465-27::R3.Corda
14:02:20.303 [Test worker] DEBUG liquibase - master.changelog.json: migration/vault-schema.changelog-init.xml::1511451595465-27::R3.Corda: Changeset migration/vault-schema.changelog-init.xml::1511451595465-27::R3.Corda
14:02:20.303 [Test worker] DEBUG liquibase - master.changelog.json: migration/vault-schema.changelog-init.xml::1511451595465-27::R3.Corda: Reading ChangeSet: migration/vault-schema.changelog-init.xml::1511451595465-27::R3.Corda
14:02:20.304 [Test worker] DEBUG liquibase - master.changelog.json: migration/vault-schema.changelog-init.xml::1511451595465-27::R3.Corda: Executing Statement: liquibase.statement.core.CreateTableStatement@5d099669
14:02:20.305 [Test worker] DEBUG liquibase - master.changelog.json: migration/vault-schema.changelog-init.xml::1511451595465-27::R3.Corda: Executing EXECUTE database command: CREATE TABLE PUBLIC.vault_transaction_notes (seq_no INT NOT NULL, note NVARCHAR(255), transaction_id NVARCHAR(64))
14:02:20.306 [Test worker] INFO liquibase - master.changelog.json: migration/vault-schema.changelog-init.xml::1511451595465-27::R3.Corda: Table vault_transaction_notes created
14:02:20.306 [Test worker] INFO liquibase - master.changelog.json: migration/vault-schema.changelog-init.xml::1511451595465-27::R3.Corda: ChangeSet migration/vault-schema.changelog-init.xml::1511451595465-27::R3.Corda ran successfully in 3ms
14:02:20.308 [Test worker] DEBUG liquibase - master.changelog.json: migration/vault-schema.changelog-init.xml::1511451595465-27::R3.Corda: Executing EXECUTE database command: INSERT INTO PUBLIC.DATABASECHANGELOG (ID, AUTHOR, FILENAME, DATEEXECUTED, ORDEREXECUTED, MD5SUM, DESCRIPTION, COMMENTS, EXECTYPE, CONTEXTS, LABELS, LIQUIBASE, DEPLOYMENT_ID) VALUES ('1511451595465-27', 'R3.Corda', 'migration/vault-schema.changelog-init.xml', NOW(), 8, '7:b335f04504c263e99eb1b4b78fb7b976', 'createTable tableName=vault_transaction_notes', '', 'EXECUTED', NULL, NULL, '3.5.4', '0860140250')
14:02:20.309 [Test worker] DEBUG liquibase - master.changelog.json: migration/vault-schema.changelog-init.xml::1511451595465-47::R3.Corda: Running Changeset:migration/vault-schema.changelog-init.xml::1511451595465-47::R3.Corda
14:02:20.309 [Test worker] DEBUG liquibase - master.changelog.json: migration/vault-schema.changelog-init.xml::1511451595465-47::R3.Corda: Changeset migration/vault-schema.changelog-init.xml::1511451595465-47::R3.Corda
14:02:20.309 [Test worker] DEBUG liquibase - master.changelog.json: migration/vault-schema.changelog-init.xml::1511451595465-47::R3.Corda: Reading ChangeSet: migration/vault-schema.changelog-init.xml::1511451595465-47::R3.Corda
14:02:20.309 [Test worker] DEBUG liquibase - master.changelog.json: migration/vault-schema.changelog-init.xml::1511451595465-47::R3.Corda: Executing Statement: liquibase.statement.core.AddPrimaryKeyStatement@4b4e4b92
14:02:20.314 [Test worker] DEBUG liquibase - master.changelog.json: migration/vault-schema.changelog-init.xml::1511451595465-47::R3.Corda: Executing EXECUTE database command: ALTER TABLE PUBLIC.vault_fungible_states ADD CONSTRAINT vault_fungible_states_pkey PRIMARY KEY (output_index, transaction_id)
14:02:20.338 [Test worker] INFO liquibase - master.changelog.json: migration/vault-schema.changelog-init.xml::1511451595465-47::R3.Corda: Primary key added to vault_fungible_states (output_index, transaction_id)
14:02:20.338 [Test worker] INFO liquibase - master.changelog.json: migration/vault-schema.changelog-init.xml::1511451595465-47::R3.Corda: ChangeSet migration/vault-schema.changelog-init.xml::1511451595465-47::R3.Corda ran successfully in 29ms
14:02:20.340 [Test worker] DEBUG liquibase - master.changelog.json: migration/vault-schema.changelog-init.xml::1511451595465-47::R3.Corda: Executing EXECUTE database command: INSERT INTO PUBLIC.DATABASECHANGELOG (ID, AUTHOR, FILENAME, DATEEXECUTED, ORDEREXECUTED, MD5SUM, DESCRIPTION, COMMENTS, EXECTYPE, CONTEXTS, LABELS, LIQUIBASE, DEPLOYMENT_ID) VALUES ('1511451595465-47', 'R3.Corda', 'migration/vault-schema.changelog-init.xml', NOW(), 9, '7:5ebf8c6ceacd418805fef0a8d5926d22', 'addPrimaryKey constraintName=vault_fungible_states_pkey, tableName=vault_fungible_states', '', 'EXECUTED', NULL, NULL, '3.5.4', '0860140250')
14:02:20.340 [Test worker] DEBUG liquibase - master.changelog.json: migration/vault-schema.changelog-init.xml::1511451595465-48::R3.Corda: Running Changeset:migration/vault-schema.changelog-init.xml::1511451595465-48::R3.Corda
14:02:20.340 [Test worker] DEBUG liquibase - master.changelog.json: migration/vault-schema.changelog-init.xml::1511451595465-48::R3.Corda: Changeset migration/vault-schema.changelog-init.xml::1511451595465-48::R3.Corda
14:02:20.341 [Test worker] DEBUG liquibase - master.changelog.json: migration/vault-schema.changelog-init.xml::1511451595465-48::R3.Corda: Reading ChangeSet: migration/vault-schema.changelog-init.xml::1511451595465-48::R3.Corda
14:02:20.341 [Test worker] DEBUG liquibase - master.changelog.json: migration/vault-schema.changelog-init.xml::1511451595465-48::R3.Corda: Executing Statement: liquibase.statement.core.AddPrimaryKeyStatement@5542fef1
14:02:20.341 [Test worker] DEBUG liquibase - master.changelog.json: migration/vault-schema.changelog-init.xml::1511451595465-48::R3.Corda: Executing EXECUTE database command: ALTER TABLE PUBLIC.vault_linear_states ADD CONSTRAINT vault_linear_states_pkey PRIMARY KEY (output_index, transaction_id)
14:02:20.341 [Test worker] INFO liquibase - master.changelog.json: migration/vault-schema.changelog-init.xml::1511451595465-48::R3.Corda: Primary key added to vault_linear_states (output_index, transaction_id)
14:02:20.341 [Test worker] INFO liquibase - master.changelog.json: migration/vault-schema.changelog-init.xml::1511451595465-48::R3.Corda: ChangeSet migration/vault-schema.changelog-init.xml::1511451595465-48::R3.Corda ran successfully in 1ms
14:02:20.343 [Test worker] DEBUG liquibase - master.changelog.json: migration/vault-schema.changelog-init.xml::1511451595465-48::R3.Corda: Executing EXECUTE database command: INSERT INTO PUBLIC.DATABASECHANGELOG (ID, AUTHOR, FILENAME, DATEEXECUTED, ORDEREXECUTED, MD5SUM, DESCRIPTION, COMMENTS, EXECTYPE, CONTEXTS, LABELS, LIQUIBASE, DEPLOYMENT_ID) VALUES ('1511451595465-48', 'R3.Corda', 'migration/vault-schema.changelog-init.xml', NOW(), 10, '7:6852e525af1e0e841b85cbc65c3ef3eb', 'addPrimaryKey constraintName=vault_linear_states_pkey, tableName=vault_linear_states', '', 'EXECUTED', NULL, NULL, '3.5.4', '0860140250')
14:02:20.343 [Test worker] DEBUG liquibase - master.changelog.json: migration/vault-schema.changelog-init.xml::1511451595465-49::R3.Corda: Running Changeset:migration/vault-schema.changelog-init.xml::1511451595465-49::R3.Corda
14:02:20.346 [Test worker] DEBUG liquibase - master.changelog.json: migration/vault-schema.changelog-init.xml::1511451595465-49::R3.Corda: Changeset migration/vault-schema.changelog-init.xml::1511451595465-49::R3.Corda
14:02:20.346 [Test worker] DEBUG liquibase - master.changelog.json: migration/vault-schema.changelog-init.xml::1511451595465-49::R3.Corda: Reading ChangeSet: migration/vault-schema.changelog-init.xml::1511451595465-49::R3.Corda
14:02:20.346 [Test worker] DEBUG liquibase - master.changelog.json: migration/vault-schema.changelog-init.xml::1511451595465-49::R3.Corda: Executing Statement: liquibase.statement.core.AddPrimaryKeyStatement@352ddc61
14:02:20.347 [Test worker] DEBUG liquibase - master.changelog.json: migration/vault-schema.changelog-init.xml::1511451595465-49::R3.Corda: Executing EXECUTE database command: ALTER TABLE PUBLIC.vault_states ADD CONSTRAINT vault_states_pkey PRIMARY KEY (output_index, transaction_id)
14:02:20.347 [Test worker] INFO liquibase - master.changelog.json: migration/vault-schema.changelog-init.xml::1511451595465-49::R3.Corda: Primary key added to vault_states (output_index, transaction_id)
14:02:20.347 [Test worker] INFO liquibase - master.changelog.json: migration/vault-schema.changelog-init.xml::1511451595465-49::R3.Corda: ChangeSet migration/vault-schema.changelog-init.xml::1511451595465-49::R3.Corda ran successfully in 1ms
14:02:20.349 [Test worker] DEBUG liquibase - master.changelog.json: migration/vault-schema.changelog-init.xml::1511451595465-49::R3.Corda: Executing EXECUTE database command: INSERT INTO PUBLIC.DATABASECHANGELOG (ID, AUTHOR, FILENAME, DATEEXECUTED, ORDEREXECUTED, MD5SUM, DESCRIPTION, COMMENTS, EXECTYPE, CONTEXTS, LABELS, LIQUIBASE, DEPLOYMENT_ID) VALUES ('1511451595465-49', 'R3.Corda', 'migration/vault-schema.changelog-init.xml', NOW(), 11, '7:e88ace88ae32b7c6a212f749bed7f25f', 'addPrimaryKey constraintName=vault_states_pkey, tableName=vault_states', '', 'EXECUTED', NULL, NULL, '3.5.4', '0860140250')
14:02:20.349 [Test worker] DEBUG liquibase - master.changelog.json: migration/vault-schema.changelog-init.xml::1511451595465-50::R3.Corda: Running Changeset:migration/vault-schema.changelog-init.xml::1511451595465-50::R3.Corda
14:02:20.349 [Test worker] DEBUG liquibase - master.changelog.json: migration/vault-schema.changelog-init.xml::1511451595465-50::R3.Corda: Changeset migration/vault-schema.changelog-init.xml::1511451595465-50::R3.Corda
14:02:20.349 [Test worker] DEBUG liquibase - master.changelog.json: migration/vault-schema.changelog-init.xml::1511451595465-50::R3.Corda: Reading ChangeSet: migration/vault-schema.changelog-init.xml::1511451595465-50::R3.Corda
14:02:20.350 [Test worker] DEBUG liquibase - master.changelog.json: migration/vault-schema.changelog-init.xml::1511451595465-50::R3.Corda: Executing Statement: liquibase.statement.core.AddPrimaryKeyStatement@24a35fad
14:02:20.350 [Test worker] DEBUG liquibase - master.changelog.json: migration/vault-schema.changelog-init.xml::1511451595465-50::R3.Corda: Executing EXECUTE database command: ALTER TABLE PUBLIC.vault_transaction_notes ADD CONSTRAINT vault_transaction_notes_pkey PRIMARY KEY (seq_no)
14:02:20.350 [Test worker] INFO liquibase - master.changelog.json: migration/vault-schema.changelog-init.xml::1511451595465-50::R3.Corda: Primary key added to vault_transaction_notes (seq_no)
14:02:20.350 [Test worker] INFO liquibase - master.changelog.json: migration/vault-schema.changelog-init.xml::1511451595465-50::R3.Corda: ChangeSet migration/vault-schema.changelog-init.xml::1511451595465-50::R3.Corda ran successfully in 1ms
14:02:20.352 [Test worker] DEBUG liquibase - master.changelog.json: migration/vault-schema.changelog-init.xml::1511451595465-50::R3.Corda: Executing EXECUTE database command: INSERT INTO PUBLIC.DATABASECHANGELOG (ID, AUTHOR, FILENAME, DATEEXECUTED, ORDEREXECUTED, MD5SUM, DESCRIPTION, COMMENTS, EXECTYPE, CONTEXTS, LABELS, LIQUIBASE, DEPLOYMENT_ID) VALUES ('1511451595465-50', 'R3.Corda', 'migration/vault-schema.changelog-init.xml', NOW(), 12, '7:aef52cbfcee4e86a30a1175aacdae9b5', 'addPrimaryKey constraintName=vault_transaction_notes_pkey, tableName=vault_transaction_notes', '', 'EXECUTED', NULL, NULL, '3.5.4', '0860140250')
14:02:20.352 [Test worker] DEBUG liquibase - master.changelog.json: migration/vault-schema.changelog-init.xml::1511451595465-53::R3.Corda: Running Changeset:migration/vault-schema.changelog-init.xml::1511451595465-53::R3.Corda
14:02:20.352 [Test worker] DEBUG liquibase - master.changelog.json: migration/vault-schema.changelog-init.xml::1511451595465-53::R3.Corda: Changeset migration/vault-schema.changelog-init.xml::1511451595465-53::R3.Corda
14:02:20.352 [Test worker] DEBUG liquibase - master.changelog.json: migration/vault-schema.changelog-init.xml::1511451595465-53::R3.Corda: Reading ChangeSet: migration/vault-schema.changelog-init.xml::1511451595465-53::R3.Corda
14:02:20.353 [Test worker] DEBUG liquibase - master.changelog.json: migration/vault-schema.changelog-init.xml::1511451595465-53::R3.Corda: Executing Statement: liquibase.statement.core.CreateIndexStatement@6a6d146a
14:02:20.353 [Test worker] DEBUG liquibase - master.changelog.json: migration/vault-schema.changelog-init.xml::1511451595465-53::R3.Corda: Executing EXECUTE database command: CREATE INDEX PUBLIC.external_id_index ON PUBLIC.vault_linear_states(external_id)
14:02:20.353 [Test worker] INFO liquibase - master.changelog.json: migration/vault-schema.changelog-init.xml::1511451595465-53::R3.Corda: Index external_id_index created
14:02:20.353 [Test worker] INFO liquibase - master.changelog.json: migration/vault-schema.changelog-init.xml::1511451595465-53::R3.Corda: ChangeSet migration/vault-schema.changelog-init.xml::1511451595465-53::R3.Corda ran successfully in 1ms
14:02:20.355 [Test worker] DEBUG liquibase - master.changelog.json: migration/vault-schema.changelog-init.xml::1511451595465-53::R3.Corda: Executing EXECUTE database command: INSERT INTO PUBLIC.DATABASECHANGELOG (ID, AUTHOR, FILENAME, DATEEXECUTED, ORDEREXECUTED, MD5SUM, DESCRIPTION, COMMENTS, EXECTYPE, CONTEXTS, LABELS, LIQUIBASE, DEPLOYMENT_ID) VALUES ('1511451595465-53', 'R3.Corda', 'migration/vault-schema.changelog-init.xml', NOW(), 13, '7:7b0c95c0892fe1aba26a294d843d3c0a', 'createIndex indexName=external_id_index, tableName=vault_linear_states', '', 'EXECUTED', NULL, NULL, '3.5.4', '0860140250')
14:02:20.355 [Test worker] DEBUG liquibase - master.changelog.json: migration/vault-schema.changelog-init.xml::1511451595465-55::R3.Corda: Running Changeset:migration/vault-schema.changelog-init.xml::1511451595465-55::R3.Corda
14:02:20.355 [Test worker] DEBUG liquibase - master.changelog.json: migration/vault-schema.changelog-init.xml::1511451595465-55::R3.Corda: Changeset migration/vault-schema.changelog-init.xml::1511451595465-55::R3.Corda
14:02:20.355 [Test worker] DEBUG liquibase - master.changelog.json: migration/vault-schema.changelog-init.xml::1511451595465-55::R3.Corda: Reading ChangeSet: migration/vault-schema.changelog-init.xml::1511451595465-55::R3.Corda
14:02:20.355 [Test worker] DEBUG liquibase - master.changelog.json: migration/vault-schema.changelog-init.xml::1511451595465-55::R3.Corda: Executing Statement: liquibase.statement.core.CreateIndexStatement@5a1fb259
14:02:20.356 [Test worker] DEBUG liquibase - master.changelog.json: migration/vault-schema.changelog-init.xml::1511451595465-55::R3.Corda: Executing EXECUTE database command: CREATE INDEX PUBLIC.lock_id_idx ON PUBLIC.vault_states(lock_id, state_status)
14:02:20.356 [Test worker] INFO liquibase - master.changelog.json: migration/vault-schema.changelog-init.xml::1511451595465-55::R3.Corda: Index lock_id_idx created
14:02:20.356 [Test worker] INFO liquibase - master.changelog.json: migration/vault-schema.changelog-init.xml::1511451595465-55::R3.Corda: ChangeSet migration/vault-schema.changelog-init.xml::1511451595465-55::R3.Corda ran successfully in 1ms
14:02:20.357 [Test worker] DEBUG liquibase - master.changelog.json: migration/vault-schema.changelog-init.xml::1511451595465-55::R3.Corda: Executing EXECUTE database command: INSERT INTO PUBLIC.DATABASECHANGELOG (ID, AUTHOR, FILENAME, DATEEXECUTED, ORDEREXECUTED, MD5SUM, DESCRIPTION, COMMENTS, EXECTYPE, CONTEXTS, LABELS, LIQUIBASE, DEPLOYMENT_ID) VALUES ('1511451595465-55', 'R3.Corda', 'migration/vault-schema.changelog-init.xml', NOW(), 14, '7:daf1bfa84381a1c8e100c14229a6d860', 'createIndex indexName=lock_id_idx, tableName=vault_states', '', 'EXECUTED', NULL, NULL, '3.5.4', '0860140250')
14:02:20.358 [Test worker] DEBUG liquibase - master.changelog.json: migration/vault-schema.changelog-init.xml::1511451595465-58::R3.Corda: Running Changeset:migration/vault-schema.changelog-init.xml::1511451595465-58::R3.Corda
14:02:20.358 [Test worker] DEBUG liquibase - master.changelog.json: migration/vault-schema.changelog-init.xml::1511451595465-58::R3.Corda: Changeset migration/vault-schema.changelog-init.xml::1511451595465-58::R3.Corda
14:02:20.359 [Test worker] DEBUG liquibase - master.changelog.json: migration/vault-schema.changelog-init.xml::1511451595465-58::R3.Corda: Reading ChangeSet: migration/vault-schema.changelog-init.xml::1511451595465-58::R3.Corda
14:02:20.359 [Test worker] DEBUG liquibase - master.changelog.json: migration/vault-schema.changelog-init.xml::1511451595465-58::R3.Corda: Executing Statement: liquibase.statement.core.CreateIndexStatement@526feb20
14:02:20.359 [Test worker] DEBUG liquibase - master.changelog.json: migration/vault-schema.changelog-init.xml::1511451595465-58::R3.Corda: Executing EXECUTE database command: CREATE INDEX PUBLIC.state_status_idx ON PUBLIC.vault_states(state_status)
14:02:20.359 [Test worker] INFO liquibase - master.changelog.json: migration/vault-schema.changelog-init.xml::1511451595465-58::R3.Corda: Index state_status_idx created
14:02:20.360 [Test worker] INFO liquibase - master.changelog.json: migration/vault-schema.changelog-init.xml::1511451595465-58::R3.Corda: ChangeSet migration/vault-schema.changelog-init.xml::1511451595465-58::R3.Corda ran successfully in 2ms
14:02:20.363 [Test worker] DEBUG liquibase - master.changelog.json: migration/vault-schema.changelog-init.xml::1511451595465-58::R3.Corda: Executing EXECUTE database command: INSERT INTO PUBLIC.DATABASECHANGELOG (ID, AUTHOR, FILENAME, DATEEXECUTED, ORDEREXECUTED, MD5SUM, DESCRIPTION, COMMENTS, EXECTYPE, CONTEXTS, LABELS, LIQUIBASE, DEPLOYMENT_ID) VALUES ('1511451595465-58', 'R3.Corda', 'migration/vault-schema.changelog-init.xml', NOW(), 15, '7:775d3c8a27b7fad84f9894db6bdf3e87', 'createIndex indexName=state_status_idx, tableName=vault_states', '', 'EXECUTED', NULL, NULL, '3.5.4', '0860140250')
14:02:20.364 [Test worker] DEBUG liquibase - master.changelog.json: migration/vault-schema.changelog-init.xml::1511451595465-59::R3.Corda: Running Changeset:migration/vault-schema.changelog-init.xml::1511451595465-59::R3.Corda
14:02:20.364 [Test worker] DEBUG liquibase - master.changelog.json: migration/vault-schema.changelog-init.xml::1511451595465-59::R3.Corda: Changeset migration/vault-schema.changelog-init.xml::1511451595465-59::R3.Corda
14:02:20.364 [Test worker] DEBUG liquibase - master.changelog.json: migration/vault-schema.changelog-init.xml::1511451595465-59::R3.Corda: Reading ChangeSet: migration/vault-schema.changelog-init.xml::1511451595465-59::R3.Corda
14:02:20.364 [Test worker] DEBUG liquibase - master.changelog.json: migration/vault-schema.changelog-init.xml::1511451595465-59::R3.Corda: Executing Statement: liquibase.statement.core.CreateIndexStatement@6075fd2d
14:02:20.364 [Test worker] DEBUG liquibase - master.changelog.json: migration/vault-schema.changelog-init.xml::1511451595465-59::R3.Corda: Executing EXECUTE database command: CREATE INDEX PUBLIC.transaction_id_index ON PUBLIC.vault_transaction_notes(transaction_id)
14:02:20.365 [Test worker] INFO liquibase - master.changelog.json: migration/vault-schema.changelog-init.xml::1511451595465-59::R3.Corda: Index transaction_id_index created
14:02:20.365 [Test worker] INFO liquibase - master.changelog.json: migration/vault-schema.changelog-init.xml::1511451595465-59::R3.Corda: ChangeSet migration/vault-schema.changelog-init.xml::1511451595465-59::R3.Corda ran successfully in 1ms
14:02:20.366 [Test worker] DEBUG liquibase - master.changelog.json: migration/vault-schema.changelog-init.xml::1511451595465-59::R3.Corda: Executing EXECUTE database command: INSERT INTO PUBLIC.DATABASECHANGELOG (ID, AUTHOR, FILENAME, DATEEXECUTED, ORDEREXECUTED, MD5SUM, DESCRIPTION, COMMENTS, EXECTYPE, CONTEXTS, LABELS, LIQUIBASE, DEPLOYMENT_ID) VALUES ('1511451595465-59', 'R3.Corda', 'migration/vault-schema.changelog-init.xml', NOW(), 16, '7:1be2b24f3e4fedc8252c24080b713783', 'createIndex indexName=transaction_id_index, tableName=vault_transaction_notes', '', 'EXECUTED', NULL, NULL, '3.5.4', '0860140250')
14:02:20.367 [Test worker] DEBUG liquibase - master.changelog.json: migration/vault-schema.changelog-init.xml::1511451595465-60::R3.Corda: Running Changeset:migration/vault-schema.changelog-init.xml::1511451595465-60::R3.Corda
14:02:20.367 [Test worker] DEBUG liquibase - master.changelog.json: migration/vault-schema.changelog-init.xml::1511451595465-60::R3.Corda: Changeset migration/vault-schema.changelog-init.xml::1511451595465-60::R3.Corda
14:02:20.367 [Test worker] DEBUG liquibase - master.changelog.json: migration/vault-schema.changelog-init.xml::1511451595465-60::R3.Corda: Reading ChangeSet: migration/vault-schema.changelog-init.xml::1511451595465-60::R3.Corda
14:02:20.367 [Test worker] DEBUG liquibase - master.changelog.json: migration/vault-schema.changelog-init.xml::1511451595465-60::R3.Corda: Executing Statement: liquibase.statement.core.CreateIndexStatement@64f35a29
14:02:20.367 [Test worker] DEBUG liquibase - master.changelog.json: migration/vault-schema.changelog-init.xml::1511451595465-60::R3.Corda: Executing EXECUTE database command: CREATE INDEX PUBLIC.uuid_index ON PUBLIC.vault_linear_states(uuid)
14:02:20.368 [Test worker] INFO liquibase - master.changelog.json: migration/vault-schema.changelog-init.xml::1511451595465-60::R3.Corda: Index uuid_index created
14:02:20.368 [Test worker] INFO liquibase - master.changelog.json: migration/vault-schema.changelog-init.xml::1511451595465-60::R3.Corda: ChangeSet migration/vault-schema.changelog-init.xml::1511451595465-60::R3.Corda ran successfully in 1ms
14:02:20.369 [Test worker] DEBUG liquibase - master.changelog.json: migration/vault-schema.changelog-init.xml::1511451595465-60::R3.Corda: Executing EXECUTE database command: INSERT INTO PUBLIC.DATABASECHANGELOG (ID, AUTHOR, FILENAME, DATEEXECUTED, ORDEREXECUTED, MD5SUM, DESCRIPTION, COMMENTS, EXECTYPE, CONTEXTS, LABELS, LIQUIBASE, DEPLOYMENT_ID) VALUES ('1511451595465-60', 'R3.Corda', 'migration/vault-schema.changelog-init.xml', NOW(), 17, '7:f372f17dd75374bfecfde0e44d7ce36c', 'createIndex indexName=uuid_index, tableName=vault_linear_states', '', 'EXECUTED', NULL, NULL, '3.5.4', '0860140250')
14:02:20.370 [Test worker] DEBUG liquibase - master.changelog.json: migration/vault-schema.changelog-init.xml::1511451595465-64::R3.Corda: Running Changeset:migration/vault-schema.changelog-init.xml::1511451595465-64::R3.Corda
14:02:20.370 [Test worker] DEBUG liquibase - master.changelog.json: migration/vault-schema.changelog-init.xml::1511451595465-64::R3.Corda: Changeset migration/vault-schema.changelog-init.xml::1511451595465-64::R3.Corda
14:02:20.370 [Test worker] DEBUG liquibase - master.changelog.json: migration/vault-schema.changelog-init.xml::1511451595465-64::R3.Corda: Reading ChangeSet: migration/vault-schema.changelog-init.xml::1511451595465-64::R3.Corda
14:02:20.370 [Test worker] DEBUG liquibase - master.changelog.json: migration/vault-schema.changelog-init.xml::1511451595465-64::R3.Corda: Executing Statement: liquibase.statement.core.AddForeignKeyConstraintStatement@2f2396dc
14:02:20.370 [Test worker] DEBUG liquibase - master.changelog.json: migration/vault-schema.changelog-init.xml::1511451595465-64::R3.Corda: Executing EXECUTE database command: ALTER TABLE PUBLIC.vault_fungible_states_parts ADD CONSTRAINT FK__fung_st_parts__fung_st FOREIGN KEY (output_index, transaction_id) REFERENCES PUBLIC.vault_fungible_states (output_index, transaction_id)
14:02:20.372 [Test worker] INFO liquibase - master.changelog.json: migration/vault-schema.changelog-init.xml::1511451595465-64::R3.Corda: Foreign key constraint added to vault_fungible_states_parts (output_index,transaction_id)
14:02:20.372 [Test worker] INFO liquibase - master.changelog.json: migration/vault-schema.changelog-init.xml::1511451595465-64::R3.Corda: ChangeSet migration/vault-schema.changelog-init.xml::1511451595465-64::R3.Corda ran successfully in 2ms
14:02:20.374 [Test worker] DEBUG liquibase - master.changelog.json: migration/vault-schema.changelog-init.xml::1511451595465-64::R3.Corda: Executing EXECUTE database command: INSERT INTO PUBLIC.DATABASECHANGELOG (ID, AUTHOR, FILENAME, DATEEXECUTED, ORDEREXECUTED, MD5SUM, DESCRIPTION, COMMENTS, EXECTYPE, CONTEXTS, LABELS, LIQUIBASE, DEPLOYMENT_ID) VALUES ('1511451595465-64', 'R3.Corda', 'migration/vault-schema.changelog-init.xml', NOW(), 18, '7:3771038da08dbe5dbbbdffac7300198d', 'addForeignKeyConstraint baseTableName=vault_fungible_states_parts, constraintName=FK__fung_st_parts__fung_st, referencedTableName=vault_fungible_states', '', 'EXECUTED', NULL, NULL, '3.5.4', '0860140250')
14:02:20.374 [Test worker] DEBUG liquibase - master.changelog.json: migration/vault-schema.changelog-init.xml::1511451595465-65::R3.Corda: Running Changeset:migration/vault-schema.changelog-init.xml::1511451595465-65::R3.Corda
14:02:20.374 [Test worker] DEBUG liquibase - master.changelog.json: migration/vault-schema.changelog-init.xml::1511451595465-65::R3.Corda: Changeset migration/vault-schema.changelog-init.xml::1511451595465-65::R3.Corda
14:02:20.375 [Test worker] DEBUG liquibase - master.changelog.json: migration/vault-schema.changelog-init.xml::1511451595465-65::R3.Corda: Reading ChangeSet: migration/vault-schema.changelog-init.xml::1511451595465-65::R3.Corda
14:02:20.376 [Test worker] DEBUG liquibase - master.changelog.json: migration/vault-schema.changelog-init.xml::1511451595465-65::R3.Corda: Executing Statement: liquibase.statement.core.AddForeignKeyConstraintStatement@4a9c5aee
14:02:20.376 [Test worker] DEBUG liquibase - master.changelog.json: migration/vault-schema.changelog-init.xml::1511451595465-65::R3.Corda: Executing EXECUTE database command: ALTER TABLE PUBLIC.vault_linear_states_parts ADD CONSTRAINT FK__lin_stat_parts__lin_stat FOREIGN KEY (output_index, transaction_id) REFERENCES PUBLIC.vault_linear_states (output_index, transaction_id)
14:02:20.383 [Test worker] INFO liquibase - master.changelog.json: migration/vault-schema.changelog-init.xml::1511451595465-65::R3.Corda: Foreign key constraint added to vault_linear_states_parts (output_index,transaction_id)
14:02:20.383 [Test worker] INFO liquibase - master.changelog.json: migration/vault-schema.changelog-init.xml::1511451595465-65::R3.Corda: ChangeSet migration/vault-schema.changelog-init.xml::1511451595465-65::R3.Corda ran successfully in 9ms
14:02:20.385 [Test worker] DEBUG liquibase - master.changelog.json: migration/vault-schema.changelog-init.xml::1511451595465-65::R3.Corda: Executing EXECUTE database command: INSERT INTO PUBLIC.DATABASECHANGELOG (ID, AUTHOR, FILENAME, DATEEXECUTED, ORDEREXECUTED, MD5SUM, DESCRIPTION, COMMENTS, EXECTYPE, CONTEXTS, LABELS, LIQUIBASE, DEPLOYMENT_ID) VALUES ('1511451595465-65', 'R3.Corda', 'migration/vault-schema.changelog-init.xml', NOW(), 19, '7:4cccc80aadefc753d80d33d233d426b1', 'addForeignKeyConstraint baseTableName=vault_linear_states_parts, constraintName=FK__lin_stat_parts__lin_stat, referencedTableName=vault_linear_states', '', 'EXECUTED', NULL, NULL, '3.5.4', '0860140250')
14:02:20.387 [Test worker] DEBUG liquibase - master.changelog.json: migration/vault-schema.changelog-v3.xml::clean_vault::R3.Corda: Running Changeset:migration/vault-schema.changelog-v3.xml::clean_vault::R3.Corda
14:02:20.387 [Test worker] DEBUG liquibase - master.changelog.json: migration/vault-schema.changelog-v3.xml::clean_vault::R3.Corda: Changeset migration/vault-schema.changelog-v3.xml::clean_vault::R3.Corda
14:02:20.387 [Test worker] DEBUG liquibase - master.changelog.json: migration/vault-schema.changelog-v3.xml::clean_vault::R3.Corda: Reading ChangeSet: migration/vault-schema.changelog-v3.xml::clean_vault::R3.Corda
14:02:20.387 [Test worker] DEBUG liquibase - master.changelog.json: migration/vault-schema.changelog-v3.xml::clean_vault::R3.Corda: Executing Statement: liquibase.statement.core.DeleteStatement@3d658538
14:02:20.387 [Test worker] DEBUG liquibase - master.changelog.json: migration/vault-schema.changelog-v3.xml::clean_vault::R3.Corda: Executing EXECUTE database command: DELETE FROM PUBLIC.vault_fungible_states_parts
14:02:20.388 [Test worker] INFO liquibase - master.changelog.json: migration/vault-schema.changelog-v3.xml::clean_vault::R3.Corda: Data deleted from vault_fungible_states_parts
14:02:20.388 [Test worker] DEBUG liquibase - master.changelog.json: migration/vault-schema.changelog-v3.xml::clean_vault::R3.Corda: Executing Statement: liquibase.statement.core.DeleteStatement@5ee5f6d6
14:02:20.388 [Test worker] DEBUG liquibase - master.changelog.json: migration/vault-schema.changelog-v3.xml::clean_vault::R3.Corda: Executing EXECUTE database command: DELETE FROM PUBLIC.vault_fungible_states
14:02:20.388 [Test worker] INFO liquibase - master.changelog.json: migration/vault-schema.changelog-v3.xml::clean_vault::R3.Corda: Data deleted from vault_fungible_states
14:02:20.388 [Test worker] DEBUG liquibase - master.changelog.json: migration/vault-schema.changelog-v3.xml::clean_vault::R3.Corda: Executing Statement: liquibase.statement.core.DeleteStatement@305d1831
14:02:20.388 [Test worker] DEBUG liquibase - master.changelog.json: migration/vault-schema.changelog-v3.xml::clean_vault::R3.Corda: Executing EXECUTE database command: DELETE FROM PUBLIC.vault_linear_states_parts
14:02:20.388 [Test worker] INFO liquibase - master.changelog.json: migration/vault-schema.changelog-v3.xml::clean_vault::R3.Corda: Data deleted from vault_linear_states_parts
14:02:20.389 [Test worker] DEBUG liquibase - master.changelog.json: migration/vault-schema.changelog-v3.xml::clean_vault::R3.Corda: Executing Statement: liquibase.statement.core.DeleteStatement@653b9ba3
14:02:20.389 [Test worker] DEBUG liquibase - master.changelog.json: migration/vault-schema.changelog-v3.xml::clean_vault::R3.Corda: Executing EXECUTE database command: DELETE FROM PUBLIC.vault_linear_states
14:02:20.389 [Test worker] INFO liquibase - master.changelog.json: migration/vault-schema.changelog-v3.xml::clean_vault::R3.Corda: Data deleted from vault_linear_states
14:02:20.389 [Test worker] DEBUG liquibase - master.changelog.json: migration/vault-schema.changelog-v3.xml::clean_vault::R3.Corda: Executing Statement: liquibase.statement.core.DeleteStatement@74e68e79
14:02:20.389 [Test worker] DEBUG liquibase - master.changelog.json: migration/vault-schema.changelog-v3.xml::clean_vault::R3.Corda: Executing EXECUTE database command: DELETE FROM PUBLIC.vault_states
14:02:20.389 [Test worker] INFO liquibase - master.changelog.json: migration/vault-schema.changelog-v3.xml::clean_vault::R3.Corda: Data deleted from vault_states
14:02:20.391 [Test worker] DEBUG liquibase - master.changelog.json: migration/vault-schema.changelog-v3.xml::clean_vault::R3.Corda: Executing Statement: liquibase.statement.core.DeleteStatement@5c49575
14:02:20.391 [Test worker] DEBUG liquibase - master.changelog.json: migration/vault-schema.changelog-v3.xml::clean_vault::R3.Corda: Executing EXECUTE database command: DELETE FROM PUBLIC.vault_transaction_notes
14:02:20.392 [Test worker] INFO liquibase - master.changelog.json: migration/vault-schema.changelog-v3.xml::clean_vault::R3.Corda: Data deleted from vault_transaction_notes
14:02:20.392 [Test worker] INFO liquibase - master.changelog.json: migration/vault-schema.changelog-v3.xml::clean_vault::R3.Corda: ChangeSet migration/vault-schema.changelog-v3.xml::clean_vault::R3.Corda ran successfully in 5ms
14:02:20.393 [Test worker] DEBUG liquibase - master.changelog.json: migration/vault-schema.changelog-v3.xml::clean_vault::R3.Corda: Executing EXECUTE database command: INSERT INTO PUBLIC.DATABASECHANGELOG (ID, AUTHOR, FILENAME, DATEEXECUTED, ORDEREXECUTED, MD5SUM, DESCRIPTION, COMMENTS, EXECTYPE, CONTEXTS, LABELS, LIQUIBASE, DEPLOYMENT_ID) VALUES ('clean_vault', 'R3.Corda', 'migration/vault-schema.changelog-v3.xml', NOW(), 20, '7:c16f94cc9c0418c23dfcedd33e85d2d3', 'delete tableName=vault_fungible_states_parts; delete tableName=vault_fungible_states; delete tableName=vault_linear_states_parts; delete tableName=vault_linear_states; delete tableName=vault_states; delete tableName=vault_transaction_notes', '', 'EXECUTED', NULL, NULL, '3.5.4', '0860140250')
14:02:20.394 [Test worker] DEBUG liquibase - master.changelog.json: migration/vault-schema.changelog-v4.xml::nullability::R3.Corda: Running Changeset:migration/vault-schema.changelog-v4.xml::nullability::R3.Corda
14:02:20.394 [Test worker] DEBUG liquibase - master.changelog.json: migration/vault-schema.changelog-v4.xml::nullability::R3.Corda: Changeset migration/vault-schema.changelog-v4.xml::nullability::R3.Corda
14:02:20.394 [Test worker] DEBUG liquibase - master.changelog.json: migration/vault-schema.changelog-v4.xml::nullability::R3.Corda: Reading ChangeSet: migration/vault-schema.changelog-v4.xml::nullability::R3.Corda
14:02:20.394 [Test worker] DEBUG liquibase - master.changelog.json: migration/vault-schema.changelog-v4.xml::nullability::R3.Corda: Executing Statement: liquibase.statement.core.SetNullableStatement@66bcab38
14:02:20.394 [Test worker] DEBUG liquibase - master.changelog.json: migration/vault-schema.changelog-v4.xml::nullability::R3.Corda: Executing EXECUTE database command: ALTER TABLE PUBLIC.vault_fungible_states ALTER COLUMN quantity SET NOT NULL
14:02:20.395 [Test worker] INFO liquibase - master.changelog.json: migration/vault-schema.changelog-v4.xml::nullability::R3.Corda: Null constraint has been added to vault_fungible_states.quantity
14:02:20.396 [Test worker] DEBUG liquibase - master.changelog.json: migration/vault-schema.changelog-v4.xml::nullability::R3.Corda: Executing Statement: liquibase.statement.core.SetNullableStatement@608b8369
14:02:20.396 [Test worker] DEBUG liquibase - master.changelog.json: migration/vault-schema.changelog-v4.xml::nullability::R3.Corda: Executing EXECUTE database command: ALTER TABLE PUBLIC.vault_states ALTER COLUMN contract_state_class_name SET NOT NULL
14:02:20.396 [Test worker] INFO liquibase - master.changelog.json: migration/vault-schema.changelog-v4.xml::nullability::R3.Corda: Null constraint has been added to vault_states.contract_state_class_name
14:02:20.396 [Test worker] DEBUG liquibase - master.changelog.json: migration/vault-schema.changelog-v4.xml::nullability::R3.Corda: Executing Statement: liquibase.statement.core.SetNullableStatement@46f98d4e
14:02:20.398 [Test worker] DEBUG liquibase - master.changelog.json: migration/vault-schema.changelog-v4.xml::nullability::R3.Corda: Executing EXECUTE database command: ALTER TABLE PUBLIC.vault_states ALTER COLUMN notary_name SET NOT NULL
14:02:20.398 [Test worker] INFO liquibase - master.changelog.json: migration/vault-schema.changelog-v4.xml::nullability::R3.Corda: Null constraint has been added to vault_states.notary_name
14:02:20.399 [Test worker] DEBUG liquibase - master.changelog.json: migration/vault-schema.changelog-v4.xml::nullability::R3.Corda: Executing Statement: liquibase.statement.core.SetNullableStatement@5421c990
14:02:20.399 [Test worker] DEBUG liquibase - master.changelog.json: migration/vault-schema.changelog-v4.xml::nullability::R3.Corda: Executing EXECUTE database command: ALTER TABLE PUBLIC.vault_states ALTER COLUMN recorded_timestamp SET NOT NULL
14:02:20.399 [Test worker] INFO liquibase - master.changelog.json: migration/vault-schema.changelog-v4.xml::nullability::R3.Corda: Null constraint has been added to vault_states.recorded_timestamp
14:02:20.399 [Test worker] DEBUG liquibase - master.changelog.json: migration/vault-schema.changelog-v4.xml::nullability::R3.Corda: Executing Statement: liquibase.statement.core.DropIndexStatement@634789c9
14:02:20.400 [Test worker] DEBUG liquibase - master.changelog.json: migration/vault-schema.changelog-v4.xml::nullability::R3.Corda: Executing EXECUTE database command: DROP INDEX PUBLIC.state_status_idx
14:02:20.400 [Test worker] INFO liquibase - master.changelog.json: migration/vault-schema.changelog-v4.xml::nullability::R3.Corda: Index state_status_idx dropped from table vault_states
14:02:20.400 [Test worker] DEBUG liquibase - master.changelog.json: migration/vault-schema.changelog-v4.xml::nullability::R3.Corda: Executing Statement: liquibase.statement.core.DropIndexStatement@3d005eba
14:02:20.400 [Test worker] DEBUG liquibase - master.changelog.json: migration/vault-schema.changelog-v4.xml::nullability::R3.Corda: Executing EXECUTE database command: DROP INDEX PUBLIC.lock_id_idx
14:02:20.400 [Test worker] INFO liquibase - master.changelog.json: migration/vault-schema.changelog-v4.xml::nullability::R3.Corda: Index lock_id_idx dropped from table vault_states
14:02:20.400 [Test worker] DEBUG liquibase - master.changelog.json: migration/vault-schema.changelog-v4.xml::nullability::R3.Corda: Executing Statement: liquibase.statement.core.SetNullableStatement@7cc46bc3
14:02:20.401 [Test worker] DEBUG liquibase - master.changelog.json: migration/vault-schema.changelog-v4.xml::nullability::R3.Corda: Executing EXECUTE database command: ALTER TABLE PUBLIC.vault_states ALTER COLUMN state_status SET NOT NULL
14:02:20.401 [Test worker] INFO liquibase - master.changelog.json: migration/vault-schema.changelog-v4.xml::nullability::R3.Corda: Null constraint has been added to vault_states.state_status
14:02:20.401 [Test worker] DEBUG liquibase - master.changelog.json: migration/vault-schema.changelog-v4.xml::nullability::R3.Corda: Executing Statement: liquibase.statement.core.CreateIndexStatement@1fd15637
14:02:20.404 [Test worker] DEBUG liquibase - master.changelog.json: migration/vault-schema.changelog-v4.xml::nullability::R3.Corda: Executing EXECUTE database command: CREATE INDEX PUBLIC.state_status_idx ON PUBLIC.vault_states(state_status)
14:02:20.405 [Test worker] INFO liquibase - master.changelog.json: migration/vault-schema.changelog-v4.xml::nullability::R3.Corda: Index state_status_idx created
14:02:20.406 [Test worker] DEBUG liquibase - master.changelog.json: migration/vault-schema.changelog-v4.xml::nullability::R3.Corda: Executing Statement: liquibase.statement.core.CreateIndexStatement@2948858b
14:02:20.406 [Test worker] DEBUG liquibase - master.changelog.json: migration/vault-schema.changelog-v4.xml::nullability::R3.Corda: Executing EXECUTE database command: CREATE INDEX PUBLIC.lock_id_idx ON PUBLIC.vault_states(lock_id, state_status)
14:02:20.406 [Test worker] INFO liquibase - master.changelog.json: migration/vault-schema.changelog-v4.xml::nullability::R3.Corda: Index lock_id_idx created
14:02:20.406 [Test worker] DEBUG liquibase - master.changelog.json: migration/vault-schema.changelog-v4.xml::nullability::R3.Corda: Executing Statement: liquibase.statement.core.DropIndexStatement@760d6912
14:02:20.406 [Test worker] DEBUG liquibase - master.changelog.json: migration/vault-schema.changelog-v4.xml::nullability::R3.Corda: Executing EXECUTE database command: DROP INDEX PUBLIC.transaction_id_index
14:02:20.407 [Test worker] INFO liquibase - master.changelog.json: migration/vault-schema.changelog-v4.xml::nullability::R3.Corda: Index transaction_id_index dropped from table vault_transaction_notes
14:02:20.407 [Test worker] DEBUG liquibase - master.changelog.json: migration/vault-schema.changelog-v4.xml::nullability::R3.Corda: Executing Statement: liquibase.statement.core.SetNullableStatement@1ad202c7
14:02:20.407 [Test worker] DEBUG liquibase - master.changelog.json: migration/vault-schema.changelog-v4.xml::nullability::R3.Corda: Executing EXECUTE database command: ALTER TABLE PUBLIC.vault_transaction_notes ALTER COLUMN note SET NOT NULL
14:02:20.408 [Test worker] INFO liquibase - master.changelog.json: migration/vault-schema.changelog-v4.xml::nullability::R3.Corda: Null constraint has been added to vault_transaction_notes.note
14:02:20.408 [Test worker] DEBUG liquibase - master.changelog.json: migration/vault-schema.changelog-v4.xml::nullability::R3.Corda: Executing Statement: liquibase.statement.core.SetNullableStatement@6a030adb
14:02:20.408 [Test worker] DEBUG liquibase - master.changelog.json: migration/vault-schema.changelog-v4.xml::nullability::R3.Corda: Executing EXECUTE database command: ALTER TABLE PUBLIC.vault_transaction_notes ALTER COLUMN transaction_id SET NOT NULL
14:02:20.408 [Test worker] INFO liquibase - master.changelog.json: migration/vault-schema.changelog-v4.xml::nullability::R3.Corda: Null constraint has been added to vault_transaction_notes.transaction_id
14:02:20.408 [Test worker] DEBUG liquibase - master.changelog.json: migration/vault-schema.changelog-v4.xml::nullability::R3.Corda: Executing Statement: liquibase.statement.core.CreateIndexStatement@5336677e
14:02:20.409 [Test worker] DEBUG liquibase - master.changelog.json: migration/vault-schema.changelog-v4.xml::nullability::R3.Corda: Executing EXECUTE database command: CREATE INDEX PUBLIC.transaction_id_index ON PUBLIC.vault_transaction_notes(transaction_id)
14:02:20.409 [Test worker] INFO liquibase - master.changelog.json: migration/vault-schema.changelog-v4.xml::nullability::R3.Corda: Index transaction_id_index created
14:02:20.409 [Test worker] INFO liquibase - master.changelog.json: migration/vault-schema.changelog-v4.xml::nullability::R3.Corda: ChangeSet migration/vault-schema.changelog-v4.xml::nullability::R3.Corda ran successfully in 15ms
14:02:20.412 [Test worker] DEBUG liquibase - master.changelog.json: migration/vault-schema.changelog-v4.xml::nullability::R3.Corda: Executing EXECUTE database command: INSERT INTO PUBLIC.DATABASECHANGELOG (ID, AUTHOR, FILENAME, DATEEXECUTED, ORDEREXECUTED, MD5SUM, DESCRIPTION, COMMENTS, EXECTYPE, CONTEXTS, LABELS, LIQUIBASE, DEPLOYMENT_ID) VALUES ('nullability', 'R3.Corda', 'migration/vault-schema.changelog-v4.xml', NOW(), 21, '7:59450415a9a86b5b55d9f9347b383e6a', 'addNotNullConstraint columnName=quantity, tableName=vault_fungible_states; addNotNullConstraint columnName=contract_state_class_name, tableName=vault_states; addNotNullConstraint columnName=notary_name, tableName=vault_states; addNotNullConstraint...', '', 'EXECUTED', NULL, NULL, '3.5.4', '0860140250')
14:02:20.413 [Test worker] DEBUG liquibase - master.changelog.json: migration/vault-schema.changelog-pkey.xml::non-clustered_pk-11::R3.Corda: Running Changeset:migration/vault-schema.changelog-pkey.xml::non-clustered_pk-11::R3.Corda
14:02:20.415 [Test worker] DEBUG liquibase - master.changelog.json: migration/vault-schema.changelog-pkey.xml::non-clustered_pk-11::R3.Corda: Executing EXECUTE database command: INSERT INTO PUBLIC.DATABASECHANGELOG (ID, AUTHOR, FILENAME, DATEEXECUTED, ORDEREXECUTED, MD5SUM, DESCRIPTION, COMMENTS, EXECTYPE, CONTEXTS, LABELS, LIQUIBASE, DEPLOYMENT_ID) VALUES ('non-clustered_pk-11', 'R3.Corda', 'migration/vault-schema.changelog-pkey.xml', NOW(), 22, '7:c88a8494afc1f2507131e709b3ec4f1e', 'dropForeignKeyConstraint baseTableName=vault_fungible_states_parts, constraintName=FK__fung_st_parts__fung_st; dropPrimaryKey constraintName=vault_fungible_states_pkey, tableName=vault_fungible_states; addPrimaryKey constraintName=vault_fungible_s...', '', 'MARK_RAN', NULL, NULL, '3.5.4', '0860140250')
14:02:20.416 [Test worker] DEBUG liquibase - master.changelog.json: migration/vault-schema.changelog-pkey.xml::non-clustered_pk-12::R3.Corda: Running Changeset:migration/vault-schema.changelog-pkey.xml::non-clustered_pk-12::R3.Corda
14:02:20.419 [Test worker] DEBUG liquibase - master.changelog.json: migration/vault-schema.changelog-pkey.xml::non-clustered_pk-12::R3.Corda: Executing EXECUTE database command: INSERT INTO PUBLIC.DATABASECHANGELOG (ID, AUTHOR, FILENAME, DATEEXECUTED, ORDEREXECUTED, MD5SUM, DESCRIPTION, COMMENTS, EXECTYPE, CONTEXTS, LABELS, LIQUIBASE, DEPLOYMENT_ID) VALUES ('non-clustered_pk-12', 'R3.Corda', 'migration/vault-schema.changelog-pkey.xml', NOW(), 23, '7:5569de8454d891688bbb7510f634782f', 'dropForeignKeyConstraint baseTableName=vault_linear_states_parts, constraintName=FK__lin_stat_parts__lin_stat; dropPrimaryKey constraintName=vault_linear_states_pkey, tableName=vault_linear_states; addPrimaryKey constraintName=vault_linear_states_...', '', 'MARK_RAN', NULL, NULL, '3.5.4', '0860140250')
14:02:20.422 [Test worker] DEBUG liquibase - master.changelog.json: migration/vault-schema.changelog-pkey.xml::non-clustered_pk-13::R3.Corda: Running Changeset:migration/vault-schema.changelog-pkey.xml::non-clustered_pk-13::R3.Corda
14:02:20.423 [Test worker] DEBUG liquibase - master.changelog.json: migration/vault-schema.changelog-pkey.xml::non-clustered_pk-13::R3.Corda: Executing EXECUTE database command: INSERT INTO PUBLIC.DATABASECHANGELOG (ID, AUTHOR, FILENAME, DATEEXECUTED, ORDEREXECUTED, MD5SUM, DESCRIPTION, COMMENTS, EXECTYPE, CONTEXTS, LABELS, LIQUIBASE, DEPLOYMENT_ID) VALUES ('non-clustered_pk-13', 'R3.Corda', 'migration/vault-schema.changelog-pkey.xml', NOW(), 24, '7:c786c529ecdaa33f87d3fc9ed88111f4', 'dropPrimaryKey constraintName=vault_states_pkey, tableName=vault_states; addPrimaryKey constraintName=vault_states_pkey, tableName=vault_states', '', 'MARK_RAN', NULL, NULL, '3.5.4', '0860140250')
14:02:20.423 [Test worker] DEBUG liquibase - master.changelog.json: migration/vault-schema.changelog-v5.xml::add_relevancy_status_column::R3.Corda: Running Changeset:migration/vault-schema.changelog-v5.xml::add_relevancy_status_column::R3.Corda
14:02:20.423 [Test worker] DEBUG liquibase - master.changelog.json: migration/vault-schema.changelog-v5.xml::add_relevancy_status_column::R3.Corda: Changeset migration/vault-schema.changelog-v5.xml::add_relevancy_status_column::R3.Corda
14:02:20.424 [Test worker] DEBUG liquibase - master.changelog.json: migration/vault-schema.changelog-v5.xml::add_relevancy_status_column::R3.Corda: Reading ChangeSet: migration/vault-schema.changelog-v5.xml::add_relevancy_status_column::R3.Corda
14:02:20.424 [Test worker] DEBUG liquibase - master.changelog.json: migration/vault-schema.changelog-v5.xml::add_relevancy_status_column::R3.Corda: Executing Statement: liquibase.statement.core.AddColumnStatement@357ed90d
14:02:20.424 [Test worker] DEBUG liquibase - master.changelog.json: migration/vault-schema.changelog-v5.xml::add_relevancy_status_column::R3.Corda: Executing EXECUTE database command: ALTER TABLE PUBLIC.vault_states ADD relevancy_status INT
14:02:20.430 [Test worker] INFO liquibase - master.changelog.json: migration/vault-schema.changelog-v5.xml::add_relevancy_status_column::R3.Corda: Columns relevancy_status(INT) added to vault_states
14:02:20.430 [Test worker] DEBUG liquibase - master.changelog.json: migration/vault-schema.changelog-v5.xml::add_relevancy_status_column::R3.Corda: Executing Statement: liquibase.statement.core.UpdateStatement@af07f36
14:02:20.430 [Test worker] DEBUG liquibase - master.changelog.json: migration/vault-schema.changelog-v5.xml::add_relevancy_status_column::R3.Corda: Executing EXECUTE database command: UPDATE PUBLIC.vault_states SET relevancy_status = 0
14:02:20.430 [Test worker] INFO liquibase - master.changelog.json: migration/vault-schema.changelog-v5.xml::add_relevancy_status_column::R3.Corda: Data updated in vault_states
14:02:20.430 [Test worker] DEBUG liquibase - master.changelog.json: migration/vault-schema.changelog-v5.xml::add_relevancy_status_column::R3.Corda: Executing Statement: liquibase.statement.core.SetNullableStatement@fcfcc69
14:02:20.430 [Test worker] DEBUG liquibase - master.changelog.json: migration/vault-schema.changelog-v5.xml::add_relevancy_status_column::R3.Corda: Executing EXECUTE database command: ALTER TABLE PUBLIC.vault_states ALTER COLUMN relevancy_status SET NOT NULL
14:02:20.431 [Test worker] INFO liquibase - master.changelog.json: migration/vault-schema.changelog-v5.xml::add_relevancy_status_column::R3.Corda: Null constraint has been added to vault_states.relevancy_status
14:02:20.431 [Test worker] INFO liquibase - master.changelog.json: migration/vault-schema.changelog-v5.xml::add_relevancy_status_column::R3.Corda: ChangeSet migration/vault-schema.changelog-v5.xml::add_relevancy_status_column::R3.Corda ran successfully in 8ms
14:02:20.433 [Test worker] DEBUG liquibase - master.changelog.json: migration/vault-schema.changelog-v5.xml::add_relevancy_status_column::R3.Corda: Executing EXECUTE database command: INSERT INTO PUBLIC.DATABASECHANGELOG (ID, AUTHOR, FILENAME, DATEEXECUTED, ORDEREXECUTED, MD5SUM, DESCRIPTION, COMMENTS, EXECTYPE, CONTEXTS, LABELS, LIQUIBASE, DEPLOYMENT_ID) VALUES ('add_relevancy_status_column', 'R3.Corda', 'migration/vault-schema.changelog-v5.xml', NOW(), 25, '7:bd7c3258179f34f231f6ae51e3313fc4', 'addColumn tableName=vault_states; update tableName=vault_states; addNotNullConstraint columnName=relevancy_status, tableName=vault_states', '', 'EXECUTED', NULL, NULL, '3.5.4', '0860140250')
14:02:20.435 [Test worker] DEBUG liquibase - master.changelog.json: migration/vault-schema.changelog-v6.xml::add_is_constraint_information_columns::R3.Corda: Running Changeset:migration/vault-schema.changelog-v6.xml::add_is_constraint_information_columns::R3.Corda
14:02:20.435 [Test worker] DEBUG liquibase - master.changelog.json: migration/vault-schema.changelog-v6.xml::add_is_constraint_information_columns::R3.Corda: Changeset migration/vault-schema.changelog-v6.xml::add_is_constraint_information_columns::R3.Corda
14:02:20.435 [Test worker] DEBUG liquibase - master.changelog.json: migration/vault-schema.changelog-v6.xml::add_is_constraint_information_columns::R3.Corda: Reading ChangeSet: migration/vault-schema.changelog-v6.xml::add_is_constraint_information_columns::R3.Corda
14:02:20.435 [Test worker] DEBUG liquibase - master.changelog.json: migration/vault-schema.changelog-v6.xml::add_is_constraint_information_columns::R3.Corda: Executing Statement: liquibase.statement.core.AddColumnStatement@3a0c1b61
14:02:20.435 [Test worker] DEBUG liquibase - master.changelog.json: migration/vault-schema.changelog-v6.xml::add_is_constraint_information_columns::R3.Corda: Executing EXECUTE database command: ALTER TABLE PUBLIC.vault_states ADD constraint_type INT DEFAULT '0' NOT NULL
14:02:20.439 [Test worker] INFO liquibase - master.changelog.json: migration/vault-schema.changelog-v6.xml::add_is_constraint_information_columns::R3.Corda: Columns constraint_type(INT) added to vault_states
14:02:20.440 [Test worker] DEBUG liquibase - master.changelog.json: migration/vault-schema.changelog-v6.xml::add_is_constraint_information_columns::R3.Corda: Executing Statement: liquibase.statement.core.AddColumnStatement@59d53780
14:02:20.440 [Test worker] DEBUG liquibase - master.changelog.json: migration/vault-schema.changelog-v6.xml::add_is_constraint_information_columns::R3.Corda: Executing EXECUTE database command: ALTER TABLE PUBLIC.vault_states ADD constraint_data VARBINARY(563)
14:02:20.443 [Test worker] INFO liquibase - master.changelog.json: migration/vault-schema.changelog-v6.xml::add_is_constraint_information_columns::R3.Corda: Columns constraint_data(varbinary(563)) added to vault_states
14:02:20.443 [Test worker] INFO liquibase - master.changelog.json: migration/vault-schema.changelog-v6.xml::add_is_constraint_information_columns::R3.Corda: ChangeSet migration/vault-schema.changelog-v6.xml::add_is_constraint_information_columns::R3.Corda ran successfully in 8ms
14:02:20.445 [Test worker] DEBUG liquibase - master.changelog.json: migration/vault-schema.changelog-v6.xml::add_is_constraint_information_columns::R3.Corda: Executing EXECUTE database command: INSERT INTO PUBLIC.DATABASECHANGELOG (ID, AUTHOR, FILENAME, DATEEXECUTED, ORDEREXECUTED, MD5SUM, DESCRIPTION, COMMENTS, EXECTYPE, CONTEXTS, LABELS, LIQUIBASE, DEPLOYMENT_ID) VALUES ('add_is_constraint_information_columns', 'R3.Corda', 'migration/vault-schema.changelog-v6.xml', NOW(), 26, '7:7d7cf7015d299a7fefb6e81aa563e208', 'addColumn tableName=vault_states; addColumn tableName=vault_states', '', 'EXECUTED', NULL, NULL, '3.5.4', '0860140250')
14:02:20.445 [Test worker] DEBUG liquibase - master.changelog.json: migration/vault-schema.changelog-v7.xml::make_issuer_ref_nullable::R3.Corda: Running Changeset:migration/vault-schema.changelog-v7.xml::make_issuer_ref_nullable::R3.Corda
14:02:20.445 [Test worker] DEBUG liquibase - master.changelog.json: migration/vault-schema.changelog-v7.xml::make_issuer_ref_nullable::R3.Corda: Changeset migration/vault-schema.changelog-v7.xml::make_issuer_ref_nullable::R3.Corda
14:02:20.445 [Test worker] DEBUG liquibase - master.changelog.json: migration/vault-schema.changelog-v7.xml::make_issuer_ref_nullable::R3.Corda: Reading ChangeSet: migration/vault-schema.changelog-v7.xml::make_issuer_ref_nullable::R3.Corda
14:02:20.445 [Test worker] DEBUG liquibase - master.changelog.json: migration/vault-schema.changelog-v7.xml::make_issuer_ref_nullable::R3.Corda: Executing Statement: liquibase.statement.core.SetNullableStatement@50f75cb9
14:02:20.445 [Test worker] DEBUG liquibase - master.changelog.json: migration/vault-schema.changelog-v7.xml::make_issuer_ref_nullable::R3.Corda: Executing EXECUTE database command: ALTER TABLE PUBLIC.vault_fungible_states ALTER COLUMN issuer_ref SET NULL
14:02:20.446 [Test worker] INFO liquibase - master.changelog.json: migration/vault-schema.changelog-v7.xml::make_issuer_ref_nullable::R3.Corda: Null constraint dropped from vault_fungible_states.issuer_ref
14:02:20.446 [Test worker] INFO liquibase - master.changelog.json: migration/vault-schema.changelog-v7.xml::make_issuer_ref_nullable::R3.Corda: ChangeSet migration/vault-schema.changelog-v7.xml::make_issuer_ref_nullable::R3.Corda ran successfully in 1ms
14:02:20.447 [Test worker] DEBUG liquibase - master.changelog.json: migration/vault-schema.changelog-v7.xml::make_issuer_ref_nullable::R3.Corda: Executing EXECUTE database command: INSERT INTO PUBLIC.DATABASECHANGELOG (ID, AUTHOR, FILENAME, DATEEXECUTED, ORDEREXECUTED, MD5SUM, DESCRIPTION, COMMENTS, EXECTYPE, CONTEXTS, LABELS, LIQUIBASE, DEPLOYMENT_ID) VALUES ('make_issuer_ref_nullable', 'R3.Corda', 'migration/vault-schema.changelog-v7.xml', NOW(), 27, '7:016e083b176a76fc50d74e3fe07ca1cb', 'dropNotNullConstraint columnName=issuer_ref, tableName=vault_fungible_states', '', 'EXECUTED', NULL, NULL, '3.5.4', '0860140250')
14:02:20.447 [Test worker] DEBUG liquibase - master.changelog.json: migration/vault-schema.changelog-v8.xml::create-external-id-to-state-party-view::R3.Corda: Running Changeset:migration/vault-schema.changelog-v8.xml::create-external-id-to-state-party-view::R3.Corda
14:02:20.448 [Test worker] DEBUG liquibase - master.changelog.json: migration/vault-schema.changelog-v8.xml::create-external-id-to-state-party-view::R3.Corda: Changeset migration/vault-schema.changelog-v8.xml::create-external-id-to-state-party-view::R3.Corda
14:02:20.448 [Test worker] DEBUG liquibase - master.changelog.json: migration/vault-schema.changelog-v8.xml::create-external-id-to-state-party-view::R3.Corda: Reading ChangeSet: migration/vault-schema.changelog-v8.xml::create-external-id-to-state-party-view::R3.Corda
14:02:20.448 [Test worker] DEBUG liquibase - master.changelog.json: migration/vault-schema.changelog-v8.xml::create-external-id-to-state-party-view::R3.Corda: Executing Statement: liquibase.statement.core.CreateTableStatement@1ad244d8
14:02:20.448 [Test worker] DEBUG liquibase - master.changelog.json: migration/vault-schema.changelog-v8.xml::create-external-id-to-state-party-view::R3.Corda: Executing EXECUTE database command: CREATE TABLE PUBLIC.state_party (output_index INT, transaction_id NVARCHAR(64), public_key_hash NVARCHAR(255) NOT NULL, x500_name NVARCHAR(255))
14:02:20.448 [Test worker] INFO liquibase - master.changelog.json: migration/vault-schema.changelog-v8.xml::create-external-id-to-state-party-view::R3.Corda: Table state_party created
14:02:20.448 [Test worker] DEBUG liquibase - master.changelog.json: migration/vault-schema.changelog-v8.xml::create-external-id-to-state-party-view::R3.Corda: Executing Statement: liquibase.statement.core.CreateIndexStatement@76a9cf4a
14:02:20.449 [Test worker] DEBUG liquibase - master.changelog.json: migration/vault-schema.changelog-v8.xml::create-external-id-to-state-party-view::R3.Corda: Executing EXECUTE database command: CREATE INDEX PUBLIC.state_pk_hash_idx ON PUBLIC.state_party(public_key_hash)
14:02:20.449 [Test worker] INFO liquibase - master.changelog.json: migration/vault-schema.changelog-v8.xml::create-external-id-to-state-party-view::R3.Corda: Index state_pk_hash_idx created
14:02:20.449 [Test worker] DEBUG liquibase - master.changelog.json: migration/vault-schema.changelog-v8.xml::create-external-id-to-state-party-view::R3.Corda: Executing Statement: liquibase.statement.core.CreateTableStatement@71412357
14:02:20.450 [Test worker] DEBUG liquibase - master.changelog.json: migration/vault-schema.changelog-v8.xml::create-external-id-to-state-party-view::R3.Corda: Executing EXECUTE database command: CREATE TABLE PUBLIC.pk_hash_to_ext_id_map (id BIGINT NOT NULL, external_id VARCHAR(255) NOT NULL, public_key_hash NVARCHAR(255) NOT NULL)
14:02:20.450 [Test worker] INFO liquibase - master.changelog.json: migration/vault-schema.changelog-v8.xml::create-external-id-to-state-party-view::R3.Corda: Table pk_hash_to_ext_id_map created
14:02:20.450 [Test worker] DEBUG liquibase - master.changelog.json: migration/vault-schema.changelog-v8.xml::create-external-id-to-state-party-view::R3.Corda: Executing Statement: liquibase.statement.core.CreateIndexStatement@1700630d
14:02:20.450 [Test worker] DEBUG liquibase - master.changelog.json: migration/vault-schema.changelog-v8.xml::create-external-id-to-state-party-view::R3.Corda: Executing EXECUTE database command: CREATE INDEX PUBLIC.pk_hash_to_xid_idx ON PUBLIC.pk_hash_to_ext_id_map(public_key_hash)
14:02:20.450 [Test worker] INFO liquibase - master.changelog.json: migration/vault-schema.changelog-v8.xml::create-external-id-to-state-party-view::R3.Corda: Index pk_hash_to_xid_idx created
14:02:20.450 [Test worker] DEBUG liquibase - master.changelog.json: migration/vault-schema.changelog-v8.xml::create-external-id-to-state-party-view::R3.Corda: Executing Statement: liquibase.statement.core.CreateViewStatement@2f6b2d38
14:02:20.452 [Test worker] DEBUG liquibase - master.changelog.json: migration/vault-schema.changelog-v8.xml::create-external-id-to-state-party-view::R3.Corda: Executing EXECUTE database command: CREATE VIEW PUBLIC.v_pkey_hash_ex_id_map AS select
                state_party.public_key_hash,
                state_party.transaction_id,
                state_party.output_index,
                pk_hash_to_ext_id_map.external_id
            from state_party
            join pk_hash_to_ext_id_map
            on state_party.public_key_hash = pk_hash_to_ext_id_map.public_key_hash
14:02:20.453 [Test worker] INFO liquibase - master.changelog.json: migration/vault-schema.changelog-v8.xml::create-external-id-to-state-party-view::R3.Corda: View v_pkey_hash_ex_id_map created
14:02:20.453 [Test worker] INFO liquibase - master.changelog.json: migration/vault-schema.changelog-v8.xml::create-external-id-to-state-party-view::R3.Corda: ChangeSet migration/vault-schema.changelog-v8.xml::create-external-id-to-state-party-view::R3.Corda ran successfully in 6ms
14:02:20.454 [Test worker] DEBUG liquibase - master.changelog.json: migration/vault-schema.changelog-v8.xml::create-external-id-to-state-party-view::R3.Corda: Executing EXECUTE database command: INSERT INTO PUBLIC.DATABASECHANGELOG (ID, AUTHOR, FILENAME, DATEEXECUTED, ORDEREXECUTED, MD5SUM, DESCRIPTION, COMMENTS, EXECTYPE, CONTEXTS, LABELS, LIQUIBASE, DEPLOYMENT_ID) VALUES ('create-external-id-to-state-party-view', 'R3.Corda', 'migration/vault-schema.changelog-v8.xml', NOW(), 28, '7:68a2e794e4726e4e40b28753c7a64413', 'createTable tableName=state_party; createIndex indexName=state_pk_hash_idx, tableName=state_party; createTable tableName=pk_hash_to_ext_id_map; createIndex indexName=pk_hash_to_xid_idx, tableName=pk_hash_to_ext_id_map; createView viewName=v_pkey_h...', '', 'EXECUTED', NULL, NULL, '3.5.4', '0860140250')
14:02:20.455 [Test worker] DEBUG liquibase - master.changelog.json: migration/node-info.changelog-init.xml::1511451595465-4::R3.Corda: Running Changeset:migration/node-info.changelog-init.xml::1511451595465-4::R3.Corda
14:02:20.455 [Test worker] DEBUG liquibase - master.changelog.json: migration/node-info.changelog-init.xml::1511451595465-4::R3.Corda: Changeset migration/node-info.changelog-init.xml::1511451595465-4::R3.Corda
14:02:20.455 [Test worker] DEBUG liquibase - master.changelog.json: migration/node-info.changelog-init.xml::1511451595465-4::R3.Corda: Reading ChangeSet: migration/node-info.changelog-init.xml::1511451595465-4::R3.Corda
14:02:20.455 [Test worker] DEBUG liquibase - master.changelog.json: migration/node-info.changelog-init.xml::1511451595465-4::R3.Corda: Executing Statement: liquibase.statement.core.CreateTableStatement@58c869d2
14:02:20.455 [Test worker] DEBUG liquibase - master.changelog.json: migration/node-info.changelog-init.xml::1511451595465-4::R3.Corda: Executing EXECUTE database command: CREATE TABLE PUBLIC.node_link_nodeinfo_party (node_info_id INT NOT NULL, party_name NVARCHAR(255) NOT NULL)
14:02:20.455 [Test worker] INFO liquibase - master.changelog.json: migration/node-info.changelog-init.xml::1511451595465-4::R3.Corda: Table node_link_nodeinfo_party created
14:02:20.455 [Test worker] INFO liquibase - master.changelog.json: migration/node-info.changelog-init.xml::1511451595465-4::R3.Corda: ChangeSet migration/node-info.changelog-init.xml::1511451595465-4::R3.Corda ran successfully in 0ms
14:02:20.456 [Test worker] DEBUG liquibase - master.changelog.json: migration/node-info.changelog-init.xml::1511451595465-4::R3.Corda: Executing EXECUTE database command: INSERT INTO PUBLIC.DATABASECHANGELOG (ID, AUTHOR, FILENAME, DATEEXECUTED, ORDEREXECUTED, MD5SUM, DESCRIPTION, COMMENTS, EXECTYPE, CONTEXTS, LABELS, LIQUIBASE, DEPLOYMENT_ID) VALUES ('1511451595465-4', 'R3.Corda', 'migration/node-info.changelog-init.xml', NOW(), 29, '7:86561ccea3a7fbbdb311d455076c98a8', 'createTable tableName=node_link_nodeinfo_party', '', 'EXECUTED', NULL, NULL, '3.5.4', '0860140250')
14:02:20.457 [Test worker] DEBUG liquibase - master.changelog.json: migration/node-info.changelog-init.xml::1511451595465-10::R3.Corda: Running Changeset:migration/node-info.changelog-init.xml::1511451595465-10::R3.Corda
14:02:20.457 [Test worker] DEBUG liquibase - master.changelog.json: migration/node-info.changelog-init.xml::1511451595465-10::R3.Corda: Changeset migration/node-info.changelog-init.xml::1511451595465-10::R3.Corda
14:02:20.457 [Test worker] DEBUG liquibase - master.changelog.json: migration/node-info.changelog-init.xml::1511451595465-10::R3.Corda: Reading ChangeSet: migration/node-info.changelog-init.xml::1511451595465-10::R3.Corda
14:02:20.457 [Test worker] DEBUG liquibase - master.changelog.json: migration/node-info.changelog-init.xml::1511451595465-10::R3.Corda: Executing Statement: liquibase.statement.core.CreateTableStatement@72234bfb
14:02:20.457 [Test worker] DEBUG liquibase - master.changelog.json: migration/node-info.changelog-init.xml::1511451595465-10::R3.Corda: Executing EXECUTE database command: CREATE TABLE PUBLIC.node_info_hosts (host NVARCHAR(255) NOT NULL, port INT NOT NULL, node_info_id INT)
14:02:20.457 [Test worker] INFO liquibase - master.changelog.json: migration/node-info.changelog-init.xml::1511451595465-10::R3.Corda: Table node_info_hosts created
14:02:20.457 [Test worker] INFO liquibase - master.changelog.json: migration/node-info.changelog-init.xml::1511451595465-10::R3.Corda: ChangeSet migration/node-info.changelog-init.xml::1511451595465-10::R3.Corda ran successfully in 0ms
14:02:20.458 [Test worker] DEBUG liquibase - master.changelog.json: migration/node-info.changelog-init.xml::1511451595465-10::R3.Corda: Executing EXECUTE database command: INSERT INTO PUBLIC.DATABASECHANGELOG (ID, AUTHOR, FILENAME, DATEEXECUTED, ORDEREXECUTED, MD5SUM, DESCRIPTION, COMMENTS, EXECTYPE, CONTEXTS, LABELS, LIQUIBASE, DEPLOYMENT_ID) VALUES ('1511451595465-10', 'R3.Corda', 'migration/node-info.changelog-init.xml', NOW(), 30, '7:86dcf13717e5dbc4c623523618380bdd', 'createTable tableName=node_info_hosts', '', 'EXECUTED', NULL, NULL, '3.5.4', '0860140250')
14:02:20.459 [Test worker] DEBUG liquibase - master.changelog.json: migration/node-info.changelog-init.xml::1511451595465-11::R3.Corda: Running Changeset:migration/node-info.changelog-init.xml::1511451595465-11::R3.Corda
14:02:20.459 [Test worker] DEBUG liquibase - master.changelog.json: migration/node-info.changelog-init.xml::1511451595465-11::R3.Corda: Changeset migration/node-info.changelog-init.xml::1511451595465-11::R3.Corda
14:02:20.459 [Test worker] DEBUG liquibase - master.changelog.json: migration/node-info.changelog-init.xml::1511451595465-11::R3.Corda: Reading ChangeSet: migration/node-info.changelog-init.xml::1511451595465-11::R3.Corda
14:02:20.459 [Test worker] DEBUG liquibase - master.changelog.json: migration/node-info.changelog-init.xml::1511451595465-11::R3.Corda: Executing Statement: liquibase.statement.core.CreateTableStatement@5e3c1794
14:02:20.459 [Test worker] DEBUG liquibase - master.changelog.json: migration/node-info.changelog-init.xml::1511451595465-11::R3.Corda: Executing EXECUTE database command: CREATE TABLE PUBLIC.node_info_party_cert (party_name NVARCHAR(255) NOT NULL, ismain BOOLEAN NOT NULL, owning_key_hash NVARCHAR(130), party_cert_binary BLOB)
14:02:20.460 [Test worker] INFO liquibase - master.changelog.json: migration/node-info.changelog-init.xml::1511451595465-11::R3.Corda: Table node_info_party_cert created
14:02:20.460 [Test worker] INFO liquibase - master.changelog.json: migration/node-info.changelog-init.xml::1511451595465-11::R3.Corda: ChangeSet migration/node-info.changelog-init.xml::1511451595465-11::R3.Corda ran successfully in 1ms
14:02:20.461 [Test worker] DEBUG liquibase - master.changelog.json: migration/node-info.changelog-init.xml::1511451595465-11::R3.Corda: Executing EXECUTE database command: INSERT INTO PUBLIC.DATABASECHANGELOG (ID, AUTHOR, FILENAME, DATEEXECUTED, ORDEREXECUTED, MD5SUM, DESCRIPTION, COMMENTS, EXECTYPE, CONTEXTS, LABELS, LIQUIBASE, DEPLOYMENT_ID) VALUES ('1511451595465-11', 'R3.Corda', 'migration/node-info.changelog-init.xml', NOW(), 31, '7:ddf2ea133beca979abcb7e627a37db60', 'createTable tableName=node_info_party_cert', '', 'EXECUTED', NULL, NULL, '3.5.4', '0860140250')
14:02:20.461 [Test worker] DEBUG liquibase - master.changelog.json: migration/node-info.changelog-init.xml::1511451595465-12::R3.Corda: Running Changeset:migration/node-info.changelog-init.xml::1511451595465-12::R3.Corda
14:02:20.461 [Test worker] DEBUG liquibase - master.changelog.json: migration/node-info.changelog-init.xml::1511451595465-12::R3.Corda: Changeset migration/node-info.changelog-init.xml::1511451595465-12::R3.Corda
14:02:20.461 [Test worker] DEBUG liquibase - master.changelog.json: migration/node-info.changelog-init.xml::1511451595465-12::R3.Corda: Reading ChangeSet: migration/node-info.changelog-init.xml::1511451595465-12::R3.Corda
14:02:20.462 [Test worker] DEBUG liquibase - master.changelog.json: migration/node-info.changelog-init.xml::1511451595465-12::R3.Corda: Executing Statement: liquibase.statement.core.CreateTableStatement@57487df0
14:02:20.462 [Test worker] DEBUG liquibase - master.changelog.json: migration/node-info.changelog-init.xml::1511451595465-12::R3.Corda: Executing EXECUTE database command: CREATE TABLE PUBLIC.node_infos (node_info_id INT NOT NULL, node_info_hash NVARCHAR(64), platform_version INT, serial BIGINT)
14:02:20.462 [Test worker] INFO liquibase - master.changelog.json: migration/node-info.changelog-init.xml::1511451595465-12::R3.Corda: Table node_infos created
14:02:20.462 [Test worker] INFO liquibase - master.changelog.json: migration/node-info.changelog-init.xml::1511451595465-12::R3.Corda: ChangeSet migration/node-info.changelog-init.xml::1511451595465-12::R3.Corda ran successfully in 1ms
14:02:20.463 [Test worker] DEBUG liquibase - master.changelog.json: migration/node-info.changelog-init.xml::1511451595465-12::R3.Corda: Executing EXECUTE database command: INSERT INTO PUBLIC.DATABASECHANGELOG (ID, AUTHOR, FILENAME, DATEEXECUTED, ORDEREXECUTED, MD5SUM, DESCRIPTION, COMMENTS, EXECTYPE, CONTEXTS, LABELS, LIQUIBASE, DEPLOYMENT_ID) VALUES ('1511451595465-12', 'R3.Corda', 'migration/node-info.changelog-init.xml', NOW(), 32, '7:2a2169c32d87fdc3442c6096740a52a5', 'createTable tableName=node_infos', '', 'EXECUTED', NULL, NULL, '3.5.4', '0860140250')
14:02:20.463 [Test worker] DEBUG liquibase - master.changelog.json: migration/node-info.changelog-init.xml::1511451595465-35::R3.Corda: Running Changeset:migration/node-info.changelog-init.xml::1511451595465-35::R3.Corda
14:02:20.463 [Test worker] DEBUG liquibase - master.changelog.json: migration/node-info.changelog-init.xml::1511451595465-35::R3.Corda: Changeset migration/node-info.changelog-init.xml::1511451595465-35::R3.Corda
14:02:20.464 [Test worker] DEBUG liquibase - master.changelog.json: migration/node-info.changelog-init.xml::1511451595465-35::R3.Corda: Reading ChangeSet: migration/node-info.changelog-init.xml::1511451595465-35::R3.Corda
14:02:20.464 [Test worker] DEBUG liquibase - master.changelog.json: migration/node-info.changelog-init.xml::1511451595465-35::R3.Corda: Executing Statement: liquibase.statement.core.AddPrimaryKeyStatement@49e82cb4
14:02:20.464 [Test worker] DEBUG liquibase - master.changelog.json: migration/node-info.changelog-init.xml::1511451595465-35::R3.Corda: Executing EXECUTE database command: ALTER TABLE PUBLIC.node_info_hosts ADD CONSTRAINT node_info_hosts_pkey PRIMARY KEY (host, port)
14:02:20.464 [Test worker] INFO liquibase - master.changelog.json: migration/node-info.changelog-init.xml::1511451595465-35::R3.Corda: Primary key added to node_info_hosts (host, port)
14:02:20.464 [Test worker] INFO liquibase - master.changelog.json: migration/node-info.changelog-init.xml::1511451595465-35::R3.Corda: ChangeSet migration/node-info.changelog-init.xml::1511451595465-35::R3.Corda ran successfully in 1ms
14:02:20.465 [Test worker] DEBUG liquibase - master.changelog.json: migration/node-info.changelog-init.xml::1511451595465-35::R3.Corda: Executing EXECUTE database command: INSERT INTO PUBLIC.DATABASECHANGELOG (ID, AUTHOR, FILENAME, DATEEXECUTED, ORDEREXECUTED, MD5SUM, DESCRIPTION, COMMENTS, EXECTYPE, CONTEXTS, LABELS, LIQUIBASE, DEPLOYMENT_ID) VALUES ('1511451595465-35', 'R3.Corda', 'migration/node-info.changelog-init.xml', NOW(), 33, '7:5c8230d7f489b4b961c3b52b3335e5ff', 'addPrimaryKey constraintName=node_info_hosts_pkey, tableName=node_info_hosts', '', 'EXECUTED', NULL, NULL, '3.5.4', '0860140250')
14:02:20.466 [Test worker] DEBUG liquibase - master.changelog.json: migration/node-info.changelog-init.xml::1511451595465-36::R3.Corda: Running Changeset:migration/node-info.changelog-init.xml::1511451595465-36::R3.Corda
14:02:20.466 [Test worker] DEBUG liquibase - master.changelog.json: migration/node-info.changelog-init.xml::1511451595465-36::R3.Corda: Changeset migration/node-info.changelog-init.xml::1511451595465-36::R3.Corda
14:02:20.466 [Test worker] DEBUG liquibase - master.changelog.json: migration/node-info.changelog-init.xml::1511451595465-36::R3.Corda: Reading ChangeSet: migration/node-info.changelog-init.xml::1511451595465-36::R3.Corda
14:02:20.466 [Test worker] DEBUG liquibase - master.changelog.json: migration/node-info.changelog-init.xml::1511451595465-36::R3.Corda: Executing Statement: liquibase.statement.core.AddPrimaryKeyStatement@1485fd9b
14:02:20.466 [Test worker] DEBUG liquibase - master.changelog.json: migration/node-info.changelog-init.xml::1511451595465-36::R3.Corda: Executing EXECUTE database command: ALTER TABLE PUBLIC.node_info_party_cert ADD CONSTRAINT node_info_party_cert_pkey PRIMARY KEY (party_name)
14:02:20.467 [Test worker] INFO liquibase - master.changelog.json: migration/node-info.changelog-init.xml::1511451595465-36::R3.Corda: Primary key added to node_info_party_cert (party_name)
14:02:20.467 [Test worker] INFO liquibase - master.changelog.json: migration/node-info.changelog-init.xml::1511451595465-36::R3.Corda: ChangeSet migration/node-info.changelog-init.xml::1511451595465-36::R3.Corda ran successfully in 1ms
14:02:20.468 [Test worker] DEBUG liquibase - master.changelog.json: migration/node-info.changelog-init.xml::1511451595465-36::R3.Corda: Executing EXECUTE database command: INSERT INTO PUBLIC.DATABASECHANGELOG (ID, AUTHOR, FILENAME, DATEEXECUTED, ORDEREXECUTED, MD5SUM, DESCRIPTION, COMMENTS, EXECTYPE, CONTEXTS, LABELS, LIQUIBASE, DEPLOYMENT_ID) VALUES ('1511451595465-36', 'R3.Corda', 'migration/node-info.changelog-init.xml', NOW(), 34, '7:a4293247b9113bb0895d15e212ded67d', 'addPrimaryKey constraintName=node_info_party_cert_pkey, tableName=node_info_party_cert', '', 'EXECUTED', NULL, NULL, '3.5.4', '0860140250')
14:02:20.468 [Test worker] DEBUG liquibase - master.changelog.json: migration/node-info.changelog-init.xml::1511451595465-37::R3.Corda: Running Changeset:migration/node-info.changelog-init.xml::1511451595465-37::R3.Corda
14:02:20.468 [Test worker] DEBUG liquibase - master.changelog.json: migration/node-info.changelog-init.xml::1511451595465-37::R3.Corda: Changeset migration/node-info.changelog-init.xml::1511451595465-37::R3.Corda
14:02:20.489 [Test worker] DEBUG liquibase - master.changelog.json: migration/node-info.changelog-init.xml::1511451595465-37::R3.Corda: Reading ChangeSet: migration/node-info.changelog-init.xml::1511451595465-37::R3.Corda
14:02:20.489 [Test worker] DEBUG liquibase - master.changelog.json: migration/node-info.changelog-init.xml::1511451595465-37::R3.Corda: Executing Statement: liquibase.statement.core.AddPrimaryKeyStatement@7efa71e1
14:02:20.489 [Test worker] DEBUG liquibase - master.changelog.json: migration/node-info.changelog-init.xml::1511451595465-37::R3.Corda: Executing EXECUTE database command: ALTER TABLE PUBLIC.node_infos ADD CONSTRAINT node_infos_pkey PRIMARY KEY (node_info_id)
14:02:20.589 [Test worker] INFO liquibase - master.changelog.json: migration/node-info.changelog-init.xml::1511451595465-37::R3.Corda: Primary key added to node_infos (node_info_id)
14:02:20.591 [Test worker] INFO liquibase - master.changelog.json: migration/node-info.changelog-init.xml::1511451595465-37::R3.Corda: ChangeSet migration/node-info.changelog-init.xml::1511451595465-37::R3.Corda ran successfully in 123ms
14:02:20.592 [Test worker] DEBUG liquibase - master.changelog.json: migration/node-info.changelog-init.xml::1511451595465-37::R3.Corda: Executing EXECUTE database command: INSERT INTO PUBLIC.DATABASECHANGELOG (ID, AUTHOR, FILENAME, DATEEXECUTED, ORDEREXECUTED, MD5SUM, DESCRIPTION, COMMENTS, EXECTYPE, CONTEXTS, LABELS, LIQUIBASE, DEPLOYMENT_ID) VALUES ('1511451595465-37', 'R3.Corda', 'migration/node-info.changelog-init.xml', NOW(), 35, '7:3f7b9e25544e21798cc648d8ab2056b7', 'addPrimaryKey constraintName=node_infos_pkey, tableName=node_infos', '', 'EXECUTED', NULL, NULL, '3.5.4', '0860140250')
14:02:20.593 [Test worker] DEBUG liquibase - master.changelog.json: migration/node-info.changelog-init.xml::1511451595465-62::R3.Corda: Running Changeset:migration/node-info.changelog-init.xml::1511451595465-62::R3.Corda
14:02:20.593 [Test worker] DEBUG liquibase - master.changelog.json: migration/node-info.changelog-init.xml::1511451595465-62::R3.Corda: Changeset migration/node-info.changelog-init.xml::1511451595465-62::R3.Corda
14:02:20.593 [Test worker] DEBUG liquibase - master.changelog.json: migration/node-info.changelog-init.xml::1511451595465-62::R3.Corda: Reading ChangeSet: migration/node-info.changelog-init.xml::1511451595465-62::R3.Corda
14:02:20.593 [Test worker] DEBUG liquibase - master.changelog.json: migration/node-info.changelog-init.xml::1511451595465-62::R3.Corda: Executing Statement: liquibase.statement.core.AddForeignKeyConstraintStatement@7edfb57d
14:02:20.593 [Test worker] DEBUG liquibase - master.changelog.json: migration/node-info.changelog-init.xml::1511451595465-62::R3.Corda: Executing EXECUTE database command: ALTER TABLE PUBLIC.node_link_nodeinfo_party ADD CONSTRAINT FK__link_nodeinfo_party__infos FOREIGN KEY (node_info_id) REFERENCES PUBLIC.node_infos (node_info_id)
14:02:20.594 [Test worker] INFO liquibase - master.changelog.json: migration/node-info.changelog-init.xml::1511451595465-62::R3.Corda: Foreign key constraint added to node_link_nodeinfo_party (node_info_id)
14:02:20.594 [Test worker] INFO liquibase - master.changelog.json: migration/node-info.changelog-init.xml::1511451595465-62::R3.Corda: ChangeSet migration/node-info.changelog-init.xml::1511451595465-62::R3.Corda ran successfully in 1ms
14:02:20.596 [Test worker] DEBUG liquibase - master.changelog.json: migration/node-info.changelog-init.xml::1511451595465-62::R3.Corda: Executing EXECUTE database command: INSERT INTO PUBLIC.DATABASECHANGELOG (ID, AUTHOR, FILENAME, DATEEXECUTED, ORDEREXECUTED, MD5SUM, DESCRIPTION, COMMENTS, EXECTYPE, CONTEXTS, LABELS, LIQUIBASE, DEPLOYMENT_ID) VALUES ('1511451595465-62', 'R3.Corda', 'migration/node-info.changelog-init.xml', NOW(), 36, '7:64add0a3b0350cfe6fa3de1428a38397', 'addForeignKeyConstraint baseTableName=node_link_nodeinfo_party, constraintName=FK__link_nodeinfo_party__infos, referencedTableName=node_infos', '', 'EXECUTED', NULL, NULL, '3.5.4', '0860140250')
14:02:20.597 [Test worker] DEBUG liquibase - master.changelog.json: migration/node-info.changelog-init.xml::1511451595465-63::R3.Corda: Running Changeset:migration/node-info.changelog-init.xml::1511451595465-63::R3.Corda
14:02:20.597 [Test worker] DEBUG liquibase - master.changelog.json: migration/node-info.changelog-init.xml::1511451595465-63::R3.Corda: Changeset migration/node-info.changelog-init.xml::1511451595465-63::R3.Corda
14:02:20.597 [Test worker] DEBUG liquibase - master.changelog.json: migration/node-info.changelog-init.xml::1511451595465-63::R3.Corda: Reading ChangeSet: migration/node-info.changelog-init.xml::1511451595465-63::R3.Corda
14:02:20.597 [Test worker] DEBUG liquibase - master.changelog.json: migration/node-info.changelog-init.xml::1511451595465-63::R3.Corda: Executing Statement: liquibase.statement.core.AddForeignKeyConstraintStatement@54be2f01
14:02:20.597 [Test worker] DEBUG liquibase - master.changelog.json: migration/node-info.changelog-init.xml::1511451595465-63::R3.Corda: Executing EXECUTE database command: ALTER TABLE PUBLIC.node_info_hosts ADD CONSTRAINT FK__info_hosts__infos FOREIGN KEY (node_info_id) REFERENCES PUBLIC.node_infos (node_info_id)
14:02:20.598 [Test worker] INFO liquibase - master.changelog.json: migration/node-info.changelog-init.xml::1511451595465-63::R3.Corda: Foreign key constraint added to node_info_hosts (node_info_id)
14:02:20.599 [Test worker] INFO liquibase - master.changelog.json: migration/node-info.changelog-init.xml::1511451595465-63::R3.Corda: ChangeSet migration/node-info.changelog-init.xml::1511451595465-63::R3.Corda ran successfully in 2ms
14:02:20.600 [Test worker] DEBUG liquibase - master.changelog.json: migration/node-info.changelog-init.xml::1511451595465-63::R3.Corda: Executing EXECUTE database command: INSERT INTO PUBLIC.DATABASECHANGELOG (ID, AUTHOR, FILENAME, DATEEXECUTED, ORDEREXECUTED, MD5SUM, DESCRIPTION, COMMENTS, EXECTYPE, CONTEXTS, LABELS, LIQUIBASE, DEPLOYMENT_ID) VALUES ('1511451595465-63', 'R3.Corda', 'migration/node-info.changelog-init.xml', NOW(), 37, '7:6ea0c3bb234d14956401b6b281531832', 'addForeignKeyConstraint baseTableName=node_info_hosts, constraintName=FK__info_hosts__infos, referencedTableName=node_infos', '', 'EXECUTED', NULL, NULL, '3.5.4', '0860140250')
14:02:20.600 [Test worker] DEBUG liquibase - master.changelog.json: migration/node-info.changelog-init.xml::remove_host_port_pk::R3.Corda: Running Changeset:migration/node-info.changelog-init.xml::remove_host_port_pk::R3.Corda
14:02:20.600 [Test worker] DEBUG liquibase - master.changelog.json: migration/node-info.changelog-init.xml::remove_host_port_pk::R3.Corda: Changeset migration/node-info.changelog-init.xml::remove_host_port_pk::R3.Corda
14:02:20.600 [Test worker] DEBUG liquibase - master.changelog.json: migration/node-info.changelog-init.xml::remove_host_port_pk::R3.Corda: Reading ChangeSet: migration/node-info.changelog-init.xml::remove_host_port_pk::R3.Corda
14:02:20.601 [Test worker] DEBUG liquibase - master.changelog.json: migration/node-info.changelog-init.xml::remove_host_port_pk::R3.Corda: Executing Statement: liquibase.statement.core.DeleteStatement@273b0e9a
14:02:20.601 [Test worker] DEBUG liquibase - master.changelog.json: migration/node-info.changelog-init.xml::remove_host_port_pk::R3.Corda: Executing EXECUTE database command: DELETE FROM PUBLIC.node_infos
14:02:20.601 [Test worker] INFO liquibase - master.changelog.json: migration/node-info.changelog-init.xml::remove_host_port_pk::R3.Corda: Data deleted from node_infos
14:02:20.601 [Test worker] DEBUG liquibase - master.changelog.json: migration/node-info.changelog-init.xml::remove_host_port_pk::R3.Corda: Executing Statement: liquibase.statement.core.DeleteStatement@1b18670c
14:02:20.601 [Test worker] DEBUG liquibase - master.changelog.json: migration/node-info.changelog-init.xml::remove_host_port_pk::R3.Corda: Executing EXECUTE database command: DELETE FROM PUBLIC.node_link_nodeinfo_party
14:02:20.601 [Test worker] INFO liquibase - master.changelog.json: migration/node-info.changelog-init.xml::remove_host_port_pk::R3.Corda: Data deleted from node_link_nodeinfo_party
14:02:20.601 [Test worker] DEBUG liquibase - master.changelog.json: migration/node-info.changelog-init.xml::remove_host_port_pk::R3.Corda: Executing Statement: liquibase.statement.core.DeleteStatement@1c306a2f
14:02:20.601 [Test worker] DEBUG liquibase - master.changelog.json: migration/node-info.changelog-init.xml::remove_host_port_pk::R3.Corda: Executing EXECUTE database command: DELETE FROM PUBLIC.node_info_hosts
14:02:20.601 [Test worker] INFO liquibase - master.changelog.json: migration/node-info.changelog-init.xml::remove_host_port_pk::R3.Corda: Data deleted from node_info_hosts
14:02:20.601 [Test worker] DEBUG liquibase - master.changelog.json: migration/node-info.changelog-init.xml::remove_host_port_pk::R3.Corda: Executing Statement: liquibase.statement.core.DeleteStatement@6270374c
14:02:20.601 [Test worker] DEBUG liquibase - master.changelog.json: migration/node-info.changelog-init.xml::remove_host_port_pk::R3.Corda: Executing EXECUTE database command: DELETE FROM PUBLIC.node_info_party_cert
14:02:20.601 [Test worker] INFO liquibase - master.changelog.json: migration/node-info.changelog-init.xml::remove_host_port_pk::R3.Corda: Data deleted from node_info_party_cert
14:02:20.601 [Test worker] DEBUG liquibase - master.changelog.json: migration/node-info.changelog-init.xml::remove_host_port_pk::R3.Corda: Executing Statement: liquibase.statement.core.DropPrimaryKeyStatement@1d40ba46
14:02:20.601 [Test worker] DEBUG liquibase - master.changelog.json: migration/node-info.changelog-init.xml::remove_host_port_pk::R3.Corda: Executing EXECUTE database command: ALTER TABLE PUBLIC.node_info_hosts DROP PRIMARY KEY
14:02:20.602 [Test worker] INFO liquibase - master.changelog.json: migration/node-info.changelog-init.xml::remove_host_port_pk::R3.Corda: Primary key dropped from node_info_hosts
14:02:20.602 [Test worker] DEBUG liquibase - master.changelog.json: migration/node-info.changelog-init.xml::remove_host_port_pk::R3.Corda: Executing Statement: liquibase.statement.core.AddColumnStatement@202b01a2
14:02:20.602 [Test worker] DEBUG liquibase - master.changelog.json: migration/node-info.changelog-init.xml::remove_host_port_pk::R3.Corda: Executing EXECUTE database command: ALTER TABLE PUBLIC.node_info_hosts ADD hosts_id INT NOT NULL
14:02:20.609 [Test worker] INFO liquibase - master.changelog.json: migration/node-info.changelog-init.xml::remove_host_port_pk::R3.Corda: Columns hosts_id(INT) added to node_info_hosts
14:02:20.609 [Test worker] DEBUG liquibase - master.changelog.json: migration/node-info.changelog-init.xml::remove_host_port_pk::R3.Corda: Executing Statement: liquibase.statement.core.AddPrimaryKeyStatement@7d4828e4
14:02:20.609 [Test worker] DEBUG liquibase - master.changelog.json: migration/node-info.changelog-init.xml::remove_host_port_pk::R3.Corda: Executing EXECUTE database command: ALTER TABLE PUBLIC.node_info_hosts ADD CONSTRAINT node_info_hosts_pkey_id PRIMARY KEY (hosts_id)
14:02:20.610 [Test worker] INFO liquibase - master.changelog.json: migration/node-info.changelog-init.xml::remove_host_port_pk::R3.Corda: Primary key added to node_info_hosts (hosts_id)
14:02:20.610 [Test worker] INFO liquibase - master.changelog.json: migration/node-info.changelog-init.xml::remove_host_port_pk::R3.Corda: ChangeSet migration/node-info.changelog-init.xml::remove_host_port_pk::R3.Corda ran successfully in 10ms
14:02:20.612 [Test worker] DEBUG liquibase - master.changelog.json: migration/node-info.changelog-init.xml::remove_host_port_pk::R3.Corda: Executing EXECUTE database command: INSERT INTO PUBLIC.DATABASECHANGELOG (ID, AUTHOR, FILENAME, DATEEXECUTED, ORDEREXECUTED, MD5SUM, DESCRIPTION, COMMENTS, EXECTYPE, CONTEXTS, LABELS, LIQUIBASE, DEPLOYMENT_ID) VALUES ('remove_host_port_pk', 'R3.Corda', 'migration/node-info.changelog-init.xml', NOW(), 38, '7:cb733f12ced82860fd296bb0c94c5072', 'delete tableName=node_infos; delete tableName=node_link_nodeinfo_party; delete tableName=node_info_hosts; delete tableName=node_info_party_cert; dropPrimaryKey constraintName=node_info_hosts_pkey, tableName=node_info_hosts; addColumn tableName=nod...', '', 'EXECUTED', NULL, NULL, '3.5.4', '0860140250')
14:02:20.615 [Test worker] DEBUG liquibase - master.changelog.json: migration/node-info.changelog-v1.xml::key/value node properties table::R3.Corda: Running Changeset:migration/node-info.changelog-v1.xml::key/value node properties table::R3.Corda
14:02:20.615 [Test worker] DEBUG liquibase - master.changelog.json: migration/node-info.changelog-v1.xml::key/value node properties table::R3.Corda: Changeset migration/node-info.changelog-v1.xml::key/value node properties table::R3.Corda
14:02:20.615 [Test worker] DEBUG liquibase - master.changelog.json: migration/node-info.changelog-v1.xml::key/value node properties table::R3.Corda: Reading ChangeSet: migration/node-info.changelog-v1.xml::key/value node properties table::R3.Corda
14:02:20.615 [Test worker] DEBUG liquibase - master.changelog.json: migration/node-info.changelog-v1.xml::key/value node properties table::R3.Corda: Executing Statement: liquibase.statement.core.CreateTableStatement@6cc8a065
14:02:20.615 [Test worker] DEBUG liquibase - master.changelog.json: migration/node-info.changelog-v1.xml::key/value node properties table::R3.Corda: Executing EXECUTE database command: CREATE TABLE PUBLIC.node_properties (property_key NVARCHAR(255) NOT NULL, property_value NVARCHAR(255))
14:02:20.615 [Test worker] INFO liquibase - master.changelog.json: migration/node-info.changelog-v1.xml::key/value node properties table::R3.Corda: Table node_properties created
14:02:20.615 [Test worker] INFO liquibase - master.changelog.json: migration/node-info.changelog-v1.xml::key/value node properties table::R3.Corda: ChangeSet migration/node-info.changelog-v1.xml::key/value node properties table::R3.Corda ran successfully in 0ms
14:02:20.616 [Test worker] DEBUG liquibase - master.changelog.json: migration/node-info.changelog-v1.xml::key/value node properties table::R3.Corda: Executing EXECUTE database command: INSERT INTO PUBLIC.DATABASECHANGELOG (ID, AUTHOR, FILENAME, DATEEXECUTED, ORDEREXECUTED, MD5SUM, DESCRIPTION, COMMENTS, EXECTYPE, CONTEXTS, LABELS, LIQUIBASE, DEPLOYMENT_ID) VALUES ('key/value node properties table', 'R3.Corda', 'migration/node-info.changelog-v1.xml', NOW(), 39, '7:05241b402dd60a4e1eeb86ad6c5eff9e', 'createTable tableName=node_properties', '', 'EXECUTED', NULL, NULL, '3.5.4', '0860140250')
14:02:20.617 [Test worker] DEBUG liquibase - master.changelog.json: migration/node-info.changelog-v2.xml::1525962920::R3.Corda: Running Changeset:migration/node-info.changelog-v2.xml::1525962920::R3.Corda
14:02:20.617 [Test worker] DEBUG liquibase - master.changelog.json: migration/node-info.changelog-v2.xml::1525962920::R3.Corda: Changeset migration/node-info.changelog-v2.xml::1525962920::R3.Corda
14:02:20.617 [Test worker] DEBUG liquibase - master.changelog.json: migration/node-info.changelog-v2.xml::1525962920::R3.Corda: Reading ChangeSet: migration/node-info.changelog-v2.xml::1525962920::R3.Corda
14:02:20.617 [Test worker] DEBUG liquibase - master.changelog.json: migration/node-info.changelog-v2.xml::1525962920::R3.Corda: Executing Statement: liquibase.statement.core.SetNullableStatement@229d8ddd
14:02:20.617 [Test worker] DEBUG liquibase - master.changelog.json: migration/node-info.changelog-v2.xml::1525962920::R3.Corda: Executing EXECUTE database command: ALTER TABLE PUBLIC.node_infos ALTER COLUMN node_info_hash SET NOT NULL
14:02:20.618 [Test worker] INFO liquibase - master.changelog.json: migration/node-info.changelog-v2.xml::1525962920::R3.Corda: Null constraint has been added to node_infos.node_info_hash
14:02:20.618 [Test worker] DEBUG liquibase - master.changelog.json: migration/node-info.changelog-v2.xml::1525962920::R3.Corda: Executing Statement: liquibase.statement.core.SetNullableStatement@78e37683
14:02:20.618 [Test worker] DEBUG liquibase - master.changelog.json: migration/node-info.changelog-v2.xml::1525962920::R3.Corda: Executing EXECUTE database command: ALTER TABLE PUBLIC.node_infos ALTER COLUMN platform_version SET NOT NULL
14:02:20.618 [Test worker] INFO liquibase - master.changelog.json: migration/node-info.changelog-v2.xml::1525962920::R3.Corda: Null constraint has been added to node_infos.platform_version
14:02:20.618 [Test worker] DEBUG liquibase - master.changelog.json: migration/node-info.changelog-v2.xml::1525962920::R3.Corda: Executing Statement: liquibase.statement.core.SetNullableStatement@6bad50bb
14:02:20.618 [Test worker] DEBUG liquibase - master.changelog.json: migration/node-info.changelog-v2.xml::1525962920::R3.Corda: Executing EXECUTE database command: ALTER TABLE PUBLIC.node_infos ALTER COLUMN serial SET NOT NULL
14:02:20.618 [Test worker] INFO liquibase - master.changelog.json: migration/node-info.changelog-v2.xml::1525962920::R3.Corda: Null constraint has been added to node_infos.serial
14:02:20.618 [Test worker] DEBUG liquibase - master.changelog.json: migration/node-info.changelog-v2.xml::1525962920::R3.Corda: Executing Statement: liquibase.statement.core.SetNullableStatement@2a77a7a6
14:02:20.618 [Test worker] DEBUG liquibase - master.changelog.json: migration/node-info.changelog-v2.xml::1525962920::R3.Corda: Executing EXECUTE database command: ALTER TABLE PUBLIC.node_info_hosts ALTER COLUMN host SET NULL
14:02:20.618 [Test worker] INFO liquibase - master.changelog.json: migration/node-info.changelog-v2.xml::1525962920::R3.Corda: Null constraint dropped from node_info_hosts.host
14:02:20.618 [Test worker] DEBUG liquibase - master.changelog.json: migration/node-info.changelog-v2.xml::1525962920::R3.Corda: Executing Statement: liquibase.statement.core.SetNullableStatement@9517d13
14:02:20.618 [Test worker] DEBUG liquibase - master.changelog.json: migration/node-info.changelog-v2.xml::1525962920::R3.Corda: Executing EXECUTE database command: ALTER TABLE PUBLIC.node_info_hosts ALTER COLUMN port SET NULL
14:02:20.619 [Test worker] INFO liquibase - master.changelog.json: migration/node-info.changelog-v2.xml::1525962920::R3.Corda: Null constraint dropped from node_info_hosts.port
14:02:20.619 [Test worker] DEBUG liquibase - master.changelog.json: migration/node-info.changelog-v2.xml::1525962920::R3.Corda: Executing Statement: liquibase.statement.core.SetNullableStatement@8f8dc0a
14:02:20.619 [Test worker] DEBUG liquibase - master.changelog.json: migration/node-info.changelog-v2.xml::1525962920::R3.Corda: Executing EXECUTE database command: ALTER TABLE PUBLIC.node_info_party_cert ALTER COLUMN owning_key_hash SET NOT NULL
14:02:20.619 [Test worker] INFO liquibase - master.changelog.json: migration/node-info.changelog-v2.xml::1525962920::R3.Corda: Null constraint has been added to node_info_party_cert.owning_key_hash
14:02:20.619 [Test worker] DEBUG liquibase - master.changelog.json: migration/node-info.changelog-v2.xml::1525962920::R3.Corda: Executing Statement: liquibase.statement.core.SetNullableStatement@4a887ce2
14:02:20.619 [Test worker] DEBUG liquibase - master.changelog.json: migration/node-info.changelog-v2.xml::1525962920::R3.Corda: Executing EXECUTE database command: ALTER TABLE PUBLIC.node_info_party_cert ALTER COLUMN party_cert_binary SET NOT NULL
14:02:20.619 [Test worker] INFO liquibase - master.changelog.json: migration/node-info.changelog-v2.xml::1525962920::R3.Corda: Null constraint has been added to node_info_party_cert.party_cert_binary
14:02:20.619 [Test worker] INFO liquibase - master.changelog.json: migration/node-info.changelog-v2.xml::1525962920::R3.Corda: ChangeSet migration/node-info.changelog-v2.xml::1525962920::R3.Corda ran successfully in 2ms
14:02:20.621 [Test worker] DEBUG liquibase - master.changelog.json: migration/node-info.changelog-v2.xml::1525962920::R3.Corda: Executing EXECUTE database command: INSERT INTO PUBLIC.DATABASECHANGELOG (ID, AUTHOR, FILENAME, DATEEXECUTED, ORDEREXECUTED, MD5SUM, DESCRIPTION, COMMENTS, EXECTYPE, CONTEXTS, LABELS, LIQUIBASE, DEPLOYMENT_ID) VALUES ('1525962920', 'R3.Corda', 'migration/node-info.changelog-v2.xml', NOW(), 40, '7:c3fd83668d5ed4acdefcad3f90944935', 'addNotNullConstraint columnName=node_info_hash, tableName=node_infos; addNotNullConstraint columnName=platform_version, tableName=node_infos; addNotNullConstraint columnName=serial, tableName=node_infos; dropNotNullConstraint columnName=host, tabl...', '', 'EXECUTED', NULL, NULL, '3.5.4', '0860140250')
14:02:20.621 [Test worker] DEBUG liquibase - master.changelog.json: migration/node-info.changelog-v3.xml::column_host_name::R3.Corda: Running Changeset:migration/node-info.changelog-v3.xml::column_host_name::R3.Corda
14:02:20.621 [Test worker] DEBUG liquibase - master.changelog.json: migration/node-info.changelog-v3.xml::column_host_name::R3.Corda: Changeset migration/node-info.changelog-v3.xml::column_host_name::R3.Corda
14:02:20.621 [Test worker] DEBUG liquibase - master.changelog.json: migration/node-info.changelog-v3.xml::column_host_name::R3.Corda: Reading ChangeSet: migration/node-info.changelog-v3.xml::column_host_name::R3.Corda
14:02:20.621 [Test worker] DEBUG liquibase - master.changelog.json: migration/node-info.changelog-v3.xml::column_host_name::R3.Corda: Executing Statement: liquibase.statement.core.RenameColumnStatement@7b498f26
14:02:20.621 [Test worker] DEBUG liquibase - master.changelog.json: migration/node-info.changelog-v3.xml::column_host_name::R3.Corda: Executing EXECUTE database command: ALTER TABLE PUBLIC.node_info_hosts ALTER COLUMN host RENAME TO host_name
14:02:20.622 [Test worker] INFO liquibase - master.changelog.json: migration/node-info.changelog-v3.xml::column_host_name::R3.Corda: Column node_info_hosts.host renamed to host_name
14:02:20.622 [Test worker] INFO liquibase - master.changelog.json: migration/node-info.changelog-v3.xml::column_host_name::R3.Corda: ChangeSet migration/node-info.changelog-v3.xml::column_host_name::R3.Corda ran successfully in 1ms
14:02:20.623 [Test worker] DEBUG liquibase - master.changelog.json: migration/node-info.changelog-v3.xml::column_host_name::R3.Corda: Executing EXECUTE database command: INSERT INTO PUBLIC.DATABASECHANGELOG (ID, AUTHOR, FILENAME, DATEEXECUTED, ORDEREXECUTED, MD5SUM, DESCRIPTION, COMMENTS, EXECTYPE, CONTEXTS, LABELS, LIQUIBASE, DEPLOYMENT_ID) VALUES ('column_host_name', 'R3.Corda', 'migration/node-info.changelog-v3.xml', NOW(), 41, '7:fc4ceb3b82e44070da1fff49a7b5cccb', 'renameColumn newColumnName=host_name, oldColumnName=host, tableName=node_info_hosts', '', 'EXECUTED', NULL, NULL, '3.5.4', '0860140250')
14:02:20.623 [Test worker] DEBUG liquibase - master.changelog.json: migration/node-services.changelog-init.xml::1511451595465-5::R3.Corda: Running Changeset:migration/node-services.changelog-init.xml::1511451595465-5::R3.Corda
14:02:20.623 [Test worker] DEBUG liquibase - master.changelog.json: migration/node-services.changelog-init.xml::1511451595465-5::R3.Corda: Changeset migration/node-services.changelog-init.xml::1511451595465-5::R3.Corda
14:02:20.623 [Test worker] DEBUG liquibase - master.changelog.json: migration/node-services.changelog-init.xml::1511451595465-5::R3.Corda: Reading ChangeSet: migration/node-services.changelog-init.xml::1511451595465-5::R3.Corda
14:02:20.624 [Test worker] DEBUG liquibase - master.changelog.json: migration/node-services.changelog-init.xml::1511451595465-5::R3.Corda: Executing Statement: liquibase.statement.core.CreateTableStatement@7bf093e
14:02:20.624 [Test worker] DEBUG liquibase - master.changelog.json: migration/node-services.changelog-init.xml::1511451595465-5::R3.Corda: Executing EXECUTE database command: CREATE TABLE PUBLIC.node_attachments (att_id NVARCHAR(255) NOT NULL, content BLOB, filename NVARCHAR(255), insertion_date TIMESTAMP NOT NULL, uploader NVARCHAR(255))
14:02:20.624 [Test worker] INFO liquibase - master.changelog.json: migration/node-services.changelog-init.xml::1511451595465-5::R3.Corda: Table node_attachments created
14:02:20.624 [Test worker] INFO liquibase - master.changelog.json: migration/node-services.changelog-init.xml::1511451595465-5::R3.Corda: ChangeSet migration/node-services.changelog-init.xml::1511451595465-5::R3.Corda ran successfully in 1ms
14:02:20.625 [Test worker] DEBUG liquibase - master.changelog.json: migration/node-services.changelog-init.xml::1511451595465-5::R3.Corda: Executing EXECUTE database command: INSERT INTO PUBLIC.DATABASECHANGELOG (ID, AUTHOR, FILENAME, DATEEXECUTED, ORDEREXECUTED, MD5SUM, DESCRIPTION, COMMENTS, EXECTYPE, CONTEXTS, LABELS, LIQUIBASE, DEPLOYMENT_ID) VALUES ('1511451595465-5', 'R3.Corda', 'migration/node-services.changelog-init.xml', NOW(), 42, '7:464a5bbaf24fe78716c38c544dc81f3c', 'createTable tableName=node_attachments', '', 'EXECUTED', NULL, NULL, '3.5.4', '0860140250')
14:02:20.625 [Test worker] DEBUG liquibase - master.changelog.json: migration/node-services.changelog-init.xml::1511451595465-7::R3.Corda: Running Changeset:migration/node-services.changelog-init.xml::1511451595465-7::R3.Corda
14:02:20.626 [Test worker] DEBUG liquibase - master.changelog.json: migration/node-services.changelog-init.xml::1511451595465-7::R3.Corda: Changeset migration/node-services.changelog-init.xml::1511451595465-7::R3.Corda
14:02:20.626 [Test worker] DEBUG liquibase - master.changelog.json: migration/node-services.changelog-init.xml::1511451595465-7::R3.Corda: Reading ChangeSet: migration/node-services.changelog-init.xml::1511451595465-7::R3.Corda
14:02:20.626 [Test worker] DEBUG liquibase - master.changelog.json: migration/node-services.changelog-init.xml::1511451595465-7::R3.Corda: Executing Statement: liquibase.statement.core.CreateTableStatement@3e356cf0
14:02:20.626 [Test worker] DEBUG liquibase - master.changelog.json: migration/node-services.changelog-init.xml::1511451595465-7::R3.Corda: Executing EXECUTE database command: CREATE TABLE PUBLIC.node_checkpoints (checkpoint_id NVARCHAR(64) NOT NULL, checkpoint_value BLOB)
14:02:20.627 [Test worker] INFO liquibase - master.changelog.json: migration/node-services.changelog-init.xml::1511451595465-7::R3.Corda: Table node_checkpoints created
14:02:20.627 [Test worker] INFO liquibase - master.changelog.json: migration/node-services.changelog-init.xml::1511451595465-7::R3.Corda: ChangeSet migration/node-services.changelog-init.xml::1511451595465-7::R3.Corda ran successfully in 2ms
14:02:20.629 [Test worker] DEBUG liquibase - master.changelog.json: migration/node-services.changelog-init.xml::1511451595465-7::R3.Corda: Executing EXECUTE database command: INSERT INTO PUBLIC.DATABASECHANGELOG (ID, AUTHOR, FILENAME, DATEEXECUTED, ORDEREXECUTED, MD5SUM, DESCRIPTION, COMMENTS, EXECTYPE, CONTEXTS, LABELS, LIQUIBASE, DEPLOYMENT_ID) VALUES ('1511451595465-7', 'R3.Corda', 'migration/node-services.changelog-init.xml', NOW(), 43, '7:2870aa3a468e81bab1cd24ac70ca2163', 'createTable tableName=node_checkpoints', '', 'EXECUTED', NULL, NULL, '3.5.4', '0860140250')
14:02:20.629 [Test worker] DEBUG liquibase - master.changelog.json: migration/node-services.changelog-init.xml::1511451595465-8::R3.Corda: Running Changeset:migration/node-services.changelog-init.xml::1511451595465-8::R3.Corda
14:02:20.629 [Test worker] DEBUG liquibase - master.changelog.json: migration/node-services.changelog-init.xml::1511451595465-8::R3.Corda: Changeset migration/node-services.changelog-init.xml::1511451595465-8::R3.Corda
14:02:20.629 [Test worker] DEBUG liquibase - master.changelog.json: migration/node-services.changelog-init.xml::1511451595465-8::R3.Corda: Reading ChangeSet: migration/node-services.changelog-init.xml::1511451595465-8::R3.Corda
14:02:20.629 [Test worker] DEBUG liquibase - master.changelog.json: migration/node-services.changelog-init.xml::1511451595465-8::R3.Corda: Executing Statement: liquibase.statement.core.CreateTableStatement@669636ca
14:02:20.630 [Test worker] DEBUG liquibase - master.changelog.json: migration/node-services.changelog-init.xml::1511451595465-8::R3.Corda: Executing EXECUTE database command: CREATE TABLE PUBLIC.node_contract_upgrades (state_ref NVARCHAR(96) NOT NULL, contract_class_name NVARCHAR(255))
14:02:20.630 [Test worker] INFO liquibase - master.changelog.json: migration/node-services.changelog-init.xml::1511451595465-8::R3.Corda: Table node_contract_upgrades created
14:02:20.630 [Test worker] INFO liquibase - master.changelog.json: migration/node-services.changelog-init.xml::1511451595465-8::R3.Corda: ChangeSet migration/node-services.changelog-init.xml::1511451595465-8::R3.Corda ran successfully in 1ms
14:02:20.631 [Test worker] DEBUG liquibase - master.changelog.json: migration/node-services.changelog-init.xml::1511451595465-8::R3.Corda: Executing EXECUTE database command: INSERT INTO PUBLIC.DATABASECHANGELOG (ID, AUTHOR, FILENAME, DATEEXECUTED, ORDEREXECUTED, MD5SUM, DESCRIPTION, COMMENTS, EXECTYPE, CONTEXTS, LABELS, LIQUIBASE, DEPLOYMENT_ID) VALUES ('1511451595465-8', 'R3.Corda', 'migration/node-services.changelog-init.xml', NOW(), 44, '7:bf156b1c48e915e7d8090d5162e31c02', 'createTable tableName=node_contract_upgrades', '', 'EXECUTED', NULL, NULL, '3.5.4', '0860140250')
14:02:20.631 [Test worker] DEBUG liquibase - master.changelog.json: migration/node-services.changelog-init.xml::1511451595465-9::R3.Corda: Running Changeset:migration/node-services.changelog-init.xml::1511451595465-9::R3.Corda
14:02:20.631 [Test worker] DEBUG liquibase - master.changelog.json: migration/node-services.changelog-init.xml::1511451595465-9::R3.Corda: Changeset migration/node-services.changelog-init.xml::1511451595465-9::R3.Corda
14:02:20.631 [Test worker] DEBUG liquibase - master.changelog.json: migration/node-services.changelog-init.xml::1511451595465-9::R3.Corda: Reading ChangeSet: migration/node-services.changelog-init.xml::1511451595465-9::R3.Corda
14:02:20.631 [Test worker] DEBUG liquibase - master.changelog.json: migration/node-services.changelog-init.xml::1511451595465-9::R3.Corda: Executing Statement: liquibase.statement.core.CreateTableStatement@66335515
14:02:20.632 [Test worker] DEBUG liquibase - master.changelog.json: migration/node-services.changelog-init.xml::1511451595465-9::R3.Corda: Executing EXECUTE database command: CREATE TABLE PUBLIC.node_identities (pk_hash NVARCHAR(130) NOT NULL, identity_value BLOB)
14:02:20.632 [Test worker] INFO liquibase - master.changelog.json: migration/node-services.changelog-init.xml::1511451595465-9::R3.Corda: Table node_identities created
14:02:20.632 [Test worker] INFO liquibase - master.changelog.json: migration/node-services.changelog-init.xml::1511451595465-9::R3.Corda: ChangeSet migration/node-services.changelog-init.xml::1511451595465-9::R3.Corda ran successfully in 1ms
14:02:20.633 [Test worker] DEBUG liquibase - master.changelog.json: migration/node-services.changelog-init.xml::1511451595465-9::R3.Corda: Executing EXECUTE database command: INSERT INTO PUBLIC.DATABASECHANGELOG (ID, AUTHOR, FILENAME, DATEEXECUTED, ORDEREXECUTED, MD5SUM, DESCRIPTION, COMMENTS, EXECTYPE, CONTEXTS, LABELS, LIQUIBASE, DEPLOYMENT_ID) VALUES ('1511451595465-9', 'R3.Corda', 'migration/node-services.changelog-init.xml', NOW(), 45, '7:ea04cf1cc4ea1112c4cbbf932bc51c56', 'createTable tableName=node_identities', '', 'EXECUTED', NULL, NULL, '3.5.4', '0860140250')
14:02:20.633 [Test worker] DEBUG liquibase - master.changelog.json: migration/node-services.changelog-init.xml::1511451595465-13::R3.Corda: Running Changeset:migration/node-services.changelog-init.xml::1511451595465-13::R3.Corda
14:02:20.634 [Test worker] DEBUG liquibase - master.changelog.json: migration/node-services.changelog-init.xml::1511451595465-13::R3.Corda: Changeset migration/node-services.changelog-init.xml::1511451595465-13::R3.Corda
14:02:20.634 [Test worker] DEBUG liquibase - master.changelog.json: migration/node-services.changelog-init.xml::1511451595465-13::R3.Corda: Reading ChangeSet: migration/node-services.changelog-init.xml::1511451595465-13::R3.Corda
14:02:20.634 [Test worker] DEBUG liquibase - master.changelog.json: migration/node-services.changelog-init.xml::1511451595465-13::R3.Corda: Executing Statement: liquibase.statement.core.CreateTableStatement@13eb7ba1
14:02:20.634 [Test worker] DEBUG liquibase - master.changelog.json: migration/node-services.changelog-init.xml::1511451595465-13::R3.Corda: Executing EXECUTE database command: CREATE TABLE PUBLIC.node_message_ids (message_id NVARCHAR(64) NOT NULL, insertion_time TIMESTAMP)
14:02:20.635 [Test worker] INFO liquibase - master.changelog.json: migration/node-services.changelog-init.xml::1511451595465-13::R3.Corda: Table node_message_ids created
14:02:20.635 [Test worker] INFO liquibase - master.changelog.json: migration/node-services.changelog-init.xml::1511451595465-13::R3.Corda: ChangeSet migration/node-services.changelog-init.xml::1511451595465-13::R3.Corda ran successfully in 2ms
14:02:20.636 [Test worker] DEBUG liquibase - master.changelog.json: migration/node-services.changelog-init.xml::1511451595465-13::R3.Corda: Executing EXECUTE database command: INSERT INTO PUBLIC.DATABASECHANGELOG (ID, AUTHOR, FILENAME, DATEEXECUTED, ORDEREXECUTED, MD5SUM, DESCRIPTION, COMMENTS, EXECTYPE, CONTEXTS, LABELS, LIQUIBASE, DEPLOYMENT_ID) VALUES ('1511451595465-13', 'R3.Corda', 'migration/node-services.changelog-init.xml', NOW(), 46, '7:340ca6c0b7c87b663b0449535b082f80', 'createTable tableName=node_message_ids', '', 'EXECUTED', NULL, NULL, '3.5.4', '0860140250')
14:02:20.636 [Test worker] DEBUG liquibase - master.changelog.json: migration/node-services.changelog-init.xml::1511451595465-14::R3.Corda: Running Changeset:migration/node-services.changelog-init.xml::1511451595465-14::R3.Corda
14:02:20.636 [Test worker] DEBUG liquibase - master.changelog.json: migration/node-services.changelog-init.xml::1511451595465-14::R3.Corda: Changeset migration/node-services.changelog-init.xml::1511451595465-14::R3.Corda
14:02:20.636 [Test worker] DEBUG liquibase - master.changelog.json: migration/node-services.changelog-init.xml::1511451595465-14::R3.Corda: Reading ChangeSet: migration/node-services.changelog-init.xml::1511451595465-14::R3.Corda
14:02:20.636 [Test worker] DEBUG liquibase - master.changelog.json: migration/node-services.changelog-init.xml::1511451595465-14::R3.Corda: Executing Statement: liquibase.statement.core.CreateTableStatement@2f5390f1
14:02:20.637 [Test worker] DEBUG liquibase - master.changelog.json: migration/node-services.changelog-init.xml::1511451595465-14::R3.Corda: Executing EXECUTE database command: CREATE TABLE PUBLIC.node_message_retry (message_id BIGINT NOT NULL, message BLOB, recipients BLOB)
14:02:20.637 [Test worker] INFO liquibase - master.changelog.json: migration/node-services.changelog-init.xml::1511451595465-14::R3.Corda: Table node_message_retry created
14:02:20.637 [Test worker] INFO liquibase - master.changelog.json: migration/node-services.changelog-init.xml::1511451595465-14::R3.Corda: ChangeSet migration/node-services.changelog-init.xml::1511451595465-14::R3.Corda ran successfully in 1ms
14:02:20.638 [Test worker] DEBUG liquibase - master.changelog.json: migration/node-services.changelog-init.xml::1511451595465-14::R3.Corda: Executing EXECUTE database command: INSERT INTO PUBLIC.DATABASECHANGELOG (ID, AUTHOR, FILENAME, DATEEXECUTED, ORDEREXECUTED, MD5SUM, DESCRIPTION, COMMENTS, EXECTYPE, CONTEXTS, LABELS, LIQUIBASE, DEPLOYMENT_ID) VALUES ('1511451595465-14', 'R3.Corda', 'migration/node-services.changelog-init.xml', NOW(), 47, '7:1dc64c73807569fb04c10a9b2d760ff0', 'createTable tableName=node_message_retry', '', 'EXECUTED', NULL, NULL, '3.5.4', '0860140250')
14:02:20.638 [Test worker] DEBUG liquibase - master.changelog.json: migration/node-services.changelog-init.xml::1511451595465-15::R3.Corda: Running Changeset:migration/node-services.changelog-init.xml::1511451595465-15::R3.Corda
14:02:20.639 [Test worker] DEBUG liquibase - master.changelog.json: migration/node-services.changelog-init.xml::1511451595465-15::R3.Corda: Changeset migration/node-services.changelog-init.xml::1511451595465-15::R3.Corda
14:02:20.639 [Test worker] DEBUG liquibase - master.changelog.json: migration/node-services.changelog-init.xml::1511451595465-15::R3.Corda: Reading ChangeSet: migration/node-services.changelog-init.xml::1511451595465-15::R3.Corda
14:02:20.639 [Test worker] DEBUG liquibase - master.changelog.json: migration/node-services.changelog-init.xml::1511451595465-15::R3.Corda: Executing Statement: liquibase.statement.core.CreateTableStatement@45c5da7e
14:02:20.639 [Test worker] DEBUG liquibase - master.changelog.json: migration/node-services.changelog-init.xml::1511451595465-15::R3.Corda: Executing EXECUTE database command: CREATE TABLE PUBLIC.node_named_identities (name NVARCHAR(128) NOT NULL, pk_hash NVARCHAR(130))
14:02:20.639 [Test worker] INFO liquibase - master.changelog.json: migration/node-services.changelog-init.xml::1511451595465-15::R3.Corda: Table node_named_identities created
14:02:20.639 [Test worker] INFO liquibase - master.changelog.json: migration/node-services.changelog-init.xml::1511451595465-15::R3.Corda: ChangeSet migration/node-services.changelog-init.xml::1511451595465-15::R3.Corda ran successfully in 0ms
14:02:20.640 [Test worker] DEBUG liquibase - master.changelog.json: migration/node-services.changelog-init.xml::1511451595465-15::R3.Corda: Executing EXECUTE database command: INSERT INTO PUBLIC.DATABASECHANGELOG (ID, AUTHOR, FILENAME, DATEEXECUTED, ORDEREXECUTED, MD5SUM, DESCRIPTION, COMMENTS, EXECTYPE, CONTEXTS, LABELS, LIQUIBASE, DEPLOYMENT_ID) VALUES ('1511451595465-15', 'R3.Corda', 'migration/node-services.changelog-init.xml', NOW(), 48, '7:108b7d395f7fb3cfc8ce4e364c4008a5', 'createTable tableName=node_named_identities', '', 'EXECUTED', NULL, NULL, '3.5.4', '0860140250')
14:02:20.641 [Test worker] DEBUG liquibase - master.changelog.json: migration/node-services.changelog-init.xml::1511451595465-17::R3.Corda: Running Changeset:migration/node-services.changelog-init.xml::1511451595465-17::R3.Corda
14:02:20.641 [Test worker] DEBUG liquibase - master.changelog.json: migration/node-services.changelog-init.xml::1511451595465-17::R3.Corda: Changeset migration/node-services.changelog-init.xml::1511451595465-17::R3.Corda
14:02:20.641 [Test worker] DEBUG liquibase - master.changelog.json: migration/node-services.changelog-init.xml::1511451595465-17::R3.Corda: Reading ChangeSet: migration/node-services.changelog-init.xml::1511451595465-17::R3.Corda
14:02:20.641 [Test worker] DEBUG liquibase - master.changelog.json: migration/node-services.changelog-init.xml::1511451595465-17::R3.Corda: Executing Statement: liquibase.statement.core.CreateTableStatement@2fc261d6
14:02:20.642 [Test worker] DEBUG liquibase - master.changelog.json: migration/node-services.changelog-init.xml::1511451595465-17::R3.Corda: Executing EXECUTE database command: CREATE TABLE PUBLIC.node_our_key_pairs (public_key_hash NVARCHAR(130) NOT NULL, private_key BLOB, public_key BLOB)
14:02:20.642 [Test worker] INFO liquibase - master.changelog.json: migration/node-services.changelog-init.xml::1511451595465-17::R3.Corda: Table node_our_key_pairs created
14:02:20.642 [Test worker] INFO liquibase - master.changelog.json: migration/node-services.changelog-init.xml::1511451595465-17::R3.Corda: ChangeSet migration/node-services.changelog-init.xml::1511451595465-17::R3.Corda ran successfully in 1ms
14:02:20.643 [Test worker] DEBUG liquibase - master.changelog.json: migration/node-services.changelog-init.xml::1511451595465-17::R3.Corda: Executing EXECUTE database command: INSERT INTO PUBLIC.DATABASECHANGELOG (ID, AUTHOR, FILENAME, DATEEXECUTED, ORDEREXECUTED, MD5SUM, DESCRIPTION, COMMENTS, EXECTYPE, CONTEXTS, LABELS, LIQUIBASE, DEPLOYMENT_ID) VALUES ('1511451595465-17', 'R3.Corda', 'migration/node-services.changelog-init.xml', NOW(), 49, '7:a8b4ae7170f56f1df8a23b530bef4dd1', 'createTable tableName=node_our_key_pairs', '', 'EXECUTED', NULL, NULL, '3.5.4', '0860140250')
14:02:20.644 [Test worker] DEBUG liquibase - master.changelog.json: migration/node-services.changelog-init.xml::1511451595465-19::R3.Corda: Running Changeset:migration/node-services.changelog-init.xml::1511451595465-19::R3.Corda
14:02:20.644 [Test worker] DEBUG liquibase - master.changelog.json: migration/node-services.changelog-init.xml::1511451595465-19::R3.Corda: Changeset migration/node-services.changelog-init.xml::1511451595465-19::R3.Corda
14:02:20.644 [Test worker] DEBUG liquibase - master.changelog.json: migration/node-services.changelog-init.xml::1511451595465-19::R3.Corda: Reading ChangeSet: migration/node-services.changelog-init.xml::1511451595465-19::R3.Corda
14:02:20.645 [Test worker] DEBUG liquibase - master.changelog.json: migration/node-services.changelog-init.xml::1511451595465-19::R3.Corda: Executing Statement: liquibase.statement.core.CreateTableStatement@3e4ba392
14:02:20.645 [Test worker] DEBUG liquibase - master.changelog.json: migration/node-services.changelog-init.xml::1511451595465-19::R3.Corda: Executing EXECUTE database command: CREATE TABLE PUBLIC.node_scheduled_states (output_index INT NOT NULL, transaction_id NVARCHAR(64) NOT NULL, scheduled_at TIMESTAMP NOT NULL)
14:02:20.645 [Test worker] INFO liquibase - master.changelog.json: migration/node-services.changelog-init.xml::1511451595465-19::R3.Corda: Table node_scheduled_states created
14:02:20.645 [Test worker] INFO liquibase - master.changelog.json: migration/node-services.changelog-init.xml::1511451595465-19::R3.Corda: ChangeSet migration/node-services.changelog-init.xml::1511451595465-19::R3.Corda ran successfully in 1ms
14:02:20.647 [Test worker] DEBUG liquibase - master.changelog.json: migration/node-services.changelog-init.xml::1511451595465-19::R3.Corda: Executing EXECUTE database command: INSERT INTO PUBLIC.DATABASECHANGELOG (ID, AUTHOR, FILENAME, DATEEXECUTED, ORDEREXECUTED, MD5SUM, DESCRIPTION, COMMENTS, EXECTYPE, CONTEXTS, LABELS, LIQUIBASE, DEPLOYMENT_ID) VALUES ('1511451595465-19', 'R3.Corda', 'migration/node-services.changelog-init.xml', NOW(), 50, '7:2aaf3df7bdbea9c71aa8bea4e14f11ef', 'createTable tableName=node_scheduled_states', '', 'EXECUTED', NULL, NULL, '3.5.4', '0860140250')
14:02:20.647 [Test worker] DEBUG liquibase - master.changelog.json: migration/node-services.changelog-init.xml::1511451595465-20::R3.Corda: Running Changeset:migration/node-services.changelog-init.xml::1511451595465-20::R3.Corda
14:02:20.647 [Test worker] DEBUG liquibase - master.changelog.json: migration/node-services.changelog-init.xml::1511451595465-20::R3.Corda: Changeset migration/node-services.changelog-init.xml::1511451595465-20::R3.Corda
14:02:20.647 [Test worker] DEBUG liquibase - master.changelog.json: migration/node-services.changelog-init.xml::1511451595465-20::R3.Corda: Reading ChangeSet: migration/node-services.changelog-init.xml::1511451595465-20::R3.Corda
14:02:20.648 [Test worker] DEBUG liquibase - master.changelog.json: migration/node-services.changelog-init.xml::1511451595465-20::R3.Corda: Executing Statement: liquibase.statement.core.CreateTableStatement@3e6fa3bc
14:02:20.648 [Test worker] DEBUG liquibase - master.changelog.json: migration/node-services.changelog-init.xml::1511451595465-20::R3.Corda: Executing EXECUTE database command: CREATE TABLE PUBLIC.node_transaction_mappings (tx_id NVARCHAR(64) NOT NULL, state_machine_run_id NVARCHAR(36))
14:02:20.648 [Test worker] INFO liquibase - master.changelog.json: migration/node-services.changelog-init.xml::1511451595465-20::R3.Corda: Table node_transaction_mappings created
14:02:20.648 [Test worker] INFO liquibase - master.changelog.json: migration/node-services.changelog-init.xml::1511451595465-20::R3.Corda: ChangeSet migration/node-services.changelog-init.xml::1511451595465-20::R3.Corda ran successfully in 1ms
14:02:20.649 [Test worker] DEBUG liquibase - master.changelog.json: migration/node-services.changelog-init.xml::1511451595465-20::R3.Corda: Executing EXECUTE database command: INSERT INTO PUBLIC.DATABASECHANGELOG (ID, AUTHOR, FILENAME, DATEEXECUTED, ORDEREXECUTED, MD5SUM, DESCRIPTION, COMMENTS, EXECTYPE, CONTEXTS, LABELS, LIQUIBASE, DEPLOYMENT_ID) VALUES ('1511451595465-20', 'R3.Corda', 'migration/node-services.changelog-init.xml', NOW(), 51, '7:f003464d28fe934c636b24e7c72d9c27', 'createTable tableName=node_transaction_mappings', '', 'EXECUTED', NULL, NULL, '3.5.4', '0860140250')
14:02:20.650 [Test worker] DEBUG liquibase - master.changelog.json: migration/node-services.changelog-init.xml::1511451595465-21::R3.Corda: Running Changeset:migration/node-services.changelog-init.xml::1511451595465-21::R3.Corda
14:02:20.650 [Test worker] DEBUG liquibase - master.changelog.json: migration/node-services.changelog-init.xml::1511451595465-21::R3.Corda: Changeset migration/node-services.changelog-init.xml::1511451595465-21::R3.Corda
14:02:20.650 [Test worker] DEBUG liquibase - master.changelog.json: migration/node-services.changelog-init.xml::1511451595465-21::R3.Corda: Reading ChangeSet: migration/node-services.changelog-init.xml::1511451595465-21::R3.Corda
14:02:20.650 [Test worker] DEBUG liquibase - master.changelog.json: migration/node-services.changelog-init.xml::1511451595465-21::R3.Corda: Executing Statement: liquibase.statement.core.CreateTableStatement@5f28eb13
14:02:20.650 [Test worker] DEBUG liquibase - master.changelog.json: migration/node-services.changelog-init.xml::1511451595465-21::R3.Corda: Executing EXECUTE database command: CREATE TABLE PUBLIC.node_transactions (tx_id NVARCHAR(64) NOT NULL, transaction_value BLOB)
14:02:20.651 [Test worker] INFO liquibase - master.changelog.json: migration/node-services.changelog-init.xml::1511451595465-21::R3.Corda: Table node_transactions created
14:02:20.651 [Test worker] INFO liquibase - master.changelog.json: migration/node-services.changelog-init.xml::1511451595465-21::R3.Corda: ChangeSet migration/node-services.changelog-init.xml::1511451595465-21::R3.Corda ran successfully in 1ms
14:02:20.654 [Test worker] DEBUG liquibase - master.changelog.json: migration/node-services.changelog-init.xml::1511451595465-21::R3.Corda: Executing EXECUTE database command: INSERT INTO PUBLIC.DATABASECHANGELOG (ID, AUTHOR, FILENAME, DATEEXECUTED, ORDEREXECUTED, MD5SUM, DESCRIPTION, COMMENTS, EXECTYPE, CONTEXTS, LABELS, LIQUIBASE, DEPLOYMENT_ID) VALUES ('1511451595465-21', 'R3.Corda', 'migration/node-services.changelog-init.xml', NOW(), 52, '7:8b167e9074e47be66c742aec5661b5d1', 'createTable tableName=node_transactions', '', 'EXECUTED', NULL, NULL, '3.5.4', '0860140250')
14:02:20.654 [Test worker] DEBUG liquibase - master.changelog.json: migration/node-services.changelog-init.xml::1511451595465-30::R3.Corda: Running Changeset:migration/node-services.changelog-init.xml::1511451595465-30::R3.Corda
14:02:20.654 [Test worker] DEBUG liquibase - master.changelog.json: migration/node-services.changelog-init.xml::1511451595465-30::R3.Corda: Changeset migration/node-services.changelog-init.xml::1511451595465-30::R3.Corda
14:02:20.654 [Test worker] DEBUG liquibase - master.changelog.json: migration/node-services.changelog-init.xml::1511451595465-30::R3.Corda: Reading ChangeSet: migration/node-services.changelog-init.xml::1511451595465-30::R3.Corda
14:02:20.654 [Test worker] DEBUG liquibase - master.changelog.json: migration/node-services.changelog-init.xml::1511451595465-30::R3.Corda: Executing Statement: liquibase.statement.core.AddPrimaryKeyStatement@6698c138
14:02:20.655 [Test worker] DEBUG liquibase - master.changelog.json: migration/node-services.changelog-init.xml::1511451595465-30::R3.Corda: Executing EXECUTE database command: ALTER TABLE PUBLIC.node_attachments ADD CONSTRAINT node_attachments_pkey PRIMARY KEY (att_id)
14:02:20.655 [Test worker] INFO liquibase - master.changelog.json: migration/node-services.changelog-init.xml::1511451595465-30::R3.Corda: Primary key added to node_attachments (att_id)
14:02:20.655 [Test worker] INFO liquibase - master.changelog.json: migration/node-services.changelog-init.xml::1511451595465-30::R3.Corda: ChangeSet migration/node-services.changelog-init.xml::1511451595465-30::R3.Corda ran successfully in 1ms
14:02:20.656 [Test worker] DEBUG liquibase - master.changelog.json: migration/node-services.changelog-init.xml::1511451595465-30::R3.Corda: Executing EXECUTE database command: INSERT INTO PUBLIC.DATABASECHANGELOG (ID, AUTHOR, FILENAME, DATEEXECUTED, ORDEREXECUTED, MD5SUM, DESCRIPTION, COMMENTS, EXECTYPE, CONTEXTS, LABELS, LIQUIBASE, DEPLOYMENT_ID) VALUES ('1511451595465-30', 'R3.Corda', 'migration/node-services.changelog-init.xml', NOW(), 53, '7:4aa12646e41346c10ae1d18b43468b3e', 'addPrimaryKey constraintName=node_attachments_pkey, tableName=node_attachments', '', 'EXECUTED', NULL, NULL, '3.5.4', '0860140250')
14:02:20.656 [Test worker] DEBUG liquibase - master.changelog.json: migration/node-services.changelog-init.xml::1511451595465-32::R3.Corda: Running Changeset:migration/node-services.changelog-init.xml::1511451595465-32::R3.Corda
14:02:20.657 [Test worker] DEBUG liquibase - master.changelog.json: migration/node-services.changelog-init.xml::1511451595465-32::R3.Corda: Changeset migration/node-services.changelog-init.xml::1511451595465-32::R3.Corda
14:02:20.657 [Test worker] DEBUG liquibase - master.changelog.json: migration/node-services.changelog-init.xml::1511451595465-32::R3.Corda: Reading ChangeSet: migration/node-services.changelog-init.xml::1511451595465-32::R3.Corda
14:02:20.657 [Test worker] DEBUG liquibase - master.changelog.json: migration/node-services.changelog-init.xml::1511451595465-32::R3.Corda: Executing Statement: liquibase.statement.core.AddPrimaryKeyStatement@6814da23
14:02:20.657 [Test worker] DEBUG liquibase - master.changelog.json: migration/node-services.changelog-init.xml::1511451595465-32::R3.Corda: Executing EXECUTE database command: ALTER TABLE PUBLIC.node_checkpoints ADD CONSTRAINT node_checkpoints_pkey PRIMARY KEY (checkpoint_id)
14:02:20.657 [Test worker] INFO liquibase - master.changelog.json: migration/node-services.changelog-init.xml::1511451595465-32::R3.Corda: Primary key added to node_checkpoints (checkpoint_id)
14:02:20.657 [Test worker] INFO liquibase - master.changelog.json: migration/node-services.changelog-init.xml::1511451595465-32::R3.Corda: ChangeSet migration/node-services.changelog-init.xml::1511451595465-32::R3.Corda ran successfully in 1ms
14:02:20.658 [Test worker] DEBUG liquibase - master.changelog.json: migration/node-services.changelog-init.xml::1511451595465-32::R3.Corda: Executing EXECUTE database command: INSERT INTO PUBLIC.DATABASECHANGELOG (ID, AUTHOR, FILENAME, DATEEXECUTED, ORDEREXECUTED, MD5SUM, DESCRIPTION, COMMENTS, EXECTYPE, CONTEXTS, LABELS, LIQUIBASE, DEPLOYMENT_ID) VALUES ('1511451595465-32', 'R3.Corda', 'migration/node-services.changelog-init.xml', NOW(), 54, '7:fa0f2ed27615a3fd2b799bb27b447a36', 'addPrimaryKey constraintName=node_checkpoints_pkey, tableName=node_checkpoints', '', 'EXECUTED', NULL, NULL, '3.5.4', '0860140250')
14:02:20.659 [Test worker] DEBUG liquibase - master.changelog.json: migration/node-services.changelog-init.xml::1511451595465-33::R3.Corda: Running Changeset:migration/node-services.changelog-init.xml::1511451595465-33::R3.Corda
14:02:20.659 [Test worker] DEBUG liquibase - master.changelog.json: migration/node-services.changelog-init.xml::1511451595465-33::R3.Corda: Changeset migration/node-services.changelog-init.xml::1511451595465-33::R3.Corda
14:02:20.659 [Test worker] DEBUG liquibase - master.changelog.json: migration/node-services.changelog-init.xml::1511451595465-33::R3.Corda: Reading ChangeSet: migration/node-services.changelog-init.xml::1511451595465-33::R3.Corda
14:02:20.659 [Test worker] DEBUG liquibase - master.changelog.json: migration/node-services.changelog-init.xml::1511451595465-33::R3.Corda: Executing Statement: liquibase.statement.core.AddPrimaryKeyStatement@6d0a0d6
14:02:20.659 [Test worker] DEBUG liquibase - master.changelog.json: migration/node-services.changelog-init.xml::1511451595465-33::R3.Corda: Executing EXECUTE database command: ALTER TABLE PUBLIC.node_contract_upgrades ADD CONSTRAINT node_contract_upgrades_pkey PRIMARY KEY (state_ref)
14:02:20.659 [Test worker] INFO liquibase - master.changelog.json: migration/node-services.changelog-init.xml::1511451595465-33::R3.Corda: Primary key added to node_contract_upgrades (state_ref)
14:02:20.659 [Test worker] INFO liquibase - master.changelog.json: migration/node-services.changelog-init.xml::1511451595465-33::R3.Corda: ChangeSet migration/node-services.changelog-init.xml::1511451595465-33::R3.Corda ran successfully in 0ms
14:02:20.660 [Test worker] DEBUG liquibase - master.changelog.json: migration/node-services.changelog-init.xml::1511451595465-33::R3.Corda: Executing EXECUTE database command: INSERT INTO PUBLIC.DATABASECHANGELOG (ID, AUTHOR, FILENAME, DATEEXECUTED, ORDEREXECUTED, MD5SUM, DESCRIPTION, COMMENTS, EXECTYPE, CONTEXTS, LABELS, LIQUIBASE, DEPLOYMENT_ID) VALUES ('1511451595465-33', 'R3.Corda', 'migration/node-services.changelog-init.xml', NOW(), 55, '7:37e38ccee8d375f364abca393727eec7', 'addPrimaryKey constraintName=node_contract_upgrades_pkey, tableName=node_contract_upgrades', '', 'EXECUTED', NULL, NULL, '3.5.4', '0860140250')
14:02:20.661 [Test worker] DEBUG liquibase - master.changelog.json: migration/node-services.changelog-init.xml::1511451595465-34::R3.Corda: Running Changeset:migration/node-services.changelog-init.xml::1511451595465-34::R3.Corda
14:02:20.661 [Test worker] DEBUG liquibase - master.changelog.json: migration/node-services.changelog-init.xml::1511451595465-34::R3.Corda: Changeset migration/node-services.changelog-init.xml::1511451595465-34::R3.Corda
14:02:20.661 [Test worker] DEBUG liquibase - master.changelog.json: migration/node-services.changelog-init.xml::1511451595465-34::R3.Corda: Reading ChangeSet: migration/node-services.changelog-init.xml::1511451595465-34::R3.Corda
14:02:20.661 [Test worker] DEBUG liquibase - master.changelog.json: migration/node-services.changelog-init.xml::1511451595465-34::R3.Corda: Executing Statement: liquibase.statement.core.AddPrimaryKeyStatement@5e0ef869
14:02:20.661 [Test worker] DEBUG liquibase - master.changelog.json: migration/node-services.changelog-init.xml::1511451595465-34::R3.Corda: Executing EXECUTE database command: ALTER TABLE PUBLIC.node_identities ADD CONSTRAINT node_identities_pkey PRIMARY KEY (pk_hash)
14:02:20.661 [Test worker] INFO liquibase - master.changelog.json: migration/node-services.changelog-init.xml::1511451595465-34::R3.Corda: Primary key added to node_identities (pk_hash)
14:02:20.661 [Test worker] INFO liquibase - master.changelog.json: migration/node-services.changelog-init.xml::1511451595465-34::R3.Corda: ChangeSet migration/node-services.changelog-init.xml::1511451595465-34::R3.Corda ran successfully in 0ms
14:02:20.662 [Test worker] DEBUG liquibase - master.changelog.json: migration/node-services.changelog-init.xml::1511451595465-34::R3.Corda: Executing EXECUTE database command: INSERT INTO PUBLIC.DATABASECHANGELOG (ID, AUTHOR, FILENAME, DATEEXECUTED, ORDEREXECUTED, MD5SUM, DESCRIPTION, COMMENTS, EXECTYPE, CONTEXTS, LABELS, LIQUIBASE, DEPLOYMENT_ID) VALUES ('1511451595465-34', 'R3.Corda', 'migration/node-services.changelog-init.xml', NOW(), 56, '7:43d4f1fd6b4b69fcd6b046d8806c8f50', 'addPrimaryKey constraintName=node_identities_pkey, tableName=node_identities', '', 'EXECUTED', NULL, NULL, '3.5.4', '0860140250')
14:02:20.663 [Test worker] DEBUG liquibase - master.changelog.json: migration/node-services.changelog-init.xml::1511451595465-38::R3.Corda: Running Changeset:migration/node-services.changelog-init.xml::1511451595465-38::R3.Corda
14:02:20.663 [Test worker] DEBUG liquibase - master.changelog.json: migration/node-services.changelog-init.xml::1511451595465-38::R3.Corda: Changeset migration/node-services.changelog-init.xml::1511451595465-38::R3.Corda
14:02:20.663 [Test worker] DEBUG liquibase - master.changelog.json: migration/node-services.changelog-init.xml::1511451595465-38::R3.Corda: Reading ChangeSet: migration/node-services.changelog-init.xml::1511451595465-38::R3.Corda
14:02:20.663 [Test worker] DEBUG liquibase - master.changelog.json: migration/node-services.changelog-init.xml::1511451595465-38::R3.Corda: Executing Statement: liquibase.statement.core.AddPrimaryKeyStatement@1292e0fb
14:02:20.663 [Test worker] DEBUG liquibase - master.changelog.json: migration/node-services.changelog-init.xml::1511451595465-38::R3.Corda: Executing EXECUTE database command: ALTER TABLE PUBLIC.node_message_ids ADD CONSTRAINT node_message_ids_pkey PRIMARY KEY (message_id)
14:02:20.663 [Test worker] INFO liquibase - master.changelog.json: migration/node-services.changelog-init.xml::1511451595465-38::R3.Corda: Primary key added to node_message_ids (message_id)
14:02:20.663 [Test worker] INFO liquibase - master.changelog.json: migration/node-services.changelog-init.xml::1511451595465-38::R3.Corda: ChangeSet migration/node-services.changelog-init.xml::1511451595465-38::R3.Corda ran successfully in 0ms
14:02:20.664 [Test worker] DEBUG liquibase - master.changelog.json: migration/node-services.changelog-init.xml::1511451595465-38::R3.Corda: Executing EXECUTE database command: INSERT INTO PUBLIC.DATABASECHANGELOG (ID, AUTHOR, FILENAME, DATEEXECUTED, ORDEREXECUTED, MD5SUM, DESCRIPTION, COMMENTS, EXECTYPE, CONTEXTS, LABELS, LIQUIBASE, DEPLOYMENT_ID) VALUES ('1511451595465-38', 'R3.Corda', 'migration/node-services.changelog-init.xml', NOW(), 57, '7:37825d1c920089f5d1d8667fae2a0770', 'addPrimaryKey constraintName=node_message_ids_pkey, tableName=node_message_ids', '', 'EXECUTED', NULL, NULL, '3.5.4', '0860140250')
14:02:20.665 [Test worker] DEBUG liquibase - master.changelog.json: migration/node-services.changelog-init.xml::1511451595465-39::R3.Corda: Running Changeset:migration/node-services.changelog-init.xml::1511451595465-39::R3.Corda
14:02:20.665 [Test worker] DEBUG liquibase - master.changelog.json: migration/node-services.changelog-init.xml::1511451595465-39::R3.Corda: Changeset migration/node-services.changelog-init.xml::1511451595465-39::R3.Corda
14:02:20.665 [Test worker] DEBUG liquibase - master.changelog.json: migration/node-services.changelog-init.xml::1511451595465-39::R3.Corda: Reading ChangeSet: migration/node-services.changelog-init.xml::1511451595465-39::R3.Corda
14:02:20.665 [Test worker] DEBUG liquibase - master.changelog.json: migration/node-services.changelog-init.xml::1511451595465-39::R3.Corda: Executing Statement: liquibase.statement.core.AddPrimaryKeyStatement@293acb36
14:02:20.665 [Test worker] DEBUG liquibase - master.changelog.json: migration/node-services.changelog-init.xml::1511451595465-39::R3.Corda: Executing EXECUTE database command: ALTER TABLE PUBLIC.node_message_retry ADD CONSTRAINT node_message_retry_pkey PRIMARY KEY (message_id)
14:02:20.665 [Test worker] INFO liquibase - master.changelog.json: migration/node-services.changelog-init.xml::1511451595465-39::R3.Corda: Primary key added to node_message_retry (message_id)
14:02:20.665 [Test worker] INFO liquibase - master.changelog.json: migration/node-services.changelog-init.xml::1511451595465-39::R3.Corda: ChangeSet migration/node-services.changelog-init.xml::1511451595465-39::R3.Corda ran successfully in 0ms
14:02:20.666 [Test worker] DEBUG liquibase - master.changelog.json: migration/node-services.changelog-init.xml::1511451595465-39::R3.Corda: Executing EXECUTE database command: INSERT INTO PUBLIC.DATABASECHANGELOG (ID, AUTHOR, FILENAME, DATEEXECUTED, ORDEREXECUTED, MD5SUM, DESCRIPTION, COMMENTS, EXECTYPE, CONTEXTS, LABELS, LIQUIBASE, DEPLOYMENT_ID) VALUES ('1511451595465-39', 'R3.Corda', 'migration/node-services.changelog-init.xml', NOW(), 58, '7:7cc6fa875e39740c709235ff27960561', 'addPrimaryKey constraintName=node_message_retry_pkey, tableName=node_message_retry', '', 'EXECUTED', NULL, NULL, '3.5.4', '0860140250')
14:02:20.666 [Test worker] DEBUG liquibase - master.changelog.json: migration/node-services.changelog-init.xml::1511451595465-40::R3.Corda: Running Changeset:migration/node-services.changelog-init.xml::1511451595465-40::R3.Corda
14:02:20.666 [Test worker] DEBUG liquibase - master.changelog.json: migration/node-services.changelog-init.xml::1511451595465-40::R3.Corda: Changeset migration/node-services.changelog-init.xml::1511451595465-40::R3.Corda
14:02:20.666 [Test worker] DEBUG liquibase - master.changelog.json: migration/node-services.changelog-init.xml::1511451595465-40::R3.Corda: Reading ChangeSet: migration/node-services.changelog-init.xml::1511451595465-40::R3.Corda
14:02:20.666 [Test worker] DEBUG liquibase - master.changelog.json: migration/node-services.changelog-init.xml::1511451595465-40::R3.Corda: Executing Statement: liquibase.statement.core.AddPrimaryKeyStatement@2dda8ef5
14:02:20.667 [Test worker] DEBUG liquibase - master.changelog.json: migration/node-services.changelog-init.xml::1511451595465-40::R3.Corda: Executing EXECUTE database command: ALTER TABLE PUBLIC.node_named_identities ADD CONSTRAINT node_named_identities_pkey PRIMARY KEY (name)
14:02:20.667 [Test worker] INFO liquibase - master.changelog.json: migration/node-services.changelog-init.xml::1511451595465-40::R3.Corda: Primary key added to node_named_identities (name)
14:02:20.667 [Test worker] INFO liquibase - master.changelog.json: migration/node-services.changelog-init.xml::1511451595465-40::R3.Corda: ChangeSet migration/node-services.changelog-init.xml::1511451595465-40::R3.Corda ran successfully in 1ms
14:02:20.668 [Test worker] DEBUG liquibase - master.changelog.json: migration/node-services.changelog-init.xml::1511451595465-40::R3.Corda: Executing EXECUTE database command: INSERT INTO PUBLIC.DATABASECHANGELOG (ID, AUTHOR, FILENAME, DATEEXECUTED, ORDEREXECUTED, MD5SUM, DESCRIPTION, COMMENTS, EXECTYPE, CONTEXTS, LABELS, LIQUIBASE, DEPLOYMENT_ID) VALUES ('1511451595465-40', 'R3.Corda', 'migration/node-services.changelog-init.xml', NOW(), 59, '7:9fac7485c58064b7e7ddce0bd1af86c4', 'addPrimaryKey constraintName=node_named_identities_pkey, tableName=node_named_identities', '', 'EXECUTED', NULL, NULL, '3.5.4', '0860140250')
14:02:20.669 [Test worker] DEBUG liquibase - master.changelog.json: migration/node-services.changelog-init.xml::1511451595465-42::R3.Corda: Running Changeset:migration/node-services.changelog-init.xml::1511451595465-42::R3.Corda
14:02:20.669 [Test worker] DEBUG liquibase - master.changelog.json: migration/node-services.changelog-init.xml::1511451595465-42::R3.Corda: Changeset migration/node-services.changelog-init.xml::1511451595465-42::R3.Corda
14:02:20.669 [Test worker] DEBUG liquibase - master.changelog.json: migration/node-services.changelog-init.xml::1511451595465-42::R3.Corda: Reading ChangeSet: migration/node-services.changelog-init.xml::1511451595465-42::R3.Corda
14:02:20.669 [Test worker] DEBUG liquibase - master.changelog.json: migration/node-services.changelog-init.xml::1511451595465-42::R3.Corda: Executing Statement: liquibase.statement.core.AddPrimaryKeyStatement@34d14f83
14:02:20.669 [Test worker] DEBUG liquibase - master.changelog.json: migration/node-services.changelog-init.xml::1511451595465-42::R3.Corda: Executing EXECUTE database command: ALTER TABLE PUBLIC.node_our_key_pairs ADD CONSTRAINT node_our_key_pairs_pkey PRIMARY KEY (public_key_hash)
14:02:20.670 [Test worker] INFO liquibase - master.changelog.json: migration/node-services.changelog-init.xml::1511451595465-42::R3.Corda: Primary key added to node_our_key_pairs (public_key_hash)
14:02:20.670 [Test worker] INFO liquibase - master.changelog.json: migration/node-services.changelog-init.xml::1511451595465-42::R3.Corda: ChangeSet migration/node-services.changelog-init.xml::1511451595465-42::R3.Corda ran successfully in 1ms
14:02:20.671 [Test worker] DEBUG liquibase - master.changelog.json: migration/node-services.changelog-init.xml::1511451595465-42::R3.Corda: Executing EXECUTE database command: INSERT INTO PUBLIC.DATABASECHANGELOG (ID, AUTHOR, FILENAME, DATEEXECUTED, ORDEREXECUTED, MD5SUM, DESCRIPTION, COMMENTS, EXECTYPE, CONTEXTS, LABELS, LIQUIBASE, DEPLOYMENT_ID) VALUES ('1511451595465-42', 'R3.Corda', 'migration/node-services.changelog-init.xml', NOW(), 60, '7:e3644c4b7315958cfb3a3cd4a3f40946', 'addPrimaryKey constraintName=node_our_key_pairs_pkey, tableName=node_our_key_pairs', '', 'EXECUTED', NULL, NULL, '3.5.4', '0860140250')
14:02:20.672 [Test worker] DEBUG liquibase - master.changelog.json: migration/node-services.changelog-init.xml::1511451595465-44::R3.Corda: Running Changeset:migration/node-services.changelog-init.xml::1511451595465-44::R3.Corda
14:02:20.672 [Test worker] DEBUG liquibase - master.changelog.json: migration/node-services.changelog-init.xml::1511451595465-44::R3.Corda: Changeset migration/node-services.changelog-init.xml::1511451595465-44::R3.Corda
14:02:20.672 [Test worker] DEBUG liquibase - master.changelog.json: migration/node-services.changelog-init.xml::1511451595465-44::R3.Corda: Reading ChangeSet: migration/node-services.changelog-init.xml::1511451595465-44::R3.Corda
14:02:20.672 [Test worker] DEBUG liquibase - master.changelog.json: migration/node-services.changelog-init.xml::1511451595465-44::R3.Corda: Executing Statement: liquibase.statement.core.AddPrimaryKeyStatement@4b38eff3
14:02:20.672 [Test worker] DEBUG liquibase - master.changelog.json: migration/node-services.changelog-init.xml::1511451595465-44::R3.Corda: Executing EXECUTE database command: ALTER TABLE PUBLIC.node_scheduled_states ADD CONSTRAINT node_scheduled_states_pkey PRIMARY KEY (output_index, transaction_id)
14:02:20.672 [Test worker] INFO liquibase - master.changelog.json: migration/node-services.changelog-init.xml::1511451595465-44::R3.Corda: Primary key added to node_scheduled_states (output_index, transaction_id)
14:02:20.672 [Test worker] INFO liquibase - master.changelog.json: migration/node-services.changelog-init.xml::1511451595465-44::R3.Corda: ChangeSet migration/node-services.changelog-init.xml::1511451595465-44::R3.Corda ran successfully in 0ms
14:02:20.673 [Test worker] DEBUG liquibase - master.changelog.json: migration/node-services.changelog-init.xml::1511451595465-44::R3.Corda: Executing EXECUTE database command: INSERT INTO PUBLIC.DATABASECHANGELOG (ID, AUTHOR, FILENAME, DATEEXECUTED, ORDEREXECUTED, MD5SUM, DESCRIPTION, COMMENTS, EXECTYPE, CONTEXTS, LABELS, LIQUIBASE, DEPLOYMENT_ID) VALUES ('1511451595465-44', 'R3.Corda', 'migration/node-services.changelog-init.xml', NOW(), 61, '7:122e6cc40f7e50d8c9ffeb46861ed786', 'addPrimaryKey constraintName=node_scheduled_states_pkey, tableName=node_scheduled_states', '', 'EXECUTED', NULL, NULL, '3.5.4', '0860140250')
14:02:20.674 [Test worker] DEBUG liquibase - master.changelog.json: migration/node-services.changelog-init.xml::1511451595465-45::R3.Corda: Running Changeset:migration/node-services.changelog-init.xml::1511451595465-45::R3.Corda
14:02:20.674 [Test worker] DEBUG liquibase - master.changelog.json: migration/node-services.changelog-init.xml::1511451595465-45::R3.Corda: Changeset migration/node-services.changelog-init.xml::1511451595465-45::R3.Corda
14:02:20.674 [Test worker] DEBUG liquibase - master.changelog.json: migration/node-services.changelog-init.xml::1511451595465-45::R3.Corda: Reading ChangeSet: migration/node-services.changelog-init.xml::1511451595465-45::R3.Corda
14:02:20.674 [Test worker] DEBUG liquibase - master.changelog.json: migration/node-services.changelog-init.xml::1511451595465-45::R3.Corda: Executing Statement: liquibase.statement.core.AddPrimaryKeyStatement@609ccf86
14:02:20.674 [Test worker] DEBUG liquibase - master.changelog.json: migration/node-services.changelog-init.xml::1511451595465-45::R3.Corda: Executing EXECUTE database command: ALTER TABLE PUBLIC.node_transaction_mappings ADD CONSTRAINT node_transaction_mappings_pkey PRIMARY KEY (tx_id)
14:02:20.674 [Test worker] INFO liquibase - master.changelog.json: migration/node-services.changelog-init.xml::1511451595465-45::R3.Corda: Primary key added to node_transaction_mappings (tx_id)
14:02:20.674 [Test worker] INFO liquibase - master.changelog.json: migration/node-services.changelog-init.xml::1511451595465-45::R3.Corda: ChangeSet migration/node-services.changelog-init.xml::1511451595465-45::R3.Corda ran successfully in 0ms
14:02:20.675 [Test worker] DEBUG liquibase - master.changelog.json: migration/node-services.changelog-init.xml::1511451595465-45::R3.Corda: Executing EXECUTE database command: INSERT INTO PUBLIC.DATABASECHANGELOG (ID, AUTHOR, FILENAME, DATEEXECUTED, ORDEREXECUTED, MD5SUM, DESCRIPTION, COMMENTS, EXECTYPE, CONTEXTS, LABELS, LIQUIBASE, DEPLOYMENT_ID) VALUES ('1511451595465-45', 'R3.Corda', 'migration/node-services.changelog-init.xml', NOW(), 62, '7:c4ba1fcc19b22e52678633b13053eaa1', 'addPrimaryKey constraintName=node_transaction_mappings_pkey, tableName=node_transaction_mappings', '', 'EXECUTED', NULL, NULL, '3.5.4', '0860140250')
14:02:20.676 [Test worker] DEBUG liquibase - master.changelog.json: migration/node-services.changelog-init.xml::1511451595465-46::R3.Corda: Running Changeset:migration/node-services.changelog-init.xml::1511451595465-46::R3.Corda
14:02:20.676 [Test worker] DEBUG liquibase - master.changelog.json: migration/node-services.changelog-init.xml::1511451595465-46::R3.Corda: Changeset migration/node-services.changelog-init.xml::1511451595465-46::R3.Corda
14:02:20.676 [Test worker] DEBUG liquibase - master.changelog.json: migration/node-services.changelog-init.xml::1511451595465-46::R3.Corda: Reading ChangeSet: migration/node-services.changelog-init.xml::1511451595465-46::R3.Corda
14:02:20.676 [Test worker] DEBUG liquibase - master.changelog.json: migration/node-services.changelog-init.xml::1511451595465-46::R3.Corda: Executing Statement: liquibase.statement.core.AddPrimaryKeyStatement@24a05b53
14:02:20.676 [Test worker] DEBUG liquibase - master.changelog.json: migration/node-services.changelog-init.xml::1511451595465-46::R3.Corda: Executing EXECUTE database command: ALTER TABLE PUBLIC.node_transactions ADD CONSTRAINT node_transactions_pkey PRIMARY KEY (tx_id)
14:02:20.676 [Test worker] INFO liquibase - master.changelog.json: migration/node-services.changelog-init.xml::1511451595465-46::R3.Corda: Primary key added to node_transactions (tx_id)
14:02:20.676 [Test worker] INFO liquibase - master.changelog.json: migration/node-services.changelog-init.xml::1511451595465-46::R3.Corda: ChangeSet migration/node-services.changelog-init.xml::1511451595465-46::R3.Corda ran successfully in 0ms
14:02:20.678 [Test worker] DEBUG liquibase - master.changelog.json: migration/node-services.changelog-init.xml::1511451595465-46::R3.Corda: Executing EXECUTE database command: INSERT INTO PUBLIC.DATABASECHANGELOG (ID, AUTHOR, FILENAME, DATEEXECUTED, ORDEREXECUTED, MD5SUM, DESCRIPTION, COMMENTS, EXECTYPE, CONTEXTS, LABELS, LIQUIBASE, DEPLOYMENT_ID) VALUES ('1511451595465-46', 'R3.Corda', 'migration/node-services.changelog-init.xml', NOW(), 63, '7:1a41a33c68c6f56be99cbfa9af7c2646', 'addPrimaryKey constraintName=node_transactions_pkey, tableName=node_transactions', '', 'EXECUTED', NULL, NULL, '3.5.4', '0860140250')
14:02:20.678 [Test worker] DEBUG liquibase - master.changelog.json: migration/node-services.changelog-init.xml::1511451595465-61::R3.Corda: Running Changeset:migration/node-services.changelog-init.xml::1511451595465-61::R3.Corda
14:02:20.678 [Test worker] DEBUG liquibase - master.changelog.json: migration/node-services.changelog-init.xml::1511451595465-61::R3.Corda: Changeset migration/node-services.changelog-init.xml::1511451595465-61::R3.Corda
14:02:20.678 [Test worker] DEBUG liquibase - master.changelog.json: migration/node-services.changelog-init.xml::1511451595465-61::R3.Corda: Reading ChangeSet: migration/node-services.changelog-init.xml::1511451595465-61::R3.Corda
14:02:20.678 [Test worker] DEBUG liquibase - master.changelog.json: migration/node-services.changelog-init.xml::1511451595465-61::R3.Corda: Executing Statement: liquibase.statement.core.AddForeignKeyConstraintStatement@68ae263d
14:02:20.679 [Test worker] DEBUG liquibase - master.changelog.json: migration/node-services.changelog-init.xml::1511451595465-61::R3.Corda: Executing EXECUTE database command: ALTER TABLE PUBLIC.node_link_nodeinfo_party ADD CONSTRAINT FK__link_ni_p__info_p_cert FOREIGN KEY (party_name) REFERENCES PUBLIC.node_info_party_cert (party_name)
14:02:20.679 [Test worker] INFO liquibase - master.changelog.json: migration/node-services.changelog-init.xml::1511451595465-61::R3.Corda: Foreign key constraint added to node_link_nodeinfo_party (party_name)
14:02:20.680 [Test worker] INFO liquibase - master.changelog.json: migration/node-services.changelog-init.xml::1511451595465-61::R3.Corda: ChangeSet migration/node-services.changelog-init.xml::1511451595465-61::R3.Corda ran successfully in 2ms
14:02:20.681 [Test worker] DEBUG liquibase - master.changelog.json: migration/node-services.changelog-init.xml::1511451595465-61::R3.Corda: Executing EXECUTE database command: INSERT INTO PUBLIC.DATABASECHANGELOG (ID, AUTHOR, FILENAME, DATEEXECUTED, ORDEREXECUTED, MD5SUM, DESCRIPTION, COMMENTS, EXECTYPE, CONTEXTS, LABELS, LIQUIBASE, DEPLOYMENT_ID) VALUES ('1511451595465-61', 'R3.Corda', 'migration/node-services.changelog-init.xml', NOW(), 64, '7:f753db641a982caad48d7169dafbc854', 'addForeignKeyConstraint baseTableName=node_link_nodeinfo_party, constraintName=FK__link_ni_p__info_p_cert, referencedTableName=node_info_party_cert', '', 'EXECUTED', NULL, NULL, '3.5.4', '0860140250')
14:02:20.681 [Test worker] DEBUG liquibase - master.changelog.json: migration/node-services.changelog-init.xml::add index att_id::R3.Corda: Running Changeset:migration/node-services.changelog-init.xml::add index att_id::R3.Corda
14:02:20.682 [Test worker] DEBUG liquibase - master.changelog.json: migration/node-services.changelog-init.xml::add index att_id::R3.Corda: Changeset migration/node-services.changelog-init.xml::add index att_id::R3.Corda
14:02:20.682 [Test worker] DEBUG liquibase - master.changelog.json: migration/node-services.changelog-init.xml::add index att_id::R3.Corda: Reading ChangeSet: migration/node-services.changelog-init.xml::add index att_id::R3.Corda
14:02:20.682 [Test worker] DEBUG liquibase - master.changelog.json: migration/node-services.changelog-init.xml::add index att_id::R3.Corda: Executing Statement: liquibase.statement.core.CreateIndexStatement@37d01904
14:02:20.682 [Test worker] DEBUG liquibase - master.changelog.json: migration/node-services.changelog-init.xml::add index att_id::R3.Corda: Executing EXECUTE database command: CREATE INDEX PUBLIC.att_id_idx ON PUBLIC.node_attachments(att_id)
14:02:20.682 [Test worker] INFO liquibase - master.changelog.json: migration/node-services.changelog-init.xml::add index att_id::R3.Corda: Index att_id_idx created
14:02:20.682 [Test worker] INFO liquibase - master.changelog.json: migration/node-services.changelog-init.xml::add index att_id::R3.Corda: ChangeSet migration/node-services.changelog-init.xml::add index att_id::R3.Corda ran successfully in 1ms
14:02:20.683 [Test worker] DEBUG liquibase - master.changelog.json: migration/node-services.changelog-init.xml::add index att_id::R3.Corda: Executing EXECUTE database command: INSERT INTO PUBLIC.DATABASECHANGELOG (ID, AUTHOR, FILENAME, DATEEXECUTED, ORDEREXECUTED, MD5SUM, DESCRIPTION, COMMENTS, EXECTYPE, CONTEXTS, LABELS, LIQUIBASE, DEPLOYMENT_ID) VALUES ('add index att_id', 'R3.Corda', 'migration/node-services.changelog-init.xml', NOW(), 65, '7:302188110e9124abd4ef58020255fbb0', 'createIndex indexName=att_id_idx, tableName=node_attachments', '', 'EXECUTED', NULL, NULL, '3.5.4', '0860140250')
14:02:20.684 [Test worker] DEBUG liquibase - master.changelog.json: migration/node-services.changelog-init.xml::add_contract_attachment::R3.Corda: Running Changeset:migration/node-services.changelog-init.xml::add_contract_attachment::R3.Corda
14:02:20.684 [Test worker] DEBUG liquibase - master.changelog.json: migration/node-services.changelog-init.xml::add_contract_attachment::R3.Corda: Changeset migration/node-services.changelog-init.xml::add_contract_attachment::R3.Corda
14:02:20.684 [Test worker] DEBUG liquibase - master.changelog.json: migration/node-services.changelog-init.xml::add_contract_attachment::R3.Corda: Reading ChangeSet: migration/node-services.changelog-init.xml::add_contract_attachment::R3.Corda
14:02:20.684 [Test worker] DEBUG liquibase - master.changelog.json: migration/node-services.changelog-init.xml::add_contract_attachment::R3.Corda: Executing Statement: liquibase.statement.core.CreateTableStatement@13377fe6
14:02:20.685 [Test worker] DEBUG liquibase - master.changelog.json: migration/node-services.changelog-init.xml::add_contract_attachment::R3.Corda: Executing EXECUTE database command: CREATE TABLE PUBLIC.node_attchments_contracts (att_id NVARCHAR(255) NOT NULL, contract_class_name NVARCHAR(255))
14:02:20.685 [Test worker] INFO liquibase - master.changelog.json: migration/node-services.changelog-init.xml::add_contract_attachment::R3.Corda: Table node_attchments_contracts created
14:02:20.685 [Test worker] DEBUG liquibase - master.changelog.json: migration/node-services.changelog-init.xml::add_contract_attachment::R3.Corda: Executing Statement: liquibase.statement.core.AddForeignKeyConstraintStatement@30982ba8
14:02:20.685 [Test worker] DEBUG liquibase - master.changelog.json: migration/node-services.changelog-init.xml::add_contract_attachment::R3.Corda: Executing EXECUTE database command: ALTER TABLE PUBLIC.node_attchments_contracts ADD CONSTRAINT FK__ctr_class__attachments FOREIGN KEY (att_id) REFERENCES PUBLIC.node_attachments (att_id)
14:02:20.687 [Test worker] INFO liquibase - master.changelog.json: migration/node-services.changelog-init.xml::add_contract_attachment::R3.Corda: Foreign key constraint added to node_attchments_contracts (att_id)
14:02:20.687 [Test worker] DEBUG liquibase - master.changelog.json: migration/node-services.changelog-init.xml::add_contract_attachment::R3.Corda: Executing Statement: liquibase.statement.core.DeleteStatement@431574ba
14:02:20.687 [Test worker] DEBUG liquibase - master.changelog.json: migration/node-services.changelog-init.xml::add_contract_attachment::R3.Corda: Executing EXECUTE database command: DELETE FROM PUBLIC.node_attachments
14:02:20.687 [Test worker] INFO liquibase - master.changelog.json: migration/node-services.changelog-init.xml::add_contract_attachment::R3.Corda: Data deleted from node_attachments
14:02:20.687 [Test worker] INFO liquibase - master.changelog.json: migration/node-services.changelog-init.xml::add_contract_attachment::R3.Corda: ChangeSet migration/node-services.changelog-init.xml::add_contract_attachment::R3.Corda ran successfully in 3ms
14:02:20.689 [Test worker] DEBUG liquibase - master.changelog.json: migration/node-services.changelog-init.xml::add_contract_attachment::R3.Corda: Executing EXECUTE database command: INSERT INTO PUBLIC.DATABASECHANGELOG (ID, AUTHOR, FILENAME, DATEEXECUTED, ORDEREXECUTED, MD5SUM, DESCRIPTION, COMMENTS, EXECTYPE, CONTEXTS, LABELS, LIQUIBASE, DEPLOYMENT_ID) VALUES ('add_contract_attachment', 'R3.Corda', 'migration/node-services.changelog-init.xml', NOW(), 66, '7:2cfbc6a84cfcd7b8ce011b58aa70f584', 'createTable tableName=node_attchments_contracts; addForeignKeyConstraint baseTableName=node_attchments_contracts, constraintName=FK__ctr_class__attachments, referencedTableName=node_attachments; delete tableName=node_attachments', '', 'EXECUTED', NULL, NULL, '3.5.4', '0860140250')
14:02:20.689 [Test worker] DEBUG liquibase - master.changelog.json: migration/node-services.changelog-init.xml::add_dedup_columns::R3.Corda: Running Changeset:migration/node-services.changelog-init.xml::add_dedup_columns::R3.Corda
14:02:20.689 [Test worker] DEBUG liquibase - master.changelog.json: migration/node-services.changelog-init.xml::add_dedup_columns::R3.Corda: Changeset migration/node-services.changelog-init.xml::add_dedup_columns::R3.Corda
14:02:20.689 [Test worker] DEBUG liquibase - master.changelog.json: migration/node-services.changelog-init.xml::add_dedup_columns::R3.Corda: Reading ChangeSet: migration/node-services.changelog-init.xml::add_dedup_columns::R3.Corda
14:02:20.690 [Test worker] DEBUG liquibase - master.changelog.json: migration/node-services.changelog-init.xml::add_dedup_columns::R3.Corda: Executing Statement: liquibase.statement.core.AddColumnStatement@3b059982
14:02:20.690 [Test worker] DEBUG liquibase - master.changelog.json: migration/node-services.changelog-init.xml::add_dedup_columns::R3.Corda: Executing EXECUTE database command: ALTER TABLE PUBLIC.node_message_ids ADD sender NVARCHAR(64)
14:02:20.691 [Test worker] DEBUG liquibase - master.changelog.json: migration/node-services.changelog-init.xml::add_dedup_columns::R3.Corda: Executing EXECUTE database command: ALTER TABLE PUBLIC.node_message_ids ADD sequence_number BIGINT
14:02:20.693 [Test worker] INFO liquibase - master.changelog.json: migration/node-services.changelog-init.xml::add_dedup_columns::R3.Corda: Columns sender(NVARCHAR(64)),sequence_number(BIGINT) added to node_message_ids
14:02:20.693 [Test worker] INFO liquibase - master.changelog.json: migration/node-services.changelog-init.xml::add_dedup_columns::R3.Corda: ChangeSet migration/node-services.changelog-init.xml::add_dedup_columns::R3.Corda ran successfully in 4ms
14:02:20.694 [Test worker] DEBUG liquibase - master.changelog.json: migration/node-services.changelog-init.xml::add_dedup_columns::R3.Corda: Executing EXECUTE database command: INSERT INTO PUBLIC.DATABASECHANGELOG (ID, AUTHOR, FILENAME, DATEEXECUTED, ORDEREXECUTED, MD5SUM, DESCRIPTION, COMMENTS, EXECTYPE, CONTEXTS, LABELS, LIQUIBASE, DEPLOYMENT_ID) VALUES ('add_dedup_columns', 'R3.Corda', 'migration/node-services.changelog-init.xml', NOW(), 67, '7:376ede2552aa97e8abf9d9a808c16692', 'addColumn tableName=node_message_ids', '', 'EXECUTED', NULL, NULL, '3.5.4', '0860140250')
14:02:20.694 [Test worker] DEBUG liquibase - master.changelog.json: migration/node-core.changelog-v4.xml::attchments_rename::R3.Corda: Running Changeset:migration/node-core.changelog-v4.xml::attchments_rename::R3.Corda
14:02:20.694 [Test worker] DEBUG liquibase - master.changelog.json: migration/node-core.changelog-v4.xml::attchments_rename::R3.Corda: Changeset migration/node-core.changelog-v4.xml::attchments_rename::R3.Corda
14:02:20.694 [Test worker] DEBUG liquibase - master.changelog.json: migration/node-core.changelog-v4.xml::attchments_rename::R3.Corda: Reading ChangeSet: migration/node-core.changelog-v4.xml::attchments_rename::R3.Corda
14:02:20.694 [Test worker] DEBUG liquibase - master.changelog.json: migration/node-core.changelog-v4.xml::attchments_rename::R3.Corda: Executing Statement: liquibase.statement.core.RenameTableStatement@f0113d2
14:02:20.695 [Test worker] DEBUG liquibase - master.changelog.json: migration/node-core.changelog-v4.xml::attchments_rename::R3.Corda: Executing EXECUTE database command: ALTER TABLE PUBLIC.node_attchments_contracts RENAME TO node_attachments_contracts
14:02:20.695 [Test worker] INFO liquibase - master.changelog.json: migration/node-core.changelog-v4.xml::attchments_rename::R3.Corda: Table node_attchments_contracts renamed to node_attachments_contracts
14:02:20.695 [Test worker] INFO liquibase - master.changelog.json: migration/node-core.changelog-v4.xml::attchments_rename::R3.Corda: ChangeSet migration/node-core.changelog-v4.xml::attchments_rename::R3.Corda ran successfully in 1ms
14:02:20.696 [Test worker] DEBUG liquibase - master.changelog.json: migration/node-core.changelog-v4.xml::attchments_rename::R3.Corda: Executing EXECUTE database command: INSERT INTO PUBLIC.DATABASECHANGELOG (ID, AUTHOR, FILENAME, DATEEXECUTED, ORDEREXECUTED, MD5SUM, DESCRIPTION, COMMENTS, EXECTYPE, CONTEXTS, LABELS, LIQUIBASE, DEPLOYMENT_ID) VALUES ('attchments_rename', 'R3.Corda', 'migration/node-core.changelog-v4.xml', NOW(), 68, '7:9c9553fbc45dfa0ec2117a113b1bfb13', 'renameTable newTableName=node_attachments_contracts, oldTableName=node_attchments_contracts', '', 'EXECUTED', NULL, NULL, '3.5.4', '0860140250')
14:02:20.697 [Test worker] DEBUG liquibase - master.changelog.json: migration/node-core.changelog-v4.xml::nullability::R3.Corda: Running Changeset:migration/node-core.changelog-v4.xml::nullability::R3.Corda
14:02:20.697 [Test worker] DEBUG liquibase - master.changelog.json: migration/node-core.changelog-v4.xml::nullability::R3.Corda: Changeset migration/node-core.changelog-v4.xml::nullability::R3.Corda
14:02:20.697 [Test worker] DEBUG liquibase - master.changelog.json: migration/node-core.changelog-v4.xml::nullability::R3.Corda: Reading ChangeSet: migration/node-core.changelog-v4.xml::nullability::R3.Corda
14:02:20.697 [Test worker] DEBUG liquibase - master.changelog.json: migration/node-core.changelog-v4.xml::nullability::R3.Corda: Executing Statement: liquibase.statement.core.SetNullableStatement@775df533
14:02:20.697 [Test worker] DEBUG liquibase - master.changelog.json: migration/node-core.changelog-v4.xml::nullability::R3.Corda: Executing EXECUTE database command: ALTER TABLE PUBLIC.node_identities ALTER COLUMN identity_value SET NOT NULL
14:02:20.697 [Test worker] INFO liquibase - master.changelog.json: migration/node-core.changelog-v4.xml::nullability::R3.Corda: Null constraint has been added to node_identities.identity_value
14:02:20.698 [Test worker] DEBUG liquibase - master.changelog.json: migration/node-core.changelog-v4.xml::nullability::R3.Corda: Executing Statement: liquibase.statement.core.SetNullableStatement@14b86a32
14:02:20.698 [Test worker] DEBUG liquibase - master.changelog.json: migration/node-core.changelog-v4.xml::nullability::R3.Corda: Executing EXECUTE database command: ALTER TABLE PUBLIC.node_attachments ALTER COLUMN content SET NOT NULL
14:02:20.698 [Test worker] INFO liquibase - master.changelog.json: migration/node-core.changelog-v4.xml::nullability::R3.Corda: Null constraint has been added to node_attachments.content
14:02:20.698 [Test worker] DEBUG liquibase - master.changelog.json: migration/node-core.changelog-v4.xml::nullability::R3.Corda: Executing Statement: liquibase.statement.core.SetNullableStatement@6e18af74
14:02:20.698 [Test worker] DEBUG liquibase - master.changelog.json: migration/node-core.changelog-v4.xml::nullability::R3.Corda: Executing EXECUTE database command: ALTER TABLE PUBLIC.node_attachments_contracts ALTER COLUMN contract_class_name SET NOT NULL
14:02:20.704 [Test worker] INFO liquibase - master.changelog.json: migration/node-core.changelog-v4.xml::nullability::R3.Corda: Null constraint has been added to node_attachments_contracts.contract_class_name
14:02:20.704 [Test worker] DEBUG liquibase - master.changelog.json: migration/node-core.changelog-v4.xml::nullability::R3.Corda: Executing Statement: liquibase.statement.core.SetNullableStatement@28a529a8
14:02:20.704 [Test worker] DEBUG liquibase - master.changelog.json: migration/node-core.changelog-v4.xml::nullability::R3.Corda: Executing EXECUTE database command: ALTER TABLE PUBLIC.node_checkpoints ALTER COLUMN checkpoint_value SET NOT NULL
14:02:20.705 [Test worker] INFO liquibase - master.changelog.json: migration/node-core.changelog-v4.xml::nullability::R3.Corda: Null constraint has been added to node_checkpoints.checkpoint_value
14:02:20.705 [Test worker] DEBUG liquibase - master.changelog.json: migration/node-core.changelog-v4.xml::nullability::R3.Corda: Executing Statement: liquibase.statement.core.SetNullableStatement@540974d3
14:02:20.710 [Test worker] DEBUG liquibase - master.changelog.json: migration/node-core.changelog-v4.xml::nullability::R3.Corda: Executing EXECUTE database command: ALTER TABLE PUBLIC.node_contract_upgrades ALTER COLUMN contract_class_name SET NOT NULL
14:02:20.710 [Test worker] INFO liquibase - master.changelog.json: migration/node-core.changelog-v4.xml::nullability::R3.Corda: Null constraint has been added to node_contract_upgrades.contract_class_name
14:02:20.711 [Test worker] DEBUG liquibase - master.changelog.json: migration/node-core.changelog-v4.xml::nullability::R3.Corda: Executing Statement: liquibase.statement.core.SetNullableStatement@73f17b7e
14:02:20.711 [Test worker] DEBUG liquibase - master.changelog.json: migration/node-core.changelog-v4.xml::nullability::R3.Corda: Executing EXECUTE database command: ALTER TABLE PUBLIC.node_message_ids ALTER COLUMN insertion_time SET NOT NULL
14:02:20.712 [Test worker] INFO liquibase - master.changelog.json: migration/node-core.changelog-v4.xml::nullability::R3.Corda: Null constraint has been added to node_message_ids.insertion_time
14:02:20.712 [Test worker] DEBUG liquibase - master.changelog.json: migration/node-core.changelog-v4.xml::nullability::R3.Corda: Executing Statement: liquibase.statement.core.SetNullableStatement@1bcdda67
14:02:20.712 [Test worker] DEBUG liquibase - master.changelog.json: migration/node-core.changelog-v4.xml::nullability::R3.Corda: Executing EXECUTE database command: ALTER TABLE PUBLIC.node_message_retry ALTER COLUMN message SET NOT NULL
14:02:20.712 [Test worker] INFO liquibase - master.changelog.json: migration/node-core.changelog-v4.xml::nullability::R3.Corda: Null constraint has been added to node_message_retry.message
14:02:20.712 [Test worker] DEBUG liquibase - master.changelog.json: migration/node-core.changelog-v4.xml::nullability::R3.Corda: Executing Statement: liquibase.statement.core.SetNullableStatement@5615c6db
14:02:20.713 [Test worker] DEBUG liquibase - master.changelog.json: migration/node-core.changelog-v4.xml::nullability::R3.Corda: Executing EXECUTE database command: ALTER TABLE PUBLIC.node_message_retry ALTER COLUMN recipients SET NOT NULL
14:02:20.713 [Test worker] INFO liquibase - master.changelog.json: migration/node-core.changelog-v4.xml::nullability::R3.Corda: Null constraint has been added to node_message_retry.recipients
14:02:20.713 [Test worker] DEBUG liquibase - master.changelog.json: migration/node-core.changelog-v4.xml::nullability::R3.Corda: Executing Statement: liquibase.statement.core.SetNullableStatement@4b25b523
14:02:20.714 [Test worker] DEBUG liquibase - master.changelog.json: migration/node-core.changelog-v4.xml::nullability::R3.Corda: Executing EXECUTE database command: ALTER TABLE PUBLIC.node_named_identities ALTER COLUMN pk_hash SET NOT NULL
14:02:20.714 [Test worker] INFO liquibase - master.changelog.json: migration/node-core.changelog-v4.xml::nullability::R3.Corda: Null constraint has been added to node_named_identities.pk_hash
14:02:20.714 [Test worker] DEBUG liquibase - master.changelog.json: migration/node-core.changelog-v4.xml::nullability::R3.Corda: Executing Statement: liquibase.statement.core.SetNullableStatement@26bb887a
14:02:20.715 [Test worker] DEBUG liquibase - master.changelog.json: migration/node-core.changelog-v4.xml::nullability::R3.Corda: Executing EXECUTE database command: ALTER TABLE PUBLIC.node_our_key_pairs ALTER COLUMN private_key SET NOT NULL
14:02:20.715 [Test worker] INFO liquibase - master.changelog.json: migration/node-core.changelog-v4.xml::nullability::R3.Corda: Null constraint has been added to node_our_key_pairs.private_key
14:02:20.716 [Test worker] DEBUG liquibase - master.changelog.json: migration/node-core.changelog-v4.xml::nullability::R3.Corda: Executing Statement: liquibase.statement.core.SetNullableStatement@c20aba3
14:02:20.716 [Test worker] DEBUG liquibase - master.changelog.json: migration/node-core.changelog-v4.xml::nullability::R3.Corda: Executing EXECUTE database command: ALTER TABLE PUBLIC.node_our_key_pairs ALTER COLUMN public_key SET NOT NULL
14:02:20.717 [Test worker] INFO liquibase - master.changelog.json: migration/node-core.changelog-v4.xml::nullability::R3.Corda: Null constraint has been added to node_our_key_pairs.public_key
14:02:20.717 [Test worker] DEBUG liquibase - master.changelog.json: migration/node-core.changelog-v4.xml::nullability::R3.Corda: Executing Statement: liquibase.statement.core.SetNullableStatement@2dea353d
14:02:20.717 [Test worker] DEBUG liquibase - master.changelog.json: migration/node-core.changelog-v4.xml::nullability::R3.Corda: Executing EXECUTE database command: ALTER TABLE PUBLIC.node_transaction_mappings ALTER COLUMN state_machine_run_id SET NOT NULL
14:02:20.718 [Test worker] INFO liquibase - master.changelog.json: migration/node-core.changelog-v4.xml::nullability::R3.Corda: Null constraint has been added to node_transaction_mappings.state_machine_run_id
14:02:20.718 [Test worker] DEBUG liquibase - master.changelog.json: migration/node-core.changelog-v4.xml::nullability::R3.Corda: Executing Statement: liquibase.statement.core.SetNullableStatement@1ad1aa37
14:02:20.718 [Test worker] DEBUG liquibase - master.changelog.json: migration/node-core.changelog-v4.xml::nullability::R3.Corda: Executing EXECUTE database command: ALTER TABLE PUBLIC.node_transactions ALTER COLUMN transaction_value SET NOT NULL
14:02:20.719 [Test worker] INFO liquibase - master.changelog.json: migration/node-core.changelog-v4.xml::nullability::R3.Corda: Null constraint has been added to node_transactions.transaction_value
14:02:20.719 [Test worker] INFO liquibase - master.changelog.json: migration/node-core.changelog-v4.xml::nullability::R3.Corda: ChangeSet migration/node-core.changelog-v4.xml::nullability::R3.Corda ran successfully in 22ms
14:02:20.728 [Test worker] DEBUG liquibase - master.changelog.json: migration/node-core.changelog-v4.xml::nullability::R3.Corda: Executing EXECUTE database command: INSERT INTO PUBLIC.DATABASECHANGELOG (ID, AUTHOR, FILENAME, DATEEXECUTED, ORDEREXECUTED, MD5SUM, DESCRIPTION, COMMENTS, EXECTYPE, CONTEXTS, LABELS, LIQUIBASE, DEPLOYMENT_ID) VALUES ('nullability', 'R3.Corda', 'migration/node-core.changelog-v4.xml', NOW(), 69, '7:73b3f89cdd2a42efebeb125648c28191', 'addNotNullConstraint columnName=identity_value, tableName=node_identities; addNotNullConstraint columnName=content, tableName=node_attachments; addNotNullConstraint columnName=contract_class_name, tableName=node_attachments_contracts; addNotNullCo...', '', 'EXECUTED', NULL, NULL, '3.5.4', '0860140250')
14:02:20.729 [Test worker] DEBUG liquibase - master.changelog.json: migration/node-core.changelog-v5.xml::remove_unused_node_message_retry::R3.Corda: Running Changeset:migration/node-core.changelog-v5.xml::remove_unused_node_message_retry::R3.Corda
14:02:20.729 [Test worker] DEBUG liquibase - master.changelog.json: migration/node-core.changelog-v5.xml::remove_unused_node_message_retry::R3.Corda: Changeset migration/node-core.changelog-v5.xml::remove_unused_node_message_retry::R3.Corda
14:02:20.729 [Test worker] DEBUG liquibase - master.changelog.json: migration/node-core.changelog-v5.xml::remove_unused_node_message_retry::R3.Corda: Reading ChangeSet: migration/node-core.changelog-v5.xml::remove_unused_node_message_retry::R3.Corda
14:02:20.729 [Test worker] DEBUG liquibase - master.changelog.json: migration/node-core.changelog-v5.xml::remove_unused_node_message_retry::R3.Corda: Executing Statement: liquibase.statement.core.DropTableStatement@7656919d
14:02:20.729 [Test worker] DEBUG liquibase - master.changelog.json: migration/node-core.changelog-v5.xml::remove_unused_node_message_retry::R3.Corda: Executing EXECUTE database command: DROP TABLE PUBLIC.node_message_retry
14:02:20.730 [Test worker] INFO liquibase - master.changelog.json: migration/node-core.changelog-v5.xml::remove_unused_node_message_retry::R3.Corda: Table node_message_retry dropped
14:02:20.730 [Test worker] INFO liquibase - master.changelog.json: migration/node-core.changelog-v5.xml::remove_unused_node_message_retry::R3.Corda: ChangeSet migration/node-core.changelog-v5.xml::remove_unused_node_message_retry::R3.Corda ran successfully in 1ms
14:02:20.731 [Test worker] DEBUG liquibase - master.changelog.json: migration/node-core.changelog-v5.xml::remove_unused_node_message_retry::R3.Corda: Executing EXECUTE database command: INSERT INTO PUBLIC.DATABASECHANGELOG (ID, AUTHOR, FILENAME, DATEEXECUTED, ORDEREXECUTED, MD5SUM, DESCRIPTION, COMMENTS, EXECTYPE, CONTEXTS, LABELS, LIQUIBASE, DEPLOYMENT_ID) VALUES ('remove_unused_node_message_retry', 'R3.Corda', 'migration/node-core.changelog-v5.xml', NOW(), 70, '7:cd120ad46e3a88b0eeaa7ffdcf8a0861', 'dropTable tableName=node_message_retry', '', 'EXECUTED', NULL, NULL, '3.5.4', '0860140250')
14:02:20.731 [Test worker] DEBUG liquibase - master.changelog.json: migration/node-core.changelog-pkey.xml::non-clustered_pk-1::R3.Corda: Running Changeset:migration/node-core.changelog-pkey.xml::non-clustered_pk-1::R3.Corda
14:02:20.732 [Test worker] DEBUG liquibase - master.changelog.json: migration/node-core.changelog-pkey.xml::non-clustered_pk-1::R3.Corda: Executing EXECUTE database command: INSERT INTO PUBLIC.DATABASECHANGELOG (ID, AUTHOR, FILENAME, DATEEXECUTED, ORDEREXECUTED, MD5SUM, DESCRIPTION, COMMENTS, EXECTYPE, CONTEXTS, LABELS, LIQUIBASE, DEPLOYMENT_ID) VALUES ('non-clustered_pk-1', 'R3.Corda', 'migration/node-core.changelog-pkey.xml', NOW(), 71, '7:eb9d9d13536371a16c05f8a89051e6b0', 'dropPrimaryKey constraintName=node_checkpoints_pkey, tableName=node_checkpoints; addPrimaryKey constraintName=node_checkpoints_pkey, tableName=node_checkpoints', '', 'MARK_RAN', NULL, NULL, '3.5.4', '0860140250')
14:02:20.732 [Test worker] DEBUG liquibase - master.changelog.json: migration/node-core.changelog-pkey.xml::non-clustered_pk-2::R3.Corda: Running Changeset:migration/node-core.changelog-pkey.xml::non-clustered_pk-2::R3.Corda
14:02:20.733 [Test worker] DEBUG liquibase - master.changelog.json: migration/node-core.changelog-pkey.xml::non-clustered_pk-2::R3.Corda: Executing EXECUTE database command: INSERT INTO PUBLIC.DATABASECHANGELOG (ID, AUTHOR, FILENAME, DATEEXECUTED, ORDEREXECUTED, MD5SUM, DESCRIPTION, COMMENTS, EXECTYPE, CONTEXTS, LABELS, LIQUIBASE, DEPLOYMENT_ID) VALUES ('non-clustered_pk-2', 'R3.Corda', 'migration/node-core.changelog-pkey.xml', NOW(), 72, '7:d4192425f4f38b39f3b09611028e5c14', 'dropPrimaryKey constraintName=node_identities_pkey, tableName=node_identities; addPrimaryKey constraintName=node_identities_pkey, tableName=node_identities', '', 'MARK_RAN', NULL, NULL, '3.5.4', '0860140250')
14:02:20.733 [Test worker] DEBUG liquibase - master.changelog.json: migration/node-core.changelog-pkey.xml::non-clustered_pk-3::R3.Corda: Running Changeset:migration/node-core.changelog-pkey.xml::non-clustered_pk-3::R3.Corda
14:02:20.734 [Test worker] DEBUG liquibase - master.changelog.json: migration/node-core.changelog-pkey.xml::non-clustered_pk-3::R3.Corda: Executing EXECUTE database command: INSERT INTO PUBLIC.DATABASECHANGELOG (ID, AUTHOR, FILENAME, DATEEXECUTED, ORDEREXECUTED, MD5SUM, DESCRIPTION, COMMENTS, EXECTYPE, CONTEXTS, LABELS, LIQUIBASE, DEPLOYMENT_ID) VALUES ('non-clustered_pk-3', 'R3.Corda', 'migration/node-core.changelog-pkey.xml', NOW(), 73, '7:9773a095cc1db7ea3a66e7e5565bb58e', 'dropPrimaryKey constraintName=node_message_ids_pkey, tableName=node_message_ids; addPrimaryKey constraintName=node_message_ids_pkey, tableName=node_message_ids', '', 'MARK_RAN', NULL, NULL, '3.5.4', '0860140250')
14:02:20.734 [Test worker] DEBUG liquibase - master.changelog.json: migration/node-core.changelog-pkey.xml::non-clustered_pk-4::R3.Corda: Running Changeset:migration/node-core.changelog-pkey.xml::non-clustered_pk-4::R3.Corda
14:02:20.735 [Test worker] DEBUG liquibase - master.changelog.json: migration/node-core.changelog-pkey.xml::non-clustered_pk-4::R3.Corda: Executing EXECUTE database command: INSERT INTO PUBLIC.DATABASECHANGELOG (ID, AUTHOR, FILENAME, DATEEXECUTED, ORDEREXECUTED, MD5SUM, DESCRIPTION, COMMENTS, EXECTYPE, CONTEXTS, LABELS, LIQUIBASE, DEPLOYMENT_ID) VALUES ('non-clustered_pk-4', 'R3.Corda', 'migration/node-core.changelog-pkey.xml', NOW(), 74, '7:f1e21d4abffbb24133e752eb9cd6a162', 'dropPrimaryKey constraintName=node_named_identities_pkey, tableName=node_named_identities; addPrimaryKey constraintName=node_named_identities_pkey, tableName=node_named_identities', '', 'MARK_RAN', NULL, NULL, '3.5.4', '0860140250')
14:02:20.736 [Test worker] DEBUG liquibase - master.changelog.json: migration/node-core.changelog-pkey.xml::non-clustered_pk-5::R3.Corda: Running Changeset:migration/node-core.changelog-pkey.xml::non-clustered_pk-5::R3.Corda
14:02:20.737 [Test worker] DEBUG liquibase - master.changelog.json: migration/node-core.changelog-pkey.xml::non-clustered_pk-5::R3.Corda: Executing EXECUTE database command: INSERT INTO PUBLIC.DATABASECHANGELOG (ID, AUTHOR, FILENAME, DATEEXECUTED, ORDEREXECUTED, MD5SUM, DESCRIPTION, COMMENTS, EXECTYPE, CONTEXTS, LABELS, LIQUIBASE, DEPLOYMENT_ID) VALUES ('non-clustered_pk-5', 'R3.Corda', 'migration/node-core.changelog-pkey.xml', NOW(), 75, '7:4ea09df2dbab99be33f8251a40d1c5a6', 'dropPrimaryKey constraintName=node_our_key_pairs_pkey, tableName=node_our_key_pairs; addPrimaryKey constraintName=node_our_key_pairs_pkey, tableName=node_our_key_pairs', '', 'MARK_RAN', NULL, NULL, '3.5.4', '0860140250')
14:02:20.737 [Test worker] DEBUG liquibase - master.changelog.json: migration/node-core.changelog-pkey.xml::non-clustered_pk-6::R3.Corda: Running Changeset:migration/node-core.changelog-pkey.xml::non-clustered_pk-6::R3.Corda
14:02:20.738 [Test worker] DEBUG liquibase - master.changelog.json: migration/node-core.changelog-pkey.xml::non-clustered_pk-6::R3.Corda: Executing EXECUTE database command: INSERT INTO PUBLIC.DATABASECHANGELOG (ID, AUTHOR, FILENAME, DATEEXECUTED, ORDEREXECUTED, MD5SUM, DESCRIPTION, COMMENTS, EXECTYPE, CONTEXTS, LABELS, LIQUIBASE, DEPLOYMENT_ID) VALUES ('non-clustered_pk-6', 'R3.Corda', 'migration/node-core.changelog-pkey.xml', NOW(), 76, '7:cb349ad07d3039e6d7d2f184988b954f', 'dropPrimaryKey constraintName=node_transaction_mappings_pkey, tableName=node_transaction_mappings; addPrimaryKey constraintName=node_transaction_mappings_pkey, tableName=node_transaction_mappings', '', 'MARK_RAN', NULL, NULL, '3.5.4', '0860140250')
14:02:20.739 [Test worker] DEBUG liquibase - master.changelog.json: migration/node-core.changelog-pkey.xml::non-clustered_pk-7::R3.Corda: Running Changeset:migration/node-core.changelog-pkey.xml::non-clustered_pk-7::R3.Corda
14:02:20.740 [Test worker] DEBUG liquibase - master.changelog.json: migration/node-core.changelog-pkey.xml::non-clustered_pk-7::R3.Corda: Executing EXECUTE database command: INSERT INTO PUBLIC.DATABASECHANGELOG (ID, AUTHOR, FILENAME, DATEEXECUTED, ORDEREXECUTED, MD5SUM, DESCRIPTION, COMMENTS, EXECTYPE, CONTEXTS, LABELS, LIQUIBASE, DEPLOYMENT_ID) VALUES ('non-clustered_pk-7', 'R3.Corda', 'migration/node-core.changelog-pkey.xml', NOW(), 77, '7:97c3ef240152c18129859ea5ae999c9e', 'dropPrimaryKey constraintName=node_transactions_pkey, tableName=node_transactions; addPrimaryKey constraintName=node_transactions_pkey, tableName=node_transactions', '', 'MARK_RAN', NULL, NULL, '3.5.4', '0860140250')
14:02:20.741 [Test worker] DEBUG liquibase - master.changelog.json: migration/node-core.changelog-v8.xml::conditional_attchments_rename::R3.Corda: Running Changeset:migration/node-core.changelog-v8.xml::conditional_attchments_rename::R3.Corda
14:02:20.741 [Test worker] DEBUG liquibase - master.changelog.json: migration/node-core.changelog-v8.xml::conditional_attchments_rename::R3.Corda: Changeset migration/node-core.changelog-v8.xml::conditional_attchments_rename::R3.Corda
14:02:20.771 [Test worker] INFO liquibase - master.changelog.json: migration/node-core.changelog-v8.xml::conditional_attchments_rename::R3.Corda: Marking ChangeSet: migration/node-core.changelog-v8.xml::conditional_attchments_rename::R3.Corda ran despite precondition failure due to onFail='MARK_RAN': 
          master.changelog.json : Table PUBLIC.NODE_ATTCHMENTS_CONTRACTS does not exist

14:02:20.772 [Test worker] DEBUG liquibase - master.changelog.json: migration/node-core.changelog-v8.xml::conditional_attchments_rename::R3.Corda: Skipping ChangeSet: migration/node-core.changelog-v8.xml::conditional_attchments_rename::R3.Corda
14:02:20.793 [Test worker] DEBUG liquibase - master.changelog.json: migration/node-core.changelog-v8.xml::conditional_attchments_rename::R3.Corda: Executing EXECUTE database command: INSERT INTO PUBLIC.DATABASECHANGELOG (ID, AUTHOR, FILENAME, DATEEXECUTED, ORDEREXECUTED, MD5SUM, DESCRIPTION, COMMENTS, EXECTYPE, CONTEXTS, LABELS, LIQUIBASE, DEPLOYMENT_ID) VALUES ('conditional_attchments_rename', 'R3.Corda', 'migration/node-core.changelog-v8.xml', NOW(), 78, '7:c7fcf1b072eb8882179623895abd6a53', 'renameTable newTableName=NODE_ATTACHMENTS_CONTRACTS, oldTableName=NODE_ATTCHMENTS_CONTRACTS', '', 'MARK_RAN', NULL, NULL, '3.5.4', '0860140250')
14:02:20.795 [Test worker] DEBUG liquibase - master.changelog.json: migration/node-core.changelog-v8.xml::conditional_attchments_contracts::R3.Corda: Running Changeset:migration/node-core.changelog-v8.xml::conditional_attchments_contracts::R3.Corda
14:02:20.795 [Test worker] DEBUG liquibase - master.changelog.json: migration/node-core.changelog-v8.xml::conditional_attchments_contracts::R3.Corda: Changeset migration/node-core.changelog-v8.xml::conditional_attchments_contracts::R3.Corda
14:02:20.827 [Test worker] INFO liquibase - master.changelog.json: migration/node-core.changelog-v8.xml::conditional_attchments_contracts::R3.Corda: Marking ChangeSet: migration/node-core.changelog-v8.xml::conditional_attchments_contracts::R3.Corda ran despite precondition failure due to onFail='MARK_RAN': 
          master.changelog.json : Table PUBLIC.NODE_ATTACHMENTS_CONTRACT_CLASS_NAME does not exist

14:02:20.827 [Test worker] DEBUG liquibase - master.changelog.json: migration/node-core.changelog-v8.xml::conditional_attchments_contracts::R3.Corda: Skipping ChangeSet: migration/node-core.changelog-v8.xml::conditional_attchments_contracts::R3.Corda
14:02:20.829 [Test worker] DEBUG liquibase - master.changelog.json: migration/node-core.changelog-v8.xml::conditional_attchments_contracts::R3.Corda: Executing EXECUTE database command: INSERT INTO PUBLIC.DATABASECHANGELOG (ID, AUTHOR, FILENAME, DATEEXECUTED, ORDEREXECUTED, MD5SUM, DESCRIPTION, COMMENTS, EXECTYPE, CONTEXTS, LABELS, LIQUIBASE, DEPLOYMENT_ID) VALUES ('conditional_attchments_contracts', 'R3.Corda', 'migration/node-core.changelog-v8.xml', NOW(), 79, '7:9ec85543b6baac8a877ad21f063a5b13', 'renameTable newTableName=NODE_ATTACHMENTS_CONTRACTS, oldTableName=NODE_ATTACHMENTS_CONTRACT_CLASS_NAME', '', 'MARK_RAN', NULL, NULL, '3.5.4', '0860140250')
14:02:20.829 [Test worker] DEBUG liquibase - master.changelog.json: migration/node-core.changelog-v8.xml::add_signers::R3.Corda: Running Changeset:migration/node-core.changelog-v8.xml::add_signers::R3.Corda
14:02:20.829 [Test worker] DEBUG liquibase - master.changelog.json: migration/node-core.changelog-v8.xml::add_signers::R3.Corda: Changeset migration/node-core.changelog-v8.xml::add_signers::R3.Corda
14:02:20.829 [Test worker] DEBUG liquibase - master.changelog.json: migration/node-core.changelog-v8.xml::add_signers::R3.Corda: Reading ChangeSet: migration/node-core.changelog-v8.xml::add_signers::R3.Corda
14:02:20.830 [Test worker] DEBUG liquibase - master.changelog.json: migration/node-core.changelog-v8.xml::add_signers::R3.Corda: Executing Statement: liquibase.statement.core.CreateTableStatement@66efcf9
14:02:20.830 [Test worker] DEBUG liquibase - master.changelog.json: migration/node-core.changelog-v8.xml::add_signers::R3.Corda: Executing EXECUTE database command: CREATE TABLE PUBLIC.node_attachments_signers (att_id NVARCHAR(255) NOT NULL, signer NVARCHAR(1024))
14:02:20.830 [Test worker] INFO liquibase - master.changelog.json: migration/node-core.changelog-v8.xml::add_signers::R3.Corda: Table node_attachments_signers created
14:02:20.830 [Test worker] DEBUG liquibase - master.changelog.json: migration/node-core.changelog-v8.xml::add_signers::R3.Corda: Executing Statement: liquibase.statement.core.AddForeignKeyConstraintStatement@2d0eea88
14:02:20.830 [Test worker] DEBUG liquibase - master.changelog.json: migration/node-core.changelog-v8.xml::add_signers::R3.Corda: Executing EXECUTE database command: ALTER TABLE PUBLIC.node_attachments_signers ADD CONSTRAINT FK__signers__attachments FOREIGN KEY (att_id) REFERENCES PUBLIC.node_attachments (att_id)
14:02:20.831 [Test worker] INFO liquibase - master.changelog.json: migration/node-core.changelog-v8.xml::add_signers::R3.Corda: Foreign key constraint added to node_attachments_signers (att_id)
14:02:20.831 [Test worker] INFO liquibase - master.changelog.json: migration/node-core.changelog-v8.xml::add_signers::R3.Corda: ChangeSet migration/node-core.changelog-v8.xml::add_signers::R3.Corda ran successfully in 2ms
14:02:20.832 [Test worker] DEBUG liquibase - master.changelog.json: migration/node-core.changelog-v8.xml::add_signers::R3.Corda: Executing EXECUTE database command: INSERT INTO PUBLIC.DATABASECHANGELOG (ID, AUTHOR, FILENAME, DATEEXECUTED, ORDEREXECUTED, MD5SUM, DESCRIPTION, COMMENTS, EXECTYPE, CONTEXTS, LABELS, LIQUIBASE, DEPLOYMENT_ID) VALUES ('add_signers', 'R3.Corda', 'migration/node-core.changelog-v8.xml', NOW(), 80, '7:d1356cd65d19937b81284ea078998d84', 'createTable tableName=node_attachments_signers; addForeignKeyConstraint baseTableName=node_attachments_signers, constraintName=FK__signers__attachments, referencedTableName=node_attachments', '', 'EXECUTED', NULL, NULL, '3.5.4', '0860140250')
14:02:20.833 [Test worker] DEBUG liquibase - master.changelog.json: migration/node-core.changelog-tx-mapping.xml::add_tx_mapping_column::R3.Corda: Running Changeset:migration/node-core.changelog-tx-mapping.xml::add_tx_mapping_column::R3.Corda
14:02:20.833 [Test worker] DEBUG liquibase - master.changelog.json: migration/node-core.changelog-tx-mapping.xml::add_tx_mapping_column::R3.Corda: Changeset migration/node-core.changelog-tx-mapping.xml::add_tx_mapping_column::R3.Corda
14:02:20.834 [Test worker] DEBUG liquibase - master.changelog.json: migration/node-core.changelog-tx-mapping.xml::add_tx_mapping_column::R3.Corda: Reading ChangeSet: migration/node-core.changelog-tx-mapping.xml::add_tx_mapping_column::R3.Corda
14:02:20.834 [Test worker] DEBUG liquibase - master.changelog.json: migration/node-core.changelog-tx-mapping.xml::add_tx_mapping_column::R3.Corda: Executing Statement: liquibase.statement.core.AddColumnStatement@21acf7b4
14:02:20.834 [Test worker] DEBUG liquibase - master.changelog.json: migration/node-core.changelog-tx-mapping.xml::add_tx_mapping_column::R3.Corda: Executing EXECUTE database command: ALTER TABLE PUBLIC.node_transactions ADD state_machine_run_id NVARCHAR(36)
14:02:20.836 [Test worker] INFO liquibase - master.changelog.json: migration/node-core.changelog-tx-mapping.xml::add_tx_mapping_column::R3.Corda: Columns state_machine_run_id(NVARCHAR(36)) added to node_transactions
14:02:20.837 [Test worker] DEBUG liquibase - master.changelog.json: migration/node-core.changelog-tx-mapping.xml::add_tx_mapping_column::R3.Corda: Executing Statement: update node_transactions set state_machine_run_id=(select state_machine_run_id from
            node_transaction_mappings where node_transactions.tx_id = node_transaction_mappings.tx_id)
14:02:20.837 [Test worker] DEBUG liquibase - master.changelog.json: migration/node-core.changelog-tx-mapping.xml::add_tx_mapping_column::R3.Corda: Executing EXECUTE database command: update node_transactions set state_machine_run_id=(select state_machine_run_id from
            node_transaction_mappings where node_transactions.tx_id = node_transaction_mappings.tx_id)
14:02:20.837 [Test worker] INFO liquibase - master.changelog.json: migration/node-core.changelog-tx-mapping.xml::add_tx_mapping_column::R3.Corda: Custom SQL executed
14:02:20.837 [Test worker] DEBUG liquibase - master.changelog.json: migration/node-core.changelog-tx-mapping.xml::add_tx_mapping_column::R3.Corda: Executing Statement: liquibase.statement.core.DropTableStatement@5d16bdea
14:02:20.837 [Test worker] DEBUG liquibase - master.changelog.json: migration/node-core.changelog-tx-mapping.xml::add_tx_mapping_column::R3.Corda: Executing EXECUTE database command: DROP TABLE PUBLIC.node_transaction_mappings
14:02:20.837 [Test worker] INFO liquibase - master.changelog.json: migration/node-core.changelog-tx-mapping.xml::add_tx_mapping_column::R3.Corda: Table node_transaction_mappings dropped
14:02:20.837 [Test worker] INFO liquibase - master.changelog.json: migration/node-core.changelog-tx-mapping.xml::add_tx_mapping_column::R3.Corda: ChangeSet migration/node-core.changelog-tx-mapping.xml::add_tx_mapping_column::R3.Corda ran successfully in 4ms
14:02:20.838 [Test worker] DEBUG liquibase - master.changelog.json: migration/node-core.changelog-tx-mapping.xml::add_tx_mapping_column::R3.Corda: Executing EXECUTE database command: INSERT INTO PUBLIC.DATABASECHANGELOG (ID, AUTHOR, FILENAME, DATEEXECUTED, ORDEREXECUTED, MD5SUM, DESCRIPTION, COMMENTS, EXECTYPE, CONTEXTS, LABELS, LIQUIBASE, DEPLOYMENT_ID) VALUES ('add_tx_mapping_column', 'R3.Corda', 'migration/node-core.changelog-tx-mapping.xml', NOW(), 81, '7:a0995593179aec45250c383611edd1e2', 'addColumn tableName=node_transactions; sql; dropTable tableName=node_transaction_mappings', '', 'EXECUTED', NULL, NULL, '3.5.4', '0860140250')
14:02:20.839 [Test worker] DEBUG liquibase - master.changelog.json: migration/node-services.changelog-init.xml::add_network_parameters_storage::R3.Corda: Running Changeset:migration/node-services.changelog-init.xml::add_network_parameters_storage::R3.Corda
14:02:20.839 [Test worker] DEBUG liquibase - master.changelog.json: migration/node-services.changelog-init.xml::add_network_parameters_storage::R3.Corda: Changeset migration/node-services.changelog-init.xml::add_network_parameters_storage::R3.Corda
14:02:20.839 [Test worker] DEBUG liquibase - master.changelog.json: migration/node-services.changelog-init.xml::add_network_parameters_storage::R3.Corda: Reading ChangeSet: migration/node-services.changelog-init.xml::add_network_parameters_storage::R3.Corda
14:02:20.839 [Test worker] DEBUG liquibase - master.changelog.json: migration/node-services.changelog-init.xml::add_network_parameters_storage::R3.Corda: Executing Statement: liquibase.statement.core.CreateTableStatement@5ed10c4b
14:02:20.839 [Test worker] DEBUG liquibase - master.changelog.json: migration/node-services.changelog-init.xml::add_network_parameters_storage::R3.Corda: Executing EXECUTE database command: CREATE TABLE PUBLIC.node_network_parameters (hash NVARCHAR(130) NOT NULL, epoch INT NOT NULL, parameters_bytes BLOB NOT NULL, signature_bytes BLOB NOT NULL, cert BLOB NOT NULL, parent_cert_path BLOB NOT NULL)
14:02:20.840 [Test worker] INFO liquibase - master.changelog.json: migration/node-services.changelog-init.xml::add_network_parameters_storage::R3.Corda: Table node_network_parameters created
14:02:20.840 [Test worker] INFO liquibase - master.changelog.json: migration/node-services.changelog-init.xml::add_network_parameters_storage::R3.Corda: ChangeSet migration/node-services.changelog-init.xml::add_network_parameters_storage::R3.Corda ran successfully in 1ms
14:02:20.841 [Test worker] DEBUG liquibase - master.changelog.json: migration/node-services.changelog-init.xml::add_network_parameters_storage::R3.Corda: Executing EXECUTE database command: INSERT INTO PUBLIC.DATABASECHANGELOG (ID, AUTHOR, FILENAME, DATEEXECUTED, ORDEREXECUTED, MD5SUM, DESCRIPTION, COMMENTS, EXECTYPE, CONTEXTS, LABELS, LIQUIBASE, DEPLOYMENT_ID) VALUES ('add_network_parameters_storage', 'R3.Corda', 'migration/node-services.changelog-init.xml', NOW(), 82, '7:8d5882f94d9f58647903210994573073', 'createTable tableName=node_network_parameters', '', 'EXECUTED', NULL, NULL, '3.5.4', '0860140250')
14:02:20.841 [Test worker] DEBUG liquibase - master.changelog.json: migration/node-services.changelog-init.xml::network_parameters_pk::R3.Corda: Running Changeset:migration/node-services.changelog-init.xml::network_parameters_pk::R3.Corda
14:02:20.841 [Test worker] DEBUG liquibase - master.changelog.json: migration/node-services.changelog-init.xml::network_parameters_pk::R3.Corda: Changeset migration/node-services.changelog-init.xml::network_parameters_pk::R3.Corda
14:02:20.841 [Test worker] DEBUG liquibase - master.changelog.json: migration/node-services.changelog-init.xml::network_parameters_pk::R3.Corda: Reading ChangeSet: migration/node-services.changelog-init.xml::network_parameters_pk::R3.Corda
14:02:20.841 [Test worker] DEBUG liquibase - master.changelog.json: migration/node-services.changelog-init.xml::network_parameters_pk::R3.Corda: Executing Statement: liquibase.statement.core.AddPrimaryKeyStatement@1ee596ec
14:02:20.841 [Test worker] DEBUG liquibase - master.changelog.json: migration/node-services.changelog-init.xml::network_parameters_pk::R3.Corda: Executing EXECUTE database command: ALTER TABLE PUBLIC.node_network_parameters ADD CONSTRAINT node_network_parameters_pkey PRIMARY KEY (hash)
14:02:20.842 [Test worker] INFO liquibase - master.changelog.json: migration/node-services.changelog-init.xml::network_parameters_pk::R3.Corda: Primary key added to node_network_parameters (hash)
14:02:20.842 [Test worker] INFO liquibase - master.changelog.json: migration/node-services.changelog-init.xml::network_parameters_pk::R3.Corda: ChangeSet migration/node-services.changelog-init.xml::network_parameters_pk::R3.Corda ran successfully in 1ms
14:02:20.843 [Test worker] DEBUG liquibase - master.changelog.json: migration/node-services.changelog-init.xml::network_parameters_pk::R3.Corda: Executing EXECUTE database command: INSERT INTO PUBLIC.DATABASECHANGELOG (ID, AUTHOR, FILENAME, DATEEXECUTED, ORDEREXECUTED, MD5SUM, DESCRIPTION, COMMENTS, EXECTYPE, CONTEXTS, LABELS, LIQUIBASE, DEPLOYMENT_ID) VALUES ('network_parameters_pk', 'R3.Corda', 'migration/node-services.changelog-init.xml', NOW(), 83, '7:71635301bd498e4d52b02988795348e6', 'addPrimaryKey constraintName=node_network_parameters_pkey, tableName=node_network_parameters', '', 'EXECUTED', NULL, NULL, '3.5.4', '0860140250')
14:02:20.843 [Test worker] DEBUG liquibase - master.changelog.json: migration/node-services.changelog-init.xml::add_version_column::R3.Corda: Running Changeset:migration/node-services.changelog-init.xml::add_version_column::R3.Corda
14:02:20.843 [Test worker] DEBUG liquibase - master.changelog.json: migration/node-services.changelog-init.xml::add_version_column::R3.Corda: Changeset migration/node-services.changelog-init.xml::add_version_column::R3.Corda
14:02:20.843 [Test worker] DEBUG liquibase - master.changelog.json: migration/node-services.changelog-init.xml::add_version_column::R3.Corda: Reading ChangeSet: migration/node-services.changelog-init.xml::add_version_column::R3.Corda
14:02:20.843 [Test worker] DEBUG liquibase - master.changelog.json: migration/node-services.changelog-init.xml::add_version_column::R3.Corda: Executing Statement: liquibase.statement.core.AddColumnStatement@5d686ede
14:02:20.843 [Test worker] DEBUG liquibase - master.changelog.json: migration/node-services.changelog-init.xml::add_version_column::R3.Corda: Executing EXECUTE database command: ALTER TABLE PUBLIC.node_attachments ADD version INT
14:02:20.848 [Test worker] INFO liquibase - master.changelog.json: migration/node-services.changelog-init.xml::add_version_column::R3.Corda: Columns version(INT) added to node_attachments
14:02:20.848 [Test worker] DEBUG liquibase - master.changelog.json: migration/node-services.changelog-init.xml::add_version_column::R3.Corda: Executing Statement: update node_attachments set version = 1
14:02:20.849 [Test worker] DEBUG liquibase - master.changelog.json: migration/node-services.changelog-init.xml::add_version_column::R3.Corda: Executing EXECUTE database command: update node_attachments set version = 1
14:02:20.849 [Test worker] INFO liquibase - master.changelog.json: migration/node-services.changelog-init.xml::add_version_column::R3.Corda: Custom SQL executed
14:02:20.849 [Test worker] DEBUG liquibase - master.changelog.json: migration/node-services.changelog-init.xml::add_version_column::R3.Corda: Executing Statement: liquibase.statement.core.SetNullableStatement@2ce7c926
14:02:20.849 [Test worker] DEBUG liquibase - master.changelog.json: migration/node-services.changelog-init.xml::add_version_column::R3.Corda: Executing EXECUTE database command: ALTER TABLE PUBLIC.node_attachments ALTER COLUMN version SET NOT NULL
14:02:20.849 [Test worker] INFO liquibase - master.changelog.json: migration/node-services.changelog-init.xml::add_version_column::R3.Corda: Null constraint has been added to node_attachments.version
14:02:20.849 [Test worker] INFO liquibase - master.changelog.json: migration/node-services.changelog-init.xml::add_version_column::R3.Corda: ChangeSet migration/node-services.changelog-init.xml::add_version_column::R3.Corda ran successfully in 6ms
14:02:20.851 [Test worker] DEBUG liquibase - master.changelog.json: migration/node-services.changelog-init.xml::add_version_column::R3.Corda: Executing EXECUTE database command: INSERT INTO PUBLIC.DATABASECHANGELOG (ID, AUTHOR, FILENAME, DATEEXECUTED, ORDEREXECUTED, MD5SUM, DESCRIPTION, COMMENTS, EXECTYPE, CONTEXTS, LABELS, LIQUIBASE, DEPLOYMENT_ID) VALUES ('add_version_column', 'R3.Corda', 'migration/node-services.changelog-init.xml', NOW(), 84, '7:7d7fb1c90fa05b5fc3b938fd7c520344', 'addColumn tableName=node_attachments; sql; addNotNullConstraint columnName=version, tableName=node_attachments', '', 'EXECUTED', NULL, NULL, '3.5.4', '0860140250')
14:02:20.851 [Test worker] DEBUG liquibase - master.changelog.json: migration/node-services.changelog-init.xml::update-version-of-whitelisted-jars::R3.Corda: Running Changeset:migration/node-services.changelog-init.xml::update-version-of-whitelisted-jars::R3.Corda
14:02:20.851 [Test worker] DEBUG liquibase - master.changelog.json: migration/node-services.changelog-init.xml::update-version-of-whitelisted-jars::R3.Corda: Changeset migration/node-services.changelog-init.xml::update-version-of-whitelisted-jars::R3.Corda
14:02:20.851 [Test worker] DEBUG liquibase - master.changelog.json: migration/node-services.changelog-init.xml::update-version-of-whitelisted-jars::R3.Corda: Reading ChangeSet: migration/node-services.changelog-init.xml::update-version-of-whitelisted-jars::R3.Corda
14:02:20.851 [Test worker] DEBUG liquibase - master.changelog.json: migration/node-services.changelog-init.xml::update-version-of-whitelisted-jars::R3.Corda: WARNING The following SQL may change each run and therefore is possibly incorrect and/or invalid:
14:02:20.851 [Test worker] INFO net.corda.nodeapi.internal.persistence.AttachmentVersionNumberMigration - Start executing...
14:02:20.854 [Test worker] INFO net.corda.nodeapi.internal.persistence.AttachmentVersionNumberMigration - Attachment version creation from whitelisted JARs using network parameters from build\mock-network\20191012-060133.950\nodes\4\network-parameters, whitelistedContractImplementations: {}.
14:02:20.854 [Test worker] INFO net.corda.nodeapi.internal.persistence.AttachmentVersionNumberMigration - Attachment version creation from whitelisted JARs skipped, no attachments not found.
14:02:20.854 [Test worker] INFO liquibase - master.changelog.json: migration/node-services.changelog-init.xml::update-version-of-whitelisted-jars::R3.Corda: null
14:02:20.855 [Test worker] INFO liquibase - master.changelog.json: migration/node-services.changelog-init.xml::update-version-of-whitelisted-jars::R3.Corda: ChangeSet migration/node-services.changelog-init.xml::update-version-of-whitelisted-jars::R3.Corda ran successfully in 4ms
14:02:20.856 [Test worker] DEBUG liquibase - master.changelog.json: migration/node-services.changelog-init.xml::update-version-of-whitelisted-jars::R3.Corda: Executing EXECUTE database command: INSERT INTO PUBLIC.DATABASECHANGELOG (ID, AUTHOR, FILENAME, DATEEXECUTED, ORDEREXECUTED, MD5SUM, DESCRIPTION, COMMENTS, EXECTYPE, CONTEXTS, LABELS, LIQUIBASE, DEPLOYMENT_ID) VALUES ('update-version-of-whitelisted-jars', 'R3.Corda', 'migration/node-services.changelog-init.xml', NOW(), 85, '7:706b589854273bdf703c4ed7a2a9191b', 'customChange', '', 'EXECUTED', NULL, NULL, '3.5.4', '0860140250')
14:02:20.856 [Test worker] DEBUG liquibase - master.changelog.json: migration/vault-schema.changelog-v9.xml::update-vault-states::R3.Corda: Running Changeset:migration/vault-schema.changelog-v9.xml::update-vault-states::R3.Corda
14:02:20.856 [Test worker] DEBUG liquibase - master.changelog.json: migration/vault-schema.changelog-v9.xml::update-vault-states::R3.Corda: Changeset migration/vault-schema.changelog-v9.xml::update-vault-states::R3.Corda
14:02:20.856 [Test worker] DEBUG liquibase - master.changelog.json: migration/vault-schema.changelog-v9.xml::update-vault-states::R3.Corda: Reading ChangeSet: migration/vault-schema.changelog-v9.xml::update-vault-states::R3.Corda
14:02:20.857 [Test worker] DEBUG liquibase - master.changelog.json: migration/vault-schema.changelog-v9.xml::update-vault-states::R3.Corda: WARNING The following SQL may change each run and therefore is possibly incorrect and/or invalid:
14:02:20.857 [Test worker] INFO net.corda.node.migration.VaultStateMigration - Migrating vault state data to V4 tables
14:02:20.860 [Test worker] INFO net.corda.nodeapi.internal.persistence.HibernateConfiguration - Init HibernateConfiguration for schemas: [VaultMigrationSchemaV1(name=net.corda.node.migration.VaultMigrationSchema, version=1), VaultSchemaV1(name=net.corda.node.services.vault.VaultSchema, version=1)]
14:02:20.860 [Test worker] INFO net.corda.nodeapi.internal.persistence.HibernateConfiguration - Creating session factory for schemas: [VaultMigrationSchemaV1(name=net.corda.node.migration.VaultMigrationSchema, version=1), VaultSchemaV1(name=net.corda.node.services.vault.VaultSchema, version=1)]
?[37m[INFO] 14:02:20,876 [Test worker] internal.ConnectionProviderInitiator.initiateService - HHH000130: Instantiating explicit connection provider: net.corda.nodeapi.internal.persistence.HibernateConfiguration$NodeDatabaseConnectionProvider
?[m?[37m[INFO] 14:02:20,878 [Test worker] dialect.Dialect.<init> - HHH000400: Using dialect: org.hibernate.dialect.H2Dialect
?[m?[37m[INFO] 14:02:20,883 [Test worker] type.BasicTypeRegistry.register - HHH000270: Type registration [materialized_blob] overrides previous : org.hibernate.type.MaterializedBlobType@1a028fcc
?[m14:02:21.037 [MockNode-3-2] DEBUG net.corda.node.services.network.NodeInfoWatcher - Read 0 NodeInfo files from build\mock-network\20191012-060133.950\nodes\2\additional-node-infos
14:02:21.037 [MockNode-3-2] DEBUG net.corda.node.services.network.NodeInfoWatcher - Number of removed NodeInfo files 0
?[37m[INFO] 14:02:21,040 [Test worker] connections.access.getIsolatedConnection - HHH10001501: Connection obtained from JdbcConnectionAccess [org.hibernate.engine.jdbc.env.internal.JdbcEnvironmentInitiator$ConnectionProviderJdbcConnectionAccess@9cb2e04] for (non-JTA) DDL execution was not in auto-commit mode; the Connection 'local transaction' will be committed and the Connection will be set into auto-commit mode.
?[m14:02:21.170 [Test worker] INFO net.corda.nodeapi.internal.persistence.HibernateConfiguration - Created session factory for schemas: [VaultMigrationSchemaV1(name=net.corda.node.migration.VaultMigrationSchema, version=1), VaultSchemaV1(name=net.corda.node.services.vault.VaultSchema, version=1)]
?[37m[INFO] 14:02:21,171 [Test worker] internal.QueryTranslatorFactoryInitiator.initiateService - HHH000397: Using ASTQueryTranslatorFactory
?[m14:02:21.225 [Test worker] DEBUG net.corda.node.migration.VaultStateIterator - Found 0 total states in the vault
14:02:21.232 [Test worker] DEBUG net.corda.node.migration.VaultStateIterator - Loaded page 1 of 0. Current page has 0 vault states
14:02:21.233 [Test worker] INFO net.corda.node.migration.VaultStateMigration - Finished performing vault state data migration for 0 states
14:02:21.233 [Test worker] INFO liquibase - master.changelog.json: migration/vault-schema.changelog-v9.xml::update-vault-states::R3.Corda: null
14:02:21.233 [Test worker] INFO liquibase - master.changelog.json: migration/vault-schema.changelog-v9.xml::update-vault-states::R3.Corda: ChangeSet migration/vault-schema.changelog-v9.xml::update-vault-states::R3.Corda ran successfully in 377ms
14:02:21.234 [Test worker] DEBUG liquibase - master.changelog.json: migration/vault-schema.changelog-v9.xml::update-vault-states::R3.Corda: Executing EXECUTE database command: INSERT INTO PUBLIC.DATABASECHANGELOG (ID, AUTHOR, FILENAME, DATEEXECUTED, ORDEREXECUTED, MD5SUM, DESCRIPTION, COMMENTS, EXECTYPE, CONTEXTS, LABELS, LIQUIBASE, DEPLOYMENT_ID) VALUES ('update-vault-states', 'R3.Corda', 'migration/vault-schema.changelog-v9.xml', NOW(), 86, '7:b005d9ddca6ae24f7eb8c275fb095a30', 'customChange', '', 'EXECUTED', NULL, NULL, '3.5.4', '0860140250')
14:02:21.234 [Test worker] DEBUG liquibase - Release Database Lock
14:02:21.234 [Test worker] DEBUG liquibase - Executing UPDATE database command: UPDATE PUBLIC.DATABASECHANGELOGLOCK SET LOCKED = FALSE, LOCKEDBY = NULL, LOCKGRANTED = NULL WHERE ID = 1
14:02:21.235 [Test worker] INFO liquibase - Successfully released change log lock
14:02:21.235 [Test worker] DEBUG com.zaxxer.hikari.pool.PoolBase - HikariPool-5 - Reset (autoCommit, isolation) on connection conn45: url=jdbc:h2:mem:node_4_net_6416157275649019694_persistence user=SA
14:02:21.236 [Test worker] DEBUG com.zaxxer.hikari.pool.PoolBase - HikariPool-5 - Reset (autoCommit, isolation) on connection conn45: url=jdbc:h2:mem:node_4_net_6416157275649019694_persistence user=SA
14:02:21.236 [Test worker] INFO net.corda.testing.node.internal.InternalMockNetwork$MockNode - Connected to H2 database.
14:02:21.236 [Test worker] DEBUG com.zaxxer.hikari.pool.PoolBase - HikariPool-5 - Reset (autoCommit, isolation) on connection conn45: url=jdbc:h2:mem:node_4_net_6416157275649019694_persistence user=SA
14:02:21.237 [Test worker] INFO net.corda.testing.node.internal.InternalMockNetwork$MockNode - identity-private-key not found in key store, generating fresh key!
14:02:21.385 [Test worker] INFO net.corda.nodeapi.internal.persistence.HibernateConfiguration - Init HibernateConfiguration for schemas: [CommonSchemaV1(name=net.corda.core.schemas.CommonSchema, version=1), VaultSchemaV1(name=net.corda.node.services.vault.VaultSchema, version=1), NodeInfoSchemaV1(name=net.corda.node.internal.schemas.NodeInfoSchema, version=1), NodeCoreV1(name=net.corda.node.services.schema.NodeSchemaService$NodeCore, version=1)]
14:02:21.386 [Test worker] INFO net.corda.nodeapi.internal.persistence.HibernateConfiguration - Creating session factory for schemas: [CommonSchemaV1(name=net.corda.core.schemas.CommonSchema, version=1), VaultSchemaV1(name=net.corda.node.services.vault.VaultSchema, version=1), NodeInfoSchemaV1(name=net.corda.node.internal.schemas.NodeInfoSchema, version=1), NodeCoreV1(name=net.corda.node.services.schema.NodeSchemaService$NodeCore, version=1)]
?[37m[INFO] 14:02:21,445 [Test worker] internal.ConnectionProviderInitiator.initiateService - HHH000130: Instantiating explicit connection provider: net.corda.nodeapi.internal.persistence.HibernateConfiguration$NodeDatabaseConnectionProvider
?[m?[37m[INFO] 14:02:21,446 [Test worker] dialect.Dialect.<init> - HHH000400: Using dialect: org.hibernate.dialect.H2Dialect
?[m14:02:21.467 [Test worker] DEBUG com.zaxxer.hikari.pool.PoolBase - HikariPool-5 - Reset (autoCommit, isolation) on connection conn45: url=jdbc:h2:mem:node_4_net_6416157275649019694_persistence user=SA
?[37m[INFO] 14:02:21,472 [Test worker] type.BasicTypeRegistry.register - HHH000270: Type registration [materialized_blob] overrides previous : org.hibernate.type.MaterializedBlobType@1a028fcc
?[m?[37m[INFO] 14:02:21,629 [Test worker] connections.access.getIsolatedConnection - HHH10001501: Connection obtained from JdbcConnectionAccess [org.hibernate.engine.jdbc.env.internal.JdbcEnvironmentInitiator$ConnectionProviderJdbcConnectionAccess@6ca69d92] for (non-JTA) DDL execution was not in auto-commit mode; the Connection 'local transaction' will be committed and the Connection will be set into auto-commit mode.
?[m14:02:21.685 [Test worker] DEBUG com.zaxxer.hikari.pool.PoolBase - HikariPool-5 - Reset (autoCommit, isolation) on connection conn45: url=jdbc:h2:mem:node_4_net_6416157275649019694_persistence user=SA
14:02:21.701 [Test worker] INFO net.corda.nodeapi.internal.persistence.HibernateConfiguration - Created session factory for schemas: [CommonSchemaV1(name=net.corda.core.schemas.CommonSchema, version=1), VaultSchemaV1(name=net.corda.node.services.vault.VaultSchema, version=1), NodeInfoSchemaV1(name=net.corda.node.internal.schemas.NodeInfoSchema, version=1), NodeCoreV1(name=net.corda.node.services.schema.NodeSchemaService$NodeCore, version=1)]
?[37m[INFO] 14:02:21,704 [Test worker] internal.QueryTranslatorFactoryInitiator.initiateService - HHH000397: Using ASTQueryTranslatorFactory
?[m14:02:21.710 [Test worker] INFO net.corda.testing.node.internal.InternalMockNetwork$MockNode - Node-info has changed so submitting update. Old node-info was null
14:02:21.710 [Test worker] INFO net.corda.node.services.network.PersistentNetworkMapCache - Adding node with info: NodeInfo(addresses=[mock.node:1000], legalIdentitiesAndCerts=[O=Observery, L=New York, C=US], platformVersion=4, serial=1570860141710)
14:02:21.714 [Test worker] INFO net.corda.node.services.network.PersistentNetworkMapCache - No previous node found
14:02:21.715 [Test worker] DEBUG net.corda.node.services.identity.PersistentIdentityService - Registering identity O=Observery, L=New York, C=US
14:02:21.722 [Test worker] DEBUG net.corda.node.services.network.PersistentNetworkMapCache - Done adding node with info: NodeInfo(addresses=[mock.node:1000], legalIdentitiesAndCerts=[O=Observery, L=New York, C=US], platformVersion=4, serial=1570860141710)
14:02:21.722 [Test worker] INFO net.corda.testing.node.internal.InternalMockNetwork$MockNode - New node-info: NodeInfo(addresses=[mock.node:1000], legalIdentitiesAndCerts=[O=Observery, L=New York, C=US], platformVersion=4, serial=1570860141710)
14:02:21.745 [Test worker] DEBUG com.zaxxer.hikari.pool.PoolBase - HikariPool-5 - Reset (autoCommit, isolation) on connection conn45: url=jdbc:h2:mem:node_4_net_6416157275649019694_persistence user=SA
14:02:21.746 [Test worker] INFO net.corda.node.services.network.NetworkMapUpdater - Auto-accept enabled for network parameter changes which modify only: [epoch, modifiedTime, packageOwnership, whitelistedContractImplementations]
14:02:21.748 [MockNode-5-2] DEBUG net.corda.node.services.network.NodeInfoWatcher - Reading SignedNodeInfo from build\mock-network\20191012-060133.950\nodes\4\additional-node-infos\nodeInfo-B5D36ED634C4528FBB089ABF980F867721DAA978DCA9836649C0FA02A1C76EB8
14:02:21.755 [MockNode-5-2] DEBUG net.corda.node.services.network.NodeInfoWatcher - Read 1 NodeInfo files from build\mock-network\20191012-060133.950\nodes\4\additional-node-infos
14:02:21.756 [MockNode-5-2] DEBUG net.corda.node.services.network.NodeInfoWatcher - Number of removed NodeInfo files 0
14:02:21.758 [Test worker] DEBUG net.corda.node.services.identity.PersistentIdentityService - Identities loaded
14:02:21.760 [MockNode-5-2] INFO net.corda.node.services.network.PersistentNetworkMapCache - Adding node with info: NodeInfo(addresses=[mock.node:1000], legalIdentitiesAndCerts=[O=Observery, L=New York, C=US], platformVersion=4, serial=1570860141710)
14:02:21.770 [MockNode-5-2] DEBUG com.zaxxer.hikari.pool.PoolBase - HikariPool-5 - Reset (autoCommit, isolation) on connection conn46: url=jdbc:h2:mem:node_4_net_6416157275649019694_persistence user=SA
14:02:21.771 [MockNode-5-2] INFO net.corda.node.services.network.PersistentNetworkMapCache - Previous node was identical to incoming one - doing nothing
14:02:21.771 [MockNode-5-2] DEBUG net.corda.node.services.network.PersistentNetworkMapCache - Done adding node with info: NodeInfo(addresses=[mock.node:1000], legalIdentitiesAndCerts=[O=Observery, L=New York, C=US], platformVersion=4, serial=1570860141710)
14:02:21.915 [Test worker] INFO ClassloaderUtils - Contracts loading for 'C:\Users\user\AppData\Local\Temp\attachment2474903718475673515.jar' took 20 msec
14:02:21.926 [Test worker] INFO net.corda.node.services.persistence.NodeAttachmentService - Stored new attachment: id=CB453C52675BF53CA88619E8B05ADC65A5C045F27DFC48AD880BCCDA297B7E75 uploader=app filename=null
14:02:21.936 [Test worker] INFO net.corda.node.services.statemachine.SingleThreadedStateMachineManager - Node ready, info: NodeInfo(addresses=[mock.node:1000], legalIdentitiesAndCerts=[O=Observery, L=New York, C=US], platformVersion=4, serial=1570860141710)
14:02:21.938 [Test worker] DEBUG com.zaxxer.hikari.pool.PoolBase - HikariPool-5 - Reset (autoCommit, isolation) on connection conn45: url=jdbc:h2:mem:node_4_net_6416157275649019694_persistence user=SA
14:02:21.939 [Test worker] INFO net.corda.node.services.network.PersistentNetworkMapCache - Adding node with info: NodeInfo(addresses=[mock.node:1000], legalIdentitiesAndCerts=[O=Notary Service, L=Zurich, C=CH], platformVersion=4, serial=1570860127953)
14:02:21.941 [pool-35-thread-1] DEBUG com.zaxxer.hikari.pool.PoolBase - HikariPool-5 - Reset (autoCommit, isolation) on connection conn46: url=jdbc:h2:mem:node_4_net_6416157275649019694_persistence user=SA
14:02:21.941 [Test worker] DEBUG com.zaxxer.hikari.pool.PoolBase - HikariPool-5 - Reset (autoCommit, isolation) on connection conn45: url=jdbc:h2:mem:node_4_net_6416157275649019694_persistence user=SA
14:02:21.942 [Test worker] INFO net.corda.node.services.network.PersistentNetworkMapCache - No previous node found
14:02:21.943 [Test worker] DEBUG net.corda.node.services.identity.PersistentIdentityService - Registering identity O=Notary Service, L=Zurich, C=CH
14:02:21.948 [Test worker] DEBUG com.zaxxer.hikari.pool.PoolBase - HikariPool-5 - Reset (autoCommit, isolation) on connection conn45: url=jdbc:h2:mem:node_4_net_6416157275649019694_persistence user=SA
14:02:21.963 [Test worker] DEBUG com.zaxxer.hikari.pool.PoolBase - HikariPool-5 - Reset (autoCommit, isolation) on connection conn45: url=jdbc:h2:mem:node_4_net_6416157275649019694_persistence user=SA
14:02:21.965 [Test worker] DEBUG net.corda.node.services.network.PersistentNetworkMapCache - Done adding node with info: NodeInfo(addresses=[mock.node:1000], legalIdentitiesAndCerts=[O=Notary Service, L=Zurich, C=CH], platformVersion=4, serial=1570860127953)
14:02:21.965 [Test worker] INFO net.corda.node.services.network.PersistentNetworkMapCache - Adding node with info: NodeInfo(addresses=[mock.node:1000], legalIdentitiesAndCerts=[O=Observery, L=New York, C=US], platformVersion=4, serial=1570860141710)
14:02:21.967 [Test worker] DEBUG com.zaxxer.hikari.pool.PoolBase - HikariPool-1 - Reset (autoCommit, isolation) on connection conn2: url=jdbc:h2:mem:node_0_net_6416157275649019694_persistence user=SA
14:02:21.967 [Test worker] INFO net.corda.node.services.network.PersistentNetworkMapCache - No previous node found
14:02:21.968 [Test worker] DEBUG net.corda.node.services.identity.PersistentIdentityService - Registering identity O=Observery, L=New York, C=US
14:02:21.972 [Test worker] DEBUG com.zaxxer.hikari.pool.PoolBase - HikariPool-1 - Reset (autoCommit, isolation) on connection conn2: url=jdbc:h2:mem:node_0_net_6416157275649019694_persistence user=SA
14:02:21.978 [Test worker] DEBUG com.zaxxer.hikari.pool.PoolBase - HikariPool-1 - Reset (autoCommit, isolation) on connection conn2: url=jdbc:h2:mem:node_0_net_6416157275649019694_persistence user=SA
14:02:21.978 [Test worker] DEBUG net.corda.node.services.network.PersistentNetworkMapCache - Done adding node with info: NodeInfo(addresses=[mock.node:1000], legalIdentitiesAndCerts=[O=Observery, L=New York, C=US], platformVersion=4, serial=1570860141710)
14:02:21.978 [Test worker] INFO net.corda.node.services.network.PersistentNetworkMapCache - Adding node with info: NodeInfo(addresses=[mock.node:1000], legalIdentitiesAndCerts=[O=Client1, L=New York, C=US], platformVersion=4, serial=1570860133109)
14:02:21.980 [Test worker] DEBUG com.zaxxer.hikari.pool.PoolBase - HikariPool-5 - Reset (autoCommit, isolation) on connection conn45: url=jdbc:h2:mem:node_4_net_6416157275649019694_persistence user=SA
14:02:21.980 [Test worker] INFO net.corda.node.services.network.PersistentNetworkMapCache - No previous node found
14:02:21.985 [Test worker] DEBUG net.corda.node.services.identity.PersistentIdentityService - Registering identity O=Client1, L=New York, C=US
14:02:21.988 [Test worker] DEBUG com.zaxxer.hikari.pool.PoolBase - HikariPool-5 - Reset (autoCommit, isolation) on connection conn45: url=jdbc:h2:mem:node_4_net_6416157275649019694_persistence user=SA
14:02:21.999 [Test worker] DEBUG com.zaxxer.hikari.pool.PoolBase - HikariPool-5 - Reset (autoCommit, isolation) on connection conn45: url=jdbc:h2:mem:node_4_net_6416157275649019694_persistence user=SA
14:02:22.000 [Test worker] DEBUG net.corda.node.services.network.PersistentNetworkMapCache - Done adding node with info: NodeInfo(addresses=[mock.node:1000], legalIdentitiesAndCerts=[O=Client1, L=New York, C=US], platformVersion=4, serial=1570860133109)
14:02:22.004 [Test worker] INFO net.corda.node.services.network.PersistentNetworkMapCache - Adding node with info: NodeInfo(addresses=[mock.node:1000], legalIdentitiesAndCerts=[O=Observery, L=New York, C=US], platformVersion=4, serial=1570860141710)
14:02:22.008 [Test worker] DEBUG com.zaxxer.hikari.pool.PoolBase - HikariPool-2 - Reset (autoCommit, isolation) on connection conn13: url=jdbc:h2:mem:node_1_net_6416157275649019694_persistence user=SA
14:02:22.009 [Test worker] INFO net.corda.node.services.network.PersistentNetworkMapCache - No previous node found
14:02:22.018 [Test worker] DEBUG net.corda.node.services.identity.PersistentIdentityService - Registering identity O=Observery, L=New York, C=US
14:02:22.030 [Test worker] DEBUG com.zaxxer.hikari.pool.PoolBase - HikariPool-2 - Reset (autoCommit, isolation) on connection conn13: url=jdbc:h2:mem:node_1_net_6416157275649019694_persistence user=SA
14:02:22.045 [Test worker] DEBUG com.zaxxer.hikari.pool.PoolBase - HikariPool-2 - Reset (autoCommit, isolation) on connection conn13: url=jdbc:h2:mem:node_1_net_6416157275649019694_persistence user=SA
14:02:22.045 [Test worker] DEBUG net.corda.node.services.network.PersistentNetworkMapCache - Done adding node with info: NodeInfo(addresses=[mock.node:1000], legalIdentitiesAndCerts=[O=Observery, L=New York, C=US], platformVersion=4, serial=1570860141710)
14:02:22.045 [Test worker] INFO net.corda.node.services.network.PersistentNetworkMapCache - Adding node with info: NodeInfo(addresses=[mock.node:1000], legalIdentitiesAndCerts=[O=Broker1, L=New York, C=US], platformVersion=4, serial=1570860135971)
14:02:22.048 [Test worker] DEBUG com.zaxxer.hikari.pool.PoolBase - HikariPool-5 - Reset (autoCommit, isolation) on connection conn45: url=jdbc:h2:mem:node_4_net_6416157275649019694_persistence user=SA
14:02:22.049 [Test worker] INFO net.corda.node.services.network.PersistentNetworkMapCache - No previous node found
14:02:22.052 [Test worker] DEBUG net.corda.node.services.identity.PersistentIdentityService - Registering identity O=Broker1, L=New York, C=US
14:02:22.057 [Test worker] DEBUG com.zaxxer.hikari.pool.PoolBase - HikariPool-5 - Reset (autoCommit, isolation) on connection conn45: url=jdbc:h2:mem:node_4_net_6416157275649019694_persistence user=SA
14:02:22.121 [Test worker] DEBUG com.zaxxer.hikari.pool.PoolBase - HikariPool-5 - Reset (autoCommit, isolation) on connection conn45: url=jdbc:h2:mem:node_4_net_6416157275649019694_persistence user=SA
14:02:22.121 [Test worker] DEBUG net.corda.node.services.network.PersistentNetworkMapCache - Done adding node with info: NodeInfo(addresses=[mock.node:1000], legalIdentitiesAndCerts=[O=Broker1, L=New York, C=US], platformVersion=4, serial=1570860135971)
14:02:22.121 [Test worker] INFO net.corda.node.services.network.PersistentNetworkMapCache - Adding node with info: NodeInfo(addresses=[mock.node:1000], legalIdentitiesAndCerts=[O=Observery, L=New York, C=US], platformVersion=4, serial=1570860141710)
14:02:22.123 [Test worker] DEBUG com.zaxxer.hikari.pool.PoolBase - HikariPool-3 - Reset (autoCommit, isolation) on connection conn24: url=jdbc:h2:mem:node_2_net_6416157275649019694_persistence user=SA
14:02:22.124 [Test worker] INFO net.corda.node.services.network.PersistentNetworkMapCache - No previous node found
14:02:22.126 [Test worker] DEBUG net.corda.node.services.identity.PersistentIdentityService - Registering identity O=Observery, L=New York, C=US
14:02:22.131 [Test worker] DEBUG com.zaxxer.hikari.pool.PoolBase - HikariPool-3 - Reset (autoCommit, isolation) on connection conn24: url=jdbc:h2:mem:node_2_net_6416157275649019694_persistence user=SA
14:02:22.147 [Test worker] DEBUG com.zaxxer.hikari.pool.PoolBase - HikariPool-3 - Reset (autoCommit, isolation) on connection conn24: url=jdbc:h2:mem:node_2_net_6416157275649019694_persistence user=SA
14:02:22.147 [Test worker] DEBUG net.corda.node.services.network.PersistentNetworkMapCache - Done adding node with info: NodeInfo(addresses=[mock.node:1000], legalIdentitiesAndCerts=[O=Observery, L=New York, C=US], platformVersion=4, serial=1570860141710)
14:02:22.147 [Test worker] INFO net.corda.node.services.network.PersistentNetworkMapCache - Adding node with info: NodeInfo(addresses=[mock.node:1000], legalIdentitiesAndCerts=[O=Broker2, L=New York, C=US], platformVersion=4, serial=1570860138979)
14:02:22.150 [Test worker] DEBUG com.zaxxer.hikari.pool.PoolBase - HikariPool-5 - Reset (autoCommit, isolation) on connection conn45: url=jdbc:h2:mem:node_4_net_6416157275649019694_persistence user=SA
14:02:22.153 [Test worker] INFO net.corda.node.services.network.PersistentNetworkMapCache - No previous node found
14:02:22.155 [Test worker] DEBUG net.corda.node.services.identity.PersistentIdentityService - Registering identity O=Broker2, L=New York, C=US
14:02:22.158 [Test worker] DEBUG com.zaxxer.hikari.pool.PoolBase - HikariPool-5 - Reset (autoCommit, isolation) on connection conn45: url=jdbc:h2:mem:node_4_net_6416157275649019694_persistence user=SA
14:02:22.171 [Test worker] DEBUG com.zaxxer.hikari.pool.PoolBase - HikariPool-5 - Reset (autoCommit, isolation) on connection conn45: url=jdbc:h2:mem:node_4_net_6416157275649019694_persistence user=SA
14:02:22.171 [Test worker] DEBUG net.corda.node.services.network.PersistentNetworkMapCache - Done adding node with info: NodeInfo(addresses=[mock.node:1000], legalIdentitiesAndCerts=[O=Broker2, L=New York, C=US], platformVersion=4, serial=1570860138979)
14:02:22.171 [Test worker] INFO net.corda.node.services.network.PersistentNetworkMapCache - Adding node with info: NodeInfo(addresses=[mock.node:1000], legalIdentitiesAndCerts=[O=Observery, L=New York, C=US], platformVersion=4, serial=1570860141710)
14:02:22.174 [Test worker] DEBUG com.zaxxer.hikari.pool.PoolBase - HikariPool-4 - Reset (autoCommit, isolation) on connection conn34: url=jdbc:h2:mem:node_3_net_6416157275649019694_persistence user=SA
14:02:22.174 [Test worker] INFO net.corda.node.services.network.PersistentNetworkMapCache - No previous node found
14:02:22.176 [Test worker] DEBUG net.corda.node.services.identity.PersistentIdentityService - Registering identity O=Observery, L=New York, C=US
14:02:22.180 [Test worker] DEBUG com.zaxxer.hikari.pool.PoolBase - HikariPool-4 - Reset (autoCommit, isolation) on connection conn34: url=jdbc:h2:mem:node_3_net_6416157275649019694_persistence user=SA
14:02:22.188 [Test worker] DEBUG com.zaxxer.hikari.pool.PoolBase - HikariPool-4 - Reset (autoCommit, isolation) on connection conn34: url=jdbc:h2:mem:node_3_net_6416157275649019694_persistence user=SA
14:02:22.189 [Test worker] DEBUG net.corda.node.services.network.PersistentNetworkMapCache - Done adding node with info: NodeInfo(addresses=[mock.node:1000], legalIdentitiesAndCerts=[O=Observery, L=New York, C=US], platformVersion=4, serial=1570860141710)
14:02:22.189 [Test worker] INFO net.corda.node.services.network.PersistentNetworkMapCache - Adding node with info: NodeInfo(addresses=[mock.node:1000], legalIdentitiesAndCerts=[O=Observery, L=New York, C=US], platformVersion=4, serial=1570860141710)
14:02:22.189 [Test worker] INFO net.corda.node.services.network.PersistentNetworkMapCache - Previous node was identical to incoming one - doing nothing
14:02:22.189 [Test worker] DEBUG net.corda.node.services.network.PersistentNetworkMapCache - Done adding node with info: NodeInfo(addresses=[mock.node:1000], legalIdentitiesAndCerts=[O=Observery, L=New York, C=US], platformVersion=4, serial=1570860141710)
14:02:22.189 [Test worker] INFO net.corda.node.services.network.PersistentNetworkMapCache - Adding node with info: NodeInfo(addresses=[mock.node:1000], legalIdentitiesAndCerts=[O=Observery, L=New York, C=US], platformVersion=4, serial=1570860141710)
14:02:22.189 [Test worker] INFO net.corda.node.services.network.PersistentNetworkMapCache - Previous node was identical to incoming one - doing nothing
14:02:22.189 [Test worker] DEBUG net.corda.node.services.network.PersistentNetworkMapCache - Done adding node with info: NodeInfo(addresses=[mock.node:1000], legalIdentitiesAndCerts=[O=Observery, L=New York, C=US], platformVersion=4, serial=1570860141710)
14:02:23.147 [MockNode-2-2] DEBUG net.corda.node.services.network.NodeInfoWatcher - Read 0 NodeInfo files from build\mock-network\20191012-060133.950\nodes\1\additional-node-infos
14:02:23.147 [MockNode-2-2] DEBUG net.corda.node.services.network.NodeInfoWatcher - Number of removed NodeInfo files 0
14:02:23.482 [MockNode-1-2] DEBUG net.corda.node.services.network.NodeInfoWatcher - Read 0 NodeInfo files from build\mock-network\20191012-060133.950\nodes\0\additional-node-infos
14:02:23.483 [MockNode-1-2] DEBUG net.corda.node.services.network.NodeInfoWatcher - Number of removed NodeInfo files 0
14:02:24.027 [MockNode-4-2] DEBUG net.corda.node.services.network.NodeInfoWatcher - Read 0 NodeInfo files from build\mock-network\20191012-060133.950\nodes\3\additional-node-infos
14:02:24.027 [MockNode-4-2] DEBUG net.corda.node.services.network.NodeInfoWatcher - Number of removed NodeInfo files 0
14:02:24.660 [HikariPool-1 housekeeper] DEBUG com.zaxxer.hikari.pool.HikariPool - HikariPool-1 - Pool stats (total=10, active=0, idle=10, waiting=0)
14:02:26.013 [MockNode-3-2] DEBUG net.corda.node.services.network.NodeInfoWatcher - Read 0 NodeInfo files from build\mock-network\20191012-060133.950\nodes\2\additional-node-infos
14:02:26.013 [MockNode-3-2] DEBUG net.corda.node.services.network.NodeInfoWatcher - Number of removed NodeInfo files 0
14:02:26.746 [MockNode-5-2] DEBUG net.corda.node.services.network.NodeInfoWatcher - Read 0 NodeInfo files from build\mock-network\20191012-060133.950\nodes\4\additional-node-infos
14:02:26.746 [MockNode-5-2] DEBUG net.corda.node.services.network.NodeInfoWatcher - Number of removed NodeInfo files 0
14:02:28.147 [MockNode-2-2] DEBUG net.corda.node.services.network.NodeInfoWatcher - Read 0 NodeInfo files from build\mock-network\20191012-060133.950\nodes\1\additional-node-infos
14:02:28.150 [MockNode-2-2] DEBUG net.corda.node.services.network.NodeInfoWatcher - Number of removed NodeInfo files 0
14:02:28.482 [MockNode-1-2] DEBUG net.corda.node.services.network.NodeInfoWatcher - Read 0 NodeInfo files from build\mock-network\20191012-060133.950\nodes\0\additional-node-infos
14:02:28.482 [MockNode-1-2] DEBUG net.corda.node.services.network.NodeInfoWatcher - Number of removed NodeInfo files 0
14:02:29.014 [MockNode-4-2] DEBUG net.corda.node.services.network.NodeInfoWatcher - Read 0 NodeInfo files from build\mock-network\20191012-060133.950\nodes\3\additional-node-infos
14:02:29.014 [MockNode-4-2] DEBUG net.corda.node.services.network.NodeInfoWatcher - Number of removed NodeInfo files 0
###############################################
null
PrimitiveEvent {allocation=null, contractFormation=null, execution=[ExecutionPrimitive {after=ExecutionState {execution=Execution {closedState=null, executionQuantity=null, executionType=ELECTRONIC, executionVenue=LegalEntity {entityId=null, meta=null, name=FieldWithMetaString {value=Execution Venue, meta=null, }}, identifier=[Identifier {assignedIdentifier=[AssignedIdentifier {identifier=FieldWithMetaString {value=W3S0XZGEM4S82, meta=null, }, version=1}], issuer=null, issuerReference=ReferenceWitMeta {globalReference=3vqQOOnXah+v+Cwkdh/hSyDP7iD6lLGqRDW/500GvjU=, externalReference=null, value=null, }, meta=MetaFields {scheme=null, globalKey=568EPdYtUvpI+Qm08z1yOHoaXH8eCwU/7IP/bDoq0MY=, externalKey=null, }}], meta=MetaFields {scheme=null, globalKey=xxdy/Zsa8dH/GeGisnjJhdqR8cGAuJEU2idvHFlCsuo=, externalKey=null, }, party=null, partyRole=[PartyRole {ownershipPartyReference=null, partyReference=ReferenceWitMeta {globalReference=xIBwSYskqfYuo71OylXWHFH1u5lbAcAdAnM4LcNheBg=, externalReference=null, value=null, }, role=CLIENT}, PartyRole {ownershipPartyReference=null, partyReference=ReferenceWitMeta {globalReference=3vqQOOnXah+v+Cwkdh/hSyDP7iD6lLGqRDW/500GvjU=, externalReference=null, value=null, }, role=EXECUTING_ENTITY}, PartyRole {ownershipPartyReference=null, partyReference=ReferenceWitMeta {globalReference=NKbmTRySI+MwEy+qqV0+romOrBu0GsWdqogMXGtzSVM=, externalReference=null, value=null, }, role=COUNTERPARTY}, PartyRole {ownershipPartyReference=null, partyReference=ReferenceWitMeta {globalReference=xIBwSYskqfYuo71OylXWHFH1u5lbAcAdAnM4LcNheBg=, externalReference=null, value=null, }, role=BUYER}, PartyRole {ownershipPartyReference=null, partyReference=ReferenceWitMeta {globalReference=3vqQOOnXah+v+Cwkdh/hSyDP7iD6lLGqRDW/500GvjU=, externalReference=null, value=null, }, role=BUYER}, PartyRole {ownershipPartyReference=null, partyReference=ReferenceWitMeta {globalReference=NKbmTRySI+MwEy+qqV0+romOrBu0GsWdqogMXGtzSVM=, externalReference=null, value=null, }, role=SELLER}], price=Price {accruedInterest=1.3700, cleanNetPrice=null, grossPrice=ActualPrice {amount=96.9700, currency=FieldWithMetaString {value=USD, meta=null, }, priceExpression=ABSOLUTE_TERMS}, netPrice=ActualPrice {amount=98.3400, currency=FieldWithMetaString {value=USD, meta=null, }, priceExpression=ABSOLUTE_TERMS}}, product=Product {contractualProduct=null, foreignExchange=null, index=null, loan=null, meta=null, security=Security {bond=Bond {} IdentifiedProduct {productIdentifier=ProductIdentifier {identifier=[FieldWithMetaString {value=DH0371475458, meta=null, }], meta=null, productTaxonomy=null, source=CUSIP}}, convertibleBond=null, equity=null, exchangeTradedFund=null, mortgageBackedSecurity=null, mutualFund=null, warrant=null}}, quantity=Quantity {amount=800000.00, currency=null, unit=null}, settlementTerms=SettlementTerms {settlementAmount=Money {amount=786720.00, currency=FieldWithMetaString {value=USD, meta=null, }, meta=null}, settlementDate=AdjustableOrRelativeDate {adjustableDate=AdjustableDate {adjustedDate=null, dateAdjustments=null, dateAdjustmentsReference=null, meta=null, unadjustedDate=2019-10-17}, meta=null, relativeDate=null}, settlementType=null, transferSettlementType=null, valueDate=null} SettlementBase {meta=null, settlementCurrency=null}, tradeDate=FieldWithMetaDate {value=2019-10-16, meta=null, }}}, before=null}], exercise=null, inception=null, observation=null, quantityChange=null, reset=null, termsChange=null, transfer=null}
14:02:29.395 [Mock node 2 thread] DEBUG net.corda.node.services.persistence.DBCheckpointStorage - Checkpoint 74fa6cf5-01cb-4f49-b63b-b08369e17088, size=13198
14:02:29.402 [Mock node 2 thread] DEBUG com.zaxxer.hikari.pool.PoolBase - HikariPool-3 - Reset (autoCommit, isolation) on connection conn23: url=jdbc:h2:mem:node_2_net_6416157275649019694_persistence user=SA
14:02:29.408 [Test worker] INFO com.zaxxer.hikari.pool.HikariPool - HikariPool-1 - Close initiated...
14:02:29.408 [Test worker] DEBUG com.zaxxer.hikari.pool.HikariPool - HikariPool-1 - Before closing stats (total=10, active=0, idle=10, waiting=0)
14:02:29.410 [HikariPool-1 connection closer] DEBUG com.zaxxer.hikari.pool.PoolBase - HikariPool-1 - Closing connection conn1: url=jdbc:h2:mem:node_0_net_6416157275649019694_persistence user=SA: (connection evicted)
14:02:29.411 [HikariPool-1 connection closer] DEBUG com.zaxxer.hikari.pool.PoolBase - HikariPool-1 - Closing connection conn2: url=jdbc:h2:mem:node_0_net_6416157275649019694_persistence user=SA: (connection evicted)
14:02:29.412 [HikariPool-1 connection closer] DEBUG com.zaxxer.hikari.pool.PoolBase - HikariPool-1 - Closing connection conn3: url=jdbc:h2:mem:node_0_net_6416157275649019694_persistence user=SA: (connection evicted)
14:02:29.413 [HikariPool-1 connection closer] DEBUG com.zaxxer.hikari.pool.PoolBase - HikariPool-1 - Closing connection conn4: url=jdbc:h2:mem:node_0_net_6416157275649019694_persistence user=SA: (connection evicted)
14:02:29.414 [HikariPool-1 connection closer] DEBUG com.zaxxer.hikari.pool.PoolBase - HikariPool-1 - Closing connection conn5: url=jdbc:h2:mem:node_0_net_6416157275649019694_persistence user=SA: (connection evicted)
14:02:29.415 [HikariPool-1 connection closer] DEBUG com.zaxxer.hikari.pool.PoolBase - HikariPool-1 - Closing connection conn6: url=jdbc:h2:mem:node_0_net_6416157275649019694_persistence user=SA: (connection evicted)
14:02:29.415 [HikariPool-1 connection closer] DEBUG com.zaxxer.hikari.pool.PoolBase - HikariPool-1 - Closing connection conn7: url=jdbc:h2:mem:node_0_net_6416157275649019694_persistence user=SA: (connection evicted)
14:02:29.416 [HikariPool-1 connection closer] DEBUG com.zaxxer.hikari.pool.PoolBase - HikariPool-1 - Closing connection conn8: url=jdbc:h2:mem:node_0_net_6416157275649019694_persistence user=SA: (connection evicted)
14:02:29.417 [HikariPool-1 connection closer] DEBUG com.zaxxer.hikari.pool.PoolBase - HikariPool-1 - Closing connection conn9: url=jdbc:h2:mem:node_0_net_6416157275649019694_persistence user=SA: (connection evicted)
14:02:29.419 [HikariPool-1 connection closer] DEBUG com.zaxxer.hikari.pool.PoolBase - HikariPool-1 - Closing connection conn10: url=jdbc:h2:mem:node_0_net_6416157275649019694_persistence user=SA: (connection evicted)
14:02:29.421 [Test worker] DEBUG com.zaxxer.hikari.pool.HikariPool - HikariPool-1 - After closing stats (total=0, active=0, idle=0, waiting=0)
14:02:29.421 [Test worker] INFO com.zaxxer.hikari.pool.HikariPool - HikariPool-1 - Closed.
14:02:29.438 [Mock node 2 thread] INFO net.corda.node.services.statemachine.interceptors.PrintingInterceptor - Transition for flow [74fa6cf5-01cb-4f49-b63b-b08369e17088] 
 --- Transition of flow [74fa6cf5-01cb-4f49-b63b-b08369e17088] ---
  Timestamp: 2019-10-12T06:02:29.421Z
  Event: DoRemainingWork
  Actions: 
    CreateTransaction
    PersistCheckpoint(id=[74fa6cf5-01cb-4f49-b63b-b08369e17088], checkpoint=Checkpoint(invocationContext=InvocationContext(origin=RPC(actor=Actor(id=Id(value=Only For Testing), serviceId=AuthServiceId(value=TEST), owningLegalIdentity=O=Broker1, L=New York, C=US)), trace=Trace(invocationId=94d8f9c8-0836-4cb8-bca2-6af858316d59, timestamp: 2019-10-12T06:02:29.106Z, entityType: Invocation, sessionId=94d8f9c8-0836-4cb8-bca2-6af858316d59, timestamp: 2019-10-12T06:02:29.106Z, entityType: Session), actor=Actor(id=Id(value=Only For Testing), serviceId=AuthServiceId(value=TEST), owningLegalIdentity=O=Broker1, L=New York, C=US), externalTrace=null, impersonatedActor=null), ourIdentity=O=Broker1, L=New York, C=US, sessions={}, subFlowStack=[Initiating(flowClass=class com.derivhack.ExecutionFlow, classToInitiateWith=class com.derivhack.ExecutionFlow, flowInfo=FlowInfo(flowVersion=1, appName=cordapp-0.1), subFlowVersion=CoreFlow(platformVersion=4), isEnabledTimedFlow=false)], flowState=Unstarted(flowStart=Explicit, frozenFlowLogic=00033E427EAFFC58850C0672F88DE7A94FBB5E034B2CB784B509866F950F3529), errorState=Clean, numberOfSuspends=0), isCheckpointUpdate=false)
    PersistDeduplicationFacts(deduplicationHandlers=[net.corda.node.internal.FlowStarterImpl$startFlow$startFlowEvent$1@61240312])
    CommitTransaction
    AcknowledgeMessages(deduplicationHandlers=[net.corda.node.internal.FlowStarterImpl$startFlow$startFlowEvent$1@61240312])
    SignalFlowHasStarted(flowId=[74fa6cf5-01cb-4f49-b63b-b08369e17088])
    CreateTransaction
  Continuation: Resume(result=null)
  Diff between previous and next state:
isFlowResumed: 
    false
    true
pendingDeduplicationHandlers: 
    [net.corda.node.internal.FlowStarterImpl$startFlow$startFlowEvent$1@61240312]
    []
isAnyCheckpointPersisted: 
    false
    true

14:02:29.440 [Mock node 2 thread] DEBUG net.corda.flow - Calling flow: com.derivhack.ExecutionFlow@58f2dd2f
################ Hurrayy inside ExecutionFlow-call().......................
14:02:29.449 [Test worker] INFO com.zaxxer.hikari.pool.HikariPool - HikariPool-2 - Close initiated...
14:02:29.449 [Test worker] DEBUG com.zaxxer.hikari.pool.HikariPool - HikariPool-2 - Before closing stats (total=10, active=0, idle=10, waiting=0)
14:02:29.457 [HikariPool-2 connection closer] DEBUG com.zaxxer.hikari.pool.PoolBase - HikariPool-2 - Closing connection conn12: url=jdbc:h2:mem:node_1_net_6416157275649019694_persistence user=SA: (connection evicted)
14:02:29.457 [HikariPool-2 connection closer] DEBUG com.zaxxer.hikari.pool.PoolBase - HikariPool-2 - Closing connection conn13: url=jdbc:h2:mem:node_1_net_6416157275649019694_persistence user=SA: (connection evicted)
14:02:29.457 [HikariPool-2 connection closer] DEBUG com.zaxxer.hikari.pool.PoolBase - HikariPool-2 - Closing connection conn14: url=jdbc:h2:mem:node_1_net_6416157275649019694_persistence user=SA: (connection evicted)
14:02:29.462 [HikariPool-2 connection closer] DEBUG com.zaxxer.hikari.pool.PoolBase - HikariPool-2 - Closing connection conn15: url=jdbc:h2:mem:node_1_net_6416157275649019694_persistence user=SA: (connection evicted)
14:02:29.463 [HikariPool-2 connection closer] DEBUG com.zaxxer.hikari.pool.PoolBase - HikariPool-2 - Closing connection conn16: url=jdbc:h2:mem:node_1_net_6416157275649019694_persistence user=SA: (connection evicted)
14:02:29.464 [HikariPool-2 connection closer] DEBUG com.zaxxer.hikari.pool.PoolBase - HikariPool-2 - Closing connection conn17: url=jdbc:h2:mem:node_1_net_6416157275649019694_persistence user=SA: (connection evicted)
14:02:29.464 [HikariPool-2 connection closer] DEBUG com.zaxxer.hikari.pool.PoolBase - HikariPool-2 - Closing connection conn18: url=jdbc:h2:mem:node_1_net_6416157275649019694_persistence user=SA: (connection evicted)
14:02:29.464 [HikariPool-2 connection closer] DEBUG com.zaxxer.hikari.pool.PoolBase - HikariPool-2 - Closing connection conn19: url=jdbc:h2:mem:node_1_net_6416157275649019694_persistence user=SA: (connection evicted)
14:02:29.464 [HikariPool-2 connection closer] DEBUG com.zaxxer.hikari.pool.PoolBase - HikariPool-2 - Closing connection conn20: url=jdbc:h2:mem:node_1_net_6416157275649019694_persistence user=SA: (connection evicted)
14:02:29.464 [HikariPool-2 connection closer] DEBUG com.zaxxer.hikari.pool.PoolBase - HikariPool-2 - Closing connection conn21: url=jdbc:h2:mem:node_1_net_6416157275649019694_persistence user=SA: (connection evicted)
14:02:29.465 [Test worker] DEBUG com.zaxxer.hikari.pool.HikariPool - HikariPool-2 - After closing stats (total=0, active=0, idle=0, waiting=0)
14:02:29.465 [Test worker] INFO com.zaxxer.hikari.pool.HikariPool - HikariPool-2 - Closed.
$$$$$$$$$$$$$$$$$$$$$$$$$ @CdmTransactionBuilder-> init start
14:02:29.483 [Mock node 2 thread] DEBUG net.corda.node.services.vault.NodeVaultService - Vault Query for contract type: class net.corda.cdmsupport.states.ExecutionState, criteria: VaultQueryCriteria(status=UNCONSUMED, contractStateTypes=null, stateRefs=null, notary=null, softLockingCondition=null, timeCondition=null, relevancyStatus=ALL, constraintTypes=[], constraints=[], participants=null), pagination: PageSpecification(pageNumber=-1, pageSize=200), sorting: Sort(columns=[])
??????????????????????????????????????? ctb.createExecutionState()
$$$$$$$$$$$$$$$$$$$$$$$$$ @CdmTransactionBuilder-> init end
OutputState = TransactionState(data=ExecutionState(executionJson={
  "executionType" : "ELECTRONIC",
  "executionVenue" : {
    "name" : {
      "value" : "Execution Venue"
    }
  },
  "identifier" : [ {
    "assignedIdentifier" : [ {
      "identifier" : {
        "value" : "W3S0XZGEM4S82"
      },
      "version" : 1
    } ],
    "issuerReference" : {
      "globalReference" : "3vqQOOnXah+v+Cwkdh/hSyDP7iD6lLGqRDW/500GvjU="
    },
    "meta" : {
      "globalKey" : "568EPdYtUvpI+Qm08z1yOHoaXH8eCwU/7IP/bDoq0MY="
    }
  } ],
  "meta" : {
    "globalKey" : "xxdy/Zsa8dH/GeGisnjJhdqR8cGAuJEU2idvHFlCsuo="
  },
  "party" : [ {
    "globalReference" : "xIBwSYskqfYuo71OylXWHFH1u5lbAcAdAnM4LcNheBg=",
    "value" : {
      "account" : {
        "accountName" : {
          "value" : "Client1_ACT#2"
        },
        "accountNumber" : {
          "value" : "Client1_ACT#2_BJKXFTGW4BFPY"
        },
        "meta" : {
          "globalKey" : "cHT7pO5Q+p3hO3sxjl+ACvyGkYYWIBaA2PpVaRO/dvs="
        }
      },
      "meta" : {
        "globalKey" : "xIBwSYskqfYuo71OylXWHFH1u5lbAcAdAnM4LcNheBg=",
        "externalKey" : "Client1_ID#2_CAOIBGBYU6QPR"
      },
      "name" : {
        "value" : "Client1"
      },
      "partyId" : [ {
        "value" : "Client1_ID#2_CAOIBGBYU6QPR"
      } ]
    }
  }, {
    "globalReference" : "3vqQOOnXah+v+Cwkdh/hSyDP7iD6lLGqRDW/500GvjU=",
    "value" : {
      "account" : {
        "accountName" : {
          "value" : "Broker1_ACT#0"
        },
        "accountNumber" : {
          "value" : "Broker1_ACT#0_WWVA12ZJ21IW2"
        },
        "meta" : {
          "globalKey" : "xvRB/LCSyPGS736BhYfTkW1AH56H1bzHHXbqZJepZ0w="
        }
      },
      "meta" : {
        "globalKey" : "3vqQOOnXah+v+Cwkdh/hSyDP7iD6lLGqRDW/500GvjU=",
        "externalKey" : "Broker1_ID#0_4NGIDYZJ4ZBDX"
      },
      "name" : {
        "value" : "Broker1"
      },
      "partyId" : [ {
        "value" : "Broker1_ID#0_4NGIDYZJ4ZBDX"
      } ]
    }
  }, {
    "globalReference" : "NKbmTRySI+MwEy+qqV0+romOrBu0GsWdqogMXGtzSVM=",
    "value" : {
      "account" : {
        "accountName" : {
          "value" : "Broker2_ACT#0"
        },
        "accountNumber" : {
          "value" : "Broker2_ACT#0_TTJE0NQUTRIFB"
        },
        "meta" : {
          "globalKey" : "GyBU5vHoyL4BM7ctxcCsNp3VXMlELtkERhGao8KbExY="
        }
      },
      "meta" : {
        "globalKey" : "NKbmTRySI+MwEy+qqV0+romOrBu0GsWdqogMXGtzSVM=",
        "externalKey" : "Broker2_ID#0_AN93QUDTMRPAB"
      },
      "name" : {
        "value" : "Broker2"
      },
      "partyId" : [ {
        "value" : "Broker2_ID#0_AN93QUDTMRPAB"
      } ]
    }
  } ],
  "partyRole" : [ {
    "partyReference" : {
      "globalReference" : "xIBwSYskqfYuo71OylXWHFH1u5lbAcAdAnM4LcNheBg="
    },
    "role" : "CLIENT"
  }, {
    "partyReference" : {
      "globalReference" : "3vqQOOnXah+v+Cwkdh/hSyDP7iD6lLGqRDW/500GvjU="
    },
    "role" : "EXECUTING_ENTITY"
  }, {
    "partyReference" : {
      "globalReference" : "NKbmTRySI+MwEy+qqV0+romOrBu0GsWdqogMXGtzSVM="
    },
    "role" : "COUNTERPARTY"
  }, {
    "partyReference" : {
      "globalReference" : "xIBwSYskqfYuo71OylXWHFH1u5lbAcAdAnM4LcNheBg="
    },
    "role" : "BUYER"
  }, {
    "partyReference" : {
      "globalReference" : "3vqQOOnXah+v+Cwkdh/hSyDP7iD6lLGqRDW/500GvjU="
    },
    "role" : "BUYER"
  }, {
    "partyReference" : {
      "globalReference" : "NKbmTRySI+MwEy+qqV0+romOrBu0GsWdqogMXGtzSVM="
    },
    "role" : "SELLER"
  } ],
  "price" : {
    "accruedInterest" : 1.3700,
    "grossPrice" : {
      "amount" : 96.9700,
      "currency" : {
        "value" : "USD"
      },
      "priceExpression" : "ABSOLUTE_TERMS"
    },
    "netPrice" : {
      "amount" : 98.3400,
      "currency" : {
        "value" : "USD"
      },
      "priceExpression" : "ABSOLUTE_TERMS"
    }
  },
  "product" : {
    "security" : {
      "bond" : {
        "productIdentifier" : {
          "identifier" : [ {
            "value" : "DH0371475458"
          } ],
          "source" : "CUSIP"
        }
      }
    }
  },
  "quantity" : {
    "amount" : 800000.00
  },
  "settlementTerms" : {
    "settlementAmount" : {
      "amount" : 786720.00,
      "currency" : {
        "value" : "USD"
      }
    },
    "settlementDate" : {
      "adjustableDate" : {
        "unadjustedDate" : {
          "day" : 17,
          "month" : 10,
          "year" : 2019
        }
      }
    }
  },
  "tradeDate" : {
    "value" : {
      "day" : 16,
      "month" : 10,
      "year" : 2019
    }
  }
}, eventReference=zeOwGVI5iP80wGc+OHIFp/0QNgcIr88yrAa1M4j576Q=, workflowStatus=UNAFFIRMED, participants=[O=Broker1, L=New York, C=US, O=Broker2, L=New York, C=US], linearId=b2d86801-81c3-42e0-bb4a-b67694fc8312), contract=net.corda.cdmsupport.CDMEvent, notary=O=Notary Service, L=Zurich, C=CH, encumbrance=null, constraint=net.corda.core.contracts.AutomaticPlaceholderConstraint@3ac21a25)
#########################@ExecutionFlow.call() ----commented out the builder.verify()............
#########################@ExecutionFlow.call() ---- serviceHub.signInitialTransaction()............
14:02:29.890 [Mock node 2 thread] DEBUG net.corda.core.contracts.AttachmentConstraint - Checking attachment uploader app is trusted
14:02:29.936 [Mock node 2 thread] DEBUG net.corda.serialization.internal.amqp.DefaultLocalSerializerFactory - class=SHA256, type=class net.corda.core.crypto.SecureHash$SHA256 is a composite type
14:02:29.995 [Mock node 2 thread] DEBUG net.corda.serialization.internal.amqp.DefaultLocalSerializerFactory - class=TransactionState, type=class net.corda.core.contracts.TransactionState is a composite type
14:02:29.997 [Mock node 2 thread] DEBUG net.corda.serialization.internal.amqp.DefaultLocalSerializerFactory - class=AttachmentConstraint, type=interface net.corda.core.contracts.AttachmentConstraint is a composite type
14:02:29.997 [Mock node 2 thread] DEBUG net.corda.serialization.internal.amqp.DefaultLocalSerializerFactory - class=ContractState, type=interface net.corda.core.contracts.ContractState is a composite type
14:02:30.026 [Mock node 2 thread] DEBUG net.corda.serialization.internal.amqp.DefaultLocalSerializerFactory - class=HashAttachmentConstraint, type=class net.corda.core.contracts.HashAttachmentConstraint is a composite type
14:02:30.051 [Mock node 2 thread] DEBUG net.corda.serialization.internal.amqp.DefaultLocalSerializerFactory - class=ExecutionState, type=class net.corda.cdmsupport.states.ExecutionState is a composite type
14:02:30.052 [Mock node 2 thread] DEBUG net.corda.serialization.internal.amqp.DefaultLocalSerializerFactory - class=LinearState, type=interface net.corda.core.contracts.LinearState is a composite type
14:02:30.052 [Mock node 2 thread] DEBUG net.corda.serialization.internal.amqp.DefaultLocalSerializerFactory - class=UniqueIdentifier, type=class net.corda.core.contracts.UniqueIdentifier is a composite type
14:02:30.063 [Mock node 2 thread] DEBUG net.corda.serialization.internal.amqp.DefaultLocalSerializerFactory - class=Execution, type=class net.corda.cdmsupport.CDMEvent$Commands$Execution is a composite type
14:02:30.063 [Mock node 2 thread] DEBUG net.corda.serialization.internal.amqp.DefaultLocalSerializerFactory - class=Commands, type=interface net.corda.cdmsupport.CDMEvent$Commands is a composite type
14:02:30.064 [Mock node 2 thread] DEBUG net.corda.serialization.internal.amqp.DefaultLocalSerializerFactory - class=CommandData, type=interface net.corda.core.contracts.CommandData is a composite type
14:02:30.067 [Mock node 2 thread] DEBUG net.corda.serialization.internal.amqp.CachingCustomSerializerRegistry - action="Using custom serializer", class=net.i2p.crypto.eddsa.EdDSAPublicKey, declaredType=net.i2p.crypto.eddsa.EdDSAPublicKey
14:02:30.131 [Mock node 2 thread] DEBUG net.corda.core.serialization.internal.AttachmentsClassLoader - Adding new entry for net/corda/cdmsupport/testflow/testflowinitiating.class
14:02:30.131 [Mock node 2 thread] DEBUG net.corda.core.serialization.internal.AttachmentsClassLoader - Adding new entry for net/corda/cdmsupport/cdmevent$commands$execution.class
14:02:30.131 [Mock node 2 thread] DEBUG net.corda.core.serialization.internal.AttachmentsClassLoader - Adding new entry for net/corda/cdmsupport/states/executionstate.class
14:02:30.131 [Mock node 2 thread] DEBUG net.corda.core.serialization.internal.AttachmentsClassLoader - Adding new entry for net/corda/cdmsupport/states/affirmationstate.class
14:02:30.132 [Mock node 2 thread] DEBUG net.corda.core.serialization.internal.AttachmentsClassLoader - Adding new entry for net/corda/cdmsupport/testflow/affirmationflowresponder.class
14:02:30.132 [Mock node 2 thread] DEBUG net.corda.core.serialization.internal.AttachmentsClassLoader - Adding new entry for net/corda/cdmsupport/eventparsing/eventserializationkt.class
14:02:30.133 [Mock node 2 thread] DEBUG net.corda.core.serialization.internal.AttachmentsClassLoader - Adding new entry for net/corda/cdmsupport/functions/affirmationbuilderfromexecutionkt.class
14:02:30.133 [Mock node 2 thread] DEBUG net.corda.core.serialization.internal.AttachmentsClassLoader - Adding new entry for net/corda/cdmsupport/transactionbuilding/cdmtransactionbuilder.class
14:02:30.134 [Mock node 2 thread] DEBUG net.corda.core.serialization.internal.AttachmentsClassLoader - Adding new entry for net/corda/cdmsupport/extensions/allocationvalidationkt.class
14:02:30.134 [Mock node 2 thread] DEBUG net.corda.core.serialization.internal.AttachmentsClassLoader - Adding new entry for net/corda/cdmsupport/vaultquerying/defaultcdmvaultquery.class
14:02:30.134 [Mock node 2 thread] DEBUG net.corda.core.serialization.internal.AttachmentsClassLoader - Adding new entry for net/corda/cdmsupport/executionalreadyexists.class
14:02:30.135 [Mock node 2 thread] DEBUG net.corda.core.serialization.internal.AttachmentsClassLoader - Adding new entry for net/corda/cdmsupport/testflow/testobservableflow.class
14:02:30.135 [Mock node 2 thread] DEBUG net.corda.core.serialization.internal.AttachmentsClassLoader - Adding new entry for net/corda/cdmsupport/cdmevent$companion.class
14:02:30.135 [Mock node 2 thread] DEBUG net.corda.core.serialization.internal.AttachmentsClassLoader - Adding new entry for net/corda/cdmsupport/cdmevent$commands.class
14:02:30.136 [Mock node 2 thread] DEBUG net.corda.core.serialization.internal.AttachmentsClassLoader - Adding new entry for net/corda/cdmsupport/validators/cdmvalidators.class
14:02:30.136 [Mock node 2 thread] DEBUG net.corda.core.serialization.internal.AttachmentsClassLoader - Adding new entry for net/corda/cdmsupport/testflow/receiveobservableflow.class
14:02:30.137 [Mock node 2 thread] DEBUG net.corda.core.serialization.internal.AttachmentsClassLoader - Adding new entry for net/corda/cdmsupport/allocatedtotalsnotmatch.class
14:02:30.137 [Mock node 2 thread] DEBUG net.corda.core.serialization.internal.AttachmentsClassLoader - Adding new entry for net/corda/cdmsupport/testflow/testaffirmationflow.class
14:02:30.138 [Mock node 2 thread] DEBUG net.corda.core.serialization.internal.AttachmentsClassLoader - Adding new entry for net/corda/cdmsupport/cdmevent.class
14:02:30.138 [Mock node 2 thread] DEBUG net.corda.core.serialization.internal.AttachmentsClassLoader - Adding new entry for net/corda/cdmsupport/cdmexecutionformetaglobalkeynotfound.class
14:02:30.139 [Mock node 2 thread] DEBUG net.corda.core.serialization.internal.AttachmentsClassLoader - Adding new entry for net/corda/cdmsupport/validationunsuccessfull.class
14:02:30.139 [Mock node 2 thread] DEBUG net.corda.core.serialization.internal.AttachmentsClassLoader - Adding new entry for net/corda/cdmsupport/eventparsing/eventdeseralizationkt.class
14:02:30.141 [Mock node 2 thread] DEBUG net.corda.core.serialization.internal.AttachmentsClassLoader - Adding new entry for net/corda/cdmsupport/multiplecdmexecutionsformetaglobalkeyfound.class
14:02:30.141 [Mock node 2 thread] DEBUG net.corda.core.serialization.internal.AttachmentsClassLoader - Adding new entry for net/corda/cdmsupport/testflow/affirmationflowresponder$call$signedtransactionflow$1.class
14:02:30.141 [Mock node 2 thread] DEBUG net.corda.core.serialization.internal.AttachmentsClassLoader - Adding new entry for net/corda/cdmsupport/extensions/executionextensionskt.class
14:02:30.142 [Mock node 2 thread] DEBUG net.corda.core.serialization.internal.AttachmentsClassLoader - Adding new entry for net/corda/cdmsupport/testflow/testflowinitiated.class
14:02:30.142 [Mock node 2 thread] DEBUG net.corda.core.serialization.internal.AttachmentsClassLoader - Adding new entry for net/corda/cdmsupport/allocationlineagenotmatch.class
14:02:30.142 [Mock node 2 thread] DEBUG net.corda.core.serialization.internal.AttachmentsClassLoader - Adding new entry for net/corda/cdmsupport/events/affirmationtests.class
14:02:30.143 [Mock node 2 thread] DEBUG net.corda.core.serialization.internal.AttachmentsClassLoader - Adding new entry for net/corda/cdmsupport/events/allocationtests.class
14:02:30.143 [Mock node 2 thread] DEBUG net.corda.core.serialization.internal.AttachmentsClassLoader - Adding new entry for net/corda/cdmsupport/events/executiontest.class
14:02:30.144 [Mock node 2 thread] DEBUG net.corda.core.serialization.internal.AttachmentsClassLoader - Adding new entry for net/corda/cdmsupport/vaultquerying/cdmvaultquery.class
14:02:30.144 [Mock node 2 thread] DEBUG net.corda.core.serialization.internal.AttachmentsClassLoader - Adding new entry for net/corda/cdmsupport/events/baseeventtest.class
14:02:30.144 [Mock node 2 thread] DEBUG net.corda.core.serialization.internal.AttachmentsClassLoader - Adding new entry for net/corda/cdmsupport/testflow/testflowinitiated$call$signedtransactionflow$1.class
14:02:30.145 [Mock node 2 thread] DEBUG net.corda.core.serialization.internal.AttachmentsClassLoader - Adding new entry for net/corda/cdmsupport/cdmevent$commands$affirmation.class
14:02:30.145 [Mock node 2 thread] DEBUG net.corda.core.serialization.internal.AttachmentsClassLoader - 34 classloaded entries for ContractAttachment(attachment=CB453C52675BF53CA88619E8B05ADC65A5C045F27DFC48AD880BCCDA297B7E75, contracts='[net.corda.cdmsupport.CDMEvent]', uploader='app', signed='false', version='1')
14:02:31.137 [MockNode-3-2] DEBUG net.corda.node.services.network.NodeInfoWatcher - Read 0 NodeInfo files from build\mock-network\20191012-060133.950\nodes\2\additional-node-infos
14:02:31.138 [MockNode-3-2] DEBUG net.corda.node.services.network.NodeInfoWatcher - Number of removed NodeInfo files 0
14:02:31.865 [MockNode-5-2] DEBUG net.corda.node.services.network.NodeInfoWatcher - Read 0 NodeInfo files from build\mock-network\20191012-060133.950\nodes\4\additional-node-infos
14:02:31.866 [MockNode-5-2] DEBUG net.corda.node.services.network.NodeInfoWatcher - Number of removed NodeInfo files 0
14:02:33.951 [Mock node 2 thread] DEBUG net.corda.serialization.internal.amqp.DefaultLocalSerializerFactory - class=Execution, type=class net.corda.cdmsupport.CDMEvent$Commands$Execution is a composite type
14:02:33.951 [Mock node 2 thread] DEBUG net.corda.serialization.internal.amqp.DefaultLocalSerializerFactory - class=Commands, type=interface net.corda.cdmsupport.CDMEvent$Commands is a composite type
14:02:33.952 [Mock node 2 thread] DEBUG net.corda.serialization.internal.amqp.DefaultLocalSerializerFactory - class=CommandData, type=interface net.corda.core.contracts.CommandData is a composite type
14:02:33.970 [Mock node 2 thread] DEBUG net.corda.serialization.internal.amqp.CachingCustomSerializerRegistry - action="Using custom serializer", class=java.security.PublicKey, declaredType=java.security.PublicKey
14:02:33.984 [Mock node 2 thread] DEBUG net.corda.serialization.internal.amqp.DefaultLocalSerializerFactory - class=TransactionState, type=class net.corda.core.contracts.TransactionState is a composite type
14:02:33.985 [Mock node 2 thread] DEBUG net.corda.serialization.internal.amqp.DefaultLocalSerializerFactory - class=AttachmentConstraint, type=interface net.corda.core.contracts.AttachmentConstraint is a composite type
14:02:33.985 [Mock node 2 thread] DEBUG net.corda.serialization.internal.amqp.DefaultLocalSerializerFactory - class=ContractState, type=interface net.corda.core.contracts.ContractState is a composite type
14:02:33.985 [Mock node 2 thread] DEBUG net.corda.serialization.internal.amqp.DefaultLocalSerializerFactory - class=Party, type=class net.corda.core.identity.Party is a composite type
14:02:33.985 [Mock node 2 thread] DEBUG net.corda.serialization.internal.amqp.DefaultLocalSerializerFactory - class=CordaX500Name, type=class net.corda.core.identity.CordaX500Name is a composite type
14:02:33.985 [Mock node 2 thread] DEBUG net.corda.serialization.internal.amqp.DefaultLocalSerializerFactory - class=HashAttachmentConstraint, type=class net.corda.core.contracts.HashAttachmentConstraint is a composite type
14:02:33.985 [Mock node 2 thread] DEBUG net.corda.serialization.internal.amqp.DefaultLocalSerializerFactory - class=SecureHash, type=class net.corda.core.crypto.SecureHash is a composite type
14:02:33.986 [Mock node 2 thread] DEBUG net.corda.serialization.internal.amqp.DefaultLocalSerializerFactory - class=SHA256, type=class net.corda.core.crypto.SecureHash$SHA256 is a composite type
14:02:33.986 [Mock node 2 thread] DEBUG net.corda.serialization.internal.amqp.DefaultLocalSerializerFactory - class=ExecutionState, type=class net.corda.cdmsupport.states.ExecutionState is a composite type
14:02:33.986 [Mock node 2 thread] DEBUG net.corda.serialization.internal.amqp.DefaultLocalSerializerFactory - class=LinearState, type=interface net.corda.core.contracts.LinearState is a composite type
14:02:33.986 [Mock node 2 thread] DEBUG net.corda.serialization.internal.amqp.DefaultLocalSerializerFactory - class=UniqueIdentifier, type=class net.corda.core.contracts.UniqueIdentifier is a composite type
14:02:33.990 [Mock node 2 thread] DEBUG net.corda.core.contracts.AttachmentConstraint - Checking attachment uploader app is trusted
############### here at the StatesAndContracts @CDMEvent->verify() #############################
###### @CDMEvent->verify() tx.commands [CommandWithParties(signers=[net.i2p.crypto.eddsa.EdDSAPublicKey@ada7c185, net.i2p.crypto.eddsa.EdDSAPublicKey@2447eb5a], signingParties=[O=Broker1, L=New York, C=US, O=Broker2, L=New York, C=US], value=net.corda.cdmsupport.CDMEvent$Commands$Execution@778dd3c1)] #############
/////////////////////////////////////////////////////////////////////////////////////////////////////////////////// - Start
command - CommandWithParties(signers=[net.i2p.crypto.eddsa.EdDSAPublicKey@ada7c185, net.i2p.crypto.eddsa.EdDSAPublicKey@2447eb5a], signingParties=[O=Broker1, L=New York, C=US, O=Broker2, L=New York, C=US], value=net.corda.cdmsupport.CDMEvent$Commands$Execution@778dd3c1)
>>>>>>>>>>>>>>>>>> outoutStates:
output - ExecutionState(executionJson={
  "executionType" : "ELECTRONIC",
  "executionVenue" : {
    "name" : {
      "value" : "Execution Venue"
    }
  },
  "identifier" : [ {
    "assignedIdentifier" : [ {
      "identifier" : {
        "value" : "W3S0XZGEM4S82"
      },
      "version" : 1
    } ],
    "issuerReference" : {
      "globalReference" : "3vqQOOnXah+v+Cwkdh/hSyDP7iD6lLGqRDW/500GvjU="
    },
    "meta" : {
      "globalKey" : "568EPdYtUvpI+Qm08z1yOHoaXH8eCwU/7IP/bDoq0MY="
    }
  } ],
  "meta" : {
    "globalKey" : "xxdy/Zsa8dH/GeGisnjJhdqR8cGAuJEU2idvHFlCsuo="
  },
  "party" : [ {
    "globalReference" : "xIBwSYskqfYuo71OylXWHFH1u5lbAcAdAnM4LcNheBg=",
    "value" : {
      "account" : {
        "accountName" : {
          "value" : "Client1_ACT#2"
        },
        "accountNumber" : {
          "value" : "Client1_ACT#2_BJKXFTGW4BFPY"
        },
        "meta" : {
          "globalKey" : "cHT7pO5Q+p3hO3sxjl+ACvyGkYYWIBaA2PpVaRO/dvs="
        }
      },
      "meta" : {
        "globalKey" : "xIBwSYskqfYuo71OylXWHFH1u5lbAcAdAnM4LcNheBg=",
        "externalKey" : "Client1_ID#2_CAOIBGBYU6QPR"
      },
      "name" : {
        "value" : "Client1"
      },
      "partyId" : [ {
        "value" : "Client1_ID#2_CAOIBGBYU6QPR"
      } ]
    }
  }, {
    "globalReference" : "3vqQOOnXah+v+Cwkdh/hSyDP7iD6lLGqRDW/500GvjU=",
    "value" : {
      "account" : {
        "accountName" : {
          "value" : "Broker1_ACT#0"
        },
        "accountNumber" : {
          "value" : "Broker1_ACT#0_WWVA12ZJ21IW2"
        },
        "meta" : {
          "globalKey" : "xvRB/LCSyPGS736BhYfTkW1AH56H1bzHHXbqZJepZ0w="
        }
      },
      "meta" : {
        "globalKey" : "3vqQOOnXah+v+Cwkdh/hSyDP7iD6lLGqRDW/500GvjU=",
        "externalKey" : "Broker1_ID#0_4NGIDYZJ4ZBDX"
      },
      "name" : {
        "value" : "Broker1"
      },
      "partyId" : [ {
        "value" : "Broker1_ID#0_4NGIDYZJ4ZBDX"
      } ]
    }
  }, {
    "globalReference" : "NKbmTRySI+MwEy+qqV0+romOrBu0GsWdqogMXGtzSVM=",
    "value" : {
      "account" : {
        "accountName" : {
          "value" : "Broker2_ACT#0"
        },
        "accountNumber" : {
          "value" : "Broker2_ACT#0_TTJE0NQUTRIFB"
        },
        "meta" : {
          "globalKey" : "GyBU5vHoyL4BM7ctxcCsNp3VXMlELtkERhGao8KbExY="
        }
      },
      "meta" : {
        "globalKey" : "NKbmTRySI+MwEy+qqV0+romOrBu0GsWdqogMXGtzSVM=",
        "externalKey" : "Broker2_ID#0_AN93QUDTMRPAB"
      },
      "name" : {
        "value" : "Broker2"
      },
      "partyId" : [ {
        "value" : "Broker2_ID#0_AN93QUDTMRPAB"
      } ]
    }
  } ],
  "partyRole" : [ {
    "partyReference" : {
      "globalReference" : "xIBwSYskqfYuo71OylXWHFH1u5lbAcAdAnM4LcNheBg="
    },
    "role" : "CLIENT"
  }, {
    "partyReference" : {
      "globalReference" : "3vqQOOnXah+v+Cwkdh/hSyDP7iD6lLGqRDW/500GvjU="
    },
    "role" : "EXECUTING_ENTITY"
  }, {
    "partyReference" : {
      "globalReference" : "NKbmTRySI+MwEy+qqV0+romOrBu0GsWdqogMXGtzSVM="
    },
    "role" : "COUNTERPARTY"
  }, {
    "partyReference" : {
      "globalReference" : "xIBwSYskqfYuo71OylXWHFH1u5lbAcAdAnM4LcNheBg="
    },
    "role" : "BUYER"
  }, {
    "partyReference" : {
      "globalReference" : "3vqQOOnXah+v+Cwkdh/hSyDP7iD6lLGqRDW/500GvjU="
    },
    "role" : "BUYER"
  }, {
    "partyReference" : {
      "globalReference" : "NKbmTRySI+MwEy+qqV0+romOrBu0GsWdqogMXGtzSVM="
    },
    "role" : "SELLER"
  } ],
  "price" : {
    "accruedInterest" : 1.3700,
    "grossPrice" : {
      "amount" : 96.9700,
      "currency" : {
        "value" : "USD"
      },
      "priceExpression" : "ABSOLUTE_TERMS"
    },
    "netPrice" : {
      "amount" : 98.3400,
      "currency" : {
        "value" : "USD"
      },
      "priceExpression" : "ABSOLUTE_TERMS"
    }
  },
  "product" : {
    "security" : {
      "bond" : {
        "productIdentifier" : {
          "identifier" : [ {
            "value" : "DH0371475458"
          } ],
          "source" : "CUSIP"
        }
      }
    }
  },
  "quantity" : {
    "amount" : 800000.00
  },
  "settlementTerms" : {
    "settlementAmount" : {
      "amount" : 786720.00,
      "currency" : {
        "value" : "USD"
      }
    },
    "settlementDate" : {
      "adjustableDate" : {
        "unadjustedDate" : {
          "day" : 17,
          "month" : 10,
          "year" : 2019
        }
      }
    }
  },
  "tradeDate" : {
    "value" : {
      "day" : 16,
      "month" : 10,
      "year" : 2019
    }
  }
}, eventReference=zeOwGVI5iP80wGc+OHIFp/0QNgcIr88yrAa1M4j576Q=, workflowStatus=UNAFFIRMED, participants=[O=Broker1, L=New York, C=US, O=Broker2, L=New York, C=US], linearId=b2d86801-81c3-42e0-bb4a-b67694fc8312)
/////////////////////////////////////////////////////////////////////////////////////////////////////////////////// - End
14:02:34.017 [MockNode-4-2] DEBUG net.corda.node.services.network.NodeInfoWatcher - Read 0 NodeInfo files from build\mock-network\20191012-060133.950\nodes\3\additional-node-infos
14:02:34.017 [MockNode-4-2] DEBUG net.corda.node.services.network.NodeInfoWatcher - Number of removed NodeInfo files 0
14:02:34.024 [Mock node 2 thread] DEBUG net.corda.serialization.internal.amqp.DefaultLocalSerializerFactory - class=SignableData, type=class net.corda.core.crypto.SignableData is a composite type
14:02:34.027 [Mock node 2 thread] DEBUG net.corda.serialization.internal.amqp.DefaultLocalSerializerFactory - class=SignatureMetadata, type=class net.corda.core.crypto.SignatureMetadata is a composite type
14:02:34.185 [Mock node 2 thread] DEBUG net.corda.serialization.internal.amqp.DefaultLocalSerializerFactory - class=WireTransaction, type=class net.corda.core.transactions.WireTransaction is a composite type
14:02:34.186 [Mock node 2 thread] DEBUG net.corda.serialization.internal.amqp.DefaultLocalSerializerFactory - class=ComponentGroup, type=class net.corda.core.transactions.ComponentGroup is a composite type
14:02:34.187 [Mock node 2 thread] DEBUG net.corda.serialization.internal.amqp.DefaultLocalSerializerFactory - class=OpaqueBytes, type=class net.corda.core.utilities.OpaqueBytes is a composite type
14:02:34.187 [Mock node 2 thread] DEBUG net.corda.serialization.internal.amqp.DefaultLocalSerializerFactory - class=PrivacySalt, type=class net.corda.core.contracts.PrivacySalt is a composite type
14:02:34.189 [Mock node 2 thread] DEBUG net.corda.serialization.internal.amqp.DefaultLocalSerializerFactory - class=SerializedBytes, type=class net.corda.core.serialization.SerializedBytes is a composite type
#########################@ExecutionFlow.call() ---- After serviceHub.signInitialTransaction()............
#########################@ExecutionFlow.call() ----builder.getPartiesToSign().minus()............
14:02:34.235 [Mock node 2 thread] INFO net.corda.node.services.statemachine.interceptors.PrintingInterceptor - Transition for flow [74fa6cf5-01cb-4f49-b63b-b08369e17088] 
 --- Transition of flow [74fa6cf5-01cb-4f49-b63b-b08369e17088] ---
  Timestamp: 2019-10-12T06:02:34.233Z
  Event: InitiateFlow(party=O=Broker2, L=New York, C=US)
  Actions: 
    AddSessionBinding(flowId=[74fa6cf5-01cb-4f49-b63b-b08369e17088], sessionId=SessionId(toLong=-1039258206268565126))
  Continuation: Resume(result=class net.corda.node.services.statemachine.FlowSessionImpl)
  Diff between previous and next state:
checkpoint.sessions.SessionId(toLong=-1039258206268565126): 
    null
    Uninitiated(party=O=Broker2, L=New York, C=US, initiatingSubFlow=Initiating(flowClass=class com.derivhack.ExecutionFlow, classToInitiateWith=class com.derivhack.ExecutionFlow, flowInfo=FlowInfo(flowVersion=1, appName=cordapp-0.1), subFlowVersion=CoreFlow(platformVersion=4), isEnabledTimedFlow=false), sourceSessionId=SessionId(toLong=-1039258206268565126), additionalEntropy=6871962895403746581)

#########################@ExecutionFlow.call() ---- After builder.getPartiesToSign().minus()............
#########################@ExecutionFlow.call() ----subFlow(CollectSignaturesFlow()............
14:02:34.258 [Mock node 2 thread] DEBUG net.corda.flow - Calling subflow: net.corda.core.flows.CollectSignaturesFlow@4148bd5e
14:02:34.264 [Mock node 2 thread] INFO net.corda.node.services.statemachine.interceptors.PrintingInterceptor - Transition for flow [74fa6cf5-01cb-4f49-b63b-b08369e17088] 
 --- Transition of flow [74fa6cf5-01cb-4f49-b63b-b08369e17088] ---
  Timestamp: 2019-10-12T06:02:34.263Z
  Event: EnterSubFlow(subFlowClass=class net.corda.core.flows.CollectSignaturesFlow, subFlowVersion=CoreFlow(platformVersion=4), isEnabledTimedFlow=false)
  Actions: 
    
  Continuation: ProcessEvents
  Diff between previous and next state:
checkpoint.subFlowStack: 
    [Initiating(flowClass=class com.derivhack.ExecutionFlow, classToInitiateWith=class com.derivhack.ExecutionFlow, flowInfo=FlowInfo(flowVersion=1, appName=cordapp-0.1), subFlowVersion=CoreFlow(platformVersion=4), isEnabledTimedFlow=false)]
    [Initiating(flowClass=class com.derivhack.ExecutionFlow, classToInitiateWith=class com.derivhack.ExecutionFlow, flowInfo=FlowInfo(flowVersion=1, appName=cordapp-0.1), subFlowVersion=CoreFlow(platformVersion=4), isEnabledTimedFlow=false), Inlined(flowClass=class net.corda.core.flows.CollectSignaturesFlow, subFlowVersion=CoreFlow(platformVersion=4), isEnabledTimedFlow=false)]

14:02:34.278 [Mock node 2 thread] DEBUG net.corda.core.contracts.AttachmentConstraint - Checking attachment uploader app is trusted
############### here at the StatesAndContracts @CDMEvent->verify() #############################
###### @CDMEvent->verify() tx.commands [CommandWithParties(signers=[net.i2p.crypto.eddsa.EdDSAPublicKey@ada7c185, net.i2p.crypto.eddsa.EdDSAPublicKey@2447eb5a], signingParties=[O=Broker1, L=New York, C=US, O=Broker2, L=New York, C=US], value=net.corda.cdmsupport.CDMEvent$Commands$Execution@3bda4dad)] #############
/////////////////////////////////////////////////////////////////////////////////////////////////////////////////// - Start
command - CommandWithParties(signers=[net.i2p.crypto.eddsa.EdDSAPublicKey@ada7c185, net.i2p.crypto.eddsa.EdDSAPublicKey@2447eb5a], signingParties=[O=Broker1, L=New York, C=US, O=Broker2, L=New York, C=US], value=net.corda.cdmsupport.CDMEvent$Commands$Execution@3bda4dad)
>>>>>>>>>>>>>>>>>> outoutStates:
output - ExecutionState(executionJson={
  "executionType" : "ELECTRONIC",
  "executionVenue" : {
    "name" : {
      "value" : "Execution Venue"
    }
  },
  "identifier" : [ {
    "assignedIdentifier" : [ {
      "identifier" : {
        "value" : "W3S0XZGEM4S82"
      },
      "version" : 1
    } ],
    "issuerReference" : {
      "globalReference" : "3vqQOOnXah+v+Cwkdh/hSyDP7iD6lLGqRDW/500GvjU="
    },
    "meta" : {
      "globalKey" : "568EPdYtUvpI+Qm08z1yOHoaXH8eCwU/7IP/bDoq0MY="
    }
  } ],
  "meta" : {
    "globalKey" : "xxdy/Zsa8dH/GeGisnjJhdqR8cGAuJEU2idvHFlCsuo="
  },
  "party" : [ {
    "globalReference" : "xIBwSYskqfYuo71OylXWHFH1u5lbAcAdAnM4LcNheBg=",
    "value" : {
      "account" : {
        "accountName" : {
          "value" : "Client1_ACT#2"
        },
        "accountNumber" : {
          "value" : "Client1_ACT#2_BJKXFTGW4BFPY"
        },
        "meta" : {
          "globalKey" : "cHT7pO5Q+p3hO3sxjl+ACvyGkYYWIBaA2PpVaRO/dvs="
        }
      },
      "meta" : {
        "globalKey" : "xIBwSYskqfYuo71OylXWHFH1u5lbAcAdAnM4LcNheBg=",
        "externalKey" : "Client1_ID#2_CAOIBGBYU6QPR"
      },
      "name" : {
        "value" : "Client1"
      },
      "partyId" : [ {
        "value" : "Client1_ID#2_CAOIBGBYU6QPR"
      } ]
    }
  }, {
    "globalReference" : "3vqQOOnXah+v+Cwkdh/hSyDP7iD6lLGqRDW/500GvjU=",
    "value" : {
      "account" : {
        "accountName" : {
          "value" : "Broker1_ACT#0"
        },
        "accountNumber" : {
          "value" : "Broker1_ACT#0_WWVA12ZJ21IW2"
        },
        "meta" : {
          "globalKey" : "xvRB/LCSyPGS736BhYfTkW1AH56H1bzHHXbqZJepZ0w="
        }
      },
      "meta" : {
        "globalKey" : "3vqQOOnXah+v+Cwkdh/hSyDP7iD6lLGqRDW/500GvjU=",
        "externalKey" : "Broker1_ID#0_4NGIDYZJ4ZBDX"
      },
      "name" : {
        "value" : "Broker1"
      },
      "partyId" : [ {
        "value" : "Broker1_ID#0_4NGIDYZJ4ZBDX"
      } ]
    }
  }, {
    "globalReference" : "NKbmTRySI+MwEy+qqV0+romOrBu0GsWdqogMXGtzSVM=",
    "value" : {
      "account" : {
        "accountName" : {
          "value" : "Broker2_ACT#0"
        },
        "accountNumber" : {
          "value" : "Broker2_ACT#0_TTJE0NQUTRIFB"
        },
        "meta" : {
          "globalKey" : "GyBU5vHoyL4BM7ctxcCsNp3VXMlELtkERhGao8KbExY="
        }
      },
      "meta" : {
        "globalKey" : "NKbmTRySI+MwEy+qqV0+romOrBu0GsWdqogMXGtzSVM=",
        "externalKey" : "Broker2_ID#0_AN93QUDTMRPAB"
      },
      "name" : {
        "value" : "Broker2"
      },
      "partyId" : [ {
        "value" : "Broker2_ID#0_AN93QUDTMRPAB"
      } ]
    }
  } ],
  "partyRole" : [ {
    "partyReference" : {
      "globalReference" : "xIBwSYskqfYuo71OylXWHFH1u5lbAcAdAnM4LcNheBg="
    },
    "role" : "CLIENT"
  }, {
    "partyReference" : {
      "globalReference" : "3vqQOOnXah+v+Cwkdh/hSyDP7iD6lLGqRDW/500GvjU="
    },
    "role" : "EXECUTING_ENTITY"
  }, {
    "partyReference" : {
      "globalReference" : "NKbmTRySI+MwEy+qqV0+romOrBu0GsWdqogMXGtzSVM="
    },
    "role" : "COUNTERPARTY"
  }, {
    "partyReference" : {
      "globalReference" : "xIBwSYskqfYuo71OylXWHFH1u5lbAcAdAnM4LcNheBg="
    },
    "role" : "BUYER"
  }, {
    "partyReference" : {
      "globalReference" : "3vqQOOnXah+v+Cwkdh/hSyDP7iD6lLGqRDW/500GvjU="
    },
    "role" : "BUYER"
  }, {
    "partyReference" : {
      "globalReference" : "NKbmTRySI+MwEy+qqV0+romOrBu0GsWdqogMXGtzSVM="
    },
    "role" : "SELLER"
  } ],
  "price" : {
    "accruedInterest" : 1.3700,
    "grossPrice" : {
      "amount" : 96.9700,
      "currency" : {
        "value" : "USD"
      },
      "priceExpression" : "ABSOLUTE_TERMS"
    },
    "netPrice" : {
      "amount" : 98.3400,
      "currency" : {
        "value" : "USD"
      },
      "priceExpression" : "ABSOLUTE_TERMS"
    }
  },
  "product" : {
    "security" : {
      "bond" : {
        "productIdentifier" : {
          "identifier" : [ {
            "value" : "DH0371475458"
          } ],
          "source" : "CUSIP"
        }
      }
    }
  },
  "quantity" : {
    "amount" : 800000.00
  },
  "settlementTerms" : {
    "settlementAmount" : {
      "amount" : 786720.00,
      "currency" : {
        "value" : "USD"
      }
    },
    "settlementDate" : {
      "adjustableDate" : {
        "unadjustedDate" : {
          "day" : 17,
          "month" : 10,
          "year" : 2019
        }
      }
    }
  },
  "tradeDate" : {
    "value" : {
      "day" : 16,
      "month" : 10,
      "year" : 2019
    }
  }
}, eventReference=zeOwGVI5iP80wGc+OHIFp/0QNgcIr88yrAa1M4j576Q=, workflowStatus=UNAFFIRMED, participants=[O=Broker1, L=New York, C=US, O=Broker2, L=New York, C=US], linearId=b2d86801-81c3-42e0-bb4a-b67694fc8312)
/////////////////////////////////////////////////////////////////////////////////////////////////////////////////// - End
14:02:34.320 [Mock node 2 thread] DEBUG net.corda.flow - Calling subflow: net.corda.core.flows.CollectSignatureFlow@340cd6f7
14:02:34.325 [Mock node 2 thread] INFO net.corda.node.services.statemachine.interceptors.PrintingInterceptor - Transition for flow [74fa6cf5-01cb-4f49-b63b-b08369e17088] 
 --- Transition of flow [74fa6cf5-01cb-4f49-b63b-b08369e17088] ---
  Timestamp: 2019-10-12T06:02:34.322Z
  Event: EnterSubFlow(subFlowClass=class net.corda.core.flows.CollectSignatureFlow, subFlowVersion=CoreFlow(platformVersion=4), isEnabledTimedFlow=false)
  Actions: 
    
  Continuation: ProcessEvents
  Diff between previous and next state:
checkpoint.subFlowStack: 
    [Initiating(flowClass=class com.derivhack.ExecutionFlow, classToInitiateWith=class com.derivhack.ExecutionFlow, flowInfo=FlowInfo(flowVersion=1, appName=cordapp-0.1), subFlowVersion=CoreFlow(platformVersion=4), isEnabledTimedFlow=false), Inlined(flowClass=class net.corda.core.flows.CollectSignaturesFlow, subFlowVersion=CoreFlow(platformVersion=4), isEnabledTimedFlow=false)]
    [Initiating(flowClass=class com.derivhack.ExecutionFlow, classToInitiateWith=class com.derivhack.ExecutionFlow, flowInfo=FlowInfo(flowVersion=1, appName=cordapp-0.1), subFlowVersion=CoreFlow(platformVersion=4), isEnabledTimedFlow=false), Inlined(flowClass=class net.corda.core.flows.CollectSignaturesFlow, subFlowVersion=CoreFlow(platformVersion=4), isEnabledTimedFlow=false), Inlined(flowClass=class net.corda.core.flows.CollectSignatureFlow, subFlowVersion=CoreFlow(platformVersion=4), isEnabledTimedFlow=false)]

14:02:34.350 [Mock node 2 thread] DEBUG net.corda.flow - Initializing the progress tracker for flow: net.corda.core.flows.CollectSignatureFlow.
14:02:34.350 [Mock node 2 thread] DEBUG net.corda.flow - Calling subflow: net.corda.core.flows.SendTransactionFlow@7847641b
14:02:34.356 [Mock node 2 thread] INFO net.corda.node.services.statemachine.interceptors.PrintingInterceptor - Transition for flow [74fa6cf5-01cb-4f49-b63b-b08369e17088] 
 --- Transition of flow [74fa6cf5-01cb-4f49-b63b-b08369e17088] ---
  Timestamp: 2019-10-12T06:02:34.351Z
  Event: EnterSubFlow(subFlowClass=class net.corda.core.flows.SendTransactionFlow, subFlowVersion=CoreFlow(platformVersion=4), isEnabledTimedFlow=false)
  Actions: 
    
  Continuation: ProcessEvents
  Diff between previous and next state:
checkpoint.subFlowStack: 
    [Initiating(flowClass=class com.derivhack.ExecutionFlow, classToInitiateWith=class com.derivhack.ExecutionFlow, flowInfo=FlowInfo(flowVersion=1, appName=cordapp-0.1), subFlowVersion=CoreFlow(platformVersion=4), isEnabledTimedFlow=false), Inlined(flowClass=class net.corda.core.flows.CollectSignaturesFlow, subFlowVersion=CoreFlow(platformVersion=4), isEnabledTimedFlow=false), Inlined(flowClass=class net.corda.core.flows.CollectSignatureFlow, subFlowVersion=CoreFlow(platformVersion=4), isEnabledTimedFlow=false)]
    [Initiating(flowClass=class com.derivhack.ExecutionFlow, classToInitiateWith=class com.derivhack.ExecutionFlow, flowInfo=FlowInfo(flowVersion=1, appName=cordapp-0.1), subFlowVersion=CoreFlow(platformVersion=4), isEnabledTimedFlow=false), Inlined(flowClass=class net.corda.core.flows.CollectSignaturesFlow, subFlowVersion=CoreFlow(platformVersion=4), isEnabledTimedFlow=false), Inlined(flowClass=class net.corda.core.flows.CollectSignatureFlow, subFlowVersion=CoreFlow(platformVersion=4), isEnabledTimedFlow=false), Inlined(flowClass=class net.corda.core.flows.SendTransactionFlow, subFlowVersion=CoreFlow(platformVersion=4), isEnabledTimedFlow=false)]

14:02:34.454 [Mock node 2 thread] DEBUG net.corda.serialization.internal.amqp.DefaultLocalSerializerFactory - class=SignedTransaction, type=class net.corda.core.transactions.SignedTransaction is a composite type
14:02:34.455 [Mock node 2 thread] DEBUG net.corda.serialization.internal.amqp.DefaultLocalSerializerFactory - class=TransactionSignature, type=class net.corda.core.crypto.TransactionSignature is a composite type
14:02:34.455 [Mock node 2 thread] DEBUG net.corda.serialization.internal.amqp.DefaultLocalSerializerFactory - class=PartialMerkleTree, type=class net.corda.core.crypto.PartialMerkleTree is a composite type
14:02:34.455 [Mock node 2 thread] DEBUG net.corda.serialization.internal.amqp.DefaultLocalSerializerFactory - class=PartialTree, type=class net.corda.core.crypto.PartialMerkleTree$PartialTree is a composite type
14:02:34.456 [Mock node 2 thread] DEBUG net.corda.serialization.internal.amqp.DefaultLocalSerializerFactory - class=SerializedBytes, type=net.corda.core.serialization.SerializedBytes<net.corda.core.transactions.CoreTransaction> is a composite type
14:02:34.562 [Mock node 2 thread] DEBUG net.corda.node.services.persistence.DBCheckpointStorage - Checkpoint 74fa6cf5-01cb-4f49-b63b-b08369e17088, size=76384
14:02:34.576 [Mock node 2 thread] DEBUG com.zaxxer.hikari.pool.PoolBase - HikariPool-3 - Reset (autoCommit, isolation) on connection conn23: url=jdbc:h2:mem:node_2_net_6416157275649019694_persistence user=SA
14:02:34.579 [Mock node 2 thread] INFO net.corda.node.services.statemachine.interceptors.PrintingInterceptor - Transition for flow [74fa6cf5-01cb-4f49-b63b-b08369e17088] 
 --- Transition of flow [74fa6cf5-01cb-4f49-b63b-b08369e17088] ---
  Timestamp: 2019-10-12T06:02:34.576Z
  Event: Suspend(ioRequest=SendAndReceive({FlowSessionImpl(counterparty=O=Broker2, L=New York, C=US, sourceSessionId=SessionId(toLong=-1039258206268565126))=FlowSessionImpl(counterparty=O=Broker2, L=New York, C=US, sourceSessionId=SessionId(toLong=-1039258206268565126))=5CCE8337122F7886B535137F6D793361E98A0EAEE3EB00D9EDA8FBFC68D307CB}, shouldRetrySend=false), maySkipCheckpoint=false, fiber=E9E5CC9C2D236A9E1FE8AA73F50B7DFB5020259F8AD55727F0C4126E92F59D55, )
  Actions: 
    PersistCheckpoint(id=[74fa6cf5-01cb-4f49-b63b-b08369e17088], checkpoint=Checkpoint(invocationContext=InvocationContext(origin=RPC(actor=Actor(id=Id(value=Only For Testing), serviceId=AuthServiceId(value=TEST), owningLegalIdentity=O=Broker1, L=New York, C=US)), trace=Trace(invocationId=94d8f9c8-0836-4cb8-bca2-6af858316d59, timestamp: 2019-10-12T06:02:29.106Z, entityType: Invocation, sessionId=94d8f9c8-0836-4cb8-bca2-6af858316d59, timestamp: 2019-10-12T06:02:29.106Z, entityType: Session), actor=Actor(id=Id(value=Only For Testing), serviceId=AuthServiceId(value=TEST), owningLegalIdentity=O=Broker1, L=New York, C=US), externalTrace=null, impersonatedActor=null), ourIdentity=O=Broker1, L=New York, C=US, sessions={SessionId(toLong=-1039258206268565126)=Uninitiated(party=O=Broker2, L=New York, C=US, initiatingSubFlow=Initiating(flowClass=class com.derivhack.ExecutionFlow, classToInitiateWith=class com.derivhack.ExecutionFlow, flowInfo=FlowInfo(flowVersion=1, appName=cordapp-0.1), subFlowVersion=CoreFlow(platformVersion=4), isEnabledTimedFlow=false), sourceSessionId=SessionId(toLong=-1039258206268565126), additionalEntropy=6871962895403746581)}, subFlowStack=[Initiating(flowClass=class com.derivhack.ExecutionFlow, classToInitiateWith=class com.derivhack.ExecutionFlow, flowInfo=FlowInfo(flowVersion=1, appName=cordapp-0.1), subFlowVersion=CoreFlow(platformVersion=4), isEnabledTimedFlow=false), Inlined(flowClass=class net.corda.core.flows.CollectSignaturesFlow, subFlowVersion=CoreFlow(platformVersion=4), isEnabledTimedFlow=false), Inlined(flowClass=class net.corda.core.flows.CollectSignatureFlow, subFlowVersion=CoreFlow(platformVersion=4), isEnabledTimedFlow=false), Inlined(flowClass=class net.corda.core.flows.SendTransactionFlow, subFlowVersion=CoreFlow(platformVersion=4), isEnabledTimedFlow=false)], flowState=Started(flowIORequest=SendAndReceive({FlowSessionImpl(counterparty=O=Broker2, L=New York, C=US, sourceSessionId=SessionId(toLong=-1039258206268565126))=FlowSessionImpl(counterparty=O=Broker2, L=New York, C=US, sourceSessionId=SessionId(toLong=-1039258206268565126))=5CCE8337122F7886B535137F6D793361E98A0EAEE3EB00D9EDA8FBFC68D307CB}, shouldRetrySend=false), frozenFiber=E9E5CC9C2D236A9E1FE8AA73F50B7DFB5020259F8AD55727F0C4126E92F59D55), errorState=Clean, numberOfSuspends=1), isCheckpointUpdate=true)
    PersistDeduplicationFacts(deduplicationHandlers=[])
    CommitTransaction
    AcknowledgeMessages(deduplicationHandlers=[])
    ScheduleEvent(event=DoRemainingWork)
  Continuation: ProcessEvents
  Diff between previous and next state:
checkpoint.flowState: 
    Unstarted(flowStart=Explicit, frozenFlowLogic=00033E427EAFFC58850C0672F88DE7A94FBB5E034B2CB784B509866F950F3529)
    Started(flowIORequest=SendAndReceive({FlowSessionImpl(counterparty=O=Broker2, L=New York, C=US, sourceSessionId=SessionId(toLong=-1039258206268565126))=FlowSessionImpl(counterparty=O=Broker2, L=New York, C=US, sourceSessionId=SessionId(toLong=-1039258206268565126))=5CCE8337122F7886B535137F6D793361E98A0EAEE3EB00D9EDA8FBFC68D307CB}, shouldRetrySend=false), frozenFiber=E9E5CC9C2D236A9E1FE8AA73F50B7DFB5020259F8AD55727F0C4126E92F59D55)
checkpoint.numberOfSuspends: 
    0
    1
isFlowResumed: 
    true
    false

14:02:34.594 [Mock node 2 thread] INFO net.corda.node.services.statemachine.interceptors.PrintingInterceptor - Transition for flow [74fa6cf5-01cb-4f49-b63b-b08369e17088] 
 --- Transition of flow [74fa6cf5-01cb-4f49-b63b-b08369e17088] ---
  Timestamp: 2019-10-12T06:02:34.591Z
  Event: SoftShutdown
  Actions: 
    RemoveSessionBindings(sessionIds=[SessionId(toLong=-1039258206268565126)])
    RemoveFlow(flowId=[74fa6cf5-01cb-4f49-b63b-b08369e17088], removalReason=SoftShutdown, lastState=StateMachineState(checkpoint=Checkpoint(invocationContext=InvocationContext(origin=RPC(actor=Actor(id=Id(value=Only For Testing), serviceId=AuthServiceId(value=TEST), owningLegalIdentity=O=Broker1, L=New York, C=US)), trace=Trace(invocationId=94d8f9c8-0836-4cb8-bca2-6af858316d59, timestamp: 2019-10-12T06:02:29.106Z, entityType: Invocation, sessionId=94d8f9c8-0836-4cb8-bca2-6af858316d59, timestamp: 2019-10-12T06:02:29.106Z, entityType: Session), actor=Actor(id=Id(value=Only For Testing), serviceId=AuthServiceId(value=TEST), owningLegalIdentity=O=Broker1, L=New York, C=US), externalTrace=null, impersonatedActor=null), ourIdentity=O=Broker1, L=New York, C=US, sessions={SessionId(toLong=-1039258206268565126)=Uninitiated(party=O=Broker2, L=New York, C=US, initiatingSubFlow=Initiating(flowClass=class com.derivhack.ExecutionFlow, classToInitiateWith=class com.derivhack.ExecutionFlow, flowInfo=FlowInfo(flowVersion=1, appName=cordapp-0.1), subFlowVersion=CoreFlow(platformVersion=4), isEnabledTimedFlow=false), sourceSessionId=SessionId(toLong=-1039258206268565126), additionalEntropy=6871962895403746581)}, subFlowStack=[Initiating(flowClass=class com.derivhack.ExecutionFlow, classToInitiateWith=class com.derivhack.ExecutionFlow, flowInfo=FlowInfo(flowVersion=1, appName=cordapp-0.1), subFlowVersion=CoreFlow(platformVersion=4), isEnabledTimedFlow=false), Inlined(flowClass=class net.corda.core.flows.CollectSignaturesFlow, subFlowVersion=CoreFlow(platformVersion=4), isEnabledTimedFlow=false), Inlined(flowClass=class net.corda.core.flows.CollectSignatureFlow, subFlowVersion=CoreFlow(platformVersion=4), isEnabledTimedFlow=false), Inlined(flowClass=class net.corda.core.flows.SendTransactionFlow, subFlowVersion=CoreFlow(platformVersion=4), isEnabledTimedFlow=false)], flowState=Started(flowIORequest=SendAndReceive({FlowSessionImpl(counterparty=O=Broker2, L=New York, C=US, sourceSessionId=SessionId(toLong=-1039258206268565126))=FlowSessionImpl(counterparty=O=Broker2, L=New York, C=US, sourceSessionId=SessionId(toLong=-1039258206268565126))=5CCE8337122F7886B535137F6D793361E98A0EAEE3EB00D9EDA8FBFC68D307CB}, shouldRetrySend=false), frozenFiber=E9E5CC9C2D236A9E1FE8AA73F50B7DFB5020259F8AD55727F0C4126E92F59D55), errorState=Clean, numberOfSuspends=1), flowLogic=com.derivhack.ExecutionFlow@58f2dd2f, pendingDeduplicationHandlers=[], isFlowResumed=false, isTransactionTracked=false, isAnyCheckpointPersisted=true, isStartIdempotent=false, isRemoved=true, senderUUID=bb703e81-7edd-4772-a8bd-88370035d616))
  Continuation: Abort
  Diff between previous and next state:
isRemoved: 
    false
    true

14:02:34.798 [Test worker] INFO com.zaxxer.hikari.pool.HikariPool - HikariPool-3 - Close initiated...
14:02:34.799 [Test worker] DEBUG com.zaxxer.hikari.pool.HikariPool - HikariPool-3 - Before closing stats (total=10, active=0, idle=10, waiting=0)
14:02:34.800 [HikariPool-3 connection closer] DEBUG com.zaxxer.hikari.pool.PoolBase - HikariPool-3 - Closing connection conn23: url=jdbc:h2:mem:node_2_net_6416157275649019694_persistence user=SA: (connection evicted)
14:02:34.801 [HikariPool-3 connection closer] DEBUG com.zaxxer.hikari.pool.PoolBase - HikariPool-3 - Closing connection conn24: url=jdbc:h2:mem:node_2_net_6416157275649019694_persistence user=SA: (connection evicted)
14:02:34.801 [HikariPool-3 connection closer] DEBUG com.zaxxer.hikari.pool.PoolBase - HikariPool-3 - Closing connection conn25: url=jdbc:h2:mem:node_2_net_6416157275649019694_persistence user=SA: (connection evicted)
14:02:34.801 [HikariPool-3 connection closer] DEBUG com.zaxxer.hikari.pool.PoolBase - HikariPool-3 - Closing connection conn26: url=jdbc:h2:mem:node_2_net_6416157275649019694_persistence user=SA: (connection evicted)
14:02:34.801 [HikariPool-3 connection closer] DEBUG com.zaxxer.hikari.pool.PoolBase - HikariPool-3 - Closing connection conn27: url=jdbc:h2:mem:node_2_net_6416157275649019694_persistence user=SA: (connection evicted)
14:02:34.802 [HikariPool-3 connection closer] DEBUG com.zaxxer.hikari.pool.PoolBase - HikariPool-3 - Closing connection conn28: url=jdbc:h2:mem:node_2_net_6416157275649019694_persistence user=SA: (connection evicted)
14:02:34.802 [HikariPool-3 connection closer] DEBUG com.zaxxer.hikari.pool.PoolBase - HikariPool-3 - Closing connection conn29: url=jdbc:h2:mem:node_2_net_6416157275649019694_persistence user=SA: (connection evicted)
14:02:34.802 [HikariPool-3 connection closer] DEBUG com.zaxxer.hikari.pool.PoolBase - HikariPool-3 - Closing connection conn30: url=jdbc:h2:mem:node_2_net_6416157275649019694_persistence user=SA: (connection evicted)
14:02:34.802 [HikariPool-3 connection closer] DEBUG com.zaxxer.hikari.pool.PoolBase - HikariPool-3 - Closing connection conn31: url=jdbc:h2:mem:node_2_net_6416157275649019694_persistence user=SA: (connection evicted)
14:02:34.802 [HikariPool-3 connection closer] DEBUG com.zaxxer.hikari.pool.PoolBase - HikariPool-3 - Closing connection conn32: url=jdbc:h2:mem:node_2_net_6416157275649019694_persistence user=SA: (connection evicted)
14:02:34.812 [Test worker] DEBUG com.zaxxer.hikari.pool.HikariPool - HikariPool-3 - After closing stats (total=0, active=0, idle=0, waiting=0)
14:02:34.812 [Test worker] INFO com.zaxxer.hikari.pool.HikariPool - HikariPool-3 - Closed.
14:02:34.823 [Test worker] INFO com.zaxxer.hikari.pool.HikariPool - HikariPool-4 - Close initiated...
14:02:34.823 [Test worker] DEBUG com.zaxxer.hikari.pool.HikariPool - HikariPool-4 - Before closing stats (total=10, active=0, idle=10, waiting=0)
14:02:34.836 [HikariPool-4 connection closer] DEBUG com.zaxxer.hikari.pool.PoolBase - HikariPool-4 - Closing connection conn34: url=jdbc:h2:mem:node_3_net_6416157275649019694_persistence user=SA: (connection evicted)
14:02:34.839 [HikariPool-4 connection closer] DEBUG com.zaxxer.hikari.pool.PoolBase - HikariPool-4 - Closing connection conn35: url=jdbc:h2:mem:node_3_net_6416157275649019694_persistence user=SA: (connection evicted)
14:02:34.840 [HikariPool-4 connection closer] DEBUG com.zaxxer.hikari.pool.PoolBase - HikariPool-4 - Closing connection conn36: url=jdbc:h2:mem:node_3_net_6416157275649019694_persistence user=SA: (connection evicted)
14:02:34.841 [HikariPool-4 connection closer] DEBUG com.zaxxer.hikari.pool.PoolBase - HikariPool-4 - Closing connection conn37: url=jdbc:h2:mem:node_3_net_6416157275649019694_persistence user=SA: (connection evicted)
14:02:34.841 [HikariPool-4 connection closer] DEBUG com.zaxxer.hikari.pool.PoolBase - HikariPool-4 - Closing connection conn38: url=jdbc:h2:mem:node_3_net_6416157275649019694_persistence user=SA: (connection evicted)
14:02:34.842 [HikariPool-4 connection closer] DEBUG com.zaxxer.hikari.pool.PoolBase - HikariPool-4 - Closing connection conn39: url=jdbc:h2:mem:node_3_net_6416157275649019694_persistence user=SA: (connection evicted)
14:02:34.847 [HikariPool-4 connection closer] DEBUG com.zaxxer.hikari.pool.PoolBase - HikariPool-4 - Closing connection conn40: url=jdbc:h2:mem:node_3_net_6416157275649019694_persistence user=SA: (connection evicted)
14:02:34.848 [HikariPool-4 connection closer] DEBUG com.zaxxer.hikari.pool.PoolBase - HikariPool-4 - Closing connection conn41: url=jdbc:h2:mem:node_3_net_6416157275649019694_persistence user=SA: (connection evicted)
14:02:34.848 [HikariPool-4 connection closer] DEBUG com.zaxxer.hikari.pool.PoolBase - HikariPool-4 - Closing connection conn42: url=jdbc:h2:mem:node_3_net_6416157275649019694_persistence user=SA: (connection evicted)
14:02:34.848 [HikariPool-4 connection closer] DEBUG com.zaxxer.hikari.pool.PoolBase - HikariPool-4 - Closing connection conn43: url=jdbc:h2:mem:node_3_net_6416157275649019694_persistence user=SA: (connection evicted)
14:02:34.850 [Test worker] DEBUG com.zaxxer.hikari.pool.HikariPool - HikariPool-4 - After closing stats (total=0, active=0, idle=0, waiting=0)
14:02:34.850 [Test worker] INFO com.zaxxer.hikari.pool.HikariPool - HikariPool-4 - Closed.
14:02:34.860 [Test worker] INFO com.zaxxer.hikari.pool.HikariPool - HikariPool-5 - Close initiated...
14:02:34.860 [Test worker] DEBUG com.zaxxer.hikari.pool.HikariPool - HikariPool-5 - Before closing stats (total=10, active=0, idle=10, waiting=0)
14:02:34.873 [HikariPool-5 connection closer] DEBUG com.zaxxer.hikari.pool.PoolBase - HikariPool-5 - Closing connection conn45: url=jdbc:h2:mem:node_4_net_6416157275649019694_persistence user=SA: (connection evicted)
14:02:34.874 [HikariPool-5 connection closer] DEBUG com.zaxxer.hikari.pool.PoolBase - HikariPool-5 - Closing connection conn46: url=jdbc:h2:mem:node_4_net_6416157275649019694_persistence user=SA: (connection evicted)
14:02:34.874 [HikariPool-5 connection closer] DEBUG com.zaxxer.hikari.pool.PoolBase - HikariPool-5 - Closing connection conn47: url=jdbc:h2:mem:node_4_net_6416157275649019694_persistence user=SA: (connection evicted)
14:02:34.874 [HikariPool-5 connection closer] DEBUG com.zaxxer.hikari.pool.PoolBase - HikariPool-5 - Closing connection conn48: url=jdbc:h2:mem:node_4_net_6416157275649019694_persistence user=SA: (connection evicted)
14:02:34.874 [HikariPool-5 connection closer] DEBUG com.zaxxer.hikari.pool.PoolBase - HikariPool-5 - Closing connection conn49: url=jdbc:h2:mem:node_4_net_6416157275649019694_persistence user=SA: (connection evicted)
14:02:34.874 [HikariPool-5 connection closer] DEBUG com.zaxxer.hikari.pool.PoolBase - HikariPool-5 - Closing connection conn50: url=jdbc:h2:mem:node_4_net_6416157275649019694_persistence user=SA: (connection evicted)
14:02:34.874 [HikariPool-5 connection closer] DEBUG com.zaxxer.hikari.pool.PoolBase - HikariPool-5 - Closing connection conn51: url=jdbc:h2:mem:node_4_net_6416157275649019694_persistence user=SA: (connection evicted)
14:02:34.874 [HikariPool-5 connection closer] DEBUG com.zaxxer.hikari.pool.PoolBase - HikariPool-5 - Closing connection conn52: url=jdbc:h2:mem:node_4_net_6416157275649019694_persistence user=SA: (connection evicted)
14:02:34.875 [HikariPool-5 connection closer] DEBUG com.zaxxer.hikari.pool.PoolBase - HikariPool-5 - Closing connection conn53: url=jdbc:h2:mem:node_4_net_6416157275649019694_persistence user=SA: (connection evicted)
14:02:34.876 [HikariPool-5 connection closer] DEBUG com.zaxxer.hikari.pool.PoolBase - HikariPool-5 - Closing connection conn54: url=jdbc:h2:mem:node_4_net_6416157275649019694_persistence user=SA: (connection evicted)
14:02:34.879 [Test worker] DEBUG com.zaxxer.hikari.pool.HikariPool - HikariPool-5 - After closing stats (total=0, active=0, idle=0, waiting=0)
14:02:34.879 [Test worker] INFO com.zaxxer.hikari.pool.HikariPool - HikariPool-5 - Closed.
]]></system-out>
  <system-err><![CDATA[SLF4J: Class path contains multiple SLF4J bindings.
SLF4J: Found binding in [jar:file:/D:/Arvinth/BlockChain/DerivHack-2019/GIT/cdm-corda/cdm-support-contracts-states/build/libs/cdm-support-contracts-states-0.1.jar!/org/slf4j/impl/StaticLoggerBinder.class]
SLF4J: Found binding in [jar:file:/D:/Arvinth/BlockChain/DerivHack-2019/GIT/cdm-corda/lib/dependencies/logback-classic-1.2.3.jar!/org/slf4j/impl/StaticLoggerBinder.class]
SLF4J: Found binding in [jar:file:/C:/Users/user/.gradle/caches/modules-2/files-2.1/org.apache.logging.log4j/log4j-slf4j-impl/2.9.1/a97a849b18b3798c4af1a2ca5b10c66cef17e3a/log4j-slf4j-impl-2.9.1.jar!/org/slf4j/impl/StaticLoggerBinder.class]
SLF4J: See http://www.slf4j.org/codes.html#multiple_bindings for an explanation.
SLF4J: Actual binding is of type [ch.qos.logback.classic.util.ContextSelectorStaticBinder]
QUASAR WARNING: Assertions enabled. This may harm performance.
QUASAR WARNING: Fibers are set to verify instrumentation. This may *severely* harm performance.
]]></system-err>
</testsuite>
